      Lon      Lat    Year      CH LAI_Sum LAI_Win      z0  z0_Win
     9.75    49.75    1980    8.14    3.94    1.48    0.46    0.83
     9.75    49.75    1981    8.10    3.91    1.45    0.46    0.83
     9.75    49.75    1982    8.16    3.92    1.48    0.46    0.83
     9.75    49.75    1983    8.31    4.03    1.50    0.47    0.85
     9.75    49.75    1984    8.27    4.00    1.53    0.47    0.83
     9.75    49.75    1985    8.29    4.01    1.53    0.47    0.84
     9.75    49.75    1986    8.14    3.88    1.45    0.47    0.83
     9.75    49.75    1987    8.34    4.00    1.49    0.47    0.85
     9.75    49.75    1988    8.05    3.81    1.41    0.47    0.82
     9.75    49.75    1989    8.34    3.97    1.46    0.48    0.85
     9.75    49.75    1990    8.38    3.98    1.47    0.48    0.86
     9.75    49.75    1991    8.53    4.10    1.49    0.48    0.87
     9.75    49.75    1992    8.54    4.11    1.51    0.48    0.87
     9.75    49.75    1993    8.68    4.15    1.51    0.49    0.89
     9.75    49.75    1994    8.63    4.09    1.47    0.49    0.88
     9.75    49.75    1995    8.90    4.22    1.54    0.50    0.91
     9.75    49.75    1996    8.80    4.13    1.51    0.50    0.90
     9.75    49.75    1997    9.06    4.29    1.56    0.50    0.93
     9.75    49.75    1998    8.98    4.25    1.52    0.50    0.92
     9.75    49.75    1999    8.92    4.16    1.49    0.51    0.92
     9.75    49.75    2000    9.34    4.42    1.57    0.52    0.96
     9.75    49.75    2001    9.27    4.35    1.54    0.51    0.95
     9.75    49.75    2002    9.25    4.28    1.49    0.52    0.96
     9.75    49.75    2003    9.46    4.39    1.56    0.52    0.97
     9.75    49.75    2004    9.47    4.38    1.58    0.52    0.96
     9.75    49.75    2005    9.53    4.41    1.56    0.53    0.98
     9.75    49.75    2006    9.55    4.37    1.56    0.53    0.98
     9.75    49.75    2007    9.44    4.26    1.50    0.53    0.97
     9.75    49.75    2008    9.50    4.23    1.51    0.53    0.98
     9.75    49.75    2009    9.84    4.42    1.56    0.54    1.02
     9.75    49.75    2010    9.80    4.40    1.55    0.54    1.01
     9.75    49.75    2011    8.98    3.95    1.41    0.51    0.92
     9.75    49.75    2012    9.04    3.99    1.38    0.51    0.93
     9.75    49.75    2013    9.04    4.02    1.39    0.51    0.93
     9.75    49.75    2014    9.21    4.17    1.45    0.51    0.95
     9.75    49.75    2015    8.97    4.00    1.37    0.51    0.92
     9.75    49.75    2016    8.95    4.00    1.35    0.51    0.92
     9.75    49.75    2017    9.08    4.13    1.35    0.51    0.94
     9.75    49.75    2018    9.09    4.19    1.36    0.51    0.93
     9.75    49.75    2019    9.33    4.41    1.41    0.51    0.96
     9.75    49.75    2020    9.25    4.41    1.38    0.50    0.96
     9.75    49.75    2021    8.99    4.31    1.29    0.49    0.94
     9.75    49.75    2022    9.23    4.42    1.29    0.50    0.97
     9.75    49.75    2023    9.45    4.58    1.33    0.50    1.00
     9.75    49.75    2024    8.82    4.10    1.21    0.50    0.91
     9.75    49.75    2025    8.96    4.12    1.19    0.50    0.93
     9.75    49.75    2026    9.61    4.49    1.28    0.52    1.01
     9.75    49.75    2027    9.69    4.49    1.26    0.53    1.02
     9.75    49.75    2028    9.85    4.59    1.28    0.53    1.04
     9.75    49.75    2029    9.89    4.63    1.22    0.53    1.06
     9.75    49.75    2030    9.72    4.47    1.17    0.53    1.04
     9.75    49.75    2031   10.20    4.72    1.21    0.54    1.11
     9.75    49.75    2032    9.87    4.47    1.15    0.54    1.05
     9.75    49.75    2033   10.08    4.56    1.16    0.54    1.08
     9.75    49.75    2034   10.03    4.51    1.13    0.54    1.08
     9.75    49.75    2035   10.16    4.54    1.13    0.55    1.10
     9.75    49.75    2036   10.51    4.74    1.14    0.55    1.15
     9.75    49.75    2037   10.14    4.53    1.10    0.55    1.09
     9.75    49.75    2038   10.02    4.50    0.99    0.54    1.10
     9.75    49.75    2039    9.82    4.36    0.96    0.53    1.07
     9.75    49.75    2040   10.09    4.50    0.99    0.54    1.10
     9.75    49.75    2041   10.35    4.60    0.99    0.55    1.14
     9.75    49.75    2042   10.19    4.53    0.91    0.55    1.12
     9.75    49.75    2043   10.18    4.45    0.90    0.55    1.12
     9.75    49.75    2044   10.73    4.71    0.93    0.57    1.20
     9.75    49.75    2045   10.80    4.68    0.93    0.58    1.20
     9.75    49.75    2046   10.78    4.67    0.92    0.57    1.20
     9.75    49.75    2047   10.13    4.30    0.82    0.56    1.11
     9.75    49.75    2048   10.17    4.26    0.81    0.56    1.12
     9.75    49.75    2049   10.78    4.55    0.84    0.58    1.21
     9.75    49.75    2050   10.77    4.49    0.82    0.58    1.21
     9.75    49.75    2051   11.01    4.60    0.83    0.59    1.24
     9.75    49.75    2052   10.76    4.49    0.76    0.58    1.21
     9.75    49.75    2053   10.90    4.52    0.75    0.59    1.23
     9.75    49.75    2054   10.98    4.62    0.76    0.58    1.24
     9.75    49.75    2055   10.30    3.96    0.70    0.59    1.15
     9.75    49.75    2056   10.27    3.95    0.68    0.59    1.15
     9.75    49.75    2057   11.02    4.34    0.71    0.61    1.26
     9.75    49.75    2058   10.98    4.38    0.71    0.60    1.24
     9.75    49.75    2059   10.22    3.89    0.67    0.59    1.13
     9.75    49.75    2060   10.75    4.25    0.71    0.59    1.21
     9.75    49.75    2061   10.87    4.32    0.70    0.60    1.23
     9.75    49.75    2062   10.76    4.33    0.65    0.59    1.22
     9.75    49.75    2063   10.54    4.21    0.61    0.58    1.19
     9.75    49.75    2064   10.81    4.41    0.62    0.58    1.24
     9.75    49.75    2065   10.84    4.49    0.62    0.58    1.23
     9.75    49.75    2066   10.49    4.28    0.60    0.58    1.17
     9.75    49.75    2067   10.19    4.12    0.55    0.57    1.14
     9.75    49.75    2068   10.93    4.53    0.59    0.59    1.25
     9.75    49.75    2069   10.81    4.50    0.57    0.59    1.23
     9.75    49.75    2070   10.84    4.53    0.54    0.58    1.25
     9.75    49.75    2071   11.05    4.64    0.54    0.59    1.27
     9.75    49.75    2072   11.06    4.73    0.54    0.59    1.27
     9.75    49.75    2073   11.27    4.82    0.55    0.59    1.30
     9.75    49.75    2074   10.92    4.61    0.52    0.59    1.24
     9.75    49.75    2075   11.35    4.84    0.51    0.59    1.32
     9.75    49.75    2076   11.15    4.69    0.50    0.59    1.28
     9.75    49.75    2077   11.44    4.81    0.51    0.60    1.33
     9.75    49.75    2078   11.41    4.79    0.50    0.60    1.32
     9.75    49.75    2079   11.15    4.61    0.48    0.60    1.28
     9.75    49.75    2080   11.68    4.86    0.49    0.61    1.36
     9.75    49.75    2081   11.79    4.92    0.50    0.62    1.37
     9.75    49.75    2082   11.10    4.49    0.46    0.61    1.26
     9.75    49.75    2083   11.02    4.33    0.44    0.61    1.26
     9.75    49.75    2084   11.65    4.67    0.47    0.63    1.36
     9.75    49.75    2085   11.36    4.48    0.45    0.62    1.31
     9.75    49.75    2086   11.67    4.67    0.45    0.62    1.37
     9.75    49.75    2087   11.32    4.43    0.44    0.62    1.31
     9.75    49.75    2088   11.81    4.68    0.45    0.63    1.39
     9.75    49.75    2089   11.38    4.49    0.44    0.62    1.32
     9.75    49.75    2090   11.32    4.43    0.43    0.62    1.31
     9.75    49.75    2091   10.93    4.05    0.41    0.63    1.26
     9.75    49.75    2092   11.34    4.31    0.42    0.63    1.33
     9.75    49.75    2093   10.75    3.99    0.40    0.62    1.23
     9.75    49.75    2094   10.94    4.13    0.40    0.61    1.27
     9.75    49.75    2095   11.20    4.26    0.40    0.62    1.31
     9.75    49.75    2096   11.10    4.24    0.40    0.62    1.29
     9.75    49.75    2097   11.18    4.29    0.40    0.62    1.31
     9.75    49.75    2098   11.34    4.43    0.39    0.62    1.33
     9.75    49.75    2099   11.18    4.44    0.38    0.61    1.30
     9.75    49.75    2100   11.15    4.46    0.38    0.60    1.30
     9.75    49.75    2101   11.08    4.44    0.38    0.60    1.30
     9.75    49.75    2102   10.90    4.39    0.37    0.59    1.27
     9.75    49.75    2103   10.71    4.34    0.36    0.57    1.25
     9.75    49.75    2104   10.28    4.13    0.35    0.57    1.18
     9.75    49.75    2105   10.69    4.36    0.37    0.58    1.24
     9.75    49.75    2106   10.52    4.28    0.37    0.58    1.21
     9.75    49.75    2107   10.83    4.44    0.38    0.59    1.26
     9.75    49.75    2108   10.91    4.48    0.38    0.59    1.27
     9.75    49.75    2109   10.73    4.40    0.38    0.59    1.25
     9.75    49.75    2110   11.19    4.64    0.39    0.60    1.32
     9.75    49.75    2111   10.98    4.57    0.39    0.59    1.28
     9.75    49.75    2112   10.76    4.39    0.38    0.59    1.25
     9.75    49.75    2113   10.66    4.22    0.38    0.60    1.23
     9.75    49.75    2114   11.19    4.55    0.40    0.61    1.32
     9.75    49.75    2115   10.72    4.29    0.38    0.60    1.24
     9.75    49.75    2116   11.08    4.52    0.39    0.60    1.30
     9.75    49.75    2117   10.63    4.29    0.38    0.59    1.23
     9.75    49.75    2118   10.80    4.44    0.38    0.58    1.27
     9.75    49.75    2119   10.39    4.28    0.37    0.57    1.20
     9.75    49.75    2120   10.37    4.23    0.37    0.57    1.20
     9.75    49.75    2121   10.20    4.01    0.37    0.58    1.17
     9.75    49.75    2122   10.75    4.34    0.39    0.59    1.26
     9.75    49.75    2123   10.05    3.96    0.36    0.58    1.15
     9.75    49.75    2124   10.25    4.13    0.37    0.57    1.19
     9.75    49.75    2125   10.37    4.23    0.37    0.58    1.21
     9.75    49.75    2126   10.33    4.23    0.37    0.57    1.20
     9.75    49.75    2127   10.25    4.22    0.37    0.57    1.19
     9.75    49.75    2128   10.35    4.31    0.37    0.57    1.21
     9.75    49.75    2129   10.12    4.25    0.36    0.56    1.17
     9.75    49.75    2130   10.38    4.38    0.37    0.56    1.21
    13.75    55.75    1980    6.23    3.22    1.19    0.39    0.65
    13.75    55.75    1981    6.23    3.18    1.16    0.39    0.65
    13.75    55.75    1982    6.18    3.11    1.13    0.40    0.65
    13.75    55.75    1983    6.37    3.22    1.14    0.40    0.67
    13.75    55.75    1984    6.59    3.35    1.24    0.41    0.69
    13.75    55.75    1985    6.61    3.37    1.26    0.41    0.69
    13.75    55.75    1986    6.51    3.26    1.22    0.41    0.68
    13.75    55.75    1987    6.60    3.29    1.21    0.41    0.69
    13.75    55.75    1988    6.74    3.37    1.23    0.42    0.71
    13.75    55.75    1989    6.60    3.26    1.18    0.41    0.69
    13.75    55.75    1990    6.79    3.36    1.24    0.42    0.71
    13.75    55.75    1991    6.74    3.31    1.21    0.42    0.71
    13.75    55.75    1992    6.83    3.34    1.23    0.43    0.72
    13.75    55.75    1993    7.09    3.51    1.31    0.43    0.74
    13.75    55.75    1994    7.14    3.55    1.34    0.43    0.74
    13.75    55.75    1995    7.01    3.42    1.28    0.43    0.73
    13.75    55.75    1996    7.18    3.52    1.31    0.44    0.75
    13.75    55.75    1997    7.26    3.55    1.31    0.44    0.76
    13.75    55.75    1998    7.27    3.53    1.31    0.44    0.76
    13.75    55.75    1999    7.36    3.57    1.31    0.44    0.77
    13.75    55.75    2000    7.22    3.42    1.23    0.45    0.76
    13.75    55.75    2001    7.55    3.62    1.32    0.45    0.79
    13.75    55.75    2002    7.34    3.48    1.30    0.45    0.76
    13.75    55.75    2003    7.49    3.54    1.33    0.46    0.78
    13.75    55.75    2004    7.74    3.70    1.40    0.46    0.81
    13.75    55.75    2005    7.53    3.53    1.31    0.46    0.79
    13.75    55.75    2006    7.35    3.34    1.23    0.46    0.77
    13.75    55.75    2007    7.70    3.55    1.34    0.47    0.81
    13.75    55.75    2008    7.33    3.28    1.22    0.46    0.77
    13.75    55.75    2009    7.65    3.48    1.28    0.47    0.81
    13.75    55.75    2010    7.95    3.68    1.36    0.48    0.84
    13.75    55.75    2011    8.28    3.90    1.46    0.49    0.87
    13.75    55.75    2012    7.81    3.49    1.31    0.48    0.81
    13.75    55.75    2013    7.80    3.37    1.27    0.49    0.82
    13.75    55.75    2014    8.29    3.65    1.38    0.51    0.87
    13.75    55.75    2015    8.25    3.61    1.37    0.51    0.87
    13.75    55.75    2016    8.32    3.59    1.36    0.51    0.87
    13.75    55.75    2017    8.48    3.65    1.35    0.52    0.90
    13.75    55.75    2018    8.85    3.88    1.50    0.53    0.92
    13.75    55.75    2019    8.42    3.59    1.36    0.52    0.88
    13.75    55.75    2020    8.88    3.87    1.48    0.53    0.93
    13.75    55.75    2021    8.98    3.91    1.51    0.53    0.93
    13.75    55.75    2022    8.88    3.81    1.46    0.53    0.92
    13.75    55.75    2023    8.97    3.82    1.47    0.54    0.93
    13.75    55.75    2024    8.72    3.57    1.36    0.54    0.91
    13.75    55.75    2025    8.66    3.45    1.31    0.55    0.91
    13.75    55.75    2026    9.01    3.62    1.38    0.56    0.95
    13.75    55.75    2027    9.06    3.63    1.37    0.56    0.96
    13.75    55.75    2028    9.41    3.87    1.49    0.56    0.98
    13.75    55.75    2029    9.17    3.73    1.44    0.56    0.95
    13.75    55.75    2030    9.27    3.74    1.45    0.56    0.96
    13.75    55.75    2031    9.01    3.53    1.36    0.56    0.94
    13.75    55.75    2032    8.80    3.35    1.28    0.56    0.92
    13.75    55.75    2033    9.37    3.72    1.43    0.57    0.98
    13.75    55.75    2034    9.44    3.78    1.44    0.57    0.99
    13.75    55.75    2035    9.34    3.78    1.44    0.56    0.97
    13.75    55.75    2036    9.23    3.74    1.40    0.56    0.96
    13.75    55.75    2037    9.38    3.90    1.46    0.55    0.97
    13.75    55.75    2038    9.01    3.68    1.35    0.55    0.94
    13.75    55.75    2039    8.97    3.62    1.32    0.55    0.94
    13.75    55.75    2040    9.33    3.85    1.43    0.56    0.97
    13.75    55.75    2041    9.08    3.69    1.34    0.55    0.95
    13.75    55.75    2042    8.96    3.57    1.27    0.56    0.94
    13.75    55.75    2043    9.32    3.75    1.31    0.57    0.99
    13.75    55.75    2044    9.02    3.48    1.19    0.57    0.96
    13.75    55.75    2045    9.30    3.69    1.26    0.57    0.99
    13.75    55.75    2046    9.27    3.64    1.22    0.58    0.99
    13.75    55.75    2047    9.12    3.60    1.21    0.56    0.97
    13.75    55.75    2048    9.27    3.73    1.27    0.56    0.98
    13.75    55.75    2049    8.91    3.48    1.18    0.56    0.94
    13.75    55.75    2050    9.07    3.61    1.24    0.56    0.95
    13.75    55.75    2051    8.79    3.44    1.14    0.55    0.93
    13.75    55.75    2052    8.89    3.50    1.16    0.56    0.94
    13.75    55.75    2053    9.14    3.63    1.20    0.56    0.96
    13.75    55.75    2054    8.94    3.55    1.14    0.56    0.95
    13.75    55.75    2055    9.07    3.70    1.18    0.55    0.96
    13.75    55.75    2056    9.22    3.81    1.18    0.56    0.98
    13.75    55.75    2057    8.91    3.61    1.12    0.56    0.94
    13.75    55.75    2058    9.44    3.86    1.20    0.57    1.00
    13.75    55.75    2059    9.48    3.88    1.19    0.57    1.01
    13.75    55.75    2060    9.29    3.78    1.15    0.57    0.99
    13.75    55.75    2061    9.39    3.89    1.18    0.56    1.00
    13.75    55.75    2062    9.39    3.88    1.18    0.56    0.99
    13.75    55.75    2063    8.94    3.65    1.09    0.55    0.94
    13.75    55.75    2064    9.16    3.79    1.13    0.55    0.97
    13.75    55.75    2065    9.29    3.88    1.13    0.56    0.98
    13.75    55.75    2066    9.45    3.96    1.16    0.56    1.00
    13.75    55.75    2067    9.27    3.87    1.10    0.56    0.98
    13.75    55.75    2068    9.30    3.86    1.09    0.56    0.99
    13.75    55.75    2069    9.53    4.04    1.12    0.56    1.02
    13.75    55.75    2070    9.45    4.05    1.10    0.55    1.01
    13.75    55.75    2071    9.22    3.81    1.03    0.56    0.98
    13.75    55.75    2072    9.42    3.91    1.04    0.56    1.01
    13.75    55.75    2073    9.53    3.99    1.07    0.57    1.01
    13.75    55.75    2074    9.17    3.71    1.02    0.56    0.97
    13.75    55.75    2075    9.39    3.86    1.00    0.56    1.01
    13.75    55.75    2076    9.64    3.99    1.03    0.57    1.04
    13.75    55.75    2077    9.54    4.05    1.01    0.56    1.03
    13.75    55.75    2078    9.21    3.81    0.95    0.56    0.99
    13.75    55.75    2079    8.97    3.61    0.87    0.55    0.97
    13.75    55.75    2080    9.23    3.74    0.89    0.56    1.01
    13.75    55.75    2081    9.17    3.67    0.87    0.57    1.00
    13.75    55.75    2082    9.35    3.77    0.89    0.57    1.02
    13.75    55.75    2083    9.46    3.74    0.89    0.58    1.03
    13.75    55.75    2084    9.26    3.64    0.86    0.57    1.01
    13.75    55.75    2085    9.65    3.87    0.92    0.58    1.05
    13.75    55.75    2086    9.27    3.63    0.84    0.57    1.01
    13.75    55.75    2087    9.58    3.83    0.87    0.57    1.05
    13.75    55.75    2088    9.27    3.58    0.82    0.58    1.00
    13.75    55.75    2089    9.47    3.70    0.82    0.58    1.04
    13.75    55.75    2090    9.64    3.77    0.84    0.58    1.05
    13.75    55.75    2091    9.69    3.85    0.84    0.58    1.06
    13.75    55.75    2092    9.53    3.84    0.78    0.57    1.05
    13.75    55.75    2093    9.73    3.97    0.81    0.57    1.07
    13.75    55.75    2094    9.41    3.80    0.74    0.56    1.04
    13.75    55.75    2095    9.55    3.93    0.76    0.56    1.06
    13.75    55.75    2096    9.43    3.85    0.74    0.56    1.04
    13.75    55.75    2097    9.76    4.07    0.76    0.57    1.08
    13.75    55.75    2098    9.75    3.95    0.73    0.58    1.08
    13.75    55.75    2099   10.06    4.15    0.76    0.59    1.12
    13.75    55.75    2100   10.10    4.13    0.76    0.59    1.12
    13.75    55.75    2101    9.80    3.91    0.71    0.58    1.09
    13.75    55.75    2102    9.90    3.96    0.71    0.59    1.11
    13.75    55.75    2103   10.00    3.98    0.71    0.59    1.12
    13.75    55.75    2104    9.77    3.76    0.67    0.59    1.08
    13.75    55.75    2105   10.13    3.91    0.69    0.61    1.13
    13.75    55.75    2106   10.21    3.92    0.69    0.61    1.14
    13.75    55.75    2107   10.47    4.11    0.71    0.61    1.17
    13.75    55.75    2108    9.72    3.70    0.61    0.59    1.08
    13.75    55.75    2109    9.75    3.61    0.60    0.60    1.09
    13.75    55.75    2110   10.16    3.79    0.62    0.62    1.15
    13.75    55.75    2111   10.08    3.69    0.61    0.62    1.13
    13.75    55.75    2112   10.12    3.67    0.59    0.62    1.14
    13.75    55.75    2113   10.12    3.59    0.58    0.63    1.14
    13.75    55.75    2114   10.01    3.53    0.56    0.62    1.13
    13.75    55.75    2115   10.32    3.73    0.57    0.63    1.18
    13.75    55.75    2116   10.05    3.58    0.54    0.63    1.14
    13.75    55.75    2117   10.13    3.69    0.50    0.62    1.16
    13.75    55.75    2118   10.04    3.61    0.50    0.62    1.15
    13.75    55.75    2119   10.09    3.61    0.50    0.62    1.16
    13.75    55.75    2120   10.19    3.69    0.50    0.62    1.17
    13.75    55.75    2121   10.28    3.78    0.50    0.63    1.18
    13.75    55.75    2122    9.94    3.73    0.42    0.60    1.16
    13.75    55.75    2123   10.05    3.80    0.42    0.60    1.17
    13.75    55.75    2124    9.86    3.66    0.42    0.60    1.14
    13.75    55.75    2125   10.04    3.80    0.40    0.60    1.18
    13.75    55.75    2126    9.99    3.77    0.40    0.60    1.17
    13.75    55.75    2127   10.17    3.96    0.41    0.61    1.19
    13.75    55.75    2128    9.93    3.75    0.40    0.60    1.16
    13.75    55.75    2129   10.16    3.90    0.41    0.61    1.19
    13.75    55.75    2130   10.16    3.93    0.41    0.61    1.20
    23.75    61.75    1980    6.11    2.62    2.41    0.43    0.46
    23.75    61.75    1981    6.20    2.65    2.45    0.43    0.46
    23.75    61.75    1982    6.18    2.60    2.40    0.44    0.46
    23.75    61.75    1983    6.36    2.67    2.46    0.44    0.47
    23.75    61.75    1984    6.24    2.60    2.39    0.44    0.47
    23.75    61.75    1985    6.30    2.60    2.39    0.44    0.47
    23.75    61.75    1986    6.30    2.57    2.36    0.45    0.48
    23.75    61.75    1987    6.44    2.62    2.40    0.45    0.48
    23.75    61.75    1988    6.55    2.68    2.45    0.46    0.49
    23.75    61.75    1989    6.61    2.67    2.44    0.46    0.49
    23.75    61.75    1990    6.59    2.64    2.40    0.46    0.50
    23.75    61.75    1991    6.63    2.65    2.42    0.47    0.50
    23.75    61.75    1992    6.77    2.70    2.46    0.47    0.51
    23.75    61.75    1993    6.86    2.70    2.46    0.48    0.51
    23.75    61.75    1994    6.88    2.69    2.47    0.48    0.51
    23.75    61.75    1995    6.94    2.71    2.47    0.49    0.52
    23.75    61.75    1996    6.85    2.63    2.40    0.49    0.52
    23.75    61.75    1997    6.82    2.58    2.35    0.49    0.52
    23.75    61.75    1998    6.95    2.63    2.40    0.49    0.53
    23.75    61.75    1999    7.17    2.74    2.51    0.50    0.54
    23.75    61.75    2000    7.16    2.70    2.48    0.50    0.54
    23.75    61.75    2001    7.14    2.65    2.43    0.51    0.54
    23.75    61.75    2002    7.29    2.70    2.48    0.51    0.55
    23.75    61.75    2003    7.21    2.63    2.42    0.51    0.55
    23.75    61.75    2004    7.36    2.69    2.47    0.52    0.56
    23.75    61.75    2005    7.46    2.72    2.50    0.52    0.56
    23.75    61.75    2006    7.38    2.68    2.46    0.52    0.56
    23.75    61.75    2007    7.44    2.69    2.46    0.53    0.57
    23.75    61.75    2008    7.49    2.69    2.48    0.53    0.57
    23.75    61.75    2009    7.54    2.70    2.48    0.53    0.57
    23.75    61.75    2010    7.74    2.78    2.57    0.54    0.58
    23.75    61.75    2011    7.23    2.72    2.46    0.50    0.54
    23.75    61.75    2012    7.18    2.73    2.44    0.50    0.53
    23.75    61.75    2013    7.09    2.70    2.37    0.49    0.53
    23.75    61.75    2014    7.27    2.78    2.39    0.50    0.54
    23.75    61.75    2015    7.12    2.84    2.34    0.49    0.54
    23.75    61.75    2016    7.16    2.90    2.30    0.49    0.55
    23.75    61.75    2017    7.13    2.91    2.25    0.49    0.55
    23.75    61.75    2018    7.12    2.99    2.21    0.48    0.56
    23.75    61.75    2019    7.35    3.11    2.26    0.49    0.58
    23.75    61.75    2020    7.46    3.21    2.24    0.49    0.60
    23.75    61.75    2021    7.59    3.37    2.24    0.50    0.61
    23.75    61.75    2022    7.73    3.35    2.24    0.51    0.62
    23.75    61.75    2023    7.84    3.37    2.25    0.51    0.63
    23.75    61.75    2024    7.75    3.34    2.20    0.50    0.62
    23.75    61.75    2025    7.56    3.25    2.08    0.50    0.62
    23.75    61.75    2026    7.48    3.14    2.03    0.50    0.61
    23.75    61.75    2027    7.66    3.20    2.02    0.50    0.63
    23.75    61.75    2028    7.76    3.24    2.02    0.51    0.64
    23.75    61.75    2029    7.82    3.23    1.98    0.51    0.65
    23.75    61.75    2030    7.90    3.26    1.94    0.52    0.67
    23.75    61.75    2031    7.97    3.24    1.94    0.52    0.67
    23.75    61.75    2032    8.25    3.36    1.93    0.54    0.71
    23.75    61.75    2033    8.21    3.39    1.89    0.53    0.71
    23.75    61.75    2034    7.88    3.19    1.76    0.52    0.69
    23.75    61.75    2035    8.11    3.36    1.75    0.53    0.72
    23.75    61.75    2036    7.98    3.30    1.68    0.52    0.72
    23.75    61.75    2037    8.13    3.31    1.70    0.53    0.72
    23.75    61.75    2038    8.37    3.34    1.70    0.54    0.75
    23.75    61.75    2039    8.65    3.44    1.72    0.56    0.78
    23.75    61.75    2040    8.75    3.47    1.72    0.56    0.79
    23.75    61.75    2041    8.79    3.44    1.69    0.57    0.80
    23.75    61.75    2042    8.85    3.45    1.65    0.57    0.81
    23.75    61.75    2043    8.98    3.48    1.66    0.57    0.83
    23.75    61.75    2044    8.49    3.28    1.51    0.55    0.79
    23.75    61.75    2045    8.65    3.33    1.50    0.55    0.81
    23.75    61.75    2046    8.71    3.33    1.47    0.56    0.82
    23.75    61.75    2047    9.10    3.54    1.49    0.57    0.87
    23.75    61.75    2048    9.30    3.64    1.49    0.58    0.89
    23.75    61.75    2049    9.29    3.63    1.47    0.58    0.89
    23.75    61.75    2050    9.02    3.50    1.37    0.57    0.88
    23.75    61.75    2051    9.30    3.60    1.36    0.58    0.92
    23.75    61.75    2052    9.19    3.52    1.30    0.58    0.91
    23.75    61.75    2053    9.30    3.56    1.31    0.58    0.92
    23.75    61.75    2054    9.20    3.52    1.25    0.58    0.92
    23.75    61.75    2055    9.38    3.56    1.23    0.59    0.94
    23.75    61.75    2056    9.49    3.57    1.23    0.60    0.95
    23.75    61.75    2057    9.67    3.57    1.23    0.61    0.98
    23.75    61.75    2058    9.69    3.59    1.20    0.60    0.98
    23.75    61.75    2059   10.00    3.76    1.20    0.62    1.03
    23.75    61.75    2060    9.76    3.65    1.16    0.61    0.99
    23.75    61.75    2061    9.86    3.64    1.13    0.61    1.01
    23.75    61.75    2062    9.95    3.64    1.12    0.62    1.02
    23.75    61.75    2063    9.89    3.58    1.07    0.62    1.02
    23.75    61.75    2064    9.94    3.61    1.03    0.62    1.04
    23.75    61.75    2065   10.07    3.72    1.01    0.61    1.06
    23.75    61.75    2066    9.95    3.69    0.97    0.61    1.05
    23.75    61.75    2067    9.96    3.67    0.95    0.61    1.05
    23.75    61.75    2068    9.97    3.62    0.92    0.62    1.07
    23.75    61.75    2069    9.92    3.62    0.90    0.61    1.06
    23.75    61.75    2070    9.97    3.74    0.87    0.61    1.07
    23.75    61.75    2071    9.97    3.72    0.87    0.62    1.07
    23.75    61.75    2072    9.85    3.71    0.80    0.60    1.07
    23.75    61.75    2073    9.86    3.72    0.76    0.60    1.08
    23.75    61.75    2074    9.61    3.60    0.70    0.59    1.06
    23.75    61.75    2075    9.70    3.65    0.67    0.59    1.08
    23.75    61.75    2076    9.69    3.63    0.66    0.60    1.08
    23.75    61.75    2077   10.02    3.86    0.66    0.61    1.13
    23.75    61.75    2078    9.88    3.74    0.63    0.61    1.11
    23.75    61.75    2079   10.00    3.78    0.61    0.61    1.14
    23.75    61.75    2080    9.91    3.77    0.60    0.61    1.12
    23.75    61.75    2081   10.10    3.83    0.60    0.62    1.15
    23.75    61.75    2082    9.85    3.66    0.57    0.61    1.12
    23.75    61.75    2083    9.87    3.54    0.56    0.62    1.12
    23.75    61.75    2084    9.60    3.40    0.50    0.61    1.10
    23.75    61.75    2085    9.69    3.40    0.50    0.62    1.11
    23.75    61.75    2086    9.84    3.48    0.50    0.62    1.12
    23.75    61.75    2087    9.97    3.56    0.49    0.63    1.15
    23.75    61.75    2088    9.79    3.44    0.47    0.62    1.12
    23.75    61.75    2089    9.98    3.50    0.47    0.63    1.15
    23.75    61.75    2090   10.09    3.54    0.47    0.64    1.16
    23.75    61.75    2091   10.06    3.53    0.47    0.63    1.16
    23.75    61.75    2092    9.68    3.44    0.44    0.61    1.11
    23.75    61.75    2093    9.37    3.34    0.39    0.59    1.08
    23.75    61.75    2094    9.18    3.33    0.39    0.58    1.06
    23.75    61.75    2095    9.00    3.23    0.36    0.57    1.04
    23.75    61.75    2096    8.90    3.27    0.36    0.56    1.03
    23.75    61.75    2097    8.98    3.36    0.37    0.56    1.04
    23.75    61.75    2098    9.27    3.51    0.38    0.57    1.08
    23.75    61.75    2099    9.24    3.54    0.38    0.57    1.08
    23.75    61.75    2100    9.29    3.60    0.39    0.58    1.09
    23.75    61.75    2101    9.45    3.69    0.41    0.58    1.11
    23.75    61.75    2102    9.70    3.82    0.42    0.59    1.14
    23.75    61.75    2103    9.65    3.66    0.41    0.59    1.13
    23.75    61.75    2104    9.43    3.52    0.39    0.59    1.10
    23.75    61.75    2105    9.39    3.52    0.39    0.58    1.09
    23.75    61.75    2106    9.16    3.42    0.38    0.57    1.06
    23.75    61.75    2107    9.48    3.59    0.38    0.58    1.10
    23.75    61.75    2108    9.36    3.43    0.38    0.59    1.08
    23.75    61.75    2109    9.54    3.50    0.38    0.59    1.11
    23.75    61.75    2110    9.50    3.51    0.38    0.59    1.10
    23.75    61.75    2111    9.47    3.52    0.38    0.59    1.09
    23.75    61.75    2112    9.25    3.38    0.37    0.58    1.06
    23.75    61.75    2113    9.24    3.35    0.37    0.58    1.07
    23.75    61.75    2114    9.19    3.33    0.37    0.58    1.06
    23.75    61.75    2115    9.15    3.31    0.37    0.58    1.06
    23.75    61.75    2116    9.44    3.45    0.38    0.59    1.10
    23.75    61.75    2117    9.39    3.40    0.37    0.59    1.09
    23.75    61.75    2118    9.42    3.37    0.38    0.59    1.09
    23.75    61.75    2119    9.43    3.37    0.38    0.60    1.09
    23.75    61.75    2120    9.67    3.48    0.39    0.60    1.13
    23.75    61.75    2121    9.72    3.47    0.39    0.61    1.13
    23.75    61.75    2122    9.67    3.48    0.39    0.60    1.13
    23.75    61.75    2123    9.47    3.42    0.38    0.59    1.10
    23.75    61.75    2124    9.39    3.40    0.38    0.59    1.09
    23.75    61.75    2125    9.44    3.39    0.38    0.60    1.09
    23.75    61.75    2126    9.51    3.39    0.38    0.60    1.10
    23.75    61.75    2127    9.68    3.45    0.38    0.61    1.13
    23.75    61.75    2128    9.73    3.45    0.38    0.61    1.13
    23.75    61.75    2129    9.84    3.50    0.39    0.61    1.15
    23.75    61.75    2130    9.76    3.43    0.38    0.61    1.13
    21.75    37.75    1980    2.36    1.30    1.04    0.23    0.20
    21.75    37.75    1981    2.06    1.08    0.89    0.21    0.18
    21.75    37.75    1982    2.06    1.07    0.86    0.21    0.18
    21.75    37.75    1983    2.37    1.25    1.01    0.23    0.20
    21.75    37.75    1984    2.23    1.16    0.94    0.22    0.19
    21.75    37.75    1985    2.13    1.09    0.87    0.22    0.19
    21.75    37.75    1986    2.68    1.41    1.14    0.25    0.22
    21.75    37.75    1987    2.68    1.41    1.10    0.25    0.22
    21.75    37.75    1988    2.60    1.33    1.04    0.25    0.22
    21.75    37.75    1989    2.49    1.25    0.97    0.24    0.22
    21.75    37.75    1990    2.72    1.38    1.06    0.26    0.23
    21.75    37.75    1991    2.02    0.94    0.73    0.22    0.19
    21.75    37.75    1992    2.21    1.03    0.80    0.23    0.20
    21.75    37.75    1993    2.56    1.21    0.95    0.25    0.22
    21.75    37.75    1994    2.68    1.28    1.01    0.26    0.23
    21.75    37.75    1995    2.83    1.35    1.05    0.27    0.24
    21.75    37.75    1996    2.63    1.22    0.93    0.26    0.23
    21.75    37.75    1997    2.67    1.23    0.93    0.27    0.24
    21.75    37.75    1998    2.57    1.17    0.89    0.26    0.23
    21.75    37.75    1999    2.41    1.08    0.84    0.25    0.22
    21.75    37.75    2000    2.53    1.14    0.90    0.26    0.23
    21.75    37.75    2001    2.50    1.13    0.90    0.26    0.22
    21.75    37.75    2002    2.47    1.11    0.89    0.25    0.22
    21.75    37.75    2003    2.52    1.14    0.92    0.26    0.22
    21.75    37.75    2004    2.33    1.05    0.84    0.25    0.21
    21.75    37.75    2005    2.49    1.13    0.91    0.26    0.22
    21.75    37.75    2006    2.41    1.09    0.88    0.25    0.22
    21.75    37.75    2007    2.37    1.07    0.85    0.25    0.22
    21.75    37.75    2008    2.48    1.12    0.89    0.26    0.22
    21.75    37.75    2009    2.81    1.29    1.04    0.27    0.24
    21.75    37.75    2010    2.08    0.89    0.66    0.23    0.20
    21.75    37.75    2011    1.75    0.76    0.59    0.21    0.18
    21.75    37.75    2012    1.50    0.67    0.56    0.18    0.16
    21.75    37.75    2013    1.72    0.76    0.62    0.20    0.18
    21.75    37.75    2014    1.95    0.85    0.70    0.22    0.19
    21.75    37.75    2015    1.93    0.83    0.68    0.22    0.19
    21.75    37.75    2016    2.30    0.98    0.80    0.24    0.21
    21.75    37.75    2017    2.08    0.89    0.69    0.23    0.20
    21.75    37.75    2018    2.26    0.96    0.74    0.25    0.22
    21.75    37.75    2019    1.99    0.82    0.63    0.23    0.20
    21.75    37.75    2020    1.93    0.80    0.61    0.23    0.19
    21.75    37.75    2021    2.12    0.88    0.68    0.24    0.21
    21.75    37.75    2022    1.78    0.74    0.53    0.22    0.18
    21.75    37.75    2023    2.08    0.87    0.60    0.24    0.21
    21.75    37.75    2024    2.22    0.91    0.65    0.25    0.22
    21.75    37.75    2025    2.38    0.98    0.70    0.26    0.23
    21.75    37.75    2026    2.37    0.97    0.67    0.26    0.23
    21.75    37.75    2027    2.54    1.04    0.70    0.27    0.25
    21.75    37.75    2028    2.28    0.91    0.62    0.26    0.23
    21.75    37.75    2029    1.36    0.54    0.48    0.17    0.15
    21.75    37.75    2030    1.76    0.71    0.58    0.21    0.18
    21.75    37.75    2031    2.00    0.79    0.64    0.23    0.20
    21.75    37.75    2032    2.32    0.91    0.71    0.26    0.22
    21.75    37.75    2033    2.08    0.83    0.63    0.24    0.21
    21.75    37.75    2034    2.34    0.94    0.70    0.26    0.23
    21.75    37.75    2035    2.26    0.91    0.67    0.26    0.22
    21.75    37.75    2036    2.27    0.91    0.65    0.26    0.22
    21.75    37.75    2037    1.90    0.75    0.60    0.22    0.20
    21.75    37.75    2038    2.01    0.80    0.62    0.24    0.20
    21.75    37.75    2039    2.22    0.88    0.68    0.25    0.22
    21.75    37.75    2040    2.14    0.85    0.63    0.25    0.22
    21.75    37.75    2041    2.50    1.00    0.75    0.27    0.24
    21.75    37.75    2042    2.39    0.95    0.69    0.27    0.24
    21.75    37.75    2043    2.45    0.97    0.71    0.27    0.24
    21.75    37.75    2044    2.56    1.02    0.75    0.28    0.25
    21.75    37.75    2045    2.33    0.90    0.67    0.27    0.23
    21.75    37.75    2046    2.50    0.98    0.71    0.28    0.25
    21.75    37.75    2047    2.34    0.91    0.65    0.27    0.23
    21.75    37.75    2048    2.45    0.96    0.70    0.27    0.24
    21.75    37.75    2049    2.62    1.02    0.75    0.28    0.25
    21.75    37.75    2050    2.38    0.91    0.67    0.27    0.24
    21.75    37.75    2051    1.99    0.76    0.56    0.24    0.21
    21.75    37.75    2052    2.49    0.96    0.66    0.28    0.25
    21.75    37.75    2053    2.16    0.81    0.59    0.26    0.22
    21.75    37.75    2054    2.59    0.99    0.67    0.29    0.26
    21.75    37.75    2055    2.68    1.02    0.71    0.29    0.27
    21.75    37.75    2056    2.70    1.03    0.69    0.29    0.27
    21.75    37.75    2057    2.52    0.96    0.65    0.28    0.26
    21.75    37.75    2058    2.73    1.04    0.70    0.29    0.27
    21.75    37.75    2059    2.38    0.88    0.64    0.27    0.24
    21.75    37.75    2060    2.05    0.76    0.56    0.25    0.22
    21.75    37.75    2061    1.93    0.74    0.52    0.24    0.20
    21.75    37.75    2062    2.08    0.80    0.56    0.25    0.22
    21.75    37.75    2063    2.57    0.99    0.67    0.28    0.26
    21.75    37.75    2064    2.72    1.05    0.72    0.29    0.27
    21.75    37.75    2065    2.75    1.03    0.73    0.30    0.27
    21.75    37.75    2066    2.80    1.05    0.77    0.30    0.27
    21.75    37.75    2067    2.58    0.96    0.70    0.29    0.26
    21.75    37.75    2068    2.80    1.05    0.76    0.30    0.27
    21.75    37.75    2069    2.16    0.80    0.55    0.26    0.23
    21.75    37.75    2070    2.15    0.79    0.56    0.26    0.23
    21.75    37.75    2071    2.41    0.90    0.61    0.27    0.25
    21.75    37.75    2072    2.54    0.94    0.63    0.28    0.26
    21.75    37.75    2073    2.72    1.01    0.69    0.30    0.27
    21.75    37.75    2074    2.66    0.96    0.68    0.29    0.27
    21.75    37.75    2075    2.89    1.06    0.74    0.31    0.29
    21.75    37.75    2076    2.94    1.08    0.76    0.31    0.29
    21.75    37.75    2077    2.85    1.04    0.75    0.31    0.28
    21.75    37.75    2078    3.24    1.18    0.85    0.33    0.31
    21.75    37.75    2079    3.62    1.34    0.97    0.35    0.33
    21.75    37.75    2080    3.42    1.25    0.91    0.34    0.32
    21.75    37.75    2081    3.82    1.41    1.02    0.36    0.35
    21.75    37.75    2082    2.51    0.88    0.65    0.29    0.26
    21.75    37.75    2083    2.61    0.92    0.67    0.29    0.27
    21.75    37.75    2084    2.59    0.90    0.67    0.29    0.26
    21.75    37.75    2085    2.64    0.93    0.70    0.29    0.27
    21.75    37.75    2086    2.73    0.94    0.71    0.30    0.27
    21.75    37.75    2087    2.69    0.93    0.71    0.30    0.27
    21.75    37.75    2088    2.71    0.93    0.72    0.30    0.27
    21.75    37.75    2089    3.06    1.06    0.82    0.32    0.30
    21.75    37.75    2090    2.62    0.90    0.69    0.30    0.27
    21.75    37.75    2091    2.51    0.86    0.66    0.29    0.26
    21.75    37.75    2092    2.49    0.85    0.66    0.29    0.25
    21.75    37.75    2093    2.31    0.78    0.61    0.27    0.24
    21.75    37.75    2094    2.24    0.77    0.61    0.27    0.23
    21.75    37.75    2095    1.43    0.50    0.39    0.18    0.15
    21.75    37.75    2096    1.52    0.57    0.39    0.20    0.16
    21.75    37.75    2097    1.59    0.58    0.41    0.20    0.17
    21.75    37.75    2098    1.82    0.66    0.45    0.23    0.19
    21.75    37.75    2099    1.84    0.67    0.47    0.23    0.19
    21.75    37.75    2100    1.98    0.72    0.49    0.24    0.20
    21.75    37.75    2101    1.84    0.67    0.45    0.23    0.19
    21.75    37.75    2102    2.05    0.74    0.49    0.25    0.21
    21.75    37.75    2103    2.13    0.78    0.52    0.25    0.21
    21.75    37.75    2104    2.13    0.77    0.51    0.26    0.21
    21.75    37.75    2105    2.21    0.79    0.53    0.26    0.22
    21.75    37.75    2106    2.39    0.86    0.58    0.27    0.23
    21.75    37.75    2107    2.39    0.87    0.58    0.27    0.23
    21.75    37.75    2108    2.75    1.00    0.66    0.30    0.26
    21.75    37.75    2109    2.98    1.10    0.72    0.31    0.28
    21.75    37.75    2110    2.97    1.09    0.71    0.31    0.28
    21.75    37.75    2111    3.23    1.19    0.77    0.33    0.30
    21.75    37.75    2112    2.26    0.78    0.52    0.27    0.23
    21.75    37.75    2113    2.27    0.80    0.53    0.27    0.23
    21.75    37.75    2114    2.17    0.77    0.52    0.26    0.22
    21.75    37.75    2115    2.19    0.77    0.54    0.26    0.22
    21.75    37.75    2116    2.38    0.83    0.56    0.27    0.24
    21.75    37.75    2117    2.41    0.82    0.57    0.28    0.24
    21.75    37.75    2118    2.43    0.83    0.58    0.28    0.24
    21.75    37.75    2119    2.76    0.95    0.65    0.30    0.26
    21.75    37.75    2120    2.26    0.76    0.52    0.27    0.23
    21.75    37.75    2121    2.28    0.77    0.52    0.27    0.23
    21.75    37.75    2122    2.19    0.74    0.50    0.27    0.22
    21.75    37.75    2123    1.99    0.66    0.47    0.25    0.21
    21.75    37.75    2124    1.87    0.63    0.45    0.24    0.19
    21.75    37.75    2125    1.36    0.47    0.34    0.17    0.14
    21.75    37.75    2126    1.45    0.51    0.34    0.19    0.15
    21.75    37.75    2127    1.57    0.56    0.36    0.20    0.16
    21.75    37.75    2128    1.71    0.60    0.38    0.22    0.17
    21.75    37.75    2129    1.78    0.64    0.40    0.23    0.18
    21.75    37.75    2130    1.86    0.67    0.40    0.23    0.18
