      Lon      Lat    Year    VegC LitterC   SoilC     HarvSlowC Total-slow     Total
     9.75    49.75    1980   2.188   0.963   4.032      0.135334      7.182     7.318
     9.75    49.75    1981   2.176   0.960   4.034      0.138479      7.169     7.308
     9.75    49.75    1982   2.183   0.957   4.038      0.140267      7.178     7.318
     9.75    49.75    1983   2.212   0.941   4.039      0.143155      7.191     7.335
     9.75    49.75    1984   2.218   0.949   4.042      0.147030      7.209     7.357
     9.75    49.75    1985   2.232   0.951   4.045      0.150566      7.228     7.379
     9.75    49.75    1986   2.205   0.958   4.051      0.153868      7.214     7.367
     9.75    49.75    1987   2.244   0.951   4.054      0.155200      7.248     7.404
     9.75    49.75    1988   2.125   0.937   4.052      0.159904      7.114     7.274
     9.75    49.75    1989   2.110   0.929   4.053      0.160518      7.091     7.252
     9.75    49.75    1990   2.122   0.919   4.055      0.164483      7.095     7.260
     9.75    49.75    1991   2.166   0.912   4.053      0.166685      7.132     7.298
     9.75    49.75    1992   2.170   0.916   4.053      0.169818      7.139     7.309
     9.75    49.75    1993   2.205   0.915   4.058      0.170591      7.177     7.348
     9.75    49.75    1994   2.203   0.900   4.056      0.172676      7.159     7.332
     9.75    49.75    1995   2.195   0.896   4.058      0.173011      7.149     7.322
     9.75    49.75    1996   2.193   0.891   4.058      0.177113      7.142     7.319
     9.75    49.75    1997   2.254   0.892   4.061      0.178759      7.207     7.386
     9.75    49.75    1998   2.256   0.889   4.060      0.183105      7.205     7.388
     9.75    49.75    1999   2.254   0.874   4.057      0.184480      7.185     7.370
     9.75    49.75    2000   2.317   0.857   4.053      0.184086      7.226     7.411
     9.75    49.75    2001   2.318   0.861   4.054      0.189530      7.233     7.422
     9.75    49.75    2002   2.265   0.856   4.054      0.191630      7.174     7.366
     9.75    49.75    2003   2.313   0.859   4.056      0.193178      7.228     7.421
     9.75    49.75    2004   2.339   0.859   4.057      0.197374      7.255     7.452
     9.75    49.75    2005   2.358   0.855   4.055      0.200880      7.267     7.468
     9.75    49.75    2006   2.371   0.858   4.057      0.204278      7.287     7.491
     9.75    49.75    2007   2.363   0.851   4.056      0.207437      7.270     7.477
     9.75    49.75    2008   2.323   0.831   4.051      0.207862      7.205     7.413
     9.75    49.75    2009   2.381   0.835   4.053      0.207383      7.269     7.476
     9.75    49.75    2010   2.385   0.835   4.053      0.213404      7.272     7.486
     9.75    49.75    2011   2.198   0.864   4.047      0.229560      7.109     7.339
     9.75    49.75    2012   2.180   0.849   4.042      0.231331      7.071     7.303
     9.75    49.75    2013   2.168   0.858   4.042      0.235685      7.067     7.303
     9.75    49.75    2014   2.211   0.867   4.043      0.239778      7.122     7.362
     9.75    49.75    2015   2.187   0.864   4.041      0.246482      7.091     7.337
     9.75    49.75    2016   2.177   0.857   4.037      0.250558      7.071     7.321
     9.75    49.75    2017   2.191   0.846   4.034      0.254825      7.072     7.326
     9.75    49.75    2018   2.211   0.847   4.034      0.261581      7.091     7.353
     9.75    49.75    2019   2.255   0.846   4.031      0.267731      7.131     7.399
     9.75    49.75    2020   2.243   0.871   4.034      0.278120      7.149     7.427
     9.75    49.75    2021   2.144   0.933   4.037      0.290615      7.115     7.406
     9.75    49.75    2022   2.180   0.915   4.036      0.291122      7.131     7.422
     9.75    49.75    2023   2.226   0.914   4.037      0.295332      7.178     7.473
     9.75    49.75    2024   2.123   0.917   4.037      0.302203      7.076     7.378
     9.75    49.75    2025   2.092   0.896   4.036      0.301121      7.024     7.325
     9.75    49.75    2026   2.156   0.913   4.038      0.298847      7.106     7.405
     9.75    49.75    2027   2.181   0.904   4.039      0.301258      7.124     7.425
     9.75    49.75    2028   2.209   0.916   4.041      0.306149      7.166     7.472
     9.75    49.75    2029   2.205   0.911   4.039      0.313730      7.155     7.469
     9.75    49.75    2030   2.162   0.932   4.039      0.316158      7.133     7.449
     9.75    49.75    2031   2.230   0.929   4.041      0.315966      7.200     7.516
     9.75    49.75    2032   2.199   0.926   4.043      0.320164      7.168     7.488
     9.75    49.75    2033   2.228   0.919   4.043      0.321676      7.189     7.511
     9.75    49.75    2034   2.227   0.906   4.040      0.326177      7.172     7.498
     9.75    49.75    2035   2.245   0.902   4.041      0.326299      7.188     7.514
     9.75    49.75    2036   2.299   0.894   4.042      0.328999      7.234     7.563
     9.75    49.75    2037   2.263   0.891   4.040      0.336499      7.193     7.530
     9.75    49.75    2038   2.220   0.908   4.043      0.348237      7.171     7.520
     9.75    49.75    2039   2.179   0.901   4.043      0.353356      7.123     7.476
     9.75    49.75    2040   2.228   0.894   4.042      0.355932      7.163     7.519
     9.75    49.75    2041   2.268   0.898   4.044      0.355520      7.210     7.566
     9.75    49.75    2042   2.244   0.898   4.044      0.362405      7.185     7.548
     9.75    49.75    2043   2.243   0.880   4.039      0.360848      7.162     7.523
     9.75    49.75    2044   2.301   0.870   4.036      0.358390      7.208     7.566
     9.75    49.75    2045   2.274   0.865   4.036      0.359698      7.175     7.535
     9.75    49.75    2046   2.263   0.878   4.035      0.366520      7.176     7.543
     9.75    49.75    2047   2.173   0.878   4.029      0.374816      7.080     7.454
     9.75    49.75    2048   2.178   0.857   4.022      0.375288      7.058     7.433
     9.75    49.75    2049   2.255   0.844   4.020      0.372119      7.119     7.491
     9.75    49.75    2050   2.262   0.846   4.020      0.372971      7.128     7.501
     9.75    49.75    2051   2.285   0.848   4.018      0.374898      7.151     7.526
     9.75    49.75    2052   2.200   0.910   4.019      0.381146      7.129     7.510
     9.75    49.75    2053   2.226   0.895   4.018      0.381989      7.139     7.521
     9.75    49.75    2054   2.218   0.918   4.017      0.388304      7.153     7.541
     9.75    49.75    2055   2.079   0.898   4.012      0.390961      6.989     7.380
     9.75    49.75    2056   2.079   0.871   4.006      0.394558      6.957     7.351
     9.75    49.75    2057   2.181   0.857   4.005      0.390340      7.043     7.434
     9.75    49.75    2058   2.201   0.855   4.002      0.392008      7.058     7.450
     9.75    49.75    2059   2.095   0.855   3.994      0.396918      6.944     7.341
     9.75    49.75    2060   2.086   0.909   3.992      0.401720      6.987     7.388
     9.75    49.75    2061   2.121   0.889   3.989      0.400810      6.999     7.400
     9.75    49.75    2062   2.115   0.897   3.988      0.407424      7.000     7.407
     9.75    49.75    2063   2.097   0.897   3.988      0.410737      6.981     7.392
     9.75    49.75    2064   2.133   0.885   3.986      0.413995      7.003     7.417
     9.75    49.75    2065   2.158   0.877   3.984      0.414185      7.019     7.433
     9.75    49.75    2066   2.076   0.864   3.981      0.415348      6.922     7.337
     9.75    49.75    2067   1.994   0.847   3.977      0.421575      6.818     7.240
     9.75    49.75    2068   2.077   0.831   3.977      0.417550      6.886     7.303
     9.75    49.75    2069   2.072   0.811   3.972      0.417634      6.854     7.272
     9.75    49.75    2070   2.080   0.818   3.970      0.419443      6.867     7.287
     9.75    49.75    2071   2.119   0.807   3.969      0.417572      6.895     7.313
     9.75    49.75    2072   2.125   0.821   3.968      0.420479      6.914     7.335
     9.75    49.75    2073   2.110   0.814   3.968      0.418298      6.892     7.310
     9.75    49.75    2074   2.091   0.810   3.969      0.419147      6.870     7.289
     9.75    49.75    2075   2.155   0.793   3.967      0.418391      6.915     7.333
     9.75    49.75    2076   2.148   0.782   3.964      0.417093      6.894     7.311
     9.75    49.75    2077   2.197   0.771   3.963      0.413949      6.931     7.345
     9.75    49.75    2078   2.211   0.775   3.965      0.413070      6.951     7.364
     9.75    49.75    2079   2.194   0.766   3.964      0.413493      6.924     7.337
     9.75    49.75    2080   2.266   0.769   3.964      0.409075      6.999     7.409
     9.75    49.75    2081   2.246   0.790   3.966      0.408102      7.002     7.410
     9.75    49.75    2082   2.188   0.784   3.965      0.409520      6.936     7.346
     9.75    49.75    2083   2.173   0.772   3.963      0.405492      6.908     7.313
     9.75    49.75    2084   2.277   0.753   3.961      0.399721      6.992     7.392
     9.75    49.75    2085   2.161   0.804   3.960      0.397904      6.925     7.323
     9.75    49.75    2086   2.199   0.794   3.957      0.397105      6.950     7.347
     9.75    49.75    2087   2.166   0.797   3.954      0.394991      6.916     7.311
     9.75    49.75    2088   2.247   0.781   3.952      0.391292      6.980     7.371
     9.75    49.75    2089   2.220   0.781   3.949      0.392489      6.950     7.342
     9.75    49.75    2090   2.231   0.775   3.949      0.389761      6.956     7.345
     9.75    49.75    2091   2.082   0.771   3.948      0.387461      6.801     7.188
     9.75    49.75    2092   2.124   0.773   3.951      0.386397      6.848     7.235
     9.75    49.75    2093   2.034   0.767   3.949      0.386007      6.751     7.137
     9.75    49.75    2094   2.056   0.765   3.946      0.385862      6.767     7.153
     9.75    49.75    2095   2.097   0.756   3.945      0.381720      6.797     7.179
     9.75    49.75    2096   2.108   0.743   3.941      0.379864      6.793     7.172
     9.75    49.75    2097   2.125   0.743   3.939      0.378076      6.808     7.186
     9.75    49.75    2098   2.162   0.743   3.940      0.377491      6.845     7.223
     9.75    49.75    2099   2.165   0.754   3.940      0.378345      6.859     7.237
     9.75    49.75    2100   2.162   0.758   3.941      0.378011      6.862     7.240
     9.75    49.75    2101   2.136   0.762   3.941      0.377858      6.839     7.217
     9.75    49.75    2102   2.113   0.767   3.942      0.378828      6.822     7.201
     9.75    49.75    2103   2.066   0.783   3.943      0.382312      6.792     7.174
     9.75    49.75    2104   2.018   0.787   3.944      0.382025      6.750     7.132
     9.75    49.75    2105   2.062   0.766   3.942      0.376525      6.770     7.146
     9.75    49.75    2106   2.052   0.760   3.940      0.373983      6.752     7.126
     9.75    49.75    2107   2.109   0.742   3.940      0.368109      6.791     7.160
     9.75    49.75    2108   2.122   0.743   3.943      0.365317      6.808     7.174
     9.75    49.75    2109   2.091   0.740   3.942      0.364221      6.773     7.137
     9.75    49.75    2110   2.165   0.733   3.943      0.358699      6.840     7.199
     9.75    49.75    2111   2.155   0.750   3.945      0.358013      6.850     7.208
     9.75    49.75    2112   2.108   0.753   3.943      0.354590      6.804     7.158
     9.75    49.75    2113   2.094   0.736   3.942      0.349057      6.771     7.120
     9.75    49.75    2114   2.192   0.721   3.941      0.342908      6.854     7.197
     9.75    49.75    2115   2.134   0.735   3.940      0.342990      6.808     7.151
     9.75    49.75    2116   2.161   0.747   3.937      0.338729      6.844     7.183
     9.75    49.75    2117   2.103   0.752   3.935      0.339200      6.790     7.130
     9.75    49.75    2118   2.126   0.752   3.935      0.337792      6.813     7.151
     9.75    49.75    2119   2.042   0.801   3.933      0.338749      6.777     7.116
     9.75    49.75    2120   2.062   0.789   3.935      0.334139      6.786     7.120
     9.75    49.75    2121   2.037   0.769   3.935      0.328243      6.740     7.069
     9.75    49.75    2122   2.120   0.761   3.937      0.322629      6.818     7.141
     9.75    49.75    2123   2.011   0.772   3.937      0.324889      6.720     7.045
     9.75    49.75    2124   2.032   0.767   3.936      0.323224      6.735     7.058
     9.75    49.75    2125   2.074   0.761   3.935      0.319934      6.770     7.090
     9.75    49.75    2126   2.036   0.754   3.931      0.317617      6.721     7.039
     9.75    49.75    2127   2.020   0.759   3.931      0.316727      6.710     7.027
     9.75    49.75    2128   2.046   0.761   3.932      0.315368      6.739     7.054
     9.75    49.75    2129   2.040   0.770   3.933      0.315723      6.744     7.059
     9.75    49.75    2130   2.074   0.766   3.934      0.312098      6.774     7.086
    13.75    55.75    1980   3.042   1.829   4.590      0.149010      9.461     9.610
    13.75    55.75    1981   2.950   1.802   4.594      0.150674      9.347     9.497
    13.75    55.75    1982   2.937   1.781   4.597      0.152907      9.315     9.468
    13.75    55.75    1983   2.958   1.760   4.597      0.154288      9.314     9.468
    13.75    55.75    1984   3.002   1.763   4.599      0.156762      9.363     9.520
    13.75    55.75    1985   3.027   1.765   4.604      0.161130      9.396     9.558
    13.75    55.75    1986   3.013   1.784   4.613      0.165495      9.410     9.576
    13.75    55.75    1987   3.030   1.763   4.618      0.167887      9.411     9.579
    13.75    55.75    1988   3.058   1.733   4.617      0.170652      9.408     9.579
    13.75    55.75    1989   3.039   1.734   4.620      0.174826      9.393     9.568
    13.75    55.75    1990   3.083   1.726   4.625      0.177000      9.434     9.611
    13.75    55.75    1991   3.075   1.720   4.627      0.180510      9.422     9.603
    13.75    55.75    1992   3.089   1.711   4.629      0.182971      9.430     9.613
    13.75    55.75    1993   3.156   1.716   4.634      0.186589      9.507     9.693
    13.75    55.75    1994   3.175   1.714   4.636      0.193556      9.525     9.718
    13.75    55.75    1995   3.142   1.710   4.637      0.198172      9.490     9.688
    13.75    55.75    1996   3.170   1.698   4.638      0.200077      9.507     9.707
    13.75    55.75    1997   3.189   1.692   4.640      0.205026      9.521     9.726
    13.75    55.75    1998   3.199   1.686   4.641      0.210923      9.527     9.738
    13.75    55.75    1999   3.213   1.688   4.643      0.215437      9.543     9.758
    13.75    55.75    2000   3.084   1.681   4.644      0.219900      9.409     9.629
    13.75    55.75    2001   3.150   1.684   4.649      0.221785      9.483     9.705
    13.75    55.75    2002   3.112   1.692   4.655      0.229321      9.458     9.688
    13.75    55.75    2003   3.135   1.686   4.656      0.232321      9.477     9.710
    13.75    55.75    2004   3.125   1.745   4.655      0.236870      9.525     9.762
    13.75    55.75    2005   2.843   1.841   4.654      0.243902      9.339     9.583
    13.75    55.75    2006   2.752   1.820   4.658      0.246428      9.231     9.477
    13.75    55.75    2007   2.734   1.890   4.659      0.246809      9.284     9.531
    13.75    55.75    2008   2.654   1.860   4.657      0.253168      9.171     9.424
    13.75    55.75    2009   2.716   1.835   4.656      0.253228      9.207     9.461
    13.75    55.75    2010   2.802   1.807   4.655      0.256854      9.264     9.521
    13.75    55.75    2011   2.919   1.787   4.652      0.259700      9.358     9.618
    13.75    55.75    2012   2.797   1.792   4.654      0.264133      9.243     9.507
    13.75    55.75    2013   2.805   1.767   4.661      0.259915      9.233     9.493
    13.75    55.75    2014   2.950   1.725   4.665      0.255990      9.340     9.596
    13.75    55.75    2015   2.786   1.836   4.665      0.259197      9.287     9.547
    13.75    55.75    2016   2.816   1.799   4.666      0.258419      9.280     9.539
    13.75    55.75    2017   2.885   1.751   4.661      0.256658      9.297     9.554
    13.75    55.75    2018   3.006   1.735   4.662      0.257825      9.403     9.661
    13.75    55.75    2019   2.923   1.725   4.662      0.267360      9.309     9.576
    13.75    55.75    2020   3.054   1.700   4.661      0.267541      9.414     9.682
    13.75    55.75    2021   3.042   1.681   4.661      0.270855      9.384     9.655
    13.75    55.75    2022   3.047   1.668   4.661      0.275251      9.376     9.652
    13.75    55.75    2023   3.102   1.651   4.663      0.276748      9.415     9.692
    13.75    55.75    2024   3.003   1.638   4.666      0.277961      9.308     9.585
    13.75    55.75    2025   2.997   1.619   4.670      0.274270      9.286     9.560
    13.75    55.75    2026   3.119   1.578   4.669      0.270631      9.367     9.638
    13.75    55.75    2027   3.169   1.577   4.671      0.272832      9.416     9.689
    13.75    55.75    2028   3.300   1.559   4.666      0.274550      9.526     9.800
    13.75    55.75    2029   3.263   1.571   4.667      0.284802      9.500     9.785
    13.75    55.75    2030   3.277   1.549   4.666      0.286816      9.492     9.779
    13.75    55.75    2031   3.234   1.546   4.667      0.291605      9.447     9.739
    13.75    55.75    2032   3.182   1.546   4.671      0.295051      9.398     9.693
    13.75    55.75    2033   3.336   1.512   4.666      0.294050      9.514     9.808
    13.75    55.75    2034   3.396   1.496   4.657      0.302028      9.549     9.851
    13.75    55.75    2035   3.407   1.516   4.657      0.313779      9.580     9.894
    13.75    55.75    2036   3.401   1.521   4.657      0.323230      9.579     9.902
    13.75    55.75    2037   3.452   1.514   4.653      0.333137      9.619     9.952
    13.75    55.75    2038   3.371   1.540   4.658      0.345200      9.569     9.914
    13.75    55.75    2039   3.370   1.523   4.658      0.347534      9.551     9.899
    13.75    55.75    2040   3.481   1.498   4.654      0.348223      9.632     9.981
    13.75    55.75    2041   3.367   1.513   4.656      0.356262      9.536     9.892
    13.75    55.75    2042   3.344   1.500   4.655      0.359286      9.499     9.858
    13.75    55.75    2043   3.453   1.477   4.654      0.356510      9.583     9.940
    13.75    55.75    2044   3.387   1.471   4.653      0.358245      9.510     9.868
    13.75    55.75    2045   3.470   1.449   4.646      0.359008      9.565     9.924
    13.75    55.75    2046   3.493   1.440   4.641      0.361263      9.574     9.935
    13.75    55.75    2047   3.463   1.448   4.636      0.374060      9.547     9.921
    13.75    55.75    2048   3.544   1.438   4.630      0.380262      9.612     9.992
    13.75    55.75    2049   3.457   1.448   4.628      0.391669      9.533     9.925
    13.75    55.75    2050   3.490   1.453   4.626      0.397783      9.569     9.967
    13.75    55.75    2051   3.436   1.455   4.626      0.405063      9.517     9.922
    13.75    55.75    2052   3.453   1.454   4.627      0.407199      9.534     9.942
    13.75    55.75    2053   3.539   1.438   4.625      0.406144      9.601    10.008
    13.75    55.75    2054   3.498   1.441   4.620      0.413453      9.559     9.973
    13.75    55.75    2055   3.536   1.448   4.618      0.420759      9.603    10.023
    13.75    55.75    2056   3.595   1.426   4.609      0.422922      9.630    10.053
    13.75    55.75    2057   3.429   1.448   4.609      0.430770      9.486     9.917
    13.75    55.75    2058   3.566   1.417   4.606      0.427928      9.590    10.018
    13.75    55.75    2059   3.575   1.403   4.595      0.432131      9.573    10.005
    13.75    55.75    2060   3.510   1.439   4.589      0.439049      9.537     9.976
    13.75    55.75    2061   3.545   1.449   4.590      0.448710      9.583    10.032
    13.75    55.75    2062   3.537   1.455   4.591      0.451625      9.583    10.035
    13.75    55.75    2063   3.361   1.492   4.595      0.469492      9.448     9.917
    13.75    55.75    2064   3.424   1.467   4.592      0.469923      9.483     9.953
    13.75    55.75    2065   3.353   1.461   4.588      0.474723      9.401     9.876
    13.75    55.75    2066   3.414   1.455   4.587      0.477872      9.456     9.934
    13.75    55.75    2067   3.368   1.459   4.584      0.485009      9.411     9.896
    13.75    55.75    2068   3.291   1.535   4.585      0.488538      9.411     9.899
    13.75    55.75    2069   3.355   1.525   4.585      0.490310      9.465     9.955
    13.75    55.75    2070   3.346   1.534   4.586      0.500372      9.466     9.966
    13.75    55.75    2071   3.281   1.538   4.589      0.502497      9.408     9.911
    13.75    55.75    2072   3.325   1.524   4.591      0.503420      9.440     9.943
    13.75    55.75    2073   3.366   1.523   4.593      0.504332      9.481     9.986
    13.75    55.75    2074   3.256   1.547   4.599      0.512897      9.401     9.914
    13.75    55.75    2075   3.312   1.521   4.595      0.515315      9.428     9.943
    13.75    55.75    2076   3.392   1.509   4.594      0.514328      9.495    10.009
    13.75    55.75    2077   3.384   1.514   4.589      0.528683      9.487    10.015
    13.75    55.75    2078   3.306   1.538   4.593      0.531455      9.437     9.969
    13.75    55.75    2079   3.239   1.530   4.596      0.535703      9.366     9.901
    13.75    55.75    2080   3.294   1.513   4.596      0.533601      9.404     9.937
    13.75    55.75    2081   3.307   1.500   4.596      0.532071      9.402     9.934
    13.75    55.75    2082   3.357   1.491   4.594      0.530236      9.442     9.973
    13.75    55.75    2083   3.375   1.497   4.598      0.526266      9.471     9.997
    13.75    55.75    2084   3.325   1.516   4.604      0.531898      9.445     9.977
    13.75    55.75    2085   3.442   1.508   4.606      0.530231      9.556    10.087
    13.75    55.75    2086   3.331   1.549   4.606      0.536988      9.486    10.023
    13.75    55.75    2087   3.339   1.557   4.604      0.539691      9.501    10.041
    13.75    55.75    2088   3.287   1.551   4.608      0.538680      9.445     9.984
    13.75    55.75    2089   3.313   1.539   4.606      0.540198      9.458     9.998
    13.75    55.75    2090   3.355   1.537   4.605      0.537507      9.497    10.034
    13.75    55.75    2091   3.383   1.549   4.608      0.543208      9.539    10.082
    13.75    55.75    2092   3.353   1.568   4.609      0.552118      9.530    10.082
    13.75    55.75    2093   3.401   1.571   4.611      0.555273      9.582    10.138
    13.75    55.75    2094   3.340   1.575   4.612      0.562772      9.527    10.090
    13.75    55.75    2095   3.372   1.572   4.610      0.569549      9.554    10.123
    13.75    55.75    2096   3.357   1.564   4.609      0.569499      9.530    10.100
    13.75    55.75    2097   3.377   1.632   4.610      0.568446      9.619    10.188
    13.75    55.75    2098   3.316   1.669   4.610      0.565622      9.595    10.161
    13.75    55.75    2099   3.303   1.751   4.610      0.560549      9.664    10.225
    13.75    55.75    2100   3.342   1.744   4.613      0.559072      9.699    10.258
    13.75    55.75    2101   3.263   1.746   4.617      0.564183      9.626    10.190
    13.75    55.75    2102   3.289   1.725   4.616      0.566177      9.630    10.196
    13.75    55.75    2103   3.337   1.714   4.620      0.563634      9.671    10.235
    13.75    55.75    2104   3.293   1.714   4.625      0.563053      9.632    10.195
    13.75    55.75    2105   3.377   1.676   4.621      0.556864      9.675    10.232
    13.75    55.75    2106   3.426   1.662   4.621      0.556430      9.709    10.265
    13.75    55.75    2107   3.374   1.708   4.614      0.555928      9.696    10.252
    13.75    55.75    2108   3.238   1.730   4.619      0.565852      9.588    10.153
    13.75    55.75    2109   3.243   1.700   4.620      0.559467      9.563    10.122
    13.75    55.75    2110   3.349   1.664   4.617      0.552261      9.630    10.182
    13.75    55.75    2111   3.367   1.648   4.616      0.547270      9.631    10.178
    13.75    55.75    2112   3.393   1.637   4.615      0.545487      9.645    10.191
    13.75    55.75    2113   3.321   1.636   4.617      0.540970      9.575    10.116
    13.75    55.75    2114   3.306   1.645   4.622      0.539872      9.573    10.113
    13.75    55.75    2115   3.415   1.635   4.623      0.537076      9.673    10.210
    13.75    55.75    2116   3.372   1.633   4.620      0.536410      9.625    10.161
    13.75    55.75    2117   3.388   1.630   4.617      0.541630      9.634    10.176
    13.75    55.75    2118   3.224   1.704   4.618      0.537990      9.545    10.083
    13.75    55.75    2119   3.238   1.677   4.615      0.534919      9.531    10.066
    13.75    55.75    2120   3.275   1.679   4.612      0.531422      9.566    10.098
    13.75    55.75    2121   3.262   1.675   4.614      0.530086      9.551    10.081
    13.75    55.75    2122   3.188   1.701   4.615      0.543529      9.504    10.047
    13.75    55.75    2123   3.239   1.693   4.615      0.540661      9.547    10.087
    13.75    55.75    2124   3.217   1.685   4.615      0.537937      9.517    10.055
    13.75    55.75    2125   3.255   1.673   4.614      0.538695      9.542    10.080
    13.75    55.75    2126   3.257   1.656   4.610      0.536007      9.524    10.060
    13.75    55.75    2127   3.339   1.650   4.611      0.533579      9.600    10.134
    13.75    55.75    2128   3.254   1.677   4.611      0.533279      9.542    10.075
    13.75    55.75    2129   3.330   1.645   4.607      0.527748      9.582    10.110
    13.75    55.75    2130   3.292   1.649   4.607      0.526383      9.549    10.075
    23.75    61.75    1980   4.616   4.717  16.665      0.650136     25.998    26.648
    23.75    61.75    1981   4.669   4.718  16.668      0.660527     26.054    26.715
    23.75    61.75    1982   4.674   4.729  16.672      0.670408     26.075    26.746
    23.75    61.75    1983   4.738   4.772  16.684      0.679147     26.193    26.873
    23.75    61.75    1984   4.539   4.827  16.675      0.695307     26.040    26.735
    23.75    61.75    1985   4.586   4.778  16.669      0.703496     26.032    26.736
    23.75    61.75    1986   4.490   4.811  16.674      0.714783     25.975    26.690
    23.75    61.75    1987   4.574   4.744  16.669      0.725526     25.987    26.713
    23.75    61.75    1988   4.539   4.698  16.656      0.737342     25.893    26.631
    23.75    61.75    1989   4.577   4.719  16.661      0.745979     25.957    26.703
    23.75    61.75    1990   4.597   4.679  16.660      0.759002     25.936    26.695
    23.75    61.75    1991   4.634   4.692  16.663      0.773478     25.989    26.763
    23.75    61.75    1992   4.602   4.786  16.660      0.782928     26.048    26.831
    23.75    61.75    1993   4.669   4.779  16.663      0.788564     26.111    26.899
    23.75    61.75    1994   4.688   4.718  16.655      0.797509     26.061    26.859
    23.75    61.75    1995   4.751   4.671  16.649      0.809426     26.071    26.880
    23.75    61.75    1996   4.738   4.670  16.646      0.824601     26.054    26.879
    23.75    61.75    1997   4.743   4.612  16.636      0.834502     25.991    26.826
    23.75    61.75    1998   4.803   4.597  16.628      0.841374     26.029    26.871
    23.75    61.75    1999   4.927   4.546  16.615      0.855144     26.087    26.942
    23.75    61.75    2000   4.958   4.541  16.606      0.868451     26.105    26.974
    23.75    61.75    2001   4.969   4.565  16.609      0.882072     26.143    27.025
    23.75    61.75    2002   5.029   4.550  16.609      0.888831     26.188    27.077
    23.75    61.75    2003   4.999   4.554  16.611      0.902980     26.164    27.067
    23.75    61.75    2004   5.094   4.459  16.591      0.910977     26.144    27.055
    23.75    61.75    2005   5.160   4.405  16.570      0.924710     26.135    27.060
    23.75    61.75    2006   5.137   4.435  16.567      0.946619     26.138    27.085
    23.75    61.75    2007   5.175   4.354  16.543      0.958528     26.071    27.030
    23.75    61.75    2008   5.214   4.326  16.530      0.970889     26.069    27.040
    23.75    61.75    2009   5.254   4.304  16.516      0.986220     26.074    27.060
    23.75    61.75    2010   5.344   4.309  16.509      1.000151     26.162    27.162
    23.75    61.75    2011   5.021   4.415  16.503      1.084718     25.938    27.023
    23.75    61.75    2012   4.970   4.444  16.493      1.113342     25.906    27.019
    23.75    61.75    2013   4.914   4.520  16.501      1.135938     25.935    27.070
    23.75    61.75    2014   5.013   4.466  16.498      1.138166     25.977    27.115
    23.75    61.75    2015   4.784   4.441  16.475      1.187235     25.700    26.887
    23.75    61.75    2016   4.745   4.443  16.468      1.211586     25.656    26.868
    23.75    61.75    2017   4.666   4.506  16.475      1.231551     25.647    26.878
    23.75    61.75    2018   4.628   4.459  16.465      1.257496     25.552    26.809
    23.75    61.75    2019   4.762   4.398  16.454      1.257125     25.614    26.871
    23.75    61.75    2020   4.820   4.374  16.442      1.268991     25.636    26.905
    23.75    61.75    2021   4.910   4.309  16.422      1.282483     25.641    26.923
    23.75    61.75    2022   4.996   4.269  16.405      1.290211     25.670    26.961
    23.75    61.75    2023   5.036   4.289  16.402      1.303304     25.728    27.031
    23.75    61.75    2024   4.945   4.333  16.404      1.338636     25.681    27.020
    23.75    61.75    2025   4.849   4.359  16.405      1.363997     25.613    26.977
    23.75    61.75    2026   4.826   4.365  16.407      1.377769     25.597    26.975
    23.75    61.75    2027   4.906   4.337  16.403      1.382511     25.645    27.028
    23.75    61.75    2028   4.957   4.302  16.391      1.392602     25.650    27.042
    23.75    61.75    2029   4.968   4.299  16.386      1.404860     25.653    27.058
    23.75    61.75    2030   4.999   4.341  16.393      1.412883     25.733    27.146
    23.75    61.75    2031   5.042   4.338  16.397      1.416227     25.778    27.194
    23.75    61.75    2032   5.158   4.273  16.389      1.412229     25.820    27.232
    23.75    61.75    2033   5.149   4.220  16.367      1.431270     25.736    27.168
    23.75    61.75    2034   4.986   4.287  16.370      1.455773     25.643    27.099
    23.75    61.75    2035   5.036   4.213  16.349      1.471191     25.598    27.069
    23.75    61.75    2036   5.004   4.225  16.344      1.489232     25.574    27.063
    23.75    61.75    2037   5.074   4.224  16.339      1.489912     25.637    27.127
    23.75    61.75    2038   5.186   4.227  16.341      1.481883     25.753    27.235
    23.75    61.75    2039   5.227   4.282  16.334      1.478052     25.843    27.321
    23.75    61.75    2040   5.317   4.230  16.320      1.478559     25.866    27.344
    23.75    61.75    2041   5.346   4.227  16.313      1.484600     25.886    27.370
    23.75    61.75    2042   5.206   4.286  16.306      1.495748     25.799    27.295
    23.75    61.75    2043   5.280   4.271  16.302      1.498757     25.852    27.351
    23.75    61.75    2044   5.030   4.330  16.301      1.543578     25.660    27.204
    23.75    61.75    2045   4.968   4.397  16.289      1.552880     25.654    27.207
    23.75    61.75    2046   4.973   4.391  16.285      1.562008     25.649    27.211
    23.75    61.75    2047   5.119   4.333  16.269      1.565159     25.722    27.287
    23.75    61.75    2048   5.221   4.272  16.248      1.566536     25.740    27.307
    23.75    61.75    2049   5.226   4.325  16.250      1.580183     25.800    27.381
    23.75    61.75    2050   5.089   4.354  16.250      1.609356     25.693    27.302
    23.75    61.75    2051   5.194   4.318  16.244      1.606105     25.756    27.362
    23.75    61.75    2052   5.145   4.343  16.245      1.618832     25.732    27.351
    23.75    61.75    2053   5.187   4.315  16.238      1.621393     25.740    27.361
    23.75    61.75    2054   5.135   4.276  16.224      1.630327     25.635    27.265
    23.75    61.75    2055   5.200   4.282  16.220      1.637956     25.702    27.340
    23.75    61.75    2056   5.217   4.270  16.203      1.629843     25.690    27.320
    23.75    61.75    2057   5.301   4.318  16.211      1.624481     25.829    27.454
    23.75    61.75    2058   5.309   4.275  16.200      1.632731     25.784    27.417
    23.75    61.75    2059   5.444   4.177  16.170      1.629025     25.792    27.421
    23.75    61.75    2060   5.374   4.197  16.161      1.638684     25.732    27.371
    23.75    61.75    2061   5.388   4.202  16.154      1.646573     25.745    27.391
    23.75    61.75    2062   5.472   4.180  16.147      1.642313     25.800    27.443
    23.75    61.75    2063   5.441   4.177  16.138      1.653672     25.755    27.409
    23.75    61.75    2064   5.461   4.190  16.133      1.661946     25.784    27.446
    23.75    61.75    2065   5.503   4.153  16.113      1.672201     25.770    27.442
    23.75    61.75    2066   5.418   4.254  16.108      1.686232     25.779    27.466
    23.75    61.75    2067   5.424   4.257  16.105      1.684591     25.787    27.471
    23.75    61.75    2068   5.440   4.266  16.107      1.678947     25.813    27.492
    23.75    61.75    2069   5.434   4.280  16.107      1.685609     25.821    27.506
    23.75    61.75    2070   5.456   4.250  16.092      1.692761     25.797    27.490
    23.75    61.75    2071   5.361   4.352  16.090      1.685157     25.802    27.488
    23.75    61.75    2072   5.299   4.374  16.090      1.704624     25.763    27.468
    23.75    61.75    2073   5.305   4.387  16.089      1.707915     25.780    27.488
    23.75    61.75    2074   5.252   4.425  16.093      1.714426     25.771    27.485
    23.75    61.75    2075   5.248   4.430  16.093      1.721624     25.772    27.493
    23.75    61.75    2076   5.302   4.391  16.085      1.711395     25.778    27.489
    23.75    61.75    2077   5.425   4.351  16.074      1.704481     25.850    27.555
    23.75    61.75    2078   5.381   4.384  16.077      1.698240     25.843    27.541
    23.75    61.75    2079   5.412   4.494  16.088      1.682064     25.995    27.677
    23.75    61.75    2080   5.353   4.479  16.088      1.687783     25.920    27.608
    23.75    61.75    2081   5.464   4.448  16.082      1.673804     25.994    27.668
    23.75    61.75    2082   5.411   4.500  16.087      1.667836     25.998    27.666
    23.75    61.75    2083   5.454   4.470  16.086      1.650189     26.010    27.660
    23.75    61.75    2084   5.356   4.533  16.094      1.657590     25.984    27.641
    23.75    61.75    2085   5.441   4.499  16.090      1.640152     26.029    27.669
    23.75    61.75    2086   5.532   4.509  16.090      1.625750     26.130    27.756
    23.75    61.75    2087   5.597   4.478  16.080      1.616856     26.156    27.773
    23.75    61.75    2088   5.582   4.507  16.082      1.609866     26.170    27.780
    23.75    61.75    2089   5.669   4.475  16.077      1.590905     26.221    27.811
    23.75    61.75    2090   5.696   4.412  16.060      1.573992     26.168    27.742
    23.75    61.75    2091   5.701   4.429  16.055      1.566198     26.184    27.751
    23.75    61.75    2092   5.524   4.522  16.054      1.572647     26.100    27.673
    23.75    61.75    2093   5.270   4.632  16.051      1.590952     25.953    27.544
    23.75    61.75    2094   5.170   4.659  16.047      1.589889     25.877    27.466
    23.75    61.75    2095   5.110   4.657  16.041      1.587985     25.807    27.395
    23.75    61.75    2096   4.984   4.717  16.042      1.586198     25.743    27.329
    23.75    61.75    2097   5.017   4.693  16.035      1.576009     25.746    27.322
    23.75    61.75    2098   5.126   4.638  16.025      1.558985     25.789    27.348
    23.75    61.75    2099   5.017   4.663  16.027      1.550481     25.707    27.257
    23.75    61.75    2100   5.063   4.602  16.017      1.534228     25.681    27.215
    23.75    61.75    2101   5.175   4.597  16.020      1.514996     25.792    27.307
    23.75    61.75    2102   5.274   4.599  16.020      1.499282     25.892    27.392
    23.75    61.75    2103   5.269   4.608  16.023      1.484652     25.900    27.385
    23.75    61.75    2104   5.150   4.665  16.031      1.480314     25.846    27.326
    23.75    61.75    2105   5.129   4.669  16.030      1.471971     25.828    27.300
    23.75    61.75    2106   5.024   4.685  16.025      1.468599     25.733    27.202
    23.75    61.75    2107   5.156   4.621  16.014      1.453958     25.791    27.245
    23.75    61.75    2108   4.912   4.839  16.017      1.438021     25.768    27.206
    23.75    61.75    2109   4.996   4.849  16.031      1.420721     25.876    27.297
    23.75    61.75    2110   4.983   4.831  16.030      1.412285     25.844    27.256
    23.75    61.75    2111   4.998   4.820  16.026      1.401173     25.844    27.245
    23.75    61.75    2112   4.906   4.864  16.033      1.391611     25.804    27.195
    23.75    61.75    2113   4.875   4.849  16.034      1.377434     25.759    27.136
    23.75    61.75    2114   4.808   4.881  16.041      1.364077     25.730    27.094
    23.75    61.75    2115   4.803   4.877  16.042      1.352388     25.722    27.074
    23.75    61.75    2116   4.953   4.858  16.044      1.331481     25.854    27.185
    23.75    61.75    2117   4.973   4.833  16.041      1.316585     25.846    27.162
    23.75    61.75    2118   5.029   4.837  16.047      1.298678     25.913    27.212
    23.75    61.75    2119   4.954   4.890  16.046      1.284006     25.890    27.174
    23.75    61.75    2120   5.077   4.796  16.034      1.263527     25.908    27.171
    23.75    61.75    2121   5.132   4.783  16.034      1.245364     25.950    27.195
    23.75    61.75    2122   5.085   4.803  16.035      1.238005     25.923    27.161
    23.75    61.75    2123   5.014   4.806  16.031      1.231565     25.851    27.082
    23.75    61.75    2124   4.986   4.806  16.027      1.222005     25.819    27.041
    23.75    61.75    2125   4.982   4.841  16.020      1.204688     25.843    27.048
    23.75    61.75    2126   5.016   4.852  16.025      1.190291     25.892    27.083
    23.75    61.75    2127   5.137   4.798  16.018      1.172175     25.952    27.125
    23.75    61.75    2128   5.190   4.757  16.008      1.157519     25.956    27.113
    23.75    61.75    2129   5.240   4.759  16.009      1.143013     26.008    27.151
    23.75    61.75    2130   5.238   4.710  15.999      1.130405     25.946    27.077
    21.75    39.75    1980   0.757   0.237   1.902      0.016658      2.896     2.913
    21.75    39.75    1981   0.543   0.389   1.897      0.016580      2.830     2.847
    21.75    39.75    1982   0.570   0.357   1.900      0.016347      2.827     2.843
    21.75    39.75    1983   0.632   0.351   1.897      0.016246      2.880     2.896
    21.75    39.75    1984   0.584   0.358   1.894      0.016059      2.837     2.853
    21.75    39.75    1985   0.573   0.330   1.899      0.016127      2.802     2.819
    21.75    39.75    1986   0.656   0.314   1.901      0.016103      2.871     2.887
    21.75    39.75    1987   0.667   0.337   1.903      0.017597      2.907     2.925
    21.75    39.75    1988   0.662   0.329   1.909      0.017783      2.900     2.917
    21.75    39.75    1989   0.623   0.319   1.913      0.017623      2.855     2.872
    21.75    39.75    1990   0.624   0.293   1.917      0.017460      2.834     2.852
    21.75    39.75    1991   0.600   0.287   1.915      0.017267      2.801     2.819
    21.75    39.75    1992   0.633   0.275   1.915      0.017072      2.823     2.840
    21.75    39.75    1993   0.637   0.276   1.912      0.016891      2.825     2.842
    21.75    39.75    1994   0.680   0.259   1.909      0.016741      2.848     2.864
    21.75    39.75    1995   0.694   0.269   1.906      0.016735      2.870     2.887
    21.75    39.75    1996   0.672   0.286   1.905      0.016729      2.863     2.880
    21.75    39.75    1997   0.694   0.282   1.904      0.016569      2.880     2.896
    21.75    39.75    1998   0.693   0.276   1.904      0.016427      2.873     2.890
    21.75    39.75    1999   0.627   0.267   1.901      0.016292      2.796     2.812
    21.75    39.75    2000   0.660   0.249   1.898      0.016140      2.807     2.823
    21.75    39.75    2001   0.650   0.255   1.893      0.016239      2.798     2.814
    21.75    39.75    2002   0.588   0.251   1.892      0.016339      2.731     2.748
    21.75    39.75    2003   0.649   0.236   1.891      0.016395      2.775     2.792
    21.75    39.75    2004   0.627   0.243   1.885      0.016974      2.755     2.772
    21.75    39.75    2005   0.643   0.239   1.885      0.017065      2.768     2.785
    21.75    39.75    2006   0.658   0.240   1.885      0.017173      2.783     2.800
    21.75    39.75    2007   0.651   0.235   1.885      0.017302      2.771     2.789
    21.75    39.75    2008   0.676   0.230   1.886      0.017433      2.792     2.809
    21.75    39.75    2009   0.720   0.241   1.887      0.017581      2.848     2.865
    21.75    39.75    2010   0.533   0.323   1.888      0.018399      2.745     2.763
    21.75    39.75    2011   0.492   0.273   1.889      0.018621      2.655     2.673
    21.75    39.75    2012   0.545   0.258   1.885      0.018673      2.688     2.706
    21.75    39.75    2013   0.568   0.270   1.881      0.018287      2.719     2.738
    21.75    39.75    2014   0.590   0.268   1.884      0.017897      2.741     2.759
    21.75    39.75    2015   0.557   0.265   1.886      0.017915      2.708     2.726
    21.75    39.75    2016   0.619   0.237   1.891      0.017532      2.747     2.765
    21.75    39.75    2017   0.608   0.240   1.889      0.017439      2.737     2.755
    21.75    39.75    2018   0.633   0.226   1.890      0.017033      2.749     2.766
    21.75    39.75    2019   0.625   0.226   1.889      0.016635      2.740     2.757
    21.75    39.75    2020   0.591   0.227   1.888      0.016231      2.706     2.722
    21.75    39.75    2021   0.630   0.211   1.885      0.015830      2.727     2.743
    21.75    39.75    2022   0.613   0.220   1.879      0.015441      2.712     2.727
    21.75    39.75    2023   0.692   0.210   1.880      0.015054      2.781     2.796
    21.75    39.75    2024   0.656   0.232   1.879      0.015365      2.766     2.782
    21.75    39.75    2025   0.655   0.213   1.884      0.015277      2.752     2.767
    21.75    39.75    2026   0.693   0.206   1.883      0.014924      2.782     2.797
    21.75    39.75    2027   0.695   0.211   1.883      0.015595      2.789     2.804
    21.75    39.75    2028   0.663   0.217   1.883      0.015263      2.762     2.778
    21.75    39.75    2029   0.635   0.206   1.884      0.014951      2.725     2.740
    21.75    39.75    2030   0.717   0.200   1.884      0.015092      2.801     2.816
    21.75    39.75    2031   0.703   0.234   1.883      0.014922      2.820     2.835
    21.75    39.75    2032   0.777   0.215   1.891      0.014642      2.882     2.897
    21.75    39.75    2033   0.733   0.228   1.892      0.014384      2.853     2.868
    21.75    39.75    2034   0.816   0.201   1.896      0.014142      2.912     2.927
    21.75    39.75    2035   0.753   0.224   1.893      0.014243      2.871     2.885
    21.75    39.75    2036   0.783   0.195   1.897      0.014111      2.876     2.890
    21.75    39.75    2037   0.754   0.199   1.894      0.014018      2.847     2.861
    21.75    39.75    2038   0.704   0.192   1.890      0.013795      2.786     2.800
    21.75    39.75    2039   0.746   0.181   1.888      0.013569      2.815     2.829
    21.75    39.75    2040   0.745   0.188   1.883      0.014047      2.816     2.830
    21.75    39.75    2041   0.777   0.206   1.882      0.013857      2.865     2.879
    21.75    39.75    2042   0.777   0.209   1.880      0.013930      2.866     2.880
    21.75    39.75    2043   0.745   0.202   1.878      0.013733      2.825     2.839
    21.75    39.75    2044   0.760   0.190   1.876      0.013523      2.825     2.839
    21.75    39.75    2045   0.792   0.192   1.873      0.013312      2.857     2.871
    21.75    39.75    2046   0.799   0.210   1.871      0.013256      2.880     2.893
    21.75    39.75    2047   0.781   0.206   1.872      0.013968      2.859     2.873
    21.75    39.75    2048   0.764   0.198   1.871      0.013772      2.833     2.847
    21.75    39.75    2049   0.797   0.186   1.870      0.013580      2.853     2.867
    21.75    39.75    2050   0.777   0.192   1.865      0.013514      2.835     2.849
    21.75    39.75    2051   0.738   0.201   1.864      0.013320      2.803     2.817
    21.75    39.75    2052   0.811   0.182   1.865      0.013159      2.859     2.872
    21.75    39.75    2053   0.586   0.350   1.860      0.013117      2.795     2.809
    21.75    39.75    2054   0.630   0.306   1.866      0.013359      2.801     2.814
    21.75    39.75    2055   0.650   0.307   1.862      0.013173      2.819     2.832
    21.75    39.75    2056   0.684   0.312   1.863      0.013044      2.859     2.872
    21.75    39.75    2057   0.658   0.321   1.868      0.013000      2.846     2.859
    21.75    39.75    2058   0.665   0.280   1.875      0.013603      2.821     2.835
    21.75    39.75    2059   0.650   0.270   1.875      0.013417      2.795     2.808
    21.75    39.75    2060   0.619   0.278   1.873      0.013233      2.770     2.783
    21.75    39.75    2061   0.637   0.264   1.871      0.013043      2.772     2.785
    21.75    39.75    2062   0.683   0.265   1.870      0.012871      2.818     2.830
    21.75    39.75    2063   0.708   0.277   1.872      0.012799      2.857     2.870
    21.75    39.75    2064   0.715   0.272   1.876      0.013887      2.864     2.878
    21.75    39.75    2065   0.679   0.269   1.880      0.013849      2.828     2.842
    21.75    39.75    2066   0.697   0.256   1.882      0.013999      2.836     2.850
    21.75    39.75    2067   0.673   0.265   1.880      0.013922      2.819     2.833
    21.75    39.75    2068   0.717   0.243   1.885      0.013779      2.845     2.858
    21.75    39.75    2069   0.652   0.255   1.882      0.013632      2.789     2.802
    21.75    39.75    2070   0.665   0.223   1.883      0.013446      2.771     2.785
    21.75    39.75    2071   0.690   0.224   1.878      0.013273      2.791     2.805
    21.75    39.75    2072   0.731   0.224   1.875      0.013107      2.830     2.843
    21.75    39.75    2073   0.728   0.235   1.874      0.013711      2.837     2.851
    21.75    39.75    2074   0.745   0.227   1.877      0.013915      2.849     2.863
    21.75    39.75    2075   0.739   0.230   1.876      0.013999      2.845     2.859
    21.75    39.75    2076   0.778   0.219   1.876      0.013854      2.874     2.888
    21.75    39.75    2077   0.747   0.232   1.875      0.013707      2.854     2.867
    21.75    39.75    2078   0.800   0.225   1.880      0.013590      2.905     2.918
    21.75    39.75    2079   0.830   0.236   1.881      0.014353      2.946     2.961
    21.75    39.75    2080   0.815   0.241   1.883      0.014239      2.938     2.953
    21.75    39.75    2081   0.884   0.232   1.888      0.014061      3.005     3.019
    21.75    39.75    2082   0.670   0.353   1.888      0.014700      2.911     2.926
    21.75    39.75    2083   0.688   0.302   1.894      0.015445      2.883     2.899
    21.75    39.75    2084   0.685   0.302   1.890      0.015240      2.877     2.892
    21.75    39.75    2085   0.717   0.280   1.890      0.015144      2.886     2.901
    21.75    39.75    2086   0.697   0.283   1.887      0.014939      2.867     2.882
    21.75    39.75    2087   0.723   0.256   1.888      0.014755      2.867     2.882
    21.75    39.75    2088   0.736   0.261   1.884      0.014576      2.881     2.896
    21.75    39.75    2089   0.773   0.259   1.885      0.014381      2.918     2.932
    21.75    39.75    2090   0.712   0.268   1.885      0.014504      2.865     2.879
    21.75    39.75    2091   0.726   0.248   1.886      0.015103      2.860     2.876
    21.75    39.75    2092   0.742   0.241   1.884      0.014954      2.867     2.882
    21.75    39.75    2093   0.715   0.249   1.880      0.014710      2.844     2.859
    21.75    39.75    2094   0.748   0.238   1.882      0.014535      2.868     2.883
    21.75    39.75    2095   0.667   0.283   1.879      0.014323      2.829     2.844
    21.75    39.75    2096   0.666   0.272   1.881      0.014114      2.820     2.834
    21.75    39.75    2097   0.712   0.267   1.877      0.013866      2.856     2.870
    21.75    39.75    2098   0.718   0.279   1.875      0.013624      2.873     2.887
    21.75    39.75    2099   0.730   0.279   1.880      0.013424      2.889     2.902
    21.75    39.75    2100   0.762   0.272   1.885      0.013184      2.919     2.932
    21.75    39.75    2101   0.694   0.269   1.887      0.012953      2.850     2.862
    21.75    39.75    2102   0.714   0.233   1.889      0.012756      2.837     2.849
    21.75    39.75    2103   0.719   0.248   1.885      0.012547      2.852     2.864
    21.75    39.75    2104   0.741   0.240   1.886      0.012389      2.867     2.879
    21.75    39.75    2105   0.746   0.242   1.884      0.012202      2.872     2.884
    21.75    39.75    2106   0.757   0.236   1.884      0.012015      2.877     2.889
    21.75    39.75    2107   0.728   0.242   1.883      0.011844      2.854     2.865
    21.75    39.75    2108   0.801   0.229   1.888      0.011663      2.918     2.930
    21.75    39.75    2109   0.804   0.262   1.888      0.012991      2.954     2.967
    21.75    39.75    2110   0.788   0.261   1.892      0.015532      2.941     2.956
    21.75    39.75    2111   0.848   0.253   1.896      0.015632      2.997     3.013
    21.75    39.75    2112   0.575   0.423   1.896      0.016345      2.894     2.910
    21.75    39.75    2113   0.597   0.353   1.904      0.016364      2.854     2.871
    21.75    39.75    2114   0.603   0.350   1.899      0.016205      2.852     2.868
    21.75    39.75    2115   0.627   0.333   1.898      0.016927      2.858     2.875
    21.75    39.75    2116   0.566   0.354   1.898      0.016712      2.817     2.834
    21.75    39.75    2117   0.574   0.322   1.900      0.016528      2.796     2.813
    21.75    39.75    2118   0.579   0.323   1.897      0.017182      2.799     2.816
    21.75    39.75    2119   0.618   0.311   1.900      0.016933      2.830     2.847
    21.75    39.75    2120   0.573   0.309   1.900      0.016824      2.783     2.800
    21.75    39.75    2121   0.564   0.301   1.902      0.017431      2.767     2.785
    21.75    39.75    2122   0.591   0.282   1.901      0.017166      2.773     2.791
    21.75    39.75    2123   0.558   0.291   1.897      0.016887      2.746     2.763
    21.75    39.75    2124   0.596   0.270   1.899      0.016617      2.765     2.781
    21.75    39.75    2125   0.542   0.278   1.896      0.016344      2.715     2.732
    21.75    39.75    2126   0.547   0.254   1.897      0.016435      2.698     2.715
    21.75    39.75    2127   0.585   0.253   1.891      0.016184      2.728     2.745
    21.75    39.75    2128   0.613   0.266   1.888      0.016224      2.767     2.783
    21.75    39.75    2129   0.622   0.272   1.891      0.015946      2.785     2.801
    21.75    39.75    2130   0.654   0.263   1.896      0.016064      2.813     2.829
