      Lon      Lat    Year       Jan       Feb       Mar       Apr       May       Jun       Jul       Aug       Sep       Oct       Nov       Dec
     9.75    49.75    1980    -0.276    -0.257    -0.173    -0.156    -0.168    -0.177    -0.198    -0.249    -0.276    -0.303    -0.293    -0.234
     9.75    49.75    1981    -0.179    -0.164    -0.155    -0.155    -0.172    -0.266    -0.560    -1.127    -1.195    -1.015    -0.711    -0.430
     9.75    49.75    1982    -0.263    -0.166    -0.154    -0.154    -0.166    -0.242    -0.387    -0.520    -0.473    -0.450    -0.361    -0.234
     9.75    49.75    1983    -0.191    -0.155    -0.154    -0.161    -0.186    -0.219    -0.256    -0.373    -0.677    -0.927    -0.683    -0.313
     9.75    49.75    1984    -0.209    -0.179    -0.161    -0.155    -0.161    -0.169    -0.213    -0.333    -0.468    -0.616    -0.563    -0.339
     9.75    49.75    1985    -0.263    -0.182    -0.155    -0.154    -0.166    -0.207    -0.283    -0.387    -0.441    -0.432    -0.303    -0.244
     9.75    49.75    1986    -0.244    -0.242    -0.223    -0.156    -0.165    -0.235    -0.396    -0.782    -1.093    -0.767    -0.374    -0.228
     9.75    49.75    1987    -0.199    -0.198    -0.157    -0.154    -0.159    -0.164    -0.180    -0.264    -0.294    -0.254    -0.226    -0.185
     9.75    49.75    1988    -0.163    -0.155    -0.154    -0.161    -0.201    -0.295    -0.560    -1.267    -1.842    -2.171    -2.165    -1.588
     9.75    49.75    1989    -0.952    -0.795    -0.244    -0.157    -0.158    -0.176    -0.247    -0.418    -0.587    -0.643    -0.471    -0.304
     9.75    49.75    1990    -0.223    -0.179    -0.157    -0.153    -0.163    -0.196    -0.260    -0.422    -0.724    -1.002    -0.968    -0.607
     9.75    49.75    1991    -0.365    -0.227    -0.170    -0.161    -0.185    -0.199    -0.291    -0.570    -0.993    -1.285    -1.133    -0.476
     9.75    49.75    1992    -0.221    -0.173    -0.154    -0.154    -0.171    -0.217    -0.272    -0.470    -0.788    -0.998    -0.846    -0.592
     9.75    49.75    1993    -0.587    -0.567    -0.216    -0.155    -0.175    -0.235    -0.373    -0.758    -0.748    -0.426    -0.343    -0.279
     9.75    49.75    1994    -0.212    -0.163    -0.153    -0.154    -0.176    -0.252    -0.486    -1.078    -1.446    -1.694    -1.289    -0.644
     9.75    49.75    1995    -0.428    -0.425    -0.248    -0.154    -0.158    -0.196    -0.307    -0.341    -0.396    -0.468    -0.347    -0.208
     9.75    49.75    1996    -0.173    -0.162    -0.153    -0.155    -0.177    -0.253    -0.403    -0.576    -0.710    -0.711    -0.414    -0.288
     9.75    49.75    1997    -0.237    -0.236    -0.180    -0.159    -0.165    -0.178    -0.201    -0.282    -0.338    -0.337    -0.273    -0.196
     9.75    49.75    1998    -0.168    -0.158    -0.154    -0.159    -0.194    -0.240    -0.404    -0.887    -1.117    -1.108    -0.972    -0.572
     9.75    49.75    1999    -0.320    -0.202    -0.172    -0.163    -0.205    -0.268    -0.490    -1.085    -1.745    -2.092    -1.779    -1.049
     9.75    49.75    2000    -0.507    -0.289    -0.222    -0.215    -0.319    -0.631    -1.084    -1.657    -1.862    -1.872    -1.191    -0.701
     9.75    49.75    2001    -0.515    -0.400    -0.266    -0.176    -0.197    -0.223    -0.375    -0.576    -0.957    -1.146    -0.968    -0.495
     9.75    49.75    2002    -0.248    -0.183    -0.161    -0.162    -0.159    -0.216    -0.423    -0.929    -1.178    -1.205    -1.139    -0.842
     9.75    49.75    2003    -0.480    -0.470    -0.263    -0.181    -0.187    -0.253    -0.350    -0.466    -0.550    -0.618    -0.532    -0.293
     9.75    49.75    2004    -0.202    -0.175    -0.157    -0.156    -0.159    -0.173    -0.239    -0.369    -0.518    -0.564    -0.452    -0.272
     9.75    49.75    2005    -0.225    -0.184    -0.155    -0.156    -0.174    -0.216    -0.343    -0.682    -1.125    -1.405    -0.954    -0.349
     9.75    49.75    2006    -0.225    -0.191    -0.154    -0.157    -0.202    -0.358    -0.772    -1.444    -1.930    -2.188    -1.930    -1.445
     9.75    49.75    2007    -1.355    -1.313    -0.455    -0.222    -0.254    -0.453    -0.961    -1.128    -1.324    -1.603    -1.455    -0.885
     9.75    49.75    2008    -0.530    -0.465    -0.207    -0.245    -0.416    -0.850    -1.510    -2.012    -2.171    -2.288    -1.744    -0.662
     9.75    49.75    2009    -0.412    -0.227    -0.160    -0.159    -0.172    -0.220    -0.324    -0.501    -0.583    -0.624    -0.524    -0.407
     9.75    49.75    2010    -0.229    -0.172    -0.156    -0.157    -0.195    -0.253    -0.240    -0.411    -0.664    -0.777    -0.563    -0.302
     9.75    49.75    2011    -0.189    -0.161    -0.155    -0.160    -0.187    -0.238    -0.458    -1.041    -1.639    -1.946    -1.456    -0.691
     9.75    49.75    2012    -0.520    -0.381    -0.227    -0.190    -0.244    -0.437    -1.112    -1.870    -2.165    -2.189    -1.541    -0.573
     9.75    49.75    2013    -0.316    -0.263    -0.182    -0.158    -0.160    -0.189    -0.249    -0.330    -0.496    -0.808    -0.742    -0.492
     9.75    49.75    2014    -0.325    -0.198    -0.159    -0.155    -0.172    -0.254    -0.416    -0.774    -1.253    -1.701    -1.523    -0.630
     9.75    49.75    2015    -0.362    -0.199    -0.156    -0.156    -0.205    -0.334    -0.521    -1.019    -1.318    -1.371    -0.727    -0.479
     9.75    49.75    2016    -0.288    -0.161    -0.154    -0.155    -0.174    -0.220    -0.313    -0.613    -0.952    -1.161    -1.188    -0.726
     9.75    49.75    2017    -0.329    -0.204    -0.169    -0.159    -0.181    -0.277    -0.534    -1.069    -1.425    -1.683    -1.375    -0.709
     9.75    49.75    2018    -0.343    -0.222    -0.158    -0.155    -0.160    -0.215    -0.383    -0.625    -0.937    -0.941    -0.576    -0.405
     9.75    49.75    2019    -0.368    -0.344    -0.181    -0.168    -0.184    -0.269    -0.594    -0.921    -0.924    -1.155    -1.040    -0.558
     9.75    49.75    2020    -0.303    -0.198    -0.165    -0.167    -0.207    -0.349    -0.815    -1.525    -2.116    -2.325    -1.465    -0.524
     9.75    49.75    2021    -0.327    -0.208    -0.157    -0.159    -0.197    -0.235    -0.412    -0.936    -1.466    -1.673    -1.335    -0.745
     9.75    49.75    2022    -0.608    -0.302    -0.166    -0.155    -0.165    -0.194    -0.235    -0.351    -0.689    -1.075    -1.008    -0.654
     9.75    49.75    2023    -0.423    -0.378    -0.216    -0.175    -0.164    -0.206    -0.377    -0.802    -1.401    -1.722    -1.361    -0.595
     9.75    49.75    2024    -0.344    -0.210    -0.166    -0.167    -0.182    -0.220    -0.378    -0.828    -1.278    -1.413    -0.884    -0.504
     9.75    49.75    2025    -0.338    -0.264    -0.173    -0.155    -0.157    -0.194    -0.307    -0.588    -0.843    -0.800    -0.456    -0.253
     9.75    49.75    2026    -0.167    -0.156    -0.153    -0.156    -0.188    -0.285    -0.585    -1.297    -1.835    -1.961    -1.899    -1.572
     9.75    49.75    2027    -0.794    -0.264    -0.159    -0.154    -0.166    -0.211    -0.347    -0.734    -1.322    -1.845    -1.562    -0.963
     9.75    49.75    2028    -0.458    -0.251    -0.188    -0.161    -0.195    -0.350    -0.847    -1.765    -2.084    -2.167    -1.862    -1.311
     9.75    49.75    2029    -0.462    -0.226    -0.161    -0.155    -0.183    -0.249    -0.316    -0.582    -1.015    -1.475    -1.597    -1.087
     9.75    49.75    2030    -0.845    -0.524    -0.276    -0.254    -0.308    -0.623    -1.379    -1.767    -1.907    -2.053    -1.903    -1.294
     9.75    49.75    2031    -1.008    -0.970    -0.585    -0.178    -0.181    -0.198    -0.222    -0.302    -0.484    -0.805    -0.787    -0.491
     9.75    49.75    2032    -0.351    -0.223    -0.160    -0.159    -0.209    -0.300    -0.592    -1.408    -1.849    -2.031    -1.982    -1.263
     9.75    49.75    2033    -0.420    -0.231    -0.166    -0.154    -0.171    -0.251    -0.438    -0.834    -1.455    -1.915    -1.758    -1.060
     9.75    49.75    2034    -0.534    -0.261    -0.198    -0.191    -0.178    -0.264    -0.518    -1.070    -1.300    -1.449    -1.047    -0.593
     9.75    49.75    2035    -0.314    -0.196    -0.161    -0.155    -0.175    -0.283    -0.574    -1.296    -1.900    -2.038    -1.834    -1.429
     9.75    49.75    2036    -1.421    -1.010    -0.219    -0.154    -0.165    -0.182    -0.296    -0.602    -1.115    -1.591    -1.683    -1.104
     9.75    49.75    2037    -0.495    -0.273    -0.221    -0.199    -0.206    -0.276    -0.588    -1.346    -1.760    -1.875    -1.635    -0.714
     9.75    49.75    2038    -0.331    -0.208    -0.178    -0.157    -0.186    -0.318    -0.701    -1.464    -1.731    -1.819    -1.614    -0.743
     9.75    49.75    2039    -0.310    -0.213    -0.159    -0.157    -0.161    -0.165    -0.202    -0.280    -0.366    -0.462    -0.461    -0.290
     9.75    49.75    2040    -0.203    -0.168    -0.156    -0.156    -0.164    -0.176    -0.225    -0.352    -0.604    -1.089    -0.970    -0.466
     9.75    49.75    2041    -0.262    -0.200    -0.158    -0.158    -0.192    -0.226    -0.306    -0.417    -0.340    -0.363    -0.282    -0.193
     9.75    49.75    2042    -0.165    -0.161    -0.154    -0.154    -0.162    -0.177    -0.218    -0.287    -0.399    -0.505    -0.537    -0.332
     9.75    49.75    2043    -0.210    -0.171    -0.156    -0.154    -0.166    -0.237    -0.436    -1.004    -1.674    -1.857    -1.523    -0.832
     9.75    49.75    2044    -0.344    -0.205    -0.161    -0.154    -0.170    -0.254    -0.428    -0.998    -1.600    -1.742    -1.548    -0.834
     9.75    49.75    2045    -0.388    -0.217    -0.169    -0.173    -0.250    -0.494    -1.005    -1.600    -1.809    -1.867    -1.338    -0.603
     9.75    49.75    2046    -0.289    -0.186    -0.155    -0.156    -0.180    -0.274    -0.526    -1.021    -1.425    -1.662    -1.363    -0.654
     9.75    49.75    2047    -0.356    -0.246    -0.168    -0.154    -0.158    -0.164    -0.195    -0.280    -0.450    -0.699    -0.610    -0.338
     9.75    49.75    2048    -0.329    -0.325    -0.195    -0.185    -0.242    -0.466    -1.041    -1.517    -1.677    -1.859    -1.737    -1.033
     9.75    49.75    2049    -0.404    -0.200    -0.156    -0.157    -0.178    -0.271    -0.523    -1.192    -1.764    -2.077    -2.060    -0.876
     9.75    49.75    2050    -0.469    -0.245    -0.195    -0.175    -0.158    -0.161    -0.209    -0.338    -0.613    -0.990    -0.459    -0.263
     9.75    49.75    2051    -0.197    -0.157    -0.155    -0.166    -0.186    -0.224    -0.317    -0.520    -1.141    -1.528    -1.300    -0.656
     9.75    49.75    2052    -0.299    -0.220    -0.174    -0.160    -0.166    -0.173    -0.260    -0.506    -1.041    -1.381    -0.884    -0.435
     9.75    49.75    2053    -0.223    -0.172    -0.154    -0.155    -0.162    -0.213    -0.332    -0.319    -0.417    -0.593    -0.541    -0.304
     9.75    49.75    2054    -0.193    -0.162    -0.155    -0.155    -0.188    -0.315    -0.673    -1.459    -1.842    -2.015    -1.716    -1.344
     9.75    49.75    2055    -0.880    -0.541    -0.388    -0.350    -0.370    -0.443    -0.759    -1.508    -1.815    -2.029    -1.672    -0.950
     9.75    49.75    2056    -0.494    -0.282    -0.194    -0.193    -0.234    -0.378    -0.838    -1.610    -1.961    -2.321    -2.318    -1.076
     9.75    49.75    2057    -0.428    -0.257    -0.214    -0.236    -0.387    -0.797    -1.367    -1.513    -1.807    -1.877    -1.337    -0.468
     9.75    49.75    2058    -0.275    -0.167    -0.156    -0.159    -0.180    -0.259    -0.397    -0.626    -1.199    -1.565    -1.244    -0.621
     9.75    49.75    2059    -0.368    -0.209    -0.154    -0.154    -0.162    -0.208    -0.345    -0.730    -1.443    -1.646    -0.950    -0.430
     9.75    49.75    2060    -0.262    -0.204    -0.159    -0.159    -0.216    -0.363    -0.764    -1.387    -1.576    -1.544    -0.911    -0.485
     9.75    49.75    2061    -0.232    -0.181    -0.156    -0.155    -0.189    -0.306    -0.587    -1.271    -1.729    -1.918    -1.724    -1.064
     9.75    49.75    2062    -0.514    -0.262    -0.187    -0.168    -0.193    -0.310    -0.635    -1.282    -1.460    -1.587    -1.572    -1.021
     9.75    49.75    2063    -0.369    -0.198    -0.157    -0.155    -0.176    -0.237    -0.339    -0.639    -1.189    -1.420    -1.347    -0.613
     9.75    49.75    2064    -0.242    -0.181    -0.155    -0.154    -0.160    -0.187    -0.281    -0.517    -0.870    -0.974    -0.608    -0.302
     9.75    49.75    2065    -0.212    -0.180    -0.154    -0.156    -0.184    -0.230    -0.326    -0.633    -1.198    -1.398    -0.873    -0.462
     9.75    49.75    2066    -0.236    -0.173    -0.155    -0.154    -0.170    -0.251    -0.450    -1.019    -1.489    -1.606    -1.181    -0.667
     9.75    49.75    2067    -0.365    -0.237    -0.178    -0.160    -0.192    -0.302    -0.519    -1.148    -1.508    -1.569    -1.229    -0.641
     9.75    49.75    2068    -0.308    -0.192    -0.165    -0.162    -0.174    -0.243    -0.459    -1.060    -1.515    -1.788    -1.595    -0.744
     9.75    49.75    2069    -0.389    -0.266    -0.189    -0.209    -0.341    -0.680    -1.372    -1.663    -1.903    -2.125    -1.552    -0.653
     9.75    49.75    2070    -0.301    -0.177    -0.155    -0.159    -0.169    -0.207    -0.295    -0.445    -0.753    -1.060    -0.694    -0.363
     9.75    49.75    2071    -0.218    -0.167    -0.154    -0.158    -0.196    -0.319    -0.647    -1.293    -1.522    -1.670    -1.352    -0.918
     9.75    49.75    2072    -0.662    -0.397    -0.303    -0.345    -0.431    -0.666    -1.058    -1.363    -1.523    -1.575    -0.936    -0.389
     9.75    49.75    2073    -0.227    -0.168    -0.160    -0.162    -0.181    -0.217    -0.288    -0.468    -0.901    -1.250    -0.917    -0.443
     9.75    49.75    2074    -0.283    -0.191    -0.163    -0.177    -0.246    -0.465    -1.090    -1.487    -1.813    -1.678    -0.800    -0.353
     9.75    49.75    2075    -0.212    -0.162    -0.154    -0.158    -0.198    -0.316    -0.605    -1.221    -1.467    -1.567    -1.354    -0.836
     9.75    49.75    2076    -0.366    -0.251    -0.170    -0.159    -0.185    -0.278    -0.512    -1.032    -1.227    -0.879    -0.419    -0.201
     9.75    49.75    2077    -0.161    -0.155    -0.154    -0.172    -0.269    -0.523    -1.183    -1.567    -1.839    -1.961    -1.026    -0.456
     9.75    49.75    2078    -0.258    -0.160    -0.153    -0.156    -0.173    -0.246    -0.385    -0.704    -1.305    -1.383    -1.061    -0.380
     9.75    49.75    2079    -0.185    -0.156    -0.154    -0.159    -0.173    -0.208    -0.345    -0.720    -1.271    -1.332    -1.052    -0.509
     9.75    49.75    2080    -0.331    -0.265    -0.202    -0.171    -0.177    -0.267    -0.529    -1.168    -1.448    -1.386    -0.765    -0.321
     9.75    49.75    2081    -0.195    -0.161    -0.155    -0.155    -0.174    -0.250    -0.438    -0.955    -1.394    -1.463    -0.786    -0.323
     9.75    49.75    2082    -0.197    -0.162    -0.154    -0.155    -0.158    -0.184    -0.288    -0.558    -1.166    -1.228    -0.514    -0.232
     9.75    49.75    2083    -0.159    -0.153    -0.154    -0.155    -0.170    -0.233    -0.374    -0.721    -1.157    -1.255    -0.862    -0.468
     9.75    49.75    2084    -0.294    -0.205    -0.184    -0.166    -0.169    -0.240    -0.458    -1.033    -1.410    -1.269    -0.661    -0.327
     9.75    49.75    2085    -0.187    -0.156    -0.155    -0.165    -0.232    -0.425    -0.997    -1.464    -1.756    -2.097    -1.898    -1.111
     9.75    49.75    2086    -0.628    -0.349    -0.248    -0.238    -0.320    -0.662    -1.341    -1.563    -1.642    -1.680    -1.340    -0.571
     9.75    49.75    2087    -0.340    -0.230    -0.160    -0.158    -0.189    -0.307    -0.564    -0.880    -1.168    -1.355    -0.963    -0.465
     9.75    49.75    2088    -0.262    -0.183    -0.161    -0.155    -0.174    -0.262    -0.490    -0.915    -1.230    -1.339    -1.027    -0.338
     9.75    49.75    2089    -0.194    -0.160    -0.154    -0.157    -0.205    -0.361    -0.792    -1.321    -1.555    -1.728    -1.441    -0.720
     9.75    49.75    2090    -0.351    -0.219    -0.169    -0.156    -0.162    -0.187    -0.290    -0.404    -0.478    -0.503    -0.417    -0.314
     9.75    49.75    2091    -0.201    -0.169    -0.158    -0.158    -0.166    -0.201    -0.300    -0.553    -0.929    -0.918    -0.785    -0.470
     9.75    49.75    2092    -0.239    -0.174    -0.155    -0.155    -0.162    -0.218    -0.400    -0.918    -1.384    -1.515    -1.104    -0.598
     9.75    49.75    2093    -0.276    -0.183    -0.156    -0.166    -0.226    -0.367    -0.692    -1.156    -1.303    -1.373    -1.157    -0.602
     9.75    49.75    2094    -0.318    -0.189    -0.159    -0.158    -0.162    -0.167    -0.199    -0.257    -0.314    -0.320    -0.243    -0.173
     9.75    49.75    2095    -0.159    -0.155    -0.157    -0.159    -0.176    -0.203    -0.261    -0.511    -1.010    -1.207    -0.785    -0.345
     9.75    49.75    2096    -0.193    -0.159    -0.154    -0.160    -0.202    -0.325    -0.646    -1.213    -1.429    -1.518    -1.145    -0.469
     9.75    49.75    2097    -0.243    -0.182    -0.163    -0.166    -0.209    -0.374    -0.858    -1.353    -1.591    -1.726    -1.290    -0.621
     9.75    49.75    2098    -0.270    -0.171    -0.158    -0.162    -0.172    -0.202    -0.327    -0.662    -1.232    -1.148    -0.514    -0.251
     9.75    49.75    2099    -0.174    -0.155    -0.154    -0.156    -0.179    -0.270    -0.472    -0.836    -1.246    -1.325    -0.784    -0.275
     9.75    49.75    2100    -0.173    -0.155    -0.154    -0.154    -0.157    -0.179    -0.270    -0.487    -0.908    -1.205    -0.820    -0.349
     9.75    49.75    2101    -0.204    -0.161    -0.154    -0.155    -0.183    -0.289    -0.541    -1.097    -1.374    -1.472    -1.132    -0.704
     9.75    49.75    2102    -0.506    -0.329    -0.267    -0.273    -0.319    -0.440    -0.514    -0.802    -1.025    -1.074    -0.683    -0.326
     9.75    49.75    2103    -0.208    -0.172    -0.159    -0.162    -0.170    -0.185    -0.235    -0.356    -0.647    -1.034    -0.631    -0.337
     9.75    49.75    2104    -0.208    -0.165    -0.155    -0.162    -0.213    -0.373    -0.854    -1.381    -1.627    -1.462    -0.842    -0.299
     9.75    49.75    2105    -0.190    -0.160    -0.154    -0.160    -0.197    -0.302    -0.579    -1.170    -1.417    -1.504    -1.284    -0.797
     9.75    49.75    2106    -0.340    -0.248    -0.181    -0.158    -0.185    -0.287    -0.531    -1.001    -1.115    -0.936    -0.485    -0.216
     9.75    49.75    2107    -0.167    -0.156    -0.155    -0.171    -0.270    -0.534    -1.155    -1.523    -1.788    -1.841    -1.007    -0.380
     9.75    49.75    2108    -0.191    -0.153    -0.154    -0.156    -0.175    -0.245    -0.384    -0.649    -1.204    -1.286    -0.955    -0.387
     9.75    49.75    2109    -0.195    -0.158    -0.155    -0.160    -0.171    -0.193    -0.311    -0.616    -0.973    -0.970    -0.650    -0.412
     9.75    49.75    2110    -0.272    -0.221    -0.181    -0.162    -0.169    -0.244    -0.462    -0.981    -1.386    -1.413    -0.774    -0.317
     9.75    49.75    2111    -0.185    -0.158    -0.155    -0.155    -0.168    -0.233    -0.403    -0.835    -1.369    -1.390    -0.791    -0.389
     9.75    49.75    2112    -0.224    -0.171    -0.154    -0.155    -0.157    -0.176    -0.270    -0.513    -1.042    -1.117    -0.635    -0.240
     9.75    49.75    2113    -0.182    -0.159    -0.154    -0.156    -0.176    -0.236    -0.367    -0.642    -0.999    -1.138    -0.794    -0.418
     9.75    49.75    2114    -0.271    -0.192    -0.175    -0.164    -0.165    -0.230    -0.430    -0.875    -1.364    -1.381    -0.706    -0.282
     9.75    49.75    2115    -0.171    -0.155    -0.155    -0.164    -0.224    -0.405    -0.931    -1.462    -1.810    -2.095    -1.926    -1.210
     9.75    49.75    2116    -0.630    -0.404    -0.245    -0.224    -0.290    -0.588    -1.247    -1.601    -1.716    -1.722    -1.311    -0.663
     9.75    49.75    2117    -0.342    -0.198    -0.158    -0.158    -0.188    -0.300    -0.554    -0.865    -0.976    -1.104    -0.774    -0.413
     9.75    49.75    2118    -0.238    -0.183    -0.161    -0.156    -0.181    -0.284    -0.521    -1.018    -1.256    -1.374    -1.048    -0.378
     9.75    49.75    2119    -0.222    -0.167    -0.154    -0.156    -0.194    -0.336    -0.685    -1.274    -1.631    -1.813    -1.518    -0.875
     9.75    49.75    2120    -0.418    -0.290    -0.194    -0.162    -0.172    -0.197    -0.289    -0.426    -0.565    -0.516    -0.418    -0.297
     9.75    49.75    2121    -0.199    -0.167    -0.158    -0.157    -0.160    -0.183    -0.267    -0.495    -0.750    -0.779    -0.665    -0.419
     9.75    49.75    2122    -0.216    -0.170    -0.157    -0.155    -0.160    -0.210    -0.372    -0.786    -1.384    -1.564    -1.224    -0.578
     9.75    49.75    2123    -0.323    -0.187    -0.155    -0.164    -0.209    -0.332    -0.629    -0.969    -1.279    -1.302    -1.004    -0.522
     9.75    49.75    2124    -0.249    -0.167    -0.155    -0.156    -0.159    -0.166    -0.195    -0.242    -0.305    -0.313    -0.246    -0.168
     9.75    49.75    2125    -0.157    -0.155    -0.156    -0.160    -0.170    -0.181    -0.235    -0.437    -0.836    -1.094    -0.727    -0.364
     9.75    49.75    2126    -0.210    -0.168    -0.155    -0.161    -0.203    -0.310    -0.560    -1.040    -1.444    -1.555    -1.179    -0.489
     9.75    49.75    2127    -0.253    -0.182    -0.162    -0.162    -0.192    -0.324    -0.675    -1.275    -1.667    -1.837    -1.437    -0.635
     9.75    49.75    2128    -0.287    -0.181    -0.164    -0.175    -0.192    -0.212    -0.356    -0.725    -1.290    -1.139    -0.545    -0.228
     9.75    49.75    2129    -0.168    -0.155    -0.154    -0.156    -0.182    -0.293    -0.556    -1.110    -1.452    -1.508    -0.858    -0.393
     9.75    49.75    2130    -0.224    -0.172    -0.154    -0.155    -0.158    -0.175    -0.258    -0.474    -0.761    -0.910    -0.630    -0.268
    13.75    55.75    1980    -0.130    -0.130    -0.127    -0.126    -0.139    -0.190    -0.316    -0.621    -0.904    -0.615    -0.303    -0.210
    13.75    55.75    1981    -0.141    -0.126    -0.125    -0.126    -0.139    -0.192    -0.307    -0.622    -1.130    -1.261    -0.672    -0.308
    13.75    55.75    1982    -0.182    -0.130    -0.125    -0.125    -0.131    -0.157    -0.246    -0.473    -0.841    -0.645    -0.346    -0.187
    13.75    55.75    1983    -0.163    -0.129    -0.125    -0.126    -0.142    -0.191    -0.296    -0.604    -1.256    -1.663    -1.072    -0.402
    13.75    55.75    1984    -0.201    -0.144    -0.129    -0.125    -0.130    -0.159    -0.207    -0.256    -0.294    -0.254    -0.159    -0.131
    13.75    55.75    1985    -0.126    -0.125    -0.125    -0.126    -0.128    -0.139    -0.171    -0.185    -0.187    -0.148    -0.127    -0.125
    13.75    55.75    1986    -0.126    -0.126    -0.126    -0.126    -0.129    -0.153    -0.231    -0.326    -0.316    -0.201    -0.146    -0.128
    13.75    55.75    1987    -0.126    -0.126    -0.126    -0.126    -0.138    -0.176    -0.224    -0.376    -0.401    -0.238    -0.152    -0.127
    13.75    55.75    1988    -0.125    -0.125    -0.125    -0.126    -0.141    -0.194    -0.348    -0.621    -0.956    -1.118    -0.875    -0.426
    13.75    55.75    1989    -0.241    -0.240    -0.175    -0.126    -0.132    -0.172    -0.282    -0.465    -0.733    -0.625    -0.294    -0.169
    13.75    55.75    1990    -0.137    -0.130    -0.126    -0.125    -0.135    -0.149    -0.196    -0.301    -0.307    -0.243    -0.178    -0.132
    13.75    55.75    1991    -0.126    -0.126    -0.126    -0.126    -0.135    -0.189    -0.334    -0.375    -0.297    -0.212    -0.150    -0.130
    13.75    55.75    1992    -0.125    -0.125    -0.125    -0.125    -0.133    -0.160    -0.214    -0.375    -0.617    -0.728    -0.530    -0.241
    13.75    55.75    1993    -0.229    -0.218    -0.155    -0.126    -0.137    -0.172    -0.208    -0.223    -0.253    -0.236    -0.170    -0.165
    13.75    55.75    1994    -0.162    -0.140    -0.126    -0.127    -0.137    -0.174    -0.229    -0.235    -0.261    -0.205    -0.145    -0.131
    13.75    55.75    1995    -0.128    -0.127    -0.126    -0.126    -0.135    -0.172    -0.266    -0.491    -0.814    -0.801    -0.357    -0.191
    13.75    55.75    1996    -0.132    -0.125    -0.125    -0.126    -0.135    -0.183    -0.317    -0.522    -0.704    -0.488    -0.250    -0.176
    13.75    55.75    1997    -0.138    -0.138    -0.133    -0.126    -0.135    -0.181    -0.266    -0.359    -0.378    -0.288    -0.176    -0.133
    13.75    55.75    1998    -0.129    -0.127    -0.126    -0.126    -0.141    -0.172    -0.245    -0.449    -0.591    -0.584    -0.460    -0.267
    13.75    55.75    1999    -0.195    -0.161    -0.130    -0.132    -0.138    -0.180    -0.313    -0.523    -0.622    -0.361    -0.220    -0.142
    13.75    55.75    2000    -0.129    -0.126    -0.126    -0.129    -0.158    -0.251    -0.474    -1.037    -1.681    -1.466    -0.692    -0.282
    13.75    55.75    2001    -0.201    -0.201    -0.198    -0.131    -0.130    -0.149    -0.185    -0.215    -0.206    -0.170    -0.137    -0.128
    13.75    55.75    2002    -0.128    -0.129    -0.128    -0.126    -0.133    -0.181    -0.312    -0.488    -0.426    -0.276    -0.182    -0.140
    13.75    55.75    2003    -0.129    -0.129    -0.127    -0.126    -0.133    -0.168    -0.252    -0.310    -0.345    -0.227    -0.155    -0.128
    13.75    55.75    2004    -0.126    -0.126    -0.126    -0.126    -0.135    -0.152    -0.154    -0.185    -0.238    -0.269    -0.191    -0.138
    13.75    55.75    2005    -0.130    -0.128    -0.127    -0.127    -0.142    -0.187    -0.305    -0.582    -1.023    -1.024    -0.370    -0.178
    13.75    55.75    2006    -0.135    -0.126    -0.126    -0.127    -0.150    -0.179    -0.175    -0.231    -0.242    -0.175    -0.139    -0.129
    13.75    55.75    2007    -0.129    -0.129    -0.127    -0.128    -0.140    -0.199    -0.360    -0.667    -1.194    -1.305    -0.818    -0.275
    13.75    55.75    2008    -0.153    -0.129    -0.126    -0.131    -0.146    -0.179    -0.209    -0.369    -0.622    -0.824    -0.503    -0.306
    13.75    55.75    2009    -0.222    -0.159    -0.126    -0.126    -0.131    -0.167    -0.239    -0.359    -0.355    -0.271    -0.197    -0.154
    13.75    55.75    2010    -0.134    -0.126    -0.126    -0.128    -0.148    -0.218    -0.398    -0.829    -1.291    -0.714    -0.303    -0.182
    13.75    55.75    2011    -0.138    -0.129    -0.126    -0.127    -0.141    -0.197    -0.365    -0.647    -0.829    -0.638    -0.355    -0.169
    13.75    55.75    2012    -0.128    -0.126    -0.125    -0.126    -0.138    -0.150    -0.192    -0.297    -0.370    -0.366    -0.195    -0.134
    13.75    55.75    2013    -0.128    -0.127    -0.126    -0.126    -0.135    -0.144    -0.210    -0.357    -0.551    -0.699    -0.631    -0.367
    13.75    55.75    2014    -0.231    -0.155    -0.130    -0.130    -0.145    -0.204    -0.374    -0.725    -1.369    -1.796    -1.420    -0.488
    13.75    55.75    2015    -0.205    -0.137    -0.126    -0.128    -0.148    -0.235    -0.464    -0.990    -0.750    -0.358    -0.208    -0.131
    13.75    55.75    2016    -0.126    -0.125    -0.125    -0.126    -0.140    -0.207    -0.353    -0.646    -1.181    -1.569    -0.936    -0.411
    13.75    55.75    2017    -0.180    -0.135    -0.126    -0.126    -0.140    -0.195    -0.241    -0.257    -0.278    -0.244    -0.161    -0.131
    13.75    55.75    2018    -0.126    -0.125    -0.126    -0.126    -0.137    -0.163    -0.223    -0.375    -0.732    -1.000    -0.591    -0.362
    13.75    55.75    2019    -0.310    -0.266    -0.132    -0.126    -0.133    -0.165    -0.282    -0.503    -0.991    -1.250    -0.993    -0.474
    13.75    55.75    2020    -0.232    -0.148    -0.126    -0.130    -0.161    -0.264    -0.501    -1.003    -1.552    -1.526    -0.564    -0.243
    13.75    55.75    2021    -0.158    -0.133    -0.125    -0.128    -0.159    -0.254    -0.473    -1.141    -1.383    -0.864    -0.336    -0.188
    13.75    55.75    2022    -0.133    -0.125    -0.125    -0.125    -0.141    -0.207    -0.236    -0.233    -0.252    -0.242    -0.158    -0.126
    13.75    55.75    2023    -0.125    -0.125    -0.125    -0.125    -0.142    -0.205    -0.327    -0.456    -0.703    -0.911    -0.420    -0.208
    13.75    55.75    2024    -0.133    -0.125    -0.125    -0.126    -0.146    -0.177    -0.266    -0.491    -0.758    -0.633    -0.340    -0.213
    13.75    55.75    2025    -0.169    -0.161    -0.127    -0.127    -0.131    -0.141    -0.170    -0.182    -0.176    -0.159    -0.133    -0.126
    13.75    55.75    2026    -0.126    -0.125    -0.125    -0.126    -0.140    -0.179    -0.287    -0.383    -0.276    -0.174    -0.135    -0.125
    13.75    55.75    2027    -0.125    -0.125    -0.125    -0.126    -0.137    -0.172    -0.248    -0.336    -0.394    -0.242    -0.176    -0.148
    13.75    55.75    2028    -0.129    -0.125    -0.125    -0.126    -0.137    -0.178    -0.248    -0.349    -0.291    -0.239    -0.164    -0.129
    13.75    55.75    2029    -0.125    -0.125    -0.125    -0.125    -0.131    -0.163    -0.228    -0.387    -0.620    -0.622    -0.402    -0.215
    13.75    55.75    2030    -0.169    -0.165    -0.127    -0.125    -0.138    -0.188    -0.289    -0.568    -0.990    -1.186    -1.008    -0.411
    13.75    55.75    2031    -0.218    -0.182    -0.148    -0.126    -0.132    -0.164    -0.206    -0.181    -0.214    -0.206    -0.161    -0.134
    13.75    55.75    2032    -0.127    -0.127    -0.125    -0.126    -0.146    -0.202    -0.283    -0.382    -0.483    -0.539    -0.362    -0.190
    13.75    55.75    2033    -0.133    -0.125    -0.127    -0.128    -0.144    -0.198    -0.317    -0.542    -0.722    -0.903    -0.798    -0.457
    13.75    55.75    2034    -0.259    -0.131    -0.126    -0.126    -0.135    -0.179    -0.302    -0.450    -0.555    -0.545    -0.345    -0.215
    13.75    55.75    2035    -0.144    -0.127    -0.126    -0.126    -0.138    -0.189    -0.281    -0.374    -0.453    -0.347    -0.189    -0.129
    13.75    55.75    2036    -0.125    -0.125    -0.125    -0.126    -0.144    -0.210    -0.368    -0.734    -1.165    -1.468    -1.137    -0.399
    13.75    55.75    2037    -0.196    -0.129    -0.125    -0.127    -0.150    -0.198    -0.242    -0.255    -0.298    -0.297    -0.184    -0.133
    13.75    55.75    2038    -0.126    -0.125    -0.125    -0.126    -0.144    -0.204    -0.345    -0.658    -0.963    -0.837    -0.435    -0.214
    13.75    55.75    2039    -0.144    -0.139    -0.125    -0.126    -0.133    -0.145    -0.161    -0.226    -0.324    -0.304    -0.205    -0.143
    13.75    55.75    2040    -0.126    -0.126    -0.125    -0.126    -0.138    -0.165    -0.240    -0.337    -0.545    -0.718    -0.517    -0.229
    13.75    55.75    2041    -0.144    -0.125    -0.125    -0.126    -0.131    -0.145    -0.215    -0.373    -0.510    -0.287    -0.177    -0.130
    13.75    55.75    2042    -0.125    -0.125    -0.125    -0.126    -0.141    -0.202    -0.336    -0.474    -0.322    -0.218    -0.162    -0.130
    13.75    55.75    2043    -0.125    -0.125    -0.125    -0.125    -0.139    -0.205    -0.299    -0.411    -0.632    -0.508    -0.272    -0.158
    13.75    55.75    2044    -0.125    -0.125    -0.125    -0.125    -0.133    -0.165    -0.212    -0.289    -0.369    -0.361    -0.265    -0.153
    13.75    55.75    2045    -0.126    -0.125    -0.125    -0.126    -0.145    -0.208    -0.352    -0.669    -0.829    -0.466    -0.231    -0.138
    13.75    55.75    2046    -0.125    -0.125    -0.125    -0.130    -0.163    -0.247    -0.455    -0.954    -1.369    -0.906    -0.377    -0.176
    13.75    55.75    2047    -0.132    -0.125    -0.125    -0.126    -0.136    -0.177    -0.203    -0.201    -0.198    -0.162    -0.132    -0.126
    13.75    55.75    2048    -0.125    -0.125    -0.126    -0.126    -0.134    -0.170    -0.231    -0.259    -0.278    -0.266    -0.203    -0.138
    13.75    55.75    2049    -0.126    -0.125    -0.125    -0.129    -0.139    -0.160    -0.216    -0.321    -0.452    -0.573    -0.453    -0.202
    13.75    55.75    2050    -0.156    -0.137    -0.125    -0.127    -0.129    -0.150    -0.209    -0.363    -0.742    -0.894    -0.393    -0.233
    13.75    55.75    2051    -0.171    -0.128    -0.125    -0.131    -0.147    -0.201    -0.347    -0.722    -1.192    -0.933    -0.548    -0.263
    13.75    55.75    2052    -0.184    -0.183    -0.147    -0.126    -0.134    -0.160    -0.195    -0.239    -0.280    -0.239    -0.156    -0.129
    13.75    55.75    2053    -0.128    -0.127    -0.125    -0.125    -0.132    -0.172    -0.248    -0.281    -0.306    -0.268    -0.185    -0.140
    13.75    55.75    2054    -0.126    -0.125    -0.125    -0.129    -0.154    -0.219    -0.254    -0.280    -0.409    -0.509    -0.443    -0.252
    13.75    55.75    2055    -0.166    -0.135    -0.127    -0.129    -0.136    -0.183    -0.291    -0.520    -1.001    -1.073    -0.462    -0.232
    13.75    55.75    2056    -0.152    -0.125    -0.125    -0.127    -0.144    -0.204    -0.354    -0.706    -0.946    -0.732    -0.323    -0.169
    13.75    55.75    2057    -0.128    -0.125    -0.125    -0.131    -0.160    -0.239    -0.372    -0.622    -0.883    -0.585    -0.212    -0.141
    13.75    55.75    2058    -0.128    -0.125    -0.125    -0.127    -0.136    -0.174    -0.248    -0.256    -0.267    -0.235    -0.184    -0.138
    13.75    55.75    2059    -0.137    -0.137    -0.127    -0.127    -0.131    -0.172    -0.250    -0.381    -0.621    -0.849    -0.484    -0.260
    13.75    55.75    2060    -0.166    -0.148    -0.127    -0.126    -0.143    -0.192    -0.285    -0.326    -0.342    -0.343    -0.235    -0.155
    13.75    55.75    2061    -0.131    -0.126    -0.125    -0.128    -0.146    -0.188    -0.252    -0.361    -0.683    -1.032    -0.627    -0.240
    13.75    55.75    2062    -0.159    -0.128    -0.126    -0.128    -0.144    -0.216    -0.342    -0.542    -0.778    -0.629    -0.373    -0.213
    13.75    55.75    2063    -0.136    -0.125    -0.126    -0.128    -0.143    -0.206    -0.308    -0.464    -0.684    -0.578    -0.326    -0.167
    13.75    55.75    2064    -0.129    -0.125    -0.125    -0.128    -0.135    -0.178    -0.266    -0.477    -0.865    -0.639    -0.330    -0.163
    13.75    55.75    2065    -0.131    -0.125    -0.125    -0.127    -0.135    -0.133    -0.145    -0.206    -0.244    -0.219    -0.144    -0.127
    13.75    55.75    2066    -0.126    -0.125    -0.126    -0.128    -0.135    -0.187    -0.300    -0.601    -1.063    -1.268    -0.873    -0.303
    13.75    55.75    2067    -0.165    -0.129    -0.125    -0.126    -0.143    -0.174    -0.232    -0.404    -0.839    -0.892    -0.501    -0.211
    13.75    55.75    2068    -0.140    -0.125    -0.125    -0.128    -0.135    -0.161    -0.193    -0.303    -0.531    -0.899    -0.968    -0.517
    13.75    55.75    2069    -0.236    -0.164    -0.139    -0.143    -0.168    -0.220    -0.343    -0.686    -0.987    -1.080    -0.869    -0.395
    13.75    55.75    2070    -0.189    -0.140    -0.126    -0.128    -0.132    -0.142    -0.149    -0.191    -0.247    -0.226    -0.153    -0.130
    13.75    55.75    2071    -0.126    -0.126    -0.125    -0.127    -0.147    -0.197    -0.212    -0.332    -0.513    -0.462    -0.328    -0.218
    13.75    55.75    2072    -0.170    -0.156    -0.130    -0.129    -0.140    -0.175    -0.228    -0.376    -0.548    -0.501    -0.292    -0.168
    13.75    55.75    2073    -0.132    -0.126    -0.126    -0.131    -0.154    -0.214    -0.389    -0.810    -1.118    -1.169    -0.357    -0.176
    13.75    55.75    2074    -0.130    -0.125    -0.126    -0.127    -0.136    -0.152    -0.209    -0.330    -0.498    -0.515    -0.299    -0.159
    13.75    55.75    2075    -0.132    -0.126    -0.125    -0.128    -0.146    -0.188    -0.268    -0.500    -1.013    -1.238    -0.921    -0.482
    13.75    55.75    2076    -0.193    -0.152    -0.133    -0.128    -0.140    -0.189    -0.284    -0.375    -0.530    -0.390    -0.197    -0.135
    13.75    55.75    2077    -0.127    -0.126    -0.126    -0.135    -0.175    -0.277    -0.460    -1.019    -1.264    -0.965    -0.346    -0.172
    13.75    55.75    2078    -0.131    -0.125    -0.126    -0.128    -0.144    -0.182    -0.224    -0.286    -0.338    -0.289    -0.199    -0.142
    13.75    55.75    2079    -0.128    -0.127    -0.126    -0.127    -0.132    -0.144    -0.150    -0.174    -0.204    -0.197    -0.157    -0.132
    13.75    55.75    2080    -0.128    -0.127    -0.126    -0.128    -0.140    -0.196    -0.330    -0.682    -0.932    -0.756    -0.238    -0.147
    13.75    55.75    2081    -0.127    -0.126    -0.126    -0.128    -0.146    -0.182    -0.266    -0.506    -0.894    -0.951    -0.416    -0.183
    13.75    55.75    2082    -0.142    -0.126    -0.126    -0.127    -0.138    -0.162    -0.238    -0.370    -0.429    -0.296    -0.191    -0.137
    13.75    55.75    2083    -0.126    -0.126    -0.126    -0.128    -0.136    -0.159    -0.188    -0.195    -0.202    -0.175    -0.145    -0.131
    13.75    55.75    2084    -0.128    -0.127    -0.127    -0.127    -0.131    -0.157    -0.198    -0.248    -0.303    -0.263    -0.146    -0.128
    13.75    55.75    2085    -0.127    -0.126    -0.127    -0.130    -0.153    -0.223    -0.372    -0.825    -1.179    -1.054    -0.569    -0.197
    13.75    55.75    2086    -0.139    -0.126    -0.126    -0.132    -0.149    -0.224    -0.391    -0.511    -0.428    -0.303    -0.211    -0.143
    13.75    55.75    2087    -0.127    -0.126    -0.126    -0.127    -0.138    -0.194    -0.323    -0.481    -0.350    -0.235    -0.168    -0.130
    13.75    55.75    2088    -0.126    -0.126    -0.126    -0.127    -0.136    -0.169    -0.175    -0.185    -0.165    -0.143    -0.131    -0.127
    13.75    55.75    2089    -0.126    -0.126    -0.126    -0.129    -0.140    -0.210    -0.367    -0.438    -0.240    -0.239    -0.196    -0.136
    13.75    55.75    2090    -0.127    -0.126    -0.126    -0.127    -0.139    -0.181    -0.238    -0.276    -0.352    -0.348    -0.264    -0.179
    13.75    55.75    2091    -0.138    -0.129    -0.127    -0.128    -0.136    -0.154    -0.172    -0.167    -0.162    -0.151    -0.135    -0.128
    13.75    55.75    2092    -0.127    -0.127    -0.127    -0.128    -0.137    -0.175    -0.203    -0.215    -0.239    -0.208    -0.159    -0.134
    13.75    55.75    2093    -0.131    -0.128    -0.127    -0.134    -0.178    -0.299    -0.594    -1.072    -1.059    -0.878    -0.409    -0.223
    13.75    55.75    2094    -0.154    -0.128    -0.127    -0.131    -0.134    -0.160    -0.219    -0.341    -0.452    -0.461    -0.275    -0.168
    13.75    55.75    2095    -0.134    -0.132    -0.127    -0.127    -0.133    -0.172    -0.293    -0.550    -0.848    -0.809    -0.384    -0.168
    13.75    55.75    2096    -0.130    -0.126    -0.126    -0.129    -0.151    -0.182    -0.191    -0.219    -0.239    -0.187    -0.150    -0.131
    13.75    55.75    2097    -0.128    -0.127    -0.127    -0.131    -0.137    -0.151    -0.219    -0.376    -0.609    -0.882    -0.452    -0.222
    13.75    55.75    2098    -0.148    -0.128    -0.127    -0.130    -0.136    -0.164    -0.222    -0.319    -0.660    -0.946    -0.494    -0.270
    13.75    55.75    2099    -0.163    -0.133    -0.127    -0.131    -0.161    -0.266    -0.453    -0.895    -1.225    -1.262    -0.632    -0.213
    13.75    55.75    2100    -0.138    -0.126    -0.127    -0.128    -0.135    -0.177    -0.283    -0.433    -0.596    -0.643    -0.384    -0.186
    13.75    55.75    2101    -0.138    -0.127    -0.127    -0.128    -0.143    -0.187    -0.201    -0.273    -0.394    -0.342    -0.235    -0.167
    13.75    55.75    2102    -0.141    -0.130    -0.129    -0.132    -0.135    -0.166    -0.241    -0.368    -0.479    -0.471    -0.275    -0.161
    13.75    55.75    2103    -0.131    -0.127    -0.127    -0.132    -0.154    -0.214    -0.383    -0.748    -1.057    -1.026    -0.359    -0.199
    13.75    55.75    2104    -0.143    -0.126    -0.127    -0.132    -0.142    -0.178    -0.271    -0.433    -0.741    -0.766    -0.350    -0.179
    13.75    55.75    2105    -0.140    -0.129    -0.127    -0.129    -0.153    -0.205    -0.253    -0.402    -0.709    -1.023    -0.759    -0.375
    13.75    55.75    2106    -0.193    -0.151    -0.133    -0.131    -0.147    -0.203    -0.315    -0.396    -0.520    -0.344    -0.201    -0.142
    13.75    55.75    2107    -0.129    -0.127    -0.127    -0.136    -0.183    -0.289    -0.491    -0.980    -1.227    -1.100    -0.441    -0.179
    13.75    55.75    2108    -0.135    -0.127    -0.127    -0.129    -0.140    -0.170    -0.241    -0.271    -0.303    -0.251    -0.167    -0.137
    13.75    55.75    2109    -0.130    -0.128    -0.128    -0.129    -0.137    -0.147    -0.146    -0.175    -0.208    -0.197    -0.166    -0.138
    13.75    55.75    2110    -0.132    -0.129    -0.129    -0.129    -0.139    -0.197    -0.331    -0.631    -0.915    -0.735    -0.262    -0.160
    13.75    55.75    2111    -0.130    -0.128    -0.128    -0.129    -0.147    -0.184    -0.272    -0.496    -0.792    -0.709    -0.269    -0.159
    13.75    55.75    2112    -0.130    -0.127    -0.128    -0.128    -0.134    -0.165    -0.239    -0.363    -0.361    -0.244    -0.147    -0.130
    13.75    55.75    2113    -0.128    -0.128    -0.128    -0.129    -0.138    -0.150    -0.178    -0.188    -0.191    -0.165    -0.144    -0.134
    13.75    55.75    2114    -0.130    -0.128    -0.129    -0.129    -0.135    -0.150    -0.214    -0.265    -0.302    -0.268    -0.170    -0.139
    13.75    55.75    2115    -0.131    -0.129    -0.129    -0.132    -0.155    -0.231    -0.392    -0.789    -1.092    -1.016    -0.533    -0.224
    13.75    55.75    2116    -0.143    -0.128    -0.128    -0.129    -0.142    -0.217    -0.350    -0.451    -0.360    -0.261    -0.170    -0.134
    13.75    55.75    2117    -0.129    -0.128    -0.128    -0.128    -0.141    -0.204    -0.334    -0.434    -0.335    -0.221    -0.169    -0.134
    13.75    55.75    2118    -0.129    -0.128    -0.128    -0.130    -0.138    -0.164    -0.191    -0.178    -0.154    -0.144    -0.135    -0.130
    13.75    55.75    2119    -0.128    -0.128    -0.129    -0.130    -0.143    -0.220    -0.378    -0.482    -0.321    -0.250    -0.188    -0.142
    13.75    55.75    2120    -0.130    -0.128    -0.128    -0.130    -0.136    -0.168    -0.222    -0.263    -0.315    -0.300    -0.244    -0.176
    13.75    55.75    2121    -0.141    -0.133    -0.130    -0.130    -0.134    -0.153    -0.171    -0.182    -0.184    -0.164    -0.144    -0.132
    13.75    55.75    2122    -0.129    -0.129    -0.129    -0.131    -0.134    -0.159    -0.219    -0.199    -0.210    -0.190    -0.160    -0.140
    13.75    55.75    2123    -0.136    -0.131    -0.129    -0.137    -0.185    -0.311    -0.522    -0.917    -1.107    -0.699    -0.378    -0.213
    13.75    55.75    2124    -0.145    -0.129    -0.129    -0.130    -0.139    -0.170    -0.221    -0.323    -0.387    -0.398    -0.278    -0.171
    13.75    55.75    2125    -0.139    -0.137    -0.129    -0.129    -0.136    -0.180    -0.312    -0.532    -0.789    -0.742    -0.334    -0.178
    13.75    55.75    2126    -0.131    -0.128    -0.128    -0.131    -0.148    -0.182    -0.195    -0.222    -0.277    -0.205    -0.154    -0.132
    13.75    55.75    2127    -0.129    -0.128    -0.128    -0.130    -0.133    -0.160    -0.243    -0.369    -0.605    -0.762    -0.555    -0.244
    13.75    55.75    2128    -0.156    -0.130    -0.128    -0.131    -0.137    -0.138    -0.166    -0.233    -0.366    -0.449    -0.293    -0.171
    13.75    55.75    2129    -0.134    -0.129    -0.128    -0.131    -0.158    -0.263    -0.436    -0.687    -1.013    -1.098    -0.568    -0.182
    13.75    55.75    2130    -0.130    -0.128    -0.128    -0.130    -0.137    -0.176    -0.270    -0.379    -0.520    -0.545    -0.352    -0.157
    23.75    61.75    1980    -0.166    -0.166    -0.167    -0.169    -0.173    -0.215    -0.279    -0.394    -0.384    -0.255    -0.170    -0.167
    23.75    61.75    1981    -0.167    -0.168    -0.167    -0.167    -0.172    -0.207    -0.304    -0.386    -0.360    -0.245    -0.189    -0.189
    23.75    61.75    1982    -0.191    -0.191    -0.191    -0.177    -0.172    -0.182    -0.262    -0.404    -0.418    -0.228    -0.171    -0.168
    23.75    61.75    1983    -0.167    -0.168    -0.168    -0.168    -0.185    -0.241    -0.379    -0.619    -0.929    -0.879    -0.694    -0.695
    23.75    61.75    1984    -0.684    -0.668    -0.673    -0.638    -0.220    -0.199    -0.226    -0.200    -0.198    -0.183    -0.184    -0.183
    23.75    61.75    1985    -0.182    -0.184    -0.183    -0.176    -0.174    -0.206    -0.276    -0.265    -0.221    -0.170    -0.167    -0.167
    23.75    61.75    1986    -0.168    -0.168    -0.168    -0.168    -0.171    -0.189    -0.247    -0.337    -0.362    -0.266    -0.208    -0.208
    23.75    61.75    1987    -0.210    -0.210    -0.210    -0.189    -0.181    -0.230    -0.271    -0.341    -0.383    -0.267    -0.201    -0.199
    23.75    61.75    1988    -0.202    -0.202    -0.182    -0.168    -0.181    -0.214    -0.315    -0.425    -0.255    -0.194    -0.169    -0.168
    23.75    61.75    1989    -0.168    -0.168    -0.167    -0.168    -0.180    -0.252    -0.367    -0.527    -0.586    -0.354    -0.219    -0.219
    23.75    61.75    1990    -0.220    -0.220    -0.221    -0.208    -0.175    -0.212    -0.300    -0.285    -0.217    -0.169    -0.168    -0.168
    23.75    61.75    1991    -0.168    -0.168    -0.169    -0.167    -0.183    -0.221    -0.334    -0.488    -0.476    -0.281    -0.199    -0.199
    23.75    61.75    1992    -0.200    -0.200    -0.187    -0.168    -0.176    -0.224    -0.246    -0.207    -0.178    -0.168    -0.168    -0.168
    23.75    61.75    1993    -0.169    -0.169    -0.168    -0.168    -0.179    -0.259    -0.406    -0.439    -0.366    -0.212    -0.190    -0.190
    23.75    61.75    1994    -0.191    -0.176    -0.167    -0.167    -0.175    -0.212    -0.306    -0.385    -0.296    -0.189    -0.167    -0.167
    23.75    61.75    1995    -0.167    -0.166    -0.167    -0.168    -0.172    -0.192    -0.240    -0.284    -0.319    -0.262    -0.176    -0.169
    23.75    61.75    1996    -0.171    -0.171    -0.171    -0.170    -0.174    -0.237    -0.412    -0.410    -0.330    -0.250    -0.177    -0.173
    23.75    61.75    1997    -0.173    -0.173    -0.174    -0.170    -0.173    -0.219    -0.358    -0.408    -0.298    -0.208    -0.168    -0.166
    23.75    61.75    1998    -0.166    -0.166    -0.167    -0.167    -0.171    -0.208    -0.267    -0.308    -0.291    -0.189    -0.167    -0.166
    23.75    61.75    1999    -0.167    -0.167    -0.167    -0.167    -0.171    -0.194    -0.255    -0.277    -0.245    -0.205    -0.167    -0.167
    23.75    61.75    2000    -0.168    -0.168    -0.168    -0.168    -0.177    -0.220    -0.333    -0.352    -0.302    -0.223    -0.169    -0.167
    23.75    61.75    2001    -0.167    -0.167    -0.167    -0.168    -0.175    -0.233    -0.396    -0.382    -0.263    -0.213    -0.209    -0.209
    23.75    61.75    2002    -0.210    -0.210    -0.185    -0.168    -0.172    -0.176    -0.213    -0.257    -0.211    -0.181    -0.169    -0.167
    23.75    61.75    2003    -0.168    -0.168    -0.168    -0.169    -0.174    -0.196    -0.296    -0.478    -0.492    -0.297    -0.196    -0.193
    23.75    61.75    2004    -0.194    -0.194    -0.195    -0.170    -0.189    -0.255    -0.346    -0.295    -0.237    -0.177    -0.167    -0.167
    23.75    61.75    2005    -0.167    -0.167    -0.167    -0.169    -0.183    -0.221    -0.251    -0.293    -0.315    -0.220    -0.195    -0.195
    23.75    61.75    2006    -0.197    -0.197    -0.196    -0.169    -0.175    -0.241    -0.386    -0.495    -0.523    -0.301    -0.177    -0.171
    23.75    61.75    2007    -0.172    -0.172    -0.172    -0.172    -0.181    -0.256    -0.429    -0.841    -1.280    -0.836    -0.361    -0.350
    23.75    61.75    2008    -0.352    -0.351    -0.237    -0.170    -0.178    -0.213    -0.232    -0.329    -0.387    -0.315    -0.225    -0.193
    23.75    61.75    2009    -0.196    -0.197    -0.191    -0.186    -0.179    -0.257    -0.403    -0.352    -0.306    -0.201    -0.169    -0.169
    23.75    61.75    2010    -0.168    -0.168    -0.168    -0.168    -0.176    -0.235    -0.379    -0.475    -0.452    -0.399    -0.394    -0.394
    23.75    61.75    2011    -0.394    -0.394    -0.397    -0.237    -0.182    -0.251    -0.411    -0.548    -0.489    -0.263    -0.180    -0.176
    23.75    61.75    2012    -0.175    -0.175    -0.174    -0.168    -0.179    -0.205    -0.254    -0.285    -0.207    -0.171    -0.167    -0.167
    23.75    61.75    2013    -0.168    -0.168    -0.169    -0.168    -0.175    -0.191    -0.258    -0.453    -0.577    -0.443    -0.226    -0.171
    23.75    61.75    2014    -0.170    -0.170    -0.170    -0.169    -0.175    -0.224    -0.393    -0.489    -0.502    -0.400    -0.331    -0.326
    23.75    61.75    2015    -0.327    -0.326    -0.233    -0.169    -0.182    -0.272    -0.492    -0.902    -0.927    -0.513    -0.216    -0.195
    23.75    61.75    2016    -0.194    -0.183    -0.166    -0.167    -0.175    -0.229    -0.271    -0.267    -0.260    -0.187    -0.168    -0.167
    23.75    61.75    2017    -0.167    -0.166    -0.167    -0.167    -0.179    -0.205    -0.243    -0.302    -0.308    -0.231    -0.170    -0.167
    23.75    61.75    2018    -0.167    -0.166    -0.167    -0.168    -0.170    -0.191    -0.222    -0.224    -0.248    -0.264    -0.234    -0.222
    23.75    61.75    2019    -0.222    -0.222    -0.185    -0.170    -0.171    -0.202    -0.321    -0.446    -0.440    -0.361    -0.225    -0.211
    23.75    61.75    2020    -0.211    -0.211    -0.182    -0.176    -0.235    -0.419    -0.895    -1.380    -0.884    -0.321    -0.179    -0.167
    23.75    61.75    2021    -0.167    -0.168    -0.166    -0.169    -0.220    -0.390    -0.730    -1.584    -1.644    -0.795    -0.387    -0.290
    23.75    61.75    2022    -0.291    -0.290    -0.292    -0.209    -0.190    -0.260    -0.426    -0.547    -0.354    -0.250    -0.196    -0.196
    23.75    61.75    2023    -0.196    -0.196    -0.184    -0.168    -0.185    -0.271    -0.387    -0.426    -0.480    -0.407    -0.235    -0.175
    23.75    61.75    2024    -0.173    -0.170    -0.170    -0.170    -0.207    -0.320    -0.548    -0.989    -1.266    -0.673    -0.331    -0.329
    23.75    61.75    2025    -0.328    -0.328    -0.316    -0.237    -0.176    -0.233    -0.314    -0.259    -0.208    -0.175    -0.174    -0.174
    23.75    61.75    2026    -0.174    -0.175    -0.173    -0.168    -0.172    -0.220    -0.355    -0.502    -0.497    -0.253    -0.170    -0.168
    23.75    61.75    2027    -0.168    -0.168    -0.167    -0.171    -0.192    -0.222    -0.264    -0.222    -0.177    -0.167    -0.166    -0.166
    23.75    61.75    2028    -0.167    -0.167    -0.167    -0.169    -0.190    -0.242    -0.262    -0.235    -0.186    -0.172    -0.167    -0.167
    23.75    61.75    2029    -0.166    -0.167    -0.167    -0.168    -0.175    -0.237    -0.401    -0.642    -0.864    -0.812    -0.398    -0.211
    23.75    61.75    2030    -0.203    -0.203    -0.204    -0.177    -0.174    -0.209    -0.225    -0.275    -0.255    -0.197    -0.171    -0.168
    23.75    61.75    2031    -0.168    -0.168    -0.169    -0.168    -0.181    -0.235    -0.262    -0.289    -0.261    -0.186    -0.167    -0.167
    23.75    61.75    2032    -0.166    -0.166    -0.167    -0.170    -0.211    -0.366    -0.584    -0.479    -0.426    -0.330    -0.195    -0.171
    23.75    61.75    2033    -0.171    -0.171    -0.172    -0.169    -0.183    -0.262    -0.451    -0.676    -0.514    -0.337    -0.225    -0.215
    23.75    61.75    2034    -0.215    -0.215    -0.198    -0.169    -0.169    -0.218    -0.348    -0.385    -0.260    -0.180    -0.170    -0.169
    23.75    61.75    2035    -0.169    -0.169    -0.168    -0.168    -0.176    -0.237    -0.266    -0.266    -0.278    -0.187    -0.169    -0.167
    23.75    61.75    2036    -0.168    -0.168    -0.168    -0.177    -0.236    -0.406    -0.517    -0.558    -0.688    -0.578    -0.342    -0.290
    23.75    61.75    2037    -0.290    -0.231    -0.168    -0.171    -0.210    -0.314    -0.377    -0.338    -0.256    -0.192    -0.174    -0.173
    23.75    61.75    2038    -0.172    -0.167    -0.168    -0.168    -0.195    -0.305    -0.576    -0.864    -0.795    -0.491    -0.263    -0.240
    23.75    61.75    2039    -0.240    -0.239    -0.190    -0.173    -0.188    -0.236    -0.361    -0.565    -0.744    -0.657    -0.367    -0.260
    23.75    61.75    2040    -0.260    -0.204    -0.167    -0.169    -0.185    -0.244    -0.350    -0.478    -0.579    -0.577    -0.419    -0.406
    23.75    61.75    2041    -0.282    -0.192    -0.187    -0.170    -0.179    -0.224    -0.375    -0.802    -1.600    -1.467    -0.833    -0.606
    23.75    61.75    2042    -0.598    -0.597    -0.315    -0.172    -0.199    -0.250    -0.300    -0.388    -0.317    -0.213    -0.185    -0.184
    23.75    61.75    2043    -0.183    -0.184    -0.169    -0.169    -0.183    -0.245    -0.379    -0.643    -0.818    -0.770    -0.369    -0.208
    23.75    61.75    2044    -0.173    -0.167    -0.168    -0.168    -0.180    -0.202    -0.258    -0.261    -0.217    -0.181    -0.169    -0.169
    23.75    61.75    2045    -0.167    -0.167    -0.168    -0.171    -0.189    -0.279    -0.525    -0.519    -0.284    -0.180    -0.170    -0.169
    23.75    61.75    2046    -0.169    -0.168    -0.168    -0.179    -0.245    -0.435    -0.822    -1.690    -0.915    -0.551    -0.261    -0.172
    23.75    61.75    2047    -0.167    -0.168    -0.168    -0.170    -0.188    -0.293    -0.488    -0.431    -0.352    -0.257    -0.179    -0.171
    23.75    61.75    2048    -0.171    -0.171    -0.171    -0.169    -0.186    -0.288    -0.463    -0.471    -0.323    -0.296    -0.214    -0.179
    23.75    61.75    2049    -0.176    -0.169    -0.168    -0.170    -0.178    -0.215    -0.259    -0.193    -0.179    -0.173    -0.169    -0.168
    23.75    61.75    2050    -0.169    -0.169    -0.169    -0.171    -0.204    -0.330    -0.413    -0.321    -0.261    -0.206    -0.182    -0.180
    23.75    61.75    2051    -0.180    -0.180    -0.177    -0.173    -0.184    -0.274    -0.495    -0.684    -0.664    -0.296    -0.180    -0.170
    23.75    61.75    2052    -0.169    -0.169    -0.169    -0.170    -0.175    -0.216    -0.219    -0.206    -0.196    -0.172    -0.169    -0.168
    23.75    61.75    2053    -0.169    -0.169    -0.170    -0.170    -0.177    -0.231    -0.382    -0.358    -0.329    -0.251    -0.182    -0.176
    23.75    61.75    2054    -0.176    -0.170    -0.169    -0.173    -0.214    -0.304    -0.263    -0.249    -0.289    -0.253    -0.189    -0.174
    23.75    61.75    2055    -0.173    -0.171    -0.170    -0.174    -0.206    -0.336    -0.697    -1.121    -1.027    -0.938    -0.536    -0.314
    23.75    61.75    2056    -0.312    -0.312    -0.220    -0.181    -0.236    -0.393    -0.775    -1.009    -1.242    -1.170    -0.696    -0.398
    23.75    61.75    2057    -0.394    -0.223    -0.170    -0.180    -0.213    -0.319    -0.605    -0.900    -1.136    -0.657    -0.316    -0.304
    23.75    61.75    2058    -0.304    -0.297    -0.195    -0.174    -0.179    -0.261    -0.502    -0.737    -0.685    -0.373    -0.317    -0.317
    23.75    61.75    2059    -0.319    -0.319    -0.317    -0.290    -0.195    -0.287    -0.510    -0.488    -0.341    -0.295    -0.211    -0.184
    23.75    61.75    2060    -0.182    -0.182    -0.182    -0.174    -0.184    -0.281    -0.531    -0.547    -0.462    -0.228    -0.182    -0.172
    23.75    61.75    2061    -0.170    -0.170    -0.170    -0.173    -0.206    -0.303    -0.386    -0.530    -0.652    -0.584    -0.303    -0.212
    23.75    61.75    2062    -0.184    -0.171    -0.171    -0.174    -0.203    -0.323    -0.609    -0.821    -1.009    -0.927    -0.693    -0.431
    23.75    61.75    2063    -0.430    -0.299    -0.173    -0.177    -0.192    -0.270    -0.427    -0.365    -0.305    -0.228    -0.189    -0.180
    23.75    61.75    2064    -0.179    -0.171    -0.171    -0.173    -0.182    -0.258    -0.460    -0.534    -0.383    -0.230    -0.181    -0.171
    23.75    61.75    2065    -0.171    -0.171    -0.172    -0.174    -0.185    -0.254    -0.406    -0.680    -0.909    -0.978    -0.723    -0.475
    23.75    61.75    2066    -0.424    -0.415    -0.209    -0.182    -0.208    -0.294    -0.471    -0.512    -0.422    -0.277    -0.201    -0.185
    23.75    61.75    2067    -0.181    -0.177    -0.172    -0.173    -0.181    -0.216    -0.228    -0.206    -0.202    -0.185    -0.173    -0.171
    23.75    61.75    2068    -0.171    -0.171    -0.171    -0.173    -0.194    -0.273    -0.525    -0.751    -0.620    -0.504    -0.276    -0.203
    23.75    61.75    2069    -0.189    -0.189    -0.190    -0.176    -0.187    -0.248    -0.435    -0.446    -0.456    -0.433    -0.317    -0.199
    23.75    61.75    2070    -0.175    -0.172    -0.172    -0.174    -0.215    -0.280    -0.289    -0.306    -0.375    -0.260    -0.187    -0.173
    23.75    61.75    2071    -0.172    -0.172    -0.172    -0.176    -0.207    -0.330    -0.617    -0.904    -0.979    -0.571    -0.338    -0.221
    23.75    61.75    2072    -0.202    -0.202    -0.187    -0.211    -0.251    -0.342    -0.647    -0.831    -0.812    -0.465    -0.237    -0.184
    23.75    61.75    2073    -0.173    -0.172    -0.172    -0.180    -0.218    -0.333    -0.471    -0.517    -0.561    -0.587    -0.307    -0.201
    23.75    61.75    2074    -0.196    -0.196    -0.175    -0.174    -0.203    -0.361    -0.692    -0.897    -0.828    -0.484    -0.234    -0.216
    23.75    61.75    2075    -0.189    -0.172    -0.172    -0.176    -0.220    -0.309    -0.639    -1.124    -0.962    -0.798    -0.571    -0.437
    23.75    61.75    2076    -0.240    -0.196    -0.178    -0.188    -0.272    -0.543    -0.799    -0.664    -0.412    -0.236    -0.185    -0.180
    23.75    61.75    2077    -0.172    -0.172    -0.172    -0.180    -0.223    -0.378    -0.820    -0.834    -0.565    -0.249    -0.180    -0.174
    23.75    61.75    2078    -0.171    -0.171    -0.172    -0.176    -0.213    -0.367    -0.673    -0.626    -0.419    -0.293    -0.201    -0.188
    23.75    61.75    2079    -0.190    -0.180    -0.177    -0.175    -0.187    -0.246    -0.303    -0.312    -0.263    -0.189    -0.175    -0.173
    23.75    61.75    2080    -0.173    -0.172    -0.173    -0.173    -0.182    -0.240    -0.378    -0.509    -0.463    -0.317    -0.197    -0.180
    23.75    61.75    2081    -0.173    -0.172    -0.172    -0.176    -0.205    -0.275    -0.322    -0.352    -0.225    -0.187    -0.173    -0.172
    23.75    61.75    2082    -0.172    -0.173    -0.173    -0.174    -0.177    -0.183    -0.190    -0.193    -0.184    -0.175    -0.172    -0.172
    23.75    61.75    2083    -0.172    -0.172    -0.172    -0.179    -0.203    -0.272    -0.451    -0.580    -0.506    -0.391    -0.202    -0.176
    23.75    61.75    2084    -0.174    -0.174    -0.174    -0.176    -0.197    -0.230    -0.309    -0.248    -0.228    -0.186    -0.174    -0.174
    23.75    61.75    2085    -0.173    -0.173    -0.174    -0.179    -0.195    -0.306    -0.560    -0.441    -0.308    -0.219    -0.179    -0.173
    23.75    61.75    2086    -0.173    -0.173    -0.174    -0.185    -0.221    -0.370    -0.774    -0.695    -0.409    -0.213    -0.175    -0.173
    23.75    61.75    2087    -0.172    -0.172    -0.172    -0.174    -0.198    -0.330    -0.414    -0.368    -0.303    -0.227    -0.192    -0.177
    23.75    61.75    2088    -0.174    -0.174    -0.174    -0.175    -0.204    -0.350    -0.471    -0.311    -0.217    -0.180    -0.173    -0.172
    23.75    61.75    2089    -0.172    -0.172    -0.173    -0.175    -0.194    -0.272    -0.420    -0.331    -0.269    -0.226    -0.188    -0.176
    23.75    61.75    2090    -0.174    -0.173    -0.173    -0.174    -0.214    -0.347    -0.481    -0.429    -0.276    -0.201    -0.178    -0.173
    23.75    61.75    2091    -0.172    -0.172    -0.172    -0.173    -0.196    -0.286    -0.483    -0.391    -0.257    -0.205    -0.177    -0.172
    23.75    61.75    2092    -0.172    -0.172    -0.173    -0.173    -0.191    -0.274    -0.479    -0.661    -0.631    -0.410    -0.227    -0.192
    23.75    61.75    2093    -0.190    -0.190    -0.176    -0.174    -0.215    -0.367    -0.547    -0.475    -0.304    -0.206    -0.177    -0.172
    23.75    61.75    2094    -0.172    -0.172    -0.172    -0.174    -0.204    -0.233    -0.307    -0.373    -0.319    -0.259    -0.184    -0.172
    23.75    61.75    2095    -0.173    -0.173    -0.173    -0.173    -0.184    -0.256    -0.397    -0.372    -0.364    -0.213    -0.176    -0.172
    23.75    61.75    2096    -0.171    -0.171    -0.172    -0.179    -0.202    -0.341    -0.687    -0.858    -0.547    -0.390    -0.201    -0.172
    23.75    61.75    2097    -0.171    -0.171    -0.171    -0.174    -0.178    -0.223    -0.386    -0.511    -0.453    -0.300    -0.204    -0.173
    23.75    61.75    2098    -0.172    -0.172    -0.172    -0.176    -0.204    -0.313    -0.456    -0.376    -0.455    -0.512    -0.293    -0.212
    23.75    61.75    2099    -0.183    -0.173    -0.173    -0.176    -0.218    -0.349    -0.507    -0.611    -0.593    -0.416    -0.241    -0.197
    23.75    61.75    2100    -0.174    -0.172    -0.172    -0.175    -0.185    -0.193    -0.198    -0.220    -0.206    -0.182    -0.173    -0.172
    23.75    61.75    2101    -0.172    -0.172    -0.172    -0.176    -0.210    -0.342    -0.667    -1.114    -0.987    -0.658    -0.328    -0.221
    23.75    61.75    2102    -0.194    -0.194    -0.178    -0.192    -0.237    -0.304    -0.518    -0.795    -0.878    -0.522    -0.260    -0.187
    23.75    61.75    2103    -0.175    -0.173    -0.172    -0.182    -0.227    -0.290    -0.419    -0.427    -0.505    -0.479    -0.257    -0.180
    23.75    61.75    2104    -0.178    -0.177    -0.172    -0.174    -0.202    -0.358    -0.576    -0.791    -0.796    -0.418    -0.207    -0.182
    23.75    61.75    2105    -0.173    -0.171    -0.171    -0.173    -0.204    -0.330    -0.629    -1.164    -1.045    -0.874    -0.539    -0.398
    23.75    61.75    2106    -0.234    -0.197    -0.175    -0.186    -0.268    -0.505    -0.779    -0.770    -0.465    -0.239    -0.181    -0.178
    23.75    61.75    2107    -0.171    -0.171    -0.171    -0.177    -0.216    -0.358    -0.751    -0.833    -0.644    -0.231    -0.185    -0.171
    23.75    61.75    2108    -0.170    -0.170    -0.171    -0.174    -0.205    -0.350    -0.675    -0.658    -0.467    -0.320    -0.209    -0.179
    23.75    61.75    2109    -0.173    -0.171    -0.172    -0.174    -0.199    -0.264    -0.317    -0.302    -0.234    -0.179    -0.172    -0.172
    23.75    61.75    2110    -0.171    -0.171    -0.171    -0.172    -0.180    -0.237    -0.346    -0.438    -0.467    -0.278    -0.185    -0.172
    23.75    61.75    2111    -0.171    -0.170    -0.171    -0.177    -0.215    -0.294    -0.335    -0.344    -0.267    -0.190    -0.171    -0.170
    23.75    61.75    2112    -0.170    -0.171    -0.171    -0.173    -0.181    -0.189    -0.191    -0.217    -0.209    -0.174    -0.170    -0.170
    23.75    61.75    2113    -0.170    -0.170    -0.171    -0.175    -0.199    -0.269    -0.390    -0.508    -0.438    -0.259    -0.180    -0.170
    23.75    61.75    2114    -0.172    -0.173    -0.173    -0.175    -0.181    -0.203    -0.238    -0.192    -0.185    -0.174    -0.173    -0.172
    23.75    61.75    2115    -0.171    -0.171    -0.172    -0.177    -0.203    -0.280    -0.332    -0.257    -0.218    -0.175    -0.171    -0.171
    23.75    61.75    2116    -0.172    -0.172    -0.173    -0.184    -0.232    -0.382    -0.761    -0.842    -0.402    -0.219    -0.173    -0.172
    23.75    61.75    2117    -0.171    -0.171    -0.172    -0.174    -0.198    -0.310    -0.394    -0.337    -0.243    -0.200    -0.175    -0.172
    23.75    61.75    2118    -0.171    -0.171    -0.172    -0.173    -0.201    -0.317    -0.356    -0.276    -0.202    -0.177    -0.172    -0.171
    23.75    61.75    2119    -0.171    -0.171    -0.172    -0.173    -0.193    -0.249    -0.286    -0.261    -0.201    -0.184    -0.173    -0.171
    23.75    61.75    2120    -0.172    -0.172    -0.172    -0.173    -0.205    -0.320    -0.478    -0.380    -0.233    -0.190    -0.173    -0.172
    23.75    61.75    2121    -0.171    -0.171    -0.171    -0.174    -0.203    -0.273    -0.350    -0.344    -0.230    -0.179    -0.171    -0.171
    23.75    61.75    2122    -0.172    -0.172    -0.172    -0.173    -0.189    -0.277    -0.398    -0.451    -0.435    -0.224    -0.179    -0.172
    23.75    61.75    2123    -0.172    -0.172    -0.172    -0.175    -0.215    -0.342    -0.467    -0.400    -0.261    -0.188    -0.173    -0.171
    23.75    61.75    2124    -0.171    -0.171    -0.173    -0.175    -0.203    -0.273    -0.337    -0.385    -0.330    -0.227    -0.174    -0.171
    23.75    61.75    2125    -0.172    -0.172    -0.173    -0.174    -0.185    -0.238    -0.350    -0.305    -0.247    -0.186    -0.173    -0.172
    23.75    61.75    2126    -0.172    -0.172    -0.172    -0.176    -0.200    -0.309    -0.554    -0.838    -0.548    -0.324    -0.192    -0.172
    23.75    61.75    2127    -0.172    -0.172    -0.172    -0.175    -0.181    -0.212    -0.342    -0.521    -0.379    -0.269    -0.188    -0.173
    23.75    61.75    2128    -0.172    -0.172    -0.173    -0.176    -0.199    -0.276    -0.366    -0.308    -0.376    -0.304    -0.198    -0.177
    23.75    61.75    2129    -0.174    -0.173    -0.174    -0.177    -0.213    -0.377    -0.431    -0.361    -0.301    -0.229    -0.180    -0.174
    23.75    61.75    2130    -0.172    -0.172    -0.173    -0.174    -0.182    -0.210    -0.203    -0.202    -0.196    -0.178    -0.173    -0.172
    21.75    37.75    1980    -0.258    -0.192    -0.185    -0.218    -0.316    -0.525    -1.029    -1.942    -2.333    -2.443    -1.481    -0.777
    21.75    37.75    1981    -0.545    -0.389    -0.367    -0.523    -0.998    -1.935    -2.316    -2.507    -2.698    -2.118    -1.750    -1.326
    21.75    37.75    1982    -0.663    -0.461    -0.391    -0.440    -0.659    -1.189    -2.040    -2.395    -2.645    -2.546    -2.153    -1.191
    21.75    37.75    1983    -0.608    -0.493    -0.441    -0.390    -0.534    -0.934    -1.771    -2.346    -2.543    -2.542    -2.363    -1.374
    21.75    37.75    1984    -0.599    -0.459    -0.488    -0.788    -1.560    -2.337    -2.678    -2.825    -2.899    -2.917    -2.311    -0.779
    21.75    37.75    1985    -0.383    -0.238    -0.199    -0.253    -0.385    -0.588    -1.005    -1.840    -2.226    -2.324    -2.116    -0.751
    21.75    37.75    1986    -0.316    -0.190    -0.159    -0.161    -0.205    -0.293    -0.450    -0.735    -1.247    -1.965    -2.130    -1.771
    21.75    37.75    1987    -0.953    -0.343    -0.259    -0.276    -0.421    -0.803    -1.614    -2.142    -2.376    -2.281    -1.544    -0.752
    21.75    37.75    1988    -0.493    -0.442    -0.500    -0.699    -1.390    -2.240    -2.519    -2.680    -2.862    -2.388    -1.244    -0.550
    21.75    37.75    1989    -0.325    -0.201    -0.192    -0.217    -0.336    -0.517    -0.870    -1.685    -2.266    -2.335    -1.911    -0.840
    21.75    37.75    1990    -0.426    -0.266    -0.178    -0.186    -0.263    -0.409    -0.696    -1.379    -2.207    -2.170    -1.605    -1.159
    21.75    37.75    1991    -0.694    -0.559    -0.598    -1.042    -1.967    -2.361    -2.538    -2.773    -2.963    -3.016    -2.286    -1.187
    21.75    37.75    1992    -0.598    -0.341    -0.272    -0.302    -0.419    -0.587    -0.888    -1.520    -1.926    -1.949    -0.717    -0.421
    21.75    37.75    1993    -0.257    -0.186    -0.160    -0.161    -0.191    -0.264    -0.376    -0.572    -0.907    -1.442    -1.232    -0.511
    21.75    37.75    1994    -0.264    -0.196    -0.201    -0.206    -0.258    -0.399    -0.680    -1.311    -1.859    -2.144    -2.175    -1.762
    21.75    37.75    1995    -0.559    -0.255    -0.183    -0.174    -0.231    -0.350    -0.589    -1.156    -1.910    -2.316    -1.959    -1.237
    21.75    37.75    1996    -0.644    -0.492    -0.414    -0.502    -0.827    -1.698    -2.196    -2.415    -2.679    -2.818    -2.640    -1.642
    21.75    37.75    1997    -0.667    -0.291    -0.242    -0.303    -0.465    -0.800    -1.515    -2.267    -2.671    -2.917    -2.866    -1.813
    21.75    37.75    1998    -0.977    -0.421    -0.310    -0.412    -0.682    -1.303    -2.242    -2.771    -3.044    -3.042    -2.121    -1.000
    21.75    37.75    1999    -0.438    -0.310    -0.304    -0.399    -0.645    -1.177    -2.077    -2.543    -2.951    -3.046    -2.555    -1.221
    21.75    37.75    2000    -0.565    -0.306    -0.314    -0.393    -0.593    -1.009    -1.875    -2.508    -2.793    -2.985    -2.704    -1.806
    21.75    37.75    2001    -0.651    -0.359    -0.219    -0.225    -0.323    -0.512    -0.890    -1.650    -2.184    -2.322    -1.245    -0.544
    21.75    37.75    2002    -0.283    -0.175    -0.178    -0.231    -0.329    -0.511    -0.874    -1.615    -2.230    -1.667    -1.096    -0.657
    21.75    37.75    2003    -0.334    -0.196    -0.161    -0.185    -0.257    -0.377    -0.594    -1.056    -1.840    -2.197    -1.843    -1.022
    21.75    37.75    2004    -0.538    -0.332    -0.245    -0.285    -0.432    -0.728    -1.398    -2.029    -2.221    -2.305    -1.830    -1.430
    21.75    37.75    2005    -0.617    -0.382    -0.350    -0.451    -0.720    -1.306    -2.074    -2.291    -2.349    -2.148    -2.213    -1.792
    21.75    37.75    2006    -0.965    -0.508    -0.492    -0.773    -1.548    -2.215    -2.426    -2.514    -2.592    -2.649    -2.342    -1.127
    21.75    37.75    2007    -0.574    -0.307    -0.211    -0.249    -0.345    -0.484    -0.719    -1.204    -1.960    -2.332    -2.365    -2.039
    21.75    37.75    2008    -0.908    -0.421    -0.446    -0.700    -1.299    -2.136    -2.450    -2.640    -2.842    -2.623    -1.360    -0.634
    21.75    37.75    2009    -0.287    -0.172    -0.171    -0.208    -0.275    -0.378    -0.521    -0.769    -1.232    -1.893    -1.608    -0.792
    21.75    37.75    2010    -0.422    -0.382    -0.502    -0.868    -1.647    -2.158    -2.450    -2.719    -2.882    -2.831    -1.726    -0.705
    21.75    37.75    2011    -0.494    -0.432    -0.478    -0.734    -1.221    -2.157    -2.798    -3.029    -3.140    -3.153    -2.297    -0.896
    21.75    37.75    2012    -0.490    -0.270    -0.218    -0.212    -0.279    -0.395    -0.536    -0.767    -1.188    -1.651    -1.250    -0.872
    21.75    37.75    2013    -0.413    -0.366    -0.302    -0.305    -0.444    -0.741    -1.333    -1.946    -2.375    -2.339    -1.937    -0.977
    21.75    37.75    2014    -0.406    -0.314    -0.343    -0.377    -0.567    -0.990    -1.853    -2.373    -2.682    -2.687    -2.104    -1.260
    21.75    37.75    2015    -0.473    -0.321    -0.409    -0.634    -1.026    -1.879    -2.631    -2.968    -3.091    -3.035    -2.460    -0.886
    21.75    37.75    2016    -0.424    -0.318    -0.328    -0.353    -0.522    -0.875    -1.563    -2.524    -2.951    -3.009    -2.984    -1.995
    21.75    37.75    2017    -0.824    -0.547    -0.622    -0.926    -1.696    -2.812    -3.119    -3.245    -3.319    -3.347    -3.318    -2.196
    21.75    37.75    2018    -0.871    -0.614    -0.737    -1.099    -1.879    -2.608    -2.885    -3.022    -3.092    -2.363    -1.926    -0.737
    21.75    37.75    2019    -0.279    -0.195    -0.194    -0.253    -0.347    -0.458    -0.603    -0.861    -1.257    -1.507    -1.296    -0.787
    21.75    37.75    2020    -0.509    -0.287    -0.274    -0.265    -0.356    -0.557    -0.936    -1.504    -1.996    -2.263    -2.132    -1.098
    21.75    37.75    2021    -0.435    -0.217    -0.188    -0.204    -0.291    -0.431    -0.678    -1.137    -1.852    -2.318    -2.029    -1.012
    21.75    37.75    2022    -0.427    -0.218    -0.187    -0.238    -0.338    -0.526    -0.877    -1.571    -2.287    -2.472    -2.027    -0.637
    21.75    37.75    2023    -0.305    -0.179    -0.163    -0.208    -0.293    -0.443    -0.716    -1.260    -2.083    -2.493    -2.299    -1.534
    21.75    37.75    2024    -0.798    -0.499    -0.313    -0.391    -0.645    -1.223    -2.153    -2.474    -2.572    -2.613    -2.045    -0.676
    21.75    37.75    2025    -0.331    -0.225    -0.193    -0.237    -0.343    -0.540    -0.886    -1.585    -2.312    -2.459    -1.978    -0.983
    21.75    37.75    2026    -0.465    -0.286    -0.254    -0.342    -0.535    -0.946    -1.788    -2.383    -2.518    -2.538    -2.434    -1.968
    21.75    37.75    2027    -0.835    -0.478    -0.364    -0.493    -0.815    -1.513    -2.363    -2.533    -2.613    -2.333    -1.563    -0.728
    21.75    37.75    2028    -0.398    -0.311    -0.270    -0.277    -0.392    -0.614    -0.978    -1.694    -2.320    -2.404    -2.402    -1.770
    21.75    37.75    2029    -0.741    -0.479    -0.475    -0.742    -1.359    -2.227    -2.446    -2.604    -2.688    -2.727    -1.870    -0.746
    21.75    37.75    2030    -0.465    -0.238    -0.211    -0.237    -0.293    -0.394    -0.523    -0.755    -1.179    -1.762    -1.406    -0.746
    21.75    37.75    2031    -0.363    -0.195    -0.161    -0.189    -0.257    -0.369    -0.560    -0.934    -1.620    -1.935    -1.543    -0.883
    21.75    37.75    2032    -0.384    -0.255    -0.302    -0.355    -0.381    -0.628    -1.149    -1.930    -2.498    -2.571    -2.519    -2.273
    21.75    37.75    2033    -1.361    -0.688    -0.660    -1.128    -2.180    -2.587    -2.754    -2.930    -3.026    -3.040    -3.045    -1.755
    21.75    37.75    2034    -0.708    -0.321    -0.342    -0.519    -0.836    -1.435    -2.337    -2.870    -3.025    -3.048    -3.050    -1.656
    21.75    37.75    2035    -0.751    -0.382    -0.287    -0.345    -0.467    -0.660    -0.960    -1.434    -1.974    -2.538    -1.974    -0.912
    21.75    37.75    2036    -0.512    -0.266    -0.213    -0.194    -0.243    -0.330    -0.465    -0.679    -1.094    -1.600    -1.716    -1.050
    21.75    37.75    2037    -0.450    -0.237    -0.174    -0.198    -0.275    -0.398    -0.611    -1.036    -1.552    -2.067    -2.329    -1.367
    21.75    37.75    2038    -0.736    -0.556    -0.640    -1.011    -1.809    -2.610    -2.895    -3.062    -3.157    -3.199    -1.763    -0.922
    21.75    37.75    2039    -0.623    -0.464    -0.354    -0.360    -0.535    -0.781    -1.221    -2.038    -2.849    -3.056    -2.316    -1.269
    21.75    37.75    2040    -0.575    -0.394    -0.353    -0.443    -0.682    -1.128    -2.004    -2.918    -3.110    -3.153    -3.151    -2.334
    21.75    37.75    2041    -0.949    -0.653    -0.617    -0.928    -1.567    -2.634    -3.139    -3.204    -3.235    -2.833    -1.745    -0.719
    21.75    37.75    2042    -0.388    -0.280    -0.300    -0.396    -0.566    -0.839    -1.226    -1.930    -2.846    -3.077    -2.064    -0.984
    21.75    37.75    2043    -0.450    -0.298    -0.334    -0.469    -0.721    -1.165    -2.029    -2.919    -3.149    -3.147    -3.136    -3.124
    21.75    37.75    2044    -1.990    -1.135    -1.475    -2.619    -3.163    -3.220    -3.295    -3.357    -3.351    -3.278    -1.872    -0.790
    21.75    37.75    2045    -0.503    -0.330    -0.311    -0.393    -0.469    -0.590    -0.767    -1.065    -1.527    -2.083    -2.002    -1.072
    21.75    37.75    2046    -0.585    -0.358    -0.403    -0.549    -0.814    -1.299    -1.993    -2.211    -2.251    -2.275    -2.028    -0.799
    21.75    37.75    2047    -0.422    -0.253    -0.215    -0.254    -0.325    -0.427    -0.562    -0.760    -1.104    -1.616    -1.889    -0.948
    21.75    37.75    2048    -0.356    -0.214    -0.177    -0.210    -0.268    -0.344    -0.460    -0.654    -0.994    -1.507    -1.612    -0.666
    21.75    37.75    2049    -0.338    -0.238    -0.233    -0.305    -0.422    -0.620    -0.993    -1.489    -1.926    -2.185    -2.053    -1.177
    21.75    37.75    2050    -0.484    -0.301    -0.248    -0.314    -0.421    -0.591    -0.875    -1.381    -2.026    -1.998    -1.023    -0.546
    21.75    37.75    2051    -0.264    -0.165    -0.162    -0.190    -0.247    -0.328    -0.463    -0.682    -1.014    -1.523    -1.324    -0.569
    21.75    37.75    2052    -0.286    -0.193    -0.178    -0.219    -0.297    -0.428    -0.658    -1.131    -1.739    -2.137    -2.217    -1.387
    21.75    37.75    2053    -0.677    -0.427    -0.402    -0.591    -1.066    -1.890    -2.269    -2.416    -2.466    -2.516    -2.202    -0.999
    21.75    37.75    2054    -0.484    -0.328    -0.360    -0.503    -0.827    -1.436    -2.274    -2.587    -2.649    -2.596    -2.487    -1.519
    21.75    37.75    2055    -0.409    -0.256    -0.258    -0.243    -0.346    -0.529    -0.833    -1.420    -2.156    -2.527    -2.443    -0.888
    21.75    37.75    2056    -0.392    -0.276    -0.284    -0.354    -0.561    -0.991    -1.831    -2.566    -2.715    -2.665    -2.544    -1.567
    21.75    37.75    2057    -0.616    -0.520    -0.448    -0.599    -1.058    -2.071    -2.696    -2.856    -2.914    -2.921    -2.922    -2.729
    21.75    37.75    2058    -1.121    -0.667    -0.767    -1.273    -2.296    -2.950    -3.039    -3.128    -3.179    -3.194    -2.125    -1.341
    21.75    37.75    2059    -0.536    -0.387    -0.437    -0.599    -0.872    -1.287    -1.826    -2.285    -2.769    -3.031    -2.537    -1.339
    21.75    37.75    2060    -0.614    -0.304    -0.258    -0.246    -0.327    -0.459    -0.670    -1.062    -1.500    -1.843    -2.017    -1.380
    21.75    37.75    2061    -0.647    -0.321    -0.256    -0.307    -0.478    -0.857    -1.374    -1.731    -2.087    -2.328    -2.502    -2.376
    21.75    37.75    2062    -0.774    -0.480    -0.528    -0.867    -1.612    -2.309    -2.853    -3.158    -3.233    -3.251    -3.269    -2.421
    21.75    37.75    2063    -1.098    -0.579    -0.677    -1.053    -1.711    -2.203    -2.776    -3.178    -3.221    -3.137    -2.350    -1.078
    21.75    37.75    2064    -0.436    -0.328    -0.355    -0.452    -0.650    -1.052    -1.639    -2.011    -2.374    -2.911    -1.497    -0.544
    21.75    37.75    2065    -0.257    -0.183    -0.170    -0.217    -0.306    -0.477    -0.848    -1.350    -1.657    -1.948    -1.980    -1.365
    21.75    37.75    2066    -0.595    -0.277    -0.308    -0.463    -0.891    -1.521    -1.881    -2.289    -2.725    -2.954    -2.925    -1.367
    21.75    37.75    2067    -0.614    -0.527    -0.495    -0.539    -0.938    -1.792    -2.720    -3.139    -3.222    -3.236    -3.259    -2.950
    21.75    37.75    2068    -1.325    -0.578    -0.554    -0.884    -1.671    -2.428    -3.117    -3.301    -3.318    -3.328    -2.700    -1.540
    21.75    37.75    2069    -0.584    -0.360    -0.314    -0.412    -0.603    -0.918    -1.517    -2.122    -2.611    -3.106    -2.949    -1.717
    21.75    37.75    2070    -1.307    -0.758    -0.595    -0.858    -1.514    -2.472    -3.104    -3.290    -3.329    -3.314    -3.071    -1.504
    21.75    37.75    2071    -0.880    -0.730    -0.700    -1.094    -1.943    -2.767    -3.285    -3.353    -3.363    -3.364    -3.145    -1.542
    21.75    37.75    2072    -0.648    -0.351    -0.326    -0.451    -0.680    -1.073    -1.717    -2.130    -2.526    -2.953    -3.168    -1.760
    21.75    37.75    2073    -0.882    -0.377    -0.336    -0.459    -0.742    -1.359    -1.904    -2.347    -2.805    -2.955    -2.727    -2.243
    21.75    37.75    2074    -0.816    -0.517    -0.479    -0.751    -1.367    -2.249    -2.820    -3.207    -3.341    -3.350    -3.173    -2.250
    21.75    37.75    2075    -0.760    -0.499    -0.578    -0.810    -1.311    -1.918    -2.375    -3.045    -3.346    -3.295    -2.281    -0.916
    21.75    37.75    2076    -0.448    -0.393    -0.386    -0.541    -0.930    -1.679    -2.292    -2.935    -3.332    -3.331    -2.474    -1.836
    21.75    37.75    2077    -1.516    -1.729    -2.352    -3.214    -3.308    -3.343    -3.377    -3.410    -3.424    -3.418    -2.972    -2.262
    21.75    37.75    2078    -1.306    -0.836    -0.667    -0.627    -0.676    -0.711    -0.755    -0.812    -0.841    -0.861    -0.647    -0.349
    21.75    37.75    2079    -0.210    -0.186    -0.181    -0.190    -0.208    -0.228    -0.255    -0.298    -0.346    -0.390    -0.359    -0.236
    21.75    37.75    2080    -0.196    -0.189    -0.195    -0.214    -0.266    -0.343    -0.385    -0.418    -0.441    -0.470    -0.493    -0.356
    21.75    37.75    2081    -0.205    -0.180    -0.185    -0.210    -0.255    -0.333    -0.455    -0.569    -0.618    -0.658    -0.703    -0.640
    21.75    37.75    2082    -0.424    -0.378    -0.454    -0.649    -0.761    -0.849    -0.949    -1.068    -1.199    -1.332    -1.376    -0.745
    21.75    37.75    2083    -0.425    -0.348    -0.306    -0.352    -0.468    -0.674    -0.913    -1.182    -1.400    -1.431    -1.196    -0.745
    21.75    37.75    2084    -0.365    -0.251    -0.224    -0.261    -0.377    -0.645    -1.092    -1.435    -1.688    -1.847    -1.918    -1.888
    21.75    37.75    2085    -1.536    -1.518    -1.906    -2.103    -2.279    -2.456    -2.628    -2.752    -2.816    -2.417    -2.090    -1.034
    21.75    37.75    2086    -0.386    -0.287    -0.247    -0.246    -0.278    -0.339    -0.438    -0.572    -0.696    -0.759    -0.830    -0.724
    21.75    37.75    2087    -0.357    -0.224    -0.239    -0.348    -0.623    -1.033    -1.323    -1.553    -1.748    -1.934    -1.927    -0.890
    21.75    37.75    2088    -0.385    -0.228    -0.245    -0.354    -0.607    -1.188    -1.798    -2.142    -2.415    -2.617    -2.502    -1.601
    21.75    37.75    2089    -0.739    -0.725    -0.901    -1.519    -2.507    -2.782    -2.863    -2.923    -2.970    -2.931    -2.395    -1.326
    21.75    37.75    2090    -0.543    -0.342    -0.257    -0.341    -0.474    -0.712    -1.140    -1.845    -2.494    -2.877    -2.799    -1.526
    21.75    37.75    2091    -0.574    -0.491    -0.588    -1.137    -2.423    -3.038    -3.157    -3.218    -3.246    -3.198    -3.196    -3.068
    21.75    37.75    2092    -1.965    -0.865    -0.641    -0.560    -0.898    -1.588    -2.387    -2.916    -3.098    -3.142    -2.532    -1.058
    21.75    37.75    2093    -0.597    -0.370    -0.408    -0.695    -1.410    -2.234    -2.904    -3.167    -3.197    -3.207    -3.159    -2.992
    21.75    37.75    2094    -2.756    -1.783    -1.538    -1.437    -2.449    -3.122    -3.222    -3.256    -3.278    -3.263    -2.066    -0.755
    21.75    37.75    2095    -0.370    -0.278    -0.210    -0.266    -0.385    -0.558    -0.889    -1.480    -1.914    -2.341    -2.519    -1.785
    21.75    37.75    2096    -1.163    -1.060    -1.581    -2.807    -3.167    -3.232    -3.268    -3.301    -3.316    -3.120    -2.900    -2.799
    21.75    37.75    2097    -2.097    -1.024    -1.211    -1.874    -2.316    -2.421    -2.464    -2.492    -2.506    -2.509    -2.450    -1.670
    21.75    37.75    2098    -1.428    -1.297    -1.402    -1.809    -2.104    -2.205    -2.232    -2.251    -2.267    -2.303    -2.283    -1.830
    21.75    37.75    2099    -0.990    -0.677    -0.584    -0.660    -0.770    -0.876    -1.003    -1.169    -1.341    -1.520    -1.632    -1.362
    21.75    37.75    2100    -0.898    -0.759    -0.980    -1.398    -1.531    -1.575    -1.613    -1.648    -1.689    -1.737    -1.789    -1.474
    21.75    37.75    2101    -1.046    -0.783    -0.675    -0.831    -1.094    -1.364    -1.633    -1.798    -1.878    -1.921    -1.901    -1.027
    21.75    37.75    2102    -0.348    -0.228    -0.227    -0.273    -0.340    -0.450    -0.607    -0.807    -1.017    -1.234    -1.304    -0.658
    21.75    37.75    2103    -0.311    -0.244    -0.229    -0.283    -0.423    -0.732    -1.151    -1.604    -1.879    -1.887    -1.925    -1.403
    21.75    37.75    2104    -0.658    -0.434    -0.415    -0.703    -1.490    -2.057    -2.254    -2.347    -2.385    -2.402    -2.276    -1.143
    21.75    37.75    2105    -0.484    -0.327    -0.339    -0.430    -0.607    -0.904    -1.281    -1.751    -2.015    -2.032    -1.386    -0.458
    21.75    37.75    2106    -0.320    -0.292    -0.259    -0.318    -0.519    -1.028    -1.753    -2.161    -2.370    -2.337    -1.948    -1.366
    21.75    37.75    2107    -1.044    -1.111    -1.374    -2.220    -2.495    -2.650    -2.769    -2.862    -2.914    -2.879    -2.756    -2.264
    21.75    37.75    2108    -1.048    -0.531    -0.428    -0.421    -0.532    -0.763    -1.076    -1.371    -1.543    -1.626    -0.878    -0.398
    21.75    37.75    2109    -0.262    -0.237    -0.235    -0.245    -0.335    -0.538    -0.887    -1.307    -1.509    -1.584    -1.462    -0.821
    21.75    37.75    2110    -0.646    -0.534    -0.561    -0.707    -1.398    -1.684    -1.822    -1.938    -2.007    -2.049    -1.929    -1.284
    21.75    37.75    2111    -0.378    -0.267    -0.275    -0.344    -0.460    -0.798    -1.300    -1.705    -1.987    -2.179    -2.083    -1.817
    21.75    37.75    2112    -1.039    -0.897    -1.224    -2.052    -2.319    -2.434    -2.522    -2.575    -2.597    -2.610    -2.394    -1.164
    21.75    37.75    2113    -0.521    -0.409    -0.373    -0.414    -0.512    -0.726    -1.024    -1.243    -1.353    -1.274    -1.148    -0.661
    21.75    37.75    2114    -0.329    -0.221    -0.211    -0.239    -0.335    -0.567    -0.925    -1.203    -1.342    -1.418    -1.474    -1.425
    21.75    37.75    2115    -1.137    -1.233    -1.516    -1.658    -1.743    -1.820    -1.896    -1.960    -1.984    -1.876    -1.692    -0.907
    21.75    37.75    2116    -0.411    -0.292    -0.247    -0.249    -0.280    -0.354    -0.522    -0.681    -0.775    -0.850    -0.909    -0.776
    21.75    37.75    2117    -0.361    -0.254    -0.268    -0.394    -0.725    -1.051    -1.245    -1.406    -1.521    -1.600    -1.510    -0.822
    21.75    37.75    2118    -0.291    -0.210    -0.216    -0.278    -0.422    -0.762    -1.198    -1.507    -1.662    -1.728    -1.716    -1.078
    21.75    37.75    2119    -0.619    -0.588    -0.754    -1.300    -1.757    -2.025    -2.231    -2.347    -2.388    -2.311    -2.145    -0.851
    21.75    37.75    2120    -0.376    -0.254    -0.208    -0.260    -0.351    -0.572    -1.020    -1.430    -1.708    -1.886    -1.868    -1.302
    21.75    37.75    2121    -0.654    -0.482    -0.581    -1.199    -2.067    -2.515    -2.761    -2.871    -2.909    -2.907    -2.840    -2.647
    21.75    37.75    2122    -1.943    -1.008    -0.565    -0.524    -0.841    -1.546    -2.113    -2.384    -2.487    -2.529    -2.153    -0.843
    21.75    37.75    2123    -0.417    -0.246    -0.260    -0.406    -0.840    -1.596    -2.327    -2.658    -2.707    -2.715    -2.675    -2.605
    21.75    37.75    2124    -2.035    -1.487    -0.985    -1.175    -2.231    -2.700    -2.789    -2.849    -2.875    -2.798    -2.158    -0.715
    21.75    37.75    2125    -0.342    -0.238    -0.196    -0.244    -0.367    -0.589    -1.133    -1.667    -2.049    -2.537    -2.444    -1.771
    21.75    37.75    2126    -1.087    -0.925    -1.294    -2.492    -2.802    -2.890    -2.984    -3.049    -3.081    -2.925    -2.359    -2.298
    21.75    37.75    2127    -1.105    -0.605    -0.688    -0.962    -1.367    -1.737    -1.953    -2.088    -2.145    -2.147    -1.725    -1.258
    21.75    37.75    2128    -0.981    -0.858    -0.950    -1.352    -1.845    -2.004    -2.050    -2.075    -2.092    -2.104    -2.030    -1.490
    21.75    37.75    2129    -0.780    -0.537    -0.481    -0.590    -0.752    -1.032    -1.446    -1.761    -1.863    -1.911    -1.925    -1.568
    21.75    37.75    2130    -0.930    -0.765    -1.011    -1.654    -1.905    -1.968    -2.030    -2.066    -2.086    -2.104    -2.117    -1.823
