      Lon      Lat    Year       Jan       Feb       Mar       Apr       May       Jun       Jul       Aug       Sep       Oct       Nov       Dec
     9.75    49.75    1980    -0.306    -0.272    -0.223    -0.595    -0.813    -0.451    -0.630    -0.613    -0.706    -0.772    -0.583    -0.437
     9.75    49.75    1981    -0.216    -0.226    -0.341    -0.495    -1.304    -2.774    -2.472    -1.395    -0.442    -0.327    -0.267    -0.271
     9.75    49.75    1982    -0.180    -0.184    -0.209    -0.261    -1.098    -2.058    -0.927    -0.590    -0.302    -0.428    -0.335    -0.196
     9.75    49.75    1983    -0.171    -0.205    -0.446    -0.750    -1.108    -0.723    -0.676    -1.317    -2.015    -1.803    -0.338    -0.185
     9.75    49.75    1984    -0.197    -0.236    -0.311    -0.379    -0.515    -0.424    -1.613    -1.692    -1.712    -1.878    -0.502    -0.198
     9.75    49.75    1985    -0.192    -0.177    -0.237    -0.483    -0.834    -0.817    -1.131    -0.917    -0.770    -0.481    -0.269    -0.185
     9.75    49.75    1986    -0.188    -0.188    -0.195    -0.195    -0.948    -2.063    -1.619    -2.285    -0.828    -0.233    -0.199    -0.195
     9.75    49.75    1987    -0.191    -0.193    -0.217    -0.433    -0.452    -0.382    -0.994    -1.230    -0.550    -0.588    -0.411    -0.339
     9.75    49.75    1988    -0.204    -0.234    -0.353    -1.092    -1.583    -2.171    -1.591    -2.789    -2.468    -2.935    -1.254    -0.484
     9.75    49.75    1989    -0.230    -0.204    -0.210    -0.330    -0.341    -0.786    -1.130    -1.548    -0.816    -0.781    -0.258    -0.216
     9.75    49.75    1990    -0.182    -0.192    -0.196    -0.263    -0.571    -0.862    -1.221    -1.502    -2.164    -1.575    -0.707    -0.265
     9.75    49.75    1991    -0.191    -0.197    -0.236    -0.521    -0.750    -0.598    -1.315    -1.940    -2.664    -1.575    -0.460    -0.193
     9.75    49.75    1992    -0.186    -0.203    -0.244    -0.327    -1.122    -0.771    -1.111    -1.468    -1.840    -1.654    -0.491    -0.228
     9.75    49.75    1993    -0.232    -0.228    -0.177    -0.461    -1.173    -1.264    -1.793    -1.759    -0.459    -0.290    -0.260    -0.221
     9.75    49.75    1994    -0.194    -0.202    -0.219    -0.459    -1.136    -1.810    -2.503    -1.999    -1.561    -1.705    -0.342    -0.187
     9.75    49.75    1995    -0.199    -0.202    -0.201    -0.345    -0.503    -1.560    -1.246    -0.410    -1.202    -0.925    -0.246    -0.185
     9.75    49.75    1996    -0.181    -0.204    -0.275    -0.599    -1.597    -1.672    -1.249    -0.617    -0.815    -0.529    -0.292    -0.306
     9.75    49.75    1997    -0.280    -0.286    -0.224    -0.460    -0.521    -0.436    -0.848    -1.279    -0.805    -0.675    -0.429    -0.262
     9.75    49.75    1998    -0.221    -0.232    -0.254    -0.858    -1.487    -0.937    -2.104    -2.403    -0.568    -0.642    -0.633    -0.327
     9.75    49.75    1999    -0.184    -0.222    -0.320    -0.653    -1.810    -0.775    -2.566    -2.804    -2.740    -2.267    -0.643    -0.263
     9.75    49.75    2000    -0.176    -0.210    -0.368    -0.848    -1.773    -1.486    -0.938    -1.589    -0.983    -1.375    -0.332    -0.221
     9.75    49.75    2001    -0.198    -0.198    -0.193    -0.567    -0.898    -1.108    -1.608    -0.874    -1.845    -1.667    -0.547    -0.202
     9.75    49.75    2002    -0.178    -0.184    -0.447    -0.576    -0.480    -2.615    -3.120    -1.864    -0.657    -0.807    -0.805    -0.384
     9.75    49.75    2003    -0.175    -0.175    -0.232    -0.533    -0.643    -1.208    -0.688    -0.571    -0.719    -0.881    -0.455    -0.198
     9.75    49.75    2004    -0.203    -0.213    -0.342    -0.595    -0.534    -0.768    -1.973    -1.387    -0.818    -0.594    -0.366    -0.208
     9.75    49.75    2005    -0.238    -0.193    -0.377    -0.667    -0.776    -1.197    -1.566    -1.732    -1.627    -1.684    -0.271    -0.178
     9.75    49.75    2006    -0.193    -0.182    -0.223    -0.567    -2.187    -2.557    -1.830    -1.404    -2.566    -2.694    -0.637    -0.466
     9.75    49.75    2007    -0.465    -0.452    -0.215    -0.509    -1.652    -2.104    -1.626    -0.458    -0.993    -1.546    -0.694    -0.303
     9.75    49.75    2008    -0.190    -0.184    -0.313    -1.606    -2.412    -1.971    -2.340    -2.110    -1.775    -2.348    -0.607    -0.185
     9.75    49.75    2009    -0.179    -0.208    -0.274    -0.437    -0.680    -0.828    -1.367    -0.974    -0.637    -0.701    -0.465    -0.368
     9.75    49.75    2010    -0.179    -0.186    -0.244    -0.540    -1.455    -0.591    -0.819    -1.523    -0.812    -0.766    -0.357    -0.210
     9.75    49.75    2011    -0.176    -0.235    -0.301    -0.711    -1.121    -1.438    -2.786    -2.535    -2.368    -2.088    -0.373    -0.187
     9.75    49.75    2012    -0.206    -0.241    -0.292    -0.657    -1.745    -2.740    -3.172    -2.783    -2.544    -1.154    -0.371    -0.175
     9.75    49.75    2013    -0.210    -0.272    -0.259    -0.415    -0.403    -0.628    -0.567    -1.187    -1.972    -1.952    -0.587    -0.252
     9.75    49.75    2014    -0.198    -0.188    -0.324    -0.499    -1.228    -1.880    -0.919    -1.239    -1.839    -2.125    -0.584    -0.181
     9.75    49.75    2015    -0.183    -0.204    -0.229    -0.528    -2.453    -1.030    -0.823    -1.231    -1.123    -0.644    -0.243    -0.208
     9.75    49.75    2016    -0.180    -0.211    -0.381    -0.515    -1.026    -0.723    -1.312    -1.504    -1.157    -1.978    -1.179    -0.176
     9.75    49.75    2017    -0.174    -0.233    -0.414    -0.523    -1.577    -1.394    -2.438    -1.739    -1.635    -1.242    -0.465    -0.223
     9.75    49.75    2018    -0.178    -0.192    -0.269    -0.351    -0.604    -2.083    -1.748    -0.738    -1.418    -0.493    -0.297    -0.245
     9.75    49.75    2019    -0.227    -0.220    -0.229    -0.408    -0.875    -1.767    -2.371    -0.729    -0.768    -2.277    -0.839    -0.231
     9.75    49.75    2020    -0.201    -0.208    -0.434    -0.619    -1.036    -2.048    -2.550    -3.158    -3.312    -2.329    -0.292    -0.185
     9.75    49.75    2021    -0.205    -0.195    -0.305    -0.552    -0.819    -0.769    -2.526    -1.870    -1.723    -1.309    -0.497    -0.226
     9.75    49.75    2022    -0.226    -0.189    -0.244    -0.372    -0.623    -0.475    -0.748    -1.518    -2.922    -1.898    -0.698    -0.348
     9.75    49.75    2023    -0.290    -0.300    -0.233    -0.285    -0.440    -2.140    -2.008    -1.967    -2.085    -1.884    -0.551    -0.179
     9.75    49.75    2024    -0.180    -0.245    -0.358    -0.692    -0.647    -1.002    -1.677    -1.648    -1.481    -1.080    -0.275    -0.187
     9.75    49.75    2025    -0.178    -0.174    -0.218    -0.332    -0.447    -1.215    -2.081    -1.928    -0.743    -0.503    -0.236    -0.173
     9.75    49.75    2026    -0.172    -0.199    -0.265    -0.568    -1.627    -2.034    -2.327    -2.231    -2.150    -1.662    -1.157    -0.505
     9.75    49.75    2027    -0.221    -0.171    -0.253    -0.267    -0.735    -1.081    -2.215    -1.844    -2.520    -2.477    -0.519    -0.198
     9.75    49.75    2028    -0.181    -0.229    -0.321    -0.428    -1.967    -3.250    -3.304    -3.253    -2.471    -1.845    -0.663    -0.359
     9.75    49.75    2029    -0.172    -0.197    -0.218    -0.373    -1.657    -0.916    -1.197    -1.670    -2.061    -2.546    -1.446    -0.411
     9.75    49.75    2030    -0.407    -0.244    -0.344    -0.647    -1.131    -2.328    -1.940    -2.551    -2.855    -2.631    -0.940    -0.366
     9.75    49.75    2031    -0.317    -0.312    -0.200    -0.243    -0.828    -0.318    -0.844    -2.066    -2.844    -2.172    -0.842    -0.306
     9.75    49.75    2032    -0.236    -0.200    -0.201    -0.685    -2.538    -0.916    -2.900    -2.763    -2.169    -2.787    -1.048    -0.263
     9.75    49.75    2033    -0.177    -0.193    -0.262    -0.340    -1.036    -2.049    -1.665    -1.674    -2.602    -2.612    -0.851    -0.257
     9.75    49.75    2034    -0.207    -0.205    -0.394    -0.374    -0.746    -2.211    -1.912    -1.807    -0.848    -1.479    -0.447    -0.242
     9.75    49.75    2035    -0.189    -0.179    -0.232    -0.354    -1.399    -2.519    -2.534    -2.502    -3.169    -1.691    -0.797    -0.401
     9.75    49.75    2036    -0.406    -0.309    -0.192    -0.307    -0.554    -0.794    -2.086    -2.545    -2.379    -2.602    -1.205    -0.352
     9.75    49.75    2037    -0.185    -0.252    -0.511    -0.444    -0.743    -1.317    -2.702    -2.685    -2.981    -2.040    -0.729    -0.185
     9.75    49.75    2038    -0.174    -0.226    -0.418    -0.495    -1.920    -3.071    -2.619    -1.263    -1.203    -1.682    -0.711    -0.196
     9.75    49.75    2039    -0.174    -0.195    -0.317    -0.639    -0.584    -0.375    -0.749    -1.072    -1.153    -2.070    -0.741    -0.228
     9.75    49.75    2040    -0.212    -0.321    -0.379    -0.556    -0.574    -0.458    -1.442    -1.221    -2.278    -1.903    -0.523    -0.195
     9.75    49.75    2041    -0.197    -0.213    -0.244    -0.747    -1.487    -0.606    -1.067    -0.790    -0.521    -0.568    -0.406    -0.213
     9.75    49.75    2042    -0.184    -0.186    -0.321    -0.518    -0.539    -0.778    -0.673    -1.047    -1.354    -1.132    -0.969    -0.217
     9.75    49.75    2043    -0.211    -0.221    -0.293    -0.415    -0.728    -2.388    -2.038    -2.558    -2.950    -1.943    -0.425    -0.234
     9.75    49.75    2044    -0.184    -0.199    -0.303    -0.399    -1.273    -2.247    -2.236    -2.474    -1.948    -1.883    -0.804    -0.232
     9.75    49.75    2045    -0.182    -0.203    -0.344    -1.082    -2.824    -2.737    -1.203    -2.063    -2.401    -1.663    -0.370    -0.193
     9.75    49.75    2046    -0.177    -0.197    -0.288    -0.433    -0.978    -2.414    -2.026    -1.384    -1.507    -2.319    -0.644    -0.216
     9.75    49.75    2047    -0.191    -0.191    -0.231    -0.427    -0.483    -0.357    -0.943    -2.142    -2.760    -1.747    -0.479    -0.204
     9.75    49.75    2048    -0.207    -0.209    -0.266    -0.856    -1.605    -2.637    -2.777    -1.769    -2.262    -2.670    -0.885    -0.234
     9.75    49.75    2049    -0.174    -0.235    -0.209    -0.399    -0.939    -2.332    -2.924    -2.960    -3.293    -3.405    -1.229    -0.183
     9.75    49.75    2050    -0.174    -0.208    -0.373    -0.330    -0.327    -0.473    -1.807    -1.717    -3.227    -1.480    -0.196    -0.180
     9.75    49.75    2051    -0.178    -0.227    -0.501    -0.975    -0.867    -0.881    -0.887    -1.630    -2.979    -1.877    -0.688    -0.223
     9.75    49.75    2052    -0.182    -0.215    -0.306    -0.429    -0.528    -0.851    -2.078    -2.821    -2.497    -1.022    -0.327    -0.198
     9.75    49.75    2053    -0.183    -0.185    -0.248    -0.515    -0.722    -1.455    -1.456    -0.447    -1.581    -1.396    -0.536    -0.223
     9.75    49.75    2054    -0.179    -0.226    -0.277    -0.381    -2.023    -2.915    -3.245    -3.327    -3.383    -1.839    -0.968    -0.608
     9.75    49.75    2055    -0.365    -0.339    -0.435    -0.692    -0.753    -0.633    -1.695    -1.754    -2.273    -2.295    -0.626    -0.256
     9.75    49.75    2056    -0.204    -0.208    -0.299    -0.778    -1.636    -3.016    -3.146    -2.942    -3.357    -3.042    -1.056    -0.198
     9.75    49.75    2057    -0.180    -0.231    -0.439    -1.672    -3.306    -1.964    -0.760    -1.339    -2.965    -1.041    -0.280    -0.174
     9.75    49.75    2058    -0.182    -0.192    -0.294    -0.582    -1.253    -1.726    -1.620    -1.748    -3.093    -1.689    -0.657    -0.252
     9.75    49.75    2059    -0.185    -0.188    -0.288    -0.512    -0.682    -1.660    -2.579    -2.960    -3.397    -1.905    -0.214    -0.187
     9.75    49.75    2060    -0.221    -0.231    -0.253    -0.771    -2.922    -2.587    -3.187    -0.991    -1.823    -0.981    -0.285    -0.250
     9.75    49.75    2061    -0.183    -0.238    -0.313    -0.555    -2.211    -2.797    -2.965    -2.617    -2.939    -2.545    -0.794    -0.356
     9.75    49.75    2062    -0.213    -0.205    -0.277    -0.543    -1.546    -2.484    -2.481    -1.513    -1.233    -2.611    -1.453    -0.383
     9.75    49.75    2063    -0.177    -0.200    -0.276    -0.432    -1.286    -1.511    -1.264    -2.531    -1.690    -2.372    -0.860    -0.176
     9.75    49.75    2064    -0.183    -0.196    -0.324    -0.421    -0.521    -0.832    -1.997    -2.060    -1.188    -0.574    -0.296    -0.203
     9.75    49.75    2065    -0.198    -0.184    -0.259    -0.539    -1.626    -0.882    -1.772    -1.950    -2.486    -1.560    -0.348    -0.251
     9.75    49.75    2066    -0.184    -0.212    -0.312    -0.382    -1.039    -2.501    -2.059    -2.177    -2.517    -1.450    -0.503    -0.256
     9.75    49.75    2067    -0.203    -0.242    -0.307    -0.434    -1.738    -2.123    -2.269    -1.888    -2.644    -0.846    -0.529    -0.235
     9.75    49.75    2068    -0.184    -0.217    -0.375    -0.456    -0.858    -2.056    -2.676    -2.827    -3.302    -3.154    -0.796    -0.185
     9.75    49.75    2069    -0.217    -0.265    -0.369    -1.866    -2.361    -2.550    -3.216    -2.564    -2.720    -1.671    -0.502    -0.230
     9.75    49.75    2070    -0.191    -0.183    -0.227    -0.550    -0.633    -1.295    -1.805    -1.888    -2.445    -1.028    -0.304    -0.200
     9.75    49.75    2071    -0.180    -0.179    -0.289    -0.394    -2.138    -2.287    -2.637    -1.412    -2.475    -2.126    -0.544    -0.338
     9.75    49.75    2072    -0.308    -0.237    -0.531    -0.745    -1.289    -0.755    -0.831    -2.024    -2.898    -1.481    -0.299    -0.177
     9.75    49.75    2073    -0.188    -0.219    -0.258    -0.556    -0.612    -0.886    -1.097    -1.913    -2.395    -1.546    -0.459    -0.246
     9.75    49.75    2074    -0.193    -0.181    -0.353    -1.259    -2.360    -3.076    -3.232    -3.282    -2.649    -0.591    -0.191    -0.174
     9.75    49.75    2075    -0.192    -0.215    -0.352    -0.758    -2.103    -2.129    -2.581    -1.763    -2.116    -1.904    -0.765    -0.273
     9.75    49.75    2076    -0.206    -0.199    -0.246    -0.599    -1.552    -2.239    -2.350    -1.611    -0.727    -0.301    -0.198    -0.175
     9.75    49.75    2077    -0.194    -0.270    -0.334    -1.469    -3.246    -2.970    -3.225    -2.761    -2.322    -1.716    -0.244    -0.174
     9.75    49.75    2078    -0.185    -0.207    -0.336    -0.494    -1.098    -1.553    -1.846    -2.514    -2.889    -1.463    -0.579    -0.175
     9.75    49.75    2079    -0.178    -0.184    -0.232    -0.647    -0.792    -1.663    -2.940    -3.100    -2.708    -0.938    -0.399    -0.212
     9.75    49.75    2080    -0.241    -0.345    -0.277    -0.342    -1.118    -2.765    -2.732    -2.635    -2.816    -1.122    -0.249    -0.176
     9.75    49.75    2081    -0.190    -0.188    -0.298    -0.505    -1.068    -2.060    -1.932    -2.745    -3.047    -1.713    -0.220    -0.180
     9.75    49.75    2082    -0.193    -0.187    -0.296    -0.460    -0.527    -1.413    -2.995    -2.841    -3.244    -1.101    -0.184    -0.177
     9.75    49.75    2083    -0.201    -0.242    -0.343    -0.512    -1.328    -1.824    -2.359    -1.639    -1.926    -1.197    -0.348    -0.263
     9.75    49.75    2084    -0.209    -0.239    -0.355    -0.351    -0.991    -2.459    -3.122    -2.924    -3.114    -0.842    -0.260    -0.178
     9.75    49.75    2085    -0.178    -0.264    -0.444    -1.006    -2.851    -3.060    -3.262    -3.297    -3.365    -2.568    -0.799    -0.323
     9.75    49.75    2086    -0.241    -0.223    -0.417    -0.747    -2.231    -3.115    -2.701    -1.813    -1.046    -1.473    -0.635    -0.217
     9.75    49.75    2087    -0.196    -0.174    -0.294    -0.422    -1.438    -2.977    -2.879    -0.847    -1.708    -1.542    -0.504    -0.201
     9.75    49.75    2088    -0.193    -0.252    -0.225    -0.377    -1.681    -2.399    -2.844    -1.117    -1.885    -1.869    -0.457    -0.174
     9.75    49.75    2089    -0.177    -0.194    -0.211    -0.444    -2.700    -3.148    -2.468    -2.165    -3.127    -1.756    -0.634    -0.236
     9.75    49.75    2090    -0.197    -0.249    -0.255    -0.381    -0.631    -1.363    -1.793    -1.093    -0.746    -0.737    -0.477    -0.321
     9.75    49.75    2091    -0.191    -0.274    -0.323    -0.374    -0.511    -1.158    -2.289    -2.843    -1.292    -0.728    -0.691    -0.264
     9.75    49.75    2092    -0.185    -0.201    -0.264    -0.316    -0.647    -2.425    -3.082    -3.004    -3.043    -1.921    -0.428    -0.207
     9.75    49.75    2093    -0.188    -0.190    -0.261    -0.846    -1.810    -2.042    -1.394    -1.190    -1.872    -1.684    -0.701    -0.218
     9.75    49.75    2094    -0.178    -0.203    -0.307    -0.581    -0.483    -0.401    -0.876    -1.328    -0.917    -0.585    -0.266    -0.180
     9.75    49.75    2095    -0.184    -0.213    -0.531    -0.668    -1.033    -0.636    -2.007    -2.655    -2.740    -2.119    -0.364    -0.187
     9.75    49.75    2096    -0.179    -0.196    -0.286    -0.806    -2.091    -1.863    -2.430    -2.405    -2.508    -2.100    -0.547    -0.212
     9.75    49.75    2097    -0.176    -0.211    -0.418    -0.630    -2.142    -2.795    -2.356    -3.210    -3.315    -1.460    -0.591    -0.243
     9.75    49.75    2098    -0.184    -0.241    -0.516    -0.879    -0.671    -1.251    -2.906    -3.396    -2.554    -0.617    -0.219    -0.180
     9.75    49.75    2099    -0.196    -0.218    -0.296    -0.423    -1.652    -2.631    -2.940    -1.765    -2.111    -1.031    -0.265    -0.173
     9.75    49.75    2100    -0.197    -0.240    -0.206    -0.234    -0.397    -1.115    -2.721    -2.529    -1.804    -1.653    -0.328    -0.175
     9.75    49.75    2101    -0.181    -0.190    -0.262    -0.545    -2.146    -2.290    -2.729    -1.666    -2.388    -1.902    -0.495    -0.331
     9.75    49.75    2102    -0.313    -0.273    -0.573    -0.643    -1.273    -0.749    -0.886    -2.053    -2.970    -1.451    -0.224    -0.179
     9.75    49.75    2103    -0.189    -0.221    -0.264    -0.550    -0.506    -0.593    -1.486    -1.454    -3.063    -1.620    -0.377    -0.235
     9.75    49.75    2104    -0.183    -0.197    -0.352    -1.033    -2.457    -3.080    -3.236    -3.309    -2.164    -0.406    -0.237    -0.178
     9.75    49.75    2105    -0.192    -0.234    -0.352    -0.736    -1.976    -1.916    -2.895    -2.219    -1.954    -2.000    -0.693    -0.346
     9.75    49.75    2106    -0.207    -0.213    -0.247    -0.458    -1.894    -2.419    -2.416    -1.576    -0.784    -0.329    -0.234    -0.174
     9.75    49.75    2107    -0.193    -0.259    -0.327    -1.613    -3.288    -3.002    -3.223    -2.648    -2.558    -1.151    -0.258    -0.175
     9.75    49.75    2108    -0.180    -0.213    -0.322    -0.422    -1.164    -1.535    -1.750    -2.529    -2.885    -1.530    -0.533    -0.179
     9.75    49.75    2109    -0.182    -0.185    -0.213    -0.606    -0.627    -1.513    -2.932    -3.071    -2.570    -0.988    -0.426    -0.287
     9.75    49.75    2110    -0.245    -0.323    -0.262    -0.311    -0.854    -3.000    -2.545    -2.757    -2.902    -1.028    -0.217    -0.177
     9.75    49.75    2111    -0.192    -0.192    -0.259    -0.517    -1.025    -2.181    -2.270    -2.985    -3.223    -1.137    -0.231    -0.177
     9.75    49.75    2112    -0.187    -0.194    -0.240    -0.427    -0.468    -1.482    -3.096    -2.998    -3.217    -0.828    -0.186    -0.178
     9.75    49.75    2113    -0.194    -0.239    -0.314    -0.525    -1.648    -1.832    -2.198    -1.442    -1.970    -1.150    -0.403    -0.263
     9.75    49.75    2114    -0.187    -0.234    -0.347    -0.347    -0.674    -2.574    -3.251    -2.695    -3.196    -1.506    -0.208    -0.176
     9.75    49.75    2115    -0.179    -0.258    -0.394    -1.091    -2.824    -3.182    -3.219    -3.179    -3.384    -2.548    -1.112    -0.334
     9.75    49.75    2116    -0.237    -0.288    -0.374    -0.714    -2.380    -3.189    -2.603    -1.994    -1.528    -1.415    -0.563    -0.213
     9.75    49.75    2117    -0.190    -0.191    -0.290    -0.302    -1.714    -3.146    -2.771    -1.196    -1.616    -1.483    -0.451    -0.243
     9.75    49.75    2118    -0.188    -0.255    -0.248    -0.347    -1.847    -2.690    -2.766    -1.937    -1.396    -1.674    -0.436    -0.176
     9.75    49.75    2119    -0.180    -0.193    -0.231    -0.522    -2.641    -3.166    -2.330    -2.605    -3.187    -1.468    -0.512    -0.244
     9.75    49.75    2120    -0.200    -0.275    -0.246    -0.399    -0.596    -1.316    -1.286    -1.506    -0.946    -0.484    -0.583    -0.366
     9.75    49.75    2121    -0.227    -0.256    -0.279    -0.393    -0.450    -1.221    -2.655    -3.115    -1.174    -0.886    -0.637    -0.303
     9.75    49.75    2122    -0.184    -0.189    -0.323    -0.342    -0.534    -2.525    -3.098    -2.971    -3.101    -1.657    -0.542    -0.192
     9.75    49.75    2123    -0.188    -0.195    -0.238    -0.859    -1.566    -2.058    -1.938    -0.949    -2.285    -0.956    -0.685    -0.229
     9.75    49.75    2124    -0.176    -0.199    -0.319    -0.570    -0.330    -0.459    -0.921    -1.045    -1.142    -0.978    -0.315    -0.178
     9.75    49.75    2125    -0.182    -0.226    -0.548    -0.809    -0.812    -0.486    -2.203    -2.918    -3.089    -1.509    -0.441    -0.203
     9.75    49.75    2126    -0.180    -0.201    -0.312    -0.889    -2.209    -1.939    -2.397    -2.564    -2.548    -1.977    -0.554    -0.184
     9.75    49.75    2127    -0.182    -0.212    -0.411    -0.615    -2.062    -2.812    -2.542    -3.022    -3.294    -1.811    -0.647    -0.199
     9.75    49.75    2128    -0.188    -0.254    -0.536    -1.073    -0.810    -1.007    -2.876    -3.376    -2.710    -0.494    -0.240    -0.179
     9.75    49.75    2129    -0.203    -0.210    -0.287    -0.420    -1.983    -2.859    -2.845    -2.442    -1.802    -1.155    -0.212    -0.178
     9.75    49.75    2130    -0.194    -0.198    -0.213    -0.233    -0.439    -0.982    -2.780    -2.815    -2.269    -0.987    -0.246    -0.175
    13.75    55.75    1980    -0.145    -0.146    -0.174    -0.311    -1.555    -2.345    -2.979    -3.126    -0.822    -0.188    -0.158    -0.158
    13.75    55.75    1981    -0.141    -0.156    -0.228    -0.395    -1.299    -2.333    -2.666    -3.298    -2.368    -0.568    -0.144    -0.142
    13.75    55.75    1982    -0.145    -0.149    -0.198    -0.331    -0.699    -1.136    -3.214    -2.957    -1.891    -0.287    -0.193    -0.142
    13.75    55.75    1983    -0.141    -0.141    -0.214    -0.398    -1.022    -1.594    -2.459    -3.289    -2.964    -1.072    -0.250    -0.141
    13.75    55.75    1984    -0.142    -0.160    -0.219    -0.329    -0.416    -1.039    -0.671    -0.367    -0.420    -0.287    -0.142    -0.142
    13.75    55.75    1985    -0.140    -0.142    -0.144    -0.164    -0.293    -0.556    -0.610    -0.259    -0.320    -0.152    -0.142    -0.141
    13.75    55.75    1986    -0.141    -0.142    -0.143    -0.145    -0.388    -1.501    -2.675    -0.576    -0.210    -0.152    -0.145    -0.141
    13.75    55.75    1987    -0.145    -0.145    -0.146    -0.171    -1.161    -1.086    -0.874    -2.840    -0.272    -0.170    -0.153    -0.142
    13.75    55.75    1988    -0.141    -0.153    -0.219    -0.440    -0.925    -2.605    -2.928    -2.484    -1.468    -0.752    -0.383    -0.160
    13.75    55.75    1989    -0.143    -0.145    -0.148    -0.252    -0.560    -2.364    -2.207    -2.376    -1.323    -0.297    -0.153    -0.146
    13.75    55.75    1990    -0.142    -0.161    -0.161    -0.197    -0.648    -0.385    -1.841    -1.573    -0.314    -0.356    -0.216    -0.143
    13.75    55.75    1991    -0.140    -0.141    -0.164    -0.361    -0.884    -3.094    -2.694    -0.299    -0.230    -0.179    -0.144    -0.141
    13.75    55.75    1992    -0.142    -0.155    -0.170    -0.297    -0.502    -0.654    -1.448    -3.179    -1.918    -1.234    -0.321    -0.142
    13.75    55.75    1993    -0.142    -0.140    -0.144    -0.349    -0.732    -1.452    -0.584    -0.481    -0.537    -0.349    -0.172    -0.181
    13.75    55.75    1994    -0.164    -0.150    -0.160    -0.358    -0.971    -1.044    -0.754    -0.367    -0.378    -0.182    -0.146    -0.143
    13.75    55.75    1995    -0.145    -0.145    -0.162    -0.315    -0.775    -0.974    -2.445    -2.965    -1.994    -0.399    -0.165    -0.143
    13.75    55.75    1996    -0.142    -0.153    -0.182    -0.273    -0.797    -2.266    -2.916    -1.419    -1.069    -0.245    -0.149    -0.144
    13.75    55.75    1997    -0.146    -0.149    -0.152    -0.245    -1.208    -1.869    -1.037    -0.969    -0.348    -0.247    -0.163    -0.144
    13.75    55.75    1998    -0.145    -0.170    -0.240    -0.514    -1.310    -0.680    -1.907    -2.877    -0.749    -0.583    -0.309    -0.181
    13.75    55.75    1999    -0.154    -0.155    -0.184    -0.343    -0.560    -2.258    -2.722    -2.214    -0.501    -0.173    -0.165    -0.143
    13.75    55.75    2000    -0.142    -0.153    -0.203    -0.534    -2.245    -2.597    -3.152    -3.181    -0.939    -0.342    -0.156    -0.144
    13.75    55.75    2001    -0.146    -0.148    -0.152    -0.233    -0.414    -0.540    -0.586    -0.355    -0.198    -0.204    -0.152    -0.141
    13.75    55.75    2002    -0.143    -0.143    -0.226    -0.273    -0.478    -2.766    -2.684    -1.091    -0.241    -0.194    -0.177    -0.147
    13.75    55.75    2003    -0.146    -0.148    -0.152    -0.224    -0.502    -2.084    -1.573    -0.700    -0.703    -0.157    -0.148    -0.142
    13.75    55.75    2004    -0.143    -0.149    -0.188    -0.330    -0.626    -0.633    -0.185    -0.600    -1.046    -0.950    -0.179    -0.145
    13.75    55.75    2005    -0.146    -0.160    -0.260    -0.487    -1.505    -0.552    -2.580    -3.024    -1.711    -0.469    -0.143    -0.142
    13.75    55.75    2006    -0.141    -0.141    -0.161    -0.352    -1.423    -0.319    -0.431    -1.035    -0.302    -0.166    -0.155    -0.158
    13.75    55.75    2007    -0.160    -0.160    -0.147    -0.359    -1.408    -3.042    -3.304    -2.685    -2.000    -0.689    -0.228    -0.143
    13.75    55.75    2008    -0.145    -0.153    -0.221    -0.555    -0.759    -0.817    -1.220    -3.049    -2.876    -1.050    -0.239    -0.150
    13.75    55.75    2009    -0.141    -0.141    -0.157    -0.326    -0.410    -2.179    -0.762    -1.117    -0.332    -0.221    -0.218    -0.195
    13.75    55.75    2010    -0.148    -0.154    -0.197    -0.361    -1.188    -2.516    -2.966    -3.141    -0.661    -0.158    -0.155    -0.146
    13.75    55.75    2011    -0.140    -0.142    -0.163    -0.415    -0.803    -2.711    -3.446    -1.305    -0.641    -0.243    -0.162    -0.141
    13.75    55.75    2012    -0.150    -0.168    -0.175    -0.271    -0.727    -0.329    -1.274    -1.392    -1.151    -0.451    -0.141    -0.141
    13.75    55.75    2013    -0.145    -0.181    -0.266    -0.326    -0.511    -0.398    -1.764    -2.968    -1.981    -1.548    -0.498    -0.195
    13.75    55.75    2014    -0.145    -0.148    -0.190    -0.318    -0.700    -2.082    -3.413    -3.200    -2.805    -2.602    -0.505    -0.143
    13.75    55.75    2015    -0.142    -0.151    -0.171    -0.242    -1.248    -3.472    -3.473    -2.464    -0.266    -0.202    -0.149    -0.142
    13.75    55.75    2016    -0.141    -0.158    -0.214    -0.369    -1.205    -2.976    -1.973    -2.620    -2.185    -1.829    -0.217    -0.144
    13.75    55.75    2017    -0.143    -0.164    -0.270    -0.372    -0.526    -2.508    -0.300    -0.427    -0.480    -0.236    -0.149    -0.140
    13.75    55.75    2018    -0.144    -0.154    -0.164    -0.322    -0.821    -0.684    -2.095    -2.520    -3.348    -0.824    -0.224    -0.197
    13.75    55.75    2019    -0.199    -0.186    -0.165    -0.284    -0.631    -2.021    -3.463    -2.302    -2.489    -0.733    -0.368    -0.159
    13.75    55.75    2020    -0.144    -0.151    -0.202    -0.522    -2.189    -3.438    -2.713    -1.352    -1.112    -0.741    -0.147    -0.143
    13.75    55.75    2021    -0.149    -0.177    -0.258    -0.528    -2.425    -2.871    -3.302    -2.603    -0.564    -0.230    -0.146    -0.141
    13.75    55.75    2022    -0.144    -0.152    -0.172    -0.301    -1.432    -2.470    -0.366    -0.447    -1.363    -0.677    -0.150    -0.141
    13.75    55.75    2023    -0.149    -0.164    -0.169    -0.262    -0.938    -3.133    -1.539    -0.541    -1.704    -0.863    -0.148    -0.141
    13.75    55.75    2024    -0.143    -0.145    -0.205    -0.401    -0.911    -0.624    -2.695    -2.346    -1.035    -0.250    -0.150    -0.146
    13.75    55.75    2025    -0.139    -0.140    -0.147    -0.219    -0.331    -0.293    -0.368    -0.350    -0.373    -0.417    -0.168    -0.143
    13.75    55.75    2026    -0.140    -0.149    -0.216    -0.248    -0.964    -1.208    -3.026    -0.612    -0.229    -0.196    -0.145    -0.142
    13.75    55.75    2027    -0.143    -0.147    -0.181    -0.264    -0.564    -0.955    -1.507    -1.235    -0.559    -0.217    -0.184    -0.146
    13.75    55.75    2028    -0.142    -0.175    -0.255    -0.345    -0.766    -1.131    -1.312    -1.585    -0.228    -0.294    -0.201    -0.148
    13.75    55.75    2029    -0.143    -0.156    -0.157    -0.196    -0.538    -1.246    -1.649    -2.816    -1.145    -0.443    -0.256    -0.143
    13.75    55.75    2030    -0.144    -0.145    -0.164    -0.305    -1.021    -1.903    -2.436    -3.250    -1.699    -0.806    -0.513    -0.142
    13.75    55.75    2031    -0.141    -0.142    -0.145    -0.203    -0.335    -1.664    -0.680    -0.444    -0.664    -0.357    -0.255    -0.150
    13.75    55.75    2032    -0.142    -0.154    -0.200    -0.374    -1.082    -1.798    -0.876    -0.632    -1.198    -0.572    -0.189    -0.141
    13.75    55.75    2033    -0.144    -0.152    -0.179    -0.341    -1.423    -1.852    -2.768    -1.683    -0.975    -1.435    -0.457    -0.143
    13.75    55.75    2034    -0.140    -0.146    -0.179    -0.225    -0.531    -2.480    -2.871    -1.013    -0.544    -0.533    -0.296    -0.205
    13.75    55.75    2035    -0.145    -0.147    -0.186    -0.207    -0.845    -2.014    -1.467    -1.156    -0.629    -0.183    -0.151    -0.143
    13.75    55.75    2036    -0.142    -0.142    -0.242    -0.361    -1.745    -2.580    -3.325    -2.351    -1.084    -1.746    -0.512    -0.143
    13.75    55.75    2037    -0.142    -0.158    -0.262    -0.415    -1.103    -1.157    -0.638    -0.382    -0.648    -0.346    -0.147    -0.142
    13.75    55.75    2038    -0.141    -0.151    -0.201    -0.382    -1.570    -2.490    -3.277    -2.025    -0.826    -0.379    -0.207    -0.142
    13.75    55.75    2039    -0.141    -0.142    -0.201    -0.402    -0.526    -0.574    -0.563    -2.860    -1.507    -0.445    -0.203    -0.149
    13.75    55.75    2040    -0.143    -0.174    -0.222    -0.305    -0.780    -1.513    -1.176    -1.730    -2.726    -1.168    -0.295    -0.140
    13.75    55.75    2041    -0.143    -0.152    -0.165    -0.361    -0.430    -0.947    -3.136    -2.854    -0.790    -0.159    -0.147    -0.141
    13.75    55.75    2042    -0.144    -0.158    -0.244    -0.441    -1.342    -2.749    -3.182    -0.825    -0.204    -0.209    -0.159    -0.142
    13.75    55.75    2043    -0.145    -0.154    -0.193    -0.200    -1.196    -3.306    -1.442    -1.818    -1.114    -0.237    -0.143    -0.141
    13.75    55.75    2044    -0.142    -0.162    -0.241    -0.315    -0.712    -1.291    -0.993    -1.440    -1.008    -0.526    -0.254    -0.144
    13.75    55.75    2045    -0.141    -0.150    -0.203    -0.313    -1.410    -2.562    -3.133    -1.735    -0.408    -0.168    -0.145    -0.141
    13.75    55.75    2046    -0.141    -0.151    -0.204    -0.643    -2.515    -2.851    -3.430    -1.966    -1.305    -0.213    -0.158    -0.141
    13.75    55.75    2047    -0.144    -0.180    -0.250    -0.464    -0.754    -1.581    -0.435    -0.240    -0.260    -0.259    -0.200    -0.143
    13.75    55.75    2048    -0.140    -0.143    -0.150    -0.230    -0.556    -2.207    -0.991    -0.491    -0.525    -0.528    -0.253    -0.143
    13.75    55.75    2049    -0.141    -0.148    -0.166    -0.342    -0.565    -0.699    -1.755    -2.065    -1.704    -1.909    -0.319    -0.140
    13.75    55.75    2050    -0.145    -0.143    -0.211    -0.246    -0.247    -0.770    -2.685    -3.338    -3.276    -0.519    -0.152    -0.146
    13.75    55.75    2051    -0.140    -0.148    -0.257    -0.588    -1.205    -2.743    -3.208    -2.866    -1.315    -0.331    -0.293    -0.154
    13.75    55.75    2052    -0.144    -0.147    -0.152    -0.316    -0.403    -1.522    -0.812    -1.094    -0.662    -0.355    -0.168    -0.142
    13.75    55.75    2053    -0.143    -0.144    -0.160    -0.258    -0.504    -1.907    -1.569    -0.290    -0.665    -0.320    -0.196    -0.178
    13.75    55.75    2054    -0.145    -0.160    -0.221    -0.320    -2.209    -1.564    -0.637    -1.529    -1.414    -1.294    -0.536    -0.231
    13.75    55.75    2055    -0.163    -0.160    -0.253    -0.463    -0.585    -2.529    -2.793    -1.783    -3.047    -0.544    -0.150    -0.148
    13.75    55.75    2056    -0.143    -0.153    -0.279    -0.470    -1.010    -3.145    -3.279    -2.361    -0.624    -0.252    -0.144    -0.141
    13.75    55.75    2057    -0.143    -0.155    -0.286    -0.811    -2.136    -2.241    -1.377    -1.320    -0.766    -0.175    -0.143    -0.143
    13.75    55.75    2058    -0.145    -0.148    -0.206    -0.368    -0.569    -1.927    -0.859    -0.289    -0.442    -0.291    -0.175    -0.141
    13.75    55.75    2059    -0.141    -0.142    -0.145    -0.181    -0.497    -1.705    -1.812    -2.405    -2.134    -1.231    -0.166    -0.142
    13.75    55.75    2060    -0.146    -0.157    -0.191    -0.358    -1.434    -1.451    -1.840    -0.305    -0.574    -0.485    -0.224    -0.150
    13.75    55.75    2061    -0.143    -0.160    -0.175    -0.268    -1.426    -0.939    -1.170    -1.852    -2.771    -1.187    -0.227    -0.142
    13.75    55.75    2062    -0.143    -0.154    -0.180    -0.254    -1.342    -3.250    -1.699    -0.809    -0.858    -0.360    -0.215    -0.142
    13.75    55.75    2063    -0.142    -0.154    -0.170    -0.359    -1.313    -2.622    -1.216    -1.459    -1.136    -0.350    -0.213    -0.142
    13.75    55.75    2064    -0.142    -0.147    -0.182    -0.265    -0.581    -2.578    -1.298    -2.860    -1.581    -0.233    -0.143    -0.141
    13.75    55.75    2065    -0.144    -0.151    -0.206    -0.344    -0.415    -0.342    -0.883    -1.927    -0.710    -0.317    -0.147    -0.142
    13.75    55.75    2066    -0.142    -0.147    -0.182    -0.360    -0.937    -2.325    -2.921    -2.883    -2.540    -1.381    -0.284    -0.144
    13.75    55.75    2067    -0.142    -0.162    -0.225    -0.332    -1.480    -0.609    -2.112    -2.601    -2.791    -0.507    -0.177    -0.142
    13.75    55.75    2068    -0.142    -0.156    -0.197    -0.231    -0.385    -0.855    -1.255    -1.786    -2.923    -2.929    -1.510    -0.177
    13.75    55.75    2069    -0.144    -0.149    -0.235    -0.739    -1.015    -1.190    -2.217    -2.475    -1.525    -1.043    -0.421    -0.184
    13.75    55.75    2070    -0.143    -0.147    -0.188    -0.452    -0.411    -0.453    -0.385    -1.007    -1.958    -0.324    -0.151    -0.141
    13.75    55.75    2071    -0.143    -0.163    -0.193    -0.342    -1.833    -1.386    -0.367    -2.746    -0.847    -0.271    -0.236    -0.193
    13.75    55.75    2072    -0.145    -0.141    -0.271    -0.324    -0.952    -0.948    -1.539    -2.325    -1.082    -0.320    -0.203    -0.142
    13.75    55.75    2073    -0.145    -0.158    -0.179    -0.531    -1.045    -2.129    -3.437    -1.856    -1.773    -0.672    -0.147    -0.144
    13.75    55.75    2074    -0.142    -0.146    -0.189    -0.369    -0.620    -0.837    -1.794    -2.272    -1.637    -0.415    -0.152    -0.141
    13.75    55.75    2075    -0.143    -0.169    -0.183    -0.379    -1.334    -1.018    -1.836    -2.357    -2.860    -1.548    -0.328    -0.176
    13.75    55.75    2076    -0.145    -0.163    -0.250    -0.424    -0.797    -2.666    -1.165    -1.601    -0.731    -0.189    -0.151    -0.142
    13.75    55.75    2077    -0.144    -0.172    -0.262    -0.751    -2.678    -2.159    -2.280    -2.824    -1.437    -0.292    -0.142    -0.142
    13.75    55.75    2078    -0.142    -0.153    -0.195    -0.322    -0.884    -1.124    -0.353    -0.898    -0.977    -0.323    -0.215    -0.142
    13.75    55.75    2079    -0.147    -0.169    -0.154    -0.213    -0.420    -0.354    -0.325    -0.763    -1.008    -0.397    -0.207    -0.146
    13.75    55.75    2080    -0.145    -0.155    -0.169    -0.193    -0.715    -2.609    -2.969    -2.695    -0.509    -0.308    -0.146    -0.145
    13.75    55.75    2081    -0.146    -0.150    -0.225    -0.389    -1.208    -0.871    -2.358    -2.778    -1.872    -1.009    -0.143    -0.143
    13.75    55.75    2082    -0.147    -0.151    -0.168    -0.274    -0.403    -1.047    -2.270    -1.616    -0.456    -0.167    -0.144    -0.142
    13.75    55.75    2083    -0.145    -0.158    -0.240    -0.315    -0.725    -1.293    -0.388    -0.540    -0.355    -0.266    -0.153    -0.144
    13.75    55.75    2084    -0.143    -0.173    -0.207    -0.248    -0.236    -0.797    -0.821    -1.438    -1.226    -0.292    -0.145    -0.144
    13.75    55.75    2085    -0.143    -0.164    -0.245    -0.459    -1.529    -2.817    -2.972    -3.216    -1.001    -0.433    -0.261    -0.144
    13.75    55.75    2086    -0.143    -0.160    -0.177    -0.278    -1.258    -3.195    -2.422    -0.466    -0.252    -0.232    -0.168    -0.143
    13.75    55.75    2087    -0.147    -0.145    -0.249    -0.407    -1.040    -2.568    -2.687    -1.031    -0.248    -0.202    -0.149    -0.144
    13.75    55.75    2088    -0.144    -0.155    -0.206    -0.236    -0.719    -0.941    -0.325    -0.445    -0.202    -0.208    -0.163    -0.144
    13.75    55.75    2089    -0.144    -0.155    -0.185    -0.365    -1.241    -3.215    -3.359    -0.268    -0.177    -0.353    -0.208    -0.144
    13.75    55.75    2090    -0.145    -0.160    -0.184    -0.324    -0.893    -1.159    -0.799    -1.249    -1.291    -0.504    -0.303    -0.192
    13.75    55.75    2091    -0.151    -0.152    -0.220    -0.299    -0.669    -0.433    -0.407    -0.307    -0.205    -0.207    -0.151    -0.145
    13.75    55.75    2092    -0.146    -0.150    -0.170    -0.190    -0.466    -1.405    -0.320    -0.687    -0.660    -0.237    -0.162    -0.144
    13.75    55.75    2093    -0.146    -0.150    -0.185    -0.542    -2.796    -3.402    -2.756    -1.722    -0.381    -0.275    -0.163    -0.147
    13.75    55.75    2094    -0.145    -0.156    -0.196    -0.358    -0.501    -1.008    -2.084    -2.300    -1.275    -0.413    -0.161    -0.143
    13.75    55.75    2095    -0.149    -0.150    -0.200    -0.241    -0.553    -2.660    -3.462    -2.421    -1.180    -0.422    -0.154    -0.144
    13.75    55.75    2096    -0.144    -0.159    -0.186    -0.490    -2.411    -0.565    -0.362    -0.713    -0.559    -0.171    -0.163    -0.145
    13.75    55.75    2097    -0.145    -0.159    -0.248    -0.508    -0.295    -0.536    -2.693    -2.457    -2.224    -1.250    -0.207    -0.155
    13.75    55.75    2098    -0.147    -0.187    -0.272    -0.544    -0.391    -0.692    -0.660    -2.402    -3.326    -0.530    -0.199    -0.157
    13.75    55.75    2099    -0.147    -0.154    -0.211    -0.460    -2.273    -3.295    -1.608    -2.314    -2.589    -1.313    -0.169    -0.143
    13.75    55.75    2100    -0.146    -0.151    -0.167    -0.209    -0.414    -2.231    -2.291    -1.724    -1.222    -0.695    -0.197    -0.144
    13.75    55.75    2101    -0.146    -0.151    -0.192    -0.406    -1.680    -1.008    -0.377    -2.111    -1.248    -0.275    -0.227    -0.151
    13.75    55.75    2102    -0.147    -0.161    -0.352    -0.447    -0.577    -1.034    -1.971    -1.905    -0.919    -0.459    -0.167    -0.146
    13.75    55.75    2103    -0.147    -0.155    -0.189    -0.438    -1.253    -2.408    -3.291    -1.602    -1.997    -0.667    -0.151    -0.148
    13.75    55.75    2104    -0.145    -0.154    -0.204    -0.599    -0.408    -0.631    -2.050    -2.461    -1.712    -0.642    -0.154    -0.146
    13.75    55.75    2105    -0.147    -0.174    -0.236    -0.315    -1.667    -1.246    -1.224    -2.200    -2.725    -1.407    -0.417    -0.179
    13.75    55.75    2106    -0.149    -0.166    -0.231    -0.561    -1.198    -2.555    -1.350    -1.375    -0.958    -0.180    -0.152    -0.146
    13.75    55.75    2107    -0.147    -0.180    -0.225    -0.946    -2.978    -1.703    -2.893    -2.506    -1.900    -0.390    -0.146    -0.146
    13.75    55.75    2108    -0.147    -0.161    -0.197    -0.302    -0.695    -0.894    -1.413    -0.732    -0.623    -0.352    -0.193    -0.152
    13.75    55.75    2109    -0.150    -0.165    -0.166    -0.295    -0.554    -0.315    -0.347    -0.995    -0.937    -0.428    -0.244    -0.148
    13.75    55.75    2110    -0.153    -0.161    -0.176    -0.207    -0.580    -2.774    -2.916    -2.382    -0.916    -0.244    -0.149    -0.149
    13.75    55.75    2111    -0.149    -0.158    -0.217    -0.474    -1.367    -0.680    -2.519    -3.031    -1.754    -0.485    -0.154    -0.148
    13.75    55.75    2112    -0.149    -0.158    -0.171    -0.256    -0.408    -1.454    -2.198    -1.555    -0.467    -0.176    -0.150    -0.147
    13.75    55.75    2113    -0.150    -0.155    -0.214    -0.322    -0.461    -0.504    -0.642    -0.424    -0.444    -0.225    -0.162    -0.149
    13.75    55.75    2114    -0.150    -0.171    -0.213    -0.193    -0.329    -0.620    -1.614    -1.073    -0.994    -0.319    -0.151    -0.150
    13.75    55.75    2115    -0.150    -0.168    -0.204    -0.576    -1.957    -3.064    -3.203    -3.184    -1.118    -0.590    -0.189    -0.150
    13.75    55.75    2116    -0.151    -0.175    -0.204    -0.337    -1.168    -3.305    -1.716    -0.891    -0.365    -0.250    -0.153    -0.149
    13.75    55.75    2117    -0.153    -0.152    -0.285    -0.436    -1.123    -2.871    -2.680    -0.989    -0.208    -0.180    -0.175    -0.152
    13.75    55.75    2118    -0.149    -0.165    -0.201    -0.273    -0.474    -1.214    -0.470    -0.247    -0.213    -0.200    -0.153    -0.148
    13.75    55.75    2119    -0.152    -0.173    -0.233    -0.330    -1.290    -3.264    -3.353    -0.407    -0.192    -0.267    -0.162    -0.150
    13.75    55.75    2120    -0.153    -0.166    -0.212    -0.247    -0.567    -1.149    -0.758    -1.610    -1.260    -0.440    -0.336    -0.183
    13.75    55.75    2121    -0.151    -0.167    -0.213    -0.324    -0.552    -1.077    -0.565    -0.390    -0.273    -0.189    -0.156    -0.150
    13.75    55.75    2122    -0.152    -0.162    -0.176    -0.230    -0.321    -1.636    -1.044    -0.530    -0.656    -0.306    -0.173    -0.151
    13.75    55.75    2123    -0.161    -0.156    -0.190    -0.631    -2.969    -3.410    -1.841    -2.505    -1.234    -0.201    -0.168    -0.153
    13.75    55.75    2124    -0.152    -0.160    -0.208    -0.346    -0.704    -1.045    -1.790    -1.606    -1.632    -0.773    -0.230    -0.150
    13.75    55.75    2125    -0.153    -0.154    -0.215    -0.256    -0.408    -2.419    -3.468    -2.588    -1.685    -0.460    -0.157    -0.150
    13.75    55.75    2126    -0.150    -0.163    -0.193    -0.442    -1.798    -0.607    -0.322    -0.939    -1.671    -0.170    -0.153    -0.149
    13.75    55.75    2127    -0.152    -0.166    -0.249    -0.260    -0.393    -1.313    -3.019    -2.246    -3.110    -0.582    -0.313    -0.151
    13.75    55.75    2128    -0.152    -0.172    -0.286    -0.546    -0.523    -0.334    -0.812    -2.621    -3.366    -1.114    -0.210    -0.153
    13.75    55.75    2129    -0.153    -0.161    -0.224    -0.489    -2.437    -3.317    -2.275    -2.038    -3.046    -0.778    -0.187    -0.150
    13.75    55.75    2130    -0.151    -0.157    -0.176    -0.210    -0.379    -1.935    -2.317    -1.598    -1.876    -0.538    -0.186    -0.149
    23.75    61.75    1980    -0.191    -0.191    -0.194    -0.204    -0.331    -0.806    -0.949    -1.643    -0.416    -0.232    -0.192    -0.190
    23.75    61.75    1981    -0.191    -0.191    -0.194    -0.278    -0.502    -1.304    -1.592    -0.746    -0.459    -0.257    -0.201    -0.201
    23.75    61.75    1982    -0.202    -0.202    -0.204    -0.209    -0.240    -0.751    -2.262    -1.564    -0.645    -0.245    -0.193    -0.192
    23.75    61.75    1983    -0.191    -0.191    -0.194    -0.195    -0.596    -1.518    -2.161    -2.465    -2.332    -0.661    -0.363    -0.363
    23.75    61.75    1984    -0.364    -0.364    -0.369    -0.375    -0.272    -1.208    -0.429    -0.339    -0.263    -0.206    -0.199    -0.196
    23.75    61.75    1985    -0.196    -0.197    -0.198    -0.202    -0.285    -0.678    -0.857    -0.457    -0.394    -0.297    -0.297    -0.297
    23.75    61.75    1986    -0.297    -0.297    -0.301    -0.295    -0.285    -0.718    -0.840    -1.274    -0.613    -0.344    -0.279    -0.279
    23.75    61.75    1987    -0.279    -0.280    -0.283    -0.262    -0.467    -0.767    -0.488    -0.917    -0.642    -0.295    -0.292    -0.292
    23.75    61.75    1988    -0.294    -0.294    -0.246    -0.215    -0.576    -0.787    -1.496    -1.348    -0.218    -0.207    -0.199    -0.195
    23.75    61.75    1989    -0.194    -0.194    -0.193    -0.202    -0.402    -1.717    -1.169    -1.824    -0.480    -0.296    -0.234    -0.234
    23.75    61.75    1990    -0.235    -0.235    -0.237    -0.238    -0.364    -0.882    -1.475    -0.356    -0.264    -0.219    -0.200    -0.195
    23.75    61.75    1991    -0.195    -0.196    -0.199    -0.203    -0.341    -1.144    -1.535    -1.616    -0.461    -0.241    -0.199    -0.200
    23.75    61.75    1992    -0.200    -0.200    -0.203    -0.206    -0.475    -1.116    -0.509    -0.306    -0.394    -0.345    -0.367    -0.367
    23.75    61.75    1993    -0.367    -0.367    -0.372    -0.231    -0.616    -2.660    -1.582    -0.518    -0.299    -0.224    -0.206    -0.206
    23.75    61.75    1994    -0.206    -0.201    -0.199    -0.197    -0.389    -0.752    -1.616    -0.814    -0.320    -0.238    -0.193    -0.195
    23.75    61.75    1995    -0.195    -0.195    -0.197    -0.206    -0.334    -0.778    -0.646    -0.851    -0.809    -0.328    -0.195    -0.194
    23.75    61.75    1996    -0.195    -0.195    -0.197    -0.198    -0.354    -2.074    -2.748    -0.351    -0.437    -0.330    -0.236    -0.218
    23.75    61.75    1997    -0.217    -0.218    -0.220    -0.207    -0.319    -1.910    -1.751    -0.581    -0.306    -0.242    -0.193    -0.191
    23.75    61.75    1998    -0.192    -0.195    -0.197    -0.199    -0.355    -0.767    -0.707    -0.604    -0.449    -0.267    -0.216    -0.191
    23.75    61.75    1999    -0.191    -0.191    -0.193    -0.256    -0.372    -0.811    -0.622    -0.467    -0.420    -0.292    -0.191    -0.191
    23.75    61.75    2000    -0.192    -0.192    -0.194    -0.224    -0.576    -1.839    -1.137    -0.412    -0.415    -0.306    -0.193    -0.191
    23.75    61.75    2001    -0.191    -0.191    -0.192    -0.199    -0.538    -2.325    -2.888    -0.333    -0.399    -0.359    -0.358    -0.358
    23.75    61.75    2002    -0.358    -0.358    -0.292    -0.243    -0.268    -0.465    -0.768    -0.833    -0.369    -0.498    -0.337    -0.217
    23.75    61.75    2003    -0.217    -0.218    -0.217    -0.227    -0.275    -0.867    -1.968    -1.730    -0.518    -0.219    -0.198    -0.199
    23.75    61.75    2004    -0.199    -0.199    -0.202    -0.194    -0.658    -1.155    -1.482    -0.318    -0.406    -0.236    -0.191    -0.191
    23.75    61.75    2005    -0.191    -0.191    -0.193    -0.240    -0.744    -0.624    -0.753    -0.579    -0.644    -0.341    -0.358    -0.359
    23.75    61.75    2006    -0.360    -0.360    -0.365    -0.235    -0.593    -2.135    -1.395    -0.700    -0.468    -0.237    -0.199    -0.198
    23.75    61.75    2007    -0.198    -0.199    -0.199    -0.203    -0.392    -2.064    -1.937    -2.868    -1.442    -0.320    -0.193    -0.194
    23.75    61.75    2008    -0.194    -0.194    -0.192    -0.395    -0.587    -0.837    -0.647    -1.110    -0.978    -0.480    -0.275    -0.239
    23.75    61.75    2009    -0.241    -0.241    -0.244    -0.259    -0.341    -1.905    -1.247    -0.302    -0.373    -0.251    -0.199    -0.200
    23.75    61.75    2010    -0.198    -0.199    -0.201    -0.197    -0.531    -1.496    -1.619    -0.605    -0.565    -0.402    -0.407    -0.408
    23.75    61.75    2011    -0.408    -0.408    -0.418    -0.265    -0.441    -1.678    -1.948    -0.474    -0.401    -0.253    -0.200    -0.199
    23.75    61.75    2012    -0.198    -0.199    -0.201    -0.206    -0.353    -0.649    -0.573    -0.415    -0.286    -0.275    -0.260    -0.260
    23.75    61.75    2013    -0.261    -0.262    -0.267    -0.243    -0.378    -0.360    -2.137    -2.585    -0.800    -0.338    -0.211    -0.194
    23.75    61.75    2014    -0.193    -0.194    -0.197    -0.216    -0.475    -1.858    -2.454    -0.528    -0.629    -0.574    -0.528    -0.518
    23.75    61.75    2015    -0.519    -0.519    -0.303    -0.250    -0.697    -2.927    -2.236    -1.849    -0.491    -0.239    -0.205    -0.202
    23.75    61.75    2016    -0.202    -0.203    -0.194    -0.208    -0.440    -1.095    -0.506    -0.375    -0.504    -0.389    -0.247    -0.193
    23.75    61.75    2017    -0.193    -0.192    -0.195    -0.229    -0.626    -0.684    -1.176    -0.604    -0.590    -0.369    -0.193    -0.191
    23.75    61.75    2018    -0.191    -0.191    -0.194    -0.206    -0.272    -0.415    -0.438    -0.567    -1.210    -1.197    -0.527    -0.407
    23.75    61.75    2019    -0.407    -0.407    -0.273    -0.272    -0.321    -0.909    -2.697    -0.561    -0.589    -0.369    -0.226    -0.204
    23.75    61.75    2020    -0.203    -0.204    -0.199    -0.443    -2.099    -3.158    -2.864    -0.808    -0.241    -0.200    -0.194    -0.191
    23.75    61.75    2021    -0.191    -0.191    -0.192    -0.309    -2.073    -2.728    -2.200    -2.166    -0.418    -0.242    -0.192    -0.190
    23.75    61.75    2022    -0.191    -0.191    -0.193    -0.210    -0.679    -0.776    -2.529    -0.533    -0.253    -0.245    -0.210    -0.211
    23.75    61.75    2023    -0.211    -0.211    -0.204    -0.219    -0.623    -1.958    -0.637    -0.382    -0.706    -0.448    -0.233    -0.191
    23.75    61.75    2024    -0.192    -0.193    -0.196    -0.252    -1.560    -1.601    -1.766    -2.078    -0.829    -0.269    -0.202    -0.203
    23.75    61.75    2025    -0.202    -0.202    -0.206    -0.217    -0.367    -0.945    -0.729    -0.284    -0.359    -0.301    -0.293    -0.293
    23.75    61.75    2026    -0.293    -0.293    -0.298    -0.232    -0.358    -1.454    -2.056    -0.876    -0.509    -0.219    -0.196    -0.194
    23.75    61.75    2027    -0.194    -0.195    -0.201    -0.418    -0.812    -0.638    -0.650    -0.272    -0.221    -0.221    -0.198    -0.191
    23.75    61.75    2028    -0.191    -0.192    -0.267    -0.565    -1.003    -0.944    -0.314    -0.306    -0.420    -0.477    -0.222    -0.192
    23.75    61.75    2029    -0.191    -0.192    -0.200    -0.215    -0.268    -1.298    -2.288    -1.551    -1.138    -0.604    -0.251    -0.191
    23.75    61.75    2030    -0.191    -0.191    -0.193    -0.196    -0.410    -0.776    -0.696    -0.695    -0.483    -0.377    -0.230    -0.191
    23.75    61.75    2031    -0.192    -0.192    -0.195    -0.195    -0.378    -1.011    -0.450    -0.433    -0.352    -0.233    -0.193    -0.192
    23.75    61.75    2032    -0.192    -0.192    -0.195    -0.283    -1.743    -2.907    -0.924    -0.325    -0.504    -0.315    -0.220    -0.200
    23.75    61.75    2033    -0.200    -0.200    -0.203    -0.213    -0.548    -1.915    -2.409    -1.163    -0.286    -0.294    -0.310    -0.301
    23.75    61.75    2034    -0.300    -0.301    -0.265    -0.215    -0.361    -1.421    -1.699    -0.458    -0.341    -0.228    -0.213    -0.196
    23.75    61.75    2035    -0.197    -0.198    -0.198    -0.206    -0.502    -1.642    -0.388    -0.641    -0.510    -0.206    -0.197    -0.192
    23.75    61.75    2036    -0.192    -0.192    -0.194    -0.369    -2.197    -2.283    -0.415    -0.850    -0.937    -0.419    -0.209    -0.192
    23.75    61.75    2037    -0.192    -0.192    -0.195    -0.359    -1.444    -1.590    -0.517    -0.356    -0.270    -0.231    -0.198    -0.193
    23.75    61.75    2038    -0.192    -0.192    -0.196    -0.217    -0.927    -2.922    -2.205    -1.374    -0.508    -0.233    -0.218    -0.214
    23.75    61.75    2039    -0.214    -0.214    -0.204    -0.339    -0.741    -1.113    -1.374    -1.781    -1.199    -0.550    -0.281    -0.239
    23.75    61.75    2040    -0.239    -0.212    -0.229    -0.404    -0.656    -1.405    -0.818    -0.958    -1.051    -0.741    -0.401    -0.390
    23.75    61.75    2041    -0.255    -0.193    -0.197    -0.216    -0.501    -0.799    -2.382    -3.219    -2.535    -0.549    -0.311    -0.263
    23.75    61.75    2042    -0.255    -0.256    -0.223    -0.333    -0.758    -0.830    -0.714    -0.633    -0.252    -0.213    -0.203    -0.204
    23.75    61.75    2043    -0.200    -0.195    -0.196    -0.206    -0.583    -0.797    -1.400    -1.820    -1.056    -0.747    -0.248    -0.192
    23.75    61.75    2044    -0.192    -0.196    -0.215    -0.250    -0.478    -0.475    -0.718    -0.268    -0.307    -0.259    -0.198    -0.192
    23.75    61.75    2045    -0.192    -0.193    -0.197    -0.271    -0.704    -2.531    -1.845    -0.310    -0.246    -0.235    -0.195    -0.193
    23.75    61.75    2046    -0.193    -0.193    -0.212    -0.593    -2.442    -1.472    -2.612    -2.456    -0.264    -0.271    -0.199    -0.193
    23.75    61.75    2047    -0.193    -0.196    -0.201    -0.246    -0.672    -2.878    -0.782    -0.287    -0.476    -0.307    -0.194    -0.193
    23.75    61.75    2048    -0.193    -0.193    -0.197    -0.261    -0.981    -3.000    -0.933    -0.318    -0.295    -0.405    -0.272    -0.193
    23.75    61.75    2049    -0.193    -0.193    -0.203    -0.341    -0.606    -1.052    -0.538    -0.244    -0.249    -0.230    -0.202    -0.194
    23.75    61.75    2050    -0.195    -0.195    -0.200    -0.393    -1.900    -1.487    -0.424    -0.271    -0.328    -0.341    -0.291    -0.287
    23.75    61.75    2051    -0.287    -0.287    -0.274    -0.258    -0.835    -2.257    -1.517    -0.706    -0.439    -0.210    -0.202    -0.198
    23.75    61.75    2052    -0.197    -0.198    -0.198    -0.257    -0.464    -1.086    -0.344    -0.318    -0.309    -0.207    -0.198    -0.194
    23.75    61.75    2053    -0.195    -0.195    -0.198    -0.213    -0.315    -1.965    -1.499    -0.379    -0.525    -0.399    -0.196    -0.195
    23.75    61.75    2054    -0.195    -0.196    -0.261    -0.550    -1.483    -1.296    -0.269    -0.791    -0.748    -0.367    -0.237    -0.195
    23.75    61.75    2055    -0.196    -0.197    -0.223    -0.474    -1.205    -2.598    -2.965    -1.317    -0.520    -0.576    -0.297    -0.196
    23.75    61.75    2056    -0.195    -0.196    -0.200    -0.417    -2.236    -1.300    -2.858    -0.822    -1.211    -0.711    -0.239    -0.195
    23.75    61.75    2057    -0.194    -0.195    -0.274    -0.792    -0.894    -2.464    -1.425    -1.483    -1.164    -0.229    -0.196    -0.197
    23.75    61.75    2058    -0.197    -0.198    -0.212    -0.350    -0.563    -2.701    -2.175    -0.787    -0.409    -0.223    -0.248    -0.249
    23.75    61.75    2059    -0.250    -0.250    -0.254    -0.267    -0.397    -2.140    -1.709    -0.289    -0.345    -0.458    -0.303    -0.224
    23.75    61.75    2060    -0.224    -0.224    -0.228    -0.273    -0.900    -2.286    -2.225    -0.431    -0.311    -0.228    -0.205    -0.198
    23.75    61.75    2061    -0.197    -0.203    -0.237    -0.417    -1.308    -1.900    -0.337    -0.835    -1.063    -0.575    -0.218    -0.197
    23.75    61.75    2062    -0.197    -0.200    -0.227    -0.504    -1.190    -2.335    -1.449    -0.965    -1.092    -0.677    -0.406    -0.221
    23.75    61.75    2063    -0.222    -0.211    -0.227    -0.562    -0.851    -1.816    -0.880    -0.305    -0.386    -0.297    -0.226    -0.198
    23.75    61.75    2064    -0.199    -0.200    -0.240    -0.470    -0.642    -1.611    -1.819    -0.465    -0.289    -0.222    -0.199    -0.198
    23.75    61.75    2065    -0.199    -0.200    -0.207    -0.282    -0.526    -1.247    -1.393    -1.656    -1.968    -1.321    -0.362    -0.293
    23.75    61.75    2066    -0.293    -0.293    -0.228    -0.384    -0.955    -1.187    -1.010    -0.402    -0.322    -0.224    -0.203    -0.201
    23.75    61.75    2067    -0.201    -0.202    -0.202    -0.233    -0.508    -0.966    -0.393    -0.431    -0.449    -0.325    -0.203    -0.198
    23.75    61.75    2068    -0.198    -0.204    -0.212    -0.319    -0.790    -1.690    -2.461    -1.110    -0.497    -0.397    -0.226    -0.198
    23.75    61.75    2069    -0.197    -0.198    -0.200    -0.242    -0.560    -1.357    -1.943    -0.341    -0.471    -0.661    -0.347    -0.198
    23.75    61.75    2070    -0.199    -0.204    -0.216    -0.434    -1.777    -0.791    -0.376    -0.760    -0.635    -0.256    -0.200    -0.198
    23.75    61.75    2071    -0.201    -0.205    -0.206    -0.418    -1.694    -2.406    -1.638    -0.974    -0.732    -0.274    -0.225    -0.201
    23.75    61.75    2072    -0.198    -0.199    -0.271    -0.905    -0.785    -1.869    -0.758    -0.940    -0.541    -0.220    -0.201    -0.198
    23.75    61.75    2073    -0.198    -0.202    -0.248    -0.567    -1.341    -1.812    -0.524    -0.486    -1.187    -0.953    -0.216    -0.198
    23.75    61.75    2074    -0.199    -0.200    -0.210    -0.375    -1.456    -3.106    -1.228    -0.811    -0.665    -0.250    -0.200    -0.200
    23.75    61.75    2075    -0.199    -0.203    -0.245    -0.484    -1.741    -1.094    -3.115    -1.378    -0.522    -0.548    -0.440    -0.265
    23.75    61.75    2076    -0.206    -0.202    -0.214    -0.629    -2.753    -2.246    -0.596    -0.292    -0.254    -0.216    -0.201    -0.200
    23.75    61.75    2077    -0.198    -0.204    -0.225    -0.530    -1.679    -3.031    -2.181    -0.374    -0.256    -0.202    -0.199    -0.199
    23.75    61.75    2078    -0.199    -0.203    -0.254    -0.477    -1.658    -3.064    -0.929    -0.325    -0.369    -0.306    -0.204    -0.201
    23.75    61.75    2079    -0.202    -0.200    -0.207    -0.238    -0.747    -1.313    -0.799    -0.495    -0.343    -0.224    -0.202    -0.200
    23.75    61.75    2080    -0.200    -0.200    -0.202    -0.211    -0.434    -2.037    -0.976    -0.723    -0.370    -0.281    -0.202    -0.200
    23.75    61.75    2081    -0.200    -0.202    -0.231    -0.437    -1.470    -1.052    -0.634    -0.396    -0.327    -0.221    -0.202    -0.199
    23.75    61.75    2082    -0.200    -0.204    -0.213    -0.297    -0.429    -0.322    -0.407    -0.541    -0.394    -0.283    -0.201    -0.200
    23.75    61.75    2083    -0.199    -0.203    -0.249    -0.537    -1.030    -1.287    -1.813    -0.473    -0.397    -0.317    -0.201    -0.199
    23.75    61.75    2084    -0.202    -0.213    -0.238    -0.426    -0.895    -0.713    -0.696    -0.261    -0.461    -0.237    -0.202    -0.202
    23.75    61.75    2085    -0.201    -0.205    -0.271    -0.583    -0.964    -2.390    -1.888    -0.285    -0.257    -0.221    -0.201    -0.200
    23.75    61.75    2086    -0.201    -0.202    -0.208    -0.357    -0.946    -3.097    -1.317    -0.369    -0.291    -0.205    -0.201    -0.201
    23.75    61.75    2087    -0.199    -0.200    -0.207    -0.296    -1.237    -2.354    -0.465    -0.327    -0.282    -0.227    -0.202    -0.200
    23.75    61.75    2088    -0.200    -0.201    -0.204    -0.293    -1.615    -2.278    -0.546    -0.290    -0.336    -0.212    -0.201    -0.200
    23.75    61.75    2089    -0.199    -0.200    -0.225    -0.341    -0.721    -2.016    -0.922    -0.264    -0.367    -0.413    -0.209    -0.199
    23.75    61.75    2090    -0.201    -0.202    -0.206    -0.270    -1.723    -1.242    -0.501    -0.270    -0.337    -0.213    -0.202    -0.201
    23.75    61.75    2091    -0.199    -0.202    -0.224    -0.336    -0.910    -2.084    -1.550    -0.282    -0.246    -0.254    -0.200    -0.199
    23.75    61.75    2092    -0.200    -0.203    -0.208    -0.272    -0.839    -1.458    -1.779    -0.611    -0.331    -0.217    -0.203    -0.199
    23.75    61.75    2093    -0.198    -0.199    -0.204    -0.448    -2.354    -1.545    -0.891    -0.317    -0.244    -0.215    -0.199    -0.198
    23.75    61.75    2094    -0.199    -0.202    -0.276    -0.549    -1.473    -0.609    -1.316    -0.497    -0.297    -0.290    -0.200    -0.198
    23.75    61.75    2095    -0.199    -0.200    -0.211    -0.294    -0.608    -2.079    -1.031    -0.292    -0.372    -0.204    -0.200    -0.199
    23.75    61.75    2096    -0.198    -0.201    -0.230    -0.456    -1.270    -2.871    -2.156    -0.525    -0.321    -0.299    -0.199    -0.198
    23.75    61.75    2097    -0.198    -0.201    -0.269    -0.571    -0.596    -0.913    -3.043    -0.417    -0.457    -0.264    -0.212    -0.198
    23.75    61.75    2098    -0.200    -0.204    -0.252    -0.443    -1.358    -1.739    -0.962    -0.514    -1.618    -1.139    -0.200    -0.200
    23.75    61.75    2099    -0.201    -0.204    -0.243    -0.491    -2.306    -1.401    -0.931    -0.571    -0.436    -0.263    -0.203    -0.201
    23.75    61.75    2100    -0.200    -0.204    -0.227    -0.322    -0.614    -0.367    -0.403    -0.644    -0.438    -0.218    -0.200    -0.199
    23.75    61.75    2101    -0.201    -0.205    -0.209    -0.404    -1.939    -2.493    -2.370    -1.182    -0.383    -0.287    -0.211    -0.201
    23.75    61.75    2102    -0.198    -0.199    -0.281    -0.979    -1.421    -1.041    -1.217    -1.304    -0.567    -0.253    -0.199    -0.199
    23.75    61.75    2103    -0.200    -0.201    -0.229    -0.551    -1.655    -0.784    -1.369    -0.349    -0.885    -0.618    -0.239    -0.200
    23.75    61.75    2104    -0.200    -0.201    -0.213    -0.301    -1.355    -3.029    -0.815    -0.949    -0.614    -0.265    -0.201    -0.200
    23.75    61.75    2105    -0.199    -0.205    -0.255    -0.502    -1.448    -2.717    -2.285    -1.069    -0.481    -0.494    -0.372    -0.320
    23.75    61.75    2106    -0.204    -0.203    -0.221    -0.643    -2.777    -1.981    -1.020    -0.412    -0.244    -0.210    -0.203    -0.202
    23.75    61.75    2107    -0.199    -0.202    -0.232    -0.545    -1.739    -3.012    -2.014    -0.380    -0.285    -0.202    -0.207    -0.199
    23.75    61.75    2108    -0.199    -0.202    -0.243    -0.426    -1.406    -3.178    -1.268    -0.278    -0.418    -0.309    -0.205    -0.198
    23.75    61.75    2109    -0.200    -0.204    -0.226    -0.320    -1.016    -1.157    -0.460    -0.374    -0.315    -0.206    -0.201    -0.200
    23.75    61.75    2110    -0.199    -0.202    -0.204    -0.246    -0.617    -2.347    -0.726    -0.690    -0.382    -0.222    -0.200    -0.199
    23.75    61.75    2111    -0.199    -0.203    -0.222    -0.411    -1.444    -1.182    -0.653    -0.320    -0.380    -0.259    -0.200    -0.198
    23.75    61.75    2112    -0.200    -0.204    -0.241    -0.361    -0.542    -0.349    -0.318    -0.745    -0.291    -0.220    -0.200    -0.199
    23.75    61.75    2113    -0.199    -0.203    -0.237    -0.469    -0.905    -1.639    -1.277    -0.622    -0.374    -0.214    -0.199    -0.199
    23.75    61.75    2114    -0.203    -0.207    -0.223    -0.377    -0.579    -0.613    -0.626    -0.261    -0.263    -0.211    -0.203    -0.202
    23.75    61.75    2115    -0.200    -0.205    -0.267    -0.566    -1.163    -2.027    -0.464    -0.283    -0.227    -0.205    -0.202    -0.200
    23.75    61.75    2116    -0.204    -0.206    -0.214    -0.415    -1.569    -2.914    -1.128    -0.400    -0.228    -0.214    -0.202    -0.202
    23.75    61.75    2117    -0.201    -0.201    -0.213    -0.289    -1.087    -2.229    -0.486    -0.311    -0.278    -0.315    -0.241    -0.209
    23.75    61.75    2118    -0.201    -0.201    -0.205    -0.293    -1.493    -2.386    -0.417    -0.312    -0.262    -0.223    -0.203    -0.201
    23.75    61.75    2119    -0.200    -0.201    -0.248    -0.446    -0.931    -1.645    -0.608    -0.369    -0.306    -0.320    -0.229    -0.200
    23.75    61.75    2120    -0.202    -0.206    -0.213    -0.304    -1.755    -1.451    -1.068    -0.264    -0.268    -0.254    -0.203    -0.202
    23.75    61.75    2121    -0.200    -0.204    -0.228    -0.325    -0.890    -1.057    -0.410    -0.407    -0.288    -0.223    -0.203    -0.200
    23.75    61.75    2122    -0.203    -0.205    -0.212    -0.284    -0.734    -2.129    -0.619    -0.440    -0.347    -0.215    -0.202    -0.201
    23.75    61.75    2123    -0.200    -0.201    -0.210    -0.429    -2.161    -1.403    -0.857    -0.286    -0.253    -0.233    -0.201    -0.200
    23.75    61.75    2124    -0.202    -0.208    -0.280    -0.517    -1.572    -0.790    -0.605    -0.496    -0.323    -0.207    -0.202    -0.201
    23.75    61.75    2125    -0.202    -0.203    -0.215    -0.267    -0.566    -1.450    -0.625    -0.320    -0.255    -0.208    -0.203    -0.202
    23.75    61.75    2126    -0.202    -0.204    -0.225    -0.451    -1.426    -2.787    -1.691    -1.124    -0.326    -0.267    -0.203    -0.202
    23.75    61.75    2127    -0.202    -0.203    -0.239    -0.466    -0.490    -0.930    -2.980    -0.780    -0.326    -0.295    -0.206    -0.202
    23.75    61.75    2128    -0.204    -0.210    -0.237    -0.401    -1.067    -1.115    -0.693    -0.409    -1.217    -0.335    -0.216    -0.203
    23.75    61.75    2129    -0.206    -0.209    -0.233    -0.395    -1.780    -2.710    -0.257    -0.298    -0.363    -0.259    -0.206    -0.206
    23.75    61.75    2130    -0.204    -0.208    -0.224    -0.336    -0.429    -0.480    -0.395    -0.442    -0.466    -0.243    -0.204    -0.204
    21.75    39.75    1980    -0.196    -0.187    -0.397    -0.591    -2.371    -2.908    -2.295    -3.293    -3.395    -2.817    -0.645    -0.240
    21.75    39.75    1981    -0.332    -0.424    -0.988    -2.933    -3.104    -3.377    -3.399    -3.453    -3.405    -2.227    -0.644    -0.599
    21.75    39.75    1982    -0.339    -0.442    -0.698    -0.479    -1.804    -3.164    -2.667    -2.207    -2.262    -0.616    -0.323    -0.265
    21.75    39.75    1983    -0.245    -0.506    -0.388    -0.631    -2.373    -2.341    -2.967    -2.721    -2.397    -1.873    -1.227    -0.193
    21.75    39.75    1984    -0.299    -0.624    -1.381    -2.746    -1.308    -3.158    -3.355    -3.380    -3.034    -2.698    -1.432    -0.230
    21.75    39.75    1985    -0.192    -0.227    -0.503    -2.538    -3.285    -2.966    -2.963    -3.346    -3.069    -2.862    -1.071    -0.182
    21.75    39.75    1986    -0.178    -0.192    -0.234    -0.418    -1.779    -1.884    -2.414    -2.743    -1.266    -1.286    -1.792    -0.804
    21.75    39.75    1987    -0.230    -0.198    -0.296    -0.577    -1.469    -2.081    -3.216    -3.091    -1.674    -0.715    -0.334    -0.213
    21.75    39.75    1988    -0.260    -0.732    -0.829    -1.891    -2.916    -1.227    -2.898    -3.108    -3.279    -0.534    -0.201    -0.192
    21.75    39.75    1989    -0.195    -0.336    -0.245    -1.077    -2.241    -2.690    -3.231    -3.301    -3.070    -3.288    -0.421    -0.184
    21.75    39.75    1990    -0.241    -0.289    -0.327    -1.067    -2.087    -3.248    -3.304    -3.281    -3.379    -1.984    -0.442    -0.507
    21.75    39.75    1991    -0.531    -0.480    -1.148    -2.719    -2.445    -2.684    -3.160    -3.453    -3.381    -3.235    -0.635    -0.239
    21.75    39.75    1992    -0.310    -0.251    -0.432    -0.599    -2.850    -3.325    -3.291    -3.241    -0.949    -0.346    -0.217    -0.184
    21.75    39.75    1993    -0.194    -0.243    -0.318    -0.540    -2.821    -2.911    -3.407    -3.191    -3.285    -2.912    -0.268    -0.176
    21.75    39.75    1994    -0.210    -0.304    -0.651    -0.817    -2.501    -3.195    -3.396    -3.366    -2.834    -1.304    -0.807    -0.345
    21.75    39.75    1995    -0.193    -0.242    -0.304    -0.758    -2.842    -2.588    -2.987    -3.372    -3.399    -1.734    -0.391    -0.196
    21.75    39.75    1996    -0.267    -0.318    -0.478    -0.276    -1.969    -3.291    -3.352    -2.202    -3.383    -2.881    -0.634    -0.388
    21.75    39.75    1997    -0.185    -0.208    -0.345    -1.624    -2.788    -2.992    -2.909    -2.951    -2.206    -3.197    -0.848    -0.243
    21.75    39.75    1998    -0.266    -0.207    -0.423    -2.062    -3.377    -2.841    -3.059    -2.760    -3.336    -1.524    -1.114    -0.254
    21.75    39.75    1999    -0.240    -0.270    -0.788    -3.075    -3.318    -3.245    -3.383    -3.427    -2.877    -2.122    -0.651    -0.183
    21.75    39.75    2000    -0.198    -0.454    -0.844    -0.991    -3.101    -2.876    -3.398    -3.305    -1.220    -1.697    -0.617    -0.296
    21.75    39.75    2001    -0.192    -0.227    -0.211    -1.602    -3.075    -3.051    -3.221    -3.365    -3.348    -1.405    -0.229    -0.198
    21.75    39.75    2002    -0.195    -0.385    -0.780    -3.090    -3.320    -3.262    -3.377    -3.364    -3.457    -1.549    -0.485    -0.293
    21.75    39.75    2003    -0.211    -0.202    -0.305    -0.862    -1.703    -2.688    -3.277    -2.820    -3.327    -2.542    -0.521    -0.219
    21.75    39.75    2004    -0.218    -0.212    -0.237    -1.476    -3.268    -3.397    -3.404    -3.400    -3.164    -2.915    -1.731    -0.413
    21.75    39.75    2005    -0.220    -0.290    -0.643    -3.090    -1.244    -1.981    -3.292    -3.406    -2.573    -0.878    -1.399    -0.410
    21.75    39.75    2006    -0.202    -0.215    -1.256    -3.177    -2.839    -3.287    -3.115    -2.004    -2.548    -3.274    -0.881    -0.299
    21.75    39.75    2007    -0.185    -0.200    -0.676    -2.029    -0.723    -2.513    -2.637    -3.236    -3.318    -3.379    -1.524    -0.361
    21.75    39.75    2008    -0.221    -0.319    -1.781    -3.075    -3.330    -3.226    -2.838    -3.377    -2.906    -1.247    -0.288    -0.191
    21.75    39.75    2009    -0.181    -0.228    -0.465    -0.492    -1.192    -2.746    -3.326    -3.377    -3.278    -3.187    -0.547    -0.201
    21.75    39.75    2010    -0.253    -0.670    -2.544    -3.322    -2.194    -2.822    -3.271    -3.438    -3.371    -2.205    -0.432    -0.196
    21.75    39.75    2011    -0.300    -0.500    -1.862    -2.965    -2.646    -3.365    -3.395    -3.411    -3.178    -1.540    -0.558    -0.202
    21.75    39.75    2012    -0.221    -0.224    -0.373    -0.446    -1.905    -3.264    -3.053    -2.936    -3.154    -3.275    -3.174    -0.598
    21.75    39.75    2013    -0.313    -0.271    -0.330    -1.091    -3.105    -3.146    -3.356    -3.336    -3.457    -2.831    -1.825    -0.399
    21.75    39.75    2014    -0.223    -0.474    -0.497    -0.424    -1.146    -3.020    -2.906    -2.569    -3.151    -2.391    -0.440    -0.213
    21.75    39.75    2015    -0.233    -0.682    -2.952    -3.011    -1.310    -2.424    -3.174    -3.462    -3.398    -2.263    -0.816    -0.215
    21.75    39.75    2016    -0.232    -0.433    -0.682    -0.648    -3.169    -3.237    -2.464    -3.452    -3.359    -3.435    -1.735    -0.366
    21.75    39.75    2017    -0.257    -0.442    -1.119    -2.219    -2.563    -3.096    -2.898    -3.443    -3.436    -2.868    -1.919    -0.497
    21.75    39.75    2018    -0.238    -0.558    -2.302    -1.802    -3.205    -3.366    -3.345    -3.430    -1.346    -2.840    -0.222    -0.176
    21.75    39.75    2019    -0.195    -0.293    -1.664    -2.921    -2.794    -2.940    -3.331    -2.676    -1.918    -3.168    -1.590    -0.476
    21.75    39.75    2020    -0.197    -0.379    -0.826    -1.491    -2.813    -2.609    -3.185    -3.425    -2.300    -3.103    -0.905    -0.246
    21.75    39.75    2021    -0.205    -0.261    -0.450    -2.394    -2.516    -3.167    -3.425    -3.494    -3.331    -3.177    -0.871    -0.201
    21.75    39.75    2022    -0.194    -0.210    -0.536    -2.341    -2.773    -2.698    -3.108    -3.295    -1.882    -2.414    -0.483    -0.187
    21.75    39.75    2023    -0.218    -0.213    -1.049    -3.216    -2.174    -2.772    -2.955    -3.464    -3.376    -3.126    -2.839    -0.614
    21.75    39.75    2024    -0.189    -0.334    -1.154    -2.337    -3.266    -2.894    -3.374    -3.416    -3.412    -1.043    -0.294    -0.177
    21.75    39.75    2025    -0.209    -0.215    -0.715    -2.658    -3.402    -3.327    -3.441    -3.473    -2.386    -2.144    -0.402    -0.198
    21.75    39.75    2026    -0.261    -0.232    -0.437    -2.298    -3.395    -3.079    -3.362    -3.330    -3.074    -3.114    -1.464    -0.759
    21.75    39.75    2027    -0.236    -0.331    -1.050    -2.746    -3.110    -3.306    -3.396    -3.493    -3.466    -1.876    -0.235    -0.193
    21.75    39.75    2028    -0.191    -0.478    -0.331    -0.613    -3.013    -3.427    -3.454    -3.437    -2.710    -1.483    -1.873    -0.339
    21.75    39.75    2029    -0.221    -0.460    -1.961    -3.288    -2.786    -3.071    -3.414    -3.462    -3.273    -3.365    -0.509    -0.251
    21.75    39.75    2030    -0.256    -0.277    -0.720    -0.824    -2.149    -3.255    -3.375    -3.092    -2.195    -2.551    -1.587    -0.196
    21.75    39.75    2031    -0.224    -0.213    -0.266    -1.751    -3.062    -3.100    -3.326    -3.460    -3.203    -0.923    -0.470    -0.504
    21.75    39.75    2032    -0.385    -0.382    -1.259    -0.525    -2.100    -3.217    -3.441    -3.197    -3.254    -2.733    -1.935    -0.757
    21.75    39.75    2033    -0.427    -0.272    -0.988    -2.563    -3.183    -3.146    -2.865    -3.408    -3.495    -2.285    -1.565    -0.233
    21.75    39.75    2034    -0.192    -0.318    -2.265    -3.233    -3.463    -3.153    -3.403    -3.460    -3.357    -3.341    -1.470    -0.244
    21.75    39.75    2035    -0.201    -0.270    -0.792    -2.217    -3.144    -3.131    -3.399    -3.243    -3.355    -3.139    -0.364    -0.181
    21.75    39.75    2036    -0.199    -0.217    -0.268    -0.534    -3.003    -3.133    -3.342    -2.805    -3.306    -2.614    -0.940    -0.187
    21.75    39.75    2037    -0.202    -0.217    -0.284    -1.602    -3.314    -3.403    -3.309    -3.488    -3.486    -2.851    -0.596    -0.186
    21.75    39.75    2038    -0.251    -0.533    -1.872    -1.112    -2.666    -3.094    -3.050    -3.288    -3.393    -3.353    -0.433    -0.202
    21.75    39.75    2039    -0.251    -0.360    -0.331    -0.479    -3.245    -3.396    -3.177    -3.466    -2.927    -1.938    -0.752    -0.242
    21.75    39.75    2040    -0.248    -0.429    -1.076    -3.115    -3.425    -3.417    -3.428    -3.491    -2.955    -3.202    -2.344    -0.399
    21.75    39.75    2041    -0.242    -0.320    -1.671    -3.466    -3.345    -3.355    -3.407    -2.404    -3.338    -1.006    -0.218    -0.201
    21.75    39.75    2042    -0.208    -0.302    -0.743    -2.557    -1.642    -3.075    -3.368    -3.301    -2.482    -2.452    -0.729    -0.219
    21.75    39.75    2043    -0.224    -0.449    -1.166    -2.645    -3.051    -3.413    -3.472    -3.384    -2.830    -1.786    -2.090    -1.796
    21.75    39.75    2044    -0.754    -0.680    -2.649    -3.233    -3.430    -3.430    -3.447    -3.475    -3.197    -2.499    -1.137    -0.307
    21.75    39.75    2045    -0.249    -0.297    -0.425    -1.758    -3.155    -2.368    -3.048    -3.315    -3.375    -3.342    -0.805    -0.240
    21.75    39.75    2046    -0.204    -0.426    -1.697    -2.885    -3.283    -3.201    -3.314    -3.381    -3.402    -2.571    -0.452    -0.179
    21.75    39.75    2047    -0.219    -0.300    -0.529    -1.892    -2.790    -3.223    -3.298    -3.317    -3.105    -3.371    -0.985    -0.243
    21.75    39.75    2048    -0.195    -0.199    -0.781    -2.179    -3.317    -3.260    -3.309    -3.342    -3.432    -2.750    -1.118    -0.175
    21.75    39.75    2049    -0.244    -0.323    -1.641    -3.368    -3.321    -3.466    -3.413    -3.369    -3.194    -3.389    -1.003    -0.247
    21.75    39.75    2050    -0.238    -0.248    -1.236    -3.423    -3.359    -3.353    -3.284    -3.308    -2.818    -1.400    -0.286    -0.180
    21.75    39.75    2051    -0.188    -0.269    -1.001    -2.414    -2.677    -3.264    -3.288    -3.233    -3.335    -3.307    -0.500    -0.179
    21.75    39.75    2052    -0.202    -0.225    -0.633    -1.037    -2.998    -3.353    -3.312    -3.459    -2.761    -2.398    -0.457    -0.262
    21.75    39.75    2053    -0.242    -0.308    -0.612    -2.188    -3.299    -3.415    -3.469    -3.434    -3.114    -3.364    -0.358    -0.186
    21.75    39.75    2054    -0.239    -0.565    -0.856    -2.921    -3.140    -3.490    -3.297    -3.435    -2.279    -3.150    -3.071    -0.748
    21.75    39.75    2055    -0.194    -0.418    -0.428    -0.768    -2.929    -3.277    -3.441    -3.211    -3.401    -3.400    -1.281    -0.207
    21.75    39.75    2056    -0.197    -0.531    -0.956    -2.778    -3.320    -3.046    -3.419    -3.283    -3.455    -1.896    -0.228    -0.210
    21.75    39.75    2057    -0.265    -0.416    -1.077    -3.263    -3.180    -3.283    -3.153    -3.482    -3.490    -2.510    -1.686    -0.609
    21.75    39.75    2058    -0.248    -0.563    -1.385    -3.254    -3.281    -3.353    -3.423    -3.173    -3.381    -2.440    -0.953    -0.204
    21.75    39.75    2059    -0.236    -0.399    -1.135    -2.487    -3.265    -3.027    -3.242    -3.273    -3.036    -1.864    -1.016    -0.252
    21.75    39.75    2060    -0.263    -0.340    -0.504    -1.273    -3.348    -3.119    -3.446    -3.272    -3.430    -3.329    -2.117    -0.601
    21.75    39.75    2061    -0.196    -0.282    -0.522    -2.173    -2.705    -3.380    -3.320    -3.357    -3.181    -0.994    -1.635    -0.406
    21.75    39.75    2062    -0.261    -0.728    -2.647    -3.451    -3.351    -3.360    -3.332    -3.480    -3.480    -2.918    -3.366    -0.684
    21.75    39.75    2063    -0.193    -0.582    -2.248    -3.268    -3.331    -3.172    -3.435    -3.342    -2.322    -0.887    -0.368    -0.190
    21.75    39.75    2064    -0.284    -0.549    -0.859    -2.917    -3.107    -2.738    -3.349    -3.473    -3.267    -2.519    -0.268    -0.217
    21.75    39.75    2065    -0.205    -0.262    -1.003    -3.476    -3.469    -3.340    -3.217    -3.299    -2.617    -2.407    -1.785    -0.453
    21.75    39.75    2066    -0.214    -0.427    -0.758    -1.848    -3.331    -3.367    -3.441    -3.380    -3.221    -1.867    -0.558    -0.334
    21.75    39.75    2067    -0.427    -0.536    -0.290    -0.727    -3.207    -3.477    -3.156    -3.336    -3.232    -2.035    -3.210    -0.756
    21.75    39.75    2068    -0.325    -0.299    -0.667    -3.093    -3.236    -3.367    -3.441    -3.462    -3.209    -2.965    -0.945    -0.208
    21.75    39.75    2069    -0.225    -0.389    -1.404    -3.400    -3.318    -3.360    -3.371    -3.424    -3.363    -1.709    -1.208    -0.283
    21.75    39.75    2070    -0.273    -0.329    -1.142    -2.732    -3.414    -3.400    -3.388    -3.335    -3.464    -2.682    -1.728    -0.404
    21.75    39.75    2071    -0.470    -0.439    -1.110    -3.028    -3.377    -3.358    -3.333    -2.820    -3.472    -3.203    -1.142    -0.245
    21.75    39.75    2072    -0.212    -0.226    -1.446    -2.951    -3.414    -3.335    -2.889    -3.374    -3.347    -3.256    -0.356    -0.186
    21.75    39.75    2073    -0.206    -0.264    -0.584    -2.695    -3.405    -2.964    -3.291    -3.278    -3.398    -1.504    -1.034    -0.272
    21.75    39.75    2074    -0.295    -0.256    -1.892    -3.426    -3.403    -3.337    -3.426    -3.379    -2.800    -3.084    -1.219    -0.223
    21.75    39.75    2075    -0.255    -0.473    -2.435    -1.077    -2.710    -3.332    -2.755    -2.466    -3.212    -1.103    -0.265    -0.190
    21.75    39.75    2076    -0.260    -0.344    -0.451    -2.068    -3.446    -3.359    -3.430    -3.416    -3.389    -1.948    -0.651    -0.344
    21.75    39.75    2077    -0.584    -0.663    -2.185    -3.478    -3.311    -3.474    -3.475    -3.437    -2.823    -1.022    -0.585    -0.336
    21.75    39.75    2078    -0.258    -0.382    -0.442    -1.530    -3.264    -3.406    -3.424    -3.394    -3.087    -0.980    -0.327    -0.202
    21.75    39.75    2079    -0.232    -0.812    -1.284    -1.613    -3.275    -3.374    -3.397    -3.336    -3.155    -3.058    -0.466    -0.530
    21.75    39.75    2080    -0.370    -0.998    -0.643    -1.786    -3.296    -3.342    -3.317    -3.349    -3.168    -3.275    -1.427    -0.222
    21.75    39.75    2081    -0.241    -0.438    -1.913    -0.723    -3.141    -3.315    -3.342    -3.374    -3.381    -1.923    -0.611    -0.406
    21.75    39.75    2082    -0.320    -0.963    -2.411    -3.220    -3.476    -3.485    -3.446    -3.445    -3.291    -1.589    -0.790    -0.221
    21.75    39.75    2083    -0.302    -0.457    -0.635    -2.648    -3.130    -3.266    -3.363    -3.436    -3.441    -2.415    -2.300    -0.490
    21.75    39.75    2084    -0.352    -0.354    -0.496    -2.909    -3.420    -3.484    -3.479    -3.485    -3.485    -3.376    -2.476    -0.842
    21.75    39.75    2085    -0.652    -1.817    -3.053    -3.357    -3.446    -3.342    -3.450    -3.375    -3.455    -3.064    -0.231    -0.194
    21.75    39.75    2086    -0.258    -0.454    -0.405    -0.795    -2.974    -2.965    -3.214    -2.374    -2.548    -2.883    -3.077    -0.882
    21.75    39.75    2087    -0.278    -0.235    -1.236    -3.240    -3.248    -3.281    -3.423    -3.357    -3.457    -3.441    -0.903    -0.201
    21.75    39.75    2088    -0.198    -0.247    -1.383    -3.435    -3.341    -3.334    -3.341    -3.349    -3.265    -3.276    -0.979    -0.203
    21.75    39.75    2089    -0.321    -0.934    -1.258    -2.594    -3.275    -3.380    -3.292    -3.333    -3.437    -1.615    -0.946    -0.352
    21.75    39.75    2090    -0.223    -0.260    -0.641    -3.079    -3.337    -3.414    -3.350    -3.338    -3.387    -2.262    -1.684    -0.364
    21.75    39.75    2091    -0.218    -0.266    -1.060    -3.129    -3.290    -3.259    -3.423    -3.449    -3.365    -2.234    -2.991    -2.477
    21.75    39.75    2092    -0.551    -0.436    -0.381    -1.884    -3.305    -3.401    -3.287    -2.976    -3.418    -2.874    -0.636    -0.324
    21.75    39.75    2093    -0.197    -0.467    -2.335    -3.369    -3.384    -3.338    -3.354    -3.159    -3.143    -2.999    -2.686    -0.987
    21.75    39.75    2094    -0.732    -0.620    -0.549    -1.374    -3.351    -3.315    -3.355    -3.388    -3.232    -2.199    -0.953    -0.203
    21.75    39.75    2095    -0.189    -0.233    -0.347    -1.991    -3.345    -3.276    -3.290    -3.419    -3.463    -3.361    -0.325    -0.252
    21.75    39.75    2096    -0.329    -0.691    -1.401    -3.165    -3.320    -3.377    -3.390    -3.412    -3.342    -2.045    -2.384    -1.732
    21.75    39.75    2097    -0.658    -0.837    -3.161    -3.373    -3.472    -3.384    -3.388    -3.457    -3.373    -1.266    -1.670    -0.805
    21.75    39.75    2098    -0.766    -1.174    -2.921    -3.312    -3.303    -3.307    -3.241    -3.163    -2.988    -2.409    -0.788    -0.344
    21.75    39.75    2099    -0.316    -0.681    -1.899    -2.140    -3.074    -3.440    -3.448    -3.328    -3.382    -2.344    -1.288    -0.469
    21.75    39.75    2100    -0.370    -1.184    -2.465    -3.271    -3.321    -3.257    -3.201    -3.243    -2.939    -2.271    -0.686    -0.252
    21.75    39.75    2101    -0.347    -0.558    -1.272    -3.098    -3.065    -3.260    -3.121    -2.902    -3.327    -3.141    -1.892    -0.240
    21.75    39.75    2102    -0.214    -0.214    -1.364    -2.987    -3.412    -3.341    -2.997    -3.407    -3.407    -3.230    -0.871    -0.183
    21.75    39.75    2103    -0.195    -0.240    -0.946    -2.957    -3.197    -3.162    -3.236    -3.219    -3.302    -1.799    -1.190    -0.253
    21.75    39.75    2104    -0.253    -0.324    -1.875    -3.340    -3.339    -3.381    -3.379    -3.190    -2.918    -2.747    -1.213    -0.233
    21.75    39.75    2105    -0.251    -0.646    -2.540    -1.826    -1.473    -3.350    -2.930    -3.080    -2.371    -1.111    -0.288    -0.184
    21.75    39.75    2106    -0.344    -0.327    -0.468    -2.490    -3.475    -3.445    -3.350    -3.298    -3.389    -1.995    -0.711    -0.367
    21.75    39.75    2107    -0.465    -0.619    -1.846    -3.475    -3.352    -3.412    -3.467    -3.449    -2.648    -1.355    -0.472    -0.375
    21.75    39.75    2108    -0.212    -0.366    -0.506    -1.057    -3.229    -3.329    -3.345    -3.070    -3.269    -1.109    -0.334    -0.235
    21.75    39.75    2109    -0.224    -0.523    -0.392    -1.276    -3.331    -3.387    -3.342    -3.350    -3.288    -2.452    -1.085    -0.317
    21.75    39.75    2110    -0.322    -0.869    -0.290    -1.829    -3.318    -3.326    -3.275    -3.397    -3.156    -3.037    -1.921    -0.216
    21.75    39.75    2111    -0.223    -0.417    -1.992    -1.777    -1.974    -3.263    -3.173    -3.360    -3.117    -2.029    -0.680    -0.220
    21.75    39.75    2112    -0.284    -0.665    -1.424    -3.121    -3.476    -3.487    -3.467    -3.436    -3.342    -1.345    -0.754    -0.201
    21.75    39.75    2113    -0.339    -0.517    -0.484    -2.585    -3.152    -3.332    -3.329    -3.358    -3.441    -2.198    -2.010    -0.643
    21.75    39.75    2114    -0.273    -0.293    -0.424    -2.687    -3.476    -3.478    -3.476    -3.482    -3.486    -3.333    -2.459    -0.681
    21.75    39.75    2115    -0.549    -1.555    -3.065    -3.324    -3.346    -3.379    -3.378    -3.273    -3.433    -1.545    -0.260    -0.193
    21.75    39.75    2116    -0.288    -0.466    -0.442    -0.764    -2.773    -2.922    -3.221    -2.387    -2.930    -1.953    -2.748    -0.675
    21.75    39.75    2117    -0.290    -0.234    -1.244    -3.089    -3.220    -3.326    -3.403    -3.403    -3.382    -3.423    -0.768    -0.206
    21.75    39.75    2118    -0.236    -0.237    -1.153    -3.317    -3.381    -3.400    -3.409    -3.415    -3.258    -3.210    -0.801    -0.195
    21.75    39.75    2119    -0.287    -0.844    -1.223    -2.304    -3.216    -3.362    -3.349    -3.343    -3.353    -2.038    -0.479    -0.235
    21.75    39.75    2120    -0.215    -0.249    -0.438    -2.690    -3.305    -3.207    -3.382    -3.296    -3.423    -2.679    -0.799    -0.232
    21.75    39.75    2121    -0.244    -0.317    -0.869    -2.957    -3.233    -3.353    -3.399    -3.424    -3.340    -2.292    -2.577    -2.150
    21.75    39.75    2122    -0.726    -0.350    -0.297    -1.429    -3.297    -3.437    -3.199    -3.087    -3.433    -3.025    -0.872    -0.272
    21.75    39.75    2123    -0.203    -0.317    -1.559    -3.367    -3.401    -3.442    -3.402    -3.324    -2.955    -3.183    -2.552    -1.211
    21.75    39.75    2124    -0.559    -0.686    -0.619    -1.342    -3.405    -3.353    -3.405    -3.373    -3.284    -3.092    -0.324    -0.204
    21.75    39.75    2125    -0.205    -0.255    -0.314    -1.880    -3.345    -3.342    -3.386    -3.367    -3.482    -2.635    -0.793    -0.233
    21.75    39.75    2126    -0.339    -0.725    -1.261    -3.011    -3.236    -3.351    -3.303    -3.455    -3.398    -2.217    -2.358    -1.307
    21.75    39.75    2127    -0.541    -0.915    -3.015    -3.303    -3.453    -3.355    -3.395    -3.457    -3.405    -1.246    -0.877    -0.617
    21.75    39.75    2128    -0.647    -1.155    -2.748    -3.351    -3.407    -3.357    -3.359    -3.092    -3.117    -3.013    -0.635    -0.336
    21.75    39.75    2129    -0.360    -0.572    -1.969    -1.716    -3.253    -3.357    -3.371    -3.379    -3.404    -2.584    -1.317    -0.623
    21.75    39.75    2130    -0.282    -0.669    -1.883    -3.333    -3.390    -3.279    -3.395    -3.351    -2.999    -2.278    -0.977    -0.280
