      Lon      Lat    Year      CH LAI_Sum LAI_Win      z0  z0_Win
     9.75    49.75    1980    8.14    3.94    1.48    0.46    0.83
     9.75    49.75    1981    8.10    3.91    1.45    0.46    0.83
     9.75    49.75    1982    8.16    3.92    1.48    0.46    0.83
     9.75    49.75    1983    8.31    4.03    1.50    0.47    0.85
     9.75    49.75    1984    8.27    4.00    1.53    0.47    0.83
     9.75    49.75    1985    8.29    4.01    1.53    0.47    0.84
     9.75    49.75    1986    8.14    3.88    1.45    0.47    0.83
     9.75    49.75    1987    8.34    4.00    1.49    0.47    0.85
     9.75    49.75    1988    8.05    3.81    1.41    0.47    0.82
     9.75    49.75    1989    8.34    3.97    1.46    0.48    0.85
     9.75    49.75    1990    8.38    3.98    1.47    0.48    0.86
     9.75    49.75    1991    8.53    4.10    1.49    0.48    0.87
     9.75    49.75    1992    8.54    4.11    1.51    0.48    0.87
     9.75    49.75    1993    8.68    4.15    1.51    0.49    0.89
     9.75    49.75    1994    8.63    4.09    1.47    0.49    0.88
     9.75    49.75    1995    8.90    4.22    1.54    0.50    0.91
     9.75    49.75    1996    8.80    4.13    1.51    0.50    0.90
     9.75    49.75    1997    9.06    4.29    1.56    0.50    0.93
     9.75    49.75    1998    8.98    4.25    1.52    0.50    0.92
     9.75    49.75    1999    8.92    4.16    1.49    0.51    0.92
     9.75    49.75    2000    9.34    4.42    1.57    0.52    0.96
     9.75    49.75    2001    9.27    4.35    1.54    0.51    0.95
     9.75    49.75    2002    9.25    4.28    1.49    0.52    0.96
     9.75    49.75    2003    9.46    4.39    1.56    0.52    0.97
     9.75    49.75    2004    9.47    4.38    1.58    0.52    0.96
     9.75    49.75    2005    9.53    4.41    1.56    0.53    0.98
     9.75    49.75    2006    9.55    4.38    1.56    0.53    0.98
     9.75    49.75    2007    9.40    4.22    1.51    0.53    0.96
     9.75    49.75    2008    9.81    4.46    1.56    0.54    1.02
     9.75    49.75    2009    9.59    4.31    1.51    0.54    0.99
     9.75    49.75    2010    9.74    4.37    1.52    0.54    1.01
     9.75    49.75    2011    9.48    4.26    1.52    0.52    0.97
     9.75    49.75    2012    9.24    4.20    1.47    0.51    0.95
     9.75    49.75    2013    9.06    4.09    1.45    0.51    0.92
     9.75    49.75    2014    9.29    4.24    1.48    0.51    0.96
     9.75    49.75    2015    9.11    4.16    1.47    0.50    0.93
     9.75    49.75    2016    8.78    3.99    1.40    0.49    0.90
     9.75    49.75    2017    8.98    4.15    1.44    0.50    0.92
     9.75    49.75    2018    8.68    3.96    1.37    0.49    0.89
     9.75    49.75    2019    8.85    4.11    1.37    0.50    0.92
     9.75    49.75    2020    9.11    4.30    1.44    0.50    0.94
     9.75    49.75    2021    8.81    4.07    1.38    0.50    0.90
     9.75    49.75    2022    9.01    4.22    1.44    0.50    0.93
     9.75    49.75    2023    9.13    4.30    1.45    0.51    0.95
     9.75    49.75    2024    9.28    4.42    1.49    0.51    0.97
     9.75    49.75    2025    9.04    4.24    1.45    0.50    0.94
     9.75    49.75    2026    8.62    3.84    1.32    0.50    0.89
     9.75    49.75    2027    8.82    3.92    1.34    0.51    0.92
     9.75    49.75    2028    9.24    4.16    1.41    0.52    0.97
     9.75    49.75    2029    9.39    4.32    1.47    0.52    0.98
     9.75    49.75    2030    9.46    4.35    1.48    0.53    0.99
     9.75    49.75    2031    9.36    4.35    1.44    0.52    0.98
     9.75    49.75    2032    9.71    4.54    1.51    0.53    1.03
     9.75    49.75    2033    9.64    4.55    1.51    0.52    1.02
     9.75    49.75    2034    8.81    3.78    1.32    0.52    0.92
     9.75    49.75    2035    9.35    4.18    1.43    0.52    0.99
     9.75    49.75    2036    9.49    4.30    1.45    0.53    1.00
     9.75    49.75    2037    9.03    4.06    1.38    0.51    0.94
     9.75    49.75    2038    8.90    3.98    1.33    0.50    0.94
     9.75    49.75    2039    9.43    4.33    1.45    0.52    1.00
     9.75    49.75    2040    9.43    4.35    1.47    0.52    1.00
     9.75    49.75    2041    9.13    4.23    1.42    0.51    0.96
     9.75    49.75    2042    9.09    4.20    1.42    0.51    0.95
     9.75    49.75    2043    9.30    4.32    1.45    0.51    0.98
     9.75    49.75    2044    9.59    4.49    1.49    0.52    1.01
     9.75    49.75    2045    9.32    4.31    1.44    0.52    0.98
     9.75    49.75    2046    9.73    4.56    1.52    0.52    1.03
     9.75    49.75    2047    9.18    4.23    1.40    0.51    0.97
     9.75    49.75    2048    8.95    4.08    1.35    0.50    0.95
     9.75    49.75    2049    9.20    4.15    1.37    0.52    0.98
     9.75    49.75    2050    9.01    4.00    1.38    0.52    0.95
     9.75    49.75    2051    9.02    3.98    1.39    0.52    0.95
     9.75    49.75    2052    9.53    4.30    1.46    0.53    1.02
     9.75    49.75    2053    9.23    4.17    1.43    0.52    0.97
     9.75    49.75    2054    9.35    4.29    1.45    0.52    0.99
     9.75    49.75    2055    8.85    3.89    1.33    0.52    0.93
     9.75    49.75    2056    9.24    4.08    1.41    0.53    0.97
     9.75    49.75    2057    9.01    3.87    1.34    0.53    0.95
     9.75    49.75    2058    9.37    4.10    1.40    0.54    0.99
     9.75    49.75    2059    9.53    4.21    1.42    0.54    1.01
     9.75    49.75    2060    8.94    3.86    1.30    0.53    0.94
     9.75    49.75    2061    9.26    4.21    1.41    0.52    0.98
     9.75    49.75    2062    9.36    4.33    1.47    0.52    0.98
     9.75    49.75    2063    9.23    4.40    1.48    0.50    0.96
     9.75    49.75    2064    8.92    4.21    1.41    0.50    0.92
     9.75    49.75    2065    8.83    4.27    1.45    0.49    0.91
     9.75    49.75    2066    9.00    4.41    1.46    0.49    0.93
     9.75    49.75    2067    8.34    4.02    1.33    0.47    0.86
     9.75    49.75    2068    8.86    4.38    1.41    0.49    0.93
     9.75    49.75    2069    8.77    4.33    1.39    0.49    0.91
     9.75    49.75    2070    8.58    4.10    1.34    0.49    0.89
     9.75    49.75    2071    8.62    4.10    1.35    0.49    0.90
     9.75    49.75    2072    8.95    4.25    1.40    0.51    0.94
     9.75    49.75    2073    8.98    4.27    1.44    0.51    0.94
     9.75    49.75    2074    8.91    4.20    1.41    0.51    0.93
     9.75    49.75    2075    9.24    4.48    1.49    0.51    0.97
     9.75    49.75    2076    9.32    4.59    1.52    0.51    0.97
     9.75    49.75    2077    9.45    4.72    1.56    0.51    0.98
     9.75    49.75    2078    8.95    4.37    1.44    0.49    0.92
     9.75    49.75    2079    9.26    4.51    1.47    0.50    0.97
     9.75    49.75    2080    9.36    4.50    1.47    0.51    0.98
     9.75    49.75    2081    9.43    4.51    1.48    0.52    0.99
     9.75    49.75    2082    9.27    4.35    1.43    0.52    0.96
     9.75    49.75    2083    9.73    4.61    1.51    0.53    1.02
     9.75    49.75    2084    9.45    4.48    1.50    0.52    0.98
     9.75    49.75    2085    9.70    4.64    1.54    0.52    1.01
     9.75    49.75    2086    9.51    4.57    1.48    0.51    0.99
     9.75    49.75    2087    9.64    4.61    1.51    0.52    1.00
     9.75    49.75    2088    9.48    4.48    1.48    0.52    0.98
     9.75    49.75    2089    9.38    4.38    1.48    0.52    0.97
     9.75    49.75    2090    9.37    4.27    1.44    0.52    0.97
     9.75    49.75    2091    9.41    4.20    1.44    0.53    0.98
     9.75    49.75    2092    9.68    4.34    1.47    0.54    1.01
     9.75    49.75    2093    9.46    4.14    1.44    0.54    0.98
     9.75    49.75    2094    9.80    4.37    1.52    0.54    1.02
     9.75    49.75    2095    9.52    4.22    1.46    0.54    0.98
     9.75    49.75    2096    9.91    4.52    1.56    0.54    1.02
     9.75    49.75    2097    9.17    4.13    1.41    0.52    0.94
     9.75    49.75    2098    9.56    4.37    1.46    0.53    0.99
     9.75    49.75    2099    9.65    4.41    1.48    0.53    1.00
     9.75    49.75    2100    9.53    4.39    1.46    0.52    0.98
     9.75    49.75    2101    9.08    4.12    1.37    0.51    0.94
     9.75    49.75    2102    9.08    4.11    1.35    0.51    0.95
     9.75    49.75    2103    9.15    4.11    1.41    0.52    0.95
     9.75    49.75    2104    8.93    3.98    1.35    0.51    0.93
     9.75    49.75    2105    9.35    4.26    1.45    0.52    0.97
     9.75    49.75    2106    9.43    4.38    1.49    0.52    0.97
     9.75    49.75    2107    9.16    4.35    1.49    0.50    0.94
     9.75    49.75    2108    8.86    4.13    1.39    0.50    0.91
     9.75    49.75    2109    9.04    4.24    1.37    0.50    0.95
     9.75    49.75    2110    9.23    4.31    1.39    0.51    0.98
     9.75    49.75    2111    9.22    4.27    1.40    0.51    0.97
     9.75    49.75    2112    8.90    4.10    1.35    0.50    0.93
     9.75    49.75    2113    9.29    4.33    1.39    0.51    0.98
     9.75    49.75    2114    9.36    4.39    1.41    0.52    0.99
     9.75    49.75    2115    9.36    4.44    1.42    0.51    0.98
     9.75    49.75    2116    9.30    4.44    1.45    0.51    0.97
     9.75    49.75    2117    9.27    4.46    1.47    0.51    0.96
     9.75    49.75    2118    9.11    4.33    1.44    0.50    0.94
     9.75    49.75    2119    8.95    4.23    1.38    0.50    0.93
     9.75    49.75    2120    8.96    4.13    1.35    0.51    0.93
     9.75    49.75    2121    8.81    4.03    1.32    0.50    0.92
     9.75    49.75    2122    8.77    4.03    1.32    0.50    0.92
     9.75    49.75    2123    8.68    3.89    1.29    0.50    0.91
     9.75    49.75    2124    9.23    4.21    1.39    0.52    0.98
     9.75    49.75    2125    8.93    4.05    1.35    0.51    0.93
     9.75    49.75    2126    8.99    4.22    1.43    0.50    0.93
     9.75    49.75    2127    8.53    3.97    1.28    0.49    0.89
     9.75    49.75    2128    8.78    4.16    1.31    0.49    0.93
     9.75    49.75    2129    8.84    4.19    1.33    0.49    0.93
     9.75    49.75    2130    8.95    4.22    1.34    0.50    0.94
    13.75    55.75    1980    6.23    3.22    1.19    0.39    0.65
    13.75    55.75    1981    6.23    3.18    1.16    0.39    0.65
    13.75    55.75    1982    6.18    3.11    1.13    0.40    0.65
    13.75    55.75    1983    6.37    3.22    1.14    0.40    0.67
    13.75    55.75    1984    6.59    3.35    1.24    0.41    0.69
    13.75    55.75    1985    6.61    3.37    1.26    0.41    0.69
    13.75    55.75    1986    6.51    3.26    1.22    0.41    0.68
    13.75    55.75    1987    6.60    3.29    1.21    0.41    0.69
    13.75    55.75    1988    6.74    3.37    1.23    0.42    0.71
    13.75    55.75    1989    6.60    3.26    1.18    0.41    0.69
    13.75    55.75    1990    6.79    3.36    1.24    0.42    0.71
    13.75    55.75    1991    6.74    3.31    1.21    0.42    0.71
    13.75    55.75    1992    6.83    3.34    1.23    0.43    0.72
    13.75    55.75    1993    7.09    3.51    1.31    0.43    0.74
    13.75    55.75    1994    7.14    3.55    1.34    0.43    0.74
    13.75    55.75    1995    7.01    3.42    1.28    0.43    0.73
    13.75    55.75    1996    7.18    3.52    1.31    0.44    0.75
    13.75    55.75    1997    7.26    3.55    1.31    0.44    0.76
    13.75    55.75    1998    7.27    3.53    1.31    0.44    0.76
    13.75    55.75    1999    7.36    3.57    1.31    0.44    0.77
    13.75    55.75    2000    7.22    3.42    1.23    0.45    0.76
    13.75    55.75    2001    7.55    3.62    1.32    0.45    0.79
    13.75    55.75    2002    7.35    3.48    1.30    0.45    0.76
    13.75    55.75    2003    7.50    3.55    1.33    0.46    0.78
    13.75    55.75    2004    7.74    3.71    1.40    0.46    0.81
    13.75    55.75    2005    7.54    3.53    1.31    0.46    0.79
    13.75    55.75    2006    7.48    3.44    1.28    0.46    0.79
    13.75    55.75    2007    7.98    3.79    1.41    0.47    0.84
    13.75    55.75    2008    7.91    3.78    1.41    0.47    0.82
    13.75    55.75    2009    7.76    3.64    1.36    0.47    0.81
    13.75    55.75    2010    8.09    3.82    1.44    0.48    0.84
    13.75    55.75    2011    8.04    3.72    1.41    0.48    0.84
    13.75    55.75    2012    8.11    3.72    1.39    0.49    0.85
    13.75    55.75    2013    8.15    3.65    1.38    0.49    0.85
    13.75    55.75    2014    8.43    3.81    1.44    0.50    0.88
    13.75    55.75    2015    8.55    3.86    1.52    0.51    0.88
    13.75    55.75    2016    8.94    4.11    1.61    0.52    0.93
    13.75    55.75    2017    8.73    3.98    1.60    0.51    0.89
    13.75    55.75    2018    8.47    3.70    1.45    0.51    0.87
    13.75    55.75    2019    8.67    3.75    1.45    0.52    0.90
    13.75    55.75    2020    8.81    3.79    1.48    0.53    0.92
    13.75    55.75    2021    8.55    3.56    1.38    0.53    0.89
    13.75    55.75    2022    8.86    3.72    1.44    0.54    0.93
    13.75    55.75    2023    8.54    3.41    1.32    0.54    0.90
    13.75    55.75    2024    8.49    3.31    1.26    0.55    0.90
    13.75    55.75    2025    8.88    3.52    1.39    0.55    0.93
    13.75    55.75    2026    9.02    3.61    1.41    0.56    0.95
    13.75    55.75    2027    9.29    3.80    1.52    0.56    0.96
    13.75    55.75    2028    9.03    3.62    1.43    0.56    0.94
    13.75    55.75    2029    9.16    3.66    1.45    0.56    0.95
    13.75    55.75    2030    9.02    3.49    1.37    0.56    0.94
    13.75    55.75    2031    9.49    3.78    1.50    0.57    0.99
    13.75    55.75    2032    9.29    3.73    1.49    0.56    0.96
    13.75    55.75    2033    8.90    3.49    1.39    0.55    0.92
    13.75    55.75    2034    9.28    3.73    1.48    0.56    0.96
    13.75    55.75    2035    9.17    3.69    1.45    0.55    0.95
    13.75    55.75    2036    9.23    3.77    1.51    0.55    0.95
    13.75    55.75    2037    9.30    3.86    1.54    0.55    0.95
    13.75    55.75    2038    9.02    3.70    1.47    0.54    0.92
    13.75    55.75    2039    9.04    3.77    1.48    0.54    0.93
    13.75    55.75    2040    9.12    3.83    1.49    0.54    0.94
    13.75    55.75    2041    8.67    3.47    1.35    0.54    0.90
    13.75    55.75    2042    8.82    3.54    1.37    0.54    0.92
    13.75    55.75    2043    8.79    3.47    1.34    0.55    0.92
    13.75    55.75    2044    8.78    3.45    1.33    0.55    0.92
    13.75    55.75    2045    9.19    3.73    1.44    0.56    0.96
    13.75    55.75    2046    9.07    3.72    1.45    0.55    0.94
    13.75    55.75    2047    8.90    3.66    1.42    0.54    0.92
    13.75    55.75    2048    8.70    3.60    1.41    0.53    0.89
    13.75    55.75    2049    8.72    3.62    1.47    0.53    0.89
    13.75    55.75    2050    8.94    3.79    1.52    0.53    0.91
    13.75    55.75    2051    8.98    3.80    1.54    0.54    0.91
    13.75    55.75    2052    8.52    3.58    1.40    0.52    0.87
    13.75    55.75    2053    8.83    3.78    1.49    0.53    0.90
    13.75    55.75    2054    8.63    3.64    1.41    0.53    0.88
    13.75    55.75    2055    8.71    3.71    1.44    0.52    0.89
    13.75    55.75    2056    8.68    3.73    1.44    0.52    0.89
    13.75    55.75    2057    8.72    3.80    1.46    0.52    0.89
    13.75    55.75    2058    8.38    3.61    1.40    0.51    0.86
    13.75    55.75    2059    8.50    3.72    1.43    0.51    0.87
    13.75    55.75    2060    8.65    3.81    1.46    0.52    0.88
    13.75    55.75    2061    8.77    3.95    1.55    0.52    0.88
    13.75    55.75    2062    8.50    3.93    1.51    0.50    0.86
    13.75    55.75    2063    8.36    3.96    1.50    0.49    0.84
    13.75    55.75    2064    8.33    3.93    1.49    0.49    0.84
    13.75    55.75    2065    8.15    3.69    1.38    0.50    0.83
    13.75    55.75    2066    8.63    4.02    1.51    0.51    0.88
    13.75    55.75    2067    8.59    4.00    1.52    0.51    0.87
    13.75    55.75    2068    8.67    4.08    1.53    0.50    0.88
    13.75    55.75    2069    8.05    3.65    1.35    0.49    0.82
    13.75    55.75    2070    7.94    3.57    1.29    0.49    0.82
    13.75    55.75    2071    8.22    3.77    1.36    0.50    0.85
    13.75    55.75    2072    8.36    3.83    1.39    0.50    0.86
    13.75    55.75    2073    8.12    3.67    1.33    0.50    0.83
    13.75    55.75    2074    8.39    3.90    1.42    0.50    0.86
    13.75    55.75    2075    8.39    3.98    1.46    0.49    0.85
    13.75    55.75    2076    7.98    3.72    1.36    0.48    0.81
    13.75    55.75    2077    8.10    3.84    1.37    0.48    0.83
    13.75    55.75    2078    8.31    3.95    1.40    0.49    0.85
    13.75    55.75    2079    8.34    3.96    1.41    0.50    0.85
    13.75    55.75    2080    8.22    3.83    1.39    0.49    0.84
    13.75    55.75    2081    8.31    3.90    1.39    0.50    0.85
    13.75    55.75    2082    8.46    4.04    1.44    0.50    0.86
    13.75    55.75    2083    8.34    3.96    1.41    0.49    0.85
    13.75    55.75    2084    8.53    4.12    1.46    0.49    0.87
    13.75    55.75    2085    8.38    3.98    1.42    0.49    0.85
    13.75    55.75    2086    8.20    3.89    1.39    0.48    0.83
    13.75    55.75    2087    8.58    4.09    1.46    0.50    0.87
    13.75    55.75    2088    8.31    3.86    1.37    0.50    0.85
    13.75    55.75    2089    8.26    4.00    1.38    0.48    0.85
    13.75    55.75    2090    8.45    4.08    1.44    0.49    0.86
    13.75    55.75    2091    8.34    4.08    1.41    0.48    0.86
    13.75    55.75    2092    7.82    3.61    1.23    0.48    0.81
    13.75    55.75    2093    7.65    3.60    1.19    0.46    0.80
    13.75    55.75    2094    8.12    3.89    1.34    0.47    0.85
    13.75    55.75    2095    7.53    3.37    1.16    0.47    0.78
    13.75    55.75    2096    8.03    3.72    1.30    0.49    0.84
    13.75    55.75    2097    8.24    3.83    1.33    0.49    0.86
    13.75    55.75    2098    8.48    4.00    1.39    0.50    0.88
    13.75    55.75    2099    7.86    3.61    1.26    0.48    0.82
    13.75    55.75    2100    8.20    3.79    1.32    0.49    0.86
    13.75    55.75    2101    8.27    3.86    1.36    0.49    0.86
    13.75    55.75    2102    8.14    3.82    1.33    0.48    0.85
    13.75    55.75    2103    8.07    3.71    1.28    0.49    0.85
    13.75    55.75    2104    8.52    3.96    1.37    0.50    0.90
    13.75    55.75    2105    8.69    4.08    1.44    0.50    0.91
    13.75    55.75    2106    8.17    3.76    1.32    0.49    0.85
    13.75    55.75    2107    8.41    3.85    1.34    0.50    0.89
    13.75    55.75    2108    8.55    3.86    1.35    0.51    0.91
    13.75    55.75    2109    8.58    3.86    1.35    0.51    0.91
    13.75    55.75    2110    8.49    3.74    1.33    0.51    0.90
    13.75    55.75    2111    8.54    3.81    1.34    0.51    0.91
    13.75    55.75    2112    8.54    3.88    1.35    0.50    0.91
    13.75    55.75    2113    8.44    3.78    1.33    0.50    0.90
    13.75    55.75    2114    8.61    3.93    1.38    0.50    0.92
    13.75    55.75    2115    8.36    3.76    1.33    0.50    0.89
    13.75    55.75    2116    8.44    3.75    1.35    0.50    0.90
    13.75    55.75    2117    8.68    3.89    1.45    0.51    0.92
    13.75    55.75    2118    8.38    3.69    1.36    0.51    0.89
    13.75    55.75    2119    8.68    3.91    1.48    0.51    0.91
    13.75    55.75    2120    8.81    3.98    1.55    0.52    0.92
    13.75    55.75    2121    8.76    3.96    1.55    0.51    0.91
    13.75    55.75    2122    8.30    3.56    1.34    0.51    0.87
    13.75    55.75    2123    8.28    3.56    1.34    0.51    0.87
    13.75    55.75    2124    8.62    3.79    1.47    0.52    0.90
    13.75    55.75    2125    8.08    3.29    1.26    0.52    0.85
    13.75    55.75    2126    8.43    3.54    1.38    0.52    0.88
    13.75    55.75    2127    8.50    3.65    1.38    0.52    0.90
    13.75    55.75    2128    8.54    3.74    1.44    0.51    0.89
    13.75    55.75    2129    8.15    3.42    1.32    0.51    0.84
    13.75    55.75    2130    8.40    3.55    1.35    0.52    0.88
    23.75    61.75    1980    6.11    2.62    2.41    0.43    0.46
    23.75    61.75    1981    6.20    2.65    2.45    0.43    0.46
    23.75    61.75    1982    6.18    2.60    2.40    0.44    0.46
    23.75    61.75    1983    6.36    2.67    2.46    0.44    0.47
    23.75    61.75    1984    6.24    2.60    2.39    0.44    0.47
    23.75    61.75    1985    6.30    2.60    2.39    0.44    0.47
    23.75    61.75    1986    6.30    2.57    2.36    0.45    0.48
    23.75    61.75    1987    6.44    2.62    2.40    0.45    0.48
    23.75    61.75    1988    6.55    2.68    2.45    0.46    0.49
    23.75    61.75    1989    6.61    2.67    2.44    0.46    0.49
    23.75    61.75    1990    6.59    2.64    2.40    0.46    0.50
    23.75    61.75    1991    6.63    2.65    2.42    0.47    0.50
    23.75    61.75    1992    6.77    2.70    2.46    0.47    0.51
    23.75    61.75    1993    6.86    2.70    2.46    0.48    0.51
    23.75    61.75    1994    6.88    2.69    2.47    0.48    0.51
    23.75    61.75    1995    6.94    2.71    2.47    0.49    0.52
    23.75    61.75    1996    6.85    2.63    2.40    0.49    0.52
    23.75    61.75    1997    6.82    2.58    2.35    0.49    0.52
    23.75    61.75    1998    6.95    2.63    2.40    0.49    0.53
    23.75    61.75    1999    7.17    2.74    2.51    0.50    0.54
    23.75    61.75    2000    7.16    2.70    2.48    0.50    0.54
    23.75    61.75    2001    7.14    2.65    2.43    0.51    0.54
    23.75    61.75    2002    7.29    2.70    2.48    0.51    0.55
    23.75    61.75    2003    7.21    2.63    2.42    0.51    0.55
    23.75    61.75    2004    7.36    2.69    2.46    0.52    0.56
    23.75    61.75    2005    7.45    2.72    2.50    0.52    0.56
    23.75    61.75    2006    7.43    2.70    2.48    0.52    0.56
    23.75    61.75    2007    7.52    2.73    2.50    0.53    0.57
    23.75    61.75    2008    7.64    2.78    2.56    0.53    0.57
    23.75    61.75    2009    7.60    2.73    2.51    0.53    0.57
    23.75    61.75    2010    7.70    2.75    2.54    0.54    0.58
    23.75    61.75    2011    7.14    2.64    2.42    0.50    0.54
    23.75    61.75    2012    7.07    2.64    2.43    0.49    0.53
    23.75    61.75    2013    7.18    2.68    2.46    0.50    0.54
    23.75    61.75    2014    7.22    2.71    2.49    0.50    0.54
    23.75    61.75    2015    6.96    2.63    2.42    0.49    0.53
    23.75    61.75    2016    7.14    2.77    2.55    0.49    0.53
    23.75    61.75    2017    6.98    2.69    2.48    0.49    0.52
    23.75    61.75    2018    7.05    2.79    2.58    0.48    0.52
    23.75    61.75    2019    7.13    2.82    2.61    0.49    0.53
    23.75    61.75    2020    7.00    2.79    2.59    0.48    0.52
    23.75    61.75    2021    7.13    2.84    2.63    0.48    0.52
    23.75    61.75    2022    7.02    2.72    2.52    0.48    0.52
    23.75    61.75    2023    7.00    2.73    2.53    0.48    0.52
    23.75    61.75    2024    6.97    2.72    2.51    0.48    0.52
    23.75    61.75    2025    6.93    2.72    2.52    0.48    0.52
    23.75    61.75    2026    6.83    2.70    2.50    0.47    0.51
    23.75    61.75    2027    6.93    2.76    2.56    0.47    0.51
    23.75    61.75    2028    7.07    2.80    2.59    0.48    0.52
    23.75    61.75    2029    7.22    2.85    2.65    0.49    0.53
    23.75    61.75    2030    7.21    2.82    2.61    0.49    0.53
    23.75    61.75    2031    7.37    2.90    2.68    0.50    0.54
    23.75    61.75    2032    7.21    2.86    2.66    0.49    0.53
    23.75    61.75    2033    7.18    2.84    2.63    0.49    0.53
    23.75    61.75    2034    7.13    2.83    2.62    0.49    0.53
    23.75    61.75    2035    7.33    2.90    2.69    0.50    0.54
    23.75    61.75    2036    7.20    2.85    2.64    0.49    0.53
    23.75    61.75    2037    7.41    2.96    2.74    0.50    0.54
    23.75    61.75    2038    7.41    2.91    2.70    0.50    0.54
    23.75    61.75    2039    7.41    2.94    2.74    0.50    0.54
    23.75    61.75    2040    7.49    2.97    2.77    0.50    0.54
    23.75    61.75    2041    7.49    2.99    2.78    0.50    0.54
    23.75    61.75    2042    7.46    2.94    2.74    0.50    0.54
    23.75    61.75    2043    7.49    2.99    2.78    0.50    0.54
    23.75    61.75    2044    6.90    2.76    2.57    0.47    0.50
    23.75    61.75    2045    7.18    2.88    2.67    0.48    0.52
    23.75    61.75    2046    7.30    2.92    2.71    0.49    0.53
    23.75    61.75    2047    7.40    2.98    2.77    0.50    0.53
    23.75    61.75    2048    7.20    2.92    2.71    0.48    0.52
    23.75    61.75    2049    7.28    2.93    2.72    0.49    0.53
    23.75    61.75    2050    7.43    2.97    2.75    0.50    0.54
    23.75    61.75    2051    7.48    2.98    2.77    0.50    0.54
    23.75    61.75    2052    7.22    2.93    2.72    0.49    0.52
    23.75    61.75    2053    7.21    2.95    2.73    0.48    0.52
    23.75    61.75    2054    7.36    2.99    2.77    0.49    0.53
    23.75    61.75    2055    7.06    2.81    2.60    0.48    0.51
    23.75    61.75    2056    7.11    2.85    2.64    0.48    0.52
    23.75    61.75    2057    7.23    2.92    2.71    0.49    0.52
    23.75    61.75    2058    7.16    2.91    2.70    0.48    0.51
    23.75    61.75    2059    7.30    2.93    2.71    0.49    0.53
    23.75    61.75    2060    7.48    3.02    2.79    0.50    0.54
    23.75    61.75    2061    7.55    3.05    2.82    0.51    0.54
    23.75    61.75    2062    7.44    2.99    2.75    0.50    0.54
    23.75    61.75    2063    7.55    3.02    2.77    0.51    0.54
    23.75    61.75    2064    7.46    2.96    2.72    0.50    0.54
    23.75    61.75    2065    7.54    2.99    2.75    0.51    0.54
    23.75    61.75    2066    7.35    2.93    2.69    0.49    0.53
    23.75    61.75    2067    7.20    2.90    2.65    0.48    0.52
    23.75    61.75    2068    6.98    2.83    2.59    0.47    0.51
    23.75    61.75    2069    7.06    2.89    2.64    0.47    0.51
    23.75    61.75    2070    7.06    2.92    2.66    0.47    0.51
    23.75    61.75    2071    7.12    2.97    2.70    0.48    0.52
    23.75    61.75    2072    7.07    2.95    2.69    0.47    0.51
    23.75    61.75    2073    7.24    3.04    2.77    0.48    0.52
    23.75    61.75    2074    7.45    3.12    2.84    0.49    0.53
    23.75    61.75    2075    7.54    3.15    2.87    0.50    0.54
    23.75    61.75    2076    7.33    3.05    2.78    0.49    0.53
    23.75    61.75    2077    7.22    2.99    2.73    0.48    0.52
    23.75    61.75    2078    7.22    3.03    2.75    0.47    0.52
    23.75    61.75    2079    7.17    2.99    2.74    0.47    0.51
    23.75    61.75    2080    7.19    2.97    2.70    0.48    0.52
    23.75    61.75    2081    7.12    2.95    2.68    0.47    0.52
    23.75    61.75    2082    7.08    2.97    2.70    0.47    0.51
    23.75    61.75    2083    7.28    3.01    2.74    0.48    0.53
    23.75    61.75    2084    7.51    3.10    2.83    0.50    0.54
    23.75    61.75    2085    7.48    3.05    2.79    0.50    0.54
    23.75    61.75    2086    7.34    2.95    2.71    0.50    0.54
    23.75    61.75    2087    7.34    2.96    2.70    0.49    0.54
    23.75    61.75    2088    7.23    2.87    2.63    0.49    0.54
    23.75    61.75    2089    7.22    2.86    2.61    0.49    0.54
    23.75    61.75    2090    7.09    2.84    2.59    0.48    0.53
    23.75    61.75    2091    7.22    2.90    2.65    0.49    0.54
    23.75    61.75    2092    7.29    2.90    2.66    0.49    0.54
    23.75    61.75    2093    7.32    2.90    2.66    0.50    0.54
    23.75    61.75    2094    7.28    2.85    2.62    0.50    0.54
    23.75    61.75    2095    7.42    2.92    2.68    0.50    0.55
    23.75    61.75    2096    7.65    3.03    2.78    0.51    0.56
    23.75    61.75    2097    7.50    3.00    2.75    0.50    0.55
    23.75    61.75    2098    7.46    3.00    2.76    0.50    0.54
    23.75    61.75    2099    7.36    2.95    2.71    0.50    0.54
    23.75    61.75    2100    7.09    2.91    2.66    0.48    0.52
    23.75    61.75    2101    6.79    2.80    2.56    0.46    0.51
    23.75    61.75    2102    6.93    2.84    2.61    0.47    0.52
    23.75    61.75    2103    7.14    2.95    2.71    0.48    0.52
    23.75    61.75    2104    7.26    3.01    2.78    0.48    0.53
    23.75    61.75    2105    7.37    3.08    2.85    0.49    0.53
    23.75    61.75    2106    7.28    3.02    2.79    0.49    0.53
    23.75    61.75    2107    7.11    2.97    2.74    0.48    0.52
    23.75    61.75    2108    7.30    3.04    2.79    0.48    0.53
    23.75    61.75    2109    7.20    3.00    2.77    0.48    0.52
    23.75    61.75    2110    7.03    2.95    2.71    0.47    0.51
    23.75    61.75    2111    7.09    2.93    2.69    0.48    0.52
    23.75    61.75    2112    7.16    2.95    2.72    0.48    0.52
    23.75    61.75    2113    7.31    3.00    2.77    0.49    0.53
    23.75    61.75    2114    7.33    3.03    2.79    0.49    0.53
    23.75    61.75    2115    7.33    2.98    2.76    0.49    0.53
    23.75    61.75    2116    7.29    2.92    2.71    0.49    0.53
    23.75    61.75    2117    7.36    2.94    2.73    0.50    0.54
    23.75    61.75    2118    7.29    2.86    2.65    0.50    0.54
    23.75    61.75    2119    7.17    2.83    2.62    0.49    0.53
    23.75    61.75    2120    7.18    2.85    2.64    0.49    0.53
    23.75    61.75    2121    7.16    2.86    2.65    0.49    0.52
    23.75    61.75    2122    7.17    2.86    2.65    0.49    0.52
    23.75    61.75    2123    7.24    2.91    2.69    0.49    0.53
    23.75    61.75    2124    7.10    2.84    2.63    0.49    0.52
    23.75    61.75    2125    7.14    2.89    2.66    0.49    0.52
    23.75    61.75    2126    7.21    2.97    2.73    0.49    0.52
    23.75    61.75    2127    7.35    3.04    2.79    0.49    0.53
    23.75    61.75    2128    7.44    3.06    2.82    0.49    0.53
    23.75    61.75    2129    7.23    2.95    2.72    0.49    0.52
    23.75    61.75    2130    7.34    2.98    2.74    0.49    0.53
    21.75    37.75    1980    2.36    1.30    1.04    0.23    0.20
    21.75    37.75    1981    2.06    1.08    0.89    0.21    0.18
    21.75    37.75    1982    2.06    1.07    0.86    0.21    0.18
    21.75    37.75    1983    2.37    1.25    1.01    0.23    0.20
    21.75    37.75    1984    2.23    1.16    0.94    0.22    0.19
    21.75    37.75    1985    2.13    1.09    0.87    0.22    0.19
    21.75    37.75    1986    2.68    1.41    1.14    0.25    0.22
    21.75    37.75    1987    2.68    1.41    1.10    0.25    0.22
    21.75    37.75    1988    2.60    1.33    1.04    0.25    0.22
    21.75    37.75    1989    2.49    1.25    0.97    0.24    0.22
    21.75    37.75    1990    2.72    1.38    1.06    0.26    0.23
    21.75    37.75    1991    2.02    0.94    0.73    0.22    0.19
    21.75    37.75    1992    2.21    1.03    0.80    0.23    0.20
    21.75    37.75    1993    2.56    1.21    0.95    0.25    0.22
    21.75    37.75    1994    2.68    1.28    1.01    0.26    0.23
    21.75    37.75    1995    2.83    1.35    1.05    0.27    0.24
    21.75    37.75    1996    2.63    1.22    0.93    0.26    0.23
    21.75    37.75    1997    2.67    1.23    0.93    0.27    0.24
    21.75    37.75    1998    2.57    1.17    0.89    0.26    0.23
    21.75    37.75    1999    2.41    1.08    0.84    0.25    0.22
    21.75    37.75    2000    2.53    1.14    0.90    0.26    0.23
    21.75    37.75    2001    2.50    1.13    0.90    0.26    0.22
    21.75    37.75    2002    2.47    1.11    0.89    0.25    0.22
    21.75    37.75    2003    2.52    1.14    0.92    0.26    0.22
    21.75    37.75    2004    2.33    1.05    0.84    0.25    0.21
    21.75    37.75    2005    2.49    1.13    0.91    0.26    0.22
    21.75    37.75    2006    2.54    1.16    0.92    0.26    0.23
    21.75    37.75    2007    2.39    1.08    0.86    0.25    0.22
    21.75    37.75    2008    2.51    1.14    0.90    0.26    0.23
    21.75    37.75    2009    2.46    1.11    0.89    0.26    0.22
    21.75    37.75    2010    1.63    0.71    0.51    0.20    0.17
    21.75    37.75    2011    2.04    0.88    0.64    0.23    0.20
    21.75    37.75    2012    2.28    0.98    0.74    0.25    0.22
    21.75    37.75    2013    2.59    1.11    0.85    0.27    0.24
    21.75    37.75    2014    2.32    0.97    0.73    0.25    0.22
    21.75    37.75    2015    2.39    1.00    0.75    0.26    0.23
    21.75    37.75    2016    2.51    1.05    0.80    0.27    0.24
    21.75    37.75    2017    2.65    1.11    0.86    0.28    0.24
    21.75    37.75    2018    1.02    0.43    0.26    0.13    0.09
    21.75    37.75    2019    1.18    0.58    0.39    0.15    0.11
    21.75    37.75    2020    1.39    0.70    0.49    0.17    0.14
    21.75    37.75    2021    1.57    0.78    0.55    0.19    0.15
    21.75    37.75    2022    1.71    0.82    0.59    0.20    0.17
    21.75    37.75    2023    1.79    0.87    0.64    0.21    0.17
    21.75    37.75    2024    2.00    0.99    0.73    0.22    0.19
    21.75    37.75    2025    1.97    0.96    0.73    0.22    0.19
    21.75    37.75    2026    2.10    1.02    0.76    0.23    0.20
    21.75    37.75    2027    1.99    0.96    0.75    0.22    0.19
    21.75    37.75    2028    2.22    1.07    0.84    0.24    0.21
    21.75    37.75    2029    0.81    0.34    0.20    0.10    0.07
    21.75    37.75    2030    0.99    0.55    0.39    0.12    0.09
    21.75    37.75    2031    0.99    0.56    0.41    0.13    0.09
    21.75    37.75    2032    1.12    0.63    0.46    0.14    0.10
    21.75    37.75    2033    1.36    0.79    0.57    0.16    0.12
    21.75    37.75    2034    1.40    0.86    0.65    0.16    0.12
    21.75    37.75    2035    1.49    0.92    0.72    0.17    0.13
    21.75    37.75    2036    1.50    0.93    0.73    0.17    0.13
    21.75    37.75    2037    0.67    0.34    0.23    0.08    0.05
    21.75    37.75    2038    0.45    0.32    0.25    0.05    0.04
    21.75    37.75    2039    0.60    0.44    0.33    0.07    0.05
    21.75    37.75    2040    0.84    0.66    0.51    0.10    0.07
    21.75    37.75    2041    0.91    0.71    0.54    0.11    0.08
    21.75    37.75    2042    1.12    0.88    0.68    0.12    0.10
    21.75    37.75    2043    1.23    0.95    0.72    0.13    0.11
    21.75    37.75    2044    1.53    1.18    0.89    0.16    0.13
    21.75    37.75    2045    1.45    1.05    0.78    0.16    0.13
    21.75    37.75    2046    1.54    1.11    0.83    0.16    0.13
    21.75    37.75    2047    1.62    1.16    0.88    0.17    0.14
    21.75    37.75    2048    1.67    1.18    0.88    0.17    0.15
    21.75    37.75    2049    1.65    1.14    0.86    0.17    0.15
    21.75    37.75    2050    1.48    0.95    0.68    0.17    0.14
    21.75    37.75    2051    1.76    1.14    0.80    0.18    0.16
    21.75    37.75    2052    2.08    1.36    0.96    0.20    0.18
    21.75    37.75    2053    1.74    1.04    0.69    0.19    0.17
    21.75    37.75    2054    1.92    1.15    0.78    0.20    0.18
    21.75    37.75    2055    1.79    1.05    0.71    0.19    0.17
    21.75    37.75    2056    2.06    1.21    0.81    0.21    0.19
    21.75    37.75    2057    1.99    1.15    0.76    0.21    0.19
    21.75    37.75    2058    2.07    1.19    0.78    0.21    0.20
    21.75    37.75    2059    1.98    1.12    0.71    0.21    0.19
    21.75    37.75    2060    2.59    1.51    0.96    0.24    0.24
    21.75    37.75    2061    1.61    0.85    0.72    0.18    0.16
    21.75    37.75    2062    1.93    1.09    0.90    0.19    0.18
    21.75    37.75    2063    2.23    1.27    1.05    0.21    0.19
    21.75    37.75    2064    2.52    1.46    1.21    0.22    0.21
    21.75    37.75    2065    2.32    1.31    1.05    0.22    0.20
    21.75    37.75    2066    2.37    1.33    1.05    0.22    0.21
    21.75    37.75    2067    2.49    1.39    1.13    0.23    0.21
    21.75    37.75    2068    2.07    1.10    0.85    0.21    0.19
    21.75    37.75    2069    2.58    1.40    1.06    0.24    0.22
    21.75    37.75    2070    2.56    1.38    1.05    0.24    0.22
    21.75    37.75    2071    1.33    0.73    0.58    0.15    0.14
    21.75    37.75    2072    1.67    0.99    0.71    0.18    0.16
    21.75    37.75    2073    1.82    1.05    0.78    0.19    0.17
    21.75    37.75    2074    1.54    0.90    0.61    0.17    0.15
    21.75    37.75    2075    1.95    1.14    0.75    0.20    0.18
    21.75    37.75    2076    1.80    1.03    0.69    0.20    0.17
    21.75    37.75    2077    1.77    1.02    0.65    0.19    0.17
    21.75    37.75    2078    1.89    1.09    0.67    0.20    0.19
    21.75    37.75    2079    1.48    0.82    0.53    0.18    0.15
    21.75    37.75    2080    1.68    0.94    0.58    0.19    0.17
    21.75    37.75    2081    1.80    1.00    0.62    0.20    0.18
    21.75    37.75    2082    1.76    0.97    0.60    0.20    0.18
    21.75    37.75    2083    1.09    0.60    0.43    0.14    0.12
    21.75    37.75    2084    1.54    0.83    0.53    0.18    0.16
    21.75    37.75    2085    1.99    1.05    0.67    0.21    0.20
    21.75    37.75    2086    2.18    1.13    0.72    0.23    0.22
    21.75    37.75    2087    2.47    1.28    0.79    0.24    0.25
    21.75    37.75    2088    2.67    1.37    0.89    0.26    0.26
    21.75    37.75    2089    2.71    1.37    0.90    0.26    0.26
    21.75    37.75    2090    2.57    1.28    0.84    0.25    0.26
    21.75    37.75    2091    2.51    1.25    0.79    0.25    0.26
    21.75    37.75    2092    2.59    1.27    0.83    0.26    0.26
    21.75    37.75    2093    2.66    1.30    0.85    0.26    0.27
    21.75    37.75    2094    2.60    1.26    0.84    0.26    0.26
    21.75    37.75    2095    2.91    1.42    0.94    0.28    0.28
    21.75    37.75    2096    2.37    1.09    0.72    0.25    0.25
    21.75    37.75    2097    0.27    0.15    0.13    0.03    0.02
    21.75    37.75    2098    0.38    0.28    0.23    0.04    0.04
    21.75    37.75    2099    0.56    0.45    0.38    0.07    0.06
    21.75    37.75    2100    0.76    0.73    0.66    0.08    0.07
    21.75    37.75    2101    0.92    0.87    0.77    0.09    0.08
    21.75    37.75    2102    1.24    1.19    1.02    0.12    0.10
    21.75    37.75    2103    1.31    1.18    0.98    0.12    0.11
    21.75    37.75    2104    0.71    0.59    0.35    0.08    0.06
    21.75    37.75    2105    0.99    0.83    0.55    0.11    0.09
    21.75    37.75    2106    1.09    0.91    0.63    0.12    0.10
    21.75    37.75    2107    1.13    0.93    0.62    0.12    0.10
    21.75    37.75    2108    1.44    1.27    0.91    0.14    0.12
    21.75    37.75    2109    1.25    1.12    0.86    0.13    0.11
    21.75    37.75    2110    1.31    1.06    0.77    0.14    0.12
    21.75    37.75    2111    1.52    1.21    0.85    0.15    0.13
    21.75    37.75    2112    1.40    1.07    0.74    0.15    0.13
    21.75    37.75    2113    0.28    0.24    0.17    0.03    0.02
    21.75    37.75    2114    0.55    0.48    0.33    0.06    0.05
    21.75    37.75    2115    0.88    0.82    0.59    0.09    0.08
    21.75    37.75    2116    1.00    0.92    0.64    0.10    0.09
    21.75    37.75    2117    1.24    1.17    0.77    0.12    0.11
    21.75    37.75    2118    1.49    1.49    1.10    0.14    0.13
    21.75    37.75    2119    1.73    1.56    1.10    0.15    0.15
    21.75    37.75    2120    1.68    1.44    0.98    0.15    0.15
    21.75    37.75    2121    1.64    1.36    0.91    0.16    0.15
    21.75    37.75    2122    1.89    1.55    1.06    0.17    0.17
    21.75    37.75    2123    2.03    1.69    1.18    0.18    0.18
    21.75    37.75    2124    1.89    1.48    1.02    0.17    0.17
    21.75    37.75    2125    2.43    1.91    1.33    0.20    0.21
    21.75    37.75    2126    1.40    0.95    0.64    0.15    0.15
    21.75    37.75    2127    0.85    0.59    0.52    0.10    0.09
    21.75    37.75    2128    1.23    0.87    0.72    0.13    0.12
    21.75    37.75    2129    1.69    1.22    1.01    0.16    0.15
    21.75    37.75    2130    1.54    1.06    0.83    0.16    0.15
