      Lon      Lat    Year       Jan       Feb       Mar       Apr       May       Jun       Jul       Aug       Sep       Oct       Nov       Dec
     9.75    49.75    1980     1.030     1.457     2.480     4.184    10.462    15.692    12.080    13.652     5.965     4.264     1.079     1.194
     9.75    49.75    1981     1.098     1.076     2.534     5.875     5.704     6.066     9.170    13.790     8.396     3.524     2.496     1.036
     9.75    49.75    1982     1.581     1.692     2.969     3.336     6.016    10.179    18.037    12.089     8.130     3.940     3.662     1.095
     9.75    49.75    1983     1.124     1.458     1.322     5.324     8.023    12.736    14.200     8.228     5.409     4.351     2.486     0.840
     9.75    49.75    1984     1.043     1.387     2.994     6.433    12.734    13.378     6.630     9.470     4.394     2.538     4.074     0.796
     9.75    49.75    1985     0.716     1.321     2.761     5.937     7.664    13.814    10.243    12.353     7.051     6.489     2.035     1.069
     9.75    49.75    1986     0.789     1.753     2.462     2.428     6.185     7.465    11.139     7.022     7.860     6.929     4.231     1.247
     9.75    49.75    1987     1.009     1.445     1.822     5.683    15.625    17.555     8.012    14.437     8.726     3.495     2.667     1.018
     9.75    49.75    1988     0.747     1.913     1.860     2.701    10.641     4.388    11.188     8.064     3.131     1.933     2.302     1.037
     9.75    49.75    1989     0.876     1.200     2.541     4.515    14.529    12.311    12.402    12.430     8.973     5.732     4.435     0.765
     9.75    49.75    1990     1.018     1.235     2.574     4.748     8.637    12.567    10.915     9.442     3.084     6.146     3.862     1.024
     9.75    49.75    1991     1.163     1.404     4.910     3.921    11.656    13.239     9.602     8.032     4.488     5.802     1.504     1.090
     9.75    49.75    1992     1.073     1.678     2.086     3.124     5.784    17.042     9.595    11.847     5.427     4.078     4.800     0.959
     9.75    49.75    1993     1.159     2.042     2.796     3.304     8.928    14.264     6.180    14.864    12.001     6.064     0.890     0.978
     9.75    49.75    1994     1.008     1.452     2.890     3.830     6.668     7.987     9.790    13.220     4.550     4.251     4.001     0.933
     9.75    49.75    1995     0.828     1.330     1.046     4.490    13.190     7.498    19.649    16.403     5.789     5.601     3.318     1.130
     9.75    49.75    1996     1.188     1.880     3.133     1.190     5.700    15.065    12.021    14.217     7.694     9.090     4.636     1.281
     9.75    49.75    1997     0.807     1.409     2.830     4.918    15.029    21.286     8.849    12.084     7.883     6.576     2.204     0.906
     9.75    49.75    1998     1.217     1.590     2.579     2.476    12.087    10.743    10.114     9.348    13.022     3.669     3.022     1.101
     9.75    49.75    1999     0.940     1.311     3.867     5.506     6.985    16.250     6.569     7.216     4.474     5.881     2.099     0.756
     9.75    49.75    2000     0.946     1.222     4.483     4.752    11.198    18.750    11.613    12.501     7.402     5.335     1.709     0.879
     9.75    49.75    2001     1.036     1.364     2.014     1.881    15.714     9.183    15.889    11.288     8.297     4.525     2.663     1.172
     9.75    49.75    2002     1.330     1.619     1.124     7.157    10.642     2.305     6.239    14.624    12.873     3.052     2.215     0.851
     9.75    49.75    2003     1.173     1.912     0.772     7.834    10.192    13.880    18.754    11.032     8.273     4.913     1.776     1.024
     9.75    49.75    2004     1.607     1.808     1.884     5.916    16.155    10.481     9.070    13.018    12.796     4.651     2.847     0.916
     9.75    49.75    2005     1.144     2.108     1.342     5.769    13.724     7.230    14.360    12.256     7.917     6.151     2.582     1.389
     9.75    49.75    2006     0.856     1.942     1.925     4.746     9.543    17.652    15.229    10.892     4.084     6.935     3.409     1.357
     9.75    49.75    2007     0.646     2.155     2.230     8.357     8.044    11.952    10.401     8.961     3.322     3.388     2.215     1.078
     9.75    49.75    2008     0.944     1.205     3.932     5.455     9.383     7.370    13.289    16.263     4.846     5.994     2.052     0.829
     9.75    49.75    2009     0.993     1.976     2.362     6.996    15.380    13.320     7.462    10.426     4.736     7.632     3.597     0.960
     9.75    49.75    2010     0.971     1.612     4.156     9.474    11.973    16.673     7.752     9.895     6.678     3.853     2.372     1.026
     9.75    49.75    2011     1.120     1.955     1.767     7.212    15.639    18.655    16.411    15.133     6.750     6.689     1.857     0.887
     9.75    49.75    2012     1.204     1.379     3.135     6.207     6.605    12.314    11.090    20.028     8.528     5.213     1.831     0.944
     9.75    49.75    2013     1.137     1.766     2.003     3.008    15.222     8.513     6.470     9.506     9.752     6.047     1.556     0.924
     9.75    49.75    2014     0.924     2.173     7.935    12.664    11.484     4.823    18.171    14.402     4.358     2.354     1.821     0.965
     9.75    49.75    2015     1.004     1.348     3.581     5.417     9.701    11.772     7.117     8.408     9.742     3.042     3.887     1.226
     9.75    49.75    2016     0.904     1.046     4.089     6.495     4.805     6.681    10.873    12.534     2.051     4.931     0.911     1.085
     9.75    49.75    2017     0.895     1.334     0.549     2.860    11.189     7.602    14.659    15.213     2.730     5.533     2.042     0.934
     9.75    49.75    2018     1.024     1.794     3.938     8.714     9.772     6.621     8.763     3.030     7.740     6.416     2.067     1.066
     9.75    49.75    2019     0.917     1.754     3.703     2.404     5.981     6.253    10.634    11.456    10.160     3.060     1.885     0.729
     9.75    49.75    2020     1.344     1.263     2.329     4.851    14.869    15.812    13.862    10.841     4.312     4.462     2.026     1.203
     9.75    49.75    2021     1.023     1.328     2.797     5.495     7.366     4.012     7.752     4.315     7.091     3.781     2.282     0.886
     9.75    49.75    2022     0.858     1.969     1.978     2.968     8.609    10.587     8.888    13.902     3.655     3.348     2.940     1.209
     9.75    49.75    2023     1.049     1.385     1.921     6.378     2.728    18.893     9.751    18.036     4.461     5.020     4.950     1.289
     9.75    49.75    2024     0.973     1.967     2.465     3.654    10.438    15.716    18.052    18.845     6.178     2.737     5.625     0.974
     9.75    49.75    2025     1.210     1.461     3.292     2.991     6.316    11.477     1.578    13.855     7.373     7.332     3.284     0.929
     9.75    49.75    2026     0.858     1.881     2.506     3.346     4.251     9.755     9.407     3.174     4.617     5.136     1.772     0.853
     9.75    49.75    2027     1.084     1.524     2.854     3.544     7.989     5.073     5.718     6.980     4.474     1.693     3.531     0.672
     9.75    49.75    2028     1.310     1.306     2.635     3.937     7.362     9.283    10.705    13.361     4.526     5.157     4.603     0.953
     9.75    49.75    2029     0.771     1.776     2.784     4.791    15.552    10.280     3.363    13.515     5.653     6.144     2.352     1.125
     9.75    49.75    2030     1.264     1.894     1.851     4.596    10.883    11.889    16.676    10.936     8.383     6.341     4.015     1.159
     9.75    49.75    2031     1.372     0.668     2.660     9.143     5.158    23.691     5.898     4.586     7.766     5.736     1.049     1.061
     9.75    49.75    2032     0.780     1.665     2.506     3.780    12.646    17.107    13.922    20.553     9.041     5.160     4.068     0.725
     9.75    49.75    2033     1.253     1.231     3.234    10.096    10.949    16.371    11.632    24.362     2.260     2.407     2.314     0.929
     9.75    49.75    2034     1.117     1.518     1.929     4.055     7.402     8.763     5.852     3.411     1.827     3.522     1.877     0.955
     9.75    49.75    2035     0.868     1.243     1.077     8.225    14.098    14.485     8.482    12.638     2.566     6.999     2.384     0.571
     9.75    49.75    2036     1.023     1.201     3.975     5.176     8.547     6.053    17.504    17.719    13.158     5.331     2.863     1.066
     9.75    49.75    2037     1.138     0.855     4.288     6.211    10.122     8.401     6.632    11.772     3.546    10.188     3.575     0.755
     9.75    49.75    2038     0.745     1.602     4.125     7.895    18.879     6.838     8.422     6.348     2.802     5.346     1.358     1.029
     9.75    49.75    2039     0.868     1.814     0.966     4.455    15.324     8.848    15.178    10.851     8.070     4.340     1.382     0.874
     9.75    49.75    2040     1.032     1.648     4.281     6.357    11.546    17.367     5.933    13.786     5.978     2.720     1.201     1.005
     9.75    49.75    2041     0.961     0.957     2.356     9.817    12.114     5.758     7.481    20.185     7.385     4.635     4.132     1.084
     9.75    49.75    2042     0.997     1.404     2.914     3.856     7.441    14.137     8.763     6.543    10.397     5.367     3.600     1.298
     9.75    49.75    2043     1.269     1.603     4.994     5.206     9.539     1.022    16.458    13.291     5.258     2.611     1.246     0.849
     9.75    49.75    2044     1.152     1.453     3.441     5.458     7.937    16.451    17.125    10.535     5.194     7.663     3.289     0.839
     9.75    49.75    2045     1.368     1.848     1.948     2.558    13.038    10.275     4.778    10.315     5.838     2.735     1.580     1.094
     9.75    49.75    2046     0.718     1.841     2.061     7.977    18.053    12.045     5.774    12.106     5.009     6.829     2.526     1.055
     9.75    49.75    2047     0.697     1.559     2.047     1.849    12.969     5.332    10.711    10.017     5.850     9.087     2.387     0.943
     9.75    49.75    2048     0.849     1.676     4.546     7.072     3.149     9.309    10.345     7.453     3.467     6.968     2.819     0.961
     9.75    49.75    2049     1.129     1.663     4.514     9.458     8.874     7.118     3.390     4.875     6.891     4.816     1.623     1.033
     9.75    49.75    2050     1.190     1.162     3.792     4.962     4.589    14.574     6.696     6.537     3.413     3.742     1.636     0.912
     9.75    49.75    2051     0.872     1.350     5.245     3.556     7.351     7.134     6.002     7.837     2.966     4.038     2.825     0.844
     9.75    49.75    2052     0.726     1.249     2.236     4.003    13.086    25.458    12.304     5.419     5.504     6.904     1.645     0.927
     9.75    49.75    2053     1.076     0.887     3.514     4.967     5.671     7.015     5.100     9.826    10.212     3.446     2.080     0.740
     9.75    49.75    2054     0.794     1.775     2.590     4.958     5.913    10.320     6.848    11.099    10.391     5.259     1.845     1.162
     9.75    49.75    2055     1.226     1.575     3.593     6.414     2.170     3.645    15.215     2.526     2.812     4.281     2.674     1.033
     9.75    49.75    2056     0.892     0.918     1.798    10.319     8.280    14.089     8.864     7.148     4.407     1.365     1.707     0.831
     9.75    49.75    2057     1.118     1.474     4.296     2.904     4.085     8.361     7.403     4.763     3.998     5.318     1.422     1.296
     9.75    49.75    2058     0.780     1.402     2.586     5.640     7.455     3.057     6.655    16.151     4.708     6.652     1.945     0.890
     9.75    49.75    2059     1.188     1.934     2.010     6.599     4.458     6.182     6.120    18.385     3.262     4.125     3.078     0.729
     9.75    49.75    2060     1.041     0.873     2.881     6.878     2.697     3.659    10.528     3.073     4.026     4.601     1.846     0.764
     9.75    49.75    2061     1.031     1.529     4.869    11.093    12.079     9.326     6.128     6.768     8.284     1.803     1.880     0.727
     9.75    49.75    2062     0.963     1.043     3.373     9.191     9.603     7.983    10.216    10.125     5.750     3.801     1.439     1.306
     9.75    49.75    2063     0.834     1.147     7.494     7.108     5.098    12.737    14.450    15.430     9.534     1.075     1.689     0.879
     9.75    49.75    2064     0.929     1.350     2.825     4.130     7.588     6.373    15.793    11.721     0.608     3.235     4.692     0.826
     9.75    49.75    2065     1.091     2.531     4.691    11.266     9.415    22.285     9.260     8.611     1.339     3.625     1.467     0.907
     9.75    49.75    2066     0.866     1.674     3.052     5.392     4.758    11.095     5.738    11.296     7.945     5.441     2.102     0.971
     9.75    49.75    2067     0.983     1.257     2.247     2.885    10.047    11.450     1.949     7.982     3.426     5.019     5.036     0.986
     9.75    49.75    2068     1.092     1.384     2.467     4.092     7.773     8.792     9.989    12.589     7.392     4.582     4.248     1.170
     9.75    49.75    2069     1.239     1.718     2.840     4.995     2.214    16.435    12.029     7.792     8.743     7.523     2.342     1.011
     9.75    49.75    2070     0.685     0.895     1.890     7.160     3.124     9.958    15.930     5.063     8.354     4.144     1.380     1.121
     9.75    49.75    2071     0.921     1.624     2.176     5.940     8.788    13.444     5.929     9.325     1.793     4.732     2.208     1.124
     9.75    49.75    2072     0.941     1.157     1.455     4.963     3.578    13.104    12.141     7.262     6.163     6.845     2.514     0.794
     9.75    49.75    2073     1.116     2.145     4.318     2.705    14.322    19.346     9.224     4.450     2.972     0.833     1.627     0.874
     9.75    49.75    2074     1.036     1.737     2.914     5.155     9.401     4.131     3.513    14.796     6.262     4.499     3.534     0.793
     9.75    49.75    2075     0.948     0.998     4.198     9.428     7.644    11.187     9.711    13.465     7.492     4.298     2.225     0.862
     9.75    49.75    2076     1.078     1.259     2.134    10.589     7.411    15.246     8.032    14.869    11.070     3.366     2.901     1.014
     9.75    49.75    2077     1.088     1.310     1.328     4.043    11.227    19.518    20.711    16.971     8.359     7.160     2.717     1.275
     9.75    49.75    2078     1.107     2.259     3.362     7.016     8.017    16.452     7.692     7.273     7.719     4.363     1.314     1.085
     9.75    49.75    2079     1.125     1.035     4.452     7.043     6.665     8.041     8.935    16.666     7.354     5.746     1.205     1.028
     9.75    49.75    2080     1.082     1.545     2.583     4.036    12.171     4.383    10.300    21.940     6.875     5.841     3.924     0.967
     9.75    49.75    2081     1.091     1.920     4.109     5.542    13.533     6.569    12.896    13.464     8.517     3.132     2.525     0.778
     9.75    49.75    2082     1.015     1.514     2.471     4.168     4.972     4.093    11.006    19.380     5.328     2.919     1.867     1.271
     9.75    49.75    2083     1.235     1.654     2.863     4.719     7.104    22.098     6.531     7.539     9.047     6.258     1.362     1.235
     9.75    49.75    2084     1.051     1.258     3.946     4.249     9.535    14.172    15.001    11.386     3.257     2.755     1.744     0.943
     9.75    49.75    2085     0.965     1.212     2.915     5.234    10.815     4.827    19.684    14.731    11.532     4.014     1.413     1.392
     9.75    49.75    2086     0.940     1.316     2.329     8.503    10.691     8.087    16.867    10.783     6.153     6.319     1.962     1.066
     9.75    49.75    2087     0.826     1.317     2.485     6.596    15.410    11.511    10.987    17.168    10.687     3.913     3.426     0.614
     9.75    49.75    2088     0.868     1.628     4.408     6.983    15.012    13.652    10.567     6.464     5.024     4.524     2.091     0.924
     9.75    49.75    2089     0.794     1.457     1.227     2.574    12.903    12.903     7.736    11.006     6.172     6.388     2.235     0.849
     9.75    49.75    2090     1.142     1.502     2.646     5.234    13.801     7.147     5.419     9.085     3.972     3.142     2.788     1.339
     9.75    49.75    2091     1.074     1.635     2.604     6.139     6.042    15.488    10.392     4.011     3.585     5.744     2.234     0.933
     9.75    49.75    2092     0.973     0.853     3.384     8.045    14.062    10.482     7.253     7.203     5.329     3.006     0.853     0.812
     9.75    49.75    2093     0.727     1.266     2.430     5.475     6.875     6.514    11.681     7.397     3.831     4.867     2.547     0.935
     9.75    49.75    2094     1.200     1.081     3.272     4.673     8.671    10.934     6.052    10.985     4.596     4.770     3.923     1.147
     9.75    49.75    2095     1.461     1.678     3.777     5.199     7.981     8.279    17.048    14.559     2.376     6.000     2.011     0.938
     9.75    49.75    2096     0.953     1.182     2.366     3.984    17.855    13.067    11.377    10.785     6.418     3.469     2.092     1.015
     9.75    49.75    2097     1.056     0.858     5.738     6.611    10.601     2.928     6.428    11.674     2.435     5.810     1.963     0.805
     9.75    49.75    2098     0.919     1.849     2.229     4.998     4.903     9.375    18.722    10.274     6.352     5.204     1.585     1.003
     9.75    49.75    2099     0.838     1.605     2.874    10.254     8.474     8.951    14.421    17.244     4.454     1.312     2.617     1.213
     9.75    49.75    2100     1.040     1.403     1.458     5.269     3.608    11.405    13.903    13.364     5.581     4.712     2.406     0.821
     9.75    49.75    2101     0.813     1.645     3.140     6.048     8.667    13.307     5.797     9.238     1.768     4.544     3.506     1.093
     9.75    49.75    2102     0.646     1.481     2.216     4.196     3.375    12.306    11.550     6.846     5.635     6.366     1.727     0.591
     9.75    49.75    2103     0.779     1.950     3.852     2.785    12.823    18.154     8.401     4.102     2.776     0.722     1.411     0.904
     9.75    49.75    2104     1.025     1.494     2.401     4.895     8.748     3.769     3.194    13.559     5.754     3.880     2.439     0.977
     9.75    49.75    2105     0.839     0.970     3.870     7.810     6.952    10.147     8.675    11.153     5.772     4.510     2.067     0.708
     9.75    49.75    2106     0.983     1.178     1.733     8.024     6.704    13.760     7.168    17.289    10.099     3.921     2.618     1.005
     9.75    49.75    2107     0.959     1.079     1.055     3.951    10.549    15.484    17.833    14.542     6.664     6.309     2.766     0.891
     9.75    49.75    2108     1.130     1.556     2.899     5.867     6.929    14.596     6.671     6.284     6.726     3.857     1.418     1.198
     9.75    49.75    2109     0.810     0.585     2.728     6.030     5.669     6.812     7.606    15.445     6.326     4.549     1.251     1.059
     9.75    49.75    2110     0.627     1.329     1.812     3.859    10.732     3.821     8.961    17.147     6.051     5.226     4.309     0.876
     9.75    49.75    2111     0.698     1.850     3.317     4.433    11.777     5.545    10.942    12.202     6.756     2.263     2.565     0.914
     9.75    49.75    2112     0.670     0.886     2.179     3.430     4.024     3.339     9.070    17.275     4.394     3.098     1.187     1.294
     9.75    49.75    2113     1.021     1.230     2.019     3.227     5.753    17.724     5.337     6.095     7.324     5.078     1.200     0.818
     9.75    49.75    2114     0.687     1.120     3.339     3.532     8.552    11.486    12.620     9.483     2.657     3.820     1.363     0.831
     9.75    49.75    2115     0.579     1.073     1.942     4.396     8.895     3.880    17.250    12.373    10.624     3.402     1.194     1.445
     9.75    49.75    2116     0.960     0.845     1.847     6.653     8.901     6.730    15.313     9.577     5.208     5.589     3.164     1.106
     9.75    49.75    2117     0.811     1.075     2.258     5.478    13.215     9.715     9.153    12.643     9.172     3.180     3.491     0.608
     9.75    49.75    2118     0.630     1.426     3.181     6.799    13.199    11.824     8.740     5.445     4.137     3.556     1.547     0.923
     9.75    49.75    2119     0.767     1.278     1.020     2.069    11.304    10.710     6.372     9.387     4.781     4.398     2.608     0.838
     9.75    49.75    2120     0.767     1.016     2.227     4.727    11.519     5.950     4.428     7.709     3.178     2.657     1.666     1.558
     9.75    49.75    2121     0.570     1.317     2.148     5.288     4.916    13.935     8.564     3.245     2.915     5.393     1.421     0.708
     9.75    49.75    2122     0.754     0.621     2.359     6.232    11.687     8.703     5.759     5.976     4.361     3.103     1.101     0.760
     9.75    49.75    2123     0.531     1.268     1.949     4.902     5.613     5.210     8.117     6.104     3.184     4.901     2.417     0.763
     9.75    49.75    2124     0.721     0.951     1.379     3.208     7.431     8.907     4.942     9.332     3.792     4.176     3.262     1.016
     9.75    49.75    2125     0.931     1.070     3.088     4.431     6.858     6.969    14.417    12.530     1.991     2.778     1.992     0.980
     9.75    49.75    2126     0.669     0.897     1.808     2.798    14.453     9.656     8.941     8.659     5.129     2.721     1.931     0.761
     9.75    49.75    2127     0.912     0.832     4.505     5.606     8.849     2.272     5.345     9.693     1.967     4.215     2.082     0.760
     9.75    49.75    2128     0.599     0.773     2.047     4.052     3.899     7.319    14.760     7.143     5.085     4.420     1.284     0.516
     9.75    49.75    2129     0.865     1.194     2.527     8.521     7.326     7.174    11.634    13.522     3.694     0.997     1.960     0.965
     9.75    49.75    2130     0.801     1.263     1.152     4.026     2.870     9.235    11.843    11.311     4.580     4.044     2.075     0.610
    13.75    55.75    1980     0.310     0.824     1.761     1.296     1.214     6.322     2.670     2.398     7.952     5.079     2.725     0.489
    13.75    55.75    1981     0.531     0.593     1.685     1.343     2.733     7.842     1.186     2.083     4.309     3.107     1.946     0.361
    13.75    55.75    1982     0.447     1.014     1.411     1.258     4.864     5.567     0.399     3.338     6.292     4.946     3.236     0.419
    13.75    55.75    1983     0.669     0.848     1.322     1.728     4.233     6.394     1.678     1.718     2.531     4.519     1.098     0.389
    13.75    55.75    1984     0.660     0.552     1.755     1.327     5.484     4.242    12.856     4.448     6.051     4.085     3.023     0.461
    13.75    55.75    1985     0.459     0.750     1.674     2.843     5.673    10.370     8.021     8.534     6.835     5.184     1.611     0.375
    13.75    55.75    1986     0.454     0.749     1.353     1.620     4.047     2.933     5.015     9.447     6.606     4.531     2.044     0.479
    13.75    55.75    1987     0.446     0.775     1.791     0.686     1.318     8.321     5.247     1.453    12.985     4.539     3.019     0.680
    13.75    55.75    1988     0.482     1.097     1.205     1.342     5.258     2.282     4.960     4.647     6.128     3.092     2.659     0.389
    13.75    55.75    1989     0.440     0.896     1.427     2.187     4.879     1.249     8.832     0.442     6.896     6.392     2.771     0.400
    13.75    55.75    1990     0.360     0.632     1.250     2.569     3.368    11.382     0.871     7.456     5.002     4.280     2.652     0.536
    13.75    55.75    1991     0.421     0.857     2.362     1.307     3.409     0.716    11.047     9.204     7.454     6.617     1.235     0.406
    13.75    55.75    1992     0.575     0.917     1.165     1.612     4.920     8.136     4.199     0.476     4.770     3.824     1.089     0.335
    13.75    55.75    1993     0.604     0.700     1.139     0.953     5.886     5.136    15.617     5.880     6.868     4.635     0.988     0.219
    13.75    55.75    1994     0.483     0.868     1.726     1.207     3.026     8.293    17.525     7.646     9.176     4.880     2.784     0.672
    13.75    55.75    1995     0.641     0.750     0.877     2.041     3.870    10.967     1.330     3.428     7.419     6.818     3.528     0.346
    13.75    55.75    1996     0.612     1.079     2.060     2.061     4.688     3.751     5.587     7.727     9.853     6.926     2.416     0.258
    13.75    55.75    1997     0.414     0.664     1.240     1.652     2.535     7.279    11.410     6.479     9.185     5.378     3.458     0.897
    13.75    55.75    1998     0.397     1.026     1.588     1.266     3.224    11.645     3.496     4.271     6.997     4.115     2.802     0.658
    13.75    55.75    1999     0.628     0.909     2.149     1.667     7.578     1.881     5.313     6.817    10.650     5.535     2.602     0.493
    13.75    55.75    2000     0.513     0.861     1.828     1.602     1.984     6.508     2.535     2.203     8.015     5.147     2.386     0.390
    13.75    55.75    2001     0.653     0.686     1.709     1.068     7.350    10.331    13.691    12.002     6.855     3.941     1.743     0.373
    13.75    55.75    2002     0.665     1.050     0.442     3.010     2.559     1.134     7.424     9.157    12.602     4.817     2.978     0.462
    13.75    55.75    2003     0.342     1.076     1.456     2.876     4.037     2.704    14.519     5.266    10.202     3.560     4.497     0.395
    13.75    55.75    2004     0.454     0.861     1.653     1.536     8.604     9.816    17.355     7.129     3.347     4.573     3.597     0.669
    13.75    55.75    2005     0.669     1.058     0.637     3.267     2.255     9.215     0.000     4.578     6.916     4.566     2.721     0.491
    13.75    55.75    2006     0.575     1.061     1.485     2.321     4.086     4.324     0.000     9.640     6.323     8.010     2.344     0.652
    13.75    55.75    2007     0.578     0.632     1.050     4.233     8.421    16.597     5.381     5.927     6.886     6.082     1.889     0.439
    13.75    55.75    2008     0.685     0.880     1.841     1.922     2.644    14.106     9.214     2.758     5.604     6.538     2.182     0.583
    13.75    55.75    2009     0.466     1.045     1.703     3.008     1.453     2.646     9.058    10.291     6.745     9.663     3.015     0.435
    13.75    55.75    2010     0.697     0.944     1.928     3.688     1.298    14.808    13.055     8.253     9.215     6.351     2.606     0.391
    13.75    55.75    2011     0.727     0.841     1.113     3.066     8.138    13.631     4.413     3.144     8.708     5.629     2.913     0.572
    13.75    55.75    2012     0.937     1.196     1.701     3.104     4.091     1.851    13.452     2.838    12.399     5.424     2.606     0.415
    13.75    55.75    2013     0.788     1.096     1.413     1.187     5.741     7.732     0.000     4.685    11.586     5.597     3.046     0.511
    13.75    55.75    2014     0.811     1.528     2.854     3.427     4.386    11.519     2.484     9.099     5.454     4.478     2.276     0.292
    13.75    55.75    2015     0.599     1.320     1.648     2.423     6.688     9.214    12.780     2.876    14.831     4.003     4.522     0.814
    13.75    55.75    2016     0.977     1.155     1.916     5.073     5.908    12.537     9.524     8.310     6.613     6.244     1.656     0.538
    13.75    55.75    2017     0.709     0.843     1.423     1.769     7.033    10.513    19.004    14.888     5.498     5.335     3.612     0.556
    13.75    55.75    2018     0.730     1.089     2.886     5.234     2.937     3.645     2.891     0.584     7.853     6.598     2.194     0.650
    13.75    55.75    2019     0.616     0.830     1.958     2.715    11.392     3.264     3.237    10.794     6.180     4.302     2.745     0.480
    13.75    55.75    2020     0.541     0.688     1.332     2.609     6.650    11.540     4.797     3.938     3.237     6.226     2.327     0.561
    13.75    55.75    2021     0.462     0.752     2.087     2.272     5.319     5.157     0.917     0.803     6.220     4.893     2.260     0.584
    13.75    55.75    2022     0.482     1.019     2.089     1.658     3.288    13.117     0.964    10.288     2.159     5.520     3.774     0.842
    13.75    55.75    2023     0.718     1.029     1.919     3.408     2.253     3.423     0.000     2.774    11.270     4.082     3.138     0.622
    13.75    55.75    2024     0.482     0.660     1.911     1.483     0.947     5.449     0.000     8.780    11.335     3.730     3.773     0.654
    13.75    55.75    2025     0.496     0.983     1.245     1.478     6.252    11.091     2.091     6.430    12.933     5.163     2.381     0.418
    13.75    55.75    2026     0.818     1.657     2.245     2.074     1.691    18.754     3.248     6.027     6.914     7.019     2.456     0.502
    13.75    55.75    2027     0.677     1.173     2.218     1.697     7.075     9.052    12.810    11.312     8.915     3.353     2.487     0.277
    13.75    55.75    2028     0.844     1.135     1.606     3.110     0.697     9.441     0.961    16.262     2.003     8.066     4.128     0.741
    13.75    55.75    2029     0.700     1.408     2.709     1.982     3.495    10.069     0.000    12.906     9.659     6.162     2.693     0.583
    13.75    55.75    2030     0.609     1.095     0.874     1.872     2.552     2.032     0.961     8.676     5.491     7.556     3.296     0.733
    13.75    55.75    2031     0.612     1.022     1.504     3.755     3.109    14.188    11.726    10.557    10.042     4.420     1.431     0.462
    13.75    55.75    2032     0.627     1.374     1.514     2.443     6.314     5.719     9.810    10.988     6.121     4.876     3.694     0.517
    13.75    55.75    2033     0.736     1.401     1.644     1.135     1.871     4.134     4.228     7.912     6.020     7.376     3.386     0.674
    13.75    55.75    2034     0.482     0.963     1.488     3.082     4.282     7.258    15.114     1.938     7.251     3.380     2.991     0.561
    13.75    55.75    2035     0.760     0.858     0.790     1.883     7.469     0.818    10.051     6.012     3.627     5.351     2.303     0.649
    13.75    55.75    2036     0.664     0.531     2.432     2.179     4.949    12.212    11.409    16.712     6.160     5.846     2.433     0.462
    13.75    55.75    2037     0.840     1.134     3.735     5.127     4.276    12.660    11.927     6.523     3.509     4.593     2.261     0.582
    13.75    55.75    2038     0.474     1.232     2.445     4.888    10.721     6.724     0.737     5.446     7.830     5.640     2.686     0.617
    13.75    55.75    2039     0.532     1.337     0.752     1.174     8.995     5.300    13.865     6.629    15.199     6.792     2.102     0.627
    13.75    55.75    2040     0.732     1.286     0.866     1.651     4.189     7.384     9.165     4.606     8.527     3.451     2.703     0.409
    13.75    55.75    2041     0.657     0.740     1.151     4.429     6.966     1.015     0.670     2.937     9.200     6.482     3.070     0.425
    13.75    55.75    2042     0.651     1.059     1.788     2.453     4.404     6.609     4.960     1.431     6.496     6.600     3.303     0.608
    13.75    55.75    2043     0.761     1.458     1.370     5.342     5.528     5.311     0.000     4.857     1.691     5.572     1.949     0.540
    13.75    55.75    2044     0.617     1.062     1.532     1.578     1.649     0.000     8.447     8.921     7.529     5.238     3.798     0.743
    13.75    55.75    2045     0.665     0.902     1.399     2.392     2.296    14.371     5.596    12.539     7.004     4.736     2.815     0.579
    13.75    55.75    2046     0.529     1.168     1.650     3.734     3.459     4.751    16.578    10.809     9.381     7.339     2.087     0.551
    13.75    55.75    2047     0.428     1.199     2.150     1.069     3.903    10.332     8.983     0.996     3.001     5.126     2.127     0.427
    13.75    55.75    2048     0.679     1.548     2.815     2.747     4.127     1.565    12.057     8.578     8.388     7.361     2.674     0.334
    13.75    55.75    2049     0.671     1.118     2.875     1.888     5.750    17.972     2.421     5.652     9.492     5.527     3.258     0.558
    13.75    55.75    2050     0.768     1.158     1.643     1.925     9.542    11.238     5.270     8.597     6.915     7.070     1.803     0.441
    13.75    55.75    2051     0.637     1.087     1.467     4.023     2.375     6.227     7.202    11.685     7.721     6.490     3.680     0.359
    13.75    55.75    2052     0.816     0.748     1.906     3.624     8.167     4.984     8.618     1.542     4.028     5.640     2.592     0.414
    13.75    55.75    2053     0.649     1.563     2.186     2.811     5.424    12.243     2.586    19.594     3.898     4.595     2.118     0.475
    13.75    55.75    2054     0.873     1.326     2.126     3.873     6.861     3.313     1.930     6.601    10.727     4.477     4.162     0.615
    13.75    55.75    2055     0.564     1.464     2.234     2.057     3.070     8.931    13.442     1.653     4.363     4.961     3.867     0.918
    13.75    55.75    2056     0.870     0.755     1.896     5.607     7.424     2.822    11.534    10.869     7.582     1.999     3.395     0.541
    13.75    55.75    2057     0.656     1.111     1.914     1.928     1.448     7.638     4.841    13.281     1.760     6.334     1.904     0.378
    13.75    55.75    2058     0.557     1.379     1.043     3.055     3.412     9.092     0.000     5.803     7.251     4.933     3.508     0.607
    13.75    55.75    2059     0.605     0.637     1.200     2.792     3.642    10.277     0.749     9.575     9.159     4.860     2.122     0.509
    13.75    55.75    2060     0.504     0.992     1.470     2.271     3.809     5.440     7.141    12.030     5.348     6.749     2.029     0.479
    13.75    55.75    2061     0.642     0.608     2.000     3.623     9.865     5.570    16.020     4.725     8.320     3.819     2.237     0.326
    13.75    55.75    2062     0.516     0.893     1.600     4.420     8.635    11.926     7.019    13.945     7.841     6.131     2.303     0.366
    13.75    55.75    2063     0.679     1.448     2.131     2.325     1.207    10.635    15.428    17.161    10.160     3.548     2.379     0.615
    13.75    55.75    2064     0.791     1.149     2.003     2.317     5.006     4.597    10.896     6.774     4.963     4.947     2.852     0.495
    13.75    55.75    2065     0.580     1.107     2.164     5.196     3.785     0.000     2.469     7.934     1.829     7.825     1.739     0.559
    13.75    55.75    2066     0.524     1.114     1.672     2.367     5.504     9.089    19.694     7.570     9.538     5.906     2.507     0.480
    13.75    55.75    2067     0.634     0.488     2.032     3.370     7.020     9.923     6.073     8.877     8.108     7.362     3.191     0.447
    13.75    55.75    2068     0.719     1.263     2.755     3.600     5.944    11.163    22.176     2.871     6.985     5.519     2.061     0.498
    13.75    55.75    2069     0.606     1.145     2.102     3.120     2.738     1.934     2.882     6.660    10.776     4.886     3.351     0.546
    13.75    55.75    2070     0.846     0.852     1.263     3.676     2.299     1.295     7.299     7.251     6.810     5.156     1.684     0.532
    13.75    55.75    2071     0.569     0.782     1.112     3.884     4.880     3.904    12.304     2.688     7.208     6.704     2.583     0.652
    13.75    55.75    2072     0.754     0.819     1.013     0.833     3.457     5.356     4.556    11.868     5.656     6.048     2.108     0.422
    13.75    55.75    2073     0.474     0.872     1.942     1.309     5.013     0.618     2.248     8.217     8.073     2.689     2.211     0.341
    13.75    55.75    2074     0.611     0.462     2.414     5.534     2.533     6.018    18.918     1.553     4.417     5.878     2.418     0.438
    13.75    55.75    2075     0.562     1.202     1.144     5.029     7.527     9.249     5.905     6.963     7.065     5.035     1.983     0.409
    13.75    55.75    2076     0.600     0.765     2.432     2.241     3.377     2.042     1.910     6.064    10.472     3.296     3.456     0.931
    13.75    55.75    2077     0.438     1.025     0.325     1.430     4.898     1.787    21.482     8.036     5.825     6.259     3.576     0.403
    13.75    55.75    2078     0.725     0.871     2.222     6.743     2.360    12.142     0.000     5.012     5.745     4.850     1.547     0.572
    13.75    55.75    2079     0.763     1.288     2.114     1.251     5.824    11.949     0.760     7.430    13.484     6.457     1.853     0.388
    13.75    55.75    2080     0.527     1.308     1.279     2.419     7.238     6.827     0.958     6.038     5.842     1.523     2.436     0.673
    13.75    55.75    2081     0.703     0.744     1.481     2.997     3.257    13.683     0.923     6.004     8.298     2.669     4.451     0.451
    13.75    55.75    2082     0.676     1.033     2.013     2.606     2.367     5.897    17.153     8.326    12.008     5.338     1.940     0.559
    13.75    55.75    2083     0.627     1.070     1.510     1.384     5.493     0.783     8.132    10.297    13.691     4.691     1.937     0.399
    13.75    55.75    2084     0.566     0.932     1.714     4.271     5.828    11.811    17.714     3.439     1.221     6.657     2.425     0.534
    13.75    55.75    2085     0.589     0.831     1.811     3.169     2.518    11.536     1.703    18.005     6.767     5.260     2.507     0.542
    13.75    55.75    2086     0.748     0.798     0.793     3.970     6.388     0.000    10.533    16.345     5.259     7.903     2.109     0.358
    13.75    55.75    2087     0.458     1.158     1.934     5.102     6.344    15.089     4.626    12.433    11.178     4.099     2.676     0.350
    13.75    55.75    2088     0.598     1.076     2.590     2.754     8.043     0.964     0.626     5.994     8.038     4.497     2.978     0.573
    13.75    55.75    2089     0.449     0.633     1.536     1.311     3.943    17.095    11.863     9.880     4.590     5.348     1.981     0.331
    13.75    55.75    2090     0.448     0.795     1.451     2.486     7.494     7.679    12.040     2.334     6.688     5.769     2.617     0.656
    13.75    55.75    2091     0.691     0.834     1.820     3.864     4.538     4.647    15.825     9.050     4.711     8.466     2.680     0.490
    13.75    55.75    2092     0.482     0.789     0.629     3.594     3.862     0.750     1.587     0.317     6.641     5.543     2.373     0.332
    13.75    55.75    2093     0.582     0.781     1.478     5.227     5.417     1.967     5.731     2.288     5.698     5.751     1.832     0.391
    13.75    55.75    2094     0.504     0.775     1.158     2.515     2.268    12.172    10.565     3.942     6.722     4.348     2.951     0.442
    13.75    55.75    2095     0.388     0.741     1.034     6.242     1.707     0.000     1.550     1.518     6.201     6.994     2.451     0.751
    13.75    55.75    2096     0.428     0.679     1.056     4.289     5.128    18.767     7.943    14.472    11.658     3.608     3.268     0.491
    13.75    55.75    2097     0.622     0.516     2.281     4.544     5.042     3.562     4.513     9.370     4.011     3.159     1.995     0.525
    13.75    55.75    2098     0.501     1.091     2.503     2.874     4.638     3.857     9.752    15.670     8.366     5.991     0.753     0.142
    13.75    55.75    2099     0.491     0.827     1.002     1.297     3.058     4.398     0.516     6.984     1.280     4.118     3.214     0.606
    13.75    55.75    2100     0.514     0.692     1.208     3.803     3.706     5.734     3.322     5.476     5.963     5.163     2.045     0.264
    13.75    55.75    2101     0.617     0.709     1.077     3.390     4.843     3.780    12.075     2.837     6.847     8.176     3.088     0.597
    13.75    55.75    2102     0.550     0.596     1.172     0.846     3.839     5.012     4.303    11.940     5.002     5.186     2.901     0.212
    13.75    55.75    2103     0.606     1.104     1.730     1.183     5.396     0.563     2.145     7.663     7.526     2.386     2.623     0.507
    13.75    55.75    2104     0.434     0.675     1.617     3.718     2.426     5.768    16.386     1.462     4.730     4.298     1.723     0.680
    13.75    55.75    2105     0.599     0.911     1.464     4.078     7.544     6.988     6.168     6.823     8.108     6.579     2.571     0.364
    13.75    55.75    2106     0.587     0.681     1.841     3.003     3.082     1.940     1.850     5.815     9.815     3.995     3.358     0.989
    13.75    55.75    2107     0.616     0.558     0.278     1.544     4.497     1.720    21.583     7.364     6.588     5.555     3.006     0.481
    13.75    55.75    2108     0.574     0.660     1.647     7.114     2.265    13.108     0.000     4.909     5.211     5.262     1.772     0.666
    13.75    55.75    2109     0.482     0.746     1.891     1.135     5.992    12.001     0.719     7.152     9.809     7.778     1.273     0.436
    13.75    55.75    2110     0.388     0.965     1.275     2.066     7.769     6.073     0.878     5.601     5.541     1.460     2.915     0.544
    13.75    55.75    2111     0.546     0.850     1.051     2.790     3.509    12.916     0.816     5.546     6.250     2.484     3.749     0.350
    13.75    55.75    2112     0.605     0.936     1.489     2.391     2.177     5.839    15.565     8.508     8.246     6.502     1.477     0.746
    13.75    55.75    2113     0.365     1.118     1.646     1.040     5.578     0.703     8.459     8.837     5.422     3.861     1.915     0.452
    13.75    55.75    2114     0.435     0.642     1.341     4.747     5.533    14.568    14.660     3.264     1.112     5.515     1.886     0.448
    13.75    55.75    2115     0.384     0.675     1.409     2.739     2.302     9.726     1.554    12.879     6.355     5.387     2.367     0.802
    13.75    55.75    2116     0.354     0.850     0.672     3.289     5.373     0.000     8.862    17.794     5.765     6.378     2.700     0.405
    13.75    55.75    2117     0.512     0.637     1.409     6.355     6.969    12.192     4.178    10.177     7.394     3.743     2.881     0.285
    13.75    55.75    2118     0.591     0.813     2.175     3.719     8.136     0.894     0.556     5.498     8.605     4.673     2.136     0.478
    13.75    55.75    2119     0.433     0.646     1.359     1.001     3.660    13.322     9.303     8.887     4.323     4.928     2.233     0.342
    13.75    55.75    2120     0.398     1.066     1.473     2.257     8.577     9.628    10.818     2.198     6.191     5.263     2.503     0.563
    13.75    55.75    2121     0.377     1.009     1.734     3.965     4.301     4.415    13.191     9.441     4.387     9.423     2.615     0.461
    13.75    55.75    2122     0.463     0.738     0.605     3.678     3.582     0.695     1.432     0.284     7.512     5.557     2.627     0.463
    13.75    55.75    2123     0.458     1.126     2.063     5.240     5.646     1.829     5.384     2.130     6.110     6.126     2.897     0.569
    13.75    55.75    2124     0.558     0.693     1.441     2.577     2.155     9.822    12.107     3.700     6.569     5.824     3.488     0.566
    13.75    55.75    2125     0.671     0.813     1.305     5.296     1.617     0.000     1.447     1.352     6.115     5.938     2.452     0.687
    13.75    55.75    2126     0.543     0.819     1.032     2.992     5.003    16.344     7.216    16.109     9.797     3.502     2.188     0.410
    13.75    55.75    2127     0.620     0.532     2.271     4.200     5.625     3.652     3.697     8.548     5.825     5.622     2.721     0.556
    13.75    55.75    2128     0.633     0.749     1.379     3.744     4.846     3.259     8.448    15.893     8.234     4.936     1.197     0.477
    13.75    55.75    2129     0.577     0.808     0.889     1.392     3.343     3.818     0.439     6.294     1.105     5.042     3.433     0.843
    13.75    55.75    2130     0.595     0.581     0.858     3.558     3.253     5.008     2.874     4.578     6.240     4.640     2.217     0.268
    23.75    61.75    1980     0.161     0.923     2.370     2.796     3.783     7.569     5.614     6.254     5.742     3.365     0.960     0.000
    23.75    61.75    1981     0.220     1.199     2.876     3.139     4.096     3.041     6.923     7.741     4.901     3.391     0.280     0.066
    23.75    61.75    1982     0.130     1.200     3.603     3.701     3.128     5.978     3.435     5.951     7.617     3.428     1.016     0.000
    23.75    61.75    1983     0.061     0.905     2.843     1.941     1.719     3.926     4.704     2.784     3.066     2.187     0.322     0.028
    23.75    61.75    1984     0.301     1.301     2.341     2.227     4.459     3.335    15.001     9.941     6.337     4.150     0.802     0.000
    23.75    61.75    1985     0.858     0.541     1.736     2.996     3.523     6.169    10.828     5.389     7.654     2.570     0.293     0.017
    23.75    61.75    1986     0.072     0.940     1.690     3.578     2.722     5.155     6.636     5.160     4.278     2.932     0.319     0.070
    23.75    61.75    1987     0.049     0.746     1.275     2.551     4.443     8.757     5.346     5.349     5.505     3.427     0.793     0.120
    23.75    61.75    1988     0.160     1.015     3.255     2.476     4.724     5.941     5.273     9.159     6.026     2.244     0.859     0.000
    23.75    61.75    1989     0.186     0.572     2.217     4.032     2.302     5.047     7.323     3.229     5.285     5.595     0.544     0.000
    23.75    61.75    1990     0.160     1.092     1.782     4.346     2.809     4.468     7.030    10.619     7.401     3.305     0.804     0.000
    23.75    61.75    1991     0.177     0.559     2.023     1.881     3.018     2.394     6.043     6.378     5.041     4.236     0.207     0.041
    23.75    61.75    1992     0.139     0.875     2.305     2.398     2.821     6.050    13.914    11.156     3.728     1.539     0.495     0.003
    23.75    61.75    1993     0.250     0.928     2.650     3.883     2.876     1.145    10.331     5.649     6.958     2.483     0.290     0.000
    23.75    61.75    1994     0.303     1.434     1.514     4.705     4.952     7.099     5.050     8.076     6.382     3.725     0.662     0.000
    23.75    61.75    1995     0.155     1.072     2.708     1.940     4.396     5.906    11.288     5.670     3.481     3.812     0.804     0.020
    23.75    61.75    1996     0.011     1.488     2.803     4.683     2.709     1.979     6.990    10.579     3.708     3.409     0.663     0.000
    23.75    61.75    1997     0.051     0.712     1.670     2.393     4.128     0.203     8.962    10.786     4.116     3.239     0.493     0.000
    23.75    61.75    1998     0.553     0.621     2.995     3.333     3.757     5.207     7.516     8.676     5.289     4.077     1.027     0.000
    23.75    61.75    1999     0.171     1.686     1.878     3.849     6.458     4.094     8.120     9.296     4.317     2.681     0.751     0.000
    23.75    61.75    2000     0.121     1.021     2.497     3.045     3.413     1.738    10.097     8.583     4.586     3.396     0.734     0.000
    23.75    61.75    2001     0.064     0.591     2.410     3.168     4.580     2.314     4.828    14.343     4.847     2.416     0.724     0.000
    23.75    61.75    2002     0.091     0.909     1.129     2.978     4.040     7.490     5.227     7.609     6.619     1.587     0.915     0.000
    23.75    61.75    2003     0.076     0.892     1.542     3.166     3.889     3.558     6.207     6.104     7.265     3.020     0.568     0.000
    23.75    61.75    2004     0.264     0.753     2.246     3.258     2.750     5.821    14.935     8.393     4.987     4.697     0.678     0.003
    23.75    61.75    2005     0.242     1.212     2.297     3.472     3.357    13.603     7.425     4.749     7.483     2.341     0.568     0.000
    23.75    61.75    2006     0.319     1.579     1.661     4.992     4.876     2.257     3.649     6.662     6.979     4.303     0.652     0.010
    23.75    61.75    2007     0.315     0.777     2.278     3.771     4.684     9.921     4.558     5.401     6.328     4.152     0.682     0.106
    23.75    61.75    2008     0.110     1.143     2.526     3.133     4.664    11.118     8.635    10.739     7.486     4.192     0.496     0.000
    23.75    61.75    2009     0.297     1.097     1.737     2.418     2.825     3.155    16.003    10.016     6.047     4.631     0.457     0.000
    23.75    61.75    2010     0.148     1.312     2.995     4.273     1.932    10.419     9.559    10.442     4.955     2.484     1.013     0.000
    23.75    61.75    2011     0.538     1.269     2.177     4.003     6.432     7.170     6.075     7.750     6.340     3.965     0.913     0.000
    23.75    61.75    2012     0.115     1.237     1.983     2.142     2.486     3.089     6.436     3.564     4.900     4.321     0.907     0.373
    23.75    61.75    2013     0.503     0.450     1.848     1.568     2.508     6.661     8.620     5.431     7.176     3.416     0.486     0.001
    23.75    61.75    2014     0.308     0.973     3.060     3.861     1.405    13.752     1.700    12.675     7.196     4.500     0.731     0.000
    23.75    61.75    2015     0.079     1.219     2.161     3.222     5.302     4.257     8.480     4.286     3.289     3.828     0.895     0.000
    23.75    61.75    2016     0.158     1.450     3.097     3.896     3.965    10.495     6.779     6.282     7.534     3.602     0.769     0.000
    23.75    61.75    2017     0.221     0.799     1.155     1.823     3.325     2.738     7.660     8.655     5.985     3.098     0.768     0.000
    23.75    61.75    2018     0.113     1.140     3.484     1.270     6.311     7.631     6.893     8.940     4.893     2.876     0.972     0.000
    23.75    61.75    2019     0.155     1.293     1.815     3.821     3.041     9.616     5.988     7.567     7.558     4.563     0.675     0.000
    23.75    61.75    2020     0.125     0.884     2.725     4.336     4.271     5.870    12.188     9.265     5.317     3.154     0.964     0.000
    23.75    61.75    2021     0.066     0.696     2.786     4.303     3.443     7.111     3.704     4.583     6.925     1.333     0.702     0.486
    23.75    61.75    2022     0.120     1.137     2.790     2.347     2.609     3.031     8.825     7.817     5.697     2.566     0.765     0.188
    23.75    61.75    2023     0.155     1.170     2.644     4.023     1.924     7.655     2.461     7.655     5.804     3.093     0.901     0.000
    23.75    61.75    2024     0.161     1.070     2.081     1.839     3.006     4.002     3.888     4.481     5.990     4.869     0.830     0.000
    23.75    61.75    2025     0.074     0.867     1.678     4.116     5.408     5.750     5.048    12.142     3.860     2.842     0.693     0.076
    23.75    61.75    2026     0.187     0.817     2.926     0.465     0.611    11.676     6.083    11.815     6.333     3.613     0.878     0.000
    23.75    61.75    2027     0.091     0.743     2.061     3.407     4.990     6.046    10.419    12.159     4.963     3.591     0.564     0.000
    23.75    61.75    2028     0.141     1.054     2.677     3.125     1.510     4.261     8.079    11.191     2.933     3.488     0.865     0.000
    23.75    61.75    2029     0.326     1.699     2.717     1.026     3.451     4.561     8.874    12.519    10.330     3.200     0.959     0.000
    23.75    61.75    2030     0.273     0.943     2.424     3.255     2.845     3.144     6.289     8.476     3.577     3.026     0.493     0.141
    23.75    61.75    2031     0.092     0.946     2.334     4.077     4.139     7.603    11.333     9.233     5.014     3.688     0.961     0.000
    23.75    61.75    2032     0.102     1.496     2.392     3.523     2.909    11.681     9.554     3.174     6.545     1.896     2.075     0.185
    23.75    61.75    2033     0.258     1.047     3.245     3.784     1.049     5.116     9.289    10.199     3.966     3.921     0.837     0.039
    23.75    61.75    2034     0.202     1.263     2.504     2.659     8.191     4.967     9.727    11.074     7.167     4.208     0.724     0.000
    23.75    61.75    2035     0.277     1.120     1.243     3.031     3.935     5.063    11.486     2.230     5.988     4.512     0.944     0.004
    23.75    61.75    2036     0.260     1.203     1.937     1.374     5.909     8.615    11.137     6.137     5.162     3.213     0.510     0.000
    23.75    61.75    2037     0.828     1.903     2.668     2.088     6.703     5.992    13.891     7.014     5.715     4.321     0.425     0.000
    23.75    61.75    2038     0.219     1.622     3.414     2.307     5.563     3.659     6.156     7.432     5.286     3.918     0.920     0.000
    23.75    61.75    2039     0.319     2.263     2.856     2.397     6.352     3.708    14.951    10.516     9.811     5.921     1.027     0.246
    23.75    61.75    2040     0.858     1.232     1.681     5.069     3.777     8.824    12.533     6.969     1.430     3.793     1.076     0.000
    23.75    61.75    2041     0.221     1.419     3.160     3.479     1.834     5.620    13.147     7.450     3.222     4.615     0.512     0.077
    23.75    61.75    2042     0.242     0.624     2.665     1.889     4.460     4.387     7.821    11.748     5.225     3.887     0.927     0.011
    23.75    61.75    2043     0.384     2.089     2.014     2.517     6.411     4.093     3.543    11.081     1.996     5.306     0.785     0.035
    23.75    61.75    2044     0.156     1.566     2.472     2.222     2.210     2.017     3.525    11.998     8.832     5.579     0.728     0.000
    23.75    61.75    2045     0.420     1.230     2.190     2.931     5.471     7.318    12.374     8.654     9.621     3.182     0.514     0.000
    23.75    61.75    2046     0.138     1.090     2.973     4.032     5.627     4.666    13.842    10.147     6.800     3.358     0.851     0.033
    23.75    61.75    2047     0.151     1.006     2.283     1.405     5.129     9.696     8.430     3.093     4.111     2.876     0.824     0.040
    23.75    61.75    2048     0.215     1.743     2.890     4.041     2.160     4.139    17.196     7.001     4.086     3.646     0.342     0.011
    23.75    61.75    2049     0.138     1.042     2.018     3.111     3.300     6.841    12.637    12.847     6.659     4.534     1.142     0.004
    23.75    61.75    2050     0.243     1.002     2.613     2.951     6.402     4.071     6.199    14.079     6.129     4.731     0.514     0.000
    23.75    61.75    2051     0.100     0.969     2.975     2.307     2.956     6.561    13.303    11.372     4.303     6.368     0.630     0.724
    23.75    61.75    2052     0.091     1.103     2.425     3.235     9.818     5.188     7.558    11.191     4.629     3.549     0.601     0.000
    23.75    61.75    2053     0.215     1.569     3.035     2.745     4.424     9.978     9.448     7.127     4.542     5.497     1.081     0.004
    23.75    61.75    2054     0.241     1.033     3.527     3.315     3.734     8.479     8.222     7.293     6.218     4.154     1.056     0.140
    23.75    61.75    2055     0.143     0.647     1.955     2.664     5.640     3.626    11.602    10.761     6.087     3.650     0.603     0.063
    23.75    61.75    2056     1.009     1.118     3.065     3.093     4.982     2.792     1.239     8.500     5.717     2.498     0.427     0.000
    23.75    61.75    2057     1.664     1.013     3.839     1.937     2.854     4.279    15.541    11.524     5.194     4.589     0.733     0.000
    23.75    61.75    2058     0.131     0.945     2.733     5.121     1.893     6.771     3.454     8.530     8.422     2.848     0.736     0.010
    23.75    61.75    2059     0.215     1.514     2.187     3.470     3.709     8.043     7.020     9.371     9.174     5.126     0.893     0.000
    23.75    61.75    2060     0.125     0.997     2.944     4.062     6.896     5.216     8.293    13.656     3.987     6.554     0.978     0.000
    23.75    61.75    2061     0.079     1.482     3.353     3.095     7.873     8.684    11.004     5.497     6.240     3.881     1.063     0.047
    23.75    61.75    2062     0.970     1.506     1.819     2.273     3.914     6.914     0.816     5.634     4.605     6.118     0.550     0.000
    23.75    61.75    2063     0.193     0.933     2.726     1.594     3.494     8.770     5.545    10.396     5.999     2.880     0.541     0.000
    23.75    61.75    2064     0.260     1.162     2.370     4.962     5.643     4.576     3.593     8.498     5.107     4.102     1.650     0.000
    23.75    61.75    2065     0.237     2.061     2.880     1.762     3.319     4.222     5.897    14.056     4.955     3.025     0.765     0.007
    23.75    61.75    2066     0.112     1.159     3.173     2.027     6.330     6.221    12.672    11.371     3.623     4.533     0.713     0.001
    23.75    61.75    2067     0.308     1.338     2.865     5.108     5.248     3.488    11.065    10.059     5.583     5.273     0.690     0.107
    23.75    61.75    2068     0.214     1.788     2.459     5.031     6.858     4.478     4.866     9.212     5.235     3.887     0.759     0.007
    23.75    61.75    2069     0.115     1.497     2.627     1.891     5.960     8.254     6.462     8.225     5.461     4.635     1.013     0.000
    23.75    61.75    2070     0.258     1.423     2.455     2.841     3.141     6.969     3.586    11.795     4.060     5.315     1.332     0.000
    23.75    61.75    2071     0.054     1.583     2.299     2.693     1.502     6.691    17.997     7.432     8.161     4.324     1.068     0.330
    23.75    61.75    2072     0.212     1.069     1.968     0.179     5.136     4.208    16.707    12.850     5.616     4.875     0.766     0.000
    23.75    61.75    2073     0.239     2.139     3.113     0.204     3.929     2.683    10.236     7.908     7.372     3.690     1.075     0.000
    23.75    61.75    2074     0.196     1.397     2.928     4.016     3.244     5.926    12.348     8.196     6.925     5.012     0.867     0.001
    23.75    61.75    2075     0.230     1.307     4.083     1.646     1.779    14.387    14.324    18.693     7.023     3.752     0.699     0.000
    23.75    61.75    2076     0.482     0.514     2.428     1.255     5.297     6.824    11.636     7.595     2.292     5.648     0.876     0.390
    23.75    61.75    2077     0.182     1.217     2.662     2.733     4.101     8.449    15.016    12.638     7.205     4.741     0.809     0.000
    23.75    61.75    2078     0.442     1.554     2.696     1.639     2.999    12.982     9.397    13.697     5.970     4.986     1.376     0.000
    23.75    61.75    2079     0.095     1.127     3.104     2.358     2.888     5.092    11.955     8.479     5.533     4.748     1.188     0.018
    23.75    61.75    2080     0.079     1.254     1.107     4.008     6.184     8.248     4.167     9.798     6.471     2.591     0.874     0.000
    23.75    61.75    2081     0.147     0.896     2.339     1.079     4.529     4.251    11.434     6.273     4.892     4.490     0.775     0.000
    23.75    61.75    2082     0.185     1.030     2.678     1.727     6.561     0.619    13.714    10.048     8.875     3.500     1.081     0.006
    23.75    61.75    2083     0.252     1.119     3.013     2.350     2.634     6.324    14.572     8.254     7.434     2.980     0.832     0.031
    23.75    61.75    2084     0.183     1.063     5.294     5.285     6.377     7.326     1.713    10.505     3.150     4.971     1.053     0.010
    23.75    61.75    2085     0.064     0.573     2.116     5.775     3.580     2.398     2.504    12.089     1.968     4.072     0.932     0.576
    23.75    61.75    2086     0.174     1.770     1.804     2.648     0.894     6.904     2.033     4.453     4.616     5.078     0.996     0.490
    23.75    61.75    2087     0.325     1.388     2.125     3.537     6.254     9.704    15.536    12.189     8.059     4.089     0.761     0.000
    23.75    61.75    2088     0.125     0.724     2.927     1.678     1.997     4.498     6.517     8.940     9.973     4.301     0.961     0.072
    23.75    61.75    2089     1.065     0.741     1.829     1.301     0.493     2.587     5.018    11.662     8.068     4.645     0.939     0.000
    23.75    61.75    2090     0.349     1.344     2.224     3.001     5.732     6.390     9.134    10.602    11.158     4.633     1.061     0.000
    23.75    61.75    2091     0.114     1.186     2.350     1.179     4.294     7.928     6.365     8.961     2.708     4.637     0.397     0.020
    23.75    61.75    2092     0.115     0.927     1.898     0.740     1.930     3.596     4.684     2.050     3.779     4.343     1.408     0.002
    23.75    61.75    2093     0.297     1.205     2.058     3.655     4.087     8.794     1.466    14.138     6.144     3.866     1.033     0.011
    23.75    61.75    2094     0.323     0.829     2.703     2.860     4.560    10.370    10.882    12.638     7.921     3.797     0.702     0.032
    23.75    61.75    2095     0.269     1.305     2.904     4.445     3.651     7.188     2.586    11.175     5.829     4.606     0.656     0.015
    23.75    61.75    2096     0.226     1.458     2.418     2.911     4.773     8.146     5.080     9.685     5.759     4.820     0.640     0.000
    23.75    61.75    2097     0.492     1.646     1.907     1.068     4.628     6.459    13.904     7.399     5.045     2.864     1.170     0.002
    23.75    61.75    2098     0.494     1.103     2.957     0.706     3.984     4.286    12.414    13.656     6.355     4.211     0.836     0.000
    23.75    61.75    2099     0.185     0.750     1.965     3.792     4.743     4.792     7.847     3.243     5.294     3.747     0.806     0.010
    23.75    61.75    2100     0.344     1.206     2.569     2.257     7.000     8.623     9.321     5.479     6.948     4.834     0.656     0.000
    23.75    61.75    2101     0.142     0.952     2.687     2.588     1.443     7.613    17.599     7.104     7.849     3.873     0.729     0.160
    23.75    61.75    2102     0.119     1.079     2.981     0.144     4.976     4.092    17.002     9.553     5.062     5.086     0.639     0.000
    23.75    61.75    2103     0.410     1.775     2.916     0.204     3.893     2.659    10.156     8.284     5.227     4.267     1.074     0.000
    23.75    61.75    2104     0.221     1.245     2.638     3.936     3.198     5.765    11.793     7.830     6.952     4.773     1.116     0.000
    23.75    61.75    2105     0.322     1.219     4.088     1.640     1.759    12.776    12.822    14.813     4.907     3.929     0.638     0.000
    23.75    61.75    2106     0.473     0.828     3.425     1.255     5.431     6.840    10.023     7.679     2.285     5.309     0.663     0.101
    23.75    61.75    2107     0.288     0.910     2.648     2.725     4.085     8.420    10.726     9.430     5.778     5.073     0.908     0.000
    23.75    61.75    2108     0.312     1.209     4.666     1.610     3.129    11.095     8.672    13.543     5.224     6.164     0.853     0.000
    23.75    61.75    2109     0.076     1.327     2.879     2.376     2.927     5.149    12.042    10.280     6.213     4.244     1.295     0.024
    23.75    61.75    2110     0.110     1.485     1.131     3.759    10.367     8.383     4.234    12.409     4.766     2.827     1.176     0.003
    23.75    61.75    2111     0.180     1.444     2.788     1.100     4.585     4.321    10.483     6.370     4.976     4.445     0.792     0.000
    23.75    61.75    2112     0.381     1.358     2.063     1.798     6.640     0.624    12.750    13.458     6.154     3.616     0.731     0.009
    23.75    61.75    2113     0.277     1.037     1.896     2.405     2.680     6.434    11.740     8.404     7.613     3.447     0.998     0.036
    23.75    61.75    2114     0.182     1.018     3.221     4.913     6.924     7.471     1.687    14.002     3.251     4.381     1.279     0.019
    23.75    61.75    2115     0.103     0.699     2.383     5.593     3.547     2.394     2.503    12.675     1.965     4.284     1.485     0.880
    23.75    61.75    2116     0.173     1.342     1.991     2.691     0.904     6.683     2.073     4.521     4.876     7.119     0.795     0.416
    23.75    61.75    2117     0.306     1.541     2.086     4.142     6.277     9.754    16.717    11.586     7.895     5.351     0.891     0.000
    23.75    61.75    2118     0.175     1.008     2.745     1.657     1.963     6.460     7.822     8.123     9.467     4.714     0.820     0.053
    23.75    61.75    2119     1.032     0.940     2.545     1.297     0.488     2.588     5.007    11.317     6.865     3.588     1.029     0.000
    23.75    61.75    2120     0.281     1.401     2.698     2.842     5.836     6.531     9.323    10.218    10.011     4.081     0.611     0.000
    23.75    61.75    2121     0.137     0.713     2.233     1.190     4.308     6.840     6.406     9.882     2.734     5.501     0.512     0.022
    23.75    61.75    2122     0.152     1.492     2.443     0.776     1.967     3.599     4.702     2.063     3.796     4.581     2.083     0.004
    23.75    61.75    2123     0.227     1.464     2.327     3.802     4.237     6.133     1.514    14.676     7.072     5.158     0.635     0.003
    23.75    61.75    2124     0.259     1.275     3.098     2.965     4.769     8.219     8.406    12.022     8.080     1.999     0.858     0.013
    23.75    61.75    2125     0.230     0.878     2.274     4.491     3.672     6.513     2.574    11.170     9.646     4.678     0.916     0.049
    23.75    61.75    2126     0.240     1.708     2.451     2.925     5.708     8.623     5.110     8.382     5.572     4.763     1.063     0.000
    23.75    61.75    2127     0.369     1.269     2.522     1.084     4.731     6.394    16.728    10.200     4.668     2.698     0.963     0.000
    23.75    61.75    2128     0.326     1.151     3.350     0.728     4.108     4.421    12.078    12.584     6.566     2.694     1.052     0.000
    23.75    61.75    2129     0.202     0.907     2.027     3.194     4.845     4.785     7.832     4.594     5.371     3.663     0.704     0.012
    23.75    61.75    2130     0.092     1.153     2.112     2.280     7.237     6.896     9.419     5.531     6.479     3.234     0.649     0.000
    21.75    39.75    1980     1.685     2.049     1.240     1.983     1.246     1.149     2.120     0.330     0.228     0.992     2.135     0.787
    21.75    39.75    1981     0.570     0.922     0.559     0.799     1.085     0.179     0.153     0.000     0.456     2.253     0.424     1.413
    21.75    39.75    1982     0.351     0.211     0.530     1.255     0.098     0.077     0.251     0.432     0.281     1.580     0.523     0.990
    21.75    39.75    1983     0.551     0.467     3.025     0.959     0.575     0.907     0.477     0.428     0.842     0.791     1.479     1.598
    21.75    39.75    1984     0.449     0.444     1.081     0.735     4.013     0.542     0.053     0.123     1.329     0.908     2.883     4.037
    21.75    39.75    1985     1.685     2.132     1.156     0.521     0.141     0.639     0.968     0.044     0.388     0.369     2.583     2.652
    21.75    39.75    1986     1.823     1.960     2.575     2.540     0.660     1.836     1.195     0.915     2.131     1.200     0.718     1.096
    21.75    39.75    1987     2.885     2.324     3.214     3.339     4.509     1.890     1.118     1.136     1.586     3.184     3.075     1.925
    21.75    39.75    1988     1.205     0.626     3.405     2.309     1.972     3.919     1.734     0.159     0.817     6.480     2.659     3.459
    21.75    39.75    1989     2.597     2.343     5.155     1.159     2.864     1.431     1.158     0.133     1.086     0.264     6.384     1.813
    21.75    39.75    1990     0.507     1.318     1.722     1.032     2.623     0.208     0.402     0.396     0.296     2.948     1.516     0.931
    21.75    39.75    1991     0.414     1.111     0.609     1.553     2.324     1.227     0.889     0.063     0.241     0.339     4.487     0.774
    21.75    39.75    1992     0.366     1.148     1.562     1.211     0.163     0.100     0.367     0.445     3.252     2.564     1.569     1.454
    21.75    39.75    1993     1.058     0.786     1.020     1.643     0.797     1.142     0.096     0.522     0.285     1.012     4.649     2.584
    21.75    39.75    1994     0.892     0.676     1.097     2.338     0.757     0.525     0.137     0.289     1.242     1.890     0.532     1.538
    21.75    39.75    1995     1.869     1.138     1.834     1.448     1.362     2.041     1.012     0.536     0.412     2.417     4.022     1.956
    21.75    39.75    1996     0.586     1.646     1.730     5.379     0.791     0.930     0.412     2.523     0.217     0.648     1.319     1.343
    21.75    39.75    1997     2.240     1.721     1.482     1.275     0.968     1.562     0.961     1.637     1.950     0.642     1.476     1.726
    21.75    39.75    1998     0.840     1.837     0.995     0.827     0.400     1.408     2.030     1.786     0.488     2.599     0.907     2.133
    21.75    39.75    1999     0.946     1.174     0.749     0.389     0.779     1.033     0.156     0.137     1.149     2.096     1.631     1.820
    21.75    39.75    2000     0.822     0.261     1.732     1.124     0.337     0.941     0.107     0.314     2.577     0.358     0.711     1.774
    21.75    39.75    2001     1.106     1.843     3.771     0.333     0.764     0.747     0.595     0.233     0.081     2.202     2.130     1.637
    21.75    39.75    2002     1.272     0.179     0.539     0.358     0.411     0.591     0.151     0.194     0.000     2.226     1.131     0.914
    21.75    39.75    2003     0.656     1.578     1.894     0.572     1.411     0.653     0.276     0.927     0.206     0.993     1.378     0.809
    21.75    39.75    2004     1.241     2.083     2.412     0.669     0.411     0.049     0.124     0.175     0.838     0.045     1.520     1.515
    21.75    39.75    2005     0.929     0.666     0.676     0.083     4.217     0.606     0.309     0.041     2.394     1.017     0.572     1.511
    21.75    39.75    2006     1.472     0.602     1.051     2.716     0.537     1.428     1.048     2.539     0.957     1.159     3.151     0.927
    21.75    39.75    2007     0.763     0.440     1.537     0.984     2.122     0.139     1.282     0.052     0.238     1.600     2.785     1.727
    21.75    39.75    2008     1.025     2.306     2.931     3.028     1.415     0.345     0.840     0.156     0.287     0.041     0.775     2.074
    21.75    39.75    2009     1.073     0.977     3.361     0.851     2.196     0.168     0.035     0.108     0.080     1.699     1.484     2.214
    21.75    39.75    2010     1.106     0.212     0.268     0.236     1.361     0.000     0.666     0.000     0.269     0.000     0.950     2.683
    21.75    39.75    2011     0.293     1.067     0.735     0.159     0.576     0.114     0.146     0.119     0.496     0.086     0.951     0.658
    21.75    39.75    2012     1.381     0.634     0.655     0.554     0.699     0.085     0.128     0.164     0.020     0.238     3.320     2.434
    21.75    39.75    2013     0.647     0.868     0.470     0.642     0.918     0.304     0.352     0.142     1.112     1.013     1.199     1.852
    21.75    39.75    2014     0.451     0.797     0.159     0.991     0.924     0.184     0.296     0.913     2.670     0.923     1.908     3.844
    21.75    39.75    2015     1.449     0.859     0.105     1.401     0.650     0.085     0.614     2.794     0.812     0.909     3.333     1.573
    21.75    39.75    2016     0.849     0.303     0.796     3.332     1.728     0.400     1.879     0.000     0.000     1.427     3.000     1.798
    21.75    39.75    2017     1.203     1.518     0.586     2.678     0.165     0.967     0.390     0.680     2.814     0.411     0.304     1.991
    21.75    39.75    2018     0.865     0.421     1.159     0.281     0.069     1.105     0.089     0.104     3.167     0.732     0.136     2.169
    21.75    39.75    2019     1.244     0.867     1.301     0.601     0.149     0.392     0.339     0.055     0.179     0.318     2.352     2.012
    21.75    39.75    2020     0.806     0.823     1.466     0.000     0.659     0.424     0.303     0.137     0.983     0.526     2.422     1.254
    21.75    39.75    2021     0.720     1.295     0.544     0.225     1.146     0.598     0.830     0.389     1.252     0.690     1.680     1.634
    21.75    39.75    2022     2.036     1.042     2.788     2.579     1.003     0.131     0.265     0.318     0.703     2.457     0.908     0.572
    21.75    39.75    2023     2.014     1.454     2.144     4.305     1.695     1.451     0.884     0.166     1.211     2.211     2.833     1.681
    21.75    39.75    2024     0.924     2.009     3.150     5.468     2.570     1.369     0.476     0.705     3.767     2.084     1.164     3.893
    21.75    39.75    2025     1.916     3.021     3.172     5.109     0.135     0.000     0.073     0.830     0.343     1.063     3.809     3.551
    21.75    39.75    2026     1.503     0.348     2.750     2.596     4.181     1.173     0.559     0.000     1.011     0.372     3.650     1.054
    21.75    39.75    2027     2.463     1.632     3.115     0.663     0.320     1.057     0.140     0.138     2.263     3.497     3.088     4.689
    21.75    39.75    2028     0.878     1.716     2.544     2.752     3.363     1.478     1.076     0.069     0.878     0.891     1.456     1.166
    21.75    39.75    2029     0.177     3.530     1.093     1.434     0.190     1.083     0.158     0.162     1.120     3.133     4.158     2.606
    21.75    39.75    2030     0.948     0.373     1.403     2.528     0.994     0.264     0.516     0.036     0.711     0.560     0.171     1.060
    21.75    39.75    2031     0.745     0.054     0.671     0.000     0.964     0.107     0.000     0.126     0.209     2.713     0.000     2.652
    21.75    39.75    2032     0.698     0.470     2.667     1.648     0.173     0.047     0.033     2.828     0.028     0.170     0.896     1.045
    21.75    39.75    2033     1.611     2.723     3.475     2.063     2.047     0.661     1.307     0.893     0.128     0.419     0.634     0.686
    21.75    39.75    2034     1.252     1.882     3.999     2.086     2.121     0.488     0.337     0.163     0.000     0.742     1.837     4.115
    21.75    39.75    2035     0.597     0.551     1.419     0.456     0.970     0.056     0.255     0.101     1.627     0.651     0.618     1.853
    21.75    39.75    2036     1.578     0.509     0.863     0.456     0.198     0.138     0.455     1.562     0.747     0.183     0.257     1.229
    21.75    39.75    2037     0.411     0.000     0.244     1.047     0.269     0.045     0.041     0.482     0.056     0.905     0.550     0.985
    21.75    39.75    2038     0.040     0.136     0.144     0.089     0.020     0.039     0.247     0.019     0.190     0.217     0.126     0.716
    21.75    39.75    2039     0.068     0.414     1.275     0.462     0.024     0.211     0.036     0.000     0.000     0.310     0.870     2.259
    21.75    39.75    2040     1.811     0.634     0.957     0.850     0.377     0.087     0.146     0.023     0.238     1.485     0.611     2.872
    21.75    39.75    2041     0.292     0.281     3.249     1.037     1.059     1.404     0.195     0.000     0.182     0.000     0.905     3.119
    21.75    39.75    2042     1.494     0.450     1.995     1.810     0.091     0.545     0.337     0.000     0.297     0.333     1.390     3.402
    21.75    39.75    2043     0.369     0.185     0.686     0.406     1.203     0.096     1.862     0.103     0.455     2.762     1.410     3.497
    21.75    39.75    2044     0.390     2.481     3.185     0.822     0.614     1.043     1.241     0.443     0.023     0.385     2.491     2.385
    21.75    39.75    2045     0.580     1.004     1.331     0.254     0.487     0.113     0.233     0.241     0.344     0.705     2.701     3.237
    21.75    39.75    2046     0.287     0.900     0.493     0.406     0.064     0.034     0.058     0.054     0.918     1.784     0.490     0.939
    21.75    39.75    2047     2.105     0.117     1.427     0.792     0.685     0.991     0.269     0.000     0.677     2.647     1.000     3.462
    21.75    39.75    2048     0.138     0.348     1.462     0.108     0.838     1.036     0.079     0.082     0.000     0.671     0.881     1.602
    21.75    39.75    2049     0.222     0.683     0.000     2.216     0.029     0.021     0.340     0.272     0.113     0.446     3.052     0.230
    21.75    39.75    2050     0.301     0.262     0.257     0.550     0.296     0.000     0.361     0.047     0.000     0.330     1.144     0.650
    21.75    39.75    2051     0.480     0.224     0.356     0.970     0.121     0.339     0.014     0.047     0.034     0.308     1.321     1.419
    21.75    39.75    2052     0.357     0.396     0.546     0.075     0.294     0.120     0.151     0.074     1.120     0.598     4.322     0.932
    21.75    39.75    2053     0.091     0.118     0.910     0.235     0.313     0.040     0.636     0.262     0.538     0.070     0.198     0.595
    21.75    39.75    2054     0.177     0.175     0.607     0.449     0.045     0.522     0.190     0.313     0.295     0.830     0.675     0.470
    21.75    39.75    2055     0.864     0.681     0.102     0.204     0.047     0.041     0.378     0.124     0.000     1.323     0.367     0.730
    21.75    39.75    2056     0.187     0.394     1.176     0.148     0.331     0.174     0.242     0.088     0.366     0.142     0.422     1.249
    21.75    39.75    2057     0.366     0.525     0.069     1.068     1.405     0.108     0.324     0.136     1.796     0.199     0.011     1.660
    21.75    39.75    2058     1.168     0.397     1.889     1.357     0.506     0.261     0.909     0.219     0.073     0.835     0.211     1.040
    21.75    39.75    2059     0.312     1.221     0.920     0.994     0.575     0.096     0.079     0.000     0.329     0.011     2.475     2.344
    21.75    39.75    2060     0.433     0.379     0.919     0.395     0.373     0.079     0.240     0.138     0.766     0.485     0.794     1.889
    21.75    39.75    2061     0.186     0.045     0.080     0.118     0.050     0.183     0.049     0.157     0.090     3.313     2.585     3.275
    21.75    39.75    2062     0.074     0.163     0.087     0.509     0.185     0.242     0.040     0.175     0.497     0.165     1.259     0.717
    21.75    39.75    2063     0.760     0.053     1.404     0.409     0.743     0.198     0.113     0.044     2.167     0.939     3.116     0.686
    21.75    39.75    2064     0.215     0.657     1.126     1.195     0.468     0.510     0.727     1.337     2.694     2.060     2.169     2.188
    21.75    39.75    2065     0.625     0.086     0.244     0.497     0.900     1.093     1.470     0.048     1.652     0.970     1.005     2.732
    21.75    39.75    2066     1.550     0.543     0.584     1.503     0.050     0.042     0.413     0.195     0.525     2.490     1.292     0.988
    21.75    39.75    2067     0.339     1.478     1.803     1.498     0.053     0.120     0.028     0.068     0.511     0.339     2.425     1.302
    21.75    39.75    2068     0.288     0.549     0.347     0.060     0.260     0.028     0.368     0.196     0.134     0.306     0.662     2.549
    21.75    39.75    2069     0.576     0.359     0.583     1.863     0.046     0.206     0.469     0.132     0.129     0.231     0.502     1.086
    21.75    39.75    2070     1.190     0.555     1.983     0.085     0.000     0.403     0.086     0.248     0.057     1.947     0.187     0.681
    21.75    39.75    2071     0.080     0.365     0.718     1.202     0.032     0.148     0.036     0.726     0.026     0.167     0.476     1.108
    21.75    39.75    2072     0.356     0.471     1.462     3.109     0.540     0.120     0.029     0.048     0.371     0.717     3.556     1.885
    21.75    39.75    2073     0.318     0.996     3.127     2.818     0.772     0.158     0.028     0.000     0.035     0.014     2.112     3.472
    21.75    39.75    2074     0.508     0.519     1.834     0.327     0.200     0.053     0.062     0.049     0.007     0.025     3.217     1.701
    21.75    39.75    2075     0.413     0.379     0.807     0.547     0.359     0.265     0.207     0.014     0.072     0.271     1.061     1.737
    21.75    39.75    2076     0.354     0.400     1.532     1.598     0.281     0.148     0.113     0.381     0.095     2.519     0.607     0.600
    21.75    39.75    2077     0.172     0.914     0.798     0.798     0.000     0.197     0.202     0.113     0.164     0.024     1.536     2.454
    21.75    39.75    2078     0.606     0.152     0.010     0.095     1.057     0.040     0.272     0.076     0.000     0.075     0.567     0.790
    21.75    39.75    2079     0.120     0.726     0.311     0.286     0.000     0.049     0.154     0.053     0.099     0.225     0.460     1.109
    21.75    39.75    2080     0.700     0.207     0.693     0.120     0.027     0.003     0.013     0.708     0.000     0.871     0.789     1.199
    21.75    39.75    2081     0.663     0.160     0.337     0.774     0.400     0.270     0.159     0.110     0.024     0.320     0.782     0.844
    21.75    39.75    2082     0.840     0.437     0.124     0.410     1.322     0.038     0.168     0.031     0.111     0.344     0.201     1.794
    21.75    39.75    2083     0.118     0.473     0.454     0.207     0.042     0.030     0.006     0.462     0.002     0.075     1.531     1.201
    21.75    39.75    2084     0.487     0.985     0.492     1.129     0.228     0.000     0.100     0.000     0.358     0.888     1.478     1.334
    21.75    39.75    2085     1.753     0.026     0.694     0.000     0.298     0.804     0.903     0.092     2.178     0.399     0.820     1.896
    21.75    39.75    2086     0.870     1.585     1.808     0.585     0.000     0.532     0.031     0.000     0.361     0.034     0.656     1.335
    21.75    39.75    2087     0.192     1.031     2.532     0.284     0.533     0.264     0.029     0.506     0.172     0.444     4.813     1.494
    21.75    39.75    2088     0.491     0.593     0.449     0.856     0.024     0.184     0.010     0.025     0.752     0.925     2.526     0.313
    21.75    39.75    2089     0.159     1.047     2.730     0.688     0.500     0.060     0.017     0.109     1.658     0.494     2.610     1.016
    21.75    39.75    2090     0.070     0.481     1.992     3.006     0.083     0.019     0.274     1.463     0.627     0.000     2.743     0.748
    21.75    39.75    2091     0.382     0.757     1.867     0.835     0.136     0.782     0.255     0.000     0.019     0.677     2.129     1.358
    21.75    39.75    2092     0.251     0.159     0.994     0.376     1.614     0.520     0.528     0.054     0.050     2.150     2.649     2.748
    21.75    39.75    2093     0.165     0.762     2.838     0.363     1.355     0.482     0.600     0.276     0.030     0.436     2.042     1.616
    21.75    39.75    2094     0.523     1.896     1.035     1.237     0.069     0.000     0.013     0.013     0.173     1.682     0.081     1.953
    21.75    39.75    2095     0.245     0.756     1.221     1.981     2.884     1.031     0.088     0.364     0.133     2.024     0.402     0.865
    21.75    39.75    2096     2.026     2.483     1.811     0.056     0.000     0.000     0.206     0.270     1.345     0.000     1.482     1.697
    21.75    39.75    2097     0.113     0.313     0.120     0.136     0.012     0.000     0.008     0.026     0.126     0.578     1.341     1.583
    21.75    39.75    2098     0.256     0.622     0.536     0.621     0.078     0.007     0.005     0.000     0.004     0.220     1.240     0.677
    21.75    39.75    2099     1.033     0.667     2.102     0.550     0.024     0.043     0.729     0.018     0.000     0.603     0.704     3.785
    21.75    39.75    2100     0.566     1.643     0.465     0.037     0.055     0.001     0.046     0.002     0.001     0.063     2.102     4.612
    21.75    39.75    2101     0.051     0.267     0.502     0.911     0.004     0.069     0.006     0.065     0.050     0.151     0.399     0.844
    21.75    39.75    2102     1.218     0.967     2.867     6.424     1.375     0.325     0.012     0.015     0.426     1.529     6.597     4.230
    21.75    39.75    2103     0.479     1.021     3.397     3.064     1.019     0.319     0.035     0.000     0.304     0.003     2.309     3.722
    21.75    39.75    2104     0.480     0.480     1.809     0.344     0.157     0.209     0.253     0.075     0.044     0.016     3.377     1.821
    21.75    39.75    2105     0.523     0.385     0.928     0.695     0.502     0.273     0.083     0.014     0.093     0.463     1.282     2.124
    21.75    39.75    2106     0.564     0.470     1.788     1.866     0.216     0.098     0.127     0.434     0.043     3.434     0.814     0.930
    21.75    39.75    2107     0.248     1.366     0.969     0.898     0.000     0.136     0.405     0.059     0.103     0.008     2.165     3.119
    21.75    39.75    2108     0.727     0.184     0.025     0.291     1.262     0.057     0.200     0.182     0.000     0.285     0.660     0.863
    21.75    39.75    2109     0.216     0.825     0.365     0.340     0.000     0.125     0.246     0.106     0.138     0.242     0.551     1.289
    21.75    39.75    2110     0.076     0.204     0.810     0.080     0.064     0.027     0.066     0.962     0.000     1.118     0.782     1.184
    21.75    39.75    2111     0.210     0.259     0.469     1.164     0.757     0.626     0.104     0.451     0.067     0.504     0.665     0.831
    21.75    39.75    2112     0.438     0.317     0.205     0.621     1.289     0.151     0.088     0.192     0.077     0.367     0.306     1.734
    21.75    39.75    2113     0.112     0.489     0.459     0.195     0.033     0.008     0.003     0.271     0.001     0.105     1.820     1.316
    21.75    39.75    2114     1.160     1.411     0.616     1.284     0.068     0.000     0.558     0.000     0.800     1.036     1.861     1.676
    21.75    39.75    2115     0.349     0.008     0.559     0.000     0.445     0.829     0.195     0.127     1.836     0.240     0.967     1.979
    21.75    39.75    2116     0.535     1.351     1.900     0.634     0.000     0.589     0.059     0.000     0.649     0.017     0.609     1.244
    21.75    39.75    2117     0.236     1.273     2.984     0.409     0.822     0.305     0.039     0.482     0.223     0.542     4.833     1.494
    21.75    39.75    2118     0.315     0.610     0.509     1.164     0.032     0.243     0.013     0.034     0.518     1.138     2.552     0.318
    21.75    39.75    2119     0.248     1.137     3.187     1.066     0.692     0.122     0.023     0.075     2.101     0.493     2.652     1.027
    21.75    39.75    2120     0.045     0.429     2.143     3.265     0.096     0.023     0.275     0.861     0.646     0.000     2.684     0.747
    21.75    39.75    2121     1.012     0.874     2.135     0.832     0.122     0.646     0.318     0.000     0.011     0.756     2.801     1.480
    21.75    39.75    2122     0.113     0.150     1.000     0.406     1.413     0.705     0.363     0.082     0.056     2.304     2.595     2.667
    21.75    39.75    2123     0.171     0.556     2.899     0.462     1.084     0.520     0.350     0.378     0.064     0.291     1.774     1.379
    21.75    39.75    2124     0.481     2.065     1.228     1.525     0.119     0.000     0.020     0.021     0.194     1.583     0.082     2.022
    21.75    39.75    2125     0.160     0.604     1.357     2.212     3.117     1.817     0.074     0.705     0.148     2.068     0.388     0.831
    21.75    39.75    2126     1.487     2.206     1.843     0.053     0.000     0.000     0.633     0.425     0.360     0.000     1.259     1.510
    21.75    39.75    2127     0.074     0.369     0.178     0.222     0.020     0.000     0.011     0.021     0.098     0.622     1.339     1.571
    21.75    39.75    2128     0.223     0.549     0.521     0.603     0.089     0.026     0.001     0.000     0.001     0.203     1.216     0.656
    21.75    39.75    2129     0.813     1.078     2.443     0.721     0.024     0.376     0.662     0.168     0.000     0.884     0.520     4.396
    21.75    39.75    2130     0.484     1.705     0.449     0.118     0.018     0.001     0.018     0.002     0.001     0.049     2.040     4.773
