      Lon      Lat    Year      CH LAI_Sum LAI_Win      z0  z0_Win
     9.75    49.75    1980    8.14    3.94    1.48    0.46    0.83
     9.75    49.75    1981    8.10    3.91    1.45    0.46    0.83
     9.75    49.75    1982    8.16    3.92    1.48    0.46    0.83
     9.75    49.75    1983    8.31    4.03    1.50    0.47    0.85
     9.75    49.75    1984    8.27    4.00    1.53    0.47    0.83
     9.75    49.75    1985    8.29    4.01    1.53    0.47    0.84
     9.75    49.75    1986    8.14    3.88    1.45    0.47    0.83
     9.75    49.75    1987    8.34    4.00    1.49    0.47    0.85
     9.75    49.75    1988    8.05    3.81    1.41    0.47    0.82
     9.75    49.75    1989    8.34    3.97    1.46    0.48    0.85
     9.75    49.75    1990    8.38    3.98    1.47    0.48    0.86
     9.75    49.75    1991    8.53    4.10    1.49    0.48    0.87
     9.75    49.75    1992    8.54    4.11    1.51    0.48    0.87
     9.75    49.75    1993    8.68    4.15    1.51    0.49    0.89
     9.75    49.75    1994    8.63    4.09    1.47    0.49    0.88
     9.75    49.75    1995    8.90    4.22    1.54    0.50    0.91
     9.75    49.75    1996    8.80    4.13    1.51    0.50    0.90
     9.75    49.75    1997    9.06    4.29    1.56    0.50    0.93
     9.75    49.75    1998    8.98    4.25    1.52    0.50    0.92
     9.75    49.75    1999    8.92    4.16    1.49    0.51    0.92
     9.75    49.75    2000    9.34    4.42    1.57    0.52    0.96
     9.75    49.75    2001    9.27    4.35    1.54    0.51    0.95
     9.75    49.75    2002    9.25    4.28    1.49    0.52    0.96
     9.75    49.75    2003    9.46    4.39    1.56    0.52    0.97
     9.75    49.75    2004    9.47    4.38    1.58    0.52    0.96
     9.75    49.75    2005    9.53    4.41    1.56    0.53    0.98
     9.75    49.75    2006    9.55    4.38    1.56    0.53    0.98
     9.75    49.75    2007    9.40    4.22    1.51    0.53    0.96
     9.75    49.75    2008    9.81    4.46    1.56    0.54    1.02
     9.75    49.75    2009    9.59    4.31    1.51    0.54    0.99
     9.75    49.75    2010    9.74    4.37    1.52    0.54    1.01
     9.75    49.75    2011    9.47    4.25    1.52    0.52    0.97
     9.75    49.75    2012    9.23    4.18    1.47    0.51    0.95
     9.75    49.75    2013    9.02    4.03    1.43    0.50    0.92
     9.75    49.75    2014    9.22    4.15    1.46    0.50    0.95
     9.75    49.75    2015    9.00    4.04    1.44    0.49    0.93
     9.75    49.75    2016    8.62    3.81    1.35    0.48    0.89
     9.75    49.75    2017    8.75    3.90    1.38    0.48    0.91
     9.75    49.75    2018    8.37    3.63    1.29    0.47    0.86
     9.75    49.75    2019    8.41    3.67    1.26    0.47    0.88
     9.75    49.75    2020    8.52    3.75    1.30    0.47    0.89
     9.75    49.75    2021    8.12    3.44    1.22    0.46    0.83
     9.75    49.75    2022    8.19    3.49    1.25    0.45    0.84
     9.75    49.75    2023    8.18    3.48    1.23    0.45    0.85
     9.75    49.75    2024    8.18    3.50    1.23    0.45    0.85
     9.75    49.75    2025    7.90    3.32    1.19    0.44    0.82
     9.75    49.75    2026    7.49    2.96    1.07    0.44    0.78
     9.75    49.75    2027    7.55    2.96    1.06    0.44    0.79
     9.75    49.75    2028    7.78    3.07    1.09    0.45    0.82
     9.75    49.75    2029    7.77    3.11    1.11    0.44    0.81
     9.75    49.75    2030    7.76    3.12    1.11    0.44    0.81
     9.75    49.75    2031    7.56    3.07    1.05    0.42    0.80
     9.75    49.75    2032    7.72    3.15    1.08    0.43    0.82
     9.75    49.75    2033    7.55    3.11    1.06    0.41    0.80
     9.75    49.75    2034    6.91    2.57    0.92    0.41    0.73
     9.75    49.75    2035    7.14    2.75    0.97    0.41    0.76
     9.75    49.75    2036    7.10    2.77    0.96    0.40    0.75
     9.75    49.75    2037    6.71    2.59    0.90    0.38    0.71
     9.75    49.75    2038    6.48    2.47    0.85    0.37    0.69
     9.75    49.75    2039    6.69    2.60    0.88    0.37    0.72
     9.75    49.75    2040    6.57    2.57    0.87    0.36    0.70
     9.75    49.75    2041    6.17    2.40    0.81    0.35    0.65
     9.75    49.75    2042    6.05    2.33    0.79    0.34    0.64
     9.75    49.75    2043    6.07    2.34    0.78    0.34    0.64
     9.75    49.75    2044    6.10    2.36    0.78    0.34    0.65
     9.75    49.75    2045    5.85    2.23    0.73    0.33    0.63
     9.75    49.75    2046    5.91    2.29    0.74    0.33    0.64
     9.75    49.75    2047    5.49    2.07    0.67    0.31    0.59
     9.75    49.75    2048    5.20    1.93    0.61    0.30    0.56
     9.75    49.75    2049    5.26    1.93    0.61    0.30    0.57
     9.75    49.75    2050    5.07    1.82    0.60    0.30    0.54
     9.75    49.75    2051    4.99    1.78    0.59    0.29    0.53
     9.75    49.75    2052    5.06    1.83    0.60    0.29    0.54
     9.75    49.75    2053    4.80    1.74    0.58    0.28    0.51
     9.75    49.75    2054    4.71    1.71    0.57    0.27    0.51
     9.75    49.75    2055    4.34    1.50    0.50    0.26    0.47
     9.75    49.75    2056    4.44    1.54    0.51    0.26    0.48
     9.75    49.75    2057    4.29    1.45    0.48    0.26    0.46
     9.75    49.75    2058    4.22    1.44    0.49    0.25    0.45
     9.75    49.75    2059    4.22    1.46    0.50    0.25    0.45
     9.75    49.75    2060    3.90    1.31    0.45    0.24    0.42
     9.75    49.75    2061    3.60    1.27    0.45    0.21    0.38
     9.75    49.75    2062    3.59    1.28    0.46    0.21    0.38
     9.75    49.75    2063    3.22    1.18    0.42    0.18    0.34
     9.75    49.75    2064    3.05    1.11    0.39    0.18    0.32
     9.75    49.75    2065    2.63    0.97    0.38    0.15    0.26
     9.75    49.75    2066    2.58    0.95    0.38    0.15    0.26
     9.75    49.75    2067    2.12    0.76    0.31    0.12    0.21
     9.75    49.75    2068    2.10    0.76    0.30    0.12    0.21
     9.75    49.75    2069    2.06    0.74    0.29    0.12    0.21
     9.75    49.75    2070    1.91    0.66    0.27    0.11    0.19
     9.75    49.75    2071    1.79    0.61    0.25    0.11    0.18
     9.75    49.75    2072    1.80    0.62    0.25    0.11    0.18
     9.75    49.75    2073    1.79    0.62    0.25    0.11    0.18
     9.75    49.75    2074    1.64    0.57    0.24    0.10    0.16
     9.75    49.75    2075    1.51    0.53    0.23    0.09    0.15
     9.75    49.75    2076    1.48    0.53    0.23    0.09    0.14
     9.75    49.75    2077    1.44    0.52    0.23    0.08    0.14
     9.75    49.75    2078    1.20    0.43    0.18    0.07    0.12
     9.75    49.75    2079    1.14    0.41    0.17    0.07    0.11
     9.75    49.75    2080    1.09    0.39    0.16    0.06    0.11
     9.75    49.75    2081    1.06    0.37    0.16    0.06    0.10
     9.75    49.75    2082    1.01    0.35    0.15    0.06    0.10
     9.75    49.75    2083    0.99    0.35    0.15    0.06    0.10
     9.75    49.75    2084    0.86    0.30    0.15    0.05    0.08
     9.75    49.75    2085    0.76    0.27    0.13    0.05    0.07
     9.75    49.75    2086    0.60    0.21    0.10    0.04    0.06
     9.75    49.75    2087    0.55    0.20    0.09    0.03    0.05
     9.75    49.75    2088    0.54    0.19    0.08    0.03    0.05
     9.75    49.75    2089    0.44    0.16    0.07    0.03    0.04
     9.75    49.75    2090    0.41    0.14    0.06    0.02    0.04
     9.75    49.75    2091    0.40    0.14    0.06    0.02    0.04
     9.75    49.75    2092    0.37    0.13    0.06    0.02    0.03
     9.75    49.75    2093    0.31    0.10    0.06    0.02    0.03
     9.75    49.75    2094    0.28    0.09    0.06    0.02    0.02
     9.75    49.75    2095    0.23    0.07    0.05    0.01    0.02
     9.75    49.75    2096    0.17    0.06    0.04    0.01    0.01
     9.75    49.75    2097    0.12    0.04    0.03    0.01    0.01
     9.75    49.75    2098    0.07    0.02    0.01    0.00    0.01
     9.75    49.75    2099    0.04    0.01    0.01    0.00    0.00
     9.75    49.75    2100    0.02    0.01    0.01    0.00    0.00
     9.75    49.75    2101    0.02    0.00    0.00    0.00    0.00
     9.75    49.75    2102    0.00    0.00    0.00    0.00    0.00
     9.75    49.75    2103    0.00    0.00    0.00    0.00    0.00
     9.75    49.75    2104    0.00    0.00    0.00    0.00    0.00
     9.75    49.75    2105    0.00    0.00    0.00    0.00    0.00
     9.75    49.75    2106    0.00    0.00    0.00    0.00    0.00
     9.75    49.75    2107    0.00    0.00    0.00    0.00    0.00
     9.75    49.75    2108    0.00    0.00    0.00    0.00    0.00
     9.75    49.75    2109    0.00    0.00    0.00    0.00    0.00
     9.75    49.75    2110    0.00    0.00    0.00    0.00    0.00
     9.75    49.75    2111    0.00    0.00    0.00    0.00    0.00
     9.75    49.75    2112    0.00    0.00    0.00    0.00    0.00
     9.75    49.75    2113    0.00    0.00    0.00    0.00    0.00
     9.75    49.75    2114    0.00    0.00    0.00    0.00    0.00
     9.75    49.75    2115    0.00    0.00    0.00    0.00    0.00
     9.75    49.75    2116    0.00    0.00    0.00    0.00    0.00
     9.75    49.75    2117    0.00    0.00    0.00    0.00    0.00
     9.75    49.75    2118    0.00    0.00    0.00    0.00    0.00
     9.75    49.75    2119    0.00    0.00    0.00    0.00    0.00
     9.75    49.75    2120    0.00    0.00    0.00    0.00    0.00
     9.75    49.75    2121    0.00    0.00    0.00    0.00    0.00
     9.75    49.75    2122    0.00    0.00    0.00    0.00    0.00
     9.75    49.75    2123    0.00    0.00    0.00    0.00    0.00
     9.75    49.75    2124    0.00    0.00    0.00    0.00    0.00
     9.75    49.75    2125    0.00    0.00    0.00    0.00    0.00
     9.75    49.75    2126    0.00    0.00    0.00    0.00    0.00
     9.75    49.75    2127    0.00    0.00    0.00    0.00    0.00
     9.75    49.75    2128    0.00    0.00    0.00    0.00    0.00
     9.75    49.75    2129    0.00    0.00    0.00    0.00    0.00
     9.75    49.75    2130    0.00    0.00    0.00    0.00    0.00
    13.75    55.75    1980    6.23    3.22    1.19    0.39    0.65
    13.75    55.75    1981    6.23    3.18    1.16    0.39    0.65
    13.75    55.75    1982    6.18    3.11    1.13    0.40    0.65
    13.75    55.75    1983    6.37    3.22    1.14    0.40    0.67
    13.75    55.75    1984    6.59    3.35    1.24    0.41    0.69
    13.75    55.75    1985    6.61    3.37    1.26    0.41    0.69
    13.75    55.75    1986    6.51    3.26    1.22    0.41    0.68
    13.75    55.75    1987    6.60    3.29    1.21    0.41    0.69
    13.75    55.75    1988    6.74    3.37    1.23    0.42    0.71
    13.75    55.75    1989    6.60    3.26    1.18    0.41    0.69
    13.75    55.75    1990    6.79    3.36    1.24    0.42    0.71
    13.75    55.75    1991    6.74    3.31    1.21    0.42    0.71
    13.75    55.75    1992    6.83    3.34    1.23    0.43    0.72
    13.75    55.75    1993    7.09    3.51    1.31    0.43    0.74
    13.75    55.75    1994    7.14    3.55    1.34    0.43    0.74
    13.75    55.75    1995    7.01    3.42    1.28    0.43    0.73
    13.75    55.75    1996    7.18    3.52    1.31    0.44    0.75
    13.75    55.75    1997    7.26    3.55    1.31    0.44    0.76
    13.75    55.75    1998    7.27    3.53    1.31    0.44    0.76
    13.75    55.75    1999    7.36    3.57    1.31    0.44    0.77
    13.75    55.75    2000    7.22    3.42    1.23    0.45    0.76
    13.75    55.75    2001    7.55    3.62    1.32    0.45    0.79
    13.75    55.75    2002    7.35    3.48    1.30    0.45    0.76
    13.75    55.75    2003    7.50    3.55    1.33    0.46    0.78
    13.75    55.75    2004    7.74    3.71    1.40    0.46    0.81
    13.75    55.75    2005    7.54    3.53    1.31    0.46    0.79
    13.75    55.75    2006    7.48    3.44    1.28    0.46    0.79
    13.75    55.75    2007    7.98    3.79    1.41    0.47    0.84
    13.75    55.75    2008    7.91    3.78    1.41    0.47    0.82
    13.75    55.75    2009    7.76    3.64    1.36    0.47    0.81
    13.75    55.75    2010    8.09    3.82    1.44    0.48    0.84
    13.75    55.75    2011    8.04    3.72    1.41    0.48    0.84
    13.75    55.75    2012    8.11    3.72    1.39    0.49    0.85
    13.75    55.75    2013    8.14    3.65    1.38    0.49    0.85
    13.75    55.75    2014    8.42    3.80    1.44    0.50    0.88
    13.75    55.75    2015    8.54    3.85    1.52    0.51    0.88
    13.75    55.75    2016    8.91    4.09    1.61    0.51    0.92
    13.75    55.75    2017    8.70    3.95    1.60    0.51    0.89
    13.75    55.75    2018    8.43    3.66    1.45    0.51    0.87
    13.75    55.75    2019    8.61    3.70    1.44    0.52    0.90
    13.75    55.75    2020    8.74    3.72    1.47    0.52    0.91
    13.75    55.75    2021    8.48    3.48    1.37    0.52    0.88
    13.75    55.75    2022    8.77    3.63    1.42    0.53    0.92
    13.75    55.75    2023    8.44    3.33    1.30    0.53    0.89
    13.75    55.75    2024    8.38    3.22    1.24    0.54    0.89
    13.75    55.75    2025    8.76    3.41    1.36    0.55    0.92
    13.75    55.75    2026    8.88    3.48    1.38    0.55    0.93
    13.75    55.75    2027    9.13    3.67    1.48    0.55    0.94
    13.75    55.75    2028    8.87    3.48    1.39    0.55    0.92
    13.75    55.75    2029    8.99    3.52    1.41    0.55    0.93
    13.75    55.75    2030    8.84    3.35    1.33    0.55    0.93
    13.75    55.75    2031    9.29    3.62    1.45    0.56    0.97
    13.75    55.75    2032    9.06    3.55    1.44    0.55    0.94
    13.75    55.75    2033    8.66    3.30    1.33    0.54    0.90
    13.75    55.75    2034    8.99    3.51    1.41    0.54    0.93
    13.75    55.75    2035    8.85    3.44    1.37    0.53    0.92
    13.75    55.75    2036    8.87    3.48    1.42    0.53    0.91
    13.75    55.75    2037    8.87    3.51    1.44    0.52    0.91
    13.75    55.75    2038    8.55    3.31    1.36    0.51    0.88
    13.75    55.75    2039    8.49    3.31    1.35    0.50    0.87
    13.75    55.75    2040    8.50    3.31    1.34    0.50    0.88
    13.75    55.75    2041    8.03    2.95    1.21    0.50    0.83
    13.75    55.75    2042    8.12    2.97    1.21    0.50    0.84
    13.75    55.75    2043    8.04    2.87    1.17    0.50    0.84
    13.75    55.75    2044    7.97    2.81    1.15    0.50    0.83
    13.75    55.75    2045    8.27    2.99    1.23    0.51    0.86
    13.75    55.75    2046    8.11    2.95    1.22    0.50    0.84
    13.75    55.75    2047    7.90    2.89    1.19    0.48    0.81
    13.75    55.75    2048    7.64    2.78    1.17    0.47    0.78
    13.75    55.75    2049    7.59    2.76    1.20    0.47    0.77
    13.75    55.75    2050    7.68    2.83    1.23    0.46    0.78
    13.75    55.75    2051    7.67    2.83    1.23    0.46    0.77
    13.75    55.75    2052    7.18    2.60    1.11    0.44    0.73
    13.75    55.75    2053    7.33    2.68    1.17    0.44    0.74
    13.75    55.75    2054    7.11    2.54    1.09    0.44    0.72
    13.75    55.75    2055    7.05    2.53    1.09    0.43    0.72
    13.75    55.75    2056    6.92    2.47    1.08    0.43    0.70
    13.75    55.75    2057    6.86    2.47    1.07    0.42    0.70
    13.75    55.75    2058    6.48    2.28    1.02    0.40    0.65
    13.75    55.75    2059    6.43    2.27    1.03    0.40    0.65
    13.75    55.75    2060    6.46    2.27    1.04    0.40    0.65
    13.75    55.75    2061    6.44    2.30    1.08    0.39    0.63
    13.75    55.75    2062    6.02    2.17    1.03    0.37    0.59
    13.75    55.75    2063    5.74    2.08    0.98    0.35    0.56
    13.75    55.75    2064    5.62    2.03    0.97    0.34    0.55
    13.75    55.75    2065    5.41    1.85    0.87    0.34    0.54
    13.75    55.75    2066    5.58    1.96    0.94    0.34    0.55
    13.75    55.75    2067    5.49    1.92    0.93    0.34    0.54
    13.75    55.75    2068    5.42    1.92    0.92    0.33    0.53
    13.75    55.75    2069    4.90    1.65    0.79    0.31    0.48
    13.75    55.75    2070    4.65    1.52    0.73    0.30    0.46
    13.75    55.75    2071    4.64    1.53    0.74    0.30    0.46
    13.75    55.75    2072    4.67    1.54    0.75    0.30    0.46
    13.75    55.75    2073    4.42    1.43    0.70    0.29    0.43
    13.75    55.75    2074    4.35    1.43    0.73    0.27    0.42
    13.75    55.75    2075    4.22    1.42    0.74    0.26    0.40
    13.75    55.75    2076    3.86    1.26    0.67    0.25    0.37
    13.75    55.75    2077    3.71    1.20    0.65    0.24    0.35
    13.75    55.75    2078    3.73    1.21    0.65    0.24    0.35
    13.75    55.75    2079    3.64    1.17    0.65    0.23    0.34
    13.75    55.75    2080    3.48    1.10    0.63    0.23    0.32
    13.75    55.75    2081    3.37    1.07    0.61    0.22    0.31
    13.75    55.75    2082    3.38    1.08    0.63    0.22    0.31
    13.75    55.75    2083    3.16    1.00    0.59    0.20    0.29
    13.75    55.75    2084    3.03    0.98    0.60    0.19    0.27
    13.75    55.75    2085    2.92    0.93    0.58    0.19    0.26
    13.75    55.75    2086    2.67    0.84    0.54    0.17    0.24
    13.75    55.75    2087    2.71    0.86    0.57    0.17    0.23
    13.75    55.75    2088    2.50    0.77    0.51    0.17    0.22
    13.75    55.75    2089    2.10    0.66    0.46    0.13    0.18
    13.75    55.75    2090    2.15    0.68    0.47    0.14    0.18
    13.75    55.75    2091    1.93    0.61    0.43    0.12    0.16
    13.75    55.75    2092    1.71    0.50    0.36    0.12    0.15
    13.75    55.75    2093    1.27    0.37    0.29    0.09    0.10
    13.75    55.75    2094    1.34    0.40    0.32    0.09    0.11
    13.75    55.75    2095    1.24    0.34    0.27    0.09    0.10
    13.75    55.75    2096    1.20    0.33    0.28    0.08    0.09
    13.75    55.75    2097    1.20    0.33    0.29    0.08    0.09
    13.75    55.75    2098    1.17    0.33    0.29    0.08    0.09
    13.75    55.75    2099    0.89    0.24    0.23    0.06    0.07
    13.75    55.75    2100    0.84    0.23    0.23    0.06    0.06
    13.75    55.75    2101    0.84    0.23    0.23    0.06    0.06
    13.75    55.75    2102    0.68    0.19    0.19    0.05    0.05
    13.75    55.75    2103    0.66    0.18    0.18    0.05    0.05
    13.75    55.75    2104    0.68    0.18    0.18    0.05    0.05
    13.75    55.75    2105    0.69    0.19    0.19    0.05    0.05
    13.75    55.75    2106    0.49    0.13    0.13    0.03    0.03
    13.75    55.75    2107    0.49    0.13    0.13    0.03    0.03
    13.75    55.75    2108    0.49    0.13    0.13    0.03    0.03
    13.75    55.75    2109    0.49    0.13    0.13    0.03    0.03
    13.75    55.75    2110    0.43    0.11    0.11    0.03    0.03
    13.75    55.75    2111    0.31    0.08    0.08    0.02    0.02
    13.75    55.75    2112    0.11    0.03    0.03    0.01    0.01
    13.75    55.75    2113    0.10    0.03    0.03    0.01    0.01
    13.75    55.75    2114    0.00    0.00    0.00    0.00    0.00
    13.75    55.75    2115    0.00    0.00    0.00    0.00    0.00
    13.75    55.75    2116    0.00    0.00    0.00    0.00    0.00
    13.75    55.75    2117    0.00    0.00    0.00    0.00    0.00
    13.75    55.75    2118    0.00    0.00    0.00    0.00    0.00
    13.75    55.75    2119    0.00    0.00    0.00    0.00    0.00
    13.75    55.75    2120    0.00    0.00    0.00    0.00    0.00
    13.75    55.75    2121    0.00    0.00    0.00    0.00    0.00
    13.75    55.75    2122    0.00    0.00    0.00    0.00    0.00
    13.75    55.75    2123    0.00    0.00    0.00    0.00    0.00
    13.75    55.75    2124    0.00    0.00    0.00    0.00    0.00
    13.75    55.75    2125    0.00    0.00    0.00    0.00    0.00
    13.75    55.75    2126    0.00    0.00    0.00    0.00    0.00
    13.75    55.75    2127    0.00    0.00    0.00    0.00    0.00
    13.75    55.75    2128    0.00    0.00    0.00    0.00    0.00
    13.75    55.75    2129    0.00    0.00    0.00    0.00    0.00
    13.75    55.75    2130    0.00    0.00    0.00    0.00    0.00
    23.75    61.75    1980    6.11    2.62    2.41    0.43    0.46
    23.75    61.75    1981    6.20    2.65    2.45    0.43    0.46
    23.75    61.75    1982    6.18    2.60    2.40    0.44    0.46
    23.75    61.75    1983    6.36    2.67    2.46    0.44    0.47
    23.75    61.75    1984    6.24    2.60    2.39    0.44    0.47
    23.75    61.75    1985    6.30    2.60    2.39    0.44    0.47
    23.75    61.75    1986    6.30    2.57    2.36    0.45    0.48
    23.75    61.75    1987    6.44    2.62    2.40    0.45    0.48
    23.75    61.75    1988    6.55    2.68    2.45    0.46    0.49
    23.75    61.75    1989    6.61    2.67    2.44    0.46    0.49
    23.75    61.75    1990    6.59    2.64    2.40    0.46    0.50
    23.75    61.75    1991    6.63    2.65    2.42    0.47    0.50
    23.75    61.75    1992    6.77    2.70    2.46    0.47    0.51
    23.75    61.75    1993    6.86    2.70    2.46    0.48    0.51
    23.75    61.75    1994    6.88    2.69    2.47    0.48    0.51
    23.75    61.75    1995    6.94    2.71    2.47    0.49    0.52
    23.75    61.75    1996    6.85    2.63    2.40    0.49    0.52
    23.75    61.75    1997    6.82    2.58    2.35    0.49    0.52
    23.75    61.75    1998    6.95    2.63    2.40    0.49    0.53
    23.75    61.75    1999    7.17    2.74    2.51    0.50    0.54
    23.75    61.75    2000    7.16    2.70    2.48    0.50    0.54
    23.75    61.75    2001    7.14    2.65    2.43    0.51    0.54
    23.75    61.75    2002    7.29    2.70    2.48    0.51    0.55
    23.75    61.75    2003    7.21    2.63    2.42    0.51    0.55
    23.75    61.75    2004    7.36    2.69    2.46    0.52    0.56
    23.75    61.75    2005    7.45    2.72    2.50    0.52    0.56
    23.75    61.75    2006    7.43    2.70    2.48    0.52    0.56
    23.75    61.75    2007    7.52    2.73    2.50    0.53    0.57
    23.75    61.75    2008    7.64    2.78    2.56    0.53    0.57
    23.75    61.75    2009    7.60    2.73    2.51    0.53    0.57
    23.75    61.75    2010    7.70    2.75    2.54    0.54    0.58
    23.75    61.75    2011    7.13    2.62    2.40    0.50    0.54
    23.75    61.75    2012    7.04    2.60    2.38    0.49    0.53
    23.75    61.75    2013    7.12    2.60    2.38    0.49    0.53
    23.75    61.75    2014    7.12    2.59    2.38    0.49    0.53
    23.75    61.75    2015    6.83    2.48    2.28    0.48    0.51
    23.75    61.75    2016    6.93    2.53    2.32    0.47    0.52
    23.75    61.75    2017    6.73    2.42    2.22    0.47    0.50
    23.75    61.75    2018    6.74    2.47    2.26    0.46    0.50
    23.75    61.75    2019    6.75    2.44    2.24    0.46    0.50
    23.75    61.75    2020    6.55    2.35    2.16    0.45    0.48
    23.75    61.75    2021    6.60    2.34    2.15    0.45    0.49
    23.75    61.75    2022    6.57    2.30    2.11    0.45    0.49
    23.75    61.75    2023    6.48    2.26    2.07    0.44    0.48
    23.75    61.75    2024    6.38    2.20    2.01    0.44    0.47
    23.75    61.75    2025    6.26    2.14    1.96    0.43    0.47
    23.75    61.75    2026    6.08    2.08    1.90    0.42    0.46
    23.75    61.75    2027    6.09    2.08    1.90    0.41    0.45
    23.75    61.75    2028    6.15    2.07    1.89    0.42    0.46
    23.75    61.75    2029    6.21    2.07    1.89    0.42    0.46
    23.75    61.75    2030    6.19    2.04    1.86    0.42    0.46
    23.75    61.75    2031    6.24    2.05    1.88    0.42    0.46
    23.75    61.75    2032    5.99    1.96    1.79    0.41    0.44
    23.75    61.75    2033    5.88    1.90    1.74    0.40    0.44
    23.75    61.75    2034    5.79    1.87    1.71    0.39    0.43
    23.75    61.75    2035    5.84    1.87    1.70    0.40    0.44
    23.75    61.75    2036    5.66    1.80    1.64    0.39    0.42
    23.75    61.75    2037    5.70    1.81    1.65    0.39    0.42
    23.75    61.75    2038    5.71    1.78    1.63    0.39    0.42
    23.75    61.75    2039    5.55    1.73    1.58    0.38    0.41
    23.75    61.75    2040    5.52    1.71    1.56    0.38    0.41
    23.75    61.75    2041    5.40    1.66    1.52    0.37    0.40
    23.75    61.75    2042    5.34    1.62    1.49    0.37    0.39
    23.75    61.75    2043    5.23    1.60    1.46    0.36    0.38
    23.75    61.75    2044    4.69    1.43    1.31    0.32    0.35
    23.75    61.75    2045    4.78    1.45    1.32    0.33    0.35
    23.75    61.75    2046    4.79    1.44    1.31    0.33    0.35
    23.75    61.75    2047    4.73    1.42    1.29    0.32    0.35
    23.75    61.75    2048    4.47    1.34    1.22    0.31    0.33
    23.75    61.75    2049    4.48    1.32    1.21    0.31    0.33
    23.75    61.75    2050    4.50    1.31    1.20    0.31    0.33
    23.75    61.75    2051    4.43    1.28    1.18    0.31    0.33
    23.75    61.75    2052    4.07    1.18    1.08    0.28    0.30
    23.75    61.75    2053    3.89    1.13    1.04    0.27    0.29
    23.75    61.75    2054    3.96    1.14    1.05    0.27    0.29
    23.75    61.75    2055    3.74    1.06    0.98    0.26    0.28
    23.75    61.75    2056    3.59    1.01    0.93    0.25    0.27
    23.75    61.75    2057    3.56    1.00    0.92    0.25    0.26
    23.75    61.75    2058    3.40    0.96    0.89    0.24    0.25
    23.75    61.75    2059    3.39    0.94    0.87    0.24    0.25
    23.75    61.75    2060    3.38    0.93    0.87    0.24    0.25
    23.75    61.75    2061    3.37    0.92    0.86    0.24    0.25
    23.75    61.75    2062    3.23    0.87    0.82    0.23    0.24
    23.75    61.75    2063    3.18    0.86    0.80    0.22    0.23
    23.75    61.75    2064    3.07    0.82    0.77    0.22    0.23
    23.75    61.75    2065    2.98    0.78    0.74    0.21    0.22
    23.75    61.75    2066    2.71    0.72    0.68    0.19    0.20
    23.75    61.75    2067    2.45    0.65    0.61    0.17    0.18
    23.75    61.75    2068    2.22    0.59    0.56    0.16    0.16
    23.75    61.75    2069    2.06    0.54    0.52    0.14    0.15
    23.75    61.75    2070    1.91    0.50    0.48    0.13    0.14
    23.75    61.75    2071    1.81    0.47    0.45    0.13    0.13
    23.75    61.75    2072    1.63    0.42    0.40    0.12    0.12
    23.75    61.75    2073    1.61    0.41    0.40    0.11    0.12
    23.75    61.75    2074    1.62    0.41    0.40    0.12    0.12
    23.75    61.75    2075    1.54    0.39    0.38    0.11    0.11
    23.75    61.75    2076    1.36    0.34    0.33    0.10    0.10
    23.75    61.75    2077    1.16    0.29    0.28    0.08    0.09
    23.75    61.75    2078    0.91    0.23    0.22    0.06    0.07
    23.75    61.75    2079    0.75    0.19    0.18    0.05    0.05
    23.75    61.75    2080    0.73    0.18    0.17    0.05    0.05
    23.75    61.75    2081    0.55    0.14    0.13    0.04    0.04
    23.75    61.75    2082    0.38    0.09    0.09    0.03    0.03
    23.75    61.75    2083    0.36    0.09    0.09    0.03    0.03
    23.75    61.75    2084    0.36    0.09    0.09    0.03    0.03
    23.75    61.75    2085    0.36    0.09    0.08    0.03    0.03
    23.75    61.75    2086    0.26    0.06    0.06    0.02    0.02
    23.75    61.75    2087    0.18    0.04    0.04    0.01    0.01
    23.75    61.75    2088    0.09    0.02    0.02    0.01    0.01
    23.75    61.75    2089    0.00    0.00    0.00    0.00    0.00
    23.75    61.75    2090    0.00    0.00    0.00    0.00    0.00
    23.75    61.75    2091    0.00    0.00    0.00    0.00    0.00
    23.75    61.75    2092    0.00    0.00    0.00    0.00    0.00
    23.75    61.75    2093    0.00    0.00    0.00    0.00    0.00
    23.75    61.75    2094    0.00    0.00    0.00    0.00    0.00
    23.75    61.75    2095    0.00    0.00    0.00    0.00    0.00
    23.75    61.75    2096    0.00    0.00    0.00    0.00    0.00
    23.75    61.75    2097    0.00    0.00    0.00    0.00    0.00
    23.75    61.75    2098    0.00    0.00    0.00    0.00    0.00
    23.75    61.75    2099    0.00    0.00    0.00    0.00    0.00
    23.75    61.75    2100    0.00    0.00    0.00    0.00    0.00
    23.75    61.75    2101    0.00    0.00    0.00    0.00    0.00
    23.75    61.75    2102    0.00    0.00    0.00    0.00    0.00
    23.75    61.75    2103    0.00    0.00    0.00    0.00    0.00
    23.75    61.75    2104    0.00    0.00    0.00    0.00    0.00
    23.75    61.75    2105    0.00    0.00    0.00    0.00    0.00
    23.75    61.75    2106    0.00    0.00    0.00    0.00    0.00
    23.75    61.75    2107    0.00    0.00    0.00    0.00    0.00
    23.75    61.75    2108    0.00    0.00    0.00    0.00    0.00
    23.75    61.75    2109    0.00    0.00    0.00    0.00    0.00
    23.75    61.75    2110    0.00    0.00    0.00    0.00    0.00
    23.75    61.75    2111    0.00    0.00    0.00    0.00    0.00
    23.75    61.75    2112    0.00    0.00    0.00    0.00    0.00
    23.75    61.75    2113    0.00    0.00    0.00    0.00    0.00
    23.75    61.75    2114    0.00    0.00    0.00    0.00    0.00
    23.75    61.75    2115    0.00    0.00    0.00    0.00    0.00
    23.75    61.75    2116    0.00    0.00    0.00    0.00    0.00
    23.75    61.75    2117    0.00    0.00    0.00    0.00    0.00
    23.75    61.75    2118    0.00    0.00    0.00    0.00    0.00
    23.75    61.75    2119    0.00    0.00    0.00    0.00    0.00
    23.75    61.75    2120    0.00    0.00    0.00    0.00    0.00
    23.75    61.75    2121    0.00    0.00    0.00    0.00    0.00
    23.75    61.75    2122    0.00    0.00    0.00    0.00    0.00
    23.75    61.75    2123    0.00    0.00    0.00    0.00    0.00
    23.75    61.75    2124    0.00    0.00    0.00    0.00    0.00
    23.75    61.75    2125    0.00    0.00    0.00    0.00    0.00
    23.75    61.75    2126    0.00    0.00    0.00    0.00    0.00
    23.75    61.75    2127    0.00    0.00    0.00    0.00    0.00
    23.75    61.75    2128    0.00    0.00    0.00    0.00    0.00
    23.75    61.75    2129    0.00    0.00    0.00    0.00    0.00
    23.75    61.75    2130    0.00    0.00    0.00    0.00    0.00
    21.75    37.75    1980    2.36    1.30    1.04    0.23    0.20
    21.75    37.75    1981    2.06    1.08    0.89    0.21    0.18
    21.75    37.75    1982    2.06    1.07    0.86    0.21    0.18
    21.75    37.75    1983    2.37    1.25    1.01    0.23    0.20
    21.75    37.75    1984    2.23    1.16    0.94    0.22    0.19
    21.75    37.75    1985    2.13    1.09    0.87    0.22    0.19
    21.75    37.75    1986    2.68    1.41    1.14    0.25    0.22
    21.75    37.75    1987    2.68    1.41    1.10    0.25    0.22
    21.75    37.75    1988    2.60    1.33    1.04    0.25    0.22
    21.75    37.75    1989    2.49    1.25    0.97    0.24    0.22
    21.75    37.75    1990    2.72    1.38    1.06    0.26    0.23
    21.75    37.75    1991    2.02    0.94    0.73    0.22    0.19
    21.75    37.75    1992    2.21    1.03    0.80    0.23    0.20
    21.75    37.75    1993    2.56    1.21    0.95    0.25    0.22
    21.75    37.75    1994    2.68    1.28    1.01    0.26    0.23
    21.75    37.75    1995    2.83    1.35    1.05    0.27    0.24
    21.75    37.75    1996    2.63    1.22    0.93    0.26    0.23
    21.75    37.75    1997    2.67    1.23    0.93    0.27    0.24
    21.75    37.75    1998    2.57    1.17    0.89    0.26    0.23
    21.75    37.75    1999    2.41    1.08    0.84    0.25    0.22
    21.75    37.75    2000    2.53    1.14    0.90    0.26    0.23
    21.75    37.75    2001    2.50    1.13    0.90    0.26    0.22
    21.75    37.75    2002    2.47    1.11    0.89    0.25    0.22
    21.75    37.75    2003    2.52    1.14    0.92    0.26    0.22
    21.75    37.75    2004    2.33    1.05    0.84    0.25    0.21
    21.75    37.75    2005    2.49    1.13    0.91    0.26    0.22
    21.75    37.75    2006    2.54    1.16    0.92    0.26    0.23
    21.75    37.75    2007    2.39    1.08    0.86    0.25    0.22
    21.75    37.75    2008    2.51    1.14    0.90    0.26    0.23
    21.75    37.75    2009    2.46    1.11    0.89    0.26    0.22
    21.75    37.75    2010    1.63    0.71    0.51    0.20    0.17
    21.75    37.75    2011    2.04    0.88    0.64    0.23    0.20
    21.75    37.75    2012    2.29    0.98    0.74    0.25    0.22
    21.75    37.75    2013    2.61    1.12    0.86    0.27    0.24
    21.75    37.75    2014    2.34    0.98    0.74    0.26    0.22
    21.75    37.75    2015    2.40    1.00    0.76    0.26    0.23
    21.75    37.75    2016    2.52    1.06    0.81    0.27    0.24
    21.75    37.75    2017    2.67    1.12    0.87    0.28    0.25
    21.75    37.75    2018    1.01    0.42    0.25    0.13    0.09
    21.75    37.75    2019    1.19    0.56    0.37    0.15    0.11
    21.75    37.75    2020    1.47    0.72    0.51    0.18    0.14
    21.75    37.75    2021    1.72    0.85    0.62    0.20    0.16
    21.75    37.75    2022    1.88    0.90    0.67    0.21    0.18
    21.75    37.75    2023    2.00    0.96    0.73    0.22    0.19
    21.75    37.75    2024    2.32    1.14    0.89    0.24    0.21
    21.75    37.75    2025    2.28    1.11    0.87    0.24    0.21
    21.75    37.75    2026    2.44    1.18    0.92    0.25    0.22
    21.75    37.75    2027    2.33    1.12    0.90    0.25    0.21
    21.75    37.75    2028    2.66    1.27    1.04    0.27    0.23
    21.75    37.75    2029    1.31    0.61    0.48    0.15    0.11
    21.75    37.75    2030    1.62    0.85    0.69    0.18    0.14
    21.75    37.75    2031    1.54    0.81    0.66    0.18    0.14
    21.75    37.75    2032    1.89    1.00    0.83    0.20    0.17
    21.75    37.75    2033    2.28    1.20    0.99    0.23    0.19
    21.75    37.75    2034    2.24    1.17    0.96    0.23    0.19
    21.75    37.75    2035    2.48    1.30    1.10    0.24    0.21
    21.75    37.75    2036    2.23    1.14    0.94    0.23    0.19
    21.75    37.75    2037    1.27    0.60    0.49    0.15    0.13
    21.75    37.75    2038    1.02    0.55    0.52    0.12    0.11
    21.75    37.75    2039    1.32    0.74    0.69    0.15    0.13
    21.75    37.75    2040    1.78    0.99    0.92    0.19    0.17
    21.75    37.75    2041    1.81    1.01    0.92    0.19    0.17
    21.75    37.75    2042    2.14    1.18    1.07    0.21    0.19
    21.75    37.75    2043    2.22    1.21    1.08    0.22    0.20
    21.75    37.75    2044    2.60    1.40    1.24    0.25    0.22
    21.75    37.75    2045    2.30    1.21    1.05    0.23    0.21
    21.75    37.75    2046    2.47    1.28    1.12    0.24    0.22
    21.75    37.75    2047    2.46    1.26    1.10    0.24    0.22
    21.75    37.75    2048    2.48    1.26    1.08    0.25    0.22
    21.75    37.75    2049    2.40    1.20    1.03    0.24    0.22
    21.75    37.75    2050    2.14    1.04    0.87    0.23    0.21
    21.75    37.75    2051    2.47    1.21    0.98    0.25    0.23
    21.75    37.75    2052    2.82    1.37    1.12    0.27    0.25
    21.75    37.75    2053    2.40    1.11    0.88    0.25    0.23
    21.75    37.75    2054    2.61    1.21    0.96    0.26    0.24
    21.75    37.75    2055    2.34    1.07    0.84    0.25    0.23
    21.75    37.75    2056    2.71    1.24    0.97    0.27    0.25
    21.75    37.75    2057    2.62    1.19    0.93    0.27    0.25
    21.75    37.75    2058    2.69    1.22    0.94    0.27    0.26
    21.75    37.75    2059    2.50    1.13    0.84    0.26    0.25
    21.75    37.75    2060    3.30    1.49    1.13    0.31    0.30
    21.75    37.75    2061    2.34    0.97    0.84    0.25    0.23
    21.75    37.75    2062    2.77    1.18    1.04    0.28    0.26
    21.75    37.75    2063    3.23    1.39    1.23    0.30    0.29
    21.75    37.75    2064    3.74    1.62    1.45    0.33    0.32
    21.75    37.75    2065    3.25    1.40    1.23    0.31    0.30
    21.75    37.75    2066    3.45    1.48    1.30    0.32    0.31
    21.75    37.75    2067    3.69    1.57    1.40    0.33    0.32
    21.75    37.75    2068    3.13    1.27    1.13    0.31    0.30
    21.75    37.75    2069    3.74    1.53    1.34    0.34    0.33
    21.75    37.75    2070    3.77    1.52    1.34    0.34    0.34
    21.75    37.75    2071    2.43    0.95    0.91    0.26    0.25
    21.75    37.75    2072    2.88    1.16    1.12    0.29    0.28
    21.75    37.75    2073    2.80    1.17    1.13    0.29    0.28
    21.75    37.75    2074    2.40    1.01    0.97    0.26    0.26
    21.75    37.75    2075    2.93    1.24    1.19    0.30    0.29
    21.75    37.75    2076    2.70    1.14    1.09    0.28    0.28
    21.75    37.75    2077    2.53    1.07    1.02    0.27    0.27
    21.75    37.75    2078    2.65    1.11    1.06    0.28    0.28
    21.75    37.75    2079    2.22    0.93    0.89    0.25    0.25
    21.75    37.75    2080    2.36    0.98    0.93    0.26    0.26
    21.75    37.75    2081    2.51    1.04    0.99    0.27    0.27
    21.75    37.75    2082    2.48    1.02    0.98    0.27    0.27
    21.75    37.75    2083    1.78    0.74    0.71    0.22    0.21
    21.75    37.75    2084    2.56    1.04    0.99    0.28    0.27
    21.75    37.75    2085    3.07    1.20    1.15    0.31    0.31
    21.75    37.75    2086    2.85    1.10    1.05    0.30    0.30
    21.75    37.75    2087    3.16    1.22    1.16    0.32    0.32
    21.75    37.75    2088    3.45    1.31    1.26    0.34    0.33
    21.75    37.75    2089    3.56    1.35    1.29    0.35    0.34
    21.75    37.75    2090    3.37    1.25    1.20    0.34    0.33
    21.75    37.75    2091    3.20    1.17    1.12    0.33    0.33
    21.75    37.75    2092    3.41    1.24    1.19    0.34    0.34
    21.75    37.75    2093    3.46    1.24    1.19    0.35    0.34
    21.75    37.75    2094    3.54    1.27    1.22    0.35    0.35
    21.75    37.75    2095    3.96    1.42    1.36    0.38    0.37
    21.75    37.75    2096    3.12    1.06    1.01    0.33    0.33
    21.75    37.75    2097    1.41    0.53    0.52    0.16    0.16
    21.75    37.75    2098    1.80    0.71    0.70    0.22    0.21
    21.75    37.75    2099    2.47    1.02    1.00    0.27    0.26
    21.75    37.75    2100    2.48    1.03    1.01    0.27    0.27
    21.75    37.75    2101    2.47    1.01    1.00    0.27    0.26
    21.75    37.75    2102    3.07    1.26    1.24    0.31    0.30
    21.75    37.75    2103    3.15    1.28    1.25    0.31    0.31
    21.75    37.75    2104    1.75    0.66    0.63    0.21    0.21
    21.75    37.75    2105    2.27    0.90    0.87    0.25    0.25
    21.75    37.75    2106    2.25    0.92    0.89    0.25    0.25
    21.75    37.75    2107    2.28    0.91    0.88    0.26    0.25
    21.75    37.75    2108    2.75    1.29    1.26    0.28    0.27
    21.75    37.75    2109    2.27    1.02    0.99    0.25    0.25
    21.75    37.75    2110    2.33    1.01    0.98    0.26    0.25
    21.75    37.75    2111    2.54    1.10    1.07    0.27    0.27
    21.75    37.75    2112    2.32    0.98    0.95    0.26    0.25
    21.75    37.75    2113    0.55    0.31    0.30    0.06    0.06
    21.75    37.75    2114    1.08    0.68    0.67    0.12    0.12
    21.75    37.75    2115    1.76    1.13    1.12    0.18    0.18
    21.75    37.75    2116    1.85    1.18    1.16    0.19    0.18
    21.75    37.75    2117    2.21    1.52    1.50    0.21    0.20
    21.75    37.75    2118    2.66    1.77    1.75    0.23    0.23
    21.75    37.75    2119    3.06    1.87    1.84    0.26    0.26
    21.75    37.75    2120    2.84    1.63    1.60    0.25    0.25
    21.75    37.75    2121    2.74    1.52    1.49    0.25    0.25
    21.75    37.75    2122    3.10    1.68    1.65    0.27    0.27
    21.75    37.75    2123    3.15    1.67    1.64    0.28    0.28
    21.75    37.75    2124    2.92    1.51    1.48    0.27    0.27
    21.75    37.75    2125    3.61    1.84    1.81    0.30    0.30
    21.75    37.75    2126    2.50    1.15    1.13    0.26    0.26
    21.75    37.75    2127    1.95    0.94    0.93    0.22    0.22
    21.75    37.75    2128    2.40    1.16    1.16    0.25    0.24
    21.75    37.75    2129    3.06    1.49    1.49    0.28    0.28
    21.75    37.75    2130    2.67    1.25    1.24    0.27    0.26
