      Lon      Lat    Year       Jan       Feb       Mar       Apr       May       Jun       Jul       Aug       Sep       Oct       Nov       Dec
     9.75    49.75    1980     1.030     1.457     2.480     4.184    10.462    15.692    12.080    13.652     5.965     4.264     1.079     1.194
     9.75    49.75    1981     1.098     1.076     2.534     5.875     5.704     6.066     9.170    13.790     8.396     3.524     2.496     1.036
     9.75    49.75    1982     1.581     1.692     2.969     3.336     6.016    10.179    18.037    12.089     8.130     3.940     3.662     1.095
     9.75    49.75    1983     1.124     1.458     1.322     5.324     8.023    12.736    14.200     8.228     5.409     4.351     2.486     0.840
     9.75    49.75    1984     1.043     1.387     2.994     6.433    12.734    13.378     6.630     9.470     4.394     2.538     4.074     0.796
     9.75    49.75    1985     0.716     1.321     2.761     5.937     7.664    13.814    10.243    12.353     7.051     6.489     2.035     1.069
     9.75    49.75    1986     0.789     1.753     2.462     2.428     6.185     7.465    11.139     7.022     7.860     6.929     4.231     1.247
     9.75    49.75    1987     1.009     1.445     1.822     5.683    15.625    17.555     8.012    14.437     8.726     3.495     2.667     1.018
     9.75    49.75    1988     0.747     1.913     1.860     2.701    10.641     4.388    11.188     8.064     3.131     1.933     2.302     1.037
     9.75    49.75    1989     0.876     1.200     2.541     4.515    14.529    12.311    12.402    12.430     8.973     5.732     4.435     0.765
     9.75    49.75    1990     1.018     1.235     2.574     4.748     8.637    12.567    10.915     9.442     3.084     6.146     3.862     1.024
     9.75    49.75    1991     1.163     1.404     4.910     3.921    11.656    13.239     9.602     8.032     4.488     5.802     1.504     1.090
     9.75    49.75    1992     1.073     1.678     2.086     3.124     5.784    17.042     9.595    11.847     5.427     4.078     4.800     0.959
     9.75    49.75    1993     1.159     2.042     2.796     3.304     8.928    14.264     6.180    14.864    12.001     6.064     0.890     0.978
     9.75    49.75    1994     1.008     1.452     2.890     3.830     6.668     7.987     9.790    13.220     4.550     4.251     4.001     0.933
     9.75    49.75    1995     0.828     1.330     1.046     4.490    13.190     7.498    19.649    16.403     5.789     5.601     3.318     1.130
     9.75    49.75    1996     1.188     1.880     3.133     1.190     5.700    15.065    12.021    14.217     7.694     9.090     4.636     1.281
     9.75    49.75    1997     0.807     1.409     2.830     4.918    15.029    21.286     8.849    12.084     7.883     6.576     2.204     0.906
     9.75    49.75    1998     1.217     1.590     2.579     2.476    12.087    10.743    10.114     9.348    13.022     3.669     3.022     1.101
     9.75    49.75    1999     0.940     1.311     3.867     5.506     6.985    16.250     6.569     7.216     4.474     5.881     2.099     0.756
     9.75    49.75    2000     0.946     1.222     4.483     4.752    11.198    18.750    11.613    12.501     7.402     5.335     1.709     0.879
     9.75    49.75    2001     1.036     1.364     2.014     1.881    15.714     9.183    15.889    11.288     8.297     4.525     2.663     1.172
     9.75    49.75    2002     1.330     1.619     1.124     7.157    10.642     2.305     6.239    14.624    12.873     3.052     2.215     0.851
     9.75    49.75    2003     1.173     1.912     0.772     7.834    10.192    13.880    18.754    11.032     8.273     4.913     1.776     1.024
     9.75    49.75    2004     1.607     1.808     1.884     5.916    16.155    10.481     9.070    13.018    12.796     4.651     2.847     0.916
     9.75    49.75    2005     1.144     2.108     1.342     5.769    13.724     7.230    14.360    12.256     7.917     6.151     2.582     1.389
     9.75    49.75    2006     0.856     1.942     1.925     4.746     9.543    17.652    15.229    10.892     4.084     6.935     3.409     1.357
     9.75    49.75    2007     0.646     2.155     2.230     8.357     8.044    11.952    10.401     8.961     3.322     3.388     2.215     1.078
     9.75    49.75    2008     0.944     1.205     3.932     5.455     9.383     7.370    13.289    16.263     4.846     5.994     2.052     0.829
     9.75    49.75    2009     0.993     1.976     2.362     6.996    15.380    13.320     7.462    10.426     4.736     7.632     3.597     0.960
     9.75    49.75    2010     0.971     1.612     4.156     9.474    11.973    16.673     7.752     9.895     6.678     3.853     2.372     1.026
     9.75    49.75    2011     1.120     1.955     1.767     7.212    15.639    18.655    16.411    15.133     6.750     6.689     1.857     0.887
     9.75    49.75    2012     1.204     1.379     3.135     6.207     6.605    12.314    11.090    20.028     8.528     5.213     1.831     0.944
     9.75    49.75    2013     1.134     1.763     1.997     2.997    15.166     8.481     6.446     9.471     9.715     6.026     1.553     0.922
     9.75    49.75    2014     0.917     2.158     7.873    12.558    11.385     4.771    18.030    14.277     4.320     2.354     1.844     0.970
     9.75    49.75    2015     0.992     1.331     3.539     5.356     9.585    11.615     6.996     8.295     9.624     3.006     3.889     1.226
     9.75    49.75    2016     0.887     1.025     4.019     6.380     4.700     6.526    10.659    12.292     2.004     4.887     0.918     1.064
     9.75    49.75    2017     0.872     1.299     0.536     2.791    10.910     7.407    14.305    14.881     2.662     5.464     2.123     0.981
     9.75    49.75    2018     0.985     1.734     3.824     8.458     9.412     6.348     8.431     2.894     7.425     6.290     2.089     1.120
     9.75    49.75    2019     0.874     1.663     3.540     2.295     5.618     5.916    10.110    10.850     9.717     2.942     1.963     0.695
     9.75    49.75    2020     1.258     1.173     2.154     4.570    13.958    14.875    12.939    10.144     4.025     4.304     2.165     1.127
     9.75    49.75    2021     0.937     1.214     2.552     5.103     6.830     3.617     6.990     3.894     6.513     3.508     2.148     0.910
     9.75    49.75    2022     0.778     1.784     1.779     2.663     7.861     9.630     7.949    12.486     3.270     3.023     2.676     1.103
     9.75    49.75    2023     0.932     1.221     1.676     5.715     2.420    17.133     8.684    16.301     3.962     4.565     4.702     1.301
     9.75    49.75    2024     0.846     1.708     2.091     3.162     9.188    13.858    15.868    16.680     5.430     2.385     5.219     0.901
     9.75    49.75    2025     1.031     1.228     2.778     2.516     5.572    10.013     1.324    12.189     6.559     6.608     2.975     0.791
     9.75    49.75    2026     0.714     1.577     2.080     2.860     3.548     8.155     7.887     2.639     3.853     4.435     1.695     0.713
     9.75    49.75    2027     0.900     1.242     2.352     2.980     6.680     4.166     4.678     5.748     3.703     1.421     3.102     0.556
     9.75    49.75    2028     1.056     1.038     2.100     3.182     6.193     7.578     8.794    11.174     3.755     4.298     3.972     0.787
     9.75    49.75    2029     0.594     1.407     2.202     3.997    12.876     8.427     2.635    11.211     4.610     5.283     2.017     0.897
     9.75    49.75    2030     0.978     1.452     1.376     3.713     9.258     9.820    13.849     8.915     6.750     5.869     3.591     1.624
     9.75    49.75    2031     1.039     0.486     2.115     7.477     4.053    19.375     4.710     3.620     6.221     4.753     0.944     1.055
     9.75    49.75    2032     0.582     1.242     1.827     2.970    10.455    14.219    11.404    17.045     7.502     4.282     3.764     0.565
     9.75    49.75    2033     0.896     0.882     2.414     8.474     8.924    13.393     9.305    20.168     1.801     1.947     2.265     0.960
     9.75    49.75    2034     0.791     1.080     1.361     3.321     5.818     6.857     4.440     2.688     1.451     2.829     1.730     0.846
     9.75    49.75    2035     0.607     0.850     0.741     6.237    10.666    10.909     6.274     9.562     1.875     5.324     2.146     0.571
     9.75    49.75    2036     0.699     0.826     3.029     4.273     6.702     4.827    14.514    14.898    11.262     4.601     3.452     0.903
     9.75    49.75    2037     0.757     0.555     3.254     5.074     7.798     6.333     4.908     8.875     2.560     8.136     3.366     0.883
     9.75    49.75    2038     0.473     1.053     2.985     6.143    14.595     5.112     6.057     4.550     2.058     4.357     1.155     0.778
     9.75    49.75    2039     0.554     1.184     0.647     3.336    11.324     6.567    11.363     8.194     6.130     3.305     1.164     0.969
     9.75    49.75    2040     0.635     1.007     3.022     5.061     9.158    13.411     4.177    10.566     4.303     2.636     1.195     0.628
     9.75    49.75    2041     0.573     0.557     1.452     7.299     8.834     3.861     5.213    14.665     5.460     3.417     3.866     0.800
     9.75    49.75    2042     0.578     0.815     1.659     2.344     5.059     9.646     5.875     4.267     7.507     4.079     2.874     1.350
     9.75    49.75    2043     0.720     0.922     3.450     3.592     6.223     0.633    11.072     9.347     3.479     2.146     1.066     0.481
     9.75    49.75    2044     0.630     0.791     2.096     3.812     5.504    11.841    12.141     7.505     3.299     5.997     3.325     0.649
     9.75    49.75    2045     0.707     0.935     0.983     1.613     8.949     6.857     3.083     6.776     3.773     1.904     1.685     0.746
     9.75    49.75    2046     0.360     0.923     1.118     5.445    11.974     7.682     3.585     7.874     3.027     4.798     2.267     1.071
     9.75    49.75    2047     0.342     0.756     0.964     1.136     8.612     3.271     6.592     6.406     3.750     7.045     2.708     0.795
     9.75    49.75    2048     0.390     0.873     2.603     4.148     1.746     5.143     5.748     4.217     1.924     4.523     2.210     0.608
     9.75    49.75    2049     0.497     0.746     2.566     6.837     5.769     4.256     1.899     2.722     4.257     3.228     1.659     0.457
     9.75    49.75    2050     0.528     0.529     2.225     3.014     2.456     8.699     3.771     3.739     1.959     2.562     1.897     0.671
     9.75    49.75    2051     0.375     0.639     3.164     2.228     4.218     3.799     3.229     4.698     1.649     2.605     3.348     1.032
     9.75    49.75    2052     0.315     0.506     1.101     2.265     8.311    15.723     7.323     2.946     3.184     4.187     1.641     0.396
     9.75    49.75    2053     0.441     0.384     1.796     3.250     3.294     3.889     3.031     5.909     6.556     2.268     2.218     0.450
     9.75    49.75    2054     0.324     0.722     1.233     2.930     3.182     5.659     3.654     5.726     6.198     3.147     1.661     0.610
     9.75    49.75    2055     0.465     0.589     1.734     3.765     1.071     1.754     8.580     1.128     1.443     3.141     2.492     1.263
     9.75    49.75    2056     0.330     0.339     0.795     5.479     4.249     7.139     4.489     3.431     2.144     0.672     1.311     0.645
     9.75    49.75    2057     0.402     0.522     2.320     1.759     1.938     4.475     3.664     2.600     2.359     4.910     1.610     1.242
     9.75    49.75    2058     0.281     0.487     0.945     2.582     3.407     1.325     2.868     7.563     2.172     3.100     1.027     0.505
     9.75    49.75    2059     0.427     0.682     0.718     3.917     2.470     3.309     3.222    11.782     1.878     2.324     2.602     0.266
     9.75    49.75    2060     0.373     0.302     1.144     3.686     1.270     1.536     4.789     1.286     1.674     2.808     2.394     0.274
     9.75    49.75    2061     0.338     0.548     2.192     6.069     5.582     4.276     2.626     2.930     3.857     1.039     1.981     0.298
     9.75    49.75    2062     0.313     0.328     1.760     5.601     5.507     3.590     4.830     5.298     3.211     2.232     1.446     0.439
     9.75    49.75    2063     0.252     0.513     4.863     3.651     2.197     6.033     7.134     7.429     5.204     0.765     2.103     0.275
     9.75    49.75    2064     0.268     0.394     0.834     2.264     3.355     2.632     8.006     6.423     0.199     1.735     4.029     0.703
     9.75    49.75    2065     0.309     0.838     2.009     4.775     3.764     9.679     3.517     3.059     0.443     2.586     1.279     0.656
     9.75    49.75    2066     0.252     0.479     1.029     2.674     1.841     5.153     2.385     5.267     3.837     3.382     2.093     0.282
     9.75    49.75    2067     0.248     0.317     0.564     0.862     3.653     3.589     0.460     2.598     1.121     1.962     2.706     0.252
     9.75    49.75    2068     0.256     0.328     0.580     1.121     2.841     2.815     3.386     4.563     2.786     1.795     2.655     1.457
     9.75    49.75    2069     0.300     0.407     0.699     2.010     0.628     6.603     4.021     2.579     3.467     3.500     1.759     0.245
     9.75    49.75    2070     0.161     0.206     0.611     2.785     0.692     3.006     6.285     1.116     3.259     2.060     1.869     1.848
     9.75    49.75    2071     0.185     0.372     0.617     1.721     2.742     3.853     1.537     2.341     0.457     1.816     1.462     1.569
     9.75    49.75    2072     0.185     0.233     0.283     1.746     0.944     4.469     3.363     1.956     2.243     2.817     1.279     0.162
     9.75    49.75    2073     0.218     0.577     1.503     0.810     4.396     7.207     2.943     1.163     0.835     0.340     1.658     0.171
     9.75    49.75    2074     0.203     0.320     0.622     1.828     3.753     1.061     1.045     4.882     2.091     1.835     1.998     0.207
     9.75    49.75    2075     0.166     0.169     1.040     3.162     2.246     2.879     2.942     4.109     2.343     1.778     1.733     0.781
     9.75    49.75    2076     0.190     0.206     0.702     5.403     3.223     6.210     2.782     7.979     4.925     1.932     3.938     0.968
     9.75    49.75    2077     0.190     0.223     0.310     1.590     4.583     7.071     8.238     6.606     3.164     3.404     3.268     0.391
     9.75    49.75    2078     0.160     0.329     1.402     3.225     3.065     6.794     2.618     2.072     2.323     3.245     1.827     1.936
     9.75    49.75    2079     0.153     0.133     1.101     1.942     1.315     1.232     1.857     4.712     1.988     1.707     0.921     1.094
     9.75    49.75    2080     0.132     0.210     0.363     1.174     4.638     1.016     2.736     7.685     2.220     2.303     3.088     0.842
     9.75    49.75    2081     0.130     0.403     1.194     1.732     3.407     1.533     3.313     4.401     2.857     1.057     2.336     0.097
     9.75    49.75    2082     0.123     0.191     0.813     1.233     1.123     1.225     3.402     7.864     1.913     1.794     2.145     2.392
     9.75    49.75    2083     0.151     0.192     0.356     1.016     1.409     5.800     1.242     1.680     2.415     1.662     0.822     0.150
     9.75    49.75    2084     0.121     0.138     1.357     1.557     3.168     5.084     4.964     4.434     0.804     2.782     2.330     1.149
     9.75    49.75    2085     0.099     0.125     0.359     1.651     3.103     0.990     6.255     4.624     4.066     1.271     1.072     2.861
     9.75    49.75    2086     0.079     0.107     0.228     3.216     3.956     1.689     4.721     3.712     2.090     3.092     3.283     0.746
     9.75    49.75    2087     0.056     0.088     0.222     2.064     5.374     3.509     2.372     5.038     3.556     1.253     2.634     0.044
     9.75    49.75    2088     0.060     0.115     1.272     3.528     6.579     5.005     2.608     1.336     1.462     1.820     2.123     0.828
     9.75    49.75    2089     0.064     0.146     0.104     0.690     3.725     3.447     1.166     2.927     1.507     2.389     2.118     0.046
     9.75    49.75    2090     0.060     0.077     0.311     1.267     4.322     1.779     1.119     1.713     1.028     0.845     1.019     2.218
     9.75    49.75    2091     0.054     0.091     0.506     1.834     1.203     4.451     2.133     0.643     0.590     1.855     1.893     0.047
     9.75    49.75    2092     0.049     0.045     0.965     2.609     4.590     2.349     1.799     1.527     0.559     1.924     1.173     0.615
     9.75    49.75    2093     0.035     0.064     0.200     1.908     1.565     1.359     2.669     1.910     0.251     2.513     3.432     1.283
     9.75    49.75    2094     0.060     0.051     0.191     0.948     2.156     2.371     0.881     2.472     0.904     1.802     1.610     0.972
     9.75    49.75    2095     0.063     0.085     1.172     2.004     1.759     2.132     6.046     5.356     0.570     2.817     3.566     1.193
     9.75    49.75    2096     0.028     0.034     0.086     0.927     5.032     3.555     2.604     2.188     1.453     0.702     1.734     0.696
     9.75    49.75    2097     0.048     0.085     2.410     2.905     4.142     0.656     0.976     3.448     0.486     3.488     3.435     1.045
     9.75    49.75    2098     0.010     0.019     0.126     1.221     0.552     1.791     4.346     2.437     1.120     1.364     0.892     0.473
     9.75    49.75    2099     0.009     0.017     0.804     4.961     3.469     2.882     4.383     6.563     0.943     0.509     2.167     2.201
     9.75    49.75    2100     0.006     0.008     0.093     1.738     0.610     3.370     3.037     4.095     1.667     1.588     3.696     0.005
     9.75    49.75    2101     0.004     0.109     0.382     1.452     2.229     3.035     0.611     2.286     0.370     1.533     1.915     2.207
     9.75    49.75    2102     0.000     0.000     0.000     0.928     0.494     2.613     2.519     1.565     1.373     2.103     0.575     0.000
     9.75    49.75    2103     0.000     0.387     1.143     0.648     4.026     4.860     1.303     0.896     0.628     0.137     2.023     0.000
     9.75    49.75    2104     0.000     0.000     0.081     1.556     3.237     0.786     0.456     3.858     1.622     1.537     1.803     1.399
     9.75    49.75    2105     0.000     0.000     0.612     2.505     1.650     2.253     1.192     2.966     1.583     1.435     1.547     0.504
     9.75    49.75    2106     0.000     0.001     0.424     5.123     2.902     5.690     2.044     8.164     4.343     1.761     4.361     1.131
     9.75    49.75    2107     0.000     0.000     0.113     1.374     4.409     7.137     7.646     5.997     2.784     3.265     3.907     0.353
     9.75    49.75    2108     0.000     0.035     1.185     2.738     2.009     6.441     1.925     1.577     1.970     3.020     1.818     2.511
     9.75    49.75    2109     0.000     0.000     0.447     1.626     1.021     1.033     1.583     3.968     1.363     1.608     0.917     1.105
     9.75    49.75    2110     0.000     0.029     0.084     1.275     4.114     0.854     2.233     7.041     2.062     2.022     3.440     1.421
     9.75    49.75    2111     0.000     0.331     1.012     1.492     2.379     1.346     3.087     3.367     2.530     0.723     2.222     0.082
     9.75    49.75    2112     0.000     0.011     0.739     1.275     0.688     0.859     2.266     7.521     1.488     1.639     2.083     2.147
     9.75    49.75    2113     0.000     0.000     0.050     0.751     1.132     4.858     1.302     1.243     1.712     1.420     0.984     0.000
     9.75    49.75    2114     0.000     0.000     1.200     0.972     3.215     5.134     4.870     4.094     0.310     2.634     2.209     1.146
     9.75    49.75    2115     0.000     0.000     0.073     1.547     2.374     0.564     5.513     4.302     3.824     1.183     1.060     2.772
     9.75    49.75    2116     0.000     0.000     0.035     2.500     3.497     1.239     5.463     3.598     1.705     2.804     3.378     1.437
     9.75    49.75    2117     0.000     0.000     0.053     2.104     5.226     3.413     2.820     5.195     3.443     1.212     2.639     0.000
     9.75    49.75    2118     0.003     0.007     0.830     3.732     6.310     5.007     2.423     1.769     0.964     1.138     1.876     1.160
     9.75    49.75    2119     0.009     0.077     0.052     0.302     3.761     3.038     1.254     2.684     1.490     2.262     2.373     0.000
     9.75    49.75    2120     0.000     0.000     0.173     1.418     4.211     1.629     0.681     2.417     0.312     0.871     0.988     3.008
     9.75    49.75    2121     0.000     0.006     0.535     1.906     1.094     3.982     2.334     0.623     0.581     1.836     1.762     0.000
     9.75    49.75    2122     0.000     0.005     0.740     2.675     4.686     3.043     0.960     2.037     1.043     2.099     1.257     0.339
     9.75    49.75    2123     0.000     0.000     0.184     2.089     1.703     1.137     1.896     2.208     1.008     2.453     3.391     0.958
     9.75    49.75    2124     0.000     0.000     0.009     0.695     1.946     2.031     0.818     2.388     0.808     1.831     1.620     1.648
     9.75    49.75    2125     0.000     0.001     1.116     1.896     2.116     1.932     4.689     5.087     0.571     2.716     3.424     1.342
     9.75    49.75    2126     0.000     0.000     0.041     0.718     4.862     3.432     2.167     2.621     1.596     0.603     1.904     0.309
     9.75    49.75    2127     0.039     0.066     2.225     2.908     4.292     0.277     1.965     3.397     0.541     3.360     3.716     0.763
     9.75    49.75    2128     0.000     0.000     0.171     1.276     0.722     1.256     3.985     2.357     1.338     1.459     0.876     0.086
     9.75    49.75    2129     0.000     0.004     1.038     5.118     3.524     2.507     3.871     6.718     1.551     0.455     2.204     1.545
     9.75    49.75    2130     0.000     0.000     0.148     1.664     0.423     2.530     4.396     4.459     1.500     1.910     3.322     0.000
    13.75    55.75    1980     0.310     0.824     1.761     1.296     1.214     6.322     2.670     2.398     7.952     5.079     2.725     0.489
    13.75    55.75    1981     0.531     0.593     1.685     1.343     2.733     7.842     1.186     2.083     4.309     3.107     1.946     0.361
    13.75    55.75    1982     0.447     1.014     1.411     1.258     4.864     5.567     0.399     3.338     6.292     4.946     3.236     0.419
    13.75    55.75    1983     0.669     0.848     1.322     1.728     4.233     6.394     1.678     1.718     2.531     4.519     1.098     0.389
    13.75    55.75    1984     0.660     0.552     1.755     1.327     5.484     4.242    12.856     4.448     6.051     4.085     3.023     0.461
    13.75    55.75    1985     0.459     0.750     1.674     2.843     5.673    10.370     8.021     8.534     6.835     5.184     1.611     0.375
    13.75    55.75    1986     0.454     0.749     1.353     1.620     4.047     2.933     5.015     9.447     6.606     4.531     2.044     0.479
    13.75    55.75    1987     0.446     0.775     1.791     0.686     1.318     8.321     5.247     1.453    12.985     4.539     3.019     0.680
    13.75    55.75    1988     0.482     1.097     1.205     1.342     5.258     2.282     4.960     4.647     6.128     3.092     2.659     0.389
    13.75    55.75    1989     0.440     0.896     1.427     2.187     4.879     1.249     8.832     0.442     6.896     6.392     2.771     0.400
    13.75    55.75    1990     0.360     0.632     1.250     2.569     3.368    11.382     0.871     7.456     5.002     4.280     2.652     0.536
    13.75    55.75    1991     0.421     0.857     2.362     1.307     3.409     0.716    11.047     9.204     7.454     6.617     1.235     0.406
    13.75    55.75    1992     0.575     0.917     1.165     1.612     4.920     8.136     4.199     0.476     4.770     3.824     1.089     0.335
    13.75    55.75    1993     0.604     0.700     1.139     0.953     5.886     5.136    15.617     5.880     6.868     4.635     0.988     0.219
    13.75    55.75    1994     0.483     0.868     1.726     1.207     3.026     8.293    17.525     7.646     9.176     4.880     2.784     0.672
    13.75    55.75    1995     0.641     0.750     0.877     2.041     3.870    10.967     1.330     3.428     7.419     6.818     3.528     0.346
    13.75    55.75    1996     0.612     1.079     2.060     2.061     4.688     3.751     5.587     7.727     9.853     6.926     2.416     0.258
    13.75    55.75    1997     0.414     0.664     1.240     1.652     2.535     7.279    11.410     6.479     9.185     5.378     3.458     0.897
    13.75    55.75    1998     0.397     1.026     1.588     1.266     3.224    11.645     3.496     4.271     6.997     4.115     2.802     0.658
    13.75    55.75    1999     0.628     0.909     2.149     1.667     7.578     1.881     5.313     6.817    10.650     5.535     2.602     0.493
    13.75    55.75    2000     0.513     0.861     1.828     1.602     1.984     6.508     2.535     2.203     8.015     5.147     2.386     0.390
    13.75    55.75    2001     0.653     0.686     1.709     1.068     7.350    10.331    13.691    12.002     6.855     3.941     1.743     0.373
    13.75    55.75    2002     0.665     1.050     0.442     3.010     2.559     1.134     7.424     9.157    12.602     4.817     2.978     0.462
    13.75    55.75    2003     0.342     1.076     1.456     2.876     4.037     2.704    14.519     5.266    10.202     3.560     4.497     0.395
    13.75    55.75    2004     0.454     0.861     1.653     1.536     8.604     9.816    17.355     7.129     3.347     4.573     3.597     0.669
    13.75    55.75    2005     0.669     1.058     0.637     3.267     2.255     9.215     0.000     4.578     6.916     4.566     2.721     0.491
    13.75    55.75    2006     0.575     1.061     1.485     2.321     4.086     4.324     0.000     9.640     6.323     8.010     2.344     0.652
    13.75    55.75    2007     0.578     0.632     1.050     4.233     8.421    16.597     5.381     5.927     6.886     6.082     1.889     0.439
    13.75    55.75    2008     0.685     0.880     1.841     1.922     2.644    14.106     9.214     2.758     5.604     6.538     2.182     0.583
    13.75    55.75    2009     0.466     1.045     1.703     3.008     1.453     2.646     9.058    10.291     6.745     9.663     3.015     0.435
    13.75    55.75    2010     0.697     0.944     1.928     3.688     1.298    14.808    13.055     8.253     9.215     6.351     2.606     0.391
    13.75    55.75    2011     0.727     0.841     1.113     3.066     8.138    13.631     4.413     3.144     8.708     5.629     2.913     0.572
    13.75    55.75    2012     0.937     1.196     1.701     3.104     4.091     1.851    13.452     2.838    12.399     5.424     2.606     0.415
    13.75    55.75    2013     0.788     1.096     1.413     1.187     5.741     7.732     0.000     4.685    11.585     5.597     3.046     0.511
    13.75    55.75    2014     0.811     1.528     2.854     3.427     4.385    11.514     2.483     9.095     5.453     4.476     2.275     0.292
    13.75    55.75    2015     0.599     1.320     1.648     2.423     6.687     9.208    12.771     2.875    14.821     4.000     4.517     0.813
    13.75    55.75    2016     0.977     1.155     1.916     5.070     5.901    12.520     9.513     8.298     6.606     6.233     1.653     0.538
    13.75    55.75    2017     0.709     0.843     1.423     1.769     7.023    10.494    18.959    14.859     5.488     5.322     3.600     0.554
    13.75    55.75    2018     0.730     1.089     2.886     5.230     2.930     3.635     2.883     0.582     7.833     6.571     2.183     0.653
    13.75    55.75    2019     0.616     0.830     1.958     2.712    11.352     3.252     3.224    10.752     6.152     4.287     2.730     0.480
    13.75    55.75    2020     0.541     0.687     1.330     2.606     6.627    11.482     4.772     3.917     3.222     6.183     2.309     0.559
    13.75    55.75    2021     0.461     0.750     2.082     2.266     5.299     5.123     0.911     0.797     6.173     4.860     2.238     0.584
    13.75    55.75    2022     0.480     1.015     2.080     1.650     3.271    13.004     0.956    10.207     2.142     5.472     3.725     0.836
    13.75    55.75    2023     0.714     1.023     1.908     3.391     2.238     3.393     0.000     2.747    11.168     4.048     3.107     0.624
    13.75    55.75    2024     0.478     0.654     1.895     1.470     0.937     5.384     0.000     8.684    11.195     3.681     3.719     0.651
    13.75    55.75    2025     0.492     0.974     1.232     1.462     6.198    10.928     2.066     6.358    12.772     5.095     2.351     0.414
    13.75    55.75    2026     0.808     1.634     2.210     2.054     1.669    18.560     3.209     5.952     6.823     6.949     2.439     0.509
    13.75    55.75    2027     0.666     1.154     2.184     1.672     6.982     8.923    12.636    11.164     8.803     3.309     2.466     0.273
    13.75    55.75    2028     0.829     1.110     1.568     3.062     0.689     9.310     0.940    16.080     1.979     7.984     4.102     0.739
    13.75    55.75    2029     0.686     1.378     2.649     1.949     3.434     9.883     0.000    12.675     9.481     6.061     2.658     0.572
    13.75    55.75    2030     0.595     1.068     0.851     1.826     2.513     1.990     0.939     8.523     5.397     7.467     3.270     0.733
    13.75    55.75    2031     0.598     0.998     1.462     3.693     3.035    13.875    11.462    10.330     9.835     4.319     1.406     0.454
    13.75    55.75    2032     0.609     1.334     1.464     2.361     6.224     5.591     9.686    10.833     6.026     4.811     3.689     0.530
    13.75    55.75    2033     0.712     1.354     1.581     1.092     1.809     4.009     4.101     7.685     5.859     7.193     3.321     0.663
    13.75    55.75    2034     0.466     0.929     1.423     2.990     4.147     7.023    14.652     1.868     7.042     3.277     2.923     0.575
    13.75    55.75    2035     0.729     0.819     0.750     1.814     7.270     0.783     9.670     5.759     3.489     5.241     2.273     0.653
    13.75    55.75    2036     0.634     0.505     2.317     2.079     4.732    11.757    10.957    16.077     5.928     5.666     2.400     0.482
    13.75    55.75    2037     0.798     1.073     3.568     4.953     4.099    12.123    11.461     6.233     3.330     4.469     2.308     0.563
    13.75    55.75    2038     0.445     1.160     2.306     4.629    10.198     6.352     0.687     5.094     7.440     5.366     2.572     0.609
    13.75    55.75    2039     0.496     1.246     0.697     1.102     8.355     4.913    12.959     6.197    14.389     6.390     2.026     0.692
    13.75    55.75    2040     0.678     1.188     0.803     1.524     3.832     6.701     8.427     4.215     7.852     3.235     2.552     0.406
    13.75    55.75    2041     0.604     0.677     1.042     4.087     6.294     0.899     0.590     2.593     8.335     6.012     3.023     0.391
    13.75    55.75    2042     0.593     0.959     1.628     2.227     3.997     5.796     4.349     1.245     5.767     5.976     3.044     0.605
    13.75    55.75    2043     0.687     1.309     1.224     4.796     4.921     4.658     0.000     4.200     1.468     5.084     1.979     0.596
    13.75    55.75    2044     0.556     0.954     1.353     1.398     1.407     0.000     7.282     7.862     6.606     4.782     3.512     0.714
    13.75    55.75    2045     0.593     0.790     1.221     2.081     1.948    12.675     4.823    10.864     6.161     4.163     2.767     0.561
    13.75    55.75    2046     0.465     1.019     1.424     3.296     2.972     4.068    15.003     9.762     8.319     6.695     2.103     0.592
    13.75    55.75    2047     0.372     1.031     1.854     0.920     3.281     8.952     7.566     0.820     2.487     4.662     2.220     0.460
    13.75    55.75    2048     0.585     1.330     2.381     2.352     3.496     1.257    10.784     7.264     7.320     6.737     2.577     0.288
    13.75    55.75    2049     0.574     0.954     2.420     1.603     4.928    15.829     2.005     4.747     8.045     4.929     2.982     0.504
    13.75    55.75    2050     0.647     0.971     1.357     1.618     8.047     9.535     4.295     7.284     5.798     6.118     1.886     0.403
    13.75    55.75    2051     0.531     0.899     1.196     3.309     1.959     5.034     6.061     9.945     6.623     5.636     3.322     0.299
    13.75    55.75    2052     0.669     0.614     1.573     3.016     6.933     4.044     6.824     1.212     3.152     4.910     2.498     0.342
    13.75    55.75    2053     0.532     1.278     1.770     2.307     4.395    10.217     2.068    16.078     3.146     3.768     2.143     0.544
    13.75    55.75    2054     0.704     1.062     1.688     3.157     5.744     2.484     1.491     5.175     9.317     3.880     3.889     0.764
    13.75    55.75    2055     0.448     1.160     1.755     1.596     2.397     6.733    10.219     1.249     3.221     3.880     3.437     0.986
    13.75    55.75    2056     0.689     0.593     1.479     4.545     5.900     2.188     8.816     8.339     6.213     1.572     2.975     0.563
    13.75    55.75    2057     0.512     0.860     1.485     1.503     1.054     5.715     3.495    10.133     1.347     5.424     1.998     0.424
    13.75    55.75    2058     0.431     1.050     0.785     2.341     2.517     6.516     0.000     4.189     5.461     4.152     3.093     0.753
    13.75    55.75    2059     0.461     0.486     0.898     2.153     2.646     7.189     0.508     6.910     6.969     3.627     2.003     0.512
    13.75    55.75    2060     0.383     0.738     1.098     1.749     2.692     3.845     4.787     9.274     3.938     5.421     2.085     0.430
    13.75    55.75    2061     0.478     0.451     1.443     2.704     7.927     4.123    11.690     3.262     6.157     3.098     2.197     0.340
    13.75    55.75    2062     0.383     0.648     1.202     3.449     6.428     9.436     4.978    10.974     7.431     5.291     2.586     0.533
    13.75    55.75    2063     0.486     1.035     1.618     1.703     0.755     7.410    10.865    13.198     7.566     2.506     2.435     0.680
    13.75    55.75    2064     0.557     0.811     1.400     1.644     3.851     2.947     7.593     4.505     3.540     3.616     2.772     0.618
    13.75    55.75    2065     0.401     0.758     1.501     3.574     2.488     0.000     1.516     5.170     1.054     5.505     1.788     0.770
    13.75    55.75    2066     0.362     0.761     1.131     1.551     3.213     5.638    13.543     4.835     6.134     4.303     1.855     0.502
    13.75    55.75    2067     0.425     0.327     1.334     2.258     5.287     6.401     4.121     6.057     5.934     6.133     3.056     0.298
    13.75    55.75    2068     0.473     0.822     1.770     2.365     3.756     7.163    14.690     1.792     4.399     3.873     1.926     0.486
    13.75    55.75    2069     0.392     0.741     1.331     2.133     1.452     1.078     1.516     3.897     9.463     4.302     3.003     0.794
    13.75    55.75    2070     0.535     0.535     0.772     2.157     1.291     0.629     4.049     3.964     3.901     3.068     1.478     0.934
    13.75    55.75    2071     0.357     0.493     0.664     2.402     2.775     1.968     7.067     1.351     4.153     4.483     2.135     1.131
    13.75    55.75    2072     0.461     0.475     0.603     0.481     2.055     2.791     2.140     7.155     3.439     3.749     1.586     0.259
    13.75    55.75    2073     0.283     0.521     1.112     0.738     2.563     0.304     1.191     4.491     4.878     1.680     2.439     0.477
    13.75    55.75    2074     0.364     0.275     1.365     3.614     1.373     3.021    10.803     0.838     2.263     3.467     1.954     0.475
    13.75    55.75    2075     0.330     0.685     0.656     3.312     5.075     5.911     3.695     3.643     5.020     4.508     2.752     0.407
    13.75    55.75    2076     0.342     0.437     1.344     1.236     1.773     0.972     0.822     3.199     5.922     2.241     3.168     0.817
    13.75    55.75    2077     0.246     0.546     0.167     0.752     2.379     0.749    11.255     4.130     3.082     3.807     2.641     0.373
    13.75    55.75    2078     0.398     0.461     1.247     4.350     1.158     6.493     0.000     2.045     3.133     3.589     2.380     1.200
    13.75    55.75    2079     0.419     0.676     1.172     0.703     3.060     6.423     0.308     3.578     8.248     4.675     1.697     0.678
    13.75    55.75    2080     0.282     0.695     0.658     1.283     4.271     3.720     0.348     3.018     2.754     0.736     2.379     1.071
    13.75    55.75    2081     0.366     0.387     0.731     1.532     1.709     6.772     0.433     2.666     4.155     1.314     4.005     0.239
    13.75    55.75    2082     0.355     0.526     1.098     1.485     0.785     2.436    10.171     5.042     7.163     3.680     2.804     1.042
    13.75    55.75    2083     0.324     0.543     0.750     0.778     2.337     0.270     4.532     5.633     7.980     3.038     1.471     0.475
    13.75    55.75    2084     0.287     0.462     0.868     2.534     2.967     5.626     9.066     1.796     0.442     4.273     2.988     0.939
    13.75    55.75    2085     0.295     0.409     0.864     1.789     1.422     6.381     0.748    14.411     4.829     3.762     2.326     1.416
    13.75    55.75    2086     0.370     0.385     0.358     2.098     2.895     0.000     3.933     8.930     2.654     4.584     1.894     0.176
    13.75    55.75    2087     0.225     0.555     0.905     2.889     4.058     8.314     1.960     5.679     6.929     2.161     2.821     0.281
    13.75    55.75    2088     0.284     0.490     1.277     1.546     5.045     0.287     0.201     2.835     4.758     2.938     2.886     1.419
    13.75    55.75    2089     0.203     0.291     0.651     0.602     1.351     7.529     5.215     4.664     1.949     2.995     1.894     0.145
    13.75    55.75    2090     0.190     0.331     0.601     1.369     5.141     4.331     6.811     0.797     3.277     3.599     2.617     1.611
    13.75    55.75    2091     0.278     0.331     0.723     1.847     1.321     1.145     8.052     4.754     2.187     5.254     2.268     0.200
    13.75    55.75    2092     0.188     0.301     0.260     1.819     1.713     0.154     0.464     0.075     4.059     3.005     2.556     0.418
    13.75    55.75    2093     0.194     0.264     0.484     1.804     1.955     0.318     1.287     0.477     1.865     2.158     1.546     0.781
    13.75    55.75    2094     0.171     0.254     0.368     0.986     0.981     4.978     5.065     1.291     3.204     3.131     2.871     0.982
    13.75    55.75    2095     0.124     0.240     0.446     3.655     0.521     0.000     0.417     0.319     2.947     4.790     4.539     1.609
    13.75    55.75    2096     0.137     0.207     0.311     1.428     1.562     5.824     2.176     5.250     3.756     2.005     1.837     0.946
    13.75    55.75    2097     0.192     0.154     1.444     2.760     3.721     0.991     2.062     4.432     2.442     3.214     4.083     1.069
    13.75    55.75    2098     0.151     0.324     0.789     1.190     0.954     0.806     3.084     7.553     3.408     2.465     0.847     0.074
    13.75    55.75    2099     0.128     0.204     0.227     0.333     1.355     1.316     0.055     1.880     0.449     2.640     3.448     1.133
    13.75    55.75    2100     0.135     0.182     0.286     0.972     0.828     0.969     0.430     1.058     1.639     1.558     0.936     0.070
    13.75    55.75    2101     0.159     0.201     0.252     1.545     2.101     0.977     4.586     0.487     2.231     4.565     3.003     1.543
    13.75    55.75    2102     0.119     0.118     0.229     0.212     0.986     1.408     1.079     4.374     1.870     2.072     1.831     0.046
    13.75    55.75    2103     0.129     0.308     0.465     0.443     1.401     0.070     0.250     2.146     3.143     1.078     3.505     1.003
    13.75    55.75    2104     0.093     0.142     0.365     2.084     0.410     1.230     5.781     0.347     1.233     1.661     1.306     0.924
    13.75    55.75    2105     0.121     0.170     0.338     2.130     3.181     2.746     2.314     2.779     4.056     5.103     3.962     0.301
    13.75    55.75    2106     0.092     0.109     0.269     0.569     1.228     0.330     0.408     1.359     4.135     1.876     3.294     1.168
    13.75    55.75    2107     0.097     0.081     0.036     0.370     1.293     0.129     6.884     2.192     1.908     2.850     2.509     0.496
    13.75    55.75    2108     0.088     0.096     0.489     3.060     0.507     5.214     0.000     1.375     1.821     3.745     3.122     1.694
    13.75    55.75    2109     0.072     0.105     0.454     0.385     1.248     3.397     0.181     1.050     5.699     4.056     1.505     0.698
    13.75    55.75    2110     0.048     0.126     0.169     0.415     3.088     1.545     0.034     1.451     1.810     0.484     2.862     1.251
    13.75    55.75    2111     0.049     0.072     0.090     0.709     1.027     4.080     0.047     1.243     1.685     0.723     3.287     0.033
    13.75    55.75    2112     0.021     0.032     0.374     0.921     0.371     1.027     7.473     3.481     5.039     3.398     3.226     1.756
    13.75    55.75    2113     0.011     0.033     0.051     0.287     1.811     0.070     2.458     3.865     4.699     2.403     1.218     0.662
    13.75    55.75    2114     0.000     0.000     0.124     1.442     1.488     6.381     4.929     0.316     0.103     3.089     2.436     0.828
    13.75    55.75    2115     0.000     0.000     0.000     1.015     0.888     5.530     0.235     8.557     4.212     3.317     2.009     2.245
    13.75    55.75    2116     0.119     0.000     0.000     0.804     1.647     0.000     0.544     6.149     1.687     3.110     2.120     0.336
    13.75    55.75    2117     0.000     0.000     0.007     2.228     2.891     5.433     1.185     2.092     4.759     1.342     2.911     0.137
    13.75    55.75    2118     0.000     0.000     0.186     1.192     4.279     0.112     0.010     1.710     4.156     2.717     2.598     1.062
    13.75    55.75    2119     0.012     0.036     0.051     0.234     0.851     4.629     3.666     3.733     1.343     2.623     2.096     0.000
    13.75    55.75    2120     0.000     0.000     0.000     0.637     4.729     4.525     4.640     0.466     2.724     3.228     2.744     1.457
    13.75    55.75    2121     0.000     0.000     0.019     1.360     1.522     1.149     3.547     3.959     1.308     6.067     2.396     0.000
    13.75    55.75    2122     0.000     0.000     0.065     1.706     0.930     0.054     0.138     0.000     3.140     2.450     2.637     0.512
    13.75    55.75    2123     0.000     0.000     0.047     1.180     1.158     0.050     0.962     0.127     1.402     1.853     2.124     0.792
    13.75    55.75    2124     0.000     0.000     0.012     0.455     0.823     4.054     4.347     0.956     3.043     3.531     2.701     1.051
    13.75    55.75    2125     0.000     0.000     0.316     3.284     0.608     0.000     0.410     0.069     2.760     4.674     4.006     1.362
    13.75    55.75    2126     0.000     0.000     0.003     0.963     1.078     4.222     1.502     4.145     2.785     1.911     1.127     0.568
    13.75    55.75    2127     0.000     0.000     0.520     3.403     3.661     2.013     2.061     4.583     3.625     4.387     4.786     0.829
    13.75    55.75    2128     0.000     0.000     0.043     1.797     1.775     0.322     2.377     7.113     3.029     2.182     0.879     0.700
    13.75    55.75    2129     0.000     0.000     0.000     0.035     1.321     1.035     0.026     2.598     0.303     2.745     3.784     1.481
    13.75    55.75    2130     0.000     0.000     0.000     0.692     0.640     0.887     0.350     0.614     1.400     1.367     0.867     0.000
    23.75    61.75    1980     0.161     0.923     2.370     2.796     3.783     7.569     5.614     6.254     5.742     3.365     0.960     0.000
    23.75    61.75    1981     0.220     1.199     2.876     3.139     4.096     3.041     6.923     7.741     4.901     3.391     0.280     0.066
    23.75    61.75    1982     0.130     1.200     3.603     3.701     3.128     5.978     3.435     5.951     7.617     3.428     1.016     0.000
    23.75    61.75    1983     0.061     0.905     2.843     1.941     1.719     3.926     4.704     2.784     3.066     2.187     0.322     0.028
    23.75    61.75    1984     0.301     1.301     2.341     2.227     4.459     3.335    15.001     9.941     6.337     4.150     0.802     0.000
    23.75    61.75    1985     0.858     0.541     1.736     2.996     3.523     6.169    10.828     5.389     7.654     2.570     0.293     0.017
    23.75    61.75    1986     0.072     0.940     1.690     3.578     2.722     5.155     6.636     5.160     4.278     2.932     0.319     0.070
    23.75    61.75    1987     0.049     0.746     1.275     2.551     4.443     8.757     5.346     5.349     5.505     3.427     0.793     0.120
    23.75    61.75    1988     0.160     1.015     3.255     2.476     4.724     5.941     5.273     9.159     6.026     2.244     0.859     0.000
    23.75    61.75    1989     0.186     0.572     2.217     4.032     2.302     5.047     7.323     3.229     5.285     5.595     0.544     0.000
    23.75    61.75    1990     0.160     1.092     1.782     4.346     2.809     4.468     7.030    10.619     7.401     3.305     0.804     0.000
    23.75    61.75    1991     0.177     0.559     2.023     1.881     3.018     2.394     6.043     6.378     5.041     4.236     0.207     0.041
    23.75    61.75    1992     0.139     0.875     2.305     2.398     2.821     6.050    13.914    11.156     3.728     1.539     0.495     0.003
    23.75    61.75    1993     0.250     0.928     2.650     3.883     2.876     1.145    10.331     5.649     6.958     2.483     0.290     0.000
    23.75    61.75    1994     0.303     1.434     1.514     4.705     4.952     7.099     5.050     8.076     6.382     3.725     0.662     0.000
    23.75    61.75    1995     0.155     1.072     2.708     1.940     4.396     5.906    11.288     5.670     3.481     3.812     0.804     0.020
    23.75    61.75    1996     0.011     1.488     2.803     4.683     2.709     1.979     6.990    10.579     3.708     3.409     0.663     0.000
    23.75    61.75    1997     0.051     0.712     1.670     2.393     4.128     0.203     8.962    10.786     4.116     3.239     0.493     0.000
    23.75    61.75    1998     0.553     0.621     2.995     3.333     3.757     5.207     7.516     8.676     5.289     4.077     1.027     0.000
    23.75    61.75    1999     0.171     1.686     1.878     3.849     6.458     4.094     8.120     9.296     4.317     2.681     0.751     0.000
    23.75    61.75    2000     0.121     1.021     2.497     3.045     3.413     1.738    10.097     8.583     4.586     3.396     0.734     0.000
    23.75    61.75    2001     0.064     0.591     2.410     3.168     4.580     2.314     4.828    14.343     4.847     2.416     0.724     0.000
    23.75    61.75    2002     0.091     0.909     1.129     2.978     4.040     7.490     5.227     7.609     6.619     1.587     0.915     0.000
    23.75    61.75    2003     0.076     0.892     1.542     3.166     3.889     3.558     6.207     6.104     7.265     3.020     0.568     0.000
    23.75    61.75    2004     0.264     0.753     2.246     3.258     2.750     5.821    14.935     8.393     4.987     4.697     0.678     0.003
    23.75    61.75    2005     0.242     1.212     2.297     3.472     3.357    13.603     7.425     4.749     7.483     2.341     0.568     0.000
    23.75    61.75    2006     0.319     1.579     1.661     4.992     4.876     2.257     3.649     6.662     6.979     4.303     0.652     0.010
    23.75    61.75    2007     0.315     0.777     2.278     3.771     4.684     9.921     4.558     5.401     6.328     4.152     0.682     0.106
    23.75    61.75    2008     0.110     1.143     2.526     3.133     4.664    11.118     8.635    10.739     7.486     4.192     0.496     0.000
    23.75    61.75    2009     0.297     1.097     1.737     2.418     2.825     3.155    16.003    10.016     6.047     4.631     0.457     0.000
    23.75    61.75    2010     0.148     1.312     2.995     4.273     1.932    10.419     9.559    10.442     4.955     2.484     1.013     0.000
    23.75    61.75    2011     0.538     1.269     2.177     4.003     6.432     7.170     6.075     7.750     6.340     3.965     0.913     0.000
    23.75    61.75    2012     0.115     1.237     1.983     2.142     2.486     3.089     6.436     3.564     4.900     4.321     0.907     0.373
    23.75    61.75    2013     0.494     0.443     1.818     1.544     2.471     6.561     8.494     5.350     7.068     3.364     0.478     0.000
    23.75    61.75    2014     0.298     0.941     2.961     3.738     1.363    13.360     1.651    12.312     6.998     4.377     0.712     0.000
    23.75    61.75    2015     0.075     1.159     2.055     3.064     5.045     4.063     8.109     4.096     3.145     3.668     0.860     0.000
    23.75    61.75    2016     0.148     1.363     2.910     3.668     3.755     9.935     6.433     5.989     7.165     3.427     0.724     0.000
    23.75    61.75    2017     0.203     0.735     1.061     1.675     3.067     2.542     7.140     8.073     5.613     2.888     0.708     0.000
    23.75    61.75    2018     0.101     1.017     3.114     1.137     5.711     6.959     6.263     8.139     4.450     2.653     0.881     0.000
    23.75    61.75    2019     0.135     1.127     1.587     3.348     2.714     8.636     5.391     6.823     6.957     4.195     0.626     0.000
    23.75    61.75    2020     0.105     0.750     2.319     3.702     3.686     5.137    10.701     8.116     4.663     2.737     0.816     0.000
    23.75    61.75    2021     0.055     0.578     2.322     3.588     2.957     6.104     3.216     3.981     6.078     1.146     0.583     0.403
    23.75    61.75    2022     0.102     0.966     2.373     2.003     2.273     2.645     7.730     6.866     5.009     2.312     0.718     0.160
    23.75    61.75    2023     0.130     0.982     2.225     3.395     1.640     6.740     2.135     6.707     5.111     2.686     0.761     0.000
    23.75    61.75    2024     0.132     0.876     1.709     1.515     2.511     3.446     3.257     3.814     5.253     4.240     0.767     0.000
    23.75    61.75    2025     0.059     0.691     1.339     3.285     4.388     4.844     4.183    10.095     3.216     2.477     0.552     0.060
    23.75    61.75    2026     0.147     0.643     2.300     0.367     0.499     9.752     5.061     9.845     5.476     3.194     0.856     0.000
    23.75    61.75    2027     0.069     0.566     1.570     2.605     3.959     4.918     8.496    10.302     4.178     2.966     0.429     0.000
    23.75    61.75    2028     0.106     0.789     2.002     2.360     1.169     3.299     6.702     9.441     2.399     3.049     0.849     0.000
    23.75    61.75    2029     0.239     1.248     1.995     0.761     2.724     3.518     6.949     9.974     8.353     2.684     0.810     0.000
    23.75    61.75    2030     0.199     0.685     1.758     2.384     2.268     2.405     4.959     6.725     2.865     2.410     0.359     0.103
    23.75    61.75    2031     0.067     0.684     1.703     3.058     3.242     5.738     8.969     7.548     4.053     3.026     0.957     0.000
    23.75    61.75    2032     0.072     1.049     1.670     2.460     2.107     9.369     7.605     2.472     5.296     1.509     1.611     0.130
    23.75    61.75    2033     0.177     0.717     2.199     2.572     0.742     3.557     6.933     7.661     3.051     3.050     0.655     0.027
    23.75    61.75    2034     0.137     0.854     1.683     1.800     6.223     3.826     7.820     8.461     5.878     3.507     0.705     0.000
    23.75    61.75    2035     0.183     0.736     0.805     2.003     2.971     3.491     8.666     1.597     4.498     3.838     0.790     0.003
    23.75    61.75    2036     0.167     0.767     1.239     0.863     4.019     6.035     7.838     4.315     3.675     2.660     0.469     0.000
    23.75    61.75    2037     0.556     1.215     1.768     1.392     4.926     4.667    10.156     5.138     4.405     3.584     0.326     0.000
    23.75    61.75    2038     0.140     1.032     2.138     1.442     3.759     2.555     4.189     5.448     4.153     3.288     0.585     0.000
    23.75    61.75    2039     0.195     1.375     1.712     1.430     4.284     2.389    10.353     7.305     6.936     4.387     0.952     0.151
    23.75    61.75    2040     0.509     0.733     0.968     2.962     2.681     5.888     8.975     4.952     0.933     3.256     0.923     0.000
    23.75    61.75    2041     0.129     0.804     1.766     1.944     1.101     3.791     9.068     5.177     2.173     3.648     0.381     0.045
    23.75    61.75    2042     0.137     0.351     1.449     1.028     2.801     2.680     4.906     7.922     3.444     3.221     0.873     0.006
    23.75    61.75    2043     0.216     1.164     1.095     1.549     4.190     3.109     2.131     7.568     1.306     4.256     0.748     0.019
    23.75    61.75    2044     0.084     0.833     1.289     1.152     1.351     1.119     2.084     8.106     5.957     4.362     0.735     0.000
    23.75    61.75    2045     0.224     0.640     1.114     1.554     3.233     4.227     8.034     5.123     5.907     2.056     0.329     0.000
    23.75    61.75    2046     0.071     0.552     1.481     2.018     3.543     2.668     9.375     7.986     5.416     2.634     0.438     0.017
    23.75    61.75    2047     0.075     0.495     1.088     0.730     3.024     5.813     5.174     1.834     2.611     1.767     0.404     0.020
    23.75    61.75    2048     0.104     0.838     1.353     1.955     1.296     2.342    11.370     4.553     2.718     3.089     0.277     0.005
    23.75    61.75    2049     0.066     0.480     0.944     1.398     1.865     3.853     7.380     8.270     4.299     3.645     1.060     0.002
    23.75    61.75    2050     0.114     0.463     1.187     1.469     3.816     2.142     3.445     9.395     3.873     3.508     0.477     0.000
    23.75    61.75    2051     0.045     0.429     1.316     1.015     1.471     3.621     8.020     6.819     3.092     4.201     0.523     0.325
    23.75    61.75    2052     0.039     0.463     1.024     1.317     5.510     2.552     4.217     6.740     2.635     2.184     0.447     0.000
    23.75    61.75    2053     0.089     0.639     1.209     1.104     2.947     6.078     5.082     4.436     2.607     3.529     1.077     0.002
    23.75    61.75    2054     0.098     0.405     1.347     1.253     1.814     4.755     4.740     3.962     4.070     3.008     0.922     0.056
    23.75    61.75    2055     0.058     0.257     0.773     1.000     2.575     1.769     6.223     6.492     3.538     2.660     0.315     0.025
    23.75    61.75    2056     0.489     0.461     1.200     1.271     2.772     1.100     0.535     4.607     3.074     1.576     0.368     0.000
    23.75    61.75    2057     0.605     0.368     1.360     0.695     1.204     1.834     7.753     6.170     2.594     3.084     0.732     0.000
    23.75    61.75    2058     0.047     0.332     0.937     1.793     0.811     3.597     1.552     4.544     4.888     1.631     0.346     0.004
    23.75    61.75    2059     0.075     0.514     0.707     1.191     1.696     3.422     3.357     4.740     4.970     3.252     0.634     0.000
    23.75    61.75    2060     0.042     0.330     0.945     1.346     3.336     2.195     3.534     9.269     2.080     4.147     0.765     0.000
    23.75    61.75    2061     0.027     0.490     1.067     0.987     3.963     4.287     6.029     2.490     3.397     2.122     0.898     0.016
    23.75    61.75    2062     0.314     0.475     0.606     1.085     1.874     3.421     0.286     2.714     2.221     5.599     0.632     0.000
    23.75    61.75    2063     0.062     0.293     0.814     0.535     1.380     3.369     1.741     5.099     2.610     1.283     0.284     0.000
    23.75    61.75    2064     0.080     0.346     0.687     1.419     2.512     1.891     1.489     4.464     2.858     2.692     1.787     0.000
    23.75    61.75    2065     0.070     0.592     0.766     0.480     1.142     1.381     1.970     6.265     2.179     1.781     0.262     0.007
    23.75    61.75    2066     0.032     0.322     0.840     0.529     3.529     2.781     5.315     5.367     1.851     2.713     0.377     0.000
    23.75    61.75    2067     0.082     0.350     0.731     1.537     2.689     1.620     5.160     5.932     3.236     4.509     0.684     0.029
    23.75    61.75    2068     0.052     0.415     0.565     1.164     2.686     1.967     1.814     4.438     2.396     3.188     0.426     0.006
    23.75    61.75    2069     0.028     0.328     0.562     0.468     2.798     3.834     2.564     3.401     3.020     2.446     0.861     0.000
    23.75    61.75    2070     0.052     0.282     0.466     0.715     0.827     3.058     1.410     6.397     2.162     3.502     1.250     0.000
    23.75    61.75    2071     0.010     0.297     0.403     0.580     0.413     2.397     6.733     2.641     3.428     1.906     1.020     0.072
    23.75    61.75    2072     0.036     0.170     0.317     0.027     1.789     1.545    10.153     7.484     2.903     3.629     0.615     0.000
    23.75    61.75    2073     0.039     0.373     0.496     0.047     1.359     0.452     3.311     2.676     3.582     2.201     1.007     0.000
    23.75    61.75    2074     0.031     0.217     0.457     0.682     1.023     1.484     4.404     3.141     3.140     2.462     0.657     0.000
    23.75    61.75    2075     0.034     0.184     0.572     0.393     0.323     6.107     6.522    10.279     2.994     2.219     0.224     0.000
    23.75    61.75    2076     0.063     0.065     0.306     0.147     0.971     2.879     4.354     3.289     0.802     3.155     0.752     0.052
    23.75    61.75    2077     0.021     0.134     0.282     0.322     1.236     2.520     5.660     4.988     3.111     3.953     0.621     0.000
    23.75    61.75    2078     0.047     0.157     0.382     0.449     0.396     6.476     3.773     6.674     2.618     3.211     1.284     0.000
    23.75    61.75    2079     0.008     0.093     0.242     0.225     0.727     1.339     4.094     4.401     2.522     2.650     1.081     0.002
    23.75    61.75    2080     0.006     0.085     0.072     0.269     2.948     2.614     1.267     3.703     2.270     0.944     0.955     0.000
    23.75    61.75    2081     0.008     0.049     0.118     0.173     1.651     1.026     4.509     2.515     1.958     2.858     0.646     0.000
    23.75    61.75    2082     0.007     0.037     0.099     0.282     1.764     0.100     4.048     4.319     3.640     1.667     0.651     0.000
    23.75    61.75    2083     0.009     0.038     0.094     0.095     0.612     1.171     6.702     2.878     3.241     2.100     0.642     0.001
    23.75    61.75    2084     0.006     0.036     0.748     1.585     2.408     1.567     0.389     4.542     1.157     2.581     1.000     0.000
    23.75    61.75    2085     0.002     0.019     0.070     0.549     1.231     0.287     0.184     4.164     0.694     2.237     0.918     0.521
    23.75    61.75    2086     0.006     0.059     0.057     0.089     0.100     1.675     0.420     0.235     1.369     2.842     0.741     0.016
    23.75    61.75    2087     0.006     0.026     0.035     0.249     1.584     2.557     6.803     3.359     2.702     1.815     0.476     0.000
    23.75    61.75    2088     0.002     0.012     0.047     0.028     0.645     2.598     3.267     3.887     5.807     2.508     0.870     0.001
    23.75    61.75    2089     0.084     0.031     0.093     0.184     0.100     0.351     1.119     2.977     2.178     1.949     0.616     0.000
    23.75    61.75    2090     0.000     0.000     0.000     0.000     1.527     1.532     2.561     3.207     4.170     2.438     1.217     0.000
    23.75    61.75    2091     0.000     0.000     0.000     0.122     1.303     2.465     2.247     4.460     1.097     4.414     0.193     0.000
    23.75    61.75    2092     0.000     0.000     0.000     0.006     0.335     0.403     0.921     0.546     1.231     2.192     1.212     0.000
    23.75    61.75    2093     0.004     0.005     0.005     0.151     0.703     1.535     0.146     3.169     1.500     2.034     0.746     0.000
    23.75    61.75    2094     0.000     0.000     0.000     0.009     1.174     4.225     3.630     5.151     3.590     2.567     0.917     0.000
    23.75    61.75    2095     0.043     0.033     0.053     1.417     1.091     1.740     0.616     4.124     3.956     3.581     0.711     0.000
    23.75    61.75    2096     0.000     0.009     0.008     0.072     1.728     2.805     0.577     2.861     2.169     3.392     0.574     0.000
    23.75    61.75    2097     0.099     0.165     0.090     0.271     1.396     2.081     5.037     3.891     1.879     1.076     0.772     0.000
    23.75    61.75    2098     0.000     0.000     0.000     0.016     1.073     0.783     4.626     5.580     2.519     2.262     0.831     0.000
    23.75    61.75    2099     0.000     0.000     0.000     0.004     1.190     1.217     2.157     1.294     2.181     1.718     0.456     0.000
    23.75    61.75    2100     0.000     0.000     0.000     0.097     2.459     2.598     3.601     1.899     2.559     2.906     0.150     0.000
    23.75    61.75    2101     0.000     0.000     0.000     0.342     0.495     2.999     8.052     3.078     4.468     2.546     0.976     0.041
    23.75    61.75    2102     0.000     0.000     0.000     0.004     0.737     1.121     8.394     6.140     2.308     3.371     0.431     0.000
    23.75    61.75    2103     0.000     0.082     0.081     0.032     0.503     0.112     3.888     3.005     3.781     2.485     1.129     0.000
    23.75    61.75    2104     0.000     0.000     0.025     0.146     0.785     0.634     3.107     2.367     2.537     2.048     0.976     0.000
    23.75    61.75    2105     0.000     0.000     0.001     0.359     0.559     3.920     5.902     9.898     2.691     2.290     0.000     0.000
    23.75    61.75    2106     0.000     0.000     0.000     0.000     1.160     2.439     3.271     2.793     0.663     2.911     0.484     0.000
    23.75    61.75    2107     0.000     0.000     0.000     0.012     1.479     1.981     6.244     5.595     3.573     5.609     0.983     0.000
    23.75    61.75    2108     0.000     0.000     0.547     0.368     0.295     4.299     2.301     6.177     2.366     3.820     1.268     0.000
    23.75    61.75    2109     0.000     0.000     0.000     0.047     0.255     1.623     3.595     4.649     2.741     3.594     1.390     0.000
    23.75    61.75    2110     0.000     0.000     0.000     0.000     3.322     2.567     0.966     3.887     2.270     0.948     1.152     0.000
    23.75    61.75    2111     0.000     0.000     0.000     0.120     2.020     0.929     3.940     2.784     2.171     3.029     0.540     0.000
    23.75    61.75    2112     0.000     0.000     0.012     0.384     2.117     0.000     4.717     4.661     3.895     1.999     0.582     0.000
    23.75    61.75    2113     0.000     0.000     0.000     0.038     0.788     1.001     6.135     3.162     3.611     2.402     0.900     0.000
    23.75    61.75    2114     0.000     0.000     0.294     1.738     2.410     2.519     0.096     4.707     1.155     2.523     1.258     0.000
    23.75    61.75    2115     0.000     0.000     0.000     0.106     1.039     0.328     0.443     5.967     0.836     2.773     1.863     0.992
    23.75    61.75    2116     0.000     0.000     0.000     0.002     0.124     0.650     0.389     0.821     1.320     3.351     0.577     0.000
    23.75    61.75    2117     0.000     0.000     0.000     0.175     1.657     2.375     7.418     3.350     2.720     1.875     0.641     0.000
    23.75    61.75    2118     0.000     0.000     0.000     0.001     0.596     0.632     2.932     4.744     6.488     2.804     0.918     0.000
    23.75    61.75    2119     0.042     0.037     0.109     0.112     0.063     0.504     0.869     3.315     2.445     2.060     0.801     0.000
    23.75    61.75    2120     0.000     0.000     0.000     0.000     1.284     1.701     2.164     3.251     4.228     2.678     0.694     0.000
    23.75    61.75    2121     0.000     0.000     0.000     0.089     1.376     1.750     2.835     3.693     1.210     5.213     0.426     0.000
    23.75    61.75    2122     0.000     0.000     0.000     0.006     0.331     0.241     0.481     0.388     1.351     2.183     1.857     0.001
    23.75    61.75    2123     0.010     0.007     0.007     0.265     0.703     0.737     0.263     3.426     1.730     2.332     0.341     0.000
    23.75    61.75    2124     0.000     0.000     0.000     0.056     0.994     4.763     4.093     5.807     4.349     2.213     1.142     0.000
    23.75    61.75    2125     0.058     0.037     0.063     1.256     1.297     0.624     0.374     3.798     4.168     3.866     0.809     0.000
    23.75    61.75    2126     0.000     0.007     0.010     0.053     1.678     2.405     1.134     3.578     2.401     3.728     1.357     0.000
    23.75    61.75    2127     0.167     0.189     0.103     0.148     0.928     2.677     7.619     4.351     2.102     1.204     0.578     0.000
    23.75    61.75    2128     0.000     0.000     0.000     0.016     1.178     1.369     4.411     6.046     2.730     2.432     1.228     0.000
    23.75    61.75    2129     0.000     0.000     0.000     0.004     1.078     1.296     2.293     1.510     2.420     1.801     0.669     0.000
    23.75    61.75    2130     0.000     0.000     0.000     0.090     2.727     3.286     3.476     1.956     2.830     2.306     0.096     0.000
    21.75    39.75    1980     1.685     2.049     1.240     1.983     1.246     1.149     2.120     0.330     0.228     0.992     2.135     0.787
    21.75    39.75    1981     0.570     0.922     0.559     0.799     1.085     0.179     0.153     0.000     0.456     2.253     0.424     1.413
    21.75    39.75    1982     0.351     0.211     0.530     1.255     0.098     0.077     0.251     0.432     0.281     1.580     0.523     0.990
    21.75    39.75    1983     0.551     0.467     3.025     0.959     0.575     0.907     0.477     0.428     0.842     0.791     1.479     1.598
    21.75    39.75    1984     0.449     0.444     1.081     0.735     4.013     0.542     0.053     0.123     1.329     0.908     2.883     4.037
    21.75    39.75    1985     1.685     2.132     1.156     0.521     0.141     0.639     0.968     0.044     0.388     0.369     2.583     2.652
    21.75    39.75    1986     1.823     1.960     2.575     2.540     0.660     1.836     1.195     0.915     2.131     1.200     0.718     1.096
    21.75    39.75    1987     2.885     2.324     3.214     3.339     4.509     1.890     1.118     1.136     1.586     3.184     3.075     1.925
    21.75    39.75    1988     1.205     0.626     3.405     2.309     1.972     3.919     1.734     0.159     0.817     6.480     2.659     3.459
    21.75    39.75    1989     2.597     2.343     5.155     1.159     2.864     1.431     1.158     0.133     1.086     0.264     6.384     1.813
    21.75    39.75    1990     0.507     1.318     1.722     1.032     2.623     0.208     0.402     0.396     0.296     2.948     1.516     0.931
    21.75    39.75    1991     0.414     1.111     0.609     1.553     2.324     1.227     0.889     0.063     0.241     0.339     4.487     0.774
    21.75    39.75    1992     0.366     1.148     1.562     1.211     0.163     0.100     0.367     0.445     3.252     2.564     1.569     1.454
    21.75    39.75    1993     1.058     0.786     1.020     1.643     0.797     1.142     0.096     0.522     0.285     1.012     4.649     2.584
    21.75    39.75    1994     0.892     0.676     1.097     2.338     0.757     0.525     0.137     0.289     1.242     1.890     0.532     1.538
    21.75    39.75    1995     1.869     1.138     1.834     1.448     1.362     2.041     1.012     0.536     0.412     2.417     4.022     1.956
    21.75    39.75    1996     0.586     1.646     1.730     5.379     0.791     0.930     0.412     2.523     0.217     0.648     1.319     1.343
    21.75    39.75    1997     2.240     1.721     1.482     1.275     0.968     1.562     0.961     1.637     1.950     0.642     1.476     1.726
    21.75    39.75    1998     0.840     1.837     0.995     0.827     0.400     1.408     2.030     1.786     0.488     2.599     0.907     2.133
    21.75    39.75    1999     0.946     1.174     0.749     0.389     0.779     1.033     0.156     0.137     1.149     2.096     1.631     1.820
    21.75    39.75    2000     0.822     0.261     1.732     1.124     0.337     0.941     0.107     0.314     2.577     0.358     0.711     1.774
    21.75    39.75    2001     1.106     1.843     3.771     0.333     0.764     0.747     0.595     0.233     0.081     2.202     2.130     1.637
    21.75    39.75    2002     1.272     0.179     0.539     0.358     0.411     0.591     0.151     0.194     0.000     2.226     1.131     0.914
    21.75    39.75    2003     0.656     1.578     1.894     0.572     1.411     0.653     0.276     0.927     0.206     0.993     1.378     0.809
    21.75    39.75    2004     1.241     2.083     2.412     0.669     0.411     0.049     0.124     0.175     0.838     0.045     1.520     1.515
    21.75    39.75    2005     0.929     0.666     0.676     0.083     4.217     0.606     0.309     0.041     2.394     1.017     0.572     1.511
    21.75    39.75    2006     1.472     0.602     1.051     2.716     0.537     1.428     1.048     2.539     0.957     1.159     3.151     0.927
    21.75    39.75    2007     0.763     0.440     1.537     0.984     2.122     0.139     1.282     0.052     0.238     1.600     2.785     1.727
    21.75    39.75    2008     1.025     2.306     2.931     3.028     1.415     0.345     0.840     0.156     0.287     0.041     0.775     2.074
    21.75    39.75    2009     1.073     0.977     3.361     0.851     2.196     0.168     0.035     0.108     0.080     1.699     1.484     2.214
    21.75    39.75    2010     1.106     0.212     0.268     0.236     1.361     0.000     0.666     0.000     0.269     0.000     0.950     2.683
    21.75    39.75    2011     0.293     1.067     0.735     0.159     0.576     0.114     0.146     0.119     0.496     0.086     0.951     0.658
    21.75    39.75    2012     1.381     0.634     0.655     0.554     0.699     0.085     0.128     0.164     0.020     0.238     3.320     2.434
    21.75    39.75    2013     0.788     0.976     0.454     0.610     0.868     0.289     0.338     0.135     1.048     1.198     1.325     2.054
    21.75    39.75    2014     0.533     0.853     0.157     0.947     0.887     0.184     0.292     0.882     2.588     0.970     1.959     4.097
    21.75    39.75    2015     1.820     1.094     0.109     1.278     0.600     0.080     0.583     2.517     0.743     0.883     3.756     1.772
    21.75    39.75    2016     1.048     0.357     0.845     3.372     1.588     0.374     1.799     0.000     0.000     1.348     3.215     2.318
    21.75    39.75    2017     1.668     2.267     0.652     2.660     0.159     0.928     0.370     0.652     2.840     0.384     0.341     2.345
    21.75    39.75    2018     1.012     0.439     1.103     0.258     0.064     1.030     0.083     0.097     3.083     0.807     0.150     2.665
    21.75    39.75    2019     1.255     0.877     1.136     0.513     0.132     0.341     0.306     0.051     0.165     0.278     2.248     2.056
    21.75    39.75    2020     0.701     0.860     1.562     0.000     0.579     0.384     0.271     0.132     0.929     0.431     2.108     1.054
    21.75    39.75    2021     0.905     1.325     0.482     0.212     1.035     0.555     0.728     0.384     1.156     0.612     1.596     1.575
    21.75    39.75    2022     2.013     0.917     2.353     2.151     0.834     0.115     0.241     0.275     0.656     2.111     0.742     0.467
    21.75    39.75    2023     2.060     1.527     1.885     3.623     1.440     1.230     0.823     0.150     1.022     1.994     2.473     1.494
    21.75    39.75    2024     0.924     1.865     2.832     4.712     2.130     1.200     0.439     0.600     3.129     1.894     1.013     3.626
    21.75    39.75    2025     1.946     2.648     2.560     4.186     0.117     0.000     0.065     0.735     0.302     0.898     3.354     3.089
    21.75    39.75    2026     1.684     0.308     2.461     2.258     3.723     1.070     0.502     0.000     0.878     0.349     3.735     0.946
    21.75    39.75    2027     2.571     1.553     2.754     0.560     0.295     0.961     0.123     0.127     2.112     3.185     2.748     4.313
    21.75    39.75    2028     1.053     1.721     2.536     2.405     2.859     1.295     0.948     0.063     0.761     0.808     1.333     1.150
    21.75    39.75    2029     0.166     3.237     0.897     1.210     0.167     0.954     0.139     0.143     0.995     2.964     3.867     2.451
    21.75    39.75    2030     1.145     0.427     1.353     2.267     0.882     0.258     0.517     0.037     0.809     0.521     0.172     1.096
    21.75    39.75    2031     0.732     0.059     0.606     0.000     0.849     0.107     0.000     0.125     0.208     2.362     0.000     2.754
    21.75    39.75    2032     0.695     0.400     2.020     1.159     0.121     0.034     0.023     1.988     0.020     0.130     0.739     0.863
    21.75    39.75    2033     1.518     2.495     2.780     1.478     1.481     0.476     0.966     0.649     0.092     0.343     0.520     0.570
    21.75    39.75    2034     1.290     1.913     3.556     1.659     1.667     0.374     0.249     0.126     0.000     0.638     1.703     4.022
    21.75    39.75    2035     0.686     0.568     1.378     0.389     0.804     0.044     0.216     0.078     1.317     0.627     0.679     2.146
    21.75    39.75    2036     1.717     0.544     0.826     0.400     0.181     0.125     0.358     1.351     0.638     0.195     0.300     1.343
    21.75    39.75    2037     0.464     0.000     0.224     0.964     0.250     0.037     0.036     0.390     0.062     1.078     0.650     1.190
    21.75    39.75    2038     0.060     0.222     0.203     0.143     0.035     0.075     0.422     0.024     0.231     0.297     0.169     0.947
    21.75    39.75    2039     0.193     0.435     1.182     0.447     0.075     0.257     0.127     0.000     0.000     0.310     0.829     2.079
    21.75    39.75    2040     1.751     0.593     0.757     0.679     0.379     0.100     0.132     0.037     0.432     1.287     0.522     2.467
    21.75    39.75    2041     0.423     0.370     2.848     0.868     1.199     1.189     0.241     0.000     0.162     0.000     0.899     2.970
    21.75    39.75    2042     2.334     0.602     1.829     1.484     0.092     0.480     0.295     0.000     0.416     0.381     1.349     3.231
    21.75    39.75    2043     0.599     0.203     0.591     0.369     1.123     0.112     1.590     0.088     0.519     2.837     1.447     3.372
    21.75    39.75    2044     0.445     2.313     2.596     0.665     0.561     0.971     1.182     0.402     0.039     0.480     2.589     2.426
    21.75    39.75    2045     0.743     1.211     1.101     0.224     0.466     0.112     0.231     0.232     0.440     0.891     3.148     3.677
    21.75    39.75    2046     0.618     1.291     0.520     0.417     0.066     0.034     0.060     0.056     0.852     1.731     0.528     1.147
    21.75    39.75    2047     3.286     0.213     1.485     0.712     0.626     0.842     0.255     0.000     0.550     2.376     0.970     3.842
    21.75    39.75    2048     0.249     0.462     1.396     0.101     0.734     0.885     0.077     0.079     0.000     0.771     1.071     1.961
    21.75    39.75    2049     0.498     0.885     0.000     1.690     0.025     0.019     0.319     0.219     0.105     0.655     3.370     0.250
    21.75    39.75    2050     0.412     0.375     0.236     0.492     0.297     0.000     0.338     0.050     0.000     0.439     1.377     0.777
    21.75    39.75    2051     0.708     0.411     0.317     0.844     0.132     0.358     0.018     0.047     0.045     0.424     1.553     1.667
    21.75    39.75    2052     0.774     0.625     0.443     0.064     0.231     0.122     0.138     0.076     0.940     0.580     3.864     0.863
    21.75    39.75    2053     0.328     0.189     0.755     0.190     0.260     0.035     0.533     0.218     0.437     0.106     0.250     0.784
    21.75    39.75    2054     0.579     0.620     0.655     0.379     0.041     0.478     0.172     0.270     0.258     0.782     0.919     0.640
    21.75    39.75    2055     1.454     0.742     0.085     0.179     0.045     0.039     0.360     0.118     0.000     1.647     0.455     0.905
    21.75    39.75    2056     0.377     0.727     1.052     0.116     0.279     0.162     0.233     0.079     0.290     0.191     0.487     1.377
    21.75    39.75    2057     0.522     0.872     0.058     0.847     1.095     0.097     0.269     0.123     1.384     0.288     0.024     1.831
    21.75    39.75    2058     1.627     0.423     1.474     1.046     0.406     0.213     0.726     0.171     0.065     0.980     0.247     1.213
    21.75    39.75    2059     0.498     1.384     0.751     0.733     0.444     0.081     0.065     0.000     0.248     0.024     2.621     2.491
    21.75    39.75    2060     0.639     0.589     0.947     0.360     0.385     0.108     0.243     0.139     0.833     0.495     0.918     2.152
    21.75    39.75    2061     0.216     0.057     0.080     0.102     0.048     0.174     0.047     0.150     0.086     3.016     2.233     2.821
    21.75    39.75    2062     0.135     0.258     0.086     0.442     0.165     0.212     0.037     0.163     0.415     0.257     1.937     1.102
    21.75    39.75    2063     0.941     0.049     1.109     0.343     0.624     0.170     0.097     0.037     1.721     1.082     3.481     0.794
    21.75    39.75    2064     0.485     1.098     1.000     0.935     0.390     0.403     0.595     1.077     2.022     1.626     2.222     2.225
    21.75    39.75    2065     0.873     0.095     0.192     0.381     0.701     0.847     1.184     0.040     1.452     1.237     1.205     3.493
    21.75    39.75    2066     2.758     0.620     0.485     1.210     0.043     0.036     0.347     0.166     0.846     3.168     1.642     1.311
    21.75    39.75    2067     0.608     2.125     2.052     1.249     0.051     0.112     0.026     0.062     0.455     0.362     2.813     1.496
    21.75    39.75    2068     0.638     0.730     0.300     0.053     0.231     0.027     0.308     0.174     0.122     0.452     0.736     2.904
    21.75    39.75    2069     0.969     0.721     0.759     1.769     0.044     0.240     0.503     0.167     0.161     0.280     0.615     1.337
    21.75    39.75    2070     1.357     0.749     1.713     0.069     0.000     0.370     0.086     0.255     0.059     1.987     0.182     0.662
    21.75    39.75    2071     0.090     0.371     0.613     1.060     0.039     0.200     0.050     0.755     0.052     0.250     0.517     1.061
    21.75    39.75    2072     0.534     0.621     1.424     2.725     0.502     0.159     0.044     0.064     0.433     0.680     3.207     1.675
    21.75    39.75    2073     0.432     0.722     2.237     2.016     0.594     0.292     0.081     0.000     0.115     0.024     1.594     2.594
    21.75    39.75    2074     0.558     0.436     1.508     0.313     0.231     0.105     0.123     0.096     0.062     0.058     3.007     1.589
    21.75    39.75    2075     0.534     0.487     0.697     0.454     0.326     0.254     0.192     0.016     0.076     0.354     1.094     1.791
    21.75    39.75    2076     0.394     0.329     1.168     1.219     0.251     0.122     0.101     0.319     0.105     2.455     0.589     0.611
    21.75    39.75    2077     0.360     1.147     0.745     0.653     0.000     0.168     0.187     0.101     0.150     0.022     1.523     2.417
    21.75    39.75    2078     0.765     0.180     0.015     0.111     0.817     0.038     0.235     0.085     0.000     0.136     0.540     0.744
    21.75    39.75    2079     0.167     0.745     0.268     0.232     0.000     0.054     0.155     0.060     0.091     0.238     0.447     1.071
    21.75    39.75    2080     0.648     0.189     0.563     0.096     0.035     0.008     0.027     0.568     0.000     0.739     0.652     0.994
    21.75    39.75    2081     0.551     0.142     0.257     0.590     0.351     0.227     0.125     0.149     0.024     0.287     0.619     0.653
    21.75    39.75    2082     0.816     0.417     0.105     0.348     1.107     0.040     0.127     0.035     0.096     0.297     0.193     1.619
    21.75    39.75    2083     0.128     0.426     0.383     0.176     0.037     0.028     0.006     0.391     0.005     0.092     1.472     1.171
    21.75    39.75    2084     0.456     0.834     0.380     0.891     0.174     0.000     0.077     0.000     0.474     0.744     1.235     1.122
    21.75    39.75    2085     1.842     0.215     0.636     0.000     0.246     0.672     0.759     0.069     1.831     0.355     0.753     1.716
    21.75    39.75    2086     1.062     1.652     1.683     0.507     0.000     0.450     0.021     0.000     0.333     0.043     0.753     1.530
    21.75    39.75    2087     0.290     1.049     2.039     0.218     0.408     0.196     0.020     0.388     0.145     0.499     4.698     1.470
    21.75    39.75    2088     0.568     0.612     0.375     0.653     0.015     0.127     0.006     0.016     0.570     1.017     2.805     0.347
    21.75    39.75    2089     0.193     1.085     2.240     0.534     0.381     0.045     0.013     0.085     1.241     0.492     2.624     1.126
    21.75    39.75    2090     0.261     0.655     1.714     2.342     0.065     0.015     0.214     1.138     0.478     0.000     2.714     0.749
    21.75    39.75    2091     0.749     0.723     1.510     0.678     0.107     0.630     0.191     0.000     0.026     0.873     2.526     1.635
    21.75    39.75    2092     1.025     0.274     0.822     0.282     1.200     0.374     0.391     0.038     0.035     1.698     2.836     2.903
    21.75    39.75    2093     0.249     0.839     2.326     0.292     1.097     0.374     0.466     0.210     0.034     0.536     2.211     1.747
    21.75    39.75    2094     0.732     1.883     0.842     0.992     0.056     0.000     0.010     0.010     0.178     2.055     0.098     2.348
    21.75    39.75    2095     0.277     0.983     0.995     1.500     2.224     0.825     0.070     0.287     0.104     1.854     0.410     0.883
    21.75    39.75    2096     2.134     2.223     1.524     0.046     0.000     0.000     0.174     0.228     1.175     0.000     1.476     1.675
    21.75    39.75    2097     0.150     0.322     0.110     0.157     0.015     0.000     0.009     0.028     0.149     0.668     1.510     1.785
    21.75    39.75    2098     0.191     0.438     0.376     0.435     0.061     0.007     0.004     0.000     0.003     0.157     0.863     0.476
    21.75    39.75    2099     0.778     0.518     1.572     0.443     0.020     0.077     0.546     0.030     0.000     0.473     0.526     2.834
    21.75    39.75    2100     0.687     1.881     0.523     0.068     0.097     0.003     0.065     0.008     0.005     0.112     2.380     5.137
    21.75    39.75    2101     0.057     0.271     0.473     0.857     0.014     0.093     0.018     0.209     0.053     0.177     0.404     0.823
    21.75    39.75    2102     1.239     1.068     2.680     5.568     1.195     0.339     0.035     0.049     0.537     1.373     5.764     3.710
    21.75    39.75    2103     0.738     0.930     2.978     2.686     0.909     0.565     0.142     0.000     0.341     0.035     2.158     3.430
    21.75    39.75    2104     0.650     0.481     1.720     0.372     0.284     0.256     0.296     0.168     0.117     0.079     3.456     1.845
    21.75    39.75    2105     0.700     0.619     0.853     0.619     0.488     0.369     0.188     0.025     0.131     0.535     1.314     2.185
    21.75    39.75    2106     0.571     0.407     1.430     1.492     0.283     0.134     0.152     0.453     0.107     3.102     0.738     0.844
    21.75    39.75    2107     0.576     1.657     0.896     0.796     0.000     0.191     0.440     0.129     0.228     0.023     1.994     2.890
    21.75    39.75    2108     1.195     0.276     0.033     0.270     1.086     0.070     0.284     0.198     0.000     0.354     0.727     0.976
    21.75    39.75    2109     0.318     1.055     0.356     0.307     0.000     0.139     0.285     0.128     0.147     0.319     0.614     1.466
    21.75    39.75    2110     0.547     0.253     0.699     0.070     0.069     0.027     0.070     0.705     0.000     1.000     0.792     1.209
    21.75    39.75    2111     0.494     0.261     0.365     0.875     0.617     0.495     0.113     0.448     0.059     0.545     0.707     0.815
    21.75    39.75    2112     0.724     0.420     0.180     0.505     1.116     0.141     0.111     0.163     0.094     0.404     0.295     1.664
    21.75    39.75    2113     0.195     0.570     0.508     0.248     0.077     0.050     0.017     0.433     0.014     0.196     2.176     1.573
    21.75    39.75    2114     0.945     1.123     0.437     0.984     0.101     0.000     0.425     0.000     0.789     0.794     1.425     1.284
    21.75    39.75    2115     1.291     0.734     0.527     0.000     0.378     0.659     0.328     0.230     1.423     0.220     0.713     1.470
    21.75    39.75    2116     1.109     1.820     1.864     0.563     0.000     0.591     0.066     0.000     0.622     0.066     0.841     1.675
    21.75    39.75    2117     0.524     1.502     2.323     0.317     0.649     0.270     0.037     0.404     0.284     0.682     5.268     1.635
    21.75    39.75    2118     0.564     0.775     0.454     0.915     0.031     0.218     0.012     0.033     0.563     1.447     3.203     0.406
    21.75    39.75    2119     0.309     1.377     2.509     0.789     0.594     0.098     0.023     0.077     1.741     0.535     2.875     1.344
    21.75    39.75    2120     0.403     0.789     1.777     2.452     0.073     0.023     0.274     0.786     0.553     0.000     2.842     0.776
    21.75    39.75    2121     1.407     0.809     1.655     0.669     0.113     0.543     0.290     0.000     0.037     1.015     3.390     1.790
    21.75    39.75    2122     1.565     0.381     0.940     0.341     1.193     0.619     0.329     0.076     0.054     2.871     3.302     3.397
    21.75    39.75    2123     0.330     0.863     2.413     0.362     0.908     0.460     0.320     0.311     0.059     0.540     2.236     1.746
    21.75    39.75    2124     0.904     2.215     1.006     1.190     0.104     0.000     0.018     0.018     0.170     2.335     0.115     2.826
    21.75    39.75    2125     0.279     1.199     1.137     1.698     2.425     1.452     0.071     0.593     0.129     2.397     0.459     0.984
    21.75    39.75    2126     1.998     2.113     1.512     0.050     0.000     0.000     0.536     0.396     0.745     0.000     1.438     1.632
    21.75    39.75    2127     0.169     0.417     0.169     0.252     0.028     0.000     0.015     0.030     0.185     0.848     1.826     2.127
    21.75    39.75    2128     0.150     0.340     0.319     0.369     0.054     0.018     0.001     0.000     0.001     0.127     0.738     0.404
    21.75    39.75    2129     0.446     0.591     1.302     0.386     0.015     0.203     0.360     0.106     0.000     0.495     0.289     2.338
    21.75    39.75    2130     0.459     1.507     0.394     0.116     0.040     0.002     0.026     0.005     0.003     0.073     1.802     4.099
