      Lon      Lat    Year       Jan       Feb       Mar       Apr       May       Jun       Jul       Aug       Sep       Oct       Nov       Dec
     9.75    49.75    1980    -0.306    -0.272    -0.223    -0.595    -0.813    -0.451    -0.630    -0.613    -0.706    -0.772    -0.583    -0.437
     9.75    49.75    1981    -0.216    -0.226    -0.341    -0.495    -1.304    -2.774    -2.472    -1.395    -0.442    -0.327    -0.267    -0.271
     9.75    49.75    1982    -0.180    -0.184    -0.209    -0.261    -1.098    -2.058    -0.927    -0.590    -0.302    -0.428    -0.335    -0.196
     9.75    49.75    1983    -0.171    -0.205    -0.446    -0.750    -1.108    -0.723    -0.676    -1.317    -2.015    -1.803    -0.338    -0.185
     9.75    49.75    1984    -0.197    -0.236    -0.311    -0.379    -0.515    -0.424    -1.613    -1.692    -1.712    -1.878    -0.502    -0.198
     9.75    49.75    1985    -0.192    -0.177    -0.237    -0.483    -0.834    -0.817    -1.131    -0.917    -0.770    -0.481    -0.269    -0.185
     9.75    49.75    1986    -0.188    -0.188    -0.195    -0.195    -0.948    -2.063    -1.619    -2.285    -0.828    -0.233    -0.199    -0.195
     9.75    49.75    1987    -0.191    -0.193    -0.217    -0.433    -0.452    -0.382    -0.994    -1.230    -0.550    -0.588    -0.411    -0.339
     9.75    49.75    1988    -0.204    -0.234    -0.353    -1.092    -1.583    -2.171    -1.591    -2.789    -2.468    -2.935    -1.254    -0.484
     9.75    49.75    1989    -0.230    -0.204    -0.210    -0.330    -0.341    -0.786    -1.130    -1.548    -0.816    -0.781    -0.258    -0.216
     9.75    49.75    1990    -0.182    -0.192    -0.196    -0.263    -0.571    -0.862    -1.221    -1.502    -2.164    -1.575    -0.707    -0.265
     9.75    49.75    1991    -0.191    -0.197    -0.236    -0.521    -0.750    -0.598    -1.315    -1.940    -2.664    -1.575    -0.460    -0.193
     9.75    49.75    1992    -0.186    -0.203    -0.244    -0.327    -1.122    -0.771    -1.111    -1.468    -1.840    -1.654    -0.491    -0.228
     9.75    49.75    1993    -0.232    -0.228    -0.177    -0.461    -1.173    -1.264    -1.793    -1.759    -0.459    -0.290    -0.260    -0.221
     9.75    49.75    1994    -0.194    -0.202    -0.219    -0.459    -1.136    -1.810    -2.503    -1.999    -1.561    -1.705    -0.342    -0.187
     9.75    49.75    1995    -0.199    -0.202    -0.201    -0.345    -0.503    -1.560    -1.246    -0.410    -1.202    -0.925    -0.246    -0.185
     9.75    49.75    1996    -0.181    -0.204    -0.275    -0.599    -1.597    -1.672    -1.249    -0.617    -0.815    -0.529    -0.292    -0.306
     9.75    49.75    1997    -0.280    -0.286    -0.224    -0.460    -0.521    -0.436    -0.848    -1.279    -0.805    -0.675    -0.429    -0.262
     9.75    49.75    1998    -0.221    -0.232    -0.254    -0.858    -1.487    -0.937    -2.104    -2.403    -0.568    -0.642    -0.633    -0.327
     9.75    49.75    1999    -0.184    -0.222    -0.320    -0.653    -1.810    -0.775    -2.566    -2.804    -2.740    -2.267    -0.643    -0.263
     9.75    49.75    2000    -0.176    -0.210    -0.368    -0.848    -1.773    -1.486    -0.938    -1.589    -0.983    -1.375    -0.332    -0.221
     9.75    49.75    2001    -0.198    -0.198    -0.193    -0.567    -0.898    -1.108    -1.608    -0.874    -1.845    -1.667    -0.547    -0.202
     9.75    49.75    2002    -0.178    -0.184    -0.447    -0.576    -0.480    -2.615    -3.120    -1.864    -0.657    -0.808    -0.805    -0.384
     9.75    49.75    2003    -0.175    -0.175    -0.232    -0.533    -0.643    -1.208    -0.688    -0.571    -0.719    -0.881    -0.455    -0.198
     9.75    49.75    2004    -0.203    -0.213    -0.342    -0.595    -0.534    -0.768    -1.974    -1.387    -0.818    -0.594    -0.366    -0.208
     9.75    49.75    2005    -0.238    -0.193    -0.377    -0.667    -0.775    -1.196    -1.566    -1.732    -1.627    -1.684    -0.271    -0.178
     9.75    49.75    2006    -0.205    -0.196    -0.310    -0.500    -0.883    -0.885    -0.523    -1.146    -2.855    -2.214    -0.344    -0.242
     9.75    49.75    2007    -0.215    -0.217    -0.488    -0.875    -1.589    -1.584    -2.046    -2.654    -3.130    -2.612    -0.549    -0.267
     9.75    49.75    2008    -0.189    -0.224    -0.320    -0.728    -1.305    -2.229    -1.827    -1.500    -0.986    -1.479    -0.571    -0.220
     9.75    49.75    2009    -0.176    -0.192    -0.269    -0.507    -0.706    -1.178    -2.157    -1.967    -2.471    -1.549    -0.262    -0.190
     9.75    49.75    2010    -0.177    -0.191    -0.296    -0.290    -0.574    -1.005    -1.912    -2.622    -1.436    -1.576    -0.656    -0.210
     9.75    49.75    2011    -0.175    -0.184    -0.323    -0.642    -0.416    -0.297    -0.531    -0.916    -0.817    -0.628    -0.479    -0.255
     9.75    49.75    2012    -0.229    -0.215    -0.266    -0.447    -1.227    -1.970    -1.948    -1.014    -0.561    -0.835    -0.689    -0.297
     9.75    49.75    2013    -0.242    -0.257    -0.575    -2.038    -1.179    -1.546    -2.701    -2.624    -0.758    -0.699    -0.328    -0.189
     9.75    49.75    2014    -0.183    -0.241    -0.405    -0.406    -0.657    -2.385    -1.680    -0.642    -1.256    -1.501    -0.503    -0.243
     9.75    49.75    2015    -0.205    -0.182    -0.218    -0.384    -0.975    -1.478    -2.272    -2.627    -1.737    -2.128    -0.524    -0.179
     9.75    49.75    2016    -0.188    -0.293    -0.484    -0.743    -2.279    -2.886    -2.373    -1.909    -2.371    -1.302    -0.380    -0.189
     9.75    49.75    2017    -0.177    -0.213    -0.398    -1.982    -2.108    -2.162    -1.951    -0.846    -1.740    -1.542    -0.333    -0.185
     9.75    49.75    2018    -0.176    -0.241    -0.433    -0.586    -0.920    -2.566    -2.659    -3.153    -2.576    -0.728    -0.424    -0.226
     9.75    49.75    2019    -0.175    -0.178    -0.238    -0.972    -2.933    -2.923    -2.732    -2.185    -0.988    -1.594    -0.693    -0.197
     9.75    49.75    2020    -0.173    -0.221    -0.294    -0.820    -1.244    -0.537    -0.830    -1.467    -2.959    -1.127    -0.184    -0.179
     9.75    49.75    2021    -0.181    -0.187    -0.284    -0.312    -0.808    -2.665    -2.963    -3.206    -2.833    -2.002    -1.616    -0.770
     9.75    49.75    2022    -0.622    -0.311    -0.231    -0.396    -0.599    -1.214    -2.327    -1.232    -2.264    -2.709    -2.139    -0.672
     9.75    49.75    2023    -0.234    -0.182    -0.290    -0.338    -1.826    -1.002    -1.646    -1.090    -2.324    -2.325    -0.460    -0.179
     9.75    49.75    2024    -0.205    -0.179    -0.257    -0.399    -1.203    -1.252    -1.008    -0.698    -1.199    -2.012    -0.617    -0.279
     9.75    49.75    2025    -0.308    -0.209    -0.222    -0.330    -1.243    -1.901    -2.984    -1.899    -1.428    -1.208    -0.336    -0.179
     9.75    49.75    2026    -0.186    -0.181    -0.245    -0.875    -2.934    -2.452    -2.867    -3.223    -3.081    -2.102    -1.187    -0.335
     9.75    49.75    2027    -0.178    -0.254    -0.236    -0.643    -1.897    -2.659    -3.135    -2.903    -2.839    -3.072    -0.632    -0.286
     9.75    49.75    2028    -0.203    -0.178    -0.258    -0.341    -0.979    -2.348    -2.172    -1.721    -2.060    -2.214    -0.713    -0.278
     9.75    49.75    2029    -0.214    -0.193    -0.198    -0.730    -0.886    -1.364    -2.982    -1.716    -1.744    -1.069    -0.401    -0.198
     9.75    49.75    2030    -0.201    -0.181    -0.279    -0.545    -0.862    -1.727    -1.222    -1.770    -1.845    -0.535    -0.204    -0.177
     9.75    49.75    2031    -0.197    -0.279    -0.550    -0.906    -2.619    -0.601    -1.360    -3.157    -2.563    -1.278    -0.626    -0.457
     9.75    49.75    2032    -0.246    -0.188    -0.286    -0.395    -0.837    -0.496    -1.645    -0.582    -0.690    -1.276    -0.495    -0.220
     9.75    49.75    2033    -0.222    -0.259    -0.279    -0.378    -1.027    -1.156    -1.804    -0.763    -1.324    -2.862    -1.189    -0.415
     9.75    49.75    2034    -0.252    -0.250    -0.220    -0.869    -2.176    -2.879    -3.036    -3.180    -3.318    -3.117    -1.602    -0.553
     9.75    49.75    2035    -0.352    -0.271    -0.485    -0.688    -0.570    -0.689    -1.598    -1.261    -2.813    -1.598    -0.505    -0.188
     9.75    49.75    2036    -0.187    -0.185    -0.225    -0.523    -1.826    -2.407    -1.292    -0.648    -0.410    -0.273    -0.198    -0.182
     9.75    49.75    2037    -0.180    -0.293    -0.324    -0.355    -0.852    -1.860    -2.888    -2.299    -2.724    -0.762    -0.235    -0.174
     9.75    49.75    2038    -0.209    -0.189    -0.309    -0.525    -0.332    -1.311    -2.781    -2.914    -3.219    -1.314    -0.521    -0.228
     9.75    49.75    2039    -0.186    -0.217    -0.446    -1.774    -1.544    -1.899    -2.002    -1.642    -1.542    -0.728    -0.773    -0.426
     9.75    49.75    2040    -0.299    -0.274    -0.330    -0.719    -0.860    -0.946    -2.385    -2.104    -2.617    -1.647    -0.469    -0.202
     9.75    49.75    2041    -0.180    -0.260    -0.431    -0.431    -1.349    -2.503    -2.987    -1.753    -1.135    -1.637    -0.431    -0.196
     9.75    49.75    2042    -0.178    -0.179    -0.209    -0.420    -1.483    -1.934    -2.333    -2.888    -1.970    -0.803    -0.362    -0.180
     9.75    49.75    2043    -0.213    -0.271    -0.507    -1.527    -1.738    -3.088    -2.105    -1.476    -1.569    -1.735    -0.537    -0.316
     9.75    49.75    2044    -0.210    -0.227    -0.363    -0.554    -1.810    -2.461    -0.738    -1.457    -2.367    -1.524    -0.227    -0.185
     9.75    49.75    2045    -0.179    -0.221    -0.384    -2.282    -1.608    -2.520    -2.646    -2.650    -2.828    -2.765    -1.070    -0.477
     9.75    49.75    2046    -0.255    -0.259    -0.279    -0.550    -0.542    -1.142    -2.258    -1.919    -2.516    -0.955    -0.372    -0.194
     9.75    49.75    2047    -0.191    -0.182    -0.258    -1.409    -1.884    -2.843    -2.678    -2.546    -2.570    -0.872    -0.201    -0.177
     9.75    49.75    2048    -0.176    -0.231    -0.254    -0.436    -2.147    -2.856    -2.674    -2.877    -3.102    -1.193    -0.191    -0.173
     9.75    49.75    2049    -0.196    -0.229    -0.312    -0.300    -0.784    -2.282    -3.109    -3.144    -2.751    -1.885    -0.629    -0.250
     9.75    49.75    2050    -0.216    -0.220    -0.496    -1.551    -2.797    -1.945    -2.815    -2.906    -3.224    -2.113    -0.440    -0.208
     9.75    49.75    2051    -0.191    -0.223    -0.440    -1.338    -2.679    -2.923    -3.094    -3.003    -3.219    -2.196    -0.322    -0.175
     9.75    49.75    2052    -0.184    -0.181    -0.316    -1.746    -0.656    -0.516    -1.294    -2.711    -2.965    -0.488    -0.271    -0.184
     9.75    49.75    2053    -0.187    -0.211    -0.310    -0.673    -2.461    -2.972    -2.698    -2.571    -1.858    -2.346    -1.048    -0.427
     9.75    49.75    2054    -0.210    -0.186    -0.294    -0.901    -2.809    -2.675    -3.009    -2.571    -1.112    -0.634    -0.437    -0.238
     9.75    49.75    2055    -0.183    -0.178    -0.352    -0.626    -2.730    -3.225    -2.126    -2.988    -3.157    -2.713    -0.356    -0.206
     9.75    49.75    2056    -0.183    -0.222    -0.510    -0.616    -1.093    -2.237    -1.980    -3.053    -3.118    -3.238    -1.565    -0.319
     9.75    49.75    2057    -0.204    -0.217    -0.250    -1.356    -3.168    -2.955    -3.003    -2.966    -3.193    -1.773    -0.213    -0.201
     9.75    49.75    2058    -0.202    -0.186    -0.316    -0.611    -1.602    -3.043    -2.869    -1.809    -1.245    -0.772    -0.445    -0.253
     9.75    49.75    2059    -0.184    -0.188    -0.284    -0.393    -2.070    -3.059    -3.075    -1.186    -1.844    -2.413    -0.929    -0.208
     9.75    49.75    2060    -0.182    -0.172    -0.267    -0.522    -2.544    -3.241    -2.624    -3.040    -3.001    -2.295    -0.346    -0.195
     9.75    49.75    2061    -0.191    -0.268    -0.359    -0.281    -0.427    -1.727    -2.654    -2.830    -2.246    -1.039    -0.440    -0.228
     9.75    49.75    2062    -0.183    -0.273    -0.616    -0.649    -0.937    -2.554    -2.621    -2.337    -2.490    -1.809    -0.924    -0.348
     9.75    49.75    2063    -0.221    -0.305    -0.322    -0.359    -2.325    -1.830    -2.108    -1.627    -0.551    -1.791    -1.273    -0.295
     9.75    49.75    2064    -0.214    -0.233    -0.296    -0.699    -2.100    -2.942    -1.968    -1.780    -3.125    -2.965    -0.700    -0.200
     9.75    49.75    2065    -0.200    -0.212    -0.327    -0.434    -1.409    -0.913    -1.936    -2.555    -3.217    -1.843    -0.516    -0.300
     9.75    49.75    2066    -0.275    -0.188    -0.282    -0.611    -2.389    -2.484    -3.032    -2.710    -2.610    -1.369    -0.483    -0.261
     9.75    49.75    2067    -0.212    -0.242    -0.222    -0.463    -2.067    -2.259    -3.076    -2.798    -2.994    -2.545    -0.636    -0.227
     9.75    49.75    2068    -0.197    -0.197    -0.216    -0.326    -1.247    -2.934    -2.538    -2.272    -2.489    -1.394    -0.311    -0.182
     9.75    49.75    2069    -0.182    -0.179    -0.293    -0.923    -3.102    -1.676    -2.177    -2.577    -2.529    -1.463    -0.575    -0.284
     9.75    49.75    2070    -0.177    -0.228    -0.581    -2.182    -3.177    -2.925    -2.589    -2.958    -2.461    -1.404    -0.622    -0.258
     9.75    49.75    2071    -0.214    -0.223    -0.242    -0.439    -1.646    -2.246    -2.905    -2.740    -3.189    -2.493    -0.701    -0.237
     9.75    49.75    2072    -0.204    -0.223    -0.277    -0.785    -2.996    -2.557    -2.162    -2.883    -2.878    -1.823    -0.487    -0.198
     9.75    49.75    2073    -0.197    -0.279    -0.446    -1.875    -2.124    -1.376    -2.682    -3.167    -3.348    -3.307    -1.644    -0.271
     9.75    49.75    2074    -0.189    -0.220    -0.253    -0.509    -1.815    -3.093    -3.310    -2.375    -2.622    -2.941    -1.450    -0.416
     9.75    49.75    2075    -0.187    -0.230    -0.298    -0.430    -2.038    -2.404    -2.784    -2.076    -2.451    -2.355    -0.502    -0.196
     9.75    49.75    2076    -0.181    -0.228    -0.526    -0.496    -1.593    -2.216    -2.959    -1.696    -0.568    -1.678    -0.641    -0.185
     9.75    49.75    2077    -0.183    -0.197    -0.300    -1.785    -1.677    -1.591    -1.883    -1.742    -2.117    -0.903    -0.290    -0.180
     9.75    49.75    2078    -0.179    -0.230    -0.574    -1.933    -2.994    -2.159    -2.980    -3.051    -2.910    -1.923    -0.800    -0.230
     9.75    49.75    2079    -0.175    -0.267    -0.408    -1.051    -2.993    -3.037    -2.957    -1.759    -1.906    -1.739    -0.931    -0.330
     9.75    49.75    2080    -0.217    -0.220    -0.275    -0.693    -1.008    -2.968    -2.956    -1.039    -2.051    -2.546    -0.750    -0.223
     9.75    49.75    2081    -0.256    -0.322    -0.414    -1.479    -2.522    -3.126    -2.712    -2.209    -1.183    -2.316    -1.032    -0.246
     9.75    49.75    2082    -0.213    -0.240    -0.733    -3.062    -3.202    -3.334    -2.585    -1.867    -1.516    -2.919    -1.050    -0.311
     9.75    49.75    2083    -0.200    -0.211    -0.326    -1.331    -3.070    -1.725    -2.552    -2.959    -2.204    -1.573    -0.920    -0.271
     9.75    49.75    2084    -0.191    -0.202    -0.341    -2.019    -2.451    -2.017    -2.484    -2.049    -3.085    -1.795    -0.551    -0.312
     9.75    49.75    2085    -0.301    -0.306    -0.206    -1.078    -2.913    -3.160    -1.668    -1.299    -1.207    -1.528    -1.604    -0.342
     9.75    49.75    2086    -0.190    -0.192    -0.208    -0.628    -1.580    -3.083    -2.406    -1.866    -2.463    -1.958    -0.797    -0.196
     9.75    49.75    2087    -0.188    -0.243    -0.251    -0.389    -0.865    -2.000    -2.836    -1.807    -1.047    -1.626    -0.884    -0.218
     9.75    49.75    2088    -0.244    -0.251    -0.264    -0.324    -0.465    -1.672    -2.764    -3.039    -3.104    -2.061    -1.257    -0.476
     9.75    49.75    2089    -0.381    -0.257    -0.369    -2.015    -2.631    -2.586    -3.127    -2.553    -3.005    -2.387    -0.452    -0.186
     9.75    49.75    2090    -0.185    -0.184    -0.281    -0.588    -1.066    -2.706    -3.116    -2.919    -3.112    -2.935    -1.521    -0.626
     9.75    49.75    2091    -0.188    -0.212    -0.318    -0.901    -3.125    -1.768    -2.265    -3.096    -3.275    -1.951    -0.435    -0.228
     9.75    49.75    2092    -0.217    -0.210    -0.671    -1.211    -0.920    -2.600    -3.064    -3.160    -3.048    -2.847    -1.078    -0.412
     9.75    49.75    2093    -0.287    -0.213    -0.299    -1.023    -3.014    -2.998    -2.901    -2.866    -3.161    -1.991    -0.364    -0.192
     9.75    49.75    2094    -0.203    -0.224    -0.292    -0.663    -1.508    -2.280    -3.034    -2.331    -3.218    -1.633    -0.389    -0.226
     9.75    49.75    2095    -0.217    -0.239    -0.383    -1.611    -2.904    -3.000    -2.302    -2.359    -3.274    -1.380    -0.357    -0.176
     9.75    49.75    2096    -0.188    -0.224    -0.343    -0.971    -0.735    -1.669    -2.939    -2.410    -2.998    -3.042    -1.348    -0.242
     9.75    49.75    2097    -0.186    -0.194    -0.311    -0.847    -2.321    -3.218    -2.987    -2.915    -3.089    -1.352    -0.493    -0.181
     9.75    49.75    2098    -0.196    -0.233    -0.279    -1.392    -3.096    -3.020    -1.606    -2.079    -2.976    -2.221    -1.118    -0.366
     9.75    49.75    2099    -0.174    -0.190    -0.406    -0.419    -0.888    -2.864    -2.292    -1.598    -3.275    -3.326    -1.173    -0.386
     9.75    49.75    2100    -0.202    -0.184    -0.363    -1.534    -3.255    -2.757    -2.609    -2.660    -3.079    -2.309    -0.547    -0.195
     9.75    49.75    2101    -0.206    -0.225    -0.274    -0.525    -1.821    -2.449    -3.174    -3.141    -3.356    -1.666    -0.590    -0.260
     9.75    49.75    2102    -0.209    -0.273    -0.272    -0.781    -3.133    -2.686    -2.712    -2.655    -3.080    -1.075    -0.440    -0.178
     9.75    49.75    2103    -0.193    -0.283    -0.397    -1.865    -1.842    -2.061    -2.656    -3.245    -3.299    -3.303    -1.785    -0.298
     9.75    49.75    2104    -0.186    -0.207    -0.252    -0.570    -1.663    -3.203    -3.260    -2.271    -2.796    -3.008    -1.318    -0.250
     9.75    49.75    2105    -0.199    -0.243    -0.314    -0.409    -1.821    -2.672    -2.870    -1.924    -2.310    -2.155    -0.550    -0.236
     9.75    49.75    2106    -0.189    -0.232    -0.526    -0.622    -1.462    -2.731    -3.292    -0.719    -1.193    -1.654    -0.633    -0.198
     9.75    49.75    2107    -0.181    -0.201    -0.313    -2.388    -1.883    -1.333    -2.077    -2.229    -2.115    -1.050    -0.334    -0.184
     9.75    49.75    2108    -0.177    -0.228    -0.601    -1.599    -2.994    -2.866    -3.144    -3.108    -2.802    -2.355    -0.837    -0.299
     9.75    49.75    2109    -0.178    -0.250    -0.355    -1.424    -3.108    -3.006    -3.127    -1.987    -3.147    -1.196    -0.753    -0.411
     9.75    49.75    2110    -0.222    -0.241    -0.276    -0.742    -0.952    -3.083    -3.180    -0.847    -2.143    -2.391    -0.497    -0.219
     9.75    49.75    2111    -0.236    -0.322    -0.434    -1.439    -2.633    -3.203    -2.893    -2.174    -1.046    -2.647    -0.787    -0.263
     9.75    49.75    2112    -0.193    -0.208    -0.650    -2.950    -3.197    -3.354    -2.718    -1.158    -2.709    -2.415    -1.773    -0.362
     9.75    49.75    2113    -0.193    -0.202    -0.327    -1.218    -3.077    -1.830    -2.555    -2.984    -2.714    -1.469    -0.737    -0.242
     9.75    49.75    2114    -0.199    -0.202    -0.313    -2.101    -2.715    -1.842    -2.802    -1.746    -3.245    -2.235    -0.764    -0.313
     9.75    49.75    2115    -0.326    -0.305    -0.207    -1.255    -2.703    -3.088    -1.913    -0.729    -0.718    -1.285    -1.557    -0.585
     9.75    49.75    2116    -0.188    -0.190    -0.216    -0.573    -1.749    -3.092    -2.577    -2.608    -3.036    -2.513    -0.442    -0.189
     9.75    49.75    2117    -0.205    -0.242    -0.273    -0.443    -0.560    -2.841    -3.122    -1.649    -1.667    -2.655    -1.056    -0.346
     9.75    49.75    2118    -0.235    -0.213    -0.250    -0.551    -0.379    -2.162    -2.954    -3.219    -3.215    -2.676    -1.558    -0.466
     9.75    49.75    2119    -0.383    -0.354    -0.374    -2.056    -2.605    -2.939    -3.137    -2.900    -2.856    -2.161    -0.358    -0.217
     9.75    49.75    2120    -0.199    -0.188    -0.248    -0.660    -0.832    -2.698    -3.249    -3.228    -3.194    -3.183    -2.303    -0.483
     9.75    49.75    2121    -0.183    -0.223    -0.418    -0.932    -3.086    -2.069    -1.986    -3.300    -3.288    -1.934    -0.641    -0.201
     9.75    49.75    2122    -0.210    -0.209    -0.698    -1.522    -0.991    -2.427    -3.166    -3.162    -3.042    -2.718    -0.829    -0.567
     9.75    49.75    2123    -0.321    -0.285    -0.312    -0.988    -2.801    -3.154    -3.241    -2.351    -3.284    -2.025    -0.473    -0.195
     9.75    49.75    2124    -0.192    -0.227    -0.229    -0.535    -1.884    -2.368    -3.067    -2.615    -3.228    -1.359    -0.358    -0.193
     9.75    49.75    2125    -0.222    -0.187    -0.368    -1.330    -3.071    -3.128    -2.377    -2.403    -3.365    -2.216    -0.374    -0.172
     9.75    49.75    2126    -0.195    -0.211    -0.362    -0.900    -1.416    -1.041    -2.830    -2.930    -2.774    -3.064    -1.917    -0.304
     9.75    49.75    2127    -0.201    -0.194    -0.341    -1.298    -1.873    -3.292    -3.250    -2.698    -3.320    -2.250    -0.487    -0.200
     9.75    49.75    2128    -0.192    -0.210    -0.303    -1.167    -3.007    -2.956    -1.703    -1.668    -3.104    -2.426    -1.086    -0.347
     9.75    49.75    2129    -0.176    -0.186    -0.443    -0.426    -0.901    -3.169    -2.831    -1.329    -3.112    -3.254    -1.706    -0.392
     9.75    49.75    2130    -0.207    -0.191    -0.327    -1.212    -3.241    -2.716    -2.731    -2.301    -3.297    -2.228    -0.833    -0.177
    13.75    55.75    1980    -0.145    -0.146    -0.174    -0.311    -1.555    -2.345    -2.979    -3.126    -0.822    -0.188    -0.158    -0.158
    13.75    55.75    1981    -0.141    -0.156    -0.228    -0.395    -1.299    -2.333    -2.666    -3.298    -2.368    -0.568    -0.144    -0.142
    13.75    55.75    1982    -0.145    -0.149    -0.198    -0.331    -0.699    -1.136    -3.214    -2.957    -1.891    -0.287    -0.193    -0.142
    13.75    55.75    1983    -0.141    -0.141    -0.214    -0.398    -1.022    -1.594    -2.459    -3.289    -2.964    -1.072    -0.250    -0.141
    13.75    55.75    1984    -0.142    -0.160    -0.219    -0.329    -0.416    -1.039    -0.671    -0.367    -0.420    -0.287    -0.142    -0.142
    13.75    55.75    1985    -0.140    -0.142    -0.144    -0.164    -0.293    -0.556    -0.610    -0.259    -0.320    -0.152    -0.142    -0.141
    13.75    55.75    1986    -0.141    -0.142    -0.143    -0.145    -0.388    -1.501    -2.675    -0.576    -0.210    -0.152    -0.145    -0.141
    13.75    55.75    1987    -0.145    -0.145    -0.146    -0.171    -1.161    -1.086    -0.874    -2.840    -0.272    -0.170    -0.153    -0.142
    13.75    55.75    1988    -0.141    -0.153    -0.219    -0.440    -0.925    -2.605    -2.928    -2.484    -1.468    -0.752    -0.383    -0.160
    13.75    55.75    1989    -0.143    -0.145    -0.148    -0.252    -0.560    -2.364    -2.207    -2.376    -1.323    -0.297    -0.153    -0.146
    13.75    55.75    1990    -0.142    -0.161    -0.161    -0.197    -0.648    -0.385    -1.841    -1.573    -0.314    -0.356    -0.216    -0.143
    13.75    55.75    1991    -0.140    -0.141    -0.164    -0.361    -0.884    -3.094    -2.694    -0.299    -0.230    -0.179    -0.144    -0.141
    13.75    55.75    1992    -0.142    -0.155    -0.170    -0.297    -0.502    -0.654    -1.448    -3.179    -1.918    -1.234    -0.321    -0.142
    13.75    55.75    1993    -0.142    -0.140    -0.144    -0.349    -0.732    -1.452    -0.584    -0.481    -0.537    -0.349    -0.172    -0.181
    13.75    55.75    1994    -0.164    -0.150    -0.160    -0.358    -0.971    -1.044    -0.754    -0.367    -0.378    -0.182    -0.146    -0.143
    13.75    55.75    1995    -0.145    -0.145    -0.162    -0.315    -0.775    -0.974    -2.445    -2.965    -1.994    -0.399    -0.165    -0.143
    13.75    55.75    1996    -0.142    -0.153    -0.182    -0.273    -0.797    -2.266    -2.916    -1.419    -1.069    -0.245    -0.149    -0.144
    13.75    55.75    1997    -0.146    -0.149    -0.152    -0.245    -1.208    -1.869    -1.037    -0.969    -0.348    -0.247    -0.163    -0.144
    13.75    55.75    1998    -0.145    -0.170    -0.240    -0.514    -1.310    -0.680    -1.907    -2.877    -0.749    -0.583    -0.309    -0.181
    13.75    55.75    1999    -0.154    -0.155    -0.184    -0.343    -0.560    -2.258    -2.722    -2.214    -0.501    -0.173    -0.165    -0.143
    13.75    55.75    2000    -0.142    -0.153    -0.203    -0.534    -2.245    -2.597    -3.152    -3.181    -0.939    -0.342    -0.156    -0.144
    13.75    55.75    2001    -0.146    -0.148    -0.152    -0.233    -0.414    -0.540    -0.586    -0.355    -0.198    -0.204    -0.152    -0.141
    13.75    55.75    2002    -0.143    -0.143    -0.226    -0.273    -0.478    -2.766    -2.684    -1.091    -0.241    -0.194    -0.177    -0.147
    13.75    55.75    2003    -0.146    -0.148    -0.152    -0.224    -0.502    -2.084    -1.573    -0.700    -0.703    -0.157    -0.148    -0.142
    13.75    55.75    2004    -0.143    -0.149    -0.188    -0.330    -0.626    -0.633    -0.185    -0.600    -1.046    -0.950    -0.179    -0.145
    13.75    55.75    2005    -0.146    -0.160    -0.260    -0.487    -1.505    -0.552    -2.580    -3.024    -1.711    -0.469    -0.143    -0.142
    13.75    55.75    2006    -0.141    -0.142    -0.235    -0.340    -0.916    -2.312    -3.402    -1.678    -1.730    -0.416    -0.204    -0.147
    13.75    55.75    2007    -0.146    -0.147    -0.245    -0.358    -0.485    -0.371    -1.180    -2.312    -1.424    -0.639    -0.328    -0.147
    13.75    55.75    2008    -0.145    -0.150    -0.200    -0.456    -1.952    -1.033    -0.999    -1.970    -2.653    -0.375    -0.150    -0.142
    13.75    55.75    2009    -0.146    -0.151    -0.210    -0.356    -1.665    -3.161    -1.890    -1.614    -0.354    -0.180    -0.148    -0.142
    13.75    55.75    2010    -0.143    -0.153    -0.247    -0.414    -1.446    -2.188    -0.324    -0.585    -0.468    -0.193    -0.144    -0.144
    13.75    55.75    2011    -0.142    -0.153    -0.256    -0.301    -0.423    -0.349    -1.567    -3.175    -0.870    -0.331    -0.161    -0.144
    13.75    55.75    2012    -0.142    -0.144    -0.214    -0.387    -0.979    -3.156    -1.985    -1.865    -1.197    -0.219    -0.201    -0.142
    13.75    55.75    2013    -0.147    -0.170    -0.203    -0.519    -1.690    -1.760    -3.088    -2.966    -1.011    -0.170    -0.146    -0.142
    13.75    55.75    2014    -0.143    -0.158    -0.261    -0.397    -0.689    -0.261    -1.976    -2.594    -0.495    -0.464    -0.187    -0.144
    13.75    55.75    2015    -0.145    -0.143    -0.166    -0.231    -0.463    -0.532    -0.637    -1.756    -0.408    -0.278    -0.170    -0.141
    13.75    55.75    2016    -0.143    -0.175    -0.274    -0.520    -0.617    -1.409    -0.858    -0.465    -0.445    -0.331    -0.159    -0.142
    13.75    55.75    2017    -0.146    -0.161    -0.209    -0.414    -0.567    -0.462    -0.478    -0.225    -0.383    -0.353    -0.144    -0.146
    13.75    55.75    2018    -0.143    -0.150    -0.235    -0.430    -0.851    -2.971    -3.270    -3.371    -2.092    -0.629    -0.216    -0.143
    13.75    55.75    2019    -0.141    -0.147    -0.249    -0.559    -0.441    -1.886    -3.308    -1.263    -0.884    -0.532    -0.289    -0.143
    13.75    55.75    2020    -0.142    -0.145    -0.151    -0.221    -0.589    -1.004    -1.135    -2.931    -3.096    -0.613    -0.149    -0.141
    13.75    55.75    2021    -0.143    -0.144    -0.156    -0.198    -0.365    -1.791    -3.362    -3.441    -2.792    -0.642    -0.394    -0.185
    13.75    55.75    2022    -0.143    -0.143    -0.146    -0.302    -1.044    -2.315    -1.459    -1.433    -2.351    -1.365    -0.298    -0.177
    13.75    55.75    2023    -0.141    -0.147    -0.200    -0.282    -1.622    -3.168    -3.463    -3.209    -0.818    -0.470    -0.255    -0.146
    13.75    55.75    2024    -0.142    -0.141    -0.223    -0.398    -2.142    -3.050    -3.282    -2.585    -0.320    -0.264    -0.151    -0.143
    13.75    55.75    2025    -0.144    -0.142    -0.147    -0.276    -0.519    -0.288    -0.917    -1.518    -0.504    -0.152    -0.142    -0.140
    13.75    55.75    2026    -0.141    -0.160    -0.195    -0.381    -1.920    -1.499    -1.385    -2.885    -1.086    -0.348    -0.174    -0.140
    13.75    55.75    2027    -0.142    -0.154    -0.159    -0.334    -1.569    -0.771    -0.590    -0.660    -0.244    -0.299    -0.155    -0.147
    13.75    55.75    2028    -0.140    -0.141    -0.145    -0.254    -1.208    -1.626    -3.147    -1.127    -0.575    -0.382    -0.173    -0.141
    13.75    55.75    2029    -0.142    -0.149    -0.166    -0.453    -1.863    -1.825    -3.059    -1.522    -0.234    -0.154    -0.144    -0.141
    13.75    55.75    2030    -0.145    -0.148    -0.153    -0.232    -1.291    -3.246    -3.432    -1.087    -1.968    -0.260    -0.142    -0.144
    13.75    55.75    2031    -0.142    -0.164    -0.258    -0.400    -1.905    -0.523    -0.495    -0.457    -0.245    -0.210    -0.157    -0.164
    13.75    55.75    2032    -0.147    -0.148    -0.212    -0.336    -0.760    -1.814    -1.509    -0.514    -0.996    -1.019    -0.243    -0.143
    13.75    55.75    2033    -0.142    -0.154    -0.180    -0.447    -1.965    -3.088    -3.041    -2.064    -1.746    -0.436    -0.231    -0.150
    13.75    55.75    2034    -0.144    -0.159    -0.245    -0.378    -1.086    -1.859    -0.489    -2.427    -0.647    -0.294    -0.205    -0.145
    13.75    55.75    2035    -0.146    -0.152    -0.299    -0.682    -0.822    -2.261    -1.776    -2.456    -2.773    -0.807    -0.170    -0.149
    13.75    55.75    2036    -0.157    -0.154    -0.175    -0.374    -1.066    -0.458    -0.531    -0.577    -0.403    -0.160    -0.143    -0.142
    13.75    55.75    2037    -0.144    -0.162    -0.206    -0.355    -0.776    -0.851    -0.453    -1.243    -2.569    -1.491    -0.177    -0.141
    13.75    55.75    2038    -0.147    -0.160    -0.178    -0.251    -0.641    -0.693    -2.921    -3.071    -1.704    -0.698    -0.443    -0.227
    13.75    55.75    2039    -0.143    -0.153    -0.323    -1.141    -1.378    -1.933    -2.472    -0.560    -0.286    -0.197    -0.184    -0.159
    13.75    55.75    2040    -0.157    -0.147    -0.218    -0.595    -2.030    -2.329    -1.595    -2.517    -1.843    -1.393    -0.494    -0.221
    13.75    55.75    2041    -0.140    -0.166    -0.313    -0.391    -0.923    -2.624    -3.289    -3.199    -1.872    -0.406    -0.151    -0.140
    13.75    55.75    2042    -0.142    -0.146    -0.153    -0.211    -0.445    -1.825    -2.828    -3.323    -2.408    -0.365    -0.195    -0.142
    13.75    55.75    2043    -0.148    -0.155    -0.304    -0.636    -1.099    -2.655    -3.358    -2.707    -3.268    -0.422    -0.242    -0.142
    13.75    55.75    2044    -0.143    -0.146    -0.241    -0.380    -2.146    -3.404    -2.500    -1.571    -1.099    -0.407    -0.144    -0.143
    13.75    55.75    2045    -0.142    -0.157    -0.266    -0.669    -2.572    -1.198    -0.991    -0.684    -0.350    -0.244    -0.151    -0.142
    13.75    55.75    2046    -0.150    -0.153    -0.194    -0.286    -1.096    -2.586    -0.730    -0.315    -0.540    -0.316    -0.143    -0.142
    13.75    55.75    2047    -0.141    -0.144    -0.161    -0.521    -2.045    -1.395    -1.657    -3.033    -2.960    -1.611    -0.157    -0.141
    13.75    55.75    2048    -0.142    -0.155    -0.195    -0.286    -1.083    -3.126    -0.835    -0.447    -0.408    -0.155    -0.141    -0.142
    13.75    55.75    2049    -0.147    -0.158    -0.149    -0.229    -0.531    -0.330    -1.552    -2.143    -1.531    -0.274    -0.160    -0.141
    13.75    55.75    2050    -0.144    -0.160    -0.202    -0.527    -1.286    -0.604    -1.713    -1.597    -1.285    -0.589    -0.148    -0.140
    13.75    55.75    2051    -0.145    -0.144    -0.193    -0.324    -1.389    -2.498    -1.542    -1.087    -0.658    -0.358    -0.190    -0.173
    13.75    55.75    2052    -0.165    -0.159    -0.162    -0.391    -0.647    -1.650    -2.469    -3.038    -2.848    -1.068    -0.166    -0.141
    13.75    55.75    2053    -0.146    -0.162    -0.197    -0.247    -0.981    -1.270    -1.543    -0.366    -0.569    -0.812    -0.255    -0.141
    13.75    55.75    2054    -0.143    -0.153    -0.180    -0.358    -0.473    -2.176    -3.290    -2.834    -0.915    -0.210    -0.144    -0.140
    13.75    55.75    2055    -0.146    -0.144    -0.180    -0.240    -0.839    -1.438    -1.812    -1.450    -2.333    -1.396    -0.244    -0.140
    13.75    55.75    2056    -0.142    -0.150    -0.217    -0.316    -0.552    -2.026    -1.979    -1.657    -0.946    -0.597    -0.404    -0.188
    13.75    55.75    2057    -0.141    -0.147    -0.171    -0.689    -2.790    -2.800    -2.634    -1.385    -1.586    -1.464    -0.164    -0.141
    13.75    55.75    2058    -0.146    -0.142    -0.255    -0.433    -1.534    -1.669    -3.226    -2.878    -1.496    -0.499    -0.141    -0.140
    13.75    55.75    2059    -0.145    -0.145    -0.199    -0.412    -1.280    -1.501    -2.458    -2.029    -0.411    -0.236    -0.158    -0.140
    13.75    55.75    2060    -0.141    -0.163    -0.214    -0.310    -1.536    -2.529    -2.781    -0.452    -1.221    -0.427    -0.181    -0.141
    13.75    55.75    2061    -0.142    -0.163    -0.284    -0.304    -0.327    -1.186    -0.950    -1.481    -1.066    -0.608    -0.159    -0.141
    13.75    55.75    2062    -0.143    -0.186    -0.370    -0.892    -1.590    -1.384    -1.743    -0.710    -0.442    -0.156    -0.163    -0.143
    13.75    55.75    2063    -0.144    -0.159    -0.183    -0.414    -2.357    -2.221    -1.125    -0.260    -0.236    -0.363    -0.300    -0.169
    13.75    55.75    2064    -0.154    -0.148    -0.181    -0.411    -1.272    -2.577    -2.115    -1.970    -1.980    -1.591    -0.448    -0.147
    13.75    55.75    2065    -0.145    -0.172    -0.201    -0.413    -1.697    -3.307    -3.200    -2.158    -3.000    -0.871    -0.305    -0.152
    13.75    55.75    2066    -0.141    -0.145    -0.173    -0.491    -1.501    -1.318    -0.458    -0.557    -0.631    -0.195    -0.159    -0.142
    13.75    55.75    2067    -0.141    -0.155    -0.175    -0.310    -1.166    -1.450    -1.717    -2.202    -1.033    -0.385    -0.142    -0.142
    13.75    55.75    2068    -0.143    -0.151    -0.169    -0.242    -1.246    -1.458    -0.453    -1.547    -2.227    -0.668    -0.208    -0.140
    13.75    55.75    2069    -0.141    -0.141    -0.201    -0.477    -2.202    -3.156    -3.105    -2.911    -0.618    -0.177    -0.152    -0.140
    13.75    55.75    2070    -0.144    -0.169    -0.294    -0.768    -2.643    -3.233    -2.815    -2.314    -1.876    -0.669    -0.274    -0.148
    13.75    55.75    2071    -0.143    -0.150    -0.230    -0.377    -1.092    -2.698    -1.203    -2.391    -1.943    -0.539    -0.167    -0.140
    13.75    55.75    2072    -0.142    -0.168    -0.220    -0.507    -1.936    -2.723    -2.862    -1.382    -0.727    -0.437    -0.286    -0.146
    13.75    55.75    2073    -0.145    -0.156    -0.274    -1.472    -2.384    -3.223    -3.300    -2.264    -1.297    -1.098    -0.519    -0.151
    13.75    55.75    2074    -0.142    -0.146    -0.222    -0.375    -1.174    -2.640    -1.072    -1.879    -1.889    -1.285    -0.389    -0.158
    13.75    55.75    2075    -0.144    -0.170    -0.242    -0.372    -0.875    -1.625    -2.325    -2.499    -1.404    -0.186    -0.145    -0.142
    13.75    55.75    2076    -0.142    -0.145    -0.150    -0.192    -1.230    -2.941    -3.236    -2.888    -1.304    -0.549    -0.218    -0.140
    13.75    55.75    2077    -0.142    -0.155    -0.242    -0.647    -2.018    -3.095    -0.938    -0.640    -1.178    -0.428    -0.142    -0.142
    13.75    55.75    2078    -0.142    -0.160    -0.276    -0.453    -1.605    -2.098    -2.277    -2.806    -2.514    -0.806    -0.172    -0.140
    13.75    55.75    2079    -0.143    -0.169    -0.247    -1.315    -2.312    -1.159    -3.097    -2.370    -0.880    -0.152    -0.153    -0.142
    13.75    55.75    2080    -0.144    -0.163    -0.235    -0.492    -0.880    -1.266    -3.179    -2.609    -2.433    -2.866    -0.988    -0.143
    13.75    55.75    2081    -0.143    -0.159    -0.229    -0.401    -2.147    -1.679    -2.383    -2.972    -2.215    -0.874    -0.214    -0.140
    13.75    55.75    2082    -0.145    -0.171    -0.346    -0.957    -2.981    -2.416    -1.614    -0.441    -0.302    -0.238    -0.141    -0.140
    13.75    55.75    2083    -0.142    -0.146    -0.191    -0.730    -2.172    -3.254    -2.283    -1.563    -0.775    -0.268    -0.243    -0.168
    13.75    55.75    2084    -0.143    -0.144    -0.251    -0.555    -1.336    -1.075    -0.372    -2.017    -2.975    -1.335    -0.175    -0.141
    13.75    55.75    2085    -0.141    -0.141    -0.150    -0.323    -2.010    -1.688    -2.538    -0.882    -0.823    -0.213    -0.177    -0.143
    13.75    55.75    2086    -0.141    -0.158    -0.289    -0.662    -1.444    -3.171    -2.277    -0.704    -0.261    -0.178    -0.155    -0.140
    13.75    55.75    2087    -0.147    -0.176    -0.223    -0.262    -0.445    -0.862    -2.814    -2.436    -0.363    -0.259    -0.236    -0.140
    13.75    55.75    2088    -0.144    -0.170    -0.249    -0.331    -0.642    -2.896    -3.321    -2.960    -1.447    -0.923    -0.243    -0.140
    13.75    55.75    2089    -0.150    -0.183    -0.237    -0.856    -2.760    -0.929    -0.717    -1.582    -1.067    -0.687    -0.182    -0.141
    13.75    55.75    2090    -0.148    -0.158    -0.219    -0.512    -0.619    -1.755    -1.001    -2.700    -1.953    -1.244    -0.350    -0.153
    13.75    55.75    2091    -0.142    -0.154    -0.201    -0.492    -2.475    -2.821    -1.139    -0.605    -1.595    -0.369    -0.144    -0.141
    13.75    55.75    2092    -0.144    -0.145    -0.317    -0.642    -2.171    -3.265    -3.166    -3.266    -1.668    -0.549    -0.269    -0.159
    13.75    55.75    2093    -0.153    -0.161    -0.210    -0.227    -0.657    -3.085    -2.811    -3.069    -1.977    -0.569    -0.209    -0.140
    13.75    55.75    2094    -0.147    -0.157    -0.192    -0.361    -2.050    -1.018    -0.834    -2.172    -0.807    -0.498    -0.141    -0.141
    13.75    55.75    2095    -0.151    -0.147    -0.265    -0.484    -2.406    -3.310    -3.254    -3.282    -2.783    -0.485    -0.145    -0.140
    13.75    55.75    2096    -0.147    -0.154    -0.290    -0.275    -0.804    -0.346    -1.211    -0.750    -0.230    -0.166    -0.141    -0.140
    13.75    55.75    2097    -0.143    -0.155    -0.253    -0.268    -0.708    -2.695    -3.243    -2.095    -2.696    -0.305    -0.144    -0.140
    13.75    55.75    2098    -0.142    -0.149    -0.189    -0.443    -2.168    -3.155    -2.421    -0.950    -0.232    -0.256    -0.228    -0.166
    13.75    55.75    2099    -0.142    -0.161    -0.282    -0.489    -1.731    -3.003    -3.282    -2.769    -3.189    -1.322    -0.261    -0.140
    13.75    55.75    2100    -0.144    -0.151    -0.232    -0.264    -1.525    -2.564    -3.131    -2.749    -1.305    -0.561    -0.176    -0.141
    13.75    55.75    2101    -0.145    -0.148    -0.253    -0.359    -0.895    -3.031    -2.111    -3.022    -2.098    -0.793    -0.161    -0.139
    13.75    55.75    2102    -0.142    -0.169    -0.253    -0.541    -2.764    -2.794    -3.019    -0.971    -1.149    -1.038    -0.241    -0.141
    13.75    55.75    2103    -0.149    -0.155    -0.249    -1.615    -2.555    -3.295    -3.301    -2.989    -0.907    -0.837    -0.255    -0.143
    13.75    55.75    2104    -0.141    -0.149    -0.188    -0.350    -1.466    -3.232    -0.501    -2.140    -2.785    -0.692    -0.325    -0.147
    13.75    55.75    2105    -0.147    -0.158    -0.272    -0.377    -1.304    -1.798    -2.280    -3.103    -1.216    -0.380    -0.141    -0.142
    13.75    55.75    2106    -0.141    -0.152    -0.165    -0.208    -1.336    -3.216    -3.347    -2.999    -1.962    -0.812    -0.262    -0.141
    13.75    55.75    2107    -0.142    -0.149    -0.238    -0.730    -1.916    -3.342    -1.170    -0.593    -0.657    -0.412    -0.141    -0.140
    13.75    55.75    2108    -0.141    -0.162    -0.263    -0.450    -2.176    -1.594    -3.058    -3.085    -2.377    -0.712    -0.170    -0.140
    13.75    55.75    2109    -0.142    -0.155    -0.257    -1.466    -2.473    -1.665    -2.983    -3.014    -0.589    -0.158    -0.145    -0.140
    13.75    55.75    2110    -0.141    -0.156    -0.272    -0.459    -0.760    -2.116    -2.954    -2.672    -2.485    -2.378    -0.830    -0.143
    13.75    55.75    2111    -0.144    -0.186    -0.234    -0.464    -2.003    -1.084    -3.263    -2.963    -1.345    -1.012    -0.309    -0.141
    13.75    55.75    2112    -0.146    -0.182    -0.345    -1.483    -3.173    -2.869    -0.897    -0.549    -0.913    -0.187    -0.141    -0.139
    13.75    55.75    2113    -0.142    -0.149    -0.201    -0.879    -3.010    -3.318    -2.578    -1.616    -2.553    -0.156    -0.153    -0.141
    13.75    55.75    2114    -0.143    -0.140    -0.281    -0.857    -1.935    -0.445    -0.491    -2.769    -3.184    -0.957    -0.177    -0.140
    13.75    55.75    2115    -0.142    -0.142    -0.155    -0.317    -2.063    -2.375    -2.791    -1.280    -0.309    -0.217    -0.180    -0.142
    13.75    55.75    2116    -0.141    -0.167    -0.307    -0.578    -1.567    -3.357    -2.483    -0.546    -0.320    -0.414    -0.145    -0.142
    13.75    55.75    2117    -0.149    -0.163    -0.216    -0.297    -0.510    -0.785    -2.685    -2.186    -0.726    -0.249    -0.213    -0.140
    13.75    55.75    2118    -0.142    -0.175    -0.248    -0.444    -0.893    -3.107    -3.405    -2.988    -1.628    -1.623    -0.338    -0.144
    13.75    55.75    2119    -0.150    -0.187    -0.232    -1.010    -3.036    -1.352    -1.113    -0.523    -1.405    -0.876    -0.207    -0.150
    13.75    55.75    2120    -0.145    -0.176    -0.213    -0.606    -0.989    -1.324    -1.970    -3.207    -2.983    -1.041    -0.294    -0.139
    13.75    55.75    2121    -0.142    -0.152    -0.191    -0.567    -2.565    -3.251    -1.141    -0.588    -2.455    -0.366    -0.142    -0.141
    13.75    55.75    2122    -0.144    -0.146    -0.328    -1.070    -2.471    -3.315    -3.230    -3.301    -2.386    -0.749    -0.254    -0.158
    13.75    55.75    2123    -0.151    -0.188    -0.235    -0.234    -0.927    -3.144    -2.679    -3.260    -2.429    -0.475    -0.150    -0.141
    13.75    55.75    2124    -0.143    -0.151    -0.173    -0.356    -2.222    -0.787    -1.084    -2.301    -0.733    -0.400    -0.148    -0.140
    13.75    55.75    2125    -0.148    -0.153    -0.307    -0.515    -2.467    -3.372    -3.240    -3.322    -2.787    -1.092    -0.165    -0.140
    13.75    55.75    2126    -0.149    -0.166    -0.303    -0.401    -0.660    -0.455    -0.918    -0.428    -0.220    -0.163    -0.145    -0.140
    13.75    55.75    2127    -0.142    -0.161    -0.221    -0.470    -1.015    -3.111    -2.939    -2.498    -1.097    -0.707    -0.176    -0.140
    13.75    55.75    2128    -0.144    -0.155    -0.215    -0.659    -1.540    -3.060    -2.638    -0.618    -0.227    -0.291    -0.228    -0.154
    13.75    55.75    2129    -0.142    -0.165    -0.276    -0.430    -2.292    -3.119    -3.289    -2.738    -3.295    -1.489    -0.275    -0.140
    13.75    55.75    2130    -0.145    -0.154    -0.195    -0.317    -1.312    -2.956    -3.201    -3.107    -2.069    -0.284    -0.156    -0.141
    23.75    61.75    1980    -0.191    -0.191    -0.194    -0.204    -0.331    -0.806    -0.949    -1.643    -0.416    -0.232    -0.192    -0.190
    23.75    61.75    1981    -0.191    -0.191    -0.194    -0.278    -0.502    -1.304    -1.592    -0.746    -0.459    -0.257    -0.201    -0.201
    23.75    61.75    1982    -0.202    -0.202    -0.204    -0.209    -0.240    -0.751    -2.262    -1.564    -0.645    -0.245    -0.193    -0.192
    23.75    61.75    1983    -0.191    -0.191    -0.194    -0.195    -0.596    -1.518    -2.161    -2.465    -2.332    -0.661    -0.363    -0.363
    23.75    61.75    1984    -0.364    -0.364    -0.369    -0.375    -0.272    -1.208    -0.429    -0.339    -0.263    -0.206    -0.199    -0.196
    23.75    61.75    1985    -0.196    -0.197    -0.198    -0.202    -0.285    -0.678    -0.857    -0.457    -0.394    -0.297    -0.297    -0.297
    23.75    61.75    1986    -0.297    -0.297    -0.301    -0.295    -0.285    -0.718    -0.840    -1.274    -0.613    -0.344    -0.279    -0.279
    23.75    61.75    1987    -0.279    -0.280    -0.283    -0.262    -0.467    -0.767    -0.488    -0.917    -0.642    -0.295    -0.292    -0.292
    23.75    61.75    1988    -0.294    -0.294    -0.246    -0.215    -0.576    -0.787    -1.496    -1.348    -0.218    -0.207    -0.199    -0.195
    23.75    61.75    1989    -0.194    -0.194    -0.193    -0.202    -0.402    -1.717    -1.169    -1.824    -0.480    -0.296    -0.234    -0.234
    23.75    61.75    1990    -0.235    -0.235    -0.237    -0.238    -0.364    -0.882    -1.475    -0.356    -0.264    -0.219    -0.200    -0.195
    23.75    61.75    1991    -0.195    -0.196    -0.199    -0.203    -0.341    -1.144    -1.535    -1.616    -0.461    -0.241    -0.199    -0.200
    23.75    61.75    1992    -0.200    -0.200    -0.203    -0.206    -0.475    -1.116    -0.509    -0.306    -0.394    -0.345    -0.367    -0.367
    23.75    61.75    1993    -0.367    -0.367    -0.372    -0.231    -0.616    -2.660    -1.582    -0.518    -0.299    -0.224    -0.206    -0.206
    23.75    61.75    1994    -0.206    -0.201    -0.199    -0.197    -0.389    -0.752    -1.616    -0.814    -0.320    -0.238    -0.193    -0.195
    23.75    61.75    1995    -0.195    -0.195    -0.197    -0.206    -0.334    -0.778    -0.646    -0.851    -0.809    -0.328    -0.195    -0.194
    23.75    61.75    1996    -0.195    -0.195    -0.197    -0.198    -0.354    -2.074    -2.748    -0.351    -0.437    -0.330    -0.236    -0.218
    23.75    61.75    1997    -0.217    -0.218    -0.220    -0.207    -0.319    -1.910    -1.751    -0.581    -0.306    -0.242    -0.193    -0.191
    23.75    61.75    1998    -0.192    -0.195    -0.197    -0.199    -0.355    -0.767    -0.707    -0.604    -0.449    -0.267    -0.216    -0.191
    23.75    61.75    1999    -0.191    -0.191    -0.193    -0.256    -0.372    -0.811    -0.622    -0.467    -0.420    -0.292    -0.191    -0.191
    23.75    61.75    2000    -0.192    -0.192    -0.194    -0.224    -0.576    -1.839    -1.137    -0.412    -0.415    -0.306    -0.193    -0.191
    23.75    61.75    2001    -0.191    -0.191    -0.192    -0.199    -0.538    -2.324    -2.888    -0.333    -0.399    -0.359    -0.358    -0.358
    23.75    61.75    2002    -0.358    -0.358    -0.292    -0.243    -0.268    -0.465    -0.768    -0.833    -0.369    -0.498    -0.337    -0.217
    23.75    61.75    2003    -0.217    -0.218    -0.217    -0.227    -0.275    -0.867    -1.968    -1.730    -0.518    -0.219    -0.198    -0.199
    23.75    61.75    2004    -0.199    -0.199    -0.202    -0.194    -0.658    -1.154    -1.482    -0.318    -0.406    -0.236    -0.191    -0.191
    23.75    61.75    2005    -0.191    -0.191    -0.193    -0.240    -0.743    -0.623    -0.753    -0.579    -0.643    -0.341    -0.358    -0.359
    23.75    61.75    2006    -0.360    -0.360    -0.329    -0.226    -0.457    -2.001    -2.825    -1.955    -0.410    -0.287    -0.203    -0.197
    23.75    61.75    2007    -0.197    -0.198    -0.198    -0.202    -0.458    -0.907    -0.880    -1.492    -0.705    -0.263    -0.205    -0.192
    23.75    61.75    2008    -0.191    -0.191    -0.216    -0.404    -0.849    -1.448    -0.452    -0.504    -0.333    -0.201    -0.196    -0.193
    23.75    61.75    2009    -0.193    -0.193    -0.199    -0.217    -0.471    -2.081    -0.798    -0.264    -0.320    -0.214    -0.193    -0.194
    23.75    61.75    2010    -0.193    -0.193    -0.193    -0.198    -0.745    -1.245    -0.439    -0.301    -0.320    -0.227    -0.192    -0.191
    23.75    61.75    2011    -0.191    -0.192    -0.194    -0.204    -0.385    -0.947    -1.058    -0.749    -0.626    -0.261    -0.191    -0.191
    23.75    61.75    2012    -0.191    -0.191    -0.204    -0.441    -1.998    -2.904    -1.474    -2.438    -1.239    -0.436    -0.281    -0.200
    23.75    61.75    2013    -0.193    -0.191    -0.196    -0.266    -0.900    -0.753    -0.709    -0.820    -0.421    -0.268    -0.242    -0.242
    23.75    61.75    2014    -0.242    -0.242    -0.205    -0.309    -0.938    -0.783    -1.536    -0.595    -0.339    -0.210    -0.224    -0.225
    23.75    61.75    2015    -0.225    -0.225    -0.226    -0.237    -0.271    -0.985    -0.875    -1.692    -1.234    -0.577    -0.324    -0.259
    23.75    61.75    2016    -0.240    -0.211    -0.200    -0.337    -0.757    -0.992    -0.501    -0.430    -0.366    -0.216    -0.207    -0.207
    23.75    61.75    2017    -0.197    -0.192    -0.198    -0.224    -0.400    -1.883    -1.674    -0.529    -0.577    -0.342    -0.278    -0.279
    23.75    61.75    2018    -0.278    -0.279    -0.233    -0.322    -0.708    -0.550    -1.040    -0.678    -0.505    -0.305    -0.197    -0.193
    23.75    61.75    2019    -0.194    -0.195    -0.193    -0.215    -0.688    -1.489    -1.058    -0.642    -0.297    -0.207    -0.194    -0.192
    23.75    61.75    2020    -0.191    -0.191    -0.193    -0.197    -0.365    -0.813    -0.524    -0.464    -0.377    -0.338    -0.251    -0.195
    23.75    61.75    2021    -0.196    -0.197    -0.199    -0.201    -0.527    -1.291    -1.447    -2.036    -0.503    -0.352    -0.215    -0.192
    23.75    61.75    2022    -0.191    -0.191    -0.192    -0.200    -0.562    -2.116    -1.971    -0.717    -0.545    -0.381    -0.236    -0.195
    23.75    61.75    2023    -0.192    -0.193    -0.195    -0.235    -0.712    -1.943    -1.522    -1.356    -0.586    -0.337    -0.263    -0.191
    23.75    61.75    2024    -0.191    -0.191    -0.193    -0.208    -0.841    -2.068    -2.620    -2.697    -0.765    -0.356    -0.250    -0.210
    23.75    61.75    2025    -0.210    -0.210    -0.212    -0.216    -0.336    -0.599    -1.858    -0.639    -0.507    -0.288    -0.214    -0.194
    23.75    61.75    2026    -0.193    -0.193    -0.195    -0.386    -2.206    -0.659    -0.936    -0.595    -0.446    -0.208    -0.193    -0.191
    23.75    61.75    2027    -0.191    -0.191    -0.192    -0.234    -0.535    -1.170    -1.318    -0.290    -0.214    -0.249    -0.237    -0.230
    23.75    61.75    2028    -0.230    -0.230    -0.232    -0.226    -1.100    -2.908    -0.996    -0.533    -0.567    -0.511    -0.195    -0.192
    23.75    61.75    2029    -0.192    -0.196    -0.200    -0.400    -1.551    -2.472    -2.004    -0.419    -0.247    -0.224    -0.199    -0.191
    23.75    61.75    2030    -0.191    -0.191    -0.192    -0.237    -0.837    -2.743    -2.247    -1.098    -1.003    -0.718    -0.634    -0.635
    23.75    61.75    2031    -0.635    -0.587    -0.215    -0.398    -0.955    -1.765    -0.530    -0.444    -0.394    -0.294    -0.212    -0.205
    23.75    61.75    2032    -0.205    -0.198    -0.195    -0.244    -1.093    -0.655    -0.545    -1.346    -0.817    -0.508    -0.332    -0.210
    23.75    61.75    2033    -0.192    -0.195    -0.201    -0.263    -1.320    -2.789    -1.355    -1.034    -0.443    -0.417    -0.344    -0.305
    23.75    61.75    2034    -0.196    -0.190    -0.194    -0.333    -0.633    -0.805    -0.608    -0.546    -0.247    -0.214    -0.203    -0.191
    23.75    61.75    2035    -0.191    -0.191    -0.195    -0.221    -0.906    -2.172    -0.894    -2.074    -1.083    -0.275    -0.218    -0.191
    23.75    61.75    2036    -0.191    -0.191    -0.193    -0.210    -0.542    -1.280    -0.709    -1.420    -1.095    -0.451    -0.194    -0.194
    23.75    61.75    2037    -0.191    -0.203    -0.215    -0.474    -1.041    -0.713    -0.753    -1.027    -0.532    -0.314    -0.241    -0.242
    23.75    61.75    2038    -0.215    -0.194    -0.231    -0.429    -0.486    -1.666    -2.224    -2.068    -0.576    -0.225    -0.198    -0.193
    23.75    61.75    2039    -0.191    -0.191    -0.229    -0.438    -1.185    -2.389    -1.242    -0.344    -0.221    -0.205    -0.194    -0.191
    23.75    61.75    2040    -0.192    -0.193    -0.198    -0.261    -0.840    -1.376    -0.739    -0.978    -2.064    -0.756    -0.280    -0.218
    23.75    61.75    2041    -0.217    -0.218    -0.205    -0.383    -2.306    -2.446    -0.850    -0.620    -1.578    -0.585    -0.254    -0.198
    23.75    61.75    2042    -0.192    -0.192    -0.194    -0.212    -0.807    -2.020    -1.402    -0.679    -0.455    -0.276    -0.193    -0.191
    23.75    61.75    2043    -0.191    -0.195    -0.271    -0.863    -1.278    -1.301    -2.550    -1.534    -0.610    -0.392    -0.194    -0.190
    23.75    61.75    2044    -0.191    -0.191    -0.200    -0.247    -0.871    -2.753    -2.922    -0.400    -0.293    -0.212    -0.192    -0.191
    23.75    61.75    2045    -0.191    -0.193    -0.196    -0.344    -1.075    -1.670    -1.147    -0.473    -0.353    -0.263    -0.245    -0.246
    23.75    61.75    2046    -0.246    -0.246    -0.247    -0.250    -0.616    -1.673    -0.823    -1.235    -0.237    -0.279    -0.250    -0.200
    23.75    61.75    2047    -0.192    -0.193    -0.193    -0.514    -1.645    -1.989    -0.680    -1.589    -1.943    -0.575    -0.280    -0.191
    23.75    61.75    2048    -0.191    -0.193    -0.235    -0.450    -1.748    -2.657    -0.639    -0.529    -0.672    -0.448    -0.213    -0.215
    23.75    61.75    2049    -0.214    -0.215    -0.218    -0.226    -0.573    -1.640    -1.182    -0.289    -0.270    -0.210    -0.196    -0.191
    23.75    61.75    2050    -0.191    -0.195    -0.241    -0.525    -0.757    -2.385    -2.430    -0.343    -0.329    -0.257    -0.205    -0.206
    23.75    61.75    2051    -0.206    -0.207    -0.206    -0.219    -0.785    -2.154    -0.983    -0.287    -0.290    -0.205    -0.209    -0.198
    23.75    61.75    2052    -0.199    -0.199    -0.197    -0.325    -0.339    -1.442    -1.471    -0.698    -0.596    -0.482    -0.318    -0.272
    23.75    61.75    2053    -0.272    -0.231    -0.203    -0.410    -0.598    -0.640    -1.455    -0.928    -1.444    -0.498    -0.223    -0.200
    23.75    61.75    2054    -0.194    -0.192    -0.195    -0.358    -1.188    -1.020    -1.668    -1.656    -0.426    -0.245    -0.203    -0.191
    23.75    61.75    2055    -0.191    -0.191    -0.193    -0.208    -0.459    -1.233    -0.945    -0.642    -0.236    -0.225    -0.196    -0.191
    23.75    61.75    2056    -0.194    -0.201    -0.255    -0.504    -0.882    -2.455    -3.197    -1.506    -1.044    -0.698    -0.384    -0.271
    23.75    61.75    2057    -0.215    -0.193    -0.201    -0.483    -1.838    -2.563    -0.598    -0.425    -0.453    -0.237    -0.195    -0.193
    23.75    61.75    2058    -0.191    -0.191    -0.193    -0.240    -1.475    -2.147    -1.336    -1.444    -0.606    -0.305    -0.300    -0.191
    23.75    61.75    2059    -0.191    -0.191    -0.192    -0.231    -1.201    -2.217    -1.712    -0.922    -0.381    -0.248    -0.191    -0.191
    23.75    61.75    2060    -0.191    -0.191    -0.191    -0.286    -0.725    -1.857    -2.167    -0.278    -0.352    -0.256    -0.203    -0.190
    23.75    61.75    2061    -0.190    -0.192    -0.245    -0.354    -0.495    -1.165    -0.379    -1.763    -1.082    -0.305    -0.204    -0.191
    23.75    61.75    2062    -0.191    -0.201    -0.300    -1.138    -2.228    -1.666    -3.209    -2.767    -1.314    -0.246    -0.195    -0.190
    23.75    61.75    2063    -0.190    -0.192    -0.203    -0.601    -2.156    -2.073    -2.500    -0.962    -0.497    -0.555    -0.581    -0.574
    23.75    61.75    2064    -0.574    -0.573    -0.445    -0.269    -0.492    -1.924    -2.942    -1.725    -0.680    -0.510    -0.226    -0.203
    23.75    61.75    2065    -0.204    -0.211    -0.264    -0.513    -1.861    -2.785    -2.561    -0.744    -0.467    -0.325    -0.192    -0.191
    23.75    61.75    2066    -0.191    -0.191    -0.197    -0.286    -0.565    -0.842    -1.462    -0.443    -0.413    -0.287    -0.196    -0.190
    23.75    61.75    2067    -0.191    -0.198    -0.197    -0.359    -0.932    -2.471    -1.411    -0.672    -0.323    -0.207    -0.195    -0.191
    23.75    61.75    2068    -0.191    -0.200    -0.227    -0.238    -0.667    -1.865    -2.717    -1.410    -0.605    -0.228    -0.192    -0.193
    23.75    61.75    2069    -0.193    -0.194    -0.195    -0.292    -0.612    -1.403    -2.497    -1.114    -0.586    -0.394    -0.209    -0.190
    23.75    61.75    2070    -0.191    -0.200    -0.244    -0.644    -2.321    -2.095    -2.546    -1.156    -0.405    -0.321    -0.192    -0.191
    23.75    61.75    2071    -0.191    -0.198    -0.235    -0.470    -2.414    -2.172    -0.679    -0.549    -0.600    -0.233    -0.193    -0.191
    23.75    61.75    2072    -0.192    -0.192    -0.194    -0.282    -1.119    -2.713    -0.518    -0.272    -0.307    -0.202    -0.192    -0.193
    23.75    61.75    2073    -0.192    -0.196    -0.277    -1.510    -2.996    -3.099    -1.980    -1.484    -0.653    -0.235    -0.193    -0.190
    23.75    61.75    2074    -0.190    -0.191    -0.202    -0.506    -1.708    -2.566    -1.360    -1.943    -0.812    -0.297    -0.212    -0.212
    23.75    61.75    2075    -0.202    -0.197    -0.224    -0.746    -3.031    -1.046    -0.970    -0.271    -0.273    -0.298    -0.248    -0.248
    23.75    61.75    2076    -0.247    -0.247    -0.227    -0.259    -0.426    -1.361    -1.443    -1.525    -2.329    -0.883    -0.254    -0.246
    23.75    61.75    2077    -0.246    -0.246    -0.242    -0.214    -1.490    -2.635    -0.511    -0.758    -0.364    -0.217    -0.193    -0.194
    23.75    61.75    2078    -0.194    -0.192    -0.256    -1.193    -3.187    -0.516    -1.111    -0.722    -0.307    -0.235    -0.192    -0.190
    23.75    61.75    2079    -0.190    -0.190    -0.217    -0.583    -1.910    -2.752    -1.681    -0.630    -0.721    -0.379    -0.191    -0.190
    23.75    61.75    2080    -0.190    -0.193    -0.294    -0.430    -0.736    -0.752    -2.703    -1.433    -0.404    -0.540    -0.233    -0.190
    23.75    61.75    2081    -0.190    -0.191    -0.197    -0.441    -2.270    -2.778    -2.030    -1.999    -2.038    -0.719    -0.281    -0.276
    23.75    61.75    2082    -0.221    -0.195    -0.257    -1.143    -2.519    -3.084    -1.362    -0.599    -0.297    -0.243    -0.198    -0.197
    23.75    61.75    2083    -0.194    -0.194    -0.198    -0.349    -1.988    -2.568    -0.435    -1.099    -0.629    -0.280    -0.193    -0.191
    23.75    61.75    2084    -0.190    -0.190    -0.210    -0.416    -0.801    -2.143    -3.048    -2.289    -0.360    -0.506    -0.198    -0.190
    23.75    61.75    2085    -0.191    -0.191    -0.193    -0.242    -1.230    -3.083    -3.229    -1.601    -0.736    -0.476    -0.311    -0.197
    23.75    61.75    2086    -0.190    -0.190    -0.190    -0.201    -1.827    -2.538    -3.260    -2.772    -1.198    -0.419    -0.192    -0.191
    23.75    61.75    2087    -0.191    -0.196    -0.291    -0.496    -1.089    -1.710    -1.218    -0.365    -0.325    -0.215    -0.193    -0.190
    23.75    61.75    2088    -0.190    -0.191    -0.197    -0.206    -1.103    -3.199    -1.266    -1.603    -0.388    -0.220    -0.194    -0.195
    23.75    61.75    2089    -0.192    -0.195    -0.197    -0.496    -3.016    -2.965    -2.788    -1.362    -0.364    -0.317    -0.196    -0.194
    23.75    61.75    2090    -0.191    -0.197    -0.254    -0.405    -1.005    -1.971    -1.879    -0.874    -0.363    -0.203    -0.191    -0.190
    23.75    61.75    2091    -0.190    -0.191    -0.193    -0.536    -2.732    -2.501    -2.607    -1.433    -0.976    -0.245    -0.193    -0.191
    23.75    61.75    2092    -0.190    -0.190    -0.270    -0.677    -2.590    -3.035    -3.090    -3.207    -2.582    -1.070    -0.246    -0.190
    23.75    61.75    2093    -0.191    -0.200    -0.258    -0.529    -1.990    -1.811    -3.314    -1.301    -0.388    -0.238    -0.191    -0.190
    23.75    61.75    2094    -0.190    -0.191    -0.196    -0.234    -0.762    -0.964    -0.518    -0.461    -0.282    -0.195    -0.191    -0.191
    23.75    61.75    2095    -0.191    -0.204    -0.279    -0.933    -2.048    -2.590    -3.256    -1.554    -0.242    -0.217    -0.191    -0.191
    23.75    61.75    2096    -0.190    -0.195    -0.265    -0.540    -1.999    -1.448    -2.737    -2.286    -0.484    -0.265    -0.191    -0.190
    23.75    61.75    2097    -0.191    -0.199    -0.254    -1.465    -3.078    -2.816    -1.579    -0.704    -0.338    -0.494    -0.312    -0.236
    23.75    61.75    2098    -0.207    -0.197    -0.243    -0.705    -2.464    -3.085    -2.486    -0.517    -0.299    -0.295    -0.251    -0.197
    23.75    61.75    2099    -0.196    -0.196    -0.201    -0.228    -0.515    -2.598    -2.343    -2.299    -2.502    -0.375    -0.309    -0.309
    23.75    61.75    2100    -0.279    -0.253    -0.248    -0.332    -0.892    -1.386    -1.897    -2.856    -1.674    -0.355    -0.215    -0.214
    23.75    61.75    2101    -0.193    -0.199    -0.240    -0.498    -2.712    -2.325    -0.761    -0.735    -0.719    -0.216    -0.194    -0.191
    23.75    61.75    2102    -0.191    -0.191    -0.192    -0.318    -1.622    -2.881    -0.758    -0.296    -0.502    -0.198    -0.192    -0.192
    23.75    61.75    2103    -0.191    -0.193    -0.268    -1.739    -2.985    -3.288    -1.597    -1.847    -0.338    -0.219    -0.198    -0.190
    23.75    61.75    2104    -0.190    -0.191    -0.206    -0.539    -2.160    -2.674    -2.314    -1.004    -0.698    -0.362    -0.237    -0.231
    23.75    61.75    2105    -0.207    -0.199    -0.238    -0.897    -3.237    -1.374    -1.473    -0.253    -0.313    -0.211    -0.196    -0.196
    23.75    61.75    2106    -0.195    -0.196    -0.196    -0.265    -0.430    -1.331    -1.417    -1.497    -3.183    -1.128    -0.330    -0.324
    23.75    61.75    2107    -0.324    -0.324    -0.323    -0.218    -1.469    -2.724    -0.644    -1.174    -0.317    -0.201    -0.196    -0.196
    23.75    61.75    2108    -0.196    -0.195    -0.262    -0.906    -3.319    -1.780    -1.023    -0.527    -0.288    -0.258    -0.191    -0.191
    23.75    61.75    2109    -0.190    -0.190    -0.210    -0.552    -2.158    -2.955    -1.924    -1.669    -0.648    -0.281    -0.191    -0.190
    23.75    61.75    2110    -0.191    -0.193    -0.299    -0.400    -0.869    -1.007    -2.842    -0.900    -0.838    -0.470    -0.234    -0.190
    23.75    61.75    2111    -0.190    -0.191    -0.198    -0.472    -1.967    -3.138    -2.124    -0.946    -1.895    -1.208    -0.331    -0.331
    23.75    61.75    2112    -0.241    -0.196    -0.247    -1.410    -2.104    -3.306    -1.157    -0.487    -0.384    -0.200    -0.200    -0.201
    23.75    61.75    2113    -0.196    -0.197    -0.201    -0.358    -2.087    -2.787    -1.881    -0.523    -0.415    -0.308    -0.193    -0.193
    23.75    61.75    2114    -0.192    -0.192    -0.217    -0.409    -1.091    -2.388    -3.213    -1.055    -0.731    -0.625    -0.196    -0.190
    23.75    61.75    2115    -0.190    -0.190    -0.194    -0.300    -1.678    -3.284    -3.370    -1.513    -1.169    -0.963    -0.277    -0.206
    23.75    61.75    2116    -0.191    -0.191    -0.191    -0.212    -1.985    -3.020    -2.696    -2.880    -2.580    -0.392    -0.194    -0.192
    23.75    61.75    2117    -0.191    -0.198    -0.262    -0.476    -1.226    -1.943    -0.418    -0.484    -0.308    -0.215    -0.206    -0.190
    23.75    61.75    2118    -0.191    -0.191    -0.195    -0.210    -1.055    -2.622    -2.933    -1.440    -0.302    -0.212    -0.212    -0.212
    23.75    61.75    2119    -0.195    -0.209    -0.216    -0.672    -3.352    -3.155    -2.964    -1.378    -0.502    -0.269    -0.193    -0.195
    23.75    61.75    2120    -0.191    -0.195    -0.245    -0.455    -1.030    -2.600    -2.342    -1.416    -0.301    -0.201    -0.192    -0.190
    23.75    61.75    2121    -0.190    -0.191    -0.195    -0.566    -2.236    -2.737    -1.615    -0.723    -1.326    -0.442    -0.194    -0.191
    23.75    61.75    2122    -0.190    -0.190    -0.291    -0.703    -2.685    -2.919    -3.016    -3.175    -2.252    -1.479    -0.280    -0.190
    23.75    61.75    2123    -0.191    -0.200    -0.267    -0.545    -2.074    -2.111    -3.167    -0.698    -0.457    -0.263    -0.191    -0.190
    23.75    61.75    2124    -0.190    -0.191    -0.196    -0.229    -0.865    -1.078    -0.517    -0.370    -0.210    -0.209    -0.191    -0.190
    23.75    61.75    2125    -0.191    -0.201    -0.262    -0.689    -2.130    -2.480    -3.011    -1.599    -0.265    -0.196    -0.191    -0.190
    23.75    61.75    2126    -0.190    -0.197    -0.272    -0.537    -1.930    -2.165    -2.850    -1.035    -1.642    -0.415    -0.191    -0.191
    23.75    61.75    2127    -0.191    -0.197    -0.276    -1.488    -3.126    -1.605    -0.967    -0.762    -0.581    -0.601    -0.377    -0.232
    23.75    61.75    2128    -0.202    -0.198    -0.263    -0.711    -2.672    -2.916    -1.195    -1.002    -0.275    -0.330    -0.193    -0.192
    23.75    61.75    2129    -0.190    -0.191    -0.195    -0.225    -0.517    -2.782    -2.825    -2.375    -1.856    -0.527    -0.298    -0.298
    23.75    61.75    2130    -0.262    -0.223    -0.210    -0.353    -1.091    -1.279    -2.223    -1.938    -1.098    -0.470    -0.198    -0.198
    21.75    39.75    1980    -0.196    -0.187    -0.397    -0.591    -2.371    -2.908    -2.295    -3.293    -3.395    -2.817    -0.645    -0.240
    21.75    39.75    1981    -0.332    -0.424    -0.988    -2.933    -3.104    -3.377    -3.399    -3.453    -3.405    -2.227    -0.644    -0.599
    21.75    39.75    1982    -0.339    -0.442    -0.698    -0.479    -1.804    -3.164    -2.667    -2.207    -2.262    -0.616    -0.323    -0.265
    21.75    39.75    1983    -0.245    -0.506    -0.388    -0.631    -2.373    -2.341    -2.967    -2.721    -2.397    -1.873    -1.227    -0.193
    21.75    39.75    1984    -0.299    -0.624    -1.381    -2.746    -1.308    -3.158    -3.355    -3.380    -3.034    -2.698    -1.432    -0.230
    21.75    39.75    1985    -0.192    -0.227    -0.503    -2.538    -3.285    -2.966    -2.963    -3.346    -3.069    -2.862    -1.071    -0.182
    21.75    39.75    1986    -0.178    -0.192    -0.234    -0.418    -1.779    -1.884    -2.414    -2.743    -1.266    -1.286    -1.792    -0.804
    21.75    39.75    1987    -0.230    -0.198    -0.296    -0.577    -1.469    -2.081    -3.216    -3.091    -1.674    -0.715    -0.334    -0.213
    21.75    39.75    1988    -0.260    -0.732    -0.829    -1.891    -2.916    -1.227    -2.898    -3.108    -3.279    -0.534    -0.201    -0.192
    21.75    39.75    1989    -0.195    -0.336    -0.245    -1.077    -2.241    -2.690    -3.231    -3.301    -3.070    -3.288    -0.421    -0.184
    21.75    39.75    1990    -0.241    -0.289    -0.327    -1.067    -2.087    -3.248    -3.304    -3.281    -3.379    -1.984    -0.442    -0.507
    21.75    39.75    1991    -0.531    -0.480    -1.148    -2.719    -2.445    -2.684    -3.160    -3.453    -3.381    -3.235    -0.635    -0.239
    21.75    39.75    1992    -0.310    -0.251    -0.432    -0.599    -2.850    -3.325    -3.291    -3.241    -0.949    -0.346    -0.217    -0.184
    21.75    39.75    1993    -0.194    -0.243    -0.318    -0.540    -2.821    -2.911    -3.407    -3.191    -3.285    -2.912    -0.268    -0.176
    21.75    39.75    1994    -0.210    -0.304    -0.651    -0.817    -2.501    -3.195    -3.396    -3.366    -2.834    -1.304    -0.807    -0.345
    21.75    39.75    1995    -0.193    -0.242    -0.304    -0.758    -2.842    -2.588    -2.987    -3.372    -3.399    -1.734    -0.391    -0.196
    21.75    39.75    1996    -0.267    -0.318    -0.478    -0.276    -1.969    -3.291    -3.352    -2.202    -3.383    -2.881    -0.634    -0.388
    21.75    39.75    1997    -0.185    -0.208    -0.345    -1.624    -2.788    -2.992    -2.909    -2.951    -2.206    -3.197    -0.848    -0.243
    21.75    39.75    1998    -0.266    -0.207    -0.423    -2.062    -3.377    -2.841    -3.059    -2.760    -3.336    -1.524    -1.114    -0.254
    21.75    39.75    1999    -0.240    -0.270    -0.788    -3.075    -3.318    -3.245    -3.383    -3.427    -2.877    -2.122    -0.651    -0.183
    21.75    39.75    2000    -0.198    -0.454    -0.844    -0.991    -3.101    -2.876    -3.398    -3.305    -1.220    -1.697    -0.617    -0.296
    21.75    39.75    2001    -0.192    -0.227    -0.211    -1.602    -3.075    -3.051    -3.221    -3.365    -3.348    -1.405    -0.229    -0.198
    21.75    39.75    2002    -0.195    -0.385    -0.780    -3.090    -3.320    -3.262    -3.377    -3.364    -3.457    -1.549    -0.485    -0.293
    21.75    39.75    2003    -0.211    -0.202    -0.305    -0.862    -1.702    -2.688    -3.277    -2.820    -3.327    -2.542    -0.521    -0.219
    21.75    39.75    2004    -0.218    -0.212    -0.237    -1.475    -3.268    -3.397    -3.404    -3.400    -3.164    -2.915    -1.730    -0.413
    21.75    39.75    2005    -0.220    -0.290    -0.642    -3.089    -1.244    -1.981    -3.292    -3.406    -2.573    -0.878    -1.398    -0.410
    21.75    39.75    2006    -0.198    -0.251    -0.441    -0.554    -2.426    -2.894    -2.787    -2.140    -2.513    -2.525    -0.574    -0.217
    21.75    39.75    2007    -0.262    -0.468    -0.961    -3.086    -2.695    -3.381    -3.018    -3.344    -3.382    -2.554    -0.350    -0.196
    21.75    39.75    2008    -0.214    -0.214    -0.320    -0.619    -1.043    -3.165    -2.764    -3.392    -3.280    -3.326    -2.562    -0.369
    21.75    39.75    2009    -0.223    -0.401    -0.289    -0.996    -2.530    -3.300    -3.417    -3.401    -3.432    -2.684    -1.438    -0.546
    21.75    39.75    2010    -0.201    -0.452    -2.211    -3.304    -3.048    -3.388    -3.055    -3.427    -3.330    -3.437    -2.044    -0.293
    21.75    39.75    2011    -0.273    -0.252    -0.456    -1.717    -2.524    -2.835    -3.160    -3.131    -2.580    -2.125    -0.991    -0.340
    21.75    39.75    2012    -0.195    -0.220    -0.543    -2.154    -2.861    -3.288    -3.249    -3.192    -3.312    -3.149    -0.377    -0.177
    21.75    39.75    2013    -0.193    -0.217    -0.701    -2.535    -2.329    -3.175    -3.073    -3.349    -2.156    -1.147    -0.380    -0.180
    21.75    39.75    2014    -0.235    -0.451    -2.601    -3.093    -3.234    -3.417    -3.418    -3.221    -2.036    -2.862    -1.745    -0.289
    21.75    39.75    2015    -0.187    -0.256    -1.494    -2.604    -3.046    -3.427    -3.295    -2.230    -2.085    -2.658    -0.840    -0.185
    21.75    39.75    2016    -0.216    -0.419    -1.596    -0.574    -1.633    -2.881    -1.941    -3.256    -3.476    -2.407    -0.345    -0.184
    21.75    39.75    2017    -0.207    -0.218    -0.597    -0.810    -3.022    -3.315    -3.408    -3.216    -1.895    -2.391    -3.222    -0.907
    21.75    39.75    2018    -0.285    -0.518    -1.538    -3.177    -3.478    -3.079    -3.472    -3.473    -2.021    -1.193    -2.837    -0.659
    21.75    39.75    2019    -0.191    -0.241    -0.405    -1.158    -2.862    -3.051    -2.986    -3.387    -3.138    -2.978    -0.605    -0.178
    21.75    39.75    2020    -0.223    -0.276    -0.205    -1.650    -2.971    -3.012    -3.305    -3.319    -2.510    -1.580    -0.383    -0.214
    21.75    39.75    2021    -0.246    -0.201    -0.706    -3.011    -2.936    -2.975    -3.037    -3.023    -2.513    -2.451    -1.422    -0.206
    21.75    39.75    2022    -0.186    -0.287    -0.405    -0.570    -2.271    -3.412    -3.388    -3.401    -2.821    -1.231    -2.307    -2.481
    21.75    39.75    2023    -0.728    -0.210    -0.384    -0.530    -1.868    -3.008    -2.904    -3.449    -3.202    -2.133    -0.406    -0.378
    21.75    39.75    2024    -0.291    -0.268    -0.315    -0.325    -0.974    -2.680    -3.226    -3.368    -1.795    -1.498    -2.146    -0.421
    21.75    39.75    2025    -0.203    -0.253    -0.328    -0.345    -2.442    -3.481    -3.475    -3.212    -3.411    -3.149    -1.944    -0.192
    21.75    39.75    2026    -0.195    -0.462    -0.470    -0.349    -0.513    -2.053    -2.966    -3.494    -2.887    -3.265    -0.221    -0.247
    21.75    39.75    2027    -0.214    -0.276    -0.312    -1.606    -3.315    -3.191    -3.466    -3.451    -2.055    -1.828    -0.227    -0.183
    21.75    39.75    2028    -0.203    -0.252    -0.307    -0.426    -0.771    -2.125    -3.099    -3.475    -3.255    -3.084    -1.703    -0.992
    21.75    39.75    2029    -0.622    -0.551    -0.469    -2.248    -3.364    -3.084    -3.457    -3.467    -3.163    -0.942    -0.314    -0.204
    21.75    39.75    2030    -0.202    -0.248    -0.322    -0.318    -0.889    -2.508    -2.104    -3.395    -1.757    -1.195    -1.952    -1.081
    21.75    39.75    2031    -0.258    -0.738    -2.350    -3.329    -3.005    -3.388    -3.462    -3.424    -3.270    -1.510    -2.218    -0.568
    21.75    39.75    2032    -0.197    -0.356    -0.312    -0.402    -1.844    -2.968    -3.103    -0.993    -2.143    -2.575    -1.881    -0.275
    21.75    39.75    2033    -0.182    -0.192    -0.205    -0.381    -1.658    -2.280    -1.986    -2.251    -3.169    -3.151    -2.419    -1.492
    21.75    39.75    2034    -0.465    -0.206    -0.250    -0.467    -2.546    -3.178    -3.319    -3.401    -3.468    -3.283    -1.361    -0.283
    21.75    39.75    2035    -0.223    -0.374    -0.479    -1.648    -2.679    -3.369    -3.330    -3.428    -1.182    -2.834    -1.424    -0.257
    21.75    39.75    2036    -0.197    -0.318    -0.690    -2.563    -3.369    -3.362    -3.314    -2.187    -3.084    -3.338    -3.271    -1.447
    21.75    39.75    2037    -0.601    -1.422    -3.189    -2.077    -3.243    -3.395    -3.348    -2.965    -3.396    -1.941    -0.730    -0.358
    21.75    39.75    2038    -0.369    -0.682    -1.655    -3.006    -3.315    -3.281    -2.840    -2.838    -2.871    -2.598    -2.920    -0.771
    21.75    39.75    2039    -0.329    -0.419    -0.494    -1.614    -3.133    -2.978    -2.874    -3.415    -3.448    -3.021    -1.344    -0.284
    21.75    39.75    2040    -0.194    -0.362    -0.798    -2.266    -2.865    -3.306    -3.393    -3.411    -2.687    -1.910    -0.693    -0.514
    21.75    39.75    2041    -0.221    -0.453    -0.381    -0.956    -2.371    -2.374    -3.336    -3.480    -3.312    -3.370    -2.120    -0.284
    21.75    39.75    2042    -0.180    -0.286    -0.320    -0.429    -2.858    -3.230    -3.312    -3.482    -2.607    -3.085    -1.834    -0.219
    21.75    39.75    2043    -0.201    -0.605    -2.012    -3.144    -2.996    -2.814    -2.817    -2.768    -3.020    -0.711    -0.250    -0.190
    21.75    39.75    2044    -0.275    -0.269    -0.300    -1.292    -3.095    -3.041    -3.071    -2.177    -3.412    -3.208    -0.842    -0.188
    21.75    39.75    2045    -0.231    -0.246    -0.599    -2.436    -3.234    -3.375    -3.156    -3.340    -3.215    -2.894    -0.618    -0.178
    21.75    39.75    2046    -0.228    -0.283    -0.702    -2.260    -3.384    -3.411    -3.382    -3.421    -2.500    -2.156    -0.559    -0.465
    21.75    39.75    2047    -0.184    -0.367    -0.772    -1.015    -2.543    -2.618    -3.301    -3.453    -2.963    -1.692    -0.265    -0.199
    21.75    39.75    2048    -0.241    -0.509    -0.760    -2.207    -3.029    -2.633    -3.329    -3.396    -3.448    -2.638    -1.702    -0.271
    21.75    39.75    2049    -0.261    -0.283    -1.489    -1.412    -2.837    -3.377    -3.152    -3.336    -3.402    -2.924    -0.469    -0.264
    21.75    39.75    2050    -0.338    -0.467    -1.498    -2.215    -3.074    -3.472    -3.000    -3.407    -3.461    -2.532    -1.284    -0.288
    21.75    39.75    2051    -0.196    -0.274    -0.968    -1.259    -2.463    -2.727    -3.360    -3.415    -3.407    -2.530    -0.618    -0.185
    21.75    39.75    2052    -0.186    -0.270    -0.600    -2.675    -3.327    -3.314    -3.376    -3.340    -1.423    -2.168    -0.196    -0.196
    21.75    39.75    2053    -0.280    -0.533    -1.138    -2.577    -3.279    -3.420    -2.907    -3.214    -2.739    -3.348    -3.259    -1.212
    21.75    39.75    2054    -0.345    -0.268    -0.538    -1.685    -3.343    -2.960    -3.217    -3.183    -3.135    -1.915    -1.012    -0.537
    21.75    39.75    2055    -0.201    -0.231    -1.281    -3.125    -3.430    -3.422    -2.932    -3.286    -3.482    -0.998    -0.569    -0.505
    21.75    39.75    2056    -0.400    -0.246    -0.398    -1.984    -3.187    -3.253    -3.230    -3.321    -2.951    -3.106    -3.032    -0.350
    21.75    39.75    2057    -0.198    -0.207    -1.176    -1.951    -1.839    -2.697    -3.094    -3.370    -1.296    -2.539    -3.367    -0.819
    21.75    39.75    2058    -0.185    -0.317    -0.601    -1.153    -2.234    -3.183    -2.217    -3.256    -3.323    -2.550    -1.290    -0.689
    21.75    39.75    2059    -0.366    -0.241    -0.417    -2.157    -3.037    -3.359    -3.352    -3.452    -3.317    -3.332    -0.995    -0.186
    21.75    39.75    2060    -0.200    -0.225    -0.318    -1.106    -2.208    -2.788    -2.865    -3.236    -1.094    -0.801    -0.535    -0.179
    21.75    39.75    2061    -0.263    -0.811    -3.014    -3.341    -3.405    -3.202    -3.416    -3.306    -3.297    -0.584    -0.210    -0.194
    21.75    39.75    2062    -0.285    -0.514    -1.817    -2.732    -2.717    -3.074    -3.356    -3.131    -2.203    -2.886    -0.413    -0.192
    21.75    39.75    2063    -0.209    -0.641    -1.012    -2.463    -2.801    -3.244    -3.376    -3.429    -1.453    -2.039    -0.265    -0.200
    21.75    39.75    2064    -0.275    -0.265    -0.504    -1.743    -2.910    -3.191    -3.150    -2.264    -1.098    -1.151    -0.933    -0.186
    21.75    39.75    2065    -0.207    -0.630    -2.783    -2.973    -3.128    -2.942    -2.592    -3.385    -2.706    -1.937    -2.230    -0.281
    21.75    39.75    2066    -0.182    -0.344    -1.201    -1.939    -3.236    -3.341    -3.326    -3.396    -2.540    -0.454    -0.242    -0.211
    21.75    39.75    2067    -0.218    -0.211    -0.308    -0.694    -2.850    -3.429    -3.368    -3.397    -2.896    -2.949    -0.555    -0.188
    21.75    39.75    2068    -0.213    -0.314    -1.197    -3.160    -3.361    -3.357    -3.253    -3.308    -3.387    -2.812    -1.156    -0.847
    21.75    39.75    2069    -0.187    -0.225    -0.404    -0.543    -1.888    -3.022    -2.247    -3.118    -3.210    -2.973    -2.190    -0.354
    21.75    39.75    2070    -0.193    -0.243    -0.367    -1.823    -3.474    -3.293    -3.180    -3.217    -3.428    -2.142    -0.557    -0.712
    21.75    39.75    2071    -0.991    -1.184    -1.738    -1.540    -3.075    -3.161    -3.368    -2.036    -3.291    -3.013    -1.940    -0.725
    21.75    39.75    2072    -0.322    -0.291    -0.322    -0.270    -1.157    -2.857    -3.381    -3.337    -2.261    -2.431    -0.245    -0.183
    21.75    39.75    2073    -0.232    -0.393    -0.266    -0.624    -1.625    -2.932    -3.305    -3.459    -3.300    -3.353    -1.749    -0.290
    21.75    39.75    2074    -0.220    -0.556    -0.515    -2.450    -3.328    -3.240    -3.237    -3.314    -3.401    -3.436    -0.540    -0.188
    21.75    39.75    2075    -0.215    -0.346    -0.491    -1.931    -2.910    -2.893    -3.237    -3.437    -3.343    -3.061    -0.858    -0.197
    21.75    39.75    2076    -0.239    -0.626    -0.500    -0.869    -2.529    -3.370    -3.338    -2.949    -3.384    -1.343    -0.298    -0.352
    21.75    39.75    2077    -0.304    -0.255    -0.508    -2.084    -3.439    -3.381    -3.134    -3.360    -3.242    -3.333    -1.839    -0.204
    21.75    39.75    2078    -0.197    -0.396    -2.416    -3.130    -2.564    -2.939    -2.923    -3.285    -3.453    -3.034    -1.945    -0.627
    21.75    39.75    2079    -0.364    -0.363    -0.808    -2.760    -3.334    -3.279    -2.845    -3.215    -3.239    -2.932    -2.126    -0.649
    21.75    39.75    2080    -0.205    -0.414    -0.764    -2.677    -3.344    -3.373    -3.290    -2.415    -3.404    -1.462    -0.602    -0.315
    21.75    39.75    2081    -0.210    -0.545    -2.180    -2.606    -2.764    -3.097    -3.302    -2.875    -3.208    -2.942    -2.002    -0.533
    21.75    39.75    2082    -0.300    -0.559    -2.598    -3.101    -2.380    -3.302    -3.369    -3.369    -3.378    -3.047    -3.264    -1.170
    21.75    39.75    2083    -0.461    -0.574    -0.858    -3.077    -3.323    -3.320    -3.377    -2.554    -3.385    -3.167    -1.590    -0.189
    21.75    39.75    2084    -0.204    -0.222    -0.645    -1.366    -2.921    -3.446    -3.184    -3.208    -2.869    -0.632    -0.267    -0.179
    21.75    39.75    2085    -0.177    -0.201    -0.607    -3.240    -3.299    -3.104    -3.038    -3.328    -1.250    -2.981    -2.082    -1.253
    21.75    39.75    2086    -0.217    -0.208    -0.274    -1.496    -3.457    -3.140    -3.342    -3.264    -2.837    -3.375    -2.467    -0.262
    21.75    39.75    2087    -0.270    -0.206    -0.211    -1.819    -3.025    -3.228    -3.320    -3.132    -3.152    -2.567    -0.486    -0.187
    21.75    39.75    2088    -0.250    -0.410    -1.197    -2.817    -3.359    -3.289    -3.444    -3.417    -2.798    -2.034    -0.213    -0.245
    21.75    39.75    2089    -0.451    -0.371    -0.331    -1.663    -2.855    -3.406    -3.421    -3.412    -2.600    -1.225    -0.333    -0.193
    21.75    39.75    2090    -0.226    -0.315    -0.336    -0.350    -2.781    -3.400    -3.077    -2.606    -2.935    -3.444    -1.267    -0.231
    21.75    39.75    2091    -0.268    -0.335    -0.457    -1.114    -3.300    -2.910    -3.281    -3.359    -3.407    -2.006    -0.833    -0.188
    21.75    39.75    2092    -0.185    -0.352    -0.872    -2.689    -2.388    -2.736    -3.181    -3.370    -3.380    -0.546    -0.402    -0.187
    21.75    39.75    2093    -0.292    -0.426    -0.392    -1.825    -2.784    -3.256    -3.183    -3.265    -3.452    -2.869    -1.004    -0.184
    21.75    39.75    2094    -0.204    -0.259    -0.325    -0.962    -3.173    -3.364    -3.456    -3.388    -3.358    -1.627    -0.487    -0.324
    21.75    39.75    2095    -0.265    -0.430    -0.395    -0.683    -0.955    -2.074    -3.291    -3.111    -3.158    -0.701    -0.584    -0.543
    21.75    39.75    2096    -0.268    -0.275    -0.363    -2.663    -3.383    -3.391    -3.238    -3.031    -2.711    -3.366    -2.121    -0.995
    21.75    39.75    2097    -0.568    -0.819    -2.557    -3.164    -3.383    -3.402    -3.371    -3.369    -3.307    -1.677    -0.358    -0.184
    21.75    39.75    2098    -0.227    -0.307    -0.518    -0.713    -2.290    -2.960    -3.145    -3.294    -3.268    -2.917    -1.072    -0.197
    21.75    39.75    2099    -0.216    -0.275    -0.308    -1.870    -3.328    -3.155    -2.998    -2.821    -3.420    -2.550    -1.362    -0.258
    21.75    39.75    2100    -0.270    -0.212    -0.758    -3.177    -3.225    -3.322    -3.291    -3.287    -3.428    -3.049    -1.567    -0.177
    21.75    39.75    2101    -0.290    -0.609    -0.940    -1.179    -2.905    -3.194    -3.262    -2.402    -3.005    -2.972    -2.157    -0.904
    21.75    39.75    2102    -0.311    -0.272    -0.299    -0.322    -1.109    -3.005    -3.376    -3.359    -2.769    -2.141    -0.380    -0.200
    21.75    39.75    2103    -0.223    -0.387    -0.325    -0.329    -1.653    -2.876    -3.329    -3.436    -3.372    -3.398    -0.987    -0.255
    21.75    39.75    2104    -0.236    -0.472    -0.938    -1.591    -3.179    -3.319    -3.301    -3.321    -3.381    -3.421    -0.518    -0.190
    21.75    39.75    2105    -0.209    -0.297    -0.461    -1.447    -2.697    -2.572    -3.100    -3.392    -3.308    -2.810    -1.496    -0.177
    21.75    39.75    2106    -0.240    -0.522    -0.850    -0.577    -2.340    -3.329    -3.319    -2.969    -3.400    -0.748    -0.257    -0.358
    21.75    39.75    2107    -0.380    -0.312    -0.350    -1.323    -3.320    -3.302    -3.116    -3.418    -3.151    -3.338    -1.113    -0.364
    21.75    39.75    2108    -0.195    -0.351    -1.934    -3.196    -2.389    -3.039    -2.917    -3.266    -3.449    -3.206    -1.423    -1.045
    21.75    39.75    2109    -0.407    -0.387    -1.052    -2.593    -3.313    -3.300    -3.147    -3.112    -3.165    -3.149    -1.906    -0.379
    21.75    39.75    2110    -0.248    -0.364    -0.849    -2.259    -3.288    -3.367    -3.204    -2.672    -3.037    -1.114    -0.936    -0.273
    21.75    39.75    2111    -0.213    -0.392    -1.454    -1.669    -1.922    -2.683    -3.230    -2.387    -3.226    -2.758    -1.243    -0.712
    21.75    39.75    2112    -0.337    -0.378    -1.902    -2.948    -2.172    -3.193    -3.330    -3.329    -3.375    -3.243    -3.293    -0.706
    21.75    39.75    2113    -0.429    -0.554    -0.889    -2.374    -3.307    -3.344    -3.381    -2.431    -3.359    -3.164    -0.409    -0.184
    21.75    39.75    2114    -0.210    -0.291    -0.523    -1.182    -2.318    -3.445    -2.891    -3.293    -2.031    -1.228    -0.294    -0.190
    21.75    39.75    2115    -0.189    -0.191    -0.595    -2.963    -3.155    -2.767    -2.576    -2.982    -1.654    -2.991    -2.553    -0.629
    21.75    39.75    2116    -0.260    -0.189    -0.241    -1.011    -3.356    -3.130    -3.112    -3.427    -2.919    -3.389    -2.069    -0.397
    21.75    39.75    2117    -0.209    -0.213    -0.218    -1.301    -2.776    -3.031    -3.417    -2.802    -3.103    -2.685    -0.342    -0.179
    21.75    39.75    2118    -0.264    -0.317    -0.994    -1.825    -3.303    -3.245    -3.423    -3.411    -2.645    -0.932    -0.367    -0.271
    21.75    39.75    2119    -0.473    -0.403    -0.314    -0.703    -2.663    -3.285    -3.351    -3.347    -2.161    -1.515    -1.045    -0.202
    21.75    39.75    2120    -0.237    -0.293    -0.350    -0.538    -1.765    -3.349    -3.135    -2.937    -1.713    -3.368    -0.847    -0.230
    21.75    39.75    2121    -0.203    -0.322    -0.418    -1.048    -2.968    -3.152    -2.921    -3.228    -3.343    -2.894    -0.466    -0.184
    21.75    39.75    2122    -0.180    -0.301    -0.674    -2.105    -2.593    -1.869    -2.919    -3.324    -3.391    -1.314    -0.191    -0.182
    21.75    39.75    2123    -0.240    -0.335    -0.353    -1.575    -2.708    -3.166    -3.109    -3.238    -3.416    -2.903    -1.446    -0.186
    21.75    39.75    2124    -0.214    -0.228    -0.284    -0.824    -2.942    -3.387    -3.393    -3.422    -3.258    -1.565    -0.390    -0.237
    21.75    39.75    2125    -0.275    -0.293    -0.579    -0.766    -1.125    -1.518    -3.059    -3.203    -3.225    -1.100    -0.414    -0.464
    21.75    39.75    2126    -0.259    -0.218    -0.395    -2.129    -3.329    -3.382    -3.281    -2.954    -3.110    -2.638    -1.812    -0.624
    21.75    39.75    2127    -0.618    -0.845    -2.206    -3.097    -3.331    -3.376    -3.347    -3.402    -3.248    -1.399    -0.417    -0.191
    21.75    39.75    2128    -0.301    -0.284    -0.478    -0.772    -1.914    -2.452    -2.751    -3.013    -3.028    -2.224    -0.392    -0.201
    21.75    39.75    2129    -0.268    -0.327    -0.301    -0.958    -2.758    -2.834    -2.671    -2.285    -2.899    -1.819    -1.866    -0.274
    21.75    39.75    2130    -0.249    -0.307    -0.472    -2.835    -3.122    -3.178    -3.184    -3.264    -3.333    -3.096    -1.164    -0.185
