      Lon      Lat    Year       Jan       Feb       Mar       Apr       May       Jun       Jul       Aug       Sep       Oct       Nov       Dec
     9.75    49.75    1980    -0.276    -0.257    -0.173    -0.156    -0.168    -0.177    -0.198    -0.249    -0.276    -0.303    -0.293    -0.234
     9.75    49.75    1981    -0.179    -0.164    -0.155    -0.155    -0.172    -0.266    -0.560    -1.127    -1.195    -1.015    -0.711    -0.430
     9.75    49.75    1982    -0.263    -0.166    -0.154    -0.154    -0.166    -0.242    -0.387    -0.520    -0.473    -0.450    -0.361    -0.234
     9.75    49.75    1983    -0.191    -0.155    -0.154    -0.161    -0.186    -0.219    -0.256    -0.373    -0.677    -0.927    -0.683    -0.313
     9.75    49.75    1984    -0.209    -0.179    -0.161    -0.155    -0.161    -0.169    -0.213    -0.333    -0.468    -0.616    -0.563    -0.339
     9.75    49.75    1985    -0.263    -0.182    -0.155    -0.154    -0.166    -0.207    -0.283    -0.387    -0.441    -0.432    -0.303    -0.244
     9.75    49.75    1986    -0.244    -0.242    -0.223    -0.156    -0.165    -0.235    -0.396    -0.782    -1.093    -0.767    -0.374    -0.228
     9.75    49.75    1987    -0.199    -0.198    -0.157    -0.154    -0.159    -0.164    -0.180    -0.264    -0.294    -0.254    -0.226    -0.185
     9.75    49.75    1988    -0.163    -0.155    -0.154    -0.161    -0.201    -0.295    -0.560    -1.267    -1.842    -2.171    -2.165    -1.588
     9.75    49.75    1989    -0.952    -0.795    -0.244    -0.157    -0.158    -0.176    -0.247    -0.418    -0.587    -0.643    -0.471    -0.304
     9.75    49.75    1990    -0.223    -0.179    -0.157    -0.153    -0.163    -0.196    -0.260    -0.422    -0.724    -1.002    -0.968    -0.607
     9.75    49.75    1991    -0.365    -0.227    -0.170    -0.161    -0.185    -0.199    -0.291    -0.570    -0.993    -1.285    -1.133    -0.476
     9.75    49.75    1992    -0.221    -0.173    -0.154    -0.154    -0.171    -0.217    -0.272    -0.470    -0.788    -0.998    -0.846    -0.592
     9.75    49.75    1993    -0.587    -0.567    -0.216    -0.155    -0.175    -0.235    -0.373    -0.758    -0.748    -0.426    -0.343    -0.279
     9.75    49.75    1994    -0.212    -0.163    -0.153    -0.154    -0.176    -0.252    -0.486    -1.078    -1.446    -1.694    -1.289    -0.644
     9.75    49.75    1995    -0.428    -0.425    -0.248    -0.154    -0.158    -0.196    -0.307    -0.341    -0.396    -0.468    -0.347    -0.208
     9.75    49.75    1996    -0.173    -0.162    -0.153    -0.155    -0.177    -0.253    -0.403    -0.576    -0.710    -0.711    -0.414    -0.288
     9.75    49.75    1997    -0.237    -0.236    -0.180    -0.159    -0.165    -0.178    -0.201    -0.282    -0.338    -0.337    -0.273    -0.196
     9.75    49.75    1998    -0.168    -0.158    -0.154    -0.159    -0.194    -0.240    -0.404    -0.887    -1.117    -1.108    -0.972    -0.572
     9.75    49.75    1999    -0.320    -0.202    -0.172    -0.163    -0.205    -0.268    -0.490    -1.085    -1.745    -2.092    -1.779    -1.049
     9.75    49.75    2000    -0.507    -0.289    -0.222    -0.215    -0.319    -0.631    -1.084    -1.657    -1.862    -1.872    -1.191    -0.701
     9.75    49.75    2001    -0.515    -0.400    -0.266    -0.176    -0.197    -0.223    -0.375    -0.576    -0.957    -1.146    -0.968    -0.495
     9.75    49.75    2002    -0.248    -0.183    -0.161    -0.162    -0.159    -0.216    -0.423    -0.929    -1.178    -1.205    -1.139    -0.842
     9.75    49.75    2003    -0.480    -0.470    -0.263    -0.181    -0.187    -0.253    -0.350    -0.466    -0.550    -0.618    -0.532    -0.293
     9.75    49.75    2004    -0.202    -0.175    -0.157    -0.156    -0.159    -0.173    -0.239    -0.369    -0.518    -0.564    -0.452    -0.272
     9.75    49.75    2005    -0.225    -0.184    -0.155    -0.156    -0.174    -0.216    -0.343    -0.682    -1.125    -1.405    -0.954    -0.349
     9.75    49.75    2006    -0.225    -0.191    -0.154    -0.157    -0.202    -0.358    -0.772    -1.444    -1.930    -2.188    -1.930    -1.445
     9.75    49.75    2007    -1.355    -1.313    -0.455    -0.222    -0.254    -0.453    -0.961    -1.128    -1.324    -1.603    -1.455    -0.885
     9.75    49.75    2008    -0.530    -0.465    -0.207    -0.245    -0.416    -0.850    -1.510    -2.012    -2.171    -2.288    -1.744    -0.662
     9.75    49.75    2009    -0.412    -0.227    -0.160    -0.159    -0.172    -0.220    -0.324    -0.501    -0.583    -0.624    -0.524    -0.407
     9.75    49.75    2010    -0.229    -0.172    -0.156    -0.157    -0.195    -0.253    -0.240    -0.411    -0.664    -0.777    -0.563    -0.302
     9.75    49.75    2011    -0.189    -0.161    -0.155    -0.160    -0.186    -0.237    -0.455    -1.031    -1.618    -1.919    -1.437    -0.683
     9.75    49.75    2012    -0.515    -0.378    -0.226    -0.189    -0.241    -0.430    -1.088    -1.823    -2.113    -2.136    -1.506    -0.563
     9.75    49.75    2013    -0.313    -0.260    -0.182    -0.157    -0.160    -0.188    -0.246    -0.324    -0.486    -0.793    -0.730    -0.485
     9.75    49.75    2014    -0.322    -0.197    -0.160    -0.155    -0.172    -0.250    -0.407    -0.756    -1.216    -1.645    -1.475    -0.615
     9.75    49.75    2015    -0.356    -0.197    -0.157    -0.157    -0.203    -0.326    -0.509    -0.994    -1.282    -1.334    -0.715    -0.473
     9.75    49.75    2016    -0.286    -0.162    -0.155    -0.156    -0.174    -0.219    -0.312    -0.604    -0.936    -1.145    -1.186    -0.731
     9.75    49.75    2017    -0.332    -0.207    -0.171    -0.160    -0.182    -0.275    -0.526    -1.038    -1.383    -1.639    -1.347    -0.702
     9.75    49.75    2018    -0.341    -0.221    -0.159    -0.155    -0.161    -0.213    -0.374    -0.613    -0.919    -0.925    -0.569    -0.401
     9.75    49.75    2019    -0.366    -0.342    -0.183    -0.170    -0.185    -0.270    -0.594    -0.930    -0.938    -1.174    -1.074    -0.578
     9.75    49.75    2020    -0.312    -0.204    -0.168    -0.170    -0.212    -0.368    -0.863    -1.534    -2.123    -2.338    -1.488    -0.534
     9.75    49.75    2021    -0.333    -0.212    -0.160    -0.161    -0.202    -0.251    -0.463    -1.051    -1.576    -1.785    -1.441    -0.811
     9.75    49.75    2022    -0.662    -0.324    -0.171    -0.158    -0.169    -0.204    -0.257    -0.407    -0.839    -1.231    -1.154    -0.749
     9.75    49.75    2023    -0.478    -0.425    -0.234    -0.185    -0.171    -0.221    -0.455    -0.970    -1.553    -1.868    -1.505    -0.657
     9.75    49.75    2024    -0.374    -0.223    -0.171    -0.172    -0.191    -0.243    -0.489    -1.060    -1.492    -1.625    -1.057    -0.602
     9.75    49.75    2025    -0.395    -0.303    -0.185    -0.159    -0.162    -0.208    -0.383    -0.851    -1.164    -1.115    -0.646    -0.324
     9.75    49.75    2026    -0.188    -0.163    -0.157    -0.161    -0.201    -0.353    -0.855    -1.585    -2.121    -2.256    -2.193    -1.849
     9.75    49.75    2027    -0.935    -0.296    -0.165    -0.157    -0.174    -0.244    -0.494    -1.094    -1.656    -2.155    -1.830    -1.128
     9.75    49.75    2028    -0.527    -0.279    -0.201    -0.166    -0.212    -0.461    -1.205    -2.063    -2.359    -2.445    -2.136    -1.523
     9.75    49.75    2029    -0.522    -0.248    -0.165    -0.156    -0.192    -0.293    -0.422    -0.954    -1.466    -1.868    -1.970    -1.352
     9.75    49.75    2030    -1.047    -0.636    -0.316    -0.291    -0.383    -0.946    -1.777    -2.162    -2.294    -2.428    -2.267    -1.559
     9.75    49.75    2031    -1.207    -1.159    -0.683    -0.188    -0.195    -0.230    -0.257    -0.398    -0.840    -1.354    -1.294    -0.776
     9.75    49.75    2032    -0.525    -0.286    -0.175    -0.160    -0.214    -0.352    -0.894    -1.822    -2.259    -2.429    -2.359    -1.518
     9.75    49.75    2033    -0.488    -0.257    -0.174    -0.156    -0.179    -0.305    -0.719    -1.409    -1.951    -2.368    -2.199    -1.339
     9.75    49.75    2034    -0.660    -0.307    -0.220    -0.215    -0.197    -0.344    -0.931    -1.609    -1.808    -1.968    -1.492    -0.831
     9.75    49.75    2035    -0.412    -0.232    -0.171    -0.159    -0.191    -0.379    -1.039    -1.825    -2.335    -2.448    -2.242    -1.786
     9.75    49.75    2036    -1.773    -1.257    -0.249    -0.158    -0.175    -0.213    -0.444    -1.157    -1.706    -2.102    -2.156    -1.407
     9.75    49.75    2037    -0.608    -0.319    -0.251    -0.218    -0.235    -0.374    -1.074    -1.892    -2.256    -2.359    -2.089    -0.912
     9.75    49.75    2038    -0.404    -0.235    -0.193    -0.162    -0.199    -0.414    -1.200    -2.008    -2.255    -2.354    -2.127    -0.979
     9.75    49.75    2039    -0.385    -0.247    -0.165    -0.161    -0.170    -0.175    -0.234    -0.356    -0.568    -0.903    -1.051    -0.582
     9.75    49.75    2040    -0.347    -0.246    -0.199    -0.186    -0.212    -0.274    -0.495    -1.049    -1.327    -1.715    -1.526    -0.713
     9.75    49.75    2041    -0.362    -0.253    -0.171    -0.166    -0.223    -0.320    -0.603    -1.078    -0.885    -1.042    -0.727    -0.369
     9.75    49.75    2042    -0.263    -0.243    -0.174    -0.164    -0.174    -0.213    -0.332    -0.525    -0.968    -1.245    -1.262    -0.763
     9.75    49.75    2043    -0.384    -0.259    -0.196    -0.172    -0.179    -0.304    -0.805    -1.594    -2.129    -2.272    -1.935    -1.076
     9.75    49.75    2044    -0.428    -0.243    -0.177    -0.162    -0.186    -0.331    -0.802    -1.680    -2.168    -2.305    -2.126    -1.188
     9.75    49.75    2045    -0.522    -0.268    -0.189    -0.192    -0.336    -0.995    -1.714    -2.214    -2.419    -2.475    -1.833    -0.807
     9.75    49.75    2046    -0.361    -0.213    -0.162    -0.163    -0.205    -0.403    -1.118    -1.788    -2.119    -2.385    -2.019    -0.962
     9.75    49.75    2047    -0.491    -0.319    -0.190    -0.160    -0.167    -0.181    -0.246    -0.416    -0.937    -1.552    -1.311    -0.663
     9.75    49.75    2048    -0.643    -0.635    -0.296    -0.280    -0.512    -1.272    -1.788    -2.210    -2.394    -2.566    -2.318    -1.342
     9.75    49.75    2049    -0.504    -0.234    -0.164    -0.167    -0.221    -0.428    -1.231    -2.090    -2.550    -2.731    -2.568    -1.065
     9.75    49.75    2050    -0.550    -0.280    -0.218    -0.197    -0.169    -0.177    -0.279    -0.569    -1.505    -1.996    -0.818    -0.425
     9.75    49.75    2051    -0.283    -0.175    -0.164    -0.185    -0.237    -0.397    -0.963    -1.702    -2.205    -2.499    -2.226    -1.135
     9.75    49.75    2052    -0.458    -0.310    -0.214    -0.186    -0.207    -0.243    -0.595    -1.543    -2.020    -2.251    -1.574    -0.746
     9.75    49.75    2053    -0.323    -0.213    -0.166    -0.163    -0.185    -0.325    -0.893    -1.058    -1.530    -1.740    -1.550    -0.750
     9.75    49.75    2054    -0.347    -0.235    -0.192    -0.169    -0.233    -0.616    -1.690    -2.343    -2.591    -2.659    -2.410    -1.920
     9.75    49.75    2055    -1.202    -0.697    -0.462    -0.390    -0.454    -0.750    -1.625    -2.157    -2.359    -2.464    -2.136    -1.225
     9.75    49.75    2056    -0.616    -0.333    -0.218    -0.215    -0.315    -0.852    -1.808    -2.279    -2.456    -2.596    -2.523    -1.174
     9.75    49.75    2057    -0.453    -0.272    -0.217    -0.232    -0.456    -1.339    -1.927    -2.070    -2.289    -2.295    -1.733    -0.569
     9.75    49.75    2058    -0.324    -0.179    -0.159    -0.164    -0.202    -0.378    -0.973    -1.645    -2.004    -2.236    -1.958    -1.003
     9.75    49.75    2059    -0.559    -0.280    -0.164    -0.160    -0.178    -0.285    -0.784    -1.632    -2.080    -2.221    -1.304    -0.569
     9.75    49.75    2060    -0.332    -0.244    -0.169    -0.167    -0.265    -0.688    -1.657    -2.047    -2.198    -2.141    -1.349    -0.691
     9.75    49.75    2061    -0.299    -0.213    -0.165    -0.162    -0.224    -0.539    -1.542    -2.163    -2.446    -2.600    -2.387    -1.515
     9.75    49.75    2062    -0.695    -0.334    -0.221    -0.191    -0.257    -0.671    -1.825    -2.276    -2.431    -2.549    -2.524    -1.663
     9.75    49.75    2063    -0.542    -0.250    -0.168    -0.161    -0.207    -0.393    -0.920    -1.934    -2.275    -2.432    -2.314    -1.021
     9.75    49.75    2064    -0.345    -0.223    -0.163    -0.160    -0.171    -0.243    -0.603    -1.681    -2.051    -2.070    -1.444    -0.634
     9.75    49.75    2065    -0.375    -0.274    -0.170    -0.165    -0.224    -0.389    -1.000    -1.922    -2.118    -2.196    -1.403    -0.702
     9.75    49.75    2066    -0.319    -0.204    -0.163    -0.161    -0.190    -0.376    -1.239    -2.036    -2.217    -2.283    -1.943    -1.119
     9.75    49.75    2067    -0.569    -0.342    -0.233    -0.184    -0.252    -0.627    -1.669    -2.137    -2.301    -2.338    -2.024    -1.065
     9.75    49.75    2068    -0.456    -0.249    -0.191    -0.191    -0.234    -0.496    -1.634    -2.140    -2.350    -2.525    -2.165    -0.956
     9.75    49.75    2069    -0.475    -0.318    -0.215    -0.255    -0.617    -1.833    -2.357    -2.572    -2.702    -2.788    -2.206    -0.933
     9.75    49.75    2070    -0.392    -0.213    -0.163    -0.168    -0.211    -0.310    -0.639    -1.804    -2.314    -2.382    -1.627    -0.748
     9.75    49.75    2071    -0.372    -0.214    -0.160    -0.168    -0.260    -0.719    -2.089    -2.471    -2.605    -2.683    -2.295    -1.550
     9.75    49.75    2072    -1.072    -0.607    -0.449    -0.601    -1.055    -2.213    -2.396    -2.566    -2.661    -2.646    -1.578    -0.578
     9.75    49.75    2073    -0.302    -0.192    -0.171    -0.181    -0.257    -0.382    -0.756    -1.997    -2.322    -2.338    -1.869    -0.839
     9.75    49.75    2074    -0.482    -0.269    -0.189    -0.217    -0.423    -1.534    -2.298    -2.467    -2.608    -2.491    -1.249    -0.501
     9.75    49.75    2075    -0.278    -0.188    -0.159    -0.169    -0.264    -0.683    -1.947    -2.370    -2.500    -2.565    -2.396    -1.593
     9.75    49.75    2076    -0.624    -0.391    -0.220    -0.187    -0.270    -0.716    -2.050    -2.385    -2.433    -1.961    -0.935    -0.314
     9.75    49.75    2077    -0.195    -0.171    -0.168    -0.206    -0.497    -1.719    -2.368    -2.531    -2.641    -2.632    -1.433    -0.608
     9.75    49.75    2078    -0.318    -0.177    -0.158    -0.162    -0.207    -0.414    -1.086    -2.164    -2.374    -2.443    -2.227    -0.775
     9.75    49.75    2079    -0.285    -0.186    -0.163    -0.175    -0.226    -0.388    -1.365    -2.336    -2.475    -2.465    -2.215    -1.037
     9.75    49.75    2080    -0.617    -0.463    -0.296    -0.215    -0.242    -0.571    -1.940    -2.409    -2.504    -2.467    -1.598    -0.577
     9.75    49.75    2081    -0.301    -0.195    -0.162    -0.165    -0.216    -0.483    -1.634    -2.448    -2.563    -2.580    -1.406    -0.509
     9.75    49.75    2082    -0.279    -0.193    -0.164    -0.165    -0.178    -0.258    -0.671    -2.042    -2.522    -2.247    -0.892    -0.352
     9.75    49.75    2083    -0.187    -0.170    -0.170    -0.174    -0.214    -0.416    -1.299    -2.506    -2.649    -2.647    -2.036    -1.041
     9.75    49.75    2084    -0.581    -0.336    -0.257    -0.207    -0.212    -0.434    -1.615    -2.612    -2.810    -2.613    -1.415    -0.609
     9.75    49.75    2085    -0.282    -0.182    -0.164    -0.184    -0.367    -1.310    -2.735    -2.880    -2.970    -3.046    -2.823    -1.718
     9.75    49.75    2086    -0.909    -0.479    -0.315    -0.314    -0.603    -2.189    -2.849    -2.909    -2.929    -2.954    -2.550    -1.107
     9.75    49.75    2087    -0.595    -0.359    -0.188    -0.184    -0.268    -0.765    -2.351    -2.786    -2.848    -2.895    -2.420    -1.143
     9.75    49.75    2088    -0.547    -0.307    -0.213    -0.166    -0.224    -0.567    -1.941    -2.649    -2.698    -2.734    -2.213    -0.655
     9.75    49.75    2089    -0.289    -0.191    -0.165    -0.171    -0.288    -0.954    -2.490    -2.655    -2.721    -2.753    -2.461    -1.256
     9.75    49.75    2090    -0.543    -0.311    -0.207    -0.166    -0.197    -0.319    -0.776    -2.040    -2.594    -2.629    -2.411    -1.758
     9.75    49.75    2091    -0.738    -0.431    -0.284    -0.224    -0.272    -0.491    -1.582    -2.688    -2.773    -2.804    -2.764    -1.793
     9.75    49.75    2092    -0.713    -0.343    -0.198    -0.173    -0.195    -0.377    -1.436    -2.714    -2.784    -2.817    -2.329    -1.266
     9.75    49.75    2093    -0.495    -0.275    -0.183    -0.191    -0.363    -1.166    -2.702    -2.824    -2.889    -2.928    -2.608    -1.317
     9.75    49.75    2094    -0.610    -0.293    -0.191    -0.177    -0.193    -0.249    -0.319    -0.558    -1.019    -1.361    -1.022    -0.438
     9.75    49.75    2095    -0.289    -0.191    -0.188    -0.205    -0.264    -0.426    -0.948    -2.294    -2.568    -2.581    -1.595    -0.635
     9.75    49.75    2096    -0.281    -0.186    -0.170    -0.172    -0.247    -0.616    -1.981    -2.719    -2.816    -2.840    -2.261    -0.920
     9.75    49.75    2097    -0.412    -0.270    -0.202    -0.191    -0.295    -0.931    -2.650    -2.998    -3.067    -3.104    -2.762    -1.359
     9.75    49.75    2098    -0.481    -0.256    -0.205    -0.170    -0.178    -0.288    -0.706    -2.314    -2.806    -2.614    -1.289    -0.523
     9.75    49.75    2099    -0.264    -0.184    -0.166    -0.170    -0.244    -0.674    -2.259    -2.827    -2.895    -2.888    -2.072    -0.610
     9.75    49.75    2100    -0.281    -0.191    -0.163    -0.165    -0.175    -0.259    -0.648    -2.061    -2.774    -2.811    -2.053    -0.802
     9.75    49.75    2101    -0.352    -0.201    -0.163    -0.169    -0.253    -0.719    -2.333    -2.858    -2.937    -2.978    -2.513    -1.545
     9.75    49.75    2102    -1.056    -0.624    -0.493    -0.606    -1.017    -2.385    -2.733    -2.848    -2.957    -2.867    -1.680    -0.673
     9.75    49.75    2103    -0.370    -0.255    -0.193    -0.202    -0.269    -0.373    -0.653    -1.705    -2.897    -2.867    -1.911    -0.906
     9.75    49.75    2104    -0.417    -0.233    -0.169    -0.188    -0.343    -1.257    -2.880    -3.086    -3.137    -2.982    -1.858    -0.541
     9.75    49.75    2105    -0.285    -0.197    -0.159    -0.173    -0.287    -0.797    -2.546    -3.097    -3.155    -3.186    -2.824    -1.767
     9.75    49.75    2106    -0.645    -0.426    -0.258    -0.182    -0.276    -0.777    -2.555    -3.082    -3.096    -2.840    -1.538    -0.443
     9.75    49.75    2107    -0.247    -0.183    -0.177    -0.217    -0.561    -2.111    -2.840    -2.908    -2.952    -2.865    -1.610    -0.567
     9.75    49.75    2108    -0.243    -0.159    -0.159    -0.163    -0.217    -0.436    -1.089    -2.240    -2.391    -2.409    -2.115    -0.837
     9.75    49.75    2109    -0.330    -0.203    -0.176    -0.186    -0.231    -0.349    -1.123    -2.428    -2.637    -2.642    -1.969    -1.179
     9.75    49.75    2110    -0.682    -0.500    -0.331    -0.222    -0.240    -0.539    -1.923    -2.477    -2.534    -2.524    -1.644    -0.601
     9.75    49.75    2111    -0.296    -0.207    -0.175    -0.179    -0.220    -0.457    -1.526    -2.474    -2.586    -2.500    -1.490    -0.665
     9.75    49.75    2112    -0.355    -0.234    -0.183    -0.187    -0.198    -0.261    -0.654    -2.039    -2.755    -2.482    -1.411    -0.443
     9.75    49.75    2113    -0.281    -0.205    -0.186    -0.192    -0.249    -0.483    -1.466    -2.700    -2.861    -2.848    -2.236    -1.090
     9.75    49.75    2114    -0.609    -0.341    -0.258    -0.213    -0.213    -0.415    -1.590    -2.754    -2.929    -2.732    -1.423    -0.494
     9.75    49.75    2115    -0.230    -0.172    -0.168    -0.180    -0.324    -1.144    -2.799    -2.992    -3.075    -3.105    -2.960    -1.982
     9.75    49.75    2116    -0.986    -0.600    -0.333    -0.314    -0.562    -2.096    -2.798    -2.845    -2.867    -2.881    -2.482    -1.286
     9.75    49.75    2117    -0.591    -0.288    -0.183    -0.174    -0.262    -0.738    -2.245    -2.705    -2.750    -2.793    -2.220    -1.108
     9.75    49.75    2118    -0.542    -0.352    -0.242    -0.172    -0.241    -0.664    -2.082    -2.713    -2.750    -2.789    -2.295    -0.785
     9.75    49.75    2119    -0.399    -0.239    -0.186    -0.188    -0.284    -0.894    -2.550    -2.881    -2.946    -2.946    -2.632    -1.589
     9.75    49.75    2120    -0.671    -0.442    -0.266    -0.196    -0.235    -0.356    -0.789    -2.080    -2.800    -2.724    -2.474    -1.601
     9.75    49.75    2121    -0.744    -0.416    -0.272    -0.230    -0.252    -0.358    -1.006    -2.534    -2.885    -2.931    -2.819    -1.834
     9.75    49.75    2122    -0.672    -0.370    -0.228    -0.181    -0.189    -0.332    -1.203    -2.789    -2.967    -3.003    -2.652    -1.244
     9.75    49.75    2123    -0.611    -0.286    -0.181    -0.190    -0.309    -0.888    -2.614    -2.950    -3.016    -3.023    -2.612    -1.289
     9.75    49.75    2124    -0.502    -0.249    -0.184    -0.181    -0.191    -0.234    -0.326    -0.495    -0.845    -1.093    -0.881    -0.375
     9.75    49.75    2125    -0.226    -0.182    -0.182    -0.204    -0.254    -0.334    -0.672    -2.214    -2.932    -2.904    -1.958    -0.870
     9.75    49.75    2126    -0.397    -0.246    -0.183    -0.195    -0.333    -0.906    -2.552    -3.018    -3.088    -3.103    -2.388    -0.943
     9.75    49.75    2127    -0.427    -0.260    -0.193    -0.179    -0.256    -0.754    -2.482    -3.036    -3.097    -3.124    -2.836    -1.268
     9.75    49.75    2128    -0.484    -0.263    -0.212    -0.244    -0.320    -0.471    -1.517    -2.810    -2.866    -2.563    -1.254    -0.412
     9.75    49.75    2129    -0.235    -0.179    -0.168    -0.174    -0.248    -0.702    -2.313    -2.928    -2.965    -2.947    -1.864    -0.782
     9.75    49.75    2130    -0.380    -0.237    -0.169    -0.170    -0.181    -0.252    -0.586    -1.936    -2.709    -2.716    -2.041    -0.701
    13.75    55.75    1980    -0.130    -0.130    -0.127    -0.126    -0.139    -0.190    -0.316    -0.621    -0.904    -0.615    -0.303    -0.210
    13.75    55.75    1981    -0.141    -0.126    -0.125    -0.126    -0.139    -0.192    -0.307    -0.622    -1.130    -1.261    -0.672    -0.308
    13.75    55.75    1982    -0.182    -0.130    -0.125    -0.125    -0.131    -0.157    -0.246    -0.473    -0.841    -0.645    -0.346    -0.187
    13.75    55.75    1983    -0.163    -0.129    -0.125    -0.126    -0.142    -0.191    -0.296    -0.604    -1.256    -1.663    -1.072    -0.402
    13.75    55.75    1984    -0.201    -0.144    -0.129    -0.125    -0.130    -0.159    -0.207    -0.256    -0.294    -0.254    -0.159    -0.131
    13.75    55.75    1985    -0.126    -0.125    -0.125    -0.126    -0.128    -0.139    -0.171    -0.185    -0.187    -0.148    -0.127    -0.125
    13.75    55.75    1986    -0.126    -0.126    -0.126    -0.126    -0.129    -0.153    -0.231    -0.326    -0.316    -0.201    -0.146    -0.128
    13.75    55.75    1987    -0.126    -0.126    -0.126    -0.126    -0.138    -0.176    -0.224    -0.376    -0.401    -0.238    -0.152    -0.127
    13.75    55.75    1988    -0.125    -0.125    -0.125    -0.126    -0.141    -0.194    -0.348    -0.621    -0.956    -1.118    -0.875    -0.426
    13.75    55.75    1989    -0.241    -0.240    -0.175    -0.126    -0.132    -0.172    -0.282    -0.465    -0.733    -0.625    -0.294    -0.169
    13.75    55.75    1990    -0.137    -0.130    -0.126    -0.125    -0.135    -0.149    -0.196    -0.301    -0.307    -0.243    -0.178    -0.132
    13.75    55.75    1991    -0.126    -0.126    -0.126    -0.126    -0.135    -0.189    -0.334    -0.375    -0.297    -0.212    -0.150    -0.130
    13.75    55.75    1992    -0.125    -0.125    -0.125    -0.125    -0.133    -0.160    -0.214    -0.375    -0.617    -0.728    -0.530    -0.241
    13.75    55.75    1993    -0.229    -0.218    -0.155    -0.126    -0.137    -0.172    -0.208    -0.223    -0.253    -0.236    -0.170    -0.165
    13.75    55.75    1994    -0.162    -0.140    -0.126    -0.127    -0.137    -0.174    -0.229    -0.235    -0.261    -0.205    -0.145    -0.131
    13.75    55.75    1995    -0.128    -0.127    -0.126    -0.126    -0.135    -0.172    -0.266    -0.491    -0.814    -0.801    -0.357    -0.191
    13.75    55.75    1996    -0.132    -0.125    -0.125    -0.126    -0.135    -0.183    -0.317    -0.522    -0.704    -0.488    -0.250    -0.176
    13.75    55.75    1997    -0.138    -0.138    -0.133    -0.126    -0.135    -0.181    -0.266    -0.359    -0.378    -0.288    -0.176    -0.133
    13.75    55.75    1998    -0.129    -0.127    -0.126    -0.126    -0.141    -0.172    -0.245    -0.449    -0.591    -0.584    -0.460    -0.267
    13.75    55.75    1999    -0.195    -0.161    -0.130    -0.132    -0.138    -0.180    -0.313    -0.523    -0.622    -0.361    -0.220    -0.142
    13.75    55.75    2000    -0.129    -0.126    -0.126    -0.129    -0.158    -0.251    -0.474    -1.037    -1.681    -1.466    -0.692    -0.282
    13.75    55.75    2001    -0.201    -0.201    -0.198    -0.131    -0.130    -0.149    -0.185    -0.215    -0.206    -0.170    -0.137    -0.128
    13.75    55.75    2002    -0.128    -0.129    -0.128    -0.126    -0.133    -0.181    -0.312    -0.488    -0.426    -0.276    -0.182    -0.140
    13.75    55.75    2003    -0.129    -0.129    -0.127    -0.126    -0.133    -0.168    -0.252    -0.310    -0.345    -0.227    -0.155    -0.128
    13.75    55.75    2004    -0.126    -0.126    -0.126    -0.126    -0.135    -0.152    -0.154    -0.185    -0.238    -0.269    -0.191    -0.138
    13.75    55.75    2005    -0.130    -0.128    -0.127    -0.127    -0.142    -0.187    -0.305    -0.582    -1.023    -1.024    -0.370    -0.178
    13.75    55.75    2006    -0.135    -0.126    -0.126    -0.127    -0.150    -0.179    -0.175    -0.231    -0.242    -0.175    -0.139    -0.129
    13.75    55.75    2007    -0.129    -0.129    -0.127    -0.128    -0.140    -0.199    -0.360    -0.667    -1.194    -1.305    -0.818    -0.275
    13.75    55.75    2008    -0.153    -0.129    -0.126    -0.131    -0.146    -0.179    -0.209    -0.369    -0.622    -0.824    -0.503    -0.306
    13.75    55.75    2009    -0.222    -0.159    -0.126    -0.126    -0.131    -0.167    -0.239    -0.359    -0.355    -0.271    -0.197    -0.154
    13.75    55.75    2010    -0.134    -0.126    -0.126    -0.128    -0.148    -0.218    -0.398    -0.829    -1.291    -0.714    -0.303    -0.182
    13.75    55.75    2011    -0.138    -0.129    -0.126    -0.127    -0.141    -0.197    -0.365    -0.647    -0.829    -0.638    -0.355    -0.169
    13.75    55.75    2012    -0.128    -0.126    -0.125    -0.126    -0.138    -0.150    -0.192    -0.297    -0.370    -0.366    -0.195    -0.134
    13.75    55.75    2013    -0.128    -0.127    -0.126    -0.126    -0.135    -0.144    -0.210    -0.357    -0.551    -0.699    -0.631    -0.367
    13.75    55.75    2014    -0.231    -0.155    -0.130    -0.130    -0.145    -0.204    -0.374    -0.725    -1.369    -1.796    -1.420    -0.488
    13.75    55.75    2015    -0.205    -0.137    -0.126    -0.128    -0.148    -0.235    -0.463    -0.989    -0.750    -0.358    -0.208    -0.131
    13.75    55.75    2016    -0.126    -0.125    -0.125    -0.126    -0.140    -0.207    -0.352    -0.645    -1.180    -1.568    -0.936    -0.411
    13.75    55.75    2017    -0.180    -0.135    -0.126    -0.126    -0.140    -0.195    -0.241    -0.257    -0.278    -0.244    -0.161    -0.131
    13.75    55.75    2018    -0.126    -0.125    -0.126    -0.126    -0.137    -0.163    -0.223    -0.375    -0.731    -0.999    -0.591    -0.362
    13.75    55.75    2019    -0.310    -0.266    -0.132    -0.126    -0.133    -0.165    -0.282    -0.503    -0.990    -1.249    -0.993    -0.474
    13.75    55.75    2020    -0.232    -0.148    -0.126    -0.130    -0.161    -0.263    -0.500    -1.001    -1.550    -1.525    -0.564    -0.243
    13.75    55.75    2021    -0.158    -0.133    -0.125    -0.128    -0.159    -0.254    -0.473    -1.141    -1.383    -0.864    -0.336    -0.188
    13.75    55.75    2022    -0.133    -0.125    -0.125    -0.125    -0.141    -0.207    -0.236    -0.233    -0.252    -0.243    -0.158    -0.126
    13.75    55.75    2023    -0.125    -0.125    -0.125    -0.125    -0.142    -0.205    -0.328    -0.460    -0.710    -0.922    -0.424    -0.210
    13.75    55.75    2024    -0.134    -0.125    -0.125    -0.126    -0.146    -0.177    -0.268    -0.499    -0.772    -0.645    -0.346    -0.216
    13.75    55.75    2025    -0.171    -0.162    -0.128    -0.127    -0.131    -0.141    -0.171    -0.184    -0.178    -0.160    -0.133    -0.127
    13.75    55.75    2026    -0.127    -0.126    -0.125    -0.126    -0.141    -0.182    -0.295    -0.400    -0.289    -0.180    -0.137    -0.126
    13.75    55.75    2027    -0.125    -0.125    -0.126    -0.126    -0.137    -0.175    -0.256    -0.355    -0.418    -0.257    -0.185    -0.153
    13.75    55.75    2028    -0.132    -0.126    -0.126    -0.127    -0.139    -0.182    -0.262    -0.375    -0.313    -0.257    -0.173    -0.133
    13.75    55.75    2029    -0.127    -0.126    -0.126    -0.126    -0.132    -0.166    -0.241    -0.419    -0.658    -0.661    -0.432    -0.229
    13.75    55.75    2030    -0.179    -0.174    -0.130    -0.127    -0.140    -0.194    -0.310    -0.605    -1.029    -1.224    -1.045    -0.429
    13.75    55.75    2031    -0.226    -0.187    -0.151    -0.127    -0.133    -0.167    -0.215    -0.190    -0.230    -0.225    -0.174    -0.140
    13.75    55.75    2032    -0.130    -0.129    -0.127    -0.128    -0.148    -0.210    -0.308    -0.430    -0.540    -0.599    -0.403    -0.207
    13.75    55.75    2033    -0.140    -0.129    -0.129    -0.130    -0.147    -0.209    -0.358    -0.605    -0.785    -0.962    -0.852    -0.488
    13.75    55.75    2034    -0.275    -0.135    -0.128    -0.128    -0.138    -0.188    -0.343    -0.521    -0.629    -0.621    -0.405    -0.249
    13.75    55.75    2035    -0.161    -0.135    -0.131    -0.129    -0.142    -0.203    -0.332    -0.455    -0.543    -0.423    -0.221    -0.139
    13.75    55.75    2036    -0.131    -0.129    -0.129    -0.129    -0.150    -0.234    -0.446    -0.816    -1.215    -1.499    -1.169    -0.419
    13.75    55.75    2037    -0.205    -0.132    -0.128    -0.130    -0.155    -0.216    -0.296    -0.335    -0.397    -0.397    -0.242    -0.158
    13.75    55.75    2038    -0.139    -0.131    -0.130    -0.131    -0.152    -0.232    -0.442    -0.767    -1.047    -0.929    -0.509    -0.249
    13.75    55.75    2039    -0.159    -0.153    -0.131    -0.130    -0.139    -0.159    -0.191    -0.316    -0.452    -0.436    -0.296    -0.187
    13.75    55.75    2040    -0.149    -0.140    -0.135    -0.133    -0.148    -0.195    -0.342    -0.484    -0.696    -0.854    -0.621    -0.272
    13.75    55.75    2041    -0.164    -0.135    -0.132    -0.132    -0.139    -0.165    -0.302    -0.530    -0.660    -0.364    -0.215    -0.146
    13.75    55.75    2042    -0.133    -0.131    -0.132    -0.133    -0.152    -0.246    -0.480    -0.629    -0.454    -0.304    -0.211    -0.153
    13.75    55.75    2043    -0.136    -0.132    -0.132    -0.133    -0.150    -0.256    -0.451    -0.597    -0.812    -0.673    -0.359    -0.193
    13.75    55.75    2044    -0.139    -0.133    -0.132    -0.133    -0.144    -0.196    -0.320    -0.490    -0.603    -0.599    -0.459    -0.240
    13.75    55.75    2045    -0.163    -0.142    -0.136    -0.137    -0.166    -0.303    -0.579    -0.900    -1.034    -0.632    -0.305    -0.165
    13.75    55.75    2046    -0.137    -0.134    -0.134    -0.141    -0.199    -0.410    -0.715    -1.156    -1.520    -1.053    -0.459    -0.209
    13.75    55.75    2047    -0.147    -0.133    -0.133    -0.134    -0.147    -0.214    -0.288    -0.295    -0.311    -0.268    -0.194    -0.154
    13.75    55.75    2048    -0.154    -0.154    -0.144    -0.137    -0.152    -0.233    -0.439    -0.546    -0.602    -0.595    -0.470    -0.265
    13.75    55.75    2049    -0.181    -0.146    -0.140    -0.144    -0.164    -0.232    -0.458    -0.659    -0.798    -0.905    -0.710    -0.302
    13.75    55.75    2050    -0.218    -0.177    -0.141    -0.142    -0.148    -0.193    -0.396    -0.711    -1.050    -1.098    -0.503    -0.301
    13.75    55.75    2051    -0.211    -0.145    -0.138    -0.144    -0.172    -0.311    -0.678    -1.041    -1.408    -1.162    -0.753    -0.366
    13.75    55.75    2052    -0.244    -0.242    -0.182    -0.139    -0.151    -0.207    -0.329    -0.515    -0.653    -0.601    -0.334    -0.220
    13.75    55.75    2053    -0.195    -0.149    -0.142    -0.143    -0.156    -0.252    -0.557    -0.713    -0.772    -0.702    -0.460    -0.277
    13.75    55.75    2054    -0.192    -0.164    -0.149    -0.152    -0.211    -0.467    -0.674    -0.758    -0.903    -0.987    -0.906    -0.527
    13.75    55.75    2055    -0.316    -0.217    -0.185    -0.180    -0.223    -0.498    -0.814    -1.016    -1.363    -1.372    -0.654    -0.333
    13.75    55.75    2056    -0.195    -0.146    -0.143    -0.147    -0.182    -0.375    -0.843    -1.175    -1.330    -1.140    -0.558    -0.254
    13.75    55.75    2057    -0.161    -0.143    -0.143    -0.153    -0.224    -0.572    -0.933    -1.148    -1.321    -0.986    -0.340    -0.192
    13.75    55.75    2058    -0.165    -0.147    -0.147    -0.150    -0.175    -0.304    -0.682    -0.809    -0.868    -0.826    -0.637    -0.338
    13.75    55.75    2059    -0.348    -0.346    -0.209    -0.158    -0.168    -0.299    -0.714    -1.011    -1.188    -1.304    -0.784    -0.431
    13.75    55.75    2060    -0.259    -0.220    -0.164    -0.155    -0.199    -0.428    -0.872    -0.971    -1.006    -1.007    -0.751    -0.411
    13.75    55.75    2061    -0.271    -0.204    -0.170    -0.164    -0.224    -0.449    -0.823    -1.035    -1.254    -1.459    -0.979    -0.406
    13.75    55.75    2062    -0.251    -0.177    -0.161    -0.168    -0.221    -0.598    -1.030    -1.219    -1.346    -1.246    -0.899    -0.489
    13.75    55.75    2063    -0.235    -0.176    -0.163    -0.170    -0.227    -0.591    -1.019    -1.209    -1.361    -1.237    -0.797    -0.347
    13.75    55.75    2064    -0.202    -0.165    -0.163    -0.168    -0.201    -0.425    -0.939    -1.249    -1.455    -1.178    -0.647    -0.283
    13.75    55.75    2065    -0.190    -0.161    -0.161    -0.166    -0.193    -0.224    -0.334    -0.805    -1.014    -0.956    -0.467    -0.250
    13.75    55.75    2066    -0.192    -0.173    -0.174    -0.181    -0.223    -0.582    -1.122    -1.408    -1.661    -1.813    -1.361    -0.550
    13.75    55.75    2067    -0.270    -0.183    -0.165    -0.166    -0.216    -0.387    -0.873    -1.323    -1.604    -1.555    -0.958    -0.393
    13.75    55.75    2068    -0.213    -0.165    -0.163    -0.167    -0.193    -0.308    -0.612    -1.199    -1.490    -1.679    -1.686    -0.957
    13.75    55.75    2069    -0.443    -0.283    -0.217    -0.221    -0.321    -0.766    -1.352    -1.592    -1.763    -1.839    -1.625    -0.843
    13.75    55.75    2070    -0.372    -0.230    -0.174    -0.175    -0.196    -0.265    -0.362    -0.687    -1.188    -1.007    -0.499    -0.274
    13.75    55.75    2071    -0.211    -0.184    -0.183    -0.187    -0.275    -0.689    -1.086    -1.409    -1.533    -1.454    -1.180    -0.778
    13.75    55.75    2072    -0.536    -0.453    -0.275    -0.273    -0.340    -0.807    -1.289    -1.483    -1.575    -1.431    -0.926    -0.448
    13.75    55.75    2073    -0.266    -0.196    -0.187    -0.198    -0.297    -0.793    -1.443    -1.687    -1.867    -1.890    -0.693    -0.329
    13.75    55.75    2074    -0.188    -0.171    -0.171    -0.179    -0.229    -0.398    -1.019    -1.482    -1.681    -1.648    -1.038    -0.398
    13.75    55.75    2075    -0.273    -0.218    -0.184    -0.186    -0.256    -0.536    -1.218    -1.682    -1.968    -2.124    -1.708    -0.998
    13.75    55.75    2076    -0.370    -0.258    -0.204    -0.189    -0.248    -0.608    -1.408    -1.703    -1.856    -1.324    -0.548    -0.261
    13.75    55.75    2077    -0.199    -0.184    -0.183    -0.208    -0.441    -1.312    -1.776    -2.066    -2.217    -1.811    -0.738    -0.333
    13.75    55.75    2078    -0.202    -0.180    -0.181    -0.190    -0.264    -0.551    -1.124    -1.510    -1.736    -1.662    -1.179    -0.576
    13.75    55.75    2079    -0.356    -0.260    -0.215    -0.205    -0.236    -0.330    -0.436    -0.825    -1.336    -1.372    -1.018    -0.547
    13.75    55.75    2080    -0.338    -0.256    -0.217    -0.215    -0.278    -0.800    -1.587    -1.905    -1.985    -1.734    -0.676    -0.343
    13.75    55.75    2081    -0.229    -0.204    -0.203    -0.213    -0.319    -0.771    -1.496    -1.882    -2.039    -1.964    -0.967    -0.409
    13.75    55.75    2082    -0.261    -0.197    -0.196    -0.198    -0.244    -0.414    -1.189    -1.761    -1.884    -1.410    -0.781    -0.380
    13.75    55.75    2083    -0.242    -0.205    -0.205    -0.211    -0.266    -0.519    -1.155    -1.399    -1.545    -1.399    -0.940    -0.508
    13.75    55.75    2084    -0.319    -0.253    -0.226    -0.228    -0.251    -0.422    -1.043    -1.636    -1.881    -1.624    -0.648    -0.334
    13.75    55.75    2085    -0.244    -0.228    -0.229    -0.246    -0.420    -1.290    -1.995    -2.284    -2.382    -2.277    -1.650    -0.591
    13.75    55.75    2086    -0.316    -0.226    -0.215    -0.232    -0.346    -1.159    -2.120    -2.274    -1.999    -1.587    -1.040    -0.481
    13.75    55.75    2087    -0.292    -0.233    -0.220    -0.222    -0.283    -0.808    -1.976    -2.241    -1.692    -1.148    -0.672    -0.350
    13.75    55.75    2088    -0.245    -0.220    -0.220    -0.225    -0.287    -0.593    -0.935    -1.376    -1.269    -0.926    -0.570    -0.307
    13.75    55.75    2089    -0.250    -0.247    -0.247    -0.259    -0.370    -1.266    -2.155    -2.121    -1.246    -1.428    -1.136    -0.507
    13.75    55.75    2090    -0.302    -0.237    -0.234    -0.238    -0.315    -0.761    -1.707    -2.177    -2.381    -2.389    -2.009    -1.224
    13.75    55.75    2091    -0.655    -0.424    -0.305    -0.266    -0.354    -0.690    -1.392    -1.635    -1.557    -1.331    -0.646    -0.353
    13.75    55.75    2092    -0.284    -0.273    -0.270    -0.273    -0.338    -0.777    -1.575    -1.896    -2.135    -1.961    -1.324    -0.732
    13.75    55.75    2093    -0.542    -0.357    -0.273    -0.308    -0.823    -2.072    -2.455    -2.617    -2.580    -2.448    -1.628    -0.933
    13.75    55.75    2094    -0.494    -0.293    -0.248    -0.258    -0.338    -0.592    -1.432    -2.261    -2.539    -2.487    -1.547    -0.741
    13.75    55.75    2095    -0.431    -0.410    -0.250    -0.246    -0.298    -0.753    -2.142    -2.587    -2.685    -2.500    -1.425    -0.528
    13.75    55.75    2096    -0.279    -0.231    -0.227    -0.233    -0.384    -0.820    -1.228    -1.782    -2.044    -1.593    -1.011    -0.541
    13.75    55.75    2097    -0.360    -0.256    -0.254    -0.272    -0.342    -0.563    -1.684    -2.475    -2.654    -2.631    -1.635    -0.795
    13.75    55.75    2098    -0.406    -0.274    -0.246    -0.279    -0.336    -0.622    -1.622    -2.437    -2.767    -2.719    -1.667    -0.934
    13.75    55.75    2099    -0.473    -0.307    -0.247    -0.263    -0.495    -1.852    -2.696    -2.889    -2.985    -2.967    -1.813    -0.631
    13.75    55.75    2100    -0.287    -0.221    -0.221    -0.225    -0.272    -0.591    -1.890    -2.712    -2.894    -2.884    -2.074    -0.815
    13.75    55.75    2101    -0.437    -0.284    -0.237    -0.249    -0.390    -1.035    -1.849    -2.527    -2.751    -2.550    -1.703    -0.928
    13.75    55.75    2102    -0.629    -0.423    -0.354    -0.388    -0.421    -0.932    -2.166    -2.689    -2.777    -2.725    -1.817    -0.791
    13.75    55.75    2103    -0.413    -0.276    -0.262    -0.282    -0.467    -1.443    -2.655    -2.873    -2.938    -2.735    -1.163    -0.620
    13.75    55.75    2104    -0.331    -0.233    -0.233    -0.261    -0.373    -0.748    -2.043    -2.785    -2.962    -2.767    -1.455    -0.616
    13.75    55.75    2105    -0.392    -0.296    -0.251    -0.259    -0.423    -1.203    -2.245    -2.813    -2.948    -2.962    -2.485    -1.391
    13.75    55.75    2106    -0.644    -0.421    -0.308    -0.283    -0.435    -1.314    -2.570    -2.854    -2.932    -1.895    -0.912    -0.463
    13.75    55.75    2107    -0.290    -0.256    -0.254    -0.303    -0.852    -2.391    -2.895    -3.027    -3.085    -2.868    -1.392    -0.525
    13.75    55.75    2108    -0.294    -0.239    -0.240    -0.252    -0.356    -0.671    -1.786    -2.355    -2.548    -2.379    -1.417    -0.729
    13.75    55.75    2109    -0.398    -0.286    -0.273    -0.279    -0.353    -0.518    -0.662    -1.342    -2.251    -2.249    -1.824    -0.863
    13.75    55.75    2110    -0.530    -0.380    -0.318    -0.299    -0.374    -1.160    -2.494    -2.862    -2.914    -2.517    -1.092    -0.564
    13.75    55.75    2111    -0.325    -0.283    -0.281    -0.293    -0.474    -1.088    -2.372    -2.870    -2.965    -2.612    -1.177    -0.566
    13.75    55.75    2112    -0.315    -0.272    -0.273    -0.277    -0.322    -0.614    -1.791    -2.738    -2.821    -2.124    -0.829    -0.409
    13.75    55.75    2113    -0.297    -0.287    -0.287    -0.298    -0.384    -0.642    -1.446    -2.221    -2.369    -2.038    -1.169    -0.652
    13.75    55.75    2114    -0.383    -0.309    -0.310    -0.314    -0.373    -0.604    -1.834    -2.477    -2.674    -2.551    -1.355    -0.759
    13.75    55.75    2115    -0.439    -0.320    -0.312    -0.347    -0.631    -1.998    -2.778    -2.941    -3.005    -2.928    -2.084    -0.936
    13.75    55.75    2116    -0.434    -0.303    -0.282    -0.288    -0.404    -1.466    -2.668    -2.712    -2.540    -1.963    -1.027    -0.492
    13.75    55.75    2117    -0.330    -0.284    -0.282    -0.284    -0.380    -1.245    -2.682    -2.883    -2.492    -1.606    -1.013    -0.516
    13.75    55.75    2118    -0.323    -0.282    -0.282    -0.292    -0.365    -0.736    -1.397    -1.597    -1.297    -0.983    -0.644    -0.388
    13.75    55.75    2119    -0.306    -0.305    -0.305    -0.317    -0.455    -1.694    -2.726    -2.642    -2.026    -1.703    -1.160    -0.619
    13.75    55.75    2120    -0.358    -0.284    -0.283    -0.291    -0.364    -0.761    -1.857    -2.459    -2.644    -2.660    -2.393    -1.520
    13.75    55.75    2121    -0.810    -0.496    -0.362    -0.335    -0.407    -0.814    -1.492    -2.012    -2.242    -1.821    -1.011    -0.471
    13.75    55.75    2122    -0.340    -0.322    -0.319    -0.325    -0.373    -0.723    -2.084    -2.301    -2.451    -2.307    -1.684    -0.856
    13.75    55.75    2123    -0.629    -0.415    -0.323    -0.368    -1.038    -2.525    -2.864    -2.971    -2.998    -2.376    -1.549    -0.862
    13.75    55.75    2124    -0.425    -0.291    -0.274    -0.284    -0.401    -0.706    -1.643    -2.454    -2.711    -2.746    -2.055    -1.008
    13.75    55.75    2125    -0.591    -0.555    -0.314    -0.281    -0.334    -0.782    -2.403    -2.846    -2.897    -2.780    -1.469    -0.685
    13.75    55.75    2126    -0.319    -0.264    -0.258    -0.268    -0.395    -0.880    -1.324    -1.965    -2.364    -1.546    -0.870    -0.423
    13.75    55.75    2127    -0.296    -0.275    -0.276    -0.282    -0.309    -0.526    -1.735    -2.597    -2.792    -2.677    -2.177    -0.979
    13.75    55.75    2128    -0.508    -0.306    -0.268    -0.293    -0.364    -0.470    -0.892    -2.007    -2.659    -2.708    -1.744    -0.817
    13.75    55.75    2129    -0.426    -0.291    -0.270    -0.287    -0.538    -1.985    -2.761    -2.926    -3.052    -3.006    -1.871    -0.589
    13.75    55.75    2130    -0.275    -0.250    -0.250    -0.257    -0.322    -0.648    -1.957    -2.706    -3.015    -2.974    -2.133    -0.677
    23.75    61.75    1980    -0.166    -0.166    -0.167    -0.169    -0.173    -0.215    -0.279    -0.394    -0.384    -0.255    -0.170    -0.167
    23.75    61.75    1981    -0.167    -0.168    -0.167    -0.167    -0.172    -0.207    -0.304    -0.386    -0.360    -0.245    -0.189    -0.189
    23.75    61.75    1982    -0.191    -0.191    -0.191    -0.177    -0.172    -0.182    -0.262    -0.404    -0.418    -0.228    -0.171    -0.168
    23.75    61.75    1983    -0.167    -0.168    -0.168    -0.168    -0.185    -0.241    -0.379    -0.619    -0.929    -0.879    -0.694    -0.695
    23.75    61.75    1984    -0.684    -0.668    -0.673    -0.638    -0.220    -0.199    -0.226    -0.200    -0.198    -0.183    -0.184    -0.183
    23.75    61.75    1985    -0.182    -0.184    -0.183    -0.176    -0.174    -0.206    -0.276    -0.265    -0.221    -0.170    -0.167    -0.167
    23.75    61.75    1986    -0.168    -0.168    -0.168    -0.168    -0.171    -0.189    -0.247    -0.337    -0.362    -0.266    -0.208    -0.208
    23.75    61.75    1987    -0.210    -0.210    -0.210    -0.189    -0.181    -0.230    -0.271    -0.341    -0.383    -0.267    -0.201    -0.199
    23.75    61.75    1988    -0.202    -0.202    -0.182    -0.168    -0.181    -0.214    -0.315    -0.425    -0.255    -0.194    -0.169    -0.168
    23.75    61.75    1989    -0.168    -0.168    -0.167    -0.168    -0.180    -0.252    -0.367    -0.527    -0.586    -0.354    -0.219    -0.219
    23.75    61.75    1990    -0.220    -0.220    -0.221    -0.208    -0.175    -0.212    -0.300    -0.285    -0.217    -0.169    -0.168    -0.168
    23.75    61.75    1991    -0.168    -0.168    -0.169    -0.167    -0.183    -0.221    -0.334    -0.488    -0.476    -0.281    -0.199    -0.199
    23.75    61.75    1992    -0.200    -0.200    -0.187    -0.168    -0.176    -0.224    -0.246    -0.207    -0.178    -0.168    -0.168    -0.168
    23.75    61.75    1993    -0.169    -0.169    -0.168    -0.168    -0.179    -0.259    -0.406    -0.439    -0.366    -0.212    -0.190    -0.190
    23.75    61.75    1994    -0.191    -0.176    -0.167    -0.167    -0.175    -0.212    -0.306    -0.385    -0.296    -0.189    -0.167    -0.167
    23.75    61.75    1995    -0.167    -0.166    -0.167    -0.168    -0.172    -0.192    -0.240    -0.284    -0.319    -0.262    -0.176    -0.169
    23.75    61.75    1996    -0.171    -0.171    -0.171    -0.170    -0.174    -0.237    -0.412    -0.410    -0.330    -0.250    -0.177    -0.173
    23.75    61.75    1997    -0.173    -0.173    -0.174    -0.170    -0.173    -0.219    -0.358    -0.408    -0.298    -0.208    -0.168    -0.166
    23.75    61.75    1998    -0.166    -0.166    -0.167    -0.167    -0.171    -0.208    -0.267    -0.308    -0.291    -0.189    -0.167    -0.166
    23.75    61.75    1999    -0.167    -0.167    -0.167    -0.167    -0.171    -0.194    -0.255    -0.277    -0.245    -0.205    -0.167    -0.167
    23.75    61.75    2000    -0.168    -0.168    -0.168    -0.168    -0.177    -0.220    -0.333    -0.352    -0.302    -0.223    -0.169    -0.167
    23.75    61.75    2001    -0.167    -0.167    -0.167    -0.168    -0.175    -0.233    -0.396    -0.382    -0.263    -0.213    -0.209    -0.209
    23.75    61.75    2002    -0.210    -0.210    -0.185    -0.168    -0.172    -0.176    -0.213    -0.257    -0.211    -0.181    -0.169    -0.167
    23.75    61.75    2003    -0.168    -0.168    -0.168    -0.169    -0.174    -0.196    -0.296    -0.478    -0.492    -0.297    -0.196    -0.193
    23.75    61.75    2004    -0.194    -0.194    -0.195    -0.170    -0.189    -0.255    -0.346    -0.295    -0.237    -0.177    -0.167    -0.167
    23.75    61.75    2005    -0.167    -0.167    -0.167    -0.169    -0.183    -0.221    -0.251    -0.293    -0.315    -0.220    -0.195    -0.195
    23.75    61.75    2006    -0.197    -0.197    -0.196    -0.169    -0.175    -0.241    -0.386    -0.495    -0.523    -0.301    -0.177    -0.171
    23.75    61.75    2007    -0.172    -0.172    -0.172    -0.172    -0.181    -0.256    -0.429    -0.841    -1.280    -0.836    -0.361    -0.350
    23.75    61.75    2008    -0.352    -0.351    -0.237    -0.170    -0.178    -0.213    -0.232    -0.329    -0.387    -0.315    -0.225    -0.193
    23.75    61.75    2009    -0.196    -0.197    -0.191    -0.186    -0.179    -0.257    -0.403    -0.352    -0.306    -0.201    -0.169    -0.169
    23.75    61.75    2010    -0.168    -0.168    -0.168    -0.168    -0.176    -0.235    -0.379    -0.475    -0.452    -0.399    -0.394    -0.394
    23.75    61.75    2011    -0.394    -0.394    -0.397    -0.236    -0.181    -0.250    -0.408    -0.544    -0.486    -0.263    -0.180    -0.176
    23.75    61.75    2012    -0.175    -0.175    -0.174    -0.168    -0.178    -0.203    -0.251    -0.280    -0.207    -0.171    -0.167    -0.167
    23.75    61.75    2013    -0.168    -0.168    -0.169    -0.168    -0.174    -0.190    -0.253    -0.437    -0.556    -0.430    -0.224    -0.171
    23.75    61.75    2014    -0.169    -0.169    -0.170    -0.168    -0.174    -0.220    -0.381    -0.472    -0.486    -0.389    -0.323    -0.319
    23.75    61.75    2015    -0.320    -0.320    -0.231    -0.169    -0.181    -0.265    -0.474    -0.870    -0.897    -0.499    -0.216    -0.195
    23.75    61.75    2016    -0.195    -0.183    -0.166    -0.167    -0.174    -0.226    -0.267    -0.265    -0.259    -0.189    -0.168    -0.167
    23.75    61.75    2017    -0.169    -0.168    -0.168    -0.168    -0.179    -0.205    -0.245    -0.313    -0.329    -0.250    -0.176    -0.170
    23.75    61.75    2018    -0.170    -0.168    -0.169    -0.170    -0.172    -0.192    -0.225    -0.233    -0.268    -0.293    -0.262    -0.248
    23.75    61.75    2019    -0.252    -0.252    -0.203    -0.175    -0.176    -0.212    -0.374    -0.536    -0.538    -0.454    -0.288    -0.270
    23.75    61.75    2020    -0.274    -0.274    -0.221    -0.184    -0.246    -0.494    -0.987    -1.421    -0.934    -0.345    -0.193    -0.176
    23.75    61.75    2021    -0.175    -0.175    -0.172    -0.174    -0.227    -0.445    -0.850    -1.633    -1.659    -0.815    -0.400    -0.303
    23.75    61.75    2022    -0.302    -0.302    -0.304    -0.217    -0.194    -0.273    -0.509    -0.671    -0.440    -0.309    -0.240    -0.239
    23.75    61.75    2023    -0.242    -0.242    -0.219    -0.175    -0.191    -0.290    -0.473    -0.593    -0.665    -0.576    -0.324    -0.228
    23.75    61.75    2024    -0.224    -0.215    -0.213    -0.182    -0.217    -0.368    -0.727    -1.165    -1.409    -0.767    -0.378    -0.375
    23.75    61.75    2025    -0.374    -0.373    -0.358    -0.265    -0.184    -0.257    -0.398    -0.345    -0.278    -0.226    -0.222    -0.222
    23.75    61.75    2026    -0.226    -0.227    -0.225    -0.195    -0.184    -0.248    -0.508    -0.763    -0.742    -0.362    -0.212    -0.201
    23.75    61.75    2027    -0.202    -0.202    -0.185    -0.181    -0.202    -0.247    -0.343    -0.328    -0.245    -0.200    -0.182    -0.178
    23.75    61.75    2028    -0.182    -0.182    -0.182    -0.183    -0.206    -0.285    -0.348    -0.352    -0.298    -0.275    -0.220    -0.206
    23.75    61.75    2029    -0.210    -0.210    -0.210    -0.210    -0.193    -0.268    -0.591    -0.917    -1.107    -1.036    -0.534    -0.286
    23.75    61.75    2030    -0.270    -0.270    -0.271    -0.213    -0.190    -0.244    -0.304    -0.490    -0.515    -0.413    -0.285    -0.243
    23.75    61.75    2031    -0.246    -0.247    -0.247    -0.207    -0.200    -0.282    -0.385    -0.548    -0.552    -0.385    -0.251    -0.198
    23.75    61.75    2032    -0.197    -0.193    -0.191    -0.192    -0.237    -0.504    -0.916    -0.839    -0.805    -0.654    -0.366    -0.267
    23.75    61.75    2033    -0.266    -0.266    -0.266    -0.216    -0.208    -0.355    -0.812    -1.052    -0.879    -0.612    -0.398    -0.379
    23.75    61.75    2034    -0.380    -0.380    -0.335    -0.196    -0.193    -0.269    -0.581    -0.783    -0.608    -0.380    -0.277    -0.243
    23.75    61.75    2035    -0.249    -0.249    -0.239    -0.197    -0.206    -0.323    -0.487    -0.674    -0.754    -0.467    -0.276    -0.234
    23.75    61.75    2036    -0.235    -0.235    -0.216    -0.202    -0.271    -0.626    -0.935    -1.009    -1.116    -0.989    -0.623    -0.523
    23.75    61.75    2037    -0.527    -0.399    -0.211    -0.199    -0.250    -0.481    -0.831    -0.835    -0.701    -0.483    -0.306    -0.274
    23.75    61.75    2038    -0.255    -0.226    -0.225    -0.203    -0.231    -0.493    -1.090    -1.370    -1.330    -0.899    -0.482    -0.439
    23.75    61.75    2039    -0.434    -0.433    -0.293    -0.200    -0.212    -0.300    -0.629    -1.141    -1.340    -1.204    -0.691    -0.480
    23.75    61.75    2040    -0.478    -0.335    -0.196    -0.196    -0.219    -0.342    -0.741    -1.139    -1.263    -1.233    -0.922    -0.891
    23.75    61.75    2041    -0.597    -0.374    -0.345    -0.210    -0.213    -0.313    -0.829    -1.465    -1.998    -1.774    -1.044    -0.776
    23.75    61.75    2042    -0.743    -0.742    -0.389    -0.194    -0.226    -0.330    -0.536    -0.966    -0.767    -0.444    -0.332    -0.316
    23.75    61.75    2043    -0.301    -0.283    -0.262    -0.210    -0.221    -0.328    -0.718    -1.336    -1.453    -1.327    -0.658    -0.363
    23.75    61.75    2044    -0.240    -0.202    -0.201    -0.200    -0.210    -0.251    -0.391    -0.462    -0.392    -0.270    -0.208    -0.205
    23.75    61.75    2045    -0.205    -0.205    -0.206    -0.208    -0.236    -0.477    -1.226    -1.213    -0.754    -0.396    -0.272    -0.252
    23.75    61.75    2046    -0.258    -0.238    -0.211    -0.230    -0.447    -1.196    -1.543    -2.024    -1.115    -0.722    -0.358    -0.230
    23.75    61.75    2047    -0.209    -0.207    -0.208    -0.211    -0.243    -0.490    -1.168    -1.005    -0.975    -0.743    -0.396    -0.306
    23.75    61.75    2048    -0.312    -0.312    -0.296    -0.214    -0.254    -0.674    -1.330    -1.344    -1.183    -1.157    -0.814    -0.500
    23.75    61.75    2049    -0.427    -0.270    -0.222    -0.222    -0.238    -0.356    -0.612    -0.531    -0.458    -0.351    -0.252    -0.231
    23.75    61.75    2050    -0.226    -0.223    -0.223    -0.224    -0.273    -0.606    -1.165    -1.108    -1.068    -0.857    -0.569    -0.522
    23.75    61.75    2051    -0.528    -0.527    -0.442    -0.235    -0.256    -0.590    -1.401    -1.620    -1.583    -0.743    -0.347    -0.250
    23.75    61.75    2052    -0.234    -0.235    -0.226    -0.225    -0.245    -0.408    -0.591    -0.706    -0.721    -0.452    -0.276    -0.226
    23.75    61.75    2053    -0.232    -0.232    -0.232    -0.230    -0.242    -0.414    -1.202    -1.326    -1.341    -1.155    -0.592    -0.470
    23.75    61.75    2054    -0.466    -0.296    -0.227    -0.232    -0.340    -0.804    -0.919    -1.131    -1.344    -1.252    -0.743    -0.435
    23.75    61.75    2055    -0.383    -0.296    -0.234    -0.238    -0.326    -0.933    -1.680    -1.997    -1.930    -1.815    -1.165    -0.704
    23.75    61.75    2056    -0.690    -0.684    -0.438    -0.239    -0.401    -1.142    -1.806    -2.007    -2.149    -1.999    -1.278    -0.742
    23.75    61.75    2057    -0.726    -0.379    -0.223    -0.248    -0.371    -0.954    -1.725    -2.019    -2.144    -1.333    -0.634    -0.608
    23.75    61.75    2058    -0.609    -0.593    -0.318    -0.232    -0.263    -0.566    -1.574    -1.893    -1.859    -1.160    -0.983    -0.983
    23.75    61.75    2059    -1.000    -0.999    -0.988    -0.861    -0.322    -0.647    -1.554    -1.541    -1.271    -1.173    -0.698    -0.433
    23.75    61.75    2060    -0.412    -0.406    -0.394    -0.247    -0.268    -0.657    -1.642    -1.623    -1.561    -0.768    -0.441    -0.312
    23.75    61.75    2061    -0.251    -0.239    -0.235    -0.235    -0.290    -0.618    -1.193    -1.682    -1.811    -1.676    -0.914    -0.595
    23.75    61.75    2062    -0.377    -0.239    -0.234    -0.240    -0.325    -0.903    -1.781    -2.021    -2.159    -2.051    -1.681    -1.075
    23.75    61.75    2063    -1.067    -0.712    -0.249    -0.238    -0.284    -0.554    -1.368    -1.314    -1.235    -0.874    -0.495    -0.331
    23.75    61.75    2064    -0.279    -0.247    -0.243    -0.244    -0.269    -0.516    -1.531    -1.789    -1.588    -0.981    -0.457    -0.272
    23.75    61.75    2065    -0.244    -0.244    -0.244    -0.245    -0.280    -0.565    -1.436    -1.956    -2.145    -2.161    -1.670    -1.116
    23.75    61.75    2066    -0.988    -0.964    -0.403    -0.267    -0.299    -0.574    -1.421    -1.712    -1.635    -1.032    -0.493    -0.359
    23.75    61.75    2067    -0.300    -0.275    -0.256    -0.247    -0.267    -0.405    -0.616    -0.768    -0.962    -0.775    -0.413    -0.287
    23.75    61.75    2068    -0.252    -0.250    -0.250    -0.251    -0.305    -0.648    -1.741    -1.951    -1.894    -1.686    -0.931    -0.576
    23.75    61.75    2069    -0.456    -0.456    -0.455    -0.281    -0.278    -0.515    -1.531    -1.774    -1.853    -1.831    -1.488    -0.710
    23.75    61.75    2070    -0.352    -0.276    -0.258    -0.254    -0.350    -0.634    -0.970    -1.410    -1.725    -1.174    -0.526    -0.309
    23.75    61.75    2071    -0.258    -0.257    -0.257    -0.258    -0.328    -0.844    -1.874    -2.225    -2.298    -1.575    -0.954    -0.569
    23.75    61.75    2072    -0.480    -0.479    -0.354    -0.395    -0.550    -1.157    -1.980    -2.216    -2.207    -1.439    -0.676    -0.361
    23.75    61.75    2073    -0.284    -0.267    -0.261    -0.270    -0.360    -0.927    -1.822    -1.976    -2.046    -2.032    -1.074    -0.536
    23.75    61.75    2074    -0.495    -0.492    -0.294    -0.263    -0.362    -1.240    -2.189    -2.399    -2.346    -1.581    -0.687    -0.603
    23.75    61.75    2075    -0.396    -0.265    -0.258    -0.259    -0.345    -0.694    -1.916    -2.496    -2.391    -2.228    -1.770    -1.398
    23.75    61.75    2076    -0.688    -0.479    -0.329    -0.301    -0.725    -1.939    -2.328    -2.018    -1.357    -0.681    -0.361    -0.292
    23.75    61.75    2077    -0.273    -0.274    -0.266    -0.288    -0.461    -1.407    -2.425    -2.429    -1.969    -0.841    -0.399    -0.320
    23.75    61.75    2078    -0.266    -0.266    -0.267    -0.278    -0.419    -1.396    -2.310    -2.152    -1.668    -1.210    -0.626    -0.497
    23.75    61.75    2079    -0.525    -0.414    -0.361    -0.296    -0.338    -0.640    -1.286    -1.762    -1.722    -0.983    -0.489    -0.332
    23.75    61.75    2080    -0.316    -0.295    -0.294    -0.292    -0.312    -0.576    -1.585    -2.058    -1.966    -1.462    -0.663    -0.457
    23.75    61.75    2081    -0.303    -0.276    -0.276    -0.281    -0.392    -0.816    -1.462    -1.687    -1.082    -0.691    -0.360    -0.281
    23.75    61.75    2082    -0.279    -0.279    -0.279    -0.280    -0.293    -0.325    -0.407    -0.499    -0.569    -0.456    -0.297    -0.279
    23.75    61.75    2083    -0.272    -0.272    -0.272    -0.282    -0.375    -0.835    -1.852    -2.135    -2.099    -1.802    -0.705    -0.377
    23.75    61.75    2084    -0.285    -0.277    -0.278    -0.280    -0.343    -0.561    -1.167    -1.092    -1.250    -0.802    -0.416    -0.317
    23.75    61.75    2085    -0.281    -0.281    -0.281    -0.304    -0.419    -1.340    -2.221    -1.833    -1.450    -0.860    -0.405    -0.286
    23.75    61.75    2086    -0.294    -0.294    -0.294    -0.313    -0.436    -1.370    -2.506    -2.088    -1.458    -0.645    -0.333    -0.295
    23.75    61.75    2087    -0.288    -0.288    -0.288    -0.291    -0.355    -1.104    -1.979    -2.027    -1.950    -1.536    -0.974    -0.576
    23.75    61.75    2088    -0.461    -0.460    -0.445    -0.297    -0.434    -1.532    -2.044    -1.460    -1.096    -0.577    -0.353    -0.296
    23.75    61.75    2089    -0.299    -0.298    -0.294    -0.296    -0.371    -0.862    -2.027    -1.811    -1.785    -1.519    -0.857    -0.562
    23.75    61.75    2090    -0.395    -0.323    -0.320    -0.298    -0.430    -1.201    -2.117    -2.006    -1.534    -0.873    -0.487    -0.346
    23.75    61.75    2091    -0.296    -0.296    -0.295    -0.297    -0.397    -1.047    -2.210    -1.860    -1.320    -0.873    -0.461    -0.306
    23.75    61.75    2092    -0.292    -0.292    -0.292    -0.292    -0.349    -0.788    -2.022    -2.521    -2.510    -1.740    -0.815    -0.557
    23.75    61.75    2093    -0.532    -0.531    -0.339    -0.289    -0.477    -1.558    -2.266    -2.208    -1.627    -0.835    -0.442    -0.308
    23.75    61.75    2094    -0.293    -0.294    -0.285    -0.288    -0.391    -0.646    -1.389    -2.001    -1.925    -1.690    -0.723    -0.390
    23.75    61.75    2095    -0.353    -0.353    -0.312    -0.285    -0.333    -0.737    -1.846    -1.983    -2.043    -1.062    -0.480    -0.307
    23.75    61.75    2096    -0.281    -0.281    -0.278    -0.281    -0.362    -1.164    -2.363    -2.569    -1.831    -1.355    -0.535    -0.299
    23.75    61.75    2097    -0.268    -0.268    -0.268    -0.282    -0.338    -0.565    -1.660    -2.164    -2.149    -1.608    -0.848    -0.381
    23.75    61.75    2098    -0.299    -0.279    -0.279    -0.297    -0.435    -1.237    -2.067    -1.953    -2.396    -2.511    -1.282    -0.765
    23.75    61.75    2099    -0.443    -0.285    -0.272    -0.280    -0.462    -1.314    -2.113    -2.484    -2.544    -1.955    -0.984    -0.631
    23.75    61.75    2100    -0.334    -0.275    -0.275    -0.286    -0.352    -0.455    -0.530    -0.776    -0.903    -0.678    -0.385    -0.286
    23.75    61.75    2101    -0.274    -0.274    -0.275    -0.279    -0.401    -1.178    -2.151    -2.599    -2.397    -1.836    -0.948    -0.579
    23.75    61.75    2102    -0.438    -0.436    -0.322    -0.357    -0.588    -1.114    -1.898    -2.450    -2.508    -1.729    -0.811    -0.419
    23.75    61.75    2103    -0.310    -0.274    -0.270    -0.291    -0.456    -0.901    -1.720    -1.896    -2.191    -2.067    -1.033    -0.455
    23.75    61.75    2104    -0.424    -0.419    -0.281    -0.275    -0.367    -1.193    -2.134    -2.548    -2.547    -1.635    -0.652    -0.444
    23.75    61.75    2105    -0.314    -0.273    -0.269    -0.271    -0.356    -0.986    -2.060    -2.647    -2.570    -2.376    -1.690    -1.283
    23.75    61.75    2106    -0.655    -0.472    -0.309    -0.304    -0.715    -1.756    -2.314    -2.352    -1.554    -0.682    -0.343    -0.285
    23.75    61.75    2107    -0.267    -0.266    -0.262    -0.282    -0.426    -1.128    -2.350    -2.497    -2.131    -0.668    -0.424    -0.280
    23.75    61.75    2108    -0.259    -0.259    -0.260    -0.269    -0.354    -1.063    -2.197    -2.209    -1.738    -1.209    -0.627    -0.421
    23.75    61.75    2109    -0.320    -0.272    -0.272    -0.274    -0.336    -0.592    -1.026    -1.277    -1.146    -0.600    -0.363    -0.285
    23.75    61.75    2110    -0.256    -0.256    -0.256    -0.256    -0.277    -0.496    -1.158    -1.616    -1.725    -1.106    -0.547    -0.346
    23.75    61.75    2111    -0.275    -0.255    -0.255    -0.266    -0.373    -0.757    -1.179    -1.279    -1.080    -0.650    -0.342    -0.259
    23.75    61.75    2112    -0.255    -0.256    -0.255    -0.257    -0.275    -0.315    -0.346    -0.424    -0.480    -0.349    -0.262    -0.255
    23.75    61.75    2113    -0.244    -0.244    -0.245    -0.255    -0.334    -0.742    -1.465    -1.841    -1.776    -1.040    -0.457    -0.257
    23.75    61.75    2114    -0.256    -0.256    -0.256    -0.260    -0.295    -0.423    -0.667    -0.532    -0.501    -0.353    -0.265    -0.256
    23.75    61.75    2115    -0.255    -0.255    -0.255    -0.276    -0.372    -0.797    -1.333    -1.254    -1.118    -0.492    -0.307    -0.255
    23.75    61.75    2116    -0.267    -0.267    -0.267    -0.285    -0.407    -1.074    -2.154    -2.251    -1.181    -0.551    -0.281    -0.267
    23.75    61.75    2117    -0.257    -0.257    -0.257    -0.259    -0.312    -0.769    -1.331    -1.347    -1.096    -0.805    -0.466    -0.337
    23.75    61.75    2118    -0.282    -0.273    -0.261    -0.256    -0.337    -0.874    -1.210    -1.086    -0.812    -0.527    -0.311    -0.263
    23.75    61.75    2119    -0.266    -0.258    -0.257    -0.260    -0.313    -0.546    -0.959    -1.111    -0.869    -0.714    -0.465    -0.323
    23.75    61.75    2120    -0.277    -0.261    -0.261    -0.261    -0.355    -0.847    -1.663    -1.423    -0.846    -0.563    -0.312    -0.266
    23.75    61.75    2121    -0.256    -0.256    -0.256    -0.261    -0.344    -0.638    -1.261    -1.410    -1.054    -0.606    -0.353    -0.265
    23.75    61.75    2122    -0.254    -0.254    -0.254    -0.255    -0.296    -0.630    -1.334    -1.704    -1.728    -0.817    -0.440    -0.305
    23.75    61.75    2123    -0.287    -0.286    -0.251    -0.255    -0.388    -1.001    -1.669    -1.600    -1.061    -0.582    -0.347    -0.261
    23.75    61.75    2124    -0.255    -0.254    -0.253    -0.257    -0.340    -0.613    -1.045    -1.439    -1.384    -0.918    -0.425    -0.284
    23.75    61.75    2125    -0.268    -0.268    -0.258    -0.253    -0.292    -0.497    -1.148    -1.238    -1.119    -0.616    -0.324    -0.255
    23.75    61.75    2126    -0.251    -0.251    -0.250    -0.253    -0.316    -0.785    -1.709    -2.319    -1.438    -0.835    -0.390    -0.252
    23.75    61.75    2127    -0.245    -0.245    -0.245    -0.255    -0.275    -0.383    -0.968    -1.572    -1.279    -0.924    -0.474    -0.300
    23.75    61.75    2128    -0.261    -0.259    -0.259    -0.267    -0.333    -0.629    -1.185    -1.202    -1.503    -1.236    -0.659    -0.429
    23.75    61.75    2129    -0.314    -0.265    -0.262    -0.268    -0.368    -1.100    -1.429    -1.384    -1.311    -0.961    -0.489    -0.307
    23.75    61.75    2130    -0.270    -0.267    -0.267    -0.269    -0.290    -0.383    -0.420    -0.493    -0.542    -0.437    -0.299    -0.268
    21.75    39.75    1980    -0.243    -0.159    -0.156    -0.173    -0.231    -0.367    -0.672    -1.471    -2.459    -2.776    -2.185    -1.238
    21.75    39.75    1981    -0.917    -0.687    -0.626    -0.999    -2.085    -2.820    -2.920    -3.011    -3.089    -3.128    -2.849    -2.570
    21.75    39.75    1982    -1.612    -1.025    -0.840    -0.704    -0.729    -0.926    -1.234    -1.466    -1.660    -1.262    -0.802    -0.524
    21.75    39.75    1983    -0.281    -0.224    -0.201    -0.177    -0.200    -0.238    -0.290    -0.364    -0.470    -0.523    -0.530    -0.314
    21.75    39.75    1984    -0.217    -0.195    -0.199    -0.235    -0.283    -0.408    -0.650    -0.948    -1.170    -1.304    -1.342    -0.843
    21.75    39.75    1985    -0.334    -0.204    -0.167    -0.188    -0.238    -0.326    -0.516    -0.930    -1.243    -1.370    -1.325    -0.670
    21.75    39.75    1986    -0.289    -0.183    -0.157    -0.159    -0.179    -0.227    -0.307    -0.449    -0.639    -0.811    -0.953    -0.843
    21.75    39.75    1987    -0.537    -0.227    -0.177    -0.173    -0.205    -0.267    -0.406    -0.705    -1.070    -1.213    -1.098    -0.731
    21.75    39.75    1988    -0.466    -0.400    -0.445    -0.611    -1.086    -1.283    -1.442    -1.560    -1.654    -1.325    -0.603    -0.378
    21.75    39.75    1989    -0.212    -0.183    -0.170    -0.191    -0.251    -0.351    -0.549    -1.028    -1.506    -1.657    -1.163    -0.427
    21.75    39.75    1990    -0.244    -0.201    -0.174    -0.173    -0.223    -0.325    -0.532    -1.033    -1.539    -1.757    -1.303    -0.980
    21.75    39.75    1991    -0.737    -0.558    -0.488    -0.752    -1.386    -1.776    -1.967    -2.164    -2.369    -2.535    -1.592    -0.607
    21.75    39.75    1992    -0.446    -0.331    -0.257    -0.253    -0.326    -0.444    -0.641    -1.025    -1.332    -1.177    -0.599    -0.318
    21.75    39.75    1993    -0.206    -0.169    -0.157    -0.164    -0.207    -0.298    -0.449    -0.736    -1.326    -2.189    -1.460    -0.498
    21.75    39.75    1994    -0.269    -0.201    -0.182    -0.199    -0.264    -0.409    -0.690    -1.346    -2.318    -2.586    -2.301    -1.468
    21.75    39.75    1995    -0.564    -0.284    -0.177    -0.165    -0.220    -0.337    -0.579    -1.119    -2.257    -2.746    -2.192    -1.009
    21.75    39.75    1996    -0.481    -0.336    -0.275    -0.231    -0.272    -0.470    -0.937    -2.022    -2.757    -2.920    -2.508    -1.951
    21.75    39.75    1997    -0.757    -0.300    -0.206    -0.219    -0.333    -0.591    -1.258    -2.543    -2.951    -3.043    -2.724    -1.577
    21.75    39.75    1998    -0.748    -0.418    -0.312    -0.368    -0.668    -1.487    -2.757    -3.027    -3.064    -3.068    -3.008    -1.873
    21.75    39.75    1999    -0.794    -0.406    -0.338    -0.491    -0.983    -2.256    -3.019    -3.065    -3.087    -3.103    -2.719    -1.258
    21.75    39.75    2000    -0.567    -0.375    -0.404    -0.497    -0.865    -1.777    -2.898    -3.072    -2.942    -3.060    -2.656    -1.499
    21.75    39.75    2001    -0.530    -0.314    -0.219    -0.217    -0.334    -0.576    -1.042    -2.045    -2.863    -2.944    -1.569    -0.745
    21.75    39.75    2002    -0.380    -0.280    -0.258    -0.324    -0.527    -0.971    -2.018    -2.850    -2.990    -2.880    -2.279    -1.390
    21.75    39.75    2003    -0.881    -0.436    -0.259    -0.228    -0.301    -0.453    -0.755    -1.369    -2.363    -2.922    -2.413    -1.088
    21.75    39.75    2004    -0.561    -0.327    -0.286    -0.329    -0.539    -1.039    -2.108    -2.854    -2.954    -2.977    -2.892    -2.139
    21.75    39.75    2005    -1.150    -0.636    -0.464    -0.634    -0.838    -1.330    -2.527    -2.940    -2.922    -2.917    -2.925    -2.326
    21.75    39.75    2006    -1.040    -0.436    -0.338    -0.504    -0.896    -1.806    -2.757    -2.945    -2.975    -3.008    -2.831    -1.793
    21.75    39.75    2007    -0.538    -0.275    -0.216    -0.270    -0.351    -0.545    -1.011    -1.865    -2.706    -2.939    -2.909    -2.132
    21.75    39.75    2008    -0.977    -0.452    -0.441    -0.750    -1.606    -2.727    -2.888    -2.947    -2.989    -2.875    -1.971    -0.836
    21.75    39.75    2009    -0.384    -0.244    -0.212    -0.231    -0.296    -0.427    -0.643    -1.108    -1.981    -2.507    -1.977    -0.880
    21.75    39.75    2010    -0.449    -0.406    -0.492    -0.890    -1.876    -2.719    -2.843    -2.904    -2.958    -2.956    -2.069    -0.730
    21.75    39.75    2011    -0.327    -0.276    -0.301    -0.444    -0.717    -1.213    -2.247    -2.943    -2.983    -2.978    -2.165    -0.749
    21.75    39.75    2012    -0.485    -0.262    -0.203    -0.196    -0.249    -0.380    -0.592    -0.970    -1.811    -2.685    -2.882    -2.421
    21.75    39.75    2013    -1.415    -0.861    -0.421    -0.450    -0.719    -1.430    -2.571    -2.881    -2.945    -2.988    -2.926    -2.084
    21.75    39.75    2014    -0.797    -0.564    -0.533    -0.494    -0.678    -1.333    -2.357    -2.931    -3.004    -3.028    -2.323    -1.085
    21.75    39.75    2015    -0.584    -0.367    -0.443    -0.675    -1.135    -2.236    -2.928    -3.039    -3.088    -3.117    -2.535    -1.096
    21.75    39.75    2016    -0.502    -0.313    -0.283    -0.302    -0.439    -0.757    -1.445    -2.538    -2.967    -3.061    -3.008    -2.242
    21.75    39.75    2017    -0.693    -0.536    -0.481    -0.662    -1.180    -2.449    -3.015    -3.096    -3.132    -3.156    -3.147    -2.540
    21.75    39.75    2018    -1.381    -0.899    -1.104    -1.866    -2.964    -3.175    -3.211    -3.245    -3.221    -3.297    -1.582    -0.645
    21.75    39.75    2019    -0.303    -0.197    -0.205    -0.294    -0.399    -0.561    -0.856    -1.530    -2.192    -2.641    -2.798    -2.273
    21.75    39.75    2020    -0.711    -0.440    -0.397    -0.503    -0.854    -1.779    -2.651    -3.035    -3.138    -3.203    -2.696    -1.420
    21.75    39.75    2021    -0.517    -0.279    -0.201    -0.222    -0.349    -0.611    -1.087    -1.979    -2.710    -3.141    -2.759    -1.283
    21.75    39.75    2022    -0.539    -0.288    -0.200    -0.254    -0.391    -0.699    -1.488    -2.583    -3.072    -3.208    -2.373    -0.992
    21.75    39.75    2023    -0.472    -0.283    -0.250    -0.370    -0.657    -1.461    -2.778    -3.179    -3.266    -3.327    -3.303    -2.781
    21.75    39.75    2024    -1.215    -0.573    -0.633    -0.979    -2.205    -3.208    -3.382    -3.407    -3.416    -3.342    -1.875    -0.756
    21.75    39.75    2025    -0.362    -0.205    -0.178    -0.237    -0.367    -0.530    -0.812    -1.441    -2.325    -2.873    -2.085    -1.076
    21.75    39.75    2026    -0.738    -0.401    -0.325    -0.390    -0.655    -1.260    -2.419    -3.079    -3.256    -3.315    -3.256    -2.830
    21.75    39.75    2027    -1.286    -0.744    -0.597    -0.857    -1.601    -3.021    -3.332    -3.370    -3.393    -3.368    -1.596    -0.577
    21.75    39.75    2028    -0.336    -0.228    -0.194    -0.192    -0.271    -0.375    -0.477    -0.651    -0.957    -1.189    -1.233    -0.976
    21.75    39.75    2029    -0.619    -0.403    -0.427    -0.612    -1.030    -1.997    -2.904    -3.168    -3.275    -3.340    -2.550    -1.700
    21.75    39.75    2030    -1.065    -0.401    -0.333    -0.353    -0.449    -0.718    -1.141    -2.089    -3.069    -3.377    -3.261    -1.582
    21.75    39.75    2031    -0.504    -0.272    -0.183    -0.208    -0.307    -0.506    -0.908    -1.774    -2.768    -3.040    -2.420    -1.583
    21.75    39.75    2032    -1.121    -0.635    -0.716    -0.711    -0.862    -1.934    -2.957    -3.281    -3.393    -3.402    -3.348    -2.941
    21.75    39.75    2033    -2.274    -1.384    -0.914    -1.528    -3.026    -3.402    -3.428    -3.440    -3.442    -3.431    -3.374    -1.816
    21.75    39.75    2034    -0.533    -0.309    -0.339    -0.534    -0.889    -1.595    -2.704    -3.229    -3.421    -3.437    -3.331    -2.159
    21.75    39.75    2035    -0.879    -0.431    -0.327    -0.418    -0.634    -1.092    -1.908    -2.613    -3.092    -3.418    -2.233    -0.852
    21.75    39.75    2036    -0.388    -0.240    -0.168    -0.173    -0.221    -0.319    -0.481    -0.745    -1.261    -2.083    -2.166    -0.986
    21.75    39.75    2037    -0.343    -0.201    -0.169    -0.183    -0.270    -0.425    -0.758    -1.540    -2.303    -2.767    -2.420    -1.143
    21.75    39.75    2038    -0.466    -0.400    -0.461    -0.583    -0.806    -1.687    -2.738    -3.224    -3.367    -3.398    -2.617    -0.972
    21.75    39.75    2039    -0.685    -0.450    -0.293    -0.229    -0.323    -0.543    -0.929    -1.800    -2.659    -2.852    -2.260    -1.155
    21.75    39.75    2040    -0.614    -0.450    -0.431    -0.659    -1.287    -2.592    -3.226    -3.350    -3.392    -3.391    -3.364    -2.407
    21.75    39.75    2041    -1.241    -0.736    -0.686    -1.186    -2.389    -3.353    -3.425    -3.411    -3.433    -2.945    -1.089    -0.468
    21.75    39.75    2042    -0.274    -0.198    -0.186    -0.238    -0.341    -0.460    -0.630    -0.946    -1.590    -2.425    -2.405    -1.257
    21.75    39.75    2043    -0.509    -0.317    -0.337    -0.466    -0.822    -1.697    -2.518    -3.135    -3.354    -3.332    -3.354    -3.305
    21.75    39.75    2044    -2.776    -1.662    -2.227    -3.301    -3.362    -3.397    -3.419    -3.434    -3.435    -3.429    -2.782    -1.269
    21.75    39.75    2045    -0.830    -0.461    -0.373    -0.366    -0.414    -0.490    -0.596    -0.776    -1.036    -1.407    -1.393    -0.630
    21.75    39.75    2046    -0.361    -0.275    -0.286    -0.368    -0.542    -0.882    -1.373    -1.506    -1.524    -1.545    -1.167    -0.487
    21.75    39.75    2047    -0.247    -0.185    -0.165    -0.173    -0.209    -0.270    -0.337    -0.424    -0.574    -0.839    -0.983    -0.674
    21.75    39.75    2048    -0.316    -0.218    -0.190    -0.220    -0.279    -0.371    -0.544    -0.860    -1.171    -1.406    -1.255    -0.472
    21.75    39.75    2049    -0.286    -0.207    -0.213    -0.260    -0.343    -0.479    -0.731    -1.184    -1.458    -1.507    -1.423    -0.884
    21.75    39.75    2050    -0.411    -0.288    -0.262    -0.324    -0.431    -0.613    -0.936    -1.398    -1.510    -1.493    -0.964    -0.429
    21.75    39.75    2051    -0.253    -0.188    -0.178    -0.204    -0.255    -0.332    -0.437    -0.591    -0.807    -1.149    -1.310    -0.533
    21.75    39.75    2052    -0.278    -0.211    -0.190    -0.213    -0.270    -0.375    -0.550    -0.892    -1.409    -1.584    -1.285    -0.650
    21.75    39.75    2053    -0.312    -0.220    -0.206    -0.237    -0.331    -0.500    -0.824    -1.426    -1.657    -1.693    -1.163    -0.404
    21.75    39.75    2054    -0.206    -0.177    -0.179    -0.213    -0.291    -0.413    -0.622    -1.018    -1.676    -1.989    -2.035    -1.631
    21.75    39.75    2055    -0.748    -0.403    -0.409    -0.346    -0.506    -0.885    -1.597    -2.151    -2.568    -2.801    -2.525    -1.086
    21.75    39.75    2056    -0.495    -0.352    -0.352    -0.448    -0.721    -1.337    -2.424    -2.905    -3.029    -2.904    -1.329    -0.681
    21.75    39.75    2057    -0.388    -0.307    -0.307    -0.411    -0.651    -1.127    -2.048    -2.961    -3.095    -3.061    -3.025    -2.642
    21.75    39.75    2058    -1.313    -0.985    -1.079    -1.828    -2.929    -3.099    -3.232    -3.297    -3.305    -3.301    -2.788    -1.427
    21.75    39.75    2059    -0.602    -0.410    -0.391    -0.469    -0.547    -0.634    -0.761    -0.945    -1.146    -1.200    -1.152    -0.688
    21.75    39.75    2060    -0.393    -0.283    -0.254    -0.272    -0.352    -0.503    -0.775    -1.003    -1.091    -1.138    -1.150    -0.903
    21.75    39.75    2061    -0.355    -0.235    -0.211    -0.232    -0.312    -0.448    -0.653    -0.988    -1.217    -1.191    -1.167    -0.776
    21.75    39.75    2062    -0.433    -0.369    -0.433    -0.671    -1.122    -1.376    -1.551    -1.693    -1.767    -1.791    -1.832    -1.619
    21.75    39.75    2063    -0.667    -0.446    -0.497    -0.720    -1.124    -1.557    -1.806    -1.909    -1.935    -1.744    -0.995    -0.482
    21.75    39.75    2064    -0.320    -0.271    -0.274    -0.342    -0.510    -0.808    -1.350    -1.857    -1.964    -1.932    -1.140    -0.505
    21.75    39.75    2065    -0.311    -0.203    -0.182    -0.225    -0.311    -0.492    -0.907    -1.502    -1.900    -1.977    -1.951    -1.453
    21.75    39.75    2066    -0.731    -0.447    -0.440    -0.551    -1.139    -1.893    -1.991    -2.032    -2.051    -1.965    -1.571    -0.950
    21.75    39.75    2067    -0.692    -0.591    -0.469    -0.412    -0.698    -1.439    -2.023    -2.060    -2.073    -2.046    -2.058    -1.722
    21.75    39.75    2068    -0.976    -0.631    -0.598    -0.973    -1.895    -2.083    -2.098    -2.105    -2.107    -2.112    -1.874    -0.865
    21.75    39.75    2069    -0.378    -0.271    -0.269    -0.385    -0.587    -0.987    -1.656    -1.979    -2.049    -2.044    -1.822    -0.954
    21.75    39.75    2070    -0.585    -0.373    -0.363    -0.514    -0.909    -1.709    -2.028    -2.057    -2.065    -2.065    -1.972    -1.429
    21.75    39.75    2071    -0.930    -0.817    -0.834    -1.455    -2.037    -2.071    -2.081    -2.093    -2.101    -2.103    -2.037    -1.172
    21.75    39.75    2072    -0.366    -0.262    -0.256    -0.364    -0.503    -0.751    -1.276    -1.934    -2.088    -2.103    -1.458    -0.617
    21.75    39.75    2073    -0.353    -0.235    -0.215    -0.267    -0.418    -0.787    -1.562    -2.020    -2.069    -1.947    -1.629    -1.005
    21.75    39.75    2074    -0.556    -0.361    -0.427    -0.797    -1.689    -2.017    -2.062    -2.078    -2.083    -2.080    -1.946    -0.913
    21.75    39.75    2075    -0.397    -0.306    -0.359    -0.503    -0.850    -1.725    -2.060    -2.068    -2.083    -1.981    -1.109    -0.447
    21.75    39.75    2076    -0.256    -0.222    -0.195    -0.231    -0.351    -0.612    -1.254    -1.956    -2.071    -2.045    -1.627    -0.870
    21.75    39.75    2077    -0.666    -0.628    -0.727    -1.553    -2.004    -2.031    -2.065    -2.078    -2.078    -1.965    -1.510    -0.851
    21.75    39.75    2078    -0.472    -0.305    -0.271    -0.279    -0.307    -0.330    -0.351    -0.385    -0.427    -0.420    -0.345    -0.238
    21.75    39.75    2079    -0.182    -0.170    -0.177    -0.187    -0.223    -0.269    -0.337    -0.401    -0.442    -0.476    -0.403    -0.324
    21.75    39.75    2080    -0.263    -0.239    -0.240    -0.243    -0.355    -0.483    -0.614    -0.755    -0.856    -0.894    -0.904    -0.537
    21.75    39.75    2081    -0.260    -0.228    -0.246    -0.277    -0.404    -0.738    -1.040    -1.273    -1.367    -1.354    -1.064    -0.754
    21.75    39.75    2082    -0.392    -0.364    -0.438    -0.778    -1.376    -1.573    -1.664    -1.711    -1.733    -1.701    -1.394    -0.555
    21.75    39.75    2083    -0.301    -0.263    -0.249    -0.301    -0.436    -0.712    -1.075    -1.446    -1.644    -1.659    -1.632    -1.217
    21.75    39.75    2084    -0.707    -0.466    -0.417    -0.558    -1.121    -1.678    -1.825    -1.875    -1.893    -1.896    -1.891    -1.600
    21.75    39.75    2085    -1.226    -1.275    -1.793    -1.914    -1.960    -1.977    -1.987    -1.995    -2.000    -1.981    -0.896    -0.366
    21.75    39.75    2086    -0.243    -0.219    -0.213    -0.215    -0.220    -0.229    -0.234    -0.245    -0.263    -0.257    -0.245    -0.231
    21.75    39.75    2087    -0.182    -0.160    -0.161    -0.173    -0.202    -0.234    -0.259    -0.279    -0.292    -0.294    -0.276    -0.185
    21.75    39.75    2088    -0.162    -0.158    -0.159    -0.172    -0.194    -0.233    -0.262    -0.278    -0.291    -0.300    -0.276    -0.193
    21.75    39.75    2089    -0.176    -0.175    -0.181    -0.196    -0.259    -0.303    -0.322    -0.339    -0.348    -0.347    -0.312    -0.227
    21.75    39.75    2090    -0.174    -0.166    -0.164    -0.182    -0.221    -0.281    -0.369    -0.450    -0.513    -0.527    -0.521    -0.383
    21.75    39.75    2091    -0.243    -0.200    -0.196    -0.235    -0.351    -0.502    -0.624    -0.738    -0.819    -0.829    -0.853    -0.870
    21.75    39.75    2092    -0.707    -0.440    -0.341    -0.358    -0.646    -0.947    -1.197    -1.359    -1.443    -1.449    -1.100    -0.593
    21.75    39.75    2093    -0.295    -0.244    -0.265    -0.437    -0.897    -1.309    -1.492    -1.575    -1.629    -1.645    -1.628    -1.418
    21.75    39.75    2094    -1.164    -0.807    -0.774    -0.885    -1.499    -1.729    -1.818    -1.861    -1.884    -1.872    -1.664    -0.888
    21.75    39.75    2095    -0.367    -0.242    -0.201    -0.225    -0.307    -0.444    -0.751    -1.260    -1.580    -1.592    -1.114    -0.584
    21.75    39.75    2096    -0.418    -0.390    -0.456    -0.807    -1.521    -1.718    -1.813    -1.870    -1.893    -1.891    -1.850    -1.733
    21.75    39.75    2097    -1.316    -1.060    -1.574    -1.933    -2.005    -2.037    -2.059    -2.078    -2.088    -1.904    -1.765    -1.377
    21.75    39.75    2098    -1.010    -0.905    -0.980    -1.086    -1.115    -1.146    -1.168    -1.223    -1.316    -1.367    -1.319    -0.968
    21.75    39.75    2099    -0.554    -0.443    -0.433    -0.486    -0.551    -0.606    -0.622    -0.641    -0.661    -0.694    -0.708    -0.585
    21.75    39.75    2100    -0.438    -0.392    -0.430    -0.514    -0.562    -0.590    -0.604    -0.625    -0.648    -0.701    -0.660    -0.410
    21.75    39.75    2101    -0.278    -0.253    -0.230    -0.257    -0.298    -0.337    -0.378    -0.420    -0.445    -0.463    -0.482    -0.354
    21.75    39.75    2102    -0.196    -0.169    -0.172    -0.195    -0.232    -0.286    -0.329    -0.370    -0.387    -0.410    -0.387    -0.238
    21.75    39.75    2103    -0.186    -0.167    -0.165    -0.183    -0.222    -0.302    -0.362    -0.405    -0.435    -0.440    -0.412    -0.290
    21.75    39.75    2104    -0.216    -0.187    -0.192    -0.248    -0.372    -0.499    -0.595    -0.700    -0.761    -0.786    -0.762    -0.446
    21.75    39.75    2105    -0.219    -0.198    -0.224    -0.312    -0.451    -0.707    -0.906    -1.092    -1.244    -1.182    -0.718    -0.313
    21.75    39.75    2106    -0.246    -0.217    -0.190    -0.225    -0.362    -0.747    -1.289    -1.613    -1.707    -1.690    -1.381    -0.749
    21.75    39.75    2107    -0.514    -0.487    -0.540    -1.254    -1.751    -1.922    -2.006    -2.038    -2.046    -1.869    -1.205    -0.768
    21.75    39.75    2108    -0.397    -0.265    -0.241    -0.245    -0.285    -0.358    -0.508    -0.668    -0.733    -0.676    -0.444    -0.284
    21.75    39.75    2109    -0.206    -0.192    -0.192    -0.200    -0.268    -0.452    -0.637    -0.729    -0.774    -0.785    -0.684    -0.441
    21.75    39.75    2110    -0.316    -0.296    -0.273    -0.317    -0.611    -0.827    -0.895    -0.953    -0.980    -0.998    -0.996    -0.616
    21.75    39.75    2111    -0.310    -0.251    -0.268    -0.401    -0.618    -0.944    -1.010    -1.063    -1.092    -1.084    -0.826    -0.491
    21.75    39.75    2112    -0.318    -0.308    -0.350    -0.562    -1.019    -1.141    -1.234    -1.337    -1.397    -1.361    -1.017    -0.425
    21.75    39.75    2113    -0.270    -0.244    -0.227    -0.277    -0.408    -0.692    -1.117    -1.478    -1.611    -1.618    -1.550    -1.167
    21.75    39.75    2114    -0.613    -0.441    -0.363    -0.488    -1.023    -1.622    -1.818    -1.899    -1.923    -1.929    -1.924    -1.555
    21.75    39.75    2115    -1.080    -1.138    -1.729    -1.955    -2.020    -2.048    -2.059    -2.066    -2.069    -1.932    -0.917    -0.398
    21.75    39.75    2116    -0.280    -0.253    -0.240    -0.223    -0.228    -0.239    -0.254    -0.281    -0.310    -0.299    -0.281    -0.255
    21.75    39.75    2117    -0.192    -0.168    -0.166    -0.186    -0.228    -0.259    -0.283    -0.306    -0.319    -0.325    -0.267    -0.189
    21.75    39.75    2118    -0.168    -0.160    -0.161    -0.173    -0.199    -0.254    -0.302    -0.330    -0.343    -0.354    -0.313    -0.216
    21.75    39.75    2119    -0.182    -0.181    -0.187    -0.212    -0.303    -0.363    -0.387    -0.410    -0.418    -0.418    -0.332    -0.239
    21.75    39.75    2120    -0.180    -0.166    -0.163    -0.180    -0.216    -0.275    -0.396    -0.527    -0.598    -0.622    -0.556    -0.331
    21.75    39.75    2121    -0.238    -0.203    -0.198    -0.236    -0.383    -0.579    -0.721    -0.833    -0.900    -0.902    -0.871    -0.837
    21.75    39.75    2122    -0.663    -0.403    -0.274    -0.279    -0.476    -0.873    -1.124    -1.340    -1.454    -1.475    -1.281    -0.582
    21.75    39.75    2123    -0.324    -0.250    -0.262    -0.439    -1.007    -1.404    -1.548    -1.648    -1.704    -1.723    -1.687    -1.517
    21.75    39.75    2124    -1.014    -0.798    -0.778    -0.785    -1.530    -1.822    -1.913    -1.963    -1.982    -1.993    -1.264    -0.485
    21.75    39.75    2125    -0.262    -0.199    -0.176    -0.206    -0.296    -0.452    -0.859    -1.471    -1.693    -1.695    -1.498    -0.775
    21.75    39.75    2126    -0.506    -0.428    -0.497    -0.822    -1.572    -1.780    -1.899    -1.963    -1.980    -1.957    -1.898    -1.684
    21.75    39.75    2127    -1.188    -0.941    -1.313    -1.797    -1.910    -1.959    -1.985    -2.003    -2.013    -1.904    -1.675    -1.179
    21.75    39.75    2128    -0.919    -0.818    -0.900    -1.083    -1.191    -1.234    -1.277    -1.326    -1.420    -1.539    -1.342    -0.845
    21.75    39.75    2129    -0.508    -0.420    -0.427    -0.496    -0.616    -0.761    -0.888    -0.943    -0.975    -1.014    -1.006    -0.808
    21.75    39.75    2130    -0.444    -0.405    -0.440    -0.613    -0.840    -0.905    -0.933    -0.958    -0.987    -1.024    -0.941    -0.587
