      Lon      Lat    Year      CH LAI_Sum LAI_Win      z0  z0_Win
     9.75    49.75    1980    8.14    3.94    1.48    0.46    0.83
     9.75    49.75    1981    8.10    3.91    1.45    0.46    0.83
     9.75    49.75    1982    8.16    3.92    1.48    0.46    0.83
     9.75    49.75    1983    8.31    4.03    1.50    0.47    0.85
     9.75    49.75    1984    8.27    4.00    1.53    0.47    0.83
     9.75    49.75    1985    8.29    4.01    1.53    0.47    0.84
     9.75    49.75    1986    8.14    3.88    1.45    0.47    0.83
     9.75    49.75    1987    8.34    4.00    1.49    0.47    0.85
     9.75    49.75    1988    8.05    3.81    1.41    0.47    0.82
     9.75    49.75    1989    8.34    3.97    1.46    0.48    0.85
     9.75    49.75    1990    8.38    3.98    1.47    0.48    0.86
     9.75    49.75    1991    8.53    4.10    1.49    0.48    0.87
     9.75    49.75    1992    8.54    4.11    1.51    0.48    0.87
     9.75    49.75    1993    8.68    4.15    1.51    0.49    0.89
     9.75    49.75    1994    8.63    4.09    1.47    0.49    0.88
     9.75    49.75    1995    8.90    4.22    1.54    0.50    0.91
     9.75    49.75    1996    8.80    4.13    1.51    0.50    0.90
     9.75    49.75    1997    9.06    4.29    1.56    0.50    0.93
     9.75    49.75    1998    8.98    4.25    1.52    0.50    0.92
     9.75    49.75    1999    8.92    4.16    1.49    0.51    0.92
     9.75    49.75    2000    9.34    4.42    1.57    0.52    0.96
     9.75    49.75    2001    9.27    4.35    1.54    0.51    0.95
     9.75    49.75    2002    9.25    4.28    1.49    0.52    0.96
     9.75    49.75    2003    9.46    4.39    1.56    0.52    0.97
     9.75    49.75    2004    9.47    4.38    1.58    0.52    0.96
     9.75    49.75    2005    9.53    4.41    1.56    0.53    0.98
     9.75    49.75    2006    9.55    4.37    1.56    0.53    0.98
     9.75    49.75    2007    9.44    4.26    1.50    0.53    0.97
     9.75    49.75    2008    9.50    4.23    1.51    0.53    0.98
     9.75    49.75    2009    9.84    4.42    1.56    0.54    1.02
     9.75    49.75    2010    9.80    4.40    1.55    0.54    1.01
     9.75    49.75    2011    9.46    4.10    1.46    0.54    0.97
     9.75    49.75    2012    9.68    4.17    1.45    0.55    1.00
     9.75    49.75    2013    9.90    4.26    1.48    0.56    1.03
     9.75    49.75    2014   10.21    4.43    1.55    0.57    1.06
     9.75    49.75    2015   10.02    4.25    1.48    0.57    1.04
     9.75    49.75    2016   10.18    4.26    1.48    0.58    1.06
     9.75    49.75    2017   10.40    4.36    1.48    0.59    1.10
     9.75    49.75    2018   10.44    4.37    1.52    0.59    1.09
     9.75    49.75    2019   10.67    4.53    1.59    0.59    1.11
     9.75    49.75    2020   10.72    4.52    1.58    0.59    1.11
     9.75    49.75    2021   10.68    4.42    1.56    0.59    1.11
     9.75    49.75    2022   10.89    4.48    1.56    0.60    1.14
     9.75    49.75    2023   11.13    4.59    1.63    0.61    1.15
     9.75    49.75    2024   10.62    4.14    1.51    0.61    1.09
     9.75    49.75    2025   10.70    4.09    1.47    0.62    1.11
     9.75    49.75    2026   11.14    4.30    1.56    0.63    1.16
     9.75    49.75    2027   11.12    4.26    1.54    0.63    1.15
     9.75    49.75    2028   11.32    4.34    1.59    0.64    1.17
     9.75    49.75    2029   11.32    4.32    1.57    0.64    1.17
     9.75    49.75    2030   11.19    4.18    1.54    0.64    1.16
     9.75    49.75    2031   11.56    4.35    1.61    0.65    1.20
     9.75    49.75    2032   11.37    4.20    1.55    0.65    1.18
     9.75    49.75    2033   11.48    4.22    1.56    0.65    1.19
     9.75    49.75    2034   11.46    4.17    1.52    0.66    1.19
     9.75    49.75    2035   11.57    4.19    1.52    0.66    1.21
     9.75    49.75    2036   11.83    4.31    1.56    0.67    1.24
     9.75    49.75    2037   11.63    4.20    1.53    0.66    1.21
     9.75    49.75    2038   11.65    4.16    1.49    0.67    1.22
     9.75    49.75    2039   11.49    4.01    1.45    0.67    1.20
     9.75    49.75    2040   11.73    4.12    1.49    0.68    1.22
     9.75    49.75    2041   11.86    4.13    1.51    0.68    1.24
     9.75    49.75    2042   11.76    4.04    1.46    0.68    1.23
     9.75    49.75    2043   11.65    3.92    1.41    0.69    1.23
     9.75    49.75    2044   11.80    3.96    1.44    0.69    1.24
     9.75    49.75    2045   11.77    3.89    1.43    0.70    1.24
     9.75    49.75    2046   11.78    3.87    1.43    0.70    1.23
     9.75    49.75    2047   11.60    3.73    1.39    0.70    1.22
     9.75    49.75    2048   11.56    3.67    1.35    0.70    1.22
     9.75    49.75    2049   11.75    3.75    1.37    0.71    1.24
     9.75    49.75    2050   11.76    3.73    1.36    0.71    1.25
     9.75    49.75    2051   11.79    3.74    1.37    0.71    1.24
     9.75    49.75    2052   11.77    3.69    1.37    0.71    1.24
     9.75    49.75    2053   11.81    3.69    1.36    0.72    1.25
     9.75    49.75    2054   11.93    3.75    1.39    0.72    1.25
     9.75    49.75    2055   11.47    3.35    1.28    0.73    1.21
     9.75    49.75    2056   11.52    3.36    1.27    0.73    1.22
     9.75    49.75    2057   11.75    3.48    1.31    0.74    1.25
     9.75    49.75    2058   11.85    3.53    1.32    0.74    1.26
     9.75    49.75    2059   11.52    3.31    1.28    0.74    1.22
     9.75    49.75    2060   11.87    3.51    1.34    0.74    1.25
     9.75    49.75    2061   11.92    3.51    1.33    0.74    1.26
     9.75    49.75    2062   12.00    3.55    1.34    0.74    1.27
     9.75    49.75    2063   11.93    3.49    1.33    0.75    1.26
     9.75    49.75    2064   12.06    3.53    1.34    0.75    1.28
     9.75    49.75    2065   12.19    3.59    1.37    0.75    1.29
     9.75    49.75    2066   11.99    3.46    1.33    0.75    1.27
     9.75    49.75    2067   11.79    3.32    1.27    0.76    1.26
     9.75    49.75    2068   12.00    3.40    1.31    0.76    1.28
     9.75    49.75    2069   11.95    3.36    1.28    0.76    1.28
     9.75    49.75    2070   12.05    3.40    1.29    0.76    1.29
     9.75    49.75    2071   12.10    3.40    1.31    0.76    1.29
     9.75    49.75    2072   12.18    3.43    1.31    0.77    1.30
     9.75    49.75    2073   12.22    3.44    1.32    0.77    1.31
     9.75    49.75    2074   12.10    3.34    1.28    0.77    1.30
     9.75    49.75    2075   12.20    3.38    1.30    0.77    1.31
     9.75    49.75    2076   12.12    3.31    1.28    0.78    1.31
     9.75    49.75    2077   12.23    3.36    1.31    0.78    1.32
     9.75    49.75    2078   12.22    3.33    1.30    0.78    1.31
     9.75    49.75    2079   12.12    3.24    1.27    0.78    1.31
     9.75    49.75    2080   12.26    3.31    1.30    0.78    1.32
     9.75    49.75    2081   12.36    3.34    1.32    0.78    1.33
     9.75    49.75    2082   12.13    3.18    1.28    0.79    1.31
     9.75    49.75    2083   11.89    3.02    1.21    0.79    1.30
     9.75    49.75    2084   12.02    3.13    1.24    0.79    1.31
     9.75    49.75    2085   11.84    3.02    1.21    0.79    1.29
     9.75    49.75    2086   11.93    3.09    1.22    0.79    1.30
     9.75    49.75    2087   11.78    2.99    1.19    0.79    1.29
     9.75    49.75    2088   11.90    3.06    1.21    0.79    1.30
     9.75    49.75    2089   11.87    3.03    1.21    0.79    1.30
     9.75    49.75    2090   11.80    2.99    1.20    0.79    1.29
     9.75    49.75    2091   11.40    2.78    1.12    0.80    1.26
     9.75    49.75    2092   11.60    2.89    1.14    0.80    1.29
     9.75    49.75    2093   11.39    2.76    1.10    0.80    1.27
     9.75    49.75    2094   11.51    2.83    1.12    0.80    1.28
     9.75    49.75    2095   11.61    2.87    1.14    0.80    1.29
     9.75    49.75    2096   11.62    2.87    1.15    0.80    1.29
     9.75    49.75    2097   11.64    2.88    1.15    0.80    1.29
     9.75    49.75    2098   11.77    2.94    1.18    0.80    1.30
     9.75    49.75    2099   11.82    2.99    1.20    0.79    1.30
     9.75    49.75    2100   11.82    3.00    1.22    0.79    1.30
     9.75    49.75    2101   11.76    2.97    1.21    0.79    1.30
     9.75    49.75    2102   11.64    2.93    1.18    0.79    1.29
     9.75    49.75    2103   11.52    2.91    1.15    0.78    1.29
     9.75    49.75    2104   11.27    2.79    1.11    0.78    1.27
     9.75    49.75    2105   11.20    2.80    1.10    0.78    1.27
     9.75    49.75    2106   11.01    2.73    1.07    0.77    1.25
     9.75    49.75    2107   10.94    2.73    1.07    0.77    1.24
     9.75    49.75    2108   10.85    2.70    1.06    0.77    1.24
     9.75    49.75    2109   10.66    2.63    1.03    0.76    1.22
     9.75    49.75    2110   10.68    2.67    1.05    0.76    1.22
     9.75    49.75    2111   10.67    2.68    1.06    0.76    1.22
     9.75    49.75    2112   10.47    2.57    1.02    0.76    1.20
     9.75    49.75    2113   10.22    2.44    0.97    0.76    1.18
     9.75    49.75    2114   10.27    2.52    0.99    0.75    1.18
     9.75    49.75    2115   10.14    2.47    0.97    0.75    1.17
     9.75    49.75    2116   10.15    2.51    0.97    0.75    1.17
     9.75    49.75    2117    9.96    2.44    0.94    0.74    1.15
     9.75    49.75    2118    9.97    2.48    0.94    0.74    1.16
     9.75    49.75    2119    9.92    2.46    0.94    0.74    1.15
     9.75    49.75    2120    9.81    2.42    0.93    0.73    1.14
     9.75    49.75    2121    9.49    2.27    0.87    0.73    1.11
     9.75    49.75    2122    9.57    2.34    0.87    0.73    1.12
     9.75    49.75    2123    9.38    2.23    0.84    0.73    1.11
     9.75    49.75    2124    9.43    2.29    0.85    0.73    1.11
     9.75    49.75    2125    9.45    2.31    0.86    0.72    1.11
     9.75    49.75    2126    9.39    2.29    0.86    0.72    1.10
     9.75    49.75    2127    9.34    2.29    0.86    0.72    1.09
     9.75    49.75    2128    9.39    2.33    0.87    0.72    1.10
     9.75    49.75    2129    9.41    2.36    0.88    0.71    1.10
     9.75    49.75    2130    9.41    2.37    0.90    0.71    1.09
    13.75    55.75    1980    6.23    3.22    1.19    0.39    0.65
    13.75    55.75    1981    6.23    3.18    1.16    0.39    0.65
    13.75    55.75    1982    6.18    3.11    1.13    0.40    0.65
    13.75    55.75    1983    6.37    3.22    1.14    0.40    0.67
    13.75    55.75    1984    6.59    3.35    1.24    0.41    0.69
    13.75    55.75    1985    6.61    3.37    1.26    0.41    0.69
    13.75    55.75    1986    6.51    3.26    1.22    0.41    0.68
    13.75    55.75    1987    6.60    3.29    1.21    0.41    0.69
    13.75    55.75    1988    6.74    3.37    1.23    0.42    0.71
    13.75    55.75    1989    6.60    3.26    1.18    0.41    0.69
    13.75    55.75    1990    6.79    3.36    1.24    0.42    0.71
    13.75    55.75    1991    6.74    3.31    1.21    0.42    0.71
    13.75    55.75    1992    6.83    3.34    1.23    0.43    0.72
    13.75    55.75    1993    7.09    3.51    1.31    0.43    0.74
    13.75    55.75    1994    7.14    3.55    1.34    0.43    0.74
    13.75    55.75    1995    7.01    3.42    1.28    0.43    0.73
    13.75    55.75    1996    7.18    3.52    1.31    0.44    0.75
    13.75    55.75    1997    7.26    3.55    1.31    0.44    0.76
    13.75    55.75    1998    7.27    3.53    1.31    0.44    0.76
    13.75    55.75    1999    7.36    3.57    1.31    0.44    0.77
    13.75    55.75    2000    7.22    3.42    1.23    0.45    0.76
    13.75    55.75    2001    7.55    3.62    1.32    0.45    0.79
    13.75    55.75    2002    7.34    3.48    1.30    0.45    0.76
    13.75    55.75    2003    7.49    3.54    1.33    0.46    0.78
    13.75    55.75    2004    7.74    3.70    1.40    0.46    0.81
    13.75    55.75    2005    7.53    3.53    1.31    0.46    0.79
    13.75    55.75    2006    7.35    3.34    1.23    0.46    0.77
    13.75    55.75    2007    7.70    3.55    1.34    0.47    0.81
    13.75    55.75    2008    7.33    3.28    1.22    0.46    0.77
    13.75    55.75    2009    7.65    3.48    1.28    0.47    0.81
    13.75    55.75    2010    7.95    3.68    1.36    0.48    0.84
    13.75    55.75    2011    8.29    3.90    1.47    0.49    0.87
    13.75    55.75    2012    7.83    3.49    1.31    0.49    0.82
    13.75    55.75    2013    7.83    3.38    1.27    0.49    0.82
    13.75    55.75    2014    8.33    3.65    1.38    0.51    0.88
    13.75    55.75    2015    8.29    3.61    1.37    0.51    0.87
    13.75    55.75    2016    8.36    3.59    1.36    0.52    0.88
    13.75    55.75    2017    8.53    3.64    1.36    0.52    0.90
    13.75    55.75    2018    8.90    3.87    1.50    0.53    0.93
    13.75    55.75    2019    8.50    3.58    1.36    0.53    0.89
    13.75    55.75    2020    9.03    3.87    1.50    0.54    0.94
    13.75    55.75    2021    9.12    3.90    1.53    0.54    0.95
    13.75    55.75    2022    9.03    3.78    1.48    0.55    0.94
    13.75    55.75    2023    9.15    3.79    1.50    0.55    0.95
    13.75    55.75    2024    8.89    3.54    1.39    0.55    0.92
    13.75    55.75    2025    8.83    3.40    1.34    0.56    0.92
    13.75    55.75    2026    9.16    3.56    1.40    0.57    0.96
    13.75    55.75    2027    9.19    3.55    1.39    0.57    0.97
    13.75    55.75    2028    9.52    3.77    1.51    0.58    0.99
    13.75    55.75    2029    9.33    3.64    1.47    0.57    0.96
    13.75    55.75    2030    9.47    3.66    1.48    0.58    0.98
    13.75    55.75    2031    9.25    3.48    1.40    0.58    0.96
    13.75    55.75    2032    9.11    3.31    1.32    0.59    0.95
    13.75    55.75    2033    9.70    3.64    1.48    0.60    1.01
    13.75    55.75    2034    9.75    3.69    1.48    0.60    1.01
    13.75    55.75    2035    9.74    3.68    1.50    0.59    1.00
    13.75    55.75    2036    9.68    3.63    1.46    0.60    1.00
    13.75    55.75    2037    9.98    3.79    1.55    0.60    1.03
    13.75    55.75    2038    9.67    3.56    1.44    0.60    1.00
    13.75    55.75    2039    9.67    3.47    1.42    0.61    1.00
    13.75    55.75    2040   10.02    3.64    1.53    0.61    1.03
    13.75    55.75    2041    9.79    3.47    1.44    0.61    1.01
    13.75    55.75    2042    9.67    3.31    1.36    0.62    1.00
    13.75    55.75    2043    9.97    3.45    1.41    0.63    1.04
    13.75    55.75    2044    9.61    3.17    1.28    0.63    1.01
    13.75    55.75    2045    9.90    3.30    1.36    0.64    1.03
    13.75    55.75    2046    9.85    3.25    1.32    0.64    1.03
    13.75    55.75    2047    9.86    3.25    1.32    0.64    1.03
    13.75    55.75    2048   10.07    3.37    1.40    0.64    1.05
    13.75    55.75    2049    9.76    3.18    1.31    0.64    1.02
    13.75    55.75    2050   10.05    3.31    1.39    0.65    1.04
    13.75    55.75    2051    9.77    3.12    1.29    0.64    1.02
    13.75    55.75    2052    9.87    3.13    1.31    0.65    1.03
    13.75    55.75    2053   10.04    3.20    1.35    0.65    1.05
    13.75    55.75    2054    9.87    3.09    1.30    0.65    1.03
    13.75    55.75    2055   10.10    3.20    1.36    0.66    1.05
    13.75    55.75    2056   10.14    3.21    1.35    0.66    1.06
    13.75    55.75    2057    9.87    3.03    1.27    0.66    1.03
    13.75    55.75    2058   10.21    3.21    1.36    0.66    1.06
    13.75    55.75    2059   10.21    3.21    1.34    0.66    1.07
    13.75    55.75    2060   10.13    3.16    1.32    0.66    1.06
    13.75    55.75    2061   10.33    3.25    1.37    0.67    1.08
    13.75    55.75    2062   10.34    3.24    1.37    0.67    1.08
    13.75    55.75    2063   10.16    3.11    1.30    0.67    1.06
    13.75    55.75    2064   10.29    3.15    1.34    0.67    1.07
    13.75    55.75    2065   10.31    3.16    1.34    0.67    1.07
    13.75    55.75    2066   10.41    3.20    1.38    0.68    1.08
    13.75    55.75    2067   10.26    3.09    1.32    0.68    1.07
    13.75    55.75    2068   10.33    3.09    1.32    0.68    1.08
    13.75    55.75    2069   10.43    3.15    1.34    0.68    1.09
    13.75    55.75    2070   10.47    3.16    1.34    0.68    1.10
    13.75    55.75    2071   10.19    2.96    1.26    0.69    1.07
    13.75    55.75    2072   10.33    3.02    1.27    0.69    1.09
    13.75    55.75    2073   10.34    3.01    1.29    0.69    1.08
    13.75    55.75    2074   10.15    2.89    1.24    0.69    1.07
    13.75    55.75    2075   10.20    2.90    1.24    0.69    1.08
    13.75    55.75    2076   10.26    2.93    1.27    0.70    1.08
    13.75    55.75    2077   10.33    2.98    1.28    0.69    1.09
    13.75    55.75    2078   10.00    2.78    1.21    0.69    1.06
    13.75    55.75    2079    9.80    2.64    1.15    0.70    1.05
    13.75    55.75    2080    9.87    2.67    1.15    0.70    1.05
    13.75    55.75    2081    9.74    2.59    1.12    0.70    1.05
    13.75    55.75    2082    9.84    2.63    1.14    0.70    1.05
    13.75    55.75    2083    9.78    2.59    1.13    0.70    1.05
    13.75    55.75    2084    9.67    2.52    1.11    0.70    1.04
    13.75    55.75    2085    9.86    2.63    1.17    0.70    1.05
    13.75    55.75    2086    9.60    2.51    1.09    0.70    1.04
    13.75    55.75    2087    9.78    2.60    1.14    0.70    1.05
    13.75    55.75    2088    9.55    2.46    1.07    0.70    1.03
    13.75    55.75    2089    9.58    2.47    1.08    0.70    1.03
    13.75    55.75    2090    9.59    2.49    1.10    0.70    1.03
    13.75    55.75    2091    9.62    2.52    1.10    0.70    1.03
    13.75    55.75    2092    9.55    2.50    1.09    0.70    1.03
    13.75    55.75    2093    9.62    2.53    1.13    0.70    1.03
    13.75    55.75    2094    9.45    2.44    1.09    0.70    1.01
    13.75    55.75    2095    9.57    2.50    1.12    0.70    1.02
    13.75    55.75    2096    9.44    2.43    1.08    0.70    1.01
    13.75    55.75    2097    9.55    2.50    1.11    0.70    1.02
    13.75    55.75    2098    9.35    2.39    1.06    0.70    1.00
    13.75    55.75    2099    9.42    2.43    1.09    0.70    1.01
    13.75    55.75    2100    9.41    2.43    1.10    0.70    1.00
    13.75    55.75    2101    9.21    2.31    1.05    0.70    0.99
    13.75    55.75    2102    9.21    2.32    1.04    0.70    0.99
    13.75    55.75    2103    9.22    2.33    1.05    0.70    0.99
    13.75    55.75    2104    9.04    2.23    1.00    0.70    0.97
    13.75    55.75    2105    9.03    2.24    1.00    0.69    0.97
    13.75    55.75    2106    9.06    2.26    1.02    0.69    0.97
    13.75    55.75    2107    9.12    2.30    1.03    0.69    0.98
    13.75    55.75    2108    8.85    2.15    0.98    0.69    0.95
    13.75    55.75    2109    8.60    2.03    0.93    0.69    0.93
    13.75    55.75    2110    8.65    2.06    0.93    0.69    0.94
    13.75    55.75    2111    8.53    2.01    0.91    0.69    0.93
    13.75    55.75    2112    8.54    2.03    0.91    0.69    0.93
    13.75    55.75    2113    8.47    1.98    0.90    0.69    0.92
    13.75    55.75    2114    8.33    1.94    0.88    0.68    0.91
    13.75    55.75    2115    8.49    2.03    0.92    0.68    0.92
    13.75    55.75    2116    8.26    1.93    0.86    0.68    0.91
    13.75    55.75    2117    8.27    1.96    0.87    0.68    0.90
    13.75    55.75    2118    8.14    1.89    0.84    0.68    0.89
    13.75    55.75    2119    8.06    1.87    0.83    0.67    0.88
    13.75    55.75    2120    8.06    1.90    0.85    0.67    0.88
    13.75    55.75    2121    8.05    1.92    0.85    0.67    0.88
    13.75    55.75    2122    8.06    1.93    0.85    0.66    0.88
    13.75    55.75    2123    8.09    1.96    0.87    0.66    0.88
    13.75    55.75    2124    7.92    1.88    0.84    0.66    0.86
    13.75    55.75    2125    7.98    1.92    0.86    0.66    0.86
    13.75    55.75    2126    7.89    1.87    0.83    0.66    0.86
    13.75    55.75    2127    7.99    1.95    0.86    0.66    0.86
    13.75    55.75    2128    7.80    1.85    0.82    0.66    0.85
    13.75    55.75    2129    7.84    1.88    0.83    0.65    0.85
    13.75    55.75    2130    7.86    1.91    0.84    0.65    0.85
    23.75    61.75    1980    6.11    2.62    2.41    0.43    0.46
    23.75    61.75    1981    6.20    2.65    2.45    0.43    0.46
    23.75    61.75    1982    6.18    2.60    2.40    0.44    0.46
    23.75    61.75    1983    6.36    2.67    2.46    0.44    0.47
    23.75    61.75    1984    6.24    2.60    2.39    0.44    0.47
    23.75    61.75    1985    6.30    2.60    2.39    0.44    0.47
    23.75    61.75    1986    6.30    2.57    2.36    0.45    0.48
    23.75    61.75    1987    6.44    2.62    2.40    0.45    0.48
    23.75    61.75    1988    6.55    2.68    2.45    0.46    0.49
    23.75    61.75    1989    6.61    2.67    2.44    0.46    0.49
    23.75    61.75    1990    6.59    2.64    2.40    0.46    0.50
    23.75    61.75    1991    6.63    2.65    2.42    0.47    0.50
    23.75    61.75    1992    6.77    2.70    2.46    0.47    0.51
    23.75    61.75    1993    6.86    2.70    2.46    0.48    0.51
    23.75    61.75    1994    6.88    2.69    2.47    0.48    0.51
    23.75    61.75    1995    6.94    2.71    2.47    0.49    0.52
    23.75    61.75    1996    6.85    2.63    2.40    0.49    0.52
    23.75    61.75    1997    6.82    2.58    2.35    0.49    0.52
    23.75    61.75    1998    6.95    2.63    2.40    0.49    0.53
    23.75    61.75    1999    7.17    2.74    2.51    0.50    0.54
    23.75    61.75    2000    7.16    2.70    2.48    0.50    0.54
    23.75    61.75    2001    7.14    2.65    2.43    0.51    0.54
    23.75    61.75    2002    7.29    2.70    2.48    0.51    0.55
    23.75    61.75    2003    7.21    2.63    2.42    0.51    0.55
    23.75    61.75    2004    7.36    2.69    2.47    0.52    0.56
    23.75    61.75    2005    7.46    2.72    2.50    0.52    0.56
    23.75    61.75    2006    7.38    2.68    2.46    0.52    0.56
    23.75    61.75    2007    7.44    2.69    2.46    0.53    0.57
    23.75    61.75    2008    7.49    2.69    2.48    0.53    0.57
    23.75    61.75    2009    7.54    2.70    2.48    0.53    0.57
    23.75    61.75    2010    7.74    2.78    2.57    0.54    0.58
    23.75    61.75    2011    7.83    2.80    2.58    0.55    0.59
    23.75    61.75    2012    7.92    2.81    2.59    0.55    0.59
    23.75    61.75    2013    7.95    2.76    2.56    0.56    0.60
    23.75    61.75    2014    8.07    2.78    2.57    0.57    0.60
    23.75    61.75    2015    8.16    2.80    2.58    0.57    0.61
    23.75    61.75    2016    8.20    2.78    2.56    0.58    0.62
    23.75    61.75    2017    8.25    2.74    2.54    0.58    0.62
    23.75    61.75    2018    8.37    2.76    2.55    0.59    0.63
    23.75    61.75    2019    8.51    2.78    2.58    0.60    0.64
    23.75    61.75    2020    8.66    2.79    2.59    0.61    0.65
    23.75    61.75    2021    8.76    2.81    2.60    0.61    0.65
    23.75    61.75    2022    8.90    2.83    2.62    0.62    0.66
    23.75    61.75    2023    9.01    2.85    2.65    0.63    0.67
    23.75    61.75    2024    9.13    2.87    2.67    0.63    0.67
    23.75    61.75    2025    8.96    2.76    2.57    0.63    0.67
    23.75    61.75    2026    9.04    2.75    2.55    0.64    0.68
    23.75    61.75    2027    9.15    2.76    2.56    0.65    0.69
    23.75    61.75    2028    9.25    2.77    2.58    0.65    0.69
    23.75    61.75    2029    9.26    2.74    2.54    0.66    0.69
    23.75    61.75    2030    9.27    2.71    2.52    0.66    0.70
    23.75    61.75    2031    9.37    2.71    2.53    0.67    0.70
    23.75    61.75    2032    9.38    2.69    2.50    0.67    0.71
    23.75    61.75    2033    9.44    2.70    2.51    0.67    0.71
    23.75    61.75    2034    9.21    2.57    2.40    0.67    0.70
    23.75    61.75    2035    9.31    2.60    2.42    0.67    0.71
    23.75    61.75    2036    9.22    2.55    2.38    0.67    0.71
    23.75    61.75    2037    9.39    2.60    2.43    0.68    0.71
    23.75    61.75    2038    9.42    2.58    2.42    0.68    0.72
    23.75    61.75    2039    9.53    2.61    2.44    0.69    0.72
    23.75    61.75    2040    9.59    2.62    2.46    0.69    0.72
    23.75    61.75    2041    9.59    2.59    2.43    0.69    0.72
    23.75    61.75    2042    9.58    2.58    2.42    0.69    0.73
    23.75    61.75    2043    9.69    2.61    2.45    0.70    0.73
    23.75    61.75    2044    9.49    2.52    2.37    0.70    0.72
    23.75    61.75    2045    9.62    2.56    2.41    0.70    0.73
    23.75    61.75    2046    9.63    2.55    2.40    0.70    0.73
    23.75    61.75    2047    9.80    2.61    2.45    0.71    0.74
    23.75    61.75    2048    9.79    2.61    2.45    0.70    0.74
    23.75    61.75    2049    9.93    2.64    2.48    0.71    0.74
    23.75    61.75    2050    9.75    2.56    2.41    0.71    0.74
    23.75    61.75    2051    9.75    2.55    2.39    0.71    0.74
    23.75    61.75    2052    9.69    2.51    2.36    0.71    0.74
    23.75    61.75    2053    9.82    2.55    2.40    0.71    0.74
    23.75    61.75    2054    9.54    2.45    2.31    0.71    0.73
    23.75    61.75    2055    9.70    2.52    2.37    0.71    0.73
    23.75    61.75    2056    9.68    2.51    2.36    0.71    0.73
    23.75    61.75    2057    9.72    2.50    2.36    0.71    0.74
    23.75    61.75    2058    9.82    2.53    2.39    0.72    0.74
    23.75    61.75    2059    9.78    2.54    2.39    0.71    0.74
    23.75    61.75    2060    9.71    2.51    2.37    0.71    0.73
    23.75    61.75    2061    9.78    2.54    2.39    0.71    0.74
    23.75    61.75    2062    9.77    2.54    2.39    0.71    0.73
    23.75    61.75    2063    9.72    2.53    2.38    0.71    0.73
    23.75    61.75    2064    9.74    2.53    2.38    0.71    0.73
    23.75    61.75    2065    9.77    2.56    2.41    0.71    0.73
    23.75    61.75    2066    9.85    2.59    2.44    0.71    0.73
    23.75    61.75    2067    9.78    2.56    2.41    0.71    0.73
    23.75    61.75    2068    9.66    2.51    2.37    0.71    0.73
    23.75    61.75    2069    9.78    2.55    2.41    0.71    0.73
    23.75    61.75    2070    9.78    2.57    2.43    0.71    0.73
    23.75    61.75    2071    9.81    2.59    2.45    0.71    0.73
    23.75    61.75    2072    9.84    2.61    2.46    0.71    0.73
    23.75    61.75    2073    9.76    2.57    2.43    0.71    0.73
    23.75    61.75    2074    9.75    2.56    2.42    0.71    0.73
    23.75    61.75    2075    9.77    2.55    2.42    0.71    0.73
    23.75    61.75    2076    9.79    2.58    2.45    0.71    0.72
    23.75    61.75    2077    9.77    2.59    2.45    0.70    0.72
    23.75    61.75    2078    9.54    2.48    2.35    0.70    0.72
    23.75    61.75    2079    9.48    2.46    2.34    0.70    0.72
    23.75    61.75    2080    9.55    2.50    2.37    0.70    0.72
    23.75    61.75    2081    9.50    2.51    2.38    0.69    0.71
    23.75    61.75    2082    9.40    2.48    2.36    0.69    0.71
    23.75    61.75    2083    9.25    2.43    2.31    0.68    0.70
    23.75    61.75    2084    9.16    2.41    2.29    0.68    0.70
    23.75    61.75    2085    9.16    2.43    2.31    0.68    0.69
    23.75    61.75    2086    9.21    2.46    2.35    0.68    0.69
    23.75    61.75    2087    9.14    2.47    2.35    0.67    0.69
    23.75    61.75    2088    9.12    2.48    2.36    0.67    0.68
    23.75    61.75    2089    8.93    2.41    2.30    0.66    0.68
    23.75    61.75    2090    8.98    2.48    2.37    0.66    0.67
    23.75    61.75    2091    8.98    2.51    2.39    0.65    0.67
    23.75    61.75    2092    8.92    2.51    2.40    0.65    0.66
    23.75    61.75    2093    8.75    2.45    2.34    0.64    0.66
    23.75    61.75    2094    8.69    2.46    2.35    0.64    0.65
    23.75    61.75    2095    8.74    2.51    2.39    0.64    0.65
    23.75    61.75    2096    8.60    2.45    2.34    0.63    0.65
    23.75    61.75    2097    8.63    2.51    2.39    0.63    0.64
    23.75    61.75    2098    8.53    2.51    2.38    0.62    0.64
    23.75    61.75    2099    8.51    2.53    2.40    0.62    0.63
    23.75    61.75    2100    8.39    2.50    2.37    0.61    0.63
    23.75    61.75    2101    8.41    2.55    2.42    0.61    0.63
    23.75    61.75    2102    8.46    2.61    2.46    0.60    0.63
    23.75    61.75    2103    8.34    2.57    2.41    0.60    0.62
    23.75    61.75    2104    8.30    2.56    2.40    0.60    0.62
    23.75    61.75    2105    8.26    2.54    2.38    0.60    0.62
    23.75    61.75    2106    8.33    2.60    2.44    0.60    0.62
    23.75    61.75    2107    8.32    2.65    2.48    0.59    0.62
    23.75    61.75    2108    8.07    2.52    2.35    0.59    0.62
    23.75    61.75    2109    8.07    2.54    2.37    0.58    0.62
    23.75    61.75    2110    8.14    2.62    2.44    0.58    0.61
    23.75    61.75    2111    8.15    2.67    2.48    0.58    0.61
    23.75    61.75    2112    8.08    2.66    2.47    0.57    0.61
    23.75    61.75    2113    7.99    2.62    2.43    0.57    0.61
    23.75    61.75    2114    7.96    2.62    2.44    0.57    0.60
    23.75    61.75    2115    7.98    2.64    2.45    0.57    0.60
    23.75    61.75    2116    8.02    2.69    2.49    0.56    0.60
    23.75    61.75    2117    7.97    2.71    2.51    0.56    0.60
    23.75    61.75    2118    7.95    2.73    2.53    0.56    0.60
    23.75    61.75    2119    7.84    2.65    2.45    0.55    0.60
    23.75    61.75    2120    7.91    2.76    2.56    0.55    0.59
    23.75    61.75    2121    7.97    2.84    2.63    0.55    0.59
    23.75    61.75    2122    7.97    2.87    2.66    0.54    0.59
    23.75    61.75    2123    7.88    2.85    2.63    0.54    0.59
    23.75    61.75    2124    7.89    2.87    2.66    0.54    0.58
    23.75    61.75    2125    7.95    2.94    2.73    0.54    0.58
    23.75    61.75    2126    7.79    2.83    2.63    0.53    0.58
    23.75    61.75    2127    7.82    2.89    2.67    0.53    0.58
    23.75    61.75    2128    7.77    2.91    2.69    0.53    0.58
    23.75    61.75    2129    7.76    2.91    2.70    0.52    0.57
    23.75    61.75    2130    7.68    2.87    2.66    0.52    0.57
    21.75    39.75    1980    3.47    1.61    0.90    0.31    0.34
    21.75    39.75    1981    0.84    0.41    0.36    0.09    0.08
    21.75    39.75    1982    0.95    0.45    0.39    0.10    0.09
    21.75    39.75    1983    1.29    0.64    0.56    0.12    0.11
    21.75    39.75    1984    1.41    0.71    0.60    0.13    0.12
    21.75    39.75    1985    1.38    0.70    0.56    0.13    0.12
    21.75    39.75    1986    1.79    0.98    0.73    0.16    0.14
    21.75    39.75    1987    2.05    1.21    0.84    0.17    0.15
    21.75    39.75    1988    2.07    1.24    0.79    0.18    0.15
    21.75    39.75    1989    2.08    1.25    0.74    0.19    0.16
    21.75    39.75    1990    2.16    1.31    0.71    0.20    0.17
    21.75    39.75    1991    1.82    1.04    0.54    0.19    0.15
    21.75    39.75    1992    2.12    1.25    0.59    0.21    0.18
    21.75    39.75    1993    2.35    1.39    0.64    0.22    0.20
    21.75    39.75    1994    2.58    1.52    0.71    0.23    0.22
    21.75    39.75    1995    2.87    1.71    0.77    0.24    0.24
    21.75    39.75    1996    2.92    1.72    0.77    0.25    0.25
    21.75    39.75    1997    3.08    1.80    0.81    0.26    0.27
    21.75    39.75    1998    3.03    1.73    0.78    0.26    0.27
    21.75    39.75    1999    2.57    1.32    0.63    0.25    0.24
    21.75    39.75    2000    2.70    1.40    0.64    0.25    0.25
    21.75    39.75    2001    2.57    1.29    0.64    0.25    0.24
    21.75    39.75    2002    2.29    1.11    0.58    0.23    0.21
    21.75    39.75    2003    2.82    1.43    0.69    0.26    0.26
    21.75    39.75    2004    2.51    1.23    0.62    0.25    0.24
    21.75    39.75    2005    2.54    1.25    0.62    0.25    0.24
    21.75    39.75    2006    2.56    1.25    0.65    0.25    0.24
    21.75    39.75    2007    2.50    1.22    0.64    0.25    0.24
    21.75    39.75    2008    2.50    1.21    0.65    0.25    0.24
    21.75    39.75    2009    3.18    1.62    0.78    0.28    0.30
    21.75    39.75    2010    1.21    0.51    0.43    0.14    0.12
    21.75    39.75    2011    1.07    0.45    0.36    0.13    0.11
    21.75    39.75    2012    1.12    0.48    0.38    0.13    0.12
    21.75    39.75    2013    1.37    0.60    0.43    0.16    0.14
    21.75    39.75    2014    1.58    0.71    0.49    0.17    0.16
    21.75    39.75    2015    1.56    0.74    0.46    0.18    0.16
    21.75    39.75    2016    2.07    1.03    0.57    0.21    0.20
    21.75    39.75    2017    1.99    0.98    0.57    0.21    0.19
    21.75    39.75    2018    2.25    1.14    0.62    0.23    0.21
    21.75    39.75    2019    2.22    1.15    0.59    0.23    0.21
    21.75    39.75    2020    2.06    1.03    0.55    0.22    0.20
    21.75    39.75    2021    2.31    1.17    0.60    0.24    0.22
    21.75    39.75    2022    1.91    0.96    0.51    0.21    0.19
    21.75    39.75    2023    2.52    1.32    0.62    0.25    0.25
    21.75    39.75    2024    2.45    1.23    0.62    0.25    0.24
    21.75    39.75    2025    2.38    1.19    0.60    0.24    0.24
    21.75    39.75    2026    2.86    1.44    0.70    0.27    0.28
    21.75    39.75    2027    2.64    1.27    0.66    0.26    0.26
    21.75    39.75    2028    2.43    1.13    0.61    0.25    0.24
    21.75    39.75    2029    1.40    0.58    0.48    0.17    0.15
    21.75    39.75    2030    1.90    0.80    0.57    0.22    0.19
    21.75    39.75    2031    2.24    0.95    0.62    0.24    0.22
    21.75    39.75    2032    2.91    1.30    0.77    0.28    0.27
    21.75    39.75    2033    2.86    1.27    0.74    0.28    0.27
    21.75    39.75    2034    3.41    1.56    0.86    0.31    0.32
    21.75    39.75    2035    3.05    1.31    0.76    0.29    0.29
    21.75    39.75    2036    3.25    1.41    0.78    0.30    0.32
    21.75    39.75    2037    2.95    1.23    0.71    0.29    0.29
    21.75    39.75    2038    2.74    1.11    0.61    0.28    0.28
    21.75    39.75    2039    3.14    1.32    0.68    0.30    0.32
    21.75    39.75    2040    2.73    1.06    0.65    0.29    0.28
    21.75    39.75    2041    3.36    1.37    0.75    0.32    0.34
    21.75    39.75    2042    3.32    1.35    0.72    0.32    0.34
    21.75    39.75    2043    3.00    1.19    0.63    0.30    0.31
    21.75    39.75    2044    2.88    1.13    0.62    0.30    0.30
    21.75    39.75    2045    2.84    1.11    0.63    0.29    0.30
    21.75    39.75    2046    3.19    1.27    0.67    0.31    0.33
    21.75    39.75    2047    3.00    1.17    0.62    0.30    0.32
    21.75    39.75    2048    2.88    1.11    0.61    0.30    0.31
    21.75    39.75    2049    3.10    1.20    0.64    0.31    0.33
    21.75    39.75    2050    2.82    1.07    0.59    0.30    0.30
    21.75    39.75    2051    2.00    0.76    0.47    0.24    0.23
    21.75    39.75    2052    2.70    1.06    0.54    0.29    0.30
    21.75    39.75    2053    1.08    0.37    0.29    0.13    0.12
    21.75    39.75    2054    1.39    0.47    0.33    0.17    0.15
    21.75    39.75    2055    1.55    0.53    0.36    0.19    0.16
    21.75    39.75    2056    1.88    0.66    0.42    0.21    0.19
    21.75    39.75    2057    2.16    0.81    0.48    0.23    0.21
    21.75    39.75    2058    2.23    0.84    0.49    0.24    0.22
    21.75    39.75    2059    1.66    0.65    0.43    0.20    0.17
    21.75    39.75    2060    0.98    0.46    0.27    0.12    0.10
    21.75    39.75    2061    1.12    0.52    0.29    0.14    0.11
    21.75    39.75    2062    1.43    0.64    0.33    0.17    0.15
    21.75    39.75    2063    1.89    0.86    0.40    0.21    0.19
    21.75    39.75    2064    2.25    1.01    0.44    0.24    0.23
    21.75    39.75    2065    1.50    0.61    0.38    0.19    0.16
    21.75    39.75    2066    1.57    0.65    0.38    0.19    0.17
    21.75    39.75    2067    1.59    0.68    0.37    0.20    0.17
    21.75    39.75    2068    2.01    0.86    0.42    0.23    0.21
    21.75    39.75    2069    1.84    0.78    0.39    0.22    0.20
    21.75    39.75    2070    1.75    0.77    0.38    0.21    0.19
    21.75    39.75    2071    2.04    0.90    0.41    0.23    0.22
    21.75    39.75    2072    2.39    1.02    0.47    0.26    0.25
    21.75    39.75    2073    2.65    1.15    0.49    0.27    0.28
    21.75    39.75    2074    2.80    1.18    0.53    0.28    0.29
    21.75    39.75    2075    2.81    1.17    0.53    0.28    0.29
    21.75    39.75    2076    3.05    1.27    0.57    0.30    0.32
    21.75    39.75    2077    2.77    1.11    0.54    0.28    0.29
    21.75    39.75    2078    3.49    1.47    0.62    0.32    0.36
    21.75    39.75    2079    3.69    1.55    0.68    0.33    0.38
    21.75    39.75    2080    3.66    1.52    0.67    0.33    0.38
    21.75    39.75    2081    4.45    1.92    0.79    0.36    0.46
    21.75    39.75    2082    1.54    0.47    0.44    0.16    0.16
    21.75    39.75    2083    1.58    0.50    0.43    0.17    0.16
    21.75    39.75    2084    1.55    0.52    0.40    0.17    0.16
    21.75    39.75    2085    1.65    0.59    0.42    0.18    0.16
    21.75    39.75    2086    1.66    0.64    0.40    0.19    0.16
    21.75    39.75    2087    1.77    0.73    0.41    0.20    0.17
    21.75    39.75    2088    1.94    0.82    0.44    0.21    0.19
    21.75    39.75    2089    2.31    1.04    0.50    0.23    0.22
    21.75    39.75    2090    1.72    0.76    0.37    0.20    0.17
    21.75    39.75    2091    1.84    0.85    0.37    0.21    0.19
    21.75    39.75    2092    1.74    0.79    0.36    0.20    0.18
    21.75    39.75    2093    1.67    0.76    0.34    0.20    0.17
    21.75    39.75    2094    1.67    0.77    0.34    0.20    0.17
    21.75    39.75    2095    1.16    0.47    0.28    0.15    0.12
    21.75    39.75    2096    1.25    0.57    0.28    0.15    0.12
    21.75    39.75    2097    1.53    0.71    0.31    0.18    0.16
    21.75    39.75    2098    1.77    0.80    0.35    0.21    0.18
    21.75    39.75    2099    2.01    0.92    0.38    0.22    0.21
    21.75    39.75    2100    2.37    1.10    0.43    0.25    0.25
    21.75    39.75    2101    1.83    0.75    0.39    0.22    0.20
    21.75    39.75    2102    2.11    0.89    0.41    0.24    0.22
    21.75    39.75    2103    2.33    1.00    0.44    0.25    0.25
    21.75    39.75    2104    2.60    1.12    0.47    0.27    0.27
    21.75    39.75    2105    2.68    1.14    0.49    0.28    0.28
    21.75    39.75    2106    2.78    1.17    0.51    0.28    0.29
    21.75    39.75    2107    2.57    1.06    0.48    0.27    0.27
    21.75    39.75    2108    3.40    1.49    0.57    0.31    0.36
    21.75    39.75    2109    3.70    1.63    0.62    0.33    0.39
    21.75    39.75    2110    3.72    1.63    0.62    0.33    0.39
    21.75    39.75    2111    4.32    1.95    0.71    0.35    0.46
    21.75    39.75    2112    1.18    0.32    0.30    0.14    0.14
    21.75    39.75    2113    1.18    0.33    0.30    0.14    0.14
    21.75    39.75    2114    1.13    0.33    0.28    0.14    0.13
    21.75    39.75    2115    1.21    0.38    0.30    0.15    0.14
    21.75    39.75    2116    1.19    0.41    0.27    0.15    0.13
    21.75    39.75    2117    1.21    0.46    0.27    0.15    0.13
    21.75    39.75    2118    1.29    0.52    0.28    0.16    0.13
    21.75    39.75    2119    1.56    0.68    0.32    0.19    0.15
    21.75    39.75    2120    1.29    0.59    0.26    0.16    0.13
    21.75    39.75    2121    1.42    0.69    0.26    0.17    0.14
    21.75    39.75    2122    1.43    0.68    0.27    0.18    0.14
    21.75    39.75    2123    1.37    0.65    0.25    0.17    0.13
    21.75    39.75    2124    1.44    0.73    0.25    0.17    0.13
    21.75    39.75    2125    1.22    0.54    0.23    0.15    0.10
    21.75    39.75    2126    1.21    0.56    0.22    0.14    0.10
    21.75    39.75    2127    1.35    0.64    0.23    0.15    0.11
    21.75    39.75    2128    1.49    0.70    0.25    0.17    0.13
    21.75    39.75    2129    1.66    0.81    0.26    0.18    0.15
    21.75    39.75    2130    2.06    1.02    0.31    0.22    0.20
