      Lon      Lat    Year    VegC LitterC   SoilC     HarvSlowC Total-slow     Total
     9.75    49.75    1980   0.777   0.533   2.267      0.000000      3.576     3.576
     9.75    49.75    1981   0.790   0.542   2.304      0.000000      3.635     3.635
     9.75    49.75    1982   0.810   0.550   2.342      0.000000      3.702     3.702
     9.75    49.75    1983   0.843   0.552   2.378      0.000000      3.773     3.773
     9.75    49.75    1984   0.858   0.567   2.416      0.000000      3.842     3.842
     9.75    49.75    1985   0.878   0.578   2.455      0.000000      3.911     3.911
     9.75    49.75    1986   0.879   0.592   2.494      0.000000      3.964     3.964
     9.75    49.75    1987   0.918   0.595   2.532      0.000000      4.045     4.045
     9.75    49.75    1988   0.911   0.598   2.567      0.000000      4.076     4.076
     9.75    49.75    1989   0.951   0.601   2.603      0.000000      4.155     4.155
     9.75    49.75    1990   0.973   0.605   2.641      0.000000      4.219     4.219
     9.75    49.75    1991   1.009   0.604   2.660      0.000000      4.273     4.273
     9.75    49.75    1992   1.019   0.609   2.679      0.000000      4.308     4.308
     9.75    49.75    1993   1.049   0.613   2.701      0.000000      4.363     4.363
     9.75    49.75    1994   1.056   0.607   2.720      0.000000      4.383     4.383
     9.75    49.75    1995   1.100   0.607   2.740      0.000000      4.448     4.448
     9.75    49.75    1996   1.100   0.608   2.760      0.000000      4.468     4.468
     9.75    49.75    1997   1.147   0.612   2.781      0.000000      4.540     4.540
     9.75    49.75    1998   1.153   0.615   2.800      0.000000      4.568     4.568
     9.75    49.75    1999   1.167   0.608   2.817      0.000000      4.592     4.592
     9.75    49.75    2000   1.231   0.597   2.833      0.000000      4.661     4.661
     9.75    49.75    2001   1.238   0.604   2.853      0.000000      4.696     4.696
     9.75    49.75    2002   1.254   0.604   2.872      0.000000      4.730     4.730
     9.75    49.75    2003   1.297   0.610   2.893      0.000000      4.800     4.800
     9.75    49.75    2004   1.317   0.614   2.913      0.000000      4.845     4.845
     9.75    49.75    2005   1.342   0.614   2.931      0.000000      4.887     4.887
     9.75    49.75    2006   1.350   0.614   2.950      0.000000      4.914     4.914
     9.75    49.75    2007   1.381   0.609   2.968      0.000000      4.958     4.958
     9.75    49.75    2008   1.402   0.608   2.987      0.000000      4.997     4.997
     9.75    49.75    2009   1.427   0.604   3.004      0.000000      5.035     5.035
     9.75    49.75    2010   1.422   0.606   3.022      0.000000      5.050     5.050
     9.75    49.75    2011   1.356   0.611   3.017      0.000000      4.983     4.983
     9.75    49.75    2012   1.378   0.610   3.017      0.000000      5.006     5.006
     9.75    49.75    2013   1.354   0.629   3.020      0.000000      5.003     5.003
     9.75    49.75    2014   1.329   0.642   3.020      0.000000      4.990     4.990
     9.75    49.75    2015   1.295   0.636   3.016      0.000000      4.947     4.947
     9.75    49.75    2016   1.288   0.640   3.017      0.000000      4.944     4.944
     9.75    49.75    2017   1.219   0.639   3.017      0.000000      4.875     4.875
     9.75    49.75    2018   1.235   0.622   3.015      0.000000      4.872     4.872
     9.75    49.75    2019   1.242   0.603   3.011      0.000000      4.856     4.856
     9.75    49.75    2020   1.302   0.599   3.012      0.000000      4.913     4.913
     9.75    49.75    2021   1.316   0.601   3.013      0.000000      4.930     4.930
     9.75    49.75    2022   1.297   0.604   3.013      0.000000      4.914     4.914
     9.75    49.75    2023   1.210   0.618   3.015      0.000000      4.843     4.843
     9.75    49.75    2024   1.232   0.603   3.015      0.000000      4.850     4.850
     9.75    49.75    2025   1.208   0.587   3.012      0.000000      4.808     4.808
     9.75    49.75    2026   1.272   0.580   3.010      0.000000      4.863     4.863
     9.75    49.75    2027   1.288   0.588   3.013      0.000000      4.889     4.889
     9.75    49.75    2028   1.276   0.594   3.013      0.000000      4.883     4.883
     9.75    49.75    2029   1.239   0.601   3.012      0.000000      4.853     4.853
     9.75    49.75    2030   1.304   0.596   3.013      0.000000      4.913     4.913
     9.75    49.75    2031   1.283   0.590   3.011      0.000000      4.884     4.884
     9.75    49.75    2032   1.276   0.585   3.008      0.000000      4.869     4.869
     9.75    49.75    2033   1.299   0.576   3.009      0.000000      4.884     4.884
     9.75    49.75    2034   1.312   0.585   3.010      0.000000      4.907     4.907
     9.75    49.75    2035   1.296   0.589   3.012      0.000000      4.897     4.897
     9.75    49.75    2036   1.256   0.593   3.011      0.000000      4.860     4.860
     9.75    49.75    2037   1.312   0.574   3.008      0.000000      4.895     4.895
     9.75    49.75    2038   1.306   0.585   3.010      0.000000      4.902     4.902
     9.75    49.75    2039   1.316   0.583   3.009      0.000000      4.908     4.908
     9.75    49.75    2040   1.245   0.596   3.011      0.000000      4.852     4.852
     9.75    49.75    2041   1.301   0.589   3.012      0.000000      4.902     4.902
     9.75    49.75    2042   1.271   0.582   3.014      0.000000      4.867     4.867
     9.75    49.75    2043   1.316   0.575   3.014      0.000000      4.905     4.905
     9.75    49.75    2044   1.295   0.577   3.016      0.000000      4.888     4.888
     9.75    49.75    2045   1.248   0.575   3.014      0.000000      4.837     4.837
     9.75    49.75    2046   1.290   0.577   3.016      0.000000      4.883     4.883
     9.75    49.75    2047   1.287   0.573   3.017      0.000000      4.877     4.877
     9.75    49.75    2048   1.235   0.576   3.016      0.000000      4.828     4.828
     9.75    49.75    2049   1.323   0.571   3.019      0.000000      4.912     4.912
     9.75    49.75    2050   1.266   0.580   3.021      0.000000      4.867     4.867
     9.75    49.75    2051   1.253   0.579   3.020      0.000000      4.853     4.853
     9.75    49.75    2052   1.211   0.569   3.018      0.000000      4.798     4.798
     9.75    49.75    2053   1.258   0.557   3.018      0.000000      4.834     4.834
     9.75    49.75    2054   1.265   0.551   3.018      0.000000      4.834     4.834
     9.75    49.75    2055   1.334   0.544   3.016      0.000000      4.893     4.893
     9.75    49.75    2056   1.367   0.553   3.017      0.000000      4.937     4.937
     9.75    49.75    2057   1.277   0.581   3.017      0.000000      4.875     4.875
     9.75    49.75    2058   1.241   0.577   3.015      0.000000      4.833     4.833
     9.75    49.75    2059   1.262   0.573   3.015      0.000000      4.850     4.850
     9.75    49.75    2060   1.287   0.569   3.015      0.000000      4.871     4.871
     9.75    49.75    2061   1.222   0.577   3.015      0.000000      4.813     4.813
     9.75    49.75    2062   1.240   0.569   3.015      0.000000      4.823     4.823
     9.75    49.75    2063   1.278   0.566   3.017      0.000000      4.861     4.861
     9.75    49.75    2064   1.231   0.573   3.017      0.000000      4.821     4.821
     9.75    49.75    2065   1.199   0.571   3.015      0.000000      4.785     4.785
     9.75    49.75    2066   1.245   0.553   3.014      0.000000      4.812     4.812
     9.75    49.75    2067   1.198   0.550   3.011      0.000000      4.758     4.758
     9.75    49.75    2068   1.197   0.531   3.006      0.000000      4.734     4.734
     9.75    49.75    2069   1.255   0.516   3.003      0.000000      4.774     4.774
     9.75    49.75    2070   1.272   0.516   3.001      0.000000      4.789     4.789
     9.75    49.75    2071   1.283   0.526   3.001      0.000000      4.810     4.810
     9.75    49.75    2072   1.235   0.544   3.005      0.000000      4.784     4.784
     9.75    49.75    2073   1.269   0.538   3.003      0.000000      4.810     4.810
     9.75    49.75    2074   1.305   0.536   3.004      0.000000      4.845     4.845
     9.75    49.75    2075   1.284   0.533   3.003      0.000000      4.819     4.819
     9.75    49.75    2076   1.272   0.519   3.000      0.000000      4.791     4.791
     9.75    49.75    2077   1.359   0.511   3.000      0.000000      4.870     4.870
     9.75    49.75    2078   1.271   0.508   2.998      0.000000      4.777     4.777
     9.75    49.75    2079   1.212   0.495   2.993      0.000000      4.701     4.701
     9.75    49.75    2080   1.322   0.475   2.991      0.000000      4.788     4.788
     9.75    49.75    2081   1.326   0.476   2.988      0.000000      4.791     4.791
     9.75    49.75    2082   1.331   0.480   2.983      0.000000      4.794     4.794
     9.75    49.75    2083   1.368   0.473   2.979      0.000000      4.820     4.820
     9.75    49.75    2084   1.363   0.473   2.975      0.000000      4.811     4.811
     9.75    49.75    2085   1.365   0.473   2.971      0.000000      4.809     4.809
     9.75    49.75    2086   1.391   0.466   2.967      0.000000      4.824     4.824
     9.75    49.75    2087   1.388   0.464   2.963      0.000000      4.814     4.814
     9.75    49.75    2088   1.431   0.462   2.961      0.000000      4.854     4.854
     9.75    49.75    2089   1.443   0.463   2.957      0.000000      4.863     4.863
     9.75    49.75    2090   1.273   0.495   2.957      0.000000      4.725     4.725
     9.75    49.75    2091   1.292   0.481   2.955      0.000000      4.727     4.727
     9.75    49.75    2092   1.362   0.463   2.954      0.000000      4.779     4.779
     9.75    49.75    2093   1.396   0.458   2.949      0.000000      4.804     4.804
     9.75    49.75    2094   1.408   0.463   2.948      0.000000      4.819     4.819
     9.75    49.75    2095   1.346   0.472   2.945      0.000000      4.764     4.764
     9.75    49.75    2096   1.331   0.471   2.942      0.000000      4.744     4.744
     9.75    49.75    2097   1.339   0.462   2.939      0.000000      4.740     4.740
     9.75    49.75    2098   1.326   0.467   2.937      0.000000      4.731     4.731
     9.75    49.75    2099   1.353   0.460   2.935      0.000000      4.748     4.748
     9.75    49.75    2100   1.349   0.461   2.935      0.000000      4.744     4.744
     9.75    49.75    2101   1.403   0.456   2.934      0.000000      4.792     4.792
     9.75    49.75    2102   1.379   0.470   2.936      0.000000      4.785     4.785
     9.75    49.75    2103   1.333   0.491   2.936      0.000000      4.760     4.760
     9.75    49.75    2104   1.345   0.496   2.937      0.000000      4.778     4.778
     9.75    49.75    2105   1.304   0.502   2.936      0.000000      4.742     4.742
     9.75    49.75    2106   1.309   0.489   2.932      0.000000      4.730     4.730
     9.75    49.75    2107   1.364   0.487   2.934      0.000000      4.785     4.785
     9.75    49.75    2108   1.258   0.488   2.932      0.000000      4.679     4.679
     9.75    49.75    2109   1.242   0.462   2.929      0.000000      4.634     4.634
     9.75    49.75    2110   1.363   0.444   2.928      0.000000      4.735     4.735
     9.75    49.75    2111   1.362   0.449   2.926      0.000000      4.737     4.737
     9.75    49.75    2112   1.357   0.454   2.923      0.000000      4.733     4.733
     9.75    49.75    2113   1.332   0.465   2.921      0.000000      4.717     4.717
     9.75    49.75    2114   1.339   0.460   2.918      0.000000      4.718     4.718
     9.75    49.75    2115   1.356   0.456   2.915      0.000000      4.727     4.727
     9.75    49.75    2116   1.332   0.464   2.913      0.000000      4.710     4.710
     9.75    49.75    2117   1.338   0.455   2.911      0.000000      4.704     4.704
     9.75    49.75    2118   1.407   0.447   2.910      0.000000      4.765     4.765
     9.75    49.75    2119   1.361   0.467   2.909      0.000000      4.737     4.737
     9.75    49.75    2120   1.218   0.488   2.911      0.000000      4.618     4.618
     9.75    49.75    2121   1.205   0.485   2.911      0.000000      4.600     4.600
     9.75    49.75    2122   1.260   0.472   2.911      0.000000      4.643     4.643
     9.75    49.75    2123   1.302   0.463   2.909      0.000000      4.674     4.674
     9.75    49.75    2124   1.322   0.469   2.909      0.000000      4.699     4.699
     9.75    49.75    2125   1.214   0.490   2.909      0.000000      4.612     4.612
     9.75    49.75    2126   1.202   0.484   2.908      0.000000      4.594     4.594
     9.75    49.75    2127   1.222   0.472   2.907      0.000000      4.601     4.601
     9.75    49.75    2128   1.249   0.468   2.907      0.000000      4.624     4.624
     9.75    49.75    2129   1.251   0.467   2.908      0.000000      4.626     4.626
     9.75    49.75    2130   1.211   0.477   2.910      0.000000      4.598     4.598
    13.75    55.75    1980   0.777   0.809   2.268      0.000000      3.853     3.853
    13.75    55.75    1981   0.794   0.820   2.307      0.000000      3.921     3.921
    13.75    55.75    1982   0.803   0.831   2.346      0.000000      3.980     3.980
    13.75    55.75    1983   0.841   0.837   2.384      0.000000      4.062     4.062
    13.75    55.75    1984   0.883   0.854   2.423      0.000000      4.160     4.160
    13.75    55.75    1985   0.905   0.876   2.463      0.000000      4.244     4.244
    13.75    55.75    1986   0.908   0.907   2.506      0.000000      4.322     4.322
    13.75    55.75    1987   0.936   0.917   2.546      0.000000      4.399     4.399
    13.75    55.75    1988   0.974   0.921   2.583      0.000000      4.477     4.477
    13.75    55.75    1989   0.974   0.943   2.623      0.000000      4.539     4.539
    13.75    55.75    1990   1.016   0.956   2.663      0.000000      4.635     4.635
    13.75    55.75    1991   1.029   0.971   2.706      0.000000      4.706     4.706
    13.75    55.75    1992   1.064   0.984   2.748      0.000000      4.796     4.796
    13.75    55.75    1993   1.122   1.005   2.792      0.000000      4.919     4.919
    13.75    55.75    1994   1.147   1.024   2.833      0.000000      5.004     5.004
    13.75    55.75    1995   1.152   1.041   2.875      0.000000      5.068     5.068
    13.75    55.75    1996   1.201   1.049   2.917      0.000000      5.167     5.167
    13.75    55.75    1997   1.233   1.063   2.959      0.000000      5.256     5.256
    13.75    55.75    1998   1.258   1.077   3.001      0.000000      5.337     5.337
    13.75    55.75    1999   1.295   1.094   3.043      0.000000      5.432     5.432
    13.75    55.75    2000   1.297   1.105   3.085      0.000000      5.487     5.487
    13.75    55.75    2001   1.373   1.123   3.130      0.000000      5.625     5.625
    13.75    55.75    2002   1.365   1.147   3.175      0.000000      5.687     5.687
    13.75    55.75    2003   1.415   1.157   3.218      0.000000      5.789     5.789
    13.75    55.75    2004   1.486   1.163   3.259      0.000000      5.908     5.908
    13.75    55.75    2005   1.474   1.181   3.300      0.000000      5.955     5.955
    13.75    55.75    2006   1.481   1.200   3.344      0.000000      6.026     6.026
    13.75    55.75    2007   1.558   1.208   3.387      0.000000      6.153     6.153
    13.75    55.75    2008   1.527   1.224   3.430      0.000000      6.181     6.181
    13.75    55.75    2009   1.622   1.219   3.467      0.000000      6.309     6.309
    13.75    55.75    2010   1.721   1.233   3.508      0.000000      6.463     6.463
    13.75    55.75    2011   1.755   1.223   3.505      0.000000      6.483     6.483
    13.75    55.75    2012   1.742   1.222   3.507      0.000000      6.471     6.471
    13.75    55.75    2013   1.818   1.207   3.509      0.000000      6.534     6.534
    13.75    55.75    2014   1.808   1.201   3.512      0.000000      6.522     6.522
    13.75    55.75    2015   1.815   1.180   3.512      0.000000      6.507     6.507
    13.75    55.75    2016   1.844   1.157   3.511      0.000000      6.511     6.511
    13.75    55.75    2017   1.907   1.143   3.514      0.000000      6.565     6.565
    13.75    55.75    2018   1.905   1.136   3.514      0.000000      6.555     6.555
    13.75    55.75    2019   1.877   1.125   3.512      0.000000      6.513     6.513
    13.75    55.75    2020   1.968   1.103   3.509      0.000000      6.581     6.581
    13.75    55.75    2021   1.967   1.117   3.516      0.000000      6.600     6.600
    13.75    55.75    2022   2.033   1.113   3.517      0.000000      6.663     6.663
    13.75    55.75    2023   2.050   1.123   3.521      0.000000      6.694     6.694
    13.75    55.75    2024   2.026   1.123   3.523      0.000000      6.671     6.671
    13.75    55.75    2025   2.101   1.109   3.521      0.000000      6.731     6.731
    13.75    55.75    2026   2.076   1.115   3.523      0.000000      6.713     6.713
    13.75    55.75    2027   2.090   1.092   3.520      0.000000      6.703     6.703
    13.75    55.75    2028   2.168   1.078   3.520      0.000000      6.766     6.766
    13.75    55.75    2029   2.137   1.084   3.522      0.000000      6.743     6.743
    13.75    55.75    2030   2.192   1.076   3.522      0.000000      6.790     6.790
    13.75    55.75    2031   2.211   1.059   3.517      0.000000      6.786     6.786
    13.75    55.75    2032   2.164   1.054   3.514      0.000000      6.733     6.733
    13.75    55.75    2033   2.230   1.046   3.512      0.000000      6.788     6.788
    13.75    55.75    2034   2.202   1.056   3.513      0.000000      6.771     6.771
    13.75    55.75    2035   2.204   1.064   3.513      0.000000      6.781     6.781
    13.75    55.75    2036   2.146   1.068   3.512      0.000000      6.726     6.726
    13.75    55.75    2037   2.204   1.054   3.508      0.000000      6.766     6.766
    13.75    55.75    2038   2.215   1.054   3.505      0.000000      6.775     6.775
    13.75    55.75    2039   2.254   1.052   3.502      0.000000      6.808     6.808
    13.75    55.75    2040   2.221   1.071   3.502      0.000000      6.795     6.795
    13.75    55.75    2041   2.178   1.073   3.501      0.000000      6.752     6.752
    13.75    55.75    2042   2.237   1.062   3.502      0.000000      6.801     6.801
    13.75    55.75    2043   2.175   1.056   3.502      0.000000      6.733     6.733
    13.75    55.75    2044   2.274   1.037   3.499      0.000000      6.809     6.809
    13.75    55.75    2045   2.197   1.044   3.498      0.000000      6.739     6.739
    13.75    55.75    2046   2.242   1.045   3.496      0.000000      6.784     6.784
    13.75    55.75    2047   2.184   1.055   3.498      0.000000      6.737     6.737
    13.75    55.75    2048   2.194   1.051   3.496      0.000000      6.740     6.740
    13.75    55.75    2049   2.254   1.041   3.493      0.000000      6.789     6.789
    13.75    55.75    2050   2.247   1.053   3.495      0.000000      6.795     6.795
    13.75    55.75    2051   2.273   1.056   3.495      0.000000      6.824     6.824
    13.75    55.75    2052   2.213   1.086   3.499      0.000000      6.797     6.797
    13.75    55.75    2053   2.235   1.079   3.501      0.000000      6.815     6.815
    13.75    55.75    2054   2.265   1.079   3.502      0.000000      6.846     6.846
    13.75    55.75    2055   2.215   1.068   3.498      0.000000      6.781     6.781
    13.75    55.75    2056   2.224   1.066   3.496      0.000000      6.787     6.787
    13.75    55.75    2057   2.145   1.060   3.493      0.000000      6.698     6.698
    13.75    55.75    2058   2.239   1.036   3.488      0.000000      6.763     6.763
    13.75    55.75    2059   2.281   1.041   3.486      0.000000      6.808     6.808
    13.75    55.75    2060   2.149   1.077   3.488      0.000000      6.714     6.714
    13.75    55.75    2061   2.124   1.081   3.488      0.000000      6.694     6.694
    13.75    55.75    2062   2.110   1.068   3.487      0.000000      6.664     6.664
    13.75    55.75    2063   2.132   1.045   3.482      0.000000      6.659     6.659
    13.75    55.75    2064   2.179   1.047   3.482      0.000000      6.708     6.708
    13.75    55.75    2065   2.140   1.059   3.483      0.000000      6.682     6.682
    13.75    55.75    2066   2.070   1.074   3.485      0.000000      6.629     6.629
    13.75    55.75    2067   2.117   1.055   3.483      0.000000      6.655     6.655
    13.75    55.75    2068   2.042   1.051   3.481      0.000000      6.574     6.574
    13.75    55.75    2069   2.147   1.033   3.477      0.000000      6.657     6.657
    13.75    55.75    2070   2.111   1.047   3.476      0.000000      6.635     6.635
    13.75    55.75    2071   2.074   1.058   3.476      0.000000      6.608     6.608
    13.75    55.75    2072   1.989   1.102   3.482      0.000000      6.573     6.573
    13.75    55.75    2073   1.870   1.110   3.482      0.000000      6.462     6.462
    13.75    55.75    2074   1.947   1.099   3.484      0.000000      6.529     6.529
    13.75    55.75    2075   1.973   1.091   3.485      0.000000      6.549     6.549
    13.75    55.75    2076   1.992   1.071   3.482      0.000000      6.545     6.545
    13.75    55.75    2077   2.007   1.067   3.485      0.000000      6.560     6.560
    13.75    55.75    2078   2.057   1.070   3.486      0.000000      6.614     6.614
    13.75    55.75    2079   2.049   1.076   3.487      0.000000      6.612     6.612
    13.75    55.75    2080   1.928   1.093   3.486      0.000000      6.507     6.507
    13.75    55.75    2081   1.910   1.081   3.487      0.000000      6.477     6.477
    13.75    55.75    2082   2.044   1.052   3.484      0.000000      6.580     6.580
    13.75    55.75    2083   2.000   1.067   3.488      0.000000      6.555     6.555
    13.75    55.75    2084   1.959   1.079   3.487      0.000000      6.524     6.524
    13.75    55.75    2085   1.913   1.084   3.487      0.000000      6.484     6.484
    13.75    55.75    2086   1.905   1.092   3.489      0.000000      6.486     6.486
    13.75    55.75    2087   1.931   1.081   3.490      0.000000      6.501     6.501
    13.75    55.75    2088   1.854   1.094   3.490      0.000000      6.438     6.438
    13.75    55.75    2089   1.777   1.079   3.488      0.000000      6.344     6.344
    13.75    55.75    2090   1.883   1.047   3.489      0.000000      6.420     6.420
    13.75    55.75    2091   1.941   1.047   3.492      0.000000      6.479     6.479
    13.75    55.75    2092   1.913   1.067   3.498      0.000000      6.477     6.477
    13.75    55.75    2093   1.902   1.050   3.497      0.000000      6.449     6.449
    13.75    55.75    2094   1.929   1.038   3.496      0.000000      6.462     6.462
    13.75    55.75    2095   1.992   1.023   3.492      0.000000      6.506     6.506
    13.75    55.75    2096   1.809   1.058   3.494      0.000000      6.362     6.362
    13.75    55.75    2097   1.866   1.039   3.495      0.000000      6.400     6.400
    13.75    55.75    2098   1.847   1.025   3.497      0.000000      6.369     6.369
    13.75    55.75    2099   1.907   1.013   3.495      0.000000      6.415     6.415
    13.75    55.75    2100   1.950   1.010   3.496      0.000000      6.456     6.456
    13.75    55.75    2101   1.993   1.005   3.495      0.000000      6.492     6.492
    13.75    55.75    2102   1.934   1.040   3.500      0.000000      6.474     6.474
    13.75    55.75    2103   1.885   1.015   3.498      0.000000      6.398     6.398
    13.75    55.75    2104   2.011   0.987   3.498      0.000000      6.496     6.496
    13.75    55.75    2105   2.047   0.987   3.496      0.000000      6.530     6.530
    13.75    55.75    2106   2.062   0.965   3.492      0.000000      6.519     6.519
    13.75    55.75    2107   2.087   0.959   3.493      0.000000      6.539     6.539
    13.75    55.75    2108   2.190   0.945   3.492      0.000000      6.627     6.627
    13.75    55.75    2109   2.148   0.962   3.491      0.000000      6.601     6.601
    13.75    55.75    2110   2.118   0.958   3.486      0.000000      6.561     6.561
    13.75    55.75    2111   2.109   0.947   3.484      0.000000      6.539     6.539
    13.75    55.75    2112   2.185   0.940   3.479      0.000000      6.604     6.604
    13.75    55.75    2113   2.158   0.959   3.481      0.000000      6.599     6.599
    13.75    55.75    2114   2.116   0.968   3.480      0.000000      6.565     6.565
    13.75    55.75    2115   2.146   0.959   3.475      0.000000      6.581     6.581
    13.75    55.75    2116   2.170   0.960   3.477      0.000000      6.607     6.607
    13.75    55.75    2117   2.151   0.966   3.476      0.000000      6.594     6.594
    13.75    55.75    2118   2.185   0.949   3.474      0.000000      6.608     6.608
    13.75    55.75    2119   2.174   0.921   3.470      0.000000      6.564     6.564
    13.75    55.75    2120   2.273   0.905   3.470      0.000000      6.648     6.648
    13.75    55.75    2121   2.302   0.918   3.473      0.000000      6.693     6.693
    13.75    55.75    2122   2.234   0.950   3.478      0.000000      6.663     6.663
    13.75    55.75    2123   2.181   0.949   3.476      0.000000      6.605     6.605
    13.75    55.75    2124   2.181   0.944   3.473      0.000000      6.598     6.598
    13.75    55.75    2125   2.244   0.929   3.469      0.000000      6.641     6.641
    13.75    55.75    2126   2.120   0.951   3.468      0.000000      6.540     6.540
    13.75    55.75    2127   2.137   0.946   3.469      0.000000      6.552     6.552
    13.75    55.75    2128   2.111   0.942   3.472      0.000000      6.525     6.525
    13.75    55.75    2129   2.198   0.926   3.469      0.000000      6.593     6.593
    13.75    55.75    2130   2.195   0.944   3.469      0.000000      6.608     6.608
    23.75    61.75    1980   2.065   2.695   9.778      0.000000     14.538    14.538
    23.75    61.75    1981   2.127   2.736   9.908      0.000000     14.771    14.771
    23.75    61.75    1982   2.166   2.783  10.041      0.000000     14.989    14.989
    23.75    61.75    1983   2.256   2.846  10.177      0.000000     15.278    15.278
    23.75    61.75    1984   2.252   2.842  10.301      0.000000     15.394    15.394
    23.75    61.75    1985   2.313   2.858  10.425      0.000000     15.596    15.596
    23.75    61.75    1986   2.358   2.919  10.558      0.000000     15.835    15.835
    23.75    61.75    1987   2.436   2.920  10.683      0.000000     16.039    16.039
    23.75    61.75    1988   2.508   2.935  10.804      0.000000     16.248    16.248
    23.75    61.75    1989   2.570   2.994  10.936      0.000000     16.500    16.500
    23.75    61.75    1990   2.604   3.015  11.065      0.000000     16.685    16.685
    23.75    61.75    1991   2.650   3.063  11.185      0.000000     16.898    16.898
    23.75    61.75    1992   2.740   3.077  11.300      0.000000     17.117    17.117
    23.75    61.75    1993   2.822   3.116  11.419      0.000000     17.357    17.357
    23.75    61.75    1994   2.867   3.118  11.531      0.000000     17.517    17.517
    23.75    61.75    1995   2.932   3.125  11.643      0.000000     17.700    17.700
    23.75    61.75    1996   2.944   3.170  11.759      0.000000     17.872    17.872
    23.75    61.75    1997   2.979   3.168  11.869      0.000000     18.016    18.016
    23.75    61.75    1998   3.069   3.177  11.980      0.000000     18.225    18.225
    23.75    61.75    1999   3.184   3.182  12.086      0.000000     18.452    18.452
    23.75    61.75    2000   3.233   3.219  12.198      0.000000     18.650    18.650
    23.75    61.75    2001   3.271   3.275  12.317      0.000000     18.864    18.864
    23.75    61.75    2002   3.380   3.295  12.434      0.000000     19.108    19.108
    23.75    61.75    2003   3.392   3.339  12.551      0.000000     19.282    19.282
    23.75    61.75    2004   3.503   3.306  12.654      0.000000     19.463    19.463
    23.75    61.75    2005   3.584   3.299  12.755      0.000000     19.638    19.638
    23.75    61.75    2006   3.568   3.371  12.872      0.000000     19.811    19.811
    23.75    61.75    2007   3.648   3.356  12.977      0.000000     19.981    19.981
    23.75    61.75    2008   3.731   3.395  13.092      0.000000     20.219    20.219
    23.75    61.75    2009   3.773   3.427  13.206      0.000000     20.406    20.406
    23.75    61.75    2010   3.886   3.430  13.311      0.000000     20.627    20.627
    23.75    61.75    2011   3.566   3.537  13.307      0.000000     20.410    20.410
    23.75    61.75    2012   3.523   3.519  13.295      0.000000     20.337    20.337
    23.75    61.75    2013   3.505   3.519  13.286      0.000000     20.310    20.310
    23.75    61.75    2014   3.576   3.501  13.278      0.000000     20.354    20.354
    23.75    61.75    2015   3.421   3.540  13.273      0.000000     20.234    20.234
    23.75    61.75    2016   3.384   3.535  13.269      0.000000     20.188    20.188
    23.75    61.75    2017   3.401   3.517  13.262      0.000000     20.180    20.180
    23.75    61.75    2018   3.426   3.471  13.246      0.000000     20.143    20.143
    23.75    61.75    2019   3.407   3.493  13.243      0.000000     20.144    20.144
    23.75    61.75    2020   3.438   3.445  13.233      0.000000     20.116    20.116
    23.75    61.75    2021   3.486   3.439  13.228      0.000000     20.153    20.153
    23.75    61.75    2022   3.491   3.412  13.216      0.000000     20.118    20.118
    23.75    61.75    2023   3.517   3.405  13.210      0.000000     20.132    20.132
    23.75    61.75    2024   3.442   3.426  13.209      0.000000     20.077    20.077
    23.75    61.75    2025   3.410   3.448  13.209      0.000000     20.068    20.068
    23.75    61.75    2026   3.325   3.493  13.214      0.000000     20.032    20.032
    23.75    61.75    2027   3.335   3.417  13.199      0.000000     19.951    19.951
    23.75    61.75    2028   3.420   3.387  13.192      0.000000     19.999    19.999
    23.75    61.75    2029   3.528   3.336  13.183      0.000000     20.047    20.047
    23.75    61.75    2030   3.552   3.368  13.186      0.000000     20.106    20.106
    23.75    61.75    2031   3.596   3.309  13.172      0.000000     20.077    20.077
    23.75    61.75    2032   3.729   3.249  13.153      0.000000     20.131    20.131
    23.75    61.75    2033   3.675   3.239  13.136      0.000000     20.050    20.050
    23.75    61.75    2034   3.545   3.290  13.135      0.000000     19.970    19.970
    23.75    61.75    2035   3.508   3.269  13.125      0.000000     19.902    19.902
    23.75    61.75    2036   3.469   3.302  13.128      0.000000     19.899    19.899
    23.75    61.75    2037   3.538   3.261  13.122      0.000000     19.921    19.921
    23.75    61.75    2038   3.586   3.241  13.120      0.000000     19.947    19.947
    23.75    61.75    2039   3.676   3.202  13.110      0.000000     19.988    19.988
    23.75    61.75    2040   3.723   3.188  13.101      0.000000     20.011    20.011
    23.75    61.75    2041   3.692   3.169  13.092      0.000000     19.954    19.954
    23.75    61.75    2042   3.620   3.160  13.083      0.000000     19.864    19.864
    23.75    61.75    2043   3.466   3.205  13.081      0.000000     19.752    19.752
    23.75    61.75    2044   3.423   3.158  13.064      0.000000     19.645    19.645
    23.75    61.75    2045   3.495   3.102  13.045      0.000000     19.642    19.642
    23.75    61.75    2046   3.520   3.060  13.026      0.000000     19.606    19.606
    23.75    61.75    2047   3.655   3.055  13.023      0.000000     19.734    19.734
    23.75    61.75    2048   3.690   3.040  13.016      0.000000     19.746    19.746
    23.75    61.75    2049   3.620   3.064  13.008      0.000000     19.692    19.692
    23.75    61.75    2050   3.599   3.073  13.005      0.000000     19.677    19.677
    23.75    61.75    2051   3.563   3.068  12.999      0.000000     19.630    19.630
    23.75    61.75    2052   3.588   3.056  12.992      0.000000     19.635    19.635
    23.75    61.75    2053   3.451   3.128  12.994      0.000000     19.573    19.573
    23.75    61.75    2054   3.465   3.114  12.994      0.000000     19.573    19.573
    23.75    61.75    2055   3.489   3.058  12.976      0.000000     19.522    19.522
    23.75    61.75    2056   3.605   2.988  12.957      0.000000     19.550    19.550
    23.75    61.75    2057   3.706   2.977  12.952      0.000000     19.635    19.635
    23.75    61.75    2058   3.751   2.994  12.953      0.000000     19.697    19.697
    23.75    61.75    2059   3.716   2.949  12.933      0.000000     19.598    19.598
    23.75    61.75    2060   3.539   2.973  12.925      0.000000     19.437    19.437
    23.75    61.75    2061   3.473   3.006  12.924      0.000000     19.403    19.403
    23.75    61.75    2062   3.565   2.987  12.924      0.000000     19.476    19.476
    23.75    61.75    2063   3.615   3.002  12.928      0.000000     19.545    19.545
    23.75    61.75    2064   3.600   2.995  12.928      0.000000     19.524    19.524
    23.75    61.75    2065   3.576   2.986  12.925      0.000000     19.487    19.487
    23.75    61.75    2066   3.592   2.991  12.926      0.000000     19.509    19.509
    23.75    61.75    2067   3.428   3.004  12.916      0.000000     19.348    19.348
    23.75    61.75    2068   3.386   3.032  12.918      0.000000     19.336    19.336
    23.75    61.75    2069   3.298   2.987  12.896      0.000000     19.182    19.182
    23.75    61.75    2070   3.277   3.006  12.897      0.000000     19.180    19.180
    23.75    61.75    2071   3.336   2.988  12.898      0.000000     19.222    19.222
    23.75    61.75    2072   3.323   2.968  12.897      0.000000     19.188    19.188
    23.75    61.75    2073   3.375   2.917  12.886      0.000000     19.177    19.177
    23.75    61.75    2074   3.464   2.875  12.876      0.000000     19.214    19.214
    23.75    61.75    2075   3.471   2.877  12.871      0.000000     19.219    19.219
    23.75    61.75    2076   3.507   2.838  12.855      0.000000     19.199    19.199
    23.75    61.75    2077   3.554   2.829  12.851      0.000000     19.234    19.234
    23.75    61.75    2078   3.446   2.841  12.847      0.000000     19.135    19.135
    23.75    61.75    2079   3.509   2.800  12.831      0.000000     19.140    19.140
    23.75    61.75    2080   3.582   2.761  12.818      0.000000     19.160    19.160
    23.75    61.75    2081   3.552   2.802  12.819      0.000000     19.172    19.172
    23.75    61.75    2082   3.560   2.792  12.809      0.000000     19.162    19.162
    23.75    61.75    2083   3.492   2.785  12.800      0.000000     19.076    19.076
    23.75    61.75    2084   3.463   2.793  12.798      0.000000     19.054    19.054
    23.75    61.75    2085   3.522   2.775  12.794      0.000000     19.090    19.090
    23.75    61.75    2086   3.593   2.734  12.784      0.000000     19.111    19.111
    23.75    61.75    2087   3.642   2.675  12.764      0.000000     19.081    19.081
    23.75    61.75    2088   3.662   2.658  12.748      0.000000     19.069    19.069
    23.75    61.75    2089   3.724   2.648  12.743      0.000000     19.115    19.115
    23.75    61.75    2090   3.882   2.615  12.735      0.000000     19.231    19.231
    23.75    61.75    2091   3.833   2.645  12.732      0.000000     19.210    19.210
    23.75    61.75    2092   3.682   2.685  12.728      0.000000     19.095    19.095
    23.75    61.75    2093   3.577   2.684  12.720      0.000000     18.981    18.981
    23.75    61.75    2094   3.647   2.668  12.714      0.000000     19.028    19.028
    23.75    61.75    2095   3.526   2.711  12.717      0.000000     18.953    18.953
    23.75    61.75    2096   3.542   2.665  12.702      0.000000     18.909    18.909
    23.75    61.75    2097   3.440   2.663  12.693      0.000000     18.796    18.796
    23.75    61.75    2098   3.479   2.679  12.699      0.000000     18.857    18.857
    23.75    61.75    2099   3.567   2.617  12.684      0.000000     18.868    18.868
    23.75    61.75    2100   3.622   2.559  12.664      0.000000     18.846    18.846
    23.75    61.75    2101   3.555   2.591  12.664      0.000000     18.811    18.811
    23.75    61.75    2102   3.571   2.560  12.657      0.000000     18.789    18.789
    23.75    61.75    2103   3.618   2.512  12.644      0.000000     18.774    18.774
    23.75    61.75    2104   3.519   2.530  12.635      0.000000     18.685    18.685
    23.75    61.75    2105   3.563   2.512  12.626      0.000000     18.701    18.701
    23.75    61.75    2106   3.559   2.492  12.611      0.000000     18.661    18.661
    23.75    61.75    2107   3.547   2.493  12.602      0.000000     18.642    18.642
    23.75    61.75    2108   3.605   2.467  12.593      0.000000     18.666    18.666
    23.75    61.75    2109   3.692   2.428  12.577      0.000000     18.698    18.698
    23.75    61.75    2110   3.616   2.435  12.565      0.000000     18.616    18.616
    23.75    61.75    2111   3.751   2.432  12.563      0.000000     18.746    18.746
    23.75    61.75    2112   3.736   2.439  12.555      0.000000     18.730    18.730
    23.75    61.75    2113   3.515   2.478  12.549      0.000000     18.541    18.541
    23.75    61.75    2114   3.569   2.469  12.549      0.000000     18.587    18.587
    23.75    61.75    2115   3.632   2.446  12.545      0.000000     18.622    18.622
    23.75    61.75    2116   3.622   2.429  12.535      0.000000     18.585    18.585
    23.75    61.75    2117   3.623   2.401  12.517      0.000000     18.541    18.541
    23.75    61.75    2118   3.592   2.384  12.501      0.000000     18.478    18.478
    23.75    61.75    2119   3.633   2.384  12.498      0.000000     18.515    18.515
    23.75    61.75    2120   3.753   2.369  12.491      0.000000     18.613    18.613
    23.75    61.75    2121   3.686   2.408  12.493      0.000000     18.587    18.587
    23.75    61.75    2122   3.630   2.425  12.491      0.000000     18.545    18.545
    23.75    61.75    2123   3.584   2.421  12.487      0.000000     18.492    18.492
    23.75    61.75    2124   3.687   2.389  12.484      0.000000     18.561    18.561
    23.75    61.75    2125   3.710   2.406  12.487      0.000000     18.604    18.604
    23.75    61.75    2126   3.690   2.387  12.479      0.000000     18.556    18.556
    23.75    61.75    2127   3.722   2.361  12.476      0.000000     18.558    18.558
    23.75    61.75    2128   3.788   2.373  12.483      0.000000     18.645    18.645
    23.75    61.75    2129   3.853   2.330  12.473      0.000000     18.657    18.657
    23.75    61.75    2130   3.813   2.316  12.460      0.000000     18.589    18.589
    21.75    37.75    1980   0.350   0.160   1.375      0.000000      1.885     1.885
    21.75    37.75    1981   0.324   0.159   1.383      0.000000      1.865     1.865
    21.75    37.75    1982   0.330   0.150   1.390      0.000000      1.870     1.870
    21.75    37.75    1983   0.376   0.147   1.396      0.000000      1.919     1.919
    21.75    37.75    1984   0.361   0.161   1.400      0.000000      1.922     1.922
    21.75    37.75    1985   0.353   0.153   1.408      0.000000      1.914     1.914
    21.75    37.75    1986   0.420   0.145   1.415      0.000000      1.981     1.981
    21.75    37.75    1987   0.405   0.168   1.422      0.000000      1.995     1.995
    21.75    37.75    1988   0.411   0.162   1.432      0.000000      2.005     2.005
    21.75    37.75    1989   0.394   0.165   1.439      0.000000      1.999     1.999
    21.75    37.75    1990   0.426   0.152   1.449      0.000000      2.026     2.026
    21.75    37.75    1991   0.377   0.160   1.455      0.000000      1.991     1.991
    21.75    37.75    1992   0.402   0.146   1.463      0.000000      2.011     2.011
    21.75    37.75    1993   0.444   0.149   1.469      0.000000      2.062     2.062
    21.75    37.75    1994   0.464   0.159   1.473      0.000000      2.096     2.096
    21.75    37.75    1995   0.473   0.170   1.482      0.000000      2.125     2.125
    21.75    37.75    1996   0.456   0.167   1.491      0.000000      2.113     2.113
    21.75    37.75    1997   0.470   0.161   1.500      0.000000      2.131     2.131
    21.75    37.75    1998   0.475   0.162   1.509      0.000000      2.147     2.147
    21.75    37.75    1999   0.467   0.161   1.515      0.000000      2.144     2.144
    21.75    37.75    2000   0.498   0.155   1.522      0.000000      2.175     2.175
    21.75    37.75    2001   0.489   0.169   1.537      0.000000      2.195     2.195
    21.75    37.75    2002   0.503   0.163   1.556      0.000000      2.222     2.222
    21.75    37.75    2003   0.505   0.176   1.571      0.000000      2.252     2.252
    21.75    37.75    2004   0.498   0.175   1.588      0.000000      2.261     2.261
    21.75    37.75    2005   0.535   0.179   1.605      0.000000      2.319     2.319
    21.75    37.75    2006   0.516   0.196   1.622      0.000000      2.334     2.334
    21.75    37.75    2007   0.554   0.187   1.643      0.000000      2.383     2.383
    21.75    37.75    2008   0.551   0.199   1.660      0.000000      2.410     2.410
    21.75    37.75    2009   0.580   0.201   1.680      0.000000      2.461     2.461
    21.75    37.75    2010   0.540   0.212   1.699      0.000000      2.451     2.451
    21.75    37.75    2011   0.582   0.185   1.702      0.000000      2.468     2.468
    21.75    37.75    2012   0.560   0.194   1.700      0.000000      2.454     2.454
    21.75    37.75    2013   0.544   0.182   1.700      0.000000      2.426     2.426
    21.75    37.75    2014   0.597   0.172   1.699      0.000000      2.468     2.468
    21.75    37.75    2015   0.601   0.188   1.695      0.000000      2.484     2.484
    21.75    37.75    2016   0.581   0.191   1.697      0.000000      2.468     2.468
    21.75    37.75    2017   0.591   0.177   1.698      0.000000      2.466     2.466
    21.75    37.75    2018   0.647   0.176   1.697      0.000000      2.521     2.521
    21.75    37.75    2019   0.586   0.195   1.696      0.000000      2.477     2.477
    21.75    37.75    2020   0.615   0.173   1.700      0.000000      2.488     2.488
    21.75    37.75    2021   0.669   0.186   1.699      0.000000      2.553     2.553
    21.75    37.75    2022   0.639   0.201   1.700      0.000000      2.540     2.540
    21.75    37.75    2023   0.595   0.192   1.703      0.000000      2.490     2.490
    21.75    37.75    2024   0.609   0.176   1.704      0.000000      2.490     2.490
    21.75    37.75    2025   0.598   0.176   1.700      0.000000      2.475     2.475
    21.75    37.75    2026   0.615   0.175   1.700      0.000000      2.491     2.491
    21.75    37.75    2027   0.657   0.175   1.699      0.000000      2.531     2.531
    21.75    37.75    2028   0.614   0.186   1.698      0.000000      2.498     2.498
    21.75    37.75    2029   0.666   0.163   1.700      0.000000      2.529     2.529
    21.75    37.75    2030   0.678   0.175   1.696      0.000000      2.550     2.550
    21.75    37.75    2031   0.511   0.278   1.694      0.000000      2.484     2.484
    21.75    37.75    2032   0.561   0.241   1.696      0.000000      2.497     2.497
    21.75    37.75    2033   0.558   0.254   1.691      0.000000      2.502     2.502
    21.75    37.75    2034   0.613   0.236   1.692      0.000000      2.540     2.540
    21.75    37.75    2035   0.574   0.258   1.691      0.000000      2.523     2.523
    21.75    37.75    2036   0.601   0.222   1.697      0.000000      2.520     2.520
    21.75    37.75    2037   0.614   0.228   1.698      0.000000      2.540     2.540
    21.75    37.75    2038   0.651   0.230   1.701      0.000000      2.581     2.581
    21.75    37.75    2039   0.625   0.239   1.703      0.000000      2.567     2.567
    21.75    37.75    2040   0.615   0.214   1.709      0.000000      2.537     2.537
    21.75    37.75    2041   0.682   0.207   1.710      0.000000      2.599     2.599
    21.75    37.75    2042   0.632   0.233   1.709      0.000000      2.574     2.574
    21.75    37.75    2043   0.694   0.209   1.714      0.000000      2.617     2.617
    21.75    37.75    2044   0.642   0.234   1.711      0.000000      2.587     2.587
    21.75    37.75    2045   0.622   0.207   1.714      0.000000      2.543     2.543
    21.75    37.75    2046   0.626   0.199   1.711      0.000000      2.537     2.537
    21.75    37.75    2047   0.658   0.199   1.709      0.000000      2.566     2.566
    21.75    37.75    2048   0.669   0.204   1.707      0.000000      2.579     2.579
    21.75    37.75    2049   0.690   0.208   1.709      0.000000      2.607     2.607
    21.75    37.75    2050   0.648   0.209   1.710      0.000000      2.567     2.567
    21.75    37.75    2051   0.656   0.184   1.710      0.000000      2.550     2.550
    21.75    37.75    2052   0.655   0.183   1.704      0.000000      2.542     2.542
    21.75    37.75    2053   0.710   0.174   1.701      0.000000      2.585     2.585
    21.75    37.75    2054   0.712   0.191   1.697      0.000000      2.600     2.600
    21.75    37.75    2055   0.748   0.194   1.696      0.000000      2.638     2.638
    21.75    37.75    2056   0.698   0.199   1.696      0.000000      2.593     2.593
    21.75    37.75    2057   0.160   0.664   1.695      0.000000      2.519     2.519
    21.75    37.75    2058   0.170   0.584   1.704      0.000000      2.458     2.458
    21.75    37.75    2059   0.239   0.547   1.702      0.000000      2.488     2.488
    21.75    37.75    2060   0.233   0.541   1.704      0.000000      2.477     2.477
    21.75    37.75    2061   0.240   0.487   1.711      0.000000      2.438     2.438
    21.75    37.75    2062   0.288   0.456   1.713      0.000000      2.457     2.457
    21.75    37.75    2063   0.295   0.451   1.714      0.000000      2.460     2.460
    21.75    37.75    2064   0.327   0.415   1.720      0.000000      2.462     2.462
    21.75    37.75    2065   0.318   0.395   1.722      0.000000      2.435     2.435
    21.75    37.75    2066   0.351   0.363   1.722      0.000000      2.436     2.436
    21.75    37.75    2067   0.351   0.356   1.719      0.000000      2.425     2.425
    21.75    37.75    2068   0.403   0.338   1.719      0.000000      2.460     2.460
    21.75    37.75    2069   0.370   0.332   1.719      0.000000      2.421     2.421
    21.75    37.75    2070   0.397   0.305   1.718      0.000000      2.421     2.421
    21.75    37.75    2071   0.401   0.293   1.715      0.000000      2.409     2.409
    21.75    37.75    2072   0.444   0.279   1.713      0.000000      2.437     2.437
    21.75    37.75    2073   0.426   0.281   1.711      0.000000      2.418     2.418
    21.75    37.75    2074   0.420   0.258   1.710      0.000000      2.388     2.388
    21.75    37.75    2075   0.398   0.246   1.705      0.000000      2.349     2.349
    21.75    37.75    2076   0.429   0.230   1.701      0.000000      2.360     2.360
    21.75    37.75    2077   0.400   0.227   1.696      0.000000      2.323     2.323
    21.75    37.75    2078   0.379   0.213   1.690      0.000000      2.282     2.282
    21.75    37.75    2079   0.426   0.196   1.684      0.000000      2.306     2.306
    21.75    37.75    2080   0.470   0.205   1.677      0.000000      2.352     2.352
    21.75    37.75    2081   0.522   0.213   1.677      0.000000      2.412     2.412
    21.75    37.75    2082   0.476   0.225   1.676      0.000000      2.377     2.377
    21.75    37.75    2083   0.467   0.202   1.678      0.000000      2.347     2.347
    21.75    37.75    2084   0.510   0.194   1.676      0.000000      2.380     2.380
    21.75    37.75    2085   0.540   0.198   1.675      0.000000      2.413     2.413
    21.75    37.75    2086   0.558   0.195   1.674      0.000000      2.428     2.428
    21.75    37.75    2087   0.527   0.194   1.673      0.000000      2.393     2.393
    21.75    37.75    2088   0.093   0.537   1.671      0.000000      2.302     2.302
    21.75    37.75    2089   0.135   0.433   1.685      0.000000      2.252     2.252
    21.75    37.75    2090   0.174   0.410   1.679      0.000000      2.263     2.263
    21.75    37.75    2091   0.224   0.393   1.682      0.000000      2.299     2.299
    21.75    37.75    2092   0.194   0.396   1.687      0.000000      2.277     2.277
    21.75    37.75    2093   0.209   0.347   1.700      0.000000      2.256     2.256
    21.75    37.75    2094   0.220   0.325   1.702      0.000000      2.246     2.246
    21.75    37.75    2095   0.316   0.281   1.704      0.000000      2.301     2.301
    21.75    37.75    2096   0.259   0.297   1.698      0.000000      2.254     2.254
    21.75    37.75    2097   0.288   0.254   1.702      0.000000      2.243     2.243
    21.75    37.75    2098   0.253   0.247   1.695      0.000000      2.196     2.196
    21.75    37.75    2099   0.303   0.221   1.692      0.000000      2.217     2.217
    21.75    37.75    2100   0.334   0.221   1.686      0.000000      2.241     2.241
    21.75    37.75    2101   0.296   0.222   1.683      0.000000      2.201     2.201
    21.75    37.75    2102   0.409   0.200   1.683      0.000000      2.291     2.291
    21.75    37.75    2103   0.351   0.225   1.680      0.000000      2.256     2.256
    21.75    37.75    2104   0.358   0.195   1.682      0.000000      2.235     2.235
    21.75    37.75    2105   0.368   0.186   1.677      0.000000      2.231     2.231
    21.75    37.75    2106   0.389   0.178   1.674      0.000000      2.240     2.240
    21.75    37.75    2107   0.380   0.171   1.670      0.000000      2.221     2.221
    21.75    37.75    2108   0.348   0.165   1.664      0.000000      2.178     2.178
    21.75    37.75    2109   0.405   0.148   1.660      0.000000      2.213     2.213
    21.75    37.75    2110   0.456   0.166   1.655      0.000000      2.277     2.277
    21.75    37.75    2111   0.498   0.185   1.657      0.000000      2.340     2.340
    21.75    37.75    2112   0.443   0.185   1.661      0.000000      2.289     2.289
    21.75    37.75    2113   0.440   0.165   1.663      0.000000      2.268     2.268
    21.75    37.75    2114   0.499   0.157   1.662      0.000000      2.317     2.317
    21.75    37.75    2115   0.532   0.166   1.661      0.000000      2.360     2.360
    21.75    37.75    2116   0.530   0.170   1.662      0.000000      2.363     2.363
    21.75    37.75    2117   0.497   0.166   1.661      0.000000      2.324     2.324
    21.75    37.75    2118   0.250   0.333   1.659      0.000000      2.242     2.242
    21.75    37.75    2119   0.291   0.264   1.667      0.000000      2.222     2.222
    21.75    37.75    2120   0.329   0.265   1.658      0.000000      2.252     2.252
    21.75    37.75    2121   0.353   0.266   1.659      0.000000      2.279     2.279
    21.75    37.75    2122   0.343   0.271   1.664      0.000000      2.278     2.278
    21.75    37.75    2123   0.351   0.248   1.672      0.000000      2.271     2.271
    21.75    37.75    2124   0.380   0.251   1.674      0.000000      2.305     2.305
    21.75    37.75    2125   0.453   0.217   1.680      0.000000      2.349     2.349
    21.75    37.75    2126   0.398   0.235   1.676      0.000000      2.309     2.309
    21.75    37.75    2127   0.409   0.211   1.679      0.000000      2.300     2.300
    21.75    37.75    2128   0.385   0.202   1.676      0.000000      2.263     2.263
    21.75    37.75    2129   0.429   0.183   1.675      0.000000      2.287     2.287
    21.75    37.75    2130   0.456   0.184   1.671      0.000000      2.312     2.312
