      Lon      Lat    Year       Jan       Feb       Mar       Apr       May       Jun       Jul       Aug       Sep       Oct       Nov       Dec
     9.75    49.75    1980     1.030     1.457     2.480     4.184    10.462    15.692    12.080    13.652     5.965     4.264     1.079     1.194
     9.75    49.75    1981     1.098     1.076     2.534     5.875     5.704     6.066     9.170    13.790     8.396     3.524     2.496     1.036
     9.75    49.75    1982     1.581     1.692     2.969     3.336     6.016    10.179    18.037    12.089     8.130     3.940     3.662     1.095
     9.75    49.75    1983     1.124     1.458     1.322     5.324     8.023    12.736    14.200     8.228     5.409     4.351     2.486     0.840
     9.75    49.75    1984     1.043     1.387     2.994     6.433    12.734    13.378     6.630     9.470     4.394     2.538     4.074     0.796
     9.75    49.75    1985     0.716     1.321     2.761     5.937     7.664    13.814    10.243    12.353     7.051     6.489     2.035     1.069
     9.75    49.75    1986     0.789     1.753     2.462     2.428     6.185     7.465    11.139     7.022     7.860     6.929     4.231     1.247
     9.75    49.75    1987     1.009     1.445     1.822     5.683    15.625    17.555     8.012    14.437     8.726     3.495     2.667     1.018
     9.75    49.75    1988     0.747     1.913     1.860     2.701    10.641     4.388    11.188     8.064     3.131     1.933     2.302     1.037
     9.75    49.75    1989     0.876     1.200     2.541     4.515    14.529    12.311    12.402    12.430     8.973     5.732     4.435     0.765
     9.75    49.75    1990     1.018     1.235     2.574     4.748     8.637    12.567    10.915     9.442     3.084     6.146     3.862     1.024
     9.75    49.75    1991     1.163     1.404     4.910     3.921    11.656    13.239     9.602     8.032     4.488     5.802     1.504     1.090
     9.75    49.75    1992     1.073     1.678     2.086     3.124     5.784    17.042     9.595    11.847     5.427     4.078     4.800     0.959
     9.75    49.75    1993     1.159     2.042     2.796     3.304     8.928    14.264     6.180    14.864    12.001     6.064     0.890     0.978
     9.75    49.75    1994     1.008     1.452     2.890     3.830     6.668     7.987     9.790    13.220     4.550     4.251     4.001     0.933
     9.75    49.75    1995     0.828     1.330     1.046     4.490    13.190     7.498    19.649    16.403     5.789     5.601     3.318     1.130
     9.75    49.75    1996     1.188     1.880     3.133     1.190     5.700    15.065    12.021    14.217     7.694     9.090     4.636     1.281
     9.75    49.75    1997     0.807     1.409     2.830     4.918    15.029    21.286     8.849    12.084     7.883     6.576     2.204     0.906
     9.75    49.75    1998     1.217     1.590     2.579     2.476    12.087    10.743    10.114     9.348    13.022     3.669     3.022     1.101
     9.75    49.75    1999     0.940     1.311     3.867     5.506     6.985    16.250     6.569     7.216     4.474     5.881     2.099     0.756
     9.75    49.75    2000     0.946     1.222     4.483     4.752    11.198    18.750    11.613    12.501     7.402     5.335     1.709     0.879
     9.75    49.75    2001     1.036     1.364     2.014     1.881    15.715     9.183    15.890    11.288     8.297     4.525     2.663     1.172
     9.75    49.75    2002     1.330     1.619     1.125     7.158    10.645     2.306     6.240    14.627    12.876     3.053     2.215     0.851
     9.75    49.75    2003     1.173     1.912     0.772     7.838    10.196    13.886    18.762    11.037     8.277     4.915     1.777     1.024
     9.75    49.75    2004     1.607     1.809     1.885     5.921    16.166    10.488     9.076    13.026    12.803     4.654     2.846     0.916
     9.75    49.75    2005     1.145     2.109     1.342     5.765    13.712     7.225    14.348    12.246     7.911     6.146     2.583     1.390
     9.75    49.75    2006     0.848     1.917     2.091     1.767     8.497     7.827    13.695     9.235    10.813     5.444     1.903     1.319
     9.75    49.75    2007     0.591     1.909     4.105     5.012    10.958     8.581    10.697    12.584     8.962     6.001     4.166     0.994
     9.75    49.75    2008     1.088     1.160     2.773     4.574     9.495     6.219    13.803    16.387     4.783     7.219     5.090     0.842
     9.75    49.75    2009     1.197     2.143     3.022     4.467     3.456    13.031    12.301    11.668     6.701     7.794     2.405     0.790
     9.75    49.75    2010     0.910     1.438     0.714     3.895     3.794     6.476     7.697    12.876    10.312     3.421     1.851     1.125
     9.75    49.75    2011     1.008     1.971     2.252     5.386     9.415    11.626     9.172     8.550     4.750     6.039     1.203     0.886
     9.75    49.75    2012     1.192     1.742     2.001     5.045    18.093    12.959    11.044    14.160    11.424     5.679     2.846     1.152
     9.75    49.75    2013     1.066     1.922     3.008     5.864     9.149    15.753    13.294    10.362     1.389     5.777     1.417     0.895
     9.75    49.75    2014     0.813     1.518     3.065     6.523    11.759    21.470    12.232     7.900    10.107     5.096     1.674     1.039
     9.75    49.75    2015     1.000     2.032     2.429     3.442     8.768     8.459    16.243    19.614     5.172     1.042     3.570     1.179
     9.75    49.75    2016     0.863     2.007     1.703     7.592    15.107    10.814    13.535    11.794    14.567     5.562     1.510     0.988
     9.75    49.75    2017     1.099     1.262     1.452     7.892     7.902     9.649     9.305     2.843     1.950     7.678     3.467     0.898
     9.75    49.75    2018     0.874     1.734     2.110     4.732    12.862     9.500     7.421     7.423     5.806     7.389     2.703     0.911
     9.75    49.75    2019     1.100     2.287     2.856     5.443     9.372    13.883     4.695    10.259     2.869     5.907     1.954     0.941
     9.75    49.75    2020     0.962     1.739     2.775     5.424     8.075     6.618     9.112    14.529     4.391     4.420     3.251     1.128
     9.75    49.75    2021     0.966     0.691     2.643     3.227    11.348    14.769     7.896     8.720     5.975     3.730     1.580     0.902
     9.75    49.75    2022     1.035     0.889     3.562     6.018     8.142    14.057     7.455    11.068     3.985     1.546     1.548     0.955
     9.75    49.75    2023     1.066     1.373     2.869     5.183    10.906     4.450     4.363     9.937     2.261     4.036     3.141     1.185
     9.75    49.75    2024     0.900     1.788     2.529     2.857     7.062    10.052    10.503    11.129     4.374     6.140     4.753     1.111
     9.75    49.75    2025     1.391     1.310     3.428     4.709     6.397     3.094     4.938     9.105     2.807     2.813     2.802     0.931
     9.75    49.75    2026     0.763     1.526     2.211     6.603     5.963    18.077     9.703     9.541     3.013     4.908     3.682     0.860
     9.75    49.75    2027     1.131     1.436     2.071     7.235    12.747    20.518    13.262    10.647     1.539     4.333     3.308     0.842
     9.75    49.75    2028     1.036     1.211     3.324     6.507     6.620    12.922     8.303    11.929     8.878     4.391     3.295     0.946
     9.75    49.75    2029     1.103     1.619     1.476     9.237     4.369    11.065     7.935    10.276     7.859     3.804     1.595     0.854
     9.75    49.75    2030     0.864     1.483     2.785    12.769    10.266    12.908    11.600    12.248     8.249     4.271     1.578     1.063
     9.75    49.75    2031     1.348     2.118     3.522     6.314    16.490     3.335    10.219     6.988     7.328     4.016     2.866     1.151
     9.75    49.75    2032     0.850     1.902     3.246     5.443    11.550    18.340     6.871     8.430     6.545     3.143     1.130     0.798
     9.75    49.75    2033     1.100     1.716     2.888     2.596     5.988    10.366     7.349     9.978     6.487     3.261     2.019     1.046
     9.75    49.75    2034     1.214     1.538     1.959     2.692    12.223    17.411    14.310    10.922     9.226     4.274     1.806     0.779
     9.75    49.75    2035     0.966     1.535     2.400     3.368     6.737    10.621     7.904    19.661     1.301     3.841     4.425     0.846
     9.75    49.75    2036     1.410     0.740     3.372     4.696     5.794     8.765     8.592    11.898     8.910     6.846     3.484     1.083
     9.75    49.75    2037     1.297     1.633     2.069     3.023    10.866     6.712    14.745    16.935    10.572     3.743     1.872     1.037
     9.75    49.75    2038     0.950     1.234     2.042     7.027    13.038    16.161    12.562    12.853    11.782     5.276     3.763     0.837
     9.75    49.75    2039     1.239     0.847     3.218     9.023    15.684    11.612    11.117    10.170     7.278     5.956     0.670     0.994
     9.75    49.75    2040     1.235     1.805     1.957     6.487     7.931    19.570     4.024     2.875    11.784     3.455     1.589     0.934
     9.75    49.75    2041     0.945     1.411     1.849     5.746    14.470    20.465    18.413    16.522     4.950     5.919     3.928     0.848
     9.75    49.75    2042     0.919     1.397     2.665     4.948     6.939     7.575     8.197     8.835     4.803     3.097     2.717     1.001
     9.75    49.75    2043     0.826     1.389     2.244     3.530     3.861    20.884    16.333    13.509    12.304     2.449     2.096     0.618
     9.75    49.75    2044     0.890     1.290     3.511     1.328     7.682     5.604    10.234    11.292     5.193     6.210     3.449     0.929
     9.75    49.75    2045     1.228     1.859     4.881     7.873    11.220    15.592    13.044     7.311     3.642     3.341     1.515     1.064
     9.75    49.75    2046     0.709     1.914     3.577     6.024    19.026     9.866     8.702    19.838     7.637     6.433     3.263     1.123
     9.75    49.75    2047     0.769     1.493     2.038     4.354    13.133     9.581    12.850    14.415     5.966     6.925     3.725     1.122
     9.75    49.75    2048     0.844     1.338     2.413     4.813     8.488     5.009    11.786    10.133     2.114     6.975     2.294     0.982
     9.75    49.75    2049     1.192     1.472     2.648     6.535    12.227    15.235    12.970    14.260    10.002     5.773     2.016     0.940
     9.75    49.75    2050     0.930     1.473     2.560     5.513    12.208    12.057     6.806    10.580     8.296     4.637     3.889     0.804
     9.75    49.75    2051     1.054     1.279     3.889     6.682     6.593     6.419     5.882    10.048     7.601     4.225     2.176     0.979
     9.75    49.75    2052     0.901     1.004     1.642     6.813     5.193    10.348     4.857    11.737     6.510     5.300     1.570     0.955
     9.75    49.75    2053     0.828     0.674     1.842     4.104     3.315    10.167     7.255    21.286     3.972     6.118     2.185     0.687
     9.75    49.75    2054     0.846     1.508     1.718     6.914     6.397    21.893     6.355     5.621     1.409     6.456     2.435     1.130
     9.75    49.75    2055     1.250     1.510     5.552     2.448    11.101    22.962    18.367    20.454     4.559     2.265     1.648     0.811
     9.75    49.75    2056     1.025     1.030     4.560     6.823    12.895    24.387    12.967    17.276     4.300     0.806     1.636     0.974
     9.75    49.75    2057     0.940     1.887     3.516     3.402     9.964    13.326    15.308    13.837     8.763     2.847     0.454     1.037
     9.75    49.75    2058     1.117     1.331     3.173     6.743     6.101     6.669    10.576    20.783     6.433     3.457     2.616     1.136
     9.75    49.75    2059     1.166     1.603     2.370     7.279    14.257     9.511     5.155    14.374     2.420     5.241     2.337     1.013
     9.75    49.75    2060     1.173     1.554     3.279     5.027    10.828    25.781     9.497    11.015     2.046     7.366     1.872     1.040
     9.75    49.75    2061     1.070     1.800     6.100     5.082     4.558     9.516    10.281     8.701     7.434     2.433     1.239     0.825
     9.75    49.75    2062     0.953     0.970     2.793     7.211    11.988    20.286    10.791     9.653     5.431     5.287     2.989     1.403
     9.75    49.75    2063     0.956     1.810     3.798     6.595    12.650    20.898    22.230    19.890     5.877     5.454     2.712     1.031
     9.75    49.75    2064     1.151     1.357     2.559     2.898     3.696    15.122    10.027    15.851     3.404     1.191     2.858     0.781
     9.75    49.75    2065     1.172     1.618     3.366     9.536     8.745    15.660     6.906     7.480    10.436     3.791     1.673     0.790
     9.75    49.75    2066     1.107     1.584     2.586     6.585     4.183     5.590    10.791    20.219    11.703     4.402     2.516     0.986
     9.75    49.75    2067     1.139     1.775     2.473     1.991     8.807    17.176     9.385    12.952     1.749     2.981     1.604     0.979
     9.75    49.75    2068     1.268     1.560     4.021     2.377     2.945    23.287     5.842     5.964     9.683     3.388     1.494     1.072
     9.75    49.75    2069     1.280     1.836     4.656    12.648     8.327    13.477     9.337    10.275     5.951     3.557     2.074     1.291
     9.75    49.75    2070     0.578     0.997     2.676    10.875    12.544     9.253    12.927    13.006     4.781     4.750     1.264     1.047
     9.75    49.75    2071     0.997     1.947     2.032     3.449     7.054    18.015    12.390    14.753     9.195     6.155     1.762     1.224
     9.75    49.75    2072     0.844     1.143     1.766     5.727    11.066    11.075     9.228     7.957     7.076     8.659     3.760     0.901
     9.75    49.75    2073     1.179     1.708     3.271     4.430    11.465    12.948    21.519    18.206    10.152     3.681     3.451     0.702
     9.75    49.75    2074     0.932     1.828     3.304     7.383    14.339    14.320    10.596    18.547     9.790     8.199     3.135     1.082
     9.75    49.75    2075     1.150     1.750     2.981    12.331     6.101    12.319    10.420    14.396    12.339     5.928     3.307     0.966
     9.75    49.75    2076     1.358     1.922     4.392    12.522    18.480    10.715     3.277    12.990     1.869     4.631     1.937     1.152
     9.75    49.75    2077     1.089     1.441     3.791     8.830    10.763    13.490    22.061    13.930    11.777     6.844     1.664     1.379
     9.75    49.75    2078     0.889     1.925     5.795     5.867     8.072     2.697     3.454     5.487     6.934     3.867     2.479     0.936
     9.75    49.75    2079     1.130     1.464     2.901     2.186     3.558     5.381    10.177     1.614     3.610     4.408     2.948     0.938
     9.75    49.75    2080     0.732     1.455     1.802     6.898    15.238    19.187    12.352    13.891     4.765     5.463     1.624     0.948
     9.75    49.75    2081     0.929     1.451     2.882     7.385     0.981    18.077    18.153     4.924     7.534     7.258     1.855     0.694
     9.75    49.75    2082     1.087     1.155     4.692     7.637    12.831     7.317     8.699     6.936     3.482     5.381     2.020     1.041
     9.75    49.75    2083     1.135     1.503     3.966    10.924    12.886    10.159     5.598    16.078     4.355     3.051     1.431     1.599
     9.75    49.75    2084     1.223     1.584     2.911     2.793    13.060     9.617     7.021    12.470     9.209     3.499     1.884     0.785
     9.75    49.75    2085     1.199     1.067     1.534     8.255    10.876    13.501    11.141    12.635     4.013     4.643     3.629     1.011
     9.75    49.75    2086     1.268     1.159     1.348     9.111    13.967     6.057    13.446     4.826    10.188     4.278     1.635     1.300
     9.75    49.75    2087     0.833     1.373     4.144     9.825     9.055     4.081     8.347    10.324     5.639     3.511     1.503     1.011
     9.75    49.75    2088     0.855     1.332     3.981     8.750    14.891     9.396     9.367    19.706     7.917     4.525     2.075     0.908
     9.75    49.75    2089     1.010     1.421     3.512     8.856     7.423    18.309    12.153    19.195    12.038     1.523     1.742     1.083
     9.75    49.75    2090     1.161     1.593     3.083     2.873     4.323     1.559     7.132     7.900     4.123     5.287     2.465     1.082
     9.75    49.75    2091     0.926     1.820     1.867     7.348     7.437     7.866     2.350     8.540     4.432     4.936     2.209     1.308
     9.75    49.75    2092     0.926     1.387     2.456     9.277     6.572     9.661     4.577     5.581     9.786     1.821     1.706     0.768
     9.75    49.75    2093     1.061     1.367     2.307     3.953     2.873    10.865    15.579     9.803     7.978     3.483     2.314     0.779
     9.75    49.75    2094     1.198     0.923     3.393     8.630    13.204    12.923     8.895    16.730     2.952     3.676     3.015     0.703
     9.75    49.75    2095     1.111     2.055     1.818    10.094    11.621    14.785     4.163     7.451     3.581     3.142     1.766     0.853
     9.75    49.75    2096     0.938     1.316     2.288     6.003     3.716    18.519    11.497     4.917     9.141     4.063     1.387     0.950
     9.75    49.75    2097     0.839     1.102     1.819     3.530     8.378     9.750     3.888    11.567     3.568     5.908     2.259     1.179
     9.75    49.75    2098     0.819     1.550     3.238     6.665     1.854     2.837    15.040    18.173    10.553     4.928     2.535     0.835
     9.75    49.75    2099     1.171     1.701     3.533     7.591    15.516     2.801     6.539     6.292    11.469     2.995     2.551     1.074
     9.75    49.75    2100     1.152     1.493     3.407     4.904    11.346     3.753     4.911     8.077     5.800     6.873     2.991     0.943
     9.75    49.75    2101     0.720     1.721     2.564     3.605     6.181    13.496    10.851    13.374     8.206     7.311     1.490     1.237
     9.75    49.75    2102     0.603     1.618     3.398     6.144    10.393     9.885     8.367     7.239     5.786     8.375     2.491     1.171
     9.75    49.75    2103     0.896     1.203     2.493     5.112    10.165    11.369    22.796    14.446     8.896     3.289     2.126     1.083
     9.75    49.75    2104     0.893     1.600     3.765     7.313    13.283    12.594     9.245    15.513     7.756     6.183     1.971     1.242
     9.75    49.75    2105     0.737     1.417     2.845    10.822     5.378    10.843     9.068    11.822     8.887     6.340     1.901     1.002
     9.75    49.75    2106     1.126     1.572     3.809     9.681    17.562     9.867     2.957    12.953     1.703     4.514     1.812     1.071
     9.75    49.75    2107     1.032     1.493     3.612     8.209    11.655    11.729    18.588    12.266     8.995     6.606     1.570     1.196
     9.75    49.75    2108     0.963     1.394     3.863     5.142     6.909     2.313     2.981     4.702     6.025     2.855     2.617     1.640
     9.75    49.75    2109     0.842     0.998     3.195     2.069     3.037     4.587     8.655     1.358     3.049     3.098     2.014     0.934
     9.75    49.75    2110     0.614     1.405     2.045     6.642    12.978    16.045    10.933    12.394     4.212     4.038     1.587     0.602
     9.75    49.75    2111     0.494     1.249     3.337     6.697     0.848    15.946    16.642     4.464     7.946     3.598     2.068     0.857
     9.75    49.75    2112     0.900     0.807     4.150     6.691    11.333     6.406     7.609     6.086     3.014     2.880     1.419     0.834
     9.75    49.75    2113     1.053     1.231     3.519    10.887    10.910     8.561     4.704    14.315     3.776     2.179     1.611     1.222
     9.75    49.75    2114     0.893     1.201     2.077     2.252    11.984     8.199     6.064    10.696     8.473     3.365     1.690     0.740
     9.75    49.75    2115     0.849     0.907     1.446     7.684     9.543    12.234     9.582    11.208     3.469     4.088     2.068     0.895
     9.75    49.75    2116     1.350     0.933     1.312     8.056    12.006     5.120    11.359     4.010     8.106     4.279     1.881     1.667
     9.75    49.75    2117     0.674     1.151     3.315     7.422     7.689     3.373     7.071     8.678     4.656     2.845     1.341     1.366
     9.75    49.75    2118     0.730     1.096     3.368     8.975    12.396     7.829     7.964    17.097     6.811     3.345     1.490     0.767
     9.75    49.75    2119     0.989     1.458     3.422     7.506     6.215    17.333    10.154    16.239     9.158     1.479     1.805     0.965
     9.75    49.75    2120     0.894     1.072     2.487     2.391     3.571     1.255     5.843     6.937     3.417     6.807     2.037     1.590
     9.75    49.75    2121     0.425     1.148     1.466     6.294     5.964     6.390     1.851     7.316     3.549     4.021     2.296     0.710
     9.75    49.75    2122     0.850     0.797     1.971     7.509     5.443     7.891     3.679     4.584    10.158     1.818     1.500     0.987
     9.75    49.75    2123     0.666     1.062     1.883     3.360     2.272     8.750    12.637     7.108     8.619     2.707     1.722     0.924
     9.75    49.75    2124     0.691     0.601     3.133     6.817    11.423    10.716     7.108    14.855     2.449     3.927     2.771     0.717
     9.75    49.75    2125     0.490     1.293     1.830     8.186     9.713    15.253     3.339     6.158     2.926     3.762     2.098     1.535
     9.75    49.75    2126     0.591     1.319     2.119     5.022     3.014    13.897     9.420     3.947     6.998     4.849     1.904     0.861
     9.75    49.75    2127     0.732     1.063     1.387     3.422     6.900     7.655     3.169     9.524     2.966     4.513     2.576     1.529
     9.75    49.75    2128     0.587     0.985     3.240     5.791     1.507     2.303    13.224    11.936     8.302     5.140     2.429     0.696
     9.75    49.75    2129     0.838     1.190     2.864     6.403    11.667     2.386     5.555     5.262     9.237     1.967     2.081     0.962
     9.75    49.75    2130     0.893     1.219     3.008     4.433     8.823     3.116     4.027     6.804     4.852     6.181     2.302     1.176
    13.75    55.75    1980     0.310     0.824     1.761     1.296     1.214     6.322     2.670     2.398     7.952     5.079     2.725     0.489
    13.75    55.75    1981     0.531     0.593     1.685     1.343     2.733     7.842     1.186     2.083     4.309     3.107     1.946     0.361
    13.75    55.75    1982     0.447     1.014     1.411     1.258     4.864     5.567     0.399     3.338     6.292     4.946     3.236     0.419
    13.75    55.75    1983     0.669     0.848     1.322     1.728     4.233     6.394     1.678     1.718     2.531     4.519     1.098     0.389
    13.75    55.75    1984     0.660     0.552     1.755     1.327     5.484     4.242    12.856     4.448     6.051     4.085     3.023     0.461
    13.75    55.75    1985     0.459     0.750     1.674     2.843     5.673    10.370     8.021     8.534     6.835     5.184     1.611     0.375
    13.75    55.75    1986     0.454     0.749     1.353     1.620     4.047     2.933     5.015     9.447     6.606     4.531     2.044     0.479
    13.75    55.75    1987     0.446     0.775     1.791     0.686     1.318     8.321     5.247     1.453    12.985     4.539     3.019     0.680
    13.75    55.75    1988     0.482     1.097     1.205     1.342     5.258     2.282     4.960     4.647     6.128     3.092     2.659     0.389
    13.75    55.75    1989     0.440     0.896     1.427     2.187     4.879     1.249     8.832     0.442     6.896     6.392     2.771     0.400
    13.75    55.75    1990     0.360     0.632     1.250     2.569     3.368    11.382     0.871     7.456     5.002     4.280     2.652     0.536
    13.75    55.75    1991     0.421     0.857     2.362     1.307     3.409     0.716    11.047     9.204     7.454     6.617     1.235     0.406
    13.75    55.75    1992     0.575     0.917     1.165     1.612     4.920     8.136     4.199     0.476     4.770     3.824     1.089     0.335
    13.75    55.75    1993     0.604     0.700     1.139     0.953     5.886     5.136    15.617     5.880     6.868     4.635     0.988     0.219
    13.75    55.75    1994     0.483     0.868     1.726     1.207     3.026     8.293    17.525     7.646     9.176     4.880     2.784     0.672
    13.75    55.75    1995     0.641     0.750     0.877     2.041     3.870    10.967     1.330     3.428     7.419     6.818     3.528     0.346
    13.75    55.75    1996     0.612     1.079     2.060     2.061     4.688     3.751     5.587     7.727     9.853     6.926     2.416     0.258
    13.75    55.75    1997     0.414     0.664     1.240     1.652     2.535     7.279    11.410     6.479     9.185     5.378     3.458     0.897
    13.75    55.75    1998     0.397     1.026     1.588     1.266     3.224    11.645     3.496     4.271     6.997     4.115     2.802     0.658
    13.75    55.75    1999     0.628     0.909     2.149     1.667     7.578     1.881     5.313     6.817    10.650     5.535     2.602     0.493
    13.75    55.75    2000     0.513     0.861     1.828     1.602     1.984     6.508     2.535     2.203     8.015     5.147     2.386     0.390
    13.75    55.75    2001     0.653     0.686     1.709     1.068     7.350    10.331    13.690    12.001     6.855     3.941     1.743     0.373
    13.75    55.75    2002     0.665     1.050     0.442     3.009     2.558     1.134     7.421     9.154    12.599     4.816     2.977     0.462
    13.75    55.75    2003     0.342     1.076     1.456     2.875     4.036     2.703    14.514     5.264    10.199     3.559     4.496     0.395
    13.75    55.75    2004     0.454     0.861     1.652     1.535     8.601     9.811    17.350     7.125     3.346     4.571     3.596     0.669
    13.75    55.75    2005     0.669     1.058     0.637     3.264     2.253     9.211     0.000     4.574     6.910     4.565     2.720     0.491
    13.75    55.75    2006     0.569     1.047     1.695     1.049     1.623     3.922     1.179     7.708    11.703     4.451     2.961     0.352
    13.75    55.75    2007     0.459     0.652     1.403     3.556     5.749     5.051     8.100     9.265     9.801     5.557     3.281     0.643
    13.75    55.75    2008     0.626     0.819     2.076     1.141     3.187     0.667     8.021     1.992     6.558     5.501     3.365     0.356
    13.75    55.75    2009     0.546     0.894     1.942     3.343     3.262     3.463     9.814     3.482     5.744     5.947     1.948     0.447
    13.75    55.75    2010     0.505     0.688     0.413     1.983     7.287     8.364    11.454     7.095     8.327     3.646     1.458     0.554
    13.75    55.75    2011     0.614     0.961     1.901     3.711     7.418     6.609    14.974     5.096     4.312     4.837     2.514     0.622
    13.75    55.75    2012     0.713     0.975     1.582     3.062     6.603     0.667     6.549     7.605     8.791     6.288     2.372     0.489
    13.75    55.75    2013     0.614     0.584     1.927     2.727     6.015     4.640    17.128     8.197     3.733     2.887     4.261     0.510
    13.75    55.75    2014     0.425     0.403     1.475     1.371     7.426     0.565     5.729     7.508     6.993     5.306     2.826     0.784
    13.75    55.75    2015     0.514     0.756     2.156     1.564     5.165     1.592     7.865     6.903     6.328     2.514     4.606     0.536
    13.75    55.75    2016     0.751     0.765     1.054     3.915     3.814     3.357     2.211     8.490     8.373     3.933     2.913     0.436
    13.75    55.75    2017     0.764     0.833     0.882     2.241     5.289    10.437     0.000     6.800     5.071     6.131     2.862     0.488
    13.75    55.75    2018     0.565     1.260     1.608     1.637     8.205     9.471     5.038     3.326     4.821     6.285     3.397     0.467
    13.75    55.75    2019     0.735     1.560     2.962     2.310     2.684     2.541     8.594     0.824    11.576     4.370     3.295     0.474
    13.75    55.75    2020     0.838     0.700     1.378     2.836     5.420     7.351     6.541     8.659     7.935     4.641     3.753     0.327
    13.75    55.75    2021     0.486     0.797     1.436     3.000     5.243     4.858     1.496     3.215     2.675     3.962     2.261     0.521
    13.75    55.75    2022     0.599     1.011     1.364     2.071     6.177    23.321     6.211     2.990     5.237     6.074     2.893     0.552
    13.75    55.75    2023     0.440     1.037     2.385     4.114     7.150    12.362    12.750    11.024     5.047     2.694     2.129     0.350
    13.75    55.75    2024     0.598     1.090     2.398     1.456     3.338     5.828     8.998     7.340     6.389     7.002     2.333     0.419
    13.75    55.75    2025     0.516     1.466     1.708     3.249     2.449     8.778     9.528     6.129     8.686     4.630     3.337     0.646
    13.75    55.75    2026     0.536     1.602     2.510     4.197     2.124    12.368     1.991     6.746    10.901     8.140     3.519     0.555
    13.75    55.75    2027     0.644     1.429     2.158     2.910     3.633     0.000    24.689    19.080     5.022     4.822     2.197     0.642
    13.75    55.75    2028     0.539     1.329     2.452     2.029     1.513    13.602    16.720     8.932     5.444     5.897     2.673     0.825
    13.75    55.75    2029     0.481     1.011     2.112     3.311     1.744     1.476     6.653    13.434     8.705     4.748     2.795     0.422
    13.75    55.75    2030     0.421     1.096     2.061     4.566     6.235    12.260     7.292     1.604     2.437     6.027     3.312     0.616
    13.75    55.75    2031     0.627     0.624     2.145     2.133     6.216     0.825    12.131    11.456     7.788     5.474     2.090     0.486
    13.75    55.75    2032     0.713     1.076     2.003     5.753     4.128     4.601     1.332     3.679     6.854     5.598     2.262     0.441
    13.75    55.75    2033     0.654     1.358     2.419     2.019     3.066    17.808    13.876     2.248     6.147     3.225     1.925     0.339
    13.75    55.75    2034     0.599     1.242     2.406     0.615     0.568    15.156     2.896    11.697     8.836     5.533     2.993     0.515
    13.75    55.75    2035     0.424     1.218     1.762     2.005     2.105    15.209    15.933     3.496     4.091     3.255     3.174     0.498
    13.75    55.75    2036     0.705     0.881     2.593     1.265     1.979     6.855     1.507     8.516    10.525     5.598     2.219     0.602
    13.75    55.75    2037     0.781     0.742     1.260     2.358     3.660    12.693    10.457     4.701     6.840     5.541     2.271     0.508
    13.75    55.75    2038     0.661     1.222     1.794     3.184     2.946    15.230    23.053     4.190     5.775     5.430     2.782     0.616
    13.75    55.75    2039     0.723     0.621     1.842     4.569     4.745     9.398     8.249     8.718     7.988     7.305     1.485     0.623
    13.75    55.75    2040     0.634     0.928     1.264     4.265     2.060     5.867    12.513     4.444    12.005     6.203     1.799     0.432
    13.75    55.75    2041     0.610     0.757     1.159     1.543     3.112     4.580    10.834    10.350    12.218     6.887     2.625     0.476
    13.75    55.75    2042     0.494     1.025     1.675     0.803     4.329    16.446    13.581    10.027     8.339     4.812     2.117     0.501
    13.75    55.75    2043     0.453     1.127     2.337     1.528     5.728     1.529     0.000     9.141     9.014     3.998     2.811     0.718
    13.75    55.75    2044     0.549     1.092     1.359     1.318     7.802     9.807    19.360    16.887     6.126     4.955     2.839     0.594
    13.75    55.75    2045     0.618     1.397     1.928     5.082     8.989     3.297     2.676     4.082     0.975     5.821     2.801     0.554
    13.75    55.75    2046     0.593     0.995     1.955     1.995     6.686     5.330    18.624     2.245     2.487     6.549     3.438     0.645
    13.75    55.75    2047     0.937     0.934     1.550     3.002     3.345    10.782     0.000     2.059     9.051     3.678     3.192     0.618
    13.75    55.75    2048     0.724     1.092     2.128     2.323     6.390     8.849     1.972     5.330     2.933     6.636     2.271     0.481
    13.75    55.75    2049     0.657     1.143     1.688     3.930     2.483    11.161    18.798     8.552     7.068     4.502     3.061     0.572
    13.75    55.75    2050     0.508     0.919     1.649     2.326    12.057     1.889     9.241     7.139     7.635     6.949     2.609     0.422
    13.75    55.75    2051     0.723     1.091     2.054     5.509     6.106    11.388     7.166     6.621     9.325     4.266     2.627     0.575
    13.75    55.75    2052     0.458     0.825     3.168     4.165     8.317     2.195     7.018     8.127     8.953     6.467     3.168     0.561
    13.75    55.75    2053     0.515     0.741     1.678     2.532     2.154    11.057     6.157     9.985     7.896     5.616     4.136     0.614
    13.75    55.75    2054     0.648     0.812     1.949     3.775     4.526     8.881    12.035    10.268     6.898     4.899     2.974     0.572
    13.75    55.75    2055     0.592     0.864     2.041     2.461     3.628    10.703     0.000     9.436     6.926     6.021     1.814     0.543
    13.75    55.75    2056     0.749     0.971     3.193     2.674    12.093     2.069     7.203    12.793    12.636     4.883     1.950     0.521
    13.75    55.75    2057     0.666     1.313     2.127     3.815     2.495     1.362     2.277    17.788     8.795     4.100     1.970     0.536
    13.75    55.75    2058     0.646     0.792     2.433     2.967     5.912    10.064     2.975    12.460     4.102     1.998     2.302     0.349
    13.75    55.75    2059     0.419     0.751     1.641     5.963     7.049    12.523    16.827    10.995     8.894     6.164     3.028     0.403
    13.75    55.75    2060     0.518     1.517     1.739     1.956     1.956     2.506    25.695     8.100     4.252     5.503     1.991     0.483
    13.75    55.75    2061     0.559     0.879     3.157     3.380     5.765     1.963    12.168    10.935     1.713     5.654     2.696     0.490
    13.75    55.75    2062     0.700     0.830     2.322     2.180     5.748     9.597     0.000    10.293     5.749     4.668     3.482     0.496
    13.75    55.75    2063     0.746     0.557     2.955     5.718     5.073    11.047     0.000    13.205    12.639     4.919     2.352     0.525
    13.75    55.75    2064     0.638     1.261     2.191     1.035     4.516     9.305    18.281     8.122     9.706     3.947     1.851     0.486
    13.75    55.75    2065     0.578     0.896     2.095     3.488     2.120     4.044    10.867    12.656     8.716     4.919     3.268     0.447
    13.75    55.75    2066     0.610     1.139     2.143     4.181     2.922     5.076     6.500     4.405    12.504     4.585     2.597     0.491
    13.75    55.75    2067     0.716     1.200     2.385     2.998     8.193     6.359     2.752     6.935     2.777     5.910     1.705     0.476
    13.75    55.75    2068     0.715     1.073     3.191     0.869     0.762     1.257     9.744    10.229     0.608     4.783     3.266     0.516
    13.75    55.75    2069     0.737     0.745     2.553     5.885     8.109    15.058    13.046     2.877     3.690     5.106     2.229     0.560
    13.75    55.75    2070     0.464     1.053     1.512     3.313     8.341    17.331     2.334     8.640    11.694     6.742     2.453     0.466
    13.75    55.75    2071     0.559     0.996     1.631     2.525     5.729     6.566     8.950     4.455    13.175     4.548     2.421     0.719
    13.75    55.75    2072     0.567     0.962     1.740     1.898     5.465    12.689    18.744    11.215     6.602     8.732     2.836     0.378
    13.75    55.75    2073     0.580     1.140     1.402     3.000     2.317     1.066    11.241     2.055     8.796     4.438     2.495     0.460
    13.75    55.75    2074     0.751     1.326     2.588     3.014     2.831     5.669    13.975    13.845    10.197     6.530     2.514     0.589
    13.75    55.75    2075     0.370     0.860     1.373     3.142     6.608     8.997    20.358     0.319     5.369     7.002     3.657     0.425
    13.75    55.75    2076     0.652     0.964     2.238     5.210     3.128     0.901    10.608    11.751     3.731    10.189     3.057     0.647
    13.75    55.75    2077     0.740     1.170     1.623     2.283     7.667     6.236     1.767     4.487    13.241     8.071     3.046     0.632
    13.75    55.75    2078     0.662     0.897     2.209     2.875     4.821     6.051    19.614     8.457     7.383     4.863     3.207     0.684
    13.75    55.75    2079     0.491     1.071     3.180     2.479     4.956     5.726    25.440    15.181     6.910     4.141     1.717     0.522
    13.75    55.75    2080     0.643     1.056     1.400     3.786     6.196    11.300     1.788    10.389     7.127     7.825     2.422     0.590
    13.75    55.75    2081     0.890     0.579     2.051     5.814     9.075     5.492     0.722     0.452     7.578     5.728     2.844     0.549
    13.75    55.75    2082     0.549     0.754     4.967     7.733     6.890    14.842    10.490     9.675     3.945     8.572     1.957     0.312
    13.75    55.75    2083     0.561     0.757     2.158     6.042     5.835     7.466     9.413     6.233     4.322     5.072     2.887     0.554
    13.75    55.75    2084     0.531     0.778     2.466     1.089    11.210    11.909    10.977     1.301     5.869     6.689     3.094     0.535
    13.75    55.75    2085     0.614     0.853     1.422     4.608     8.112     6.817     4.080     9.892     8.005     5.354     2.833     0.624
    13.75    55.75    2086     0.925     1.280     0.364     3.818     4.146     9.869     3.397    13.799     4.404     6.437     4.128     0.681
    13.75    55.75    2087     0.442     0.964     0.803     7.764    10.240     8.472     4.059     4.700     1.271     6.082     2.860     0.785
    13.75    55.75    2088     0.663     1.302     2.296     7.056     7.884     9.004     4.205     5.316     9.736     6.839     1.596     0.516
    13.75    55.75    2089     0.577     1.270     2.921     4.742     3.922     3.224     1.104    11.366    12.007     4.410     1.223     0.522
    13.75    55.75    2090     0.633     0.949     2.694     3.778     5.233     3.451     9.442     9.124     9.997     8.592     1.813     0.644
    13.75    55.75    2091     0.615     0.947     1.149     2.310    11.617    10.865    11.921    12.267     6.883     7.930     2.847     0.578
    13.75    55.75    2092     0.588     1.022     1.363     4.476     5.402     5.493     2.120     7.709     9.125     7.403     2.472     0.595
    13.75    55.75    2093     0.407     0.719     1.904     3.331     2.988    13.778     5.333     4.627     5.023     6.213     2.822     0.625
    13.75    55.75    2094     0.264     0.852     1.083     7.070     3.600     2.334    15.883    11.320     4.901     4.296     3.374     0.325
    13.75    55.75    2095     0.464     1.104     2.202     3.766     9.190     7.548    15.804    10.209     7.122     3.917     2.878     0.608
    13.75    55.75    2096     0.650     0.984     2.276     7.971     3.674     1.843     0.000    17.266     7.287     9.942     1.063     0.546
    13.75    55.75    2097     0.464     1.332     1.179     1.221     4.407     5.817     4.971    21.319     7.502     5.651     3.466     0.570
    13.75    55.75    2098     0.493     0.741     2.221     5.437     0.712     1.894     4.225     1.103     5.751     8.014     2.475     0.395
    13.75    55.75    2099     0.540     0.856     2.880     6.271     6.720    15.338     1.847     4.811     9.682     6.204     1.529     0.612
    13.75    55.75    2100     0.471     1.133     1.793     0.620     8.632    10.797    12.298     4.895     5.487     4.063     4.240     0.474
    13.75    55.75    2101     0.551     0.907     1.231     3.085     6.005    12.087     8.880     4.542    10.268     6.036     2.218     0.555
    13.75    55.75    2102     0.340     0.901     1.894     1.460     6.029    16.090    18.030    10.552     8.621     6.231     3.684     0.760
    13.75    55.75    2103     0.546     0.802     1.531     3.294     2.485     1.099    10.612     2.135    10.782     4.966     3.403     0.573
    13.75    55.75    2104     0.663     1.013     1.836     3.866     2.883     4.222    13.591    14.616     9.867     5.907     2.488     0.477
    13.75    55.75    2105     0.392     0.755     1.622     4.687     6.522    14.431    24.457     0.290     6.720     6.443     3.115     0.485
    13.75    55.75    2106     0.595     0.811     2.319     7.322     3.214     0.902    10.662    12.995     3.515     9.656     2.223     0.665
    13.75    55.75    2107     0.717     1.297     1.653     2.576     9.239     6.283     1.771     4.518    13.722     5.563     2.617     0.716
    13.75    55.75    2108     0.592     1.170     2.260     2.975     6.352     7.295    16.116     8.290     7.762     7.884     2.684     0.779
    13.75    55.75    2109     0.744     1.283     3.951     2.686     4.907     5.664    23.891    12.526     7.329     4.954     1.548     0.488
    13.75    55.75    2110     0.508     0.644     1.392     4.013     5.923     9.004     1.840    11.753     6.055     6.945     2.179     0.696
    13.75    55.75    2111     0.523     0.754     2.317     6.826     3.563     5.532     0.702     0.445     7.104     5.384     2.207     0.613
    13.75    55.75    2112     0.619     0.629     3.523     9.330     7.011    11.899    10.900    11.940     3.840     6.598     2.036     0.550
    13.75    55.75    2113     0.785     0.704     1.418     7.532     4.805     7.332     9.273     6.067     6.577     5.177     3.840     0.807
    13.75    55.75    2114     0.612     0.516     1.892     1.157    11.041    10.142    10.100     1.254     5.633     5.827     1.948     0.431
    13.75    55.75    2115     0.490     0.811     1.381     8.598    11.355     8.103     3.986    13.499     8.096     4.965     2.705     0.731
    13.75    55.75    2116     0.725     1.080     0.368     4.515     4.338     9.987     3.319    10.226     4.097     6.751     4.154     0.740
    13.75    55.75    2117     0.781     1.145     0.804     7.140     6.012     8.106     3.879     4.441     1.191     6.763     2.566     0.913
    13.75    55.75    2118     0.832     1.051     2.042     5.528     7.034     6.568     4.115     4.896    11.153     9.215     1.944     0.481
    13.75    55.75    2119     0.471     1.312     3.112     4.905     3.763     3.037     1.037     9.174    11.406     4.298     1.565     0.805
    13.75    55.75    2120     0.574     1.058     2.584     2.964     5.441     3.251     9.077     7.945     9.117     6.712     1.783     0.863
    13.75    55.75    2121     0.660     0.751     1.190     2.041    10.654    13.574    11.454    10.528     6.609     7.184     3.221     0.511
    13.75    55.75    2122     0.587     0.915     1.467     4.711     4.963     4.741     1.853     6.937    12.125     6.304     2.140     0.504
    13.75    55.75    2123     0.632     0.841     1.589     2.185     2.843    10.222     4.549     4.177     4.466     4.154     1.970     0.703
    13.75    55.75    2124     0.353     0.836     1.138     3.913     4.688     2.004    14.269    10.527     4.652     3.546     3.493     0.434
    13.75    55.75    2125     0.412     0.956     1.666     2.992     8.715     6.605    14.257     8.767     6.677     3.799     2.013     0.604
    13.75    55.75    2126     0.486     0.867     1.602     6.210     3.397     1.616     0.000    15.697     6.314     7.580     1.437     0.696
    13.75    55.75    2127     0.493     0.960     1.183     1.252     3.844     5.044     4.325    13.429     5.967     5.477     2.602     0.805
    13.75    55.75    2128     0.462     0.905     2.149     4.232     0.614     1.585     7.517     0.915     4.951     5.211     3.434     0.529
    13.75    55.75    2129     0.547     0.828     3.018     6.296     5.590    17.099     1.598     3.233     7.197     5.780     2.237     0.614
    13.75    55.75    2130     0.430     0.979     1.311     0.544     7.278    11.553     9.038     4.539     4.721     4.440     4.183     0.624
    23.75    61.75    1980     0.161     0.923     2.370     2.796     3.783     7.569     5.614     6.254     5.742     3.365     0.960     0.000
    23.75    61.75    1981     0.220     1.199     2.876     3.139     4.096     3.041     6.923     7.741     4.901     3.391     0.280     0.066
    23.75    61.75    1982     0.130     1.200     3.603     3.701     3.128     5.978     3.435     5.951     7.617     3.428     1.016     0.000
    23.75    61.75    1983     0.061     0.905     2.843     1.941     1.719     3.926     4.704     2.784     3.066     2.187     0.322     0.028
    23.75    61.75    1984     0.301     1.301     2.341     2.227     4.459     3.335    15.001     9.941     6.337     4.150     0.802     0.000
    23.75    61.75    1985     0.858     0.541     1.736     2.996     3.523     6.169    10.828     5.389     7.654     2.570     0.293     0.017
    23.75    61.75    1986     0.072     0.940     1.690     3.578     2.722     5.155     6.636     5.160     4.278     2.932     0.319     0.070
    23.75    61.75    1987     0.049     0.746     1.275     2.551     4.443     8.757     5.346     5.349     5.505     3.427     0.793     0.120
    23.75    61.75    1988     0.160     1.015     3.255     2.476     4.724     5.941     5.273     9.159     6.026     2.244     0.859     0.000
    23.75    61.75    1989     0.186     0.572     2.217     4.032     2.302     5.047     7.323     3.229     5.285     5.595     0.544     0.000
    23.75    61.75    1990     0.160     1.092     1.782     4.346     2.809     4.468     7.030    10.619     7.401     3.305     0.804     0.000
    23.75    61.75    1991     0.177     0.559     2.023     1.881     3.018     2.394     6.043     6.378     5.041     4.236     0.207     0.041
    23.75    61.75    1992     0.139     0.875     2.305     2.398     2.821     6.050    13.914    11.156     3.728     1.539     0.495     0.003
    23.75    61.75    1993     0.250     0.928     2.650     3.883     2.876     1.145    10.331     5.649     6.958     2.483     0.290     0.000
    23.75    61.75    1994     0.303     1.434     1.514     4.705     4.952     7.099     5.050     8.076     6.382     3.725     0.662     0.000
    23.75    61.75    1995     0.155     1.072     2.708     1.940     4.396     5.906    11.288     5.670     3.481     3.812     0.804     0.020
    23.75    61.75    1996     0.011     1.488     2.803     4.683     2.709     1.979     6.990    10.579     3.708     3.409     0.663     0.000
    23.75    61.75    1997     0.051     0.712     1.670     2.393     4.128     0.203     8.962    10.786     4.116     3.239     0.493     0.000
    23.75    61.75    1998     0.553     0.621     2.995     3.333     3.757     5.207     7.516     8.676     5.289     4.077     1.027     0.000
    23.75    61.75    1999     0.171     1.686     1.878     3.849     6.458     4.094     8.120     9.296     4.317     2.681     0.751     0.000
    23.75    61.75    2000     0.121     1.021     2.497     3.045     3.413     1.738    10.097     8.583     4.586     3.396     0.734     0.000
    23.75    61.75    2001     0.064     0.591     2.410     3.168     4.580     2.315     4.829    14.344     4.848     2.416     0.724     0.000
    23.75    61.75    2002     0.091     0.909     1.129     2.979     4.041     7.492     5.228     7.610     6.620     1.587     0.915     0.000
    23.75    61.75    2003     0.076     0.893     1.543     3.167     3.891     3.560     6.210     6.107     7.268     3.021     0.568     0.000
    23.75    61.75    2004     0.264     0.753     2.247     3.260     2.752     5.824    14.941     8.396     4.990     4.699     0.678     0.003
    23.75    61.75    2005     0.242     1.213     2.299     3.474     3.359    13.610     7.429     4.752     7.487     2.342     0.568     0.000
    23.75    61.75    2006     0.853     1.215     2.769     2.511     2.296     2.545     1.810     7.630     6.837     3.509     0.519     0.000
    23.75    61.75    2007     0.040     0.528     2.403     2.058     5.331     3.508     8.138    12.708     6.602     3.732     1.067     0.009
    23.75    61.75    2008     0.387     0.869     2.338     3.651     3.763     3.545     5.901     8.229     5.481     4.392     0.566     0.000
    23.75    61.75    2009     0.301     1.051     2.365     0.998     4.262     2.695     1.943     9.411     5.660     2.985     0.631     0.000
    23.75    61.75    2010     0.103     1.439     1.247     3.916     3.958     3.710    10.528     9.734     7.298     2.681     0.571     0.000
    23.75    61.75    2011     0.098     1.218     2.167     3.413     4.870     1.499     6.034    11.019     5.239     2.506     1.074     0.402
    23.75    61.75    2012     0.038     1.226     1.284     2.221     4.225     2.881     7.670     9.428     5.388     2.929     0.412     0.065
    23.75    61.75    2013     0.029     0.974     2.648     1.883     5.151     7.596     4.728    10.339     3.679     3.186     0.735     0.005
    23.75    61.75    2014     0.073     0.687     2.682     3.071     3.128     5.183    15.347     3.800     4.843     4.000     0.672     0.000
    23.75    61.75    2015     0.119     0.991     2.294     1.374     3.831     2.708     8.636     6.405     5.090     4.736     0.756     0.000
    23.75    61.75    2016     0.097     0.895     2.438     3.829     4.602     8.138     0.952     6.597     6.713     3.360     0.776     0.484
    23.75    61.75    2017     0.151     0.847     2.597     2.608     2.560    11.304     5.988     9.206     3.823     5.072     0.757     0.000
    23.75    61.75    2018     0.091     1.058     1.680     4.402     3.506     8.057    13.657     9.673     5.069     3.499     0.682     0.023
    23.75    61.75    2019     0.277     0.948     2.701     3.278     2.955     3.349     4.470     6.811     6.188     2.883     0.693     0.000
    23.75    61.75    2020     0.305     1.265     1.340     2.833     6.585     3.957     5.074    14.232     5.275     5.739     0.595     0.000
    23.75    61.75    2021     0.026     0.930     2.042     3.522     1.126     6.386     6.340     6.641     5.145     3.141     0.964     0.000
    23.75    61.75    2022     0.017     1.609     2.678     3.514     5.306    11.584     5.880     7.522     5.433     2.205     1.023     0.047
    23.75    61.75    2023     0.235     1.624     2.556     1.984     3.215     5.924    12.728    10.558     4.243     4.087     0.469     0.008
    23.75    61.75    2024     0.101     1.086     2.705     3.544     3.096     7.238     5.312    12.520     2.119     3.593     0.757     0.110
    23.75    61.75    2025     0.295     1.352     3.100     2.561     4.128     4.669     4.241    11.922     5.133     2.918     0.842     0.000
    23.75    61.75    2026     0.006     1.141     4.024     4.310     2.140     3.686     3.160     4.135     7.253     3.821     0.908     0.204
    23.75    61.75    2027     0.283     0.915     3.212     5.271     2.576     4.493    12.895    10.270     7.511     3.259     0.590     0.000
    23.75    61.75    2028     0.064     1.159     3.025     3.498     1.796     6.789     5.037     9.846     6.067     4.452     0.918     0.233
    23.75    61.75    2029     0.050     1.300     2.226     2.717     2.037     7.959     7.997    16.971     6.958     3.490     0.648     0.000
    23.75    61.75    2030     0.579     0.989     2.713     2.096     5.837     7.049     4.941     1.900     7.632     4.307     0.566     0.000
    23.75    61.75    2031     0.134     1.141     2.139     3.647     4.252     4.039    12.120     8.975     4.916     3.858     0.976     0.000
    23.75    61.75    2032     0.057     1.905     2.659     5.417     3.469     7.325    10.960    10.807     3.686     4.842     0.697     0.400
    23.75    61.75    2033     0.308     1.719     4.320     2.802     6.098    12.774    15.662     7.807     6.024     4.143     1.024     0.000
    23.75    61.75    2034     0.525     0.398     1.915     3.062     0.218     7.491     9.115    12.558     4.828     4.002     0.692     0.000
    23.75    61.75    2035     0.189     1.613     1.969     2.357     3.456     8.449    12.415     8.730     6.234     4.583     1.012     0.002
    23.75    61.75    2036     0.677     1.229     2.362     2.362     2.417     3.624     4.194     7.849     5.551     3.483     0.366     0.000
    23.75    61.75    2037     0.118     1.465     2.476     2.986     1.018     6.538    12.936     5.684     5.652     3.752     0.908     0.037
    23.75    61.75    2038     0.107     1.553     3.047     2.149     2.746     3.220     8.787     9.159     3.317     3.803     1.835     0.059
    23.75    61.75    2039     0.330     1.251     2.794     2.233     7.760     6.088     8.148    11.873     2.614     3.566     0.777     0.000
    23.75    61.75    2040     0.283     1.021     3.086     3.265     3.289     7.286    13.856    11.628     6.435     3.735     0.835     0.000
    23.75    61.75    2041     0.519     0.906     2.059     1.241     3.125     5.092    10.266     8.159     6.710     3.894     0.670     0.000
    23.75    61.75    2042     0.314     1.208     3.888     3.171     2.506     5.044    16.646    14.756     6.476     3.330     0.674     0.000
    23.75    61.75    2043     0.093     1.205     2.213     1.813     2.940     4.547     4.283     3.088     7.553     3.190     0.905     0.059
    23.75    61.75    2044     0.264     1.567     2.585     2.053     1.152     7.721     7.426    10.619     6.765     5.296     0.899     0.198
    23.75    61.75    2045     0.118     1.138     3.539     2.257     7.456     7.835    10.101     8.770     2.956     4.204     0.595     0.000
    23.75    61.75    2046     0.124     1.032     2.733     1.615     5.175     7.392    17.362     9.007     5.175     3.357     1.087     0.044
    23.75    61.75    2047     0.314     0.851     1.147     4.867     2.766     6.495     8.246     7.596     2.637     4.330     0.859     0.000
    23.75    61.75    2048     0.166     0.907     2.521     3.333     4.326     9.024     7.450    14.146     4.409     2.309     0.767     0.000
    23.75    61.75    2049     0.152     1.305     3.340     4.023     1.976     4.953     9.101    13.562     4.930     3.609     0.864     0.000
    23.75    61.75    2050     0.138     1.476     2.621     2.025     4.836     4.507    10.974     9.801     7.004     3.954     0.731     0.130
    23.75    61.75    2051     0.240     1.339     2.672     2.346     4.743     5.664     7.357    11.049     7.852     3.307     1.054     0.000
    23.75    61.75    2052     0.007     0.721     2.680     4.839     3.374     9.927    13.296     5.491     9.255     2.930     1.010     0.061
    23.75    61.75    2053     0.025     0.530     3.080     3.597     2.062     8.109     9.149     6.721     2.929     4.893     1.241     0.103
    23.75    61.75    2054     0.019     1.318     3.325     3.537     3.659     8.222     8.329     9.240     5.678     3.517     0.393     0.380
    23.75    61.75    2055     0.232     1.694     2.218     3.404     5.216    11.631     6.408    10.029     6.087     3.590     0.567     0.002
    23.75    61.75    2056     0.422     1.513     2.463     2.827     5.461     7.306    13.746     9.267     6.295     3.065     0.752     0.018
    23.75    61.75    2057     0.329     1.499     2.265     4.129     4.446     6.520     7.181     7.594     7.234     5.965     0.749     0.000
    23.75    61.75    2058     0.178     1.007     2.891     3.826     3.895     9.189     5.460     8.704     3.517     4.246     1.057     0.026
    23.75    61.75    2059     0.394     0.825     3.728     3.341     8.384     7.821    11.465    17.842     6.308     4.353     0.712     0.000
    23.75    61.75    2060     0.085     1.106     2.518     4.140     9.833     1.374    17.552     8.623     6.124     3.535     1.067     0.027
    23.75    61.75    2061     0.048     1.459     3.484     2.608     4.477     3.996     9.593     5.711     4.482     4.565     0.600     0.035
    23.75    61.75    2062     0.533     0.892     2.697     4.349     6.200     4.055     4.183    11.953     5.367     4.426     0.558     0.064
    23.75    61.75    2063     0.329     1.602     2.767     4.901     5.861     2.079     4.463     4.947     4.237     1.985     0.769     0.029
    23.75    61.75    2064     0.074     0.787     3.219     2.054     3.720     1.917    10.739    11.094     6.237     3.979     1.664     0.034
    23.75    61.75    2065     0.169     0.703     3.449     3.171     5.937     1.759     8.745     9.203     6.976     4.361     0.720     0.000
    23.75    61.75    2066     0.356     1.140     2.305     3.685     3.782     4.612     4.913     7.874     7.579     2.312     0.868     0.000
    23.75    61.75    2067     0.281     1.044     2.675     2.205     6.308     7.980     9.074    10.632     7.736     4.578     1.216     0.000
    23.75    61.75    2068     0.148     1.136     3.837     0.851     3.550     6.911     8.464     4.238     0.578     4.344     1.057     0.001
    23.75    61.75    2069     0.434     1.081     3.588     4.143     4.598     6.927    14.653     8.576     3.234     4.047     1.100     0.000
    23.75    61.75    2070     0.207     0.938     2.533     2.960     5.432     1.874     8.196     8.278     5.362     4.677     0.826     0.000
    23.75    61.75    2071     0.490     0.613     2.948     3.040     3.471     2.650     9.560     7.768     4.615     3.180     0.939     0.000
    23.75    61.75    2072     0.328     1.130     2.780     3.098     5.151     8.701     7.929     6.056     7.306     4.806     0.442     0.065
    23.75    61.75    2073     0.311     0.712     2.734     4.316     4.238     5.804     7.916    11.900     5.180     4.812     0.764     0.025
    23.75    61.75    2074     0.089     1.236     2.684     2.971     2.338     5.155    15.680    14.791    10.343     4.044     0.938     0.909
    23.75    61.75    2075     0.099     1.049     2.199     2.651     4.713     7.548    10.418     7.584     3.569     5.110     0.994     0.000
    23.75    61.75    2076     0.222     1.018     2.854     3.619     3.868     6.538    15.959    19.625     5.094     4.183     0.668     0.000
    23.75    61.75    2077     0.263     1.134     3.494     4.095     1.812     4.274     8.646    14.265     7.187     3.942     1.106     0.329
    23.75    61.75    2078     0.187     1.471     1.597     0.966     4.158     3.905    15.254    16.703     8.072     5.293     0.977     0.000
    23.75    61.75    2079     0.286     1.091     3.441     1.442     3.779    11.419     9.960    10.771     4.076     6.195     0.999     0.000
    23.75    61.75    2080     0.323     0.715     1.677     3.192     3.923     8.364     4.752    13.562     5.287     4.154     0.791     0.000
    23.75    61.75    2081     0.181     1.628     2.087     2.607     6.269     7.359     4.679     7.239     5.873     2.780     1.521     0.000
    23.75    61.75    2082     0.159     0.975     3.542     4.155     7.831     5.275    12.784    11.765     6.349     5.245     0.681     0.035
    23.75    61.75    2083     0.362     0.847     2.639     3.736     4.167     9.283    12.126     8.524     9.857     4.146     0.743     0.000
    23.75    61.75    2084     0.522     1.098     3.002     2.003     4.993     5.562     1.771     7.208     4.311     5.858     0.933     0.014
    23.75    61.75    2085     0.239     1.854     1.353     2.005     5.345     9.466     4.411     9.265     8.400     1.895     0.683     0.101
    23.75    61.75    2086     0.379     0.851     1.766     4.688     3.707     6.982    13.116    12.653     1.131     4.345     0.943     0.000
    23.75    61.75    2087     0.424     1.682     2.298     5.286     6.472     8.015    15.648    18.924     4.325     4.845     1.070     0.000
    23.75    61.75    2088     0.249     0.870     2.637     5.040     1.910     5.664    12.656    13.198     8.537     7.355     1.269     0.000
    23.75    61.75    2089     0.369     2.263     3.684     4.151     6.194     5.695     4.181     4.014    10.513     5.189     1.082     0.002
    23.75    61.75    2090     0.240     1.679     2.906     3.220     4.599     5.344    15.375    12.505     6.176     3.880     0.945     0.119
    23.75    61.75    2091     1.194     0.939     2.760     2.845     5.842     8.209     8.003    15.410     7.640     5.187     0.965     0.004
    23.75    61.75    2092     0.175     1.094     2.765     3.266     6.107     7.147    12.688     8.347     8.898     4.229     0.928     0.000
    23.75    61.75    2093     0.242     1.208     2.861     5.103     6.291     6.880     7.819    10.493     5.565     4.460     0.804     0.001
    23.75    61.75    2094     0.305     0.910     3.338     4.062     6.226     5.754     6.800    14.060     6.375     3.841     0.849     0.000
    23.75    61.75    2095     0.189     1.155     2.644     2.930     2.578     4.764     5.776    12.117     5.799     3.753     1.110     0.009
    23.75    61.75    2096     0.357     0.852     2.978     2.305     9.115     6.929     5.039    11.943     8.429     5.355     0.854     0.000
    23.75    61.75    2097     0.577     1.041     1.507     2.945     2.786     5.594     6.849    15.143     8.505     4.561     0.828     0.000
    23.75    61.75    2098     0.118     0.864     2.391     4.012     2.213     2.864     5.584    11.621     4.280     4.998     0.755     0.529
    23.75    61.75    2099     0.119     1.126     3.597     3.098     6.415    13.213     7.563    15.897     2.706     5.515     0.741     0.000
    23.75    61.75    2100     0.248     1.510     3.557     2.121     0.981    12.089    17.661    14.655     7.035     4.972     1.344     0.000
    23.75    61.75    2101     0.564     0.800     2.062     3.221     3.683     2.804    11.137     8.242     5.015     4.008     0.758     0.001
    23.75    61.75    2102     0.328     1.065     3.078     5.322     5.879     9.647     7.652     7.551     9.068     3.665     0.577     0.078
    23.75    61.75    2103     0.374     1.008     2.355     4.589     4.513     5.686     7.227    13.175     5.865     4.611     0.635     0.060
    23.75    61.75    2104     0.063     1.107     2.561     3.024     2.394     5.262    12.340    16.480     6.827     5.791     1.418     0.525
    23.75    61.75    2105     0.324     1.160     2.328     2.669     4.795     7.599    10.480     7.570     3.592     3.870     0.858     0.000
    23.75    61.75    2106     0.610     1.736     2.916     3.589     3.805     6.609    16.044    17.773     5.005     4.497     0.758     0.000
    23.75    61.75    2107     0.209     1.061     2.628     4.068     1.807     4.219     8.538    10.836     6.739     3.153     1.295     0.411
    23.75    61.75    2108     0.100     1.186     1.648     1.008     4.436     5.129    14.422    14.117     8.483     5.053     1.243     0.000
    23.75    61.75    2109     0.301     2.133     3.388     1.566     3.976     5.664    10.160    11.685     4.284     5.548     1.083     0.000
    23.75    61.75    2110     0.514     1.523     1.860     3.305     3.634    12.740     4.897    13.812     7.299     4.070     0.846     0.000
    23.75    61.75    2111     0.320     1.538     2.336     2.765     6.662     7.609     4.951     6.886     5.116     3.488     1.924     0.000
    23.75    61.75    2112     0.257     1.579     3.947     4.413     8.307     5.534    12.744    10.839     6.906     3.039     0.988     0.074
    23.75    61.75    2113     0.423     1.130     2.250     3.456     3.828     7.638    12.982     8.722     9.292     3.770     1.282     0.000
    23.75    61.75    2114     0.616     0.647     3.122     2.080     5.109     6.161     1.814    10.564     4.449     4.384     0.833     0.007
    23.75    61.75    2115     0.194     1.718     1.368     2.052     4.931     8.684     4.487    13.293     8.072     2.152     0.860     0.163
    23.75    61.75    2116     0.503     1.061     1.802     4.713     3.781     8.179    15.480    17.202     1.177     5.830     1.062     0.000
    23.75    61.75    2117     0.346     1.392     2.382     5.320     7.369     8.269    12.315    15.055     4.452     3.331     1.168     0.000
    23.75    61.75    2118     0.370     1.517     3.532     5.187     1.940     6.489    15.486    17.279     6.728     5.878     0.952     0.000
    23.75    61.75    2119     0.467     1.224     4.187     3.900     6.223     7.078     4.210     4.029    10.159     3.818     1.407     0.001
    23.75    61.75    2120     0.141     1.602     2.960     3.251     5.108     5.396    17.117    12.930     6.182     5.302     0.505     0.167
    23.75    61.75    2121     0.666     1.285     2.620     2.857     4.595     8.253     8.050    10.647     7.148     5.662     0.899     0.003
    23.75    61.75    2122     0.225     1.344     3.162     4.230     5.890     7.080     9.879     6.890     7.952     5.192     1.161     0.000
    23.75    61.75    2123     0.253     1.432     3.214     5.359     6.558     7.110     8.055    10.401     6.529     5.682     1.417     0.001
    23.75    61.75    2124     0.150     1.052     3.075     4.149     6.071     5.830     6.907    10.581     5.701     4.742     1.109     0.000
    23.75    61.75    2125     0.137     1.708     2.164     3.091     2.678     4.967     6.033    12.068     5.704     5.009     0.905     0.019
    23.75    61.75    2126     0.500     1.108     3.191     2.392    10.602     8.444     5.192    12.459     9.931     5.025     0.978     0.000
    23.75    61.75    2127     0.799     1.091     1.640     3.098     2.905     5.840     7.170    15.878     8.495     5.275     1.432     0.000
    23.75    61.75    2128     0.044     1.122     2.637     4.694     2.337     2.984     5.821    12.036     4.533     4.352     0.573     0.512
    23.75    61.75    2129     0.146     0.910     3.431     3.467     6.088    16.167     7.914    16.627     3.177     6.114     0.861     0.000
    23.75    61.75    2130     0.306     1.016     3.847     2.141     0.977    10.703    20.975    10.486     7.348     3.526     1.541     0.001
    21.75    39.75    1980     1.685     2.049     1.240     1.983     1.246     1.149     2.120     0.330     0.228     0.992     2.135     0.787
    21.75    39.75    1981     0.570     0.922     0.559     0.799     1.085     0.179     0.153     0.000     0.456     2.253     0.424     1.413
    21.75    39.75    1982     0.351     0.211     0.530     1.255     0.098     0.077     0.251     0.432     0.281     1.580     0.523     0.990
    21.75    39.75    1983     0.551     0.467     3.025     0.959     0.575     0.907     0.477     0.428     0.842     0.791     1.479     1.598
    21.75    39.75    1984     0.449     0.444     1.081     0.735     4.013     0.542     0.053     0.123     1.329     0.908     2.883     4.037
    21.75    39.75    1985     1.685     2.132     1.156     0.521     0.141     0.639     0.968     0.044     0.388     0.369     2.583     2.652
    21.75    39.75    1986     1.823     1.960     2.575     2.540     0.660     1.836     1.195     0.915     2.131     1.200     0.718     1.096
    21.75    39.75    1987     2.885     2.324     3.214     3.339     4.509     1.890     1.118     1.136     1.586     3.184     3.075     1.925
    21.75    39.75    1988     1.205     0.626     3.405     2.309     1.972     3.919     1.734     0.159     0.817     6.480     2.659     3.459
    21.75    39.75    1989     2.597     2.343     5.155     1.159     2.864     1.431     1.158     0.133     1.086     0.264     6.384     1.813
    21.75    39.75    1990     0.507     1.318     1.722     1.032     2.623     0.208     0.402     0.396     0.296     2.948     1.516     0.931
    21.75    39.75    1991     0.414     1.111     0.609     1.553     2.324     1.227     0.889     0.063     0.241     0.339     4.487     0.774
    21.75    39.75    1992     0.366     1.148     1.562     1.211     0.163     0.100     0.367     0.445     3.252     2.564     1.569     1.454
    21.75    39.75    1993     1.058     0.786     1.020     1.643     0.797     1.142     0.096     0.522     0.285     1.012     4.649     2.584
    21.75    39.75    1994     0.892     0.676     1.097     2.338     0.757     0.525     0.137     0.289     1.242     1.890     0.532     1.538
    21.75    39.75    1995     1.869     1.138     1.834     1.448     1.362     2.041     1.012     0.536     0.412     2.417     4.022     1.956
    21.75    39.75    1996     0.586     1.646     1.730     5.379     0.791     0.930     0.412     2.523     0.217     0.648     1.319     1.343
    21.75    39.75    1997     2.240     1.721     1.482     1.275     0.968     1.562     0.961     1.637     1.950     0.642     1.476     1.726
    21.75    39.75    1998     0.840     1.837     0.995     0.827     0.400     1.408     2.030     1.786     0.488     2.599     0.907     2.133
    21.75    39.75    1999     0.946     1.174     0.749     0.389     0.779     1.033     0.156     0.137     1.149     2.096     1.631     1.820
    21.75    39.75    2000     0.822     0.261     1.732     1.124     0.337     0.941     0.107     0.314     2.577     0.358     0.711     1.774
    21.75    39.75    2001     1.106     1.843     3.772     0.333     0.764     0.747     0.595     0.233     0.081     2.202     2.130     1.637
    21.75    39.75    2002     1.272     0.179     0.539     0.358     0.411     0.591     0.151     0.194     0.000     2.226     1.131     0.914
    21.75    39.75    2003     0.656     1.578     1.894     0.572     1.411     0.653     0.276     0.927     0.206     0.993     1.378     0.809
    21.75    39.75    2004     1.241     2.083     2.413     0.669     0.411     0.049     0.124     0.175     0.839     0.045     1.521     1.515
    21.75    39.75    2005     0.929     0.667     0.676     0.083     4.220     0.606     0.309     0.041     2.394     1.018     0.572     1.511
    21.75    39.75    2006     1.405     1.092     0.934     0.969     0.914     0.745     0.349     0.123     0.283     1.952     2.996     2.303
    21.75    39.75    2007     0.824     0.810     1.203     0.890     1.015     0.146     0.159     0.376     0.801     1.871     0.099     2.243
    21.75    39.75    2008     0.708     1.239     1.505     2.425     0.000     3.241     0.688     2.019     1.570     1.675     3.401     0.937
    21.75    39.75    2009     0.992     0.623     2.466     2.300     1.518     2.465     1.538     1.579     1.954     2.912     1.948     3.057
    21.75    39.75    2010     1.991     0.857     1.691     1.977     1.335     0.173     0.090     0.395     0.642     3.815     3.758     1.789
    21.75    39.75    2011     1.149     1.145     0.744     0.377     1.544     0.737     0.519     0.794     0.744     0.568     0.809     0.737
    21.75    39.75    2012     1.362     1.096     3.850     1.097     0.554     1.063     0.633     0.801     0.739     0.069     2.732     2.239
    21.75    39.75    2013     1.091     0.592     0.991     0.476     0.308     0.089     0.058     0.140     1.201     2.670     0.838     2.170
    21.75    39.75    2014     1.304     1.944     2.070     0.438     0.283     1.049     0.371     0.083     1.353     1.603     1.323     0.728
    21.75    39.75    2015     0.849     0.428     3.427     2.575     5.674     1.521     0.938     0.127     0.493     0.446     1.835     2.811
    21.75    39.75    2016     1.030     0.858     2.253     0.760     1.064     0.323     0.761     0.123     1.620     1.866     2.650     2.708
    21.75    39.75    2017     0.322     1.306     2.081     0.788     0.177     0.432     0.625     0.104     1.079     0.761     0.710     3.260
    21.75    39.75    2018     1.205     1.007     2.688     2.399     2.131     0.871     0.687     0.399     0.088     1.431     1.734     1.551
    21.75    39.75    2019     1.251     0.434     1.502     0.206     2.541     1.163     0.476     0.453     0.287     2.269     1.722     2.996
    21.75    39.75    2020     1.154     0.320     4.285     1.418     0.427     0.171     0.357     0.091     0.910     2.089     1.887     2.492
    21.75    39.75    2021     1.467     1.765     1.619     1.873     2.264     0.342     1.054     0.274     1.499     3.270     0.289     2.125
    21.75    39.75    2022     1.671     1.037     0.579     3.238     0.337     0.000     0.970     1.376     0.270     0.918     1.699     2.131
    21.75    39.75    2023     1.107     0.641     2.324     1.367     0.318     0.202     0.073     0.049     0.000     1.125     2.679     1.075
    21.75    39.75    2024     1.180     0.180     2.998     0.713     0.000     0.596     0.874     3.617     0.491     0.153     2.341     1.638
    21.75    39.75    2025     0.063     2.103     2.647     1.159     1.021     0.136     0.047     0.134     0.361     0.865     2.315     2.894
    21.75    39.75    2026     1.261     1.062     0.524     0.650     0.828     0.724     0.547     0.241     1.413     2.716     2.396     2.519
    21.75    39.75    2027     0.713     1.368     1.510     2.464     2.067     1.713     0.793     0.174     1.246     0.496     1.596     3.286
    21.75    39.75    2028     1.805     0.289     0.349     2.431     0.650     0.697     1.094     0.106     1.473     0.974     1.346     3.283
    21.75    39.75    2029     1.311     2.844     3.825     1.204     2.401     3.586     1.450     0.357     0.705     0.636     4.173     1.090
    21.75    39.75    2030     2.022     2.777     0.927     0.941     0.240     0.103     0.093     0.911     5.735     0.178     1.070     0.502
    21.75    39.75    2031     0.967     0.138     0.427     2.230     1.421     0.831     0.064     1.510     2.211     2.471     3.148     0.599
    21.75    39.75    2032     0.345     0.086     0.275     0.040     1.679     0.806     0.195     0.069     0.689     0.763     1.210     1.406
    21.75    39.75    2033     0.813     0.380     0.813     0.462     0.218     0.022     0.200     0.057     0.556     2.193     1.294     1.253
    21.75    39.75    2034     0.834     0.846     1.048     1.858     1.384     0.071     0.326     0.025     0.846     0.651     0.448     2.075
    21.75    39.75    2035     2.809     0.405     4.310     1.209     0.575     0.056     0.120     1.320     0.096     0.504     2.217     1.816
    21.75    39.75    2036     1.092     1.420     1.138     1.307     0.309     0.047     0.946     0.027     0.000     0.591     0.692     1.404
    21.75    39.75    2037     0.306     0.454     0.306     0.652     0.816     0.071     0.464     2.552     0.958     3.821     1.783     1.671
    21.75    39.75    2038     0.837     0.365     1.303     1.405     1.159     0.000     0.023     0.000     1.568     1.150     2.433     2.059
    21.75    39.75    2039     1.022     1.691     4.695     2.195     3.490     0.416     0.312     0.054     1.241     0.313     0.000     1.301
    21.75    39.75    2040     0.411     1.913     0.933     0.684     2.236     1.219     0.156     0.383     1.625     2.863     3.733     3.249
    21.75    39.75    2041     0.960     0.885     0.836     0.517     1.605     1.108     0.887     0.340     0.370     0.724     1.002     1.969
    21.75    39.75    2042     1.099     2.615     2.410     2.086     0.563     0.177     1.130     0.000     2.223     1.730     3.692     3.169
    21.75    39.75    2043     2.904     0.653     2.275     2.399     0.256     1.539     0.836     0.591     0.124     0.978     0.605     0.244
    21.75    39.75    2044     0.926     3.498     4.070     5.511     0.000     0.993     0.566     0.511     0.607     0.411     0.519     1.051
    21.75    39.75    2045     0.989     0.635     0.807     0.255     0.110     0.620     0.234     0.388     0.049     0.787     1.009     1.944
    21.75    39.75    2046     0.117     0.025     0.128     0.045     0.081     0.005     0.002     0.092     0.157     0.215     0.134     0.248
    21.75    39.75    2047     0.761     0.069     0.303     0.956     0.019     1.040     0.006     0.214     0.468     0.855     1.373     3.081
    21.75    39.75    2048     0.534     0.316     1.498     0.444     2.294     0.028     0.350     1.205     2.822     0.606     2.818     1.147
    21.75    39.75    2049     2.976     0.915     3.199     1.493     0.494     0.147     0.131     0.679     0.219     2.621     5.324     1.689
    21.75    39.75    2050     0.488     0.010     1.298     0.286     0.116     0.093     0.048     0.147     0.181     0.114     0.596     2.693
    21.75    39.75    2051     0.411     1.199     0.529     0.139     0.046     0.013     0.087     0.080     0.129     0.476     0.432     1.409
    21.75    39.75    2052     0.845     1.976     0.286     0.061     0.080     0.039     0.055     1.121     0.227     0.113     3.917     0.968
    21.75    39.75    2053     0.006     0.390     0.603     0.373     0.366     0.122     0.306     0.040     0.200     0.017     1.508     0.409
    21.75    39.75    2054     0.345     1.168     2.155     0.224     0.208     1.041     0.151     0.045     0.747     1.465     2.784     0.675
    21.75    39.75    2055     0.025     0.804     2.827     2.507     2.447     0.545     0.414     1.735     0.669     0.128     1.804     1.954
    21.75    39.75    2056     0.032     0.879     0.217     2.285     0.362     0.152     0.712     0.209     0.159     1.016     0.863     2.385
    21.75    39.75    2057     0.322     0.661     0.668     0.460     0.227     0.876     0.269     0.293     0.221     0.185     0.022     1.377
    21.75    39.75    2058     0.093     0.240     0.187     0.255     0.023     0.058     0.038     0.300     0.094     0.830     0.095     1.046
    21.75    39.75    2059     0.253     0.285     0.255     0.053     0.000     0.010     0.000     0.081     0.111     0.522     0.319     1.219
    21.75    39.75    2060     0.067     0.325     0.584     0.330     0.717     0.118     0.024     0.045     0.010     0.046     1.639     0.908
    21.75    39.75    2061     0.766     0.259     0.699     0.030     0.000     0.698     0.640     0.031     0.203     0.000     0.859     0.708
    21.75    39.75    2062     0.162     0.012     1.517     0.798     0.406     0.155     0.023     0.055     0.260     1.053     2.260     1.887
    21.75    39.75    2063     1.116     1.255     1.024     0.488     0.199     0.139     0.238     0.055     0.000     0.354     3.087     2.434
    21.75    39.75    2064     0.774     0.968     2.067     0.662     0.210     0.291     0.184     0.144     0.050     0.196     1.803     1.369
    21.75    39.75    2065     0.538     0.489     1.394     0.228     0.000     0.516     0.067     0.000     0.595     2.292     1.343     3.619
    21.75    39.75    2066     0.017     0.388     2.287     1.026     0.241     0.044     0.209     0.525     0.335     0.165     1.005     0.337
    21.75    39.75    2067     0.370     0.023     0.725     3.125     0.000     0.328     0.193     0.021     0.031     0.254     0.456     3.125
    21.75    39.75    2068     0.399     0.988     0.716     1.929     0.399     0.173     0.014     0.523     0.678     0.218     1.714     0.247
    21.75    39.75    2069     0.261     0.416     0.117     0.591     0.227     0.000     0.268     0.064     0.352     0.299     3.444     1.930
    21.75    39.75    2070     0.427     0.617     0.386     0.804     1.176     0.082     0.050     0.078     0.202     0.429     0.364     0.936
    21.75    39.75    2071     1.155     0.870     1.569     0.000     0.134     0.077     0.277     0.082     1.690     1.264     2.077     1.815
    21.75    39.75    2072     0.686     0.225     0.401     0.944     0.338     0.000     0.415     0.020     0.594     0.334     0.636     0.979
    21.75    39.75    2073     0.115     0.995     1.713     0.635     0.669     0.820     0.146     0.021     0.306     0.217     4.421     3.349
    21.75    39.75    2074     0.191     0.999     0.283     0.366     0.030     0.122     0.055     0.073     0.000     0.359     0.253     1.090
    21.75    39.75    2075     0.573     0.653     1.207     0.133     0.453     0.243     0.051     0.000     0.827     0.258     0.314     0.989
    21.75    39.75    2076     0.349     1.531     0.428     2.018     1.197     0.075     0.031     0.529     0.071     0.006     1.183     0.588
    21.75    39.75    2077     0.431     0.400     2.233     0.165     0.023     0.000     0.059     0.110     0.041     0.136     0.129     1.081
    21.75    39.75    2078     0.330     0.317     0.057     0.147     0.014     0.000     0.058     0.000     0.007     0.000     0.237     0.658
    21.75    39.75    2079     0.171     0.420     0.346     0.412     0.277     0.024     0.004     0.003     0.942     0.047     0.291     0.910
    21.75    39.75    2080     0.544     1.335     1.326     1.713     0.168     0.090     0.719     0.061     0.431     0.647     2.160     2.584
    21.75    39.75    2081     0.321     0.688     0.940     2.112     0.659     0.290     0.253     0.045     0.082     0.518     0.788     3.314
    21.75    39.75    2082     1.556     0.974     0.855     0.938     0.839     0.228     0.033     0.000     0.305     0.226     1.101     3.736
    21.75    39.75    2083     0.174     0.404     0.421     0.048     0.033     0.260     0.000     0.111     0.800     0.614     0.262     0.731
    21.75    39.75    2084     0.429     0.448     0.952     2.324     0.390     0.040     0.413     0.261     0.040     0.553     1.953     2.278
    21.75    39.75    2085     1.610     0.808     3.298     1.433     0.052     0.026     0.089     0.897     0.344     0.398     2.842     2.954
    21.75    39.75    2086     0.432     1.990     3.273     0.344     0.229     0.051     0.087     0.272     0.826     0.025     0.841     0.188
    21.75    39.75    2087     1.017     0.000     2.292     0.842     0.025     0.021     0.025     0.139     0.401     0.548     0.485     0.855
    21.75    39.75    2088     0.067     0.369     0.810     0.013     0.035     0.031     0.008     0.044     0.111     0.016     0.790     1.526
    21.75    39.75    2089     0.949     0.037     0.588     0.253     0.106     0.067     0.218     0.019     0.006     0.482     2.261     1.618
    21.75    39.75    2090     0.616     1.662     0.071     0.099     0.005     0.024     0.000     0.000     0.224     0.422     0.956     0.786
    21.75    39.75    2091     0.232     0.004     0.524     0.396     0.028     0.138     0.126     0.034     0.000     0.008     0.592     0.175
    21.75    39.75    2092     0.668     1.487     0.849     0.044     0.026     0.000     0.011     0.021     0.002     0.325     0.290     2.459
    21.75    39.75    2093     0.049     0.315     0.568     0.999     0.228     0.281     0.453     0.087     0.366     0.147     2.796     2.171
    21.75    39.75    2094     0.323     0.909     3.189     0.123     0.038     0.055     0.145     0.227     0.035     0.000     0.115     3.048
    21.75    39.75    2095     0.177     0.116     0.209     1.022     0.337     0.360     0.283     0.130     0.437     0.397     0.409     0.387
    21.75    39.75    2096     2.125     1.277     1.198     0.466     0.138     0.192     0.068     0.061     0.140     0.481     2.136     0.779
    21.75    39.75    2097     0.716     0.754     0.621     0.556     0.190     0.180     0.057     0.097     0.121     0.000     0.727     0.887
    21.75    39.75    2098     0.610     0.954     0.904     0.041     0.533     0.095     0.046     0.051     0.559     0.095     1.054     2.824
    21.75    39.75    2099     0.582     0.307     0.045     0.373     1.150     0.121     0.275     0.000     0.160     0.291     0.837     0.800
    21.75    39.75    2100     0.462     0.543     1.418     2.162     0.150     0.247     0.166     0.128     0.314     0.196     0.834     0.153
    21.75    39.75    2101     1.368     1.064     1.297     0.000     0.150     0.111     0.402     0.087     0.654     1.338     1.635     1.427
    21.75    39.75    2102     0.911     0.316     0.428     0.754     0.310     0.000     0.434     0.010     0.328     0.356     0.718     1.062
    21.75    39.75    2103     0.240     1.358     2.026     0.689     1.049     0.829     0.314     0.018     0.115     0.423     5.711     4.693
    21.75    39.75    2104     0.228     1.060     0.273     0.468     0.031     0.140     0.066     0.053     0.000     0.547     0.240     1.035
    21.75    39.75    2105     0.619     1.109     1.454     0.189     0.438     0.403     0.041     0.000     0.372     0.268     0.399     1.109
    21.75    39.75    2106     0.563     1.864     0.490     2.219     1.702     0.071     0.035     1.319     0.069     0.046     2.013     0.685
    21.75    39.75    2107     0.415     0.895     2.429     0.249     0.026     0.000     0.067     0.137     0.060     0.260     0.149     1.278
    21.75    39.75    2108     0.381     0.481     0.060     0.201     0.024     0.000     0.097     0.000     0.009     0.000     0.215     0.756
    21.75    39.75    2109     0.176     0.465     0.384     0.831     0.295     0.006     0.005     0.002     0.814     0.160     0.346     1.089
    21.75    39.75    2110     0.609     1.314     1.353     0.951     0.395     0.017     1.023     0.089     0.054     0.610     2.255     2.703
    21.75    39.75    2111     0.505     1.426     1.046     1.972     1.002     0.475     0.192     0.204     0.081     2.141     0.849     3.546
    21.75    39.75    2112     2.315     1.494     1.031     1.039     0.995     0.308     0.044     0.000     0.082     0.213     1.692     4.013
    21.75    39.75    2113     0.349     0.399     0.506     0.047     0.042     0.330     0.000     0.129     0.599     0.629     0.283     0.797
    21.75    39.75    2114     0.640     0.640     1.177     2.844     0.920     0.047     0.274     0.215     0.084     0.472     2.346     2.735
    21.75    39.75    2115     1.390     0.617     3.232     1.392     0.061     0.046     0.192     0.246     0.189     2.560     2.600     2.614
    21.75    39.75    2116     0.382     2.348     3.738     0.393     0.213     0.060     0.150     0.364     0.647     0.036     1.092     0.200
    21.75    39.75    2117     1.352     0.000     2.818     0.730     0.041     0.030     0.029     0.162     0.357     0.584     0.613     1.037
    21.75    39.75    2118     0.146     0.544     0.932     0.026     0.041     0.012     0.063     0.125     0.236     0.031     0.969     1.701
    21.75    39.75    2119     0.873     0.058     0.525     0.452     0.078     0.003     0.595     0.247     0.354     0.151     2.383     1.710
    21.75    39.75    2120     0.870     1.724     0.080     0.150     0.005     0.045     0.000     0.000     0.038     0.499     1.087     0.884
    21.75    39.75    2121     0.330     0.002     0.804     0.459     0.021     0.209     0.413     0.041     0.000     0.067     0.639     0.199
    21.75    39.75    2122     1.108     1.916     1.096     0.091     0.038     0.000     0.009     0.012     0.155     0.675     0.377     3.402
    21.75    39.75    2123     0.030     0.385     0.600     1.150     0.194     0.234     0.258     0.106     0.211     0.315     2.334     2.129
    21.75    39.75    2124     0.349     0.927     3.555     0.153     0.058     0.065     0.119     0.189     0.184     0.000     0.131     5.713
    21.75    39.75    2125     0.504     0.159     0.354     1.311     0.516     0.618     0.527     0.130     0.308     0.544     0.541     0.511
    21.75    39.75    2126     2.958     1.302     1.345     0.437     0.166     0.248     0.095     0.117     1.371     0.039     2.096     0.774
    21.75    39.75    2127     0.366     0.956     0.763     0.718     0.359     0.325     0.071     0.168     0.332     0.000     0.704     0.878
    21.75    39.75    2128     0.533     0.958     1.012     0.071     0.643     0.195     0.068     0.075     0.440     0.044     0.938     2.604
    21.75    39.75    2129     0.287     0.287     0.052     0.581     1.679     0.133     0.397     0.000     0.154     0.256     0.896     0.850
    21.75    39.75    2130     0.420     0.570     1.461     2.477     0.171     0.175     0.217     0.157     0.156     0.312     0.700     0.139
