      Lon      Lat    Year      CH LAI_Sum LAI_Win      z0  z0_Win
     9.75    49.75    1980    8.14    3.94    1.48    0.46    0.83
     9.75    49.75    1981    8.10    3.91    1.45    0.46    0.83
     9.75    49.75    1982    8.16    3.92    1.48    0.46    0.83
     9.75    49.75    1983    8.31    4.03    1.50    0.47    0.85
     9.75    49.75    1984    8.27    4.00    1.53    0.47    0.83
     9.75    49.75    1985    8.29    4.01    1.53    0.47    0.84
     9.75    49.75    1986    8.14    3.88    1.45    0.47    0.83
     9.75    49.75    1987    8.34    4.00    1.49    0.47    0.85
     9.75    49.75    1988    8.05    3.81    1.41    0.47    0.82
     9.75    49.75    1989    8.34    3.97    1.46    0.48    0.85
     9.75    49.75    1990    8.38    3.98    1.47    0.48    0.86
     9.75    49.75    1991    8.53    4.10    1.49    0.48    0.87
     9.75    49.75    1992    8.54    4.11    1.51    0.48    0.87
     9.75    49.75    1993    8.68    4.15    1.51    0.49    0.89
     9.75    49.75    1994    8.63    4.09    1.47    0.49    0.88
     9.75    49.75    1995    8.90    4.22    1.54    0.50    0.91
     9.75    49.75    1996    8.80    4.13    1.51    0.50    0.90
     9.75    49.75    1997    9.06    4.29    1.56    0.50    0.93
     9.75    49.75    1998    8.98    4.25    1.52    0.50    0.92
     9.75    49.75    1999    8.92    4.16    1.49    0.51    0.92
     9.75    49.75    2000    9.34    4.42    1.57    0.52    0.96
     9.75    49.75    2001    9.27    4.35    1.54    0.51    0.95
     9.75    49.75    2002    9.25    4.28    1.49    0.52    0.96
     9.75    49.75    2003    9.46    4.39    1.56    0.52    0.97
     9.75    49.75    2004    9.47    4.38    1.58    0.52    0.96
     9.75    49.75    2005    9.53    4.41    1.56    0.53    0.98
     9.75    49.75    2006    9.55    4.38    1.56    0.53    0.98
     9.75    49.75    2007    9.40    4.22    1.51    0.53    0.96
     9.75    49.75    2008    9.81    4.46    1.56    0.54    1.02
     9.75    49.75    2009    9.59    4.31    1.51    0.54    0.99
     9.75    49.75    2010    9.74    4.37    1.52    0.54    1.01
     9.75    49.75    2011    9.81    4.36    1.55    0.55    1.00
     9.75    49.75    2012    9.90    4.39    1.53    0.55    1.02
     9.75    49.75    2013    9.87    4.30    1.52    0.56    1.01
     9.75    49.75    2014   10.29    4.49    1.57    0.57    1.07
     9.75    49.75    2015   10.27    4.44    1.56    0.57    1.06
     9.75    49.75    2016   10.14    4.29    1.51    0.57    1.05
     9.75    49.75    2017   10.51    4.46    1.56    0.58    1.09
     9.75    49.75    2018   10.21    4.20    1.48    0.58    1.06
     9.75    49.75    2019   10.47    4.31    1.47    0.59    1.10
     9.75    49.75    2020   10.71    4.42    1.53    0.60    1.12
     9.75    49.75    2021   10.36    4.12    1.45    0.60    1.08
     9.75    49.75    2022   10.69    4.25    1.51    0.61    1.11
     9.75    49.75    2023   10.75    4.25    1.50    0.61    1.12
     9.75    49.75    2024   10.98    4.34    1.56    0.62    1.14
     9.75    49.75    2025   10.82    4.18    1.51    0.62    1.12
     9.75    49.75    2026   10.50    3.81    1.40    0.63    1.10
     9.75    49.75    2027   10.61    3.83    1.39    0.63    1.12
     9.75    49.75    2028   10.88    3.95    1.43    0.64    1.15
     9.75    49.75    2029   11.02    4.05    1.46    0.64    1.16
     9.75    49.75    2030   11.07    4.06    1.46    0.64    1.16
     9.75    49.75    2031   11.18    4.11    1.47    0.65    1.17
     9.75    49.75    2032   11.38    4.20    1.51    0.65    1.19
     9.75    49.75    2033   11.48    4.26    1.52    0.65    1.21
     9.75    49.75    2034   10.87    3.66    1.37    0.66    1.14
     9.75    49.75    2035   11.36    3.95    1.44    0.67    1.20
     9.75    49.75    2036   11.42    4.01    1.44    0.67    1.20
     9.75    49.75    2037   11.29    3.90    1.41    0.67    1.18
     9.75    49.75    2038   11.31    3.84    1.38    0.68    1.20
     9.75    49.75    2039   11.70    4.03    1.47    0.68    1.23
     9.75    49.75    2040   11.72    4.05    1.47    0.68    1.24
     9.75    49.75    2041   11.50    3.92    1.42    0.68    1.21
     9.75    49.75    2042   11.49    3.86    1.40    0.68    1.21
     9.75    49.75    2043   11.60    3.90    1.41    0.69    1.22
     9.75    49.75    2044   11.70    3.94    1.42    0.69    1.24
     9.75    49.75    2045   11.63    3.85    1.39    0.69    1.23
     9.75    49.75    2046   11.89    4.00    1.43    0.70    1.26
     9.75    49.75    2047   11.52    3.75    1.35    0.70    1.22
     9.75    49.75    2048   11.49    3.67    1.31    0.70    1.23
     9.75    49.75    2049   11.56    3.67    1.31    0.71    1.24
     9.75    49.75    2050   11.36    3.54    1.29    0.71    1.21
     9.75    49.75    2051   11.39    3.54    1.28    0.71    1.21
     9.75    49.75    2052   11.62    3.65    1.31    0.71    1.24
     9.75    49.75    2053   11.60    3.64    1.30    0.71    1.24
     9.75    49.75    2054   11.70    3.68    1.30    0.71    1.26
     9.75    49.75    2055   11.35    3.40    1.23    0.72    1.22
     9.75    49.75    2056   11.50    3.45    1.26    0.73    1.24
     9.75    49.75    2057   11.24    3.30    1.20    0.72    1.21
     9.75    49.75    2058   11.45    3.38    1.22    0.73    1.24
     9.75    49.75    2059   11.61    3.45    1.24    0.73    1.25
     9.75    49.75    2060   11.34    3.30    1.18    0.73    1.23
     9.75    49.75    2061   11.70    3.48    1.25    0.73    1.26
     9.75    49.75    2062   11.92    3.58    1.30    0.74    1.28
     9.75    49.75    2063   12.02    3.64    1.33    0.74    1.29
     9.75    49.75    2064   11.86    3.54    1.30    0.74    1.27
     9.75    49.75    2065   11.96    3.56    1.31    0.74    1.28
     9.75    49.75    2066   12.02    3.59    1.32    0.74    1.29
     9.75    49.75    2067   11.78    3.37    1.26    0.75    1.27
     9.75    49.75    2068   11.96    3.45    1.29    0.75    1.29
     9.75    49.75    2069   11.95    3.42    1.28    0.75    1.29
     9.75    49.75    2070   11.66    3.21    1.22    0.76    1.26
     9.75    49.75    2071   11.61    3.17    1.21    0.76    1.26
     9.75    49.75    2072   11.67    3.20    1.21    0.76    1.27
     9.75    49.75    2073   11.71    3.24    1.23    0.76    1.27
     9.75    49.75    2074   11.64    3.17    1.21    0.76    1.27
     9.75    49.75    2075   11.85    3.28    1.24    0.76    1.29
     9.75    49.75    2076   12.05    3.38    1.27    0.76    1.31
     9.75    49.75    2077   12.20    3.44    1.31    0.77    1.32
     9.75    49.75    2078   12.05    3.31    1.29    0.77    1.30
     9.75    49.75    2079   12.03    3.29    1.27    0.77    1.31
     9.75    49.75    2080   11.98    3.23    1.25    0.78    1.30
     9.75    49.75    2081   11.95    3.19    1.24    0.78    1.30
     9.75    49.75    2082   11.80    3.12    1.21    0.78    1.29
     9.75    49.75    2083   11.91    3.18    1.23    0.78    1.30
     9.75    49.75    2084   11.91    3.18    1.23    0.78    1.30
     9.75    49.75    2085   11.99    3.23    1.24    0.78    1.31
     9.75    49.75    2086   12.02    3.23    1.24    0.78    1.32
     9.75    49.75    2087   12.09    3.24    1.26    0.78    1.32
     9.75    49.75    2088   12.02    3.19    1.24    0.78    1.32
     9.75    49.75    2089   11.89    3.12    1.23    0.78    1.30
     9.75    49.75    2090   11.71    3.01    1.19    0.79    1.29
     9.75    49.75    2091   11.57    2.95    1.17    0.79    1.28
     9.75    49.75    2092   11.61    2.97    1.18    0.79    1.28
     9.75    49.75    2093   11.46    2.91    1.16    0.79    1.27
     9.75    49.75    2094   11.61    2.98    1.19    0.78    1.28
     9.75    49.75    2095   11.57    2.94    1.17    0.79    1.28
     9.75    49.75    2096   11.76    3.05    1.22    0.78    1.30
     9.75    49.75    2097   11.60    2.96    1.18    0.79    1.29
     9.75    49.75    2098   11.64    2.99    1.18    0.78    1.29
     9.75    49.75    2099   11.61    2.98    1.18    0.78    1.29
     9.75    49.75    2100   11.58    2.98    1.17    0.78    1.29
     9.75    49.75    2101   11.36    2.86    1.13    0.78    1.28
     9.75    49.75    2102   11.23    2.81    1.10    0.78    1.27
     9.75    49.75    2103   11.12    2.79    1.11    0.78    1.25
     9.75    49.75    2104   10.90    2.70    1.06    0.77    1.24
     9.75    49.75    2105   10.94    2.76    1.07    0.77    1.25
     9.75    49.75    2106   10.99    2.83    1.09    0.76    1.25
     9.75    49.75    2107   10.98    2.85    1.09    0.76    1.25
     9.75    49.75    2108   10.75    2.73    1.06    0.76    1.23
     9.75    49.75    2109   10.62    2.70    1.04    0.75    1.22
     9.75    49.75    2110   10.51    2.65    1.02    0.75    1.21
     9.75    49.75    2111   10.43    2.61    1.01    0.75    1.20
     9.75    49.75    2112   10.29    2.57    0.99    0.75    1.19
     9.75    49.75    2113   10.29    2.59    0.99    0.75    1.18
     9.75    49.75    2114   10.26    2.61    0.99    0.74    1.18
     9.75    49.75    2115   10.25    2.63    0.99    0.74    1.18
     9.75    49.75    2116   10.22    2.63    0.99    0.73    1.18
     9.75    49.75    2117   10.16    2.63    0.99    0.73    1.17
     9.75    49.75    2118   10.07    2.59    0.97    0.73    1.16
     9.75    49.75    2119    9.96    2.55    0.96    0.73    1.15
     9.75    49.75    2120    9.77    2.46    0.93    0.73    1.13
     9.75    49.75    2121    9.64    2.41    0.92    0.72    1.12
     9.75    49.75    2122    9.60    2.42    0.91    0.72    1.12
     9.75    49.75    2123    9.48    2.37    0.89    0.72    1.11
     9.75    49.75    2124    9.52    2.41    0.91    0.72    1.11
     9.75    49.75    2125    9.44    2.38    0.90    0.71    1.10
     9.75    49.75    2126    9.49    2.44    0.92    0.71    1.10
     9.75    49.75    2127    9.34    2.37    0.89    0.71    1.08
     9.75    49.75    2128    9.34    2.39    0.89    0.70    1.08
     9.75    49.75    2129    9.32    2.39    0.90    0.70    1.08
     9.75    49.75    2130    9.27    2.38    0.88    0.70    1.08
    13.75    55.75    1980    6.23    3.22    1.19    0.39    0.65
    13.75    55.75    1981    6.23    3.18    1.16    0.39    0.65
    13.75    55.75    1982    6.18    3.11    1.13    0.40    0.65
    13.75    55.75    1983    6.37    3.22    1.14    0.40    0.67
    13.75    55.75    1984    6.59    3.35    1.24    0.41    0.69
    13.75    55.75    1985    6.61    3.37    1.26    0.41    0.69
    13.75    55.75    1986    6.51    3.26    1.22    0.41    0.68
    13.75    55.75    1987    6.60    3.29    1.21    0.41    0.69
    13.75    55.75    1988    6.74    3.37    1.23    0.42    0.71
    13.75    55.75    1989    6.60    3.26    1.18    0.41    0.69
    13.75    55.75    1990    6.79    3.36    1.24    0.42    0.71
    13.75    55.75    1991    6.74    3.31    1.21    0.42    0.71
    13.75    55.75    1992    6.83    3.34    1.23    0.43    0.72
    13.75    55.75    1993    7.09    3.51    1.31    0.43    0.74
    13.75    55.75    1994    7.14    3.55    1.34    0.43    0.74
    13.75    55.75    1995    7.01    3.42    1.28    0.43    0.73
    13.75    55.75    1996    7.18    3.52    1.31    0.44    0.75
    13.75    55.75    1997    7.26    3.55    1.31    0.44    0.76
    13.75    55.75    1998    7.27    3.53    1.31    0.44    0.76
    13.75    55.75    1999    7.36    3.57    1.31    0.44    0.77
    13.75    55.75    2000    7.22    3.42    1.23    0.45    0.76
    13.75    55.75    2001    7.55    3.62    1.32    0.45    0.79
    13.75    55.75    2002    7.35    3.48    1.30    0.45    0.76
    13.75    55.75    2003    7.50    3.55    1.33    0.46    0.78
    13.75    55.75    2004    7.74    3.71    1.40    0.46    0.81
    13.75    55.75    2005    7.54    3.53    1.31    0.46    0.79
    13.75    55.75    2006    7.48    3.44    1.28    0.46    0.79
    13.75    55.75    2007    7.98    3.79    1.41    0.47    0.84
    13.75    55.75    2008    7.91    3.78    1.41    0.47    0.82
    13.75    55.75    2009    7.76    3.64    1.36    0.47    0.81
    13.75    55.75    2010    8.09    3.82    1.44    0.48    0.84
    13.75    55.75    2011    8.05    3.72    1.41    0.48    0.84
    13.75    55.75    2012    8.14    3.72    1.39    0.49    0.85
    13.75    55.75    2013    8.18    3.66    1.38    0.50    0.86
    13.75    55.75    2014    8.48    3.82    1.44    0.51    0.89
    13.75    55.75    2015    8.61    3.87    1.52    0.51    0.89
    13.75    55.75    2016    9.00    4.11    1.61    0.52    0.93
    13.75    55.75    2017    8.81    3.98    1.61    0.52    0.90
    13.75    55.75    2018    8.58    3.70    1.46    0.52    0.89
    13.75    55.75    2019    8.80    3.75    1.46    0.53    0.92
    13.75    55.75    2020    8.96    3.78    1.49    0.54    0.93
    13.75    55.75    2021    8.71    3.54    1.40    0.54    0.91
    13.75    55.75    2022    9.04    3.70    1.46    0.55    0.94
    13.75    55.75    2023    8.71    3.40    1.34    0.55    0.91
    13.75    55.75    2024    8.66    3.29    1.28    0.56    0.92
    13.75    55.75    2025    9.07    3.49    1.40    0.57    0.95
    13.75    55.75    2026    9.19    3.57    1.42    0.57    0.96
    13.75    55.75    2027    9.46    3.75    1.52    0.57    0.98
    13.75    55.75    2028    9.21    3.57    1.44    0.57    0.95
    13.75    55.75    2029    9.38    3.62    1.46    0.58    0.97
    13.75    55.75    2030    9.23    3.45    1.38    0.58    0.97
    13.75    55.75    2031    9.73    3.74    1.50    0.59    1.01
    13.75    55.75    2032    9.60    3.69    1.50    0.59    0.99
    13.75    55.75    2033    9.37    3.49    1.40    0.59    0.97
    13.75    55.75    2034    9.80    3.72    1.50    0.60    1.02
    13.75    55.75    2035    9.71    3.67    1.47    0.59    1.01
    13.75    55.75    2036    9.91    3.76    1.54    0.60    1.02
    13.75    55.75    2037   10.04    3.84    1.57    0.60    1.03
    13.75    55.75    2038    9.84    3.67    1.50    0.60    1.01
    13.75    55.75    2039   10.05    3.74    1.53    0.61    1.03
    13.75    55.75    2040   10.16    3.77    1.53    0.61    1.05
    13.75    55.75    2041    9.70    3.38    1.38    0.62    1.00
    13.75    55.75    2042    9.86    3.42    1.39    0.62    1.03
    13.75    55.75    2043    9.80    3.33    1.35    0.63    1.02
    13.75    55.75    2044    9.79    3.27    1.33    0.63    1.03
    13.75    55.75    2045   10.15    3.48    1.42    0.64    1.06
    13.75    55.75    2046   10.08    3.47    1.42    0.63    1.04
    13.75    55.75    2047   10.05    3.46    1.40    0.63    1.04
    13.75    55.75    2048   10.02    3.41    1.40    0.63    1.04
    13.75    55.75    2049   10.17    3.45    1.45    0.64    1.05
    13.75    55.75    2050   10.32    3.54    1.48    0.64    1.06
    13.75    55.75    2051   10.39    3.56    1.50    0.64    1.07
    13.75    55.75    2052   10.23    3.42    1.42    0.65    1.06
    13.75    55.75    2053   10.47    3.53    1.48    0.65    1.08
    13.75    55.75    2054   10.26    3.37    1.40    0.65    1.07
    13.75    55.75    2055   10.41    3.42    1.43    0.66    1.08
    13.75    55.75    2056   10.39    3.40    1.42    0.66    1.08
    13.75    55.75    2057   10.44    3.42    1.41    0.66    1.09
    13.75    55.75    2058   10.25    3.26    1.35    0.66    1.07
    13.75    55.75    2059   10.41    3.31    1.38    0.67    1.08
    13.75    55.75    2060   10.47    3.33    1.39    0.67    1.09
    13.75    55.75    2061   10.65    3.42    1.48    0.67    1.09
    13.75    55.75    2062   10.60    3.40    1.45    0.67    1.09
    13.75    55.75    2063   10.65    3.41    1.46    0.67    1.10
    13.75    55.75    2064   10.66    3.39    1.44    0.67    1.10
    13.75    55.75    2065   10.35    3.11    1.32    0.68    1.08
    13.75    55.75    2066   10.72    3.31    1.42    0.69    1.11
    13.75    55.75    2067   10.71    3.29    1.41    0.69    1.11
    13.75    55.75    2068   10.82    3.34    1.44    0.69    1.12
    13.75    55.75    2069   10.45    3.06    1.30    0.69    1.09
    13.75    55.75    2070   10.26    2.92    1.23    0.70    1.09
    13.75    55.75    2071   10.42    2.99    1.25    0.70    1.10
    13.75    55.75    2072   10.45    3.00    1.25    0.70    1.11
    13.75    55.75    2073   10.27    2.89    1.21    0.70    1.09
    13.75    55.75    2074   10.49    3.01    1.25    0.70    1.11
    13.75    55.75    2075   10.60    3.08    1.29    0.70    1.12
    13.75    55.75    2076   10.32    2.90    1.21    0.70    1.10
    13.75    55.75    2077   10.34    2.89    1.21    0.71    1.10
    13.75    55.75    2078   10.38    2.91    1.22    0.71    1.11
    13.75    55.75    2079   10.32    2.86    1.21    0.71    1.10
    13.75    55.75    2080   10.23    2.79    1.20    0.71    1.09
    13.75    55.75    2081   10.22    2.79    1.19    0.71    1.09
    13.75    55.75    2082   10.38    2.89    1.22    0.71    1.11
    13.75    55.75    2083   10.26    2.81    1.19    0.71    1.10
    13.75    55.75    2084   10.47    2.92    1.24    0.71    1.12
    13.75    55.75    2085   10.36    2.86    1.21    0.71    1.11
    13.75    55.75    2086   10.28    2.81    1.19    0.71    1.10
    13.75    55.75    2087   10.39    2.86    1.23    0.71    1.11
    13.75    55.75    2088   10.11    2.70    1.15    0.71    1.09
    13.75    55.75    2089   10.25    2.78    1.19    0.71    1.10
    13.75    55.75    2090   10.26    2.80    1.21    0.71    1.10
    13.75    55.75    2091   10.23    2.79    1.20    0.71    1.10
    13.75    55.75    2092    9.76    2.46    1.06    0.72    1.06
    13.75    55.75    2093    9.69    2.44    1.04    0.72    1.06
    13.75    55.75    2094    9.92    2.56    1.10    0.72    1.07
    13.75    55.75    2095    9.34    2.20    0.98    0.72    1.03
    13.75    55.75    2096    9.55    2.33    1.02    0.72    1.05
    13.75    55.75    2097    9.66    2.40    1.03    0.72    1.06
    13.75    55.75    2098    9.74    2.47    1.05    0.72    1.07
    13.75    55.75    2099    9.47    2.31    1.00    0.72    1.04
    13.75    55.75    2100    9.57    2.37    1.02    0.72    1.05
    13.75    55.75    2101    9.63    2.40    1.03    0.72    1.06
    13.75    55.75    2102    9.65    2.41    1.04    0.72    1.06
    13.75    55.75    2103    9.49    2.32    1.00    0.72    1.05
    13.75    55.75    2104    9.63    2.41    1.02    0.72    1.06
    13.75    55.75    2105    9.74    2.48    1.06    0.72    1.07
    13.75    55.75    2106    9.55    2.36    1.01    0.72    1.05
    13.75    55.75    2107    9.49    2.34    1.00    0.72    1.05
    13.75    55.75    2108    9.47    2.33    0.99    0.72    1.04
    13.75    55.75    2109    9.35    2.29    0.98    0.71    1.03
    13.75    55.75    2110    9.24    2.22    0.96    0.71    1.02
    13.75    55.75    2111    9.23    2.23    0.96    0.71    1.02
    13.75    55.75    2112    9.34    2.32    0.98    0.71    1.03
    13.75    55.75    2113    9.26    2.26    0.97    0.71    1.02
    13.75    55.75    2114    9.29    2.32    0.98    0.71    1.03
    13.75    55.75    2115    9.23    2.29    0.96    0.70    1.02
    13.75    55.75    2116    9.14    2.25    0.94    0.70    1.01
    13.75    55.75    2117    9.15    2.29    0.96    0.70    1.01
    13.75    55.75    2118    8.98    2.18    0.92    0.70    1.00
    13.75    55.75    2119    9.06    2.25    0.95    0.70    1.00
    13.75    55.75    2120    9.01    2.26    0.95    0.69    0.99
    13.75    55.75    2121    9.01    2.26    0.96    0.69    0.99
    13.75    55.75    2122    8.67    2.05    0.87    0.70    0.97
    13.75    55.75    2123    8.57    2.02    0.85    0.69    0.96
    13.75    55.75    2124    8.69    2.11    0.88    0.69    0.97
    13.75    55.75    2125    8.19    1.83    0.79    0.69    0.93
    13.75    55.75    2126    8.33    1.93    0.81    0.69    0.94
    13.75    55.75    2127    8.43    2.00    0.83    0.69    0.95
    13.75    55.75    2128    8.51    2.07    0.84    0.68    0.96
    13.75    55.75    2129    8.26    1.92    0.80    0.69    0.94
    13.75    55.75    2130    8.30    1.94    0.81    0.68    0.94
    23.75    61.75    1980    6.11    2.62    2.41    0.43    0.46
    23.75    61.75    1981    6.20    2.65    2.45    0.43    0.46
    23.75    61.75    1982    6.18    2.60    2.40    0.44    0.46
    23.75    61.75    1983    6.36    2.67    2.46    0.44    0.47
    23.75    61.75    1984    6.24    2.60    2.39    0.44    0.47
    23.75    61.75    1985    6.30    2.60    2.39    0.44    0.47
    23.75    61.75    1986    6.30    2.57    2.36    0.45    0.48
    23.75    61.75    1987    6.44    2.62    2.40    0.45    0.48
    23.75    61.75    1988    6.55    2.68    2.45    0.46    0.49
    23.75    61.75    1989    6.61    2.67    2.44    0.46    0.49
    23.75    61.75    1990    6.59    2.64    2.40    0.46    0.50
    23.75    61.75    1991    6.63    2.65    2.42    0.47    0.50
    23.75    61.75    1992    6.77    2.70    2.46    0.47    0.51
    23.75    61.75    1993    6.86    2.70    2.46    0.48    0.51
    23.75    61.75    1994    6.88    2.69    2.47    0.48    0.51
    23.75    61.75    1995    6.94    2.71    2.47    0.49    0.52
    23.75    61.75    1996    6.85    2.63    2.40    0.49    0.52
    23.75    61.75    1997    6.82    2.58    2.35    0.49    0.52
    23.75    61.75    1998    6.95    2.63    2.40    0.49    0.53
    23.75    61.75    1999    7.17    2.74    2.51    0.50    0.54
    23.75    61.75    2000    7.16    2.70    2.48    0.50    0.54
    23.75    61.75    2001    7.14    2.65    2.43    0.51    0.54
    23.75    61.75    2002    7.29    2.70    2.48    0.51    0.55
    23.75    61.75    2003    7.21    2.63    2.42    0.51    0.55
    23.75    61.75    2004    7.36    2.69    2.46    0.52    0.56
    23.75    61.75    2005    7.45    2.72    2.50    0.52    0.56
    23.75    61.75    2006    7.43    2.70    2.48    0.52    0.56
    23.75    61.75    2007    7.52    2.73    2.50    0.53    0.57
    23.75    61.75    2008    7.64    2.78    2.56    0.53    0.57
    23.75    61.75    2009    7.60    2.73    2.51    0.53    0.57
    23.75    61.75    2010    7.70    2.75    2.54    0.54    0.58
    23.75    61.75    2011    7.74    2.75    2.52    0.55    0.59
    23.75    61.75    2012    7.89    2.77    2.55    0.55    0.59
    23.75    61.75    2013    8.02    2.79    2.57    0.56    0.60
    23.75    61.75    2014    8.11    2.80    2.58    0.57    0.61
    23.75    61.75    2015    8.06    2.74    2.52    0.57    0.61
    23.75    61.75    2016    8.31    2.81    2.60    0.58    0.62
    23.75    61.75    2017    8.23    2.73    2.53    0.58    0.62
    23.75    61.75    2018    8.50    2.83    2.63    0.60    0.63
    23.75    61.75    2019    8.59    2.82    2.62    0.60    0.64
    23.75    61.75    2020    8.61    2.78    2.58    0.61    0.64
    23.75    61.75    2021    8.76    2.79    2.59    0.61    0.65
    23.75    61.75    2022    8.80    2.78    2.57    0.62    0.66
    23.75    61.75    2023    8.86    2.77    2.57    0.62    0.66
    23.75    61.75    2024    8.86    2.73    2.54    0.63    0.67
    23.75    61.75    2025    8.83    2.70    2.51    0.63    0.67
    23.75    61.75    2026    8.90    2.70    2.50    0.63    0.67
    23.75    61.75    2027    9.06    2.73    2.54    0.64    0.68
    23.75    61.75    2028    9.15    2.73    2.53    0.65    0.69
    23.75    61.75    2029    9.18    2.72    2.53    0.65    0.69
    23.75    61.75    2030    9.27    2.72    2.53    0.66    0.70
    23.75    61.75    2031    9.44    2.77    2.58    0.66    0.70
    23.75    61.75    2032    9.38    2.73    2.54    0.66    0.70
    23.75    61.75    2033    9.31    2.68    2.49    0.67    0.70
    23.75    61.75    2034    9.40    2.70    2.51    0.67    0.71
    23.75    61.75    2035    9.49    2.72    2.53    0.67    0.71
    23.75    61.75    2036    9.46    2.67    2.49    0.68    0.71
    23.75    61.75    2037    9.66    2.74    2.56    0.68    0.72
    23.75    61.75    2038    9.66    2.72    2.54    0.69    0.72
    23.75    61.75    2039    9.69    2.71    2.54    0.69    0.72
    23.75    61.75    2040    9.75    2.72    2.54    0.69    0.73
    23.75    61.75    2041    9.74    2.70    2.52    0.69    0.72
    23.75    61.75    2042    9.77    2.68    2.51    0.70    0.73
    23.75    61.75    2043    9.89    2.73    2.55    0.70    0.73
    23.75    61.75    2044    9.64    2.61    2.44    0.70    0.73
    23.75    61.75    2045    9.76    2.65    2.48    0.70    0.73
    23.75    61.75    2046    9.81    2.65    2.47    0.70    0.73
    23.75    61.75    2047    9.93    2.68    2.51    0.71    0.74
    23.75    61.75    2048    9.93    2.66    2.49    0.71    0.74
    23.75    61.75    2049    9.91    2.64    2.47    0.71    0.74
    23.75    61.75    2050    9.90    2.63    2.46    0.71    0.74
    23.75    61.75    2051    9.95    2.64    2.47    0.71    0.74
    23.75    61.75    2052    9.93    2.62    2.46    0.71    0.74
    23.75    61.75    2053    9.96    2.63    2.47    0.71    0.74
    23.75    61.75    2054   10.07    2.65    2.50    0.72    0.75
    23.75    61.75    2055    9.99    2.60    2.45    0.72    0.75
    23.75    61.75    2056    9.84    2.54    2.39    0.72    0.74
    23.75    61.75    2057    9.96    2.59    2.44    0.72    0.74
    23.75    61.75    2058   10.02    2.60    2.45    0.72    0.75
    23.75    61.75    2059   10.01    2.59    2.44    0.72    0.75
    23.75    61.75    2060    9.99    2.58    2.43    0.72    0.75
    23.75    61.75    2061   10.02    2.59    2.44    0.72    0.75
    23.75    61.75    2062    9.96    2.55    2.41    0.72    0.75
    23.75    61.75    2063   10.01    2.58    2.43    0.72    0.75
    23.75    61.75    2064    9.99    2.57    2.42    0.72    0.75
    23.75    61.75    2065    9.93    2.55    2.41    0.72    0.74
    23.75    61.75    2066    9.96    2.57    2.43    0.72    0.74
    23.75    61.75    2067    9.96    2.58    2.44    0.72    0.74
    23.75    61.75    2068    9.89    2.55    2.42    0.72    0.74
    23.75    61.75    2069    9.92    2.58    2.43    0.72    0.74
    23.75    61.75    2070    9.93    2.58    2.43    0.72    0.74
    23.75    61.75    2071    9.87    2.57    2.43    0.71    0.73
    23.75    61.75    2072    9.82    2.56    2.42    0.71    0.73
    23.75    61.75    2073    9.82    2.55    2.41    0.71    0.73
    23.75    61.75    2074    9.86    2.58    2.44    0.71    0.73
    23.75    61.75    2075    9.95    2.63    2.48    0.71    0.73
    23.75    61.75    2076    9.90    2.60    2.46    0.71    0.73
    23.75    61.75    2077    9.84    2.59    2.45    0.71    0.73
    23.75    61.75    2078    9.92    2.64    2.49    0.71    0.73
    23.75    61.75    2079    9.87    2.63    2.48    0.70    0.73
    23.75    61.75    2080    9.75    2.60    2.45    0.70    0.72
    23.75    61.75    2081    9.73    2.59    2.44    0.70    0.72
    23.75    61.75    2082    9.68    2.60    2.45    0.70    0.72
    23.75    61.75    2083    9.66    2.60    2.45    0.69    0.72
    23.75    61.75    2084    9.62    2.61    2.45    0.69    0.71
    23.75    61.75    2085    9.54    2.57    2.42    0.69    0.71
    23.75    61.75    2086    9.40    2.50    2.35    0.69    0.71
    23.75    61.75    2087    9.42    2.54    2.39    0.68    0.71
    23.75    61.75    2088    9.33    2.53    2.38    0.68    0.70
    23.75    61.75    2089    9.23    2.50    2.35    0.67    0.70
    23.75    61.75    2090    9.23    2.54    2.39    0.67    0.69
    23.75    61.75    2091    9.24    2.57    2.41    0.67    0.69
    23.75    61.75    2092    9.16    2.49    2.34    0.67    0.69
    23.75    61.75    2093    9.08    2.48    2.33    0.67    0.69
    23.75    61.75    2094    9.00    2.47    2.32    0.66    0.68
    23.75    61.75    2095    8.95    2.50    2.35    0.65    0.68
    23.75    61.75    2096    9.01    2.57    2.42    0.65    0.67
    23.75    61.75    2097    9.09    2.65    2.48    0.65    0.67
    23.75    61.75    2098    9.11    2.67    2.50    0.65    0.67
    23.75    61.75    2099    9.04    2.62    2.46    0.65    0.67
    23.75    61.75    2100    9.09    2.64    2.47    0.65    0.68
    23.75    61.75    2101    8.95    2.62    2.45    0.64    0.67
    23.75    61.75    2102    8.89    2.64    2.46    0.63    0.66
    23.75    61.75    2103    8.82    2.63    2.45    0.63    0.66
    23.75    61.75    2104    8.85    2.68    2.50    0.63    0.66
    23.75    61.75    2105    8.91    2.75    2.56    0.62    0.66
    23.75    61.75    2106    8.92    2.76    2.57    0.62    0.66
    23.75    61.75    2107    8.87    2.75    2.56    0.62    0.66
    23.75    61.75    2108    8.92    2.82    2.62    0.61    0.65
    23.75    61.75    2109    8.92    2.83    2.63    0.61    0.65
    23.75    61.75    2110    8.85    2.82    2.61    0.61    0.65
    23.75    61.75    2111    8.82    2.81    2.60    0.61    0.65
    23.75    61.75    2112    8.77    2.84    2.62    0.60    0.65
    23.75    61.75    2113    8.76    2.86    2.64    0.60    0.65
    23.75    61.75    2114    8.79    2.93    2.69    0.60    0.64
    23.75    61.75    2115    8.65    2.84    2.61    0.59    0.64
    23.75    61.75    2116    8.48    2.71    2.49    0.60    0.64
    23.75    61.75    2117    8.53    2.77    2.54    0.59    0.64
    23.75    61.75    2118    8.50    2.79    2.56    0.59    0.64
    23.75    61.75    2119    8.42    2.75    2.53    0.59    0.64
    23.75    61.75    2120    8.42    2.81    2.58    0.58    0.63
    23.75    61.75    2121    8.46    2.87    2.63    0.58    0.63
    23.75    61.75    2122    8.33    2.74    2.52    0.58    0.63
    23.75    61.75    2123    8.30    2.77    2.55    0.58    0.63
    23.75    61.75    2124    8.26    2.79    2.56    0.57    0.63
    23.75    61.75    2125    8.26    2.84    2.61    0.57    0.62
    23.75    61.75    2126    8.33    2.93    2.69    0.56    0.62
    23.75    61.75    2127    8.46    3.04    2.79    0.56    0.62
    23.75    61.75    2128    8.46    3.05    2.79    0.56    0.62
    23.75    61.75    2129    8.35    2.96    2.71    0.56    0.62
    23.75    61.75    2130    8.38    2.96    2.71    0.56    0.62
    21.75    39.75    1980    3.47    1.61    0.90    0.31    0.34
    21.75    39.75    1981    0.84    0.41    0.36    0.09    0.08
    21.75    39.75    1982    0.95    0.45    0.39    0.10    0.09
    21.75    39.75    1983    1.29    0.64    0.56    0.12    0.11
    21.75    39.75    1984    1.41    0.71    0.60    0.13    0.12
    21.75    39.75    1985    1.38    0.70    0.56    0.13    0.12
    21.75    39.75    1986    1.79    0.98    0.73    0.16    0.14
    21.75    39.75    1987    2.05    1.21    0.84    0.17    0.15
    21.75    39.75    1988    2.07    1.24    0.79    0.18    0.15
    21.75    39.75    1989    2.08    1.25    0.74    0.19    0.16
    21.75    39.75    1990    2.16    1.31    0.71    0.20    0.17
    21.75    39.75    1991    1.82    1.04    0.54    0.19    0.15
    21.75    39.75    1992    2.12    1.25    0.59    0.21    0.18
    21.75    39.75    1993    2.35    1.39    0.64    0.22    0.20
    21.75    39.75    1994    2.58    1.52    0.71    0.23    0.22
    21.75    39.75    1995    2.87    1.71    0.77    0.24    0.24
    21.75    39.75    1996    2.92    1.72    0.77    0.25    0.25
    21.75    39.75    1997    3.08    1.80    0.81    0.26    0.27
    21.75    39.75    1998    3.03    1.73    0.78    0.26    0.27
    21.75    39.75    1999    2.57    1.32    0.63    0.25    0.24
    21.75    39.75    2000    2.70    1.40    0.64    0.25    0.25
    21.75    39.75    2001    2.57    1.29    0.64    0.25    0.24
    21.75    39.75    2002    2.29    1.11    0.58    0.23    0.21
    21.75    39.75    2003    2.82    1.43    0.69    0.26    0.26
    21.75    39.75    2004    2.51    1.23    0.62    0.25    0.24
    21.75    39.75    2005    2.54    1.25    0.62    0.25    0.24
    21.75    39.75    2006    3.09    1.58    0.76    0.27    0.29
    21.75    39.75    2007    2.53    1.17    0.66    0.25    0.24
    21.75    39.75    2008    3.02    1.45    0.72    0.28    0.30
    21.75    39.75    2009    2.53    1.13    0.67    0.26    0.25
    21.75    39.75    2010    0.96    0.47    0.42    0.11    0.10
    21.75    39.75    2011    1.27    0.56    0.47    0.14    0.13
    21.75    39.75    2012    1.35    0.61    0.46    0.15    0.14
    21.75    39.75    2013    1.77    0.85    0.56    0.18    0.17
    21.75    39.75    2014    1.89    0.93    0.58    0.19    0.18
    21.75    39.75    2015    2.21    1.15    0.64    0.21    0.21
    21.75    39.75    2016    2.39    1.28    0.69    0.23    0.22
    21.75    39.75    2017    2.55    1.38    0.71    0.24    0.24
    21.75    39.75    2018    0.93    0.52    0.36    0.11    0.09
    21.75    39.75    2019    1.04    0.58    0.38    0.12    0.10
    21.75    39.75    2020    1.27    0.72    0.44    0.14    0.12
    21.75    39.75    2021    1.63    0.93    0.56    0.16    0.15
    21.75    39.75    2022    1.78    1.01    0.60    0.17    0.16
    21.75    39.75    2023    1.85    1.05    0.61    0.18    0.16
    21.75    39.75    2024    2.24    1.32    0.73    0.21    0.19
    21.75    39.75    2025    2.13    1.17    0.62    0.21    0.19
    21.75    39.75    2026    2.51    1.42    0.71    0.23    0.22
    21.75    39.75    2027    2.51    1.39    0.70    0.23    0.22
    21.75    39.75    2028    2.88    1.61    0.80    0.25    0.25
    21.75    39.75    2029    1.01    0.46    0.32    0.12    0.10
    21.75    39.75    2030    1.36    0.62    0.40    0.15    0.13
    21.75    39.75    2031    1.25    0.50    0.38    0.14    0.13
    21.75    39.75    2032    1.58    0.66    0.46    0.17    0.15
    21.75    39.75    2033    1.98    0.87    0.57    0.19    0.18
    21.75    39.75    2034    1.81    0.78    0.50    0.19    0.17
    21.75    39.75    2035    1.86    0.84    0.49    0.20    0.17
    21.75    39.75    2036    1.79    0.83    0.46    0.19    0.17
    21.75    39.75    2037    0.41    0.23    0.11    0.05    0.04
    21.75    39.75    2038    0.35    0.20    0.10    0.04    0.03
    21.75    39.75    2039    0.42    0.25    0.11    0.05    0.04
    21.75    39.75    2040    0.57    0.34    0.14    0.06    0.05
    21.75    39.75    2041    0.69    0.43    0.16    0.07    0.06
    21.75    39.75    2042    0.84    0.55    0.19    0.09    0.07
    21.75    39.75    2043    0.95    0.63    0.20    0.10    0.07
    21.75    39.75    2044    1.22    0.83    0.24    0.12    0.10
    21.75    39.75    2045    1.19    0.79    0.23    0.12    0.10
    21.75    39.75    2046    1.22    0.81    0.23    0.12    0.10
    21.75    39.75    2047    1.30    0.86    0.24    0.13    0.11
    21.75    39.75    2048    1.32    0.87    0.23    0.13    0.11
    21.75    39.75    2049    1.15    0.72    0.21    0.12    0.09
    21.75    39.75    2050    0.86    0.52    0.17    0.11    0.07
    21.75    39.75    2051    1.11    0.69    0.19    0.12    0.09
    21.75    39.75    2052    1.42    0.89    0.22    0.14    0.12
    21.75    39.75    2053    1.38    0.83    0.22    0.14    0.12
    21.75    39.75    2054    1.41    0.84    0.22    0.14    0.12
    21.75    39.75    2055    1.28    0.72    0.21    0.14    0.11
    21.75    39.75    2056    1.37    0.78    0.22    0.14    0.12
    21.75    39.75    2057    1.58    0.92    0.23    0.15    0.15
    21.75    39.75    2058    1.80    1.05    0.25    0.17    0.17
    21.75    39.75    2059    0.99    0.48    0.19    0.12    0.09
    21.75    39.75    2060    1.63    0.84    0.23    0.16    0.16
    21.75    39.75    2061    1.54    0.74    0.24    0.16    0.16
    21.75    39.75    2062    1.90    0.91    0.28    0.18    0.19
    21.75    39.75    2063    2.21    1.07    0.31    0.20    0.23
    21.75    39.75    2064    2.70    1.35    0.36    0.22    0.29
    21.75    39.75    2065    2.49    1.19    0.34    0.22    0.26
    21.75    39.75    2066    2.26    1.03    0.33    0.21    0.24
    21.75    39.75    2067    2.26    1.01    0.33    0.21    0.24
    21.75    39.75    2068    1.63    0.66    0.30    0.18    0.17
    21.75    39.75    2069    2.10    0.88    0.33    0.21    0.22
    21.75    39.75    2070    1.48    0.58    0.31    0.17    0.16
    21.75    39.75    2071    0.60    0.28    0.19    0.07    0.06
    21.75    39.75    2072    0.87    0.38    0.20    0.11    0.09
    21.75    39.75    2073    1.32    0.57    0.21    0.15    0.14
    21.75    39.75    2074    1.62    0.70    0.22    0.16    0.18
    21.75    39.75    2075    1.78    0.76    0.23    0.17    0.20
    21.75    39.75    2076    2.00    0.86    0.24    0.19    0.22
    21.75    39.75    2077    1.52    0.61    0.23    0.16    0.17
    21.75    39.75    2078    1.43    0.57    0.23    0.16    0.16
    21.75    39.75    2079    0.54    0.25    0.20    0.06    0.06
    21.75    39.75    2080    0.74    0.32    0.21    0.10    0.08
    21.75    39.75    2081    1.10    0.44    0.21    0.13    0.12
    21.75    39.75    2082    0.88    0.37    0.21    0.11    0.10
    21.75    39.75    2083    0.80    0.34    0.20    0.10    0.09
    21.75    39.75    2084    1.16    0.48    0.21    0.14    0.13
    21.75    39.75    2085    1.70    0.69    0.22    0.17    0.19
    21.75    39.75    2086    1.69    0.68    0.23    0.17    0.19
    21.75    39.75    2087    2.13    0.86    0.24    0.20    0.25
    21.75    39.75    2088    2.07    0.82    0.25    0.20    0.24
    21.75    39.75    2089    2.21    0.87    0.26    0.20    0.26
    21.75    39.75    2090    2.46    0.98    0.27    0.22    0.29
    21.75    39.75    2091    2.45    0.96    0.26    0.22    0.28
    21.75    39.75    2092    2.53    1.00    0.27    0.22    0.30
    21.75    39.75    2093    2.41    0.93    0.26    0.22    0.28
    21.75    39.75    2094    2.33    0.89    0.26    0.21    0.27
    21.75    39.75    2095    2.51    0.97    0.27    0.22    0.29
    21.75    39.75    2096    1.62    0.58    0.25    0.18    0.19
    21.75    39.75    2097    0.06    0.03    0.02    0.01    0.01
    21.75    39.75    2098    0.08    0.03    0.03    0.01    0.01
    21.75    39.75    2099    0.11    0.05    0.03    0.01    0.01
    21.75    39.75    2100    0.14    0.07    0.04    0.01    0.01
    21.75    39.75    2101    0.18    0.11    0.04    0.02    0.01
    21.75    39.75    2102    0.28    0.19    0.05    0.03    0.02
    21.75    39.75    2103    0.34    0.23    0.07    0.04    0.02
    21.75    39.75    2104    0.37    0.28    0.07    0.04    0.02
    21.75    39.75    2105    0.44    0.33    0.07    0.05    0.02
    21.75    39.75    2106    0.54    0.43    0.09    0.06    0.03
    21.75    39.75    2107    0.61    0.50    0.09    0.07    0.03
    21.75    39.75    2108    0.69    0.56    0.09    0.08    0.04
    21.75    39.75    2109    0.65    0.52    0.08    0.07    0.03
    21.75    39.75    2110    0.66    0.50    0.08    0.08    0.04
    21.75    39.75    2111    0.69    0.51    0.09    0.08    0.04
    21.75    39.75    2112    0.33    0.19    0.08    0.04    0.02
    21.75    39.75    2113    0.37    0.23    0.07    0.04    0.02
    21.75    39.75    2114    0.59    0.38    0.08    0.07    0.03
    21.75    39.75    2115    0.93    0.62    0.10    0.10    0.06
    21.75    39.75    2116    1.06    0.70    0.11    0.11    0.08
    21.75    39.75    2117    1.23    0.81    0.12    0.12    0.09
    21.75    39.75    2118    1.25    0.79    0.13    0.12    0.10
    21.75    39.75    2119    1.31    0.81    0.13    0.13    0.11
    21.75    39.75    2120    1.44    0.88    0.14    0.13    0.12
    21.75    39.75    2121    1.44    0.85    0.15    0.14    0.12
    21.75    39.75    2122    1.66    0.98    0.16    0.15    0.15
    21.75    39.75    2123    1.77    1.02    0.17    0.15    0.16
    21.75    39.75    2124    1.67    0.92    0.17    0.15    0.15
    21.75    39.75    2125    1.87    1.04    0.18    0.16    0.17
    21.75    39.75    2126    1.35    0.62    0.16    0.14    0.12
    21.75    39.75    2127    0.05    0.02    0.02    0.01    0.01
    21.75    39.75    2128    0.07    0.03    0.02    0.01    0.01
    21.75    39.75    2129    0.09    0.04    0.03    0.01    0.01
    21.75    39.75    2130    0.11    0.06    0.03    0.01    0.01
