      Lon      Lat    Year       Jan       Feb       Mar       Apr       May       Jun       Jul       Aug       Sep       Oct       Nov       Dec
     9.75    49.75    1980    -0.306    -0.272    -0.223    -0.595    -0.813    -0.451    -0.630    -0.613    -0.706    -0.772    -0.583    -0.437
     9.75    49.75    1981    -0.216    -0.226    -0.341    -0.495    -1.304    -2.774    -2.472    -1.395    -0.442    -0.327    -0.267    -0.271
     9.75    49.75    1982    -0.180    -0.184    -0.209    -0.261    -1.098    -2.058    -0.927    -0.590    -0.302    -0.428    -0.335    -0.196
     9.75    49.75    1983    -0.171    -0.205    -0.446    -0.750    -1.108    -0.723    -0.676    -1.317    -2.015    -1.803    -0.338    -0.185
     9.75    49.75    1984    -0.197    -0.236    -0.311    -0.379    -0.515    -0.424    -1.613    -1.692    -1.712    -1.878    -0.502    -0.198
     9.75    49.75    1985    -0.192    -0.177    -0.237    -0.483    -0.834    -0.817    -1.131    -0.917    -0.770    -0.481    -0.269    -0.185
     9.75    49.75    1986    -0.188    -0.188    -0.195    -0.195    -0.948    -2.063    -1.619    -2.285    -0.828    -0.233    -0.199    -0.195
     9.75    49.75    1987    -0.191    -0.193    -0.217    -0.433    -0.452    -0.382    -0.994    -1.230    -0.550    -0.588    -0.411    -0.339
     9.75    49.75    1988    -0.204    -0.234    -0.353    -1.092    -1.583    -2.171    -1.591    -2.789    -2.468    -2.935    -1.254    -0.484
     9.75    49.75    1989    -0.230    -0.204    -0.210    -0.330    -0.341    -0.786    -1.130    -1.548    -0.816    -0.781    -0.258    -0.216
     9.75    49.75    1990    -0.182    -0.192    -0.196    -0.263    -0.571    -0.862    -1.221    -1.502    -2.164    -1.575    -0.707    -0.265
     9.75    49.75    1991    -0.191    -0.197    -0.236    -0.521    -0.750    -0.598    -1.315    -1.940    -2.664    -1.575    -0.460    -0.193
     9.75    49.75    1992    -0.186    -0.203    -0.244    -0.327    -1.122    -0.771    -1.111    -1.468    -1.840    -1.654    -0.491    -0.228
     9.75    49.75    1993    -0.232    -0.228    -0.177    -0.461    -1.173    -1.264    -1.793    -1.759    -0.459    -0.290    -0.260    -0.221
     9.75    49.75    1994    -0.194    -0.202    -0.219    -0.459    -1.136    -1.810    -2.503    -1.999    -1.561    -1.705    -0.342    -0.187
     9.75    49.75    1995    -0.199    -0.202    -0.201    -0.345    -0.503    -1.560    -1.246    -0.410    -1.202    -0.925    -0.246    -0.185
     9.75    49.75    1996    -0.181    -0.204    -0.275    -0.599    -1.597    -1.672    -1.249    -0.617    -0.815    -0.529    -0.292    -0.306
     9.75    49.75    1997    -0.280    -0.286    -0.224    -0.460    -0.521    -0.436    -0.848    -1.279    -0.805    -0.675    -0.429    -0.262
     9.75    49.75    1998    -0.221    -0.232    -0.254    -0.858    -1.487    -0.937    -2.104    -2.403    -0.568    -0.642    -0.633    -0.327
     9.75    49.75    1999    -0.184    -0.222    -0.320    -0.653    -1.810    -0.775    -2.566    -2.804    -2.740    -2.267    -0.643    -0.263
     9.75    49.75    2000    -0.176    -0.210    -0.368    -0.848    -1.773    -1.486    -0.938    -1.589    -0.983    -1.375    -0.332    -0.221
     9.75    49.75    2001    -0.198    -0.198    -0.193    -0.567    -0.898    -1.108    -1.608    -0.874    -1.845    -1.667    -0.547    -0.202
     9.75    49.75    2002    -0.178    -0.184    -0.447    -0.576    -0.480    -2.615    -3.120    -1.864    -0.657    -0.808    -0.805    -0.384
     9.75    49.75    2003    -0.175    -0.175    -0.232    -0.533    -0.643    -1.208    -0.688    -0.571    -0.719    -0.881    -0.455    -0.198
     9.75    49.75    2004    -0.203    -0.213    -0.342    -0.595    -0.534    -0.768    -1.974    -1.387    -0.818    -0.594    -0.366    -0.208
     9.75    49.75    2005    -0.238    -0.193    -0.377    -0.667    -0.775    -1.196    -1.566    -1.732    -1.627    -1.684    -0.271    -0.178
     9.75    49.75    2006    -0.205    -0.196    -0.310    -0.500    -0.883    -0.885    -0.523    -1.146    -2.855    -2.214    -0.344    -0.242
     9.75    49.75    2007    -0.215    -0.217    -0.488    -0.875    -1.589    -1.584    -2.046    -2.654    -3.130    -2.612    -0.549    -0.267
     9.75    49.75    2008    -0.189    -0.224    -0.320    -0.728    -1.305    -2.229    -1.827    -1.500    -0.986    -1.479    -0.571    -0.220
     9.75    49.75    2009    -0.176    -0.192    -0.269    -0.507    -0.706    -1.178    -2.157    -1.967    -2.471    -1.549    -0.262    -0.190
     9.75    49.75    2010    -0.177    -0.191    -0.296    -0.290    -0.574    -1.005    -1.912    -2.622    -1.436    -1.576    -0.656    -0.210
     9.75    49.75    2011    -0.175    -0.184    -0.323    -0.646    -0.418    -0.297    -0.533    -0.924    -0.823    -0.633    -0.481    -0.255
     9.75    49.75    2012    -0.229    -0.215    -0.266    -0.450    -1.250    -2.012    -1.987    -1.029    -0.565    -0.844    -0.695    -0.298
     9.75    49.75    2013    -0.242    -0.257    -0.580    -2.089    -1.208    -1.578    -2.774    -2.699    -0.774    -0.711    -0.331    -0.189
     9.75    49.75    2014    -0.183    -0.241    -0.408    -0.414    -0.668    -2.408    -1.709    -0.640    -1.222    -1.493    -0.505    -0.244
     9.75    49.75    2015    -0.206    -0.182    -0.217    -0.379    -0.951    -1.422    -2.225    -2.596    -1.690    -2.056    -0.520    -0.179
     9.75    49.75    2016    -0.188    -0.292    -0.479    -0.733    -2.252    -2.918    -2.357    -1.885    -2.334    -1.305    -0.383    -0.189
     9.75    49.75    2017    -0.176    -0.212    -0.391    -1.922    -2.072    -2.099    -1.912    -0.800    -1.673    -1.520    -0.334    -0.186
     9.75    49.75    2018    -0.176    -0.239    -0.423    -0.584    -0.871    -2.491    -2.593    -3.193    -2.603    -0.711    -0.420    -0.227
     9.75    49.75    2019    -0.175    -0.178    -0.235    -0.904    -2.900    -2.896    -2.672    -2.070    -0.917    -1.438    -0.634    -0.194
     9.75    49.75    2020    -0.173    -0.220    -0.293    -0.763    -1.082    -0.502    -0.720    -1.204    -2.880    -1.094    -0.185    -0.179
     9.75    49.75    2021    -0.181    -0.187    -0.283    -0.297    -0.695    -2.540    -2.923    -3.208    -2.781    -1.939    -1.558    -0.747
     9.75    49.75    2022    -0.609    -0.307    -0.231    -0.399    -0.569    -1.001    -2.111    -1.113    -2.073    -2.610    -2.065    -0.663
     9.75    49.75    2023    -0.233    -0.182    -0.289    -0.334    -1.670    -0.910    -1.352    -0.923    -2.050    -2.175    -0.448    -0.179
     9.75    49.75    2024    -0.204    -0.178    -0.257    -0.399    -1.017    -0.980    -0.823    -0.508    -0.845    -1.709    -0.580    -0.278
     9.75    49.75    2025    -0.306    -0.209    -0.221    -0.330    -1.072    -1.625    -2.827    -1.758    -1.081    -0.979    -0.322    -0.178
     9.75    49.75    2026    -0.186    -0.180    -0.242    -0.740    -2.753    -2.283    -2.673    -3.138    -3.054    -2.034    -1.145    -0.331
     9.75    49.75    2027    -0.178    -0.252    -0.235    -0.568    -1.554    -2.417    -3.028    -2.803    -2.730    -2.932    -0.623    -0.287
     9.75    49.75    2028    -0.204    -0.178    -0.256    -0.329    -0.806    -2.034    -1.887    -1.425    -1.670    -1.999    -0.672    -0.275
     9.75    49.75    2029    -0.212    -0.192    -0.197    -0.615    -0.729    -0.962    -2.760    -1.507    -1.353    -0.880    -0.373    -0.195
     9.75    49.75    2030    -0.200    -0.181    -0.276    -0.515    -0.695    -1.315    -0.877    -1.352    -1.464    -0.471    -0.209    -0.178
     9.75    49.75    2031    -0.195    -0.276    -0.496    -0.729    -2.363    -0.537    -1.085    -3.061    -2.343    -1.193    -0.583    -0.439
     9.75    49.75    2032    -0.243    -0.187    -0.279    -0.370    -0.693    -0.427    -1.282    -0.518    -0.575    -0.875    -0.410    -0.212
     9.75    49.75    2033    -0.217    -0.254    -0.269    -0.351    -0.747    -0.916    -1.360    -0.678    -1.067    -2.592    -1.074    -0.394
     9.75    49.75    2034    -0.246    -0.246    -0.216    -0.697    -1.762    -2.676    -2.846    -3.213    -3.366    -3.129    -1.522    -0.539
     9.75    49.75    2035    -0.349    -0.273    -0.497    -0.647    -0.527    -0.585    -1.271    -1.076    -2.572    -1.502    -0.494    -0.187
     9.75    49.75    2036    -0.186    -0.186    -0.223    -0.479    -1.501    -2.070    -1.117    -0.476    -0.384    -0.273    -0.201    -0.185
     9.75    49.75    2037    -0.180    -0.289    -0.309    -0.332    -0.688    -1.427    -2.694    -1.938    -2.407    -0.748    -0.243    -0.174
     9.75    49.75    2038    -0.207    -0.188    -0.294    -0.482    -0.315    -1.095    -2.500    -2.688    -3.138    -1.343    -0.510    -0.227
     9.75    49.75    2039    -0.185    -0.214    -0.418    -1.375    -1.255    -1.429    -1.598    -1.269    -1.161    -0.610    -0.651    -0.382
     9.75    49.75    2040    -0.286    -0.269    -0.310    -0.614    -0.629    -0.610    -1.901    -1.613    -2.254    -1.472    -0.446    -0.199
     9.75    49.75    2041    -0.179    -0.255    -0.408    -0.389    -0.930    -2.062    -2.764    -1.497    -0.821    -1.052    -0.363    -0.191
     9.75    49.75    2042    -0.178    -0.178    -0.206    -0.414    -1.109    -1.302    -1.818    -2.690    -1.550    -0.667    -0.349    -0.180
     9.75    49.75    2043    -0.210    -0.266    -0.431    -1.028    -1.292    -2.899    -2.075    -1.007    -1.111    -1.443    -0.476    -0.302
     9.75    49.75    2044    -0.204    -0.222    -0.342    -0.460    -1.414    -2.099    -0.544    -0.868    -1.726    -1.285    -0.228    -0.191
     9.75    49.75    2045    -0.180    -0.218    -0.379    -1.940    -1.308    -2.055    -2.346    -2.414    -2.575    -2.464    -0.935    -0.446
     9.75    49.75    2046    -0.248    -0.251    -0.264    -0.499    -0.454    -0.780    -1.754    -1.733    -1.974    -0.859    -0.354    -0.195
     9.75    49.75    2047    -0.189    -0.181    -0.252    -1.105    -1.506    -2.506    -2.481    -2.205    -2.254    -0.787    -0.208    -0.180
     9.75    49.75    2048    -0.176    -0.225    -0.242    -0.391    -1.812    -2.669    -2.327    -2.522    -2.918    -1.120    -0.197    -0.174
     9.75    49.75    2049    -0.194    -0.224    -0.289    -0.292    -0.690    -1.755    -2.839    -3.137    -2.503    -1.599    -0.548    -0.237
     9.75    49.75    2050    -0.209    -0.215    -0.430    -1.065    -2.402    -1.470    -2.306    -2.572    -3.121    -1.742    -0.384    -0.205
     9.75    49.75    2051    -0.188    -0.215    -0.370    -0.889    -2.126    -2.537    -2.776    -2.628    -2.882    -1.900    -0.289    -0.175
     9.75    49.75    2052    -0.183    -0.180    -0.285    -1.115    -0.548    -0.433    -0.812    -2.079    -2.498    -0.469    -0.278    -0.185
     9.75    49.75    2053    -0.186    -0.206    -0.281    -0.532    -1.855    -2.772    -2.281    -2.136    -1.498    -1.588    -0.774    -0.391
     9.75    49.75    2054    -0.205    -0.183    -0.272    -0.636    -2.202    -2.240    -2.625    -2.141    -0.917    -0.532    -0.395    -0.232
     9.75    49.75    2055    -0.182    -0.178    -0.321    -0.499    -2.360    -3.287    -1.777    -2.655    -3.241    -2.531    -0.350    -0.211
     9.75    49.75    2056    -0.182    -0.219    -0.466    -0.511    -0.776    -1.503    -1.188    -2.616    -2.671    -2.964    -1.291    -0.299
     9.75    49.75    2057    -0.201    -0.213    -0.237    -0.943    -2.760    -2.567    -2.543    -2.422    -2.853    -1.624    -0.228    -0.226
     9.75    49.75    2058    -0.226    -0.188    -0.304    -0.511    -0.986    -2.607    -2.602    -1.594    -0.832    -0.550    -0.409    -0.249
     9.75    49.75    2059    -0.183    -0.186    -0.276    -0.355    -1.637    -2.587    -2.647    -1.065    -1.088    -1.591    -0.726    -0.201
     9.75    49.75    2060    -0.181    -0.173    -0.253    -0.436    -1.994    -3.266    -2.246    -2.742    -2.813    -2.190    -0.346    -0.201
     9.75    49.75    2061    -0.190    -0.262    -0.329    -0.268    -0.411    -1.121    -1.940    -2.426    -1.911    -0.752    -0.360    -0.225
     9.75    49.75    2062    -0.182    -0.269    -0.528    -0.537    -0.644    -1.892    -2.171    -1.557    -1.911    -1.431    -0.709    -0.317
     9.75    49.75    2063    -0.214    -0.282    -0.308    -0.374    -1.835    -1.266    -1.679    -0.810    -0.399    -0.860    -0.699    -0.264
     9.75    49.75    2064    -0.202    -0.222    -0.290    -0.515    -1.314    -2.391    -1.621    -0.921    -2.760    -2.856    -0.678    -0.202
     9.75    49.75    2065    -0.197    -0.204    -0.301    -0.394    -0.849    -0.605    -1.097    -1.928    -3.097    -1.584    -0.445    -0.292
     9.75    49.75    2066    -0.272    -0.186    -0.268    -0.457    -1.699    -1.788    -2.570    -2.080    -2.064    -1.144    -0.456    -0.260
     9.75    49.75    2067    -0.208    -0.235    -0.218    -0.425    -1.298    -1.323    -2.939    -2.577    -2.697    -2.279    -0.622    -0.227
     9.75    49.75    2068    -0.195    -0.195    -0.213    -0.305    -0.790    -2.334    -2.092    -1.157    -1.593    -0.965    -0.278    -0.184
     9.75    49.75    2069    -0.181    -0.178    -0.287    -0.649    -2.680    -1.481    -1.145    -1.762    -1.827    -1.169    -0.515    -0.275
     9.75    49.75    2070    -0.176    -0.222    -0.463    -1.139    -2.695    -2.580    -1.701    -2.074    -1.953    -1.095    -0.495    -0.242
     9.75    49.75    2071    -0.210    -0.216    -0.220    -0.353    -0.897    -1.222    -2.124    -2.252    -2.805    -2.352    -0.683    -0.242
     9.75    49.75    2072    -0.206    -0.218    -0.268    -0.558    -2.099    -1.636    -1.281    -2.256    -2.164    -1.378    -0.441    -0.193
     9.75    49.75    2073    -0.194    -0.256    -0.373    -1.078    -1.551    -0.612    -1.080    -2.589    -3.030    -3.107    -1.347    -0.252
     9.75    49.75    2074    -0.187    -0.212    -0.244    -0.404    -0.832    -2.352    -3.173    -1.837    -1.629    -2.118    -1.174    -0.378
     9.75    49.75    2075    -0.185    -0.223    -0.277    -0.373    -1.238    -1.627    -1.798    -1.065    -0.990    -1.209    -0.393    -0.192
     9.75    49.75    2076    -0.180    -0.222    -0.437    -0.409    -0.904    -1.498    -1.836    -1.399    -0.443    -0.884    -0.416    -0.182
     9.75    49.75    2077    -0.181    -0.195    -0.276    -0.962    -0.933    -0.698    -0.666    -0.598    -0.771    -0.506    -0.249    -0.184
     9.75    49.75    2078    -0.177    -0.226    -0.458    -1.043    -2.116    -1.372    -1.993    -2.630    -2.444    -1.428    -0.604    -0.218
     9.75    49.75    2079    -0.175    -0.258    -0.366    -0.663    -1.908    -2.646    -2.309    -1.183    -1.150    -1.413    -0.725    -0.296
     9.75    49.75    2080    -0.205    -0.214    -0.260    -0.532    -0.677    -2.149    -2.441    -0.773    -0.917    -1.099    -0.482    -0.219
     9.75    49.75    2081    -0.253    -0.307    -0.345    -0.768    -1.163    -2.298    -2.162    -1.518    -0.682    -1.119    -0.553    -0.221
     9.75    49.75    2082    -0.209    -0.233    -0.513    -1.890    -2.752    -3.124    -2.192    -1.472    -0.811    -1.541    -0.684    -0.275
     9.75    49.75    2083    -0.194    -0.207    -0.291    -0.779    -1.967    -1.265    -1.551    -2.504    -1.675    -1.148    -0.722    -0.250
     9.75    49.75    2084    -0.186    -0.198    -0.307    -1.168    -1.330    -0.880    -1.078    -1.013    -2.322    -1.460    -0.476    -0.313
     9.75    49.75    2085    -0.304    -0.310    -0.202    -0.643    -1.386    -2.293    -1.000    -0.569    -0.586    -0.743    -0.801    -0.263
     9.75    49.75    2086    -0.185    -0.189    -0.206    -0.458    -0.777    -2.136    -1.648    -0.899    -1.376    -1.246    -0.605    -0.191
     9.75    49.75    2087    -0.185    -0.234    -0.244    -0.325    -0.550    -0.894    -1.940    -1.317    -0.629    -0.757    -0.506    -0.196
     9.75    49.75    2088    -0.227    -0.238    -0.240    -0.306    -0.405    -0.738    -1.809    -2.394    -2.580    -1.617    -0.881    -0.418
     9.75    49.75    2089    -0.362    -0.249    -0.347    -1.291    -1.902    -1.143    -2.292    -1.913    -2.172    -1.835    -0.423    -0.184
     9.75    49.75    2090    -0.184    -0.182    -0.271    -0.442    -0.604    -1.384    -2.542    -2.614    -2.372    -2.479    -1.313    -0.549
     9.75    49.75    2091    -0.185    -0.206    -0.274    -0.569    -2.288    -1.268    -1.200    -2.305    -3.167    -1.759    -0.414    -0.229
     9.75    49.75    2092    -0.214    -0.207    -0.496    -0.702    -0.550    -1.337    -1.944    -2.550    -2.528    -2.055    -0.687    -0.331
     9.75    49.75    2093    -0.256    -0.206    -0.270    -0.622    -1.753    -2.324    -2.337    -1.934    -2.553    -1.647    -0.335    -0.198
     9.75    49.75    2094    -0.202    -0.216    -0.280    -0.477    -0.759    -1.069    -2.134    -1.585    -1.908    -1.142    -0.361    -0.240
     9.75    49.75    2095    -0.212    -0.233    -0.319    -0.893    -1.694    -2.200    -1.145    -0.895    -2.314    -1.209    -0.327    -0.186
     9.75    49.75    2096    -0.186    -0.218    -0.337    -0.647    -0.492    -0.681    -1.129    -1.375    -1.474    -1.906    -0.899    -0.221
     9.75    49.75    2097    -0.182    -0.191    -0.275    -0.599    -0.976    -2.383    -2.650    -2.230    -2.265    -1.061    -0.414    -0.179
     9.75    49.75    2098    -0.192    -0.226    -0.260    -0.725    -2.228    -2.206    -1.228    -0.841    -1.389    -1.531    -0.770    -0.308
     9.75    49.75    2099    -0.174    -0.188    -0.337    -0.316    -0.640    -1.711    -1.466    -0.603    -1.842    -2.655    -0.914    -0.349
     9.75    49.75    2100    -0.196    -0.183    -0.340    -0.830    -2.319    -1.958    -1.330    -1.120    -1.665    -1.709    -0.448    -0.192
     9.75    49.75    2101    -0.201    -0.217    -0.245    -0.379    -0.949    -1.241    -2.205    -2.199    -2.733    -1.578    -0.582    -0.269
     9.75    49.75    2102    -0.212    -0.269    -0.267    -0.525    -2.119    -1.974    -1.706    -1.739    -2.267    -0.877    -0.413    -0.178
     9.75    49.75    2103    -0.190    -0.257    -0.334    -0.948    -0.901    -0.944    -1.242    -2.372    -2.742    -2.868    -1.371    -0.277
     9.75    49.75    2104    -0.184    -0.203    -0.242    -0.417    -0.807    -2.477    -3.076    -1.614    -1.961    -1.988    -1.022    -0.231
     9.75    49.75    2105    -0.195    -0.233    -0.291    -0.345    -0.951    -1.772    -1.887    -0.940    -1.264    -1.213    -0.446    -0.230
     9.75    49.75    2106    -0.186    -0.223    -0.417    -0.439    -0.796    -1.159    -2.057    -0.522    -0.614    -0.729    -0.348    -0.186
     9.75    49.75    2107    -0.180    -0.197    -0.280    -1.170    -1.115    -0.587    -0.687    -0.739    -0.772    -0.546    -0.286    -0.185
     9.75    49.75    2108    -0.177    -0.222    -0.449    -0.875    -2.043    -1.476    -1.999    -2.468    -2.218    -1.596    -0.607    -0.271
     9.75    49.75    2109    -0.177    -0.241    -0.305    -0.762    -1.881    -2.369    -2.468    -1.091    -1.773    -0.864    -0.563    -0.352
     9.75    49.75    2110    -0.209    -0.230    -0.260    -0.523    -0.598    -1.906    -2.503    -0.561    -0.882    -1.221    -0.375    -0.222
     9.75    49.75    2111    -0.237    -0.306    -0.357    -0.704    -1.476    -1.949    -1.584    -1.721    -0.635    -1.337    -0.498    -0.232
     9.75    49.75    2112    -0.190    -0.203    -0.461    -1.683    -2.709    -3.141    -2.024    -0.707    -1.536    -1.362    -0.834    -0.279
     9.75    49.75    2113    -0.184    -0.199    -0.297    -0.690    -1.979    -1.435    -1.220    -2.561    -1.645    -0.982    -0.560    -0.224
     9.75    49.75    2114    -0.193    -0.198    -0.282    -1.147    -1.549    -0.772    -1.270    -0.712    -2.442    -1.520    -0.528    -0.292
     9.75    49.75    2115    -0.315    -0.296    -0.201    -0.667    -1.146    -2.094    -1.517    -0.478    -0.498    -0.725    -0.833    -0.423
     9.75    49.75    2116    -0.187    -0.189    -0.213    -0.427    -0.788    -1.974    -1.610    -0.978    -1.459    -1.590    -0.381    -0.192
     9.75    49.75    2117    -0.200    -0.232    -0.264    -0.355    -0.404    -1.221    -1.873    -0.958    -0.708    -0.972    -0.559    -0.289
     9.75    49.75    2118    -0.216    -0.201    -0.231    -0.438    -0.334    -0.939    -1.584    -2.353    -2.572    -2.036    -1.049    -0.397
     9.75    49.75    2119    -0.362    -0.343    -0.356    -1.327    -1.437    -1.042    -2.300    -2.067    -2.007    -1.561    -0.323    -0.217
     9.75    49.75    2120    -0.196    -0.188    -0.241    -0.475    -0.500    -1.302    -2.590    -2.192    -2.755    -2.545    -1.829    -0.428
     9.75    49.75    2121    -0.182    -0.219    -0.337    -0.560    -1.904    -1.446    -0.909    -2.624    -3.099    -1.516    -0.531    -0.193
     9.75    49.75    2122    -0.201    -0.206    -0.490    -0.752    -0.549    -0.914    -2.317    -2.480    -2.346    -1.825    -0.597    -0.482
     9.75    49.75    2123    -0.299    -0.279    -0.279    -0.588    -1.393    -2.231    -2.714    -1.490    -2.751    -1.459    -0.416    -0.201
     9.75    49.75    2124    -0.192    -0.221    -0.223    -0.408    -0.893    -1.045    -1.883    -1.685    -1.918    -0.954    -0.339    -0.197
     9.75    49.75    2125    -0.217    -0.185    -0.310    -0.747    -1.832    -2.282    -1.239    -0.831    -2.324    -1.862    -0.336    -0.176
     9.75    49.75    2126    -0.192    -0.208    -0.358    -0.617    -0.675    -0.538    -1.534    -1.400    -1.415    -1.576    -1.107    -0.263
     9.75    49.75    2127    -0.198    -0.191    -0.294    -0.754    -0.788    -2.288    -2.676    -1.841    -2.492    -1.729    -0.400    -0.196
     9.75    49.75    2128    -0.190    -0.206    -0.287    -0.661    -1.925    -2.205    -0.951    -0.740    -1.744    -1.425    -0.717    -0.286
     9.75    49.75    2129    -0.176    -0.185    -0.363    -0.326    -0.621    -1.567    -1.560    -0.663    -1.376    -2.640    -1.263    -0.347
     9.75    49.75    2130    -0.198    -0.189    -0.309    -0.732    -2.223    -2.116    -1.272    -0.931    -1.969    -1.458    -0.611    -0.175
    13.75    55.75    1980    -0.145    -0.146    -0.174    -0.311    -1.555    -2.345    -2.979    -3.126    -0.822    -0.188    -0.158    -0.158
    13.75    55.75    1981    -0.141    -0.156    -0.228    -0.395    -1.299    -2.333    -2.666    -3.298    -2.368    -0.568    -0.144    -0.142
    13.75    55.75    1982    -0.145    -0.149    -0.198    -0.331    -0.699    -1.136    -3.214    -2.957    -1.891    -0.287    -0.193    -0.142
    13.75    55.75    1983    -0.141    -0.141    -0.214    -0.398    -1.022    -1.594    -2.459    -3.289    -2.964    -1.072    -0.250    -0.141
    13.75    55.75    1984    -0.142    -0.160    -0.219    -0.329    -0.416    -1.039    -0.671    -0.367    -0.420    -0.287    -0.142    -0.142
    13.75    55.75    1985    -0.140    -0.142    -0.144    -0.164    -0.293    -0.556    -0.610    -0.259    -0.320    -0.152    -0.142    -0.141
    13.75    55.75    1986    -0.141    -0.142    -0.143    -0.145    -0.388    -1.501    -2.675    -0.576    -0.210    -0.152    -0.145    -0.141
    13.75    55.75    1987    -0.145    -0.145    -0.146    -0.171    -1.161    -1.086    -0.874    -2.840    -0.272    -0.170    -0.153    -0.142
    13.75    55.75    1988    -0.141    -0.153    -0.219    -0.440    -0.925    -2.605    -2.928    -2.484    -1.468    -0.752    -0.383    -0.160
    13.75    55.75    1989    -0.143    -0.145    -0.148    -0.252    -0.560    -2.364    -2.207    -2.376    -1.323    -0.297    -0.153    -0.146
    13.75    55.75    1990    -0.142    -0.161    -0.161    -0.197    -0.648    -0.385    -1.841    -1.573    -0.314    -0.356    -0.216    -0.143
    13.75    55.75    1991    -0.140    -0.141    -0.164    -0.361    -0.884    -3.094    -2.694    -0.299    -0.230    -0.179    -0.144    -0.141
    13.75    55.75    1992    -0.142    -0.155    -0.170    -0.297    -0.502    -0.654    -1.448    -3.179    -1.918    -1.234    -0.321    -0.142
    13.75    55.75    1993    -0.142    -0.140    -0.144    -0.349    -0.732    -1.452    -0.584    -0.481    -0.537    -0.349    -0.172    -0.181
    13.75    55.75    1994    -0.164    -0.150    -0.160    -0.358    -0.971    -1.044    -0.754    -0.367    -0.378    -0.182    -0.146    -0.143
    13.75    55.75    1995    -0.145    -0.145    -0.162    -0.315    -0.775    -0.974    -2.445    -2.965    -1.994    -0.399    -0.165    -0.143
    13.75    55.75    1996    -0.142    -0.153    -0.182    -0.273    -0.797    -2.266    -2.916    -1.419    -1.069    -0.245    -0.149    -0.144
    13.75    55.75    1997    -0.146    -0.149    -0.152    -0.245    -1.208    -1.869    -1.037    -0.969    -0.348    -0.247    -0.163    -0.144
    13.75    55.75    1998    -0.145    -0.170    -0.240    -0.514    -1.310    -0.680    -1.907    -2.877    -0.749    -0.583    -0.309    -0.181
    13.75    55.75    1999    -0.154    -0.155    -0.184    -0.343    -0.560    -2.258    -2.722    -2.214    -0.501    -0.173    -0.165    -0.143
    13.75    55.75    2000    -0.142    -0.153    -0.203    -0.534    -2.245    -2.597    -3.152    -3.181    -0.939    -0.342    -0.156    -0.144
    13.75    55.75    2001    -0.146    -0.148    -0.152    -0.233    -0.414    -0.540    -0.586    -0.355    -0.198    -0.204    -0.152    -0.141
    13.75    55.75    2002    -0.143    -0.143    -0.226    -0.273    -0.478    -2.766    -2.684    -1.091    -0.241    -0.194    -0.177    -0.147
    13.75    55.75    2003    -0.146    -0.148    -0.152    -0.224    -0.502    -2.084    -1.573    -0.700    -0.703    -0.157    -0.148    -0.142
    13.75    55.75    2004    -0.143    -0.149    -0.188    -0.330    -0.626    -0.633    -0.185    -0.600    -1.046    -0.950    -0.179    -0.145
    13.75    55.75    2005    -0.146    -0.160    -0.260    -0.487    -1.505    -0.552    -2.580    -3.024    -1.711    -0.469    -0.143    -0.142
    13.75    55.75    2006    -0.141    -0.142    -0.235    -0.340    -0.916    -2.312    -3.402    -1.678    -1.730    -0.416    -0.204    -0.147
    13.75    55.75    2007    -0.146    -0.147    -0.245    -0.358    -0.485    -0.371    -1.180    -2.312    -1.424    -0.639    -0.328    -0.147
    13.75    55.75    2008    -0.145    -0.150    -0.200    -0.456    -1.952    -1.033    -0.999    -1.970    -2.653    -0.375    -0.150    -0.142
    13.75    55.75    2009    -0.146    -0.151    -0.210    -0.356    -1.665    -3.161    -1.890    -1.614    -0.354    -0.180    -0.148    -0.142
    13.75    55.75    2010    -0.143    -0.153    -0.247    -0.414    -1.446    -2.188    -0.324    -0.585    -0.468    -0.193    -0.144    -0.144
    13.75    55.75    2011    -0.142    -0.153    -0.256    -0.301    -0.423    -0.349    -1.567    -3.176    -0.870    -0.331    -0.161    -0.144
    13.75    55.75    2012    -0.142    -0.144    -0.214    -0.387    -0.980    -3.160    -1.987    -1.867    -1.198    -0.219    -0.201    -0.142
    13.75    55.75    2013    -0.147    -0.170    -0.203    -0.519    -1.690    -1.760    -3.091    -2.969    -1.012    -0.170    -0.146    -0.142
    13.75    55.75    2014    -0.143    -0.158    -0.261    -0.397    -0.689    -0.261    -1.977    -2.599    -0.495    -0.464    -0.187    -0.144
    13.75    55.75    2015    -0.145    -0.143    -0.166    -0.231    -0.463    -0.532    -0.637    -1.756    -0.408    -0.278    -0.170    -0.141
    13.75    55.75    2016    -0.143    -0.175    -0.274    -0.520    -0.617    -1.409    -0.857    -0.465    -0.445    -0.331    -0.159    -0.142
    13.75    55.75    2017    -0.146    -0.161    -0.209    -0.414    -0.567    -0.463    -0.478    -0.225    -0.383    -0.354    -0.144    -0.146
    13.75    55.75    2018    -0.143    -0.150    -0.235    -0.430    -0.853    -2.984    -3.290    -3.389    -2.100    -0.630    -0.217    -0.143
    13.75    55.75    2019    -0.141    -0.147    -0.249    -0.559    -0.442    -1.893    -3.330    -1.270    -0.885    -0.533    -0.289    -0.143
    13.75    55.75    2020    -0.142    -0.145    -0.151    -0.220    -0.589    -1.003    -1.134    -2.944    -3.118    -0.616    -0.149    -0.141
    13.75    55.75    2021    -0.143    -0.144    -0.156    -0.198    -0.365    -1.792    -3.383    -3.465    -2.804    -0.644    -0.396    -0.185
    13.75    55.75    2022    -0.143    -0.143    -0.146    -0.302    -1.046    -2.323    -1.460    -1.431    -2.348    -1.366    -0.299    -0.178
    13.75    55.75    2023    -0.141    -0.147    -0.199    -0.281    -1.616    -3.179    -3.482    -3.226    -0.820    -0.470    -0.255    -0.146
    13.75    55.75    2024    -0.142    -0.141    -0.223    -0.398    -2.140    -3.066    -3.298    -2.594    -0.320    -0.264    -0.151    -0.143
    13.75    55.75    2025    -0.144    -0.142    -0.147    -0.277    -0.519    -0.288    -0.906    -1.498    -0.501    -0.152    -0.142    -0.140
    13.75    55.75    2026    -0.141    -0.160    -0.195    -0.379    -1.902    -1.496    -1.371    -2.868    -1.080    -0.347    -0.175    -0.140
    13.75    55.75    2027    -0.142    -0.154    -0.159    -0.332    -1.548    -0.759    -0.583    -0.646    -0.243    -0.298    -0.155    -0.147
    13.75    55.75    2028    -0.140    -0.141    -0.145    -0.254    -1.194    -1.616    -3.142    -1.129    -0.569    -0.377    -0.174    -0.141
    13.75    55.75    2029    -0.142    -0.149    -0.166    -0.450    -1.842    -1.824    -3.061    -1.522    -0.233    -0.154    -0.144    -0.141
    13.75    55.75    2030    -0.145    -0.148    -0.153    -0.231    -1.276    -3.257    -3.454    -1.079    -1.955    -0.259    -0.143    -0.144
    13.75    55.75    2031    -0.142    -0.164    -0.257    -0.397    -1.897    -0.523    -0.493    -0.453    -0.244    -0.210    -0.158    -0.165
    13.75    55.75    2032    -0.147    -0.148    -0.211    -0.336    -0.761    -1.817    -1.499    -0.508    -0.943    -0.990    -0.242    -0.143
    13.75    55.75    2033    -0.142    -0.154    -0.180    -0.450    -1.979    -3.139    -3.101    -2.085    -1.750    -0.438    -0.232    -0.151
    13.75    55.75    2034    -0.144    -0.159    -0.244    -0.378    -1.076    -1.866    -0.488    -2.436    -0.654    -0.294    -0.206    -0.146
    13.75    55.75    2035    -0.146    -0.152    -0.299    -0.688    -0.822    -2.270    -1.777    -2.478    -2.793    -0.810    -0.170    -0.149
    13.75    55.75    2036    -0.158    -0.154    -0.175    -0.371    -1.024    -0.457    -0.519    -0.543    -0.403    -0.160    -0.143    -0.142
    13.75    55.75    2037    -0.144    -0.161    -0.204    -0.350    -0.761    -0.835    -0.433    -1.146    -2.557    -1.496    -0.178    -0.141
    13.75    55.75    2038    -0.147    -0.159    -0.177    -0.247    -0.621    -0.667    -2.966    -3.154    -1.682    -0.680    -0.440    -0.227
    13.75    55.75    2039    -0.143    -0.153    -0.323    -1.128    -1.391    -1.910    -2.522    -0.550    -0.279    -0.198    -0.186    -0.161
    13.75    55.75    2040    -0.158    -0.147    -0.218    -0.591    -2.008    -2.362    -1.543    -2.518    -1.796    -1.371    -0.498    -0.222
    13.75    55.75    2041    -0.140    -0.165    -0.313    -0.390    -0.879    -2.623    -3.399    -3.293    -1.911    -0.412    -0.151    -0.141
    13.75    55.75    2042    -0.142    -0.146    -0.153    -0.211    -0.430    -1.726    -2.798    -3.371    -2.409    -0.367    -0.198    -0.142
    13.75    55.75    2043    -0.147    -0.155    -0.298    -0.605    -0.995    -2.596    -3.379    -2.719    -3.312    -0.427    -0.247    -0.142
    13.75    55.75    2044    -0.143    -0.146    -0.240    -0.380    -2.071    -3.434    -2.482    -1.530    -0.969    -0.377    -0.144    -0.143
    13.75    55.75    2045    -0.142    -0.157    -0.265    -0.633    -2.460    -1.205    -0.854    -0.626    -0.334    -0.241    -0.152    -0.142
    13.75    55.75    2046    -0.150    -0.153    -0.194    -0.275    -0.982    -2.513    -0.715    -0.313    -0.508    -0.309    -0.144    -0.143
    13.75    55.75    2047    -0.141    -0.144    -0.160    -0.477    -1.852    -1.291    -1.476    -3.014    -2.980    -1.633    -0.159    -0.141
    13.75    55.75    2048    -0.142    -0.155    -0.194    -0.269    -0.978    -3.164    -0.846    -0.442    -0.398    -0.157    -0.141    -0.142
    13.75    55.75    2049    -0.147    -0.157    -0.149    -0.226    -0.500    -0.326    -1.448    -2.100    -1.497    -0.271    -0.162    -0.142
    13.75    55.75    2050    -0.144    -0.159    -0.201    -0.494    -1.101    -0.539    -1.520    -1.414    -1.160    -0.552    -0.149    -0.140
    13.75    55.75    2051    -0.145    -0.144    -0.191    -0.312    -1.237    -2.460    -1.436    -1.025    -0.564    -0.343    -0.191    -0.174
    13.75    55.75    2052    -0.166    -0.160    -0.161    -0.359    -0.567    -1.431    -2.403    -3.075    -2.911    -1.099    -0.169    -0.141
    13.75    55.75    2053    -0.146    -0.161    -0.196    -0.235    -0.789    -1.180    -1.426    -0.373    -0.542    -0.732    -0.251    -0.141
    13.75    55.75    2054    -0.144    -0.153    -0.179    -0.349    -0.444    -2.053    -3.369    -2.898    -0.863    -0.214    -0.145    -0.141
    13.75    55.75    2055    -0.146    -0.145    -0.179    -0.238    -0.720    -1.253    -1.764    -1.252    -2.245    -1.290    -0.240    -0.141
    13.75    55.75    2056    -0.142    -0.150    -0.215    -0.305    -0.520    -1.837    -1.946    -1.427    -0.829    -0.524    -0.377    -0.186
    13.75    55.75    2057    -0.142    -0.147    -0.169    -0.562    -2.677    -2.806    -2.582    -1.276    -1.428    -1.404    -0.166    -0.141
    13.75    55.75    2058    -0.146    -0.143    -0.255    -0.407    -1.317    -1.476    -3.237    -2.985    -1.397    -0.485    -0.142    -0.141
    13.75    55.75    2059    -0.145    -0.145    -0.198    -0.385    -1.062    -1.283    -2.298    -2.025    -0.373    -0.232    -0.159    -0.141
    13.75    55.75    2060    -0.141    -0.162    -0.212    -0.292    -1.297    -2.367    -2.799    -0.432    -0.922    -0.364    -0.178    -0.142
    13.75    55.75    2061    -0.142    -0.163    -0.283    -0.299    -0.312    -0.928    -0.821    -1.091    -0.892    -0.515    -0.157    -0.142
    13.75    55.75    2062    -0.143    -0.184    -0.343    -0.705    -1.244    -1.233    -1.387    -0.668    -0.401    -0.157    -0.170    -0.145
    13.75    55.75    2063    -0.144    -0.158    -0.178    -0.358    -2.124    -2.009    -0.940    -0.251    -0.236    -0.366    -0.305    -0.172
    13.75    55.75    2064    -0.155    -0.148    -0.181    -0.378    -0.938    -2.310    -1.914    -1.707    -1.768    -1.427    -0.441    -0.147
    13.75    55.75    2065    -0.146    -0.171    -0.197    -0.363    -1.332    -3.399    -3.329    -2.054    -2.886    -0.888    -0.313    -0.155
    13.75    55.75    2066    -0.141    -0.145    -0.171    -0.428    -1.136    -1.039    -0.415    -0.483    -0.526    -0.190    -0.165    -0.143
    13.75    55.75    2067    -0.142    -0.155    -0.174    -0.292    -0.887    -1.114    -1.314    -1.850    -0.802    -0.339    -0.144    -0.143
    13.75    55.75    2068    -0.144    -0.151    -0.168    -0.234    -0.909    -1.151    -0.406    -1.165    -2.013    -0.609    -0.205    -0.141
    13.75    55.75    2069    -0.141    -0.142    -0.200    -0.429    -1.869    -3.184    -3.239    -2.949    -0.571    -0.184    -0.159    -0.142
    13.75    55.75    2070    -0.144    -0.168    -0.289    -0.653    -2.279    -3.408    -2.785    -2.161    -1.703    -0.649    -0.280    -0.151
    13.75    55.75    2071    -0.143    -0.150    -0.225    -0.360    -0.864    -2.395    -1.089    -1.979    -1.733    -0.458    -0.166    -0.141
    13.75    55.75    2072    -0.143    -0.166    -0.215    -0.505    -1.554    -2.517    -2.790    -1.194    -0.529    -0.368    -0.267    -0.144
    13.75    55.75    2073    -0.145    -0.155    -0.263    -1.091    -2.073    -3.190    -3.385    -2.125    -1.116    -0.953    -0.476    -0.151
    13.75    55.75    2074    -0.142    -0.146    -0.217    -0.332    -0.886    -2.294    -0.935    -1.486    -1.730    -0.980    -0.361    -0.157
    13.75    55.75    2075    -0.144    -0.169    -0.237    -0.342    -0.668    -1.093    -1.721    -2.254    -0.959    -0.172    -0.147    -0.142
    13.75    55.75    2076    -0.142    -0.145    -0.150    -0.190    -0.801    -2.558    -3.347    -2.780    -1.265    -0.515    -0.215    -0.141
    13.75    55.75    2077    -0.143    -0.155    -0.243    -0.631    -1.514    -2.970    -0.970    -0.533    -0.736    -0.345    -0.143    -0.144
    13.75    55.75    2078    -0.142    -0.159    -0.258    -0.399    -1.254    -1.761    -1.840    -2.769    -2.292    -0.707    -0.171    -0.142
    13.75    55.75    2079    -0.143    -0.167    -0.234    -0.819    -1.709    -0.842    -2.752    -2.307    -0.653    -0.156    -0.164    -0.147
    13.75    55.75    2080    -0.145    -0.162    -0.228    -0.464    -0.673    -0.726    -2.943    -2.307    -2.124    -2.317    -0.879    -0.145
    13.75    55.75    2081    -0.144    -0.158    -0.225    -0.364    -1.572    -1.483    -1.940    -2.805    -1.837    -0.749    -0.204    -0.141
    13.75    55.75    2082    -0.145    -0.169    -0.308    -0.673    -2.544    -2.150    -1.425    -0.384    -0.264    -0.234    -0.144    -0.141
    13.75    55.75    2083    -0.143    -0.146    -0.187    -0.565    -1.415    -3.102    -2.210    -0.918    -0.433    -0.246    -0.240    -0.170
    13.75    55.75    2084    -0.144    -0.145    -0.232    -0.448    -0.800    -0.829    -0.320    -1.287    -2.351    -1.212    -0.177    -0.144
    13.75    55.75    2085    -0.142    -0.142    -0.150    -0.287    -1.457    -1.375    -2.049    -0.839    -0.679    -0.207    -0.188    -0.147
    13.75    55.75    2086    -0.143    -0.157    -0.284    -0.587    -0.884    -2.775    -1.948    -0.509    -0.259    -0.181    -0.166    -0.142
    13.75    55.75    2087    -0.147    -0.173    -0.219    -0.244    -0.390    -0.630    -1.899    -2.000    -0.321    -0.271    -0.248    -0.142
    13.75    55.75    2088    -0.145    -0.169    -0.243    -0.272    -0.440    -2.342    -3.423    -2.703    -1.264    -0.722    -0.226    -0.142
    13.75    55.75    2089    -0.151    -0.180    -0.228    -0.624    -2.248    -0.821    -0.547    -1.018    -0.635    -0.430    -0.170    -0.142
    13.75    55.75    2090    -0.148    -0.157    -0.214    -0.433    -0.483    -1.221    -0.580    -1.807    -1.543    -0.838    -0.306    -0.153
    13.75    55.75    2091    -0.143    -0.154    -0.198    -0.393    -1.674    -2.479    -1.053    -0.484    -0.840    -0.269    -0.149    -0.142
    13.75    55.75    2092    -0.145    -0.147    -0.301    -0.481    -1.310    -3.189    -3.301    -3.366    -1.643    -0.520    -0.278    -0.167
    13.75    55.75    2093    -0.153    -0.160    -0.204    -0.210    -0.493    -2.627    -2.878    -2.869    -1.761    -0.500    -0.209    -0.142
    13.75    55.75    2094    -0.147    -0.156    -0.190    -0.323    -1.313    -0.881    -0.480    -0.968    -0.540    -0.386    -0.146    -0.142
    13.75    55.75    2095    -0.151    -0.148    -0.234    -0.389    -1.792    -3.267    -3.302    -3.317    -2.624    -0.471    -0.148    -0.142
    13.75    55.75    2096    -0.147    -0.154    -0.286    -0.266    -0.580    -0.321    -0.728    -0.473    -0.225    -0.172    -0.143    -0.141
    13.75    55.75    2097    -0.144    -0.155    -0.235    -0.280    -0.588    -1.846    -2.549    -1.616    -1.610    -0.273    -0.147    -0.141
    13.75    55.75    2098    -0.144    -0.150    -0.183    -0.351    -1.205    -2.581    -1.877    -0.689    -0.234    -0.258    -0.244    -0.178
    13.75    55.75    2099    -0.143    -0.161    -0.278    -0.516    -1.247    -2.569    -3.282    -2.568    -2.784    -1.260    -0.263    -0.143
    13.75    55.75    2100    -0.145    -0.151    -0.230    -0.252    -0.894    -1.713    -2.973    -2.532    -1.052    -0.479    -0.175    -0.142
    13.75    55.75    2101    -0.145    -0.149    -0.245    -0.330    -0.647    -2.332    -1.321    -2.111    -1.593    -0.585    -0.166    -0.142
    13.75    55.75    2102    -0.143    -0.168    -0.244    -0.538    -1.913    -2.604    -2.539    -0.786    -0.692    -0.599    -0.214    -0.142
    13.75    55.75    2103    -0.149    -0.155    -0.226    -0.957    -2.054    -3.199    -3.350    -2.860    -0.749    -0.695    -0.237    -0.146
    13.75    55.75    2104    -0.142    -0.149    -0.181    -0.293    -0.943    -2.807    -0.409    -1.291    -2.530    -0.606    -0.313    -0.149
    13.75    55.75    2105    -0.148    -0.158    -0.263    -0.326    -0.797    -1.057    -1.353    -2.631    -0.840    -0.296    -0.144    -0.147
    13.75    55.75    2106    -0.143    -0.153    -0.164    -0.203    -0.710    -2.811    -3.368    -2.844    -1.405    -0.600    -0.237    -0.143
    13.75    55.75    2107    -0.143    -0.150    -0.241    -0.666    -1.171    -3.205    -1.100    -0.479    -0.477    -0.335    -0.145    -0.142
    13.75    55.75    2108    -0.143    -0.162    -0.232    -0.382    -1.527    -1.377    -2.382    -2.859    -2.256    -0.634    -0.177    -0.143
    13.75    55.75    2109    -0.144    -0.156    -0.237    -0.811    -1.637    -1.455    -2.448    -2.869    -0.559    -0.166    -0.158    -0.148
    13.75    55.75    2110    -0.142    -0.156    -0.258    -0.407    -0.583    -1.294    -2.514    -2.266    -2.340    -1.615    -0.619    -0.146
    13.75    55.75    2111    -0.145    -0.182    -0.227    -0.383    -1.292    -0.775    -2.671    -2.744    -1.238    -0.824    -0.286    -0.142
    13.75    55.75    2112    -0.147    -0.178    -0.293    -0.855    -2.793    -2.560    -0.864    -0.448    -0.521    -0.181    -0.145    -0.141
    13.75    55.75    2113    -0.144    -0.150    -0.193    -0.628    -2.177    -3.157    -2.239    -0.974    -1.803    -0.170    -0.174    -0.152
    13.75    55.75    2114    -0.144    -0.142    -0.251    -0.580    -0.960    -0.393    -0.390    -1.852    -3.025    -0.922    -0.186    -0.143
    13.75    55.75    2115    -0.145    -0.145    -0.153    -0.275    -1.349    -1.985    -1.996    -1.222    -0.306    -0.238    -0.211    -0.152
    13.75    55.75    2116    -0.143    -0.166    -0.300    -0.515    -0.849    -3.063    -2.144    -0.489    -0.312    -0.384    -0.154    -0.145
    13.75    55.75    2117    -0.150    -0.163    -0.213    -0.266    -0.429    -0.558    -1.559    -1.782    -0.505    -0.259    -0.223    -0.145
    13.75    55.75    2118    -0.145    -0.174    -0.238    -0.328    -0.509    -2.399    -3.433    -2.918    -1.065    -0.951    -0.280    -0.147
    13.75    55.75    2119    -0.151    -0.183    -0.220    -0.670    -2.274    -1.107    -0.669    -0.373    -0.780    -0.519    -0.190    -0.151
    13.75    55.75    2120    -0.148    -0.175    -0.210    -0.491    -0.687    -0.647    -0.879    -2.296    -2.351    -0.782    -0.276    -0.144
    13.75    55.75    2121    -0.145    -0.153    -0.188    -0.415    -1.465    -2.748    -1.014    -0.485    -1.261    -0.296    -0.147    -0.144
    13.75    55.75    2122    -0.146    -0.148    -0.305    -0.684    -1.573    -3.179    -3.295    -3.359    -2.016    -0.688    -0.258    -0.168
    13.75    55.75    2123    -0.152    -0.186    -0.227    -0.213    -0.591    -2.622    -2.571    -3.091    -2.219    -0.436    -0.153    -0.144
    13.75    55.75    2124    -0.144    -0.151    -0.171    -0.316    -1.408    -0.746    -0.627    -1.168    -0.504    -0.308    -0.149    -0.142
    13.75    55.75    2125    -0.149    -0.153    -0.264    -0.396    -1.693    -3.359    -3.300    -3.339    -2.353    -0.957    -0.168    -0.143
    13.75    55.75    2126    -0.149    -0.164    -0.300    -0.383    -0.537    -0.375    -0.616    -0.337    -0.215    -0.165    -0.150    -0.142
    13.75    55.75    2127    -0.144    -0.161    -0.206    -0.381    -0.686    -2.321    -2.508    -2.183    -0.747    -0.520    -0.168    -0.143
    13.75    55.75    2128    -0.146    -0.156    -0.205    -0.452    -0.818    -2.827    -2.121    -0.502    -0.218    -0.286    -0.242    -0.160
    13.75    55.75    2129    -0.145    -0.166    -0.271    -0.448    -1.853    -2.881    -3.288    -2.389    -3.264    -1.471    -0.282    -0.143
    13.75    55.75    2130    -0.146    -0.154    -0.195    -0.300    -0.820    -1.839    -3.062    -3.119    -1.737    -0.274    -0.162    -0.143
    23.75    61.75    1980    -0.191    -0.191    -0.194    -0.204    -0.331    -0.806    -0.949    -1.643    -0.416    -0.232    -0.192    -0.190
    23.75    61.75    1981    -0.191    -0.191    -0.194    -0.278    -0.502    -1.304    -1.592    -0.746    -0.459    -0.257    -0.201    -0.201
    23.75    61.75    1982    -0.202    -0.202    -0.204    -0.209    -0.240    -0.751    -2.262    -1.564    -0.645    -0.245    -0.193    -0.192
    23.75    61.75    1983    -0.191    -0.191    -0.194    -0.195    -0.596    -1.518    -2.161    -2.465    -2.332    -0.661    -0.363    -0.363
    23.75    61.75    1984    -0.364    -0.364    -0.369    -0.375    -0.272    -1.208    -0.429    -0.339    -0.263    -0.206    -0.199    -0.196
    23.75    61.75    1985    -0.196    -0.197    -0.198    -0.202    -0.285    -0.678    -0.857    -0.457    -0.394    -0.297    -0.297    -0.297
    23.75    61.75    1986    -0.297    -0.297    -0.301    -0.295    -0.285    -0.718    -0.840    -1.274    -0.613    -0.344    -0.279    -0.279
    23.75    61.75    1987    -0.279    -0.280    -0.283    -0.262    -0.467    -0.767    -0.488    -0.917    -0.642    -0.295    -0.292    -0.292
    23.75    61.75    1988    -0.294    -0.294    -0.246    -0.215    -0.576    -0.787    -1.496    -1.348    -0.218    -0.207    -0.199    -0.195
    23.75    61.75    1989    -0.194    -0.194    -0.193    -0.202    -0.402    -1.717    -1.169    -1.824    -0.480    -0.296    -0.234    -0.234
    23.75    61.75    1990    -0.235    -0.235    -0.237    -0.238    -0.364    -0.882    -1.475    -0.356    -0.264    -0.219    -0.200    -0.195
    23.75    61.75    1991    -0.195    -0.196    -0.199    -0.203    -0.341    -1.144    -1.535    -1.616    -0.461    -0.241    -0.199    -0.200
    23.75    61.75    1992    -0.200    -0.200    -0.203    -0.206    -0.475    -1.116    -0.509    -0.306    -0.394    -0.345    -0.367    -0.367
    23.75    61.75    1993    -0.367    -0.367    -0.372    -0.231    -0.616    -2.660    -1.582    -0.518    -0.299    -0.224    -0.206    -0.206
    23.75    61.75    1994    -0.206    -0.201    -0.199    -0.197    -0.389    -0.752    -1.616    -0.814    -0.320    -0.238    -0.193    -0.195
    23.75    61.75    1995    -0.195    -0.195    -0.197    -0.206    -0.334    -0.778    -0.646    -0.851    -0.809    -0.328    -0.195    -0.194
    23.75    61.75    1996    -0.195    -0.195    -0.197    -0.198    -0.354    -2.074    -2.748    -0.351    -0.437    -0.330    -0.236    -0.218
    23.75    61.75    1997    -0.217    -0.218    -0.220    -0.207    -0.319    -1.910    -1.751    -0.581    -0.306    -0.242    -0.193    -0.191
    23.75    61.75    1998    -0.192    -0.195    -0.197    -0.199    -0.355    -0.767    -0.707    -0.604    -0.449    -0.267    -0.216    -0.191
    23.75    61.75    1999    -0.191    -0.191    -0.193    -0.256    -0.372    -0.811    -0.622    -0.467    -0.420    -0.292    -0.191    -0.191
    23.75    61.75    2000    -0.192    -0.192    -0.194    -0.224    -0.576    -1.839    -1.137    -0.412    -0.415    -0.306    -0.193    -0.191
    23.75    61.75    2001    -0.191    -0.191    -0.192    -0.199    -0.538    -2.324    -2.888    -0.333    -0.399    -0.359    -0.358    -0.358
    23.75    61.75    2002    -0.358    -0.358    -0.292    -0.243    -0.268    -0.465    -0.768    -0.833    -0.369    -0.498    -0.337    -0.217
    23.75    61.75    2003    -0.217    -0.218    -0.217    -0.227    -0.275    -0.867    -1.968    -1.730    -0.518    -0.219    -0.198    -0.199
    23.75    61.75    2004    -0.199    -0.199    -0.202    -0.194    -0.658    -1.154    -1.482    -0.318    -0.406    -0.236    -0.191    -0.191
    23.75    61.75    2005    -0.191    -0.191    -0.193    -0.240    -0.743    -0.623    -0.753    -0.579    -0.643    -0.341    -0.358    -0.359
    23.75    61.75    2006    -0.360    -0.360    -0.329    -0.226    -0.457    -2.001    -2.825    -1.955    -0.410    -0.287    -0.203    -0.197
    23.75    61.75    2007    -0.197    -0.198    -0.198    -0.202    -0.458    -0.907    -0.880    -1.492    -0.705    -0.263    -0.205    -0.192
    23.75    61.75    2008    -0.191    -0.191    -0.216    -0.404    -0.849    -1.448    -0.452    -0.504    -0.333    -0.201    -0.196    -0.193
    23.75    61.75    2009    -0.193    -0.193    -0.199    -0.217    -0.471    -2.081    -0.798    -0.264    -0.320    -0.214    -0.193    -0.194
    23.75    61.75    2010    -0.193    -0.193    -0.193    -0.198    -0.745    -1.245    -0.439    -0.301    -0.320    -0.227    -0.192    -0.191
    23.75    61.75    2011    -0.191    -0.192    -0.194    -0.204    -0.384    -0.965    -1.078    -0.761    -0.634    -0.261    -0.191    -0.191
    23.75    61.75    2012    -0.191    -0.191    -0.203    -0.439    -2.076    -3.052    -1.535    -2.524    -1.278    -0.442    -0.283    -0.201
    23.75    61.75    2013    -0.193    -0.191    -0.196    -0.268    -0.915    -0.768    -0.717    -0.822    -0.422    -0.268    -0.242    -0.242
    23.75    61.75    2014    -0.242    -0.242    -0.205    -0.307    -0.947    -0.798    -1.567    -0.609    -0.338    -0.210    -0.224    -0.224
    23.75    61.75    2015    -0.224    -0.225    -0.226    -0.238    -0.271    -0.990    -0.889    -1.721    -1.246    -0.582    -0.326    -0.260
    23.75    61.75    2016    -0.241    -0.211    -0.200    -0.332    -0.756    -1.005    -0.500    -0.426    -0.363    -0.215    -0.205    -0.206
    23.75    61.75    2017    -0.197    -0.192    -0.199    -0.227    -0.395    -1.922    -1.734    -0.531    -0.579    -0.342    -0.278    -0.279
    23.75    61.75    2018    -0.278    -0.278    -0.233    -0.319    -0.713    -0.549    -1.002    -0.669    -0.501    -0.306    -0.197    -0.193
    23.75    61.75    2019    -0.194    -0.195    -0.194    -0.215    -0.676    -1.508    -1.033    -0.621    -0.294    -0.207    -0.194    -0.192
    23.75    61.75    2020    -0.191    -0.191    -0.194    -0.198    -0.357    -0.787    -0.512    -0.457    -0.372    -0.334    -0.250    -0.195
    23.75    61.75    2021    -0.196    -0.196    -0.200    -0.201    -0.505    -1.259    -1.427    -2.115    -0.504    -0.352    -0.215    -0.192
    23.75    61.75    2022    -0.191    -0.191    -0.193    -0.202    -0.538    -2.083    -2.005    -0.694    -0.529    -0.376    -0.236    -0.195
    23.75    61.75    2023    -0.192    -0.193    -0.195    -0.232    -0.671    -1.940    -1.484    -1.363    -0.574    -0.335    -0.262    -0.191
    23.75    61.75    2024    -0.191    -0.191    -0.193    -0.208    -0.755    -2.003    -2.704    -2.783    -0.760    -0.358    -0.252    -0.211
    23.75    61.75    2025    -0.211    -0.211    -0.213    -0.219    -0.325    -0.584    -1.780    -0.629    -0.490    -0.285    -0.214    -0.194
    23.75    61.75    2026    -0.193    -0.194    -0.196    -0.377    -2.219    -0.674    -0.847    -0.543    -0.425    -0.209    -0.193    -0.191
    23.75    61.75    2027    -0.191    -0.191    -0.193    -0.232    -0.499    -0.940    -1.227    -0.284    -0.213    -0.248    -0.235    -0.228
    23.75    61.75    2028    -0.228    -0.228    -0.231    -0.224    -0.923    -2.922    -0.933    -0.470    -0.539    -0.495    -0.195    -0.192
    23.75    61.75    2029    -0.192    -0.195    -0.200    -0.382    -1.268    -2.391    -1.866    -0.399    -0.243    -0.225    -0.200    -0.191
    23.75    61.75    2030    -0.191    -0.191    -0.193    -0.233    -0.713    -2.619    -2.093    -1.011    -0.878    -0.664    -0.598    -0.599
    23.75    61.75    2031    -0.599    -0.557    -0.212    -0.361    -0.786    -1.580    -0.500    -0.405    -0.375    -0.287    -0.211    -0.204
    23.75    61.75    2032    -0.205    -0.198    -0.196    -0.243    -0.944    -0.626    -0.490    -1.048    -0.760    -0.499    -0.329    -0.210
    23.75    61.75    2033    -0.193    -0.195    -0.202    -0.258    -1.198    -2.835    -1.299    -0.848    -0.414    -0.401    -0.342    -0.304
    23.75    61.75    2034    -0.196    -0.191    -0.195    -0.321    -0.592    -0.669    -0.465    -0.452    -0.244    -0.215    -0.205    -0.191
    23.75    61.75    2035    -0.191    -0.192    -0.197    -0.219    -0.702    -2.013    -0.797    -1.757    -1.078    -0.277    -0.221    -0.191
    23.75    61.75    2036    -0.192    -0.192    -0.195    -0.212    -0.480    -0.994    -0.563    -1.029    -0.800    -0.397    -0.193    -0.194
    23.75    61.75    2037    -0.192    -0.201    -0.211    -0.394    -0.748    -0.571    -0.624    -0.743    -0.454    -0.299    -0.240    -0.241
    23.75    61.75    2038    -0.216    -0.194    -0.222    -0.399    -0.458    -1.370    -2.107    -2.049    -0.547    -0.224    -0.199    -0.193
    23.75    61.75    2039    -0.192    -0.192    -0.222    -0.415    -0.902    -2.165    -1.249    -0.323    -0.219    -0.206    -0.196    -0.192
    23.75    61.75    2040    -0.192    -0.193    -0.199    -0.252    -0.647    -1.012    -0.595    -0.640    -1.517    -0.709    -0.281    -0.219
    23.75    61.75    2041    -0.219    -0.219    -0.207    -0.363    -2.176    -2.407    -0.786    -0.519    -1.187    -0.528    -0.250    -0.198
    23.75    61.75    2042    -0.193    -0.193    -0.196    -0.214    -0.657    -1.758    -1.273    -0.562    -0.407    -0.265    -0.195    -0.192
    23.75    61.75    2043    -0.192    -0.194    -0.258    -0.710    -0.935    -1.216    -2.375    -1.570    -0.556    -0.369    -0.195    -0.192
    23.75    61.75    2044    -0.192    -0.192    -0.202    -0.238    -0.668    -2.776    -3.073    -0.405    -0.285    -0.213    -0.193    -0.192
    23.75    61.75    2045    -0.192    -0.194    -0.199    -0.322    -0.763    -1.414    -0.932    -0.429    -0.327    -0.262    -0.245    -0.246
    23.75    61.75    2046    -0.248    -0.248    -0.250    -0.239    -0.504    -1.283    -0.693    -0.886    -0.240    -0.288    -0.255    -0.203
    23.75    61.75    2047    -0.194    -0.195    -0.197    -0.428    -1.161    -1.885    -0.526    -1.159    -1.882    -0.569    -0.279    -0.192
    23.75    61.75    2048    -0.193    -0.194    -0.225    -0.402    -1.456    -2.732    -0.598    -0.471    -0.562    -0.391    -0.209    -0.210
    23.75    61.75    2049    -0.209    -0.210    -0.214    -0.230    -0.485    -1.224    -0.962    -0.270    -0.262    -0.211    -0.199    -0.193
    23.75    61.75    2050    -0.193    -0.196    -0.228    -0.468    -0.605    -2.096    -2.308    -0.343    -0.319    -0.258    -0.209    -0.210
    23.75    61.75    2051    -0.211    -0.211    -0.211    -0.220    -0.586    -1.915    -0.808    -0.280    -0.280    -0.210    -0.216    -0.200
    23.75    61.75    2052    -0.199    -0.199    -0.199    -0.309    -0.300    -1.207    -1.140    -0.600    -0.517    -0.449    -0.316    -0.272
    23.75    61.75    2053    -0.271    -0.233    -0.202    -0.378    -0.512    -0.483    -0.912    -0.603    -0.842    -0.437    -0.221    -0.201
    23.75    61.75    2054    -0.197    -0.195    -0.199    -0.340    -0.938    -0.796    -1.089    -1.321    -0.398    -0.249    -0.209    -0.194
    23.75    61.75    2055    -0.194    -0.194    -0.197    -0.216    -0.387    -0.807    -0.605    -0.464    -0.235    -0.228    -0.200    -0.194
    23.75    61.75    2056    -0.195    -0.200    -0.240    -0.409    -0.648    -2.181    -3.341    -1.330    -0.884    -0.651    -0.378    -0.270
    23.75    61.75    2057    -0.216    -0.195    -0.203    -0.447    -1.404    -2.536    -0.563    -0.372    -0.427    -0.235    -0.197    -0.195
    23.75    61.75    2058    -0.193    -0.194    -0.197    -0.234    -1.155    -2.236    -1.006    -1.307    -0.521    -0.297    -0.295    -0.193
    23.75    61.75    2059    -0.193    -0.194    -0.197    -0.223    -0.774    -2.105    -1.290    -0.662    -0.320    -0.239    -0.194    -0.194
    23.75    61.75    2060    -0.194    -0.194    -0.195    -0.267    -0.591    -1.692    -1.936    -0.262    -0.338    -0.256    -0.208    -0.193
    23.75    61.75    2061    -0.194    -0.195    -0.229    -0.306    -0.415    -0.766    -0.334    -0.923    -0.691    -0.281    -0.203    -0.194
    23.75    61.75    2062    -0.194    -0.201    -0.262    -0.751    -1.777    -1.450    -3.293    -2.671    -1.281    -0.249    -0.201    -0.194
    23.75    61.75    2063    -0.193    -0.194    -0.201    -0.507    -1.572    -1.883    -2.251    -0.858    -0.442    -0.500    -0.545    -0.542
    23.75    61.75    2064    -0.543    -0.543    -0.438    -0.276    -0.435    -1.459    -2.901    -1.692    -0.621    -0.495    -0.228    -0.205
    23.75    61.75    2065    -0.206    -0.211    -0.248    -0.467    -1.578    -2.816    -2.469    -0.673    -0.440    -0.319    -0.195    -0.194
    23.75    61.75    2066    -0.194    -0.194    -0.200    -0.271    -0.482    -0.651    -0.942    -0.354    -0.357    -0.266    -0.197    -0.194
    23.75    61.75    2067    -0.195    -0.199    -0.200    -0.320    -0.664    -1.932    -1.275    -0.539    -0.294    -0.210    -0.200    -0.195
    23.75    61.75    2068    -0.195    -0.200    -0.216    -0.229    -0.463    -1.309    -2.772    -1.464    -0.546    -0.228    -0.196    -0.196
    23.75    61.75    2069    -0.196    -0.197    -0.200    -0.262    -0.474    -0.837    -2.212    -0.926    -0.477    -0.372    -0.215    -0.194
    23.75    61.75    2070    -0.196    -0.200    -0.233    -0.522    -2.008    -1.801    -2.386    -1.151    -0.376    -0.311    -0.198    -0.196
    23.75    61.75    2071    -0.195    -0.198    -0.221    -0.406    -2.127    -2.097    -0.608    -0.437    -0.450    -0.223    -0.197    -0.195
    23.75    61.75    2072    -0.197    -0.197    -0.201    -0.271    -0.785    -2.579    -0.474    -0.261    -0.298    -0.209    -0.198    -0.198
    23.75    61.75    2073    -0.198    -0.199    -0.251    -0.945    -2.867    -3.260    -1.729    -1.207    -0.601    -0.240    -0.201    -0.196
    23.75    61.75    2074    -0.196    -0.197    -0.204    -0.433    -1.058    -2.220    -1.139    -0.933    -0.540    -0.284    -0.220    -0.220
    23.75    61.75    2075    -0.209    -0.200    -0.216    -0.504    -2.430    -0.954    -0.602    -0.249    -0.272    -0.305    -0.256    -0.256
    23.75    61.75    2076    -0.256    -0.256    -0.236    -0.246    -0.375    -0.863    -1.150    -0.892    -1.396    -0.736    -0.252    -0.245
    23.75    61.75    2077    -0.245    -0.246    -0.245    -0.216    -0.922    -2.061    -0.419    -0.522    -0.320    -0.221    -0.199    -0.199
    23.75    61.75    2078    -0.199    -0.199    -0.235    -0.702    -2.885    -0.522    -0.714    -0.460    -0.296    -0.237    -0.199    -0.197
    23.75    61.75    2079    -0.199    -0.199    -0.216    -0.495    -1.538    -2.699    -1.668    -0.554    -0.641    -0.373    -0.201    -0.199
    23.75    61.75    2080    -0.198    -0.199    -0.254    -0.354    -0.561    -0.590    -1.919    -1.154    -0.330    -0.454    -0.232    -0.198
    23.75    61.75    2081    -0.197    -0.198    -0.204    -0.353    -1.272    -2.639    -1.562    -1.116    -1.244    -0.597    -0.280    -0.275
    23.75    61.75    2082    -0.225    -0.199    -0.239    -0.674    -1.623    -3.007    -1.138    -0.477    -0.279    -0.251    -0.206    -0.204
    23.75    61.75    2083    -0.202    -0.202    -0.206    -0.288    -1.291    -2.342    -0.395    -0.709    -0.461    -0.265    -0.202    -0.198
    23.75    61.75    2084    -0.197    -0.198    -0.209    -0.345    -0.613    -1.496    -2.789    -2.327    -0.334    -0.459    -0.204    -0.197
    23.75    61.75    2085    -0.197    -0.198    -0.201    -0.226    -0.691    -2.742    -3.344    -1.659    -0.652    -0.452    -0.319    -0.204
    23.75    61.75    2086    -0.197    -0.197    -0.200    -0.211    -1.210    -2.215    -3.232    -2.776    -1.181    -0.423    -0.199    -0.197
    23.75    61.75    2087    -0.195    -0.198    -0.250    -0.406    -0.781    -0.936    -0.673    -0.347    -0.298    -0.221    -0.198    -0.195
    23.75    61.75    2088    -0.198    -0.198    -0.204    -0.219    -0.706    -2.948    -0.977    -1.121    -0.342    -0.231    -0.204    -0.204
    23.75    61.75    2089    -0.198    -0.199    -0.203    -0.365    -2.489    -3.018    -2.540    -1.234    -0.344    -0.310    -0.203    -0.199
    23.75    61.75    2090    -0.196    -0.199    -0.232    -0.347    -0.733    -1.266    -1.089    -0.533    -0.290    -0.215    -0.196    -0.196
    23.75    61.75    2091    -0.197    -0.198    -0.201    -0.415    -1.721    -2.125    -1.919    -1.048    -0.787    -0.244    -0.200    -0.198
    23.75    61.75    2092    -0.199    -0.200    -0.252    -0.619    -2.462    -3.020    -3.078    -3.226    -2.548    -1.103    -0.262    -0.199
    23.75    61.75    2093    -0.196    -0.201    -0.238    -0.428    -1.133    -1.381    -3.039    -1.308    -0.365    -0.238    -0.196    -0.196
    23.75    61.75    2094    -0.196    -0.197    -0.202    -0.228    -0.546    -0.589    -0.439    -0.345    -0.278    -0.204    -0.199    -0.196
    23.75    61.75    2095    -0.197    -0.203    -0.250    -0.562    -1.139    -2.144    -3.071    -1.529    -0.244    -0.225    -0.197    -0.196
    23.75    61.75    2096    -0.197    -0.200    -0.239    -0.435    -1.232    -0.802    -2.399    -2.024    -0.452    -0.264    -0.198    -0.197
    23.75    61.75    2097    -0.199    -0.203    -0.233    -0.880    -2.658    -2.502    -1.438    -0.563    -0.317    -0.455    -0.308    -0.236
    23.75    61.75    2098    -0.214    -0.203    -0.232    -0.598    -1.923    -3.020    -2.135    -0.468    -0.288    -0.298    -0.265    -0.208
    23.75    61.75    2099    -0.208    -0.208    -0.214    -0.245    -0.426    -1.810    -2.027    -2.043    -2.308    -0.380    -0.325    -0.326
    23.75    61.75    2100    -0.292    -0.266    -0.265    -0.279    -0.572    -0.825    -1.068    -1.929    -1.435    -0.356    -0.222    -0.219
    23.75    61.75    2101    -0.209    -0.212    -0.234    -0.409    -2.285    -2.158    -0.680    -0.613    -0.606    -0.230    -0.211    -0.207
    23.75    61.75    2102    -0.199    -0.200    -0.203    -0.298    -1.105    -2.578    -0.733    -0.282    -0.427    -0.207    -0.200    -0.200
    23.75    61.75    2103    -0.200    -0.201    -0.247    -1.057    -2.881    -3.343    -1.293    -1.727    -0.346    -0.237    -0.216    -0.200
    23.75    61.75    2104    -0.199    -0.200    -0.208    -0.435    -1.192    -2.422    -2.110    -0.741    -0.532    -0.345    -0.244    -0.238
    23.75    61.75    2105    -0.216    -0.204    -0.227    -0.587    -2.516    -1.323    -0.845    -0.246    -0.305    -0.218    -0.204    -0.204
    23.75    61.75    2106    -0.204    -0.205    -0.207    -0.254    -0.386    -0.681    -0.809    -0.754    -2.245    -1.008    -0.339    -0.333
    23.75    61.75    2107    -0.334    -0.334    -0.340    -0.226    -0.864    -2.462    -0.536    -0.728    -0.310    -0.213    -0.207    -0.207
    23.75    61.75    2108    -0.206    -0.206    -0.242    -0.521    -2.567    -1.635    -0.688    -0.405    -0.279    -0.259    -0.202    -0.201
    23.75    61.75    2109    -0.206    -0.206    -0.216    -0.439    -1.645    -2.859    -1.641    -1.383    -0.621    -0.298    -0.210    -0.206
    23.75    61.75    2110    -0.202    -0.204    -0.258    -0.331    -0.600    -0.628    -2.011    -0.782    -0.608    -0.397    -0.236    -0.202
    23.75    61.75    2111    -0.202    -0.202    -0.208    -0.366    -1.205    -3.082    -1.773    -0.851    -1.312    -0.943    -0.329    -0.329
    23.75    61.75    2112    -0.247    -0.204    -0.236    -0.754    -1.222    -3.337    -1.019    -0.400    -0.334    -0.212    -0.211    -0.211
    23.75    61.75    2113    -0.207    -0.208    -0.211    -0.287    -1.337    -2.773    -1.415    -0.425    -0.336    -0.281    -0.205    -0.205
    23.75    61.75    2114    -0.205    -0.205    -0.218    -0.331    -0.729    -1.504    -2.994    -1.084    -0.671    -0.613    -0.208    -0.202
    23.75    61.75    2115    -0.203    -0.204    -0.208    -0.267    -0.923    -3.138    -3.409    -1.488    -1.075    -0.860    -0.291    -0.219
    23.75    61.75    2116    -0.201    -0.202    -0.205    -0.222    -1.376    -3.029    -2.543    -2.854    -2.581    -0.419    -0.205    -0.202
    23.75    61.75    2117    -0.198    -0.201    -0.239    -0.399    -0.823    -0.941    -0.361    -0.421    -0.280    -0.223    -0.216    -0.197
    23.75    61.75    2118    -0.201    -0.202    -0.205    -0.224    -0.680    -2.302    -2.837    -1.210    -0.294    -0.227    -0.226    -0.225
    23.75    61.75    2119    -0.203    -0.209    -0.215    -0.421    -2.789    -3.197    -3.074    -1.343    -0.475    -0.271    -0.203    -0.203
    23.75    61.75    2120    -0.199    -0.201    -0.226    -0.348    -0.712    -1.238    -1.549    -0.952    -0.278    -0.210    -0.200    -0.199
    23.75    61.75    2121    -0.201    -0.201    -0.205    -0.430    -1.407    -2.534    -1.165    -0.688    -1.118    -0.401    -0.205    -0.202
    23.75    61.75    2122    -0.203    -0.203    -0.263    -0.618    -2.555    -2.934    -3.104    -3.227    -2.400    -1.487    -0.303    -0.203
    23.75    61.75    2123    -0.198    -0.203    -0.247    -0.446    -1.286    -1.794    -2.727    -0.712    -0.418    -0.261    -0.199    -0.198
    23.75    61.75    2124    -0.199    -0.200    -0.205    -0.229    -0.577    -0.618    -0.449    -0.295    -0.217    -0.221    -0.200    -0.199
    23.75    61.75    2125    -0.200    -0.206    -0.243    -0.458    -1.081    -2.417    -2.809    -1.439    -0.260    -0.206    -0.201    -0.200
    23.75    61.75    2126    -0.201    -0.204    -0.244    -0.424    -1.066    -1.821    -2.318    -0.977    -1.138    -0.377    -0.201    -0.201
    23.75    61.75    2127    -0.203    -0.207    -0.249    -0.888    -2.995    -1.268    -0.909    -0.611    -0.507    -0.553    -0.372    -0.238
    23.75    61.75    2128    -0.216    -0.209    -0.246    -0.615    -2.010    -2.876    -1.194    -0.891    -0.290    -0.339    -0.209    -0.207
    23.75    61.75    2129    -0.207    -0.207    -0.213    -0.248    -0.430    -1.993    -2.841    -1.880    -1.546    -0.511    -0.317    -0.315
    23.75    61.75    2130    -0.276    -0.237    -0.227    -0.294    -0.678    -0.721    -1.734    -1.258    -0.907    -0.457    -0.211    -0.210
    21.75    37.75    1980    -0.181    -0.227    -0.587    -1.655    -3.128    -3.260    -3.188    -3.398    -3.429    -2.560    -0.275    -0.225
    21.75    37.75    1981    -0.286    -0.412    -0.830    -2.948    -3.221    -3.375    -3.477    -3.483    -3.448    -0.642    -0.436    -0.363
    21.75    37.75    1982    -0.197    -0.353    -0.555    -0.780    -2.699    -3.422    -3.341    -2.605    -3.415    -2.006    -0.357    -0.230
    21.75    37.75    1983    -0.238    -0.522    -0.366    -0.462    -2.249    -3.230    -3.356    -3.428    -2.765    -0.870    -0.587    -0.229
    21.75    37.75    1984    -0.260    -0.468    -1.655    -3.215    -1.532    -3.016    -3.431    -3.449    -2.735    -2.216    -0.653    -0.184
    21.75    37.75    1985    -0.210    -0.198    -0.448    -1.726    -3.363    -3.230    -3.284    -3.432    -3.337    -3.135    -1.149    -0.176
    21.75    37.75    1986    -0.184    -0.177    -0.261    -0.425    -2.576    -2.943    -3.222    -2.885    -2.180    -2.265    -1.949    -0.379
    21.75    37.75    1987    -0.189    -0.192    -0.354    -0.902    -2.550    -3.215    -3.154    -3.314    -3.274    -2.077    -0.326    -0.205
    21.75    37.75    1988    -0.313    -0.731    -0.872    -2.008    -2.903    -2.627    -3.247    -3.474    -3.130    -0.367    -0.207    -0.189
    21.75    37.75    1989    -0.191    -0.238    -0.260    -1.499    -3.241    -3.370    -3.414    -3.483    -3.111    -3.068    -0.678    -0.189
    21.75    37.75    1990    -0.289    -0.239    -0.265    -1.439    -2.762    -3.400    -3.435    -3.399    -3.445    -0.972    -0.327    -0.316
    21.75    37.75    1991    -0.379    -0.405    -1.351    -2.563    -3.029    -3.339    -3.446    -3.470    -3.463    -3.258    -1.405    -0.273
    21.75    37.75    1992    -0.252    -0.217    -0.394    -1.432    -3.366    -3.411    -3.334    -3.372    -1.325    -0.567    -0.187    -0.224
    21.75    37.75    1993    -0.191    -0.201    -0.334    -0.498    -2.141    -3.260    -3.438    -3.480    -3.275    -2.163    -0.737    -0.178
    21.75    37.75    1994    -0.184    -0.328    -0.695    -0.426    -2.450    -3.372    -3.443    -3.412    -3.103    -2.045    -1.129    -0.375
    21.75    37.75    1995    -0.184    -0.220    -0.261    -0.371    -2.723    -2.847    -3.402    -3.466    -3.419    -2.636    -0.511    -0.196
    21.75    37.75    1996    -0.216    -0.297    -0.650    -0.460    -2.459    -3.342    -3.426    -2.705    -3.356    -2.816    -0.660    -0.268
    21.75    37.75    1997    -0.180    -0.190    -0.548    -1.972    -3.014    -3.032    -3.436    -3.230    -3.258    -3.063    -1.914    -0.208
    21.75    37.75    1998    -0.240    -0.200    -0.529    -2.581    -3.373    -3.365    -3.290    -3.271    -3.423    -1.769    -0.320    -0.201
    21.75    37.75    1999    -0.234    -0.366    -0.614    -2.291    -3.396    -3.250    -3.450    -3.481    -2.985    -1.155    -0.450    -0.197
    21.75    37.75    2000    -0.204    -0.354    -0.688    -1.270    -3.158    -3.321    -3.436    -3.313    -1.260    -2.642    -0.547    -0.240
    21.75    37.75    2001    -0.200    -0.228    -0.260    -0.934    -3.280    -3.279    -3.379    -3.431    -3.312    -1.881    -0.214    -0.199
    21.75    37.75    2002    -0.186    -0.229    -1.367    -2.596    -3.351    -3.224    -3.423    -3.445    -3.431    -0.972    -0.468    -0.228
    21.75    37.75    2003    -0.195    -0.197    -0.286    -1.642    -3.098    -3.311    -3.405    -2.974    -3.453    -2.469    -0.403    -0.251
    21.75    37.75    2004    -0.257    -0.248    -0.262    -1.346    -3.227    -3.433    -3.450    -3.438    -3.260    -2.704    -0.312    -0.272
    21.75    37.75    2005    -0.206    -0.313    -0.557    -2.791    -1.889    -2.840    -3.394    -3.458    -2.092    -0.492    -0.973    -0.299
    21.75    37.75    2006    -0.195    -0.232    -0.402    -0.633    -2.399    -3.273    -3.163    -3.266    -2.559    -2.652    -0.287    -0.233
    21.75    37.75    2007    -0.207    -0.475    -1.170    -2.979    -2.301    -3.381    -3.249    -3.362    -3.385    -1.112    -0.979    -0.182
    21.75    37.75    2008    -0.187    -0.226    -0.294    -0.430    -2.130    -3.239    -3.353    -3.410    -3.306    -3.329    -2.678    -0.185
    21.75    37.75    2009    -0.219    -0.423    -0.228    -1.502    -2.953    -3.422    -3.453    -3.444    -3.448    -1.134    -0.867    -0.198
    21.75    37.75    2010    -0.182    -0.465    -2.548    -3.342    -3.291    -3.337    -3.346    -3.466    -3.384    -3.329    -1.385    -0.194
    21.75    37.75    2011    -0.216    -0.218    -0.484    -1.547    -2.708    -3.024    -3.367    -3.373    -2.460    -1.741    -0.845    -0.198
    21.75    37.75    2012    -0.211    -0.216    -0.646    -0.689    -2.942    -3.453    -3.449    -3.290    -3.342    -3.180    -0.635    -0.192
    21.75    37.75    2013    -0.207    -0.249    -0.480    -0.944    -3.332    -3.371    -3.225    -3.451    -2.269    -1.183    -0.255    -0.192
    21.75    37.75    2014    -0.252    -0.605    -2.864    -3.040    -3.412    -3.435    -3.462    -3.031    -2.305    -3.013    -1.324    -0.188
    21.75    37.75    2015    -0.195    -0.264    -1.064    -3.134    -3.410    -3.486    -3.406    -3.227    -3.351    -2.604    -0.349    -0.187
    21.75    37.75    2016    -0.221    -0.307    -1.097    -2.605    -1.574    -3.427    -3.024    -3.471    -3.490    -1.458    -0.638    -0.194
    21.75    37.75    2017    -0.193    -0.187    -0.588    -1.429    -3.274    -3.317    -3.443    -3.463    -1.517    -2.805    -2.770    -0.683
    21.75    37.75    2018    -0.251    -0.545    -2.611    -3.380    -3.461    -3.430    -3.466    -3.495    -2.574    -2.947    -3.407    -1.307
    21.75    37.75    2019    -0.180    -0.320    -0.609    -1.438    -2.943    -3.144    -3.269    -3.386    -3.251    -3.275    -0.524    -0.222
    21.75    37.75    2020    -0.247    -0.236    -0.266    -1.730    -3.145    -3.298    -3.378    -3.397    -2.585    -0.999    -0.459    -0.203
    21.75    37.75    2021    -0.205    -0.245    -1.476    -3.376    -3.101    -3.269    -3.425    -3.487    -3.048    -3.039    -1.417    -0.577
    21.75    37.75    2022    -0.193    -0.233    -0.533    -0.587    -2.806    -3.452    -3.412    -3.310    -3.357    -1.058    -0.674    -0.836
    21.75    37.75    2023    -0.283    -0.192    -0.411    -1.684    -2.724    -3.402    -3.353    -3.432    -3.399    -0.398    -0.359    -0.243
    21.75    37.75    2024    -0.235    -0.213    -0.290    -0.283    -1.574    -3.291    -3.454    -3.334    -2.471    -0.367    -0.363    -0.270
    21.75    37.75    2025    -0.205    -0.224    -0.334    -0.445    -2.559    -3.492    -3.486    -3.336    -3.331    -2.837    -0.695    -0.206
    21.75    37.75    2026    -0.178    -0.418    -0.873    -1.327    -1.294    -3.065    -3.411    -3.454    -3.212    -2.398    -0.766    -0.251
    21.75    37.75    2027    -0.240    -0.230    -0.400    -1.869    -3.404    -3.424    -3.493    -3.493    -2.807    -0.809    -0.258    -0.197
    21.75    37.75    2028    -0.207    -0.233    -0.226    -0.887    -2.663    -3.323    -3.292    -3.492    -3.257    -2.588    -1.580    -0.615
    21.75    37.75    2029    -0.876    -0.391    -0.924    -2.414    -3.479    -3.387    -3.494    -3.494    -3.364    -3.099    -0.467    -0.202
    21.75    37.75    2030    -0.231    -0.193    -0.331    -0.389    -1.370    -3.074    -3.188    -3.379    -2.761    -1.873    -2.455    -0.339
    21.75    37.75    2031    -0.256    -1.037    -3.018    -3.283    -3.373    -3.373    -3.471    -3.416    -3.392    -0.971    -0.602    -0.430
    21.75    37.75    2032    -0.193    -0.443    -0.355    -0.451    -2.596    -3.362    -3.461    -1.861    -3.450    -3.258    -1.091    -0.203
    21.75    37.75    2033    -0.187    -0.200    -0.209    -0.495    -2.266    -3.330    -3.011    -3.279    -3.228    -3.374    -2.869    -0.717
    21.75    37.75    2034    -0.185    -0.192    -0.240    -0.515    -3.181    -3.347    -3.416    -3.336    -3.483    -2.933    -1.646    -0.234
    21.75    37.75    2035    -0.198    -0.330    -0.269    -2.090    -3.235    -3.435    -3.442    -3.380    -2.683    -0.767    -1.510    -0.257
    21.75    37.75    2036    -0.212    -0.248    -1.219    -3.210    -3.418    -3.431    -3.446    -3.293    -2.864    -3.193    -2.626    -0.459
    21.75    37.75    2037    -0.375    -1.667    -3.320    -2.520    -3.359    -3.465    -3.487    -3.424    -3.392    -1.673    -0.817    -0.582
    21.75    37.75    2038    -0.491    -0.942    -2.196    -3.077    -2.909    -3.299    -2.998    -3.386    -3.277    -1.916    -0.815    -0.553
    21.75    37.75    2039    -0.255    -0.624    -0.492    -1.633    -3.295    -3.254    -3.338    -3.430    -3.444    -1.887    -2.758    -0.556
    21.75    37.75    2040    -0.192    -0.372    -1.076    -3.007    -3.331    -3.376    -3.343    -3.376    -2.758    -0.804    -0.798    -0.256
    21.75    37.75    2041    -0.200    -0.291    -0.284    -1.300    -3.301    -3.271    -3.426    -3.483    -3.419    -3.355    -2.912    -0.527
    21.75    37.75    2042    -0.178    -0.252    -0.305    -1.142    -3.095    -3.331    -3.417    -3.469    -2.992    -2.832    -1.219    -0.193
    21.75    37.75    2043    -0.226    -0.653    -2.090    -3.177    -2.991    -3.435    -3.244    -3.464    -3.383    -1.222    -0.223    -0.198
    21.75    37.75    2044    -0.271    -0.231    -0.305    -1.214    -3.227    -3.340    -3.206    -3.323    -3.398    -3.141    -1.195    -0.193
    21.75    37.75    2045    -0.241    -0.397    -0.707    -3.255    -3.396    -3.458    -3.356    -3.442    -3.379    -2.946    -0.588    -0.181
    21.75    37.75    2046    -0.243    -0.313    -0.467    -1.565    -3.386    -3.458    -3.452    -3.485    -3.168    -0.599    -0.465    -0.613
    21.75    37.75    2047    -0.195    -0.328    -0.469    -0.753    -3.113    -3.272    -3.426    -3.484    -3.340    -1.073    -0.335    -0.212
    21.75    37.75    2048    -0.280    -0.435    -0.406    -2.499    -3.336    -3.203    -3.448    -3.478    -3.478    -2.347    -1.031    -0.232
    21.75    37.75    2049    -0.202    -0.265    -1.985    -2.476    -3.448    -3.474    -3.421    -3.428    -3.426    -1.339    -0.223    -0.305
    21.75    37.75    2050    -0.483    -0.623    -1.932    -3.370    -3.388    -3.479    -3.387    -3.411    -3.476    -2.764    -1.705    -0.241
    21.75    37.75    2051    -0.270    -0.295    -1.199    -1.914    -3.234    -2.943    -3.454    -3.478    -3.398    -1.292    -0.221    -0.208
    21.75    37.75    2052    -0.178    -0.206    -0.562    -3.201    -3.436    -3.401    -3.412    -3.460    -1.871    -3.165    -0.486    -0.197
    21.75    37.75    2053    -0.267    -0.590    -1.624    -3.262    -3.417    -3.483    -3.395    -3.389    -3.356    -3.392    -3.126    -0.377
    21.75    37.75    2054    -0.227    -0.265    -0.528    -2.419    -3.479    -3.292    -3.367    -2.943    -3.256    -2.408    -1.251    -0.501
    21.75    37.75    2055    -0.238    -0.235    -1.699    -3.419    -3.478    -3.448    -3.354    -3.439    -3.481    -1.935    -0.445    -0.661
    21.75    37.75    2056    -0.232    -0.216    -0.749    -3.063    -3.385    -3.224    -3.405    -3.307    -2.963    -2.593    -2.032    -0.359
    21.75    37.75    2057    -0.226    -0.313    -1.381    -1.817    -2.632    -3.434    -3.358    -3.455    -2.101    -3.139    -3.263    -0.366
    21.75    37.75    2058    -0.187    -0.419    -1.818    -3.230    -3.347    -3.386    -3.222    -3.425    -3.327    -3.157    -2.339    -0.374
    21.75    37.75    2059    -0.225    -0.245    -0.393    -2.229    -3.237    -3.456    -3.484    -3.477    -3.367    -3.407    -0.390    -0.184
    21.75    37.75    2060    -0.180    -0.204    -0.411    -2.224    -3.130    -3.390    -3.425    -3.344    -1.563    -2.437    -0.266    -0.177
    21.75    37.75    2061    -0.287    -0.924    -3.252    -3.477    -3.479    -3.415    -3.428    -3.373    -3.390    -0.274    -0.228    -0.196
    21.75    37.75    2062    -0.304    -0.358    -0.658    -1.763    -3.298    -3.289    -3.397    -3.245    -3.010    -3.060    -0.192    -0.186
    21.75    37.75    2063    -0.248    -0.404    -1.250    -1.690    -2.874    -3.430    -3.408    -3.398    -1.051    -2.609    -0.247    -0.249
    21.75    37.75    2064    -0.217    -0.251    -0.717    -2.662    -3.290    -3.351    -3.340    -3.238    -2.063    -1.474    -0.215    -0.214
    21.75    37.75    2065    -0.225    -0.600    -0.930    -1.609    -3.413    -3.380    -3.344    -3.480    -3.042    -2.999    -0.702    -0.245
    21.75    37.75    2066    -0.187    -0.366    -1.232    -2.310    -2.408    -3.478    -3.423    -3.443    -2.780    -0.449    -0.249    -0.231
    21.75    37.75    2067    -0.206    -0.189    -0.299    -0.733    -3.099    -3.444    -3.479    -3.476    -3.063    -2.427    -0.797    -0.189
    21.75    37.75    2068    -0.189    -0.305    -1.279    -3.360    -3.474    -3.477    -3.426    -3.432    -3.417    -2.191    -0.317    -0.237
    21.75    37.75    2069    -0.189    -0.218    -0.442    -0.420    -2.023    -3.432    -3.352    -3.285    -2.843    -2.701    -1.496    -0.208
    21.75    37.75    2070    -0.212    -0.206    -0.290    -1.682    -3.431    -3.364    -3.403    -3.386    -3.476    -1.332    -0.437    -0.567
    21.75    37.75    2071    -0.693    -1.445    -0.971    -1.346    -3.418    -3.388    -3.453    -3.046    -3.158    -3.103    -2.085    -0.570
    21.75    37.75    2072    -0.248    -0.311    -0.317    -0.404    -1.405    -3.046    -3.392    -3.352    -3.083    -0.837    -0.416    -0.196
    21.75    37.75    2073    -0.266    -0.522    -1.368    -0.359    -2.684    -3.339    -3.382    -3.443    -3.387    -2.925    -0.655    -0.333
    21.75    37.75    2074    -0.235    -0.519    -1.371    -2.558    -3.403    -3.369    -3.372    -3.425    -3.321    -3.316    -1.133    -0.187
    21.75    37.75    2075    -0.251    -0.275    -0.635    -2.801    -3.026    -2.921    -3.363    -3.431    -3.385    -2.570    -0.597    -0.248
    21.75    37.75    2076    -0.263    -0.497    -1.593    -2.749    -3.276    -3.388    -3.408    -3.304    -2.881    -0.670    -0.395    -0.281
    21.75    37.75    2077    -0.294    -0.250    -0.667    -2.723    -3.396    -3.404    -3.293    -3.355    -3.185    -3.271    -1.587    -0.209
    21.75    37.75    2078    -0.200    -0.312    -1.562    -3.024    -2.846    -3.464    -3.432    -3.318    -3.481    -3.103    -2.143    -0.364
    21.75    37.75    2079    -0.391    -0.240    -1.230    -3.139    -3.468    -3.455    -3.382    -3.352    -2.918    -2.992    -2.181    -0.285
    21.75    37.75    2080    -0.200    -0.347    -0.516    -1.712    -3.425    -3.463    -3.419    -3.187    -2.790    -1.918    -0.531    -0.294
    21.75    37.75    2081    -0.195    -0.485    -2.464    -2.420    -3.325    -3.200    -3.423    -3.220    -3.461    -2.230    -2.025    -2.116
    21.75    37.75    2082    -0.213    -0.267    -1.958    -3.371    -3.176    -3.389    -3.428    -3.474    -3.166    -2.779    -3.210    -0.705
    21.75    37.75    2083    -0.361    -0.729    -2.733    -3.079    -3.459    -3.458    -3.454    -2.791    -3.349    -3.239    -0.606    -0.186
    21.75    37.75    2084    -0.204    -0.229    -0.868    -1.828    -3.076    -3.427    -3.376    -3.298    -1.497    -0.874    -0.332    -0.227
    21.75    37.75    2085    -0.185    -0.191    -0.655    -3.293    -3.396    -3.296    -3.326    -3.460    -2.454    -3.317    -1.645    -0.395
    21.75    37.75    2086    -0.215    -0.190    -0.358    -1.606    -3.463    -3.264    -3.460    -3.432    -3.198    -3.390    -2.339    -0.295
    21.75    37.75    2087    -0.240    -0.191    -0.255    -1.104    -3.282    -3.404    -3.473    -3.386    -3.144    -2.755    -0.326    -0.189
    21.75    37.75    2088    -0.220    -0.272    -0.905    -2.310    -3.328    -3.437    -3.493    -3.493    -3.087    -1.438    -0.470    -0.275
    21.75    37.75    2089    -0.296    -0.240    -0.412    -1.498    -1.717    -3.480    -3.487    -3.467    -2.333    -2.570    -0.987    -0.197
    21.75    37.75    2090    -0.250    -0.230    -0.652    -2.453    -2.818    -3.486    -3.456    -2.944    -3.260    -3.446    -0.733    -0.304
    21.75    37.75    2091    -0.207    -0.245    -0.595    -2.624    -3.480    -3.408    -3.355    -3.426    -3.487    -1.961    -0.393    -0.219
    21.75    37.75    2092    -0.187    -0.338    -0.967    -3.211    -3.383    -3.389    -3.448    -3.449    -3.435    -0.450    -0.220    -0.192
    21.75    37.75    2093    -0.272    -0.341    -0.397    -2.446    -2.884    -3.438    -3.409    -3.480    -3.460    -1.727    -0.523    -0.219
    21.75    37.75    2094    -0.240    -0.224    -0.393    -1.450    -3.398    -3.486    -3.484    -3.490    -3.377    -0.442    -0.660    -0.298
    21.75    37.75    2095    -0.258    -0.219    -0.453    -1.773    -2.563    -3.353    -3.327    -3.188    -3.352    -1.559    -0.393    -0.386
    21.75    37.75    2096    -0.289    -0.215    -0.346    -2.842    -3.445    -3.420    -3.466    -3.456    -3.293    -3.349    -2.033    -0.557
    21.75    37.75    2097    -0.350    -0.787    -2.186    -2.250    -3.435    -3.489    -3.490    -3.440    -2.834    -2.079    -0.210    -0.201
    21.75    37.75    2098    -0.225    -0.311    -0.803    -2.356    -3.221    -3.235    -3.261    -3.313    -3.268    -2.162    -0.286    -0.322
    21.75    37.75    2099    -0.197    -0.238    -0.348    -2.224    -3.452    -3.308    -3.286    -2.881    -3.442    -1.977    -0.729    -0.328
    21.75    37.75    2100    -0.212    -0.307    -0.583    -3.148    -3.382    -3.384    -3.389    -3.364    -3.465    -3.132    -1.186    -0.184
    21.75    37.75    2101    -0.341    -1.009    -1.018    -0.973    -3.164    -3.341    -3.391    -2.703    -3.428    -3.307    -1.388    -0.306
    21.75    37.75    2102    -0.259    -0.255    -0.255    -0.376    -1.103    -3.303    -3.447    -3.463    -3.151    -1.265    -0.239    -0.214
    21.75    37.75    2103    -0.295    -0.483    -0.469    -0.366    -1.938    -3.235    -3.415    -3.468    -3.393    -2.861    -1.570    -0.287
    21.75    37.75    2104    -0.228    -0.475    -0.615    -2.511    -3.402    -3.433    -3.385    -3.443    -3.280    -3.397    -0.625    -0.201
    21.75    37.75    2105    -0.222    -0.210    -0.566    -1.759    -2.865    -2.817    -3.258    -3.370    -3.230    -1.894    -0.832    -0.244
    21.75    37.75    2106    -0.273    -0.527    -1.929    -2.099    -3.366    -3.412    -3.425    -3.280    -2.419    -1.063    -0.386    -0.220
    21.75    37.75    2107    -0.280    -0.257    -0.956    -2.924    -3.462    -3.448    -3.396    -3.341    -3.358    -3.299    -0.741    -0.218
    21.75    37.75    2108    -0.190    -0.289    -1.335    -3.026    -3.039    -3.467    -3.420    -3.377    -3.473    -2.883    -2.357    -0.557
    21.75    37.75    2109    -0.306    -0.336    -0.767    -2.860    -3.457    -3.404    -3.409    -3.420    -2.829    -2.915    -2.465    -0.521
    21.75    37.75    2110    -0.202    -0.410    -0.424    -2.266    -3.362    -3.400    -3.401    -2.967    -2.903    -2.007    -1.028    -0.267
    21.75    37.75    2111    -0.193    -0.366    -2.061    -2.340    -3.299    -3.160    -3.440    -3.073    -3.465    -1.973    -1.982    -1.581
    21.75    37.75    2112    -0.405    -0.228    -1.365    -3.289    -3.250    -3.365    -3.411    -3.346    -3.262    -2.290    -3.297    -1.751
    21.75    37.75    2113    -0.298    -0.742    -2.332    -3.221    -3.396    -3.446    -3.451    -2.946    -3.428    -3.046    -1.172    -0.191
    21.75    37.75    2114    -0.197    -0.222    -0.804    -1.028    -2.776    -3.318    -3.017    -3.294    -1.413    -0.611    -0.289    -0.219
    21.75    37.75    2115    -0.185    -0.200    -0.617    -3.257    -3.304    -3.026    -3.287    -3.321    -2.686    -2.997    -1.683    -0.353
    21.75    37.75    2116    -0.202    -0.184    -0.319    -1.222    -3.436    -3.294    -3.471    -3.475    -3.024    -3.428    -2.752    -0.553
    21.75    37.75    2117    -0.230    -0.200    -0.308    -1.923    -3.244    -3.428    -3.414    -3.373    -3.244    -2.039    -0.242    -0.193
    21.75    37.75    2118    -0.240    -0.301    -1.243    -2.038    -3.324    -3.370    -3.465    -3.477    -2.996    -2.456    -0.274    -0.314
    21.75    37.75    2119    -0.298    -0.238    -0.411    -0.398    -2.098    -3.368    -3.450    -3.415    -2.754    -2.320    -0.537    -0.218
    21.75    37.75    2120    -0.256    -0.238    -0.509    -1.339    -3.054    -3.489    -3.452    -2.771    -3.347    -3.447    -0.638    -0.251
    21.75    37.75    2121    -0.189    -0.262    -0.474    -2.233    -3.465    -3.410    -3.338    -3.481    -3.485    -2.238    -0.254    -0.188
    21.75    37.75    2122    -0.185    -0.341    -0.898    -3.047    -3.333    -3.325    -3.467    -3.444    -3.453    -1.083    -0.211    -0.204
    21.75    37.75    2123    -0.245    -0.436    -0.461    -1.335    -3.181    -3.390    -3.409    -3.495    -3.432    -1.759    -0.633    -0.246
    21.75    37.75    2124    -0.246    -0.213    -0.424    -1.368    -3.307    -3.475    -3.492    -3.494    -3.413    -1.961    -0.478    -0.356
    21.75    37.75    2125    -0.267    -0.206    -0.413    -1.917    -1.040    -3.046    -3.462    -3.034    -3.278    -0.640    -0.393    -0.484
    21.75    37.75    2126    -0.257    -0.227    -0.370    -2.644    -3.463    -3.493    -3.471    -3.460    -3.260    -3.351    -1.570    -0.497
    21.75    37.75    2127    -0.390    -0.594    -1.647    -1.919    -2.761    -3.311    -3.383    -3.342    -2.132    -1.351    -0.271    -0.197
    21.75    37.75    2128    -0.222    -0.310    -0.868    -2.211    -3.136    -3.299    -3.365    -3.398    -3.346    -1.906    -0.223    -0.199
    21.75    37.75    2129    -0.209    -0.263    -0.318    -1.777    -3.406    -3.386    -3.323    -2.803    -3.443    -1.860    -1.513    -0.269
    21.75    37.75    2130    -0.230    -0.285    -0.737    -3.250    -3.373    -3.453    -3.437    -3.404    -3.452    -3.181    -0.738    -0.187
