      Lon      Lat    Year       Jan       Feb       Mar       Apr       May       Jun       Jul       Aug       Sep       Oct       Nov       Dec
     9.75    49.75    1980    -0.276    -0.257    -0.173    -0.156    -0.168    -0.177    -0.198    -0.249    -0.276    -0.303    -0.293    -0.234
     9.75    49.75    1981    -0.179    -0.164    -0.155    -0.155    -0.172    -0.266    -0.560    -1.127    -1.195    -1.015    -0.711    -0.430
     9.75    49.75    1982    -0.263    -0.166    -0.154    -0.154    -0.166    -0.242    -0.387    -0.520    -0.473    -0.450    -0.361    -0.234
     9.75    49.75    1983    -0.191    -0.155    -0.154    -0.161    -0.186    -0.219    -0.256    -0.373    -0.677    -0.927    -0.683    -0.313
     9.75    49.75    1984    -0.209    -0.179    -0.161    -0.155    -0.161    -0.169    -0.213    -0.333    -0.468    -0.616    -0.563    -0.339
     9.75    49.75    1985    -0.263    -0.182    -0.155    -0.154    -0.166    -0.207    -0.283    -0.387    -0.441    -0.432    -0.303    -0.244
     9.75    49.75    1986    -0.244    -0.242    -0.223    -0.156    -0.165    -0.235    -0.396    -0.782    -1.093    -0.767    -0.374    -0.228
     9.75    49.75    1987    -0.199    -0.198    -0.157    -0.154    -0.159    -0.164    -0.180    -0.264    -0.294    -0.254    -0.226    -0.185
     9.75    49.75    1988    -0.163    -0.155    -0.154    -0.161    -0.201    -0.295    -0.560    -1.267    -1.842    -2.171    -2.165    -1.588
     9.75    49.75    1989    -0.952    -0.795    -0.244    -0.157    -0.158    -0.176    -0.247    -0.418    -0.587    -0.643    -0.471    -0.304
     9.75    49.75    1990    -0.223    -0.179    -0.157    -0.153    -0.163    -0.196    -0.260    -0.422    -0.724    -1.002    -0.968    -0.607
     9.75    49.75    1991    -0.365    -0.227    -0.170    -0.161    -0.185    -0.199    -0.291    -0.570    -0.993    -1.285    -1.133    -0.476
     9.75    49.75    1992    -0.221    -0.173    -0.154    -0.154    -0.171    -0.217    -0.272    -0.470    -0.788    -0.998    -0.846    -0.592
     9.75    49.75    1993    -0.587    -0.567    -0.216    -0.155    -0.175    -0.235    -0.373    -0.758    -0.748    -0.426    -0.343    -0.279
     9.75    49.75    1994    -0.212    -0.163    -0.153    -0.154    -0.176    -0.252    -0.486    -1.078    -1.446    -1.694    -1.289    -0.644
     9.75    49.75    1995    -0.428    -0.425    -0.248    -0.154    -0.158    -0.196    -0.307    -0.341    -0.396    -0.468    -0.347    -0.208
     9.75    49.75    1996    -0.173    -0.162    -0.153    -0.155    -0.177    -0.253    -0.403    -0.576    -0.710    -0.711    -0.414    -0.288
     9.75    49.75    1997    -0.237    -0.236    -0.180    -0.159    -0.165    -0.178    -0.201    -0.282    -0.338    -0.337    -0.273    -0.196
     9.75    49.75    1998    -0.168    -0.158    -0.154    -0.159    -0.194    -0.240    -0.404    -0.887    -1.117    -1.108    -0.972    -0.572
     9.75    49.75    1999    -0.320    -0.202    -0.172    -0.163    -0.205    -0.268    -0.490    -1.085    -1.745    -2.092    -1.779    -1.049
     9.75    49.75    2000    -0.507    -0.289    -0.222    -0.215    -0.319    -0.631    -1.084    -1.657    -1.862    -1.872    -1.191    -0.701
     9.75    49.75    2001    -0.515    -0.400    -0.266    -0.176    -0.197    -0.223    -0.375    -0.576    -0.957    -1.146    -0.968    -0.495
     9.75    49.75    2002    -0.248    -0.183    -0.161    -0.162    -0.159    -0.216    -0.423    -0.929    -1.178    -1.205    -1.139    -0.842
     9.75    49.75    2003    -0.480    -0.470    -0.263    -0.181    -0.187    -0.253    -0.349    -0.466    -0.549    -0.617    -0.532    -0.292
     9.75    49.75    2004    -0.202    -0.175    -0.157    -0.156    -0.159    -0.173    -0.239    -0.369    -0.519    -0.564    -0.452    -0.272
     9.75    49.75    2005    -0.225    -0.184    -0.155    -0.156    -0.174    -0.216    -0.343    -0.681    -1.125    -1.404    -0.954    -0.349
     9.75    49.75    2006    -0.225    -0.198    -0.154    -0.155    -0.168    -0.223    -0.262    -0.393    -0.810    -1.235    -1.012    -0.566
     9.75    49.75    2007    -0.300    -0.202    -0.168    -0.171    -0.211    -0.320    -0.710    -1.299    -1.940    -2.219    -1.746    -0.888
     9.75    49.75    2008    -0.413    -0.279    -0.193    -0.191    -0.240    -0.377    -0.841    -1.425    -1.671    -1.874    -1.475    -0.737
     9.75    49.75    2009    -0.314    -0.202    -0.157    -0.158    -0.172    -0.226    -0.404    -0.877    -1.501    -1.796    -1.244    -0.628
     9.75    49.75    2010    -0.360    -0.195    -0.158    -0.154    -0.161    -0.210    -0.312    -0.696    -1.165    -1.404    -1.196    -0.562
     9.75    49.75    2011    -0.274    -0.163    -0.154    -0.155    -0.156    -0.158    -0.173    -0.222    -0.262    -0.274    -0.233    -0.185
     9.75    49.75    2012    -0.159    -0.155    -0.154    -0.155    -0.179    -0.280    -0.554    -1.039    -1.111    -1.191    -1.087    -0.684
     9.75    49.75    2013    -0.426    -0.254    -0.206    -0.247    -0.369    -0.622    -1.260    -1.843    -1.960    -1.904    -1.182    -0.587
     9.75    49.75    2014    -0.307    -0.195    -0.165    -0.159    -0.172    -0.258    -0.429    -0.503    -0.695    -0.854    -0.655    -0.451
     9.75    49.75    2015    -0.411    -0.207    -0.154    -0.155    -0.171    -0.232    -0.397    -0.902    -1.436    -1.741    -1.484    -0.595
     9.75    49.75    2016    -0.271    -0.208    -0.178    -0.180    -0.237    -0.474    -1.127    -1.704    -2.013    -2.048    -1.515    -0.665
     9.75    49.75    2017    -0.338    -0.238    -0.178    -0.211    -0.306    -0.524    -1.213    -1.599    -1.794    -1.926    -1.244    -0.479
     9.75    49.75    2018    -0.250    -0.183    -0.157    -0.159    -0.177    -0.267    -0.546    -1.251    -1.985    -1.870    -1.225    -0.597
     9.75    49.75    2019    -0.443    -0.267    -0.156    -0.166    -0.248    -0.500    -1.215    -1.986    -2.115    -2.129    -1.728    -1.003
     9.75    49.75    2020    -0.404    -0.208    -0.157    -0.161    -0.205    -0.237    -0.298    -0.455    -0.890    -1.204    -0.669    -0.289
     9.75    49.75    2021    -0.200    -0.160    -0.153    -0.155    -0.165    -0.230    -0.432    -1.081    -1.847    -2.042    -2.058    -1.857
     9.75    49.75    2022    -1.759    -1.019    -0.306    -0.220    -0.192    -0.244    -0.425    -0.789    -1.290    -1.736    -1.812    -1.490
     9.75    49.75    2023    -0.779    -0.327    -0.203    -0.168    -0.184    -0.266    -0.390    -0.779    -1.301    -1.686    -1.371    -0.502
     9.75    49.75    2024    -0.317    -0.195    -0.155    -0.154    -0.174    -0.240    -0.338    -0.450    -0.576    -0.774    -0.729    -0.444
     9.75    49.75    2025    -0.352    -0.225    -0.154    -0.154    -0.166    -0.220    -0.354    -0.727    -1.130    -1.328    -0.897    -0.436
     9.75    49.75    2026    -0.285    -0.180    -0.154    -0.158    -0.219    -0.380    -0.865    -1.813    -2.201    -2.353    -2.246    -1.468
     9.75    49.75    2027    -0.489    -0.263    -0.176    -0.158    -0.197    -0.300    -0.643    -1.498    -2.057    -2.234    -1.885    -1.307
     9.75    49.75    2028    -0.786    -0.278    -0.157    -0.154    -0.164    -0.233    -0.415    -0.801    -1.243    -1.675    -1.521    -0.889
     9.75    49.75    2029    -0.457    -0.281    -0.175    -0.160    -0.173    -0.202    -0.339    -0.686    -1.014    -1.178    -0.849    -0.399
     9.75    49.75    2030    -0.260    -0.179    -0.155    -0.154    -0.168    -0.232    -0.350    -0.630    -1.017    -1.017    -0.596    -0.289
     9.75    49.75    2031    -0.185    -0.156    -0.155    -0.160    -0.212    -0.276    -0.316    -0.714    -1.375    -1.586    -1.174    -0.843
     9.75    49.75    2032    -0.506    -0.236    -0.163    -0.155    -0.169    -0.167    -0.206    -0.269    -0.276    -0.297    -0.266    -0.210
     9.75    49.75    2033    -0.164    -0.155    -0.154    -0.154    -0.167    -0.219    -0.324    -0.450    -0.471    -0.734    -0.797    -0.586
     9.75    49.75    2034    -0.438    -0.418    -0.191    -0.169    -0.212    -0.379    -0.833    -1.549    -2.038    -2.360    -2.413    -2.010
     9.75    49.75    2035    -1.380    -0.514    -0.346    -0.317    -0.296    -0.303    -0.414    -0.673    -1.114    -1.581    -1.350    -0.619
     9.75    49.75    2036    -0.547    -0.469    -0.203    -0.166    -0.200    -0.301    -0.504    -0.583    -0.442    -0.342    -0.228    -0.171
     9.75    49.75    2037    -0.166    -0.157    -0.154    -0.155    -0.166    -0.206    -0.346    -0.684    -1.293    -1.508    -0.647    -0.251
     9.75    49.75    2038    -0.206    -0.164    -0.154    -0.154    -0.155    -0.172    -0.273    -0.545    -1.305    -1.796    -1.343    -0.674
     9.75    49.75    2039    -0.318    -0.204    -0.166    -0.177    -0.220    -0.302    -0.588    -1.145    -1.557    -1.458    -1.238    -0.898
     9.75    49.75    2040    -0.477    -0.279    -0.197    -0.182    -0.200    -0.229    -0.365    -0.774    -1.314    -1.503    -1.134    -0.601
     9.75    49.75    2041    -0.285    -0.215    -0.187    -0.169    -0.184    -0.272    -0.563    -1.220    -1.402    -1.497    -1.038    -0.448
     9.75    49.75    2042    -0.259    -0.178    -0.154    -0.154    -0.174    -0.235    -0.384    -0.855    -1.393    -1.473    -1.143    -0.518
     9.75    49.75    2043    -0.300    -0.214    -0.186    -0.200    -0.260    -0.487    -1.096    -1.464    -1.557    -1.610    -1.221    -0.763
     9.75    49.75    2044    -0.355    -0.223    -0.175    -0.161    -0.180    -0.294    -0.380    -0.521    -0.848    -1.087    -0.588    -0.326
     9.75    49.75    2045    -0.199    -0.157    -0.154    -0.178    -0.242    -0.351    -0.743    -1.520    -1.796    -1.941    -1.817    -1.344
     9.75    49.75    2046    -0.722    -0.518    -0.265    -0.221    -0.212    -0.225    -0.343    -0.610    -0.994    -1.260    -0.890    -0.427
     9.75    49.75    2047    -0.298    -0.220    -0.161    -0.166    -0.217    -0.348    -0.777    -1.513    -1.811    -1.610    -0.884    -0.382
     9.75    49.75    2048    -0.212    -0.155    -0.153    -0.156    -0.182    -0.303    -0.611    -1.339    -1.799    -1.669    -0.753    -0.305
     9.75    49.75    2049    -0.171    -0.153    -0.154    -0.154    -0.165    -0.221    -0.375    -0.861    -1.582    -1.711    -1.340    -0.699
     9.75    49.75    2050    -0.394    -0.229    -0.195    -0.211    -0.308    -0.581    -1.188    -1.622    -1.820    -1.929    -1.315    -0.595
     9.75    49.75    2051    -0.393    -0.251    -0.199    -0.195    -0.275    -0.541    -1.276    -1.708    -1.896    -2.041    -1.283    -0.401
     9.75    49.75    2052    -0.333    -0.233    -0.155    -0.170    -0.181    -0.189    -0.222    -0.303    -0.486    -0.562    -0.348    -0.210
     9.75    49.75    2053    -0.172    -0.156    -0.154    -0.156    -0.189    -0.305    -0.590    -1.305    -1.645    -1.701    -1.484    -1.006
     9.75    49.75    2054    -0.504    -0.311    -0.182    -0.176    -0.231    -0.422    -1.012    -1.556    -1.614    -1.502    -1.157    -0.576
     9.75    49.75    2055    -0.356    -0.220    -0.158    -0.155    -0.196    -0.339    -0.679    -1.375    -1.801    -2.020    -1.394    -0.678
     9.75    49.75    2056    -0.341    -0.206    -0.188    -0.179    -0.179    -0.244    -0.361    -0.789    -1.421    -1.644    -1.609    -1.051
     9.75    49.75    2057    -0.451    -0.232    -0.164    -0.165    -0.235    -0.408    -0.874    -1.594    -1.897    -1.868    -0.886    -0.535
     9.75    49.75    2058    -0.433    -0.229    -0.159    -0.155    -0.170    -0.245    -0.451    -0.873    -1.069    -1.063    -0.746    -0.459
     9.75    49.75    2059    -0.246    -0.163    -0.153    -0.155    -0.179    -0.279    -0.531    -0.965    -1.170    -1.403    -1.257    -0.570
     9.75    49.75    2060    -0.350    -0.262    -0.164    -0.154    -0.185    -0.305    -0.604    -1.311    -1.743    -1.921    -1.239    -0.526
     9.75    49.75    2061    -0.302    -0.203    -0.165    -0.155    -0.158    -0.188    -0.281    -0.513    -0.978    -1.127    -0.735    -0.406
     9.75    49.75    2062    -0.225    -0.185    -0.169    -0.166    -0.170    -0.239    -0.430    -0.852    -1.265    -1.414    -1.167    -0.688
     9.75    49.75    2063    -0.324    -0.240    -0.203    -0.174    -0.211    -0.334    -0.654    -1.114    -0.994    -0.836    -0.637    -0.364
     9.75    49.75    2064    -0.242    -0.180    -0.157    -0.159    -0.188    -0.291    -0.543    -0.961    -1.400    -1.638    -1.418    -0.743
     9.75    49.75    2065    -0.425    -0.243    -0.178    -0.168    -0.177    -0.216    -0.255    -0.444    -0.986    -1.252    -0.814    -0.474
     9.75    49.75    2066    -0.363    -0.210    -0.163    -0.156    -0.181    -0.266    -0.489    -1.064    -1.458    -1.475    -1.168    -0.669
     9.75    49.75    2067    -0.368    -0.319    -0.206    -0.163    -0.185    -0.257    -0.493    -1.123    -1.474    -1.643    -1.393    -0.720
     9.75    49.75    2068    -0.401    -0.214    -0.160    -0.154    -0.164    -0.236    -0.409    -0.730    -1.213    -1.370    -1.033    -0.438
     9.75    49.75    2069    -0.259    -0.171    -0.153    -0.157    -0.208    -0.323    -0.477    -1.000    -1.399    -1.438    -1.108    -0.592
     9.75    49.75    2070    -0.279    -0.212    -0.185    -0.209    -0.344    -0.833    -1.314    -1.466    -1.646    -1.702    -1.311    -0.727
     9.75    49.75    2071    -0.402    -0.248    -0.171    -0.158    -0.178    -0.250    -0.384    -0.773    -1.368    -1.558    -1.430    -0.743
     9.75    49.75    2072    -0.376    -0.245    -0.202    -0.177    -0.228    -0.398    -0.804    -1.320    -1.482    -1.532    -1.273    -0.550
     9.75    49.75    2073    -0.302    -0.202    -0.177    -0.176    -0.235    -0.285    -0.423    -0.897    -1.295    -1.501    -1.512    -0.884
     9.75    49.75    2074    -0.436    -0.266    -0.183    -0.157    -0.167    -0.227    -0.409    -0.893    -1.325    -1.465    -1.432    -0.977
     9.75    49.75    2075    -0.370    -0.242    -0.185    -0.162    -0.173    -0.240    -0.370    -0.665    -0.940    -1.106    -0.786    -0.383
     9.75    49.75    2076    -0.222    -0.178    -0.162    -0.157    -0.166    -0.226    -0.360    -0.648    -0.521    -0.567    -0.416    -0.232
     9.75    49.75    2077    -0.169    -0.156    -0.155    -0.161    -0.188    -0.225    -0.272    -0.331    -0.376    -0.365    -0.276    -0.188
     9.75    49.75    2078    -0.155    -0.153    -0.154    -0.166    -0.218    -0.336    -0.679    -1.252    -1.464    -1.559    -1.218    -0.658
     9.75    49.75    2079    -0.259    -0.178    -0.160    -0.158    -0.197    -0.320    -0.704    -1.247    -1.344    -1.393    -1.188    -0.765
     9.75    49.75    2080    -0.404    -0.240    -0.175    -0.157    -0.162    -0.207    -0.372    -0.595    -0.767    -1.025    -0.856    -0.481
     9.75    49.75    2081    -0.278    -0.211    -0.182    -0.184    -0.237    -0.445    -0.977    -1.210    -1.263    -1.282    -0.998    -0.529
     9.75    49.75    2082    -0.322    -0.199    -0.176    -0.204    -0.346    -0.849    -1.296    -1.403    -1.327    -1.395    -1.118    -0.611
     9.75    49.75    2083    -0.286    -0.180    -0.155    -0.162    -0.206    -0.307    -0.438    -0.962    -1.271    -1.301    -1.185    -0.604
     9.75    49.75    2084    -0.299    -0.276    -0.182    -0.193    -0.251    -0.334    -0.544    -0.976    -1.185    -1.211    -0.862    -0.513
     9.75    49.75    2085    -0.405    -0.400    -0.215    -0.167    -0.195    -0.287    -0.503    -0.654    -0.754    -0.741    -0.708    -0.452
     9.75    49.75    2086    -0.272    -0.256    -0.168    -0.156    -0.164    -0.223    -0.383    -0.628    -0.970    -1.133    -0.983    -0.415
     9.75    49.75    2087    -0.236    -0.196    -0.166    -0.154    -0.159    -0.179    -0.271    -0.467    -0.587    -0.696    -0.656    -0.347
     9.75    49.75    2088    -0.248    -0.202    -0.165    -0.157    -0.159    -0.174    -0.258    -0.498    -1.050    -1.252    -1.140    -0.774
     9.75    49.75    2089    -0.544    -0.346    -0.259    -0.262    -0.451    -0.907    -1.212    -1.360    -1.522    -1.732    -1.348    -0.622
     9.75    49.75    2090    -0.333    -0.205    -0.158    -0.160    -0.174    -0.220    -0.336    -0.710    -1.227    -1.406    -1.390    -1.106
     9.75    49.75    2091    -0.502    -0.261    -0.200    -0.186    -0.260    -0.453    -0.731    -1.171    -1.333    -1.412    -1.013    -0.468
     9.75    49.75    2092    -0.343    -0.189    -0.171    -0.176    -0.185    -0.232    -0.403    -0.903    -1.266    -1.355    -1.181    -0.845
     9.75    49.75    2093    -0.562    -0.344    -0.225    -0.200    -0.253    -0.487    -1.091    -1.321    -1.476    -1.597    -1.085    -0.471
     9.75    49.75    2094    -0.272    -0.178    -0.156    -0.156    -0.166    -0.207    -0.301    -0.503    -0.813    -1.065    -0.768    -0.429
     9.75    49.75    2095    -0.256    -0.185    -0.160    -0.163    -0.208    -0.348    -0.677    -1.026    -1.241    -1.319    -0.853    -0.412
     9.75    49.75    2096    -0.242    -0.174    -0.155    -0.157    -0.162    -0.182    -0.241    -0.363    -0.526    -0.726    -0.790    -0.448
     9.75    49.75    2097    -0.241    -0.184    -0.167    -0.169    -0.198    -0.295    -0.640    -1.139    -1.355    -1.426    -1.003    -0.425
     9.75    49.75    2098    -0.268    -0.188    -0.155    -0.160    -0.206    -0.344    -0.634    -0.875    -1.138    -1.231    -1.087    -0.676
     9.75    49.75    2099    -0.264    -0.183    -0.161    -0.156    -0.165    -0.220    -0.353    -0.484    -0.778    -1.160    -1.065    -0.669
     9.75    49.75    2100    -0.324    -0.203    -0.165    -0.170    -0.221    -0.376    -0.779    -1.141    -1.244    -1.352    -1.044    -0.463
     9.75    49.75    2101    -0.245    -0.181    -0.155    -0.155    -0.169    -0.230    -0.391    -0.836    -1.266    -1.403    -1.202    -0.710
     9.75    49.75    2102    -0.350    -0.242    -0.184    -0.165    -0.208    -0.362    -0.773    -1.195    -1.333    -1.365    -1.120    -0.510
     9.75    49.75    2103    -0.300    -0.230    -0.198    -0.202    -0.255    -0.375    -0.681    -1.136    -1.283    -1.398    -1.381    -0.765
     9.75    49.75    2104    -0.313    -0.207    -0.161    -0.157    -0.164    -0.222    -0.406    -0.820    -1.274    -1.394    -1.339    -0.686
     9.75    49.75    2105    -0.331    -0.224    -0.183    -0.162    -0.170    -0.235    -0.384    -0.641    -0.976    -1.061    -0.783    -0.405
     9.75    49.75    2106    -0.249    -0.179    -0.163    -0.162    -0.165    -0.217    -0.351    -0.511    -0.558    -0.570    -0.440    -0.245
     9.75    49.75    2107    -0.174    -0.160    -0.155    -0.165    -0.193    -0.221    -0.269    -0.328    -0.384    -0.395    -0.288    -0.181
     9.75    49.75    2108    -0.156    -0.154    -0.155    -0.161    -0.210    -0.323    -0.612    -1.131    -1.349    -1.441    -1.144    -0.629
     9.75    49.75    2109    -0.259    -0.187    -0.165    -0.166    -0.210    -0.350    -0.782    -1.205    -1.315    -1.340    -1.060    -0.673
     9.75    49.75    2110    -0.349    -0.219    -0.172    -0.159    -0.165    -0.213    -0.381    -0.571    -0.722    -0.938    -0.740    -0.406
     9.75    49.75    2111    -0.290    -0.217    -0.184    -0.181    -0.243    -0.443    -0.887    -1.123    -1.177    -1.238    -0.979    -0.546
     9.75    49.75    2112    -0.289    -0.206    -0.180    -0.204    -0.343    -0.799    -1.206    -1.206    -1.259    -1.292    -1.129    -0.652
     9.75    49.75    2113    -0.270    -0.177    -0.156    -0.160    -0.203    -0.305    -0.423    -0.863    -1.194    -1.230    -1.081    -0.563
     9.75    49.75    2114    -0.295    -0.280    -0.185    -0.197    -0.263    -0.333    -0.533    -0.756    -1.039    -1.133    -0.859    -0.525
     9.75    49.75    2115    -0.427    -0.415    -0.203    -0.177    -0.208    -0.309    -0.606    -0.659    -0.644    -0.665    -0.623    -0.443
     9.75    49.75    2116    -0.238    -0.221    -0.163    -0.156    -0.169    -0.238    -0.409    -0.634    -0.902    -1.085    -0.817    -0.336
     9.75    49.75    2117    -0.213    -0.174    -0.158    -0.155    -0.157    -0.187    -0.284    -0.454    -0.558    -0.641    -0.594    -0.386
     9.75    49.75    2118    -0.268    -0.196    -0.162    -0.157    -0.158    -0.183    -0.265    -0.490    -0.961    -1.196    -1.135    -0.780
     9.75    49.75    2119    -0.472    -0.336    -0.240    -0.245    -0.371    -0.650    -1.095    -1.284    -1.485    -1.615    -1.139    -0.614
     9.75    49.75    2120    -0.306    -0.196    -0.161    -0.159    -0.166    -0.211    -0.318    -0.582    -1.112    -1.320    -1.345    -0.974
     9.75    49.75    2121    -0.431    -0.245    -0.185    -0.178    -0.228    -0.375    -0.527    -0.989    -1.236    -1.308    -1.110    -0.598
     9.75    49.75    2122    -0.386    -0.205    -0.173    -0.181    -0.189    -0.225    -0.395    -0.821    -1.155    -1.244    -1.004    -0.703
     9.75    49.75    2123    -0.502    -0.334    -0.212    -0.193    -0.233    -0.410    -0.907    -1.162    -1.313    -1.392    -1.035    -0.453
     9.75    49.75    2124    -0.265    -0.199    -0.163    -0.156    -0.166    -0.203    -0.292    -0.484    -0.718    -0.914    -0.680    -0.357
     9.75    49.75    2125    -0.232    -0.178    -0.158    -0.162    -0.205    -0.335    -0.621    -0.867    -1.108    -1.258    -0.854    -0.371
     9.75    49.75    2126    -0.243    -0.165    -0.154    -0.156    -0.168    -0.174    -0.229    -0.328    -0.468    -0.559    -0.571    -0.390
     9.75    49.75    2127    -0.232    -0.175    -0.158    -0.161    -0.179    -0.257    -0.472    -0.882    -1.213    -1.342    -0.927    -0.383
     9.75    49.75    2128    -0.216    -0.172    -0.155    -0.158    -0.191    -0.299    -0.482    -0.671    -0.971    -1.093    -0.938    -0.597
     9.75    49.75    2129    -0.259    -0.178    -0.157    -0.154    -0.161    -0.198    -0.304    -0.443    -0.597    -0.933    -0.960    -0.624
     9.75    49.75    2130    -0.303    -0.213    -0.169    -0.167    -0.210    -0.351    -0.607    -0.906    -1.055    -1.161    -0.978    -0.405
    13.75    55.75    1980    -0.130    -0.130    -0.127    -0.126    -0.139    -0.190    -0.316    -0.621    -0.904    -0.615    -0.303    -0.210
    13.75    55.75    1981    -0.141    -0.126    -0.125    -0.126    -0.139    -0.192    -0.307    -0.622    -1.130    -1.261    -0.672    -0.308
    13.75    55.75    1982    -0.182    -0.130    -0.125    -0.125    -0.131    -0.157    -0.246    -0.473    -0.841    -0.645    -0.346    -0.187
    13.75    55.75    1983    -0.163    -0.129    -0.125    -0.126    -0.142    -0.191    -0.296    -0.604    -1.256    -1.663    -1.072    -0.402
    13.75    55.75    1984    -0.201    -0.144    -0.129    -0.125    -0.130    -0.159    -0.207    -0.256    -0.294    -0.254    -0.159    -0.131
    13.75    55.75    1985    -0.126    -0.125    -0.125    -0.126    -0.128    -0.139    -0.171    -0.185    -0.187    -0.148    -0.127    -0.125
    13.75    55.75    1986    -0.126    -0.126    -0.126    -0.126    -0.129    -0.153    -0.231    -0.326    -0.316    -0.201    -0.146    -0.128
    13.75    55.75    1987    -0.126    -0.126    -0.126    -0.126    -0.138    -0.176    -0.224    -0.376    -0.401    -0.238    -0.152    -0.127
    13.75    55.75    1988    -0.125    -0.125    -0.125    -0.126    -0.141    -0.194    -0.348    -0.621    -0.956    -1.118    -0.875    -0.426
    13.75    55.75    1989    -0.241    -0.240    -0.175    -0.126    -0.132    -0.172    -0.282    -0.465    -0.733    -0.625    -0.294    -0.169
    13.75    55.75    1990    -0.137    -0.130    -0.126    -0.125    -0.135    -0.149    -0.196    -0.301    -0.307    -0.243    -0.178    -0.132
    13.75    55.75    1991    -0.126    -0.126    -0.126    -0.126    -0.135    -0.189    -0.334    -0.375    -0.297    -0.212    -0.150    -0.130
    13.75    55.75    1992    -0.125    -0.125    -0.125    -0.125    -0.133    -0.160    -0.214    -0.375    -0.617    -0.728    -0.530    -0.241
    13.75    55.75    1993    -0.229    -0.218    -0.155    -0.126    -0.137    -0.172    -0.208    -0.223    -0.253    -0.236    -0.170    -0.165
    13.75    55.75    1994    -0.162    -0.140    -0.126    -0.127    -0.137    -0.174    -0.229    -0.235    -0.261    -0.205    -0.145    -0.131
    13.75    55.75    1995    -0.128    -0.127    -0.126    -0.126    -0.135    -0.172    -0.266    -0.491    -0.814    -0.801    -0.357    -0.191
    13.75    55.75    1996    -0.132    -0.125    -0.125    -0.126    -0.135    -0.183    -0.317    -0.522    -0.704    -0.488    -0.250    -0.176
    13.75    55.75    1997    -0.138    -0.138    -0.133    -0.126    -0.135    -0.181    -0.266    -0.359    -0.378    -0.288    -0.176    -0.133
    13.75    55.75    1998    -0.129    -0.127    -0.126    -0.126    -0.141    -0.172    -0.245    -0.449    -0.591    -0.584    -0.460    -0.267
    13.75    55.75    1999    -0.195    -0.161    -0.130    -0.132    -0.138    -0.180    -0.313    -0.523    -0.622    -0.361    -0.220    -0.142
    13.75    55.75    2000    -0.129    -0.126    -0.126    -0.129    -0.158    -0.251    -0.474    -1.037    -1.682    -1.466    -0.692    -0.282
    13.75    55.75    2001    -0.201    -0.201    -0.198    -0.131    -0.130    -0.149    -0.185    -0.215    -0.206    -0.170    -0.137    -0.128
    13.75    55.75    2002    -0.128    -0.129    -0.128    -0.126    -0.133    -0.181    -0.312    -0.488    -0.426    -0.276    -0.182    -0.140
    13.75    55.75    2003    -0.129    -0.129    -0.127    -0.126    -0.133    -0.168    -0.252    -0.310    -0.345    -0.227    -0.155    -0.128
    13.75    55.75    2004    -0.126    -0.126    -0.126    -0.126    -0.135    -0.152    -0.154    -0.185    -0.238    -0.269    -0.191    -0.138
    13.75    55.75    2005    -0.130    -0.128    -0.127    -0.127    -0.142    -0.187    -0.305    -0.582    -1.023    -1.024    -0.370    -0.178
    13.75    55.75    2006    -0.131    -0.126    -0.126    -0.126    -0.139    -0.188    -0.340    -0.625    -1.007    -0.992    -0.559    -0.244
    13.75    55.75    2007    -0.150    -0.128    -0.125    -0.126    -0.136    -0.139    -0.163    -0.258    -0.373    -0.380    -0.286    -0.176
    13.75    55.75    2008    -0.138    -0.129    -0.127    -0.128    -0.150    -0.193    -0.248    -0.381    -0.651    -0.626    -0.382    -0.176
    13.75    55.75    2009    -0.132    -0.126    -0.126    -0.127    -0.150    -0.235    -0.422    -0.671    -0.741    -0.452    -0.207    -0.134
    13.75    55.75    2010    -0.127    -0.126    -0.126    -0.127    -0.144    -0.213    -0.255    -0.290    -0.313    -0.238    -0.155    -0.129
    13.75    55.75    2011    -0.127    -0.126    -0.126    -0.129    -0.138    -0.149    -0.195    -0.337    -0.477    -0.450    -0.275    -0.177
    13.75    55.75    2012    -0.138    -0.128    -0.126    -0.129    -0.146    -0.223    -0.397    -0.626    -1.002    -0.613    -0.363    -0.191
    13.75    55.75    2013    -0.134    -0.127    -0.126    -0.129    -0.154    -0.219    -0.377    -0.727    -0.948    -0.448    -0.240    -0.145
    13.75    55.75    2014    -0.126    -0.125    -0.126    -0.130    -0.155    -0.173    -0.248    -0.451    -0.502    -0.488    -0.292    -0.184
    13.75    55.75    2015    -0.184    -0.141    -0.127    -0.127    -0.131    -0.148    -0.171    -0.243    -0.284    -0.217    -0.153    -0.131
    13.75    55.75    2016    -0.128    -0.126    -0.126    -0.130    -0.143    -0.197    -0.283    -0.341    -0.332    -0.301    -0.185    -0.135
    13.75    55.75    2017    -0.129    -0.127    -0.127    -0.128    -0.136    -0.145    -0.180    -0.174    -0.167    -0.161    -0.139    -0.131
    13.75    55.75    2018    -0.127    -0.126    -0.126    -0.129    -0.140    -0.210    -0.367    -0.753    -1.487    -1.576    -0.870    -0.342
    13.75    55.75    2019    -0.192    -0.133    -0.125    -0.127    -0.131    -0.162    -0.273    -0.444    -0.592    -0.584    -0.423    -0.232
    13.75    55.75    2020    -0.210    -0.207    -0.152    -0.126    -0.132    -0.161    -0.209    -0.343    -0.621    -0.698    -0.384    -0.194
    13.75    55.75    2021    -0.149    -0.149    -0.127    -0.125    -0.130    -0.163    -0.258    -0.504    -1.009    -1.274    -1.050    -0.532
    13.75    55.75    2022    -0.334    -0.318    -0.158    -0.125    -0.137    -0.187    -0.250    -0.397    -0.604    -0.798    -0.611    -0.306
    13.75    55.75    2023    -0.154    -0.130    -0.125    -0.126    -0.142    -0.210    -0.378    -0.867    -1.536    -1.516    -0.887    -0.367
    13.75    55.75    2024    -0.224    -0.169    -0.125    -0.126    -0.148    -0.227    -0.401    -0.906    -1.065    -0.733    -0.336    -0.181
    13.75    55.75    2025    -0.139    -0.128    -0.125    -0.125    -0.131    -0.144    -0.186    -0.275    -0.276    -0.174    -0.135    -0.125
    13.75    55.75    2026    -0.125    -0.125    -0.125    -0.126    -0.148    -0.200    -0.235    -0.411    -0.624    -0.548    -0.310    -0.167
    13.75    55.75    2027    -0.126    -0.125    -0.125    -0.127    -0.151    -0.181    -0.224    -0.256    -0.210    -0.163    -0.134    -0.125
    13.75    55.75    2028    -0.125    -0.125    -0.125    -0.125    -0.139    -0.192    -0.305    -0.471    -0.533    -0.520    -0.277    -0.153
    13.75    55.75    2029    -0.125    -0.125    -0.125    -0.128    -0.151    -0.217    -0.359    -0.652    -0.573    -0.346    -0.199    -0.132
    13.75    55.75    2030    -0.125    -0.125    -0.125    -0.126    -0.138    -0.198    -0.349    -0.598    -0.985    -0.804    -0.361    -0.217
    13.75    55.75    2031    -0.137    -0.125    -0.125    -0.127    -0.152    -0.201    -0.219    -0.237    -0.222    -0.167    -0.135    -0.126
    13.75    55.75    2032    -0.126    -0.125    -0.125    -0.126    -0.133    -0.166    -0.232    -0.308    -0.374    -0.420    -0.314    -0.185
    13.75    55.75    2033    -0.133    -0.126    -0.125    -0.126    -0.145    -0.216    -0.382    -0.721    -1.244    -1.117    -0.633    -0.303
    13.75    55.75    2034    -0.192    -0.150    -0.131    -0.127    -0.140    -0.188    -0.222    -0.341    -0.478    -0.426    -0.297    -0.155
    13.75    55.75    2035    -0.128    -0.126    -0.125    -0.128    -0.142    -0.183    -0.281    -0.464    -0.812    -1.042    -0.659    -0.289
    13.75    55.75    2036    -0.188    -0.147    -0.126    -0.126    -0.141    -0.159    -0.186    -0.218    -0.228    -0.196    -0.149    -0.128
    13.75    55.75    2037    -0.127    -0.125    -0.125    -0.127    -0.136    -0.172    -0.204    -0.250    -0.360    -0.462    -0.296    -0.148
    13.75    55.75    2038    -0.126    -0.125    -0.125    -0.126    -0.132    -0.142    -0.209    -0.359    -0.561    -0.630    -0.514    -0.312
    13.75    55.75    2039    -0.167    -0.131    -0.126    -0.132    -0.158    -0.211    -0.351    -0.524    -0.481    -0.252    -0.171    -0.131
    13.75    55.75    2040    -0.126    -0.125    -0.126    -0.127    -0.149    -0.219    -0.332    -0.596    -1.119    -1.421    -1.204    -0.633
    13.75    55.75    2041    -0.250    -0.163    -0.142    -0.137    -0.155    -0.227    -0.419    -0.980    -1.539    -1.332    -0.553    -0.252
    13.75    55.75    2042    -0.147    -0.139    -0.126    -0.126    -0.133    -0.174    -0.271    -0.511    -0.942    -0.921    -0.543    -0.254
    13.75    55.75    2043    -0.165    -0.130    -0.125    -0.128    -0.137    -0.187    -0.312    -0.608    -1.305    -1.448    -0.858    -0.303
    13.75    55.75    2044    -0.182    -0.135    -0.125    -0.125    -0.146    -0.220    -0.381    -0.701    -1.096    -1.048    -0.391    -0.173
    13.75    55.75    2045    -0.127    -0.125    -0.125    -0.130    -0.163    -0.209    -0.265    -0.341    -0.360    -0.258    -0.161    -0.126
    13.75    55.75    2046    -0.125    -0.125    -0.125    -0.126    -0.140    -0.187    -0.210    -0.183    -0.190    -0.163    -0.130    -0.126
    13.75    55.75    2047    -0.125    -0.125    -0.125    -0.127    -0.150    -0.202    -0.284    -0.493    -1.022    -1.335    -0.647    -0.254
    13.75    55.75    2048    -0.174    -0.130    -0.125    -0.127    -0.141    -0.201    -0.267    -0.252    -0.265    -0.197    -0.136    -0.128
    13.75    55.75    2049    -0.125    -0.125    -0.125    -0.125    -0.133    -0.139    -0.169    -0.238    -0.331    -0.297    -0.204    -0.136
    13.75    55.75    2050    -0.125    -0.125    -0.125    -0.127    -0.142    -0.149    -0.189    -0.277    -0.377    -0.381    -0.232    -0.149
    13.75    55.75    2051    -0.129    -0.126    -0.125    -0.126    -0.137    -0.189    -0.260    -0.363    -0.420    -0.332    -0.211    -0.159
    13.75    55.75    2052    -0.144    -0.140    -0.126    -0.127    -0.138    -0.163    -0.248    -0.438    -0.915    -1.108    -0.526    -0.231
    13.75    55.75    2053    -0.153    -0.128    -0.125    -0.128    -0.149    -0.185    -0.218    -0.264    -0.275    -0.280    -0.212    -0.142
    13.75    55.75    2054    -0.128    -0.125    -0.125    -0.126    -0.132    -0.166    -0.263    -0.477    -0.700    -0.516    -0.227    -0.141
    13.75    55.75    2055    -0.127    -0.125    -0.125    -0.126    -0.132    -0.161    -0.216    -0.263    -0.368    -0.435    -0.330    -0.165
    13.75    55.75    2056    -0.128    -0.125    -0.125    -0.126    -0.134    -0.164    -0.252    -0.397    -0.578    -0.629    -0.507    -0.281
    13.75    55.75    2057    -0.145    -0.126    -0.125    -0.128    -0.162    -0.248    -0.422    -0.773    -1.142    -1.205    -0.610    -0.283
    13.75    55.75    2058    -0.213    -0.146    -0.125    -0.126    -0.143    -0.190    -0.307    -0.617    -1.047    -1.073    -0.467    -0.198
    13.75    55.75    2059    -0.141    -0.126    -0.125    -0.128    -0.145    -0.187    -0.261    -0.467    -0.567    -0.446    -0.262    -0.154
    13.75    55.75    2060    -0.126    -0.125    -0.125    -0.127    -0.143    -0.198    -0.330    -0.443    -0.580    -0.568    -0.333    -0.185
    13.75    55.75    2061    -0.136    -0.126    -0.125    -0.126    -0.131    -0.160    -0.205    -0.236    -0.296    -0.302    -0.215    -0.155
    13.75    55.75    2062    -0.127    -0.126    -0.126    -0.131    -0.150    -0.196    -0.257    -0.358    -0.403    -0.259    -0.166    -0.131
    13.75    55.75    2063    -0.126    -0.125    -0.126    -0.131    -0.159    -0.239    -0.348    -0.358    -0.308    -0.254    -0.204    -0.147
    13.75    55.75    2064    -0.130    -0.126    -0.126    -0.127    -0.142    -0.193    -0.301    -0.492    -0.860    -1.061    -0.916    -0.360
    13.75    55.75    2065    -0.175    -0.144    -0.131    -0.127    -0.142    -0.212    -0.373    -0.753    -1.225    -1.284    -0.989    -0.402
    13.75    55.75    2066    -0.212    -0.141    -0.126    -0.128    -0.145    -0.173    -0.205    -0.236    -0.263    -0.212    -0.158    -0.131
    13.75    55.75    2067    -0.127    -0.125    -0.125    -0.126    -0.138    -0.166    -0.225    -0.324    -0.407    -0.346    -0.203    -0.146
    13.75    55.75    2068    -0.127    -0.125    -0.125    -0.126    -0.139    -0.173    -0.187    -0.211    -0.291    -0.312    -0.254    -0.167
    13.75    55.75    2069    -0.132    -0.128    -0.125    -0.128    -0.152    -0.228    -0.404    -0.898    -1.068    -0.667    -0.316    -0.173
    13.75    55.75    2070    -0.132    -0.125    -0.125    -0.129    -0.157    -0.247    -0.449    -0.942    -1.252    -1.231    -0.796    -0.322
    13.75    55.75    2071    -0.167    -0.135    -0.126    -0.126    -0.135    -0.182    -0.265    -0.410    -0.682    -0.723    -0.384    -0.173
    13.75    55.75    2072    -0.134    -0.125    -0.125    -0.126    -0.142    -0.200    -0.329    -0.545    -0.677    -0.577    -0.380    -0.173
    13.75    55.75    2073    -0.137    -0.126    -0.125    -0.133    -0.168    -0.256    -0.482    -1.017    -1.238    -1.242    -1.008    -0.440
    13.75    55.75    2074    -0.193    -0.140    -0.127    -0.127    -0.138    -0.188    -0.253    -0.331    -0.523    -0.628    -0.457    -0.235
    13.75    55.75    2075    -0.159    -0.134    -0.126    -0.126    -0.137    -0.174    -0.244    -0.399    -0.593    -0.465    -0.249    -0.148
    13.75    55.75    2076    -0.127    -0.126    -0.126    -0.126    -0.136    -0.179    -0.301    -0.582    -1.011    -1.047    -0.663    -0.227
    13.75    55.75    2077    -0.143    -0.131    -0.126    -0.126    -0.142    -0.196    -0.272    -0.288    -0.348    -0.322    -0.176    -0.130
    13.75    55.75    2078    -0.126    -0.125    -0.126    -0.128    -0.142    -0.196    -0.285    -0.538    -0.998    -1.118    -0.614    -0.207
    13.75    55.75    2079    -0.137    -0.125    -0.126    -0.133    -0.161    -0.211    -0.339    -0.712    -0.890    -0.409    -0.224    -0.162
    13.75    55.75    2080    -0.137    -0.125    -0.125    -0.126    -0.134    -0.147    -0.218    -0.366    -0.594    -0.840    -0.744    -0.317
    13.75    55.75    2081    -0.182    -0.136    -0.128    -0.126    -0.149    -0.198    -0.276    -0.517    -0.898    -0.953    -0.567    -0.203
    13.75    55.75    2082    -0.138    -0.126    -0.126    -0.131    -0.166    -0.256    -0.403    -0.469    -0.463    -0.314    -0.179    -0.132
    13.75    55.75    2083    -0.126    -0.125    -0.126    -0.129    -0.151    -0.217    -0.362    -0.553    -0.609    -0.384    -0.291    -0.207
    13.75    55.75    2084    -0.158    -0.145    -0.127    -0.129    -0.141    -0.172    -0.174    -0.214    -0.274    -0.349    -0.213    -0.146
    13.75    55.75    2085    -0.129    -0.128    -0.127    -0.127    -0.139    -0.185    -0.276    -0.358    -0.385    -0.284    -0.213    -0.155
    13.75    55.75    2086    -0.132    -0.127    -0.126    -0.127    -0.136    -0.184    -0.300    -0.389    -0.339    -0.249    -0.183    -0.138
    13.75    55.75    2087    -0.127    -0.126    -0.126    -0.127    -0.134    -0.151    -0.201    -0.308    -0.314    -0.243    -0.201    -0.142
    13.75    55.75    2088    -0.128    -0.126    -0.126    -0.128    -0.133    -0.171    -0.289    -0.540    -0.940    -1.012    -0.665    -0.265
    13.75    55.75    2089    -0.173    -0.151    -0.134    -0.132    -0.161    -0.204    -0.210    -0.277    -0.322    -0.313    -0.225    -0.151
    13.75    55.75    2090    -0.130    -0.128    -0.127    -0.128    -0.135    -0.167    -0.203    -0.270    -0.376    -0.416    -0.331    -0.203
    13.75    55.75    2091    -0.140    -0.127    -0.126    -0.127    -0.146    -0.213    -0.287    -0.323    -0.385    -0.334    -0.188    -0.131
    13.75    55.75    2092    -0.127    -0.126    -0.126    -0.128    -0.146    -0.217    -0.380    -0.841    -1.244    -1.155    -0.811    -0.383
    13.75    55.75    2093    -0.233    -0.167    -0.141    -0.128    -0.138    -0.192    -0.326    -0.619    -1.113    -1.075    -0.681    -0.253
    13.75    55.75    2094    -0.168    -0.133    -0.126    -0.127    -0.139    -0.171    -0.201    -0.273    -0.315    -0.299    -0.190    -0.140
    13.75    55.75    2095    -0.129    -0.127    -0.127    -0.128    -0.149    -0.232    -0.405    -0.895    -1.278    -1.168    -0.416    -0.172
    13.75    55.75    2096    -0.130    -0.125    -0.126    -0.126    -0.136    -0.138    -0.154    -0.190    -0.181    -0.152    -0.131    -0.126
    13.75    55.75    2097    -0.126    -0.126    -0.126    -0.128    -0.142    -0.188    -0.292    -0.468    -0.687    -0.724    -0.350    -0.166
    13.75    55.75    2098    -0.131    -0.126    -0.126    -0.131    -0.156    -0.227    -0.368    -0.507    -0.335    -0.261    -0.190    -0.168
    13.75    55.75    2099    -0.135    -0.128    -0.127    -0.128    -0.140    -0.195    -0.333    -0.603    -1.067    -1.282    -0.864    -0.338
    13.75    55.75    2100    -0.187    -0.148    -0.130    -0.127    -0.140    -0.179    -0.296    -0.510    -0.770    -0.769    -0.420    -0.191
    13.75    55.75    2101    -0.141    -0.127    -0.126    -0.127    -0.134    -0.179    -0.273    -0.418    -0.675    -0.685    -0.338    -0.178
    13.75    55.75    2102    -0.140    -0.127    -0.126    -0.128    -0.148    -0.214    -0.363    -0.519    -0.604    -0.633    -0.379    -0.195
    13.75    55.75    2103    -0.153    -0.130    -0.127    -0.133    -0.168    -0.270    -0.499    -1.038    -1.222    -1.217    -0.778    -0.318
    13.75    55.75    2104    -0.185    -0.139    -0.127    -0.128    -0.145    -0.208    -0.274    -0.360    -0.572    -0.683    -0.534    -0.233
    13.75    55.75    2105    -0.144    -0.128    -0.126    -0.128    -0.141    -0.181    -0.253    -0.423    -0.605    -0.557    -0.230    -0.153
    13.75    55.75    2106    -0.128    -0.126    -0.126    -0.127    -0.134    -0.182    -0.321    -0.613    -1.004    -1.054    -0.712    -0.242
    13.75    55.75    2107    -0.145    -0.128    -0.126    -0.129    -0.142    -0.202    -0.309    -0.328    -0.361    -0.328    -0.199    -0.136
    13.75    55.75    2108    -0.128    -0.127    -0.127    -0.128    -0.145    -0.198    -0.294    -0.521    -0.959    -1.028    -0.510    -0.196
    13.75    55.75    2109    -0.146    -0.130    -0.127    -0.133    -0.162    -0.234    -0.360    -0.710    -0.876    -0.499    -0.254    -0.173
    13.75    55.75    2110    -0.129    -0.126    -0.126    -0.128    -0.133    -0.161    -0.252    -0.438    -0.776    -0.989    -0.778    -0.367
    13.75    55.75    2111    -0.184    -0.145    -0.134    -0.128    -0.144    -0.190    -0.305    -0.562    -0.943    -0.982    -0.688    -0.275
    13.75    55.75    2112    -0.150    -0.129    -0.126    -0.133    -0.171    -0.286    -0.429    -0.484    -0.575    -0.364    -0.192    -0.137
    13.75    55.75    2113    -0.127    -0.126    -0.127    -0.129    -0.152    -0.233    -0.395    -0.605    -0.853    -0.585    -0.356    -0.213
    13.75    55.75    2114    -0.154    -0.133    -0.127    -0.129    -0.140    -0.153    -0.164    -0.231    -0.328    -0.390    -0.249    -0.167
    13.75    55.75    2115    -0.137    -0.136    -0.130    -0.128    -0.144    -0.205    -0.326    -0.442    -0.416    -0.318    -0.227    -0.156
    13.75    55.75    2116    -0.130    -0.128    -0.127    -0.129    -0.137    -0.194    -0.336    -0.426    -0.299    -0.270    -0.189    -0.139
    13.75    55.75    2117    -0.131    -0.128    -0.127    -0.128    -0.131    -0.151    -0.213    -0.329    -0.388    -0.306    -0.227    -0.160
    13.75    55.75    2118    -0.134    -0.129    -0.128    -0.130    -0.137    -0.184    -0.327    -0.606    -0.926    -0.997    -0.752    -0.373
    13.75    55.75    2119    -0.212    -0.177    -0.151    -0.145    -0.187    -0.297    -0.399    -0.471    -0.531    -0.548    -0.344    -0.197
    13.75    55.75    2120    -0.148    -0.135    -0.129    -0.130    -0.142    -0.164    -0.221    -0.311    -0.453    -0.497    -0.391    -0.233
    13.75    55.75    2121    -0.168    -0.139    -0.129    -0.130    -0.149    -0.229    -0.312    -0.327    -0.396    -0.333    -0.200    -0.140
    13.75    55.75    2122    -0.131    -0.128    -0.128    -0.132    -0.149    -0.232    -0.425    -0.849    -1.188    -1.167    -0.779    -0.434
    13.75    55.75    2123    -0.236    -0.182    -0.140    -0.128    -0.136    -0.188    -0.331    -0.603    -1.020    -0.952    -0.420    -0.212
    13.75    55.75    2124    -0.147    -0.128    -0.126    -0.127    -0.144    -0.181    -0.229    -0.299    -0.347    -0.298    -0.177    -0.136
    13.75    55.75    2125    -0.129    -0.127    -0.127    -0.129    -0.150    -0.239    -0.435    -0.864    -1.218    -1.269    -0.541    -0.203
    13.75    55.75    2126    -0.151    -0.128    -0.126    -0.127    -0.133    -0.144    -0.174    -0.191    -0.179    -0.162    -0.133    -0.127
    13.75    55.75    2127    -0.127    -0.127    -0.127    -0.130    -0.141    -0.191    -0.318    -0.510    -0.654    -0.605    -0.308    -0.164
    13.75    55.75    2128    -0.133    -0.127    -0.127    -0.132    -0.142    -0.205    -0.344    -0.438    -0.297    -0.254    -0.199    -0.155
    13.75    55.75    2129    -0.134    -0.129    -0.128    -0.128    -0.144    -0.208    -0.371    -0.665    -1.112    -1.340    -0.842    -0.289
    13.75    55.75    2130    -0.175    -0.144    -0.127    -0.127    -0.139    -0.178    -0.304    -0.542    -0.817    -0.650    -0.350    -0.186
    23.75    61.75    1980    -0.166    -0.166    -0.167    -0.169    -0.173    -0.215    -0.279    -0.394    -0.384    -0.255    -0.170    -0.167
    23.75    61.75    1981    -0.167    -0.168    -0.167    -0.167    -0.172    -0.207    -0.304    -0.386    -0.360    -0.245    -0.189    -0.189
    23.75    61.75    1982    -0.191    -0.191    -0.191    -0.177    -0.172    -0.182    -0.262    -0.404    -0.418    -0.228    -0.171    -0.168
    23.75    61.75    1983    -0.167    -0.168    -0.168    -0.168    -0.185    -0.241    -0.379    -0.619    -0.929    -0.879    -0.694    -0.695
    23.75    61.75    1984    -0.684    -0.668    -0.673    -0.638    -0.220    -0.199    -0.226    -0.200    -0.198    -0.183    -0.184    -0.183
    23.75    61.75    1985    -0.182    -0.184    -0.183    -0.176    -0.174    -0.206    -0.276    -0.265    -0.221    -0.170    -0.167    -0.167
    23.75    61.75    1986    -0.168    -0.168    -0.168    -0.168    -0.171    -0.189    -0.247    -0.337    -0.362    -0.266    -0.208    -0.208
    23.75    61.75    1987    -0.210    -0.210    -0.210    -0.189    -0.181    -0.230    -0.271    -0.341    -0.383    -0.267    -0.201    -0.199
    23.75    61.75    1988    -0.202    -0.202    -0.182    -0.168    -0.181    -0.214    -0.315    -0.425    -0.255    -0.194    -0.169    -0.168
    23.75    61.75    1989    -0.168    -0.168    -0.167    -0.168    -0.180    -0.252    -0.367    -0.527    -0.586    -0.354    -0.219    -0.219
    23.75    61.75    1990    -0.220    -0.220    -0.221    -0.208    -0.175    -0.212    -0.300    -0.285    -0.217    -0.169    -0.168    -0.168
    23.75    61.75    1991    -0.168    -0.168    -0.169    -0.167    -0.183    -0.221    -0.334    -0.488    -0.476    -0.281    -0.199    -0.199
    23.75    61.75    1992    -0.200    -0.200    -0.187    -0.168    -0.176    -0.224    -0.246    -0.207    -0.178    -0.168    -0.168    -0.168
    23.75    61.75    1993    -0.169    -0.169    -0.168    -0.168    -0.179    -0.259    -0.406    -0.439    -0.366    -0.212    -0.190    -0.190
    23.75    61.75    1994    -0.191    -0.176    -0.167    -0.167    -0.175    -0.212    -0.306    -0.385    -0.296    -0.189    -0.167    -0.167
    23.75    61.75    1995    -0.167    -0.166    -0.167    -0.168    -0.172    -0.192    -0.240    -0.284    -0.319    -0.262    -0.176    -0.169
    23.75    61.75    1996    -0.171    -0.171    -0.171    -0.170    -0.174    -0.237    -0.412    -0.410    -0.330    -0.250    -0.177    -0.173
    23.75    61.75    1997    -0.173    -0.173    -0.174    -0.170    -0.173    -0.219    -0.358    -0.408    -0.298    -0.208    -0.168    -0.166
    23.75    61.75    1998    -0.166    -0.166    -0.167    -0.167    -0.171    -0.208    -0.267    -0.308    -0.291    -0.189    -0.167    -0.166
    23.75    61.75    1999    -0.167    -0.167    -0.167    -0.167    -0.171    -0.194    -0.255    -0.277    -0.245    -0.205    -0.167    -0.167
    23.75    61.75    2000    -0.168    -0.168    -0.168    -0.168    -0.177    -0.220    -0.333    -0.352    -0.302    -0.223    -0.169    -0.167
    23.75    61.75    2001    -0.167    -0.167    -0.167    -0.168    -0.175    -0.233    -0.396    -0.382    -0.263    -0.213    -0.209    -0.209
    23.75    61.75    2002    -0.210    -0.210    -0.185    -0.168    -0.172    -0.176    -0.213    -0.257    -0.211    -0.181    -0.169    -0.167
    23.75    61.75    2003    -0.168    -0.168    -0.168    -0.169    -0.174    -0.196    -0.296    -0.478    -0.492    -0.297    -0.196    -0.193
    23.75    61.75    2004    -0.194    -0.194    -0.195    -0.170    -0.189    -0.254    -0.346    -0.295    -0.237    -0.177    -0.167    -0.167
    23.75    61.75    2005    -0.167    -0.167    -0.167    -0.169    -0.183    -0.221    -0.251    -0.293    -0.314    -0.220    -0.195    -0.195
    23.75    61.75    2006    -0.197    -0.197    -0.182    -0.167    -0.171    -0.226    -0.395    -0.677    -0.717    -0.430    -0.228    -0.197
    23.75    61.75    2007    -0.198    -0.198    -0.193    -0.167    -0.178    -0.221    -0.265    -0.391    -0.424    -0.273    -0.180    -0.168
    23.75    61.75    2008    -0.168    -0.168    -0.167    -0.169    -0.187    -0.257    -0.272    -0.305    -0.235    -0.170    -0.167    -0.167
    23.75    61.75    2009    -0.167    -0.167    -0.168    -0.168    -0.181    -0.251    -0.326    -0.231    -0.202    -0.168    -0.167    -0.167
    23.75    61.75    2010    -0.166    -0.166    -0.166    -0.167    -0.183    -0.247    -0.291    -0.253    -0.185    -0.168    -0.166    -0.166
    23.75    61.75    2011    -0.166    -0.166    -0.167    -0.167    -0.175    -0.222    -0.305    -0.420    -0.480    -0.275    -0.174    -0.167
    23.75    61.75    2012    -0.167    -0.167    -0.167    -0.169    -0.223    -0.388    -0.716    -1.399    -2.105    -1.528    -0.696    -0.434
    23.75    61.75    2013    -0.284    -0.191    -0.192    -0.170    -0.190    -0.245    -0.303    -0.372    -0.376    -0.248    -0.179    -0.179
    23.75    61.75    2014    -0.171    -0.171    -0.168    -0.169    -0.184    -0.223    -0.275    -0.366    -0.311    -0.172    -0.167    -0.167
    23.75    61.75    2015    -0.167    -0.167    -0.167    -0.168    -0.172    -0.214    -0.287    -0.410    -0.529    -0.489    -0.313    -0.268
    23.75    61.75    2016    -0.245    -0.182    -0.166    -0.168    -0.182    -0.223    -0.241    -0.268    -0.242    -0.176    -0.170    -0.170
    23.75    61.75    2017    -0.168    -0.167    -0.167    -0.168    -0.172    -0.223    -0.363    -0.417    -0.419    -0.287    -0.202    -0.199
    23.75    61.75    2018    -0.198    -0.198    -0.172    -0.169    -0.190    -0.223    -0.326    -0.398    -0.349    -0.261    -0.175    -0.168
    23.75    61.75    2019    -0.168    -0.168    -0.168    -0.169    -0.185    -0.253    -0.348    -0.431    -0.350    -0.204    -0.167    -0.167
    23.75    61.75    2020    -0.166    -0.166    -0.167    -0.167    -0.173    -0.203    -0.256    -0.246    -0.221    -0.181    -0.167    -0.166
    23.75    61.75    2021    -0.167    -0.167    -0.167    -0.169    -0.177    -0.225    -0.325    -0.564    -0.653    -0.527    -0.360    -0.240
    23.75    61.75    2022    -0.237    -0.237    -0.238    -0.218    -0.194    -0.289    -0.501    -0.693    -0.725    -0.610    -0.366    -0.189
    23.75    61.75    2023    -0.177    -0.177    -0.175    -0.169    -0.185    -0.263    -0.400    -0.641    -0.758    -0.501    -0.297    -0.200
    23.75    61.75    2024    -0.200    -0.200    -0.200    -0.175    -0.189    -0.286    -0.537    -1.069    -1.427    -0.779    -0.394    -0.306
    23.75    61.75    2025    -0.306    -0.306    -0.307    -0.288    -0.173    -0.197    -0.276    -0.351    -0.322    -0.241    -0.187    -0.172
    23.75    61.75    2026    -0.171    -0.172    -0.172    -0.178    -0.233    -0.303    -0.336    -0.387    -0.326    -0.196    -0.167    -0.167
    23.75    61.75    2027    -0.166    -0.166    -0.167    -0.169    -0.177    -0.217    -0.301    -0.272    -0.188    -0.167    -0.166    -0.166
    23.75    61.75    2028    -0.166    -0.166    -0.167    -0.169    -0.192    -0.307    -0.486    -0.532    -0.449    -0.392    -0.205    -0.169
    23.75    61.75    2029    -0.167    -0.166    -0.167    -0.174    -0.216    -0.329    -0.568    -0.647    -0.409    -0.211    -0.168    -0.166
    23.75    61.75    2030    -0.166    -0.166    -0.167    -0.169    -0.185    -0.268    -0.458    -0.664    -0.755    -0.709    -0.691    -0.692
    23.75    61.75    2031    -0.692    -0.671    -0.246    -0.170    -0.199    -0.289    -0.342    -0.361    -0.324    -0.240    -0.189    -0.184
    23.75    61.75    2032    -0.185    -0.181    -0.167    -0.168    -0.199    -0.254    -0.277    -0.335    -0.394    -0.347    -0.267    -0.173
    23.75    61.75    2033    -0.167    -0.167    -0.167    -0.168    -0.198    -0.324    -0.561    -0.784    -0.690    -0.551    -0.329    -0.240
    23.75    61.75    2034    -0.189    -0.170    -0.169    -0.175    -0.179    -0.201    -0.266    -0.272    -0.194    -0.175    -0.169    -0.168
    23.75    61.75    2035    -0.166    -0.167    -0.168    -0.168    -0.191    -0.282    -0.402    -0.586    -0.811    -0.549    -0.274    -0.180
    23.75    61.75    2036    -0.179    -0.179    -0.180    -0.171    -0.173    -0.211    -0.221    -0.287    -0.333    -0.280    -0.187    -0.181
    23.75    61.75    2037    -0.171    -0.167    -0.167    -0.172    -0.190    -0.199    -0.246    -0.275    -0.282    -0.215    -0.178    -0.178
    23.75    61.75    2038    -0.172    -0.167    -0.167    -0.169    -0.172    -0.218    -0.367    -0.626    -0.660    -0.447    -0.211    -0.180
    23.75    61.75    2039    -0.180    -0.170    -0.167    -0.174    -0.211    -0.317    -0.487    -0.398    -0.249    -0.176    -0.168    -0.167
    23.75    61.75    2040    -0.167    -0.167    -0.168    -0.169    -0.186    -0.249    -0.324    -0.387    -0.481    -0.486    -0.301    -0.233
    23.75    61.75    2041    -0.233    -0.226    -0.171    -0.169    -0.223    -0.402    -0.630    -0.715    -0.860    -0.776    -0.480    -0.256
    23.75    61.75    2042    -0.178    -0.176    -0.176    -0.173    -0.186    -0.257    -0.390    -0.493    -0.438    -0.313    -0.194    -0.171
    23.75    61.75    2043    -0.168    -0.167    -0.169    -0.175    -0.200    -0.284    -0.492    -0.837    -0.790    -0.565    -0.224    -0.172
    23.75    61.75    2044    -0.171    -0.171    -0.172    -0.170    -0.195    -0.307    -0.638    -0.847    -0.605    -0.268    -0.173    -0.170
    23.75    61.75    2045    -0.168    -0.167    -0.168    -0.172    -0.195    -0.273    -0.394    -0.408    -0.318    -0.197    -0.179    -0.179
    23.75    61.75    2046    -0.180    -0.180    -0.180    -0.173    -0.180    -0.244    -0.334    -0.416    -0.262    -0.196    -0.174    -0.169
    23.75    61.75    2047    -0.168    -0.168    -0.168    -0.174    -0.207    -0.317    -0.432    -0.572    -0.774    -0.718    -0.440    -0.310
    23.75    61.75    2048    -0.291    -0.175    -0.169    -0.170    -0.193    -0.316    -0.454    -0.436    -0.446    -0.385    -0.239    -0.239
    23.75    61.75    2049    -0.235    -0.234    -0.235    -0.206    -0.189    -0.251    -0.379    -0.336    -0.248    -0.188    -0.174    -0.170
    23.75    61.75    2050    -0.170    -0.170    -0.171    -0.172    -0.183    -0.259    -0.476    -0.468    -0.335    -0.228    -0.178    -0.178
    23.75    61.75    2051    -0.178    -0.178    -0.176    -0.170    -0.179    -0.243    -0.324    -0.255    -0.215    -0.173    -0.169    -0.168
    23.75    61.75    2052    -0.169    -0.169    -0.169    -0.171    -0.173    -0.221    -0.337    -0.410    -0.419    -0.360    -0.255    -0.230
    23.75    61.75    2053    -0.229    -0.195    -0.169    -0.172    -0.181    -0.199    -0.281    -0.331    -0.368    -0.293    -0.193    -0.178
    23.75    61.75    2054    -0.176    -0.174    -0.172    -0.171    -0.191    -0.244    -0.340    -0.507    -0.512    -0.345    -0.207    -0.176
    23.75    61.75    2055    -0.173    -0.173    -0.174    -0.173    -0.177    -0.223    -0.282    -0.343    -0.248    -0.193    -0.173    -0.169
    23.75    61.75    2056    -0.168    -0.168    -0.169    -0.171    -0.180    -0.256    -0.530    -0.895    -1.047    -0.982    -0.760    -0.618
    23.75    61.75    2057    -0.367    -0.234    -0.203    -0.176    -0.209    -0.333    -0.457    -0.416    -0.302    -0.228    -0.192    -0.185
    23.75    61.75    2058    -0.173    -0.174    -0.170    -0.172    -0.187    -0.282    -0.389    -0.629    -0.686    -0.458    -0.339    -0.193
    23.75    61.75    2059    -0.184    -0.180    -0.180    -0.171    -0.193    -0.284    -0.449    -0.613    -0.542    -0.325    -0.195    -0.191
    23.75    61.75    2060    -0.191    -0.191    -0.179    -0.172    -0.180    -0.252    -0.423    -0.363    -0.266    -0.190    -0.173    -0.170
    23.75    61.75    2061    -0.170    -0.170    -0.169    -0.171    -0.179    -0.210    -0.256    -0.324    -0.363    -0.255    -0.182    -0.174
    23.75    61.75    2062    -0.171    -0.169    -0.170    -0.176    -0.222    -0.354    -0.720    -1.431    -2.148    -1.143    -0.449    -0.260
    23.75    61.75    2063    -0.232    -0.197    -0.176    -0.177    -0.208    -0.321    -0.623    -0.909    -0.822    -0.637    -0.519    -0.504
    23.75    61.75    2064    -0.503    -0.502    -0.428    -0.200    -0.178    -0.238    -0.451    -0.787    -0.811    -0.666    -0.314    -0.202
    23.75    61.75    2065    -0.186    -0.181    -0.173    -0.172    -0.202    -0.357    -0.705    -0.928    -0.828    -0.589    -0.264    -0.199
    23.75    61.75    2066    -0.198    -0.198    -0.190    -0.175    -0.186    -0.203    -0.283    -0.281    -0.238    -0.199    -0.176    -0.171
    23.75    61.75    2067    -0.171    -0.171    -0.170    -0.172    -0.180    -0.242    -0.392    -0.475    -0.382    -0.221    -0.179    -0.171
    23.75    61.75    2068    -0.169    -0.169    -0.170    -0.170    -0.184    -0.238    -0.434    -0.716    -0.685    -0.409    -0.214    -0.196
    23.75    61.75    2069    -0.196    -0.196    -0.196    -0.177    -0.181    -0.223    -0.404    -0.631    -0.678    -0.510    -0.275    -0.220
    23.75    61.75    2070    -0.188    -0.173    -0.171    -0.175    -0.219    -0.327    -0.642    -0.940    -0.757    -0.539    -0.241    -0.189
    23.75    61.75    2071    -0.173    -0.170    -0.170    -0.174    -0.218    -0.382    -0.533    -0.420    -0.437    -0.256    -0.197    -0.176
    23.75    61.75    2072    -0.173    -0.174    -0.174    -0.178    -0.213    -0.332    -0.441    -0.353    -0.260    -0.197    -0.176    -0.175
    23.75    61.75    2073    -0.174    -0.171    -0.171    -0.192    -0.300    -0.659    -1.178    -1.686    -1.662    -0.911    -0.385    -0.251
    23.75    61.75    2074    -0.250    -0.250    -0.190    -0.175    -0.196    -0.299    -0.505    -0.728    -0.700    -0.421    -0.280    -0.270
    23.75    61.75    2075    -0.232    -0.178    -0.172    -0.177    -0.226    -0.329    -0.431    -0.328    -0.222    -0.191    -0.181    -0.181
    23.75    61.75    2076    -0.179    -0.179    -0.177    -0.177    -0.181    -0.202    -0.281    -0.366    -0.470    -0.503    -0.366    -0.357
    23.75    61.75    2077    -0.357    -0.356    -0.348    -0.197    -0.209    -0.329    -0.442    -0.511    -0.371    -0.237    -0.185    -0.181
    23.75    61.75    2078    -0.179    -0.178    -0.176    -0.179    -0.249    -0.327    -0.393    -0.464    -0.322    -0.224    -0.179    -0.173
    23.75    61.75    2079    -0.175    -0.174    -0.174    -0.180    -0.207    -0.336    -0.685    -0.846    -0.800    -0.559    -0.280    -0.200
    23.75    61.75    2080    -0.197    -0.183    -0.174    -0.173    -0.183    -0.210    -0.305    -0.522    -0.535    -0.454    -0.278    -0.194
    23.75    61.75    2081    -0.185    -0.184    -0.185    -0.182    -0.227    -0.385    -0.751    -1.037    -1.180    -1.034    -0.618    -0.607
    23.75    61.75    2082    -0.369    -0.175    -0.173    -0.181    -0.221    -0.382    -0.758    -0.786    -0.437    -0.273    -0.206    -0.198
    23.75    61.75    2083    -0.184    -0.184    -0.182    -0.178    -0.212    -0.359    -0.533    -0.653    -0.623    -0.443    -0.260    -0.198
    23.75    61.75    2084    -0.195    -0.195    -0.177    -0.174    -0.183    -0.248    -0.445    -0.912    -0.822    -0.702    -0.303    -0.185
    23.75    61.75    2085    -0.179    -0.179    -0.179    -0.174    -0.189    -0.282    -0.672    -1.137    -1.130    -0.990    -0.603    -0.260
    23.75    61.75    2086    -0.210    -0.210    -0.211    -0.188    -0.201    -0.338    -0.771    -1.373    -1.687    -1.340    -0.545    -0.235
    23.75    61.75    2087    -0.176    -0.171    -0.172    -0.173    -0.182    -0.229    -0.307    -0.271    -0.238    -0.194    -0.179    -0.170
    23.75    61.75    2088    -0.172    -0.173    -0.173    -0.173    -0.192    -0.312    -0.544    -0.858    -0.692    -0.292    -0.203    -0.201
    23.75    61.75    2089    -0.176    -0.171    -0.172    -0.177    -0.235    -0.521    -1.047    -1.433    -1.144    -0.711    -0.321    -0.304
    23.75    61.75    2090    -0.214    -0.171    -0.171    -0.174    -0.200    -0.274    -0.447    -0.594    -0.478    -0.221    -0.181    -0.175
    23.75    61.75    2091    -0.172    -0.172    -0.172    -0.180    -0.219    -0.349    -0.673    -0.977    -0.957    -0.625    -0.348    -0.257
    23.75    61.75    2092    -0.194    -0.186    -0.175    -0.186    -0.235    -0.473    -1.038    -1.697    -2.418    -2.486    -1.446    -0.516
    23.75    61.75    2093    -0.254    -0.186    -0.172    -0.173    -0.193    -0.288    -0.566    -0.983    -0.718    -0.408    -0.212    -0.182
    23.75    61.75    2094    -0.172    -0.172    -0.172    -0.172    -0.183    -0.211    -0.205    -0.205    -0.185    -0.174    -0.171    -0.171
    23.75    61.75    2095    -0.171    -0.171    -0.172    -0.176    -0.204    -0.327    -0.743    -1.260    -0.960    -0.517    -0.211    -0.179
    23.75    61.75    2096    -0.172    -0.172    -0.172    -0.174    -0.211    -0.273    -0.516    -0.951    -1.035    -0.610    -0.284    -0.207
    23.75    61.75    2097    -0.178    -0.173    -0.174    -0.191    -0.271    -0.492    -0.810    -0.883    -0.601    -0.463    -0.312    -0.250
    23.75    61.75    2098    -0.202    -0.175    -0.175    -0.185    -0.235    -0.446    -0.908    -1.023    -0.555    -0.347    -0.242    -0.210
    23.75    61.75    2099    -0.209    -0.209    -0.210    -0.207    -0.186    -0.245    -0.452    -0.828    -1.094    -0.912    -0.655    -0.648
    23.75    61.75    2100    -0.487    -0.358    -0.337    -0.190    -0.193    -0.233    -0.308    -0.533    -0.743    -0.559    -0.336    -0.327
    23.75    61.75    2101    -0.218    -0.188    -0.182    -0.183    -0.229    -0.407    -0.594    -0.642    -0.652    -0.377    -0.251    -0.194
    23.75    61.75    2102    -0.176    -0.176    -0.177    -0.180    -0.208    -0.334    -0.494    -0.448    -0.417    -0.263    -0.197    -0.192
    23.75    61.75    2103    -0.185    -0.174    -0.174    -0.198    -0.330    -0.792    -1.327    -1.815    -1.706    -0.958    -0.472    -0.287
    23.75    61.75    2104    -0.284    -0.284    -0.198    -0.177    -0.208    -0.335    -0.687    -0.890    -0.879    -0.573    -0.277    -0.256
    23.75    61.75    2105    -0.223    -0.179    -0.175    -0.181    -0.230    -0.410    -0.666    -0.559    -0.360    -0.244    -0.215    -0.215
    23.75    61.75    2106    -0.214    -0.214    -0.205    -0.193    -0.184    -0.213    -0.289    -0.352    -0.501    -0.594    -0.446    -0.428
    23.75    61.75    2107    -0.422    -0.422    -0.414    -0.220    -0.227    -0.407    -0.672    -0.844    -0.609    -0.305    -0.193    -0.188
    23.75    61.75    2108    -0.185    -0.184    -0.181    -0.185    -0.251    -0.434    -0.622    -0.667    -0.421    -0.263    -0.188    -0.176
    23.75    61.75    2109    -0.180    -0.180    -0.180    -0.184    -0.219    -0.401    -0.868    -1.252    -1.225    -0.764    -0.342    -0.224
    23.75    61.75    2110    -0.214    -0.189    -0.178    -0.177    -0.196    -0.218    -0.330    -0.526    -0.641    -0.589    -0.334    -0.214
    23.75    61.75    2111    -0.198    -0.197    -0.197    -0.188    -0.227    -0.436    -0.926    -1.214    -1.383    -1.331    -0.885    -0.876
    23.75    61.75    2112    -0.493    -0.181    -0.177    -0.188    -0.218    -0.401    -0.841    -0.850    -0.652    -0.385    -0.257    -0.230
    23.75    61.75    2113    -0.208    -0.207    -0.202    -0.179    -0.207    -0.385    -0.753    -0.753    -0.681    -0.460    -0.264    -0.202
    23.75    61.75    2114    -0.196    -0.196    -0.179    -0.178    -0.191    -0.263    -0.535    -1.020    -0.992    -0.940    -0.406    -0.213
    23.75    61.75    2115    -0.200    -0.200    -0.200    -0.181    -0.200    -0.342    -0.937    -1.473    -1.553    -1.511    -0.720    -0.328
    23.75    61.75    2116    -0.236    -0.236    -0.238    -0.196    -0.209    -0.404    -0.927    -1.565    -2.002    -1.293    -0.471    -0.218
    23.75    61.75    2117    -0.174    -0.174    -0.175    -0.173    -0.192    -0.260    -0.312    -0.290    -0.267    -0.191    -0.180    -0.172
    23.75    61.75    2118    -0.175    -0.175    -0.175    -0.176    -0.196    -0.310    -0.708    -1.238    -0.908    -0.346    -0.233    -0.224
    23.75    61.75    2119    -0.182    -0.174    -0.175    -0.180    -0.255    -0.614    -1.365    -1.766    -1.569    -0.852    -0.398    -0.364
    23.75    61.75    2120    -0.220    -0.173    -0.174    -0.177    -0.194    -0.275    -0.477    -0.764    -0.530    -0.269    -0.197    -0.179
    23.75    61.75    2121    -0.175    -0.175    -0.175    -0.182    -0.218    -0.377    -0.764    -1.078    -1.147    -0.809    -0.403    -0.278
    23.75    61.75    2122    -0.202    -0.194    -0.178    -0.186    -0.245    -0.550    -1.291    -1.878    -2.401    -2.400    -1.153    -0.615
    23.75    61.75    2123    -0.297    -0.202    -0.176    -0.175    -0.201    -0.330    -0.712    -1.163    -0.971    -0.489    -0.258    -0.194
    23.75    61.75    2124    -0.175    -0.175    -0.175    -0.175    -0.186    -0.225    -0.274    -0.274    -0.213    -0.183    -0.175    -0.174
    23.75    61.75    2125    -0.175    -0.175    -0.175    -0.178    -0.208    -0.372    -0.894    -1.495    -1.087    -0.494    -0.239    -0.184
    23.75    61.75    2126    -0.175    -0.175    -0.176    -0.179    -0.212    -0.327    -0.651    -1.112    -1.267    -0.941    -0.292    -0.224
    23.75    61.75    2127    -0.183    -0.177    -0.178    -0.192    -0.301    -0.521    -0.876    -1.005    -0.947    -0.790    -0.550    -0.404
    23.75    61.75    2128    -0.275    -0.189    -0.181    -0.193    -0.261    -0.521    -1.042    -1.241    -0.848    -0.707    -0.353    -0.278
    23.75    61.75    2129    -0.274    -0.273    -0.275    -0.269    -0.201    -0.292    -0.694    -1.117    -1.370    -1.175    -0.832    -0.818
    23.75    61.75    2130    -0.625    -0.463    -0.421    -0.203    -0.209    -0.244    -0.416    -0.731    -0.913    -0.777    -0.436    -0.416
    21.75    37.75    1980    -0.258    -0.192    -0.185    -0.218    -0.316    -0.525    -1.029    -1.942    -2.333    -2.443    -1.481    -0.777
    21.75    37.75    1981    -0.545    -0.389    -0.367    -0.523    -0.998    -1.935    -2.316    -2.507    -2.698    -2.118    -1.750    -1.326
    21.75    37.75    1982    -0.663    -0.461    -0.391    -0.440    -0.659    -1.189    -2.040    -2.395    -2.645    -2.546    -2.153    -1.191
    21.75    37.75    1983    -0.608    -0.493    -0.441    -0.390    -0.534    -0.934    -1.771    -2.346    -2.543    -2.542    -2.363    -1.374
    21.75    37.75    1984    -0.599    -0.459    -0.488    -0.788    -1.560    -2.337    -2.678    -2.825    -2.899    -2.917    -2.311    -0.779
    21.75    37.75    1985    -0.383    -0.238    -0.199    -0.253    -0.385    -0.588    -1.005    -1.840    -2.226    -2.324    -2.116    -0.751
    21.75    37.75    1986    -0.316    -0.190    -0.159    -0.161    -0.205    -0.293    -0.450    -0.735    -1.247    -1.965    -2.130    -1.771
    21.75    37.75    1987    -0.953    -0.343    -0.259    -0.276    -0.421    -0.803    -1.614    -2.142    -2.376    -2.281    -1.544    -0.752
    21.75    37.75    1988    -0.493    -0.442    -0.500    -0.699    -1.390    -2.240    -2.519    -2.680    -2.862    -2.388    -1.244    -0.550
    21.75    37.75    1989    -0.325    -0.201    -0.192    -0.217    -0.336    -0.517    -0.870    -1.685    -2.266    -2.335    -1.911    -0.840
    21.75    37.75    1990    -0.426    -0.266    -0.178    -0.186    -0.263    -0.409    -0.696    -1.379    -2.207    -2.170    -1.605    -1.159
    21.75    37.75    1991    -0.694    -0.559    -0.598    -1.042    -1.967    -2.361    -2.538    -2.773    -2.963    -3.016    -2.286    -1.187
    21.75    37.75    1992    -0.598    -0.341    -0.272    -0.302    -0.419    -0.587    -0.888    -1.520    -1.926    -1.949    -0.717    -0.421
    21.75    37.75    1993    -0.257    -0.186    -0.160    -0.161    -0.191    -0.264    -0.376    -0.572    -0.907    -1.442    -1.232    -0.511
    21.75    37.75    1994    -0.264    -0.196    -0.201    -0.206    -0.258    -0.399    -0.680    -1.311    -1.859    -2.144    -2.175    -1.762
    21.75    37.75    1995    -0.559    -0.255    -0.183    -0.174    -0.231    -0.350    -0.589    -1.156    -1.910    -2.316    -1.959    -1.237
    21.75    37.75    1996    -0.644    -0.492    -0.414    -0.502    -0.827    -1.698    -2.196    -2.415    -2.679    -2.818    -2.640    -1.642
    21.75    37.75    1997    -0.667    -0.291    -0.242    -0.303    -0.465    -0.800    -1.515    -2.267    -2.671    -2.917    -2.866    -1.813
    21.75    37.75    1998    -0.977    -0.421    -0.310    -0.412    -0.682    -1.303    -2.242    -2.771    -3.044    -3.042    -2.121    -1.000
    21.75    37.75    1999    -0.438    -0.310    -0.304    -0.399    -0.645    -1.177    -2.077    -2.543    -2.951    -3.046    -2.555    -1.221
    21.75    37.75    2000    -0.565    -0.306    -0.314    -0.393    -0.593    -1.009    -1.875    -2.508    -2.794    -2.985    -2.704    -1.806
    21.75    37.75    2001    -0.651    -0.359    -0.219    -0.225    -0.323    -0.512    -0.890    -1.650    -2.184    -2.322    -1.245    -0.544
    21.75    37.75    2002    -0.283    -0.175    -0.178    -0.231    -0.329    -0.511    -0.875    -1.619    -2.231    -1.667    -1.096    -0.657
    21.75    37.75    2003    -0.334    -0.196    -0.161    -0.185    -0.257    -0.377    -0.594    -1.055    -1.838    -2.196    -1.843    -1.022
    21.75    37.75    2004    -0.538    -0.331    -0.245    -0.285    -0.431    -0.728    -1.397    -2.028    -2.220    -2.305    -1.830    -1.430
    21.75    37.75    2005    -0.617    -0.382    -0.350    -0.451    -0.720    -1.306    -2.073    -2.290    -2.348    -2.148    -2.212    -1.792
    21.75    37.75    2006    -0.912    -0.480    -0.441    -0.490    -0.745    -1.473    -2.179    -2.406    -2.517    -2.589    -1.396    -0.525
    21.75    37.75    2007    -0.363    -0.297    -0.334    -0.474    -0.815    -1.628    -2.268    -2.531    -2.636    -2.577    -2.399    -0.943
    21.75    37.75    2008    -0.359    -0.239    -0.190    -0.201    -0.264    -0.400    -0.588    -0.960    -1.676    -2.154    -2.270    -1.193
    21.75    37.75    2009    -0.486    -0.272    -0.237    -0.263    -0.394    -0.644    -1.182    -1.982    -2.296    -2.380    -2.309    -1.348
    21.75    37.75    2010    -0.597    -0.332    -0.395    -0.633    -1.188    -2.011    -2.328    -2.528    -2.657    -2.717    -2.645    -1.288
    21.75    37.75    2011    -0.514    -0.253    -0.208    -0.220    -0.295    -0.382    -0.481    -0.627    -0.847    -1.041    -1.070    -0.528
    21.75    37.75    2012    -0.276    -0.194    -0.172    -0.175    -0.218    -0.289    -0.396    -0.577    -0.886    -1.305    -1.282    -0.649
    21.75    37.75    2013    -0.272    -0.213    -0.191    -0.211    -0.283    -0.410    -0.626    -1.062    -1.597    -1.973    -1.257    -0.684
    21.75    37.75    2014    -0.396    -0.315    -0.399    -0.655    -1.247    -1.899    -2.329    -2.598    -2.754    -2.825    -2.744    -1.407
    21.75    37.75    2015    -0.517    -0.302    -0.253    -0.350    -0.534    -0.828    -1.373    -2.251    -2.786    -2.872    -2.245    -1.216
    21.75    37.75    2016    -0.604    -0.412    -0.409    -0.570    -0.853    -1.520    -2.562    -2.901    -2.990    -2.992    -2.641    -1.454
    21.75    37.75    2017    -0.525    -0.255    -0.211    -0.248    -0.344    -0.521    -0.797    -1.329    -1.959    -2.387    -2.548    -1.959
    21.75    37.75    2018    -0.875    -0.627    -0.823    -1.498    -2.373    -2.790    -2.989    -3.128    -3.240    -3.290    -3.322    -2.714
    21.75    37.75    2019    -1.002    -0.368    -0.314    -0.364    -0.444    -0.539    -0.667    -0.857    -1.093    -1.226    -1.037    -0.556
    21.75    37.75    2020    -0.293    -0.207    -0.181    -0.183    -0.219    -0.267    -0.331    -0.424    -0.553    -0.614    -0.517    -0.272
    21.75    37.75    2021    -0.207    -0.165    -0.164    -0.193    -0.234    -0.302    -0.405    -0.538    -0.729    -0.892    -0.974    -0.951
    21.75    37.75    2022    -0.462    -0.256    -0.191    -0.190    -0.220    -0.281    -0.375    -0.536    -0.713    -0.724    -0.621    -0.592
    21.75    37.75    2023    -0.425    -0.214    -0.179    -0.201    -0.257    -0.351    -0.509    -0.717    -0.945    -1.020    -0.837    -0.492
    21.75    37.75    2024    -0.301    -0.205    -0.185    -0.171    -0.198    -0.265    -0.362    -0.540    -0.746    -0.706    -0.553    -0.422
    21.75    37.75    2025    -0.253    -0.187    -0.178    -0.180    -0.218    -0.288    -0.401    -0.614    -0.863    -1.122    -1.195    -0.634
    21.75    37.75    2026    -0.303    -0.214    -0.219    -0.257    -0.306    -0.466    -0.770    -1.192    -1.537    -1.786    -1.516    -0.926
    21.75    37.75    2027    -0.554    -0.338    -0.267    -0.302    -0.443    -0.726    -1.180    -1.677    -1.955    -2.043    -1.761    -0.924
    21.75    37.75    2028    -0.395    -0.253    -0.206    -0.199    -0.262    -0.381    -0.587    -0.936    -1.390    -1.765    -1.940    -1.779
    21.75    37.75    2029    -1.763    -1.465    -1.245    -1.846    -2.198    -2.421    -2.688    -2.935    -3.084    -3.174    -2.510    -0.911
    21.75    37.75    2030    -0.383    -0.208    -0.202    -0.222    -0.239    -0.278    -0.318    -0.365    -0.420    -0.465    -0.467    -0.418
    21.75    37.75    2031    -0.307    -0.267    -0.314    -0.411    -0.560    -0.736    -0.981    -1.305    -1.599    -1.517    -1.352    -0.983
    21.75    37.75    2032    -0.368    -0.234    -0.217    -0.199    -0.224    -0.275    -0.346    -0.438    -0.578    -0.655    -0.711    -0.376
    21.75    37.75    2033    -0.206    -0.170    -0.159    -0.160    -0.183    -0.229    -0.293    -0.410    -0.573    -0.688    -0.831    -0.823
    21.75    37.75    2034    -0.339    -0.191    -0.165    -0.177    -0.223    -0.303    -0.454    -0.637    -0.836    -1.042    -1.200    -0.773
    21.75    37.75    2035    -0.322    -0.221    -0.184    -0.197    -0.259    -0.366    -0.548    -0.784    -1.023    -1.018    -1.129    -0.624
    21.75    37.75    2036    -0.293    -0.222    -0.224    -0.299    -0.459    -0.743    -1.057    -1.308    -1.539    -1.718    -1.854    -1.519
    21.75    37.75    2037    -1.020    -1.064    -1.577    -1.902    -2.127    -2.355    -2.566    -2.735    -2.853    -2.859    -2.661    -2.267
    21.75    37.75    2038    -1.637    -1.335    -1.507    -2.036    -2.479    -2.616    -2.698    -2.798    -2.880    -2.915    -2.798    -2.381
    21.75    37.75    2039    -1.081    -0.879    -0.797    -0.840    -1.064    -1.355    -1.697    -2.079    -2.304    -2.363    -2.509    -2.000
    21.75    37.75    2040    -0.626    -0.443    -0.427    -0.525    -0.675    -0.886    -1.179    -1.519    -1.774    -1.780    -1.822    -1.233
    21.75    37.75    2041    -0.477    -0.336    -0.254    -0.252    -0.322    -0.437    -0.639    -0.889    -1.173    -1.371    -1.545    -1.366
    21.75    37.75    2042    -0.427    -0.238    -0.187    -0.195    -0.243    -0.311    -0.424    -0.610    -0.870    -1.176    -1.320    -0.540
    21.75    37.75    2043    -0.327    -0.247    -0.293    -0.415    -0.700    -1.123    -1.364    -1.546    -1.699    -1.577    -1.151    -0.529
    21.75    37.75    2044    -0.349    -0.232    -0.186    -0.195    -0.262    -0.366    -0.555    -0.891    -1.309    -1.671    -1.706    -0.760
    21.75    37.75    2045    -0.393    -0.333    -0.305    -0.435    -0.794    -1.402    -1.720    -1.931    -2.118    -2.234    -1.872    -0.726
    21.75    37.75    2046    -0.365    -0.277    -0.229    -0.266    -0.374    -0.556    -0.879    -1.506    -1.978    -2.054    -1.860    -1.784
    21.75    37.75    2047    -1.103    -0.592    -0.585    -0.559    -0.910    -1.756    -2.199    -2.340    -2.444    -2.214    -1.440    -0.809
    21.75    37.75    2048    -0.477    -0.374    -0.358    -0.432    -0.726    -1.366    -2.143    -2.411    -2.478    -2.483    -2.423    -1.500
    21.75    37.75    2049    -0.760    -0.376    -0.370    -0.563    -0.962    -1.762    -2.381    -2.555    -2.625    -2.635    -1.400    -0.522
    21.75    37.75    2050    -0.408    -0.364    -0.410    -0.611    -1.066    -1.921    -2.521    -2.677    -2.742    -2.750    -2.601    -1.456
    21.75    37.75    2051    -0.926    -0.394    -0.371    -0.472    -0.685    -1.085    -1.792    -2.610    -2.820    -2.627    -1.787    -0.889
    21.75    37.75    2052    -0.349    -0.216    -0.180    -0.226    -0.316    -0.471    -0.740    -1.234    -1.900    -2.480    -1.579    -0.668
    21.75    37.75    2053    -0.447    -0.333    -0.386    -0.586    -1.102    -2.061    -2.618    -2.899    -3.077    -3.131    -3.100    -2.474
    21.75    37.75    2054    -1.312    -0.667    -0.457    -0.566    -0.881    -1.465    -2.438    -3.180    -3.267    -3.277    -3.145    -2.323
    21.75    37.75    2055    -1.088    -0.410    -0.399    -0.595    -0.971    -1.726    -2.873    -3.282    -3.315    -2.952    -1.930    -1.686
    21.75    37.75    2056    -0.888    -0.428    -0.374    -0.507    -0.793    -1.336    -2.331    -3.139    -3.310    -3.288    -3.264    -2.353
    21.75    37.75    2057    -0.835    -0.603    -0.547    -0.843    -1.512    -2.783    -3.285    -3.334    -3.312    -3.360    -3.361    -2.100
    21.75    37.75    2058    -0.712    -0.351    -0.393    -0.579    -0.984    -1.736    -2.848    -3.327    -3.376    -3.386    -3.380    -2.413
    21.75    37.75    2059    -0.996    -0.657    -0.449    -0.539    -0.908    -1.682    -2.824    -3.338    -3.390    -3.397    -2.644    -1.084
    21.75    37.75    2060    -0.451    -0.241    -0.199    -0.227    -0.332    -0.516    -0.811    -1.326    -1.986    -2.616    -2.227    -0.878
    21.75    37.75    2061    -0.448    -0.423    -0.616    -1.174    -2.250    -2.890    -3.169    -3.311    -3.358    -2.489    -1.186    -0.610
    21.75    37.75    2062    -0.339    -0.278    -0.224    -0.293    -0.408    -0.566    -0.823    -1.333    -2.128    -2.397    -1.568    -0.538
    21.75    37.75    2063    -0.298    -0.267    -0.307    -0.355    -0.565    -1.041    -2.001    -2.567    -2.688    -2.804    -2.074    -0.929
    21.75    37.75    2064    -0.516    -0.256    -0.211    -0.278    -0.454    -0.861    -1.847    -2.525    -2.797    -2.852    -1.833    -1.041
    21.75    37.75    2065    -0.615    -0.528    -0.609    -0.639    -1.404    -2.443    -2.846    -2.941    -2.982    -2.993    -2.605    -1.654
    21.75    37.75    2066    -0.411    -0.320    -0.353    -0.525    -0.854    -1.821    -2.612    -2.945    -3.009    -2.703    -2.090    -1.169
    21.75    37.75    2067    -0.503    -0.235    -0.180    -0.188    -0.274    -0.451    -0.763    -1.535    -2.306    -2.477    -2.194    -0.912
    21.75    37.75    2068    -0.488    -0.317    -0.336    -0.540    -1.144    -2.166    -2.510    -2.784    -2.920    -2.915    -2.469    -1.715
    21.75    37.75    2069    -0.580    -0.285    -0.208    -0.232    -0.318    -0.468    -0.704    -1.205    -2.166    -2.569    -2.581    -1.465
    21.75    37.75    2070    -0.434    -0.254    -0.203    -0.241    -0.379    -0.672    -1.412    -2.430    -2.762    -2.710    -2.299    -2.059
    21.75    37.75    2071    -1.859    -2.179    -2.395    -2.434    -2.881    -3.030    -3.143    -3.200    -3.238    -3.234    -3.230    -2.750
    21.75    37.75    2072    -1.255    -0.598    -0.391    -0.335    -0.335    -0.408    -0.500    -0.649    -0.891    -1.081    -1.015    -0.547
    21.75    37.75    2073    -0.291    -0.254    -0.268    -0.247    -0.293    -0.440    -0.752    -1.181    -1.460    -1.623    -1.560    -1.126
    21.75    37.75    2074    -0.546    -0.414    -0.469    -0.737    -1.421    -1.775    -1.952    -2.110    -2.226    -2.297    -2.142    -0.861
    21.75    37.75    2075    -0.409    -0.259    -0.209    -0.263    -0.364    -0.500    -0.726    -1.103    -1.641    -2.081    -2.038    -1.564
    21.75    37.75    2076    -0.923    -0.754    -0.838    -1.369    -2.179    -2.413    -2.559    -2.739    -2.837    -2.552    -2.126    -1.293
    21.75    37.75    2077    -0.709    -0.480    -0.399    -0.552    -0.859    -1.451    -2.379    -2.860    -2.979    -2.974    -2.720    -1.346
    21.75    37.75    2078    -0.542    -0.307    -0.292    -0.412    -0.647    -1.094    -1.800    -2.680    -2.997    -3.053    -3.025    -2.099
    21.75    37.75    2079    -1.460    -0.824    -0.801    -1.314    -2.428    -3.034    -3.156    -3.245    -3.279    -3.291    -3.281    -2.240
    21.75    37.75    2080    -0.987    -0.578    -0.533    -0.648    -0.990    -1.528    -2.174    -2.856    -3.297    -3.287    -2.857    -1.691
    21.75    37.75    2081    -0.655    -0.463    -0.542    -0.799    -1.340    -2.336    -3.164    -3.346    -3.373    -3.368    -3.341    -3.285
    21.75    37.75    2082    -1.660    -0.533    -0.571    -0.910    -1.693    -2.750    -3.347    -3.406    -3.419    -3.423    -3.429    -2.756
    21.75    37.75    2083    -1.273    -1.177    -1.506    -2.632    -3.366    -3.427    -3.447    -3.449    -3.463    -3.467    -2.971    -1.022
    21.75    37.75    2084    -0.472    -0.259    -0.250    -0.324    -0.373    -0.438    -0.511    -0.631    -0.719    -0.770    -0.614    -0.343
    21.75    37.75    2085    -0.213    -0.165    -0.174    -0.219    -0.290    -0.408    -0.627    -0.940    -1.350    -1.701    -1.950    -1.436
    21.75    37.75    2086    -0.641    -0.345    -0.271    -0.285    -0.440    -0.740    -1.329    -1.963    -2.497    -2.834    -2.970    -2.163
    21.75    37.75    2087    -0.837    -0.404    -0.349    -0.337    -0.527    -0.920    -1.694    -2.673    -3.042    -3.097    -1.667    -0.559
    21.75    37.75    2088    -0.334    -0.232    -0.209    -0.282    -0.437    -0.769    -1.449    -2.398    -3.062    -3.087    -1.957    -1.077
    21.75    37.75    2089    -0.776    -0.506    -0.420    -0.573    -0.815    -1.732    -2.917    -3.118    -3.150    -3.175    -2.572    -0.896
    21.75    37.75    2090    -0.500    -0.320    -0.275    -0.375    -0.625    -1.226    -2.409    -3.102    -3.183    -3.196    -2.369    -1.133
    21.75    37.75    2091    -0.472    -0.325    -0.324    -0.449    -0.814    -1.695    -2.890    -3.150    -3.176    -3.108    -2.341    -1.245
    21.75    37.75    2092    -0.580    -0.326    -0.322    -0.464    -0.836    -1.686    -2.765    -3.159    -3.196    -2.471    -1.538    -0.904
    21.75    37.75    2093    -0.520    -0.370    -0.314    -0.395    -0.695    -1.374    -2.578    -3.123    -3.176    -3.106    -2.606    -1.444
    21.75    37.75    2094    -0.673    -0.428    -0.368    -0.464    -0.816    -1.681    -2.886    -3.145    -3.178    -2.648    -2.148    -1.592
    21.75    37.75    2095    -0.999    -0.534    -0.429    -0.598    -1.078    -2.347    -3.096    -3.172    -3.197    -2.973    -2.101    -1.645
    21.75    37.75    2096    -0.918    -0.457    -0.302    -0.423    -0.772    -1.612    -2.736    -3.125    -3.182    -3.160    -3.135    -2.714
    21.75    37.75    2097    -1.698    -1.629    -2.249    -3.044    -3.153    -3.229    -3.306    -3.363    -3.380    -3.309    -1.488    -0.730
    21.75    37.75    2098    -0.429    -0.280    -0.278    -0.301    -0.326    -0.360    -0.396    -0.452    -0.523    -0.566    -0.436    -0.300
    21.75    37.75    2099    -0.227    -0.165    -0.157    -0.167    -0.192    -0.226    -0.284    -0.393    -0.534    -0.653    -0.685    -0.506
    21.75    37.75    2100    -0.270    -0.214    -0.208    -0.266    -0.412    -0.672    -0.879    -1.045    -1.113    -1.156    -1.137    -0.473
    21.75    37.75    2101    -0.287    -0.283    -0.311    -0.326    -0.504    -0.795    -1.097    -1.252    -1.336    -1.377    -1.356    -1.081
    21.75    37.75    2102    -0.650    -0.298    -0.241    -0.244    -0.287    -0.427    -0.712    -1.080    -1.429    -1.545    -0.788    -0.448
    21.75    37.75    2103    -0.336    -0.299    -0.311    -0.330    -0.469    -0.913    -1.514    -1.762    -1.940    -2.059    -2.064    -1.421
    21.75    37.75    2104    -0.701    -0.515    -0.581    -0.955    -1.789    -2.104    -2.299    -2.503    -2.632    -2.687    -2.474    -1.350
    21.75    37.75    2105    -0.566    -0.315    -0.264    -0.329    -0.465    -0.735    -1.099    -1.421    -1.691    -1.957    -1.911    -1.106
    21.75    37.75    2106    -0.554    -0.465    -0.544    -0.796    -1.481    -2.012    -2.297    -2.470    -2.578    -2.265    -1.709    -0.895
    21.75    37.75    2107    -0.517    -0.348    -0.312    -0.431    -0.726    -1.349    -2.061    -2.464    -2.640    -2.657    -2.088    -0.884
    21.75    37.75    2108    -0.335    -0.200    -0.193    -0.264    -0.414    -0.751    -1.291    -1.835    -2.321    -2.596    -2.682    -2.264
    21.75    37.75    2109    -1.253    -0.870    -0.844    -1.476    -2.516    -2.741    -2.872    -3.007    -3.096    -3.135    -3.159    -2.428
    21.75    37.75    2110    -0.937    -0.599    -0.544    -0.697    -1.051    -1.710    -2.494    -2.981    -3.135    -3.122    -3.067    -2.073
    21.75    37.75    2111    -0.702    -0.387    -0.426    -0.612    -1.011    -1.875    -2.789    -3.167    -3.237    -3.229    -3.233    -3.115
    21.75    37.75    2112    -2.052    -0.696    -0.599    -0.977    -1.953    -2.951    -3.246    -3.327    -3.358    -3.360    -3.384    -3.167
    21.75    37.75    2113    -1.708    -1.641    -2.279    -3.268    -3.392    -3.419    -3.431    -3.438    -3.443    -3.444    -2.685    -0.927
    21.75    37.75    2114    -0.469    -0.294    -0.263    -0.282    -0.297    -0.318    -0.339    -0.371    -0.394    -0.397    -0.298    -0.205
    21.75    37.75    2115    -0.172    -0.162    -0.166    -0.182    -0.210    -0.257    -0.333    -0.465    -0.604    -0.679    -0.724    -0.600
    21.75    37.75    2116    -0.325    -0.196    -0.167    -0.171    -0.211    -0.284    -0.441    -0.654    -0.821    -0.918    -0.996    -0.817
    21.75    37.75    2117    -0.405    -0.264    -0.217    -0.242    -0.349    -0.596    -0.941    -1.205    -1.317    -1.355    -0.863    -0.420
    21.75    37.75    2118    -0.242    -0.197    -0.189    -0.236    -0.339    -0.568    -1.039    -1.370    -1.520    -1.591    -0.898    -0.586
    21.75    37.75    2119    -0.442    -0.306    -0.265    -0.246    -0.323    -0.543    -1.045    -1.554    -1.717    -1.777    -1.557    -0.721
    21.75    37.75    2120    -0.453    -0.264    -0.223    -0.278    -0.430    -0.843    -1.593    -1.973    -2.173    -2.288    -1.522    -0.899
    21.75    37.75    2121    -0.476    -0.266    -0.262    -0.342    -0.619    -1.367    -2.034    -2.256    -2.359    -2.405    -1.355    -0.544
    21.75    37.75    2122    -0.261    -0.181    -0.186    -0.246    -0.393    -0.740    -1.459    -2.130    -2.379    -2.123    -1.105    -0.611
    21.75    37.75    2123    -0.317    -0.271    -0.264    -0.332    -0.594    -1.338    -2.218    -2.431    -2.537    -2.577    -2.288    -1.307
    21.75    37.75    2124    -0.830    -0.518    -0.411    -0.549    -1.098    -2.225    -2.602    -2.735    -2.847    -2.795    -1.942    -1.530
    21.75    37.75    2125    -0.886    -0.471    -0.354    -0.488    -0.746    -1.529    -2.557    -2.890    -2.986    -2.766    -2.104    -1.750
    21.75    37.75    2126    -0.997    -0.515    -0.412    -0.606    -1.345    -2.463    -2.930    -3.042    -3.094    -3.116    -3.070    -2.504
    21.75    37.75    2127    -1.748    -1.532    -1.718    -2.387    -2.750    -2.903    -2.960    -3.000    -3.012    -2.743    -1.471    -0.727
    21.75    37.75    2128    -0.391    -0.262    -0.260    -0.300    -0.349    -0.415    -0.499    -0.632    -0.803    -0.971    -0.723    -0.407
    21.75    37.75    2129    -0.260    -0.193    -0.163    -0.176    -0.222    -0.293    -0.422    -0.684    -1.065    -1.381    -1.494    -0.949
    21.75    37.75    2130    -0.361    -0.257    -0.251    -0.346    -0.624    -1.237    -1.617    -1.869    -2.016    -2.110    -1.887    -0.892
