      Lon      Lat    Year    VegC LitterC   SoilC     HarvSlowC Total-slow     Total
     9.75    49.75    1980   0.777   0.533   2.267      0.000000      3.576     3.576
     9.75    49.75    1981   0.790   0.542   2.304      0.000000      3.635     3.635
     9.75    49.75    1982   0.810   0.550   2.342      0.000000      3.702     3.702
     9.75    49.75    1983   0.843   0.552   2.378      0.000000      3.773     3.773
     9.75    49.75    1984   0.858   0.567   2.416      0.000000      3.842     3.842
     9.75    49.75    1985   0.878   0.578   2.455      0.000000      3.911     3.911
     9.75    49.75    1986   0.879   0.592   2.494      0.000000      3.964     3.964
     9.75    49.75    1987   0.918   0.595   2.532      0.000000      4.045     4.045
     9.75    49.75    1988   0.911   0.598   2.567      0.000000      4.076     4.076
     9.75    49.75    1989   0.951   0.601   2.603      0.000000      4.155     4.155
     9.75    49.75    1990   0.973   0.605   2.641      0.000000      4.219     4.219
     9.75    49.75    1991   1.009   0.604   2.660      0.000000      4.273     4.273
     9.75    49.75    1992   1.019   0.609   2.679      0.000000      4.308     4.308
     9.75    49.75    1993   1.049   0.613   2.701      0.000000      4.363     4.363
     9.75    49.75    1994   1.056   0.607   2.720      0.000000      4.383     4.383
     9.75    49.75    1995   1.100   0.607   2.740      0.000000      4.448     4.448
     9.75    49.75    1996   1.100   0.608   2.760      0.000000      4.468     4.468
     9.75    49.75    1997   1.147   0.612   2.781      0.000000      4.540     4.540
     9.75    49.75    1998   1.153   0.615   2.800      0.000000      4.568     4.568
     9.75    49.75    1999   1.167   0.608   2.817      0.000000      4.592     4.592
     9.75    49.75    2000   1.231   0.597   2.833      0.000000      4.661     4.661
     9.75    49.75    2001   1.238   0.604   2.853      0.000000      4.696     4.696
     9.75    49.75    2002   1.254   0.604   2.872      0.000000      4.730     4.730
     9.75    49.75    2003   1.297   0.610   2.893      0.000000      4.800     4.800
     9.75    49.75    2004   1.317   0.614   2.913      0.000000      4.844     4.844
     9.75    49.75    2005   1.342   0.613   2.931      0.000000      4.886     4.886
     9.75    49.75    2006   1.358   0.620   2.952      0.000000      4.930     4.930
     9.75    49.75    2007   1.363   0.617   2.970      0.000000      4.951     4.951
     9.75    49.75    2008   1.393   0.604   2.985      0.000000      4.981     4.981
     9.75    49.75    2009   1.450   0.608   3.006      0.000000      5.064     5.064
     9.75    49.75    2010   1.468   0.611   3.025      0.000000      5.105     5.105
     9.75    49.75    2011   1.329   0.631   3.021      0.000000      4.981     4.981
     9.75    49.75    2012   1.328   0.618   3.017      0.000000      4.963     4.963
     9.75    49.75    2013   1.312   0.621   3.017      0.000000      4.950     4.950
     9.75    49.75    2014   1.338   0.626   3.019      0.000000      4.982     4.982
     9.75    49.75    2015   1.307   0.625   3.018      0.000000      4.950     4.950
     9.75    49.75    2016   1.292   0.620   3.015      0.000000      4.927     4.927
     9.75    49.75    2017   1.290   0.613   3.013      0.000000      4.916     4.916
     9.75    49.75    2018   1.290   0.615   3.014      0.000000      4.919     4.919
     9.75    49.75    2019   1.315   0.614   3.012      0.000000      4.941     4.941
     9.75    49.75    2020   1.284   0.636   3.015      0.000000      4.935     4.935
     9.75    49.75    2021   1.232   0.647   3.019      0.000000      4.898     4.898
     9.75    49.75    2022   1.259   0.632   3.017      0.000000      4.908     4.908
     9.75    49.75    2023   1.283   0.633   3.018      0.000000      4.934     4.934
     9.75    49.75    2024   1.194   0.638   3.018      0.000000      4.850     4.850
     9.75    49.75    2025   1.206   0.617   3.017      0.000000      4.840     4.840
     9.75    49.75    2026   1.281   0.602   3.019      0.000000      4.902     4.902
     9.75    49.75    2027   1.295   0.599   3.019      0.000000      4.913     4.913
     9.75    49.75    2028   1.312   0.605   3.021      0.000000      4.938     4.938
     9.75    49.75    2029   1.301   0.604   3.020      0.000000      4.925     4.925
     9.75    49.75    2030   1.292   0.599   3.020      0.000000      4.912     4.912
     9.75    49.75    2031   1.341   0.597   3.022      0.000000      4.959     4.959
     9.75    49.75    2032   1.322   0.595   3.023      0.000000      4.940     4.940
     9.75    49.75    2033   1.335   0.592   3.023      0.000000      4.950     4.950
     9.75    49.75    2034   1.320   0.588   3.021      0.000000      4.929     4.929
     9.75    49.75    2035   1.327   0.589   3.023      0.000000      4.939     4.939
     9.75    49.75    2036   1.356   0.587   3.024      0.000000      4.966     4.966
     9.75    49.75    2037   1.331   0.588   3.023      0.000000      4.942     4.942
     9.75    49.75    2038   1.281   0.608   3.026      0.000000      4.915     4.915
     9.75    49.75    2039   1.235   0.605   3.027      0.000000      4.866     4.866
     9.75    49.75    2040   1.271   0.597   3.027      0.000000      4.895     4.895
     9.75    49.75    2041   1.295   0.599   3.029      0.000000      4.923     4.923
     9.75    49.75    2042   1.263   0.600   3.030      0.000000      4.894     4.894
     9.75    49.75    2043   1.265   0.583   3.027      0.000000      4.876     4.876
     9.75    49.75    2044   1.318   0.568   3.025      0.000000      4.912     4.912
     9.75    49.75    2045   1.316   0.566   3.025      0.000000      4.907     4.907
     9.75    49.75    2046   1.291   0.574   3.026      0.000000      4.891     4.891
     9.75    49.75    2047   1.234   0.572   3.021      0.000000      4.827     4.827
     9.75    49.75    2048   1.232   0.560   3.017      0.000000      4.809     4.809
     9.75    49.75    2049   1.284   0.550   3.016      0.000000      4.850     4.850
     9.75    49.75    2050   1.275   0.554   3.017      0.000000      4.846     4.846
     9.75    49.75    2051   1.290   0.552   3.016      0.000000      4.858     4.858
     9.75    49.75    2052   1.249   0.565   3.018      0.000000      4.832     4.832
     9.75    49.75    2053   1.261   0.558   3.018      0.000000      4.837     4.837
     9.75    49.75    2054   1.260   0.563   3.017      0.000000      4.840     4.840
     9.75    49.75    2055   1.168   0.557   3.014      0.000000      4.740     4.740
     9.75    49.75    2056   1.168   0.541   3.009      0.000000      4.718     4.718
     9.75    49.75    2057   1.242   0.531   3.008      0.000000      4.781     4.781
     9.75    49.75    2058   1.242   0.535   3.007      0.000000      4.784     4.784
     9.75    49.75    2059   1.162   0.538   3.001      0.000000      4.702     4.702
     9.75    49.75    2060   1.191   0.540   2.999      0.000000      4.730     4.730
     9.75    49.75    2061   1.208   0.536   2.998      0.000000      4.741     4.741
     9.75    49.75    2062   1.199   0.547   2.998      0.000000      4.743     4.743
     9.75    49.75    2063   1.170   0.553   2.999      0.000000      4.722     4.722
     9.75    49.75    2064   1.176   0.550   2.999      0.000000      4.725     4.725
     9.75    49.75    2065   1.187   0.549   2.999      0.000000      4.735     4.735
     9.75    49.75    2066   1.160   0.548   2.997      0.000000      4.705     4.705
     9.75    49.75    2067   1.103   0.547   2.995      0.000000      4.644     4.644
     9.75    49.75    2068   1.164   0.537   2.996      0.000000      4.697     4.697
     9.75    49.75    2069   1.167   0.528   2.992      0.000000      4.687     4.687
     9.75    49.75    2070   1.165   0.535   2.993      0.000000      4.692     4.692
     9.75    49.75    2071   1.174   0.534   2.994      0.000000      4.702     4.702
     9.75    49.75    2072   1.182   0.536   2.994      0.000000      4.712     4.712
     9.75    49.75    2073   1.201   0.536   2.994      0.000000      4.731     4.731
     9.75    49.75    2074   1.175   0.540   2.997      0.000000      4.712     4.712
     9.75    49.75    2075   1.210   0.529   2.996      0.000000      4.735     4.735
     9.75    49.75    2076   1.193   0.525   2.995      0.000000      4.712     4.712
     9.75    49.75    2077   1.231   0.517   2.995      0.000000      4.743     4.743
     9.75    49.75    2078   1.235   0.523   2.998      0.000000      4.755     4.755
     9.75    49.75    2079   1.216   0.518   2.997      0.000000      4.732     4.732
     9.75    49.75    2080   1.270   0.515   2.999      0.000000      4.784     4.784
     9.75    49.75    2081   1.267   0.522   3.002      0.000000      4.791     4.791
     9.75    49.75    2082   1.220   0.520   3.002      0.000000      4.743     4.743
     9.75    49.75    2083   1.211   0.508   3.002      0.000000      4.720     4.720
     9.75    49.75    2084   1.290   0.492   3.001      0.000000      4.784     4.784
     9.75    49.75    2085   1.271   0.494   3.001      0.000000      4.765     4.765
     9.75    49.75    2086   1.284   0.492   2.999      0.000000      4.776     4.776
     9.75    49.75    2087   1.252   0.493   2.998      0.000000      4.742     4.742
     9.75    49.75    2088   1.300   0.485   2.997      0.000000      4.782     4.782
     9.75    49.75    2089   1.260   0.497   2.995      0.000000      4.752     4.752
     9.75    49.75    2090   1.267   0.495   2.996      0.000000      4.758     4.758
     9.75    49.75    2091   1.176   0.501   2.997      0.000000      4.674     4.674
     9.75    49.75    2092   1.201   0.506   2.999      0.000000      4.706     4.706
     9.75    49.75    2093   1.147   0.505   2.999      0.000000      4.652     4.652
     9.75    49.75    2094   1.198   0.492   2.997      0.000000      4.688     4.688
     9.75    49.75    2095   1.229   0.494   2.996      0.000000      4.719     4.719
     9.75    49.75    2096   1.226   0.491   2.994      0.000000      4.711     4.711
     9.75    49.75    2097   1.226   0.496   2.993      0.000000      4.715     4.715
     9.75    49.75    2098   1.240   0.500   2.993      0.000000      4.733     4.733
     9.75    49.75    2099   1.228   0.514   2.994      0.000000      4.737     4.737
     9.75    49.75    2100   1.224   0.523   2.996      0.000000      4.743     4.743
     9.75    49.75    2101   1.197   0.530   2.997      0.000000      4.723     4.723
     9.75    49.75    2102   1.149   0.542   2.998      0.000000      4.689     4.689
     9.75    49.75    2103   1.089   0.559   3.000      0.000000      4.648     4.648
     9.75    49.75    2104   1.049   0.561   3.002      0.000000      4.611     4.611
     9.75    49.75    2105   1.103   0.543   3.000      0.000000      4.647     4.647
     9.75    49.75    2106   1.090   0.543   2.999      0.000000      4.632     4.632
     9.75    49.75    2107   1.128   0.529   3.000      0.000000      4.657     4.657
     9.75    49.75    2108   1.120   0.538   3.003      0.000000      4.660     4.660
     9.75    49.75    2109   1.118   0.527   3.003      0.000000      4.648     4.648
     9.75    49.75    2110   1.161   0.524   3.005      0.000000      4.690     4.690
     9.75    49.75    2111   1.152   0.533   3.007      0.000000      4.693     4.693
     9.75    49.75    2112   1.111   0.530   3.007      0.000000      4.649     4.649
     9.75    49.75    2113   1.059   0.526   3.008      0.000000      4.592     4.592
     9.75    49.75    2114   1.115   0.513   3.008      0.000000      4.636     4.636
     9.75    49.75    2115   1.049   0.531   3.007      0.000000      4.588     4.588
     9.75    49.75    2116   1.082   0.519   3.006      0.000000      4.606     4.606
     9.75    49.75    2117   1.045   0.524   3.004      0.000000      4.573     4.573
     9.75    49.75    2118   1.093   0.510   3.005      0.000000      4.609     4.609
     9.75    49.75    2119   1.056   0.520   3.003      0.000000      4.579     4.579
     9.75    49.75    2120   1.054   0.514   3.006      0.000000      4.574     4.574
     9.75    49.75    2121   1.016   0.504   3.005      0.000000      4.526     4.526
     9.75    49.75    2122   1.048   0.503   3.008      0.000000      4.559     4.559
     9.75    49.75    2123   0.973   0.513   3.006      0.000000      4.492     4.492
     9.75    49.75    2124   1.041   0.488   3.006      0.000000      4.535     4.535
     9.75    49.75    2125   1.042   0.505   3.003      0.000000      4.550     4.550
     9.75    49.75    2126   1.018   0.502   3.002      0.000000      4.523     4.523
     9.75    49.75    2127   0.983   0.513   3.002      0.000000      4.498     4.498
     9.75    49.75    2128   1.019   0.508   3.002      0.000000      4.529     4.529
     9.75    49.75    2129   1.020   0.518   3.002      0.000000      4.540     4.540
     9.75    49.75    2130   1.046   0.511   3.005      0.000000      4.563     4.563
    13.75    55.75    1980   0.777   0.809   2.268      0.000000      3.853     3.853
    13.75    55.75    1981   0.794   0.820   2.307      0.000000      3.921     3.921
    13.75    55.75    1982   0.803   0.831   2.346      0.000000      3.980     3.980
    13.75    55.75    1983   0.841   0.837   2.384      0.000000      4.062     4.062
    13.75    55.75    1984   0.883   0.854   2.423      0.000000      4.160     4.160
    13.75    55.75    1985   0.905   0.876   2.463      0.000000      4.244     4.244
    13.75    55.75    1986   0.908   0.907   2.506      0.000000      4.322     4.322
    13.75    55.75    1987   0.936   0.917   2.546      0.000000      4.399     4.399
    13.75    55.75    1988   0.974   0.921   2.583      0.000000      4.477     4.477
    13.75    55.75    1989   0.974   0.943   2.623      0.000000      4.539     4.539
    13.75    55.75    1990   1.016   0.956   2.663      0.000000      4.635     4.635
    13.75    55.75    1991   1.029   0.971   2.706      0.000000      4.706     4.706
    13.75    55.75    1992   1.064   0.984   2.748      0.000000      4.796     4.796
    13.75    55.75    1993   1.122   1.005   2.792      0.000000      4.919     4.919
    13.75    55.75    1994   1.147   1.024   2.833      0.000000      5.004     5.004
    13.75    55.75    1995   1.152   1.041   2.875      0.000000      5.068     5.068
    13.75    55.75    1996   1.201   1.049   2.917      0.000000      5.167     5.167
    13.75    55.75    1997   1.233   1.063   2.959      0.000000      5.256     5.256
    13.75    55.75    1998   1.258   1.077   3.001      0.000000      5.337     5.337
    13.75    55.75    1999   1.295   1.094   3.043      0.000000      5.432     5.432
    13.75    55.75    2000   1.297   1.105   3.085      0.000000      5.487     5.487
    13.75    55.75    2001   1.373   1.123   3.130      0.000000      5.625     5.625
    13.75    55.75    2002   1.364   1.147   3.175      0.000000      5.687     5.687
    13.75    55.75    2003   1.414   1.157   3.218      0.000000      5.789     5.789
    13.75    55.75    2004   1.486   1.162   3.259      0.000000      5.907     5.907
    13.75    55.75    2005   1.474   1.181   3.300      0.000000      5.954     5.954
    13.75    55.75    2006   1.464   1.195   3.343      0.000000      6.003     6.003
    13.75    55.75    2007   1.552   1.198   3.385      0.000000      6.134     6.134
    13.75    55.75    2008   1.513   1.207   3.424      0.000000      6.144     6.144
    13.75    55.75    2009   1.595   1.217   3.464      0.000000      6.275     6.275
    13.75    55.75    2010   1.686   1.224   3.503      0.000000      6.413     6.413
    13.75    55.75    2011   1.763   1.216   3.500      0.000000      6.479     6.479
    13.75    55.75    2012   1.675   1.216   3.501      0.000000      6.392     6.392
    13.75    55.75    2013   1.677   1.204   3.505      0.000000      6.386     6.386
    13.75    55.75    2014   1.782   1.175   3.508      0.000000      6.465     6.465
    13.75    55.75    2015   1.791   1.169   3.508      0.000000      6.468     6.468
    13.75    55.75    2016   1.817   1.153   3.506      0.000000      6.476     6.476
    13.75    55.75    2017   1.864   1.128   3.502      0.000000      6.494     6.494
    13.75    55.75    2018   1.949   1.121   3.501      0.000000      6.572     6.572
    13.75    55.75    2019   1.872   1.126   3.500      0.000000      6.498     6.498
    13.75    55.75    2020   1.964   1.115   3.498      0.000000      6.577     6.577
    13.75    55.75    2021   2.002   1.107   3.497      0.000000      6.607     6.607
    13.75    55.75    2022   1.988   1.108   3.497      0.000000      6.592     6.592
    13.75    55.75    2023   2.020   1.102   3.498      0.000000      6.620     6.620
    13.75    55.75    2024   1.985   1.096   3.500      0.000000      6.581     6.581
    13.75    55.75    2025   1.982   1.085   3.502      0.000000      6.569     6.569
    13.75    55.75    2026   2.067   1.056   3.502      0.000000      6.625     6.625
    13.75    55.75    2027   2.095   1.057   3.503      0.000000      6.655     6.655
    13.75    55.75    2028   2.184   1.046   3.499      0.000000      6.730     6.730
    13.75    55.75    2029   2.141   1.062   3.499      0.000000      6.703     6.703
    13.75    55.75    2030   2.177   1.050   3.498      0.000000      6.725     6.725
    13.75    55.75    2031   2.135   1.053   3.498      0.000000      6.687     6.687
    13.75    55.75    2032   2.087   1.057   3.501      0.000000      6.644     6.644
    13.75    55.75    2033   2.211   1.030   3.497      0.000000      6.738     6.738
    13.75    55.75    2034   2.237   1.023   3.489      0.000000      6.749     6.749
    13.75    55.75    2035   2.221   1.045   3.489      0.000000      6.755     6.755
    13.75    55.75    2036   2.196   1.054   3.489      0.000000      6.739     6.739
    13.75    55.75    2037   2.221   1.055   3.486      0.000000      6.762     6.762
    13.75    55.75    2038   2.132   1.080   3.490      0.000000      6.702     6.702
    13.75    55.75    2039   2.127   1.066   3.490      0.000000      6.682     6.682
    13.75    55.75    2040   2.200   1.045   3.486      0.000000      6.731     6.731
    13.75    55.75    2041   2.151   1.059   3.488      0.000000      6.698     6.698
    13.75    55.75    2042   2.124   1.048   3.488      0.000000      6.660     6.660
    13.75    55.75    2043   2.211   1.028   3.486      0.000000      6.725     6.725
    13.75    55.75    2044   2.154   1.021   3.486      0.000000      6.661     6.661
    13.75    55.75    2045   2.209   1.004   3.481      0.000000      6.693     6.693
    13.75    55.75    2046   2.222   0.999   3.477      0.000000      6.697     6.697
    13.75    55.75    2047   2.178   1.010   3.473      0.000000      6.661     6.661
    13.75    55.75    2048   2.225   1.003   3.468      0.000000      6.696     6.696
    13.75    55.75    2049   2.151   1.018   3.467      0.000000      6.636     6.636
    13.75    55.75    2050   2.165   1.025   3.466      0.000000      6.656     6.656
    13.75    55.75    2051   2.102   1.029   3.465      0.000000      6.597     6.597
    13.75    55.75    2052   2.113   1.028   3.467      0.000000      6.608     6.608
    13.75    55.75    2053   2.174   1.014   3.465      0.000000      6.653     6.653
    13.75    55.75    2054   2.117   1.020   3.463      0.000000      6.599     6.599
    13.75    55.75    2055   2.123   1.026   3.462      0.000000      6.611     6.611
    13.75    55.75    2056   2.148   1.010   3.455      0.000000      6.613     6.613
    13.75    55.75    2057   2.074   1.029   3.456      0.000000      6.559     6.559
    13.75    55.75    2058   2.190   1.002   3.453      0.000000      6.645     6.645
    13.75    55.75    2059   2.190   0.995   3.445      0.000000      6.630     6.630
    13.75    55.75    2060   2.164   0.997   3.441      0.000000      6.602     6.602
    13.75    55.75    2061   2.162   1.010   3.442      0.000000      6.615     6.615
    13.75    55.75    2062   2.166   1.018   3.445      0.000000      6.629     6.629
    13.75    55.75    2063   2.041   1.053   3.449      0.000000      6.543     6.543
    13.75    55.75    2064   2.065   1.038   3.447      0.000000      6.550     6.550
    13.75    55.75    2065   2.071   1.035   3.446      0.000000      6.552     6.552
    13.75    55.75    2066   2.093   1.035   3.446      0.000000      6.573     6.573
    13.75    55.75    2067   2.029   1.041   3.444      0.000000      6.514     6.514
    13.75    55.75    2068   2.031   1.036   3.445      0.000000      6.512     6.512
    13.75    55.75    2069   2.054   1.035   3.445      0.000000      6.535     6.535
    13.75    55.75    2070   2.016   1.050   3.446      0.000000      6.512     6.512
    13.75    55.75    2071   1.960   1.053   3.449      0.000000      6.461     6.461
    13.75    55.75    2072   1.980   1.044   3.450      0.000000      6.474     6.474
    13.75    55.75    2073   1.990   1.045   3.452      0.000000      6.487     6.487
    13.75    55.75    2074   1.887   1.069   3.457      0.000000      6.413     6.413
    13.75    55.75    2075   1.907   1.051   3.455      0.000000      6.413     6.413
    13.75    55.75    2076   1.935   1.048   3.455      0.000000      6.438     6.438
    13.75    55.75    2077   1.904   1.057   3.453      0.000000      6.413     6.413
    13.75    55.75    2078   1.809   1.082   3.457      0.000000      6.348     6.348
    13.75    55.75    2079   1.755   1.073   3.461      0.000000      6.288     6.288
    13.75    55.75    2080   1.778   1.060   3.461      0.000000      6.300     6.300
    13.75    55.75    2081   1.779   1.046   3.461      0.000000      6.286     6.286
    13.75    55.75    2082   1.803   1.037   3.461      0.000000      6.301     6.301
    13.75    55.75    2083   1.813   1.039   3.465      0.000000      6.318     6.318
    13.75    55.75    2084   1.740   1.056   3.471      0.000000      6.268     6.268
    13.75    55.75    2085   1.806   1.047   3.474      0.000000      6.327     6.327
    13.75    55.75    2086   1.733   1.059   3.474      0.000000      6.266     6.266
    13.75    55.75    2087   1.755   1.050   3.474      0.000000      6.279     6.279
    13.75    55.75    2088   1.720   1.051   3.476      0.000000      6.247     6.247
    13.75    55.75    2089   1.710   1.046   3.477      0.000000      6.232     6.232
    13.75    55.75    2090   1.731   1.044   3.476      0.000000      6.251     6.251
    13.75    55.75    2091   1.718   1.058   3.480      0.000000      6.255     6.255
    13.75    55.75    2092   1.652   1.082   3.482      0.000000      6.216     6.216
    13.75    55.75    2093   1.651   1.088   3.485      0.000000      6.224     6.224
    13.75    55.75    2094   1.592   1.095   3.487      0.000000      6.174     6.174
    13.75    55.75    2095   1.598   1.092   3.487      0.000000      6.177     6.177
    13.75    55.75    2096   1.572   1.090   3.487      0.000000      6.149     6.149
    13.75    55.75    2097   1.639   1.075   3.490      0.000000      6.205     6.205
    13.75    55.75    2098   1.603   1.073   3.491      0.000000      6.167     6.167
    13.75    55.75    2099   1.674   1.044   3.493      0.000000      6.211     6.211
    13.75    55.75    2100   1.668   1.052   3.494      0.000000      6.214     6.214
    13.75    55.75    2101   1.578   1.064   3.498      0.000000      6.140     6.140
    13.75    55.75    2102   1.589   1.049   3.497      0.000000      6.135     6.135
    13.75    55.75    2103   1.615   1.046   3.499      0.000000      6.160     6.160
    13.75    55.75    2104   1.583   1.046   3.504      0.000000      6.132     6.132
    13.75    55.75    2105   1.645   1.017   3.500      0.000000      6.161     6.161
    13.75    55.75    2106   1.669   1.014   3.499      0.000000      6.182     6.182
    13.75    55.75    2107   1.708   1.002   3.495      0.000000      6.204     6.204
    13.75    55.75    2108   1.569   1.034   3.500      0.000000      6.103     6.103
    13.75    55.75    2109   1.572   1.010   3.502      0.000000      6.084     6.084
    13.75    55.75    2110   1.637   0.986   3.499      0.000000      6.121     6.121
    13.75    55.75    2111   1.640   0.977   3.498      0.000000      6.115     6.115
    13.75    55.75    2112   1.657   0.969   3.498      0.000000      6.123     6.123
    13.75    55.75    2113   1.652   0.974   3.500      0.000000      6.126     6.126
    13.75    55.75    2114   1.623   0.981   3.506      0.000000      6.110     6.110
    13.75    55.75    2115   1.696   0.972   3.507      0.000000      6.175     6.175
    13.75    55.75    2116   1.639   0.980   3.506      0.000000      6.125     6.125
    13.75    55.75    2117   1.647   0.975   3.504      0.000000      6.127     6.127
    13.75    55.75    2118   1.612   0.984   3.506      0.000000      6.102     6.102
    13.75    55.75    2119   1.649   0.957   3.503      0.000000      6.109     6.109
    13.75    55.75    2120   1.688   0.953   3.500      0.000000      6.141     6.141
    13.75    55.75    2121   1.701   0.961   3.503      0.000000      6.165     6.165
    13.75    55.75    2122   1.634   0.985   3.505      0.000000      6.124     6.124
    13.75    55.75    2123   1.657   0.983   3.506      0.000000      6.146     6.146
    13.75    55.75    2124   1.633   0.986   3.506      0.000000      6.125     6.125
    13.75    55.75    2125   1.688   0.968   3.506      0.000000      6.163     6.163
    13.75    55.75    2126   1.672   0.970   3.502      0.000000      6.145     6.145
    13.75    55.75    2127   1.742   0.956   3.505      0.000000      6.202     6.202
    13.75    55.75    2128   1.672   0.970   3.504      0.000000      6.146     6.146
    13.75    55.75    2129   1.724   0.937   3.503      0.000000      6.165     6.165
    13.75    55.75    2130   1.708   0.958   3.502      0.000000      6.167     6.167
    23.75    61.75    1980   2.065   2.695   9.778      0.000000     14.538    14.538
    23.75    61.75    1981   2.127   2.736   9.908      0.000000     14.771    14.771
    23.75    61.75    1982   2.166   2.783  10.041      0.000000     14.989    14.989
    23.75    61.75    1983   2.256   2.846  10.177      0.000000     15.278    15.278
    23.75    61.75    1984   2.252   2.842  10.301      0.000000     15.394    15.394
    23.75    61.75    1985   2.313   2.858  10.425      0.000000     15.596    15.596
    23.75    61.75    1986   2.358   2.919  10.558      0.000000     15.835    15.835
    23.75    61.75    1987   2.436   2.920  10.683      0.000000     16.039    16.039
    23.75    61.75    1988   2.508   2.935  10.804      0.000000     16.248    16.248
    23.75    61.75    1989   2.570   2.994  10.936      0.000000     16.500    16.500
    23.75    61.75    1990   2.604   3.015  11.065      0.000000     16.685    16.685
    23.75    61.75    1991   2.650   3.063  11.185      0.000000     16.898    16.898
    23.75    61.75    1992   2.740   3.077  11.300      0.000000     17.117    17.117
    23.75    61.75    1993   2.822   3.116  11.419      0.000000     17.357    17.357
    23.75    61.75    1994   2.867   3.118  11.531      0.000000     17.517    17.517
    23.75    61.75    1995   2.932   3.125  11.643      0.000000     17.700    17.700
    23.75    61.75    1996   2.944   3.170  11.759      0.000000     17.872    17.872
    23.75    61.75    1997   2.979   3.168  11.869      0.000000     18.016    18.016
    23.75    61.75    1998   3.069   3.177  11.980      0.000000     18.225    18.225
    23.75    61.75    1999   3.184   3.182  12.086      0.000000     18.452    18.452
    23.75    61.75    2000   3.233   3.219  12.198      0.000000     18.650    18.650
    23.75    61.75    2001   3.271   3.275  12.317      0.000000     18.863    18.863
    23.75    61.75    2002   3.379   3.295  12.434      0.000000     19.108    19.108
    23.75    61.75    2003   3.392   3.338  12.551      0.000000     19.282    19.282
    23.75    61.75    2004   3.502   3.306  12.654      0.000000     19.463    19.463
    23.75    61.75    2005   3.584   3.299  12.755      0.000000     19.638    19.638
    23.75    61.75    2006   3.594   3.363  12.870      0.000000     19.827    19.827
    23.75    61.75    2007   3.659   3.336  12.969      0.000000     19.964    19.964
    23.75    61.75    2008   3.734   3.350  13.076      0.000000     20.160    20.160
    23.75    61.75    2009   3.802   3.364  13.182      0.000000     20.348    20.348
    23.75    61.75    2010   3.923   3.402  13.293      0.000000     20.619    20.619
    23.75    61.75    2011   3.570   3.515  13.288      0.000000     20.372    20.372
    23.75    61.75    2012   3.526   3.515  13.279      0.000000     20.320    20.320
    23.75    61.75    2013   3.468   3.583  13.284      0.000000     20.335    20.335
    23.75    61.75    2014   3.545   3.537  13.281      0.000000     20.363    20.363
    23.75    61.75    2015   3.379   3.529  13.264      0.000000     20.172    20.172
    23.75    61.75    2016   3.361   3.533  13.257      0.000000     20.151    20.151
    23.75    61.75    2017   3.328   3.587  13.262      0.000000     20.178    20.178
    23.75    61.75    2018   3.265   3.552  13.254      0.000000     20.071    20.071
    23.75    61.75    2019   3.373   3.499  13.244      0.000000     20.117    20.117
    23.75    61.75    2020   3.403   3.475  13.235      0.000000     20.113    20.113
    23.75    61.75    2021   3.451   3.421  13.218      0.000000     20.090    20.090
    23.75    61.75    2022   3.508   3.378  13.204      0.000000     20.090    20.090
    23.75    61.75    2023   3.538   3.390  13.201      0.000000     20.129    20.129
    23.75    61.75    2024   3.480   3.422  13.200      0.000000     20.102    20.102
    23.75    61.75    2025   3.372   3.449  13.201      0.000000     20.022    20.022
    23.75    61.75    2026   3.352   3.447  13.202      0.000000     20.001    20.001
    23.75    61.75    2027   3.399   3.419  13.199      0.000000     20.018    20.018
    23.75    61.75    2028   3.435   3.389  13.190      0.000000     20.014    20.014
    23.75    61.75    2029   3.425   3.384  13.186      0.000000     19.995    19.995
    23.75    61.75    2030   3.449   3.413  13.191      0.000000     20.052    20.052
    23.75    61.75    2031   3.472   3.407  13.196      0.000000     20.075    20.075
    23.75    61.75    2032   3.527   3.349  13.191      0.000000     20.067    20.067
    23.75    61.75    2033   3.514   3.301  13.173      0.000000     19.988    19.988
    23.75    61.75    2034   3.389   3.356  13.176      0.000000     19.921    19.921
    23.75    61.75    2035   3.393   3.292  13.158      0.000000     19.843    19.843
    23.75    61.75    2036   3.325   3.302  13.156      0.000000     19.784    19.784
    23.75    61.75    2037   3.383   3.294  13.152      0.000000     19.828    19.828
    23.75    61.75    2038   3.458   3.289  13.153      0.000000     19.900    19.900
    23.75    61.75    2039   3.568   3.244  13.147      0.000000     19.959    19.959
    23.75    61.75    2040   3.664   3.194  13.135      0.000000     19.993    19.993
    23.75    61.75    2041   3.632   3.201  13.131      0.000000     19.964    19.964
    23.75    61.75    2042   3.619   3.192  13.125      0.000000     19.936    19.936
    23.75    61.75    2043   3.668   3.181  13.120      0.000000     19.969    19.969
    23.75    61.75    2044   3.413   3.241  13.119      0.000000     19.774    19.774
    23.75    61.75    2045   3.454   3.200  13.108      0.000000     19.762    19.762
    23.75    61.75    2046   3.428   3.209  13.104      0.000000     19.741    19.741
    23.75    61.75    2047   3.501   3.172  13.089      0.000000     19.762    19.762
    23.75    61.75    2048   3.543   3.125  13.071      0.000000     19.738    19.738
    23.75    61.75    2049   3.586   3.154  13.070      0.000000     19.811    19.811
    23.75    61.75    2050   3.423   3.196  13.070      0.000000     19.689    19.689
    23.75    61.75    2051   3.440   3.176  13.065      0.000000     19.681    19.681
    23.75    61.75    2052   3.367   3.199  13.065      0.000000     19.631    19.631
    23.75    61.75    2053   3.423   3.166  13.058      0.000000     19.648    19.648
    23.75    61.75    2054   3.365   3.135  13.046      0.000000     19.546    19.546
    23.75    61.75    2055   3.393   3.136  13.043      0.000000     19.572    19.572
    23.75    61.75    2056   3.436   3.079  13.028      0.000000     19.542    19.542
    23.75    61.75    2057   3.440   3.129  13.035      0.000000     19.604    19.604
    23.75    61.75    2058   3.424   3.098  13.025      0.000000     19.547    19.547
    23.75    61.75    2059   3.517   3.018  13.000      0.000000     19.534    19.534
    23.75    61.75    2060   3.497   3.007  12.991      0.000000     19.495    19.495
    23.75    61.75    2061   3.447   3.021  12.985      0.000000     19.453    19.453
    23.75    61.75    2062   3.473   3.008  12.980      0.000000     19.462    19.462
    23.75    61.75    2063   3.428   3.007  12.971      0.000000     19.407    19.407
    23.75    61.75    2064   3.385   3.026  12.968      0.000000     19.379    19.379
    23.75    61.75    2065   3.361   2.998  12.953      0.000000     19.311    19.311
    23.75    61.75    2066   3.329   3.019  12.948      0.000000     19.296    19.296
    23.75    61.75    2067   3.309   3.029  12.946      0.000000     19.284    19.284
    23.75    61.75    2068   3.286   3.040  12.949      0.000000     19.275    19.275
    23.75    61.75    2069   3.310   3.030  12.948      0.000000     19.288    19.288
    23.75    61.75    2070   3.269   3.010  12.936      0.000000     19.215    19.215
    23.75    61.75    2071   3.326   3.008  12.935      0.000000     19.270    19.270
    23.75    61.75    2072   3.227   3.039  12.934      0.000000     19.200    19.200
    23.75    61.75    2073   3.138   3.062  12.934      0.000000     19.134    19.134
    23.75    61.75    2074   3.117   3.079  12.938      0.000000     19.134    19.134
    23.75    61.75    2075   3.044   3.093  12.939      0.000000     19.077    19.077
    23.75    61.75    2076   3.104   3.051  12.933      0.000000     19.088    19.088
    23.75    61.75    2077   3.146   3.018  12.923      0.000000     19.087    19.087
    23.75    61.75    2078   3.055   3.046  12.927      0.000000     19.029    19.029
    23.75    61.75    2079   3.148   3.047  12.937      0.000000     19.132    19.132
    23.75    61.75    2080   3.140   3.024  12.935      0.000000     19.100    19.100
    23.75    61.75    2081   3.203   2.996  12.931      0.000000     19.130    19.130
    23.75    61.75    2082   3.191   3.017  12.937      0.000000     19.144    19.144
    23.75    61.75    2083   3.196   2.988  12.937      0.000000     19.121    19.121
    23.75    61.75    2084   3.089   3.038  12.945      0.000000     19.073    19.073
    23.75    61.75    2085   3.205   2.980  12.941      0.000000     19.127    19.127
    23.75    61.75    2086   3.236   2.992  12.944      0.000000     19.172    19.172
    23.75    61.75    2087   3.219   2.972  12.937      0.000000     19.128    19.128
    23.75    61.75    2088   3.207   2.989  12.939      0.000000     19.136    19.136
    23.75    61.75    2089   3.224   2.952  12.936      0.000000     19.112    19.112
    23.75    61.75    2090   3.320   2.884  12.921      0.000000     19.125    19.125
    23.75    61.75    2091   3.320   2.893  12.918      0.000000     19.131    19.131
    23.75    61.75    2092   3.350   2.894  12.918      0.000000     19.163    19.163
    23.75    61.75    2093   3.233   2.910  12.916      0.000000     19.059    19.059
    23.75    61.75    2094   3.275   2.884  12.911      0.000000     19.069    19.069
    23.75    61.75    2095   3.232   2.881  12.905      0.000000     19.019    19.019
    23.75    61.75    2096   3.142   2.911  12.906      0.000000     18.959    18.959
    23.75    61.75    2097   3.032   2.922  12.898      0.000000     18.851    18.851
    23.75    61.75    2098   2.986   2.896  12.886      0.000000     18.768    18.768
    23.75    61.75    2099   3.017   2.894  12.883      0.000000     18.795    18.795
    23.75    61.75    2100   3.025   2.844  12.871      0.000000     18.740    18.740
    23.75    61.75    2101   3.054   2.855  12.870      0.000000     18.779    18.779
    23.75    61.75    2102   3.047   2.867  12.868      0.000000     18.782    18.782
    23.75    61.75    2103   3.066   2.859  12.867      0.000000     18.792    18.792
    23.75    61.75    2104   3.020   2.884  12.871      0.000000     18.776    18.776
    23.75    61.75    2105   3.099   2.852  12.868      0.000000     18.820    18.820
    23.75    61.75    2106   3.108   2.843  12.863      0.000000     18.814    18.814
    23.75    61.75    2107   3.191   2.789  12.851      0.000000     18.830    18.830
    23.75    61.75    2108   2.992   2.842  12.856      0.000000     18.689    18.689
    23.75    61.75    2109   3.037   2.855  12.861      0.000000     18.754    18.754
    23.75    61.75    2110   3.115   2.820  12.857      0.000000     18.792    18.792
    23.75    61.75    2111   3.067   2.826  12.852      0.000000     18.745    18.745
    23.75    61.75    2112   3.051   2.850  12.857      0.000000     18.759    18.759
    23.75    61.75    2113   2.997   2.843  12.858      0.000000     18.698    18.698
    23.75    61.75    2114   3.081   2.832  12.861      0.000000     18.774    18.774
    23.75    61.75    2115   3.085   2.830  12.860      0.000000     18.775    18.775
    23.75    61.75    2116   3.041   2.863  12.862      0.000000     18.767    18.767
    23.75    61.75    2117   3.044   2.841  12.856      0.000000     18.741    18.741
    23.75    61.75    2118   3.058   2.863  12.859      0.000000     18.780    18.780
    23.75    61.75    2119   3.059   2.832  12.857      0.000000     18.748    18.748
    23.75    61.75    2120   3.106   2.787  12.843      0.000000     18.736    18.736
    23.75    61.75    2121   3.140   2.792  12.843      0.000000     18.775    18.775
    23.75    61.75    2122   3.121   2.801  12.843      0.000000     18.765    18.765
    23.75    61.75    2123   3.074   2.792  12.839      0.000000     18.705    18.705
    23.75    61.75    2124   3.066   2.781  12.833      0.000000     18.679    18.679
    23.75    61.75    2125   3.093   2.764  12.827      0.000000     18.683    18.683
    23.75    61.75    2126   3.069   2.790  12.829      0.000000     18.688    18.688
    23.75    61.75    2127   3.078   2.767  12.823      0.000000     18.667    18.667
    23.75    61.75    2128   2.979   2.767  12.813      0.000000     18.559    18.559
    23.75    61.75    2129   3.062   2.753  12.812      0.000000     18.626    18.626
    23.75    61.75    2130   3.070   2.707  12.800      0.000000     18.577    18.577
    21.75    39.75    1980   0.291   0.126   1.096      0.000000      1.513     1.513
    21.75    39.75    1981   0.136   0.250   1.100      0.000000      1.486     1.486
    21.75    39.75    1982   0.154   0.225   1.109      0.000000      1.488     1.488
    21.75    39.75    1983   0.195   0.223   1.114      0.000000      1.531     1.531
    21.75    39.75    1984   0.186   0.230   1.120      0.000000      1.536     1.536
    21.75    39.75    1985   0.178   0.212   1.131      0.000000      1.520     1.520
    21.75    39.75    1986   0.227   0.199   1.140      0.000000      1.566     1.566
    21.75    39.75    1987   0.228   0.219   1.147      0.000000      1.594     1.594
    21.75    39.75    1988   0.227   0.211   1.159      0.000000      1.597     1.597
    21.75    39.75    1989   0.212   0.204   1.169      0.000000      1.585     1.585
    21.75    39.75    1990   0.214   0.187   1.179      0.000000      1.580     1.580
    21.75    39.75    1991   0.203   0.179   1.184      0.000000      1.565     1.565
    21.75    39.75    1992   0.225   0.170   1.189      0.000000      1.584     1.584
    21.75    39.75    1993   0.227   0.171   1.193      0.000000      1.592     1.592
    21.75    39.75    1994   0.257   0.158   1.197      0.000000      1.612     1.612
    21.75    39.75    1995   0.262   0.167   1.200      0.000000      1.629     1.629
    21.75    39.75    1996   0.273   0.155   1.205      0.000000      1.633     1.633
    21.75    39.75    1997   0.283   0.156   1.209      0.000000      1.648     1.648
    21.75    39.75    1998   0.283   0.154   1.215      0.000000      1.651     1.651
    21.75    39.75    1999   0.257   0.149   1.218      0.000000      1.624     1.624
    21.75    39.75    2000   0.280   0.139   1.221      0.000000      1.639     1.639
    21.75    39.75    2001   0.280   0.148   1.228      0.000000      1.656     1.656
    21.75    39.75    2002   0.261   0.149   1.238      0.000000      1.649     1.649
    21.75    39.75    2003   0.300   0.140   1.249      0.000000      1.689     1.689
    21.75    39.75    2004   0.291   0.150   1.256      0.000000      1.696     1.696
    21.75    39.75    2005   0.303   0.150   1.267      0.000000      1.720     1.720
    21.75    39.75    2006   0.310   0.154   1.278      0.000000      1.742     1.742
    21.75    39.75    2007   0.310   0.152   1.290      0.000000      1.751     1.751
    21.75    39.75    2008   0.329   0.149   1.302      0.000000      1.779     1.779
    21.75    39.75    2009   0.362   0.160   1.314      0.000000      1.836     1.836
    21.75    39.75    2010   0.263   0.210   1.326      0.000000      1.800     1.800
    21.75    39.75    2011   0.255   0.177   1.326      0.000000      1.758     1.758
    21.75    39.75    2012   0.282   0.167   1.323      0.000000      1.773     1.773
    21.75    39.75    2013   0.307   0.172   1.321      0.000000      1.800     1.800
    21.75    39.75    2014   0.324   0.176   1.322      0.000000      1.822     1.822
    21.75    39.75    2015   0.296   0.177   1.325      0.000000      1.798     1.798
    21.75    39.75    2016   0.337   0.152   1.330      0.000000      1.819     1.819
    21.75    39.75    2017   0.323   0.159   1.327      0.000000      1.809     1.809
    21.75    39.75    2018   0.341   0.146   1.328      0.000000      1.815     1.815
    21.75    39.75    2019   0.337   0.145   1.328      0.000000      1.810     1.810
    21.75    39.75    2020   0.322   0.139   1.326      0.000000      1.787     1.787
    21.75    39.75    2021   0.352   0.128   1.324      0.000000      1.804     1.804
    21.75    39.75    2022   0.334   0.137   1.319      0.000000      1.790     1.790
    21.75    39.75    2023   0.388   0.128   1.320      0.000000      1.835     1.835
    21.75    39.75    2024   0.367   0.148   1.318      0.000000      1.833     1.833
    21.75    39.75    2025   0.364   0.134   1.322      0.000000      1.820     1.820
    21.75    39.75    2026   0.396   0.128   1.322      0.000000      1.845     1.845
    21.75    39.75    2027   0.395   0.134   1.321      0.000000      1.850     1.850
    21.75    39.75    2028   0.369   0.140   1.321      0.000000      1.830     1.830
    21.75    39.75    2029   0.346   0.131   1.322      0.000000      1.800     1.800
    21.75    39.75    2030   0.403   0.126   1.322      0.000000      1.851     1.851
    21.75    39.75    2031   0.389   0.156   1.321      0.000000      1.866     1.866
    21.75    39.75    2032   0.437   0.138   1.328      0.000000      1.903     1.903
    21.75    39.75    2033   0.406   0.148   1.329      0.000000      1.883     1.883
    21.75    39.75    2034   0.466   0.124   1.332      0.000000      1.922     1.922
    21.75    39.75    2035   0.417   0.144   1.329      0.000000      1.890     1.890
    21.75    39.75    2036   0.434   0.120   1.332      0.000000      1.887     1.887
    21.75    39.75    2037   0.421   0.122   1.329      0.000000      1.873     1.873
    21.75    39.75    2038   0.409   0.118   1.326      0.000000      1.853     1.853
    21.75    39.75    2039   0.435   0.112   1.324      0.000000      1.870     1.870
    21.75    39.75    2040   0.429   0.117   1.320      0.000000      1.866     1.866
    21.75    39.75    2041   0.464   0.118   1.319      0.000000      1.900     1.900
    21.75    39.75    2042   0.461   0.123   1.317      0.000000      1.901     1.901
    21.75    39.75    2043   0.442   0.118   1.316      0.000000      1.875     1.875
    21.75    39.75    2044   0.450   0.109   1.314      0.000000      1.872     1.872
    21.75    39.75    2045   0.467   0.113   1.311      0.000000      1.890     1.890
    21.75    39.75    2046   0.470   0.130   1.309      0.000000      1.909     1.909
    21.75    39.75    2047   0.457   0.126   1.310      0.000000      1.894     1.894
    21.75    39.75    2048   0.447   0.121   1.310      0.000000      1.877     1.877
    21.75    39.75    2049   0.465   0.113   1.309      0.000000      1.887     1.887
    21.75    39.75    2050   0.466   0.118   1.306      0.000000      1.889     1.889
    21.75    39.75    2051   0.424   0.128   1.304      0.000000      1.857     1.857
    21.75    39.75    2052   0.476   0.111   1.306      0.000000      1.893     1.893
    21.75    39.75    2053   0.343   0.216   1.301      0.000000      1.861     1.861
    21.75    39.75    2054   0.374   0.189   1.305      0.000000      1.869     1.869
    21.75    39.75    2055   0.378   0.198   1.303      0.000000      1.878     1.878
    21.75    39.75    2056   0.410   0.189   1.306      0.000000      1.905     1.905
    21.75    39.75    2057   0.381   0.206   1.308      0.000000      1.895     1.895
    21.75    39.75    2058   0.389   0.175   1.314      0.000000      1.878     1.878
    21.75    39.75    2059   0.379   0.170   1.313      0.000000      1.862     1.862
    21.75    39.75    2060   0.345   0.188   1.312      0.000000      1.844     1.844
    21.75    39.75    2061   0.362   0.177   1.311      0.000000      1.849     1.849
    21.75    39.75    2062   0.393   0.179   1.310      0.000000      1.882     1.882
    21.75    39.75    2063   0.402   0.191   1.312      0.000000      1.905     1.905
    21.75    39.75    2064   0.402   0.185   1.316      0.000000      1.904     1.904
    21.75    39.75    2065   0.378   0.180   1.319      0.000000      1.877     1.877
    21.75    39.75    2066   0.397   0.170   1.321      0.000000      1.889     1.889
    21.75    39.75    2067   0.373   0.179   1.320      0.000000      1.873     1.873
    21.75    39.75    2068   0.402   0.158   1.324      0.000000      1.884     1.884
    21.75    39.75    2069   0.372   0.164   1.322      0.000000      1.858     1.858
    21.75    39.75    2070   0.382   0.141   1.323      0.000000      1.846     1.846
    21.75    39.75    2071   0.392   0.144   1.319      0.000000      1.855     1.855
    21.75    39.75    2072   0.419   0.141   1.318      0.000000      1.877     1.877
    21.75    39.75    2073   0.417   0.150   1.317      0.000000      1.884     1.884
    21.75    39.75    2074   0.420   0.146   1.319      0.000000      1.885     1.885
    21.75    39.75    2075   0.414   0.145   1.318      0.000000      1.878     1.878
    21.75    39.75    2076   0.443   0.138   1.318      0.000000      1.898     1.898
    21.75    39.75    2077   0.413   0.149   1.316      0.000000      1.879     1.879
    21.75    39.75    2078   0.447   0.141   1.321      0.000000      1.909     1.909
    21.75    39.75    2079   0.467   0.149   1.321      0.000000      1.936     1.936
    21.75    39.75    2080   0.457   0.153   1.322      0.000000      1.932     1.932
    21.75    39.75    2081   0.512   0.145   1.325      0.000000      1.982     1.982
    21.75    39.75    2082   0.341   0.249   1.325      0.000000      1.915     1.915
    21.75    39.75    2083   0.358   0.208   1.329      0.000000      1.895     1.895
    21.75    39.75    2084   0.353   0.208   1.326      0.000000      1.887     1.887
    21.75    39.75    2085   0.377   0.187   1.327      0.000000      1.891     1.891
    21.75    39.75    2086   0.355   0.191   1.325      0.000000      1.871     1.871
    21.75    39.75    2087   0.378   0.163   1.327      0.000000      1.868     1.868
    21.75    39.75    2088   0.387   0.169   1.323      0.000000      1.880     1.880
    21.75    39.75    2089   0.406   0.167   1.324      0.000000      1.897     1.897
    21.75    39.75    2090   0.367   0.171   1.324      0.000000      1.862     1.862
    21.75    39.75    2091   0.373   0.159   1.325      0.000000      1.857     1.857
    21.75    39.75    2092   0.382   0.153   1.323      0.000000      1.858     1.858
    21.75    39.75    2093   0.374   0.158   1.321      0.000000      1.852     1.852
    21.75    39.75    2094   0.395   0.151   1.322      0.000000      1.868     1.868
    21.75    39.75    2095   0.364   0.163   1.320      0.000000      1.847     1.847
    21.75    39.75    2096   0.372   0.145   1.322      0.000000      1.839     1.839
    21.75    39.75    2097   0.402   0.146   1.319      0.000000      1.866     1.866
    21.75    39.75    2098   0.407   0.159   1.318      0.000000      1.885     1.885
    21.75    39.75    2099   0.415   0.159   1.322      0.000000      1.896     1.896
    21.75    39.75    2100   0.429   0.156   1.326      0.000000      1.911     1.911
    21.75    39.75    2101   0.385   0.153   1.327      0.000000      1.866     1.866
    21.75    39.75    2102   0.418   0.129   1.328      0.000000      1.875     1.875
    21.75    39.75    2103   0.422   0.142   1.324      0.000000      1.888     1.888
    21.75    39.75    2104   0.439   0.139   1.325      0.000000      1.903     1.903
    21.75    39.75    2105   0.440   0.142   1.323      0.000000      1.905     1.905
    21.75    39.75    2106   0.459   0.139   1.323      0.000000      1.921     1.921
    21.75    39.75    2107   0.431   0.148   1.322      0.000000      1.901     1.901
    21.75    39.75    2108   0.481   0.136   1.326      0.000000      1.943     1.943
    21.75    39.75    2109   0.476   0.160   1.326      0.000000      1.962     1.962
    21.75    39.75    2110   0.456   0.164   1.329      0.000000      1.948     1.948
    21.75    39.75    2111   0.501   0.158   1.331      0.000000      1.990     1.990
    21.75    39.75    2112   0.309   0.279   1.331      0.000000      1.919     1.919
    21.75    39.75    2113   0.332   0.229   1.336      0.000000      1.897     1.897
    21.75    39.75    2114   0.319   0.232   1.332      0.000000      1.884     1.884
    21.75    39.75    2115   0.341   0.213   1.333      0.000000      1.886     1.886
    21.75    39.75    2116   0.319   0.215   1.332      0.000000      1.865     1.865
    21.75    39.75    2117   0.333   0.195   1.333      0.000000      1.862     1.862
    21.75    39.75    2118   0.329   0.203   1.331      0.000000      1.863     1.863
    21.75    39.75    2119   0.350   0.196   1.334      0.000000      1.879     1.879
    21.75    39.75    2120   0.318   0.201   1.334      0.000000      1.853     1.853
    21.75    39.75    2121   0.315   0.187   1.336      0.000000      1.838     1.838
    21.75    39.75    2122   0.334   0.174   1.335      0.000000      1.844     1.844
    21.75    39.75    2123   0.314   0.184   1.332      0.000000      1.830     1.830
    21.75    39.75    2124   0.336   0.170   1.334      0.000000      1.840     1.840
    21.75    39.75    2125   0.304   0.183   1.332      0.000000      1.818     1.818
    21.75    39.75    2126   0.307   0.163   1.334      0.000000      1.803     1.803
    21.75    39.75    2127   0.334   0.161   1.330      0.000000      1.825     1.825
    21.75    39.75    2128   0.340   0.175   1.328      0.000000      1.844     1.844
    21.75    39.75    2129   0.342   0.177   1.332      0.000000      1.851     1.851
    21.75    39.75    2130   0.355   0.174   1.336      0.000000      1.864     1.864
