      Lon      Lat    Year       Jan       Feb       Mar       Apr       May       Jun       Jul       Aug       Sep       Oct       Nov       Dec
     9.75    49.75    1980     0.000     0.000    23.667    13.331     9.438    21.522    15.532    19.364     7.772     3.847     3.602     3.615
     9.75    49.75    1981     9.331    16.258    22.264    15.984     6.845     1.573     2.786     5.461    11.761     8.786     8.409     5.746
     9.75    49.75    1982     5.191    16.756    27.417    41.329    12.995     3.986    15.422    14.596    12.887     5.841     3.224     3.938
     9.75    49.75    1983     0.599    16.604    17.745    10.307     5.641    11.301    14.262     6.791     2.474     1.088     5.457     5.792
     9.75    49.75    1984     9.408    14.044    23.240    29.066    18.411    22.855     5.660     3.440     2.316     1.112     3.528     3.019
     9.75    49.75    1985     0.000     0.000    27.396    17.251     9.999    16.030     8.597    10.769     7.555     5.046     5.528     2.691
     9.75    49.75    1986     0.000     0.000     0.000    19.682    14.830     3.660     6.418     2.133     7.608     9.521     4.870     7.594
     9.75    49.75    1987     0.480     0.000    21.531    19.971    22.184    26.139    16.027     7.513    11.193     5.007     3.920     4.541
     9.75    49.75    1988     8.872    12.606    22.284    10.130     4.862     4.139     6.496     1.640     1.641     0.331     1.056     3.063
     9.75    49.75    1989     2.361     0.000    21.398    37.650    35.344    14.380     9.642     5.735     7.292     3.779     4.825     5.782
     9.75    49.75    1990     7.940     3.656    14.523    38.877    21.716    10.362     9.007     5.113     1.986     1.438     2.255     4.998
     9.75    49.75    1991     5.327    16.563    25.603    16.558    11.106    21.134     7.770     3.088     1.209     1.583     2.231     6.679
     9.75    49.75    1992     9.742    12.883    27.625    33.213    11.472    14.047     9.128     6.366     2.600     0.946     2.810     1.895
     9.75    49.75    1993     0.000     0.000    10.889    26.373     6.777     7.724     4.647     4.530    13.166     9.704     8.314     1.648
     9.75    49.75    1994     0.063    17.395    31.719    22.651     8.134     4.690     2.061     4.338     3.588     1.123     4.586     7.291
     9.75    49.75    1995     1.698     0.000    10.135    35.969    20.762     5.929    13.158    22.700     4.178     2.898     6.598     7.211
     9.75    49.75    1996     2.465    18.486    24.282    22.689     5.360     6.443     8.247    12.990     6.817     5.549     5.272     4.685
     9.75    49.75    1997     1.201     0.000    21.850    22.493    19.882    27.899    11.644     6.079     5.841     3.436     4.584     3.064
     9.75    49.75    1998     9.081    13.371    26.289    12.395     4.655    11.596     3.131     1.790     9.713     4.229     3.149     4.199
     9.75    49.75    1999     6.799    16.517    22.998    17.304     2.850    16.765     1.777     1.022     0.731     0.778     3.964     5.339
     9.75    49.75    2000     8.575    17.379    18.758    10.706     4.127    12.375    12.848     5.991     6.626     3.433     8.831     2.332
     9.75    49.75    2001     0.000     0.000     0.000    27.934    11.056    10.137     7.011    11.581     2.495     1.394     3.768     7.079
     9.75    49.75    2002     9.485    11.048    24.775    16.569    17.882     1.772     0.530     3.235     8.422     4.305     2.421     2.337
     9.75    49.75    2003     1.677     0.000    23.460    16.109    11.482     9.812    16.824    16.768     6.852     2.728     5.216     8.548
     9.75    49.75    2004     9.516    14.111    25.559    13.087    15.617    11.665     2.709     5.942     8.103     5.507     6.042     7.542
     9.75    49.75    2005     2.405     4.904    28.005    11.814    12.138     8.070     5.781     4.918     3.709     1.597     8.944     8.245
     9.75    49.75    2006     2.728    12.043    30.414    19.986     5.894    15.753    25.774    26.394    12.177     5.906    10.899     7.576
     9.75    49.75    2007     0.938     0.000    29.328    16.055     4.489     7.152     8.627     3.158     0.956     1.033     3.968     6.945
     9.75    49.75    2008     9.809    19.374    21.281     3.638     1.254     4.502     5.914     5.115     3.448     5.095     9.364     6.201
     9.75    49.75    2009     1.959     0.000     0.000    29.286    12.627    15.882    13.023    24.751    11.137     5.852     7.544     6.153
     9.75    49.75    2010     9.454    16.979    12.705     3.791     3.635     7.699     7.913     4.051     9.792     8.145     7.770     7.739
     9.75    49.75    2011    11.088    13.347    17.073     5.748     4.976     9.943     4.014     2.252     1.340     3.181     6.835     7.316
     9.75    49.75    2012     9.091    16.779    22.312     6.030     3.403     4.731     2.608     4.716     5.297     4.994     6.463     2.062
     9.75    49.75    2013     0.000     2.468    30.245    28.872     5.135     5.478     9.688     5.652     5.462     3.950     4.951     5.964
     9.75    49.75    2014     0.000     8.726    25.398    14.071     8.321     3.344     5.991    12.616    10.647     3.044     2.428     5.376
     9.75    49.75    2015     9.406    13.707    23.247    14.900     7.309     1.665     1.492     2.546     1.463     0.799     1.537     1.511
     9.75    49.75    2016     0.000     0.000    19.022     9.388     0.642     2.777     7.747     7.011     3.078     1.617     7.270     7.489
     9.75    49.75    2017    10.633    17.934    18.813     4.753     1.149    26.766    26.602    10.679     3.217     3.769     9.925     7.335
     9.75    49.75    2018     3.718    10.629    24.941    12.141     5.195     2.087     5.546     3.668     1.302     1.977     3.330     4.321
     9.75    49.75    2019     0.514    13.814    14.720    13.609    13.185    14.599    11.120     9.493     4.333     1.039     3.625     2.407
     9.75    49.75    2020     6.687    15.527    26.648    24.252    16.817    18.769     7.063     1.789     2.850     3.911     4.862     6.820
     9.75    49.75    2021     9.761    22.212    24.201    17.685     4.019     6.661     2.276     7.507    11.280     5.668     7.628     4.113
     9.75    49.75    2022     7.679    15.336    22.267     9.230    10.337    15.759     9.288     4.878     3.145     7.095     7.566     4.403
     9.75    49.75    2023     6.443    17.705    20.190     7.117    11.892    13.494    12.292     8.494     3.211     7.764    11.405     7.405
     9.75    49.75    2024     2.565    16.098    26.977     6.930     3.634     2.077     2.644     0.716     0.497     2.721     9.167     8.158
     9.75    49.75    2025     1.241    14.510    21.774    17.740    12.374     3.261     5.742     2.964     1.179     1.253     3.194     2.333
     9.75    49.75    2026     3.002    12.950    30.355    16.581    10.930    24.124    11.666     9.909    12.916     7.357     2.838     5.338
     9.75    49.75    2027     8.007     2.750    29.650    26.002     9.450    26.321    11.407     2.274     0.303     0.496     2.673     6.573
     9.75    49.75    2028     8.189    16.611    15.327    28.440    22.066    10.428     9.942     7.542    11.908     7.870    13.163     6.413
     9.75    49.75    2029     9.590    16.712    27.647    30.978     7.761     8.269    10.129     6.837     3.737     3.481     1.848     1.623
     9.75    49.75    2030     4.865    10.259    15.890    15.968     7.253     1.963     3.296     1.917     2.072     2.829     4.555     2.615
     9.75    49.75    2031     0.000    15.118    21.919    28.242    12.722     9.829     7.577    18.583    14.126     5.938     2.513     3.271
     9.75    49.75    2032     0.000     0.000    20.664    24.295     5.782     3.817     2.526     9.062     5.217     0.625     2.075     5.906
     9.75    49.75    2033     8.775    16.257    16.716     8.384    18.031     7.229     3.530     2.399     1.487     2.496     6.583     4.093
     9.75    49.75    2034     0.730    15.948    22.442     6.265     1.242     5.049    13.744     5.868     2.442     2.855     5.734     4.456
     9.75    49.75    2035     7.959    15.332    29.105    18.866     7.046     1.202     3.460     3.125     1.086     1.888     4.034     6.572
     9.75    49.75    2036     8.724    15.174    26.671    12.424     8.857    13.482    10.736     7.929     4.727     3.459     6.103     1.870
     9.75    49.75    2037     7.111    16.900    13.274     3.577     3.528     3.379     5.897    11.382     2.930     0.270     2.449     5.640
     9.75    49.75    2038     7.157    16.454    31.921    25.785     5.902     1.254     8.651    26.532     9.245     2.416     5.204     8.503
     9.75    49.75    2039     3.874     0.000    29.742    24.517    15.644     8.984     2.465     2.980     3.373     4.226     4.041     7.273
     9.75    49.75    2040     8.730    14.312    27.560    28.759    14.793    20.203     9.507     6.399     1.295     1.971     2.854     1.573
     9.75    49.75    2041     0.525     0.152    19.840    29.700    19.242    36.830    16.081     9.783    13.551     8.316     3.093     5.147
     9.75    49.75    2042     0.000    15.602    22.154     8.158     3.454     3.395     4.933     9.796    12.295     9.515     9.116     5.534
     9.75    49.75    2043     0.000     2.589    29.491    11.709     9.730     2.863     2.080     3.291     3.164     1.104     4.392     3.547
     9.75    49.75    2044     9.704    14.323    25.015    20.435     7.666    11.287    21.132    12.931     4.251     2.285     6.924     7.778
     9.75    49.75    2045    10.445    15.473    31.836    21.825    20.627     8.376     4.766     6.939     3.139     1.225     3.493     3.396
     9.75    49.75    2046     0.000    14.400    28.451    18.321    17.366    16.349    30.974    11.366     1.830     0.833     3.875     4.614
     9.75    49.75    2047     7.594    17.231    21.739    12.712     8.041     4.609     6.209     4.387     1.129     0.405     2.266     4.764
     9.75    49.75    2048     7.739    17.852    29.646    15.454     3.262     1.776     9.999     6.908     1.688     1.284     0.828     2.615
     9.75    49.75    2049     0.942     7.384    28.030    14.224     7.806     5.402     8.010    26.422    14.425     6.018     8.878     2.030
     9.75    49.75    2050     8.617    19.131    19.542    21.989    18.948     6.444     1.439     1.077     5.412    13.433    13.041     7.286
     9.75    49.75    2051     2.152    17.417    22.808     7.799     6.839    10.006     4.123     5.635    10.192     9.703    11.720     7.988
     9.75    49.75    2052     0.922     7.529    31.893    16.186     9.090     3.269     2.252     5.115     3.746    10.061     9.345     9.187
     9.75    49.75    2053    11.392    15.662    26.677    22.481     6.686    15.556    19.111     1.025     0.637     1.290     4.274     3.489
     9.75    49.75    2054     2.025     9.344    23.920    20.145     5.575     6.594     7.540    13.188     6.173     3.857     5.883     7.134
     9.75    49.75    2055     1.632     7.569    26.717    10.882     2.285     1.141     2.536     1.243     0.618     1.192     6.899     6.075
     9.75    49.75    2056     9.274    17.438    17.831    10.417     6.657     8.950    14.044     2.459     1.089     1.170     5.643     5.905
     9.75    49.75    2057     8.427    11.082    16.895    18.321    15.564     5.030     7.411    21.262    13.479     5.703     6.614     6.741
     9.75    49.75    2058     2.541    15.484    13.266     9.869    16.050     7.237     2.194     4.449     1.902     0.394     3.351     6.765
     9.75    49.75    2059    12.744    13.398    11.002     9.540     9.080    13.919     6.583     0.647     0.295     0.372     2.895     7.225
     9.75    49.75    2060    10.335    14.657    12.424     5.806    10.530    26.158    24.857     8.814     5.973     3.933     9.633     7.432
     9.75    49.75    2061     8.918    13.568    28.894    15.497     3.411     2.873     5.611     5.478     1.396     0.981     3.635     5.096
     9.75    49.75    2062     0.823    15.278    26.301    19.455    10.683     1.549     3.288     5.330     3.282     1.075     0.935     1.461
     9.75    49.75    2063     6.090    10.717    13.791     4.927     5.624     8.649     1.020     1.681     6.485     6.650     9.376     7.813
     9.75    49.75    2064    10.333     0.000    25.046    13.377    11.941     8.808     4.774     4.196     5.163     5.903     8.771     7.618
     9.75    49.75    2065     8.754    16.888    20.278     6.915     6.898     4.509     6.171     3.872     4.143     2.192     2.189     3.411
     9.75    49.75    2066     0.889    16.614    17.006    15.641     8.897    14.206     3.544     0.764     0.264     0.382     1.761     5.184
     9.75    49.75    2067     1.582    19.056    27.996    11.027     1.136     1.778     4.054     2.154     1.551     0.643     1.802     0.682
     9.75    49.75    2068     0.000    16.427    24.251    24.066    17.297     5.546    23.149    32.698    11.659     4.249     7.385     9.194
     9.75    49.75    2069     9.213    15.463    20.662     3.471     2.071     2.045     8.761     7.979     2.858     0.744     1.078     3.153
     9.75    49.75    2070     4.251    19.993    25.917    19.188    10.700     3.681     3.157     2.071     1.865     2.436     5.058     2.043
     9.75    49.75    2071     0.000    14.733    31.477    21.727     7.627    11.170     6.951     3.379     1.433     2.967     5.379     5.392
     9.75    49.75    2072     9.283    19.668    18.365     7.454    18.618    18.462     2.612     3.977     3.237     4.258     8.179     2.829
     9.75    49.75    2073     0.000     0.000     3.851    36.332     4.738     5.283    12.039     6.135     3.061     1.629     1.558     3.993
     9.75    49.75    2074     2.917    18.037    25.848    23.719     7.872     2.648     1.106     2.591     1.319     5.829     6.743     6.875
     9.75    49.75    2075    10.412     6.550    30.621    11.475     8.530    17.421    14.081     6.883     1.583     1.422     8.770     4.579
     9.75    49.75    2076     6.651    17.631    23.516    16.610     5.478     2.301     2.801     2.667     3.255     0.928     1.977     3.668
     9.75    49.75    2077     6.056    14.429    14.337    16.123    12.528     2.415     7.322     7.475     2.423     3.879     8.811     7.930
     9.75    49.75    2078     3.265     0.000     9.908    38.655     8.173     1.838    14.692     5.556     3.531     1.891     1.947     2.356
     9.75    49.75    2079     0.000    16.751    25.990    23.788    13.583     5.711     6.916     1.709     0.886     0.293     3.781     6.393
     9.75    49.75    2080     9.123    15.679    23.073     7.392     4.710     6.658    13.960    13.933    12.107     6.432     6.804     3.414
     9.75    49.75    2081     3.524    16.578    24.869    18.405    13.168    19.137     7.945     7.518     4.282     1.183     1.544     1.618
     9.75    49.75    2082     5.892    16.028    32.855    29.029    13.022    13.147     4.043     0.537     0.259     0.170     1.467     5.532
     9.75    49.75    2083     9.550    11.409    25.970    31.092    20.044     3.356     0.532     2.176     1.181     1.889     4.116     5.447
     9.75    49.75    2084     2.927     0.142    26.862    11.390     6.141     8.842     7.231     4.398     4.401     4.556     7.455     7.366
     9.75    49.75    2085     4.185    16.823    21.947    24.962     4.651     3.769     1.747     0.377     0.545     1.024     4.096     7.594
     9.75    49.75    2086     1.479     8.368    19.617     3.391     1.868     6.551    10.988     6.889     4.615     3.279     5.839     1.617
     9.75    49.75    2087     0.000    12.840    25.924    18.694    11.604     5.299     2.170     2.001     0.898     0.923     2.692     0.774
     9.75    49.75    2088     0.000     0.000    27.036     6.414     5.820     8.612     6.396    17.114     8.652     6.277    13.625     5.722
     9.75    49.75    2089     0.000     0.116    33.626    21.593    17.468     7.423     5.870     4.018     1.132     0.500     0.808     3.642
     9.75    49.75    2090     9.235    15.297    26.276    21.951     6.122     4.546     2.057     0.882     2.298     3.690     4.375     5.380
     9.75    49.75    2091     1.242     0.000    18.285     8.373     0.774     1.133     0.870     3.582     0.894     2.226     6.535     3.023
     9.75    49.75    2092     6.423    14.978    25.424    16.277     8.448     2.751     2.663    27.364    17.499     7.047     5.274     7.462
     9.75    49.75    2093     4.641     0.000    29.480    26.830     4.593     1.317     1.161     1.893     1.347     3.029     7.820     9.061
     9.75    49.75    2094     2.284    16.505    16.040    11.760    15.140    10.571     3.457     5.921     1.350     1.596     5.495     3.661
     9.75    49.75    2095     8.625    16.883    25.468    21.627    17.566     4.850     1.267     3.180     3.493     2.133     3.415     7.504
     9.75    49.75    2096    10.478    15.396    21.293    14.664    12.467    11.141     3.795     5.907     2.799     0.454     3.111     7.061
     9.75    49.75    2097     9.767    16.531    24.757    16.287    19.120    10.699     2.149     2.207     2.119     3.763     6.990     8.549
     9.75    49.75    2098     3.857     7.611    26.074    16.717    18.831    17.524    11.069     9.373     8.387     1.637     4.232     5.804
     9.75    49.75    2099     8.523    16.881    13.915     5.089    13.755    18.675     3.843     5.273     5.113     3.315     5.286     1.983
     9.75    49.75    2100     0.000    11.538    28.142    19.564     7.700     9.070    12.784     2.493     2.650     1.797     1.950     3.288
     9.75    49.75    2101     3.904    18.855    27.642    18.944     6.905    15.039     7.661     3.971     3.602     4.565     3.952     4.454
     9.75    49.75    2102     9.423    17.314    16.477     8.418    20.554    13.779     3.248    11.157     5.977     5.910     7.224     2.743
     9.75    49.75    2103     0.000     0.000     0.375    34.929    11.255     6.770    10.698    10.343     6.979     3.448     2.150     2.955
     9.75    49.75    2104     0.638    18.527    24.697    22.542     9.072     3.979     3.126     6.491     2.362     2.934     7.277     8.267
     9.75    49.75    2105     4.355     1.510    32.783    13.142    11.584    13.544    13.961     9.517     2.348     2.552     7.690     3.372
     9.75    49.75    2106     0.704    19.352    26.130    19.028     7.140     2.384     1.644     2.377     1.388     0.961     1.742     1.955
     9.75    49.75    2107     6.597    12.757    14.055    11.629    10.916     2.609     6.544     5.825     2.381     3.661     6.262     8.425
     9.75    49.75    2108     2.215     0.000     2.125    41.273     5.940     1.144     7.213    10.443     4.122     1.758     1.418     1.743
     9.75    49.75    2109     0.000    10.175    31.596    22.398    10.680     8.674     3.448     1.713     0.477     0.471     3.923     5.550
     9.75    49.75    2110     9.363    16.803    27.095     8.637     5.788     8.061    11.688    17.351     9.042     4.853     6.831     2.660
     9.75    49.75    2111     3.669    15.596    25.599    20.048     9.067    20.623    11.146     5.169     5.026     1.185     1.274     0.659
     9.75    49.75    2112     0.000    17.399    31.129    30.143    17.596     8.132     4.961     1.220     0.469     0.639     1.304     4.910
     9.75    49.75    2113     9.208    12.400    22.008    39.435    16.055     3.635     1.631     3.001     2.519     1.998     4.317     6.745
     9.75    49.75    2114     2.799     0.000    30.238    11.082     5.410    12.397     2.948     7.505     3.150     4.564     8.184     7.250
     9.75    49.75    2115     3.013    16.565    24.059    19.813     7.203     6.077     2.014     1.278     1.442     1.221     4.520     7.345
     9.75    49.75    2116     0.848     9.116    18.606     3.299     1.769     6.765     7.702     7.945     4.651     1.821     5.677     0.906
     9.75    49.75    2117     0.000    12.939    25.096    16.581    12.586     3.389     1.680     1.975     0.875     0.728     2.071     1.294
     9.75    49.75    2118     0.000     0.000    25.162     4.095     6.933     3.519     5.611    16.144     7.450     5.789    10.984     6.795
     9.75    49.75    2119     0.000     2.327    32.456    17.348    16.114     7.534     4.362     4.146     0.956     0.468     1.249     1.962
     9.75    49.75    2120     0.000    19.411    30.806    21.459     7.233     3.390     1.971     1.306     1.537     3.610     3.142     4.922
     9.75    49.75    2121     0.590     0.000    18.198     5.635     0.554     0.598     0.601     1.784     1.002     1.466     4.354     4.668
     9.75    49.75    2122     5.608    16.466    27.801    13.512     8.703     3.085     1.418    15.449    14.318     4.595     5.537     6.221
     9.75    49.75    2123     5.477     0.000    31.123    25.637     6.124     1.544     0.879     3.664     0.857     3.219     5.780     8.978
     9.75    49.75    2124     2.153    17.453    20.223    13.934    11.304    11.790     3.698     3.518     1.546     2.355     4.586     3.092
     9.75    49.75    2125     7.444    17.826    24.468    27.089    12.957     5.717     1.744     3.805     2.987     1.841     3.058     7.674
     9.75    49.75    2126    10.463    16.000    22.044    15.201     7.085    13.250     2.119     8.477     1.623     0.505     2.005     6.247
     9.75    49.75    2127    10.019    18.219    23.665    11.508    21.439     8.149     2.180     2.743     2.279     2.410     7.074     9.254
     9.75    49.75    2128     1.987     9.871    23.644    17.910    18.316    13.969     9.152    10.717     3.609     1.570     4.009     5.762
     9.75    49.75    2129     8.388    17.330    12.833     5.392    13.941    14.029     1.444     4.390     4.011     1.398     3.412     2.074
     9.75    49.75    2130     0.000    13.117    31.096    20.876     6.977     2.923     7.184     3.052     1.118     1.602     0.877     3.824
    13.75    55.75    1980     1.947     0.000    27.413    29.877     6.527     1.940     1.230     0.558     7.158     9.754     2.954     2.761
    13.75    55.75    1981     4.985    14.329    23.935    20.134     6.210     2.594     2.176     0.484     1.042     2.908     4.110     3.160
    13.75    55.75    1982     0.756     9.305    22.392    26.823    14.821     7.608     0.790     0.913     1.850     6.304     2.498     1.058
    13.75    55.75    1983     0.000     6.649    28.457    21.119     6.530     5.733     2.589     0.523     0.484     1.729     2.996     2.948
    13.75    55.75    1984     4.738    10.743    23.515    27.890    24.799     8.182    15.922    21.802     8.168     4.700     3.180     0.991
    13.75    55.75    1985     0.000     0.000     0.000    27.223    30.221    14.952    19.705    23.958    10.541     7.286     4.268     1.039
    13.75    55.75    1986     0.000     0.000     0.000     5.831    30.988     4.974     1.384    10.446    14.484     8.337     4.017     2.867
    13.75    55.75    1987     0.625     0.000     0.000    25.750    11.492    14.182    11.074     1.183    14.751     8.635     3.096     2.611
    13.75    55.75    1988     4.619    11.083    25.266    17.563     6.760     1.672     1.103     1.515     2.167     2.264     1.797     2.589
    13.75    55.75    1989     0.589     0.000     8.130    34.893    18.872     2.618     4.401     2.843     2.197     5.466     3.263     1.444
    13.75    55.75    1990     3.399     3.727     3.298    41.425    19.010    26.802     5.216     8.205    11.729     4.844     2.359     1.552
    13.75    55.75    1991     0.000     0.000    31.725    23.181     9.199     0.681     3.899    22.963    14.854     9.096     1.597     1.549
    13.75    55.75    1992     4.369     1.112    21.435    30.106    23.630    17.407     6.204     0.581     1.020     1.128     3.563     1.356
    13.75    55.75    1993     0.000     0.000     4.021    30.432    11.231     4.776    27.103    16.490     6.999     4.841     4.221     0.000
    13.75    55.75    1994     0.000     0.000    19.030    24.536     8.727    12.972    15.639    21.737     9.619     8.616     3.019     2.565
    13.75    55.75    1995     1.357     0.000    14.914    28.336    14.651    10.127     2.971     0.845     1.309     3.595     3.074     2.930
    13.75    55.75    1996     4.222    11.807    25.814    30.911    12.897     2.433     1.258     4.811     4.444     7.026     3.557     2.643
    13.75    55.75    1997     1.524     0.000     0.000    38.486    10.161     5.127    12.459     6.853    12.743     6.279     2.878     1.976
    13.75    55.75    1998     5.166    10.827    20.100    17.050     5.951    14.154     4.332     0.896     4.456     2.857     1.912     2.460
    13.75    55.75    1999     1.638     5.201    25.359    28.603    12.759     2.665     1.430     2.095    10.181    10.768     5.060     3.270
    13.75    55.75    2000     4.582    10.840    24.035    15.441     1.914     1.792     0.957     0.494     6.063     5.515     4.656     2.914
    13.75    55.75    2001     1.376     0.000     0.000    25.503    21.239    15.476    20.283    29.770    19.186     8.300     5.354     2.798
    13.75    55.75    2002     0.955     0.000    28.244    29.476    28.242     1.031     1.167     5.776    16.073     8.588     3.394     2.292
    13.75    55.75    2003     1.781     0.000     3.678    36.354    19.465     3.255    12.081    11.535     8.825    10.623     3.726     2.814
    13.75    55.75    2004     4.224     9.397    22.163    28.106    15.041    14.821    40.915    11.320     3.760     1.841     3.109     2.680
    13.75    55.75    2005     5.153     4.412    28.712    15.960     6.235    19.976     2.076     0.730     1.517     4.397     3.597     1.623
    13.75    55.75    2006     0.000     5.982    24.939    22.003     4.935     0.477     0.328     0.464     2.950     6.018     5.060     2.872
    13.75    55.75    2007     1.094     0.000    13.374    28.147    15.615    31.674    19.350     5.972    13.273    10.988     3.065     2.698
    13.75    55.75    2008     4.765    13.987    25.429     7.526     1.376     0.262     0.132     6.091     4.209     7.718     5.286     2.978
    13.75    55.75    2009     2.908     0.000     0.000    35.131     7.659     2.217     2.035    21.494    11.200    11.532     4.189     2.695
    13.75    55.75    2010     4.852    13.663    19.197     7.243     3.258     2.465    10.754     9.012    10.513     9.435     6.581     2.798
    13.75    55.75    2011     4.648    12.624    27.143    14.761     6.152    17.471    42.920    14.293     2.061     1.138     3.443     2.935
    13.75    55.75    2012     2.205    10.949    26.823    19.509     4.040     0.917     0.116     0.197     0.358     2.145     3.854     2.761
    13.75    55.75    2013     0.305     0.000     7.053    28.977     4.311     0.386     0.097    14.414    20.924    10.056     3.766     2.841
    13.75    55.75    2014     1.270     0.000     5.505    38.570    10.068     7.117     7.061     5.815    12.563     5.009     2.644     3.174
    13.75    55.75    2015     4.729     6.484     4.690    32.929     7.214     0.189     9.277    15.813    12.171     8.535     3.116     2.380
    13.75    55.75    2016     4.523     1.461    26.101    15.060     6.024     9.267     0.108     2.075     1.138     0.866     3.540     2.302
    13.75    55.75    2017     4.139    10.449    23.326    12.110    10.690     0.421    31.743    12.806     0.049     1.570     4.039     1.167
    13.75    55.75    2018     0.000     0.000     0.000    25.629    20.178     9.760    11.962     7.952     6.912     2.806     3.601     2.562
    13.75    55.75    2019     4.430    10.824    20.215    13.422     9.549     0.978     0.029     0.192     3.279     5.749     4.226     1.224
    13.75    55.75    2020     3.608     9.637    24.536    29.023    11.811     4.606    10.374    15.867    14.088     9.994     5.165     2.840
    13.75    55.75    2021     5.296    13.224    24.018    19.721     6.359     1.019     5.480     4.602     3.406     3.042     4.817     1.884
    13.75    55.75    2022     4.236    12.148    23.133    18.876     7.350     0.196    16.165    31.653    14.059    10.497     4.383     2.094
    13.75    55.75    2023     0.760     8.820    27.144    26.449     9.358    24.881     1.191     0.760     0.849     5.318     3.264     2.946
    13.75    55.75    2024     0.419     6.393    24.683    14.457     3.419     0.184     0.078     1.424     0.161     2.836     4.821     3.133
    13.75    55.75    2025     0.424     4.232    24.514    22.324    25.724     0.902     0.088     0.641     1.680     2.817     3.221     1.642
    13.75    55.75    2026     3.045    11.531    24.493    23.682    13.774    32.860     8.798     0.978     1.336     3.066     3.204     2.613
    13.75    55.75    2027     4.671    10.572     6.511    32.846     5.771     0.414     0.629     6.248    13.705     4.729     2.293     2.884
    13.75    55.75    2028     4.847    15.049    19.919    18.310     5.902    22.754    12.815    11.257    14.461     8.897     6.983     3.082
    13.75    55.75    2029     4.905    10.604    22.315    25.912    11.511     0.943     3.323     6.242    19.288     9.441     3.457     2.574
    13.75    55.75    2030     4.388    11.571    21.831    30.026    26.477     5.639     6.818     9.863     2.508     6.060     2.965     1.233
    13.75    55.75    2031     0.000     6.222    29.861    31.415    17.711     1.564     1.324     1.282    15.811    10.122     2.612     2.756
    13.75    55.75    2032     0.234     0.000     0.000    16.561    15.353     0.854     0.151     1.457     0.857     4.153     1.950     3.123
    13.75    55.75    2033     5.154    11.116    21.347    20.406    14.619     7.276    17.866    28.004    14.638     8.864     5.971     3.102
    13.75    55.75    2034     1.209    10.918    29.729    16.846     1.671    27.639    41.046    34.531     8.177     3.148     3.065     2.730
    13.75    55.75    2035     4.441    10.274    22.045    18.727     5.362     7.117     1.083    21.207    10.312    11.231     4.892     3.142
    13.75    55.75    2036     4.053     9.306    25.070    20.338    11.399    17.748     0.919     3.123    11.906     6.050     3.304     2.171
    13.75    55.75    2037     5.623    11.921    21.207    19.599     5.280     4.665    33.568    16.478     2.151     3.908     3.570     2.098
    13.75    55.75    2038     1.423     5.460    11.918    40.862    12.524     0.952     0.623     8.904    11.259     6.426     4.253     3.382
    13.75    55.75    2039     2.130     7.162    23.103    20.238     7.268    11.335     1.567     0.517     4.059     3.775     3.239     3.219
    13.75    55.75    2040     5.559    11.613    26.551    32.631    24.134     7.186    23.989    12.720    12.563     5.302     1.982     2.380
    13.75    55.75    2041     0.768     0.000     0.000    33.055    11.402     2.083     1.019     0.610     9.510    11.706     3.658     3.219
    13.75    55.75    2042     1.065    10.837    24.297    12.345     6.369     0.609     0.281    17.065    16.503    12.225     5.226     1.045
    13.75    55.75    2043     0.000     0.000    14.788    25.614     6.868     2.550     2.154     2.198     1.431     2.631     1.698     3.014
    13.75    55.75    2044     4.728     9.550     9.705    31.358     7.201     1.657     0.040     2.283     5.788    10.290     3.056     2.590
    13.75    55.75    2045     4.856    11.208    27.475    24.285    13.854    11.022     2.854     3.545     9.142     9.464     5.232     2.846
    13.75    55.75    2046     4.386    12.022    23.716    20.821    10.888    31.891     5.020     0.145     1.250     1.017     2.817     2.953
    13.75    55.75    2047     4.647    12.230    28.990    29.318     9.752     4.272     0.499     1.631     2.997     3.829     3.079     2.921
    13.75    55.75    2048     4.636    12.353    24.150    22.838    16.278     9.832     6.821    25.683    18.486     5.371     3.192     3.437
    13.75    55.75    2049     4.885     9.725    27.910    34.523     8.038     0.926     0.500     0.946     0.479     0.572     2.076     1.112
    13.75    55.75    2050     3.912    11.115    25.986    30.944    27.644     6.253     2.753     4.279     8.878     8.880     4.323     2.995
    13.75    55.75    2051     1.412     5.930    27.440    15.975     7.143     0.676     0.326     5.176    15.244    10.678     4.650     2.922
    13.75    55.75    2052     0.939     0.000     0.000    31.812    24.900    19.048     0.598     2.693     7.267    10.695     3.872     2.558
    13.75    55.75    2053     4.826    11.932    29.641    26.371     7.299     0.595     8.794     7.240    13.883     7.056     4.425     2.982
    13.75    55.75    2054     0.525     4.397    25.508    22.346    11.738     2.507     0.328    12.407     8.522     5.067     3.975     3.014
    13.75    55.75    2055     1.732     0.000    19.163    23.289    12.007     5.661     2.351    16.202     3.762     6.261     4.901     2.978
    13.75    55.75    2056     4.982    10.354    24.734    15.738     8.403     0.988     4.570    19.069    21.308     8.210     6.072     2.774
    13.75    55.75    2057     4.637    10.668    26.620    26.894     8.299     0.631     0.669     2.951    12.977    12.693     4.839     3.217
    13.75    55.75    2058     1.166    11.158    22.718    16.724    21.512    12.087    10.237     4.952     0.967     0.832     4.392     3.456
    13.75    55.75    2059     6.185    12.735    15.787    10.741    16.249     1.867     1.796     9.826     3.750     2.915     4.486     3.300
    13.75    55.75    2060     4.641    12.553    20.530     8.057     5.655     0.733     7.398     2.156     2.529    10.932     7.910     2.872
    13.75    55.75    2061     4.372     8.355    23.139    25.852     9.933     6.363     3.610    25.635    20.809     7.505     4.771     3.370
    13.75    55.75    2062     0.686     6.976    24.585    34.332    11.096     2.060     1.857    15.392    18.009     6.757     2.043     1.894
    13.75    55.75    2063     4.141     5.441    25.971    17.844     6.509     2.002     0.849     2.289     8.958     8.338     4.808     3.244
    13.75    55.75    2064     5.422     0.960    29.905    18.733    13.054     4.324    24.121    13.860    14.817    10.300     3.723     3.444
    13.75    55.75    2065     4.564    12.554    30.328    20.046     6.603    16.817     7.645     5.908    18.131     8.965     5.410     3.145
    13.75    55.75    2066     1.445     0.000    16.694    36.400    11.215    44.252    28.385     6.477     2.078     2.701     1.791     2.738
    13.75    55.75    2067     1.972    10.571    27.136    21.481     5.858     0.687     1.568    15.875    16.257     5.703     3.940     2.783
    13.75    55.75    2068     2.361    13.413    23.810    32.992    14.869     2.713     2.880     3.435     1.637     7.717     4.478     3.633
    13.75    55.75    2069     2.390     0.000    25.652    10.796     5.069     3.881    21.581     9.480     2.349     3.745     5.243     2.765
    13.75    55.75    2070     4.509    14.227    23.959    20.430     8.425     5.458    23.017     9.701     3.870     7.735     4.627     2.103
    13.75    55.75    2071     0.000     9.822    23.110    26.217    11.476     1.246     0.720     1.128     3.896     3.370     2.199     2.431
    13.75    55.75    2072     4.513    11.095    24.873    17.627    12.229     4.793     3.714     3.473     3.888     5.380     6.546     2.973
    13.75    55.75    2073     1.286     0.000     0.000    32.785    17.870     9.307     6.062    18.696    11.777     5.311     3.886     2.673
    13.75    55.75    2074     4.670    11.663    23.000    33.210    10.886     1.395     0.516     4.012     1.515     3.983     3.778     2.947
    13.75    55.75    2075     3.471     0.000    30.164    23.698    17.401     4.597    23.140    21.399     6.362     9.270     4.202     2.722
    13.75    55.75    2076     4.423    10.893    27.468    18.623    13.846    27.392     9.908     0.377     5.857     4.677     3.024     2.966
    13.75    55.75    2077     4.827    13.941    14.520    14.100    20.243    13.667    13.714    13.588     1.650     4.333     7.194     3.224
    13.75    55.75    2078     5.161     9.828    19.894    37.917    21.458     3.857     0.526    10.439    18.937     9.358     3.711     2.696
    13.75    55.75    2079     1.464     9.357    26.587    38.666     8.484    12.005     1.012     0.167     1.715     1.855     2.563     2.701
    13.75    55.75    2080     4.579    10.987    24.019    19.276    15.616     5.577     1.753     2.105    12.665     7.208     3.320     2.797
    13.75    55.75    2081     5.091    10.811    21.532    23.351    11.427     0.890     0.438    14.044     7.736     4.929     2.565     1.590
    13.75    55.75    2082     4.775    10.536    24.340    37.857    15.627     0.658    11.160     9.948     5.448     1.949     0.934     2.099
    13.75    55.75    2083     0.888     0.000    17.597    32.342    16.169     3.696     0.532     0.541     0.356     4.968     3.618     3.868
    13.75    55.75    2084     1.570     0.000     1.621    39.704    15.628     1.306     0.377     5.671     6.040     6.307     2.978     2.644
    13.75    55.75    2085     0.743     0.000     8.240    40.492     6.175    21.967    23.907    15.683     6.933     6.283     3.072     3.157
    13.75    55.75    2086     0.913     2.000    27.192     8.372     3.933     0.803     0.400     2.717     3.058     7.211     4.381     1.288
    13.75    55.75    2087     0.000     9.871    23.465    24.438    20.036     4.549     4.446     6.314     1.567     2.680     2.802     1.557
    13.75    55.75    2088     0.000     0.000    15.840    19.390     8.216     2.361     0.256     0.340     1.316     3.873     4.247     3.023
    13.75    55.75    2089     0.000     0.000    25.757    34.906     8.858    23.624     2.347     1.845     1.143     0.787     1.607     1.707
    13.75    55.75    2090     4.732    11.047    25.781    21.383    15.736    13.880     1.206     1.833    14.679    10.575     4.171     3.298
    13.75    55.75    2091     0.088     0.000    16.838    25.989     3.453     3.317     2.534    12.523    14.382     4.482     3.002     1.815
    13.75    55.75    2092     4.101     3.904    27.958    22.291    11.315    22.597     1.722     2.028     3.166     5.434     3.844     3.030
    13.75    55.75    2093     4.823    11.623    24.593    24.062     7.797     7.971    39.231    29.419     4.692     7.951     3.713     2.929
    13.75    55.75    2094     0.801    10.078    20.197    18.599    10.314     3.678     0.871     2.295     2.215     5.020     3.378     3.088
    13.75    55.75    2095     5.214    12.261    27.813    19.341    14.828    21.005    10.460     6.081     3.230     2.239     2.824     3.330
    13.75    55.75    2096     5.072    11.375    25.041    21.508    15.473     2.864     1.346     0.712     1.249     2.488     2.948     2.725
    13.75    55.75    2097     4.859    10.464    23.649    18.257     4.908    25.491    17.183     8.729    14.036     4.126     5.215     3.397
    13.75    55.75    2098     4.317     9.287    25.163    28.808     6.471     1.573     0.575     1.259     4.261     4.883     1.767     2.667
    13.75    55.75    2099     5.165    13.261    22.170    26.837    10.744     5.984     9.751    25.755    11.384     9.795     3.484     3.269
    13.75    55.75    2100     4.599     9.239    25.192    20.910    22.802    14.188    21.720    12.936    11.719     5.957     3.222     2.328
    13.75    55.75    2101     0.830    10.767    25.439    34.777    11.120     1.387     0.681     0.959     2.663     2.501     1.697     2.571
    13.75    55.75    2102     4.585    11.852    23.513    15.063    16.973     4.148     4.231     8.356     5.297     3.447     5.729     2.000
    13.75    55.75    2103     0.000     0.000     0.000    29.992    20.431     6.160     5.436    13.066    11.079     6.901     3.164     2.596
    13.75    55.75    2104     4.829    13.275    22.590    34.260     8.650     0.755     0.256     3.177     0.827     5.440     3.129     2.944
    13.75    55.75    2105     4.753     3.669    31.368    26.813    20.012     2.349    13.745    14.845    11.449     9.291     3.610     2.794
    13.75    55.75    2106     4.473    11.339    25.878    18.055    14.095    26.174     7.422     0.331     2.543     4.418     2.675     3.188
    13.75    55.75    2107     5.130    14.239    15.981    18.366    12.001    13.910    10.941    14.559     1.085     2.314     6.463     3.212
    13.75    55.75    2108     5.381    10.627    19.227    37.315    20.681     3.092     0.574     8.085    17.671     9.031     3.205     2.641
    13.75    55.75    2109     0.593     9.188    26.056    34.226     3.904     3.992     2.591     0.160     1.077     1.795     2.257     2.734
    13.75    55.75    2110     4.662    10.506    23.872    20.750    13.910     8.629     0.875     4.685     7.462     3.967     2.854     2.805
    13.75    55.75    2111     5.075    11.359    23.005    29.691     7.921     0.595     0.321    12.187     8.572     2.818     2.833     1.123
    13.75    55.75    2112     4.302    10.917    27.303    37.689    16.478     0.596     8.640    13.104     4.053     1.396     0.743     1.832
    13.75    55.75    2113     0.983     0.000    17.718    36.336    18.035     4.351     0.496     0.512     0.415     3.978     3.645     3.896
    13.75    55.75    2114     0.698     0.000     0.154    47.279    17.819     1.483     0.267     3.378     4.166     7.158     2.819     2.615
    13.75    55.75    2115     0.774     0.000     6.920    40.547     9.872    19.593    26.865    15.967    10.183     6.092     2.940     3.108
    13.75    55.75    2116     1.047     1.943    28.309     9.009     2.333     0.437     0.215     1.352     4.722     7.081     4.021     1.573
    13.75    55.75    2117     0.000    10.669    21.468    25.490    17.773     4.289     7.142     5.254     0.854     1.549     2.633     1.646
    13.75    55.75    2118     0.000     0.000    18.129    19.699     5.883     1.773     0.207     0.341     1.907     3.456     4.096     3.232
    13.75    55.75    2119     0.353     0.000    25.971    34.459     6.894    17.822     2.574     0.728     3.076     1.673     1.419     1.486
    13.75    55.75    2120     0.612    11.453    24.290    19.599    12.757    11.035     2.177     1.676    12.249     8.519     4.122     3.264
    13.75    55.75    2121     0.778     0.000    17.721    26.756     6.402     2.252     1.363     8.353    14.973     4.760     2.804     1.690
    13.75    55.75    2122     3.409     7.598    29.601    27.376     4.952     8.478     8.582     2.612     4.532     8.821     3.992     2.998
    13.75    55.75    2123     4.887    11.722    22.585    27.358     5.362    12.345    43.397    25.654     5.086     6.384     3.781     2.929
    13.75    55.75    2124     0.645    10.226    21.232    19.191    12.351     2.401     0.509     0.518     1.127     9.884     2.836     3.132
    13.75    55.75    2125     5.357    12.743    27.584    17.252    16.806    17.889    19.161     1.834     0.764     1.806     1.848     3.352
    13.75    55.75    2126     5.137    11.431    24.552    22.687    11.199     5.656     0.881     0.967     1.884     2.396     2.536     2.126
    13.75    55.75    2127     5.045    10.939    25.897    23.101     4.512    17.154    13.895    20.943    12.356     7.553     4.971     3.479
    13.75    55.75    2128     4.412     9.285    24.930    26.588     7.085     2.360     0.463     2.891     2.593     9.225     2.510     2.812
    13.75    55.75    2129     5.353    13.552    20.130    23.603    20.563     2.922    16.413    16.919    17.292     9.955     3.841     2.739
    13.75    55.75    2130     4.675     9.788    25.190    27.094    18.924    10.410    25.215    18.269     6.545     8.449     3.519     2.357
    23.75    61.75    1980     0.000     0.000     0.000     0.000    19.640    14.749    10.741     4.510     8.030     4.664     1.110     0.000
    23.75    61.75    1981     0.000     0.000     5.046    18.420    16.069     5.767     4.939     9.534     7.524     4.427     0.486     0.000
    23.75    61.75    1982     0.000     0.000     0.000     0.000    15.112    18.804     2.499     2.864     6.669     5.269     1.141     0.000
    23.75    61.75    1983     0.000     0.000     0.000     5.808    16.474     4.132     2.837     1.005     0.626     1.615     0.000     0.000
    23.75    61.75    1984     0.000     0.000     0.000     0.000    17.303     9.054    32.930    28.547    15.718     5.395     0.886     0.000
    23.75    61.75    1985     0.000     0.000     0.000     0.000    22.697    18.496    16.362    20.291     8.533     4.352     0.148     0.000
    23.75    61.75    1986     0.000     0.000     0.000     0.000    18.798    13.135    12.626     4.261     5.536     2.865     0.348     0.000
    23.75    61.75    1987     0.000     0.000     0.000     0.000    21.247    18.387    26.250     7.865     5.936     5.116     0.346     0.000
    23.75    61.75    1988     0.000     0.000     0.000    12.856    14.069    12.819     4.898    12.327    15.704     5.852     0.851     0.000
    23.75    61.75    1989     0.000     0.000     0.000     0.000    18.695     3.292     8.363     2.773     5.786     4.202     0.306     0.000
    23.75    61.75    1990     0.000     0.000     0.000     0.000    22.692    12.301    10.280    23.278    11.301     7.801     0.886     0.000
    23.75    61.75    1991     0.000     0.000     0.000     0.000    25.402    13.865     3.739     3.290     7.297     5.781     0.495     0.000
    23.75    61.75    1992     0.000     0.000     0.000     4.178    21.611     8.489    25.271    23.804    11.105     3.405     0.000     0.000
    23.75    61.75    1993     0.000     0.000     0.000     9.677    14.120     1.360     9.467    13.391     9.370     5.876     0.664     0.000
    23.75    61.75    1994     0.000     0.000     0.000     5.725    23.804    16.235     4.446    16.310    11.639     5.141     0.900     0.000
    23.75    61.75    1995     0.000     0.000     0.000     0.000    22.882    13.350    20.112     9.148     4.427     3.733     1.121     0.000
    23.75    61.75    1996     0.000     0.000     0.000     0.000    22.559     2.382     2.237    23.649     8.237     3.332     0.662     0.000
    23.75    61.75    1997     0.000     0.000     0.000     0.000    25.846     6.456     7.640    16.601    13.653     4.490     0.989     0.000
    23.75    61.75    1998     0.563     0.036     0.000     3.313    26.698    14.535    13.675    12.587     8.108     4.725     0.819     0.000
    23.75    61.75    1999     0.000     0.000     0.000    17.067    19.794    11.789    17.281    20.092    10.431     4.349     1.006     0.000
    23.75    61.75    2000     0.000     0.000     0.000    12.440    12.732     4.319    12.524    17.396     7.838     3.066     0.891     0.000
    23.75    61.75    2001     0.000     0.000     0.000    10.284    18.146     1.830     1.224    26.469     8.971     2.011     0.000     0.000
    23.75    61.75    2002     0.000     0.000     0.000     0.000    17.588    25.508    10.517     9.508    10.266     2.964     0.657     0.000
    23.75    61.75    2003     0.000     0.000     0.000     0.000    19.782    10.527     3.101     3.194     6.574     5.898     0.656     0.000
    23.75    61.75    2004     0.000     0.000     0.000     6.563    16.531     8.149    23.966    26.928    10.273     6.109     0.976     0.000
    23.75    61.75    2005     0.000     0.000     0.000    22.501    13.763    23.147    18.700    16.042     6.337     4.129     0.269     0.000
    23.75    61.75    2006     0.000     0.000     0.000    15.038    17.252     2.030     2.339    12.583    12.361     4.011     0.699     0.000
    23.75    61.75    2007     0.000     0.000     0.000     0.000    24.648     6.517    30.101    27.604    10.797     3.141     0.811     0.462
    23.75    61.75    2008     0.000     0.000     3.856    19.307     3.964     2.820     7.178    21.864    14.157     4.728     0.846     0.000
    23.75    61.75    2009     0.000     0.000     0.000     8.938    14.000     8.127    13.929    15.714     5.765     2.504     0.460     0.000
    23.75    61.75    2010     0.000     3.138     9.651    16.760     6.270     5.931     4.416     2.484     5.676     6.827     0.884     0.000
    23.75    61.75    2011     0.000     0.000     0.000    18.850    12.106     2.090    30.468    22.657    13.999     5.743     1.037     0.000
    23.75    61.75    2012     0.000     0.000    10.727    17.609    14.957    12.062    11.090     5.788     5.805     4.660     0.930     0.047
    23.75    61.75    2013     0.000     0.000     0.000     3.545    21.974    10.019     1.206     0.642     2.059     3.655     1.190     0.098
    23.75    61.75    2014     0.000     0.000     0.000    16.390    20.076    16.241     5.771    26.733    11.678     4.362     0.791     0.000
    23.75    61.75    2015     0.000     0.000     0.000    11.434    12.801    13.734    47.536    23.570    14.496     6.451     0.986     0.000
    23.75    61.75    2016     0.000     0.000     0.000    15.887    14.582     9.195     5.152    16.092    11.498     4.873     0.928     0.000
    23.75    61.75    2017     0.000     0.000     0.000    18.683    11.320     1.891     0.786     0.674     1.378     1.185     0.208     0.000
    23.75    61.75    2018     0.000     0.000     0.000     9.618    18.192    12.237    12.245    23.993    16.667     7.293     0.782     0.000
    23.75    61.75    2019     0.000     0.000    10.799    18.269     8.134     0.500     3.088    20.598     9.063     5.111     1.006     0.000
    23.75    61.75    2020     0.000     0.000     0.000    14.199    12.187    12.556    28.795    18.890    14.144     6.084     0.942     0.000
    23.75    61.75    2021     0.000     0.000     6.686    14.424     8.755     7.303    24.859    17.460    12.029     3.248     1.048     0.000
    23.75    61.75    2022     0.000     0.000     0.000    15.610    15.390    11.247    21.106    31.431    13.531     5.295     0.781     0.000
    23.75    61.75    2023     0.000     0.000     0.000    16.004    16.465     1.198     2.580    17.202    10.534     4.826     1.007     0.000
    23.75    61.75    2024     0.000     0.000     5.032    16.538     7.782    23.421     8.345     4.539     6.218     1.909     0.486     0.000
    23.75    61.75    2025     0.000     0.000     0.000     0.000    14.648    13.127     3.124    20.713    12.718     5.087     0.699     0.000
    23.75    61.75    2026     0.000     0.000     0.000     0.000    21.823     6.397     1.813    12.989     6.185     2.783     0.799     0.000
    23.75    61.75    2027     0.000     0.000     0.000    14.181    11.676     1.743     1.258    17.673    14.380     5.340     0.878     0.000
    23.75    61.75    2028     0.000     0.000     8.077    12.728     5.131    13.393    19.188     9.926     9.348     6.172     0.865     0.000
    23.75    61.75    2029     0.000     0.000     0.000     0.000    18.975     2.024     6.060    10.314     9.223     5.117     0.944     0.000
    23.75    61.75    2030     0.000     0.000     0.000     0.000    19.409     1.653     1.236     2.635     2.724     3.799     0.805     0.000
    23.75    61.75    2031     0.000     0.000     0.000     1.144    24.465     3.739     1.818     6.296     6.186     4.712     0.916     0.000
    23.75    61.75    2032     0.000     0.000     0.000     3.883    19.833    11.900     2.762     6.730    12.816     6.504     0.576     0.064
    23.75    61.75    2033     0.224     3.004    10.376    13.390    15.709     7.482    28.795    23.475    16.154     5.127     1.026     0.010
    23.75    61.75    2034     0.000     0.000     0.000    14.388     7.000     0.957     1.222     0.636     0.490     2.305     0.915     0.000
    23.75    61.75    2035     2.261     1.328     5.784    17.395    12.752    11.100    15.787    23.574    17.316     6.494     0.929     0.001
    23.75    61.75    2036     0.000     0.000     0.000    15.698     7.450     0.565    21.378    15.046    13.674     7.088     0.672     0.000
    23.75    61.75    2037     0.000     2.874    13.949    18.853    12.883     7.107     0.787     9.524    12.783     4.023     0.570     0.000
    23.75    61.75    2038     0.000     0.000     0.000     0.000    22.922     4.981     7.914     1.134     4.861     6.071     0.863     0.004
    23.75    61.75    2039     0.000     0.000     0.000     9.682    13.310    12.956     4.747    11.131    10.586     2.896     0.533     0.465
    23.75    61.75    2040     0.848     0.533     0.000    10.465    13.372     8.631    16.626    18.757     6.800     3.704     0.595     0.000
    23.75    61.75    2041     0.000     0.000     0.000     4.673    19.356     9.543     1.370     8.943     7.124     4.576     0.616     0.008
    23.75    61.75    2042     0.569     0.221     4.352    15.997     3.684     7.984     4.262    11.228    15.166     6.307     1.030     0.000
    23.75    61.75    2043     0.000     0.000     0.000     7.705    14.312    13.757    20.114     6.242     7.421     5.500     0.765     0.000
    23.75    61.75    2044     0.000     0.000     0.000     9.682    16.440     3.024     2.074    26.638    17.146     6.776     0.914     0.000
    23.75    61.75    2045     0.000     0.000     0.000    13.970    14.840     6.695    12.798    12.422     9.196     6.047     0.988     0.000
    23.75    61.75    2046     0.000     0.000     0.000    21.635    14.857     3.219     2.445     2.340    18.200     5.318     0.951     0.000
    23.75    61.75    2047     0.000     0.000     0.000    19.855    12.329     8.159    19.839    24.410    10.735     7.509     0.889     0.000
    23.75    61.75    2048     0.449     0.847     0.000    20.223    21.193    14.948    15.544     7.781     9.456     5.524     1.094     0.012
    23.75    61.75    2049     0.045     0.000     0.000    17.825     7.861     5.801     4.809     9.845     3.093     0.173     0.216     0.000
    23.75    61.75    2050     0.000     0.000     7.151    13.111     9.725     0.994    12.576    18.609     7.436     3.222     0.980     0.204
    23.75    61.75    2051     0.000     0.000     0.000    20.344     5.055     0.539     9.758    18.847     6.918     4.856     0.926     0.000
    23.75    61.75    2052     0.000     0.000     0.000    15.867    18.975     5.185     1.335     9.987     9.542     6.215     1.137     0.005
    23.75    61.75    2053     0.000     0.000     0.000    16.804     8.733     7.462    13.682    25.859     9.353     5.375     1.745     0.000
    23.75    61.75    2054     0.000     0.000     0.000    15.513     8.232     0.751    20.656    29.991    15.658     5.317     0.887     0.087
    23.75    61.75    2055     0.000     0.000     0.000    17.358    19.265    11.235    10.957    11.402    15.077     6.675     0.957     0.000
    23.75    61.75    2056     0.959     0.832     0.770    22.074    16.256     7.889    10.022    22.951     9.511     6.624     1.050     0.000
    23.75    61.75    2057     0.000     0.000     0.000     3.997    17.197     3.192     4.273     3.034     2.552     3.153     0.871     0.000
    23.75    61.75    2058     0.000     0.000     0.000    21.749    20.805     9.225    16.136    17.937    13.163     4.861     0.661     0.000
    23.75    61.75    2059     0.496     3.493    12.169    10.896    15.128    15.553     2.956    17.957    10.507     4.969     0.835     0.000
    23.75    61.75    2060     0.000     0.000    11.633    10.135     7.963     1.230    11.868    11.540     5.516     3.692     0.570     0.000
    23.75    61.75    2061     0.000     0.000     0.000    16.229    11.209     9.636    14.409    15.822    15.431     5.849     0.977     0.000
    23.75    61.75    2062     0.000     0.000     0.000    10.837    15.520     4.066    13.166    28.785    11.911     3.016     0.909     0.000
    23.75    61.75    2063     1.464     0.000     3.219    16.426     5.225     3.649    25.007    19.014    14.655     5.527     1.192     0.001
    23.75    61.75    2064     0.000     0.000     0.000    11.690    13.501     5.072    24.239     9.587     8.499     7.105     0.977     0.000
    23.75    61.75    2065     0.000     0.000     0.000    19.250     5.583    17.735    34.579    20.379     7.794     5.623     0.905     0.000
    23.75    61.75    2066     0.000     0.000     0.000     3.204    18.250    12.644    21.324    20.778     8.866     3.486     1.662     0.000
    23.75    61.75    2067     0.000     1.725    11.577    15.317     5.837     1.575     2.436    15.039    13.650     4.462     0.557     0.000
    23.75    61.75    2068     0.000     0.000     0.000     8.704    19.642     4.097     0.541    18.030    10.555     5.762     1.015     0.000
    23.75    61.75    2069     0.000     0.000     0.000    18.153    15.084    13.404     6.566    25.569    11.285     3.453     0.695     0.000
    23.75    61.75    2070     0.000     0.000     6.011    15.350     4.732     8.562    28.477    22.602     6.665     3.196     0.515     0.000
    23.75    61.75    2071     0.000     0.000     0.000     9.430    24.234    24.027     2.265    10.077    10.296     6.093     0.799     0.000
    23.75    61.75    2072     0.000     0.000     7.638    13.328    18.334     4.401    11.461    19.123    10.418     5.433     0.846     0.000
    23.75    61.75    2073     0.000     0.000     0.000     6.358    14.422     1.378    17.505    13.913     7.146     5.881     0.904     0.000
    23.75    61.75    2074     0.000     0.000     0.000    15.396    12.100     8.034    20.286    12.387     5.242     1.936     0.459     0.000
    23.75    61.75    2075     0.000     0.000     0.000    20.790     7.611    17.421     3.585    15.638    14.404     3.797     0.348     0.000
    23.75    61.75    2076     0.000     0.000     0.000    19.552     9.512    19.876    22.715    25.169    16.375     5.260     1.171     0.000
    23.75    61.75    2077     0.000     3.112    12.075    10.230     3.660     7.462    32.476     4.960     2.655     2.091     0.912     0.000
    23.75    61.75    2078     0.000     0.000     0.000     0.000    17.807     2.009     0.588    12.853     9.347     3.432     0.848     0.000
    23.75    61.75    2079     0.000     0.000     0.000    15.479    12.953    10.430     2.452     2.030     1.668     1.754     0.278     0.000
    23.75    61.75    2080     0.000     0.000     0.000    20.953    10.228    12.697    16.997     8.313    12.196     4.731     0.631     0.000
    23.75    61.75    2081     0.000     0.000     0.000    14.700    15.355    19.518     9.519     8.219     6.719     3.302     0.873     0.000
    23.75    61.75    2082     0.000     0.000     0.000     7.344    20.042     7.638     3.079    13.641     9.708     3.801     0.677     0.000
    23.75    61.75    2083     0.000     0.000     0.000     0.000    22.125    14.093    23.647    24.722    15.391     4.050     0.566     0.080
    23.75    61.75    2084     0.000     0.000     0.000    11.446    17.099     5.701     3.789    18.070    10.330     3.736     1.109     0.172
    23.75    61.75    2085     0.000     0.000     0.000    13.095    12.307    18.306    32.063    20.607     6.915     5.417     0.967     0.000
    23.75    61.75    2086     0.000     0.000     8.502    12.971     6.388    12.626    23.496     2.786     2.405     2.837     0.828     0.000
    23.75    61.75    2087     0.000     0.000     0.000    13.386    11.332     6.206     4.911    23.269    14.158     6.813     0.928     0.000
    23.75    61.75    2088     0.000     0.000     0.000    20.342     6.673     3.158    17.823    13.663     6.846     3.518     0.564     0.000
    23.75    61.75    2089     0.000     0.000     0.000     3.372    19.358     3.118     4.931    18.801    13.546     2.807     0.691     0.000
    23.75    61.75    2090     0.000     2.422    12.183    14.030     8.159    12.054    25.615    25.583     9.789     4.808     0.881     0.000
    23.75    61.75    2091     0.000     0.000     0.000    16.217     9.990     4.310    27.612    29.215    12.535     4.350     0.274     0.000
    23.75    61.75    2092     0.000     0.000     0.000     3.011    21.103    16.453    11.136     9.599     5.886     3.404     0.874     1.007
    23.75    61.75    2093     0.000     0.000     0.000     0.000    21.167    10.694    19.456    21.420    16.080     5.150     0.918     0.000
    23.75    61.75    2094     0.000     0.000     0.000    18.133    18.306    10.874    12.918     5.108     8.839     5.416     0.745     0.000
    23.75    61.75    2095     0.000     0.000     7.252    15.390    14.908    33.395    27.653    11.522     7.698     3.162     0.726     0.000
    23.75    61.75    2096     0.000     0.000     0.000    10.452    13.801    10.213     2.109     2.770     8.604     6.520     0.999     0.000
    23.75    61.75    2097     0.000     0.000     5.658    20.739    13.818    26.937    32.575    23.252    15.110     3.129     0.868     0.000
    23.75    61.75    2098     0.000     0.000     0.000     0.000    26.820    20.111    24.155    11.180    12.517     7.340     0.988     0.000
    23.75    61.75    2099     0.475     0.372     6.338    14.545     6.286     3.352    18.329    17.278     3.967     3.458     0.239     0.000
    23.75    61.75    2100     0.000     0.000     0.000     4.172    23.798     9.222    22.204    31.795    14.915     6.237     0.794     0.000
    23.75    61.75    2101     0.000     0.000     0.000    11.400    25.046    16.418     3.351     7.241     9.465     6.287     0.898     0.000
    23.75    61.75    2102     0.000     0.000     9.127    16.222    16.953     5.995     9.697     9.220    12.430     5.459     0.930     0.000
    23.75    61.75    2103     0.000     0.000     0.000     7.120    13.549     1.363    24.101     7.239     6.331     5.655     0.844     0.000
    23.75    61.75    2104     0.000     0.000     0.000    19.408     8.781     8.518    12.144    15.534     6.858     1.879     0.562     0.000
    23.75    61.75    2105     0.000     0.000     0.000    20.914     9.822     7.044     4.360    21.245    10.076     5.030     0.184     0.000
    23.75    61.75    2106     0.000     0.000     1.778    18.667     6.099    14.354    24.865    24.376     8.065     5.507     1.125     0.000
    23.75    61.75    2107     0.000     3.270    11.657     9.671     4.079     6.099    32.922     5.765     3.403     3.228     0.918     0.000
    23.75    61.75    2108     0.000     0.000     0.000     0.000    18.254     1.327     0.882    16.202     9.660     3.653     0.925     0.000
    23.75    61.75    2109     0.000     0.000     0.000    16.064    15.054     6.064     6.329     1.434     2.741     2.724     0.399     0.000
    23.75    61.75    2110     0.000     0.000     0.000    19.914     6.290     8.622    13.600    18.628     6.088     6.018     0.650     0.000
    23.75    61.75    2111     0.000     0.000     0.000    13.953    15.999    22.011     9.361    10.837    10.047     3.022     0.827     0.000
    23.75    61.75    2112     0.000     0.000     0.000     5.163    23.433     5.286     2.606    16.968     8.381     6.014     0.836     0.000
    23.75    61.75    2113     0.000     0.000     0.000     0.000    22.945    13.582    14.401    33.464    18.182     3.388     0.529     0.076
    23.75    61.75    2114     0.000     0.000     0.000     9.744    16.327     8.110     9.410    11.625     9.516     3.635     1.108     0.173
    23.75    61.75    2115     0.000     0.000     0.000    14.906    13.309     5.961    35.027    17.869     7.815     3.030     0.968     0.018
    23.75    61.75    2116     0.000     0.000     9.830    12.220     6.925     8.673    23.533     6.190     2.202     3.890     0.580     0.000
    23.75    61.75    2117     0.000     0.000     0.000    15.151    15.176     4.091     5.183    22.244    12.764     7.664     0.954     0.000
    23.75    61.75    2118     0.000     0.000     0.699    20.468     7.749     4.148     6.975    14.501     8.158     3.632     0.451     0.000
    23.75    61.75    2119     0.000     0.000     0.000     4.726    15.932     2.672     2.810    25.858     9.263     3.056     0.625     0.000
    23.75    61.75    2120     0.000     2.580    11.834    13.277     9.917    21.642    14.030    23.329    14.110     4.594     0.852     0.004
    23.75    61.75    2121     0.000     0.000     0.000    16.996    12.004     4.014    22.947    28.688     8.493     2.238     0.346     0.000
    23.75    61.75    2122     0.000     0.000     0.000     3.145    18.444    18.238    15.009    18.201     4.769     3.094     0.643     1.055
    23.75    61.75    2123     0.030     0.000     0.000     1.446    19.827    11.120    21.971    27.715    15.536     4.596     0.863     0.000
    23.75    61.75    2124     0.000     0.000     0.000    15.034    22.888    10.698    12.475    12.125    11.154     3.775     0.778     0.000
    23.75    61.75    2125     0.000     0.000     7.605    16.229    17.546    24.514    28.529    10.631     7.975     4.925     0.577     0.000
    23.75    61.75    2126     0.000     0.000     0.000    11.209    12.853     2.719     2.495     6.342     5.035     5.508     1.088     0.000
    23.75    61.75    2127     0.000     0.000     7.404    23.579    15.365    27.830    24.675    24.434    14.398     2.298     0.000     0.000
    23.75    61.75    2128     0.000     0.000     0.000     0.000    28.382    21.032    24.792     8.722    14.085     5.621     0.999     0.000
    23.75    61.75    2129     0.464     0.636     4.717    15.890     7.413     4.568     5.396    17.182     6.737     3.450     0.333     0.000
    23.75    61.75    2130     0.000     0.000     0.000     4.439    19.712    19.127    16.492    33.978    14.789     5.782     0.841     0.000
    21.75    39.75    1980    26.680    35.194    30.621    12.385     2.547     1.372     4.158     0.426     0.151     0.429    12.568    15.513
    21.75    39.75    1981    16.395    14.913    10.584     0.587     0.581     0.262     0.106     0.040     0.053     2.291     6.324     4.759
    21.75    39.75    1982    14.873    18.341    14.261    31.609     9.978     0.429     2.938    15.684     4.201    30.283    17.470    13.741
    21.75    39.75    1983    20.452    12.248    20.087    17.645     4.763     4.044     1.242     1.791     2.518     3.674     6.753    16.572
    21.75    39.75    1984    17.336     8.586     4.544     1.043    12.773     0.764     0.240     0.160     0.419     0.796     1.710     6.643
    21.75    39.75    1985    21.045    31.275    14.874     1.376     0.233     0.949     1.046     0.172     0.616     0.516     3.310    10.325
    21.75    39.75    1986    16.936    29.067    43.578    25.233     8.662     6.234     3.673     1.865    14.061     5.288     1.811     2.957
    21.75    39.75    1987     3.656    25.607    21.405     6.639     6.796     4.698     0.529     6.964     5.170     7.561     6.025     6.343
    21.75    39.75    1988    15.635     7.165     5.752     2.600     2.190     9.082     1.902     0.480     0.247    13.762    10.394     7.256
    21.75    39.75    1989    15.189    12.513    14.029     6.315     2.389     1.736     0.338     0.285     0.556     0.093     8.283     2.335
    21.75    39.75    1990    22.659    22.163    34.167    11.804     3.417     0.465     0.216     0.322     0.097     2.372     6.684     4.489
    21.75    39.75    1991     7.934    12.817     7.600     0.883     2.504     1.773     0.497     0.141     0.118     0.109    14.700    15.249
    21.75    39.75    1992    19.746    24.963    23.842    13.605     1.134     0.117     0.205     0.268    23.141    22.202    20.292    14.437
    21.75    39.75    1993    21.702    29.138    39.078    18.032     1.157     1.277     0.212     0.518     0.141     0.221    10.081    12.086
    21.75    39.75    1994    24.487    19.178     9.405     7.511     2.346     0.532     0.153     0.155     0.798     3.955     5.228    10.941
    21.75    39.75    1995    19.645    29.769    44.081    15.994     1.388     2.313     1.078     0.187     0.179     1.626     7.300    10.781
    21.75    39.75    1996    17.483    21.617    11.268    21.764     4.916     0.344     0.246     4.684     0.171     0.442    11.080     9.076
    21.75    39.75    1997    21.377    32.235    30.955     3.963     1.220     1.493     1.398     0.852     4.270     0.342     5.113    14.368
    21.75    39.75    1998    21.227    31.745    26.979     2.815     0.207     1.014     0.734     1.720     0.217     2.857     2.720    13.328
    21.75    39.75    1999    25.032    26.421    11.728     0.502     0.274     0.360     0.178     0.073     1.134     1.647     9.378    18.057
    21.75    39.75    2000    24.125    13.692     9.056    13.006     0.779     1.186     0.213     0.226    20.072     4.752     7.499    15.307
    21.75    39.75    2001    20.051    19.315    18.133     5.272     0.699     0.986     0.535     0.298     0.074     4.895    17.903    13.402
    21.75    39.75    2002    19.624    19.420    11.870     0.531     0.398     0.451     0.257     0.247     0.065     3.761     7.776    10.185
    21.75    39.75    2003    27.024    33.323    35.368    18.765     5.643     2.465     0.455     1.512     0.346     0.976    14.599    16.203
    21.75    39.75    2004    18.793    22.082    13.173     3.508     0.477     0.201     0.143     0.107     0.602     0.738     1.582     5.924
    21.75    39.75    2005    23.184    22.700    10.182     0.689    21.721     5.726     0.513     0.201     5.820     6.173     1.878     8.490
    21.75    39.75    2006    18.866    30.252    13.845     1.751     0.536     0.814     2.182     0.359     1.965     8.948    11.290     7.498
    21.75    39.75    2007     6.787    32.305     8.990     0.865     1.226     0.502     0.261     0.199     0.183     1.593    10.959    11.409
    21.75    39.75    2008    18.073    15.424     2.021     0.771     1.004     1.326     2.833     0.697     0.208    12.650    11.131    10.232
    21.75    39.75    2009    21.926    33.947    40.710    17.126    10.511     6.913     0.623     2.285     0.417     1.028     4.950     8.376
    21.75    39.75    2010    15.368     5.884     0.826     1.068     0.332     0.152     0.304     1.151     0.434     0.286     4.760     8.838
    21.75    39.75    2011    18.092    14.614     3.469     0.679     0.240     3.031     3.471     0.282     0.057     0.555     0.202     6.908
    21.75    39.75    2012    18.270    15.026     6.045     1.658     0.495     0.775     0.456     0.328    13.255     5.977    14.440    10.422
    21.75    39.75    2013    21.794    21.006     5.095     7.409     0.442     0.420     0.277     0.109     0.865     0.199     6.850     7.312
    21.75    39.75    2014    16.501     8.815     8.759     3.157     0.182     0.097     0.043     0.028     0.374     1.350     1.708     2.432
    21.75    39.75    2015    22.515    30.480    18.217     2.194     0.092     0.310     0.014     0.016     0.125     0.008     5.343    12.464
    21.75    39.75    2016    29.784    33.521    31.473     5.186     2.155     0.608     2.868     4.747     0.049     6.075    14.068    18.656
    21.75    39.75    2017    21.428     9.631     0.671     0.283     0.187     0.245     1.160     0.020     0.190     0.152     2.390     7.610
    21.75    39.75    2018    18.860    25.605    15.362     3.206     0.178     0.098     0.957     0.214     7.315     1.140     0.368     8.509
    21.75    39.75    2019    19.695    14.845     5.492     0.687     0.070     0.094     0.080     0.163     6.340     2.478     2.276     9.339
    21.75    39.75    2020    23.757    29.014    12.268     1.858     0.013     0.017     0.352     0.299     0.004     0.253     3.710    12.089
    21.75    39.75    2021    19.775    12.121    22.803     9.986     1.993     0.402     0.021     0.016     3.839     0.593     5.665    11.906
    21.75    39.75    2022    20.537     5.679     0.850     1.654     5.263     0.251     0.839     0.015     0.026     0.013     8.162     9.756
    21.75    39.75    2023    27.058    16.277     5.499     5.635    15.990     1.779     0.150     0.129     4.609     0.324     0.026     7.191
    21.75    39.75    2024    17.118    16.237     1.803     0.259     1.175     0.129     0.053     0.044     3.820     4.031     7.020     6.147
    21.75    39.75    2025    17.475     9.468     2.696     1.658     0.290     0.090     0.950     0.135     0.357     2.065    11.147    11.636
    21.75    39.75    2026    24.153    24.051    12.637     3.371     1.047     0.473     1.228     2.545     0.135     0.186     0.052     7.137
    21.75    39.75    2027    18.198    15.561    14.375     4.012     2.378     1.855     0.540     0.083     0.026     0.320     8.554    11.267
    21.75    39.75    2028    15.399    20.402    10.181     0.984     0.311     0.016     1.466     0.111     0.067     0.034     0.026     1.965
    21.75    39.75    2029    15.411    10.307     1.561     1.139     1.105     1.291     0.031     0.031     0.185     0.717     1.432     6.458
    21.75    39.75    2030    23.691    24.803    22.350    27.354    16.448     0.885     0.126     2.250     1.476     3.782     4.859     9.583
    21.75    39.75    2031    16.432    14.610     3.755     2.885     0.418     0.185     0.028     0.031     0.035     1.900     4.883     3.635
    21.75    39.75    2032    17.161    23.211    15.922     3.711     0.574     2.715     1.439     0.842     0.552     0.198     8.201     5.870
    21.75    39.75    2033    15.128    26.264     3.795     0.977     0.387     0.090     0.053     0.028     5.078     7.731     3.323     4.696
    21.75    39.75    2034    20.811    14.617     2.800     2.154     3.394     1.227     2.090     0.223    12.398     3.329     0.586     1.325
    21.75    39.75    2035    15.662    16.344     4.058     1.566     0.190     0.036     0.183     0.361     0.081     0.900     2.976     5.651
    21.75    39.75    2036    19.607    14.365     7.067     1.793     0.361     0.299     0.663     0.130     1.328     7.668    15.712    11.885
    21.75    39.75    2037    17.367     7.577     2.386     3.480     0.173     0.037     0.585     0.161     0.212     0.515     7.325    10.795
    21.75    39.75    2038    22.307    18.694     7.665     0.983     0.053     0.071     0.196     1.138     0.115     0.096     0.636     4.042
    21.75    39.75    2039    24.087    39.748    26.890    11.827     1.119     0.113     0.069     0.525     2.143     4.466    11.977    14.715
    21.75    39.75    2040    16.214     9.456     3.512     0.552     0.057     0.080     0.053     0.021     1.072     6.859    12.494     9.073
    21.75    39.75    2041    19.622    30.933    31.354    11.468     5.870     0.302     0.347     0.093     1.312     0.141     6.394     9.634
    21.75    39.75    2042    10.829    15.942     3.890     0.785     1.199     0.681     1.848     0.088     0.129     0.188     0.591    10.948
    21.75    39.75    2043    26.323    22.553     9.635     4.167     0.847     0.037     0.020     0.047     0.528     0.778     4.796    11.147
    21.75    39.75    2044    16.892    20.164     8.173     0.663     0.019     0.474     3.942     0.349     0.102     1.491     1.409    12.118
    21.75    39.75    2045    15.381     6.135     1.060     7.828     1.546     0.048     0.082     2.010     2.982     0.633    11.115    12.573
    21.75    39.75    2046    20.916    12.102     2.977     1.381     0.813     0.128     0.084     0.091     0.022     3.460     7.705     7.096
    21.75    39.75    2047    17.618     8.846     0.488     0.302     1.988     1.409     0.364     0.109     0.040     5.063    12.620     9.731
    21.75    39.75    2048    22.246    27.198    33.021     5.841     0.238     0.250     0.284     0.950     0.132     0.303     5.650     6.692
    21.75    39.75    2049    22.146    32.210    14.957     3.787     2.369     0.491     1.157     0.075     2.166     4.346     6.279    11.286
    21.75    39.75    2050    19.423     9.834     0.271     0.252     0.078     0.939     0.072     0.017     0.027     0.977     0.503     0.836
    21.75    39.75    2051    18.855    17.045     2.216     0.100     1.381     0.453     0.108     0.409     0.028     0.249    13.396    10.191
    21.75    39.75    2052    20.133    24.199    13.223    19.471     1.583     1.783     2.452     1.388     0.037     0.180     0.019     2.314
    21.75    39.75    2053    12.446     8.621     0.627     0.040     0.104     0.082     0.040     0.009     0.004     0.092     1.627     5.680
    21.75    39.75    2054    23.162    27.649    39.114    30.322     2.928     1.325     0.397     2.825    11.525     0.046     6.233    15.384
    21.75    39.75    2055    25.427    32.991     6.994     3.110     0.062     0.033     0.065     0.136     0.449     0.009     2.549     4.314
    21.75    39.75    2056    16.793    13.033    10.052     4.626     0.529     0.328     1.548     0.388     0.029     3.162     6.514     8.457
    21.75    39.75    2057    11.839    18.395     3.274     0.105     0.888     0.529     1.828     0.127     0.081     1.432     4.669     3.161
    21.75    39.75    2058    23.161    21.010     2.843     0.193     0.137     0.200     0.434     0.176     0.546     1.111     5.127    10.067
    21.75    39.75    2059    22.425    15.094     3.813     0.272     0.409     1.193     1.321     0.230     0.106     5.471     7.390     5.899
    21.75    39.75    2060     7.116     7.130     1.626     0.452     0.458     0.717     0.233     8.145     0.053     0.229     0.027     4.172
    21.75    39.75    2061    17.581    17.505    13.600     0.591     0.026     3.154     0.069     0.057     0.264     0.367     2.868     8.747
    21.75    39.75    2062    20.959     9.922     3.531     0.549     0.291     0.675     0.509     0.119     0.642    15.456    12.787     9.772
    21.75    39.75    2063    22.743    20.027     1.739     0.239     0.299     0.141     0.278     0.357     0.062     0.107     1.923     4.218
    21.75    39.75    2064    16.269    30.785     9.347     0.495     0.058     0.066     0.336     4.423     0.160     0.665     0.269     1.559
    21.75    39.75    2065    16.962    16.477     4.177     0.111     1.033     0.121     0.033     0.036     0.080     0.621     3.115     3.664
    21.75    39.75    2066    18.201    11.569     6.433     2.837     0.362     0.019     0.115     0.020     0.555    20.790    13.651     7.217
    21.75    39.75    2067    10.785     4.359     0.879     0.214     0.035     0.639     0.683     0.040     1.045     0.854     1.097     4.628
    21.75    39.75    2068    24.895    27.599    10.038     1.270     0.968     1.632     1.418     0.161     0.016     1.027    14.751     9.171
    21.75    39.75    2069    17.964    11.683     1.875     0.056     0.016     0.158     0.184     0.040     0.231     0.016     0.026     3.492
    21.75    39.75    2070    24.003    14.118     2.507     0.560     0.457     0.323     0.046     0.078     0.037    13.240    20.303    15.235
    21.75    39.75    2071    21.979    22.567     9.107     0.361     0.214     0.110     2.188     0.034     0.016     0.118     5.606    10.866
    21.75    39.75    2072    17.934     5.813     0.149     1.961     0.075     0.159     0.559     0.253     0.178     6.954    12.100     9.167
    21.75    39.75    2073     4.952    13.928    23.552     0.484     0.308     0.194     0.052     0.034     1.879     0.710     8.895     5.727
    21.75    39.75    2074    20.406    14.700    12.250     0.862     0.170     0.350     0.200     0.031     0.067     0.737     5.503     9.244
    21.75    39.75    2075    22.851    20.128     4.076     0.619     0.051     0.530     0.601     0.061     0.112     0.825     6.650    10.132
    21.75    39.75    2076    21.103    15.506     3.115     0.627     0.140     1.107     0.283     0.286     0.296     2.494    10.253    16.487
    21.75    39.75    2077    24.568     9.214     0.308     0.244     0.011     0.054     0.148     2.381     0.375     0.938     5.074     6.924
    21.75    39.75    2078    24.602    28.000    35.147    16.191     5.928     0.898     3.172    12.899     0.353     0.151    11.582    13.344
    21.75    39.75    2079    28.575    18.780     4.633     0.933     1.460     1.513     2.184     0.716     1.405     8.787     7.940     6.382
    21.75    39.75    2080    16.142    27.729    17.765     0.948     0.306     1.026     0.332     0.497     0.638     3.273     8.111     6.584
    21.75    39.75    2081    18.333    15.868    11.944     7.572     7.812     0.573     0.415     9.280     0.323     2.490     1.269     7.698
    21.75    39.75    2082    17.069    11.045     1.966     0.598     0.049     0.534     0.024     0.015     0.018     7.905    10.573     6.085
    21.75    39.75    2083    18.956    29.047    28.806    15.621     6.507     0.200     0.167     0.050     0.031     0.018     7.039     7.392
    21.75    39.75    2084    19.038    30.601    22.574     5.176     0.026     0.052     0.693     0.459     0.114     0.158     7.769     9.188
    21.75    39.75    2085    19.639    21.584     8.838     0.552     1.705     0.082     0.065     0.028     0.373    15.814     4.898     6.167
    21.75    39.75    2086    18.889    26.640     4.609     0.038     0.121     0.615     2.216     0.972     0.379     0.045     0.859     6.869
    21.75    39.75    2087    20.701     8.619     5.070     0.103     0.926     0.416     0.094     0.034     3.059     8.500    12.763    17.560
    21.75    39.75    2088    25.651    27.344    12.790     1.603     0.092     0.173     0.042     0.108     0.258     0.657     7.252    10.839
    21.75    39.75    2089    21.696    28.040    19.465     5.665     1.485     0.842     1.653     2.393     0.346     1.372     4.924     9.666
    21.75    39.75    2090    15.048     7.949     4.079     0.347     0.075     0.165     0.152     0.171     0.112     0.066     4.023     4.210
    21.75    39.75    2091    22.019    31.227    22.837     0.394     0.308     1.353     0.724     1.001     0.779     1.381     4.282     8.298
    21.75    39.75    2092    21.801    21.468     8.131     3.006     0.244     0.267     0.314     0.135     0.349     1.073     4.771     7.639
    21.75    39.75    2093    18.453    33.231    35.506     3.127     0.484     0.178     0.065     0.045     0.016     0.423     0.299     0.723
    21.75    39.75    2094    19.327    14.752     1.472     6.638     1.109     0.147     0.694     4.863     7.970     0.149     2.368     6.151
    21.75    39.75    2095    20.515    24.216     1.847     0.194     0.039     0.018     0.020     0.719     0.030     0.013     4.219     5.844
    21.75    39.75    2096    16.699    15.326     5.186     3.419     0.850     0.058     0.621     0.145     0.099     1.156     9.420    13.742
    21.75    39.75    2097    20.725    14.770     2.210     2.623     0.518     0.072     0.060     0.335     0.054     0.792     4.575    10.123
    21.75    39.75    2098    17.130    19.595     1.912     0.117     0.356     0.175     0.048     1.644     0.048     1.735     0.189     5.090
    21.75    39.75    2099    13.961    25.912    21.963     3.421     0.871     0.543     0.079     0.212     1.050     1.214     2.915    10.373
    21.75    39.75    2100    25.944    13.807     2.336     2.637     0.816     0.802     0.739     3.714     1.750     0.368     0.133     4.065
    21.75    39.75    2101    25.694    19.656     6.107     0.739     0.468     0.289     1.216     0.467     0.129     0.164     3.714     8.162
    21.75    39.75    2102    19.192    10.181     1.723     2.483     0.158     0.438     1.366     0.670     0.096    14.611    13.240    14.337
    21.75    39.75    2103     5.588    17.418    21.789     0.658     1.215     0.139     0.080     0.062     0.480     1.571    12.269     9.037
    21.75    39.75    2104    22.108    14.260    14.216     2.390     0.091     0.292     0.354     0.048     0.134     0.467     6.567    10.401
    21.75    39.75    2105    23.336    20.571     4.124     1.054     0.058     1.149     0.298     0.075     0.324     2.760     8.173     9.684
    21.75    39.75    2106    19.965    13.314     2.439     0.337     0.386     0.414     0.481     0.944     0.408     1.529    13.540    13.416
    21.75    39.75    2107    22.269    11.405     0.261     0.193     0.046     0.122     0.082     6.071     0.655     0.528     3.242     5.178
    21.75    39.75    2108    24.997    32.642    38.144    20.859     4.300     1.510     5.448     5.228     3.405     0.274    12.648    12.955
    21.75    39.75    2109    29.806    22.501     3.772     0.838     2.221     1.660     2.905     0.959     1.220     7.205     8.374     5.681
    21.75    39.75    2110    15.735    34.001    18.435     1.449     0.874     1.579     0.849     0.436     1.197     3.147     9.229     7.249
    21.75    39.75    2111    18.149    19.446     6.130     8.454     3.754     1.269     0.780     9.272     0.805     1.470     0.967     7.162
    21.75    39.75    2112    15.819     9.259     2.521     0.450     0.098     0.274     0.068     0.027     0.049    10.408     8.820     8.070
    21.75    39.75    2113    21.936    33.050    37.197    18.827     0.523     1.148     0.094     0.052     0.047     0.032     6.366     8.922
    21.75    39.75    2114    18.828    30.324    25.624     8.926     0.068     0.106     0.477     2.394     0.390     0.283     4.980     8.328
    21.75    39.75    2115    20.017    19.605    11.743     0.997     5.686     0.952     0.323     0.103     0.355     7.120     7.889     5.563
    21.75    39.75    2116    19.572    29.449     5.363     0.114     0.230     1.858     2.747     2.116     3.069     0.208     0.530     5.615
    21.75    39.75    2117    19.040    11.213     2.853     0.099     0.406     0.502     0.207     0.067     5.139    17.257     8.338    16.370
    21.75    39.75    2118    26.206    23.655    13.056     1.839     0.320     0.578     0.305     0.321     0.296     0.625     1.791     5.796
    21.75    39.75    2119    20.635    30.015    20.210     4.302     2.372     1.902     3.660     1.623     0.881     1.220     7.237     8.720
    21.75    39.75    2120    16.865     8.616     2.972     0.705     0.378     0.464     0.478     0.437     0.871     0.188     1.446     3.583
    21.75    39.75    2121    21.324    36.427    21.274     0.475     0.584     0.842     0.929     0.716     0.920     1.850     6.014    10.265
    21.75    39.75    2122    22.627    19.544     9.167     3.709     0.259     0.360     0.278     0.178     0.677     3.165     0.817     4.858
    21.75    39.75    2123    15.739    30.162    37.143     1.574     0.770     0.152     0.060     0.044     0.013     0.787     1.063     0.955
    21.75    39.75    2124    17.995    18.784     4.314     8.216     0.640     0.189     0.501    11.106     0.339     0.142     0.926     8.559
    21.75    39.75    2125    18.811    17.850     2.492     0.149     0.042     0.021     0.026     0.121     0.030     0.016     3.392     5.780
    21.75    39.75    2126    12.911    20.520     5.501     9.778     0.227     0.064     1.458     0.078     0.093     1.062    17.573    10.939
    21.75    39.75    2127    21.496    16.389     2.747     1.427     1.444     0.069     0.079     0.227     0.061     2.464     5.562    10.698
    21.75    39.75    2128    21.025    17.067     1.718     0.438     0.143     0.081     0.157     7.696     0.032     0.997     1.440     5.377
    21.75    39.75    2129    14.132    27.759    24.462     2.749     2.034     0.301     0.050     0.147     2.083     2.495     3.936    12.545
    21.75    39.75    2130    22.231     9.480     3.451     4.045     1.377     0.479     1.258     0.930     0.353     0.096     0.035     5.805
