      Lon      Lat    Year      CH LAI_Sum LAI_Win      z0  z0_Win
     9.75    49.75    1980    8.14    3.94    1.48    0.46    0.83
     9.75    49.75    1981    8.10    3.91    1.45    0.46    0.83
     9.75    49.75    1982    8.16    3.92    1.48    0.46    0.83
     9.75    49.75    1983    8.31    4.03    1.50    0.47    0.85
     9.75    49.75    1984    8.27    4.00    1.53    0.47    0.83
     9.75    49.75    1985    8.29    4.01    1.53    0.47    0.84
     9.75    49.75    1986    8.14    3.88    1.45    0.47    0.83
     9.75    49.75    1987    8.34    4.00    1.49    0.47    0.85
     9.75    49.75    1988    8.05    3.81    1.41    0.47    0.82
     9.75    49.75    1989    8.34    3.97    1.46    0.48    0.85
     9.75    49.75    1990    8.38    3.98    1.47    0.48    0.86
     9.75    49.75    1991    8.53    4.10    1.49    0.48    0.87
     9.75    49.75    1992    8.54    4.11    1.51    0.48    0.87
     9.75    49.75    1993    8.68    4.15    1.51    0.49    0.89
     9.75    49.75    1994    8.63    4.09    1.47    0.49    0.88
     9.75    49.75    1995    8.90    4.22    1.54    0.50    0.91
     9.75    49.75    1996    8.80    4.13    1.51    0.50    0.90
     9.75    49.75    1997    9.06    4.29    1.56    0.50    0.93
     9.75    49.75    1998    8.98    4.25    1.52    0.50    0.92
     9.75    49.75    1999    8.92    4.16    1.49    0.51    0.92
     9.75    49.75    2000    9.34    4.42    1.57    0.52    0.96
     9.75    49.75    2001    9.27    4.35    1.54    0.51    0.95
     9.75    49.75    2002    9.25    4.28    1.49    0.52    0.96
     9.75    49.75    2003    9.46    4.39    1.56    0.52    0.97
     9.75    49.75    2004    9.46    4.38    1.58    0.52    0.96
     9.75    49.75    2005    9.53    4.41    1.56    0.53    0.98
     9.75    49.75    2006    9.42    4.29    1.51    0.53    0.97
     9.75    49.75    2007    9.66    4.41    1.53    0.53    1.00
     9.75    49.75    2008    9.39    4.17    1.48    0.53    0.96
     9.75    49.75    2009    9.76    4.35    1.55    0.54    1.01
     9.75    49.75    2010    9.80    4.38    1.55    0.54    1.01
     9.75    49.75    2011    9.19    4.10    1.45    0.52    0.94
     9.75    49.75    2012    8.94    3.92    1.38    0.51    0.92
     9.75    49.75    2013    9.20    4.14    1.46    0.51    0.95
     9.75    49.75    2014    9.04    4.05    1.44    0.50    0.93
     9.75    49.75    2015    9.02    4.07    1.43    0.49    0.93
     9.75    49.75    2016    8.94    4.07    1.45    0.48    0.92
     9.75    49.75    2017    8.63    3.91    1.40    0.47    0.88
     9.75    49.75    2018    8.71    3.94    1.39    0.47    0.90
     9.75    49.75    2019    8.61    3.88    1.37    0.47    0.88
     9.75    49.75    2020    8.18    3.44    1.26    0.47    0.84
     9.75    49.75    2021    8.28    3.58    1.23    0.45    0.87
     9.75    49.75    2022    8.27    3.58    1.23    0.45    0.86
     9.75    49.75    2023    7.93    3.43    1.15    0.44    0.83
     9.75    49.75    2024    8.10    3.53    1.19    0.44    0.85
     9.75    49.75    2025    7.96    3.46    1.18    0.43    0.83
     9.75    49.75    2026    7.80    3.34    1.16    0.43    0.81
     9.75    49.75    2027    7.76    3.28    1.14    0.43    0.81
     9.75    49.75    2028    7.32    2.95    1.00    0.42    0.77
     9.75    49.75    2029    7.63    3.11    1.04    0.42    0.81
     9.75    49.75    2030    7.51    3.01    1.04    0.42    0.79
     9.75    49.75    2031    7.70    3.11    1.04    0.43    0.82
     9.75    49.75    2032    7.17    2.81    0.98    0.41    0.75
     9.75    49.75    2033    7.29    2.90    0.99    0.41    0.77
     9.75    49.75    2034    7.41    2.99    1.00    0.41    0.79
     9.75    49.75    2035    7.03    2.78    0.93    0.40    0.74
     9.75    49.75    2036    6.94    2.74    0.92    0.39    0.74
     9.75    49.75    2037    6.72    2.60    0.89    0.38    0.71
     9.75    49.75    2038    6.84    2.64    0.90    0.38    0.73
     9.75    49.75    2039    6.92    2.73    0.94    0.38    0.73
     9.75    49.75    2040    6.75    2.68    0.93    0.37    0.71
     9.75    49.75    2041    6.33    2.58    0.86    0.34    0.67
     9.75    49.75    2042    6.16    2.51    0.82    0.33    0.65
     9.75    49.75    2043    5.73    2.26    0.74    0.32    0.61
     9.75    49.75    2044    5.78    2.27    0.72    0.32    0.63
     9.75    49.75    2045    5.60    2.15    0.69    0.32    0.60
     9.75    49.75    2046    5.53    2.14    0.69    0.31    0.59
     9.75    49.75    2047    5.36    2.07    0.67    0.30    0.57
     9.75    49.75    2048    5.09    1.95    0.62    0.29    0.55
     9.75    49.75    2049    4.88    1.75    0.58    0.29    0.52
     9.75    49.75    2050    4.90    1.75    0.56    0.29    0.53
     9.75    49.75    2051    4.93    1.78    0.58    0.28    0.53
     9.75    49.75    2052    4.85    1.76    0.57    0.28    0.52
     9.75    49.75    2053    4.80    1.78    0.59    0.27    0.51
     9.75    49.75    2054    4.21    1.37    0.48    0.26    0.45
     9.75    49.75    2055    4.08    1.36    0.48    0.25    0.44
     9.75    49.75    2056    3.82    1.15    0.44    0.25    0.41
     9.75    49.75    2057    3.52    1.06    0.38    0.23    0.38
     9.75    49.75    2058    3.62    1.14    0.39    0.23    0.39
     9.75    49.75    2059    3.55    1.11    0.38    0.23    0.39
     9.75    49.75    2060    3.28    1.05    0.37    0.21    0.35
     9.75    49.75    2061    3.31    1.07    0.38    0.21    0.35
     9.75    49.75    2062    3.35    1.10    0.39    0.20    0.36
     9.75    49.75    2063    3.21    1.09    0.38    0.19    0.34
     9.75    49.75    2064    2.75    0.97    0.37    0.16    0.28
     9.75    49.75    2065    2.37    0.85    0.33    0.14    0.24
     9.75    49.75    2066    2.12    0.76    0.31    0.13    0.21
     9.75    49.75    2067    2.00    0.72    0.27    0.12    0.20
     9.75    49.75    2068    1.86    0.65    0.25    0.11    0.19
     9.75    49.75    2069    1.77    0.61    0.23    0.11    0.18
     9.75    49.75    2070    1.77    0.62    0.23    0.11    0.18
     9.75    49.75    2071    1.72    0.60    0.23    0.10    0.17
     9.75    49.75    2072    1.64    0.58    0.23    0.10    0.17
     9.75    49.75    2073    1.54    0.54    0.22    0.09    0.15
     9.75    49.75    2074    1.39    0.46    0.20    0.09    0.14
     9.75    49.75    2075    1.36    0.45    0.20    0.08    0.13
     9.75    49.75    2076    1.35    0.46    0.20    0.08    0.13
     9.75    49.75    2077    1.20    0.38    0.17    0.08    0.12
     9.75    49.75    2078    0.95    0.30    0.15    0.06    0.09
     9.75    49.75    2079    0.94    0.30    0.15    0.06    0.09
     9.75    49.75    2080    0.87    0.28    0.14    0.06    0.08
     9.75    49.75    2081    0.73    0.24    0.12    0.05    0.07
     9.75    49.75    2082    0.70    0.23    0.11    0.05    0.07
     9.75    49.75    2083    0.68    0.23    0.12    0.04    0.06
     9.75    49.75    2084    0.60    0.20    0.10    0.04    0.06
     9.75    49.75    2085    0.52    0.17    0.09    0.03    0.05
     9.75    49.75    2086    0.50    0.16    0.09    0.03    0.05
     9.75    49.75    2087    0.49    0.16    0.09    0.03    0.04
     9.75    49.75    2088    0.48    0.15    0.09    0.03    0.04
     9.75    49.75    2089    0.38    0.12    0.08    0.03    0.03
     9.75    49.75    2090    0.24    0.07    0.06    0.02    0.02
     9.75    49.75    2091    0.23    0.07    0.06    0.02    0.02
     9.75    49.75    2092    0.19    0.06    0.05    0.01    0.01
     9.75    49.75    2093    0.18    0.06    0.04    0.01    0.01
     9.75    49.75    2094    0.17    0.05    0.04    0.01    0.01
     9.75    49.75    2095    0.10    0.03    0.03    0.01    0.01
     9.75    49.75    2096    0.08    0.03    0.03    0.01    0.01
     9.75    49.75    2097    0.06    0.02    0.02    0.00    0.00
     9.75    49.75    2098    0.05    0.01    0.01    0.00    0.00
     9.75    49.75    2099    0.05    0.01    0.01    0.00    0.00
     9.75    49.75    2100    0.05    0.01    0.01    0.00    0.00
     9.75    49.75    2101    0.05    0.01    0.01    0.00    0.00
     9.75    49.75    2102    0.05    0.01    0.01    0.00    0.00
     9.75    49.75    2103    0.05    0.01    0.01    0.00    0.00
     9.75    49.75    2104    0.00    0.00    0.00    0.00    0.00
     9.75    49.75    2105    0.00    0.00    0.00    0.00    0.00
     9.75    49.75    2106    0.00    0.00    0.00    0.00    0.00
     9.75    49.75    2107    0.00    0.00    0.00    0.00    0.00
     9.75    49.75    2108    0.00    0.00    0.00    0.00    0.00
     9.75    49.75    2109    0.00    0.00    0.00    0.00    0.00
     9.75    49.75    2110    0.00    0.00    0.00    0.00    0.00
     9.75    49.75    2111    0.00    0.00    0.00    0.00    0.00
     9.75    49.75    2112    0.00    0.00    0.00    0.00    0.00
     9.75    49.75    2113    0.01    0.01    0.01    0.00    0.00
     9.75    49.75    2114    0.05    0.05    0.05    0.00    0.00
     9.75    49.75    2115    0.20    0.19    0.19    0.02    0.02
     9.75    49.75    2116    0.75    0.64    0.64    0.08    0.08
     9.75    49.75    2117    1.78    1.43    1.43    0.16    0.16
     9.75    49.75    2118    0.00    0.00    0.00    0.00    0.00
     9.75    49.75    2119    0.00    0.00    0.00    0.00    0.00
     9.75    49.75    2120    0.00    0.00    0.00    0.00    0.00
     9.75    49.75    2121    0.00    0.00    0.00    0.00    0.00
     9.75    49.75    2122    0.00    0.00    0.00    0.00    0.00
     9.75    49.75    2123    0.00    0.00    0.00    0.00    0.00
     9.75    49.75    2124    0.00    0.00    0.00    0.00    0.00
     9.75    49.75    2125    0.00    0.00    0.00    0.00    0.00
     9.75    49.75    2126    0.00    0.00    0.00    0.00    0.00
     9.75    49.75    2127    0.00    0.00    0.00    0.00    0.00
     9.75    49.75    2128    0.00    0.00    0.00    0.00    0.00
     9.75    49.75    2129    0.00    0.00    0.00    0.00    0.00
     9.75    49.75    2130    0.00    0.00    0.00    0.00    0.00
    13.75    55.75    1980    6.23    3.22    1.19    0.39    0.65
    13.75    55.75    1981    6.23    3.18    1.16    0.39    0.65
    13.75    55.75    1982    6.18    3.11    1.13    0.40    0.65
    13.75    55.75    1983    6.37    3.22    1.14    0.40    0.67
    13.75    55.75    1984    6.59    3.35    1.24    0.41    0.69
    13.75    55.75    1985    6.61    3.37    1.26    0.41    0.69
    13.75    55.75    1986    6.51    3.26    1.22    0.41    0.68
    13.75    55.75    1987    6.60    3.29    1.21    0.41    0.69
    13.75    55.75    1988    6.74    3.37    1.23    0.42    0.71
    13.75    55.75    1989    6.60    3.26    1.18    0.41    0.69
    13.75    55.75    1990    6.79    3.36    1.24    0.42    0.71
    13.75    55.75    1991    6.74    3.31    1.21    0.42    0.71
    13.75    55.75    1992    6.83    3.34    1.23    0.43    0.72
    13.75    55.75    1993    7.09    3.51    1.31    0.43    0.74
    13.75    55.75    1994    7.14    3.55    1.34    0.43    0.74
    13.75    55.75    1995    7.01    3.42    1.28    0.43    0.73
    13.75    55.75    1996    7.18    3.52    1.31    0.44    0.75
    13.75    55.75    1997    7.26    3.55    1.31    0.44    0.76
    13.75    55.75    1998    7.27    3.53    1.31    0.44    0.76
    13.75    55.75    1999    7.36    3.57    1.31    0.44    0.77
    13.75    55.75    2000    7.22    3.42    1.23    0.45    0.76
    13.75    55.75    2001    7.55    3.62    1.32    0.45    0.79
    13.75    55.75    2002    7.35    3.48    1.30    0.45    0.76
    13.75    55.75    2003    7.50    3.55    1.33    0.46    0.78
    13.75    55.75    2004    7.74    3.71    1.40    0.46    0.81
    13.75    55.75    2005    7.54    3.53    1.31    0.46    0.79
    13.75    55.75    2006    7.89    3.76    1.41    0.47    0.83
    13.75    55.75    2007    7.41    3.41    1.28    0.46    0.77
    13.75    55.75    2008    7.82    3.66    1.34    0.47    0.82
    13.75    55.75    2009    7.87    3.66    1.38    0.47    0.82
    13.75    55.75    2010    7.68    3.49    1.30    0.47    0.81
    13.75    55.75    2011    7.69    3.42    1.27    0.48    0.81
    13.75    55.75    2012    8.12    3.66    1.38    0.49    0.86
    13.75    55.75    2013    8.30    3.75    1.43    0.50    0.87
    13.75    55.75    2014    8.10    3.57    1.36    0.50    0.85
    13.75    55.75    2015    7.89    3.32    1.27    0.50    0.83
    13.75    55.75    2016    8.24    3.49    1.32    0.51    0.87
    13.75    55.75    2017    8.52    3.66    1.42    0.52    0.89
    13.75    55.75    2018    8.47    3.61    1.42    0.52    0.88
    13.75    55.75    2019    8.35    3.49    1.35    0.52    0.87
    13.75    55.75    2020    8.51    3.55    1.37    0.53    0.89
    13.75    55.75    2021    8.54    3.54    1.34    0.53    0.90
    13.75    55.75    2022    8.71    3.62    1.40    0.53    0.91
    13.75    55.75    2023    8.70    3.60    1.42    0.53    0.90
    13.75    55.75    2024    8.74    3.59    1.42    0.53    0.91
    13.75    55.75    2025    9.09    3.78    1.54    0.54    0.94
    13.75    55.75    2026    8.86    3.64    1.46    0.54    0.92
    13.75    55.75    2027    9.09    3.77    1.52    0.54    0.94
    13.75    55.75    2028    9.22    3.86    1.57    0.54    0.95
    13.75    55.75    2029    9.09    3.75    1.51    0.54    0.94
    13.75    55.75    2030    9.05    3.68    1.47    0.54    0.94
    13.75    55.75    2031    9.11    3.70    1.50    0.54    0.94
    13.75    55.75    2032    9.18    3.76    1.53    0.54    0.94
    13.75    55.75    2033    9.13    3.75    1.51    0.53    0.94
    13.75    55.75    2034    8.82    3.58    1.42    0.52    0.91
    13.75    55.75    2035    8.87    3.64    1.47    0.52    0.91
    13.75    55.75    2036    8.54    3.37    1.33    0.51    0.88
    13.75    55.75    2037    8.80    3.54    1.43    0.51    0.90
    13.75    55.75    2038    8.47    3.34    1.34    0.50    0.87
    13.75    55.75    2039    8.46    3.32    1.34    0.50    0.87
    13.75    55.75    2040    8.54    3.36    1.37    0.50    0.88
    13.75    55.75    2041    8.36    3.22    1.31    0.50    0.86
    13.75    55.75    2042    8.19    3.12    1.28    0.49    0.84
    13.75    55.75    2043    8.14    3.05    1.26    0.50    0.83
    13.75    55.75    2044    8.34    3.17    1.36    0.50    0.84
    13.75    55.75    2045    7.99    2.99    1.25    0.49    0.81
    13.75    55.75    2046    7.71    2.84    1.17    0.47    0.79
    13.75    55.75    2047    7.83    2.90    1.24    0.47    0.79
    13.75    55.75    2048    7.78    2.90    1.24    0.47    0.79
    13.75    55.75    2049    7.77    2.94    1.26    0.46    0.79
    13.75    55.75    2050    7.36    2.71    1.14    0.45    0.75
    13.75    55.75    2051    7.21    2.58    1.08    0.45    0.74
    13.75    55.75    2052    7.36    2.69    1.13    0.45    0.75
    13.75    55.75    2053    7.31    2.69    1.16    0.44    0.74
    13.75    55.75    2054    7.17    2.69    1.15    0.43    0.72
    13.75    55.75    2055    6.77    2.49    1.06    0.41    0.68
    13.75    55.75    2056    6.49    2.34    1.00    0.40    0.66
    13.75    55.75    2057    6.47    2.34    1.02    0.40    0.65
    13.75    55.75    2058    6.44    2.37    1.06    0.39    0.64
    13.75    55.75    2059    6.36    2.35    1.07    0.38    0.63
    13.75    55.75    2060    6.06    2.26    1.01    0.36    0.60
    13.75    55.75    2061    6.03    2.29    1.03    0.36    0.59
    13.75    55.75    2062    5.62    2.11    0.95    0.34    0.55
    13.75    55.75    2063    5.50    2.08    0.96    0.33    0.54
    13.75    55.75    2064    5.05    1.88    0.88    0.31    0.49
    13.75    55.75    2065    4.98    1.87    0.89    0.30    0.48
    13.75    55.75    2066    4.74    1.73    0.83    0.29    0.46
    13.75    55.75    2067    4.74    1.72    0.83    0.29    0.46
    13.75    55.75    2068    4.69    1.72    0.85    0.28    0.45
    13.75    55.75    2069    4.69    1.74    0.86    0.28    0.45
    13.75    55.75    2070    4.45    1.66    0.86    0.27    0.42
    13.75    55.75    2071    4.13    1.53    0.80    0.25    0.39
    13.75    55.75    2072    3.84    1.42    0.75    0.23    0.36
    13.75    55.75    2073    3.52    1.26    0.70    0.22    0.32
    13.75    55.75    2074    3.47    1.26    0.70    0.21    0.32
    13.75    55.75    2075    3.34    1.19    0.67    0.21    0.31
    13.75    55.75    2076    3.34    1.19    0.67    0.20    0.31
    13.75    55.75    2077    3.32    1.16    0.66    0.20    0.31
    13.75    55.75    2078    3.18    1.12    0.66    0.20    0.28
    13.75    55.75    2079    2.83    1.00    0.64    0.17    0.24
    13.75    55.75    2080    2.36    0.82    0.53    0.15    0.20
    13.75    55.75    2081    1.97    0.69    0.47    0.12    0.16
    13.75    55.75    2082    1.95    0.68    0.48    0.12    0.16
    13.75    55.75    2083    1.85    0.65    0.49    0.11    0.15
    13.75    55.75    2084    1.70    0.60    0.47    0.10    0.13
    13.75    55.75    2085    1.50    0.51    0.43    0.09    0.11
    13.75    55.75    2086    1.37    0.45    0.39    0.09    0.10
    13.75    55.75    2087    1.28    0.41    0.38    0.08    0.09
    13.75    55.75    2088    1.35    0.44    0.40    0.08    0.09
    13.75    55.75    2089    1.27    0.39    0.35    0.08    0.09
    13.75    55.75    2090    1.02    0.32    0.30    0.07    0.07
    13.75    55.75    2091    1.00    0.32    0.30    0.06    0.07
    13.75    55.75    2092    0.88    0.28    0.27    0.06    0.06
    13.75    55.75    2093    0.49    0.15    0.15    0.03    0.03
    13.75    55.75    2094    0.51    0.15    0.15    0.03    0.03
    13.75    55.75    2095    0.47    0.14    0.14    0.03    0.03
    13.75    55.75    2096    0.36    0.11    0.11    0.02    0.02
    13.75    55.75    2097    0.35    0.10    0.10    0.02    0.02
    13.75    55.75    2098    0.31    0.09    0.09    0.02    0.02
    13.75    55.75    2099    0.31    0.09    0.09    0.02    0.02
    13.75    55.75    2100    0.32    0.09    0.09    0.02    0.02
    13.75    55.75    2101    0.31    0.09    0.09    0.02    0.02
    13.75    55.75    2102    0.20    0.06    0.06    0.01    0.01
    13.75    55.75    2103    0.00    0.00    0.00    0.00    0.00
    13.75    55.75    2104    0.00    0.00    0.00    0.00    0.00
    13.75    55.75    2105    0.00    0.00    0.00    0.00    0.00
    13.75    55.75    2106    0.00    0.00    0.00    0.00    0.00
    13.75    55.75    2107    0.00    0.00    0.00    0.00    0.00
    13.75    55.75    2108    0.00    0.00    0.00    0.00    0.00
    13.75    55.75    2109    0.00    0.00    0.00    0.00    0.00
    13.75    55.75    2110    0.00    0.00    0.00    0.00    0.00
    13.75    55.75    2111    0.00    0.00    0.00    0.00    0.00
    13.75    55.75    2112    0.01    0.01    0.01    0.00    0.00
    13.75    55.75    2113    0.03    0.03    0.03    0.00    0.00
    13.75    55.75    2114    0.11    0.10    0.10    0.01    0.01
    13.75    55.75    2115    0.35    0.31    0.31    0.03    0.03
    13.75    55.75    2116    0.91    0.76    0.76    0.10    0.10
    13.75    55.75    2117    1.94    1.50    1.50    0.17    0.17
    13.75    55.75    2118    3.38    2.38    2.38    0.25    0.25
    13.75    55.75    2119    4.48    2.87    2.87    0.30    0.30
    13.75    55.75    2120    5.16    2.91    2.91    0.35    0.35
    13.75    55.75    2121    5.66    2.80    2.80    0.39    0.39
    13.75    55.75    2122    6.26    2.81    2.81    0.43    0.43
    13.75    55.75    2123    7.30    3.04    3.04    0.48    0.48
    13.75    55.75    2124    8.42    3.30    3.30    0.54    0.54
    13.75    55.75    2125    9.24    3.44    3.44    0.58    0.58
    13.75    55.75    2126   10.02    3.57    3.57    0.62    0.62
    13.75    55.75    2127   10.26    3.52    3.52    0.63    0.63
    13.75    55.75    2128   10.89    3.62    3.62    0.67    0.67
    13.75    55.75    2129   10.96    3.52    3.52    0.68    0.68
    13.75    55.75    2130   11.40    3.57    3.57    0.70    0.70
    23.75    61.75    1980    6.11    2.62    2.41    0.43    0.46
    23.75    61.75    1981    6.20    2.65    2.45    0.43    0.46
    23.75    61.75    1982    6.18    2.60    2.40    0.44    0.46
    23.75    61.75    1983    6.36    2.67    2.46    0.44    0.47
    23.75    61.75    1984    6.24    2.60    2.39    0.44    0.47
    23.75    61.75    1985    6.30    2.60    2.39    0.44    0.47
    23.75    61.75    1986    6.30    2.57    2.36    0.45    0.48
    23.75    61.75    1987    6.44    2.62    2.40    0.45    0.48
    23.75    61.75    1988    6.55    2.68    2.45    0.46    0.49
    23.75    61.75    1989    6.61    2.67    2.44    0.46    0.49
    23.75    61.75    1990    6.59    2.64    2.40    0.46    0.50
    23.75    61.75    1991    6.63    2.65    2.42    0.47    0.50
    23.75    61.75    1992    6.77    2.70    2.46    0.47    0.51
    23.75    61.75    1993    6.86    2.70    2.46    0.48    0.51
    23.75    61.75    1994    6.88    2.69    2.47    0.48    0.51
    23.75    61.75    1995    6.94    2.71    2.47    0.49    0.52
    23.75    61.75    1996    6.85    2.63    2.40    0.49    0.52
    23.75    61.75    1997    6.82    2.58    2.35    0.49    0.52
    23.75    61.75    1998    6.95    2.63    2.40    0.49    0.53
    23.75    61.75    1999    7.17    2.74    2.51    0.50    0.54
    23.75    61.75    2000    7.16    2.70    2.48    0.50    0.54
    23.75    61.75    2001    7.14    2.65    2.43    0.51    0.54
    23.75    61.75    2002    7.29    2.70    2.48    0.51    0.55
    23.75    61.75    2003    7.21    2.63    2.42    0.51    0.55
    23.75    61.75    2004    7.36    2.69    2.47    0.52    0.56
    23.75    61.75    2005    7.46    2.72    2.50    0.52    0.56
    23.75    61.75    2006    7.47    2.72    2.49    0.53    0.56
    23.75    61.75    2007    7.46    2.70    2.47    0.53    0.56
    23.75    61.75    2008    7.69    2.80    2.57    0.53    0.58
    23.75    61.75    2009    7.62    2.74    2.51    0.53    0.57
    23.75    61.75    2010    7.64    2.73    2.50    0.54    0.58
    23.75    61.75    2011    7.21    2.63    2.41    0.50    0.54
    23.75    61.75    2012    7.05    2.59    2.37    0.49    0.53
    23.75    61.75    2013    7.07    2.58    2.36    0.49    0.53
    23.75    61.75    2014    7.08    2.59    2.37    0.49    0.53
    23.75    61.75    2015    6.83    2.50    2.29    0.47    0.51
    23.75    61.75    2016    6.68    2.43    2.22    0.46    0.50
    23.75    61.75    2017    6.59    2.40    2.19    0.46    0.50
    23.75    61.75    2018    6.69    2.41    2.20    0.46    0.50
    23.75    61.75    2019    6.62    2.40    2.19    0.45    0.49
    23.75    61.75    2020    6.52    2.31    2.11    0.45    0.49
    23.75    61.75    2021    6.48    2.26    2.07    0.45    0.49
    23.75    61.75    2022    6.50    2.26    2.07    0.45    0.49
    23.75    61.75    2023    6.66    2.30    2.11    0.45    0.49
    23.75    61.75    2024    6.74    2.30    2.11    0.46    0.50
    23.75    61.75    2025    6.50    2.21    2.02    0.44    0.48
    23.75    61.75    2026    6.13    2.10    1.91    0.42    0.46
    23.75    61.75    2027    6.10    2.09    1.90    0.42    0.46
    23.75    61.75    2028    6.33    2.16    1.97    0.43    0.46
    23.75    61.75    2029    6.01    2.03    1.86    0.41    0.44
    23.75    61.75    2030    6.10    2.03    1.86    0.41    0.45
    23.75    61.75    2031    6.08    1.99    1.82    0.42    0.45
    23.75    61.75    2032    5.97    1.95    1.79    0.41    0.44
    23.75    61.75    2033    5.96    1.94    1.77    0.40    0.44
    23.75    61.75    2034    5.83    1.87    1.71    0.40    0.43
    23.75    61.75    2035    5.73    1.84    1.68    0.39    0.43
    23.75    61.75    2036    5.81    1.86    1.70    0.39    0.43
    23.75    61.75    2037    5.68    1.82    1.66    0.38    0.42
    23.75    61.75    2038    5.61    1.77    1.62    0.38    0.41
    23.75    61.75    2039    5.69    1.79    1.64    0.39    0.42
    23.75    61.75    2040    5.60    1.76    1.61    0.38    0.41
    23.75    61.75    2041    5.44    1.68    1.55    0.37    0.40
    23.75    61.75    2042    5.23    1.64    1.50    0.35    0.38
    23.75    61.75    2043    5.05    1.57    1.44    0.34    0.37
    23.75    61.75    2044    4.74    1.47    1.34    0.32    0.35
    23.75    61.75    2045    4.66    1.43    1.30    0.32    0.35
    23.75    61.75    2046    4.74    1.44    1.31    0.32    0.35
    23.75    61.75    2047    4.42    1.33    1.21    0.30    0.33
    23.75    61.75    2048    4.53    1.36    1.24    0.31    0.33
    23.75    61.75    2049    4.48    1.33    1.22    0.31    0.33
    23.75    61.75    2050    4.52    1.33    1.22    0.31    0.33
    23.75    61.75    2051    4.39    1.27    1.17    0.30    0.33
    23.75    61.75    2052    4.22    1.23    1.12    0.29    0.31
    23.75    61.75    2053    3.89    1.12    1.03    0.27    0.29
    23.75    61.75    2054    3.83    1.12    1.03    0.26    0.28
    23.75    61.75    2055    3.73    1.08    0.99    0.26    0.28
    23.75    61.75    2056    3.69    1.07    0.98    0.25    0.27
    23.75    61.75    2057    3.61    1.05    0.96    0.25    0.27
    23.75    61.75    2058    3.45    1.01    0.92    0.24    0.25
    23.75    61.75    2059    3.21    0.94    0.86    0.22    0.23
    23.75    61.75    2060    3.18    0.91    0.84    0.22    0.23
    23.75    61.75    2061    3.02    0.87    0.81    0.21    0.22
    23.75    61.75    2062    2.87    0.83    0.77    0.19    0.21
    23.75    61.75    2063    2.74    0.79    0.73    0.19    0.20
    23.75    61.75    2064    2.47    0.71    0.66    0.17    0.18
    23.75    61.75    2065    2.25    0.64    0.60    0.15    0.16
    23.75    61.75    2066    2.06    0.59    0.56    0.14    0.15
    23.75    61.75    2067    1.96    0.56    0.53    0.13    0.14
    23.75    61.75    2068    1.78    0.50    0.48    0.12    0.12
    23.75    61.75    2069    1.80    0.51    0.49    0.12    0.13
    23.75    61.75    2070    1.60    0.44    0.43    0.11    0.11
    23.75    61.75    2071    1.41    0.39    0.37    0.10    0.10
    23.75    61.75    2072    1.24    0.34    0.33    0.09    0.09
    23.75    61.75    2073    1.24    0.34    0.32    0.09    0.09
    23.75    61.75    2074    1.07    0.29    0.28    0.07    0.08
    23.75    61.75    2075    0.99    0.27    0.25    0.07    0.07
    23.75    61.75    2076    0.88    0.24    0.23    0.06    0.06
    23.75    61.75    2077    0.81    0.22    0.21    0.06    0.06
    23.75    61.75    2078    0.81    0.21    0.21    0.06    0.06
    23.75    61.75    2079    0.70    0.19    0.18    0.05    0.05
    23.75    61.75    2080    0.51    0.13    0.13    0.04    0.04
    23.75    61.75    2081    0.18    0.05    0.05    0.01    0.01
    23.75    61.75    2082    0.18    0.05    0.05    0.01    0.01
    23.75    61.75    2083    0.18    0.05    0.05    0.01    0.01
    23.75    61.75    2084    0.17    0.05    0.05    0.01    0.01
    23.75    61.75    2085    0.08    0.02    0.02    0.01    0.01
    23.75    61.75    2086    0.00    0.00    0.00    0.00    0.00
    23.75    61.75    2087    0.00    0.00    0.00    0.00    0.00
    23.75    61.75    2088    0.00    0.00    0.00    0.00    0.00
    23.75    61.75    2089    0.00    0.00    0.00    0.00    0.00
    23.75    61.75    2090    0.00    0.00    0.00    0.00    0.00
    23.75    61.75    2091    0.00    0.00    0.00    0.00    0.00
    23.75    61.75    2092    0.00    0.00    0.00    0.00    0.00
    23.75    61.75    2093    0.00    0.00    0.00    0.00    0.00
    23.75    61.75    2094    0.00    0.00    0.00    0.00    0.00
    23.75    61.75    2095    0.00    0.00    0.00    0.00    0.00
    23.75    61.75    2096    0.00    0.00    0.00    0.00    0.00
    23.75    61.75    2097    0.00    0.00    0.00    0.00    0.00
    23.75    61.75    2098    0.00    0.00    0.00    0.00    0.00
    23.75    61.75    2099    0.00    0.00    0.00    0.00    0.00
    23.75    61.75    2100    0.00    0.00    0.00    0.00    0.00
    23.75    61.75    2101    0.00    0.00    0.00    0.00    0.00
    23.75    61.75    2102    0.00    0.00    0.00    0.00    0.00
    23.75    61.75    2103    0.00    0.00    0.00    0.00    0.00
    23.75    61.75    2104    0.00    0.00    0.00    0.00    0.00
    23.75    61.75    2105    0.00    0.00    0.00    0.00    0.00
    23.75    61.75    2106    0.00    0.00    0.00    0.00    0.00
    23.75    61.75    2107    0.00    0.00    0.00    0.00    0.00
    23.75    61.75    2108    0.00    0.00    0.00    0.00    0.00
    23.75    61.75    2109    0.00    0.00    0.00    0.00    0.00
    23.75    61.75    2110    0.00    0.00    0.00    0.00    0.00
    23.75    61.75    2111    0.00    0.00    0.00    0.00    0.00
    23.75    61.75    2112    0.00    0.00    0.00    0.00    0.00
    23.75    61.75    2113    0.00    0.00    0.00    0.00    0.00
    23.75    61.75    2114    0.00    0.00    0.00    0.00    0.00
    23.75    61.75    2115    0.00    0.00    0.00    0.00    0.00
    23.75    61.75    2116    0.00    0.00    0.00    0.00    0.00
    23.75    61.75    2117    0.00    0.00    0.00    0.00    0.00
    23.75    61.75    2118    0.00    0.00    0.00    0.00    0.00
    23.75    61.75    2119    0.00    0.00    0.00    0.00    0.00
    23.75    61.75    2120    0.00    0.00    0.00    0.00    0.00
    23.75    61.75    2121    0.00    0.00    0.00    0.00    0.00
    23.75    61.75    2122    0.00    0.00    0.00    0.00    0.00
    23.75    61.75    2123    0.00    0.00    0.00    0.00    0.00
    23.75    61.75    2124    0.00    0.00    0.00    0.00    0.00
    23.75    61.75    2125    0.00    0.00    0.00    0.00    0.00
    23.75    61.75    2126    0.00    0.00    0.00    0.00    0.00
    23.75    61.75    2127    0.00    0.00    0.00    0.00    0.00
    23.75    61.75    2128    0.00    0.00    0.00    0.00    0.00
    23.75    61.75    2129    0.00    0.00    0.00    0.00    0.00
    23.75    61.75    2130    0.00    0.00    0.00    0.00    0.00
    21.75    39.75    1980    3.47    1.61    0.90    0.31    0.34
    21.75    39.75    1981    0.84    0.41    0.36    0.09    0.08
    21.75    39.75    1982    0.95    0.45    0.39    0.10    0.09
    21.75    39.75    1983    1.29    0.64    0.56    0.12    0.11
    21.75    39.75    1984    1.41    0.71    0.60    0.13    0.12
    21.75    39.75    1985    1.38    0.70    0.56    0.13    0.12
    21.75    39.75    1986    1.79    0.98    0.73    0.16    0.14
    21.75    39.75    1987    2.05    1.21    0.84    0.17    0.15
    21.75    39.75    1988    2.07    1.24    0.79    0.18    0.15
    21.75    39.75    1989    2.08    1.25    0.74    0.19    0.16
    21.75    39.75    1990    2.16    1.31    0.71    0.20    0.17
    21.75    39.75    1991    1.82    1.04    0.54    0.19    0.15
    21.75    39.75    1992    2.12    1.25    0.59    0.21    0.18
    21.75    39.75    1993    2.35    1.39    0.64    0.22    0.20
    21.75    39.75    1994    2.58    1.52    0.71    0.23    0.22
    21.75    39.75    1995    2.87    1.71    0.77    0.24    0.24
    21.75    39.75    1996    2.92    1.72    0.77    0.25    0.25
    21.75    39.75    1997    3.08    1.80    0.81    0.26    0.27
    21.75    39.75    1998    3.03    1.73    0.78    0.26    0.27
    21.75    39.75    1999    2.57    1.32    0.63    0.25    0.24
    21.75    39.75    2000    2.70    1.40    0.64    0.25    0.25
    21.75    39.75    2001    2.57    1.29    0.64    0.25    0.24
    21.75    39.75    2002    2.29    1.11    0.58    0.23    0.21
    21.75    39.75    2003    2.82    1.43    0.69    0.26    0.26
    21.75    39.75    2004    2.51    1.23    0.62    0.25    0.24
    21.75    39.75    2005    2.54    1.25    0.62    0.25    0.24
    21.75    39.75    2006    2.60    1.29    0.65    0.25    0.25
    21.75    39.75    2007    3.02    1.54    0.72    0.27    0.29
    21.75    39.75    2008    2.55    1.19    0.65    0.25    0.25
    21.75    39.75    2009    3.12    1.51    0.73    0.28    0.31
    21.75    39.75    2010    2.46    1.09    0.63    0.25    0.25
    21.75    39.75    2011    2.38    1.07    0.64    0.25    0.24
    21.75    39.75    2012    2.77    1.27    0.71    0.27    0.28
    21.75    39.75    2013    2.52    1.14    0.68    0.26    0.26
    21.75    39.75    2014    2.98    1.38    0.79    0.29    0.30
    21.75    39.75    2015    2.98    1.38    0.82    0.29    0.30
    21.75    39.75    2016    2.92    1.33    0.77    0.28    0.29
    21.75    39.75    2017    2.68    1.20    0.72    0.27    0.27
    21.75    39.75    2018    2.36    1.05    0.65    0.25    0.25
    21.75    39.75    2019    3.07    1.40    0.81    0.29    0.31
    21.75    39.75    2020    3.29    1.51    0.85    0.31    0.33
    21.75    39.75    2021    3.21    1.44    0.83    0.31    0.32
    21.75    39.75    2022    3.85    1.76    0.98    0.34    0.38
    21.75    39.75    2023    3.79    1.71    0.95    0.33    0.38
    21.75    39.75    2024    3.06    1.27    0.83    0.31    0.31
    21.75    39.75    2025    3.17    1.31    0.82    0.31    0.32
    21.75    39.75    2026    2.98    1.19    0.75    0.30    0.31
    21.75    39.75    2027    2.49    0.97    0.66    0.28    0.26
    21.75    39.75    2028    2.78    1.09    0.70    0.29    0.29
    21.75    39.75    2029    2.66    1.04    0.67    0.29    0.28
    21.75    39.75    2030    3.36    1.35    0.79    0.33    0.34
    21.75    39.75    2031    3.68    1.48    0.83    0.34    0.38
    21.75    39.75    2032    3.53    1.40    0.81    0.34    0.36
    21.75    39.75    2033    3.07    1.18    0.73    0.31    0.32
    21.75    39.75    2034    2.56    0.95    0.58    0.29    0.28
    21.75    39.75    2035    2.69    1.00    0.60    0.29    0.29
    21.75    39.75    2036    3.33    1.25    0.69    0.33    0.36
    21.75    39.75    2037    3.29    1.22    0.72    0.33    0.35
    21.75    39.75    2038    3.48    1.29    0.73    0.34    0.37
    21.75    39.75    2039    3.94    1.48    0.82    0.37    0.41
    21.75    39.75    2040    3.38    1.22    0.71    0.34    0.36
    21.75    39.75    2041    2.87    1.01    0.63    0.31    0.31
    21.75    39.75    2042    3.62    1.29    0.73    0.36    0.38
    21.75    39.75    2043    3.50    1.24    0.73    0.35    0.37
    21.75    39.75    2044    1.02    0.39    0.38    0.12    0.12
    21.75    39.75    2045    1.48    0.59    0.59    0.17    0.16
    21.75    39.75    2046    1.64    0.76    0.74    0.18    0.18
    21.75    39.75    2047    1.94    0.92    0.87    0.20    0.20
    21.75    39.75    2048    1.96    0.93    0.85    0.21    0.20
    21.75    39.75    2049    1.76    0.85    0.75    0.20    0.18
    21.75    39.75    2050    1.83    0.93    0.78    0.20    0.19
    21.75    39.75    2051    2.45    1.23    1.01    0.24    0.23
    21.75    39.75    2052    2.69    1.34    1.10    0.26    0.24
    21.75    39.75    2053    2.56    1.27    1.00    0.26    0.24
    21.75    39.75    2054    2.86    1.43    1.10    0.27    0.26
    21.75    39.75    2055    2.74    1.36    1.01    0.27    0.25
    21.75    39.75    2056    2.60    1.26    0.93    0.26    0.25
    21.75    39.75    2057    2.62    1.28    0.94    0.26    0.25
    21.75    39.75    2058    1.00    0.54    0.47    0.10    0.09
    21.75    39.75    2059    1.12    0.62    0.47    0.11    0.10
    21.75    39.75    2060    1.16    0.65    0.45    0.12    0.10
    21.75    39.75    2061    1.52    0.88    0.57    0.14    0.13
    21.75    39.75    2062    1.14    0.64    0.43    0.12    0.11
    21.75    39.75    2063    1.23    0.68    0.47    0.13    0.12
    21.75    39.75    2064    1.70    0.96    0.61    0.15    0.15
    21.75    39.75    2065    1.92    1.06    0.69    0.17    0.17
    21.75    39.75    2066    1.73    0.95    0.59    0.16    0.16
    21.75    39.75    2067    1.74    0.95    0.58    0.16    0.16
    21.75    39.75    2068    1.44    0.73    0.48    0.14    0.14
    21.75    39.75    2069    1.46    0.74    0.47    0.15    0.14
    21.75    39.75    2070    1.41    0.70    0.45    0.14    0.14
    21.75    39.75    2071    1.27    0.62    0.43    0.14    0.13
    21.75    39.75    2072    1.64    0.83    0.51    0.16    0.16
    21.75    39.75    2073    1.93    0.97    0.58    0.17    0.18
    21.75    39.75    2074    1.67    0.79    0.49    0.16    0.17
    21.75    39.75    2075    1.91    0.90    0.56    0.17    0.18
    21.75    39.75    2076    2.00    0.95    0.56    0.18    0.19
    21.75    39.75    2077    1.06    0.44    0.43    0.11    0.11
    21.75    39.75    2078    1.23    0.54    0.50    0.13    0.12
    21.75    39.75    2079    1.42    0.67    0.59    0.14    0.14
    21.75    39.75    2080    1.45    0.74    0.61    0.15    0.15
    21.75    39.75    2081    1.76    0.95    0.70    0.16    0.17
    21.75    39.75    2082    1.35    0.66    0.50    0.14    0.14
    21.75    39.75    2083    1.48    0.72    0.55    0.15    0.15
    21.75    39.75    2084    1.15    0.57    0.43    0.13    0.13
    21.75    39.75    2085    0.28    0.19    0.19    0.03    0.03
    21.75    39.75    2086    0.79    0.39    0.39    0.09    0.09
    21.75    39.75    2087    1.21    0.58    0.57    0.13    0.12
    21.75    39.75    2088    1.32    0.67    0.64    0.13    0.13
    21.75    39.75    2089    1.27    0.63    0.57    0.13    0.13
    21.75    39.75    2090    1.67    0.90    0.81    0.15    0.15
    21.75    39.75    2091    1.36    0.78    0.69    0.13    0.12
    21.75    39.75    2092    1.20    0.61    0.50    0.13    0.13
    21.75    39.75    2093    1.23    0.60    0.49    0.14    0.13
    21.75    39.75    2094    1.16    0.56    0.45    0.13    0.13
    21.75    39.75    2095    1.69    0.84    0.67    0.16    0.16
    21.75    39.75    2096    1.47    0.69    0.56    0.15    0.15
    21.75    39.75    2097    0.10    0.06    0.05    0.01    0.01
    21.75    39.75    2098    0.10    0.08    0.08    0.01    0.01
    21.75    39.75    2099    0.21    0.16    0.16    0.02    0.02
    21.75    39.75    2100    0.38    0.32    0.32    0.04    0.04
    21.75    39.75    2101    0.80    0.66    0.64    0.08    0.07
    21.75    39.75    2102    1.16    0.86    0.82    0.10    0.10
    21.75    39.75    2103    1.79    1.32    1.22    0.13    0.13
    21.75    39.75    2104    1.68    1.17    1.04    0.13    0.13
    21.75    39.75    2105    2.15    1.43    1.22    0.16    0.16
    21.75    39.75    2106    2.20    1.40    1.18    0.16    0.17
    21.75    39.75    2107    1.36    0.72    0.66    0.13    0.13
    21.75    39.75    2108    1.66    0.87    0.79    0.15    0.15
    21.75    39.75    2109    1.83    0.95    0.85    0.16    0.16
    21.75    39.75    2110    1.61    0.80    0.69    0.15    0.15
    21.75    39.75    2111    1.91    0.97    0.81    0.17    0.17
    21.75    39.75    2112    1.56    0.74    0.63    0.16    0.16
    21.75    39.75    2113    1.67    0.80    0.66    0.16    0.17
    21.75    39.75    2114    1.12    0.52    0.40    0.13    0.13
    21.75    39.75    2115    0.17    0.08    0.08    0.02    0.01
    21.75    39.75    2116    0.38    0.22    0.21    0.04    0.04
    21.75    39.75    2117    0.69    0.42    0.40    0.07    0.07
    21.75    39.75    2118    1.03    0.81    0.77    0.09    0.09
    21.75    39.75    2119    1.14    0.93    0.86    0.10    0.09
    21.75    39.75    2120    1.70    1.55    1.46    0.12    0.12
    21.75    39.75    2121    1.48    1.07    0.98    0.12    0.12
    21.75    39.75    2122    1.58    1.09    0.97    0.13    0.13
    21.75    39.75    2123    1.52    0.97    0.85    0.13    0.13
    21.75    39.75    2124    1.26    0.74    0.65    0.12    0.12
    21.75    39.75    2125    1.96    1.16    0.99    0.16    0.17
    21.75    39.75    2126    1.66    0.93    0.83    0.15    0.15
    21.75    39.75    2127    0.13    0.09    0.08    0.01    0.01
    21.75    39.75    2128    0.16    0.12    0.12    0.02    0.02
    21.75    39.75    2129    0.34    0.25    0.25    0.04    0.04
    21.75    39.75    2130    0.71    0.59    0.58    0.07    0.07
