      Lon      Lat    Year    VegC LitterC   SoilC     HarvSlowC Total-slow     Total
     9.75    49.75    1980   2.188   0.963   4.032      0.135334      7.182     7.318
     9.75    49.75    1981   2.176   0.960   4.034      0.138479      7.169     7.308
     9.75    49.75    1982   2.183   0.957   4.038      0.140267      7.178     7.318
     9.75    49.75    1983   2.212   0.941   4.039      0.143155      7.191     7.335
     9.75    49.75    1984   2.218   0.949   4.042      0.147030      7.209     7.357
     9.75    49.75    1985   2.232   0.951   4.045      0.150566      7.228     7.379
     9.75    49.75    1986   2.205   0.958   4.051      0.153868      7.214     7.367
     9.75    49.75    1987   2.244   0.951   4.054      0.155200      7.248     7.404
     9.75    49.75    1988   2.125   0.937   4.052      0.159904      7.114     7.274
     9.75    49.75    1989   2.110   0.929   4.053      0.160518      7.091     7.252
     9.75    49.75    1990   2.122   0.919   4.055      0.164483      7.095     7.260
     9.75    49.75    1991   2.166   0.912   4.053      0.166685      7.132     7.298
     9.75    49.75    1992   2.170   0.916   4.053      0.169818      7.139     7.309
     9.75    49.75    1993   2.205   0.915   4.058      0.170591      7.177     7.348
     9.75    49.75    1994   2.203   0.900   4.056      0.172676      7.159     7.332
     9.75    49.75    1995   2.195   0.896   4.058      0.173011      7.149     7.322
     9.75    49.75    1996   2.193   0.891   4.058      0.177113      7.142     7.319
     9.75    49.75    1997   2.254   0.892   4.061      0.178759      7.207     7.386
     9.75    49.75    1998   2.256   0.889   4.060      0.183105      7.205     7.388
     9.75    49.75    1999   2.254   0.874   4.057      0.184480      7.185     7.370
     9.75    49.75    2000   2.317   0.857   4.053      0.184086      7.226     7.411
     9.75    49.75    2001   2.318   0.861   4.054      0.189530      7.233     7.422
     9.75    49.75    2002   2.265   0.856   4.054      0.191634      7.174     7.366
     9.75    49.75    2003   2.313   0.859   4.056      0.193179      7.228     7.422
     9.75    49.75    2004   2.339   0.859   4.057      0.197433      7.254     7.452
     9.75    49.75    2005   2.358   0.855   4.055      0.200901      7.268     7.469
     9.75    49.75    2006   2.352   0.847   4.053      0.204273      7.252     7.456
     9.75    49.75    2007   2.389   0.841   4.053      0.204047      7.283     7.487
     9.75    49.75    2008   2.360   0.826   4.049      0.207211      7.235     7.442
     9.75    49.75    2009   2.366   0.872   4.050      0.205873      7.287     7.493
     9.75    49.75    2010   2.365   0.889   4.048      0.211840      7.302     7.514
     9.75    49.75    2011   2.272   0.906   4.046      0.227337      7.224     7.451
     9.75    49.75    2012   2.230   0.903   4.044      0.232055      7.177     7.409
     9.75    49.75    2013   2.235   0.905   4.045      0.235851      7.185     7.421
     9.75    49.75    2014   2.209   0.899   4.043      0.242566      7.151     7.393
     9.75    49.75    2015   2.218   0.897   4.042      0.249268      7.157     7.406
     9.75    49.75    2016   2.222   0.904   4.041      0.259096      7.167     7.426
     9.75    49.75    2017   2.171   0.917   4.041      0.267464      7.128     7.396
     9.75    49.75    2018   2.196   0.918   4.043      0.270948      7.156     7.427
     9.75    49.75    2019   2.203   0.912   4.043      0.275146      7.157     7.433
     9.75    49.75    2020   2.049   0.968   4.040      0.278336      7.057     7.335
     9.75    49.75    2021   2.063   0.961   4.040      0.284110      7.064     7.348
     9.75    49.75    2022   2.078   0.968   4.041      0.287768      7.088     7.376
     9.75    49.75    2023   2.018   0.985   4.041      0.295844      7.044     7.340
     9.75    49.75    2024   2.059   0.972   4.040      0.296216      7.070     7.367
     9.75    49.75    2025   2.059   0.980   4.045      0.301500      7.084     7.386
     9.75    49.75    2026   2.032   0.965   4.046      0.304379      7.043     7.347
     9.75    49.75    2027   2.025   0.944   4.047      0.304548      7.016     7.320
     9.75    49.75    2028   1.940   0.937   4.048      0.310086      6.925     7.235
     9.75    49.75    2029   2.020   0.902   4.045      0.306129      6.967     7.273
     9.75    49.75    2030   1.932   0.930   4.041      0.306083      6.903     7.209
     9.75    49.75    2031   1.982   0.914   4.045      0.304249      6.941     7.245
     9.75    49.75    2032   1.904   0.908   4.042      0.310582      6.854     7.164
     9.75    49.75    2033   1.929   0.884   4.039      0.310732      6.852     7.163
     9.75    49.75    2034   1.956   0.882   4.037      0.311122      6.875     7.187
     9.75    49.75    2035   1.905   0.879   4.037      0.317122      6.821     7.138
     9.75    49.75    2036   1.866   0.864   4.035      0.318575      6.765     7.084
     9.75    49.75    2037   1.835   0.860   4.034      0.321096      6.729     7.050
     9.75    49.75    2038   1.876   0.838   4.031      0.318336      6.745     7.063
     9.75    49.75    2039   1.937   0.841   4.032      0.319554      6.809     7.129
     9.75    49.75    2040   1.915   0.853   4.030      0.326376      6.798     7.124
     9.75    49.75    2041   1.885   0.870   4.037      0.341513      6.793     7.134
     9.75    49.75    2042   1.857   0.879   4.038      0.345749      6.774     7.120
     9.75    49.75    2043   1.736   0.867   4.040      0.352343      6.643     6.995
     9.75    49.75    2044   1.766   0.838   4.042      0.350419      6.646     6.996
     9.75    49.75    2045   1.705   0.823   4.038      0.351038      6.565     6.916
     9.75    49.75    2046   1.666   0.867   4.036      0.350947      6.569     6.920
     9.75    49.75    2047   1.635   0.889   4.040      0.353175      6.563     6.917
     9.75    49.75    2048   1.604   0.858   4.041      0.357377      6.503     6.860
     9.75    49.75    2049   1.548   0.837   4.036      0.356494      6.422     6.778
     9.75    49.75    2050   1.569   0.826   4.034      0.353766      6.429     6.783
     9.75    49.75    2051   1.590   0.817   4.023      0.351315      6.430     6.781
     9.75    49.75    2052   1.567   0.832   4.023      0.351901      6.422     6.774
     9.75    49.75    2053   1.604   0.823   4.024      0.353349      6.451     6.804
     9.75    49.75    2054   1.447   0.817   4.017      0.361264      6.281     6.643
     9.75    49.75    2055   1.512   0.763   4.014      0.363190      6.289     6.652
     9.75    49.75    2056   1.393   0.780   4.000      0.360976      6.174     6.535
     9.75    49.75    2057   1.350   0.763   3.998      0.364978      6.111     6.475
     9.75    49.75    2058   1.387   0.772   3.983      0.362937      6.142     6.505
     9.75    49.75    2059   1.365   0.751   3.979      0.360641      6.094     6.455
     9.75    49.75    2060   1.293   0.733   3.975      0.365721      6.001     6.367
     9.75    49.75    2061   1.323   0.707   3.969      0.362161      5.999     6.361
     9.75    49.75    2062   1.377   0.684   3.960      0.358942      6.021     6.379
     9.75    49.75    2063   1.366   0.700   3.957      0.360813      6.023     6.384
     9.75    49.75    2064   1.325   0.715   3.959      0.372173      5.999     6.372
     9.75    49.75    2065   1.239   0.726   3.960      0.379002      5.924     6.303
     9.75    49.75    2066   1.231   0.689   3.957      0.382539      5.877     6.260
     9.75    49.75    2067   1.204   0.683   3.951      0.382351      5.838     6.221
     9.75    49.75    2068   1.185   0.648   3.942      0.381025      5.775     6.157
     9.75    49.75    2069   1.145   0.647   3.935      0.378562      5.727     6.106
     9.75    49.75    2070   1.206   0.623   3.933      0.374749      5.762     6.137
     9.75    49.75    2071   1.174   0.637   3.924      0.371679      5.735     6.106
     9.75    49.75    2072   1.247   0.601   3.924      0.369593      5.771     6.141
     9.75    49.75    2073   1.121   0.705   3.914      0.367749      5.739     6.107
     9.75    49.75    2074   1.055   0.654   3.921      0.366122      5.629     5.996
     9.75    49.75    2075   1.115   0.605   3.913      0.362803      5.633     5.995
     9.75    49.75    2076   1.126   0.630   3.907      0.359067      5.663     6.022
     9.75    49.75    2077   1.019   0.596   3.902      0.356885      5.517     5.874
     9.75    49.75    2078   1.099   0.564   3.901      0.359129      5.565     5.924
     9.75    49.75    2079   1.004   0.629   3.887      0.354912      5.520     5.875
     9.75    49.75    2080   1.053   0.552   3.895      0.351904      5.499     5.851
     9.75    49.75    2081   0.939   0.600   3.884      0.351494      5.423     5.774
     9.75    49.75    2082   0.952   0.567   3.889      0.347841      5.408     5.755
     9.75    49.75    2083   1.001   0.549   3.883      0.344485      5.433     5.777
     9.75    49.75    2084   0.959   0.561   3.881      0.342369      5.401     5.743
     9.75    49.75    2085   0.887   0.512   3.880      0.339846      5.279     5.619
     9.75    49.75    2086   0.914   0.502   3.869      0.335749      5.285     5.621
     9.75    49.75    2087   0.910   0.504   3.861      0.331284      5.276     5.607
     9.75    49.75    2088   0.952   0.483   3.864      0.327413      5.299     5.627
     9.75    49.75    2089   0.864   0.495   3.855      0.324715      5.214     5.538
     9.75    49.75    2090   0.980   0.446   3.856      0.324213      5.281     5.606
     9.75    49.75    2091   0.941   0.522   3.846      0.320306      5.309     5.629
     9.75    49.75    2092   0.920   0.474   3.858      0.317348      5.252     5.569
     9.75    49.75    2093   0.898   0.531   3.852      0.313397      5.281     5.594
     9.75    49.75    2094   0.895   0.551   3.852      0.309336      5.298     5.607
     9.75    49.75    2095   0.862   0.543   3.855      0.307081      5.260     5.567
     9.75    49.75    2096   0.882   0.507   3.861      0.303297      5.250     5.553
     9.75    49.75    2097   0.809   0.493   3.853      0.299562      5.155     5.455
     9.75    49.75    2098   0.870   0.440   3.848      0.295751      5.158     5.454
     9.75    49.75    2099   0.846   0.468   3.835      0.291523      5.149     5.440
     9.75    49.75    2100   0.890   0.426   3.835      0.287330      5.150     5.438
     9.75    49.75    2101   0.803   0.435   3.824      0.283172      5.062     5.345
     9.75    49.75    2102   0.844   0.453   3.822      0.279052      5.120     5.399
     9.75    49.75    2103   0.814   0.483   3.816      0.275234      5.113     5.388
     9.75    49.75    2104   0.771   0.445   3.823      0.272641      5.039     5.312
     9.75    49.75    2105   0.805   0.401   3.818      0.268640      5.023     5.292
     9.75    49.75    2106   0.811   0.440   3.814      0.264680      5.065     5.330
     9.75    49.75    2107   0.736   0.409   3.812      0.260761      4.958     5.218
     9.75    49.75    2108   0.864   0.351   3.813      0.256883      5.028     5.285
     9.75    49.75    2109   0.781   0.441   3.799      0.253046      5.021     5.274
     9.75    49.75    2110   0.826   0.365   3.811      0.249249      5.003     5.252
     9.75    49.75    2111   0.840   0.376   3.803      0.245491      5.020     5.265
     9.75    49.75    2112   0.847   0.374   3.807      0.241772      5.028     5.269
     9.75    49.75    2113   0.912   0.361   3.805      0.238092      5.077     5.315
     9.75    49.75    2114   0.854   0.392   3.804      0.234449      5.049     5.283
     9.75    49.75    2115   0.887   0.329   3.807      0.230843      5.024     5.255
     9.75    49.75    2116   0.894   0.340   3.795      0.227273      5.029     5.256
     9.75    49.75    2117   0.928   0.345   3.792      0.223755      5.065     5.289
     9.75    49.75    2118   0.787   0.619   3.795      0.220657      5.201     5.421
     9.75    49.75    2119   0.831   0.477   3.807      0.217239      5.115     5.333
     9.75    49.75    2120   0.936   0.474   3.799      0.213805      5.209     5.423
     9.75    49.75    2121   0.932   0.500   3.804      0.210402      5.236     5.447
     9.75    49.75    2122   0.900   0.458   3.820      0.207029      5.177     5.384
     9.75    49.75    2123   0.973   0.405   3.825      0.203685      5.203     5.407
     9.75    49.75    2124   0.995   0.432   3.830      0.200370      5.257     5.457
     9.75    49.75    2125   0.915   0.488   3.839      0.197081      5.242     5.439
     9.75    49.75    2126   0.860   0.505   3.850      0.193820      5.214     5.408
     9.75    49.75    2127   0.756   0.529   3.848      0.190586      5.133     5.323
     9.75    49.75    2128   0.815   0.467   3.847      0.187378      5.129     5.316
     9.75    49.75    2129   0.809   0.484   3.839      0.184197      5.131     5.315
     9.75    49.75    2130   0.833   0.451   3.840      0.181043      5.125     5.306
    13.75    55.75    1980   3.042   1.829   4.590      0.149010      9.461     9.610
    13.75    55.75    1981   2.950   1.802   4.594      0.150674      9.347     9.497
    13.75    55.75    1982   2.937   1.781   4.597      0.152907      9.315     9.468
    13.75    55.75    1983   2.958   1.760   4.597      0.154288      9.314     9.468
    13.75    55.75    1984   3.002   1.763   4.599      0.156762      9.363     9.520
    13.75    55.75    1985   3.027   1.765   4.604      0.161130      9.396     9.558
    13.75    55.75    1986   3.013   1.784   4.613      0.165495      9.410     9.576
    13.75    55.75    1987   3.030   1.763   4.618      0.167887      9.411     9.579
    13.75    55.75    1988   3.058   1.733   4.617      0.170652      9.408     9.579
    13.75    55.75    1989   3.039   1.734   4.620      0.174826      9.393     9.568
    13.75    55.75    1990   3.083   1.726   4.625      0.177000      9.434     9.611
    13.75    55.75    1991   3.075   1.720   4.627      0.180510      9.422     9.603
    13.75    55.75    1992   3.089   1.711   4.629      0.182971      9.430     9.613
    13.75    55.75    1993   3.156   1.716   4.634      0.186589      9.507     9.693
    13.75    55.75    1994   3.175   1.714   4.636      0.193556      9.525     9.718
    13.75    55.75    1995   3.142   1.710   4.637      0.198172      9.490     9.688
    13.75    55.75    1996   3.170   1.698   4.638      0.200077      9.507     9.707
    13.75    55.75    1997   3.189   1.692   4.640      0.205026      9.521     9.726
    13.75    55.75    1998   3.199   1.686   4.641      0.210923      9.527     9.738
    13.75    55.75    1999   3.213   1.688   4.643      0.215437      9.543     9.758
    13.75    55.75    2000   3.084   1.681   4.644      0.219900      9.409     9.629
    13.75    55.75    2001   3.150   1.684   4.649      0.221785      9.483     9.705
    13.75    55.75    2002   3.113   1.692   4.655      0.229327      9.459     9.688
    13.75    55.75    2003   3.136   1.686   4.656      0.232344      9.478     9.711
    13.75    55.75    2004   3.126   1.745   4.655      0.236992      9.525     9.762
    13.75    55.75    2005   2.903   1.841   4.655      0.243930      9.398     9.642
    13.75    55.75    2006   2.991   1.819   4.656      0.246620      9.466     9.713
    13.75    55.75    2007   2.844   1.820   4.660      0.255327      9.324     9.580
    13.75    55.75    2008   2.923   1.777   4.657      0.255562      9.357     9.613
    13.75    55.75    2009   2.942   1.766   4.658      0.259697      9.365     9.625
    13.75    55.75    2010   2.849   1.755   4.659      0.264683      9.262     9.527
    13.75    55.75    2011   2.870   1.722   4.658      0.261121      9.249     9.510
    13.75    55.75    2012   2.995   1.690   4.659      0.257743      9.344     9.602
    13.75    55.75    2013   3.070   1.675   4.659      0.259363      9.404     9.663
    13.75    55.75    2014   3.028   1.668   4.659      0.261981      9.355     9.617
    13.75    55.75    2015   2.978   1.643   4.659      0.258264      9.279     9.537
    13.75    55.75    2016   3.073   1.600   4.657      0.253988      9.330     9.584
    13.75    55.75    2017   3.180   1.580   4.654      0.255840      9.413     9.669
    13.75    55.75    2018   3.205   1.582   4.652      0.260041      9.438     9.699
    13.75    55.75    2019   3.191   1.567   4.647      0.262494      9.405     9.668
    13.75    55.75    2020   3.172   1.536   4.643      0.261321      9.351     9.613
    13.75    55.75    2021   3.208   1.519   4.640      0.261392      9.367     9.628
    13.75    55.75    2022   3.286   1.504   4.636      0.262951      9.426     9.689
    13.75    55.75    2023   3.285   1.496   4.632      0.266494      9.413     9.680
    13.75    55.75    2024   3.310   1.478   4.626      0.268462      9.414     9.683
    13.75    55.75    2025   3.438   1.483   4.630      0.269123      9.551     9.820
    13.75    55.75    2026   3.421   1.493   4.630      0.278166      9.544     9.822
    13.75    55.75    2027   3.511   1.485   4.630      0.280962      9.626     9.907
    13.75    55.75    2028   3.589   1.492   4.632      0.288122      9.713    10.001
    13.75    55.75    2029   3.587   1.489   4.631      0.295005      9.707    10.002
    13.75    55.75    2030   3.448   1.586   4.634      0.296660      9.668     9.965
    13.75    55.75    2031   3.453   1.575   4.637      0.300946      9.665     9.966
    13.75    55.75    2032   3.516   1.546   4.632      0.306949      9.695    10.002
    13.75    55.75    2033   3.520   1.556   4.633      0.315893      9.709    10.025
    13.75    55.75    2034   3.476   1.557   4.633      0.329626      9.666     9.995
    13.75    55.75    2035   3.527   1.559   4.636      0.337172      9.722    10.059
    13.75    55.75    2036   3.455   1.550   4.638      0.344749      9.643     9.988
    13.75    55.75    2037   3.573   1.532   4.638      0.347382      9.742    10.090
    13.75    55.75    2038   3.516   1.544   4.641      0.359067      9.702    10.061
    13.75    55.75    2039   3.562   1.523   4.640      0.363073      9.725    10.088
    13.75    55.75    2040   3.613   1.512   4.639      0.365342      9.764    10.130
    13.75    55.75    2041   3.605   1.509   4.642      0.368965      9.755    10.124
    13.75    55.75    2042   3.501   1.507   4.644      0.375327      9.652    10.027
    13.75    55.75    2043   3.518   1.489   4.644      0.375353      9.652    10.027
    13.75    55.75    2044   3.619   1.475   4.643      0.377013      9.737    10.114
    13.75    55.75    2045   3.466   1.490   4.642      0.386955      9.598     9.985
    13.75    55.75    2046   3.409   1.482   4.642      0.395517      9.533     9.928
    13.75    55.75    2047   3.487   1.471   4.642      0.397237      9.601     9.998
    13.75    55.75    2048   3.533   1.470   4.641      0.403190      9.644    10.048
    13.75    55.75    2049   3.571   1.479   4.642      0.410314      9.692    10.103
    13.75    55.75    2050   3.467   1.495   4.645      0.421149      9.608    10.029
    13.75    55.75    2051   3.434   1.458   4.642      0.422154      9.534     9.956
    13.75    55.75    2052   3.542   1.440   4.643      0.421841      9.625    10.047
    13.75    55.75    2053   3.476   1.450   4.639      0.425317      9.565     9.990
    13.75    55.75    2054   3.387   1.509   4.636      0.438032      9.532     9.970
    13.75    55.75    2055   3.257   1.506   4.631      0.447842      9.394     9.842
    13.75    55.75    2056   3.191   1.486   4.632      0.454677      9.309     9.764
    13.75    55.75    2057   3.253   1.453   4.623      0.454249      9.329     9.783
    13.75    55.75    2058   3.266   1.514   4.617      0.460731      9.397     9.858
    13.75    55.75    2059   3.256   1.543   4.628      0.467119      9.427     9.895
    13.75    55.75    2060   3.244   1.529   4.630      0.481700      9.403     9.884
    13.75    55.75    2061   3.268   1.536   4.633      0.485755      9.438     9.924
    13.75    55.75    2062   3.130   1.534   4.633      0.499011      9.298     9.797
    13.75    55.75    2063   3.127   1.527   4.637      0.504016      9.291     9.795
    13.75    55.75    2064   2.964   1.573   4.639      0.517629      9.176     9.694
    13.75    55.75    2065   3.010   1.552   4.643      0.520044      9.205     9.725
    13.75    55.75    2066   2.911   1.552   4.643      0.523250      9.107     9.630
    13.75    55.75    2067   2.942   1.514   4.651      0.520441      9.107     9.627
    13.75    55.75    2068   2.924   1.561   4.647      0.521039      9.132     9.653
    13.75    55.75    2069   2.946   1.566   4.653      0.521551      9.164     9.686
    13.75    55.75    2070   2.943   1.556   4.659      0.531206      9.158     9.689
    13.75    55.75    2071   2.851   1.570   4.660      0.541247      9.082     9.623
    13.75    55.75    2072   2.779   1.534   4.665      0.550756      8.977     9.528
    13.75    55.75    2073   2.632   1.531   4.663      0.555983      8.826     9.382
    13.75    55.75    2074   2.735   1.478   4.667      0.555719      8.879     9.435
    13.75    55.75    2075   2.635   1.507   4.659      0.554585      8.800     9.354
    13.75    55.75    2076   2.700   1.444   4.668      0.549991      8.811     9.361
    13.75    55.75    2077   2.685   1.433   4.664      0.544215      8.781     9.325
    13.75    55.75    2078   2.778   1.405   4.663      0.545193      8.847     9.392
    13.75    55.75    2079   2.675   1.495   4.665      0.560934      8.835     9.396
    13.75    55.75    2080   2.488   1.493   4.682      0.575182      8.662     9.238
    13.75    55.75    2081   2.404   1.451   4.689      0.587040      8.543     9.130
    13.75    55.75    2082   2.428   1.440   4.688      0.582681      8.556     9.139
    13.75    55.75    2083   2.495   1.422   4.685      0.581944      8.602     9.183
    13.75    55.75    2084   2.463   1.462   4.687      0.583543      8.612     9.196
    13.75    55.75    2085   2.343   1.458   4.702      0.584319      8.504     9.088
    13.75    55.75    2086   2.193   1.498   4.708      0.582119      8.399     8.981
    13.75    55.75    2087   2.102   1.457   4.711      0.579040      8.269     8.848
    13.75    55.75    2088   2.284   1.424   4.709      0.570950      8.417     8.988
    13.75    55.75    2089   2.128   1.484   4.702      0.565280      8.314     8.880
    13.75    55.75    2090   2.126   1.383   4.712      0.570065      8.221     8.791
    13.75    55.75    2091   2.105   1.502   4.703      0.566720      8.309     8.876
    13.75    55.75    2092   2.061   1.487   4.717      0.565864      8.265     8.831
    13.75    55.75    2093   1.791   1.500   4.726      0.576890      8.017     8.594
    13.75    55.75    2094   1.946   1.376   4.728      0.568967      8.049     8.618
    13.75    55.75    2095   1.824   1.435   4.716      0.562307      7.975     8.538
    13.75    55.75    2096   1.951   1.347   4.727      0.561458      8.025     8.587
    13.75    55.75    2097   1.899   1.386   4.710      0.554162      7.994     8.548
    13.75    55.75    2098   1.958   1.299   4.711      0.548927      7.967     8.516
    13.75    55.75    2099   1.849   1.301   4.705      0.541395      7.856     8.397
    13.75    55.75    2100   2.005   1.200   4.711      0.533953      7.916     8.450
    13.75    55.75    2101   2.005   1.255   4.689      0.527432      7.949     8.477
    13.75    55.75    2102   2.036   1.218   4.691      0.526854      7.945     8.472
    13.75    55.75    2103   1.876   1.234   4.688      0.529764      7.798     8.327
    13.75    55.75    2104   2.060   1.140   4.693      0.522739      7.893     8.416
    13.75    55.75    2105   1.974   1.212   4.671      0.515823      7.857     8.373
    13.75    55.75    2106   2.001   1.138   4.686      0.509010      7.825     8.334
    13.75    55.75    2107   1.915   1.113   4.680      0.502299      7.709     8.211
    13.75    55.75    2108   2.087   1.068   4.670      0.495684      7.825     8.321
    13.75    55.75    2109   2.101   1.154   4.665      0.489165      7.920     8.410
    13.75    55.75    2110   1.956   1.140   4.682      0.482738      7.777     8.260
    13.75    55.75    2111   2.010   1.050   4.689      0.476403      7.749     8.225
    13.75    55.75    2112   2.032   1.065   4.684      0.470158      7.780     8.250
    13.75    55.75    2113   2.163   1.042   4.677      0.464001      7.883     8.347
    13.75    55.75    2114   2.140   1.101   4.676      0.457930      7.917     8.375
    13.75    55.75    2115   2.082   1.067   4.696      0.451943      7.845     8.297
    13.75    55.75    2116   2.118   1.005   4.696      0.446037      7.818     8.264
    13.75    55.75    2117   2.222   0.994   4.694      0.440267      7.910     8.350
    13.75    55.75    2118   2.415   1.021   4.689      0.435496      8.125     8.560
    13.75    55.75    2119   2.480   1.034   4.686      0.435266      8.200     8.635
    13.75    55.75    2120   2.578   0.989   4.674      0.439665      8.241     8.681
    13.75    55.75    2121   2.740   1.011   4.659      0.446439      8.411     8.857
    13.75    55.75    2122   2.867   1.028   4.639      0.449762      8.535     8.984
    13.75    55.75    2123   2.868   1.012   4.623      0.449102      8.502     8.951
    13.75    55.75    2124   2.974   1.082   4.604      0.448278      8.660     9.108
    13.75    55.75    2125   3.042   1.066   4.588      0.447656      8.696     9.144
    13.75    55.75    2126   3.205   1.096   4.576      0.448973      8.877     9.326
    13.75    55.75    2127   3.306   1.087   4.559      0.456172      8.953     9.409
    13.75    55.75    2128   3.382   1.079   4.541      0.457294      9.002     9.459
    13.75    55.75    2129   3.425   1.107   4.529      0.461980      9.061     9.523
    13.75    55.75    2130   3.474   1.093   4.519      0.462829      9.086     9.549
    23.75    61.75    1980   4.616   4.717  16.665      0.650136     25.998    26.648
    23.75    61.75    1981   4.669   4.718  16.668      0.660527     26.054    26.715
    23.75    61.75    1982   4.674   4.729  16.672      0.670408     26.075    26.746
    23.75    61.75    1983   4.738   4.772  16.684      0.679147     26.193    26.873
    23.75    61.75    1984   4.539   4.827  16.675      0.695307     26.040    26.735
    23.75    61.75    1985   4.586   4.778  16.669      0.703496     26.032    26.736
    23.75    61.75    1986   4.490   4.811  16.674      0.714783     25.975    26.690
    23.75    61.75    1987   4.574   4.744  16.669      0.725526     25.987    26.713
    23.75    61.75    1988   4.539   4.698  16.656      0.737342     25.893    26.631
    23.75    61.75    1989   4.577   4.719  16.661      0.745979     25.957    26.703
    23.75    61.75    1990   4.597   4.679  16.660      0.759002     25.936    26.695
    23.75    61.75    1991   4.634   4.692  16.663      0.773478     25.989    26.763
    23.75    61.75    1992   4.602   4.786  16.660      0.782928     26.048    26.831
    23.75    61.75    1993   4.669   4.779  16.663      0.788564     26.111    26.899
    23.75    61.75    1994   4.688   4.718  16.655      0.797509     26.061    26.859
    23.75    61.75    1995   4.751   4.671  16.649      0.809426     26.071    26.880
    23.75    61.75    1996   4.738   4.670  16.646      0.824601     26.054    26.879
    23.75    61.75    1997   4.743   4.612  16.636      0.834502     25.991    26.826
    23.75    61.75    1998   4.803   4.597  16.628      0.841374     26.029    26.871
    23.75    61.75    1999   4.927   4.546  16.615      0.855144     26.087    26.942
    23.75    61.75    2000   4.958   4.541  16.606      0.868451     26.105    26.974
    23.75    61.75    2001   4.969   4.565  16.609      0.882073     26.143    27.025
    23.75    61.75    2002   5.030   4.550  16.609      0.888851     26.188    27.077
    23.75    61.75    2003   4.999   4.554  16.611      0.903026     26.165    27.068
    23.75    61.75    2004   5.094   4.459  16.591      0.910974     26.144    27.055
    23.75    61.75    2005   5.160   4.405  16.570      0.924713     26.136    27.060
    23.75    61.75    2006   5.178   4.414  16.562      0.946717     26.154    27.100
    23.75    61.75    2007   5.170   4.449  16.564      0.961537     26.183    27.144
    23.75    61.75    2008   5.297   4.384  16.551      0.973914     26.232    27.206
    23.75    61.75    2009   5.290   4.368  16.537      0.993576     26.195    27.188
    23.75    61.75    2010   5.311   4.384  16.534      1.009252     26.229    27.238
    23.75    61.75    2011   5.046   4.444  16.527      1.077530     26.018    27.095
    23.75    61.75    2012   4.982   4.440  16.514      1.112045     25.937    27.049
    23.75    61.75    2013   5.014   4.423  16.505      1.124130     25.942    27.066
    23.75    61.75    2014   5.031   4.422  16.499      1.142301     25.952    27.094
    23.75    61.75    2015   4.809   4.569  16.501      1.179611     25.879    27.059
    23.75    61.75    2016   4.765   4.474  16.476      1.204036     25.714    26.918
    23.75    61.75    2017   4.736   4.440  16.456      1.227606     25.632    26.860
    23.75    61.75    2018   4.829   4.403  16.443      1.227764     25.676    26.904
    23.75    61.75    2019   4.801   4.380  16.427      1.253632     25.607    26.861
    23.75    61.75    2020   4.769   4.380  16.422      1.264367     25.572    26.836
    23.75    61.75    2021   4.752   4.375  16.421      1.273260     25.548    26.822
    23.75    61.75    2022   4.699   4.320  16.410      1.279124     25.430    26.709
    23.75    61.75    2023   4.825   4.263  16.396      1.279929     25.484    26.764
    23.75    61.75    2024   4.894   4.277  16.393      1.281796     25.564    26.846
    23.75    61.75    2025   4.777   4.285  16.387      1.312282     25.449    26.761
    23.75    61.75    2026   4.515   4.419  16.386      1.356214     25.320    26.677
    23.75    61.75    2027   4.560   4.358  16.370      1.369992     25.288    26.658
    23.75    61.75    2028   4.733   4.296  16.351      1.361438     25.380    26.742
    23.75    61.75    2029   4.548   4.404  16.364      1.392769     25.316    26.709
    23.75    61.75    2030   4.664   4.301  16.358      1.385479     25.323    26.708
    23.75    61.75    2031   4.706   4.223  16.336      1.385784     25.265    26.650
    23.75    61.75    2032   4.659   4.200  16.325      1.400013     25.184    26.584
    23.75    61.75    2033   4.677   4.211  16.329      1.409063     25.217    26.626
    23.75    61.75    2034   4.644   4.151  16.313      1.419865     25.108    26.528
    23.75    61.75    2035   4.601   4.134  16.305      1.433589     25.040    26.474
    23.75    61.75    2036   4.690   4.108  16.298      1.432629     25.097    26.529
    23.75    61.75    2037   4.653   4.089  16.286      1.449058     25.027    26.476
    23.75    61.75    2038   4.632   4.109  16.291      1.454339     25.032    26.486
    23.75    61.75    2039   4.734   4.099  16.299      1.450589     25.132    26.583
    23.75    61.75    2040   4.734   4.130  16.302      1.466778     25.165    26.632
    23.75    61.75    2041   4.632   4.169  16.310      1.474578     25.111    26.585
    23.75    61.75    2042   4.590   4.122  16.302      1.502222     25.014    26.517
    23.75    61.75    2043   4.507   4.181  16.306      1.518975     24.993    26.512
    23.75    61.75    2044   4.383   4.127  16.293      1.544308     24.802    26.347
    23.75    61.75    2045   4.372   4.057  16.276      1.543931     24.705    26.249
    23.75    61.75    2046   4.326   3.988  16.266      1.534517     24.581    26.115
    23.75    61.75    2047   4.172   3.958  16.253      1.553424     24.382    25.936
    23.75    61.75    2048   4.234   3.989  16.240      1.543323     24.462    26.006
    23.75    61.75    2049   4.262   3.948  16.216      1.539501     24.426    25.966
    23.75    61.75    2050   4.321   3.881  16.198      1.531377     24.401    25.932
    23.75    61.75    2051   4.269   3.847  16.188      1.532415     24.305    25.837
    23.75    61.75    2052   4.259   3.805  16.171      1.545184     24.234    25.780
    23.75    61.75    2053   4.046   3.846  16.161      1.565777     24.053    25.619
    23.75    61.75    2054   4.108   3.770  16.146      1.571576     24.024    25.596
    23.75    61.75    2055   4.024   3.787  16.135      1.574324     23.947    25.521
    23.75    61.75    2056   4.044   3.764  16.141      1.573076     23.949    25.522
    23.75    61.75    2057   3.972   3.834  16.136      1.576323     23.941    25.518
    23.75    61.75    2058   3.932   3.843  16.132      1.586995     23.907    25.494
    23.75    61.75    2059   3.730   3.892  16.142      1.603768     23.764    25.368
    23.75    61.75    2060   3.738   3.789  16.131      1.593960     23.658    25.252
    23.75    61.75    2061   3.732   3.766  16.127      1.601243     23.625    25.226
    23.75    61.75    2062   3.696   3.786  16.122      1.607657     23.603    25.211
    23.75    61.75    2063   3.683   3.745  16.107      1.610797     23.534    25.145
    23.75    61.75    2064   3.486   3.717  16.093      1.624661     23.296    24.921
    23.75    61.75    2065   3.436   3.716  16.110      1.634662     23.262    24.897
    23.75    61.75    2066   3.347   3.687  16.092      1.640206     23.126    24.766
    23.75    61.75    2067   3.356   3.652  16.089      1.635667     23.096    24.732
    23.75    61.75    2068   3.160   3.698  16.083      1.638855     22.941    24.580
    23.75    61.75    2069   3.264   3.614  16.089      1.623273     22.967    24.590
    23.75    61.75    2070   3.150   3.579  16.063      1.626859     22.791    24.418
    23.75    61.75    2071   3.037   3.566  16.067      1.631071     22.670    24.301
    23.75    61.75    2072   3.027   3.490  16.052      1.631035     22.569    24.200
    23.75    61.75    2073   3.087   3.475  16.042      1.614787     22.604    24.219
    23.75    61.75    2074   2.879   3.611  16.055      1.616759     22.546    24.163
    23.75    61.75    2075   2.797   3.542  16.061      1.607426     22.401    24.008
    23.75    61.75    2076   2.702   3.463  16.029      1.599329     22.194    23.793
    23.75    61.75    2077   2.708   3.397  16.010      1.589611     22.115    23.704
    23.75    61.75    2078   2.801   3.326  15.990      1.572729     22.118    23.690
    23.75    61.75    2079   2.750   3.351  15.986      1.565541     22.087    23.652
    23.75    61.75    2080   2.636   3.379  16.006      1.567557     22.021    23.588
    23.75    61.75    2081   2.324   3.432  15.983      1.581582     21.739    23.320
    23.75    61.75    2082   2.305   3.371  15.967      1.562335     21.643    23.206
    23.75    61.75    2083   2.412   3.293  15.967      1.543145     21.672    23.215
    23.75    61.75    2084   2.440   3.261  15.945      1.525200     21.646    23.171
    23.75    61.75    2085   2.345   3.228  15.943      1.515951     21.517    23.033
    23.75    61.75    2086   2.233   3.113  15.931      1.505566     21.277    22.783
    23.75    61.75    2087   2.306   2.994  15.915      1.486366     21.214    22.701
    23.75    61.75    2088   2.319   2.977  15.890      1.467241     21.185    22.652
    23.75    61.75    2089   2.445   2.934  15.881      1.448202     21.261    22.709
    23.75    61.75    2090   2.388   2.927  15.856      1.429260     21.171    22.600
    23.75    61.75    2091   2.424   2.844  15.855      1.410429     21.123    22.534
    23.75    61.75    2092   2.319   2.927  15.849      1.391722     21.095    22.486
    23.75    61.75    2093   2.302   2.853  15.819      1.373153     20.974    22.347
    23.75    61.75    2094   2.406   2.770  15.805      1.354733     20.981    22.335
    23.75    61.75    2095   2.329   2.764  15.778      1.336473     20.871    22.208
    23.75    61.75    2096   2.311   2.700  15.789      1.318380     20.799    22.117
    23.75    61.75    2097   2.408   2.688  15.775      1.300460     20.870    22.171
    23.75    61.75    2098   2.430   2.719  15.753      1.282717     20.901    22.184
    23.75    61.75    2099   2.414   2.678  15.746      1.265152     20.839    22.104
    23.75    61.75    2100   2.516   2.589  15.727      1.247764     20.832    22.080
    23.75    61.75    2101   2.400   2.628  15.737      1.230552     20.765    21.996
    23.75    61.75    2102   2.469   2.507  15.731      1.213513     20.707    21.920
    23.75    61.75    2103   2.527   2.491  15.713      1.196641     20.731    21.927
    23.75    61.75    2104   2.550   2.517  15.728      1.179931     20.795    21.975
    23.75    61.75    2105   2.465   2.500  15.731      1.163377     20.696    21.860
    23.75    61.75    2106   2.528   2.362  15.708      1.146974     20.599    21.746
    23.75    61.75    2107   2.382   2.502  15.687      1.130714     20.571    21.702
    23.75    61.75    2108   2.449   2.420  15.673      1.114591     20.542    21.656
    23.75    61.75    2109   2.508   2.416  15.666      1.098599     20.589    21.688
    23.75    61.75    2110   2.464   2.499  15.685      1.082732     20.649    21.731
    23.75    61.75    2111   2.498   2.401  15.664      1.066984     20.563    21.630
    23.75    61.75    2112   2.490   2.366  15.651      1.051351     20.506    21.558
    23.75    61.75    2113   2.463   2.433  15.649      1.035828     20.545    21.581
    23.75    61.75    2114   2.500   2.407  15.623      1.020410     20.530    21.550
    23.75    61.75    2115   2.476   2.477  15.619      1.005094     20.572    21.577
    23.75    61.75    2116   2.237   2.457  15.615      0.989878     20.309    21.299
    23.75    61.75    2117   2.339   2.281  15.618      0.974758     20.238    21.213
    23.75    61.75    2118   2.386   2.284  15.592      0.959733     20.262    21.222
    23.75    61.75    2119   2.508   2.267  15.585      0.944801     20.359    21.304
    23.75    61.75    2120   2.400   2.288  15.570      0.929963     20.259    21.189
    23.75    61.75    2121   2.495   2.176  15.570      0.915216     20.242    21.157
    23.75    61.75    2122   2.474   2.188  15.556      0.900561     20.218    21.119
    23.75    61.75    2123   2.501   2.124  15.535      0.885999     20.159    21.045
    23.75    61.75    2124   2.532   2.174  15.520      0.871530     20.226    21.098
    23.75    61.75    2125   2.339   2.319  15.501      0.857155     20.158    21.015
    23.75    61.75    2126   2.253   2.277  15.529      0.842876     20.059    20.902
    23.75    61.75    2127   2.388   2.214  15.522      0.828694     20.124    20.953
    23.75    61.75    2128   2.449   2.223  15.500      0.814611     20.172    20.987
    23.75    61.75    2129   2.421   2.206  15.486      0.800629     20.112    20.913
    23.75    61.75    2130   2.509   2.126  15.479      0.786749     20.113    20.900
    21.75    39.75    1980   0.757   0.237   1.902      0.016658      2.896     2.913
    21.75    39.75    1981   0.543   0.389   1.897      0.016580      2.830     2.847
    21.75    39.75    1982   0.570   0.357   1.900      0.016347      2.827     2.843
    21.75    39.75    1983   0.632   0.351   1.897      0.016246      2.880     2.896
    21.75    39.75    1984   0.584   0.358   1.894      0.016059      2.837     2.853
    21.75    39.75    1985   0.573   0.330   1.899      0.016127      2.802     2.819
    21.75    39.75    1986   0.656   0.314   1.901      0.016103      2.871     2.887
    21.75    39.75    1987   0.667   0.337   1.903      0.017597      2.907     2.925
    21.75    39.75    1988   0.662   0.329   1.909      0.017783      2.900     2.917
    21.75    39.75    1989   0.623   0.319   1.913      0.017623      2.855     2.872
    21.75    39.75    1990   0.624   0.293   1.917      0.017460      2.834     2.852
    21.75    39.75    1991   0.600   0.287   1.915      0.017267      2.801     2.819
    21.75    39.75    1992   0.633   0.275   1.915      0.017072      2.823     2.840
    21.75    39.75    1993   0.637   0.276   1.912      0.016891      2.825     2.842
    21.75    39.75    1994   0.680   0.259   1.909      0.016741      2.848     2.864
    21.75    39.75    1995   0.694   0.269   1.906      0.016735      2.870     2.887
    21.75    39.75    1996   0.672   0.286   1.905      0.016729      2.863     2.880
    21.75    39.75    1997   0.694   0.282   1.904      0.016569      2.880     2.896
    21.75    39.75    1998   0.693   0.276   1.904      0.016427      2.873     2.890
    21.75    39.75    1999   0.627   0.267   1.901      0.016292      2.796     2.812
    21.75    39.75    2000   0.660   0.249   1.898      0.016140      2.807     2.823
    21.75    39.75    2001   0.650   0.255   1.893      0.016239      2.798     2.814
    21.75    39.75    2002   0.588   0.251   1.892      0.016339      2.731     2.748
    21.75    39.75    2003   0.649   0.236   1.891      0.016395      2.775     2.792
    21.75    39.75    2004   0.627   0.243   1.885      0.016974      2.755     2.772
    21.75    39.75    2005   0.643   0.239   1.885      0.017065      2.768     2.785
    21.75    39.75    2006   0.648   0.242   1.884      0.017174      2.775     2.792
    21.75    39.75    2007   0.692   0.228   1.885      0.017303      2.805     2.822
    21.75    39.75    2008   0.638   0.239   1.883      0.017537      2.760     2.778
    21.75    39.75    2009   0.688   0.221   1.885      0.017660      2.794     2.812
    21.75    39.75    2010   0.609   0.239   1.882      0.018293      2.730     2.748
    21.75    39.75    2011   0.626   0.221   1.882      0.017946      2.729     2.747
    21.75    39.75    2012   0.668   0.220   1.879      0.017967      2.767     2.785
    21.75    39.75    2013   0.651   0.227   1.877      0.017820      2.755     2.772
    21.75    39.75    2014   0.718   0.217   1.879      0.017431      2.814     2.832
    21.75    39.75    2015   0.720   0.232   1.877      0.017319      2.830     2.847
    21.75    39.75    2016   0.705   0.223   1.881      0.017238      2.809     2.826
    21.75    39.75    2017   0.673   0.216   1.882      0.016853      2.771     2.788
    21.75    39.75    2018   0.671   0.204   1.882      0.016455      2.757     2.773
    21.75    39.75    2019   0.728   0.202   1.880      0.016060      2.809     2.825
    21.75    39.75    2020   0.748   0.223   1.878      0.016086      2.849     2.865
    21.75    39.75    2021   0.717   0.226   1.879      0.015873      2.822     2.838
    21.75    39.75    2022   0.782   0.204   1.882      0.015699      2.868     2.884
    21.75    39.75    2023   0.761   0.212   1.878      0.016485      2.852     2.868
    21.75    39.75    2024   0.726   0.207   1.878      0.016252      2.811     2.827
    21.75    39.75    2025   0.735   0.202   1.876      0.015897      2.813     2.829
    21.75    39.75    2026   0.721   0.200   1.872      0.015744      2.793     2.809
    21.75    39.75    2027   0.680   0.202   1.871      0.015408      2.753     2.769
    21.75    39.75    2028   0.720   0.193   1.868      0.015086      2.781     2.796
    21.75    39.75    2029   0.717   0.206   1.864      0.014763      2.788     2.802
    21.75    39.75    2030   0.782   0.192   1.866      0.014458      2.840     2.854
    21.75    39.75    2031   0.779   0.205   1.864      0.014827      2.849     2.864
    21.75    39.75    2032   0.788   0.190   1.865      0.015223      2.843     2.858
    21.75    39.75    2033   0.777   0.197   1.863      0.014938      2.836     2.851
    21.75    39.75    2034   0.733   0.191   1.861      0.014678      2.785     2.800
    21.75    39.75    2035   0.746   0.171   1.860      0.014401      2.777     2.791
    21.75    39.75    2036   0.797   0.173   1.855      0.014143      2.825     2.839
    21.75    39.75    2037   0.799   0.183   1.852      0.014218      2.834     2.848
    21.75    39.75    2038   0.833   0.184   1.850      0.013987      2.867     2.881
    21.75    39.75    2039   0.875   0.190   1.850      0.013802      2.915     2.929
    21.75    39.75    2040   0.826   0.199   1.850      0.013956      2.874     2.888
    21.75    39.75    2041   0.798   0.183   1.852      0.013752      2.833     2.847
    21.75    39.75    2042   0.851   0.171   1.851      0.013516      2.874     2.887
    21.75    39.75    2043   0.881   0.182   1.846      0.014136      2.909     2.923
    21.75    39.75    2044   0.644   0.359   1.843      0.013905      2.845     2.859
    21.75    39.75    2045   0.704   0.320   1.848      0.013674      2.871     2.885
    21.75    39.75    2046   0.678   0.329   1.846      0.013589      2.853     2.867
    21.75    39.75    2047   0.697   0.300   1.851      0.013974      2.848     2.862
    21.75    39.75    2048   0.672   0.283   1.851      0.013746      2.805     2.819
    21.75    39.75    2049   0.632   0.266   1.847      0.013518      2.745     2.759
    21.75    39.75    2050   0.640   0.244   1.846      0.013301      2.729     2.742
    21.75    39.75    2051   0.684   0.233   1.841      0.013078      2.757     2.770
    21.75    39.75    2052   0.709   0.242   1.836      0.013327      2.786     2.799
    21.75    39.75    2053   0.694   0.239   1.836      0.013927      2.770     2.783
    21.75    39.75    2054   0.733   0.226   1.836      0.013719      2.795     2.809
    21.75    39.75    2055   0.706   0.227   1.835      0.013520      2.768     2.781
    21.75    39.75    2056   0.698   0.221   1.837      0.014361      2.756     2.770
    21.75    39.75    2057   0.679   0.215   1.834      0.014273      2.729     2.743
    21.75    39.75    2058   0.408   0.433   1.831      0.014717      2.672     2.687
    21.75    39.75    2059   0.439   0.395   1.834      0.014509      2.668     2.682
    21.75    39.75    2060   0.454   0.388   1.829      0.014298      2.672     2.686
    21.75    39.75    2061   0.505   0.373   1.830      0.014109      2.708     2.723
    21.75    39.75    2062   0.439   0.373   1.832      0.014904      2.645     2.660
    21.75    39.75    2063   0.466   0.325   1.838      0.014759      2.629     2.643
    21.75    39.75    2064   0.519   0.318   1.836      0.014537      2.672     2.686
    21.75    39.75    2065   0.520   0.316   1.835      0.014386      2.671     2.685
    21.75    39.75    2066   0.520   0.293   1.838      0.015509      2.651     2.667
    21.75    39.75    2067   0.522   0.294   1.837      0.015311      2.654     2.669
    21.75    39.75    2068   0.476   0.290   1.836      0.015077      2.602     2.617
    21.75    39.75    2069   0.484   0.262   1.836      0.014830      2.582     2.597
    21.75    39.75    2070   0.494   0.253   1.832      0.014586      2.578     2.593
    21.75    39.75    2071   0.497   0.247   1.829      0.014344      2.573     2.587
    21.75    39.75    2072   0.521   0.239   1.827      0.014093      2.587     2.601
    21.75    39.75    2073   0.571   0.224   1.826      0.013938      2.621     2.635
    21.75    39.75    2074   0.491   0.254   1.823      0.013852      2.568     2.582
    21.75    39.75    2075   0.544   0.213   1.826      0.013577      2.584     2.597
    21.75    39.75    2076   0.549   0.226   1.821      0.014708      2.596     2.611
    21.75    39.75    2077   0.490   0.246   1.819      0.014673      2.555     2.570
    21.75    39.75    2078   0.509   0.236   1.819      0.015192      2.564     2.579
    21.75    39.75    2079   0.509   0.236   1.816      0.015353      2.561     2.576
    21.75    39.75    2080   0.496   0.228   1.816      0.015133      2.540     2.555
    21.75    39.75    2081   0.542   0.214   1.814      0.014990      2.570     2.585
    21.75    39.75    2082   0.499   0.218   1.812      0.014984      2.528     2.543
    21.75    39.75    2083   0.527   0.187   1.811      0.014750      2.525     2.540
    21.75    39.75    2084   0.477   0.193   1.806      0.014551      2.476     2.490
    21.75    39.75    2085   0.316   0.263   1.804      0.014255      2.383     2.398
    21.75    39.75    2086   0.384   0.227   1.802      0.013963      2.412     2.426
    21.75    39.75    2087   0.398   0.235   1.794      0.014028      2.427     2.441
    21.75    39.75    2088   0.389   0.216   1.795      0.013775      2.401     2.414
    21.75    39.75    2089   0.375   0.223   1.794      0.014110      2.392     2.406
    21.75    39.75    2090   0.403   0.217   1.792      0.014057      2.412     2.426
    21.75    39.75    2091   0.354   0.212   1.791      0.017560      2.357     2.375
    21.75    39.75    2092   0.365   0.199   1.792      0.018665      2.356     2.375
    21.75    39.75    2093   0.347   0.193   1.788      0.018520      2.328     2.347
    21.75    39.75    2094   0.367   0.173   1.788      0.018250      2.328     2.347
    21.75    39.75    2095   0.408   0.178   1.786      0.017917      2.372     2.390
    21.75    39.75    2096   0.367   0.175   1.786      0.018168      2.327     2.345
    21.75    39.75    2097   0.193   0.271   1.785      0.018017      2.249     2.267
    21.75    39.75    2098   0.211   0.227   1.788      0.017607      2.225     2.243
    21.75    39.75    2099   0.273   0.224   1.782      0.017178      2.278     2.295
    21.75    39.75    2100   0.250   0.242   1.781      0.016735      2.273     2.289
    21.75    39.75    2101   0.310   0.205   1.788      0.016279      2.302     2.318
    21.75    39.75    2102   0.302   0.219   1.788      0.015865      2.309     2.325
    21.75    39.75    2103   0.372   0.177   1.794      0.015562      2.343     2.359
    21.75    39.75    2104   0.318   0.199   1.790      0.016218      2.306     2.323
    21.75    39.75    2105   0.382   0.164   1.794      0.016544      2.340     2.356
    21.75    39.75    2106   0.377   0.186   1.790      0.017813      2.354     2.372
    21.75    39.75    2107   0.325   0.184   1.792      0.018611      2.302     2.320
    21.75    39.75    2108   0.361   0.166   1.791      0.018196      2.318     2.336
    21.75    39.75    2109   0.387   0.162   1.788      0.018288      2.337     2.356
    21.75    39.75    2110   0.366   0.158   1.786      0.017968      2.310     2.328
    21.75    39.75    2111   0.426   0.141   1.785      0.017516      2.352     2.370
    21.75    39.75    2112   0.364   0.155   1.782      0.017243      2.301     2.318
    21.75    39.75    2113   0.395   0.125   1.782      0.016785      2.302     2.319
    21.75    39.75    2114   0.323   0.168   1.776      0.016443      2.267     2.283
    21.75    39.75    2115   0.219   0.222   1.776      0.015979      2.217     2.233
    21.75    39.75    2116   0.316   0.194   1.774      0.015484      2.283     2.299
    21.75    39.75    2117   0.304   0.226   1.769      0.015084      2.298     2.314
    21.75    39.75    2118   0.308   0.192   1.776      0.014854      2.276     2.291
    21.75    39.75    2119   0.331   0.198   1.777      0.014922      2.305     2.320
    21.75    39.75    2120   0.355   0.205   1.779      0.014990      2.338     2.353
    21.75    39.75    2121   0.340   0.211   1.782      0.015666      2.332     2.348
    21.75    39.75    2122   0.347   0.213   1.786      0.015916      2.347     2.363
    21.75    39.75    2123   0.332   0.205   1.787      0.016106      2.324     2.340
    21.75    39.75    2124   0.332   0.185   1.788      0.015806      2.305     2.320
    21.75    39.75    2125   0.398   0.182   1.787      0.015437      2.367     2.383
    21.75    39.75    2126   0.365   0.192   1.786      0.016022      2.343     2.359
    21.75    39.75    2127   0.188   0.282   1.786      0.016005      2.256     2.272
    21.75    39.75    2128   0.221   0.210   1.791      0.015588      2.222     2.238
    21.75    39.75    2129   0.297   0.202   1.785      0.015160      2.284     2.299
    21.75    39.75    2130   0.283   0.227   1.784      0.014729      2.294     2.309
