      Lon      Lat    Year    VegC LitterC   SoilC     HarvSlowC Total-slow     Total
     9.75    49.75    1980   0.777   0.533   2.267      0.000000      3.576     3.576
     9.75    49.75    1981   0.790   0.542   2.304      0.000000      3.635     3.635
     9.75    49.75    1982   0.810   0.550   2.342      0.000000      3.702     3.702
     9.75    49.75    1983   0.843   0.552   2.378      0.000000      3.773     3.773
     9.75    49.75    1984   0.858   0.567   2.416      0.000000      3.842     3.842
     9.75    49.75    1985   0.878   0.578   2.455      0.000000      3.911     3.911
     9.75    49.75    1986   0.879   0.592   2.494      0.000000      3.964     3.964
     9.75    49.75    1987   0.918   0.595   2.532      0.000000      4.045     4.045
     9.75    49.75    1988   0.911   0.598   2.567      0.000000      4.076     4.076
     9.75    49.75    1989   0.951   0.601   2.603      0.000000      4.155     4.155
     9.75    49.75    1990   0.973   0.605   2.641      0.000000      4.219     4.219
     9.75    49.75    1991   1.009   0.604   2.660      0.000000      4.273     4.273
     9.75    49.75    1992   1.019   0.609   2.679      0.000000      4.308     4.308
     9.75    49.75    1993   1.049   0.613   2.701      0.000000      4.363     4.363
     9.75    49.75    1994   1.056   0.607   2.720      0.000000      4.383     4.383
     9.75    49.75    1995   1.100   0.607   2.740      0.000000      4.448     4.448
     9.75    49.75    1996   1.100   0.608   2.760      0.000000      4.468     4.468
     9.75    49.75    1997   1.147   0.612   2.781      0.000000      4.540     4.540
     9.75    49.75    1998   1.153   0.615   2.800      0.000000      4.568     4.568
     9.75    49.75    1999   1.167   0.608   2.817      0.000000      4.592     4.592
     9.75    49.75    2000   1.231   0.597   2.833      0.000000      4.661     4.661
     9.75    49.75    2001   1.238   0.604   2.853      0.000000      4.696     4.696
     9.75    49.75    2002   1.254   0.604   2.872      0.000000      4.730     4.730
     9.75    49.75    2003   1.297   0.610   2.893      0.000000      4.800     4.800
     9.75    49.75    2004   1.317   0.614   2.913      0.000000      4.844     4.844
     9.75    49.75    2005   1.342   0.613   2.931      0.000000      4.886     4.886
     9.75    49.75    2006   1.350   0.612   2.949      0.000000      4.911     4.911
     9.75    49.75    2007   1.394   0.610   2.967      0.000000      4.972     4.972
     9.75    49.75    2008   1.383   0.603   2.984      0.000000      4.971     4.971
     9.75    49.75    2009   1.442   0.601   3.003      0.000000      5.047     5.047
     9.75    49.75    2010   1.465   0.603   3.022      0.000000      5.089     5.089
     9.75    49.75    2011   1.364   0.626   3.020      0.000000      5.011     5.011
     9.75    49.75    2012   1.323   0.625   3.018      0.000000      4.967     4.967
     9.75    49.75    2013   1.342   0.628   3.019      0.000000      4.990     4.990
     9.75    49.75    2014   1.324   0.628   3.017      0.000000      4.969     4.969
     9.75    49.75    2015   1.321   0.630   3.016      0.000000      4.967     4.967
     9.75    49.75    2016   1.311   0.636   3.015      0.000000      4.963     4.963
     9.75    49.75    2017   1.261   0.645   3.016      0.000000      4.922     4.922
     9.75    49.75    2018   1.278   0.640   3.018      0.000000      4.935     4.935
     9.75    49.75    2019   1.274   0.636   3.019      0.000000      4.929     4.929
     9.75    49.75    2020   1.210   0.624   3.017      0.000000      4.851     4.851
     9.75    49.75    2021   1.219   0.616   3.016      0.000000      4.852     4.852
     9.75    49.75    2022   1.225   0.617   3.018      0.000000      4.861     4.861
     9.75    49.75    2023   1.179   0.620   3.018      0.000000      4.817     4.817
     9.75    49.75    2024   1.210   0.609   3.017      0.000000      4.836     4.836
     9.75    49.75    2025   1.197   0.620   3.021      0.000000      4.838     4.838
     9.75    49.75    2026   1.176   0.615   3.021      0.000000      4.812     4.812
     9.75    49.75    2027   1.184   0.600   3.022      0.000000      4.807     4.807
     9.75    49.75    2028   1.106   0.600   3.023      0.000000      4.729     4.729
     9.75    49.75    2029   1.173   0.569   3.021      0.000000      4.763     4.763
     9.75    49.75    2030   1.167   0.570   3.018      0.000000      4.755     4.755
     9.75    49.75    2031   1.200   0.562   3.022      0.000000      4.783     4.783
     9.75    49.75    2032   1.120   0.566   3.019      0.000000      4.705     4.705
     9.75    49.75    2033   1.151   0.551   3.018      0.000000      4.719     4.719
     9.75    49.75    2034   1.177   0.550   3.016      0.000000      4.742     4.742
     9.75    49.75    2035   1.117   0.558   3.016      0.000000      4.691     4.691
     9.75    49.75    2036   1.106   0.549   3.015      0.000000      4.670     4.670
     9.75    49.75    2037   1.069   0.552   3.014      0.000000      4.634     4.634
     9.75    49.75    2038   1.100   0.534   3.012      0.000000      4.645     4.645
     9.75    49.75    2039   1.138   0.537   3.013      0.000000      4.688     4.688
     9.75    49.75    2040   1.109   0.550   3.012      0.000000      4.671     4.671
     9.75    49.75    2041   1.058   0.569   3.018      0.000000      4.645     4.645
     9.75    49.75    2042   1.026   0.579   3.019      0.000000      4.624     4.624
     9.75    49.75    2043   0.957   0.573   3.021      0.000000      4.551     4.551
     9.75    49.75    2044   0.980   0.551   3.022      0.000000      4.553     4.553
     9.75    49.75    2045   0.952   0.542   3.019      0.000000      4.513     4.513
     9.75    49.75    2046   0.961   0.532   3.017      0.000000      4.511     4.511
     9.75    49.75    2047   0.920   0.554   3.021      0.000000      4.495     4.495
     9.75    49.75    2048   0.889   0.537   3.022      0.000000      4.448     4.448
     9.75    49.75    2049   0.837   0.528   3.018      0.000000      4.383     4.383
     9.75    49.75    2050   0.879   0.494   3.016      0.000000      4.389     4.389
     9.75    49.75    2051   0.885   0.499   3.006      0.000000      4.390     4.390
     9.75    49.75    2052   0.879   0.491   3.007      0.000000      4.376     4.376
     9.75    49.75    2053   0.896   0.490   3.007      0.000000      4.393     4.393
     9.75    49.75    2054   0.750   0.503   3.002      0.000000      4.255     4.255
     9.75    49.75    2055   0.795   0.461   2.999      0.000000      4.255     4.255
     9.75    49.75    2056   0.686   0.494   2.987      0.000000      4.167     4.167
     9.75    49.75    2057   0.693   0.430   2.987      0.000000      4.110     4.110
     9.75    49.75    2058   0.708   0.450   2.973      0.000000      4.130     4.130
     9.75    49.75    2059   0.698   0.438   2.970      0.000000      4.106     4.106
     9.75    49.75    2060   0.655   0.435   2.966      0.000000      4.057     4.057
     9.75    49.75    2061   0.670   0.424   2.962      0.000000      4.055     4.055
     9.75    49.75    2062   0.704   0.412   2.954      0.000000      4.070     4.070
     9.75    49.75    2063   0.681   0.436   2.952      0.000000      4.069     4.069
     9.75    49.75    2064   0.612   0.458   2.955      0.000000      4.025     4.025
     9.75    49.75    2065   0.516   0.476   2.956      0.000000      3.949     3.949
     9.75    49.75    2066   0.495   0.448   2.955      0.000000      3.898     3.898
     9.75    49.75    2067   0.466   0.448   2.950      0.000000      3.864     3.864
     9.75    49.75    2068   0.450   0.423   2.943      0.000000      3.817     3.817
     9.75    49.75    2069   0.427   0.413   2.938      0.000000      3.778     3.778
     9.75    49.75    2070   0.472   0.395   2.936      0.000000      3.803     3.803
     9.75    49.75    2071   0.425   0.417   2.928      0.000000      3.770     3.770
     9.75    49.75    2072   0.477   0.383   2.930      0.000000      3.790     3.790
     9.75    49.75    2073   0.405   0.426   2.921      0.000000      3.752     3.752
     9.75    49.75    2074   0.351   0.384   2.929      0.000000      3.664     3.664
     9.75    49.75    2075   0.398   0.347   2.921      0.000000      3.666     3.666
     9.75    49.75    2076   0.385   0.377   2.916      0.000000      3.677     3.677
     9.75    49.75    2077   0.300   0.358   2.912      0.000000      3.570     3.570
     9.75    49.75    2078   0.366   0.320   2.912      0.000000      3.598     3.598
     9.75    49.75    2079   0.277   0.394   2.898      0.000000      3.568     3.568
     9.75    49.75    2080   0.310   0.326   2.907      0.000000      3.543     3.543
     9.75    49.75    2081   0.258   0.355   2.897      0.000000      3.510     3.510
     9.75    49.75    2082   0.261   0.331   2.902      0.000000      3.494     3.494
     9.75    49.75    2083   0.281   0.325   2.896      0.000000      3.502     3.502
     9.75    49.75    2084   0.232   0.340   2.895      0.000000      3.466     3.466
     9.75    49.75    2085   0.226   0.305   2.894      0.000000      3.426     3.426
     9.75    49.75    2086   0.247   0.296   2.885      0.000000      3.428     3.428
     9.75    49.75    2087   0.225   0.307   2.878      0.000000      3.410     3.410
     9.75    49.75    2088   0.253   0.289   2.881      0.000000      3.423     3.423
     9.75    49.75    2089   0.174   0.308   2.874      0.000000      3.355     3.355
     9.75    49.75    2090   0.259   0.265   2.875      0.000000      3.399     3.399
     9.75    49.75    2091   0.193   0.346   2.866      0.000000      3.405     3.405
     9.75    49.75    2092   0.174   0.299   2.880      0.000000      3.353     3.353
     9.75    49.75    2093   0.214   0.278   2.875      0.000000      3.367     3.367
     9.75    49.75    2094   0.215   0.305   2.874      0.000000      3.394     3.394
     9.75    49.75    2095   0.166   0.307   2.878      0.000000      3.351     3.351
     9.75    49.75    2096   0.171   0.278   2.884      0.000000      3.333     3.333
     9.75    49.75    2097   0.124   0.271   2.877      0.000000      3.271     3.271
     9.75    49.75    2098   0.177   0.228   2.872      0.000000      3.277     3.277
     9.75    49.75    2099   0.131   0.263   2.861      0.000000      3.254     3.254
     9.75    49.75    2100   0.163   0.225   2.862      0.000000      3.249     3.249
     9.75    49.75    2101   0.150   0.241   2.853      0.000000      3.244     3.244
     9.75    49.75    2102   0.206   0.228   2.852      0.000000      3.286     3.286
     9.75    49.75    2103   0.162   0.266   2.846      0.000000      3.274     3.274
     9.75    49.75    2104   0.115   0.237   2.853      0.000000      3.206     3.206
     9.75    49.75    2105   0.182   0.198   2.849      0.000000      3.229     3.229
     9.75    49.75    2106   0.157   0.247   2.844      0.000000      3.247     3.247
     9.75    49.75    2107   0.087   0.224   2.845      0.000000      3.155     3.155
     9.75    49.75    2108   0.222   0.167   2.846      0.000000      3.235     3.235
     9.75    49.75    2109   0.119   0.264   2.832      0.000000      3.215     3.215
     9.75    49.75    2110   0.151   0.191   2.845      0.000000      3.188     3.188
     9.75    49.75    2111   0.151   0.207   2.838      0.000000      3.195     3.195
     9.75    49.75    2112   0.140   0.207   2.841      0.000000      3.189     3.189
     9.75    49.75    2113   0.184   0.195   2.840      0.000000      3.219     3.219
     9.75    49.75    2114   0.118   0.228   2.840      0.000000      3.186     3.186
     9.75    49.75    2115   0.155   0.174   2.844      0.000000      3.173     3.173
     9.75    49.75    2116   0.174   0.189   2.833      0.000000      3.196     3.196
     9.75    49.75    2117   0.199   0.191   2.831      0.000000      3.221     3.221
     9.75    49.75    2118   0.087   0.380   2.834      0.000000      3.301     3.301
     9.75    49.75    2119   0.143   0.285   2.842      0.000000      3.270     3.270
     9.75    49.75    2120   0.200   0.287   2.836      0.000000      3.324     3.324
     9.75    49.75    2121   0.174   0.312   2.842      0.000000      3.327     3.327
     9.75    49.75    2122   0.147   0.277   2.855      0.000000      3.280     3.280
     9.75    49.75    2123   0.199   0.236   2.859      0.000000      3.294     3.294
     9.75    49.75    2124   0.194   0.266   2.862      0.000000      3.321     3.321
     9.75    49.75    2125   0.170   0.255   2.870      0.000000      3.295     3.295
     9.75    49.75    2126   0.173   0.231   2.879      0.000000      3.283     3.283
     9.75    49.75    2127   0.125   0.220   2.876      0.000000      3.221     3.221
     9.75    49.75    2128   0.173   0.174   2.874      0.000000      3.221     3.221
     9.75    49.75    2129   0.144   0.204   2.866      0.000000      3.213     3.213
     9.75    49.75    2130   0.159   0.180   2.867      0.000000      3.206     3.206
    13.75    55.75    1980   0.777   0.809   2.268      0.000000      3.853     3.853
    13.75    55.75    1981   0.794   0.820   2.307      0.000000      3.921     3.921
    13.75    55.75    1982   0.803   0.831   2.346      0.000000      3.980     3.980
    13.75    55.75    1983   0.841   0.837   2.384      0.000000      4.062     4.062
    13.75    55.75    1984   0.883   0.854   2.423      0.000000      4.160     4.160
    13.75    55.75    1985   0.905   0.876   2.463      0.000000      4.244     4.244
    13.75    55.75    1986   0.908   0.907   2.506      0.000000      4.322     4.322
    13.75    55.75    1987   0.936   0.917   2.546      0.000000      4.399     4.399
    13.75    55.75    1988   0.974   0.921   2.583      0.000000      4.477     4.477
    13.75    55.75    1989   0.974   0.943   2.623      0.000000      4.539     4.539
    13.75    55.75    1990   1.016   0.956   2.663      0.000000      4.635     4.635
    13.75    55.75    1991   1.029   0.971   2.706      0.000000      4.706     4.706
    13.75    55.75    1992   1.064   0.984   2.748      0.000000      4.796     4.796
    13.75    55.75    1993   1.122   1.005   2.792      0.000000      4.919     4.919
    13.75    55.75    1994   1.147   1.024   2.833      0.000000      5.004     5.004
    13.75    55.75    1995   1.152   1.041   2.875      0.000000      5.068     5.068
    13.75    55.75    1996   1.201   1.049   2.917      0.000000      5.167     5.167
    13.75    55.75    1997   1.233   1.063   2.959      0.000000      5.256     5.256
    13.75    55.75    1998   1.258   1.077   3.001      0.000000      5.337     5.337
    13.75    55.75    1999   1.295   1.094   3.043      0.000000      5.432     5.432
    13.75    55.75    2000   1.297   1.105   3.085      0.000000      5.487     5.487
    13.75    55.75    2001   1.373   1.123   3.130      0.000000      5.625     5.625
    13.75    55.75    2002   1.365   1.147   3.175      0.000000      5.687     5.687
    13.75    55.75    2003   1.415   1.157   3.218      0.000000      5.790     5.790
    13.75    55.75    2004   1.486   1.163   3.259      0.000000      5.908     5.908
    13.75    55.75    2005   1.475   1.181   3.300      0.000000      5.956     5.956
    13.75    55.75    2006   1.565   1.192   3.341      0.000000      6.099     6.099
    13.75    55.75    2007   1.504   1.222   3.386      0.000000      6.111     6.111
    13.75    55.75    2008   1.604   1.213   3.424      0.000000      6.240     6.240
    13.75    55.75    2009   1.646   1.227   3.466      0.000000      6.339     6.339
    13.75    55.75    2010   1.639   1.241   3.508      0.000000      6.388     6.388
    13.75    55.75    2011   1.655   1.217   3.506      0.000000      6.378     6.378
    13.75    55.75    2012   1.746   1.194   3.507      0.000000      6.447     6.447
    13.75    55.75    2013   1.796   1.183   3.507      0.000000      6.487     6.487
    13.75    55.75    2014   1.766   1.182   3.507      0.000000      6.455     6.455
    13.75    55.75    2015   1.728   1.162   3.507      0.000000      6.397     6.397
    13.75    55.75    2016   1.805   1.130   3.505      0.000000      6.440     6.440
    13.75    55.75    2017   1.874   1.115   3.503      0.000000      6.492     6.492
    13.75    55.75    2018   1.882   1.118   3.502      0.000000      6.502     6.502
    13.75    55.75    2019   1.864   1.109   3.498      0.000000      6.472     6.472
    13.75    55.75    2020   1.911   1.088   3.495      0.000000      6.493     6.493
    13.75    55.75    2021   1.931   1.078   3.493      0.000000      6.502     6.502
    13.75    55.75    2022   1.974   1.068   3.490      0.000000      6.532     6.532
    13.75    55.75    2023   1.986   1.063   3.488      0.000000      6.537     6.537
    13.75    55.75    2024   2.010   1.051   3.483      0.000000      6.544     6.544
    13.75    55.75    2025   2.099   1.055   3.485      0.000000      6.639     6.639
    13.75    55.75    2026   2.063   1.066   3.486      0.000000      6.615     6.615
    13.75    55.75    2027   2.126   1.058   3.486      0.000000      6.670     6.670
    13.75    55.75    2028   2.172   1.064   3.487      0.000000      6.723     6.723
    13.75    55.75    2029   2.161   1.063   3.486      0.000000      6.711     6.711
    13.75    55.75    2030   2.173   1.058   3.487      0.000000      6.718     6.718
    13.75    55.75    2031   2.199   1.054   3.489      0.000000      6.742     6.742
    13.75    55.75    2032   2.233   1.039   3.484      0.000000      6.756     6.756
    13.75    55.75    2033   2.240   1.051   3.485      0.000000      6.776     6.776
    13.75    55.75    2034   2.177   1.061   3.485      0.000000      6.723     6.723
    13.75    55.75    2035   2.198   1.067   3.487      0.000000      6.752     6.752
    13.75    55.75    2036   2.137   1.064   3.488      0.000000      6.690     6.690
    13.75    55.75    2037   2.217   1.051   3.488      0.000000      6.756     6.756
    13.75    55.75    2038   2.148   1.068   3.490      0.000000      6.707     6.707
    13.75    55.75    2039   2.168   1.053   3.490      0.000000      6.710     6.710
    13.75    55.75    2040   2.200   1.047   3.489      0.000000      6.736     6.736
    13.75    55.75    2041   2.179   1.046   3.491      0.000000      6.716     6.716
    13.75    55.75    2042   2.143   1.048   3.493      0.000000      6.684     6.684
    13.75    55.75    2043   2.147   1.034   3.493      0.000000      6.674     6.674
    13.75    55.75    2044   2.215   1.022   3.493      0.000000      6.730     6.730
    13.75    55.75    2045   2.142   1.037   3.492      0.000000      6.670     6.670
    13.75    55.75    2046   2.085   1.035   3.491      0.000000      6.611     6.611
    13.75    55.75    2047   2.131   1.026   3.491      0.000000      6.648     6.648
    13.75    55.75    2048   2.144   1.026   3.491      0.000000      6.661     6.661
    13.75    55.75    2049   2.162   1.035   3.491      0.000000      6.689     6.689
    13.75    55.75    2050   2.065   1.051   3.494      0.000000      6.610     6.610
    13.75    55.75    2051   2.037   1.023   3.491      0.000000      6.550     6.550
    13.75    55.75    2052   2.108   1.007   3.491      0.000000      6.606     6.606
    13.75    55.75    2053   2.104   1.019   3.488      0.000000      6.611     6.611
    13.75    55.75    2054   2.092   1.025   3.487      0.000000      6.604     6.604
    13.75    55.75    2055   1.972   1.036   3.483      0.000000      6.491     6.491
    13.75    55.75    2056   1.892   1.024   3.484      0.000000      6.401     6.401
    13.75    55.75    2057   1.938   0.993   3.477      0.000000      6.408     6.408
    13.75    55.75    2058   1.963   1.005   3.472      0.000000      6.440     6.440
    13.75    55.75    2059   1.933   1.040   3.480      0.000000      6.454     6.454
    13.75    55.75    2060   1.880   1.037   3.483      0.000000      6.399     6.399
    13.75    55.75    2061   1.876   1.050   3.485      0.000000      6.411     6.411
    13.75    55.75    2062   1.770   1.057   3.486      0.000000      6.313     6.313
    13.75    55.75    2063   1.740   1.060   3.488      0.000000      6.289     6.289
    13.75    55.75    2064   1.607   1.073   3.491      0.000000      6.171     6.171
    13.75    55.75    2065   1.617   1.060   3.494      0.000000      6.171     6.171
    13.75    55.75    2066   1.524   1.069   3.494      0.000000      6.087     6.087
    13.75    55.75    2067   1.545   1.033   3.501      0.000000      6.079     6.079
    13.75    55.75    2068   1.570   1.023   3.498      0.000000      6.091     6.091
    13.75    55.75    2069   1.569   1.040   3.502      0.000000      6.110     6.110
    13.75    55.75    2070   1.528   1.039   3.508      0.000000      6.076     6.076
    13.75    55.75    2071   1.399   1.066   3.510      0.000000      5.976     5.976
    13.75    55.75    2072   1.340   1.038   3.515      0.000000      5.894     5.894
    13.75    55.75    2073   1.205   1.047   3.514      0.000000      5.766     5.766
    13.75    55.75    2074   1.273   1.002   3.518      0.000000      5.793     5.793
    13.75    55.75    2075   1.171   1.036   3.511      0.000000      5.718     5.718
    13.75    55.75    2076   1.208   0.977   3.521      0.000000      5.706     5.706
    13.75    55.75    2077   1.187   0.970   3.518      0.000000      5.675     5.675
    13.75    55.75    2078   1.237   0.948   3.518      0.000000      5.704     5.704
    13.75    55.75    2079   1.094   1.038   3.520      0.000000      5.652     5.652
    13.75    55.75    2080   0.897   1.041   3.536      0.000000      5.474     5.474
    13.75    55.75    2081   0.802   1.006   3.543      0.000000      5.350     5.350
    13.75    55.75    2082   0.803   0.995   3.542      0.000000      5.340     5.340
    13.75    55.75    2083   0.829   0.981   3.540      0.000000      5.350     5.350
    13.75    55.75    2084   0.769   1.021   3.543      0.000000      5.332     5.332
    13.75    55.75    2085   0.648   1.019   3.558      0.000000      5.224     5.224
    13.75    55.75    2086   0.601   0.951   3.564      0.000000      5.116     5.116
    13.75    55.75    2087   0.577   0.918   3.565      0.000000      5.061     5.061
    13.75    55.75    2088   0.718   0.889   3.563      0.000000      5.169     5.169
    13.75    55.75    2089   0.560   0.956   3.556      0.000000      5.072     5.072
    13.75    55.75    2090   0.621   0.858   3.568      0.000000      5.046     5.046
    13.75    55.75    2091   0.610   0.926   3.557      0.000000      5.094     5.094
    13.75    55.75    2092   0.539   0.925   3.570      0.000000      5.035     5.035
    13.75    55.75    2093   0.319   0.903   3.579      0.000000      4.801     4.801
    13.75    55.75    2094   0.456   0.793   3.580      0.000000      4.830     4.830
    13.75    55.75    2095   0.335   0.865   3.567      0.000000      4.766     4.766
    13.75    55.75    2096   0.419   0.784   3.578      0.000000      4.781     4.781
    13.75    55.75    2097   0.348   0.838   3.560      0.000000      4.747     4.747
    13.75    55.75    2098   0.384   0.765   3.563      0.000000      4.712     4.712
    13.75    55.75    2099   0.278   0.778   3.558      0.000000      4.613     4.613
    13.75    55.75    2100   0.406   0.683   3.564      0.000000      4.653     4.653
    13.75    55.75    2101   0.365   0.748   3.543      0.000000      4.656     4.656
    13.75    55.75    2102   0.362   0.717   3.547      0.000000      4.626     4.626
    13.75    55.75    2103   0.202   0.743   3.545      0.000000      4.490     4.490
    13.75    55.75    2104   0.350   0.654   3.551      0.000000      4.555     4.555
    13.75    55.75    2105   0.253   0.737   3.530      0.000000      4.520     4.520
    13.75    55.75    2106   0.254   0.665   3.546      0.000000      4.465     4.465
    13.75    55.75    2107   0.231   0.645   3.541      0.000000      4.416     4.416
    13.75    55.75    2108   0.357   0.606   3.532      0.000000      4.495     4.495
    13.75    55.75    2109   0.326   0.694   3.527      0.000000      4.547     4.547
    13.75    55.75    2110   0.232   0.679   3.544      0.000000      4.455     4.455
    13.75    55.75    2111   0.279   0.593   3.552      0.000000      4.424     4.424
    13.75    55.75    2112   0.269   0.610   3.546      0.000000      4.425     4.425
    13.75    55.75    2113   0.360   0.586   3.540      0.000000      4.487     4.487
    13.75    55.75    2114   0.305   0.648   3.539      0.000000      4.492     4.492
    13.75    55.75    2115   0.262   0.612   3.559      0.000000      4.433     4.433
    13.75    55.75    2116   0.273   0.551   3.559      0.000000      4.383     4.383
    13.75    55.75    2117   0.341   0.528   3.557      0.000000      4.425     4.425
    13.75    55.75    2118   0.496   0.535   3.551      0.000000      4.582     4.582
    13.75    55.75    2119   0.552   0.543   3.548      0.000000      4.643     4.643
    13.75    55.75    2120   0.708   0.473   3.538      0.000000      4.720     4.720
    13.75    55.75    2121   0.853   0.486   3.523      0.000000      4.862     4.862
    13.75    55.75    2122   0.917   0.510   3.506      0.000000      4.932     4.932
    13.75    55.75    2123   1.057   0.497   3.487      0.000000      5.041     5.041
    13.75    55.75    2124   1.281   0.458   3.465      0.000000      5.204     5.204
    13.75    55.75    2125   1.481   0.441   3.444      0.000000      5.366     5.366
    13.75    55.75    2126   1.696   0.438   3.427      0.000000      5.561     5.561
    13.75    55.75    2127   1.793   0.449   3.405      0.000000      5.648     5.648
    13.75    55.75    2128   1.916   0.460   3.386      0.000000      5.762     5.762
    13.75    55.75    2129   2.023   0.466   3.370      0.000000      5.858     5.858
    13.75    55.75    2130   2.135   0.474   3.355      0.000000      5.964     5.964
    23.75    61.75    1980   2.065   2.695   9.778      0.000000     14.538    14.538
    23.75    61.75    1981   2.127   2.736   9.908      0.000000     14.771    14.771
    23.75    61.75    1982   2.166   2.783  10.041      0.000000     14.989    14.989
    23.75    61.75    1983   2.256   2.846  10.177      0.000000     15.278    15.278
    23.75    61.75    1984   2.252   2.842  10.301      0.000000     15.394    15.394
    23.75    61.75    1985   2.313   2.858  10.425      0.000000     15.596    15.596
    23.75    61.75    1986   2.358   2.919  10.558      0.000000     15.835    15.835
    23.75    61.75    1987   2.436   2.920  10.683      0.000000     16.039    16.039
    23.75    61.75    1988   2.508   2.935  10.804      0.000000     16.248    16.248
    23.75    61.75    1989   2.570   2.994  10.936      0.000000     16.500    16.500
    23.75    61.75    1990   2.604   3.015  11.065      0.000000     16.685    16.685
    23.75    61.75    1991   2.650   3.063  11.185      0.000000     16.898    16.898
    23.75    61.75    1992   2.740   3.077  11.300      0.000000     17.117    17.117
    23.75    61.75    1993   2.822   3.116  11.419      0.000000     17.357    17.357
    23.75    61.75    1994   2.867   3.118  11.531      0.000000     17.517    17.517
    23.75    61.75    1995   2.932   3.125  11.643      0.000000     17.700    17.700
    23.75    61.75    1996   2.944   3.170  11.759      0.000000     17.872    17.872
    23.75    61.75    1997   2.979   3.168  11.869      0.000000     18.016    18.016
    23.75    61.75    1998   3.069   3.177  11.980      0.000000     18.225    18.225
    23.75    61.75    1999   3.184   3.182  12.086      0.000000     18.452    18.452
    23.75    61.75    2000   3.233   3.219  12.198      0.000000     18.650    18.650
    23.75    61.75    2001   3.271   3.275  12.317      0.000000     18.863    18.863
    23.75    61.75    2002   3.380   3.295  12.434      0.000000     19.108    19.108
    23.75    61.75    2003   3.392   3.339  12.551      0.000000     19.282    19.282
    23.75    61.75    2004   3.503   3.306  12.654      0.000000     19.463    19.463
    23.75    61.75    2005   3.584   3.299  12.755      0.000000     19.638    19.638
    23.75    61.75    2006   3.626   3.344  12.866      0.000000     19.835    19.835
    23.75    61.75    2007   3.669   3.407  12.985      0.000000     20.061    20.061
    23.75    61.75    2008   3.804   3.391  13.091      0.000000     20.286    20.286
    23.75    61.75    2009   3.826   3.419  13.198      0.000000     20.443    20.443
    23.75    61.75    2010   3.881   3.464  13.313      0.000000     20.658    20.658
    23.75    61.75    2011   3.597   3.531  13.307      0.000000     20.435    20.435
    23.75    61.75    2012   3.504   3.533  13.296      0.000000     20.333    20.333
    23.75    61.75    2013   3.517   3.518  13.288      0.000000     20.323    20.323
    23.75    61.75    2014   3.514   3.515  13.282      0.000000     20.310    20.310
    23.75    61.75    2015   3.376   3.567  13.283      0.000000     20.225    20.225
    23.75    61.75    2016   3.312   3.497  13.262      0.000000     20.071    20.071
    23.75    61.75    2017   3.260   3.474  13.245      0.000000     19.979    19.979
    23.75    61.75    2018   3.332   3.440  13.234      0.000000     20.006    20.006
    23.75    61.75    2019   3.283   3.425  13.219      0.000000     19.928    19.928
    23.75    61.75    2020   3.258   3.425  13.215      0.000000     19.898    19.898
    23.75    61.75    2021   3.248   3.419  13.214      0.000000     19.881    19.881
    23.75    61.75    2022   3.284   3.374  13.204      0.000000     19.862    19.862
    23.75    61.75    2023   3.377   3.332  13.192      0.000000     19.900    19.900
    23.75    61.75    2024   3.430   3.342  13.191      0.000000     19.963    19.963
    23.75    61.75    2025   3.317   3.352  13.187      0.000000     19.856    19.856
    23.75    61.75    2026   3.112   3.412  13.186      0.000000     19.710    19.710
    23.75    61.75    2027   3.123   3.368  13.174      0.000000     19.664    19.664
    23.75    61.75    2028   3.261   3.316  13.159      0.000000     19.737    19.737
    23.75    61.75    2029   3.091   3.409  13.170      0.000000     19.670    19.670
    23.75    61.75    2030   3.185   3.324  13.164      0.000000     19.673    19.673
    23.75    61.75    2031   3.205   3.263  13.148      0.000000     19.616    19.616
    23.75    61.75    2032   3.153   3.247  13.140      0.000000     19.540    19.540
    23.75    61.75    2033   3.159   3.253  13.143      0.000000     19.555    19.555
    23.75    61.75    2034   3.112   3.211  13.131      0.000000     19.454    19.454
    23.75    61.75    2035   3.087   3.200  13.126      0.000000     19.413    19.413
    23.75    61.75    2036   3.146   3.182  13.121      0.000000     19.449    19.449
    23.75    61.75    2037   3.081   3.172  13.112      0.000000     19.365    19.365
    23.75    61.75    2038   3.048   3.187  13.118      0.000000     19.353    19.353
    23.75    61.75    2039   3.129   3.172  13.125      0.000000     19.426    19.426
    23.75    61.75    2040   3.102   3.200  13.127      0.000000     19.428    19.428
    23.75    61.75    2041   3.007   3.235  13.134      0.000000     19.376    19.376
    23.75    61.75    2042   2.877   3.213  13.130      0.000000     19.220    19.220
    23.75    61.75    2043   2.809   3.254  13.133      0.000000     19.195    19.195
    23.75    61.75    2044   2.668   3.210  13.124      0.000000     19.001    19.001
    23.75    61.75    2045   2.642   3.151  13.111      0.000000     18.904    18.904
    23.75    61.75    2046   2.687   3.086  13.104      0.000000     18.878    18.878
    23.75    61.75    2047   2.535   3.061  13.094      0.000000     18.690    18.690
    23.75    61.75    2048   2.649   3.005  13.084      0.000000     18.738    18.738
    23.75    61.75    2049   2.662   2.973  13.065      0.000000     18.700    18.700
    23.75    61.75    2050   2.691   2.922  13.051      0.000000     18.664    18.664
    23.75    61.75    2051   2.634   2.891  13.044      0.000000     18.569    18.569
    23.75    61.75    2052   2.537   2.874  13.031      0.000000     18.443    18.443
    23.75    61.75    2053   2.375   2.899  13.022      0.000000     18.297    18.297
    23.75    61.75    2054   2.392   2.837  13.012      0.000000     18.241    18.241
    23.75    61.75    2055   2.298   2.855  13.003      0.000000     18.156    18.156
    23.75    61.75    2056   2.307   2.827  13.008      0.000000     18.142    18.142
    23.75    61.75    2057   2.291   2.815  13.004      0.000000     18.110    18.110
    23.75    61.75    2058   2.220   2.832  13.001      0.000000     18.052    18.052
    23.75    61.75    2059   2.052   2.881  13.009      0.000000     17.943    17.943
    23.75    61.75    2060   2.046   2.795  13.001      0.000000     17.842    17.842
    23.75    61.75    2061   2.016   2.776  12.998      0.000000     17.790    17.790
    23.75    61.75    2062   1.958   2.797  12.993      0.000000     17.748    17.748
    23.75    61.75    2063   1.911   2.770  12.981      0.000000     17.662    17.662
    23.75    61.75    2064   1.646   2.772  12.971      0.000000     17.389    17.389
    23.75    61.75    2065   1.579   2.765  12.987      0.000000     17.330    17.330
    23.75    61.75    2066   1.510   2.732  12.971      0.000000     17.212    17.212
    23.75    61.75    2067   1.444   2.714  12.970      0.000000     17.127    17.127
    23.75    61.75    2068   1.333   2.700  12.965      0.000000     16.998    16.998
    23.75    61.75    2069   1.418   2.619  12.971      0.000000     17.008    17.008
    23.75    61.75    2070   1.297   2.605  12.949      0.000000     16.850    16.850
    23.75    61.75    2071   1.121   2.614  12.954      0.000000     16.690    16.690
    23.75    61.75    2072   1.188   2.522  12.943      0.000000     16.653    16.653
    23.75    61.75    2073   1.179   2.528  12.936      0.000000     16.644    16.644
    23.75    61.75    2074   1.039   2.571  12.950      0.000000     16.560    16.560
    23.75    61.75    2075   0.948   2.517  12.956      0.000000     16.421    16.421
    23.75    61.75    2076   0.909   2.387  12.929      0.000000     16.226    16.226
    23.75    61.75    2077   0.891   2.341  12.912      0.000000     16.144    16.144
    23.75    61.75    2078   0.903   2.304  12.895      0.000000     16.102    16.102
    23.75    61.75    2079   0.878   2.316  12.892      0.000000     16.086    16.086
    23.75    61.75    2080   0.741   2.352  12.910      0.000000     16.004    16.004
    23.75    61.75    2081   0.587   2.307  12.892      0.000000     15.786    15.786
    23.75    61.75    2082   0.561   2.276  12.877      0.000000     15.714    15.714
    23.75    61.75    2083   0.629   2.219  12.879      0.000000     15.727    15.727
    23.75    61.75    2084   0.632   2.200  12.861      0.000000     15.693    15.693
    23.75    61.75    2085   0.503   2.185  12.860      0.000000     15.548    15.548
    23.75    61.75    2086   0.388   2.089  12.851      0.000000     15.328    15.328
    23.75    61.75    2087   0.442   1.982  12.836      0.000000     15.260    15.260
    23.75    61.75    2088   0.447   1.959  12.813      0.000000     15.219    15.219
    23.75    61.75    2089   0.539   1.930  12.805      0.000000     15.274    15.274
    23.75    61.75    2090   0.460   1.939  12.784      0.000000     15.183    15.183
    23.75    61.75    2091   0.475   1.862  12.786      0.000000     15.122    15.122
    23.75    61.75    2092   0.479   1.838  12.780      0.000000     15.096    15.096
    23.75    61.75    2093   0.449   1.782  12.753      0.000000     14.984    14.984
    23.75    61.75    2094   0.530   1.718  12.740      0.000000     14.988    14.988
    23.75    61.75    2095   0.439   1.729  12.716      0.000000     14.884    14.884
    23.75    61.75    2096   0.407   1.669  12.726      0.000000     14.803    14.803
    23.75    61.75    2097   0.539   1.601  12.713      0.000000     14.853    14.853
    23.75    61.75    2098   0.540   1.653  12.692      0.000000     14.886    14.886
    23.75    61.75    2099   0.500   1.633  12.686      0.000000     14.819    14.819
    23.75    61.75    2100   0.566   1.564  12.671      0.000000     14.800    14.800
    23.75    61.75    2101   0.446   1.608  12.680      0.000000     14.733    14.733
    23.75    61.75    2102   0.506   1.500  12.675      0.000000     14.681    14.681
    23.75    61.75    2103   0.537   1.502  12.658      0.000000     14.696    14.696
    23.75    61.75    2104   0.530   1.526  12.672      0.000000     14.728    14.728
    23.75    61.75    2105   0.443   1.510  12.675      0.000000     14.628    14.628
    23.75    61.75    2106   0.492   1.388  12.655      0.000000     14.536    14.536
    23.75    61.75    2107   0.472   1.391  12.636      0.000000     14.498    14.498
    23.75    61.75    2108   0.506   1.339  12.621      0.000000     14.466    14.466
    23.75    61.75    2109   0.539   1.346  12.614      0.000000     14.500    14.500
    23.75    61.75    2110   0.513   1.401  12.631      0.000000     14.545    14.545
    23.75    61.75    2111   0.529   1.335  12.612      0.000000     14.476    14.476
    23.75    61.75    2112   0.511   1.319  12.600      0.000000     14.430    14.430
    23.75    61.75    2113   0.563   1.294  12.599      0.000000     14.457    14.457
    23.75    61.75    2114   0.578   1.292  12.575      0.000000     14.445    14.445
    23.75    61.75    2115   0.605   1.288  12.572      0.000000     14.465    14.465
    23.75    61.75    2116   0.418   1.296  12.566      0.000000     14.280    14.280
    23.75    61.75    2117   0.500   1.149  12.568      0.000000     14.217    14.217
    23.75    61.75    2118   0.511   1.170  12.543      0.000000     14.224    14.224
    23.75    61.75    2119   0.598   1.168  12.537      0.000000     14.303    14.303
    23.75    61.75    2120   0.470   1.212  12.524      0.000000     14.206    14.206
    23.75    61.75    2121   0.534   1.112  12.526      0.000000     14.172    14.172
    23.75    61.75    2122   0.505   1.136  12.512      0.000000     14.154    14.154
    23.75    61.75    2123   0.503   1.093  12.494      0.000000     14.090    14.090
    23.75    61.75    2124   0.593   1.072  12.482      0.000000     14.148    14.148
    23.75    61.75    2125   0.502   1.120  12.464      0.000000     14.086    14.086
    23.75    61.75    2126   0.478   1.092  12.490      0.000000     14.060    14.060
    23.75    61.75    2127   0.574   1.052  12.483      0.000000     14.109    14.109
    23.75    61.75    2128   0.599   1.086  12.463      0.000000     14.148    14.148
    23.75    61.75    2129   0.537   1.088  12.451      0.000000     14.076    14.076
    23.75    61.75    2130   0.592   1.029  12.444      0.000000     14.065    14.065
    21.75    37.75    1980   0.350   0.160   1.375      0.000000      1.885     1.885
    21.75    37.75    1981   0.324   0.159   1.383      0.000000      1.865     1.865
    21.75    37.75    1982   0.330   0.150   1.390      0.000000      1.870     1.870
    21.75    37.75    1983   0.376   0.147   1.396      0.000000      1.919     1.919
    21.75    37.75    1984   0.361   0.161   1.400      0.000000      1.922     1.922
    21.75    37.75    1985   0.353   0.153   1.408      0.000000      1.914     1.914
    21.75    37.75    1986   0.420   0.145   1.415      0.000000      1.981     1.981
    21.75    37.75    1987   0.405   0.168   1.422      0.000000      1.995     1.995
    21.75    37.75    1988   0.411   0.162   1.432      0.000000      2.005     2.005
    21.75    37.75    1989   0.394   0.165   1.439      0.000000      1.999     1.999
    21.75    37.75    1990   0.426   0.152   1.449      0.000000      2.026     2.026
    21.75    37.75    1991   0.377   0.160   1.455      0.000000      1.991     1.991
    21.75    37.75    1992   0.402   0.146   1.463      0.000000      2.011     2.011
    21.75    37.75    1993   0.444   0.149   1.469      0.000000      2.062     2.062
    21.75    37.75    1994   0.464   0.159   1.473      0.000000      2.096     2.096
    21.75    37.75    1995   0.473   0.170   1.482      0.000000      2.125     2.125
    21.75    37.75    1996   0.456   0.167   1.491      0.000000      2.113     2.113
    21.75    37.75    1997   0.470   0.161   1.500      0.000000      2.131     2.131
    21.75    37.75    1998   0.475   0.162   1.509      0.000000      2.147     2.147
    21.75    37.75    1999   0.467   0.161   1.515      0.000000      2.144     2.144
    21.75    37.75    2000   0.498   0.155   1.522      0.000000      2.175     2.175
    21.75    37.75    2001   0.489   0.169   1.537      0.000000      2.195     2.195
    21.75    37.75    2002   0.503   0.163   1.556      0.000000      2.222     2.222
    21.75    37.75    2003   0.505   0.176   1.571      0.000000      2.252     2.252
    21.75    37.75    2004   0.498   0.175   1.588      0.000000      2.261     2.261
    21.75    37.75    2005   0.535   0.179   1.605      0.000000      2.319     2.319
    21.75    37.75    2006   0.488   0.195   1.622      0.000000      2.305     2.305
    21.75    37.75    2007   0.530   0.171   1.641      0.000000      2.342     2.342
    21.75    37.75    2008   0.516   0.186   1.656      0.000000      2.358     2.358
    21.75    37.75    2009   0.553   0.178   1.673      0.000000      2.405     2.405
    21.75    37.75    2010   0.522   0.188   1.688      0.000000      2.398     2.398
    21.75    37.75    2011   0.522   0.175   1.686      0.000000      2.384     2.384
    21.75    37.75    2012   0.584   0.171   1.685      0.000000      2.439     2.439
    21.75    37.75    2013   0.585   0.191   1.683      0.000000      2.460     2.460
    21.75    37.75    2014   0.613   0.193   1.687      0.000000      2.492     2.492
    21.75    37.75    2015   0.595   0.196   1.690      0.000000      2.481     2.481
    21.75    37.75    2016   0.600   0.183   1.693      0.000000      2.476     2.476
    21.75    37.75    2017   0.563   0.191   1.693      0.000000      2.447     2.447
    21.75    37.75    2018   0.557   0.180   1.693      0.000000      2.430     2.430
    21.75    37.75    2019   0.597   0.176   1.692      0.000000      2.466     2.466
    21.75    37.75    2020   0.628   0.186   1.691      0.000000      2.505     2.505
    21.75    37.75    2021   0.612   0.198   1.693      0.000000      2.503     2.503
    21.75    37.75    2022   0.613   0.184   1.697      0.000000      2.494     2.494
    21.75    37.75    2023   0.630   0.172   1.697      0.000000      2.499     2.499
    21.75    37.75    2024   0.630   0.172   1.694      0.000000      2.496     2.496
    21.75    37.75    2025   0.637   0.171   1.691      0.000000      2.498     2.498
    21.75    37.75    2026   0.627   0.170   1.688      0.000000      2.485     2.485
    21.75    37.75    2027   0.627   0.169   1.688      0.000000      2.484     2.484
    21.75    37.75    2028   0.654   0.167   1.684      0.000000      2.506     2.506
    21.75    37.75    2029   0.603   0.182   1.683      0.000000      2.467     2.467
    21.75    37.75    2030   0.653   0.160   1.686      0.000000      2.498     2.498
    21.75    37.75    2031   0.676   0.174   1.683      0.000000      2.533     2.533
    21.75    37.75    2032   0.711   0.180   1.682      0.000000      2.574     2.574
    21.75    37.75    2033   0.647   0.192   1.683      0.000000      2.523     2.523
    21.75    37.75    2034   0.601   0.169   1.685      0.000000      2.455     2.455
    21.75    37.75    2035   0.637   0.147   1.681      0.000000      2.466     2.466
    21.75    37.75    2036   0.708   0.157   1.675      0.000000      2.540     2.540
    21.75    37.75    2037   0.694   0.188   1.672      0.000000      2.554     2.554
    21.75    37.75    2038   0.680   0.176   1.675      0.000000      2.531     2.531
    21.75    37.75    2039   0.724   0.171   1.677      0.000000      2.572     2.572
    21.75    37.75    2040   0.698   0.187   1.675      0.000000      2.559     2.559
    21.75    37.75    2041   0.667   0.178   1.678      0.000000      2.523     2.523
    21.75    37.75    2042   0.711   0.164   1.678      0.000000      2.553     2.553
    21.75    37.75    2043   0.711   0.179   1.674      0.000000      2.564     2.564
    21.75    37.75    2044   0.580   0.277   1.674      0.000000      2.531     2.531
    21.75    37.75    2045   0.598   0.265   1.676      0.000000      2.538     2.538
    21.75    37.75    2046   0.601   0.260   1.675      0.000000      2.537     2.537
    21.75    37.75    2047   0.621   0.239   1.679      0.000000      2.538     2.538
    21.75    37.75    2048   0.645   0.226   1.677      0.000000      2.548     2.548
    21.75    37.75    2049   0.613   0.219   1.674      0.000000      2.506     2.506
    21.75    37.75    2050   0.638   0.201   1.673      0.000000      2.512     2.512
    21.75    37.75    2051   0.682   0.196   1.668      0.000000      2.546     2.546
    21.75    37.75    2052   0.709   0.202   1.662      0.000000      2.573     2.573
    21.75    37.75    2053   0.668   0.209   1.661      0.000000      2.538     2.538
    21.75    37.75    2054   0.682   0.198   1.661      0.000000      2.541     2.541
    21.75    37.75    2055   0.708   0.196   1.659      0.000000      2.562     2.562
    21.75    37.75    2056   0.704   0.200   1.658      0.000000      2.563     2.563
    21.75    37.75    2057   0.685   0.194   1.655      0.000000      2.535     2.535
    21.75    37.75    2058   0.627   0.190   1.653      0.000000      2.470     2.470
    21.75    37.75    2059   0.659   0.164   1.651      0.000000      2.475     2.475
    21.75    37.75    2060   0.706   0.173   1.644      0.000000      2.523     2.523
    21.75    37.75    2061   0.731   0.186   1.641      0.000000      2.558     2.558
    21.75    37.75    2062   0.642   0.203   1.642      0.000000      2.486     2.486
    21.75    37.75    2063   0.412   0.245   1.646      0.000000      2.303     2.303
    21.75    37.75    2064   0.508   0.240   1.642      0.000000      2.389     2.389
    21.75    37.75    2065   0.510   0.254   1.639      0.000000      2.403     2.403
    21.75    37.75    2066   0.523   0.226   1.642      0.000000      2.390     2.390
    21.75    37.75    2067   0.538   0.219   1.639      0.000000      2.396     2.396
    21.75    37.75    2068   0.462   0.218   1.637      0.000000      2.317     2.317
    21.75    37.75    2069   0.503   0.186   1.636      0.000000      2.324     2.324
    21.75    37.75    2070   0.504   0.189   1.629      0.000000      2.322     2.322
    21.75    37.75    2071   0.494   0.188   1.626      0.000000      2.308     2.308
    21.75    37.75    2072   0.522   0.181   1.624      0.000000      2.327     2.327
    21.75    37.75    2073   0.561   0.177   1.623      0.000000      2.361     2.361
    21.75    37.75    2074   0.487   0.185   1.623      0.000000      2.295     2.295
    21.75    37.75    2075   0.534   0.156   1.624      0.000000      2.314     2.314
    21.75    37.75    2076   0.572   0.163   1.618      0.000000      2.353     2.353
    21.75    37.75    2077   0.060   0.608   1.615      0.000000      2.282     2.282
    21.75    37.75    2078   0.102   0.506   1.630      0.000000      2.239     2.239
    21.75    37.75    2079   0.211   0.482   1.630      0.000000      2.324     2.324
    21.75    37.75    2080   0.173   0.478   1.636      0.000000      2.287     2.287
    21.75    37.75    2081   0.255   0.404   1.650      0.000000      2.309     2.309
    21.75    37.75    2082   0.162   0.416   1.651      0.000000      2.229     2.229
    21.75    37.75    2083   0.176   0.343   1.656      0.000000      2.175     2.175
    21.75    37.75    2084   0.253   0.331   1.651      0.000000      2.235     2.235
    21.75    37.75    2085   0.112   0.386   1.651      0.000000      2.148     2.148
    21.75    37.75    2086   0.162   0.310   1.655      0.000000      2.126     2.126
    21.75    37.75    2087   0.147   0.310   1.648      0.000000      2.105     2.105
    21.75    37.75    2088   0.163   0.279   1.647      0.000000      2.089     2.089
    21.75    37.75    2089   0.220   0.263   1.644      0.000000      2.128     2.128
    21.75    37.75    2090   0.256   0.253   1.643      0.000000      2.153     2.153
    21.75    37.75    2091   0.211   0.281   1.643      0.000000      2.135     2.135
    21.75    37.75    2092   0.232   0.220   1.650      0.000000      2.101     2.101
    21.75    37.75    2093   0.230   0.203   1.642      0.000000      2.075     2.075
    21.75    37.75    2094   0.255   0.211   1.638      0.000000      2.104     2.104
    21.75    37.75    2095   0.321   0.185   1.637      0.000000      2.142     2.142
    21.75    37.75    2096   0.267   0.188   1.632      0.000000      2.087     2.087
    21.75    37.75    2097   0.115   0.278   1.627      0.000000      2.021     2.021
    21.75    37.75    2098   0.129   0.229   1.627      0.000000      1.985     1.985
    21.75    37.75    2099   0.224   0.214   1.620      0.000000      2.058     2.058
    21.75    37.75    2100   0.196   0.239   1.616      0.000000      2.051     2.051
    21.75    37.75    2101   0.227   0.205   1.622      0.000000      2.053     2.053
    21.75    37.75    2102   0.293   0.191   1.621      0.000000      2.106     2.106
    21.75    37.75    2103   0.328   0.193   1.621      0.000000      2.141     2.141
    21.75    37.75    2104   0.233   0.232   1.624      0.000000      2.089     2.089
    21.75    37.75    2105   0.287   0.177   1.630      0.000000      2.093     2.093
    21.75    37.75    2106   0.359   0.174   1.624      0.000000      2.157     2.157
    21.75    37.75    2107   0.236   0.231   1.619      0.000000      2.086     2.086
    21.75    37.75    2108   0.268   0.166   1.626      0.000000      2.060     2.060
    21.75    37.75    2109   0.347   0.221   1.621      0.000000      2.189     2.189
    21.75    37.75    2110   0.302   0.195   1.626      0.000000      2.124     2.124
    21.75    37.75    2111   0.366   0.158   1.626      0.000000      2.150     2.150
    21.75    37.75    2112   0.178   0.260   1.623      0.000000      2.061     2.061
    21.75    37.75    2113   0.239   0.198   1.625      0.000000      2.062     2.062
    21.75    37.75    2114   0.339   0.207   1.618      0.000000      2.164     2.164
    21.75    37.75    2115   0.120   0.353   1.619      0.000000      2.091     2.091
    21.75    37.75    2116   0.161   0.276   1.630      0.000000      2.068     2.068
    21.75    37.75    2117   0.152   0.286   1.627      0.000000      2.065     2.065
    21.75    37.75    2118   0.181   0.257   1.629      0.000000      2.066     2.066
    21.75    37.75    2119   0.237   0.346   1.631      0.000000      2.214     2.214
    21.75    37.75    2120   0.278   0.274   1.647      0.000000      2.199     2.199
    21.75    37.75    2121   0.202   0.293   1.649      0.000000      2.145     2.145
    21.75    37.75    2122   0.228   0.229   1.655      0.000000      2.112     2.112
    21.75    37.75    2123   0.261   0.199   1.650      0.000000      2.110     2.110
    21.75    37.75    2124   0.251   0.228   1.645      0.000000      2.124     2.124
    21.75    37.75    2125   0.329   0.194   1.648      0.000000      2.171     2.171
    21.75    37.75    2126   0.247   0.188   1.646      0.000000      2.081     2.081
    21.75    37.75    2127   0.213   0.166   1.640      0.000000      2.019     2.019
    21.75    37.75    2128   0.211   0.143   1.632      0.000000      1.987     1.987
    21.75    37.75    2129   0.286   0.130   1.623      0.000000      2.039     2.039
    21.75    37.75    2130   0.278   0.148   1.614      0.000000      2.040     2.040
