      Lon      Lat    Year       Jan       Feb       Mar       Apr       May       Jun       Jul       Aug       Sep       Oct       Nov       Dec
     9.75    49.75    1980     1.030     1.457     2.480     4.184    10.462    15.692    12.080    13.652     5.965     4.264     1.079     1.194
     9.75    49.75    1981     1.098     1.076     2.534     5.875     5.704     6.066     9.170    13.790     8.396     3.524     2.496     1.036
     9.75    49.75    1982     1.581     1.692     2.969     3.336     6.016    10.179    18.037    12.089     8.130     3.940     3.662     1.095
     9.75    49.75    1983     1.124     1.458     1.322     5.324     8.023    12.736    14.200     8.228     5.409     4.351     2.486     0.840
     9.75    49.75    1984     1.043     1.387     2.994     6.433    12.734    13.378     6.630     9.470     4.394     2.538     4.074     0.796
     9.75    49.75    1985     0.716     1.321     2.761     5.937     7.664    13.814    10.243    12.353     7.051     6.489     2.035     1.069
     9.75    49.75    1986     0.789     1.753     2.462     2.428     6.185     7.465    11.139     7.022     7.860     6.929     4.231     1.247
     9.75    49.75    1987     1.009     1.445     1.822     5.683    15.625    17.555     8.012    14.437     8.726     3.495     2.667     1.018
     9.75    49.75    1988     0.747     1.913     1.860     2.701    10.641     4.388    11.188     8.064     3.131     1.933     2.302     1.037
     9.75    49.75    1989     0.876     1.200     2.541     4.515    14.529    12.311    12.402    12.430     8.973     5.732     4.435     0.765
     9.75    49.75    1990     1.018     1.235     2.574     4.748     8.637    12.567    10.915     9.442     3.084     6.146     3.862     1.024
     9.75    49.75    1991     1.163     1.404     4.910     3.921    11.656    13.239     9.602     8.032     4.488     5.802     1.504     1.090
     9.75    49.75    1992     1.073     1.678     2.086     3.124     5.784    17.042     9.595    11.847     5.427     4.078     4.800     0.959
     9.75    49.75    1993     1.159     2.042     2.796     3.304     8.928    14.264     6.180    14.864    12.001     6.064     0.890     0.978
     9.75    49.75    1994     1.008     1.452     2.890     3.830     6.668     7.987     9.790    13.220     4.550     4.251     4.001     0.933
     9.75    49.75    1995     0.828     1.330     1.046     4.490    13.190     7.498    19.649    16.403     5.789     5.601     3.318     1.130
     9.75    49.75    1996     1.188     1.880     3.133     1.190     5.700    15.065    12.021    14.217     7.694     9.090     4.636     1.281
     9.75    49.75    1997     0.807     1.409     2.830     4.918    15.029    21.286     8.849    12.084     7.883     6.576     2.204     0.906
     9.75    49.75    1998     1.217     1.590     2.579     2.476    12.087    10.743    10.114     9.348    13.022     3.669     3.022     1.101
     9.75    49.75    1999     0.940     1.311     3.867     5.506     6.985    16.250     6.569     7.216     4.474     5.881     2.099     0.756
     9.75    49.75    2000     0.946     1.222     4.483     4.752    11.198    18.750    11.613    12.501     7.402     5.335     1.709     0.879
     9.75    49.75    2001     1.036     1.364     2.014     1.881    15.715     9.183    15.890    11.288     8.297     4.525     2.663     1.172
     9.75    49.75    2002     1.330     1.619     1.125     7.158    10.645     2.306     6.240    14.627    12.876     3.053     2.215     0.851
     9.75    49.75    2003     1.173     1.912     0.772     7.838    10.196    13.886    18.762    11.037     8.277     4.915     1.777     1.024
     9.75    49.75    2004     1.607     1.809     1.885     5.921    16.166    10.488     9.076    13.026    12.803     4.654     2.846     0.916
     9.75    49.75    2005     1.145     2.109     1.342     5.765    13.712     7.225    14.348    12.246     7.911     6.146     2.583     1.390
     9.75    49.75    2006     0.848     1.917     2.091     1.767     8.497     7.827    13.695     9.235    10.813     5.444     1.903     1.319
     9.75    49.75    2007     0.591     1.909     4.105     5.012    10.958     8.581    10.697    12.584     8.962     6.001     4.166     0.994
     9.75    49.75    2008     1.088     1.160     2.773     4.574     9.495     6.219    13.803    16.387     4.783     7.219     5.090     0.842
     9.75    49.75    2009     1.197     2.143     3.022     4.467     3.456    13.031    12.301    11.668     6.701     7.794     2.405     0.790
     9.75    49.75    2010     0.910     1.438     0.714     3.895     3.794     6.476     7.697    12.876    10.312     3.421     1.851     1.125
     9.75    49.75    2011     1.008     1.971     2.252     5.386     9.415    11.626     9.172     8.550     4.750     6.039     1.203     0.886
     9.75    49.75    2012     1.192     1.742     2.001     5.045    18.093    12.959    11.044    14.160    11.424     5.679     2.846     1.152
     9.75    49.75    2013     1.063     1.917     2.995     5.827     9.086    15.643    13.202    10.290     1.379     5.737     1.412     0.892
     9.75    49.75    2014     0.807     1.507     3.042     6.470    11.663    21.287    12.126     7.821    10.020     5.054     1.681     1.041
     9.75    49.75    2015     0.987     2.005     2.397     3.400     8.638     8.320    16.042    19.370     5.100     1.026     3.584     1.191
     9.75    49.75    2016     0.846     1.966     1.667     7.450    14.771    10.545    13.226    11.506    14.273     5.444     1.514     0.975
     9.75    49.75    2017     1.067     1.223     1.408     7.726     7.731     9.413     9.042     2.761     1.901     7.619     3.508     0.872
     9.75    49.75    2018     0.840     1.662     2.018     4.535    12.295     9.052     7.068     7.071     5.509     7.103     2.640     0.875
     9.75    49.75    2019     1.043     2.172     2.713     5.184     8.812    13.256     4.385     9.663     2.679     5.654     2.065     0.941
     9.75    49.75    2020     0.894     1.620     2.557     5.083     7.485     6.091     8.350    13.463     4.063     4.227     3.221     1.054
     9.75    49.75    2021     0.879     0.625     2.390     2.976    10.381    13.677     7.130     7.917     5.439     3.429     1.538     0.953
     9.75    49.75    2022     0.929     0.790     3.284     5.583     7.448    12.963     6.737     9.969     3.602     1.430     1.580     0.903
     9.75    49.75    2023     0.937     1.208     2.596     4.600     9.892     3.945     3.821     8.809     1.974     3.649     2.887     1.045
     9.75    49.75    2024     0.787     1.549     2.188     2.473     6.257     8.846     9.190     9.679     3.834     5.685     4.314     0.967
     9.75    49.75    2025     1.177     1.105     2.922     4.104     5.478     2.575     4.111     7.862     2.363     2.417     2.649     0.817
     9.75    49.75    2026     0.637     1.274     1.846     5.667     5.036    15.433     8.145     8.035     2.495     4.279     3.319     0.756
     9.75    49.75    2027     0.918     1.159     1.666     6.344    11.241    18.229    11.454     9.170     1.280     3.984     3.222     0.684
     9.75    49.75    2028     0.826     0.961     2.793     5.582     5.735    10.946     6.953    10.103     7.692     3.797     2.957     0.868
     9.75    49.75    2029     0.849     1.234     1.186     8.270     3.616     9.052     6.570     8.727     6.696     3.304     1.388     0.652
     9.75    49.75    2030     0.651     1.125     2.266    10.929     8.617    10.729     9.487     9.918     6.722     3.605     1.631     0.997
     9.75    49.75    2031     0.996     1.674     2.965     5.473    13.767     2.583     8.144     5.802     5.993     3.386     2.973     0.973
     9.75    49.75    2032     0.622     1.362     2.535     4.470     9.137    14.863     5.373     6.582     5.248     2.541     1.399     0.585
     9.75    49.75    2033     0.790     1.216     2.146     2.063     4.604     8.337     5.701     7.800     5.061     2.559     2.041     0.955
     9.75    49.75    2034     0.849     1.085     1.411     2.053     9.597    13.648    11.125     8.602     7.204     3.400     1.701     0.547
     9.75    49.75    2035     0.678     1.068     1.632     2.367     5.428     8.606     6.121    16.930     1.046     3.122     4.202     0.593
     9.75    49.75    2036     0.952     0.500     2.260     3.432     4.268     6.381     6.411     9.053     6.753     5.510     2.830     0.731
     9.75    49.75    2037     0.863     1.085     1.474     2.253     8.198     4.928    11.071    12.803     8.103     2.842     1.827     1.062
     9.75    49.75    2038     0.610     0.800     1.317     5.362     9.921    12.153     9.235     9.474     8.937     4.113     3.037     0.551
     9.75    49.75    2039     0.785     0.529     2.401     7.192    12.181     8.837     8.281     7.804     5.596     4.829     0.649     1.273
     9.75    49.75    2040     0.728     1.065     1.146     4.855     5.750    14.255     2.778     1.918     9.050     2.816     1.201     0.557
     9.75    49.75    2041     0.562     0.815     1.062     3.990    10.281    15.037    13.087    11.699     3.482     4.199     3.247     0.776
     9.75    49.75    2042     0.536     0.836     1.577     3.260     4.879     5.254     5.816     6.378     3.582     2.216     2.231     0.594
     9.75    49.75    2043     0.477     0.790     1.374     2.320     2.377    14.305    10.924     9.425     8.360     1.717     1.825     0.351
     9.75    49.75    2044     0.490     0.723     1.940     0.841     5.585     3.974     7.010     8.279     3.677     4.712     2.766     1.070
     9.75    49.75    2045     0.653     0.984     3.061     5.260     7.286     9.949     8.340     4.572     2.196     2.229     1.395     0.786
     9.75    49.75    2046     0.368     1.145     2.386     4.169    13.577     6.537     5.671    14.663     5.350     4.918     3.228     1.199
     9.75    49.75    2047     0.393     0.756     0.998     2.673     9.113     6.373     8.085     9.527     3.760     4.831     2.963     0.584
     9.75    49.75    2048     0.394     0.617     1.174     2.958     5.351     2.870     7.046     6.468     1.234     5.079     2.626     0.457
     9.75    49.75    2049     0.539     0.648     1.224     4.032     7.553     9.256     7.846     8.676     6.159     3.497     1.824     0.449
     9.75    49.75    2050     0.425     0.650     1.099     3.803     9.288     8.603     4.492     7.041     5.886     3.397     3.754     0.360
     9.75    49.75    2051     0.454     0.548     1.935     4.194     3.838     3.397     3.072     5.787     4.566     2.524     1.649     0.823
     9.75    49.75    2052     0.350     0.378     0.774     4.245     2.928     5.764     2.738     7.000     4.016     3.401     1.578     0.377
     9.75    49.75    2053     0.314     0.246     0.697     2.261     1.599     5.616     3.980    12.828     2.245     3.478     1.640     0.324
     9.75    49.75    2054     0.308     0.531     0.643     4.066     3.530    13.215     3.535     2.867     0.700     4.070     2.009     0.413
     9.75    49.75    2055     0.439     0.547     3.010     1.320     6.096    12.977    10.433    12.872     2.564     1.653     1.979     0.282
     9.75    49.75    2056     0.358     0.351     2.883     4.499     8.604    16.261     8.244    11.275     2.605     0.528     2.839     1.007
     9.75    49.75    2057     0.333     0.641     1.291     2.019     5.397     7.175    10.276     8.551     5.770     1.710     0.333     0.787
     9.75    49.75    2058     0.355     0.417     1.296     3.833     2.659     3.152     5.241    11.938     3.444     1.821     2.391     1.433
     9.75    49.75    2059     0.348     0.467     0.754     3.466     7.324     4.496     2.128     6.966     1.001     2.647     1.752     1.308
     9.75    49.75    2060     0.334     0.437     1.247     2.545     5.068    13.132     4.364     5.011     0.668     4.742     1.873     1.174
     9.75    49.75    2061     0.299     0.694     2.705     2.483     1.679     3.421     4.395     3.913     3.400     1.439     0.860     0.372
     9.75    49.75    2062     0.227     0.220     0.878     3.266     5.892    10.249     4.302     4.094     2.131     2.261     2.521     1.087
     9.75    49.75    2063     0.231     0.448     1.523     3.325     6.150    11.494    11.471     9.898     2.862     3.124     3.109     0.255
     9.75    49.75    2064     0.272     0.319     0.650     1.415     1.191     7.219     5.141     9.816     1.642     0.545     2.837     0.489
     9.75    49.75    2065     0.252     0.344     1.005     3.543     3.043     5.126     2.145     2.301     3.650     1.620     1.815     0.881
     9.75    49.75    2066     0.236     0.333     0.543     2.613     1.196     1.818     4.208     8.422     5.038     2.119     1.672     0.836
     9.75    49.75    2067     0.234     0.358     0.717     0.570     2.943     5.703     3.144     4.486     0.545     1.258     1.373     1.355
     9.75    49.75    2068     0.248     0.310     1.282     0.836     0.846     8.775     1.964     1.840     3.360     1.452     1.477     0.260
     9.75    49.75    2069     0.233     0.345     1.379     5.004     2.763     4.135     2.164     3.043     1.784     1.399     1.867     0.557
     9.75    49.75    2070     0.111     0.182     0.904     5.429     6.075     3.386     4.764     4.482     1.494     2.760     1.887     0.950
     9.75    49.75    2071     0.168     0.333     0.357     1.133     2.328     6.005     4.657     4.802     3.140     3.564     2.050     1.407
     9.75    49.75    2072     0.128     0.178     0.338     1.601     4.102     3.977     2.351     2.031     2.498     6.119     2.434     0.143
     9.75    49.75    2073     0.174     0.241     0.488     1.239     3.332     3.664     7.136     5.685     3.119     0.920     2.770     0.100
     9.75    49.75    2074     0.127     0.249     1.019     3.316     6.199     4.946     4.197     6.551     4.280     5.072     3.853     1.427
     9.75    49.75    2075     0.153     0.233     0.425     4.362     1.947     3.122     3.567     4.761     4.458     2.830     2.270     1.227
     9.75    49.75    2076     0.167     0.257     1.319     4.478     6.367     3.455     0.525     4.306     0.477     2.394     3.379     0.145
     9.75    49.75    2077     0.128     0.173     1.017     3.032     4.207     4.278     6.562     4.571     3.872     3.987     1.950     1.546
     9.75    49.75    2078     0.101     0.232     2.674     2.624     2.763     0.555     0.855     1.298     2.021     2.743     5.264     1.984
     9.75    49.75    2079     0.098     0.135     0.398     0.377     0.410     0.525     1.793     0.182     0.646     0.736     1.530     0.784
     9.75    49.75    2080     0.060     0.125     0.218     2.050     4.483     5.581     3.517     3.855     1.130     1.870     1.254     0.082
     9.75    49.75    2081     0.077     0.124     1.041     3.850     0.265     8.544     8.870     1.783     4.585     6.006     4.367     0.226
     9.75    49.75    2082     0.087     0.088     1.217     2.197     3.773     1.803     1.498     1.304     0.740     2.512     1.954     1.213
     9.75    49.75    2083     0.088     0.114     0.774     5.104     4.349     2.883     1.192     5.566     1.252     0.928     2.001     1.824
     9.75    49.75    2084     0.077     0.101     0.257     0.606     4.280     1.872     1.130     3.815     2.398     1.334     1.627     0.051
     9.75    49.75    2085     0.072     0.063     0.116     2.669     3.394     3.991     3.164     3.402     0.758     1.618     2.694     0.946
     9.75    49.75    2086     0.077     0.067     0.353     3.209     4.603     1.208     3.089     0.955     3.323     1.953     2.905     1.543
     9.75    49.75    2087     0.049     0.198     1.486     3.525     2.639     0.879     1.549     2.831     1.131     1.400     1.486     2.856
     9.75    49.75    2088     0.043     0.088     1.125     3.508     4.483     1.900     1.583     6.663     2.363     1.670     2.518     0.656
     9.75    49.75    2089     0.053     0.205     1.730     3.664     2.026     7.909     4.522     7.532     5.166     1.580     2.966     1.982
     9.75    49.75    2090     0.047     0.119     1.155     0.702     0.521     0.164     1.969     2.027     1.328     5.088     3.474     2.924
     9.75    49.75    2091     0.015     0.028     0.060     1.345     1.109     0.912     0.130     1.071     0.496     0.792     1.147     1.067
     9.75    49.75    2092     0.015     0.020     0.686     3.519     2.139     2.258     0.848     1.136     3.721     0.853     1.679     1.004
     9.75    49.75    2093     0.016     0.020     0.276     1.209     0.429     2.555     4.348     2.801     3.198     1.156     2.250     0.612
     9.75    49.75    2094     0.018     0.049     0.876     2.910     4.281     3.400     1.764     5.534     0.712     1.605     3.872     0.842
     9.75    49.75    2095     0.015     0.037     0.629     3.940     4.728     7.160     0.948     2.363     0.586     2.156     4.083     1.813
     9.75    49.75    2096     0.000     0.042     0.570     1.338     0.612     4.745     2.147     0.837     2.049     3.145     2.885     0.464
     9.75    49.75    2097     0.000     0.000     0.213     1.003     1.987     1.986     0.581     3.092     0.752     1.834     2.351     1.884
     9.75    49.75    2098     0.000     0.000     0.366     2.074     0.239     0.293     4.224     5.035     2.910     2.068     3.394     0.520
     9.75    49.75    2099     0.000     0.125     1.149     2.463     5.046     0.617     1.334     1.398     3.515     2.078     3.869     0.983
     9.75    49.75    2100     0.000     0.021     0.784     1.690     3.722     0.676     0.621     1.957     1.210     3.040     2.626     0.367
     9.75    49.75    2101     0.000     0.000     0.115     1.000     1.330     4.602     2.798     3.631     2.533     3.025     1.933     1.792
     9.75    49.75    2102     0.000     0.000     0.716     3.196     3.742     3.096     2.122     2.077     1.966     6.305     3.490     2.819
     9.75    49.75    2103     0.489     0.000     0.254     1.681     3.034     2.487     6.927     4.710     2.669     0.978     2.648     0.466
     9.75    49.75    2104     0.000     0.040     1.631     3.830     5.874     4.259     3.008     7.580     3.070     4.958     3.743     2.580
     9.75    49.75    2105     0.000     0.000     0.361     5.068     1.633     3.024     2.198     4.059     3.121     2.503     2.058     2.631
     9.75    49.75    2106     0.000     0.159     1.448     4.062     5.669     3.112     0.327     3.692     0.295     2.158     4.046     0.584
     9.75    49.75    2107     0.008     0.012     1.312     2.572     3.607     3.266     5.962     3.801     3.221     3.664     1.919     2.112
     9.75    49.75    2108     0.076     0.027     1.969     2.332     1.862     0.511     0.790     1.021     1.975     2.597     5.816     4.110
     9.75    49.75    2109     0.000     0.057     0.609     0.252     0.318     0.488     1.159     0.061     0.335     0.509     1.301     0.386
     9.75    49.75    2110     0.000     0.002     0.398     2.831     4.869     6.058     3.122     4.386     1.156     2.203     1.526     0.229
     9.75    49.75    2111     0.000     0.001     1.622     3.540     0.115     6.725     8.129     2.111     3.608     4.792     4.211     1.408
     9.75    49.75    2112     0.000     0.020     1.273     2.071     3.084     1.472     1.600     1.312     0.442     2.478     1.969     0.947
     9.75    49.75    2113     0.000     0.000     0.794     5.256     3.971     3.016     0.818     4.601     1.296     0.786     1.989     2.139
     9.75    49.75    2114     0.000     0.002     0.256     0.767     4.044     2.007     1.809     3.612     2.022     1.303     1.854     0.595
     9.75    49.75    2115     0.000     0.018     0.240     3.019     3.378     3.254     1.777     3.855     0.619     1.598     2.673     1.333
     9.75    49.75    2116     0.000     0.000     0.502     3.382     4.663     1.119     3.815     0.704     2.963     2.004     3.003     2.869
     9.75    49.75    2117     0.000     0.142     1.366     3.334     2.468     0.543     1.894     2.702     0.885     1.588     1.433     2.772
     9.75    49.75    2118     0.000     0.019     1.247     3.513     4.410     1.551     2.388     6.598     2.326     1.647     2.561     0.309
     9.75    49.75    2119     0.000     0.454     1.854     3.782     2.052     8.344     3.762     8.897     5.332     1.645     3.137     1.683
     9.75    49.75    2120     0.000     0.062     1.120     0.573     0.793     0.124     1.446     2.644     1.091     5.332     3.288     3.491
     9.75    49.75    2121     0.000     0.000     0.078     1.537     1.083     0.956     0.130     1.027     0.580     0.689     1.187     1.061
     9.75    49.75    2122     0.000     0.003     0.828     3.858     2.175     2.392     0.715     1.372     4.065     0.913     1.803     0.904
     9.75    49.75    2123     0.000     0.001     0.389     1.098     0.297     3.038     3.758     1.607     2.927     1.140     2.232     1.325
     9.75    49.75    2124     0.000     0.047     1.213     3.321     4.541     3.189     1.045     5.971     0.751     1.744     3.938     0.397
     9.75    49.75    2125     0.000     0.001     0.934     4.152     4.522     7.121     0.815     2.458     0.847     2.204     5.051     3.663
     9.75    49.75    2126     0.000     0.110     0.779     1.682     0.695     4.771     2.793     0.804     2.304     3.330     3.672     1.182
     9.75    49.75    2127     0.000     0.000     0.162     1.370     2.558     0.752     0.632     3.324     0.815     1.546     2.414     1.857
     9.75    49.75    2128     0.000     0.000     0.784     2.081     0.215     0.263     4.147     4.836     2.941     2.091     3.366     0.499
     9.75    49.75    2129     0.000     0.062     1.132     2.618     3.694     0.626     1.329     0.989     3.375     2.210     3.119     1.333
     9.75    49.75    2130     0.000     0.033     0.968     1.899     3.724     0.744     0.702     2.255     1.407     3.021     2.301     1.316
    13.75    55.75    1980     0.310     0.824     1.761     1.296     1.214     6.322     2.670     2.398     7.952     5.079     2.725     0.489
    13.75    55.75    1981     0.531     0.593     1.685     1.343     2.733     7.842     1.186     2.083     4.309     3.107     1.946     0.361
    13.75    55.75    1982     0.447     1.014     1.411     1.258     4.864     5.567     0.399     3.338     6.292     4.946     3.236     0.419
    13.75    55.75    1983     0.669     0.848     1.322     1.728     4.233     6.394     1.678     1.718     2.531     4.519     1.098     0.389
    13.75    55.75    1984     0.660     0.552     1.755     1.327     5.484     4.242    12.856     4.448     6.051     4.085     3.023     0.461
    13.75    55.75    1985     0.459     0.750     1.674     2.843     5.673    10.370     8.021     8.534     6.835     5.184     1.611     0.375
    13.75    55.75    1986     0.454     0.749     1.353     1.620     4.047     2.933     5.015     9.447     6.606     4.531     2.044     0.479
    13.75    55.75    1987     0.446     0.775     1.791     0.686     1.318     8.321     5.247     1.453    12.985     4.539     3.019     0.680
    13.75    55.75    1988     0.482     1.097     1.205     1.342     5.258     2.282     4.960     4.647     6.128     3.092     2.659     0.389
    13.75    55.75    1989     0.440     0.896     1.427     2.187     4.879     1.249     8.832     0.442     6.896     6.392     2.771     0.400
    13.75    55.75    1990     0.360     0.632     1.250     2.569     3.368    11.382     0.871     7.456     5.002     4.280     2.652     0.536
    13.75    55.75    1991     0.421     0.857     2.362     1.307     3.409     0.716    11.047     9.204     7.454     6.617     1.235     0.406
    13.75    55.75    1992     0.575     0.917     1.165     1.612     4.920     8.136     4.199     0.476     4.770     3.824     1.089     0.335
    13.75    55.75    1993     0.604     0.700     1.139     0.953     5.886     5.136    15.617     5.880     6.868     4.635     0.988     0.219
    13.75    55.75    1994     0.483     0.868     1.726     1.207     3.026     8.293    17.525     7.646     9.176     4.880     2.784     0.672
    13.75    55.75    1995     0.641     0.750     0.877     2.041     3.870    10.967     1.330     3.428     7.419     6.818     3.528     0.346
    13.75    55.75    1996     0.612     1.079     2.060     2.061     4.688     3.751     5.587     7.727     9.853     6.926     2.416     0.258
    13.75    55.75    1997     0.414     0.664     1.240     1.652     2.535     7.279    11.410     6.479     9.185     5.378     3.458     0.897
    13.75    55.75    1998     0.397     1.026     1.588     1.266     3.224    11.645     3.496     4.271     6.997     4.115     2.802     0.658
    13.75    55.75    1999     0.628     0.909     2.149     1.667     7.578     1.881     5.313     6.817    10.650     5.535     2.602     0.493
    13.75    55.75    2000     0.513     0.861     1.828     1.602     1.984     6.508     2.535     2.203     8.015     5.147     2.386     0.390
    13.75    55.75    2001     0.653     0.686     1.709     1.068     7.350    10.331    13.690    12.001     6.855     3.941     1.743     0.373
    13.75    55.75    2002     0.665     1.050     0.442     3.009     2.558     1.134     7.421     9.154    12.599     4.816     2.977     0.462
    13.75    55.75    2003     0.342     1.076     1.456     2.875     4.036     2.703    14.514     5.264    10.199     3.559     4.496     0.395
    13.75    55.75    2004     0.454     0.861     1.652     1.535     8.601     9.811    17.350     7.125     3.346     4.571     3.596     0.669
    13.75    55.75    2005     0.669     1.058     0.637     3.264     2.253     9.211     0.000     4.574     6.910     4.565     2.720     0.491
    13.75    55.75    2006     0.569     1.047     1.695     1.049     1.623     3.922     1.179     7.708    11.703     4.451     2.961     0.352
    13.75    55.75    2007     0.459     0.652     1.403     3.556     5.749     5.051     8.100     9.265     9.801     5.557     3.281     0.643
    13.75    55.75    2008     0.626     0.819     2.076     1.141     3.187     0.667     8.021     1.992     6.558     5.501     3.365     0.356
    13.75    55.75    2009     0.546     0.894     1.942     3.343     3.262     3.463     9.814     3.482     5.744     5.947     1.948     0.447
    13.75    55.75    2010     0.505     0.688     0.413     1.983     7.287     8.364    11.454     7.095     8.327     3.646     1.458     0.554
    13.75    55.75    2011     0.614     0.961     1.901     3.711     7.418     6.609    14.974     5.096     4.312     4.837     2.514     0.622
    13.75    55.75    2012     0.713     0.975     1.582     3.062     6.603     0.667     6.549     7.605     8.791     6.288     2.372     0.489
    13.75    55.75    2013     0.614     0.584     1.927     2.727     6.015     4.640    17.128     8.197     3.733     2.887     4.261     0.510
    13.75    55.75    2014     0.425     0.403     1.475     1.371     7.425     0.565     5.728     7.507     6.992     5.305     2.825     0.784
    13.75    55.75    2015     0.514     0.756     2.156     1.564     5.163     1.591     7.860     6.899     6.325     2.512     4.601     0.536
    13.75    55.75    2016     0.751     0.765     1.054     3.914     3.811     3.353     2.208     8.478     8.360     3.927     2.906     0.436
    13.75    55.75    2017     0.764     0.833     0.882     2.241     5.283    10.417     0.000     6.782     5.061     6.112     2.852     0.487
    13.75    55.75    2018     0.565     1.260     1.608     1.636     8.185     9.444     5.024     3.317     4.808     6.258     3.377     0.469
    13.75    55.75    2019     0.735     1.560     2.962     2.309     2.676     2.532     8.564     0.821    11.529     4.350     3.279     0.477
    13.75    55.75    2020     0.838     0.700     1.378     2.833     5.399     7.316     6.511     8.618     7.896     4.611     3.725     0.327
    13.75    55.75    2021     0.486     0.797     1.435     2.998     5.220     4.817     1.488     3.199     2.660     3.933     2.246     0.518
    13.75    55.75    2022     0.599     1.009     1.362     2.067     6.137    23.131     6.171     2.969     5.203     6.019     2.861     0.557
    13.75    55.75    2023     0.440     1.035     2.380     4.105     7.134    12.269    12.666    10.930     5.014     2.677     2.110     0.349
    13.75    55.75    2024     0.596     1.086     2.389     1.451     3.319     5.784     8.928     7.278     6.332     6.935     2.308     0.417
    13.75    55.75    2025     0.514     1.459     1.701     3.235     2.435     8.697     9.449     6.071     8.597     4.584     3.296     0.649
    13.75    55.75    2026     0.532     1.590     2.491     4.168     2.112    12.252     1.972     6.676    10.804     8.063     3.484     0.551
    13.75    55.75    2027     0.638     1.414     2.135     2.885     3.587     0.000    24.403    18.849     4.965     4.760     2.169     0.637
    13.75    55.75    2028     0.532     1.311     2.418     1.998     1.496    13.445    16.533     8.830     5.376     5.829     2.646     0.818
    13.75    55.75    2029     0.473     0.992     2.072     3.255     1.717     1.444     6.539    13.255     8.589     4.683     2.757     0.414
    13.75    55.75    2030     0.413     1.073     2.015     4.499     6.138    12.056     7.158     1.572     2.389     5.930     3.259     0.616
    13.75    55.75    2031     0.612     0.609     2.097     2.108     6.105     0.804    11.928    11.248     7.671     5.395     2.113     0.494
    13.75    55.75    2032     0.693     1.042     1.943     5.655     4.018     4.460     1.293     3.575     6.701     5.475     2.267     0.445
    13.75    55.75    2033     0.633     1.315     2.338     1.970     2.977    17.347    13.504     2.179     5.989     3.147     1.899     0.334
    13.75    55.75    2034     0.576     1.192     2.304     0.585     0.545    14.771     2.806    11.376     8.595     5.435     2.980     0.501
    13.75    55.75    2035     0.405     1.161     1.670     1.909     2.025    14.626    15.406     3.353     3.918     3.130     3.116     0.484
    13.75    55.75    2036     0.671     0.834     2.455     1.196     1.879     6.466     1.425     8.150    10.162     5.502     2.208     0.572
    13.75    55.75    2037     0.740     0.701     1.184     2.222     3.443    11.977     9.903     4.447     6.463     5.255     2.226     0.525
    13.75    55.75    2038     0.619     1.140     1.669     2.953     2.773    14.534    22.589     3.951     5.422     5.195     2.745     0.586
    13.75    55.75    2039     0.673     0.571     1.693     4.259     4.381     8.710     7.573     8.071     7.373     6.835     1.445     0.650
    13.75    55.75    2040     0.585     0.854     1.159     3.993     1.880     5.361    11.510     4.071    11.294     5.892     1.821     0.399
    13.75    55.75    2041     0.560     0.688     1.045     1.397     2.813     4.059     9.626     9.355    11.247     6.398     2.561     0.476
    13.75    55.75    2042     0.449     0.933     1.514     0.720     3.908    14.968    12.167     9.064     7.547     4.462     1.985     0.457
    13.75    55.75    2043     0.407     1.009     2.080     1.370     5.091     1.337     0.000     8.130     8.132     3.633     2.662     0.829
    13.75    55.75    2044     0.491     0.966     1.198     1.156     6.771     8.605    17.077    14.783     5.389     4.332     2.605     0.629
    13.75    55.75    2045     0.545     1.231     1.702     4.598     8.240     2.830     2.288     3.493     0.836     5.358     2.844     0.713
    13.75    55.75    2046     0.522     0.874     1.701     1.721     5.887     4.467    15.873     1.897     2.079     5.679     3.061     0.662
    13.75    55.75    2047     0.811     0.802     1.329     2.586     3.023     9.339     0.000     1.716     7.764     3.351     3.063     0.592
    13.75    55.75    2048     0.628     0.942     1.820     1.951     5.335     7.108     1.585     4.314     2.380     5.707     2.122     0.430
    13.75    55.75    2049     0.563     0.970     1.423     3.388     2.109     9.495    16.207     7.505     6.099     3.846     2.842     0.660
    13.75    55.75    2050     0.429     0.771     1.381     1.958    10.257     1.535     7.381     6.000     6.530     6.140     2.459     0.359
    13.75    55.75    2051     0.607     0.906     1.708     4.838     5.228     9.493     5.713     5.421     7.798     3.688     2.606     0.659
    13.75    55.75    2052     0.378     0.677     2.604     3.497     7.432     1.802     5.582     6.793     7.578     6.000     2.989     0.586
    13.75    55.75    2053     0.422     0.603     1.346     2.016     1.672     8.867     4.801     7.990     6.430     4.813     3.569     0.750
    13.75    55.75    2054     0.523     0.653     1.539     3.037     3.611     6.771     9.472     8.184     5.444     4.182     2.809     0.464
    13.75    55.75    2055     0.471     0.681     1.615     1.968     2.750     8.545     0.000     7.551     5.906     5.043     2.239     0.727
    13.75    55.75    2056     0.590     0.757     2.473     2.070     9.365     1.544     5.403    10.110     9.816     3.720     2.165     0.576
    13.75    55.75    2057     0.518     1.013     1.639     3.141     1.892     0.955     1.688    14.370     7.252     3.454     1.798     0.663
    13.75    55.75    2058     0.494     0.604     1.814     2.180     4.189     7.051     2.063     9.162     2.946     1.452     2.058     0.417
    13.75    55.75    2059     0.316     0.570     1.213     4.694     5.788    10.198    14.046     9.012     7.397     5.371     3.148     0.543
    13.75    55.75    2060     0.382     1.105     1.275     1.439     1.354     1.661    20.444     7.010     2.898     4.592     2.128     0.574
    13.75    55.75    2061     0.403     0.637     2.265     2.428     4.084     1.244     8.760     9.054     1.189     4.380     2.330     0.537
    13.75    55.75    2062     0.501     0.585     1.638     1.543     5.257     7.040     0.000     6.894     3.971     3.818     3.121     0.479
    13.75    55.75    2063     0.524     0.388     2.066     4.046     3.514     7.389     0.000     8.920     9.025     3.448     1.954     0.522
    13.75    55.75    2064     0.449     0.875     1.499     0.725     2.877     6.213    13.220     5.967     7.433     2.820     2.032     0.530
    13.75    55.75    2065     0.398     0.616     1.383     2.707     1.491     2.439     7.207     9.696     6.181     3.621     3.125     0.492
    13.75    55.75    2066     0.413     0.766     1.406     2.873     1.722     3.119     3.843     2.751     8.991     3.330     2.193     0.548
    13.75    55.75    2067     0.480     0.799     1.558     1.973     5.724     3.932     1.588     4.077     1.746     4.045     2.021     0.758
    13.75    55.75    2068     0.473     0.701     2.094     0.577     0.401     0.671     6.596     6.850     0.361     3.436     2.788     1.035
    13.75    55.75    2069     0.480     0.478     1.650     3.927     4.958     9.227     7.847     1.479     2.086     3.132     2.044     0.581
    13.75    55.75    2070     0.294     0.664     0.901     2.319     6.361    13.093     1.581     5.351     9.564     5.214     2.730     0.908
    13.75    55.75    2071     0.350     0.613     0.978     1.550     3.245     4.350     5.275     2.477     8.154     3.195     2.100     1.104
    13.75    55.75    2072     0.344     0.573     1.034     1.135     3.535     8.440    14.299     6.864     4.413     5.736     2.685     0.230
    13.75    55.75    2073     0.351     0.681     0.826     1.931     1.211     0.535     6.512     1.031     6.570     3.250     2.686     0.468
    13.75    55.75    2074     0.445     0.764     1.483     1.681     1.302     2.586     6.846     7.579     5.335     3.814     2.082     0.754
    13.75    55.75    2075     0.215     0.490     0.752     1.893     4.424     5.401    16.377     0.198     3.139     5.013     3.355     0.464
    13.75    55.75    2076     0.367     0.537     1.247     3.098     1.675     0.404     5.561     6.671     1.866     7.011     3.127     1.416
    13.75    55.75    2077     0.405     0.628     0.868     1.270     4.256     3.011     0.730     2.049     7.720     5.005     2.280     1.160
    13.75    55.75    2078     0.368     0.490     1.176     1.624     2.116     2.662    11.893     4.587     4.023     3.569     3.165     1.292
    13.75    55.75    2079     0.260     0.640     2.196     1.641     2.339     2.881    22.551     9.709     4.686     3.467     2.704     0.865
    13.75    55.75    2080     0.334     0.537     0.697     2.113     3.501     6.151     0.618     5.659     4.107     5.732     1.828     0.971
    13.75    55.75    2081     0.434     0.277     1.038     3.373     4.687     2.527     0.246     0.168     3.374     2.929     2.887     0.804
    13.75    55.75    2082     0.275     0.360     2.650     4.450     3.506     7.476     4.813     5.059     1.891     4.896     2.912     0.540
    13.75    55.75    2083     0.281     0.380     1.078     4.225     3.751     3.970     5.439     3.215     2.846     3.476     3.577     1.034
    13.75    55.75    2084     0.255     0.371     1.148     0.548     7.095     6.361     5.011     0.457     2.738     4.243     3.494     0.502
    13.75    55.75    2085     0.286     0.380     0.644     3.284     5.479     3.381     1.507     5.661     4.291     3.107     3.035     1.434
    13.75    55.75    2086     0.402     0.536     0.147     1.812     2.049     4.226     0.906     6.415     1.986     3.899     3.527     1.565
    13.75    55.75    2087     0.193     0.435     0.415     4.570     5.763     3.697     1.305     2.030     0.339     3.810     3.243     1.733
    13.75    55.75    2088     0.276     0.547     1.099     3.949     3.832     3.722     1.643     2.296     4.945     5.170     2.748     1.022
    13.75    55.75    2089     0.224     0.529     1.415     2.460     1.254     1.122     0.280     4.878     6.096     2.953     2.279     1.203
    13.75    55.75    2090     0.244     0.380     1.128     1.449     1.602     0.933     3.587     3.509     3.989     4.977     2.519     1.408
    13.75    55.75    2091     0.225     0.328     0.391     0.931     6.147     7.970     5.758     6.034     3.680     5.214     2.396     1.034
    13.75    55.75    2092     0.222     0.375     0.555     2.571     2.211     2.451     0.681     3.477     6.323     6.006     3.344     1.377
    13.75    55.75    2093     0.144     0.251     0.653     1.304     1.154     5.102     1.540     1.128     1.795     2.672     2.381     0.978
    13.75    55.75    2094     0.087     0.266     0.319     3.328     2.052     0.666     6.376     4.597     1.406     2.225     2.732     0.392
    13.75    55.75    2095     0.143     0.326     0.787     1.624     3.903     2.502     7.221     4.666     3.115     1.882     3.515     0.999
    13.75    55.75    2096     0.157     0.226     0.819     4.523     0.573     0.276     0.000     9.479     3.515     8.556     2.921     1.163
    13.75    55.75    2097     0.109     0.300     0.256     0.314     1.138     0.852     1.103     8.976     2.317     2.199     2.079     1.076
    13.75    55.75    2098     0.112     0.164     0.477     1.990     0.181     0.523     0.287     0.252     1.718     3.627     2.797     0.631
    13.75    55.75    2099     0.098     0.158     0.709     2.585     1.976     6.018     0.358     0.900     2.728     2.910     2.370     0.868
    13.75    55.75    2100     0.087     0.198     0.412     0.261     4.331     7.054     5.394     1.348     2.855     2.722     5.247     1.334
    13.75    55.75    2101     0.095     0.154     0.210     1.249     1.875     3.905     2.103     0.565     6.262     3.321     2.655     1.331
    13.75    55.75    2102     0.026     0.066     0.134     0.112     1.939     6.430    12.453     3.864     3.078     3.660     3.115     0.423
    13.75    55.75    2103     0.040     0.058     0.106     1.185     1.025     0.139     3.044     0.355     4.594     3.080     3.682     0.943
    13.75    55.75    2104     0.046     0.066     0.162     0.874     0.609     0.238     3.057     3.184     2.121     2.026     2.081     0.707
    13.75    55.75    2105     0.027     0.051     0.105     2.487     3.876     7.032    17.611     0.090     3.020     4.419     4.061     0.739
    13.75    55.75    2106     0.040     0.053     0.350     2.992     1.091     0.056     2.304     4.384     1.411     6.186     3.532     1.873
    13.75    55.75    2107     0.250     0.078     0.181     0.700     2.764     1.324     0.199     0.810     5.108     3.463     2.097     1.740
    13.75    55.75    2108     0.034     0.064     0.329     0.892     1.285     2.359     7.966     2.698     2.455     3.496     3.207     1.873
    13.75    55.75    2109     0.022     0.429     2.217     1.231     1.397     1.805    19.182     7.141     3.648     3.467     2.780     0.887
    13.75    55.75    2110     0.000     0.000     0.006     1.318     1.165     0.413     0.282     3.674     2.752     4.675     1.576     1.893
    13.75    55.75    2111     0.151     0.000     0.335     2.060     0.197     1.541     0.060     0.023     2.219     1.887     2.754     1.209
    13.75    55.75    2112     0.000     0.000     0.904     3.236     2.298     3.315     3.331     3.142     1.160     3.651     3.441     1.023
    13.75    55.75    2113     0.000     0.000     0.307     5.169     2.862     2.805     2.872     1.802     2.955     2.780     4.765     1.680
    13.75    55.75    2114     0.000     0.000     0.346     0.403     6.325     5.290     2.465     0.268     1.366     3.940     3.455     0.515
    13.75    55.75    2115     0.000     0.000     0.038     2.991     4.336     2.655     0.615     5.231     2.882     2.293     2.868     1.747
    13.75    55.75    2116     0.235     0.000     0.005     1.691     1.827     2.743     0.682     3.458     1.585     3.694     4.508     1.912
    13.75    55.75    2117     0.563     0.112     0.313     2.258     4.218     2.607     0.729     0.968     0.113     3.059     2.599     1.708
    13.75    55.75    2118     0.000     0.066     0.602     3.683     3.339     1.472     1.182     0.703     4.485     5.698     2.964     0.706
    13.75    55.75    2119     0.000     0.151     1.111     1.859     0.647     0.285     0.005     2.939     4.686     2.438     3.298     1.635
    13.75    55.75    2120     0.000     0.058     0.632     0.949     0.930     0.481     2.112     2.297     2.760     4.186     2.334     1.621
    13.75    55.75    2121     0.000     0.000     0.002     0.533     3.801     6.619     4.982     5.178     3.365     5.350     2.720     0.919
    13.75    55.75    2122     0.000     0.012     0.381     2.646     2.308     0.885     0.305     2.897     6.791     5.401     3.305     1.101
    13.75    55.75    2123     0.000     0.000     0.016     0.589     0.405     3.357     0.525     1.086     1.557     2.355     2.437     1.343
    13.75    55.75    2124     0.000     0.000     0.005     1.112     1.764     0.223     5.119     3.591     1.469     1.925     3.444     0.653
    13.75    55.75    2125     0.000     0.000     0.283     1.095     3.525     2.150     5.334     4.397     2.693     1.679     3.307     0.898
    13.75    55.75    2126     0.000     0.006     0.600     4.299     1.571     0.387     0.000     7.117     3.276     8.349     3.158     1.281
    13.75    55.75    2127     0.000     0.000     0.001     0.217     0.864     1.280     0.962     7.196     2.111     2.141     2.176     1.272
    13.75    55.75    2128     0.000     0.000     0.024     1.586     0.215     0.314     2.581     0.132     1.635     3.500     4.016     0.556
    13.75    55.75    2129     0.000     0.000     0.688     2.678     1.805     5.879     0.329     0.218     2.472     2.850     2.895     0.877
    13.75    55.75    2130     0.000     0.000     0.072     0.214     3.402     7.461     4.847     2.477     2.514     2.835     4.989     1.325
    23.75    61.75    1980     0.161     0.923     2.370     2.796     3.783     7.569     5.614     6.254     5.742     3.365     0.960     0.000
    23.75    61.75    1981     0.220     1.199     2.876     3.139     4.096     3.041     6.923     7.741     4.901     3.391     0.280     0.066
    23.75    61.75    1982     0.130     1.200     3.603     3.701     3.128     5.978     3.435     5.951     7.617     3.428     1.016     0.000
    23.75    61.75    1983     0.061     0.905     2.843     1.941     1.719     3.926     4.704     2.784     3.066     2.187     0.322     0.028
    23.75    61.75    1984     0.301     1.301     2.341     2.227     4.459     3.335    15.001     9.941     6.337     4.150     0.802     0.000
    23.75    61.75    1985     0.858     0.541     1.736     2.996     3.523     6.169    10.828     5.389     7.654     2.570     0.293     0.017
    23.75    61.75    1986     0.072     0.940     1.690     3.578     2.722     5.155     6.636     5.160     4.278     2.932     0.319     0.070
    23.75    61.75    1987     0.049     0.746     1.275     2.551     4.443     8.757     5.346     5.349     5.505     3.427     0.793     0.120
    23.75    61.75    1988     0.160     1.015     3.255     2.476     4.724     5.941     5.273     9.159     6.026     2.244     0.859     0.000
    23.75    61.75    1989     0.186     0.572     2.217     4.032     2.302     5.047     7.323     3.229     5.285     5.595     0.544     0.000
    23.75    61.75    1990     0.160     1.092     1.782     4.346     2.809     4.468     7.030    10.619     7.401     3.305     0.804     0.000
    23.75    61.75    1991     0.177     0.559     2.023     1.881     3.018     2.394     6.043     6.378     5.041     4.236     0.207     0.041
    23.75    61.75    1992     0.139     0.875     2.305     2.398     2.821     6.050    13.914    11.156     3.728     1.539     0.495     0.003
    23.75    61.75    1993     0.250     0.928     2.650     3.883     2.876     1.145    10.331     5.649     6.958     2.483     0.290     0.000
    23.75    61.75    1994     0.303     1.434     1.514     4.705     4.952     7.099     5.050     8.076     6.382     3.725     0.662     0.000
    23.75    61.75    1995     0.155     1.072     2.708     1.940     4.396     5.906    11.288     5.670     3.481     3.812     0.804     0.020
    23.75    61.75    1996     0.011     1.488     2.803     4.683     2.709     1.979     6.990    10.579     3.708     3.409     0.663     0.000
    23.75    61.75    1997     0.051     0.712     1.670     2.393     4.128     0.203     8.962    10.786     4.116     3.239     0.493     0.000
    23.75    61.75    1998     0.553     0.621     2.995     3.333     3.757     5.207     7.516     8.676     5.289     4.077     1.027     0.000
    23.75    61.75    1999     0.171     1.686     1.878     3.849     6.458     4.094     8.120     9.296     4.317     2.681     0.751     0.000
    23.75    61.75    2000     0.121     1.021     2.497     3.045     3.413     1.738    10.097     8.583     4.586     3.396     0.734     0.000
    23.75    61.75    2001     0.064     0.591     2.410     3.168     4.580     2.315     4.829    14.344     4.848     2.416     0.724     0.000
    23.75    61.75    2002     0.091     0.909     1.129     2.979     4.041     7.492     5.228     7.610     6.620     1.587     0.915     0.000
    23.75    61.75    2003     0.076     0.893     1.543     3.167     3.891     3.560     6.210     6.107     7.268     3.021     0.568     0.000
    23.75    61.75    2004     0.264     0.753     2.247     3.260     2.752     5.824    14.941     8.396     4.990     4.699     0.678     0.003
    23.75    61.75    2005     0.242     1.213     2.299     3.474     3.359    13.610     7.429     4.752     7.487     2.342     0.568     0.000
    23.75    61.75    2006     0.853     1.215     2.769     2.511     2.296     2.545     1.810     7.630     6.837     3.509     0.519     0.000
    23.75    61.75    2007     0.040     0.528     2.403     2.058     5.331     3.508     8.138    12.708     6.602     3.732     1.067     0.009
    23.75    61.75    2008     0.387     0.869     2.338     3.651     3.763     3.545     5.901     8.229     5.481     4.392     0.566     0.000
    23.75    61.75    2009     0.301     1.051     2.365     0.998     4.262     2.695     1.943     9.411     5.660     2.985     0.631     0.000
    23.75    61.75    2010     0.103     1.439     1.247     3.916     3.958     3.710    10.528     9.734     7.298     2.681     0.571     0.000
    23.75    61.75    2011     0.098     1.218     2.167     3.413     4.870     1.499     6.034    11.019     5.239     2.506     1.074     0.402
    23.75    61.75    2012     0.038     1.226     1.284     2.221     4.225     2.881     7.670     9.428     5.388     2.929     0.412     0.065
    23.75    61.75    2013     0.029     0.960     2.611     1.858     5.084     7.501     4.671    10.210     3.635     3.147     0.725     0.005
    23.75    61.75    2014     0.071     0.669     2.613     2.995     3.056     5.063    14.996     3.713     4.734     3.907     0.655     0.000
    23.75    61.75    2015     0.114     0.949     2.196     1.315     3.679     2.601     8.311     6.163     4.905     4.569     0.731     0.000
    23.75    61.75    2016     0.091     0.843     2.295     3.605     4.355     7.706     0.900     6.262     6.373     3.195     0.736     0.456
    23.75    61.75    2017     0.140     0.783     2.398     2.411     2.374    10.567     5.598     8.605     3.593     4.798     0.711     0.000
    23.75    61.75    2018     0.082     0.957     1.519     3.983     3.215     7.412    12.601     8.934     4.661     3.289     0.631     0.021
    23.75    61.75    2019     0.244     0.835     2.377     2.882     2.653     3.004     4.019     6.149     5.770     2.613     0.616     0.000
    23.75    61.75    2020     0.263     1.084     1.147     2.425     5.742     3.463     4.432    12.505     4.717     5.196     0.523     0.000
    23.75    61.75    2021     0.022     0.775     1.702     2.967     0.964     5.428     5.463     5.857     4.482     2.784     0.880     0.000
    23.75    61.75    2022     0.014     1.350     2.245     2.951     4.595    10.104     5.100     6.549     4.786     2.037     0.957     0.040
    23.75    61.75    2023     0.194     1.337     2.101     1.629     2.676     5.310    11.108     9.508     3.728     3.548     0.387     0.007
    23.75    61.75    2024     0.082     0.882     2.196     2.877     2.537     6.108     4.497    10.740     1.800     3.079     0.615     0.089
    23.75    61.75    2025     0.234     1.071     2.449     2.022     3.343     3.864     3.532     9.955     4.414     2.585     0.711     0.000
    23.75    61.75    2026     0.005     0.881     3.103     3.321     1.702     2.896     2.535     3.330     5.910     3.209     0.772     0.158
    23.75    61.75    2027     0.217     0.702     2.466     4.056     2.045     3.569    10.296     8.489     6.088     2.662     0.492     0.000
    23.75    61.75    2028     0.048     0.871     2.263     2.613     1.379     5.504     4.066     8.245     4.984     3.729     0.884     0.176
    23.75    61.75    2029     0.037     0.965     1.638     1.998     1.613     6.118     6.365    13.720     5.622     2.981     0.542     0.000
    23.75    61.75    2030     0.423     0.718     1.970     1.523     4.700     5.675     3.898     1.457     6.308     3.590     0.459     0.000
    23.75    61.75    2031     0.098     0.839     1.567     2.722     3.285     3.084     9.538     7.203     3.977     3.319     0.946     0.000
    23.75    61.75    2032     0.041     1.347     1.879     4.001     2.508     5.410     8.493     8.599     2.911     4.064     0.654     0.282
    23.75    61.75    2033     0.211     1.173     2.898     1.898     4.639    10.182    12.549     5.973     4.749     3.339     0.942     0.000
    23.75    61.75    2034     0.343     0.258     1.242     1.988     0.158     5.566     7.460    10.159     3.738     3.413     0.627     0.000
    23.75    61.75    2035     0.125     1.062     1.280     1.532     2.474     6.198     9.009     6.349     4.730     3.557     0.963     0.001
    23.75    61.75    2036     0.434     0.791     1.523     1.498     1.692     2.576     3.107     5.713     4.320     2.953     0.239     0.000
    23.75    61.75    2037     0.076     0.931     1.586     1.896     0.681     4.496     8.857     3.977     3.945     2.777     0.789     0.024
    23.75    61.75    2038     0.068     0.977     1.893     1.336     1.877     2.168     5.923     6.800     2.408     2.937     1.761     0.037
    23.75    61.75    2039     0.204     0.769     1.694     1.356     5.343     4.194     5.507     8.635     1.801     2.404     0.479     0.000
    23.75    61.75    2040     0.170     0.617     1.800     1.908     2.079     4.887    10.147     9.060     4.802     3.091     0.532     0.000
    23.75    61.75    2041     0.307     0.526     1.177     0.744     2.017     3.184     7.041     5.616     4.802     3.150     0.639     0.000
    23.75    61.75    2042     0.186     0.708     2.250     1.825     1.621     3.263    11.705    10.810     4.715     2.847     0.491     0.000
    23.75    61.75    2043     0.052     0.664     1.220     0.974     1.789     3.336     2.607     1.872     5.372     2.224     0.724     0.032
    23.75    61.75    2044     0.143     0.831     1.356     1.078     0.660     4.621     4.266     6.882     4.371     3.819     0.745     0.107
    23.75    61.75    2045     0.062     0.579     1.778     1.131     4.660     5.232     6.330     5.763     1.847     2.770     0.583     0.000
    23.75    61.75    2046     0.064     0.535     1.366     0.799     3.021     4.522    11.909     6.775     3.646     2.708     1.045     0.023
    23.75    61.75    2047     0.160     0.422     0.551     2.392     1.624     3.784     4.843     4.780     1.660     3.215     0.875     0.000
    23.75    61.75    2048     0.084     0.443     1.195     1.696     2.705     5.441     4.434     9.360     2.764     2.093     0.403     0.000
    23.75    61.75    2049     0.072     0.612     1.529     1.915     1.063     2.590     5.272     8.088     3.236     2.496     0.898     0.000
    23.75    61.75    2050     0.064     0.661     1.154     0.869     2.641     2.536     5.715     6.238     4.627     2.639     0.487     0.058
    23.75    61.75    2051     0.107     0.576     1.134     0.981     2.371     2.882     4.622     6.384     5.205     2.849     1.090     0.000
    23.75    61.75    2052     0.003     0.305     1.107     2.007     1.751     4.847     7.276     2.930     5.402     1.931     0.725     0.026
    23.75    61.75    2053     0.010     0.204     1.161     1.386     0.969     4.214     4.933     3.837     1.739     3.754     0.994     0.041
    23.75    61.75    2054     0.008     0.537     1.340     1.385     1.649     4.182     4.334     5.902     3.133     2.662     0.305     0.156
    23.75    61.75    2055     0.094     0.686     0.866     1.470     2.638     6.685     3.099     5.731     4.198     2.730     0.498     0.001
    23.75    61.75    2056     0.167     0.602     0.926     1.054     2.954     3.953     8.130     5.771     4.024     2.199     0.713     0.007
    23.75    61.75    2057     0.123     0.563     0.797     1.665     1.929     3.193     3.335     3.885     4.158     4.169     0.727     0.000
    23.75    61.75    2058     0.064     0.354     0.990     1.385     1.919     4.789     2.650     5.084     1.847     2.607     0.519     0.009
    23.75    61.75    2059     0.137     0.275     1.215     1.269     4.476     4.346     8.663    12.036     3.277     2.957     0.755     0.000
    23.75    61.75    2060     0.028     0.351     0.793     1.321     4.933     0.505    10.298     6.295     3.784     2.691     0.668     0.009
    23.75    61.75    2061     0.015     0.450     1.065     0.758     1.802     1.672     4.050     4.125     2.444     3.826     0.686     0.011
    23.75    61.75    2062     0.163     0.257     0.783     1.245     2.761     1.640     1.459     5.753     2.467     2.591     0.357     0.020
    23.75    61.75    2063     0.095     0.459     0.761     1.667     2.830     0.718     1.935     1.818     2.098     1.139     0.452     0.008
    23.75    61.75    2064     0.022     0.226     0.882     0.621     1.405     0.635     4.554     5.528     2.851     2.049     1.371     0.011
    23.75    61.75    2065     0.048     0.192     0.937     0.889     2.905     0.698     4.783     4.560     3.643     2.828     0.524     0.000
    23.75    61.75    2066     0.098     0.298     0.584     0.984     1.570     1.428     1.726     3.378     3.620     0.965     0.236     0.000
    23.75    61.75    2067     0.066     0.230     0.575     0.574     2.786     3.441     4.053     4.765     5.073     3.059     1.194     0.000
    23.75    61.75    2068     0.032     0.228     0.782     0.196     1.229     2.976     3.812     1.826     0.196     2.808     1.060     0.000
    23.75    61.75    2069     0.093     0.202     0.638     0.883     1.462     3.404     6.130     3.117     1.305     1.762     0.982     0.000
    23.75    61.75    2070     0.034     0.150     0.393     0.486     1.733     0.340     3.195     3.672     2.767     2.659     0.774     0.000
    23.75    61.75    2071     0.077     0.094     0.439     0.676     1.085     0.609     2.632     2.603     1.589     1.730     0.698     0.000
    23.75    61.75    2072     0.051     0.173     0.410     0.472     1.622     6.296     3.235     2.611     4.425     2.997     0.069     0.010
    23.75    61.75    2073     0.046     0.105     0.383     1.280     1.720     2.133     2.383     5.706     2.287     3.120     0.714     0.004
    23.75    61.75    2074     0.013     0.173     0.355     0.390     0.887     1.533     5.759     6.752     4.947     2.566     0.915     0.130
    23.75    61.75    2075     0.012     0.128     0.256     0.324     1.416     1.899     4.027     2.917     1.164     2.628     0.552     0.000
    23.75    61.75    2076     0.025     0.110     0.296     0.737     1.206     1.834     6.678    10.622     2.189     3.075     0.288     0.000
    23.75    61.75    2077     0.029     0.118     0.344     0.447     0.452     1.022     3.223     6.296     3.259     2.274     1.175     0.036
    23.75    61.75    2078     0.018     0.139     0.139     0.091     1.058     0.595     6.152     6.206     3.176     3.189     0.873     0.000
    23.75    61.75    2079     0.024     0.118     0.472     0.368     1.157     4.630     3.834     4.431     1.569     4.114     0.909     0.000
    23.75    61.75    2080     0.026     0.056     0.122     0.496     1.632     1.867     2.017     5.848     3.045     4.570     0.816     0.000
    23.75    61.75    2081     0.010     0.083     0.098     0.485     1.898     1.744     1.224     2.269     1.799     1.107     0.780     0.000
    23.75    61.75    2082     0.006     0.036     0.223     1.137     3.032     1.865     3.745     6.051     2.850     3.365     0.382     0.001
    23.75    61.75    2083     0.010     0.022     0.064     0.088     1.552     3.582     5.462     3.155     4.325     1.960     0.838     0.000
    23.75    61.75    2084     0.005     0.010     0.026     0.269     1.601     0.984     0.183     1.924     1.474     4.248     0.821     0.000
    23.75    61.75    2085     0.002     0.016     0.011     0.048     1.070     2.743     0.751     3.482     2.857     0.802     0.510     0.001
    23.75    61.75    2086     0.000     0.000     0.000     0.092     0.974     1.307     5.087     8.204     0.354     3.114     0.963     0.000
    23.75    61.75    2087     0.000     0.000     0.000     0.352     2.429     2.065     7.445     8.019     1.544     2.726     1.167     0.000
    23.75    61.75    2088     0.000     0.001     0.010     0.399     0.321     1.050     6.647     7.369     4.103     6.113     1.618     0.000
    23.75    61.75    2089     0.000     0.036     0.082     0.576     1.962     1.022     0.328     0.862     3.666     2.961     1.025     0.000
    23.75    61.75    2090     0.000     0.000     0.212     0.792     1.482     1.034     6.300     4.807     2.071     2.128     0.464     0.000
    23.75    61.75    2091     0.000     0.000     0.000     0.066     1.856     2.772     2.799     6.810     3.593     3.863     0.976     0.000
    23.75    61.75    2092     0.000     0.000     0.000     0.014     1.604     1.898     5.135     2.785     3.294     2.224     0.950     0.000
    23.75    61.75    2093     0.000     0.000     0.000     0.498     2.768     2.056     3.061     4.562     2.839     2.914     0.952     0.000
    23.75    61.75    2094     0.000     0.000     0.000     0.445     2.193     0.817     1.615     5.400     2.314     2.015     1.033     0.000
    23.75    61.75    2095     0.000     0.000     0.000     0.021     0.548     1.193     1.701     3.745     2.300     2.696     1.245     0.000
    23.75    61.75    2096     0.000     0.000     0.040     0.245     3.138     2.272     1.455     3.731     4.495     4.016     0.907     0.000
    23.75    61.75    2097     0.000     0.000     0.000     0.006     0.980     1.797     2.802     6.270     5.664     3.424     0.826     0.000
    23.75    61.75    2098     0.000     0.000     0.000     0.015     0.428     0.464     0.934     2.771     1.137     3.110     0.613     0.000
    23.75    61.75    2099     0.000     0.000     0.000     0.018     1.679     6.242     2.595     6.475     1.107     2.388     0.814     0.000
    23.75    61.75    2100     0.000     0.000     0.000     0.071     0.230     4.216    11.476     6.724     3.840     2.563     1.638     0.000
    23.75    61.75    2101     0.000     0.000     0.000     0.459     1.118     0.708     4.089     3.137     1.959     2.721     0.591     0.000
    23.75    61.75    2102     0.000     0.000     0.000     0.000     1.088     7.276     2.001     2.771     4.828     3.292     0.063     0.000
    23.75    61.75    2103     0.000     0.000     0.000     0.902     1.829     1.089     0.753     6.811     2.624     3.959     0.634     0.000
    23.75    61.75    2104     0.000     0.000     0.000     0.099     0.288     0.946     5.913     6.104     4.240     2.577     1.411     0.000
    23.75    61.75    2105     0.015     0.007     0.010     0.111     1.552     2.198     3.957     2.410     1.428     2.799     0.832     0.000
    23.75    61.75    2106     0.000     0.000     0.004     0.681     0.615     1.298     6.182    10.821     2.120     3.416     0.623     0.000
    23.75    61.75    2107     0.000     0.000     0.035     0.163     0.331     0.846     2.984     5.908     3.283     2.237     1.759     0.049
    23.75    61.75    2108     0.000     0.000     0.000     0.040     1.141     0.753     6.312     6.280     3.234     3.234     1.439     0.000
    23.75    61.75    2109     0.000     0.360     0.823     0.545     0.829     0.357     3.802     4.833     1.631     3.848     1.183     0.000
    23.75    61.75    2110     0.000     0.000     0.000     0.406     1.666     5.086     1.358     5.812     3.219     3.739     0.984     0.000
    23.75    61.75    2111     0.000     0.000     0.000     0.456     1.730     2.411     1.429     1.465     2.273     1.275     1.115     0.000
    23.75    61.75    2112     0.000     0.000     0.288     1.612     3.180     2.024     3.336     6.461     3.013     2.586     0.961     0.000
    23.75    61.75    2113     0.000     0.000     0.000     0.026     1.069     3.026     6.914     3.900     5.390     2.406     1.618     0.000
    23.75    61.75    2114     0.000     0.000     0.000     0.650     1.867     2.205     0.191     5.188     1.897     4.228     1.042     0.000
    23.75    61.75    2115     0.000     0.000     0.000     0.095     1.742     3.344     0.647     4.728     3.476     0.979     0.720     0.000
    23.75    61.75    2116     0.000     0.000     0.000     0.104     1.102     3.239     6.002    10.927     0.478     5.180     1.283     0.000
    23.75    61.75    2117     0.000     0.000     0.002     0.621     2.659     2.224     7.063     8.290     1.597     2.438     1.431     0.000
    23.75    61.75    2118     0.000     0.065     0.297     1.519     0.639     1.153     8.115     8.219     4.327     6.058     1.315     0.000
    23.75    61.75    2119     0.000     0.059     0.491     1.282     2.454     2.713     1.111     0.936     4.599     3.301     1.480     0.000
    23.75    61.75    2120     0.000     0.000     0.271     1.019     2.067     1.475     7.300     5.373     2.315     2.379     0.493     0.000
    23.75    61.75    2121     0.000     0.000     0.000     0.064     1.598     2.662     2.973     6.508     4.288     4.936     1.292     0.000
    23.75    61.75    2122     0.000     0.000     0.000     0.037     1.045     0.692     5.046     2.737     3.237     2.185     1.168     0.000
    23.75    61.75    2123     0.000     0.000     0.000     0.362     2.454     2.285     1.602     4.148     2.785     2.856     1.368     0.000
    23.75    61.75    2124     0.000     0.000     0.000     0.519     2.438     1.418     2.490     5.942     2.573     2.249     1.377     0.000
    23.75    61.75    2125     0.000     0.000     0.000     0.091     0.517     0.263     1.174     5.526     2.510     2.942     1.018     0.000
    23.75    61.75    2126     0.000     0.000     0.025     0.320     3.760     2.478     1.019     4.079     5.264     3.922     0.909     0.000
    23.75    61.75    2127     0.000     0.000     0.000     0.088     1.059     0.528     3.144     8.617     6.286     3.799     1.505     0.000
    23.75    61.75    2128     0.000     0.000     0.000     0.077     0.529     0.224     0.944     2.830     1.176     3.221     0.440     0.000
    23.75    61.75    2129     0.000     0.000     0.000     0.048     1.213     6.576     2.692     6.518     1.148     2.480     1.000     0.000
    23.75    61.75    2130     0.000     0.000     0.000     0.035     0.225     3.025    12.522     6.965     3.978     2.656     1.968     0.001
    21.75    39.75    1980     1.685     2.049     1.240     1.983     1.246     1.149     2.120     0.330     0.228     0.992     2.135     0.787
    21.75    39.75    1981     0.570     0.922     0.559     0.799     1.085     0.179     0.153     0.000     0.456     2.253     0.424     1.413
    21.75    39.75    1982     0.351     0.211     0.530     1.255     0.098     0.077     0.251     0.432     0.281     1.580     0.523     0.990
    21.75    39.75    1983     0.551     0.467     3.025     0.959     0.575     0.907     0.477     0.428     0.842     0.791     1.479     1.598
    21.75    39.75    1984     0.449     0.444     1.081     0.735     4.013     0.542     0.053     0.123     1.329     0.908     2.883     4.037
    21.75    39.75    1985     1.685     2.132     1.156     0.521     0.141     0.639     0.968     0.044     0.388     0.369     2.583     2.652
    21.75    39.75    1986     1.823     1.960     2.575     2.540     0.660     1.836     1.195     0.915     2.131     1.200     0.718     1.096
    21.75    39.75    1987     2.885     2.324     3.214     3.339     4.509     1.890     1.118     1.136     1.586     3.184     3.075     1.925
    21.75    39.75    1988     1.205     0.626     3.405     2.309     1.972     3.919     1.734     0.159     0.817     6.480     2.659     3.459
    21.75    39.75    1989     2.597     2.343     5.155     1.159     2.864     1.431     1.158     0.133     1.086     0.264     6.384     1.813
    21.75    39.75    1990     0.507     1.318     1.722     1.032     2.623     0.208     0.402     0.396     0.296     2.948     1.516     0.931
    21.75    39.75    1991     0.414     1.111     0.609     1.553     2.324     1.227     0.889     0.063     0.241     0.339     4.487     0.774
    21.75    39.75    1992     0.366     1.148     1.562     1.211     0.163     0.100     0.367     0.445     3.252     2.564     1.569     1.454
    21.75    39.75    1993     1.058     0.786     1.020     1.643     0.797     1.142     0.096     0.522     0.285     1.012     4.649     2.584
    21.75    39.75    1994     0.892     0.676     1.097     2.338     0.757     0.525     0.137     0.289     1.242     1.890     0.532     1.538
    21.75    39.75    1995     1.869     1.138     1.834     1.448     1.362     2.041     1.012     0.536     0.412     2.417     4.022     1.956
    21.75    39.75    1996     0.586     1.646     1.730     5.379     0.791     0.930     0.412     2.523     0.217     0.648     1.319     1.343
    21.75    39.75    1997     2.240     1.721     1.482     1.275     0.968     1.562     0.961     1.637     1.950     0.642     1.476     1.726
    21.75    39.75    1998     0.840     1.837     0.995     0.827     0.400     1.408     2.030     1.786     0.488     2.599     0.907     2.133
    21.75    39.75    1999     0.946     1.174     0.749     0.389     0.779     1.033     0.156     0.137     1.149     2.096     1.631     1.820
    21.75    39.75    2000     0.822     0.261     1.732     1.124     0.337     0.941     0.107     0.314     2.577     0.358     0.711     1.774
    21.75    39.75    2001     1.106     1.843     3.772     0.333     0.764     0.747     0.595     0.233     0.081     2.202     2.130     1.637
    21.75    39.75    2002     1.272     0.179     0.539     0.358     0.411     0.591     0.151     0.194     0.000     2.226     1.131     0.914
    21.75    39.75    2003     0.656     1.578     1.894     0.572     1.411     0.653     0.276     0.927     0.206     0.993     1.378     0.809
    21.75    39.75    2004     1.241     2.083     2.413     0.669     0.411     0.049     0.124     0.175     0.839     0.045     1.521     1.515
    21.75    39.75    2005     0.929     0.667     0.676     0.083     4.220     0.606     0.309     0.041     2.394     1.018     0.572     1.511
    21.75    39.75    2006     1.405     1.092     0.934     0.969     0.914     0.745     0.349     0.123     0.283     1.952     2.996     2.303
    21.75    39.75    2007     0.824     0.810     1.203     0.890     1.015     0.146     0.159     0.376     0.801     1.871     0.099     2.243
    21.75    39.75    2008     0.708     1.239     1.505     2.425     0.000     3.241     0.688     2.019     1.570     1.675     3.401     0.937
    21.75    39.75    2009     0.992     0.623     2.466     2.300     1.518     2.465     1.538     1.579     1.954     2.912     1.948     3.057
    21.75    39.75    2010     1.991     0.857     1.691     1.977     1.335     0.173     0.090     0.395     0.642     3.815     3.758     1.789
    21.75    39.75    2011     1.149     1.145     0.744     0.377     1.544     0.737     0.519     0.794     0.744     0.568     0.809     0.737
    21.75    39.75    2012     1.362     1.096     3.850     1.097     0.554     1.063     0.633     0.801     0.739     0.068     2.732     2.239
    21.75    39.75    2013     1.087     0.587     0.978     0.471     0.304     0.088     0.058     0.139     1.189     2.655     0.830     2.166
    21.75    39.75    2014     1.316     1.964     2.065     0.433     0.282     1.041     0.369     0.083     1.344     1.596     1.324     0.724
    21.75    39.75    2015     0.846     0.421     3.343     2.499     5.576     1.476     0.919     0.126     0.485     0.434     1.796     2.777
    21.75    39.75    2016     1.001     0.829     2.179     0.729     1.029     0.314     0.738     0.119     1.635     1.836     2.604     2.669
    21.75    39.75    2017     0.304     1.248     2.024     0.754     0.170     0.412     0.600     0.100     1.044     0.765     0.679     3.290
    21.75    39.75    2018     1.219     0.943     2.640     2.283     2.029     0.824     0.649     0.376     0.083     1.400     1.676     1.547
    21.75    39.75    2019     1.219     0.406     1.421     0.195     2.429     1.099     0.451     0.428     0.271     2.172     1.676     2.956
    21.75    39.75    2020     1.102     0.291     4.167     1.329     0.386     0.155     0.323     0.082     0.912     1.998     1.794     2.513
    21.75    39.75    2021     1.398     1.662     1.508     1.769     2.070     0.306     1.026     0.245     1.470     3.133     0.266     2.038
    21.75    39.75    2022     1.650     0.911     0.518     2.946     0.302     0.000     0.886     1.296     0.239     0.821     1.531     2.069
    21.75    39.75    2023     0.979     0.551     2.073     1.203     0.270     0.172     0.062     0.041     0.000     1.018     2.596     0.967
    21.75    39.75    2024     1.093     0.150     2.735     0.632     0.000     0.502     0.771     3.293     0.437     0.128     2.186     1.542
    21.75    39.75    2025     0.053     1.864     2.396     1.022     0.876     0.113     0.039     0.112     0.315     0.727     2.145     2.833
    21.75    39.75    2026     1.135     0.920     0.457     0.552     0.717     0.601     0.463     0.200     1.233     2.596     2.245     2.453
    21.75    39.75    2027     0.590     1.171     1.288     2.229     1.793     1.512     0.679     0.145     1.071     0.450     1.484     3.203
    21.75    39.75    2028     1.685     0.244     0.304     2.188     0.565     0.607     0.942     0.090     1.458     0.858     1.225     3.161
    21.75    39.75    2029     1.202     2.665     3.594     1.061     2.192     3.179     1.269     0.305     0.609     0.535     4.111     0.969
    21.75    39.75    2030     1.843     2.585     0.808     0.820     0.207     0.089     0.080     0.784     5.374     0.156     0.933     0.433
    21.75    39.75    2031     0.862     0.120     0.378     1.990     1.258     0.730     0.057     1.326     1.941     2.250     2.899     0.515
    21.75    39.75    2032     0.279     0.073     0.239     0.033     1.464     0.695     0.169     0.056     0.591     0.659     1.148     1.307
    21.75    39.75    2033     0.764     0.350     0.741     0.415     0.188     0.018     0.163     0.047     0.511     2.048     1.200     1.173
    21.75    39.75    2034     0.888     0.816     0.923     1.627     1.233     0.066     0.304     0.023     0.784     0.680     0.433     2.261
    21.75    39.75    2035     3.043     0.395     3.726     1.027     0.495     0.058     0.123     1.010     0.106     0.587     2.262     1.821
    21.75    39.75    2036     1.605     1.546     1.045     1.173     0.313     0.049     0.869     0.028     0.000     0.681     0.782     1.630
    21.75    39.75    2037     0.340     0.814     0.318     0.544     0.776     0.070     0.453     2.198     0.872     3.451     1.843     1.728
    21.75    39.75    2038     1.365     0.539     1.512     1.395     1.158     0.000     0.026     0.000     1.631     1.606     3.768     3.171
    21.75    39.75    2039     1.520     1.806     4.208     1.842     2.943     0.385     0.280     0.053     1.511     0.399     0.000     1.514
    21.75    39.75    2040     0.551     2.044     0.825     0.597     1.961     1.047     0.137     0.338     1.382     4.076     4.874     4.203
    21.75    39.75    2041     1.475     1.813     1.451     0.665     1.798     1.290     1.098     0.422     0.459     0.818     1.380     3.010
    21.75    39.75    2042     1.616     3.276     2.386     1.852     0.516     0.171     1.018     0.000     2.060     2.188     4.751     4.104
    21.75    39.75    2043     3.860     0.854     2.155     2.009     0.220     1.297     0.721     0.516     0.108     0.979     0.700     0.283
    21.75    39.75    2044     1.265     3.786     3.939     5.053     0.000     0.925     0.527     0.477     0.568     0.541     0.665     1.332
    21.75    39.75    2045     1.567     0.973     0.931     0.241     0.105     0.579     0.224     0.371     0.047     0.869     1.333     2.564
    21.75    39.75    2046     0.340     0.052     0.223     0.081     0.181     0.019     0.011     0.186     0.284     0.389     0.242     0.448
    21.75    39.75    2047     0.688     0.690     0.893     0.720     0.028     0.860     0.088     0.290     0.427     0.659     1.005     2.271
    21.75    39.75    2048     0.648     0.406     1.364     0.447     2.235     0.039     0.404     1.076     2.495     0.580     2.693     1.092
    21.75    39.75    2049     2.844     1.301     2.490     1.170     0.497     0.184     0.355     0.695     0.592     2.014     4.252     1.321
    21.75    39.75    2050     0.702     0.670     1.464     0.274     0.158     0.183     0.106     0.156     0.397     0.186     0.623     2.743
    21.75    39.75    2051     1.031     1.501     0.551     0.159     0.067     0.022     0.123     0.141     0.208     0.928     0.635     2.045
    21.75    39.75    2052     1.070     1.826     0.220     0.085     0.085     0.058     0.065     0.993     0.172     0.155     3.784     1.030
    21.75    39.75    2053     0.343     0.848     0.630     0.346     0.373     0.151     0.312     0.050     0.201     0.032     2.134     0.591
    21.75    39.75    2054     0.616     1.319     1.703     0.167     0.181     0.793     0.154     0.046     0.725     1.674     3.187     0.773
    21.75    39.75    2055     0.272     0.988     2.302     1.885     1.895     0.454     0.353     1.468     0.566     0.371     1.958     2.123
    21.75    39.75    2056     0.367     1.077     0.168     1.703     0.284     0.119     0.569     0.170     0.244     1.112     1.071     2.752
    21.75    39.75    2057     0.538     0.691     0.512     0.352     0.178     0.660     0.218     0.231     0.193     0.318     0.065     2.034
    21.75    39.75    2058     0.326     0.634     0.172     0.224     0.023     0.053     0.037     0.288     0.091     1.049     0.125     1.370
    21.75    39.75    2059     0.785     0.326     0.230     0.061     0.000     0.014     0.000     0.089     0.314     0.547     0.336     1.293
    21.75    39.75    2060     0.341     0.344     0.460     0.273     0.580     0.124     0.025     0.047     0.011     0.100     1.466     0.812
    21.75    39.75    2061     0.940     0.235     0.552     0.037     0.000     0.534     0.520     0.038     0.247     0.000     0.801     0.646
    21.75    39.75    2062     0.266     0.128     1.872     0.640     0.325     0.137     0.022     0.048     0.247     0.957     2.371     1.980
    21.75    39.75    2063     1.271     1.078     0.761     0.370     0.164     0.118     0.183     0.045     0.000     0.472     3.139     2.440
    21.75    39.75    2064     0.954     0.832     1.431     0.458     0.142     0.195     0.120     0.096     0.164     0.239     2.086     1.576
    21.75    39.75    2065     0.799     1.003     1.104     0.150     0.000     0.313     0.040     0.000     0.393     1.926     1.590     4.003
    21.75    39.75    2066     0.039     0.417     1.634     0.724     0.173     0.029     0.144     0.349     0.286     0.418     1.449     0.475
    21.75    39.75    2067     0.751     0.510     0.718     2.150     0.000     0.211     0.146     0.013     0.019     0.268     0.540     3.489
    21.75    39.75    2068     0.754     1.109     0.516     1.414     0.285     0.116     0.009     0.357     0.507     0.354     2.423     0.348
    21.75    39.75    2069     0.398     0.770     0.091     0.391     0.135     0.000     0.143     0.034     0.205     0.377     3.871     2.166
    21.75    39.75    2070     0.808     0.762     0.326     0.657     0.963     0.072     0.046     0.072     0.217     0.661     0.567     1.458
    21.75    39.75    2071     1.595     0.935     1.223     0.000     0.106     0.060     0.214     0.064     1.425     1.387     2.178     1.903
    21.75    39.75    2072     1.290     0.494     0.376     0.725     0.297     0.000     0.371     0.018     0.455     0.465     0.833     1.285
    21.75    39.75    2073     0.188     1.240     1.351     0.524     0.541     0.677     0.138     0.019     0.278     0.302     4.620     3.475
    21.75    39.75    2074     0.397     1.003     0.226     0.302     0.025     0.104     0.046     0.063     0.000     0.630     0.352     1.519
    21.75    39.75    2075     0.984     0.833     0.983     0.104     0.377     0.196     0.043     0.000     0.680     0.341     0.394     1.153
    21.75    39.75    2076     0.468     1.194     0.312     1.470     0.910     0.058     0.024     0.399     0.145     0.036     1.569     0.665
    21.75    39.75    2077     0.532     0.540     1.827     0.129     0.016     0.000     0.042     0.083     0.037     0.254     0.152     1.245
    21.75    39.75    2078     0.436     0.305     0.044     0.116     0.011     0.000     0.048     0.000     0.007     0.000     0.233     0.636
    21.75    39.75    2079     0.146     0.308     0.237     0.287     0.182     0.016     0.002     0.001     0.726     0.041     0.232     0.727
    21.75    39.75    2080     0.485     1.099     1.013     1.367     0.111     0.064     0.523     0.042     0.319     0.546     1.780     2.126
    21.75    39.75    2081     0.432     1.018     0.990     2.160     0.623     0.222     0.191     0.023     0.078     0.781     0.966     4.037
    21.75    39.75    2082     1.731     0.968     0.756     0.794     0.710     0.173     0.017     0.000     0.250     0.242     1.132     3.873
    21.75    39.75    2083     0.344     0.469     0.368     0.041     0.018     0.181     0.000     0.057     0.638     0.746     0.319     0.892
    21.75    39.75    2084     0.627     0.499     0.838     2.022     0.344     0.037     0.373     0.228     0.061     0.680     2.375     2.751
    21.75    39.75    2085     2.021     0.867     2.838     1.213     0.045     0.022     0.074     0.759     0.295     0.886     2.955     3.073
    21.75    39.75    2086     0.585     1.755     2.526     0.267     0.175     0.037     0.062     0.205     0.864     0.042     1.147     0.236
    21.75    39.75    2087     1.453     0.000     1.940     0.698     0.017     0.014     0.016     0.093     0.348     0.783     0.602     1.116
    21.75    39.75    2088     0.120     0.532     0.861     0.024     0.079     0.048     0.055     0.073     0.203     0.036     0.903     1.671
    21.75    39.75    2089     0.666     0.026     0.391     0.186     0.071     0.044     0.216     0.123     0.044     0.307     1.426     1.021
    21.75    39.75    2090     0.702     1.625     0.067     0.095     0.004     0.023     0.000     0.000     0.244     0.452     0.998     0.818
    21.75    39.75    2091     0.439     0.185     0.726     0.387     0.028     0.144     0.142     0.038     0.000     0.054     0.798     0.236
    21.75    39.75    2092     0.852     1.451     0.804     0.054     0.036     0.000     0.016     0.028     0.257     0.604     0.327     2.856
    21.75    39.75    2093     0.347     0.353     0.501     0.898     0.240     0.293     0.405     0.133     0.304     0.233     2.765     2.136
    21.75    39.75    2094     0.572     0.877     2.670     0.106     0.042     0.062     0.140     0.219     0.179     0.000     0.170     3.077
    21.75    39.75    2095     0.877     0.249     0.205     0.904     0.322     0.364     0.284     0.120     0.510     0.835     0.849     0.802
    21.75    39.75    2096     2.896     1.171     0.966     0.397     0.129     0.188     0.071     0.064     0.526     0.632     2.457     0.897
    21.75    39.75    2097     1.410     1.063     0.569     0.463     0.192     0.191     0.055     0.103     0.198     0.000     1.159     1.400
    21.75    39.75    2098     0.875     0.852     0.701     0.037     0.431     0.085     0.041     0.046     0.810     0.125     1.272     3.302
    21.75    39.75    2099     0.990     0.375     0.038     0.314     0.913     0.099     0.253     0.000     0.214     0.469     1.271     1.217
    21.75    39.75    2100     0.779     0.549     1.143     1.740     0.128     0.213     0.166     0.123     0.413     0.301     1.001     0.179
    21.75    39.75    2101     1.956     1.068     1.021     0.000     0.137     0.104     0.315     0.082     0.989     1.526     1.866     1.629
    21.75    39.75    2102     1.690     0.690     0.493     0.848     0.397     0.000     0.613     0.021     0.482     0.568     1.054     1.580
    21.75    39.75    2103     0.300     1.650     1.563     0.576     0.836     0.786     0.333     0.025     0.195     0.544     5.569     4.584
    21.75    39.75    2104     0.556     1.265     0.269     0.477     0.037     0.155     0.074     0.065     0.000     1.038     0.436     1.884
    21.75    39.75    2105     1.408     1.353     1.254     0.164     0.413     0.366     0.041     0.000     0.638     0.424     0.563     1.518
    21.75    39.75    2106     0.698     1.450     0.369     1.700     1.314     0.069     0.033     1.022     0.184     0.081     2.403     0.820
    21.75    39.75    2107     0.610     0.995     2.043     0.209     0.023     0.000     0.059     0.118     0.056     0.449     0.199     1.616
    21.75    39.75    2108     0.746     0.502     0.048     0.175     0.021     0.000     0.087     0.000     0.019     0.000     0.305     0.922
    21.75    39.75    2109     0.159     0.357     0.279     0.603     0.211     0.005     0.004     0.001     0.667     0.126     0.276     0.864
    21.75    39.75    2110     0.481     0.957     0.889     0.687     0.301     0.014     0.658     0.078     0.047     0.461     1.575     1.888
    21.75    39.75    2111     0.642     1.889     1.018     1.831     0.939     0.419     0.139     0.202     0.076     2.602     0.994     4.092
    21.75    39.75    2112     2.878     1.616     0.975     1.000     0.953     0.287     0.032     0.000     0.317     0.297     2.004     4.659
    21.75    39.75    2113     0.701     0.627     0.441     0.049     0.045     0.320     0.000     0.112     0.727     0.934     0.385     1.066
    21.75    39.75    2114     0.918     0.683     0.989     2.388     0.807     0.058     0.338     0.271     0.114     0.758     2.845     3.308
    21.75    39.75    2115     2.158     0.829     2.643     1.122     0.067     0.050     0.202     0.286     0.235     2.774     2.787     2.798
    21.75    39.75    2116     0.774     2.255     3.110     0.330     0.209     0.062     0.139     0.330     1.128     0.073     1.644     0.301
    21.75    39.75    2117     1.968     0.000     2.343     0.653     0.038     0.029     0.029     0.165     0.449     0.989     0.820     1.387
    21.75    39.75    2118     0.235     0.858     1.091     0.047     0.138     0.074     0.144     0.160     0.392     0.073     1.227     2.128
    21.75    39.75    2119     0.650     0.037     0.317     0.260     0.055     0.013     0.417     0.233     0.216     0.131     1.365     0.988
    21.75    39.75    2120     0.660     1.150     0.049     0.119     0.006     0.038     0.000     0.000     0.066     0.386     0.747     0.607
    21.75    39.75    2121     0.586     0.249     0.989     0.447     0.026     0.217     0.401     0.051     0.000     0.105     0.888     0.272
    21.75    39.75    2122     1.147     1.674     0.930     0.085     0.044     0.000     0.013     0.019     0.391     0.865     0.379     3.299
    21.75    39.75    2123     0.317     0.369     0.473     0.905     0.196     0.236     0.245     0.128     0.205     0.335     2.372     2.022
    21.75    39.75    2124     0.576     0.853     2.588     0.111     0.048     0.053     0.093     0.153     0.278     0.000     0.181     6.418
    21.75    39.75    2125     1.059     0.258     0.241     0.874     0.344     0.409     0.348     0.083     0.573     0.922     0.918     0.867
    21.75    39.75    2126     3.768     1.164     0.961     0.306     0.119     0.172     0.066     0.084     1.003     0.303     2.446     0.901
    21.75    39.75    2127     1.334     1.192     0.623     0.513     0.267     0.237     0.052     0.126     0.252     0.000     1.270     1.552
    21.75    39.75    2128     0.922     0.897     0.748     0.050     0.462     0.138     0.046     0.050     0.775     0.096     1.350     3.658
    21.75    39.75    2129     0.885     0.391     0.037     0.397     1.137     0.094     0.268     0.000     0.202     0.502     1.441     1.364
    21.75    39.75    2130     0.723     0.528     1.053     1.759     0.121     0.118     0.146     0.107     0.354     0.378     0.886     0.168
