      Lon      Lat    Year       Jan       Feb       Mar       Apr       May       Jun       Jul       Aug       Sep       Oct       Nov       Dec
     9.75    49.75    1980    -0.276    -0.257    -0.173    -0.156    -0.168    -0.177    -0.198    -0.249    -0.276    -0.303    -0.293    -0.234
     9.75    49.75    1981    -0.179    -0.164    -0.155    -0.155    -0.172    -0.266    -0.560    -1.127    -1.195    -1.015    -0.711    -0.430
     9.75    49.75    1982    -0.263    -0.166    -0.154    -0.154    -0.166    -0.242    -0.387    -0.520    -0.473    -0.450    -0.361    -0.234
     9.75    49.75    1983    -0.191    -0.155    -0.154    -0.161    -0.186    -0.219    -0.256    -0.373    -0.677    -0.927    -0.683    -0.313
     9.75    49.75    1984    -0.209    -0.179    -0.161    -0.155    -0.161    -0.169    -0.213    -0.333    -0.468    -0.616    -0.563    -0.339
     9.75    49.75    1985    -0.263    -0.182    -0.155    -0.154    -0.166    -0.207    -0.283    -0.387    -0.441    -0.432    -0.303    -0.244
     9.75    49.75    1986    -0.244    -0.242    -0.223    -0.156    -0.165    -0.235    -0.396    -0.782    -1.093    -0.767    -0.374    -0.228
     9.75    49.75    1987    -0.199    -0.198    -0.157    -0.154    -0.159    -0.164    -0.180    -0.264    -0.294    -0.254    -0.226    -0.185
     9.75    49.75    1988    -0.163    -0.155    -0.154    -0.161    -0.201    -0.295    -0.560    -1.267    -1.842    -2.171    -2.165    -1.588
     9.75    49.75    1989    -0.952    -0.795    -0.244    -0.157    -0.158    -0.176    -0.247    -0.418    -0.587    -0.643    -0.471    -0.304
     9.75    49.75    1990    -0.223    -0.179    -0.157    -0.153    -0.163    -0.196    -0.260    -0.422    -0.724    -1.002    -0.968    -0.607
     9.75    49.75    1991    -0.365    -0.227    -0.170    -0.161    -0.185    -0.199    -0.291    -0.570    -0.993    -1.285    -1.133    -0.476
     9.75    49.75    1992    -0.221    -0.173    -0.154    -0.154    -0.171    -0.217    -0.272    -0.470    -0.788    -0.998    -0.846    -0.592
     9.75    49.75    1993    -0.587    -0.567    -0.216    -0.155    -0.175    -0.235    -0.373    -0.758    -0.748    -0.426    -0.343    -0.279
     9.75    49.75    1994    -0.212    -0.163    -0.153    -0.154    -0.176    -0.252    -0.486    -1.078    -1.446    -1.694    -1.289    -0.644
     9.75    49.75    1995    -0.428    -0.425    -0.248    -0.154    -0.158    -0.196    -0.307    -0.341    -0.396    -0.468    -0.347    -0.208
     9.75    49.75    1996    -0.173    -0.162    -0.153    -0.155    -0.177    -0.253    -0.403    -0.576    -0.710    -0.711    -0.414    -0.288
     9.75    49.75    1997    -0.237    -0.236    -0.180    -0.159    -0.165    -0.178    -0.201    -0.282    -0.338    -0.337    -0.273    -0.196
     9.75    49.75    1998    -0.168    -0.158    -0.154    -0.159    -0.194    -0.240    -0.404    -0.887    -1.117    -1.108    -0.972    -0.572
     9.75    49.75    1999    -0.320    -0.202    -0.172    -0.163    -0.205    -0.268    -0.490    -1.085    -1.745    -2.092    -1.779    -1.049
     9.75    49.75    2000    -0.507    -0.289    -0.222    -0.215    -0.319    -0.631    -1.084    -1.657    -1.862    -1.872    -1.191    -0.701
     9.75    49.75    2001    -0.515    -0.400    -0.266    -0.176    -0.197    -0.224    -0.375    -0.576    -0.958    -1.147    -0.969    -0.495
     9.75    49.75    2002    -0.248    -0.183    -0.161    -0.162    -0.159    -0.216    -0.424    -0.930    -1.179    -1.206    -1.140    -0.843
     9.75    49.75    2003    -0.481    -0.471    -0.264    -0.181    -0.187    -0.254    -0.350    -0.467    -0.551    -0.619    -0.533    -0.293
     9.75    49.75    2004    -0.202    -0.175    -0.157    -0.156    -0.159    -0.173    -0.239    -0.369    -0.520    -0.565    -0.453    -0.272
     9.75    49.75    2005    -0.225    -0.184    -0.155    -0.156    -0.174    -0.216    -0.343    -0.682    -1.124    -1.401    -0.951    -0.348
     9.75    49.75    2006    -0.224    -0.189    -0.154    -0.175    -0.245    -0.444    -0.967    -1.700    -2.086    -2.041    -0.976    -0.453
     9.75    49.75    2007    -0.352    -0.207    -0.153    -0.156    -0.174    -0.249    -0.486    -0.981    -1.304    -1.376    -0.999    -0.635
     9.75    49.75    2008    -0.372    -0.235    -0.187    -0.165    -0.173    -0.268    -0.539    -0.927    -1.053    -1.148    -0.661    -0.283
     9.75    49.75    2009    -0.181    -0.158    -0.154    -0.156    -0.197    -0.339    -0.601    -1.102    -1.605    -1.739    -1.303    -0.827
     9.75    49.75    2010    -0.436    -0.338    -0.197    -0.232    -0.391    -1.004    -1.775    -2.185    -2.119    -1.958    -1.327    -0.532
     9.75    49.75    2011    -0.270    -0.173    -0.156    -0.169    -0.232    -0.412    -0.933    -1.709    -2.114    -2.164    -1.833    -1.175
     9.75    49.75    2012    -0.717    -0.380    -0.224    -0.180    -0.171    -0.196    -0.289    -0.490    -0.702    -0.722    -0.570    -0.287
     9.75    49.75    2013    -0.185    -0.159    -0.155    -0.156    -0.165    -0.189    -0.220    -0.282    -0.447    -0.801    -0.775    -0.493
     9.75    49.75    2014    -0.311    -0.287    -0.164    -0.156    -0.166    -0.194    -0.225    -0.320    -0.501    -0.622    -0.607    -0.408
     9.75    49.75    2015    -0.315    -0.194    -0.157    -0.159    -0.204    -0.344    -0.717    -0.966    -1.063    -1.555    -1.580    -0.655
     9.75    49.75    2016    -0.288    -0.200    -0.157    -0.155    -0.159    -0.181    -0.268    -0.467    -0.631    -0.496    -0.444    -0.306
     9.75    49.75    2017    -0.216    -0.174    -0.161    -0.157    -0.169    -0.235    -0.435    -1.014    -1.795    -1.802    -0.906    -0.462
     9.75    49.75    2018    -0.430    -0.197    -0.153    -0.158    -0.178    -0.228    -0.417    -0.995    -1.790    -1.652    -0.927    -0.458
     9.75    49.75    2019    -0.314    -0.168    -0.154    -0.158    -0.202    -0.311    -0.623    -1.384    -1.829    -1.952    -1.478    -0.667
     9.75    49.75    2020    -0.337    -0.227    -0.159    -0.156    -0.179    -0.247    -0.454    -0.803    -1.174    -1.465    -0.918    -0.405
     9.75    49.75    2021    -0.342    -0.339    -0.245    -0.162    -0.197    -0.217    -0.322    -0.678    -1.222    -1.572    -1.584    -1.460
     9.75    49.75    2022    -1.455    -0.868    -0.312    -0.307    -0.419    -0.728    -1.240    -1.706    -1.883    -2.052    -2.071    -1.591
     9.75    49.75    2023    -1.069    -0.540    -0.375    -0.256    -0.205    -0.238    -0.431    -0.940    -1.661    -1.930    -1.783    -0.743
     9.75    49.75    2024    -0.432    -0.236    -0.163    -0.155    -0.165    -0.234    -0.413    -0.894    -1.495    -1.654    -0.770    -0.365
     9.75    49.75    2025    -0.233    -0.175    -0.154    -0.155    -0.191    -0.322    -0.749    -1.541    -1.894    -2.062    -1.982    -1.082
     9.75    49.75    2026    -0.602    -0.317    -0.174    -0.157    -0.172    -0.225    -0.318    -0.588    -1.091    -1.479    -1.076    -0.504
     9.75    49.75    2027    -0.294    -0.218    -0.155    -0.154    -0.160    -0.166    -0.191    -0.259    -0.379    -0.628    -0.529    -0.324
     9.75    49.75    2028    -0.312    -0.216    -0.162    -0.155    -0.161    -0.205    -0.319    -0.679    -1.029    -1.119    -1.011    -0.701
     9.75    49.75    2029    -0.634    -0.377    -0.186    -0.180    -0.198    -0.345    -0.759    -1.291    -1.604    -1.652    -1.459    -1.419
     9.75    49.75    2030    -1.419    -1.371    -0.531    -0.330    -0.248    -0.293    -0.446    -0.840    -1.204    -1.383    -1.210    -0.744
     9.75    49.75    2031    -0.455    -0.310    -0.219    -0.203    -0.250    -0.390    -0.928    -1.459    -1.643    -1.707    -1.388    -0.757
     9.75    49.75    2032    -0.485    -0.329    -0.244    -0.249    -0.363    -0.491    -0.959    -1.522    -1.641    -1.724    -1.530    -0.820
     9.75    49.75    2033    -0.330    -0.187    -0.157    -0.164    -0.218    -0.319    -0.593    -1.287    -1.641    -1.758    -1.671    -0.871
     9.75    49.75    2034    -0.461    -0.431    -0.205    -0.203    -0.276    -0.402    -0.564    -1.026    -1.271    -1.327    -1.084    -0.715
     9.75    49.75    2035    -0.540    -0.267    -0.188    -0.167    -0.181    -0.267    -0.456    -0.610    -0.780    -1.114    -1.117    -0.732
     9.75    49.75    2036    -0.332    -0.209    -0.175    -0.155    -0.188    -0.296    -0.618    -1.197    -1.493    -1.499    -0.866    -0.430
     9.75    49.75    2037    -0.259    -0.175    -0.154    -0.168    -0.228    -0.368    -0.778    -1.228    -1.360    -1.350    -1.088    -0.593
     9.75    49.75    2038    -0.349    -0.243    -0.200    -0.179    -0.184    -0.201    -0.257    -0.408    -0.580    -0.637    -0.460    -0.313
     9.75    49.75    2039    -0.199    -0.159    -0.157    -0.161    -0.171    -0.205    -0.321    -0.606    -0.923    -0.981    -0.791    -0.553
     9.75    49.75    2040    -0.332    -0.198    -0.161    -0.157    -0.182    -0.239    -0.398    -0.880    -1.244    -1.167    -0.841    -0.435
     9.75    49.75    2041    -0.259    -0.198    -0.172    -0.162    -0.185    -0.188    -0.193    -0.241    -0.268    -0.300    -0.236    -0.183
     9.75    49.75    2042    -0.164    -0.154    -0.153    -0.154    -0.175    -0.244    -0.434    -0.915    -1.312    -1.452    -1.477    -1.171
     9.75    49.75    2043    -1.134    -0.932    -0.287    -0.282    -0.498    -0.951    -1.193    -1.286    -1.005    -1.130    -0.977    -0.686
     9.75    49.75    2044    -0.505    -0.378    -0.247    -0.192    -0.234    -0.359    -0.715    -1.204    -1.329    -1.407    -1.316    -0.932
     9.75    49.75    2045    -0.627    -0.380    -0.187    -0.170    -0.173    -0.211    -0.292    -0.525    -0.980    -1.195    -1.070    -0.686
     9.75    49.75    2046    -0.470    -0.278    -0.207    -0.181    -0.177    -0.177    -0.234    -0.323    -0.343    -0.323    -0.242    -0.177
     9.75    49.75    2047    -0.162    -0.159    -0.155    -0.155    -0.156    -0.180    -0.253    -0.382    -0.575    -0.717    -0.653    -0.387
     9.75    49.75    2048    -0.218    -0.169    -0.154    -0.160    -0.193    -0.280    -0.534    -1.003    -1.267    -1.279    -0.734    -0.304
     9.75    49.75    2049    -0.219    -0.179    -0.153    -0.155    -0.161    -0.185    -0.213    -0.258    -0.284    -0.266    -0.217    -0.169
     9.75    49.75    2050    -0.158    -0.156    -0.153    -0.154    -0.155    -0.162    -0.215    -0.329    -0.547    -0.758    -0.674    -0.347
     9.75    49.75    2051    -0.208    -0.170    -0.157    -0.154    -0.165    -0.213    -0.334    -0.674    -1.031    -1.118    -1.071    -0.704
     9.75    49.75    2052    -0.561    -0.541    -0.272    -0.292    -0.442    -0.883    -1.063    -1.195    -1.297    -1.340    -1.045    -0.647
     9.75    49.75    2053    -0.600    -0.584    -0.252    -0.187    -0.240    -0.386    -0.631    -0.787    -0.672    -0.843    -0.669    -0.447
     9.75    49.75    2054    -0.311    -0.208    -0.165    -0.159    -0.180    -0.226    -0.277    -0.470    -0.869    -1.000    -0.758    -0.352
     9.75    49.75    2055    -0.209    -0.168    -0.156    -0.163    -0.201    -0.245    -0.292    -0.316    -0.302    -0.327    -0.256    -0.189
     9.75    49.75    2056    -0.166    -0.155    -0.154    -0.160    -0.176    -0.192    -0.184    -0.216    -0.238    -0.285    -0.304    -0.211
     9.75    49.75    2057    -0.160    -0.154    -0.153    -0.156    -0.182    -0.234    -0.323    -0.388    -0.486    -0.581    -0.650    -0.650
     9.75    49.75    2058    -0.502    -0.289    -0.198    -0.189    -0.230    -0.409    -0.667    -0.696    -0.531    -0.693    -0.641    -0.427
     9.75    49.75    2059    -0.310    -0.197    -0.165    -0.161    -0.167    -0.183    -0.229    -0.298    -0.420    -0.581    -0.538    -0.362
     9.75    49.75    2060    -0.242    -0.189    -0.166    -0.164    -0.187    -0.217    -0.203    -0.284    -0.458    -0.608    -0.388    -0.234
     9.75    49.75    2061    -0.192    -0.160    -0.154    -0.156    -0.177    -0.229    -0.343    -0.575    -0.723    -0.798    -0.802    -0.689
     9.75    49.75    2062    -0.355    -0.202    -0.180    -0.170    -0.168    -0.178    -0.194    -0.259    -0.372    -0.538    -0.517    -0.302
     9.75    49.75    2063    -0.186    -0.163    -0.155    -0.155    -0.165    -0.167    -0.177    -0.170    -0.176    -0.196    -0.178    -0.156
     9.75    49.75    2064    -0.154    -0.153    -0.153    -0.160    -0.189    -0.241    -0.343    -0.447    -0.502    -0.606    -0.620    -0.480
     9.75    49.75    2065    -0.366    -0.187    -0.156    -0.155    -0.166    -0.200    -0.254    -0.369    -0.500    -0.554    -0.495    -0.297
     9.75    49.75    2066    -0.196    -0.165    -0.156    -0.155    -0.169    -0.207    -0.285    -0.385    -0.394    -0.385    -0.337    -0.243
     9.75    49.75    2067    -0.184    -0.175    -0.158    -0.168    -0.204    -0.255    -0.354    -0.442    -0.533    -0.645    -0.642    -0.437
     9.75    49.75    2068    -0.239    -0.185    -0.156    -0.159    -0.184    -0.219    -0.236    -0.351    -0.469    -0.533    -0.508    -0.370
     9.75    49.75    2069    -0.258    -0.198    -0.173    -0.159    -0.160    -0.184    -0.225    -0.299    -0.415    -0.489    -0.462    -0.316
     9.75    49.75    2070    -0.214    -0.173    -0.162    -0.160    -0.159    -0.179    -0.226    -0.308    -0.405    -0.450    -0.369    -0.242
     9.75    49.75    2071    -0.179    -0.162    -0.155    -0.157    -0.178    -0.211    -0.254    -0.316    -0.389    -0.394    -0.287    -0.178
     9.75    49.75    2072    -0.160    -0.155    -0.154    -0.154    -0.155    -0.168    -0.196    -0.234    -0.297    -0.308    -0.184    -0.157
     9.75    49.75    2073    -0.154    -0.153    -0.153    -0.154    -0.165    -0.190    -0.203    -0.186    -0.194    -0.209    -0.207    -0.163
     9.75    49.75    2074    -0.156    -0.154    -0.154    -0.154    -0.155    -0.169    -0.198    -0.231    -0.234    -0.218    -0.164    -0.155
     9.75    49.75    2075    -0.153    -0.153    -0.153    -0.153    -0.162    -0.191    -0.230    -0.290    -0.348    -0.388    -0.332    -0.220
     9.75    49.75    2076    -0.159    -0.154    -0.153    -0.153    -0.155    -0.166    -0.192    -0.223    -0.263    -0.322    -0.251    -0.166
     9.75    49.75    2077    -0.156    -0.154    -0.153    -0.154    -0.159    -0.182    -0.205    -0.220    -0.241    -0.223    -0.163    -0.153
     9.75    49.75    2078    -0.153    -0.153    -0.153    -0.158    -0.176    -0.204    -0.246    -0.315    -0.399    -0.462    -0.364    -0.193
     9.75    49.75    2079    -0.161    -0.154    -0.153    -0.157    -0.174    -0.200    -0.247    -0.307    -0.376    -0.440    -0.411    -0.258
     9.75    49.75    2080    -0.210    -0.171    -0.157    -0.155    -0.157    -0.158    -0.165    -0.190    -0.217    -0.240    -0.219    -0.177
     9.75    49.75    2081    -0.156    -0.153    -0.153    -0.155    -0.167    -0.176    -0.195    -0.222    -0.263    -0.268    -0.187    -0.157
     9.75    49.75    2082    -0.154    -0.153    -0.153    -0.158    -0.173    -0.200    -0.233    -0.277    -0.334    -0.360    -0.278    -0.190
     9.75    49.75    2083    -0.155    -0.153    -0.153    -0.154    -0.155    -0.166    -0.191    -0.220    -0.242    -0.280    -0.299    -0.216
     9.75    49.75    2084    -0.155    -0.153    -0.153    -0.159    -0.179    -0.210    -0.247    -0.286    -0.332    -0.327    -0.295    -0.195
     9.75    49.75    2085    -0.157    -0.154    -0.153    -0.154    -0.160    -0.179    -0.207    -0.243    -0.284    -0.335    -0.330    -0.242
     9.75    49.75    2086    -0.177    -0.154    -0.155    -0.167    -0.174    -0.191    -0.222    -0.255    -0.298    -0.329    -0.311    -0.197
     9.75    49.75    2087    -0.155    -0.154    -0.155    -0.155    -0.163    -0.184    -0.212    -0.248    -0.294    -0.325    -0.324    -0.233
     9.75    49.75    2088    -0.165    -0.156    -0.155    -0.154    -0.158    -0.179    -0.204    -0.229    -0.215    -0.220    -0.205    -0.158
     9.75    49.75    2089    -0.153    -0.153    -0.155    -0.162    -0.180    -0.209    -0.246    -0.279    -0.275    -0.280    -0.276    -0.203
     9.75    49.75    2090    -0.158    -0.153    -0.154    -0.164    -0.183    -0.201    -0.221    -0.252    -0.294    -0.295    -0.181    -0.155
     9.75    49.75    2091    -0.153    -0.153    -0.154    -0.154    -0.160    -0.180    -0.197    -0.219    -0.245    -0.275    -0.258    -0.178
     9.75    49.75    2092    -0.154    -0.153    -0.153    -0.153    -0.161    -0.181    -0.206    -0.231    -0.256    -0.256    -0.244    -0.222
     9.75    49.75    2093    -0.165    -0.153    -0.153    -0.158    -0.173    -0.193    -0.221    -0.255    -0.292    -0.319    -0.338    -0.256
     9.75    49.75    2094    -0.158    -0.153    -0.153    -0.154    -0.155    -0.173    -0.199    -0.228    -0.250    -0.285    -0.257    -0.195
     9.75    49.75    2095    -0.157    -0.153    -0.154    -0.159    -0.171    -0.182    -0.197    -0.224    -0.255    -0.280    -0.248    -0.160
     9.75    49.75    2096    -0.153    -0.153    -0.154    -0.160    -0.176    -0.200    -0.235    -0.271    -0.316    -0.325    -0.205    -0.154
     9.75    49.75    2097    -0.153    -0.154    -0.153    -0.156    -0.176    -0.205    -0.235    -0.264    -0.305    -0.351    -0.358    -0.243
     9.75    49.75    2098    -0.164    -0.153    -0.153    -0.154    -0.163    -0.176    -0.196    -0.193    -0.196    -0.207    -0.176    -0.154
     9.75    49.75    2099    -0.153    -0.153    -0.154    -0.158    -0.170    -0.186    -0.207    -0.238    -0.268    -0.272    -0.211    -0.154
     9.75    49.75    2100    -0.153    -0.153    -0.153    -0.154    -0.161    -0.182    -0.199    -0.224    -0.262    -0.287    -0.233    -0.166
     9.75    49.75    2101    -0.153    -0.153    -0.153    -0.156    -0.176    -0.192    -0.215    -0.250    -0.272    -0.277    -0.227    -0.160
     9.75    49.75    2102    -0.153    -0.153    -0.153    -0.154    -0.156    -0.172    -0.197    -0.228    -0.250    -0.244    -0.161    -0.153
     9.75    49.75    2103    -0.153    -0.153    -0.153    -0.154    -0.157    -0.175    -0.198    -0.210    -0.214    -0.211    -0.210    -0.160
     9.75    49.75    2104    -0.153    -0.153    -0.153    -0.153    -0.154    -0.169    -0.196    -0.205    -0.219    -0.200    -0.155    -0.153
     9.75    49.75    2105    -0.153    -0.154    -0.154    -0.153    -0.158    -0.178    -0.206    -0.232    -0.262    -0.274    -0.244    -0.166
     9.75    49.75    2106    -0.153    -0.153    -0.153    -0.154    -0.154    -0.165    -0.189    -0.210    -0.242    -0.261    -0.209    -0.153
     9.75    49.75    2107    -0.153    -0.153    -0.153    -0.154    -0.158    -0.179    -0.196    -0.186    -0.196    -0.178    -0.153    -0.153
     9.75    49.75    2108    -0.153    -0.153    -0.154    -0.157    -0.175    -0.195    -0.213    -0.235    -0.268    -0.295    -0.271    -0.163
     9.75    49.75    2109    -0.153    -0.153    -0.153    -0.158    -0.175    -0.191    -0.213    -0.238    -0.263    -0.292    -0.286    -0.201
     9.75    49.75    2110    -0.153    -0.153    -0.153    -0.154    -0.158    -0.156    -0.168    -0.191    -0.213    -0.234    -0.209    -0.169
     9.75    49.75    2111    -0.153    -0.153    -0.153    -0.155    -0.164    -0.168    -0.183    -0.206    -0.222    -0.233    -0.179    -0.153
     9.75    49.75    2112    -0.153    -0.153    -0.153    -0.154    -0.164    -0.182    -0.210    -0.241    -0.281    -0.306    -0.253    -0.185
     9.75    49.75    2113    -0.153    -0.153    -0.153    -0.154    -0.155    -0.163    -0.184    -0.205    -0.207    -0.234    -0.248    -0.206
     9.75    49.75    2114    -0.153    -0.153    -0.153    -0.158    -0.173    -0.199    -0.230    -0.259    -0.296    -0.287    -0.267    -0.186
     9.75    49.75    2115    -0.153    -0.154    -0.153    -0.154    -0.157    -0.176    -0.204    -0.232    -0.271    -0.318    -0.310    -0.229
     9.75    49.75    2116    -0.163    -0.153    -0.154    -0.163    -0.170    -0.186    -0.212    -0.246    -0.276    -0.298    -0.276    -0.182
     9.75    49.75    2117    -0.153    -0.153    -0.155    -0.154    -0.165    -0.185    -0.211    -0.244    -0.286    -0.318    -0.319    -0.217
     9.75    49.75    2118    -0.156    -0.153    -0.153    -0.154    -0.158    -0.178    -0.207    -0.222    -0.224    -0.240    -0.237    -0.174
     9.75    49.75    2119    -0.153    -0.153    -0.153    -0.159    -0.179    -0.209    -0.251    -0.269    -0.272    -0.285    -0.273    -0.213
     9.75    49.75    2120    -0.156    -0.153    -0.154    -0.164    -0.185    -0.207    -0.228    -0.258    -0.303    -0.302    -0.189    -0.154
     9.75    49.75    2121    -0.153    -0.153    -0.153    -0.154    -0.159    -0.178    -0.197    -0.215    -0.237    -0.255    -0.234    -0.179
     9.75    49.75    2122    -0.153    -0.153    -0.153    -0.153    -0.159    -0.178    -0.199    -0.231    -0.258    -0.246    -0.235    -0.206
     9.75    49.75    2123    -0.155    -0.153    -0.153    -0.158    -0.173    -0.190    -0.221    -0.259    -0.286    -0.320    -0.344    -0.244
     9.75    49.75    2124    -0.156    -0.153    -0.153    -0.154    -0.157    -0.175    -0.203    -0.227    -0.250    -0.293    -0.285    -0.218
     9.75    49.75    2125    -0.163    -0.153    -0.154    -0.158    -0.169    -0.194    -0.225    -0.260    -0.307    -0.327    -0.264    -0.159
     9.75    49.75    2126    -0.153    -0.153    -0.153    -0.158    -0.175    -0.197    -0.217    -0.250    -0.288    -0.275    -0.179    -0.153
     9.75    49.75    2127    -0.153    -0.153    -0.153    -0.157    -0.179    -0.201    -0.227    -0.259    -0.299    -0.340    -0.328    -0.205
     9.75    49.75    2128    -0.153    -0.153    -0.154    -0.154    -0.163    -0.175    -0.194    -0.217    -0.209    -0.203    -0.169    -0.153
     9.75    49.75    2129    -0.153    -0.154    -0.154    -0.157    -0.170    -0.189    -0.216    -0.247    -0.278    -0.272    -0.206    -0.153
     9.75    49.75    2130    -0.153    -0.153    -0.153    -0.154    -0.159    -0.177    -0.198    -0.227    -0.265    -0.293    -0.246    -0.160
    13.75    55.75    1980    -0.130    -0.130    -0.127    -0.126    -0.139    -0.190    -0.316    -0.621    -0.904    -0.615    -0.303    -0.210
    13.75    55.75    1981    -0.141    -0.126    -0.125    -0.126    -0.139    -0.192    -0.307    -0.622    -1.130    -1.261    -0.672    -0.308
    13.75    55.75    1982    -0.182    -0.130    -0.125    -0.125    -0.131    -0.157    -0.246    -0.473    -0.841    -0.645    -0.346    -0.187
    13.75    55.75    1983    -0.163    -0.129    -0.125    -0.126    -0.142    -0.191    -0.296    -0.604    -1.256    -1.663    -1.072    -0.402
    13.75    55.75    1984    -0.201    -0.144    -0.129    -0.125    -0.130    -0.159    -0.207    -0.256    -0.294    -0.254    -0.159    -0.131
    13.75    55.75    1985    -0.126    -0.125    -0.125    -0.126    -0.128    -0.139    -0.171    -0.185    -0.187    -0.148    -0.127    -0.125
    13.75    55.75    1986    -0.126    -0.126    -0.126    -0.126    -0.129    -0.153    -0.231    -0.326    -0.316    -0.201    -0.146    -0.128
    13.75    55.75    1987    -0.126    -0.126    -0.126    -0.126    -0.138    -0.176    -0.224    -0.376    -0.401    -0.238    -0.152    -0.127
    13.75    55.75    1988    -0.125    -0.125    -0.125    -0.126    -0.141    -0.194    -0.348    -0.621    -0.956    -1.118    -0.875    -0.426
    13.75    55.75    1989    -0.241    -0.240    -0.175    -0.126    -0.132    -0.172    -0.282    -0.465    -0.733    -0.625    -0.294    -0.169
    13.75    55.75    1990    -0.137    -0.130    -0.126    -0.125    -0.135    -0.149    -0.196    -0.301    -0.307    -0.243    -0.178    -0.132
    13.75    55.75    1991    -0.126    -0.126    -0.126    -0.126    -0.135    -0.189    -0.334    -0.375    -0.297    -0.212    -0.150    -0.130
    13.75    55.75    1992    -0.125    -0.125    -0.125    -0.125    -0.133    -0.160    -0.214    -0.375    -0.617    -0.728    -0.530    -0.241
    13.75    55.75    1993    -0.229    -0.218    -0.155    -0.126    -0.137    -0.172    -0.208    -0.223    -0.253    -0.236    -0.170    -0.165
    13.75    55.75    1994    -0.162    -0.140    -0.126    -0.127    -0.137    -0.174    -0.229    -0.235    -0.261    -0.205    -0.145    -0.131
    13.75    55.75    1995    -0.128    -0.127    -0.126    -0.126    -0.135    -0.172    -0.266    -0.491    -0.814    -0.801    -0.357    -0.191
    13.75    55.75    1996    -0.132    -0.125    -0.125    -0.126    -0.135    -0.183    -0.317    -0.522    -0.704    -0.488    -0.250    -0.176
    13.75    55.75    1997    -0.138    -0.138    -0.133    -0.126    -0.135    -0.181    -0.266    -0.359    -0.378    -0.288    -0.176    -0.133
    13.75    55.75    1998    -0.129    -0.127    -0.126    -0.126    -0.141    -0.172    -0.245    -0.449    -0.591    -0.584    -0.460    -0.267
    13.75    55.75    1999    -0.195    -0.161    -0.130    -0.132    -0.138    -0.180    -0.313    -0.523    -0.622    -0.361    -0.220    -0.142
    13.75    55.75    2000    -0.129    -0.126    -0.126    -0.129    -0.158    -0.251    -0.474    -1.037    -1.681    -1.466    -0.692    -0.282
    13.75    55.75    2001    -0.201    -0.201    -0.198    -0.131    -0.130    -0.149    -0.185    -0.215    -0.206    -0.170    -0.137    -0.128
    13.75    55.75    2002    -0.128    -0.129    -0.128    -0.126    -0.133    -0.181    -0.312    -0.488    -0.426    -0.276    -0.182    -0.140
    13.75    55.75    2003    -0.129    -0.129    -0.127    -0.126    -0.133    -0.168    -0.252    -0.310    -0.344    -0.227    -0.155    -0.128
    13.75    55.75    2004    -0.126    -0.126    -0.126    -0.126    -0.135    -0.152    -0.154    -0.185    -0.238    -0.268    -0.191    -0.138
    13.75    55.75    2005    -0.130    -0.128    -0.127    -0.127    -0.142    -0.187    -0.305    -0.582    -1.021    -1.022    -0.370    -0.178
    13.75    55.75    2006    -0.133    -0.132    -0.126    -0.128    -0.157    -0.247    -0.482    -1.030    -1.419    -0.904    -0.365    -0.173
    13.75    55.75    2007    -0.133    -0.133    -0.126    -0.126    -0.130    -0.159    -0.252    -0.412    -0.428    -0.285    -0.183    -0.132
    13.75    55.75    2008    -0.128    -0.126    -0.126    -0.126    -0.136    -0.193    -0.333    -0.632    -1.110    -1.106    -0.584    -0.301
    13.75    55.75    2009    -0.151    -0.128    -0.125    -0.127    -0.146    -0.221    -0.376    -0.696    -1.239    -1.325    -0.854    -0.322
    13.75    55.75    2010    -0.192    -0.174    -0.126    -0.127    -0.138    -0.171    -0.232    -0.308    -0.362    -0.327    -0.258    -0.156
    13.75    55.75    2011    -0.135    -0.128    -0.126    -0.128    -0.143    -0.204    -0.308    -0.458    -0.759    -0.998    -0.658    -0.247
    13.75    55.75    2012    -0.166    -0.135    -0.127    -0.127    -0.134    -0.182    -0.323    -0.575    -0.760    -0.618    -0.350    -0.187
    13.75    55.75    2013    -0.132    -0.130    -0.126    -0.127    -0.133    -0.173    -0.261    -0.290    -0.310    -0.319    -0.228    -0.138
    13.75    55.75    2014    -0.131    -0.131    -0.128    -0.127    -0.141    -0.189    -0.338    -0.556    -0.805    -0.913    -0.635    -0.288
    13.75    55.75    2015    -0.170    -0.133    -0.126    -0.127    -0.147    -0.222    -0.399    -0.774    -1.533    -1.954    -1.467    -0.472
    13.75    55.75    2016    -0.235    -0.155    -0.135    -0.126    -0.136    -0.192    -0.349    -0.608    -0.926    -0.896    -0.645    -0.357
    13.75    55.75    2017    -0.224    -0.154    -0.137    -0.129    -0.132    -0.159    -0.244    -0.409    -0.558    -0.492    -0.291    -0.181
    13.75    55.75    2018    -0.165    -0.136    -0.126    -0.127    -0.142    -0.168    -0.262    -0.447    -0.843    -1.021    -0.438    -0.187
    13.75    55.75    2019    -0.137    -0.125    -0.125    -0.126    -0.147    -0.228    -0.394    -0.837    -1.511    -1.189    -0.528    -0.230
    13.75    55.75    2020    -0.145    -0.125    -0.125    -0.125    -0.138    -0.182    -0.281    -0.489    -0.622    -0.594    -0.325    -0.181
    13.75    55.75    2021    -0.147    -0.147    -0.146    -0.126    -0.135    -0.177    -0.276    -0.550    -1.122    -1.694    -1.448    -0.920
    13.75    55.75    2022    -0.913    -0.499    -0.149    -0.138    -0.159    -0.162    -0.151    -0.225    -0.356    -0.397    -0.300    -0.182
    13.75    55.75    2023    -0.156    -0.126    -0.125    -0.125    -0.130    -0.138    -0.136    -0.153    -0.141    -0.140    -0.130    -0.125
    13.75    55.75    2024    -0.125    -0.125    -0.125    -0.125    -0.138    -0.184    -0.291    -0.449    -0.716    -0.693    -0.384    -0.197
    13.75    55.75    2025    -0.145    -0.126    -0.125    -0.126    -0.142    -0.203    -0.322    -0.578    -0.849    -0.682    -0.406    -0.168
    13.75    55.75    2026    -0.130    -0.126    -0.125    -0.125    -0.134    -0.179    -0.281    -0.507    -0.692    -0.507    -0.232    -0.158
    13.75    55.75    2027    -0.128    -0.125    -0.125    -0.126    -0.143    -0.211    -0.291    -0.243    -0.208    -0.191    -0.148    -0.125
    13.75    55.75    2028    -0.125    -0.125    -0.125    -0.125    -0.136    -0.174    -0.191    -0.206    -0.247    -0.250    -0.200    -0.141
    13.75    55.75    2029    -0.129    -0.128    -0.125    -0.125    -0.140    -0.206    -0.356    -0.554    -0.516    -0.413    -0.291    -0.199
    13.75    55.75    2030    -0.187    -0.180    -0.128    -0.126    -0.141    -0.163    -0.188    -0.267    -0.475    -0.614    -0.393    -0.185
    13.75    55.75    2031    -0.134    -0.126    -0.125    -0.129    -0.150    -0.215    -0.370    -0.613    -0.836    -0.808    -0.384    -0.206
    13.75    55.75    2032    -0.136    -0.125    -0.125    -0.128    -0.143    -0.211    -0.374    -0.795    -1.514    -1.333    -0.571    -0.188
    13.75    55.75    2033    -0.130    -0.125    -0.125    -0.130    -0.157    -0.211    -0.176    -0.243    -0.343    -0.331    -0.236    -0.151
    13.75    55.75    2034    -0.126    -0.126    -0.125    -0.126    -0.145    -0.166    -0.205    -0.290    -0.268    -0.224    -0.145    -0.126
    13.75    55.75    2035    -0.125    -0.125    -0.125    -0.125    -0.141    -0.186    -0.182    -0.209    -0.264    -0.308    -0.271    -0.169
    13.75    55.75    2036    -0.132    -0.126    -0.125    -0.126    -0.145    -0.202    -0.324    -0.563    -0.739    -0.449    -0.276    -0.153
    13.75    55.75    2037    -0.127    -0.125    -0.125    -0.126    -0.147    -0.201    -0.258    -0.374    -0.556    -0.534    -0.353    -0.176
    13.75    55.75    2038    -0.133    -0.125    -0.125    -0.126    -0.138    -0.176    -0.161    -0.169    -0.220    -0.239    -0.190    -0.142
    13.75    55.75    2039    -0.126    -0.125    -0.125    -0.126    -0.141    -0.177    -0.255    -0.380    -0.519    -0.484    -0.371    -0.215
    13.75    55.75    2040    -0.137    -0.125    -0.125    -0.128    -0.145    -0.207    -0.321    -0.522    -0.707    -0.509    -0.261    -0.158
    13.75    55.75    2041    -0.125    -0.125    -0.125    -0.127    -0.152    -0.225    -0.384    -0.751    -0.940    -0.599    -0.237    -0.144
    13.75    55.75    2042    -0.125    -0.125    -0.125    -0.126    -0.141    -0.166    -0.170    -0.186    -0.172    -0.144    -0.128    -0.125
    13.75    55.75    2043    -0.125    -0.125    -0.125    -0.126    -0.144    -0.195    -0.321    -0.625    -1.044    -1.095    -0.889    -0.425
    13.75    55.75    2044    -0.202    -0.158    -0.134    -0.130    -0.146    -0.167    -0.173    -0.178    -0.176    -0.167    -0.145    -0.130
    13.75    55.75    2045    -0.126    -0.125    -0.125    -0.126    -0.132    -0.157    -0.233    -0.412    -0.922    -1.259    -0.894    -0.353
    13.75    55.75    2046    -0.210    -0.150    -0.131    -0.125    -0.133    -0.167    -0.219    -0.237    -0.378    -0.435    -0.276    -0.151
    13.75    55.75    2047    -0.128    -0.125    -0.125    -0.125    -0.132    -0.162    -0.220    -0.380    -0.647    -0.753    -0.495    -0.213
    13.75    55.75    2048    -0.145    -0.128    -0.125    -0.126    -0.137    -0.169    -0.234    -0.391    -0.734    -0.892    -0.390    -0.180
    13.75    55.75    2049    -0.144    -0.132    -0.125    -0.125    -0.135    -0.180    -0.187    -0.189    -0.228    -0.201    -0.156    -0.129
    13.75    55.75    2050    -0.125    -0.124    -0.125    -0.125    -0.129    -0.142    -0.190    -0.266    -0.358    -0.278    -0.176    -0.129
    13.75    55.75    2051    -0.124    -0.124    -0.125    -0.125    -0.135    -0.145    -0.173    -0.227    -0.268    -0.262    -0.173    -0.128
    13.75    55.75    2052    -0.125    -0.125    -0.125    -0.125    -0.128    -0.145    -0.196    -0.271    -0.354    -0.290    -0.188    -0.133
    13.75    55.75    2053    -0.127    -0.127    -0.126    -0.125    -0.136    -0.161    -0.219    -0.319    -0.367    -0.339    -0.182    -0.133
    13.75    55.75    2054    -0.125    -0.125    -0.125    -0.125    -0.136    -0.166    -0.187    -0.201    -0.222    -0.218    -0.150    -0.128
    13.75    55.75    2055    -0.125    -0.125    -0.125    -0.133    -0.161    -0.213    -0.330    -0.655    -0.926    -0.754    -0.386    -0.165
    13.75    55.75    2056    -0.137    -0.126    -0.125    -0.129    -0.141    -0.164    -0.237    -0.329    -0.272    -0.188    -0.141    -0.126
    13.75    55.75    2057    -0.125    -0.124    -0.125    -0.126    -0.137    -0.181    -0.276    -0.369    -0.336    -0.282    -0.224    -0.172
    13.75    55.75    2058    -0.138    -0.127    -0.125    -0.126    -0.137    -0.168    -0.232    -0.321    -0.351    -0.397    -0.346    -0.205
    13.75    55.75    2059    -0.154    -0.133    -0.125    -0.126    -0.131    -0.151    -0.148    -0.164    -0.155    -0.144    -0.129    -0.126
    13.75    55.75    2060    -0.125    -0.125    -0.125    -0.127    -0.145    -0.194    -0.218    -0.188    -0.242    -0.274    -0.194    -0.141
    13.75    55.75    2061    -0.125    -0.125    -0.125    -0.125    -0.133    -0.164    -0.217    -0.222    -0.242    -0.241    -0.178    -0.138
    13.75    55.75    2062    -0.125    -0.125    -0.125    -0.125    -0.132    -0.150    -0.193    -0.274    -0.362    -0.379    -0.218    -0.144
    13.75    55.75    2063    -0.126    -0.125    -0.125    -0.125    -0.132    -0.157    -0.206    -0.289    -0.313    -0.242    -0.180    -0.147
    13.75    55.75    2064    -0.127    -0.125    -0.125    -0.127    -0.146    -0.189    -0.248    -0.240    -0.203    -0.168    -0.152    -0.128
    13.75    55.75    2065    -0.124    -0.125    -0.125    -0.128    -0.145    -0.183    -0.254    -0.292    -0.276    -0.248    -0.180    -0.138
    13.75    55.75    2066    -0.126    -0.125    -0.125    -0.125    -0.138    -0.170    -0.231    -0.363    -0.503    -0.334    -0.226    -0.161
    13.75    55.75    2067    -0.133    -0.126    -0.125    -0.127    -0.137    -0.151    -0.198    -0.295    -0.477    -0.618    -0.415    -0.196
    13.75    55.75    2068    -0.141    -0.130    -0.125    -0.127    -0.143    -0.185    -0.266    -0.397    -0.611    -0.699    -0.466    -0.258
    13.75    55.75    2069    -0.163    -0.133    -0.128    -0.126    -0.130    -0.131    -0.139    -0.166    -0.207    -0.232    -0.185    -0.132
    13.75    55.75    2070    -0.125    -0.125    -0.125    -0.125    -0.131    -0.139    -0.154    -0.202    -0.226    -0.173    -0.138    -0.126
    13.75    55.75    2071    -0.125    -0.124    -0.125    -0.126    -0.139    -0.167    -0.195    -0.255    -0.307    -0.255    -0.178    -0.133
    13.75    55.75    2072    -0.125    -0.125    -0.125    -0.125    -0.130    -0.135    -0.135    -0.134    -0.133    -0.128    -0.125    -0.125
    13.75    55.75    2073    -0.125    -0.124    -0.125    -0.125    -0.136    -0.164    -0.215    -0.328    -0.496    -0.433    -0.293    -0.167
    13.75    55.75    2074    -0.138    -0.125    -0.125    -0.125    -0.132    -0.155    -0.191    -0.219    -0.178    -0.145    -0.130    -0.125
    13.75    55.75    2075    -0.125    -0.124    -0.125    -0.125    -0.132    -0.149    -0.144    -0.155    -0.190    -0.190    -0.148    -0.128
    13.75    55.75    2076    -0.125    -0.125    -0.125    -0.126    -0.137    -0.165    -0.213    -0.288    -0.427    -0.444    -0.206    -0.146
    13.75    55.75    2077    -0.127    -0.125    -0.125    -0.125    -0.134    -0.152    -0.190    -0.268    -0.317    -0.196    -0.148    -0.131
    13.75    55.75    2078    -0.125    -0.125    -0.125    -0.127    -0.139    -0.159    -0.164    -0.169    -0.169    -0.157    -0.133    -0.125
    13.75    55.75    2079    -0.125    -0.124    -0.125    -0.127    -0.142    -0.171    -0.156    -0.149    -0.143    -0.141    -0.131    -0.125
    13.75    55.75    2080    -0.124    -0.124    -0.125    -0.126    -0.133    -0.152    -0.182    -0.241    -0.291    -0.270    -0.175    -0.142
    13.75    55.75    2081    -0.130    -0.126    -0.125    -0.126    -0.128    -0.146    -0.176    -0.236    -0.340    -0.382    -0.272    -0.154
    13.75    55.75    2082    -0.132    -0.127    -0.126    -0.126    -0.128    -0.133    -0.147    -0.164    -0.165    -0.156    -0.129    -0.125
    13.75    55.75    2083    -0.125    -0.125    -0.125    -0.125    -0.129    -0.146    -0.175    -0.212    -0.267    -0.281    -0.226    -0.145
    13.75    55.75    2084    -0.128    -0.125    -0.125    -0.128    -0.134    -0.135    -0.155    -0.191    -0.249    -0.276    -0.165    -0.133
    13.75    55.75    2085    -0.125    -0.125    -0.125    -0.126    -0.127    -0.142    -0.166    -0.194    -0.196    -0.189    -0.152    -0.131
    13.75    55.75    2086    -0.125    -0.124    -0.125    -0.125    -0.132    -0.149    -0.173    -0.199    -0.207    -0.207    -0.145    -0.127
    13.75    55.75    2087    -0.125    -0.124    -0.125    -0.126    -0.127    -0.134    -0.152    -0.178    -0.222    -0.258    -0.192    -0.135
    13.75    55.75    2088    -0.127    -0.125    -0.125    -0.125    -0.130    -0.143    -0.166    -0.200    -0.239    -0.197    -0.142    -0.127
    13.75    55.75    2089    -0.125    -0.125    -0.125    -0.126    -0.134    -0.151    -0.174    -0.224    -0.266    -0.214    -0.157    -0.133
    13.75    55.75    2090    -0.126    -0.125    -0.125    -0.126    -0.133    -0.149    -0.169    -0.195    -0.213    -0.155    -0.130    -0.125
    13.75    55.75    2091    -0.124    -0.125    -0.125    -0.126    -0.134    -0.132    -0.132    -0.146    -0.154    -0.134    -0.125    -0.125
    13.75    55.75    2092    -0.125    -0.125    -0.125    -0.125    -0.132    -0.149    -0.168    -0.194    -0.222    -0.164    -0.133    -0.126
    13.75    55.75    2093    -0.125    -0.124    -0.125    -0.126    -0.135    -0.146    -0.166    -0.196    -0.238    -0.262    -0.208    -0.145
    13.75    55.75    2094    -0.127    -0.125    -0.125    -0.125    -0.129    -0.140    -0.138    -0.145    -0.159    -0.176    -0.150    -0.128
    13.75    55.75    2095    -0.125    -0.125    -0.125    -0.125    -0.134    -0.151    -0.169    -0.190    -0.207    -0.217    -0.186    -0.128
    13.75    55.75    2096    -0.125    -0.125    -0.125    -0.125    -0.131    -0.143    -0.150    -0.153    -0.144    -0.132    -0.126    -0.124
    13.75    55.75    2097    -0.125    -0.125    -0.125    -0.125    -0.135    -0.148    -0.165    -0.153    -0.130    -0.127    -0.125    -0.124
    13.75    55.75    2098    -0.125    -0.124    -0.125    -0.125    -0.132    -0.141    -0.146    -0.161    -0.176    -0.171    -0.139    -0.126
    13.75    55.75    2099    -0.124    -0.125    -0.125    -0.125    -0.129    -0.130    -0.136    -0.149    -0.154    -0.139    -0.125    -0.125
    13.75    55.75    2100    -0.125    -0.124    -0.125    -0.126    -0.135    -0.138    -0.150    -0.166    -0.184    -0.193    -0.159    -0.125
    13.75    55.75    2101    -0.125    -0.124    -0.125    -0.126    -0.138    -0.152    -0.169    -0.189    -0.186    -0.141    -0.126    -0.125
    13.75    55.75    2102    -0.125    -0.124    -0.124    -0.125    -0.128    -0.128    -0.129    -0.130    -0.127    -0.125    -0.125    -0.125
    13.75    55.75    2103    -0.125    -0.124    -0.124    -0.125    -0.132    -0.138    -0.148    -0.160    -0.164    -0.144    -0.126    -0.125
    13.75    55.75    2104    -0.125    -0.125    -0.125    -0.125    -0.130    -0.137    -0.145    -0.139    -0.127    -0.125    -0.125    -0.124
    13.75    55.75    2105    -0.125    -0.125    -0.124    -0.125    -0.127    -0.133    -0.129    -0.135    -0.145    -0.142    -0.125    -0.125
    13.75    55.75    2106    -0.125    -0.125    -0.125    -0.125    -0.132    -0.141    -0.155    -0.170    -0.165    -0.155    -0.126    -0.124
    13.75    55.75    2107    -0.124    -0.124    -0.125    -0.125    -0.133    -0.147    -0.160    -0.175    -0.169    -0.128    -0.125    -0.124
    13.75    55.75    2108    -0.125    -0.124    -0.125    -0.126    -0.135    -0.146    -0.142    -0.128    -0.132    -0.126    -0.125    -0.124
    13.75    55.75    2109    -0.125    -0.124    -0.125    -0.126    -0.136    -0.147    -0.141    -0.127    -0.125    -0.125    -0.124    -0.125
    13.75    55.75    2110    -0.125    -0.125    -0.125    -0.126    -0.134    -0.147    -0.164    -0.173    -0.185    -0.167    -0.126    -0.124
    13.75    55.75    2111    -0.124    -0.124    -0.125    -0.125    -0.131    -0.143    -0.151    -0.156    -0.164    -0.168    -0.145    -0.124
    13.75    55.75    2112    -0.125    -0.124    -0.126    -0.125    -0.127    -0.137    -0.131    -0.138    -0.128    -0.127    -0.124    -0.124
    13.75    55.75    2113    -0.124    -0.125    -0.125    -0.125    -0.128    -0.139    -0.155    -0.180    -0.201    -0.212    -0.175    -0.125
    13.75    55.75    2114    -0.125    -0.125    -0.125    -0.127    -0.133    -0.130    -0.143    -0.156    -0.169    -0.177    -0.132    -0.125
    13.75    55.75    2115    -0.125    -0.125    -0.125    -0.125    -0.125    -0.132    -0.143    -0.155    -0.144    -0.137    -0.125    -0.124
    13.75    55.75    2116    -0.124    -0.124    -0.124    -0.125    -0.128    -0.138    -0.155    -0.160    -0.140    -0.138    -0.125    -0.124
    13.75    55.75    2117    -0.124    -0.124    -0.125    -0.129    -0.127    -0.135    -0.149    -0.166    -0.180    -0.183    -0.149    -0.124
    13.75    55.75    2118    -0.124    -0.124    -0.125    -0.125    -0.129    -0.138    -0.147    -0.160    -0.166    -0.136    -0.124    -0.124
    13.75    55.75    2119    -0.125    -0.125    -0.125    -0.126    -0.134    -0.144    -0.155    -0.169    -0.174    -0.140    -0.124    -0.124
    13.75    55.75    2120    -0.125    -0.125    -0.125    -0.126    -0.135    -0.148    -0.161    -0.181    -0.187    -0.149    -0.125    -0.124
    13.75    55.75    2121    -0.124    -0.125    -0.124    -0.125    -0.128    -0.132    -0.130    -0.140    -0.145    -0.130    -0.124    -0.125
    13.75    55.75    2122    -0.125    -0.125    -0.125    -0.125    -0.129    -0.140    -0.155    -0.170    -0.183    -0.146    -0.125    -0.125
    13.75    55.75    2123    -0.125    -0.125    -0.125    -0.125    -0.134    -0.138    -0.146    -0.162    -0.179    -0.196    -0.174    -0.125
    13.75    55.75    2124    -0.125    -0.124    -0.124    -0.126    -0.129    -0.141    -0.146    -0.130    -0.128    -0.134    -0.126    -0.124
    13.75    55.75    2125    -0.124    -0.125    -0.125    -0.126    -0.133    -0.146    -0.150    -0.144    -0.146    -0.154    -0.145    -0.125
    13.75    55.75    2126    -0.125    -0.125    -0.126    -0.125    -0.130    -0.139    -0.143    -0.131    -0.127    -0.126    -0.124    -0.124
    13.75    55.75    2127    -0.125    -0.125    -0.124    -0.125    -0.133    -0.144    -0.162    -0.153    -0.141    -0.126    -0.124    -0.124
    13.75    55.75    2128    -0.124    -0.125    -0.125    -0.125    -0.132    -0.141    -0.153    -0.164    -0.180    -0.185    -0.136    -0.125
    13.75    55.75    2129    -0.125    -0.125    -0.125    -0.125    -0.127    -0.131    -0.137    -0.151    -0.162    -0.142    -0.125    -0.125
    13.75    55.75    2130    -0.125    -0.124    -0.125    -0.127    -0.137    -0.146    -0.158    -0.162    -0.180    -0.203    -0.171    -0.124
    23.75    61.75    1980    -0.166    -0.166    -0.167    -0.169    -0.173    -0.215    -0.279    -0.394    -0.384    -0.255    -0.170    -0.167
    23.75    61.75    1981    -0.167    -0.168    -0.167    -0.167    -0.172    -0.207    -0.304    -0.386    -0.360    -0.245    -0.189    -0.189
    23.75    61.75    1982    -0.191    -0.191    -0.191    -0.177    -0.172    -0.182    -0.262    -0.404    -0.418    -0.228    -0.171    -0.168
    23.75    61.75    1983    -0.167    -0.168    -0.168    -0.168    -0.185    -0.241    -0.379    -0.619    -0.929    -0.879    -0.694    -0.695
    23.75    61.75    1984    -0.684    -0.668    -0.673    -0.638    -0.220    -0.199    -0.226    -0.200    -0.198    -0.183    -0.184    -0.183
    23.75    61.75    1985    -0.182    -0.184    -0.183    -0.176    -0.174    -0.206    -0.276    -0.265    -0.221    -0.170    -0.167    -0.167
    23.75    61.75    1986    -0.168    -0.168    -0.168    -0.168    -0.171    -0.189    -0.247    -0.337    -0.362    -0.266    -0.208    -0.208
    23.75    61.75    1987    -0.210    -0.210    -0.210    -0.189    -0.181    -0.230    -0.271    -0.341    -0.383    -0.267    -0.201    -0.199
    23.75    61.75    1988    -0.202    -0.202    -0.182    -0.168    -0.181    -0.214    -0.315    -0.425    -0.255    -0.194    -0.169    -0.168
    23.75    61.75    1989    -0.168    -0.168    -0.167    -0.168    -0.180    -0.252    -0.367    -0.527    -0.586    -0.354    -0.219    -0.219
    23.75    61.75    1990    -0.220    -0.220    -0.221    -0.208    -0.175    -0.212    -0.300    -0.285    -0.217    -0.169    -0.168    -0.168
    23.75    61.75    1991    -0.168    -0.168    -0.169    -0.167    -0.183    -0.221    -0.334    -0.488    -0.476    -0.281    -0.199    -0.199
    23.75    61.75    1992    -0.200    -0.200    -0.187    -0.168    -0.176    -0.224    -0.246    -0.207    -0.178    -0.168    -0.168    -0.168
    23.75    61.75    1993    -0.169    -0.169    -0.168    -0.168    -0.179    -0.259    -0.406    -0.439    -0.366    -0.212    -0.190    -0.190
    23.75    61.75    1994    -0.191    -0.176    -0.167    -0.167    -0.175    -0.212    -0.306    -0.385    -0.296    -0.189    -0.167    -0.167
    23.75    61.75    1995    -0.167    -0.166    -0.167    -0.168    -0.172    -0.192    -0.240    -0.284    -0.319    -0.262    -0.176    -0.169
    23.75    61.75    1996    -0.171    -0.171    -0.171    -0.170    -0.174    -0.237    -0.412    -0.410    -0.330    -0.250    -0.177    -0.173
    23.75    61.75    1997    -0.173    -0.173    -0.174    -0.170    -0.173    -0.219    -0.358    -0.408    -0.298    -0.208    -0.168    -0.166
    23.75    61.75    1998    -0.166    -0.166    -0.167    -0.167    -0.171    -0.208    -0.267    -0.308    -0.291    -0.189    -0.167    -0.166
    23.75    61.75    1999    -0.167    -0.167    -0.167    -0.167    -0.171    -0.194    -0.255    -0.277    -0.245    -0.205    -0.167    -0.167
    23.75    61.75    2000    -0.168    -0.168    -0.168    -0.168    -0.177    -0.220    -0.333    -0.352    -0.302    -0.223    -0.169    -0.167
    23.75    61.75    2001    -0.167    -0.167    -0.167    -0.168    -0.175    -0.233    -0.397    -0.382    -0.263    -0.213    -0.209    -0.209
    23.75    61.75    2002    -0.210    -0.210    -0.185    -0.168    -0.172    -0.176    -0.213    -0.257    -0.211    -0.181    -0.169    -0.167
    23.75    61.75    2003    -0.168    -0.168    -0.168    -0.169    -0.174    -0.196    -0.296    -0.478    -0.492    -0.297    -0.196    -0.193
    23.75    61.75    2004    -0.194    -0.194    -0.195    -0.170    -0.189    -0.255    -0.346    -0.295    -0.237    -0.177    -0.167    -0.167
    23.75    61.75    2005    -0.167    -0.167    -0.167    -0.169    -0.183    -0.221    -0.251    -0.293    -0.315    -0.220    -0.195    -0.195
    23.75    61.75    2006    -0.189    -0.181    -0.172    -0.168    -0.188    -0.281    -0.534    -0.979    -0.771    -0.337    -0.179    -0.176
    23.75    61.75    2007    -0.176    -0.176    -0.176    -0.169    -0.174    -0.217    -0.303    -0.339    -0.200    -0.168    -0.166    -0.166
    23.75    61.75    2008    -0.167    -0.167    -0.167    -0.167    -0.174    -0.242    -0.402    -0.641    -0.671    -0.416    -0.247    -0.232
    23.75    61.75    2009    -0.202    -0.172    -0.169    -0.172    -0.200    -0.283    -0.519    -0.881    -0.917    -0.568    -0.335    -0.244
    23.75    61.75    2010    -0.243    -0.243    -0.198    -0.168    -0.177    -0.230    -0.352    -0.346    -0.238    -0.178    -0.169    -0.169
    23.75    61.75    2011    -0.169    -0.169    -0.166    -0.167    -0.174    -0.240    -0.403    -0.503    -0.345    -0.261    -0.187    -0.167
    23.75    61.75    2012    -0.167    -0.167    -0.167    -0.167    -0.192    -0.265    -0.437    -0.551    -0.451    -0.291    -0.185    -0.175
    23.75    61.75    2013    -0.172    -0.172    -0.172    -0.169    -0.174    -0.202    -0.285    -0.363    -0.273    -0.218    -0.171    -0.168
    23.75    61.75    2014    -0.167    -0.168    -0.168    -0.168    -0.182    -0.253    -0.301    -0.311    -0.381    -0.295    -0.205    -0.190
    23.75    61.75    2015    -0.190    -0.190    -0.191    -0.173    -0.179    -0.256    -0.398    -0.635    -0.716    -0.501    -0.274    -0.230
    23.75    61.75    2016    -0.229    -0.229    -0.231    -0.218    -0.173    -0.206    -0.270    -0.429    -0.494    -0.303    -0.226    -0.221
    23.75    61.75    2017    -0.221    -0.222    -0.196    -0.168    -0.173    -0.190    -0.190    -0.212    -0.206    -0.171    -0.168    -0.168
    23.75    61.75    2018    -0.168    -0.168    -0.167    -0.168    -0.188    -0.234    -0.309    -0.286    -0.212    -0.171    -0.167    -0.167
    23.75    61.75    2019    -0.166    -0.167    -0.166    -0.168    -0.195    -0.297    -0.552    -0.979    -1.021    -0.513    -0.287    -0.204
    23.75    61.75    2020    -0.186    -0.166    -0.167    -0.168    -0.179    -0.214    -0.349    -0.456    -0.296    -0.194    -0.167    -0.167
    23.75    61.75    2021    -0.166    -0.166    -0.166    -0.168    -0.187    -0.256    -0.366    -0.481    -0.461    -0.354    -0.207    -0.189
    23.75    61.75    2022    -0.189    -0.180    -0.167    -0.169    -0.192    -0.235    -0.275    -0.342    -0.367    -0.280    -0.189    -0.167
    23.75    61.75    2023    -0.167    -0.166    -0.167    -0.168    -0.180    -0.238    -0.261    -0.227    -0.199    -0.171    -0.166    -0.166
    23.75    61.75    2024    -0.166    -0.166    -0.167    -0.167    -0.177    -0.219    -0.289    -0.359    -0.307    -0.278    -0.189    -0.173
    23.75    61.75    2025    -0.168    -0.166    -0.166    -0.167    -0.175    -0.218    -0.311    -0.388    -0.325    -0.237    -0.175    -0.167
    23.75    61.75    2026    -0.167    -0.166    -0.166    -0.167    -0.180    -0.250    -0.441    -0.827    -1.080    -0.663    -0.324    -0.203
    23.75    61.75    2027    -0.191    -0.191    -0.177    -0.166    -0.179    -0.251    -0.403    -0.402    -0.297    -0.217    -0.173    -0.170
    23.75    61.75    2028    -0.170    -0.170    -0.169    -0.170    -0.177    -0.230    -0.293    -0.340    -0.252    -0.181    -0.166    -0.166
    23.75    61.75    2029    -0.166    -0.166    -0.167    -0.167    -0.188    -0.253    -0.339    -0.302    -0.218    -0.168    -0.166    -0.166
    23.75    61.75    2030    -0.166    -0.166    -0.167    -0.167    -0.179    -0.201    -0.256    -0.390    -0.602    -0.397    -0.265    -0.262
    23.75    61.75    2031    -0.262    -0.230    -0.167    -0.168    -0.192    -0.264    -0.363    -0.383    -0.401    -0.295    -0.187    -0.169
    23.75    61.75    2032    -0.169    -0.166    -0.167    -0.167    -0.190    -0.280    -0.432    -0.477    -0.412    -0.323    -0.219    -0.173
    23.75    61.75    2033    -0.174    -0.169    -0.166    -0.170    -0.185    -0.207    -0.212    -0.215    -0.208    -0.182    -0.166    -0.166
    23.75    61.75    2034    -0.166    -0.166    -0.166    -0.168    -0.190    -0.267    -0.388    -0.393    -0.255    -0.212    -0.171    -0.169
    23.75    61.75    2035    -0.169    -0.168    -0.167    -0.169    -0.192    -0.236    -0.226    -0.211    -0.195    -0.169    -0.166    -0.166
    23.75    61.75    2036    -0.166    -0.166    -0.166    -0.167    -0.175    -0.224    -0.335    -0.548    -0.619    -0.453    -0.289    -0.264
    23.75    61.75    2037    -0.263    -0.263    -0.215    -0.167    -0.183    -0.229    -0.313    -0.356    -0.354    -0.295    -0.204    -0.169
    23.75    61.75    2038    -0.169    -0.170    -0.167    -0.168    -0.173    -0.217    -0.315    -0.433    -0.348    -0.329    -0.223    -0.179
    23.75    61.75    2039    -0.179    -0.179    -0.173    -0.170    -0.186    -0.191    -0.243    -0.249    -0.223    -0.202    -0.170    -0.166
    23.75    61.75    2040    -0.166    -0.167    -0.167    -0.167    -0.180    -0.233    -0.310    -0.268    -0.227    -0.180    -0.166    -0.166
    23.75    61.75    2041    -0.166    -0.166    -0.166    -0.170    -0.197    -0.283    -0.444    -0.593    -0.595    -0.391    -0.215    -0.179
    23.75    61.75    2042    -0.171    -0.166    -0.167    -0.167    -0.178    -0.217    -0.248    -0.224    -0.185    -0.170    -0.167    -0.167
    23.75    61.75    2043    -0.166    -0.166    -0.166    -0.167    -0.173    -0.219    -0.312    -0.538    -0.694    -0.436    -0.272    -0.175
    23.75    61.75    2044    -0.166    -0.166    -0.166    -0.168    -0.186    -0.249    -0.367    -0.433    -0.367    -0.242    -0.173    -0.166
    23.75    61.75    2045    -0.166    -0.166    -0.166    -0.169    -0.179    -0.187    -0.215    -0.246    -0.222    -0.206    -0.176    -0.166
    23.75    61.75    2046    -0.167    -0.166    -0.166    -0.167    -0.184    -0.218    -0.210    -0.176    -0.180    -0.169    -0.166    -0.166
    23.75    61.75    2047    -0.166    -0.166    -0.166    -0.167    -0.181    -0.232    -0.321    -0.403    -0.431    -0.389    -0.257    -0.187
    23.75    61.75    2048    -0.187    -0.187    -0.187    -0.168    -0.172    -0.189    -0.244    -0.282    -0.240    -0.204    -0.169    -0.168
    23.75    61.75    2049    -0.168    -0.168    -0.167    -0.167    -0.191    -0.258    -0.367    -0.463    -0.370    -0.272    -0.189    -0.169
    23.75    61.75    2050    -0.169    -0.169    -0.169    -0.167    -0.172    -0.191    -0.251    -0.270    -0.210    -0.174    -0.167    -0.167
    23.75    61.75    2051    -0.166    -0.166    -0.166    -0.167    -0.171    -0.205    -0.270    -0.268    -0.220    -0.175    -0.166    -0.166
    23.75    61.75    2052    -0.166    -0.166    -0.166    -0.168    -0.184    -0.220    -0.226    -0.228    -0.216    -0.178    -0.167    -0.166
    23.75    61.75    2053    -0.166    -0.166    -0.166    -0.167    -0.180    -0.209    -0.266    -0.333    -0.366    -0.307    -0.192    -0.167
    23.75    61.75    2054    -0.167    -0.167    -0.167    -0.166    -0.174    -0.202    -0.241    -0.264    -0.201    -0.174    -0.166    -0.166
    23.75    61.75    2055    -0.166    -0.166    -0.167    -0.167    -0.179    -0.213    -0.256    -0.280    -0.221    -0.187    -0.166    -0.166
    23.75    61.75    2056    -0.166    -0.166    -0.166    -0.167    -0.173    -0.199    -0.248    -0.252    -0.244    -0.210    -0.174    -0.166
    23.75    61.75    2057    -0.166    -0.166    -0.167    -0.167    -0.182    -0.226    -0.314    -0.426    -0.453    -0.260    -0.175    -0.166
    23.75    61.75    2058    -0.166    -0.166    -0.166    -0.168    -0.180    -0.218    -0.272    -0.330    -0.364    -0.341    -0.232    -0.191
    23.75    61.75    2059    -0.191    -0.191    -0.176    -0.168    -0.177    -0.209    -0.238    -0.210    -0.181    -0.171    -0.167    -0.167
    23.75    61.75    2060    -0.167    -0.167    -0.166    -0.167    -0.168    -0.194    -0.204    -0.216    -0.215    -0.179    -0.166    -0.166
    23.75    61.75    2061    -0.166    -0.166    -0.166    -0.166    -0.172    -0.206    -0.259    -0.318    -0.274    -0.218    -0.171    -0.166
    23.75    61.75    2062    -0.166    -0.166    -0.166    -0.167    -0.171    -0.190    -0.244    -0.311    -0.289    -0.225    -0.187    -0.176
    23.75    61.75    2063    -0.168    -0.166    -0.166    -0.167    -0.175    -0.209    -0.285    -0.424    -0.583    -0.597    -0.489    -0.440
    23.75    61.75    2064    -0.440    -0.439    -0.330    -0.177    -0.190    -0.240    -0.344    -0.342    -0.269    -0.218    -0.182    -0.175
    23.75    61.75    2065    -0.175    -0.176    -0.167    -0.167    -0.169    -0.190    -0.234    -0.226    -0.207    -0.180    -0.166    -0.166
    23.75    61.75    2066    -0.166    -0.166    -0.166    -0.166    -0.173    -0.200    -0.255    -0.356    -0.353    -0.273    -0.207    -0.173
    23.75    61.75    2067    -0.169    -0.169    -0.167    -0.167    -0.174    -0.193    -0.224    -0.224    -0.195    -0.170    -0.166    -0.166
    23.75    61.75    2068    -0.166    -0.166    -0.166    -0.168    -0.178    -0.205    -0.204    -0.241    -0.316    -0.383    -0.259    -0.190
    23.75    61.75    2069    -0.169    -0.166    -0.166    -0.167    -0.172    -0.185    -0.184    -0.199    -0.206    -0.192    -0.169    -0.167
    23.75    61.75    2070    -0.166    -0.166    -0.166    -0.167    -0.169    -0.187    -0.231    -0.276    -0.291    -0.253    -0.195    -0.177
    23.75    61.75    2071    -0.177    -0.177    -0.176    -0.168    -0.176    -0.201    -0.244    -0.263    -0.253    -0.234    -0.187    -0.178
    23.75    61.75    2072    -0.169    -0.168    -0.167    -0.167    -0.169    -0.174    -0.184    -0.193    -0.187    -0.168    -0.166    -0.166
    23.75    61.75    2073    -0.166    -0.166    -0.166    -0.167    -0.174    -0.195    -0.232    -0.223    -0.186    -0.175    -0.166    -0.166
    23.75    61.75    2074    -0.166    -0.166    -0.166    -0.166    -0.172    -0.193    -0.205    -0.178    -0.167    -0.166    -0.166    -0.166
    23.75    61.75    2075    -0.166    -0.166    -0.166    -0.166    -0.172    -0.195    -0.213    -0.233    -0.260    -0.238    -0.178    -0.169
    23.75    61.75    2076    -0.169    -0.166    -0.166    -0.167    -0.179    -0.202    -0.200    -0.190    -0.178    -0.169    -0.166    -0.166
    23.75    61.75    2077    -0.166    -0.166    -0.166    -0.166    -0.173    -0.194    -0.234    -0.254    -0.209    -0.179    -0.167    -0.166
    23.75    61.75    2078    -0.166    -0.166    -0.166    -0.166    -0.171    -0.188    -0.182    -0.172    -0.167    -0.166    -0.166    -0.166
    23.75    61.75    2079    -0.166    -0.166    -0.166    -0.169    -0.184    -0.199    -0.183    -0.187    -0.175    -0.169    -0.166    -0.166
    23.75    61.75    2080    -0.166    -0.166    -0.166    -0.167    -0.178    -0.194    -0.218    -0.246    -0.248    -0.191    -0.168    -0.166
    23.75    61.75    2081    -0.166    -0.166    -0.166    -0.167    -0.173    -0.193    -0.219    -0.254    -0.280    -0.267    -0.217    -0.191
    23.75    61.75    2082    -0.186    -0.173    -0.166    -0.167    -0.169    -0.182    -0.203    -0.182    -0.172    -0.169    -0.167    -0.166
    23.75    61.75    2083    -0.167    -0.166    -0.166    -0.166    -0.169    -0.174    -0.182    -0.172    -0.167    -0.166    -0.166    -0.166
    23.75    61.75    2084    -0.166    -0.166    -0.166    -0.167    -0.174    -0.191    -0.215    -0.217    -0.209    -0.183    -0.166    -0.166
    23.75    61.75    2085    -0.166    -0.166    -0.166    -0.166    -0.168    -0.176    -0.186    -0.200    -0.173    -0.167    -0.166    -0.166
    23.75    61.75    2086    -0.166    -0.166    -0.166    -0.166    -0.169    -0.180    -0.194    -0.170    -0.168    -0.166    -0.166    -0.166
    23.75    61.75    2087    -0.166    -0.166    -0.166    -0.166    -0.167    -0.179    -0.175    -0.168    -0.166    -0.166    -0.166    -0.166
    23.75    61.75    2088    -0.166    -0.166    -0.166    -0.167    -0.178    -0.190    -0.188    -0.176    -0.167    -0.166    -0.166    -0.166
    23.75    61.75    2089    -0.166    -0.166    -0.166    -0.167    -0.171    -0.184    -0.199    -0.220    -0.233    -0.177    -0.166    -0.166
    23.75    61.75    2090    -0.166    -0.166    -0.166    -0.166    -0.172    -0.191    -0.197    -0.173    -0.170    -0.166    -0.166    -0.166
    23.75    61.75    2091    -0.166    -0.166    -0.166    -0.166    -0.170    -0.186    -0.209    -0.209    -0.169    -0.166    -0.166    -0.166
    23.75    61.75    2092    -0.166    -0.166    -0.166    -0.166    -0.168    -0.178    -0.185    -0.188    -0.176    -0.166    -0.166    -0.166
    23.75    61.75    2093    -0.166    -0.166    -0.166    -0.166    -0.168    -0.179    -0.198    -0.208    -0.215    -0.198    -0.166    -0.166
    23.75    61.75    2094    -0.166    -0.166    -0.166    -0.167    -0.169    -0.184    -0.203    -0.198    -0.173    -0.166    -0.166    -0.166
    23.75    61.75    2095    -0.166    -0.166    -0.166    -0.167    -0.176    -0.194    -0.216    -0.213    -0.181    -0.166    -0.166    -0.166
    23.75    61.75    2096    -0.166    -0.166    -0.166    -0.167    -0.169    -0.182    -0.201    -0.199    -0.174    -0.166    -0.166    -0.166
    23.75    61.75    2097    -0.166    -0.166    -0.166    -0.166    -0.173    -0.191    -0.213    -0.185    -0.166    -0.166    -0.166    -0.166
    23.75    61.75    2098    -0.166    -0.166    -0.166    -0.166    -0.172    -0.186    -0.209    -0.222    -0.219    -0.191    -0.166    -0.166
    23.75    61.75    2099    -0.167    -0.167    -0.166    -0.166    -0.174    -0.175    -0.172    -0.173    -0.170    -0.167    -0.166    -0.166
    23.75    61.75    2100    -0.166    -0.166    -0.166    -0.166    -0.175    -0.177    -0.172    -0.168    -0.167    -0.166    -0.166    -0.166
    23.75    61.75    2101    -0.166    -0.166    -0.166    -0.167    -0.175    -0.192    -0.205    -0.226    -0.243    -0.233    -0.179    -0.166
    23.75    61.75    2102    -0.166    -0.166    -0.166    -0.166    -0.168    -0.175    -0.174    -0.178    -0.171    -0.167    -0.166    -0.166
    23.75    61.75    2103    -0.166    -0.166    -0.166    -0.167    -0.173    -0.188    -0.207    -0.178    -0.168    -0.166    -0.166    -0.166
    23.75    61.75    2104    -0.166    -0.166    -0.166    -0.166    -0.172    -0.188    -0.203    -0.182    -0.166    -0.166    -0.166    -0.166
    23.75    61.75    2105    -0.166    -0.166    -0.166    -0.166    -0.175    -0.192    -0.211    -0.232    -0.240    -0.229    -0.169    -0.166
    23.75    61.75    2106    -0.166    -0.166    -0.166    -0.167    -0.175    -0.193    -0.200    -0.172    -0.170    -0.167    -0.166    -0.166
    23.75    61.75    2107    -0.166    -0.166    -0.166    -0.166    -0.174    -0.191    -0.202    -0.197    -0.171    -0.166    -0.166    -0.166
    23.75    61.75    2108    -0.166    -0.166    -0.166    -0.166    -0.176    -0.191    -0.190    -0.169    -0.167    -0.166    -0.166    -0.166
    23.75    61.75    2109    -0.166    -0.166    -0.166    -0.168    -0.187    -0.197    -0.202    -0.199    -0.177    -0.166    -0.166    -0.166
    23.75    61.75    2110    -0.166    -0.166    -0.166    -0.167    -0.176    -0.182    -0.198    -0.206    -0.183    -0.167    -0.166    -0.166
    23.75    61.75    2111    -0.166    -0.166    -0.166    -0.167    -0.179    -0.194    -0.219    -0.239    -0.244    -0.224    -0.179    -0.166
    23.75    61.75    2112    -0.166    -0.166    -0.166    -0.168    -0.169    -0.175    -0.192    -0.184    -0.170    -0.167    -0.166    -0.166
    23.75    61.75    2113    -0.166    -0.166    -0.166    -0.166    -0.172    -0.179    -0.187    -0.187    -0.178    -0.166    -0.166    -0.166
    23.75    61.75    2114    -0.166    -0.166    -0.166    -0.170    -0.179    -0.199    -0.216    -0.226    -0.220    -0.191    -0.166    -0.166
    23.75    61.75    2115    -0.166    -0.166    -0.166    -0.166    -0.175    -0.186    -0.208    -0.227    -0.197    -0.166    -0.166    -0.166
    23.75    61.75    2116    -0.166    -0.166    -0.166    -0.166    -0.172    -0.189    -0.202    -0.170    -0.168    -0.166    -0.166    -0.166
    23.75    61.75    2117    -0.166    -0.166    -0.166    -0.167    -0.168    -0.176    -0.182    -0.169    -0.167    -0.166    -0.166    -0.166
    23.75    61.75    2118    -0.166    -0.166    -0.166    -0.167    -0.174    -0.181    -0.184    -0.168    -0.167    -0.166    -0.166    -0.166
    23.75    61.75    2119    -0.166    -0.166    -0.166    -0.166    -0.168    -0.183    -0.199    -0.221    -0.231    -0.177    -0.166    -0.166
    23.75    61.75    2120    -0.166    -0.166    -0.166    -0.167    -0.175    -0.192    -0.197    -0.174    -0.168    -0.166    -0.166    -0.166
    23.75    61.75    2121    -0.166    -0.166    -0.166    -0.166    -0.169    -0.187    -0.202    -0.188    -0.168    -0.166    -0.166    -0.166
    23.75    61.75    2122    -0.166    -0.166    -0.167    -0.166    -0.169    -0.185    -0.192    -0.180    -0.169    -0.166    -0.166    -0.166
    23.75    61.75    2123    -0.166    -0.166    -0.166    -0.167    -0.168    -0.181    -0.205    -0.219    -0.208    -0.173    -0.166    -0.166
    23.75    61.75    2124    -0.166    -0.166    -0.166    -0.168    -0.171    -0.183    -0.202    -0.213    -0.178    -0.166    -0.166    -0.166
    23.75    61.75    2125    -0.166    -0.166    -0.166    -0.166    -0.174    -0.191    -0.211    -0.223    -0.207    -0.174    -0.166    -0.166
    23.75    61.75    2126    -0.166    -0.166    -0.166    -0.167    -0.170    -0.182    -0.207    -0.219    -0.174    -0.166    -0.166    -0.166
    23.75    61.75    2127    -0.166    -0.166    -0.166    -0.166    -0.171    -0.185    -0.207    -0.195    -0.166    -0.166    -0.166    -0.166
    23.75    61.75    2128    -0.166    -0.166    -0.166    -0.166    -0.174    -0.189    -0.206    -0.218    -0.213    -0.173    -0.166    -0.166
    23.75    61.75    2129    -0.166    -0.166    -0.166    -0.166    -0.175    -0.170    -0.171    -0.179    -0.168    -0.166    -0.166    -0.166
    23.75    61.75    2130    -0.166    -0.166    -0.166    -0.166    -0.173    -0.181    -0.170    -0.169    -0.166    -0.166    -0.166    -0.166
    21.75    39.75    1980    -0.243    -0.159    -0.156    -0.173    -0.231    -0.367    -0.672    -1.471    -2.459    -2.776    -2.185    -1.238
    21.75    39.75    1981    -0.917    -0.687    -0.626    -0.999    -2.085    -2.820    -2.920    -3.011    -3.089    -3.128    -2.849    -2.570
    21.75    39.75    1982    -1.612    -1.025    -0.840    -0.704    -0.729    -0.926    -1.234    -1.466    -1.660    -1.262    -0.802    -0.524
    21.75    39.75    1983    -0.281    -0.224    -0.201    -0.177    -0.200    -0.238    -0.290    -0.364    -0.470    -0.523    -0.530    -0.314
    21.75    39.75    1984    -0.217    -0.195    -0.199    -0.235    -0.283    -0.408    -0.650    -0.948    -1.170    -1.304    -1.342    -0.843
    21.75    39.75    1985    -0.334    -0.204    -0.167    -0.188    -0.238    -0.326    -0.516    -0.930    -1.243    -1.370    -1.325    -0.670
    21.75    39.75    1986    -0.289    -0.183    -0.157    -0.159    -0.179    -0.227    -0.307    -0.449    -0.639    -0.811    -0.953    -0.843
    21.75    39.75    1987    -0.537    -0.227    -0.177    -0.173    -0.205    -0.267    -0.406    -0.705    -1.070    -1.213    -1.098    -0.731
    21.75    39.75    1988    -0.466    -0.400    -0.445    -0.611    -1.086    -1.283    -1.442    -1.560    -1.654    -1.325    -0.603    -0.378
    21.75    39.75    1989    -0.212    -0.183    -0.170    -0.191    -0.251    -0.351    -0.549    -1.028    -1.506    -1.657    -1.163    -0.427
    21.75    39.75    1990    -0.244    -0.201    -0.174    -0.173    -0.223    -0.325    -0.532    -1.033    -1.539    -1.757    -1.303    -0.980
    21.75    39.75    1991    -0.737    -0.558    -0.488    -0.752    -1.386    -1.776    -1.967    -2.164    -2.369    -2.535    -1.592    -0.607
    21.75    39.75    1992    -0.446    -0.331    -0.257    -0.253    -0.326    -0.444    -0.641    -1.025    -1.332    -1.177    -0.599    -0.318
    21.75    39.75    1993    -0.206    -0.169    -0.157    -0.164    -0.207    -0.298    -0.449    -0.736    -1.326    -2.189    -1.460    -0.498
    21.75    39.75    1994    -0.269    -0.201    -0.182    -0.199    -0.264    -0.409    -0.690    -1.346    -2.318    -2.586    -2.301    -1.468
    21.75    39.75    1995    -0.564    -0.284    -0.177    -0.165    -0.220    -0.337    -0.579    -1.119    -2.257    -2.746    -2.192    -1.009
    21.75    39.75    1996    -0.481    -0.336    -0.275    -0.231    -0.272    -0.470    -0.937    -2.022    -2.757    -2.920    -2.508    -1.951
    21.75    39.75    1997    -0.757    -0.300    -0.206    -0.219    -0.333    -0.591    -1.258    -2.543    -2.951    -3.043    -2.724    -1.577
    21.75    39.75    1998    -0.748    -0.418    -0.312    -0.368    -0.668    -1.487    -2.757    -3.027    -3.064    -3.068    -3.008    -1.873
    21.75    39.75    1999    -0.794    -0.406    -0.338    -0.491    -0.983    -2.256    -3.019    -3.065    -3.087    -3.103    -2.719    -1.258
    21.75    39.75    2000    -0.567    -0.375    -0.404    -0.497    -0.865    -1.777    -2.898    -3.072    -2.942    -3.060    -2.656    -1.499
    21.75    39.75    2001    -0.530    -0.314    -0.219    -0.217    -0.334    -0.576    -1.042    -2.045    -2.863    -2.944    -1.569    -0.745
    21.75    39.75    2002    -0.380    -0.280    -0.258    -0.324    -0.527    -0.972    -2.019    -2.851    -2.990    -2.880    -2.279    -1.390
    21.75    39.75    2003    -0.881    -0.436    -0.259    -0.228    -0.301    -0.453    -0.755    -1.369    -2.364    -2.922    -2.413    -1.088
    21.75    39.75    2004    -0.561    -0.327    -0.286    -0.329    -0.539    -1.039    -2.108    -2.854    -2.954    -2.978    -2.892    -2.139
    21.75    39.75    2005    -1.150    -0.636    -0.464    -0.634    -0.838    -1.330    -2.527    -2.939    -2.922    -2.917    -2.925    -2.326
    21.75    39.75    2006    -1.058    -0.453    -0.289    -0.351    -0.560    -1.080    -2.060    -2.844    -2.962    -2.888    -1.756    -0.769
    21.75    39.75    2007    -0.317    -0.195    -0.166    -0.202    -0.292    -0.461    -0.786    -1.420    -2.255    -2.761    -2.562    -1.558
    21.75    39.75    2008    -0.609    -0.363    -0.286    -0.333    -0.521    -0.980    -2.104    -2.765    -2.908    -2.927    -2.388    -1.037
    21.75    39.75    2009    -0.589    -0.424    -0.386    -0.392    -0.655    -1.398    -2.613    -2.905    -2.944    -2.957    -2.676    -1.409
    21.75    39.75    2010    -0.693    -0.323    -0.261    -0.287    -0.483    -0.981    -2.093    -2.850    -2.928    -2.874    -1.369    -0.473
    21.75    39.75    2011    -0.246    -0.174    -0.160    -0.198    -0.298    -0.509    -0.939    -1.895    -2.676    -2.918    -2.867    -2.567
    21.75    39.75    2012    -1.669    -0.671    -0.456    -0.431    -0.721    -1.579    -2.721    -2.915    -2.976    -3.013    -2.383    -0.932
    21.75    39.75    2013    -0.403    -0.272    -0.258    -0.365    -0.634    -1.249    -2.362    -2.946    -3.055    -2.915    -1.658    -0.899
    21.75    39.75    2014    -0.418    -0.254    -0.184    -0.194    -0.284    -0.457    -0.774    -1.395    -2.358    -2.714    -2.125    -1.036
    21.75    39.75    2015    -0.707    -0.467    -0.467    -0.447    -0.642    -1.239    -2.344    -2.951    -3.084    -3.121    -3.042    -1.984
    21.75    39.75    2016    -0.657    -0.451    -0.361    -0.345    -0.580    -1.181    -2.397    -3.108    -3.147    -3.197    -2.216    -0.933
    21.75    39.75    2017    -0.434    -0.372    -0.297    -0.369    -0.661    -1.314    -2.459    -3.080    -3.189    -3.181    -3.014    -1.498
    21.75    39.75    2018    -0.612    -0.320    -0.218    -0.191    -0.236    -0.387    -0.678    -1.146    -2.006    -2.718    -2.841    -1.678
    21.75    39.75    2019    -0.818    -0.560    -0.680    -1.187    -2.370    -2.975    -3.089    -3.183    -3.263    -3.270    -3.193    -1.767
    21.75    39.75    2020    -0.564    -0.463    -0.433    -0.371    -0.598    -0.909    -1.391    -2.242    -2.832    -2.849    -2.086    -0.834
    21.75    39.75    2021    -0.389    -0.216    -0.185    -0.217    -0.321    -0.526    -0.911    -1.523    -2.496    -2.712    -2.177    -1.852
    21.75    39.75    2022    -1.138    -0.624    -0.568    -0.909    -1.795    -2.885    -3.166    -3.253    -3.340    -3.357    -3.339    -2.817
    21.75    39.75    2023    -1.283    -0.737    -0.677    -0.661    -1.019    -1.813    -2.897    -3.345    -3.411    -3.393    -2.522    -1.037
    21.75    39.75    2024    -0.530    -0.381    -0.304    -0.275    -0.400    -0.653    -1.041    -1.447    -2.377    -3.071    -2.233    -1.213
    21.75    39.75    2025    -0.784    -0.587    -0.371    -0.379    -0.632    -1.113    -1.927    -2.911    -3.253    -3.319    -3.186    -1.735
    21.75    39.75    2026    -0.794    -0.397    -0.408    -0.615    -1.089    -1.941    -3.119    -3.321    -3.340    -3.252    -1.958    -0.656
    21.75    39.75    2027    -0.401    -0.248    -0.205    -0.229    -0.302    -0.490    -0.835    -1.406    -2.394    -3.152    -2.769    -1.092
    21.75    39.75    2028    -0.567    -0.281    -0.327    -0.502    -0.912    -1.767    -2.994    -3.260    -3.297    -3.321    -3.312    -2.186
    21.75    39.75    2029    -0.891    -0.477    -0.263    -0.264    -0.401    -0.720    -1.300    -2.377    -3.211    -3.335    -2.018    -0.931
    21.75    39.75    2030    -0.429    -0.218    -0.188    -0.251    -0.405    -0.737    -1.467    -2.624    -2.965    -3.249    -3.250    -3.228
    21.75    39.75    2031    -3.044    -3.020    -3.251    -3.283    -3.334    -3.361    -3.398    -3.432    -3.413    -3.125    -2.340    -1.172
    21.75    39.75    2032    -0.813    -0.684    -0.738    -0.965    -1.112    -1.359    -1.685    -2.038    -2.257    -2.269    -2.188    -1.029
    21.75    39.75    2033    -0.447    -0.379    -0.424    -0.574    -0.891    -1.309    -1.711    -2.011    -2.087    -2.062    -2.044    -1.676
    21.75    39.75    2034    -0.874    -0.613    -0.591    -0.658    -0.922    -1.547    -2.029    -2.234    -2.426    -2.798    -3.097    -2.491
    21.75    39.75    2035    -0.915    -0.562    -0.548    -0.470    -0.866    -1.742    -2.074    -2.412    -2.840    -3.078    -3.060    -2.085
    21.75    39.75    2036    -0.906    -0.446    -0.320    -0.405    -0.697    -1.538    -2.023    -2.411    -2.776    -3.015    -3.054    -2.614
    21.75    39.75    2037    -1.774    -1.309    -1.286    -2.232    -2.920    -3.062    -3.125    -3.145    -3.239    -2.334    -1.377    -0.757
    21.75    39.75    2038    -0.451    -0.325    -0.342    -0.427    -0.627    -1.419    -1.880    -2.099    -2.389    -2.594    -1.889    -0.606
    21.75    39.75    2039    -0.334    -0.219    -0.199    -0.220    -0.328    -0.753    -1.545    -1.784    -1.975    -2.200    -2.375    -2.554
    21.75    39.75    2040    -2.311    -2.183    -2.091    -2.775    -2.995    -3.167    -3.262    -3.292    -3.307    -2.774    -1.426    -0.724
    21.75    39.75    2041    -0.411    -0.296    -0.254    -0.264    -0.337    -0.538    -1.287    -1.802    -2.048    -2.290    -2.459    -1.302
    21.75    39.75    2042    -0.613    -0.356    -0.233    -0.249    -0.457    -1.348    -1.846    -2.178    -2.712    -3.029    -1.883    -0.560
    21.75    39.75    2043    -0.211    -0.159    -0.161    -0.174    -0.258    -0.487    -1.022    -1.978    -2.645    -3.107    -3.134    -3.164
    21.75    39.75    2044    -3.143    -2.236    -0.892    -0.563    -0.909    -2.113    -2.952    -3.257    -3.344    -3.381    -3.392    -3.352
    21.75    39.75    2045    -2.957    -1.380    -1.055    -1.841    -3.020    -3.359    -3.402    -3.414    -3.424    -3.429    -3.394    -2.400
    21.75    39.75    2046    -0.876    -0.525    -0.525    -0.631    -0.994    -1.607    -1.756    -1.784    -1.815    -1.724    -1.518    -0.748
    21.75    39.75    2047    -0.379    -0.258    -0.188    -0.195    -0.266    -0.429    -0.854    -1.286    -1.528    -1.597    -1.557    -1.143
    21.75    39.75    2048    -0.459    -0.344    -0.299    -0.424    -0.901    -1.400    -1.618    -1.748    -1.876    -1.908    -1.312    -0.629
    21.75    39.75    2049    -0.365    -0.240    -0.200    -0.245    -0.444    -1.174    -1.847    -1.907    -1.942    -1.918    -1.492    -0.743
    21.75    39.75    2050    -0.438    -0.292    -0.247    -0.286    -0.600    -1.544    -1.898    -1.924    -1.951    -1.979    -1.955    -1.535
    21.75    39.75    2051    -0.663    -0.439    -0.346    -0.481    -1.160    -1.894    -1.943    -1.974    -2.001    -1.996    -1.805    -1.172
    21.75    39.75    2052    -0.354    -0.216    -0.187    -0.252    -0.455    -0.972    -1.734    -1.896    -1.963    -1.978    -1.193    -0.362
    21.75    39.75    2053    -0.204    -0.158    -0.157    -0.177    -0.258    -0.469    -1.025    -1.812    -1.963    -1.999    -1.457    -1.053
    21.75    39.75    2054    -0.571    -0.416    -0.282    -0.303    -0.637    -1.594    -1.923    -1.978    -2.007    -1.988    -1.330    -0.613
    21.75    39.75    2055    -0.394    -0.309    -0.256    -0.293    -0.443    -1.077    -1.897    -1.949    -2.023    -2.043    -1.924    -0.998
    21.75    39.75    2056    -0.536    -0.411    -0.492    -0.920    -1.739    -2.018    -2.055    -2.094    -2.111    -2.114    -2.115    -1.593
    21.75    39.75    2057    -0.828    -0.687    -0.708    -1.234    -2.032    -2.097    -2.111    -2.119    -2.123    -2.128    -2.138    -1.924
    21.75    39.75    2058    -0.805    -0.509    -0.521    -0.871    -1.772    -2.028    -2.081    -2.099    -2.109    -2.082    -2.046    -1.703
    21.75    39.75    2059    -0.768    -0.365    -0.373    -0.567    -1.171    -1.850    -1.941    -1.976    -2.009    -2.001    -1.949    -1.464
    21.75    39.75    2060    -0.612    -0.386    -0.380    -0.510    -0.985    -1.811    -1.998    -2.031    -2.060    -2.082    -1.767    -0.880
    21.75    39.75    2061    -0.425    -0.323    -0.355    -0.522    -1.084    -1.824    -1.971    -2.021    -2.056    -2.081    -2.015    -1.682
    21.75    39.75    2062    -1.094    -0.783    -0.528    -0.424    -0.680    -1.411    -1.914    -2.002    -2.044    -2.076    -1.396    -0.755
    21.75    39.75    2063    -0.364    -0.265    -0.225    -0.278    -0.481    -1.069    -1.765    -1.918    -1.993    -2.033    -1.745    -0.723
    21.75    39.75    2064    -0.320    -0.247    -0.206    -0.207    -0.319    -0.623    -1.356    -1.878    -1.986    -2.026    -1.608    -0.521
    21.75    39.75    2065    -0.321    -0.234    -0.199    -0.238    -0.414    -0.960    -1.767    -1.973    -2.026    -1.936    -1.290    -0.546
    21.75    39.75    2066    -0.360    -0.343    -0.337    -0.372    -0.677    -1.580    -1.983    -2.028    -2.052    -2.050    -1.885    -1.145
    21.75    39.75    2067    -0.667    -0.371    -0.286    -0.367    -0.633    -1.530    -1.970    -2.048    -2.064    -2.074    -2.058    -1.751
    21.75    39.75    2068    -0.545    -0.316    -0.278    -0.335    -0.519    -1.180    -1.948    -2.049    -2.075    -2.085    -1.359    -0.604
    21.75    39.75    2069    -0.458    -0.308    -0.291    -0.452    -0.974    -1.878    -2.062    -2.084    -2.094    -2.104    -1.738    -0.669
    21.75    39.75    2070    -0.363    -0.238    -0.211    -0.260    -0.373    -0.617    -1.261    -1.973    -2.074    -2.065    -1.904    -1.154
    21.75    39.75    2071    -0.421    -0.234    -0.233    -0.311    -0.627    -1.505    -1.985    -2.060    -2.080    -2.097    -1.740    -0.856
    21.75    39.75    2072    -0.402    -0.280    -0.250    -0.313    -0.556    -1.336    -1.970    -2.063    -2.092    -2.101    -2.034    -1.490
    21.75    39.75    2073    -0.782    -0.465    -0.354    -0.439    -0.950    -1.909    -2.081    -2.103    -2.118    -2.128    -1.260    -0.555
    21.75    39.75    2074    -0.355    -0.266    -0.234    -0.335    -0.670    -1.514    -1.993    -2.071    -2.091    -2.088    -2.019    -1.830
    21.75    39.75    2075    -0.678    -0.282    -0.225    -0.278    -0.504    -1.160    -1.941    -2.059    -2.083    -2.100    -2.109    -1.839
    21.75    39.75    2076    -1.061    -0.741    -0.697    -1.005    -1.793    -2.083    -2.108    -2.110    -2.128    -2.134    -1.713    -1.115
    21.75    39.75    2077    -0.733    -0.581    -0.563    -0.746    -1.625    -2.065    -2.098    -2.114    -2.118    -2.123    -2.110    -2.094
    21.75    39.75    2078    -1.167    -0.544    -0.501    -0.743    -1.344    -1.949    -2.060    -2.073    -2.074    -2.076    -2.062    -1.599
    21.75    39.75    2079    -0.914    -0.586    -0.443    -0.474    -0.526    -0.667    -0.858    -1.127    -1.228    -1.354    -1.454    -1.155
    21.75    39.75    2080    -0.505    -0.327    -0.284    -0.313    -0.426    -0.619    -0.928    -1.286    -1.618    -1.750    -1.681    -1.202
    21.75    39.75    2081    -0.524    -0.295    -0.247    -0.280    -0.394    -0.634    -1.109    -1.642    -1.756    -1.740    -1.046    -0.636
    21.75    39.75    2082    -0.277    -0.204    -0.197    -0.249    -0.367    -0.618    -0.992    -1.415    -1.675    -1.722    -1.705    -1.061
    21.75    39.75    2083    -0.447    -0.337    -0.296    -0.376    -0.604    -0.988    -1.287    -1.634    -1.830    -1.866    -1.850    -1.713
    21.75    39.75    2084    -1.209    -0.735    -0.709    -0.751    -1.187    -1.700    -1.847    -1.988    -2.068    -2.089    -1.710    -0.763
    21.75    39.75    2085    -0.345    -0.230    -0.197    -0.197    -0.273    -0.403    -0.684    -1.209    -1.667    -1.714    -1.426    -0.556
    21.75    39.75    2086    -0.315    -0.216    -0.191    -0.191    -0.272    -0.478    -0.911    -1.274    -1.491    -1.783    -1.815    -1.360
    21.75    39.75    2087    -0.824    -0.704    -0.895    -1.312    -1.922    -2.014    -2.052    -2.071    -2.096    -2.118    -2.121    -2.031
    21.75    39.75    2088    -1.794    -1.623    -1.387    -1.862    -2.037    -2.054    -2.066    -2.077    -2.087    -2.108    -2.080    -1.240
    21.75    39.75    2089    -0.462    -0.348    -0.356    -0.416    -0.501    -0.680    -0.778    -0.872    -0.963    -1.007    -0.930    -0.404
    21.75    39.75    2090    -0.252    -0.204    -0.204    -0.251    -0.374    -0.594    -0.733    -0.843    -0.905    -0.953    -0.976    -0.863
    21.75    39.75    2091    -0.609    -0.390    -0.315    -0.323    -0.549    -0.869    -1.029    -1.148    -1.213    -1.241    -1.172    -1.146
    21.75    39.75    2092    -0.981    -0.565    -0.377    -0.529    -0.978    -1.203    -1.294    -1.364    -1.431    -1.459    -1.460    -1.003
    21.75    39.75    2093    -0.395    -0.290    -0.294    -0.365    -0.580    -1.065    -1.364    -1.539    -1.632    -1.696    -1.160    -0.467
    21.75    39.75    2094    -0.286    -0.238    -0.201    -0.238    -0.414    -0.903    -1.307    -1.625    -1.844    -1.967    -2.005    -1.727
    21.75    39.75    2095    -0.809    -0.394    -0.448    -0.679    -1.391    -1.962    -2.039    -2.070    -2.088    -2.106    -1.916    -1.163
    21.75    39.75    2096    -0.546    -0.371    -0.352    -0.549    -1.308    -1.971    -2.067    -2.093    -2.097    -2.109    -1.977    -1.346
    21.75    39.75    2097    -0.727    -0.419    -0.340    -0.406    -0.788    -1.712    -2.056    -2.089    -2.096    -2.100    -1.949    -1.313
    21.75    39.75    2098    -0.663    -0.483    -0.424    -0.697    -1.625    -2.053    -2.089    -2.099    -2.097    -2.108    -2.026    -1.311
    21.75    39.75    2099    -0.431    -0.325    -0.375    -0.651    -1.443    -1.996    -2.095    -2.107    -2.108    -2.107    -1.961    -0.907
    21.75    39.75    2100    -0.394    -0.312    -0.318    -0.398    -0.627    -1.439    -2.008    -2.093    -2.100    -2.116    -2.083    -2.049
    21.75    39.75    2101    -1.610    -0.799    -0.614    -1.079    -1.980    -2.077    -2.090    -2.097    -2.100    -1.972    -1.754    -1.153
    21.75    39.75    2102    -0.550    -0.339    -0.316    -0.452    -0.824    -1.711    -2.026    -2.098    -2.108    -2.112    -2.046    -1.670
    21.75    39.75    2103    -1.015    -0.636    -0.556    -0.699    -1.546    -2.058    -2.101    -2.110    -2.114    -2.122    -1.449    -0.518
    21.75    39.75    2104    -0.333    -0.247    -0.223    -0.318    -0.648    -1.517    -1.974    -2.078    -2.098    -2.096    -2.045    -1.838
    21.75    39.75    2105    -0.686    -0.371    -0.318    -0.458    -1.176    -1.972    -2.089    -2.099    -2.095    -2.106    -2.117    -1.956
    21.75    39.75    2106    -1.435    -1.014    -0.849    -1.398    -1.921    -2.093    -2.100    -2.103    -2.116    -2.122    -1.927    -1.067
    21.75    39.75    2107    -0.728    -0.599    -0.543    -0.699    -1.569    -2.066    -2.086    -2.093    -2.097    -2.103    -2.083    -1.971
    21.75    39.75    2108    -1.111    -0.632    -0.697    -1.212    -1.999    -2.089    -2.095    -2.098    -2.098    -2.100    -2.097    -1.752
    21.75    39.75    2109    -0.893    -0.570    -0.438    -0.412    -0.461    -0.584    -0.776    -0.922    -0.990    -0.998    -0.962    -0.657
    21.75    39.75    2110    -0.328    -0.233    -0.205    -0.237    -0.320    -0.500    -0.747    -0.890    -0.946    -0.988    -0.903    -0.500
    21.75    39.75    2111    -0.293    -0.212    -0.186    -0.216    -0.300    -0.528    -0.914    -1.137    -1.204    -1.206    -1.128    -0.555
    21.75    39.75    2112    -0.282    -0.222    -0.215    -0.268    -0.444    -0.951    -1.237    -1.327    -1.353    -1.379    -1.381    -0.911
    21.75    39.75    2113    -0.504    -0.335    -0.333    -0.466    -0.978    -1.343    -1.457    -1.586    -1.631    -1.652    -1.651    -1.502
    21.75    39.75    2114    -1.013    -0.723    -0.716    -0.873    -1.093    -1.458    -1.585    -1.719    -1.902    -1.955    -1.609    -0.757
    21.75    39.75    2115    -0.318    -0.194    -0.178    -0.190    -0.257    -0.433    -0.937    -1.642    -1.969    -1.969    -1.320    -0.528
    21.75    39.75    2116    -0.353    -0.233    -0.169    -0.173    -0.263    -0.552    -1.346    -1.965    -2.055    -2.069    -1.961    -1.669
    21.75    39.75    2117    -0.915    -0.885    -1.218    -1.519    -1.977    -2.040    -2.077    -2.090    -2.097    -2.107    -2.104    -2.038
    21.75    39.75    2118    -1.921    -1.833    -1.752    -2.052    -2.084    -2.090    -2.100    -2.106    -2.118    -2.127    -2.076    -1.494
    21.75    39.75    2119    -0.600    -0.382    -0.395    -0.439    -0.594    -0.898    -1.109    -1.175    -1.207    -1.217    -0.999    -0.469
    21.75    39.75    2120    -0.268    -0.212    -0.214    -0.280    -0.491    -0.875    -1.095    -1.130    -1.140    -1.150    -1.139    -1.101
    21.75    39.75    2121    -0.869    -0.566    -0.484    -0.506    -0.980    -1.175    -1.280    -1.451    -1.500    -1.511    -1.497    -1.451
    21.75    39.75    2122    -1.322    -0.784    -0.531    -0.792    -1.437    -1.517    -1.540    -1.565    -1.573    -1.554    -1.498    -1.029
    21.75    39.75    2123    -0.544    -0.398    -0.421    -0.558    -0.997    -1.561    -1.631    -1.697    -1.753    -1.776    -1.228    -0.484
    21.75    39.75    2124    -0.291    -0.248    -0.226    -0.247    -0.420    -0.898    -1.490    -1.855    -1.969    -1.999    -1.986    -1.162
    21.75    39.75    2125    -0.384    -0.280    -0.305    -0.434    -0.816    -1.672    -1.957    -2.026    -2.065    -2.043    -1.905    -1.086
    21.75    39.75    2126    -0.435    -0.264    -0.268    -0.372    -0.880    -1.722    -2.033    -2.074    -2.087    -2.100    -1.897    -1.646
    21.75    39.75    2127    -0.937    -0.376    -0.294    -0.356    -0.706    -1.707    -2.061    -2.089    -2.096    -2.100    -2.052    -1.237
    21.75    39.75    2128    -0.608    -0.408    -0.425    -0.725    -1.774    -2.082    -2.094    -2.099    -2.098    -2.111    -2.093    -1.225
    21.75    39.75    2129    -0.517    -0.333    -0.394    -0.722    -1.590    -2.071    -2.098    -2.106    -2.110    -2.116    -1.672    -0.751
    21.75    39.75    2130    -0.462    -0.362    -0.375    -0.435    -0.676    -1.551    -2.072    -2.093    -2.100    -2.095    -2.051    -2.003
