      Lon      Lat    Year       Jan       Feb       Mar       Apr       May       Jun       Jul       Aug       Sep       Oct       Nov       Dec
     9.75    49.75    1980    -0.306    -0.272    -0.223    -0.595    -0.813    -0.451    -0.630    -0.613    -0.706    -0.772    -0.583    -0.437
     9.75    49.75    1981    -0.216    -0.226    -0.341    -0.495    -1.304    -2.774    -2.472    -1.395    -0.442    -0.327    -0.267    -0.271
     9.75    49.75    1982    -0.180    -0.184    -0.209    -0.261    -1.098    -2.058    -0.927    -0.590    -0.302    -0.428    -0.335    -0.196
     9.75    49.75    1983    -0.171    -0.205    -0.446    -0.750    -1.108    -0.723    -0.676    -1.317    -2.015    -1.803    -0.338    -0.185
     9.75    49.75    1984    -0.197    -0.236    -0.311    -0.379    -0.515    -0.424    -1.613    -1.692    -1.712    -1.878    -0.502    -0.198
     9.75    49.75    1985    -0.192    -0.177    -0.237    -0.483    -0.834    -0.817    -1.131    -0.917    -0.770    -0.481    -0.269    -0.185
     9.75    49.75    1986    -0.188    -0.188    -0.195    -0.195    -0.948    -2.063    -1.619    -2.285    -0.828    -0.233    -0.199    -0.195
     9.75    49.75    1987    -0.191    -0.193    -0.217    -0.433    -0.452    -0.382    -0.994    -1.230    -0.550    -0.588    -0.411    -0.339
     9.75    49.75    1988    -0.204    -0.234    -0.353    -1.092    -1.583    -2.171    -1.591    -2.789    -2.468    -2.935    -1.254    -0.484
     9.75    49.75    1989    -0.230    -0.204    -0.210    -0.330    -0.341    -0.786    -1.130    -1.548    -0.816    -0.781    -0.258    -0.216
     9.75    49.75    1990    -0.182    -0.192    -0.196    -0.263    -0.571    -0.862    -1.221    -1.502    -2.164    -1.575    -0.707    -0.265
     9.75    49.75    1991    -0.191    -0.197    -0.236    -0.521    -0.750    -0.598    -1.315    -1.940    -2.664    -1.575    -0.460    -0.193
     9.75    49.75    1992    -0.186    -0.203    -0.244    -0.327    -1.122    -0.771    -1.111    -1.468    -1.840    -1.654    -0.491    -0.228
     9.75    49.75    1993    -0.232    -0.228    -0.177    -0.461    -1.173    -1.264    -1.793    -1.759    -0.459    -0.290    -0.260    -0.221
     9.75    49.75    1994    -0.194    -0.202    -0.219    -0.459    -1.136    -1.810    -2.503    -1.999    -1.561    -1.705    -0.342    -0.187
     9.75    49.75    1995    -0.199    -0.202    -0.201    -0.345    -0.503    -1.560    -1.246    -0.410    -1.202    -0.925    -0.246    -0.185
     9.75    49.75    1996    -0.181    -0.204    -0.275    -0.599    -1.597    -1.672    -1.249    -0.617    -0.815    -0.529    -0.292    -0.306
     9.75    49.75    1997    -0.280    -0.286    -0.224    -0.460    -0.521    -0.436    -0.848    -1.279    -0.805    -0.675    -0.429    -0.262
     9.75    49.75    1998    -0.221    -0.232    -0.254    -0.858    -1.487    -0.937    -2.104    -2.403    -0.568    -0.642    -0.633    -0.327
     9.75    49.75    1999    -0.184    -0.222    -0.320    -0.653    -1.810    -0.775    -2.566    -2.804    -2.740    -2.267    -0.643    -0.263
     9.75    49.75    2000    -0.176    -0.210    -0.368    -0.848    -1.773    -1.486    -0.938    -1.589    -0.983    -1.375    -0.332    -0.221
     9.75    49.75    2001    -0.198    -0.198    -0.193    -0.567    -0.898    -1.108    -1.609    -0.874    -1.845    -1.668    -0.547    -0.202
     9.75    49.75    2002    -0.178    -0.184    -0.447    -0.576    -0.480    -2.616    -3.120    -1.864    -0.657    -0.808    -0.805    -0.384
     9.75    49.75    2003    -0.175    -0.175    -0.232    -0.533    -0.644    -1.209    -0.688    -0.571    -0.719    -0.881    -0.455    -0.198
     9.75    49.75    2004    -0.203    -0.213    -0.342    -0.595    -0.535    -0.769    -1.975    -1.389    -0.819    -0.594    -0.366    -0.208
     9.75    49.75    2005    -0.238    -0.193    -0.377    -0.667    -0.776    -1.198    -1.566    -1.730    -1.625    -1.681    -0.271    -0.178
     9.75    49.75    2006    -0.193    -0.181    -0.313    -1.673    -2.057    -2.825    -1.471    -2.109    -1.679    -0.833    -0.187    -0.184
     9.75    49.75    2007    -0.181    -0.172    -0.228    -0.541    -1.074    -1.861    -2.227    -1.575    -1.255    -0.873    -0.351    -0.313
     9.75    49.75    2008    -0.200    -0.231    -0.291    -0.394    -0.871    -2.674    -1.694    -1.287    -0.764    -0.761    -0.214    -0.181
     9.75    49.75    2009    -0.179    -0.197    -0.234    -0.513    -2.289    -2.214    -1.106    -1.297    -1.729    -0.925    -0.341    -0.260
     9.75    49.75    2010    -0.179    -0.175    -0.501    -1.778    -3.128    -3.035    -3.103    -2.375    -0.519    -0.473    -0.407    -0.196
     9.75    49.75    2011    -0.174    -0.171    -0.388    -1.132    -1.773    -1.670    -2.412    -2.439    -2.708    -1.059    -0.719    -0.298
     9.75    49.75    2012    -0.226    -0.200    -0.343    -0.463    -0.396    -0.646    -1.035    -1.371    -0.684    -0.517    -0.422    -0.180
     9.75    49.75    2013    -0.181    -0.203    -0.295    -0.468    -0.681    -0.563    -0.544    -0.857    -2.484    -2.028    -0.679    -0.234
     9.75    49.75    2014    -0.178    -0.180    -0.228    -0.501    -0.776    -0.620    -0.612    -1.442    -1.154    -1.128    -0.757    -0.328
     9.75    49.75    2015    -0.270    -0.202    -0.260    -0.846    -2.038    -2.539    -1.366    -0.601    -1.191    -2.923    -0.731    -0.186
     9.75    49.75    2016    -0.187    -0.227    -0.416    -0.336    -0.440    -0.921    -1.358    -1.859    -0.474    -0.431    -0.476    -0.333
     9.75    49.75    2017    -0.234    -0.231    -0.481    -0.515    -0.970    -1.928    -2.334    -3.113    -3.171    -1.257    -0.220    -0.178
     9.75    49.75    2018    -0.176    -0.182    -0.319    -0.855    -0.837    -1.626    -2.614    -2.856    -2.969    -0.502    -0.288    -0.191
     9.75    49.75    2019    -0.173    -0.176    -0.213    -0.639    -1.893    -1.339    -2.496    -2.714    -2.767    -1.457    -0.454    -0.186
     9.75    49.75    2020    -0.215    -0.225    -0.290    -0.516    -1.202    -2.247    -2.374    -0.915    -2.379    -1.404    -0.234    -0.182
     9.75    49.75    2021    -0.172    -0.172    -0.182    -0.683    -1.529    -0.754    -2.061    -2.515    -2.852    -2.454    -1.620    -0.773
     9.75    49.75    2022    -0.768    -0.343    -0.323    -0.813    -1.710    -0.875    -2.252    -2.397    -2.771    -3.014    -1.680    -0.591
     9.75    49.75    2023    -0.344    -0.271    -0.318    -0.311    -0.492    -1.850    -3.192    -2.448    -3.173    -2.960    -0.711    -0.206
     9.75    49.75    2024    -0.208    -0.201    -0.230    -0.357    -1.080    -2.075    -2.177    -1.985    -2.843    -0.985    -0.188    -0.190
     9.75    49.75    2025    -0.226    -0.256    -0.291    -0.470    -1.952    -3.210    -3.169    -2.802    -3.119    -3.097    -0.979    -0.199
     9.75    49.75    2026    -0.183    -0.184    -0.274    -0.382    -1.335    -0.887    -1.522    -2.209    -2.847    -1.500    -0.381    -0.194
     9.75    49.75    2027    -0.181    -0.175    -0.330    -0.447    -0.668    -0.358    -0.998    -1.356    -2.635    -2.249    -0.401    -0.184
     9.75    49.75    2028    -0.183    -0.188    -0.241    -0.298    -1.074    -1.562    -2.451    -2.569    -1.137    -1.042    -0.713    -0.364
     9.75    49.75    2029    -0.311    -0.221    -0.410    -0.557    -1.889    -2.443    -2.996    -2.239    -1.786    -1.516    -1.010    -0.932
     9.75    49.75    2030    -0.940    -0.867    -0.288    -0.349    -0.473    -0.863    -1.324    -1.780    -1.766    -1.509    -0.953    -0.360
     9.75    49.75    2031    -0.313    -0.324    -0.373    -0.786    -1.433    -2.293    -2.661    -2.944    -2.697    -2.355    -0.714    -0.335
     9.75    49.75    2032    -0.289    -0.293    -0.419    -1.044    -2.122    -0.708    -2.579    -3.000    -2.815    -2.482    -0.969    -0.211
     9.75    49.75    2033    -0.178    -0.191    -0.336    -1.255    -2.784    -1.705    -2.828    -2.649    -2.780    -2.957    -1.154    -0.230
     9.75    49.75    2034    -0.187    -0.187    -0.269    -1.572    -1.939    -1.222    -1.118    -1.775    -1.323    -1.323    -0.493    -0.233
     9.75    49.75    2035    -0.188    -0.186    -0.298    -0.555    -1.782    -2.483    -2.775    -0.601    -1.336    -2.672    -1.179    -0.255
     9.75    49.75    2036    -0.181    -0.187    -0.257    -0.499    -2.378    -2.905    -2.990    -1.744    -2.324    -1.073    -0.246    -0.195
     9.75    49.75    2037    -0.181    -0.182    -0.397    -1.825    -2.689    -2.611    -2.067    -1.357    -1.026    -1.109    -0.838    -0.244
     9.75    49.75    2038    -0.206    -0.233    -0.411    -0.639    -0.921    -0.739    -1.488    -1.935    -1.258    -0.664    -0.372    -0.247
     9.75    49.75    2039    -0.178    -0.254    -0.664    -0.847    -1.033    -1.757    -2.473    -2.224    -1.939    -0.888    -0.722    -0.370
     9.75    49.75    2040    -0.250    -0.208    -0.384    -0.781    -1.912    -1.275    -2.727    -3.182    -1.162    -0.431    -0.361    -0.209
     9.75    49.75    2041    -0.202    -0.243    -0.397    -0.757    -1.722    -0.394    -0.619    -1.181    -1.635    -1.238    -0.323    -0.207
     9.75    49.75    2042    -0.201    -0.183    -0.232    -0.399    -1.714    -2.713    -2.790    -2.711    -2.950    -3.020    -1.539    -0.232
     9.75    49.75    2043    -0.233    -0.218    -0.270    -1.668    -3.092    -1.312    -1.342    -1.362    -0.542    -0.976    -0.577    -0.398
     9.75    49.75    2044    -0.410    -0.409    -0.285    -0.738    -2.319    -3.040    -2.544    -2.322    -2.503    -2.277    -0.985    -0.364
     9.75    49.75    2045    -0.224    -0.196    -0.241    -0.556    -0.849    -1.602    -1.613    -2.826    -3.098    -2.791    -0.865    -0.373
     9.75    49.75    2046    -0.294    -0.263    -0.296    -0.473    -0.499    -1.046    -2.053    -1.098    -0.693    -0.519    -0.270    -0.181
     9.75    49.75    2047    -0.194    -0.198    -0.185    -0.284    -0.472    -1.863    -2.135    -1.848    -2.031    -1.521    -0.596    -0.262
     9.75    49.75    2048    -0.180    -0.181    -0.257    -1.140    -2.313    -3.125    -2.749    -2.713    -3.154    -1.468    -0.237    -0.178
     9.75    49.75    2049    -0.196    -0.196    -0.338    -0.621    -0.855    -1.176    -1.035    -1.528    -1.048    -0.756    -0.494    -0.254
     9.75    49.75    2050    -0.227    -0.228    -0.189    -0.394    -0.460    -1.284    -2.889    -2.582    -2.502    -2.412    -0.457    -0.212
     9.75    49.75    2051    -0.200    -0.214    -0.289    -0.562    -1.712    -2.907    -3.084    -3.029    -1.918    -2.481    -1.416    -0.351
     9.75    49.75    2052    -0.251    -0.248    -0.368    -1.454    -2.584    -2.698    -3.177    -2.223    -2.625    -1.339    -0.578    -0.241
     9.75    49.75    2053    -0.217    -0.216    -0.230    -1.023    -2.922    -2.931    -1.850    -0.634    -1.033    -1.547    -0.623    -0.324
     9.75    49.75    2054    -0.224    -0.195    -0.387    -0.593    -2.361    -0.973    -2.275    -3.016    -3.298    -1.149    -0.370    -0.189
     9.75    49.75    2055    -0.193    -0.233    -0.410    -1.909    -2.133    -1.008    -1.276    -0.692    -0.739    -1.623    -0.435    -0.233
     9.75    49.75    2056    -0.228    -0.225    -0.447    -1.334    -1.331    -1.263    -1.209    -1.434    -2.014    -2.953    -1.427    -0.280
     9.75    49.75    2057    -0.187    -0.236    -0.270    -0.997    -2.443    -2.210    -1.594    -1.443    -1.162    -1.829    -2.634    -2.040
     9.75    49.75    2058    -0.567    -0.213    -0.386    -0.976    -2.723    -3.055    -2.419    -1.013    -1.005    -2.648    -1.035    -0.308
     9.75    49.75    2059    -0.174    -0.193    -0.351    -0.732    -0.969    -1.388    -2.794    -1.446    -2.814    -2.168    -0.743    -0.283
     9.75    49.75    2060    -0.217    -0.270    -0.323    -1.297    -1.999    -1.382    -1.025    -2.421    -3.043    -1.781    -0.308    -0.191
     9.75    49.75    2061    -0.176    -0.218    -0.295    -0.807    -2.869    -2.788    -2.663    -2.756    -2.845    -2.500    -2.099    -0.984
     9.75    49.75    2062    -0.180    -0.254    -0.454    -0.758    -0.684    -0.913    -2.040    -2.559    -2.835    -2.349    -0.962    -0.242
     9.75    49.75    2063    -0.185    -0.206    -0.363    -0.721    -1.769    -0.546    -1.342    -0.587    -1.127    -1.699    -0.600    -0.233
     9.75    49.75    2064    -0.203    -0.203    -0.316    -1.718    -3.108    -2.006    -2.735    -1.015    -2.416    -3.185    -1.195    -0.260
     9.75    49.75    2065    -0.177    -0.178    -0.328    -0.680    -2.212    -1.903    -2.810    -2.868    -2.183    -2.175    -0.817    -0.210
     9.75    49.75    2066    -0.215    -0.210    -0.358    -0.734    -2.614    -3.048    -2.867    -1.018    -1.208    -0.901    -0.626    -0.313
     9.75    49.75    2067    -0.212    -0.213    -0.333    -2.384    -2.876    -1.587    -2.758    -2.274    -2.912    -2.998    -1.274    -0.350
     9.75    49.75    2068    -0.183    -0.173    -0.282    -1.822    -3.283    -1.325    -2.223    -3.111    -2.615    -2.341    -1.110    -0.466
     9.75    49.75    2069    -0.356    -0.335    -0.376    -0.350    -1.182    -2.041    -2.547    -2.506    -2.936    -2.862    -1.151    -0.399
     9.75    49.75    2070    -0.269    -0.209    -0.525    -0.560    -0.589    -2.529    -2.790    -2.607    -3.001    -1.218    -0.486    -0.249
     9.75    49.75    2071    -0.229    -0.226    -0.250    -1.418    -3.018    -2.371    -1.847    -2.158    -2.199    -0.747    -0.265    -0.176
     9.75    49.75    2072    -0.197    -0.190    -0.271    -0.454    -0.808    -2.132    -2.649    -2.867    -2.827    -0.692    -0.173    -0.174
     9.75    49.75    2073    -0.193    -0.207    -0.302    -0.618    -2.072    -2.580    -0.885    -0.801    -1.725    -2.586    -0.943    -0.250
     9.75    49.75    2074    -0.193    -0.209    -0.333    -0.551    -0.815    -2.381    -2.631    -1.748    -0.978    -0.592    -0.241    -0.181
     9.75    49.75    2075    -0.179    -0.181    -0.284    -0.361    -1.942    -2.759    -2.992    -2.675    -1.528    -2.351    -0.500    -0.212
     9.75    49.75    2076    -0.181    -0.183    -0.392    -0.450    -0.528    -2.188    -3.209    -2.270    -2.898    -2.524    -0.352    -0.187
     9.75    49.75    2077    -0.218    -0.214    -0.437    -0.700    -1.188    -2.748    -1.212    -1.241    -1.948    -0.438    -0.215    -0.201
     9.75    49.75    2078    -0.208    -0.233    -0.491    -1.683    -3.058    -3.284    -3.233    -3.196    -3.015    -2.365    -0.566    -0.175
     9.75    49.75    2079    -0.185    -0.249    -0.336    -1.807    -3.171    -3.196    -2.857    -3.273    -3.209    -2.660    -0.662    -0.176
     9.75    49.75    2080    -0.180    -0.190    -0.347    -0.714    -0.788    -0.835    -1.678    -2.021    -2.854    -1.830    -0.617    -0.344
     9.75    49.75    2081    -0.291    -0.268    -0.463    -1.152    -3.032    -1.471    -1.932    -2.579    -2.132    -0.970    -0.249    -0.181
     9.75    49.75    2082    -0.185    -0.254    -0.516    -1.404    -2.053    -3.016    -2.702    -3.144    -3.224    -1.468    -0.408    -0.231
     9.75    49.75    2083    -0.182    -0.189    -0.306    -0.293    -0.537    -2.486    -3.227    -2.234    -2.554    -3.166    -1.832    -0.304
     9.75    49.75    2084    -0.180    -0.195    -0.279    -2.035    -2.356    -2.957    -3.044    -2.272    -2.575    -0.871    -0.642    -0.215
     9.75    49.75    2085    -0.186    -0.193    -0.377    -0.674    -1.853    -2.159    -3.008    -2.659    -3.087    -2.800    -0.715    -0.293
     9.75    49.75    2086    -0.257    -0.278    -1.036    -2.497    -1.231    -2.930    -2.727    -2.979    -2.886    -1.673    -0.901    -0.223
     9.75    49.75    2087    -0.219    -0.308    -0.769    -0.966    -2.320    -3.159    -3.062    -2.952    -3.158    -1.697    -1.286    -0.257
     9.75    49.75    2088    -0.200    -0.289    -0.576    -0.478    -0.960    -2.969    -3.112    -1.359    -1.186    -1.243    -0.670    -0.212
     9.75    49.75    2089    -0.187    -0.323    -1.000    -2.005    -3.075    -2.168    -2.621    -1.361    -0.920    -2.091    -1.044    -0.295
     9.75    49.75    2090    -0.258    -0.227    -0.727    -2.814    -3.233    -3.261    -3.105    -3.124    -3.078    -0.660    -0.186    -0.181
     9.75    49.75    2091    -0.180    -0.183    -0.240    -0.488    -1.974    -2.696    -3.253    -2.472    -3.189    -2.510    -0.680    -0.256
     9.75    49.75    2092    -0.208    -0.231    -0.519    -0.651    -2.251    -2.787    -3.271    -3.170    -1.378    -0.999    -0.866    -0.454
     9.75    49.75    2093    -0.232    -0.205    -0.392    -2.232    -3.310    -2.972    -2.325    -2.385    -2.245    -2.568    -1.449    -0.312
     9.75    49.75    2094    -0.187    -0.273    -0.536    -0.742    -1.106    -2.701    -2.911    -2.188    -2.676    -2.906    -0.571    -0.250
     9.75    49.75    2095    -0.219    -0.183    -0.673    -1.696    -1.866    -1.413    -3.273    -3.229    -3.328    -2.213    -0.556    -0.174
     9.75    49.75    2096    -0.180    -0.193    -0.590    -2.074    -3.292    -2.119    -3.010    -3.223    -2.644    -0.966    -0.174    -0.175
     9.75    49.75    2097    -0.177    -0.184    -0.389    -1.479    -3.117    -3.079    -3.274    -2.536    -3.272    -2.794    -1.395    -0.241
     9.75    49.75    2098    -0.182    -0.181    -0.249    -0.758    -3.034    -3.306    -2.359    -0.916    -1.087    -1.854    -0.291    -0.176
     9.75    49.75    2099    -0.183    -0.198    -0.683    -1.671    -1.496    -3.223    -3.196    -3.127    -1.901    -1.001    -0.373    -0.189
     9.75    49.75    2100    -0.182    -0.220    -0.294    -0.641    -1.941    -3.245    -3.166    -3.029    -3.147    -1.810    -0.338    -0.242
     9.75    49.75    2101    -0.229    -0.256    -0.287    -1.884    -3.252    -1.381    -2.555    -2.601    -1.534    -0.832    -0.328    -0.194
     9.75    49.75    2102    -0.183    -0.213    -0.314    -0.411    -0.880    -2.655    -3.130    -2.899    -2.416    -1.006    -0.173    -0.171
     9.75    49.75    2103    -0.183    -0.212    -0.291    -0.674    -1.317    -2.998    -1.169    -1.443    -0.965    -2.083    -1.025    -0.252
     9.75    49.75    2104    -0.222    -0.210    -0.355    -0.578    -0.849    -2.849    -2.827    -1.002    -2.489    -0.549    -0.211    -0.175
     9.75    49.75    2105    -0.177    -0.179    -0.301    -0.412    -1.843    -3.045    -3.126    -2.114    -2.003    -1.858    -0.507    -0.199
     9.75    49.75    2106    -0.194    -0.190    -0.325    -0.463    -0.562    -2.020    -3.237    -2.431    -3.318    -1.651    -0.296    -0.178
     9.75    49.75    2107    -0.223    -0.223    -0.392    -0.786    -1.241    -2.503    -1.380    -1.621    -1.014    -0.542    -0.243    -0.199
     9.75    49.75    2108    -0.198    -0.235    -0.480    -1.867    -3.047    -3.323    -3.242    -3.180    -2.810    -2.837    -0.627    -0.171
     9.75    49.75    2109    -0.182    -0.225    -0.326    -1.871    -3.275    -3.102    -2.786    -3.320    -3.264    -2.595    -1.219    -0.243
     9.75    49.75    2110    -0.202    -0.254    -0.369    -0.669    -1.019    -0.561    -2.435    -1.553    -3.117    -2.170    -0.570    -0.353
     9.75    49.75    2111    -0.254    -0.262    -0.598    -1.244    -3.121    -1.289    -1.886    -2.971    -2.106    -1.011    -0.234    -0.177
     9.75    49.75    2112    -0.179    -0.247    -0.453    -0.972    -2.044    -2.944    -3.078    -3.224    -3.307    -2.179    -0.371    -0.199
     9.75    49.75    2113    -0.182    -0.187    -0.279    -0.285    -0.732    -2.206    -3.218    -2.131    -1.802    -3.248    -1.492    -0.363
     9.75    49.75    2114    -0.175    -0.183    -0.253    -2.063    -2.229    -2.913    -3.237    -2.510    -2.422    -0.991    -0.691    -0.211
     9.75    49.75    2115    -0.195    -0.207    -0.507    -0.761    -1.463    -2.377    -2.792    -2.491    -3.205    -2.772    -0.755    -0.226
     9.75    49.75    2116    -0.228    -0.328    -1.067    -2.084    -1.202    -3.050    -2.503    -3.228    -2.393    -1.867    -0.738    -0.234
     9.75    49.75    2117    -0.248    -0.333    -1.040    -0.658    -2.697    -3.249    -3.208    -3.038    -2.805    -2.388    -1.346    -0.238
     9.75    49.75    2118    -0.187    -0.264    -0.592    -0.571    -1.170    -2.834    -3.184    -0.980    -1.843    -2.133    -1.179    -0.241
     9.75    49.75    2119    -0.195    -0.358    -1.047    -1.985    -3.102    -2.565    -2.550    -1.096    -1.190    -1.494    -0.778    -0.358
     9.75    49.75    2120    -0.208    -0.213    -0.630    -2.892    -3.290    -3.299    -3.035    -3.196    -3.257    -0.790    -0.236    -0.174
     9.75    49.75    2121    -0.176    -0.179    -0.280    -0.528    -1.786    -3.064    -3.212    -2.732    -2.654    -2.232    -0.574    -0.216
     9.75    49.75    2122    -0.187    -0.215    -0.468    -0.552    -1.892    -2.709    -3.112    -3.215    -1.985    -0.868    -0.981    -0.528
     9.75    49.75    2123    -0.187    -0.195    -0.413    -2.277    -3.290    -2.373    -2.459    -2.688    -2.318    -2.827    -1.504    -0.267
     9.75    49.75    2124    -0.201    -0.262    -0.535    -0.639    -1.120    -2.368    -2.891    -1.612    -2.796    -2.982    -0.821    -0.249
     9.75    49.75    2125    -0.192    -0.193    -0.720    -1.423    -1.925    -2.230    -3.088    -3.219    -3.351    -1.410    -0.283    -0.174
     9.75    49.75    2126    -0.185    -0.198    -0.549    -1.891    -3.355    -2.114    -2.439    -3.279    -2.659    -0.537    -0.180    -0.179
     9.75    49.75    2127    -0.177    -0.186    -0.393    -2.112    -2.795    -3.020    -3.099    -2.563    -3.294    -2.486    -0.749    -0.234
     9.75    49.75    2128    -0.175    -0.196    -0.250    -0.618    -2.914    -3.205    -2.057    -2.116    -0.778    -1.082    -0.325    -0.176
     9.75    49.75    2129    -0.183    -0.184    -0.820    -1.221    -2.603    -2.660    -3.246    -2.966    -2.262    -0.741    -0.266    -0.175
     9.75    49.75    2130    -0.188    -0.257    -0.344    -0.613    -1.549    -3.231    -3.261    -3.153    -3.134    -2.281    -0.339    -0.209
    13.75    55.75    1980    -0.145    -0.146    -0.174    -0.311    -1.555    -2.345    -2.979    -3.126    -0.822    -0.188    -0.158    -0.158
    13.75    55.75    1981    -0.141    -0.156    -0.228    -0.395    -1.299    -2.333    -2.666    -3.298    -2.368    -0.568    -0.144    -0.142
    13.75    55.75    1982    -0.145    -0.149    -0.198    -0.331    -0.699    -1.136    -3.214    -2.957    -1.891    -0.287    -0.193    -0.142
    13.75    55.75    1983    -0.141    -0.141    -0.214    -0.398    -1.022    -1.594    -2.459    -3.289    -2.964    -1.072    -0.250    -0.141
    13.75    55.75    1984    -0.142    -0.160    -0.219    -0.329    -0.416    -1.039    -0.671    -0.367    -0.420    -0.287    -0.142    -0.142
    13.75    55.75    1985    -0.140    -0.142    -0.144    -0.164    -0.293    -0.556    -0.610    -0.259    -0.320    -0.152    -0.142    -0.141
    13.75    55.75    1986    -0.141    -0.142    -0.143    -0.145    -0.388    -1.501    -2.675    -0.576    -0.210    -0.152    -0.145    -0.141
    13.75    55.75    1987    -0.145    -0.145    -0.146    -0.171    -1.161    -1.086    -0.874    -2.840    -0.272    -0.170    -0.153    -0.142
    13.75    55.75    1988    -0.141    -0.153    -0.219    -0.440    -0.925    -2.605    -2.928    -2.484    -1.468    -0.752    -0.383    -0.160
    13.75    55.75    1989    -0.143    -0.145    -0.148    -0.252    -0.560    -2.364    -2.207    -2.376    -1.323    -0.297    -0.153    -0.146
    13.75    55.75    1990    -0.142    -0.161    -0.161    -0.197    -0.648    -0.385    -1.841    -1.573    -0.314    -0.356    -0.216    -0.143
    13.75    55.75    1991    -0.140    -0.141    -0.164    -0.361    -0.884    -3.094    -2.694    -0.299    -0.230    -0.179    -0.144    -0.141
    13.75    55.75    1992    -0.142    -0.155    -0.170    -0.297    -0.502    -0.654    -1.448    -3.179    -1.918    -1.234    -0.321    -0.142
    13.75    55.75    1993    -0.142    -0.140    -0.144    -0.349    -0.732    -1.452    -0.584    -0.481    -0.537    -0.349    -0.172    -0.181
    13.75    55.75    1994    -0.164    -0.150    -0.160    -0.358    -0.971    -1.044    -0.754    -0.367    -0.378    -0.182    -0.146    -0.143
    13.75    55.75    1995    -0.145    -0.145    -0.162    -0.315    -0.775    -0.974    -2.445    -2.965    -1.994    -0.399    -0.165    -0.143
    13.75    55.75    1996    -0.142    -0.153    -0.182    -0.273    -0.797    -2.266    -2.916    -1.419    -1.069    -0.245    -0.149    -0.144
    13.75    55.75    1997    -0.146    -0.149    -0.152    -0.245    -1.208    -1.869    -1.037    -0.969    -0.348    -0.247    -0.163    -0.144
    13.75    55.75    1998    -0.145    -0.170    -0.240    -0.514    -1.310    -0.680    -1.907    -2.877    -0.749    -0.583    -0.309    -0.181
    13.75    55.75    1999    -0.154    -0.155    -0.184    -0.343    -0.560    -2.258    -2.722    -2.214    -0.501    -0.173    -0.165    -0.143
    13.75    55.75    2000    -0.142    -0.153    -0.203    -0.534    -2.245    -2.597    -3.152    -3.181    -0.939    -0.342    -0.156    -0.144
    13.75    55.75    2001    -0.146    -0.148    -0.152    -0.233    -0.414    -0.540    -0.586    -0.355    -0.198    -0.204    -0.152    -0.141
    13.75    55.75    2002    -0.143    -0.143    -0.226    -0.273    -0.478    -2.765    -2.684    -1.090    -0.241    -0.193    -0.177    -0.147
    13.75    55.75    2003    -0.146    -0.148    -0.152    -0.224    -0.502    -2.083    -1.573    -0.700    -0.702    -0.157    -0.148    -0.142
    13.75    55.75    2004    -0.143    -0.149    -0.188    -0.330    -0.626    -0.633    -0.185    -0.599    -1.046    -0.950    -0.179    -0.145
    13.75    55.75    2005    -0.146    -0.160    -0.260    -0.487    -1.504    -0.552    -2.579    -3.024    -1.710    -0.469    -0.143    -0.142
    13.75    55.75    2006    -0.141    -0.141    -0.167    -0.497    -2.505    -3.041    -3.360    -2.694    -0.639    -0.173    -0.152    -0.145
    13.75    55.75    2007    -0.144    -0.144    -0.148    -0.247    -0.473    -1.547    -2.457    -0.894    -0.438    -0.227    -0.169    -0.142
    13.75    55.75    2008    -0.146    -0.149    -0.188    -0.404    -1.088    -3.192    -2.248    -3.220    -1.471    -0.467    -0.203    -0.144
    13.75    55.75    2009    -0.142    -0.152    -0.209    -0.415    -1.387    -3.114    -1.486    -2.870    -1.393    -0.579    -0.236    -0.141
    13.75    55.75    2010    -0.143    -0.145    -0.239    -0.409    -0.645    -1.226    -0.730    -0.647    -0.518    -0.397    -0.346    -0.176
    13.75    55.75    2011    -0.144    -0.147    -0.249    -0.485    -0.942    -2.230    -0.694    -1.738    -2.350    -1.156    -0.243    -0.148
    13.75    55.75    2012    -0.148    -0.157    -0.265    -0.346    -0.511    -2.505    -2.885    -2.469    -0.806    -0.282    -0.169    -0.144
    13.75    55.75    2013    -0.143    -0.146    -0.159    -0.266    -0.490    -2.217    -1.160    -0.433    -0.603    -0.763    -0.225    -0.141
    13.75    55.75    2014    -0.145    -0.146    -0.142    -0.309    -0.970    -1.919    -3.116    -2.023    -1.124    -0.809    -0.243    -0.166
    13.75    55.75    2015    -0.142    -0.146    -0.164    -0.384    -1.285    -3.201    -2.264    -3.027    -2.630    -2.856    -0.458    -0.151
    13.75    55.75    2016    -0.144    -0.146    -0.251    -0.275    -0.625    -2.632    -3.390    -1.601    -1.641    -0.411    -0.322    -0.181
    13.75    55.75    2017    -0.143    -0.152    -0.256    -0.403    -0.452    -1.109    -2.493    -1.834    -1.515    -0.339    -0.170    -0.142
    13.75    55.75    2018    -0.140    -0.142    -0.240    -0.500    -1.252    -0.658    -2.677    -2.770    -2.892    -0.768    -0.143    -0.141
    13.75    55.75    2019    -0.143    -0.146    -0.167    -0.334    -1.828    -3.290    -1.940    -3.433    -1.179    -0.302    -0.157    -0.142
    13.75    55.75    2020    -0.144    -0.155    -0.227    -0.390    -0.952    -1.262    -2.191    -1.949    -0.584    -0.416    -0.158    -0.142
    13.75    55.75    2021    -0.139    -0.140    -0.148    -0.184    -0.792    -1.688    -2.806    -3.217    -2.950    -2.644    -0.461    -0.175
    13.75    55.75    2022    -0.173    -0.154    -0.207    -0.450    -1.669    -0.192    -0.728    -2.924    -2.760    -0.577    -0.299    -0.170
    13.75    55.75    2023    -0.156    -0.160    -0.208    -0.229    -0.245    -0.320    -0.390    -0.707    -0.378    -0.655    -0.357    -0.142
    13.75    55.75    2024    -0.146    -0.152    -0.190    -0.365    -1.359    -2.296    -2.512    -0.972    -1.777    -0.417    -0.190    -0.141
    13.75    55.75    2025    -0.142    -0.154    -0.179    -0.311    -1.532    -2.074    -2.270    -2.218    -0.644    -0.292    -0.185    -0.140
    13.75    55.75    2026    -0.141    -0.142    -0.216    -0.282    -0.937    -1.679    -2.875    -1.922    -0.808    -0.264    -0.158    -0.143
    13.75    55.75    2027    -0.140    -0.149    -0.227    -0.336    -1.543    -3.260    -0.674    -0.233    -0.320    -0.366    -0.165    -0.145
    13.75    55.75    2028    -0.147    -0.143    -0.153    -0.287    -0.829    -1.205    -0.321    -0.638    -1.163    -0.560    -0.290    -0.184
    13.75    55.75    2029    -0.165    -0.165    -0.157    -0.213    -1.330    -3.263    -2.929    -1.082    -0.368    -0.320    -0.269    -0.207
    13.75    55.75    2030    -0.214    -0.209    -0.193    -0.217    -0.548    -0.438    -0.661    -2.571    -3.137    -0.828    -0.189    -0.145
    13.75    55.75    2031    -0.143    -0.150    -0.217    -0.510    -1.513    -3.099    -2.127    -0.981    -0.887    -0.499    -0.167    -0.144
    13.75    55.75    2032    -0.141    -0.153    -0.236    -0.434    -1.366    -2.889    -3.314    -3.145    -2.059    -0.343    -0.177    -0.140
    13.75    55.75    2033    -0.141    -0.153    -0.194    -0.551    -2.089    -1.712    -0.376    -2.046    -1.319    -0.435    -0.238    -0.140
    13.75    55.75    2034    -0.141    -0.141    -0.145    -0.297    -2.055    -0.283    -1.247    -1.266    -0.378    -0.281    -0.141    -0.141
    13.75    55.75    2035    -0.142    -0.156    -0.237    -0.337    -1.560    -1.453    -0.329    -0.810    -1.691    -1.977    -0.332    -0.143
    13.75    55.75    2036    -0.144    -0.149    -0.170    -0.333    -2.054    -2.001    -2.907    -1.564    -0.906    -0.204    -0.143    -0.143
    13.75    55.75    2037    -0.142    -0.154    -0.191    -0.428    -1.746    -1.726    -0.594    -1.519    -1.762    -0.424    -0.167    -0.141
    13.75    55.75    2038    -0.142    -0.158    -0.229    -0.419    -1.373    -1.483    -0.192    -0.903    -1.817    -1.139    -0.256    -0.142
    13.75    55.75    2039    -0.141    -0.167    -0.289    -0.307    -1.238    -1.301    -2.388    -1.480    -1.194    -0.423    -0.283    -0.149
    13.75    55.75    2040    -0.141    -0.148    -0.260    -0.595    -1.899    -2.878    -1.629    -2.327    -0.597    -0.232    -0.150    -0.142
    13.75    55.75    2041    -0.143    -0.165    -0.304    -0.696    -2.411    -3.116    -2.331    -1.897    -0.454    -0.181    -0.143    -0.143
    13.75    55.75    2042    -0.145    -0.154    -0.183    -0.454    -1.765    -0.626    -0.442    -0.532    -0.263    -0.247    -0.146    -0.142
    13.75    55.75    2043    -0.140    -0.141    -0.147    -0.334    -1.382    -2.875    -3.319    -2.267    -1.485    -0.657    -0.392    -0.163
    13.75    55.75    2044    -0.143    -0.167    -0.256    -0.605    -1.544    -0.533    -0.369    -0.345    -0.299    -0.299    -0.200    -0.141
    13.75    55.75    2045    -0.146    -0.148    -0.200    -0.338    -0.466    -1.584    -3.177    -3.162    -3.268    -1.301    -0.283    -0.176
    13.75    55.75    2046    -0.153    -0.152    -0.235    -0.383    -0.417    -2.109    -1.267    -0.997    -2.991    -0.774    -0.193    -0.141
    13.75    55.75    2047    -0.146    -0.152    -0.156    -0.191    -0.599    -1.177    -2.743    -3.274    -1.346    -0.602    -0.208    -0.140
    13.75    55.75    2048    -0.143    -0.141    -0.186    -0.414    -0.906    -1.665    -1.830    -2.700    -2.884    -1.010    -0.156    -0.141
    13.75    55.75    2049    -0.145    -0.143    -0.238    -0.362    -1.258    -2.316    -0.303    -0.448    -0.707    -0.421    -0.254    -0.159
    13.75    55.75    2050    -0.143    -0.149    -0.216    -0.224    -0.504    -1.431    -2.030    -1.990    -1.447    -0.211    -0.146    -0.141
    13.75    55.75    2051    -0.144    -0.160    -0.196    -0.279    -0.473    -0.601    -1.675    -1.850    -0.768    -0.564    -0.195    -0.146
    13.75    55.75    2052    -0.140    -0.142    -0.152    -0.238    -0.325    -1.608    -2.433    -1.969    -1.533    -0.215    -0.149    -0.141
    13.75    55.75    2053    -0.145    -0.145    -0.145    -0.285    -1.569    -1.277    -2.676    -1.711    -0.444    -0.298    -0.143    -0.142
    13.75    55.75    2054    -0.144    -0.145    -0.146    -0.300    -0.951    -1.751    -0.616    -0.795    -1.282    -0.644    -0.154    -0.146
    13.75    55.75    2055    -0.142    -0.151    -0.277    -1.197    -2.746    -1.427    -2.940    -2.431    -0.993    -0.384    -0.195    -0.141
    13.75    55.75    2056    -0.147    -0.162    -0.230    -0.519    -0.861    -1.869    -2.919    -0.797    -0.246    -0.254    -0.146    -0.140
    13.75    55.75    2057    -0.142    -0.152    -0.194    -0.340    -1.639    -3.300    -3.207    -1.104    -0.330    -0.250    -0.263    -0.198
    13.75    55.75    2058    -0.167    -0.150    -0.234    -0.386    -1.364    -1.481    -2.483    -1.075    -0.958    -0.997    -0.473    -0.157
    13.75    55.75    2059    -0.147    -0.145    -0.211    -0.405    -0.561    -0.985    -0.483    -0.668    -0.295    -0.308    -0.146    -0.141
    13.75    55.75    2060    -0.141    -0.150    -0.230    -0.607    -2.640    -3.180    -1.038    -0.547    -2.391    -0.776    -0.187    -0.140
    13.75    55.75    2061    -0.140    -0.149    -0.197    -0.283    -0.856    -2.981    -2.003    -0.258    -0.659    -0.583    -0.222    -0.148
    13.75    55.75    2062    -0.144    -0.179    -0.218    -0.311    -0.325    -0.865    -2.759    -2.072    -1.674    -0.401    -0.144    -0.141
    13.75    55.75    2063    -0.143    -0.156    -0.194    -0.264    -0.891    -1.464    -3.241    -1.359    -0.501    -0.298    -0.262    -0.202
    13.75    55.75    2064    -0.142    -0.160    -0.182    -0.665    -2.521    -2.235    -1.308    -0.424    -0.223    -0.261    -0.275    -0.141
    13.75    55.75    2065    -0.142    -0.143    -0.233    -0.362    -1.430    -3.050    -2.375    -0.424    -0.422    -0.533    -0.172    -0.141
    13.75    55.75    2066    -0.144    -0.149    -0.189    -0.394    -1.728    -2.778    -2.824    -2.988    -0.846    -0.193    -0.171    -0.141
    13.75    55.75    2067    -0.146    -0.152    -0.233    -0.814    -1.408    -1.495    -2.994    -2.537    -2.934    -1.256    -0.261    -0.140
    13.75    55.75    2068    -0.142    -0.140    -0.166    -0.792    -2.927    -3.228    -2.148    -1.733    -2.189    -1.843    -0.277    -0.155
    13.75    55.75    2069    -0.143    -0.158    -0.206    -0.333    -0.386    -0.423    -0.533    -1.833    -2.645    -1.447    -0.301    -0.142
    13.75    55.75    2070    -0.144    -0.156    -0.243    -0.528    -0.918    -0.675    -2.076    -2.598    -1.002    -0.237    -0.150    -0.140
    13.75    55.75    2071    -0.142    -0.154    -0.216    -0.554    -2.099    -2.669    -1.229    -2.394    -0.809    -0.304    -0.151    -0.140
    13.75    55.75    2072    -0.142    -0.152    -0.189    -0.281    -0.700    -0.576    -0.327    -0.363    -0.558    -0.283    -0.144    -0.141
    13.75    55.75    2073    -0.143    -0.160    -0.218    -0.413    -2.078    -3.108    -2.495    -2.943    -1.182    -0.306    -0.211    -0.142
    13.75    55.75    2074    -0.144    -0.160    -0.188    -0.320    -1.529    -2.299    -1.584    -0.754    -0.280    -0.197    -0.141    -0.140
    13.75    55.75    2075    -0.142    -0.152    -0.203    -0.252    -0.844    -1.795    -0.196    -1.330    -1.867    -0.646    -0.201    -0.141
    13.75    55.75    2076    -0.143    -0.146    -0.224    -0.302    -2.012    -3.222    -2.084    -1.530    -2.595    -1.033    -0.141    -0.141
    13.75    55.75    2077    -0.145    -0.160    -0.223    -0.613    -1.592    -2.143    -3.262    -3.114    -0.825    -0.177    -0.143    -0.140
    13.75    55.75    2078    -0.145    -0.153    -0.264    -0.857    -1.788    -2.144    -0.549    -0.614    -0.769    -0.343    -0.143    -0.140
    13.75    55.75    2079    -0.142    -0.164    -0.202    -0.594    -2.722    -2.991    -0.185    -0.343    -0.328    -0.404    -0.184    -0.145
    13.75    55.75    2080    -0.145    -0.160    -0.248    -0.605    -1.564    -2.062    -3.051    -2.403    -0.806    -0.418    -0.152    -0.144
    13.75    55.75    2081    -0.145    -0.173    -0.258    -0.672    -0.812    -2.771    -3.254    -3.277    -1.975    -1.222    -0.339    -0.140
    13.75    55.75    2082    -0.142    -0.165    -0.210    -0.195    -0.415    -0.747    -1.618    -1.236    -1.220    -0.505    -0.164    -0.139
    13.75    55.75    2083    -0.142    -0.152    -0.171    -0.211    -0.510    -2.341    -2.730    -2.094    -2.274    -0.727    -0.296    -0.140
    13.75    55.75    2084    -0.142    -0.146    -0.178    -1.261    -1.436    -0.441    -2.005    -3.079    -2.760    -1.340    -0.152    -0.140
    13.75    55.75    2085    -0.142    -0.151    -0.272    -0.343    -0.277    -2.203    -2.820    -1.157    -0.747    -0.673    -0.274    -0.163
    13.75    55.75    2086    -0.147    -0.160    -0.325    -0.504    -1.744    -2.009    -2.986    -1.559    -0.925    -1.028    -0.180    -0.140
    13.75    55.75    2087    -0.145    -0.171    -0.497    -0.862    -0.605    -1.505    -3.117    -3.071    -3.251    -1.040    -0.258    -0.141
    13.75    55.75    2088    -0.144    -0.169    -0.336    -0.353    -0.892    -1.947    -3.127    -2.862    -1.838    -0.227    -0.141    -0.140
    13.75    55.75    2089    -0.143    -0.172    -0.353    -0.741    -2.500    -3.232    -3.321    -2.593    -1.065    -0.330    -0.199    -0.140
    13.75    55.75    2090    -0.140    -0.150    -0.263    -0.825    -2.053    -3.217    -2.208    -1.704    -1.308    -0.185    -0.142    -0.140
    13.75    55.75    2091    -0.145    -0.169    -0.270    -0.498    -1.401    -0.589    -0.765    -1.368    -1.606    -0.278    -0.142    -0.142
    13.75    55.75    2092    -0.141    -0.150    -0.286    -0.489    -2.022    -3.028    -3.290    -2.586    -1.819    -0.172    -0.149    -0.140
    13.75    55.75    2093    -0.141    -0.151    -0.217    -0.530    -2.512    -1.553    -2.773    -2.975    -2.533    -1.983    -0.252    -0.146
    13.75    55.75    2094    -0.141    -0.155    -0.244    -0.450    -0.644    -3.170    -0.797    -1.139    -2.454    -2.020    -0.333    -0.141
    13.75    55.75    2095    -0.143    -0.149    -0.214    -0.500    -1.913    -2.729    -1.488    -2.144    -1.570    -1.627    -0.440    -0.152
    13.75    55.75    2096    -0.143    -0.150    -0.285    -0.350    -1.897    -3.198    -3.310    -1.092    -0.618    -0.218    -0.144    -0.141
    13.75    55.75    2097    -0.143    -0.153    -0.267    -0.649    -2.816    -2.820    -3.170    -0.417    -0.301    -0.324    -0.193    -0.157
    13.75    55.75    2098    -0.142    -0.144    -0.172    -0.297    -1.973    -3.260    -2.437    -2.946    -2.704    -0.621    -0.202    -0.140
    13.75    55.75    2099    -0.141    -0.145    -0.221    -0.199    -0.590    -0.329    -2.126    -2.807    -1.203    -0.360    -0.145    -0.140
    13.75    55.75    2100    -0.144    -0.167    -0.188    -0.768    -2.053    -0.928    -1.645    -3.160    -2.634    -1.617    -0.348    -0.161
    13.75    55.75    2101    -0.143    -0.156    -0.216    -0.858    -2.966    -1.697    -2.693    -3.110    -1.208    -0.242    -0.152    -0.140
    13.75    55.75    2102    -0.143    -0.155    -0.183    -0.284    -0.979    -0.519    -0.533    -0.479    -0.453    -0.218    -0.142    -0.141
    13.75    55.75    2103    -0.142    -0.154    -0.213    -0.490    -2.588    -3.155    -2.434    -2.701    -0.945    -0.339    -0.149    -0.141
    13.75    55.75    2104    -0.146    -0.151    -0.182    -0.434    -1.572    -2.699    -1.040    -0.680    -0.379    -0.242    -0.141    -0.141
    13.75    55.75    2105    -0.141    -0.148    -0.249    -0.308    -0.611    -1.243    -0.249    -2.428    -3.012    -0.707    -0.170    -0.140
    13.75    55.75    2106    -0.142    -0.153    -0.230    -0.455    -1.999    -3.333    -2.659    -2.367    -1.658    -0.467    -0.142    -0.140
    13.75    55.75    2107    -0.144    -0.167    -0.263    -0.747    -2.282    -2.683    -3.358    -3.121    -0.729    -0.157    -0.148    -0.140
    13.75    55.75    2108    -0.142    -0.162    -0.257    -0.982    -2.857    -2.034    -0.988    -0.479    -1.413    -0.306    -0.140    -0.140
    13.75    55.75    2109    -0.143    -0.164    -0.213    -0.710    -2.934    -3.194    -0.573    -0.427    -0.448    -0.254    -0.208    -0.140
    13.75    55.75    2110    -0.145    -0.161    -0.295    -0.842    -2.334    -2.473    -2.851    -2.229    -1.630    -0.384    -0.153    -0.142
    13.75    55.75    2111    -0.149    -0.182    -0.267    -0.490    -1.378    -2.561    -3.343    -3.251    -1.795    -1.467    -0.384    -0.140
    13.75    55.75    2112    -0.144    -0.166    -0.184    -0.245    -0.502    -1.836    -1.023    -1.583    -0.961    -0.583    -0.152    -0.140
    13.75    55.75    2113    -0.143    -0.149    -0.185    -0.209    -0.401    -2.326    -2.977    -3.048    -2.478    -1.988    -0.373    -0.141
    13.75    55.75    2114    -0.143    -0.153    -0.190    -1.312    -1.565    -0.584    -2.400    -3.390    -2.836    -1.384    -0.162    -0.140
    13.75    55.75    2115    -0.141    -0.154    -0.268    -0.403    -0.341    -1.644    -3.265    -1.548    -0.645    -0.835    -0.257    -0.159
    13.75    55.75    2116    -0.145    -0.170    -0.331    -0.707    -1.673    -2.313    -3.293    -1.552    -1.057    -0.784    -0.164    -0.139
    13.75    55.75    2117    -0.143    -0.180    -0.659    -1.692    -0.422    -1.625    -3.291    -3.171    -3.332    -0.828    -0.340    -0.141
    13.75    55.75    2118    -0.144    -0.162    -0.337    -0.379    -0.874    -2.048    -3.217    -3.013    -1.036    -0.248    -0.141    -0.140
    13.75    55.75    2119    -0.143    -0.175    -0.347    -0.696    -2.514    -3.306    -3.349    -2.665    -0.605    -0.277    -0.159    -0.140
    13.75    55.75    2120    -0.143    -0.157    -0.244    -0.554    -2.565    -3.227    -2.919    -2.038    -0.779    -0.245    -0.143    -0.140
    13.75    55.75    2121    -0.143    -0.172    -0.276    -0.554    -1.427    -1.548    -0.562    -1.317    -1.132    -0.274    -0.142    -0.140
    13.75    55.75    2122    -0.141    -0.150    -0.298    -0.524    -1.481    -3.028    -3.220    -2.706    -1.198    -0.193    -0.141    -0.140
    13.75    55.75    2123    -0.141    -0.150    -0.214    -0.542    -3.104    -1.386    -2.801    -3.176    -2.608    -1.740    -0.366    -0.143
    13.75    55.75    2124    -0.145    -0.164    -0.262    -0.300    -1.130    -3.246    -1.726    -0.391    -0.958    -2.292    -0.200    -0.142
    13.75    55.75    2125    -0.143    -0.152    -0.226    -0.592    -1.800    -2.932    -1.390    -0.787    -1.777    -1.904    -0.604    -0.148
    13.75    55.75    2126    -0.143    -0.150    -0.261    -0.344    -1.577    -3.351    -3.367    -0.483    -0.546    -0.278    -0.142    -0.141
    13.75    55.75    2127    -0.142    -0.147    -0.264    -0.760    -3.102    -2.918    -3.268    -0.343    -0.640    -0.258    -0.213    -0.143
    13.75    55.75    2128    -0.143    -0.141    -0.175    -0.283    -1.882    -3.345    -2.948    -3.273    -2.600    -0.922    -0.159    -0.140
    13.75    55.75    2129    -0.143    -0.146    -0.248    -0.219    -0.544    -0.873    -1.804    -2.895    -2.009    -0.278    -0.140    -0.140
    13.75    55.75    2130    -0.142    -0.156    -0.187    -0.922    -2.517    -1.124    -2.698    -1.366    -2.375    -2.650    -0.311    -0.140
    23.75    61.75    1980    -0.191    -0.191    -0.194    -0.204    -0.331    -0.806    -0.949    -1.643    -0.416    -0.232    -0.192    -0.190
    23.75    61.75    1981    -0.191    -0.191    -0.194    -0.278    -0.502    -1.304    -1.592    -0.746    -0.459    -0.257    -0.201    -0.201
    23.75    61.75    1982    -0.202    -0.202    -0.204    -0.209    -0.240    -0.751    -2.262    -1.564    -0.645    -0.245    -0.193    -0.192
    23.75    61.75    1983    -0.191    -0.191    -0.194    -0.195    -0.596    -1.518    -2.161    -2.465    -2.332    -0.661    -0.363    -0.363
    23.75    61.75    1984    -0.364    -0.364    -0.369    -0.375    -0.272    -1.208    -0.429    -0.339    -0.263    -0.206    -0.199    -0.196
    23.75    61.75    1985    -0.196    -0.197    -0.198    -0.202    -0.285    -0.678    -0.857    -0.457    -0.394    -0.297    -0.297    -0.297
    23.75    61.75    1986    -0.297    -0.297    -0.301    -0.295    -0.285    -0.718    -0.840    -1.274    -0.613    -0.344    -0.279    -0.279
    23.75    61.75    1987    -0.279    -0.280    -0.283    -0.262    -0.467    -0.767    -0.488    -0.917    -0.642    -0.295    -0.292    -0.292
    23.75    61.75    1988    -0.294    -0.294    -0.246    -0.215    -0.576    -0.787    -1.496    -1.348    -0.218    -0.207    -0.199    -0.195
    23.75    61.75    1989    -0.194    -0.194    -0.193    -0.202    -0.402    -1.717    -1.169    -1.824    -0.480    -0.296    -0.234    -0.234
    23.75    61.75    1990    -0.235    -0.235    -0.237    -0.238    -0.364    -0.882    -1.475    -0.356    -0.264    -0.219    -0.200    -0.195
    23.75    61.75    1991    -0.195    -0.196    -0.199    -0.203    -0.341    -1.144    -1.535    -1.616    -0.461    -0.241    -0.199    -0.200
    23.75    61.75    1992    -0.200    -0.200    -0.203    -0.206    -0.475    -1.116    -0.509    -0.306    -0.394    -0.345    -0.367    -0.367
    23.75    61.75    1993    -0.367    -0.367    -0.372    -0.231    -0.616    -2.660    -1.582    -0.518    -0.299    -0.224    -0.206    -0.206
    23.75    61.75    1994    -0.206    -0.201    -0.199    -0.197    -0.389    -0.752    -1.616    -0.814    -0.320    -0.238    -0.193    -0.195
    23.75    61.75    1995    -0.195    -0.195    -0.197    -0.206    -0.334    -0.778    -0.646    -0.851    -0.809    -0.328    -0.195    -0.194
    23.75    61.75    1996    -0.195    -0.195    -0.197    -0.198    -0.354    -2.074    -2.748    -0.351    -0.437    -0.330    -0.236    -0.218
    23.75    61.75    1997    -0.217    -0.218    -0.220    -0.207    -0.319    -1.910    -1.751    -0.581    -0.306    -0.242    -0.193    -0.191
    23.75    61.75    1998    -0.192    -0.195    -0.197    -0.199    -0.355    -0.767    -0.707    -0.604    -0.449    -0.267    -0.216    -0.191
    23.75    61.75    1999    -0.191    -0.191    -0.193    -0.256    -0.372    -0.811    -0.622    -0.467    -0.420    -0.292    -0.191    -0.191
    23.75    61.75    2000    -0.192    -0.192    -0.194    -0.224    -0.576    -1.839    -1.137    -0.412    -0.415    -0.306    -0.193    -0.191
    23.75    61.75    2001    -0.191    -0.191    -0.192    -0.199    -0.538    -2.325    -2.888    -0.333    -0.399    -0.359    -0.358    -0.358
    23.75    61.75    2002    -0.358    -0.358    -0.292    -0.243    -0.268    -0.465    -0.768    -0.833    -0.369    -0.498    -0.337    -0.217
    23.75    61.75    2003    -0.217    -0.218    -0.217    -0.227    -0.275    -0.867    -1.969    -1.731    -0.518    -0.219    -0.198    -0.199
    23.75    61.75    2004    -0.199    -0.199    -0.202    -0.194    -0.658    -1.155    -1.482    -0.318    -0.406    -0.236    -0.191    -0.191
    23.75    61.75    2005    -0.191    -0.191    -0.193    -0.240    -0.744    -0.624    -0.753    -0.579    -0.643    -0.341    -0.358    -0.359
    23.75    61.75    2006    -0.330    -0.303    -0.241    -0.400    -1.289    -2.846    -3.202    -1.965    -0.267    -0.201    -0.199    -0.200
    23.75    61.75    2007    -0.198    -0.198    -0.197    -0.220    -0.409    -1.152    -0.754    -0.457    -0.251    -0.209    -0.192    -0.191
    23.75    61.75    2008    -0.191    -0.191    -0.194    -0.196    -0.396    -2.108    -1.730    -1.171    -0.611    -0.283    -0.198    -0.193
    23.75    61.75    2009    -0.192    -0.191    -0.192    -0.350    -0.818    -2.334    -3.280    -0.866    -0.510    -0.357    -0.276    -0.191
    23.75    61.75    2010    -0.190    -0.191    -0.196    -0.332    -0.693    -1.487    -1.738    -0.361    -0.254    -0.223    -0.207    -0.208
    23.75    61.75    2011    -0.208    -0.209    -0.204    -0.204    -0.436    -2.508    -2.066    -0.560    -0.280    -0.345    -0.269    -0.191
    23.75    61.75    2012    -0.191    -0.191    -0.199    -0.217    -0.478    -1.343    -1.403    -0.497    -0.325    -0.252    -0.198    -0.194
    23.75    61.75    2013    -0.191    -0.191    -0.193    -0.196    -0.366    -0.611    -1.707    -0.482    -0.324    -0.379    -0.242    -0.218
    23.75    61.75    2014    -0.218    -0.218    -0.216    -0.238    -0.704    -1.821    -0.453    -0.844    -1.383    -0.382    -0.331    -0.320
    23.75    61.75    2015    -0.320    -0.320    -0.323    -0.254    -0.583    -2.161    -1.260    -1.769    -0.489    -0.327    -0.267    -0.231
    23.75    61.75    2016    -0.230    -0.231    -0.235    -0.231    -0.383    -0.976    -1.823    -1.298    -0.643    -0.309    -0.276    -0.278
    23.75    61.75    2017    -0.278    -0.278    -0.252    -0.217    -0.325    -0.644    -0.675    -0.611    -0.571    -0.213    -0.221    -0.222
    23.75    61.75    2018    -0.222    -0.210    -0.195    -0.256    -0.778    -0.736    -0.823    -0.372    -0.332    -0.248    -0.194    -0.192
    23.75    61.75    2019    -0.192    -0.191    -0.193    -0.260    -1.016    -2.599    -2.728    -1.434    -0.552    -0.214    -0.201    -0.191
    23.75    61.75    2020    -0.190    -0.191    -0.195    -0.295    -0.676    -1.595    -2.117    -0.719    -0.244    -0.206    -0.194    -0.195
    23.75    61.75    2021    -0.195    -0.196    -0.197    -0.228    -0.931    -1.875    -0.965    -0.935    -0.395    -0.282    -0.191    -0.191
    23.75    61.75    2022    -0.191    -0.191    -0.211    -0.396    -0.832    -0.609    -0.931    -0.733    -0.739    -0.288    -0.193    -0.191
    23.75    61.75    2023    -0.191    -0.191    -0.196    -0.220    -0.460    -1.277    -0.350    -0.281    -0.344    -0.314    -0.294    -0.294
    23.75    61.75    2024    -0.294    -0.294    -0.297    -0.250    -0.464    -0.944    -1.371    -0.710    -0.487    -0.522    -0.263    -0.232
    23.75    61.75    2025    -0.207    -0.197    -0.209    -0.401    -0.792    -1.865    -1.847    -0.703    -0.347    -0.225    -0.204    -0.205
    23.75    61.75    2026    -0.203    -0.198    -0.218    -0.338    -1.015    -2.637    -3.056    -2.675    -0.756    -0.234    -0.202    -0.195
    23.75    61.75    2027    -0.199    -0.199    -0.198    -0.256    -0.848    -2.576    -1.938    -0.377    -0.251    -0.331    -0.253    -0.251
    23.75    61.75    2028    -0.251    -0.251    -0.253    -0.256    -0.364    -1.544    -0.752    -0.808    -0.319    -0.229    -0.196    -0.193
    23.75    61.75    2029    -0.193    -0.193    -0.195    -0.199    -0.863    -1.845    -0.895    -0.377    -0.241    -0.233    -0.196    -0.191
    23.75    61.75    2030    -0.191    -0.192    -0.200    -0.415    -0.802    -0.829    -1.839    -3.032    -1.676    -0.287    -0.263    -0.264
    23.75    61.75    2031    -0.264    -0.236    -0.221    -0.459    -1.153    -2.048    -0.951    -0.538    -0.638    -0.281    -0.195    -0.193
    23.75    61.75    2032    -0.193    -0.192    -0.248    -0.432    -1.485    -1.967    -1.182    -0.553    -0.488    -0.338    -0.244    -0.207
    23.75    61.75    2033    -0.208    -0.200    -0.198    -0.443    -0.754    -0.642    -0.327    -0.652    -0.505    -0.353    -0.244    -0.204
    23.75    61.75    2034    -0.204    -0.203    -0.206    -0.231    -0.866    -1.678    -1.093    -0.414    -0.319    -0.296    -0.207    -0.203
    23.75    61.75    2035    -0.203    -0.201    -0.195    -0.220    -1.039    -1.296    -0.358    -0.601    -0.351    -0.231    -0.206    -0.191
    23.75    61.75    2036    -0.191    -0.191    -0.192    -0.204    -0.686    -2.675    -2.187    -1.833    -0.748    -0.359    -0.233    -0.220
    23.75    61.75    2037    -0.219    -0.220    -0.205    -0.281    -1.379    -1.459    -1.522    -0.583    -0.548    -0.476    -0.251    -0.191
    23.75    61.75    2038    -0.192    -0.196    -0.198    -0.215    -0.524    -2.293    -1.645    -1.594    -0.563    -0.563    -0.269    -0.191
    23.75    61.75    2039    -0.191    -0.191    -0.194    -0.270    -0.767    -0.848    -1.668    -0.440    -0.533    -0.572    -0.247    -0.190
    23.75    61.75    2040    -0.191    -0.191    -0.192    -0.333    -1.297    -1.712    -1.112    -0.351    -0.329    -0.276    -0.194    -0.192
    23.75    61.75    2041    -0.191    -0.191    -0.194    -0.376    -1.834    -2.647    -1.376    -0.937    -0.645    -0.283    -0.192    -0.191
    23.75    61.75    2042    -0.191    -0.196    -0.198    -0.220    -0.841    -1.596    -0.670    -0.271    -0.229    -0.235    -0.193    -0.193
    23.75    61.75    2043    -0.193    -0.193    -0.194    -0.197    -0.935    -2.083    -1.880    -2.949    -0.722    -0.306    -0.257    -0.192
    23.75    61.75    2044    -0.191    -0.198    -0.232    -0.416    -1.958    -1.981    -1.694    -0.485    -0.340    -0.241    -0.199    -0.191
    23.75    61.75    2045    -0.191    -0.192    -0.201    -0.430    -0.746    -0.651    -0.975    -1.041    -0.835    -0.719    -0.322    -0.200
    23.75    61.75    2046    -0.200    -0.195    -0.229    -0.338    -1.021    -1.291    -0.301    -0.320    -0.715    -0.547    -0.203    -0.191
    23.75    61.75    2047    -0.191    -0.192    -0.194    -0.281    -1.520    -2.354    -1.713    -1.134    -1.172    -0.668    -0.243    -0.190
    23.75    61.75    2048    -0.191    -0.191    -0.192    -0.285    -1.164    -1.022    -1.994    -0.713    -0.430    -0.314    -0.192    -0.192
    23.75    61.75    2049    -0.192    -0.192    -0.202    -0.374    -2.030    -2.741    -1.557    -0.994    -0.406    -0.285    -0.199    -0.192
    23.75    61.75    2050    -0.192    -0.192    -0.196    -0.217    -0.571    -1.524    -1.789    -0.572    -0.292    -0.206    -0.193    -0.192
    23.75    61.75    2051    -0.191    -0.191    -0.195    -0.385    -0.958    -2.163    -1.771    -0.498    -0.248    -0.197    -0.192    -0.191
    23.75    61.75    2052    -0.191    -0.191    -0.193    -0.280    -1.423    -1.542    -0.570    -0.785    -0.593    -0.246    -0.194    -0.192
    23.75    61.75    2053    -0.192    -0.192    -0.192    -0.374    -1.714    -1.542    -1.402    -1.733    -1.459    -0.573    -0.219    -0.192
    23.75    61.75    2054    -0.191    -0.191    -0.192    -0.239    -0.941    -1.590    -1.322    -0.563    -0.354    -0.227    -0.200    -0.201
    23.75    61.75    2055    -0.201    -0.196    -0.239    -0.470    -1.243    -1.095    -1.660    -0.705    -0.249    -0.223    -0.192    -0.191
    23.75    61.75    2056    -0.192    -0.202    -0.267    -0.473    -0.887    -1.516    -1.458    -0.411    -0.580    -0.356    -0.215    -0.191
    23.75    61.75    2057    -0.191    -0.192    -0.225    -0.445    -1.823    -2.303    -2.435    -1.525    -1.205    -0.245    -0.191    -0.190
    23.75    61.75    2058    -0.191    -0.191    -0.192    -0.395    -1.686    -1.934    -1.940    -0.970    -1.658    -0.676    -0.279    -0.215
    23.75    61.75    2059    -0.215    -0.215    -0.202    -0.493    -1.010    -2.301    -0.399    -0.250    -0.342    -0.326    -0.192    -0.191
    23.75    61.75    2060    -0.191    -0.192    -0.192    -0.252    -0.489    -2.145    -0.413    -0.436    -0.429    -0.221    -0.192    -0.191
    23.75    61.75    2061    -0.191    -0.191    -0.192    -0.351    -1.137    -2.681    -1.550    -1.621    -0.470    -0.254    -0.192    -0.191
    23.75    61.75    2062    -0.191    -0.191    -0.193    -0.207    -0.582    -2.054    -2.930    -1.035    -0.625    -0.377    -0.238    -0.215
    23.75    61.75    2063    -0.195    -0.197    -0.250    -0.434    -1.416    -2.667    -2.961    -2.478    -2.383    -1.155    -0.659    -0.506
    23.75    61.75    2064    -0.505    -0.505    -0.357    -0.365    -1.627    -3.068    -2.050    -0.405    -0.371    -0.351    -0.243    -0.201
    23.75    61.75    2065    -0.201    -0.202    -0.191    -0.275    -0.652    -2.414    -2.197    -0.432    -0.415    -0.269    -0.200    -0.190
    23.75    61.75    2066    -0.191    -0.198    -0.203    -0.264    -0.774    -2.226    -2.748    -2.093    -0.590    -0.450    -0.238    -0.191
    23.75    61.75    2067    -0.190    -0.191    -0.191    -0.431    -1.362    -1.787    -1.679    -0.813    -0.391    -0.204    -0.191    -0.190
    23.75    61.75    2068    -0.190    -0.191    -0.191    -0.375    -1.736    -2.332    -0.976    -2.408    -3.124    -1.197    -0.281    -0.191
    23.75    61.75    2069    -0.191    -0.204    -0.257    -0.448    -1.385    -0.878    -0.432    -1.299    -1.179    -0.551    -0.242    -0.190
    23.75    61.75    2070    -0.191    -0.192    -0.194    -0.264    -0.825    -2.968    -2.457    -1.249    -1.301    -0.590    -0.301    -0.217
    23.75    61.75    2071    -0.217    -0.217    -0.217    -0.290    -1.592    -2.937    -2.340    -0.843    -0.876    -0.670    -0.219    -0.210
    23.75    61.75    2072    -0.193    -0.191    -0.191    -0.205    -0.396    -0.434    -0.863    -1.542    -0.544    -0.202    -0.199    -0.193
    23.75    61.75    2073    -0.192    -0.196    -0.196    -0.314    -1.731    -1.944    -2.592    -0.458    -0.470    -0.367    -0.195    -0.192
    23.75    61.75    2074    -0.191    -0.191    -0.191    -0.222    -1.224    -2.490    -0.756    -0.298    -0.232    -0.213    -0.192    -0.193
    23.75    61.75    2075    -0.192    -0.202    -0.208    -0.352    -1.532    -2.630    -1.074    -1.780    -2.562    -0.628    -0.247    -0.195
    23.75    61.75    2076    -0.195    -0.192    -0.191    -0.461    -2.513    -1.925    -0.693    -0.458    -0.371    -0.231    -0.202    -0.198
    23.75    61.75    2077    -0.191    -0.190    -0.204    -0.401    -1.987    -3.031    -2.591    -0.847    -0.408    -0.273    -0.200    -0.193
    23.75    61.75    2078    -0.195    -0.195    -0.196    -0.285    -1.487    -2.599    -0.464    -0.269    -0.236    -0.196    -0.191    -0.191
    23.75    61.75    2079    -0.191    -0.197    -0.273    -1.423    -2.868    -1.405    -0.794    -1.104    -0.634    -0.365    -0.193    -0.190
    23.75    61.75    2080    -0.191    -0.201    -0.210    -0.525    -2.133    -1.487    -2.749    -1.467    -0.757    -0.246    -0.192    -0.193
    23.75    61.75    2081    -0.192    -0.198    -0.199    -0.591    -1.819    -2.299    -2.921    -2.335    -1.916    -1.089    -0.358    -0.315
    23.75    61.75    2082    -0.314    -0.227    -0.242    -0.753    -1.193    -2.436    -1.669    -0.470    -0.422    -0.250    -0.201    -0.197
    23.75    61.75    2083    -0.197    -0.193    -0.199    -0.219    -0.326    -1.078    -1.253    -0.676    -0.331    -0.258    -0.231    -0.190
    23.75    61.75    2084    -0.190    -0.190    -0.190    -0.492    -2.253    -2.453    -3.104    -0.888    -0.927    -0.398    -0.191    -0.190
    23.75    61.75    2085    -0.190    -0.190    -0.190    -0.398    -1.166    -1.635    -2.972    -2.197    -0.288    -0.248    -0.237    -0.222
    23.75    61.75    2086    -0.194    -0.199    -0.201    -0.339    -1.478    -1.772    -1.525    -0.255    -0.817    -0.648    -0.192    -0.192
    23.75    61.75    2087    -0.191    -0.198    -0.306    -0.562    -1.131    -2.435    -0.452    -0.271    -0.465    -0.335    -0.195    -0.190
    23.75    61.75    2088    -0.190    -0.198    -0.280    -0.565    -2.913    -2.340    -1.270    -0.615    -0.231    -0.193    -0.191    -0.191
    23.75    61.75    2089    -0.191    -0.200    -0.290    -0.705    -1.663    -2.217    -3.157    -3.055    -1.381    -0.269    -0.192    -0.190
    23.75    61.75    2090    -0.190    -0.192    -0.340    -0.922    -1.904    -2.952    -1.494    -0.424    -0.397    -0.357    -0.219    -0.191
    23.75    61.75    2091    -0.190    -0.190    -0.199    -0.378    -1.066    -2.591    -2.504    -0.735    -0.378    -0.219    -0.191    -0.190
    23.75    61.75    2092    -0.190    -0.190    -0.194    -0.324    -0.914    -2.181    -1.240    -1.082    -0.633    -0.265    -0.226    -0.190
    23.75    61.75    2093    -0.190    -0.190    -0.192    -0.320    -1.033    -2.584    -2.426    -1.384    -2.106    -0.608    -0.262    -0.190
    23.75    61.75    2094    -0.190    -0.190    -0.190    -0.391    -1.276    -2.796    -3.035    -0.582    -0.676    -0.475    -0.215    -0.190
    23.75    61.75    2095    -0.190    -0.190    -0.190    -0.370    -2.521    -2.993    -2.973    -1.353    -0.645    -0.311    -0.215    -0.190
    23.75    61.75    2096    -0.191    -0.194    -0.250    -0.869    -0.725    -1.839    -2.859    -1.282    -0.377    -0.195    -0.191    -0.190
    23.75    61.75    2097    -0.190    -0.190    -0.195    -0.361    -2.191    -2.997    -2.638    -0.411    -0.258    -0.204    -0.192    -0.190
    23.75    61.75    2098    -0.190    -0.190    -0.190    -0.239    -1.988    -3.199    -3.096    -1.165    -1.508    -0.455    -0.191    -0.193
    23.75    61.75    2099    -0.195    -0.195    -0.193    -0.343    -1.862    -1.193    -0.770    -0.671    -0.678    -0.709    -0.278    -0.261
    23.75    61.75    2100    -0.197    -0.199    -0.240    -0.549    -2.792    -1.094    -0.483    -0.265    -0.377    -0.328    -0.227    -0.193
    23.75    61.75    2101    -0.191    -0.191    -0.195    -0.527    -2.719    -3.201    -1.918    -2.249    -1.781    -1.049    -0.319    -0.219
    23.75    61.75    2102    -0.196    -0.198    -0.198    -0.234    -0.576    -0.553    -1.261    -1.138    -0.553    -0.235    -0.195    -0.191
    23.75    61.75    2103    -0.193    -0.195    -0.195    -0.380    -1.763    -2.441    -2.604    -0.407    -0.656    -0.333    -0.200    -0.190
    23.75    61.75    2104    -0.190    -0.190    -0.190    -0.290    -1.941    -2.841    -1.271    -0.436    -0.248    -0.215    -0.209    -0.196
    23.75    61.75    2105    -0.192    -0.199    -0.239    -0.529    -2.354    -2.491    -1.675    -2.639    -1.367    -1.055    -0.221    -0.191
    23.75    61.75    2106    -0.190    -0.196    -0.288    -0.794    -2.861    -2.769    -1.108    -0.327    -0.438    -0.318    -0.195    -0.192
    23.75    61.75    2107    -0.192    -0.195    -0.231    -0.520    -2.699    -3.002    -2.065    -0.721    -0.405    -0.305    -0.206    -0.191
    23.75    61.75    2108    -0.190    -0.191    -0.195    -0.461    -2.586    -2.835    -0.951    -0.242    -0.238    -0.197    -0.191    -0.190
    23.75    61.75    2109    -0.190    -0.200    -0.250    -1.109    -3.069    -1.689    -1.520    -0.636    -0.784    -0.461    -0.191    -0.191
    23.75    61.75    2110    -0.192    -0.202    -0.226    -0.698    -2.482    -1.841    -2.828    -0.997    -0.601    -0.401    -0.191    -0.190
    23.75    61.75    2111    -0.191    -0.200    -0.285    -1.030    -2.641    -2.999    -2.784    -2.392    -1.116    -0.668    -0.387    -0.224
    23.75    61.75    2112    -0.190    -0.195    -0.281    -0.829    -1.256    -2.220    -2.451    -0.504    -0.295    -0.281    -0.193    -0.191
    23.75    61.75    2113    -0.191    -0.192    -0.199    -0.213    -0.502    -1.616    -0.980    -1.430    -0.579    -0.241    -0.197    -0.190
    23.75    61.75    2114    -0.190    -0.190    -0.190    -0.648    -2.397    -2.805    -3.290    -1.298    -1.252    -0.450    -0.191    -0.190
    23.75    61.75    2115    -0.190    -0.190    -0.231    -0.588    -2.438    -1.382    -3.123    -1.349    -0.577    -0.284    -0.289    -0.286
    23.75    61.75    2116    -0.203    -0.202    -0.217    -0.421    -1.945    -1.945    -2.027    -0.234    -0.454    -0.300    -0.195    -0.194
    23.75    61.75    2117    -0.192    -0.198    -0.315    -0.671    -1.351    -2.135    -1.542    -0.259    -0.414    -0.462    -0.193    -0.190
    23.75    61.75    2118    -0.191    -0.200    -0.327    -0.790    -2.688    -2.497    -0.654    -0.257    -0.284    -0.192    -0.191    -0.190
    23.75    61.75    2119    -0.191    -0.199    -0.329    -0.704    -1.548    -2.714    -3.079    -3.144    -1.392    -0.269    -0.192    -0.190
    23.75    61.75    2120    -0.190    -0.193    -0.357    -0.953    -2.349    -3.105    -0.946    -0.423    -0.427    -0.385    -0.229    -0.191
    23.75    61.75    2121    -0.190    -0.191    -0.201    -0.406    -1.093    -2.667    -2.237    -0.676    -0.356    -0.233    -0.191    -0.190
    23.75    61.75    2122    -0.190    -0.190    -0.205    -0.414    -0.922    -2.766    -1.236    -0.596    -0.581    -0.281    -0.220    -0.190
    23.75    61.75    2123    -0.190    -0.190    -0.193    -0.369    -1.001    -2.516    -2.710    -1.564    -0.867    -0.427    -0.281    -0.190
    23.75    61.75    2124    -0.190    -0.190    -0.190    -0.440    -1.275    -2.736    -2.729    -1.192    -0.377    -0.348    -0.205    -0.190
    23.75    61.75    2125    -0.190    -0.190    -0.190    -0.387    -2.409    -3.105    -2.782    -1.131    -0.753    -0.376    -0.214    -0.190
    23.75    61.75    2126    -0.191    -0.200    -0.270    -1.059    -1.253    -2.069    -3.142    -1.073    -0.245    -0.205    -0.191    -0.190
    23.75    61.75    2127    -0.190    -0.191    -0.198    -0.395    -1.861    -2.932    -2.664    -0.768    -0.240    -0.200    -0.193    -0.190
    23.75    61.75    2128    -0.190    -0.190    -0.190    -0.237    -1.948    -3.180    -2.954    -1.225    -1.165    -0.222    -0.191    -0.193
    23.75    61.75    2129    -0.195    -0.195    -0.195    -0.359    -1.905    -0.424    -1.192    -1.507    -0.527    -0.418    -0.220    -0.195
    23.75    61.75    2130    -0.191    -0.201    -0.268    -0.525    -2.735    -2.521    -0.366    -0.355    -0.281    -0.221    -0.196    -0.191
    21.75    39.75    1980    -0.196    -0.187    -0.397    -0.591    -2.371    -2.908    -2.295    -3.293    -3.395    -2.817    -0.645    -0.240
    21.75    39.75    1981    -0.332    -0.424    -0.988    -2.933    -3.104    -3.377    -3.399    -3.453    -3.405    -2.227    -0.644    -0.599
    21.75    39.75    1982    -0.339    -0.442    -0.698    -0.479    -1.804    -3.164    -2.667    -2.207    -2.262    -0.616    -0.323    -0.265
    21.75    39.75    1983    -0.245    -0.506    -0.388    -0.631    -2.373    -2.341    -2.967    -2.721    -2.397    -1.873    -1.227    -0.193
    21.75    39.75    1984    -0.299    -0.624    -1.381    -2.746    -1.308    -3.158    -3.355    -3.380    -3.034    -2.698    -1.432    -0.230
    21.75    39.75    1985    -0.192    -0.227    -0.503    -2.538    -3.285    -2.966    -2.963    -3.346    -3.069    -2.862    -1.071    -0.182
    21.75    39.75    1986    -0.178    -0.192    -0.234    -0.418    -1.779    -1.884    -2.414    -2.743    -1.266    -1.286    -1.792    -0.804
    21.75    39.75    1987    -0.230    -0.198    -0.296    -0.577    -1.469    -2.081    -3.216    -3.091    -1.674    -0.715    -0.334    -0.213
    21.75    39.75    1988    -0.260    -0.732    -0.829    -1.891    -2.916    -1.227    -2.898    -3.108    -3.279    -0.534    -0.201    -0.192
    21.75    39.75    1989    -0.195    -0.336    -0.245    -1.077    -2.241    -2.690    -3.231    -3.301    -3.070    -3.288    -0.421    -0.184
    21.75    39.75    1990    -0.241    -0.289    -0.327    -1.067    -2.087    -3.248    -3.304    -3.281    -3.379    -1.984    -0.442    -0.507
    21.75    39.75    1991    -0.531    -0.480    -1.148    -2.719    -2.445    -2.684    -3.160    -3.453    -3.381    -3.235    -0.635    -0.239
    21.75    39.75    1992    -0.310    -0.251    -0.432    -0.599    -2.850    -3.325    -3.291    -3.241    -0.949    -0.346    -0.217    -0.184
    21.75    39.75    1993    -0.194    -0.243    -0.318    -0.540    -2.821    -2.911    -3.407    -3.191    -3.285    -2.912    -0.268    -0.176
    21.75    39.75    1994    -0.210    -0.304    -0.651    -0.817    -2.501    -3.195    -3.396    -3.366    -2.834    -1.304    -0.807    -0.345
    21.75    39.75    1995    -0.193    -0.242    -0.304    -0.758    -2.842    -2.588    -2.987    -3.372    -3.399    -1.734    -0.391    -0.196
    21.75    39.75    1996    -0.267    -0.318    -0.478    -0.276    -1.969    -3.291    -3.352    -2.202    -3.383    -2.881    -0.634    -0.388
    21.75    39.75    1997    -0.185    -0.208    -0.345    -1.624    -2.788    -2.992    -2.909    -2.951    -2.206    -3.197    -0.848    -0.243
    21.75    39.75    1998    -0.266    -0.207    -0.423    -2.062    -3.377    -2.841    -3.059    -2.760    -3.336    -1.524    -1.114    -0.254
    21.75    39.75    1999    -0.240    -0.270    -0.788    -3.075    -3.318    -3.245    -3.383    -3.427    -2.877    -2.122    -0.651    -0.183
    21.75    39.75    2000    -0.198    -0.454    -0.844    -0.991    -3.101    -2.876    -3.398    -3.305    -1.220    -1.697    -0.617    -0.296
    21.75    39.75    2001    -0.192    -0.227    -0.211    -1.602    -3.075    -3.051    -3.221    -3.365    -3.348    -1.405    -0.229    -0.198
    21.75    39.75    2002    -0.195    -0.385    -0.780    -3.090    -3.320    -3.262    -3.377    -3.364    -3.457    -1.549    -0.485    -0.293
    21.75    39.75    2003    -0.211    -0.202    -0.305    -0.862    -1.702    -2.688    -3.277    -2.820    -3.327    -2.542    -0.521    -0.219
    21.75    39.75    2004    -0.218    -0.212    -0.237    -1.476    -3.268    -3.397    -3.404    -3.400    -3.164    -2.915    -1.730    -0.413
    21.75    39.75    2005    -0.220    -0.290    -0.643    -3.090    -1.244    -1.981    -3.292    -3.406    -2.573    -0.878    -1.398    -0.410
    21.75    39.75    2006    -0.203    -0.215    -0.562    -2.444    -2.935    -3.224    -3.293    -3.377    -3.248    -1.858    -0.278    -0.191
    21.75    39.75    2007    -0.184    -0.227    -0.480    -2.576    -2.619    -3.355    -3.379    -3.296    -2.789    -1.352    -1.157    -0.274
    21.75    39.75    2008    -0.231    -0.387    -0.463    -1.390    -3.173    -2.399    -3.103    -2.144    -2.687    -2.295    -0.400    -0.222
    21.75    39.75    2009    -0.286    -0.472    -0.565    -0.887    -2.871    -2.404    -3.182    -2.299    -2.678    -1.823    -0.767    -0.216
    21.75    39.75    2010    -0.197    -0.326    -0.483    -1.610    -3.144    -3.372    -3.333    -3.342    -3.278    -2.198    -0.210    -0.208
    21.75    39.75    2011    -0.226    -0.207    -0.542    -2.855    -2.620    -2.982    -3.147    -2.916    -3.155    -3.113    -1.939    -0.784
    21.75    39.75    2012    -0.264    -0.245    -0.297    -0.771    -3.104    -2.819    -3.094    -3.087    -3.138    -3.345    -0.399    -0.185
    21.75    39.75    2013    -0.213    -0.331    -0.993    -3.200    -3.380    -3.412    -3.431    -3.417    -2.861    -1.523    -0.252    -0.200
    21.75    39.75    2014    -0.195    -0.210    -0.297    -1.393    -3.369    -2.974    -3.229    -3.434    -2.271    -0.910    -0.337    -0.242
    21.75    39.75    2015    -0.349    -0.504    -0.573    -0.917    -0.997    -2.436    -3.191    -3.446    -3.378    -3.247    -2.009    -0.255
    21.75    39.75    2016    -0.246    -0.386    -0.352    -1.245    -3.160    -3.406    -3.378    -3.455    -2.286    -2.334    -0.286    -0.184
    21.75    39.75    2017    -0.263    -0.499    -0.307    -2.440    -3.343    -3.368    -3.119    -3.460    -2.712    -2.701    -0.775    -0.212
    21.75    39.75    2018    -0.194    -0.270    -0.243    -0.384    -1.300    -2.983    -3.287    -3.260    -3.467    -1.423    -1.719    -0.246
    21.75    39.75    2019    -0.219    -0.551    -2.076    -3.140    -2.348    -3.237    -3.109    -3.414    -3.450    -1.768    -1.269    -0.232
    21.75    39.75    2020    -0.209    -0.656    -0.428    -0.621    -3.175    -3.354    -3.305    -3.420    -2.123    -0.986    -0.396    -0.182
    21.75    39.75    2021    -0.223    -0.254    -0.660    -1.602    -2.703    -3.302    -2.582    -3.399    -1.893    -1.496    -0.694    -0.542
    21.75    39.75    2022    -0.207    -0.288    -1.739    -2.277    -3.211    -3.496    -3.042    -2.710    -3.409    -3.071    -1.727    -0.692
    21.75    39.75    2023    -0.234    -0.415    -0.690    -0.689    -3.063    -3.382    -3.435    -3.464    -3.499    -1.546    -0.401    -0.200
    21.75    39.75    2024    -0.197    -0.432    -0.294    -1.317    -3.363    -2.993    -2.980    -0.993    -2.878    -3.254    -0.376    -0.231
    21.75    39.75    2025    -0.290    -0.323    -0.435    -1.557    -3.041    -3.425    -3.460    -3.436    -3.401    -2.895    -1.076    -0.224
    21.75    39.75    2026    -0.210    -0.315    -1.620    -3.132    -3.189    -3.345    -2.954    -3.376    -2.450    -1.090    -0.196    -0.181
    21.75    39.75    2027    -0.253    -0.253    -0.629    -0.942    -2.032    -2.452    -2.917    -3.416    -2.885    -2.842    -0.582    -0.179
    21.75    39.75    2028    -0.206    -0.403    -2.421    -2.469    -3.280    -3.345    -3.295    -3.429    -3.131    -1.165    -1.833    -0.371
    21.75    39.75    2029    -0.202    -0.214    -0.318    -0.726    -1.880    -1.429    -2.667    -3.405    -3.255    -3.060    -0.609    -0.215
    21.75    39.75    2030    -0.212    -0.204    -0.886    -2.872    -3.401    -3.435    -3.467    -3.206    -1.172    -1.369    -2.386    -2.340
    21.75    39.75    2031    -0.959    -1.811    -3.402    -2.986    -3.126    -3.251    -3.479    -3.012    -2.657    -0.558    -0.395    -0.314
    21.75    39.75    2032    -0.342    -0.777    -2.271    -3.239    -1.120    -1.911    -3.031    -3.325    -2.518    -1.615    -1.164    -0.191
    21.75    39.75    2033    -0.201    -0.564    -2.220    -3.007    -3.238    -3.363    -3.274    -3.438    -3.234    -0.942    -1.394    -0.539
    21.75    39.75    2034    -0.298    -0.479    -0.760    -0.783    -1.909    -3.391    -3.221    -3.432    -2.671    -2.705    -2.956    -0.348
    21.75    39.75    2035    -0.195    -0.433    -0.518    -0.707    -3.322    -3.435    -3.398    -2.976    -3.416    -3.120    -1.266    -0.396
    21.75    39.75    2036    -0.240    -0.249    -0.479    -1.553    -2.887    -3.427    -2.765    -3.436    -3.474    -3.040    -2.252    -0.616
    21.75    39.75    2037    -0.294    -0.259    -1.190    -2.697    -2.313    -3.408    -2.953    -1.257    -2.286    -0.574    -0.294    -0.185
    21.75    39.75    2038    -0.194    -0.342    -0.484    -0.761    -1.786    -3.423    -3.450    -3.458    -1.738    -1.132    -0.277    -0.175
    21.75    39.75    2039    -0.189    -0.211    -0.249    -0.432    -1.335    -2.997    -3.430    -3.467    -3.008    -2.106    -3.360    -1.700
    21.75    39.75    2040    -0.742    -0.626    -1.070    -2.833    -2.377    -2.905    -3.365    -3.299    -2.346    -0.568    -0.291    -0.193
    21.75    39.75    2041    -0.226    -0.218    -0.340    -0.791    -1.513    -1.863    -1.766    -2.939    -2.954    -2.629    -1.529    -0.186
    21.75    39.75    2042    -0.194    -0.197    -0.227    -0.878    -2.507    -3.377    -2.963    -3.476    -2.731    -2.291    -0.209    -0.174
    21.75    39.75    2043    -0.179    -0.260    -0.450    -0.498    -2.801    -2.824    -2.788    -3.349    -3.318    -2.943    -2.895    -3.210
    21.75    39.75    2044    -2.044    -0.350    -0.208    -0.250    -1.585    -2.978    -3.311    -3.282    -3.268    -3.358    -3.170    -1.967
    21.75    39.75    2045    -0.627    -0.239    -0.592    -2.578    -3.430    -3.081    -3.400    -3.222    -3.468    -3.143    -1.766    -0.345
    21.75    39.75    2046    -0.193    -0.357    -0.722    -1.398    -2.261    -2.896    -3.222    -2.646    -1.346    -0.711    -0.448    -0.244
    21.75    39.75    2047    -0.199    -0.211    -0.222    -0.841    -2.938    -2.528    -3.108    -2.818    -2.796    -2.574    -1.120    -0.415
    21.75    39.75    2048    -0.202    -0.398    -0.505    -2.528    -1.613    -2.483    -3.005    -2.329    -0.900    -1.984    -0.591    -0.245
    21.75    39.75    2049    -0.187    -0.251    -0.265    -1.671    -2.907    -3.340    -3.063    -3.001    -3.061    -1.029    -0.440    -0.211
    21.75    39.75    2050    -0.227    -0.227    -0.400    -1.668    -3.328    -3.346    -3.374    -3.336    -2.788    -3.309    -2.387    -0.725
    21.75    39.75    2051    -0.189    -0.255    -0.354    -2.033    -3.367    -3.345    -3.342    -3.180    -3.109    -1.660    -0.626    -0.317
    21.75    39.75    2052    -0.185    -0.191    -0.610    -2.813    -3.374    -3.350    -3.310    -2.181    -2.710    -3.266    -0.442    -0.188
    21.75    39.75    2053    -0.252    -0.216    -0.407    -1.324    -2.503    -3.155    -2.847    -3.320    -3.166    -3.431    -0.844    -0.277
    21.75    39.75    2054    -0.256    -0.208    -0.244    -1.388    -3.289    -2.492    -3.307    -3.438    -2.286    -1.153    -0.254    -0.227
    21.75    39.75    2055    -0.245    -0.340    -0.267    -0.694    -1.325    -2.552    -3.086    -2.012    -2.543    -2.950    -1.110    -0.202
    21.75    39.75    2056    -0.245    -0.379    -1.516    -1.674    -2.776    -3.340    -2.937    -3.132    -3.227    -2.156    -2.862    -0.413
    21.75    39.75    2057    -0.224    -0.406    -0.926    -2.147    -3.245    -2.896    -3.179    -2.993    -3.314    -3.226    -3.341    -1.413
    21.75    39.75    2058    -0.216    -0.249    -0.931    -2.534    -3.346    -3.349    -3.307    -2.561    -3.256    -2.025    -1.323    -0.532
    21.75    39.75    2059    -0.202    -0.288    -1.188    -2.948    -3.424    -3.379    -3.384    -3.350    -2.594    -1.179    -1.390    -0.611
    21.75    39.75    2060    -0.210    -0.386    -0.968    -2.294    -2.140    -2.605    -3.367    -3.326    -3.332    -3.188    -1.107    -0.216
    21.75    39.75    2061    -0.197    -0.487    -1.290    -2.990    -3.434    -2.664    -2.912    -3.345    -2.653    -3.420    -1.622    -0.490
    21.75    39.75    2062    -0.339    -0.482    -0.279    -0.578    -2.476    -3.176    -3.392    -3.356    -2.568    -2.399    -0.205    -0.197
    21.75    39.75    2063    -0.192    -0.237    -0.505    -2.306    -3.277    -3.321    -3.344    -3.418    -3.398    -2.846    -0.807    -0.178
    21.75    39.75    2064    -0.211    -0.342    -0.315    -1.430    -3.226    -3.194    -3.324    -3.383    -3.100    -3.166    -0.808    -0.192
    21.75    39.75    2065    -0.202    -0.199    -0.259    -1.862    -3.456    -3.310    -3.321    -3.444    -3.157    -0.813    -0.239    -0.185
    21.75    39.75    2066    -0.263    -0.515    -0.476    -0.643    -2.888    -3.309    -3.310    -2.973    -3.229    -2.297    -1.039    -0.277
    21.75    39.75    2067    -0.277    -0.239    -0.592    -1.090    -2.493    -3.346    -3.378    -3.441    -3.468    -3.289    -2.831    -0.986
    21.75    39.75    2068    -0.192    -0.197    -0.550    -1.371    -1.452    -3.192    -3.419    -2.846    -2.304    -2.925    -0.278    -0.221
    21.75    39.75    2069    -0.319    -0.255    -1.409    -2.911    -3.373    -3.484    -3.444    -3.273    -3.192    -3.188    -0.628    -0.183
    21.75    39.75    2070    -0.196    -0.213    -0.597    -1.423    -1.226    -2.631    -3.293    -3.251    -2.941    -1.613    -0.643    -0.260
    21.75    39.75    2071    -0.187    -0.255    -0.729    -2.561    -3.288    -3.410    -3.323    -3.374    -2.504    -2.764    -0.387    -0.186
    21.75    39.75    2072    -0.178    -0.279    -0.677    -1.415    -2.944    -3.449    -2.571    -3.372    -2.729    -2.829    -1.796    -0.255
    21.75    39.75    2073    -0.264    -0.215    -0.452    -1.736    -2.996    -2.747    -3.157    -3.485    -3.324    -3.010    -0.630    -0.182
    21.75    39.75    2074    -0.224    -0.278    -0.790    -2.832    -3.379    -3.318    -3.337    -3.403    -3.461    -2.331    -1.316    -0.878
    21.75    39.75    2075    -0.196    -0.201    -0.415    -2.343    -3.137    -3.242    -3.432    -3.464    -2.491    -3.055    -2.819    -0.723
    21.75    39.75    2076    -0.343    -0.355    -0.679    -1.325    -1.839    -3.177    -3.362    -2.522    -3.051    -3.417    -0.573    -0.241
    21.75    39.75    2077    -0.335    -0.427    -0.479    -1.837    -3.352    -3.439    -3.401    -3.360    -3.421    -3.174    -3.297    -2.470
    21.75    39.75    2078    -0.217    -0.284    -1.403    -2.906    -3.311    -3.340    -3.198    -3.396    -3.362    -3.432    -2.037    -0.477
    21.75    39.75    2079    -0.293    -0.389    -0.716    -1.281    -1.412    -3.037    -3.285    -3.371    -0.679    -1.996    -1.686    -0.506
    21.75    39.75    2080    -0.215    -0.273    -0.543    -1.861    -2.999    -3.334    -2.838    -3.324    -3.159    -3.056    -0.712    -0.394
    21.75    39.75    2081    -0.233    -0.202    -0.610    -1.506    -2.557    -2.938    -2.992    -3.363    -3.344    -2.356    -0.262    -0.235
    21.75    39.75    2082    -0.198    -0.257    -1.167    -3.059    -3.225    -3.313    -3.429    -3.475    -2.773    -3.127    -1.363    -0.332
    21.75    39.75    2083    -0.227    -0.379    -0.838    -3.164    -3.383    -3.246    -3.450    -3.395    -2.593    -2.513    -1.347    -0.971
    21.75    39.75    2084    -0.337    -0.384    -0.652    -0.445    -2.134    -3.273    -3.135    -2.938    -3.328    -2.515    -0.938    -0.192
    21.75    39.75    2085    -0.187    -0.247    -0.286    -0.925    -3.157    -3.401    -3.244    -3.088    -3.294    -0.971    -0.412    -0.179
    21.75    39.75    2086    -0.218    -0.202    -0.221    -1.206    -3.300    -3.334    -3.394    -3.346    -2.206    -3.202    -1.548    -0.406
    21.75    39.75    2087    -0.215    -0.812    -0.932    -2.224    -3.317    -3.435    -3.433    -3.323    -3.245    -2.677    -2.866    -1.098
    21.75    39.75    2088    -0.737    -0.593    -0.638    -2.823    -3.351    -3.342    -3.335    -3.342    -3.035    -3.376    -1.399    -0.263
    21.75    39.75    2089    -0.210    -0.614    -1.845    -2.535    -3.174    -3.247    -2.255    -1.997    -2.679    -2.568    -1.215    -0.184
    21.75    39.75    2090    -0.200    -0.319    -1.132    -3.216    -3.316    -3.220    -3.438    -3.431    -3.341    -3.149    -2.826    -0.638
    21.75    39.75    2091    -0.415    -0.337    -0.522    -1.369    -3.245    -3.220    -3.135    -3.175    -3.381    -3.399    -0.713    -0.844
    21.75    39.75    2092    -0.621    -0.291    -0.536    -2.834    -3.329    -3.306    -3.263    -3.387    -2.539    -2.241    -1.048    -0.423
    21.75    39.75    2093    -0.255    -0.426    -1.316    -1.881    -3.046    -3.182    -3.064    -3.273    -2.871    -3.196    -0.377    -0.214
    21.75    39.75    2094    -0.210    -0.356    -0.319    -2.100    -3.309    -3.364    -3.316    -3.152    -3.181    -3.248    -3.226    -1.245
    21.75    39.75    2095    -0.191    -0.339    -1.479    -1.315    -2.434    -2.937    -2.767    -3.325    -2.752    -2.831    -0.652    -0.289
    21.75    39.75    2096    -0.199    -0.295    -0.729    -2.494    -3.356    -3.315    -3.379    -3.386    -2.397    -3.043    -0.876    -0.325
    21.75    39.75    2097    -0.203    -0.243    -0.486    -1.526    -2.928    -3.026    -3.388    -3.253    -3.247    -3.355    -1.404    -0.325
    21.75    39.75    2098    -0.192    -0.319    -0.738    -2.934    -3.103    -3.271    -3.420    -3.411    -2.804    -2.968    -1.645    -0.267
    21.75    39.75    2099    -0.200    -0.433    -1.790    -2.794    -2.506    -2.047    -2.931    -3.364    -3.052    -2.225    -1.262    -0.211
    21.75    39.75    2100    -0.227    -0.360    -0.784    -1.169    -2.325    -3.330    -3.194    -3.303    -2.550    -3.138    -1.922    -1.984
    21.75    39.75    2101    -0.494    -0.279    -0.498    -2.637    -3.300    -3.358    -3.230    -3.366    -2.859    -0.707    -0.548    -0.303
    21.75    39.75    2102    -0.183    -0.232    -0.685    -1.527    -2.579    -3.389    -2.579    -3.348    -3.137    -2.269    -1.690    -0.391
    21.75    39.75    2103    -0.291    -0.226    -0.470    -1.436    -2.748    -2.886    -3.149    -3.433    -3.136    -3.136    -0.428    -0.176
    21.75    39.75    2104    -0.246    -0.262    -0.764    -2.549    -3.341    -3.314    -3.387    -3.402    -3.397    -2.053    -1.796    -1.099
    21.75    39.75    2105    -0.197    -0.234    -0.371    -1.924    -3.182    -3.155    -3.409    -3.338    -2.682    -2.627    -2.800    -0.901
    21.75    39.75    2106    -0.323    -0.345    -0.613    -1.214    -1.491    -3.087    -3.376    -2.457    -2.815    -3.430    -0.973    -0.222
    21.75    39.75    2107    -0.276    -0.506    -0.448    -1.468    -3.273    -3.408    -3.383    -3.363    -3.418    -2.957    -3.304    -1.246
    21.75    39.75    2108    -0.259    -0.259    -1.251    -2.461    -3.258    -3.334    -3.248    -3.437    -3.400    -3.443    -2.449    -0.816
    21.75    39.75    2109    -0.299    -0.353    -0.762    -0.686    -1.971    -2.605    -2.982    -3.149    -1.903    -1.188    -1.468    -0.424
    21.75    39.75    2110    -0.197    -0.224    -0.567    -2.023    -2.345    -3.057    -2.501    -3.148    -2.885    -2.830    -0.684    -0.247
    21.75    39.75    2111    -0.229    -0.206    -0.652    -1.473    -2.446    -2.721    -2.751    -3.339    -3.336    -1.034    -0.507    -0.212
    21.75    39.75    2112    -0.209    -0.265    -0.742    -2.438    -2.800    -3.280    -3.281    -3.470    -2.528    -3.149    -1.429    -0.316
    21.75    39.75    2113    -0.282    -0.335    -0.857    -2.634    -3.171    -3.136    -3.425    -3.388    -2.628    -2.250    -1.826    -0.816
    21.75    39.75    2114    -0.311    -0.388    -0.887    -0.799    -1.346    -3.086    -3.017    -2.521    -3.204    -2.120    -0.534    -0.206
    21.75    39.75    2115    -0.192    -0.253    -0.297    -0.821    -2.672    -3.272    -3.271    -2.949    -3.164    -1.476    -0.229    -0.184
    21.75    39.75    2116    -0.218    -0.206    -0.202    -1.172    -3.200    -3.351    -3.306    -3.203    -2.631    -2.565    -1.053    -0.550
    21.75    39.75    2117    -0.232    -0.777    -1.120    -1.643    -3.069    -3.391    -3.395    -3.300    -3.118    -2.695    -2.599    -0.779
    21.75    39.75    2118    -0.860    -0.663    -0.476    -2.491    -3.293    -3.363    -3.314    -3.311    -2.968    -3.377    -1.174    -0.361
    21.75    39.75    2119    -0.211    -0.601    -1.618    -1.936    -2.657    -2.936    -2.181    -2.134    -1.890    -1.943    -0.424    -0.191
    21.75    39.75    2120    -0.244    -0.268    -1.012    -2.842    -3.253    -3.199    -3.297    -3.287    -2.984    -2.872    -2.056    -1.277
    21.75    39.75    2121    -0.533    -0.384    -0.540    -0.983    -3.140    -3.156    -2.806    -3.229    -3.360    -3.220    -1.347    -0.772
    21.75    39.75    2122    -0.543    -0.248    -0.466    -2.627    -3.309    -3.346    -3.402    -3.370    -2.580    -2.525    -0.789    -0.263
    21.75    39.75    2123    -0.288    -0.515    -1.158    -1.669    -2.801    -3.128    -3.191    -3.364    -2.908    -2.983    -0.407    -0.233
    21.75    39.75    2124    -0.235    -0.305    -0.317    -1.353    -3.165    -3.331    -3.282    -3.145    -3.212    -3.457    -3.298    -0.615
    21.75    39.75    2125    -0.196    -0.364    -1.487    -1.831    -2.308    -2.830    -2.936    -3.347    -3.191    -0.987    -0.702    -0.248
    21.75    39.75    2126    -0.182    -0.261    -0.714    -2.445    -3.278    -3.238    -3.362    -3.373    -2.264    -2.887    -0.361    -0.389
    21.75    39.75    2127    -0.255    -0.250    -0.407    -1.411    -2.909    -3.259    -3.377    -3.353    -3.078    -3.423    -1.226    -0.248
    21.75    39.75    2128    -0.211    -0.288    -0.799    -2.587    -3.102    -3.368    -3.441    -3.427    -2.404    -3.252    -2.517    -0.258
    21.75    39.75    2129    -0.192    -0.287    -1.657    -2.771    -1.442    -3.180    -2.855    -3.408    -3.179    -3.309    -0.323    -0.185
    21.75    39.75    2130    -0.243    -0.406    -0.778    -0.946    -2.476    -3.328    -3.210    -3.304    -3.305    -2.070    -2.114    -1.386
