      Lon      Lat    Year       Jan       Feb       Mar       Apr       May       Jun       Jul       Aug       Sep       Oct       Nov       Dec
     9.75    49.75    1980     0.000     0.000    23.667    13.331     9.438    21.522    15.532    19.364     7.772     3.847     3.602     3.615
     9.75    49.75    1981     9.331    16.258    22.264    15.984     6.845     1.573     2.786     5.461    11.761     8.786     8.409     5.746
     9.75    49.75    1982     5.191    16.756    27.417    41.329    12.995     3.986    15.422    14.596    12.887     5.841     3.224     3.938
     9.75    49.75    1983     0.599    16.604    17.745    10.307     5.641    11.301    14.262     6.791     2.474     1.088     5.457     5.792
     9.75    49.75    1984     9.408    14.044    23.240    29.066    18.411    22.855     5.660     3.440     2.316     1.112     3.528     3.019
     9.75    49.75    1985     0.000     0.000    27.396    17.251     9.999    16.030     8.597    10.769     7.555     5.046     5.528     2.691
     9.75    49.75    1986     0.000     0.000     0.000    19.682    14.830     3.660     6.418     2.133     7.608     9.521     4.870     7.594
     9.75    49.75    1987     0.480     0.000    21.531    19.971    22.184    26.139    16.027     7.513    11.193     5.007     3.920     4.541
     9.75    49.75    1988     8.872    12.606    22.284    10.130     4.862     4.139     6.496     1.640     1.641     0.331     1.056     3.063
     9.75    49.75    1989     2.361     0.000    21.398    37.650    35.344    14.380     9.642     5.735     7.292     3.779     4.825     5.782
     9.75    49.75    1990     7.940     3.656    14.523    38.877    21.716    10.362     9.007     5.113     1.986     1.438     2.255     4.998
     9.75    49.75    1991     5.327    16.563    25.603    16.558    11.106    21.134     7.770     3.088     1.209     1.583     2.231     6.679
     9.75    49.75    1992     9.742    12.883    27.625    33.213    11.472    14.047     9.128     6.366     2.600     0.946     2.810     1.895
     9.75    49.75    1993     0.000     0.000    10.889    26.373     6.777     7.724     4.647     4.530    13.166     9.704     8.314     1.648
     9.75    49.75    1994     0.063    17.395    31.719    22.651     8.134     4.690     2.061     4.338     3.588     1.123     4.586     7.291
     9.75    49.75    1995     1.698     0.000    10.135    35.969    20.762     5.929    13.158    22.700     4.178     2.898     6.598     7.211
     9.75    49.75    1996     2.465    18.486    24.282    22.689     5.360     6.443     8.247    12.990     6.817     5.549     5.272     4.685
     9.75    49.75    1997     1.201     0.000    21.850    22.493    19.882    27.899    11.644     6.079     5.841     3.436     4.584     3.064
     9.75    49.75    1998     9.081    13.371    26.289    12.395     4.655    11.596     3.131     1.790     9.713     4.229     3.149     4.199
     9.75    49.75    1999     6.799    16.517    22.998    17.304     2.850    16.765     1.777     1.022     0.731     0.778     3.964     5.339
     9.75    49.75    2000     8.575    17.379    18.758    10.706     4.127    12.375    12.848     5.991     6.626     3.433     8.831     2.332
     9.75    49.75    2001     0.000     0.000     0.000    27.934    11.056    10.137     7.011    11.581     2.495     1.394     3.768     7.079
     9.75    49.75    2002     9.485    11.048    24.775    16.569    17.882     1.772     0.530     3.235     8.422     4.305     2.421     2.337
     9.75    49.75    2003     1.677     0.000    23.460    16.109    11.482     9.812    16.824    16.768     6.852     2.728     5.216     8.548
     9.75    49.75    2004     9.516    14.111    25.559    13.087    15.617    11.665     2.709     5.942     8.103     5.507     6.042     7.542
     9.75    49.75    2005     2.405     4.904    28.005    11.814    12.138     8.070     5.781     4.918     3.709     1.597     8.944     8.245
     9.75    49.75    2006     2.728    12.043    30.414    19.986     5.894    15.753    25.774    26.394    12.177     5.906    10.899     7.576
     9.75    49.75    2007     0.938     0.000    29.328    16.055     4.489     7.152     8.627     3.158     0.956     1.033     3.968     6.945
     9.75    49.75    2008     9.809    19.374    21.281     3.638     1.254     4.502     5.914     5.115     3.448     5.095     9.364     6.201
     9.75    49.75    2009     1.959     0.000     0.000    29.286    12.627    15.882    13.023    24.751    11.137     5.852     7.544     6.153
     9.75    49.75    2010     9.454    16.979    12.705     3.791     3.635     7.699     7.913     4.051     9.792     8.145     7.770     7.739
     9.75    49.75    2011    11.088    13.347    17.073     5.748     4.976     9.943     4.014     2.252     1.340     3.181     6.835     7.316
     9.75    49.75    2012     9.080    16.766    22.302     6.037     3.415     4.739     2.614     4.733     5.308     4.999     6.450     2.060
     9.75    49.75    2013     0.000     2.500    30.178    28.832     5.187     5.606     9.880     5.788     5.545     4.001     4.973     5.942
     9.75    49.75    2014     0.000     8.675    25.288    14.000     8.363     3.387     6.079    12.706    10.699     3.062     2.423     5.318
     9.75    49.75    2015     9.299    13.603    23.040    14.880     7.340     1.693     1.548     2.616     1.502     0.819     1.516     1.486
     9.75    49.75    2016     0.000     0.000    18.927     9.327     0.663     2.846     7.853     7.048     3.091     1.630     7.122     7.389
     9.75    49.75    2017    10.459    17.654    18.623     4.730     1.156    27.107    26.812    10.644     3.217     3.705     9.653     7.202
     9.75    49.75    2018     3.650    10.379    24.448    11.959     5.164     2.131     5.658     3.739     1.363     2.026     3.226     4.176
     9.75    49.75    2019     0.496    13.373    14.201    13.396    13.150    14.444    10.972     9.338     4.257     1.030     3.416     2.300
     9.75    49.75    2020     6.433    15.031    25.715    23.397    16.594    18.598     6.872     1.781     2.833     3.878     4.593     6.449
     9.75    49.75    2021     9.310    21.311    23.195    16.938     3.902     6.599     2.263     7.724    11.570     5.814     7.268     3.878
     9.75    49.75    2022     7.294    14.631    21.475     9.435    10.460    15.913     9.260     4.853     3.188     6.873     6.986     4.179
     9.75    49.75    2023     6.082    16.673    19.306     7.059    12.101    13.650    12.353     8.473     3.198     7.437    10.354     6.895
     9.75    49.75    2024     2.409    15.024    25.226     6.438     3.429     2.019     2.691     0.746     0.520     2.762     8.575     7.578
     9.75    49.75    2025     1.153    13.458    20.343    16.030    11.309     3.150     5.724     2.945     1.209     1.351     3.174     2.154
     9.75    49.75    2026     2.774    11.997    28.073    15.417    11.116    25.156    11.817    10.124    13.583     7.619     2.600     4.786
     9.75    49.75    2027     7.225     2.518    27.023    23.807     9.098    26.068    10.986     2.088     0.323     0.536     2.520     5.926
     9.75    49.75    2028     7.388    15.089    13.631    25.879    21.743     9.877     9.151     6.962    11.525     7.909    12.308     5.660
     9.75    49.75    2029     8.532    14.941    24.757    28.093     7.542     8.166     9.790     6.565     3.622     3.476     1.772     1.438
     9.75    49.75    2030     4.248     8.902    13.579    13.373     6.542     1.876     3.380     1.973     2.139     3.037     4.555     2.312
     9.75    49.75    2031     0.000    13.360    19.129    24.847    12.486     9.484     7.135    18.276    14.322     5.907     2.293     2.766
     9.75    49.75    2032     0.000     0.000    18.118    21.292     5.208     3.426     2.556     8.764     4.955     0.615     1.922     5.030
     9.75    49.75    2033     7.603    14.144    14.907     7.952    18.401     6.985     3.566     2.411     1.510     2.367     5.628     3.450
     9.75    49.75    2034     0.621    13.807    20.017     6.040     1.239     5.079    13.722     6.134     2.529     2.656     4.881     3.718
     9.75    49.75    2035     6.745    13.123    25.137    16.767     6.858     1.232     3.581     3.181     1.146     2.030     3.736     5.600
     9.75    49.75    2036     7.440    12.943    22.826    11.081     8.615    13.030    10.015     7.513     4.585     3.466     5.294     1.596
     9.75    49.75    2037     6.098    14.577    11.086     2.857     3.094     3.054     5.851    10.976     2.832     0.281     1.981     4.679
     9.75    49.75    2038     6.000    13.901    27.204    22.407     5.636     1.279     8.652    27.155     9.227     2.337     4.638     7.115
     9.75    49.75    2039     3.261     0.000    25.169    20.943    15.042     8.442     2.403     3.064     3.452     4.324     3.668     6.161
     9.75    49.75    2040     7.435    12.130    23.395    25.761    14.433    19.878     8.838     5.925     1.363     2.113     2.575     1.290
     9.75    49.75    2041     0.431     0.268    17.820    24.758    19.011    38.972    16.031     9.374    13.651     8.478     2.946     4.031
     9.75    49.75    2042     0.000    13.018    18.488     6.768     3.540     3.358     4.970    10.249    12.438     9.194     7.267     4.568
     9.75    49.75    2043     0.000     2.258    24.587    10.426     9.412     2.642     2.146     3.447     3.279     1.139     3.625     2.952
     9.75    49.75    2044     8.074    11.988    20.779    17.356     7.391    11.064    20.836    12.443     3.847     2.401     5.886     6.166
     9.75    49.75    2045     8.537    12.781    26.116    17.525    19.480     7.814     4.329     6.961     2.919     1.195     3.367     2.644
     9.75    49.75    2046     0.000    11.769    23.313    16.333    17.691    15.846    31.584    10.665     1.640     0.801     3.009     3.570
     9.75    49.75    2047     6.046    14.119    17.621    11.313     7.264     4.353     6.353     4.299     1.164     0.427     1.716     3.758
     9.75    49.75    2048     6.180    14.393    24.074    12.681     3.157     1.991    10.337     6.901     1.824     1.447     0.711     2.024
     9.75    49.75    2049     0.726     5.814    22.524    12.921     7.595     5.459     7.604    26.419    14.356     5.663     6.579     1.542
     9.75    49.75    2050     6.869    15.177    16.291    20.709    18.715     5.557     1.449     1.144     5.748    12.267     9.452     5.645
     9.75    49.75    2051     1.881    13.636    18.111     6.792     6.054     8.651     3.563     5.793    10.729     9.745     8.972     6.318
     9.75    49.75    2052     0.731     5.848    25.139    12.279     7.701     2.984     2.234     5.066     3.582    10.493     8.515     7.013
     9.75    49.75    2053     8.822    12.178    20.993    18.353     5.899    15.387    18.939     1.013     0.663     1.368     3.363     2.743
     9.75    49.75    2054     1.609     7.328    18.807    16.024     4.974     5.909     6.814    12.810     5.933     3.905     4.703     5.392
     9.75    49.75    2055     1.259     5.819    20.874     9.231     2.004     1.192     2.636     1.303     0.659     1.109     5.112     4.648
     9.75    49.75    2056     7.161    13.530    13.885     9.249     6.391     9.352    13.841     2.484     1.178     1.082     4.022     4.333
     9.75    49.75    2057     6.390     8.781    12.686    17.022    15.430     4.422     7.397    20.883    13.253     4.717     4.284     4.937
     9.75    49.75    2058     1.912    11.686    10.992    10.077    15.589     6.309     2.102     4.517     1.802     0.337     2.067     4.873
     9.75    49.75    2059     9.639    10.098     7.951     7.963     7.696    11.235     5.226     0.690     0.321     0.313     1.605     4.867
     9.75    49.75    2060     7.609    11.003     9.224     5.157     9.105    25.518    24.458     7.668     5.324     2.553     5.966     5.117
     9.75    49.75    2061     6.494    10.101    21.438    11.926     2.750     2.763     5.158     5.111     1.346     1.008     2.446     3.506
     9.75    49.75    2062     0.637    11.071    18.934    14.748     9.946     1.658     3.624     5.106     3.166     1.098     0.690     1.036
     9.75    49.75    2063     4.135     7.477     9.694     3.911     4.662     7.291     1.028     1.763     7.450     6.317     5.867     5.453
     9.75    49.75    2064     7.379     0.000    18.311    11.804    10.653     7.511     4.677     4.094     5.697     5.701     5.065     4.862
     9.75    49.75    2065     6.111    12.036    13.633     4.243     4.872     3.222     4.794     3.171     3.957     2.004     1.233     1.948
     9.75    49.75    2066     0.556    11.629    11.629    11.865     7.323    11.380     2.789     0.863     0.377     0.373     0.929     3.372
     9.75    49.75    2067     1.079    12.965    19.313     8.196     0.963     1.763     3.903     2.132     1.567     0.659     1.040     0.376
     9.75    49.75    2068     0.000    10.516    15.362    14.844    14.639     4.474    22.320    32.457    10.296     3.754     6.228     6.117
     9.75    49.75    2069     6.230    10.697    13.644     1.747     1.992     2.057     8.627     6.931     2.690     0.772     0.630     1.920
     9.75    49.75    2070     2.753    13.243    17.477    14.287     8.990     3.187     2.581     1.964     2.029     2.723     3.286     1.394
     9.75    49.75    2071     0.000     9.844    20.763    13.919     5.050     7.504     4.166     2.486     1.411     3.029     4.090     3.275
     9.75    49.75    2072     5.908    12.687    13.066     6.283    16.710    15.217     1.889     3.582     2.503     2.183     4.065     1.751
     9.75    49.75    2073     0.000     0.000     3.238    23.888     3.320     3.501     8.563     3.960     2.085     1.081     0.901     2.195
     9.75    49.75    2074     1.906    11.667    16.559    16.130     6.023     1.823     1.073     2.338     1.142     6.067     4.520     4.279
     9.75    49.75    2075     6.789     4.517    19.480     8.214     6.639    13.509    11.028     4.397     1.168     1.182     4.956     2.841
     9.75    49.75    2076     4.218    11.355    15.190    11.794     3.955     2.079     2.567     2.596     2.823     0.772     0.917     1.930
     9.75    49.75    2077     3.515     8.314     7.982    11.627    10.127     1.652     6.738     6.046     2.142     3.132     4.687     4.871
     9.75    49.75    2078     2.185     0.000     6.709    24.593     5.376     1.476    12.322     3.338     2.162     1.181     1.286     1.320
     9.75    49.75    2079     0.000    10.493    16.205    16.433    10.696     3.999     4.867     1.532     0.890     0.330     1.907     3.831
     9.75    49.75    2080     5.576     9.694    14.236     3.208     2.375     3.818     9.001    10.205     9.965     5.488     4.256     2.085
     9.75    49.75    2081     2.260    10.553    15.939    10.437     9.440    13.940     4.753     5.330     2.647     0.612     0.744     0.623
     9.75    49.75    2082     3.376     9.778    20.412    19.080     9.534     7.452     2.118     0.583     0.315     0.202     0.913     3.222
     9.75    49.75    2083     5.960     7.844    16.326    18.677    14.005     2.039     0.625     1.953     0.912     1.904     3.380     3.312
     9.75    49.75    2084     1.821     0.416    17.104     7.110     3.596     4.950     3.784     2.539     4.049     4.065     3.839     4.009
     9.75    49.75    2085     2.792    10.682    13.381    15.197     3.111     2.789     1.216     0.512     0.645     1.036     2.391     4.176
     9.75    49.75    2086     0.914     5.369    12.786     2.088     1.327     5.477     7.660     4.572     3.613     1.828     2.543     0.949
     9.75    49.75    2087     0.000     7.997    16.104    11.221     8.259     3.142     1.871     1.746     0.911     0.940     1.524     0.330
     9.75    49.75    2088     0.000     0.000    16.952     4.009     3.146     4.412     4.194    13.539     6.749     4.691     6.076     3.125
     9.75    49.75    2089     0.000     0.346    20.991    12.880    11.664     4.133     3.472     1.960     0.763     0.463     0.424     2.116
     9.75    49.75    2090     5.688     9.588    16.101    12.127     2.697     1.862     1.276     0.920     1.819     3.131     3.066     2.986
     9.75    49.75    2091     0.769     0.000    12.404     5.872     0.566     0.867     0.698     2.726     0.676     1.442     2.630     1.783
     9.75    49.75    2092     4.138     9.561    16.498    10.749     4.677     1.361     1.195    24.624    14.700     4.907     1.871     4.219
     9.75    49.75    2093     3.481     0.000    19.252    14.938     1.133     0.586     0.677     1.064     0.766     2.500     5.685     5.136
     9.75    49.75    2094     1.562    10.989     9.892     6.153     9.718     5.609     1.466     3.385     0.605     1.323     3.158     2.209
     9.75    49.75    2095     5.545    10.956    16.632    14.768    13.361     2.211     0.591     2.030     1.732     1.003     1.420     4.268
     9.75    49.75    2096     6.549    10.121    13.199     8.350     8.246     5.941     1.493     4.406     1.648     0.360     1.406     4.305
     9.75    49.75    2097     6.286    10.656    15.728    10.433    14.297     6.365     0.983     1.529     1.106     2.320     3.566     5.446
     9.75    49.75    2098     2.552     5.035    16.898    11.185    14.352    12.024     5.784     4.316     4.406     0.555     1.209     2.691
     9.75    49.75    2099     5.257    10.859     7.704     1.759     9.285    13.634     2.338     3.843     3.173     1.858     2.087     1.044
     9.75    49.75    2100     0.000     7.651    18.436    10.530     3.716     5.424     8.386     2.272     2.273     1.384     1.296     1.798
     9.75    49.75    2101     2.750    12.474    18.491    11.000     3.749     9.526     4.539     3.164     2.487     3.500     2.453     2.533
     9.75    49.75    2102     6.265    11.878    10.833     6.161    16.397     9.330     2.434     9.745     4.302     2.960     3.419     1.799
     9.75    49.75    2103     0.000     0.000     1.086    23.641     8.103     5.737     7.588     7.151     5.179     2.563     1.267     1.704
     9.75    49.75    2104     0.556    12.839    16.396    14.622     6.378     3.269     2.998     5.529     2.095     2.814     4.694     5.654
     9.75    49.75    2105     3.028     1.329    22.001     8.127     7.954     8.958     8.973     6.143     1.866     1.966     3.665     2.316
     9.75    49.75    2106     0.607    13.550    17.342    12.083     4.370     1.467     1.198     1.613     1.059     0.662     0.611     1.031
     9.75    49.75    2107     4.179     7.884     7.248     6.590     7.480     1.349     5.454     3.918     1.591     2.458     2.772     5.318
     9.75    49.75    2108     1.642     0.000     2.187    27.515     2.979     0.897     5.288     6.985     2.276     0.905     0.689     1.018
     9.75    49.75    2109     0.000     6.959    21.886    14.970     7.368     4.052     1.674     0.966     0.421     0.390     1.849     3.790
     9.75    49.75    2110     6.506    11.725    18.629     3.973     2.931     5.007     7.037    12.786     6.899     3.898     4.703     1.841
     9.75    49.75    2111     2.571    11.175    18.446    12.446     5.605    14.060     7.002     4.397     3.452     0.705     0.648     0.209
     9.75    49.75    2112     0.000    12.196    21.978    19.984    12.483     4.091     2.371     0.934     0.462     0.503     0.675     3.221
     9.75    49.75    2113     6.567     9.717    15.495    26.957     9.470     2.078     1.449     2.507     1.756     1.710     3.412     4.734
     9.75    49.75    2114     2.023     0.000    21.267     6.152     2.747     7.719     1.899     5.293     2.197     3.837     4.179     4.160
     9.75    49.75    2115     2.174    11.967    16.764    10.622     3.860     3.478     1.068     0.822     0.864     0.830     2.064     4.351
     9.75    49.75    2116     0.601     6.555    12.024     1.377     0.714     4.037     2.920     3.506     2.364     0.469     2.148     0.675
     9.75    49.75    2117     0.000     9.301    17.341     9.084     7.260     1.067     0.875     1.050     0.482     0.394     0.873     0.707
     9.75    49.75    2118     0.000     0.000    17.473     2.075     4.030     1.537     3.070    12.227     5.292     4.008     4.431     4.210
     9.75    49.75    2119     0.000     1.866    23.337     9.851     9.265     3.700     2.426     1.874     0.569     0.360     0.582     1.249
     9.75    49.75    2120     0.000    14.042    22.427    13.379     3.091     1.551     1.275     0.954     1.205     2.944     1.966     3.052
     9.75    49.75    2121     0.419     0.000    12.964     3.760     0.547     0.687     0.692     1.681     0.817     1.094     1.636     3.272
     9.75    49.75    2122     4.196    12.165    20.264     9.048     6.011     2.525     1.571    15.564    13.275     3.426     2.319     4.001
     9.75    49.75    2123     4.216     0.000    23.339    15.852     2.601     1.095     0.940     2.796     0.807     2.867     4.078     5.751
     9.75    49.75    2124     1.674    13.293    13.871     7.652     6.697     6.879     1.700     1.955     0.824     2.084     2.725     2.157
     9.75    49.75    2125     5.589    13.364    17.526    17.507     8.450     2.443     0.630     2.071     1.274     0.681     1.352     5.250
     9.75    49.75    2126     7.729    12.256    15.777     8.815     3.878     7.875     1.325     6.125     0.932     0.432     0.989     4.535
     9.75    49.75    2127     7.599    13.895    16.941     6.393    15.116     4.395     1.440     1.970     1.473     1.398     3.884     7.047
     9.75    49.75    2128     1.519     7.614    17.095    11.160    13.653     8.259     4.613     5.822     1.288     0.487     1.091     3.181
     9.75    49.75    2129     6.153    13.190     8.180     1.575     8.173     8.014     0.649     2.583     1.912     0.532     1.028     1.247
     9.75    49.75    2130     0.000    10.224    24.171    13.550     2.872     1.558     3.622     1.407     0.672     0.996     0.459     2.390
    13.75    55.75    1980     1.947     0.000    27.413    29.877     6.527     1.940     1.230     0.558     7.158     9.754     2.954     2.761
    13.75    55.75    1981     4.985    14.329    23.935    20.134     6.210     2.594     2.176     0.484     1.042     2.908     4.110     3.160
    13.75    55.75    1982     0.756     9.305    22.392    26.823    14.821     7.608     0.790     0.913     1.850     6.304     2.498     1.058
    13.75    55.75    1983     0.000     6.649    28.457    21.119     6.530     5.733     2.589     0.523     0.484     1.729     2.996     2.948
    13.75    55.75    1984     4.738    10.743    23.515    27.890    24.799     8.182    15.922    21.802     8.168     4.700     3.180     0.991
    13.75    55.75    1985     0.000     0.000     0.000    27.223    30.221    14.952    19.705    23.958    10.541     7.286     4.268     1.039
    13.75    55.75    1986     0.000     0.000     0.000     5.831    30.988     4.974     1.384    10.446    14.484     8.337     4.017     2.867
    13.75    55.75    1987     0.625     0.000     0.000    25.750    11.492    14.182    11.074     1.183    14.751     8.635     3.096     2.611
    13.75    55.75    1988     4.619    11.083    25.266    17.563     6.760     1.672     1.103     1.515     2.167     2.264     1.797     2.589
    13.75    55.75    1989     0.589     0.000     8.130    34.893    18.872     2.618     4.401     2.843     2.197     5.466     3.263     1.444
    13.75    55.75    1990     3.399     3.727     3.298    41.425    19.010    26.802     5.216     8.205    11.729     4.844     2.359     1.552
    13.75    55.75    1991     0.000     0.000    31.725    23.181     9.199     0.681     3.899    22.963    14.854     9.096     1.597     1.549
    13.75    55.75    1992     4.369     1.112    21.435    30.106    23.630    17.407     6.204     0.581     1.020     1.128     3.563     1.356
    13.75    55.75    1993     0.000     0.000     4.021    30.432    11.231     4.776    27.103    16.490     6.999     4.841     4.221     0.000
    13.75    55.75    1994     0.000     0.000    19.030    24.536     8.727    12.972    15.639    21.737     9.619     8.616     3.019     2.565
    13.75    55.75    1995     1.357     0.000    14.914    28.336    14.651    10.127     2.971     0.845     1.309     3.595     3.074     2.930
    13.75    55.75    1996     4.222    11.807    25.814    30.911    12.897     2.433     1.258     4.811     4.444     7.026     3.557     2.643
    13.75    55.75    1997     1.524     0.000     0.000    38.486    10.161     5.127    12.459     6.853    12.743     6.279     2.878     1.976
    13.75    55.75    1998     5.166    10.827    20.100    17.050     5.951    14.154     4.332     0.896     4.456     2.857     1.912     2.460
    13.75    55.75    1999     1.638     5.201    25.359    28.603    12.759     2.665     1.430     2.095    10.181    10.768     5.060     3.270
    13.75    55.75    2000     4.582    10.840    24.035    15.441     1.914     1.792     0.957     0.494     6.063     5.515     4.656     2.914
    13.75    55.75    2001     1.376     0.000     0.000    25.503    21.239    15.476    20.283    29.770    19.186     8.300     5.354     2.798
    13.75    55.75    2002     0.955     0.000    28.244    29.476    28.242     1.031     1.167     5.776    16.073     8.588     3.394     2.292
    13.75    55.75    2003     1.781     0.000     3.678    36.354    19.465     3.255    12.081    11.535     8.825    10.623     3.726     2.814
    13.75    55.75    2004     4.224     9.397    22.163    28.106    15.041    14.821    40.915    11.320     3.760     1.841     3.109     2.680
    13.75    55.75    2005     5.153     4.412    28.712    15.960     6.235    19.976     2.076     0.730     1.517     4.397     3.597     1.623
    13.75    55.75    2006     0.000     5.982    24.939    22.003     4.935     0.477     0.328     0.464     2.950     6.018     5.060     2.872
    13.75    55.75    2007     1.094     0.000    13.374    28.147    15.615    31.674    19.350     5.972    13.273    10.988     3.065     2.698
    13.75    55.75    2008     4.765    13.987    25.429     7.526     1.376     0.262     0.132     6.091     4.209     7.718     5.286     2.978
    13.75    55.75    2009     2.908     0.000     0.000    35.131     7.659     2.217     2.035    21.494    11.200    11.532     4.189     2.695
    13.75    55.75    2010     4.852    13.663    19.197     7.243     3.258     2.465    10.754     9.012    10.513     9.435     6.581     2.798
    13.75    55.75    2011     4.648    12.624    27.143    14.761     6.152    17.471    42.920    14.293     2.061     1.138     3.443     2.935
    13.75    55.75    2012     2.205    10.949    26.822    19.508     4.040     0.917     0.116     0.197     0.358     2.146     3.854     2.761
    13.75    55.75    2013     0.305     0.000     7.053    28.976     4.312     0.387     0.097    14.425    20.940    10.063     3.769     2.841
    13.75    55.75    2014     1.270     0.000     5.504    38.565    10.074     7.138     7.074     5.832    12.578     5.014     2.647     3.174
    13.75    55.75    2015     4.727     6.482     4.688    32.921     7.231     0.208     9.334    15.853    12.209     8.554     3.122     2.378
    13.75    55.75    2016     4.520     1.460    26.084    15.056     6.070     9.336     0.121     2.109     1.171     0.881     3.553     2.301
    13.75    55.75    2017     4.135    10.439    23.306    12.112    10.768     0.435    31.920    12.876     0.058     1.590     4.049     1.166
    13.75    55.75    2018     0.000     0.000     0.000    25.597    20.237     9.853    12.074     8.032     6.977     2.832     3.628     2.559
    13.75    55.75    2019     4.422    10.806    20.177    13.416     9.615     1.002     0.032     0.204     3.324     5.797     4.227     1.219
    13.75    55.75    2020     3.601     9.617    24.490    28.994    11.901     4.678    10.505    16.035    14.224    10.097     5.198     2.831
    13.75    55.75    2021     5.281    13.188    23.959    19.691     6.428     1.064     5.591     4.689     3.465     3.078     4.831     1.874
    13.75    55.75    2022     4.220    12.106    23.063    18.847     7.452     0.235    16.455    32.058    14.253    10.637     4.419     2.086
    13.75    55.75    2023     0.757     8.784    27.036    26.358     9.504    25.255     1.231     0.824     0.925     5.436     3.305     2.926
    13.75    55.75    2024     0.416     6.358    24.559    14.425     3.491     0.212     0.086     1.479     0.194     2.920     4.857     3.114
    13.75    55.75    2025     0.422     4.207    24.393    22.191    25.670     0.953     0.099     0.699     1.797     2.921     3.275     1.634
    13.75    55.75    2026     3.026    11.461    24.359    23.520    13.944    33.574     8.992     1.035     1.411     3.164     3.283     2.613
    13.75    55.75    2027     4.636    10.499     6.500    32.590     5.787     0.445     0.671     6.399    13.977     4.829     2.337     2.865
    13.75    55.75    2028     4.807    14.934    19.773    18.223     5.976    23.226    13.063    11.517    14.737     9.078     7.042     3.049
    13.75    55.75    2029     4.857    10.509    22.135    25.688    11.484     0.958     3.378     6.342    19.579     9.590     3.508     2.556
    13.75    55.75    2030     4.342    11.453    21.631    29.723    26.518     5.711     6.945    10.012     2.558     6.168     3.020     1.220
    13.75    55.75    2031     0.000     6.151    29.544    31.099    17.745     1.605     1.373     1.341    16.090    10.273     2.649     2.734
    13.75    55.75    2032     0.231     0.000     0.000    16.421    15.272     0.901     0.164     1.522     0.906     4.259     1.993     3.092
    13.75    55.75    2033     5.090    10.990    21.104    20.208    14.735     7.427    18.225    28.463    14.908     9.016     6.024     3.055
    13.75    55.75    2034     1.190    10.756    29.322    16.603     1.691    28.141    41.712    35.101     8.317     3.218     3.086     2.674
    13.75    55.75    2035     4.362    10.099    21.678    18.513     5.479     7.299     1.167    21.653    10.494    11.472     4.894     3.078
    13.75    55.75    2036     3.973     9.123    24.626    20.001    11.466    17.866     0.923     3.181    12.075     6.120     3.281     2.124
    13.75    55.75    2037     5.503    11.682    20.811    19.190     5.315     4.722    34.065    16.737     2.201     3.992     3.577     2.052
    13.75    55.75    2038     1.387     5.342    11.682    39.910    12.376     1.026     0.700     9.155    11.435     6.512     4.318     3.297
    13.75    55.75    2039     2.078     6.972    22.549    19.660     7.185    11.611     1.658     0.606     4.313     3.927     3.341     3.143
    13.75    55.75    2040     5.396    11.271    25.785    31.812    23.976     7.450    24.567    13.058    12.839     5.431     2.027     2.307
    13.75    55.75    2041     0.747     0.000     0.000    32.122    11.330     2.314     1.205     0.769    10.002    12.135     3.786     3.116
    13.75    55.75    2042     1.026    10.462    23.460    12.032     6.558     0.724     0.339    17.919    17.228    12.821     5.247     1.001
    13.75    55.75    2043     0.000     0.000    14.236    24.794     6.987     2.796     2.434     2.569     1.664     2.857     1.766     2.893
    13.75    55.75    2044     4.519     9.128     9.380    30.113     7.213     1.789     0.066     2.497     6.165    10.824     3.184     2.471
    13.75    55.75    2045     4.637    10.709    26.289    23.302    13.990    11.318     2.921     3.816     9.626     9.934     5.452     2.697
    13.75    55.75    2046     4.162    11.421    22.607    20.064    10.967    32.941     5.099     0.152     1.314     1.065     2.749     2.802
    13.75    55.75    2047     4.399    11.614    27.501    28.382     9.812     4.289     0.577     1.764     3.158     3.971     3.015     2.746
    13.75    55.75    2048     4.368    11.649    22.934    21.666    16.786     9.846     7.142    26.478    19.226     5.523     3.179     3.212
    13.75    55.75    2049     4.577     9.134    26.268    32.810     7.973     1.076     0.664     1.171     0.611     0.663     2.132     1.023
    13.75    55.75    2050     3.660    10.461    24.467    29.129    28.503     6.396     2.975     4.627     9.435     9.411     4.545     2.790
    13.75    55.75    2051     1.310     5.512    25.644    15.145     7.252     0.742     0.394     5.568    16.072    11.332     4.639     2.707
    13.75    55.75    2052     0.871     0.000     0.000    29.724    25.050    19.692     0.686     3.015     7.778    11.473     4.153     2.414
    13.75    55.75    2053     4.447    11.012    27.421    24.792     7.322     0.741     9.574     7.699    14.568     7.427     4.555     2.731
    13.75    55.75    2054     0.480     4.076    23.503    20.617    11.724     2.629     0.411    13.281     8.941     5.372     4.194     2.717
    13.75    55.75    2055     1.578     0.000    17.476    21.606    11.859     5.666     2.540    17.060     3.886     6.601     5.014     2.687
    13.75    55.75    2056     4.503     9.420    22.704    14.996     8.458     1.104     5.036    19.824    22.117     8.487     5.498     2.448
    13.75    55.75    2057     4.159     9.658    24.096    24.410     7.927     0.826     1.030     3.451    13.911    13.585     5.036     2.882
    13.75    55.75    2058     1.042    10.015    20.747    16.208    22.050    12.241    10.488     5.217     1.223     0.991     4.040     3.052
    13.75    55.75    2059     5.495    11.365    14.460    10.686    17.130     1.988     2.205    10.788     4.064     2.897     3.919     2.833
    13.75    55.75    2060     4.087    11.048    18.758     8.310     5.809     0.787     8.026     2.405     2.895    11.090     6.674     2.463
    13.75    55.75    2061     3.818     7.410    20.377    23.317    10.246     6.569     3.991    28.233    22.712     8.090     4.830     2.898
    13.75    55.75    2062     0.593     6.041    21.415    30.503    10.954     2.078     2.108    16.587    18.949     7.001     2.064     1.595
    13.75    55.75    2063     3.534     4.735    22.317    15.460     6.286     2.284     1.056     2.680     9.781     9.062     5.011     2.747
    13.75    55.75    2064     4.642     0.824    25.788    16.621    13.509     4.268    25.925    14.265    16.025    11.165     3.549     2.873
    13.75    55.75    2065     3.878    10.767    26.153    18.576     6.957    17.744     7.933     6.755    19.624     9.612     4.928     2.595
    13.75    55.75    2066     1.217     0.000    14.231    31.123    11.206    48.343    29.970     6.538     2.454     2.992     1.894     2.281
    13.75    55.75    2067     1.643     8.838    23.058    19.561     6.070     0.851     1.996    17.282    17.128     5.973     3.416     2.265
    13.75    55.75    2068     2.019    11.255    20.143    28.264    14.769     2.671     3.371     3.969     1.939     8.510     4.625     3.006
    13.75    55.75    2069     1.968     0.000    21.423     9.019     5.147     3.969    24.109     9.980     2.666     4.133     4.724     2.217
    13.75    55.75    2070     3.676    11.696    19.967    17.802     8.633     5.499    24.356     9.788     4.280     8.336     4.239     1.672
    13.75    55.75    2071     0.000     8.009    18.857    21.243    10.445     1.378     0.928     1.330     4.286     3.637     2.293     1.940
    13.75    55.75    2072     3.634     9.018    20.761    16.195    12.754     4.893     4.414     4.094     4.334     6.010     5.663     2.397
    13.75    55.75    2073     1.033     0.000     0.000    26.662    16.816    10.164     6.432    20.640    12.664     5.710     4.339     2.091
    13.75    55.75    2074     3.696     9.376    18.588    27.479    10.859     1.608     0.678     4.537     1.715     4.564     3.932     2.266
    13.75    55.75    2075     2.752     0.000    23.902    19.708    17.841     4.760    25.990    23.453     6.735    10.565     4.286     2.152
    13.75    55.75    2076     3.464     8.648    21.925    15.927    15.142    29.427    10.160     0.620     6.883     5.193     2.523     2.228
    13.75    55.75    2077     3.769    10.996    11.881    13.436    21.892    13.799    13.997    13.842     1.746     4.177     5.393     2.406
    13.75    55.75    2078     4.005     7.802    15.892    29.529    18.817     3.595     0.618    11.426    21.508    10.564     4.244     2.164
    13.75    55.75    2079     1.155     7.283    20.644    31.532     8.493    13.016     1.119     0.209     2.040     2.158     2.684     2.073
    13.75    55.75    2080     3.541     8.548    19.055    15.360    16.073     5.434     1.980     2.513    14.415     8.079     3.120     2.156
    13.75    55.75    2081     3.892     8.427    17.056    18.089    10.404     0.931     0.579    15.847     8.187     5.378     2.655     1.152
    13.75    55.75    2082     3.660     8.075    19.023    30.136    14.734     0.724    12.502    10.122     5.439     1.934     0.890     1.549
    13.75    55.75    2083     0.670     0.000    13.399    24.829    12.728     3.460     0.741     0.731     0.509     5.644     4.109     2.922
    13.75    55.75    2084     1.209     0.000     1.512    30.000    13.006     1.198     0.445     6.050     6.099     6.912     3.388     2.040
    13.75    55.75    2085     0.666     0.000     6.563    31.089     5.010    22.105    24.503    15.986     6.678     6.384     3.170     2.365
    13.75    55.75    2086     0.678     1.633    20.574     6.445     3.330     1.047     0.579     2.939     3.439     7.820     3.482     0.956
    13.75    55.75    2087     0.000     7.372    17.950    18.801    19.739     3.928     4.629     6.453     1.611     2.860     2.693     1.044
    13.75    55.75    2088     0.000     0.000    12.058    14.579     7.476     2.097     0.324     0.429     1.508     4.178     3.785     2.183
    13.75    55.75    2089     0.000     0.000    19.529    26.644     7.659    24.967     2.060     2.141     1.349     0.872     1.670     1.167
    13.75    55.75    2090     3.456     8.095    19.035    15.370    14.235    12.570     1.087     1.992    15.589    11.708     4.024     2.204
    13.75    55.75    2091     0.064     0.000    12.335    18.897     2.522     3.090     2.701    12.948    14.218     4.379     2.750     1.314
    13.75    55.75    2092     2.962     2.861    20.518    15.770     8.265    22.202     1.489     2.175     3.113     5.425     3.831     2.014
    13.75    55.75    2093     3.486     8.591    18.202    16.721     4.887     6.620    40.676    30.260     4.054     8.332     3.919     2.081
    13.75    55.75    2094     0.566     7.140    14.506    11.689     6.515     3.188     1.044     2.544     2.291     4.977     3.415     2.205
    13.75    55.75    2095     3.676     8.662    19.891    14.142    13.375    19.575     8.785     5.125     3.236     2.111     2.331     2.310
    13.75    55.75    2096     3.560     8.151    18.190    14.707    12.593     2.203     1.550     0.851     1.275     2.368     2.638     1.805
    13.75    55.75    2097     3.388     7.378    17.055    13.955     4.302    26.824    15.887     7.312    13.538     3.990     4.099     2.364
    13.75    55.75    2098     2.970     6.449    17.562    19.716     3.838     1.053     0.713     1.307     4.192     4.723     1.685     1.564
    13.75    55.75    2099     3.567     9.489    15.767    18.432     9.783     5.095    10.027    26.148    10.891    10.517     3.440     2.101
    13.75    55.75    2100     3.136     6.343    17.993    14.099    14.066    11.380    18.628    12.071    10.661     5.559     3.168     1.678
    13.75    55.75    2101     0.567     7.481    18.180    24.114     7.926     1.198     0.762     1.028     2.464     2.213     1.519     1.691
    13.75    55.75    2102     3.140     8.203    16.743    11.359    15.261     3.081     4.252     7.046     4.003     3.216     4.192     1.394
    13.75    55.75    2103     0.000     0.000     0.000    20.898    15.414     4.352     3.689    12.305    10.228     6.586     3.191     1.608
    13.75    55.75    2104     3.263     9.056    15.722    23.605     6.662     0.690     0.379     2.580     0.623     5.528     2.860     1.841
    13.75    55.75    2105     3.223     2.912    21.681    18.114    16.731     1.580    12.273    12.264     9.513     9.018     3.233     1.882
    13.75    55.75    2106     2.997     7.741    17.890    12.146    11.396    22.770     5.280     0.367     2.274     3.879     1.653     1.817
    13.75    55.75    2107     3.414     9.626    10.580    13.430     9.961    10.511     7.440    10.582     0.618     1.629     3.468     1.903
    13.75    55.75    2108     3.602     7.304    13.482    25.543    14.298     2.322     0.679     7.289    16.973     8.801     3.119     1.791
    13.75    55.75    2109     0.398     6.192    17.776    23.878     2.812     3.099     2.034     0.222     1.128     1.775     2.023     1.843
    13.75    55.75    2110     3.173     7.352    16.910    13.799    10.218     5.883     0.855     4.125     6.245     3.508     2.226     1.903
    13.75    55.75    2111     3.436     7.794    16.266    20.049     5.027     0.473     0.395    10.925     6.909     2.133     2.302     0.566
    13.75    55.75    2112     2.909     7.447    18.860    25.890    12.091     0.408     7.709    10.381     2.589     0.819     0.504     1.124
    13.75    55.75    2113     0.651     0.000    12.292    24.804    11.284     2.678     0.513     0.536     0.345     3.753     3.541     2.637
    13.75    55.75    2114     0.477     0.000     0.486    32.644    12.622     0.949     0.297     2.846     3.028     6.534     2.896     1.707
    13.75    55.75    2115     0.533     0.000     5.168    28.278     6.652    16.712    23.059    14.318     8.309     5.275     2.697     2.119
    13.75    55.75    2116     0.715     1.322    19.451     5.468     1.193     0.530     0.305     1.293     3.579     5.979     2.476     1.072
    13.75    55.75    2117     0.000     7.489    15.541    17.501    13.746     2.667     5.798     3.290     0.686     1.281     2.069     0.929
    13.75    55.75    2118     0.000     0.000    12.720    12.822     3.500     0.942     0.251     0.378     1.483     2.825     3.028     2.214
    13.75    55.75    2119     0.267     0.000    18.304    24.039     4.133    12.972     1.445     0.820     2.738     1.258     1.163     0.866
    13.75    55.75    2120     0.423     7.955    17.019    12.118     8.503     6.399     1.088     1.431    10.119     7.877     3.412     1.920
    13.75    55.75    2121     0.541     0.000    12.377    17.799     3.431     1.564     1.108     7.266    13.189     3.852     2.215     1.175
    13.75    55.75    2122     2.423     5.582    21.203    18.773     2.416     6.238     6.315     2.259     3.752     7.623     3.334     1.873
    13.75    55.75    2123     3.453     8.479    16.345    18.437     2.326     7.489    37.247    21.187     3.248     5.107     3.281     1.901
    13.75    55.75    2124     0.475     7.243    15.086    11.241     5.630     1.016     0.466     0.537     0.761     8.131     2.300     2.192
    13.75    55.75    2125     3.805     9.071    19.642    11.479    11.735    12.365    12.721     0.851     0.646     1.311     1.152     2.323
    13.75    55.75    2126     3.657     8.293    17.882    14.658     6.498     2.858     0.833     0.919     1.600     1.764     1.829     1.371
    13.75    55.75    2127     3.601     7.838    18.563    16.504     3.200    15.604    10.536    15.367     9.369     6.254     3.231     2.484
    13.75    55.75    2128     3.127     6.660    18.081    18.263     3.381     1.194     0.654     2.378     2.183     7.664     2.039     1.565
    13.75    55.75    2129     3.818     9.930    14.495    15.030    16.085     1.530    13.907    12.694    14.135     8.937     3.249     1.718
    13.75    55.75    2130     3.332     6.983    18.577    18.878     9.624     4.958    16.129    13.483     4.068     6.217     2.788     1.648
    23.75    61.75    1980     0.000     0.000     0.000     0.000    19.640    14.749    10.741     4.510     8.030     4.664     1.110     0.000
    23.75    61.75    1981     0.000     0.000     5.046    18.420    16.069     5.767     4.939     9.534     7.524     4.427     0.486     0.000
    23.75    61.75    1982     0.000     0.000     0.000     0.000    15.112    18.804     2.499     2.864     6.669     5.269     1.141     0.000
    23.75    61.75    1983     0.000     0.000     0.000     5.808    16.474     4.132     2.837     1.005     0.626     1.615     0.000     0.000
    23.75    61.75    1984     0.000     0.000     0.000     0.000    17.303     9.054    32.930    28.547    15.718     5.395     0.886     0.000
    23.75    61.75    1985     0.000     0.000     0.000     0.000    22.697    18.496    16.362    20.291     8.533     4.352     0.148     0.000
    23.75    61.75    1986     0.000     0.000     0.000     0.000    18.798    13.135    12.626     4.261     5.536     2.865     0.348     0.000
    23.75    61.75    1987     0.000     0.000     0.000     0.000    21.247    18.387    26.250     7.865     5.936     5.116     0.346     0.000
    23.75    61.75    1988     0.000     0.000     0.000    12.856    14.069    12.819     4.898    12.327    15.704     5.852     0.851     0.000
    23.75    61.75    1989     0.000     0.000     0.000     0.000    18.695     3.292     8.363     2.773     5.786     4.202     0.306     0.000
    23.75    61.75    1990     0.000     0.000     0.000     0.000    22.692    12.301    10.280    23.278    11.301     7.801     0.886     0.000
    23.75    61.75    1991     0.000     0.000     0.000     0.000    25.402    13.865     3.739     3.290     7.297     5.781     0.495     0.000
    23.75    61.75    1992     0.000     0.000     0.000     4.178    21.611     8.489    25.271    23.804    11.105     3.405     0.000     0.000
    23.75    61.75    1993     0.000     0.000     0.000     9.677    14.120     1.360     9.467    13.391     9.370     5.876     0.664     0.000
    23.75    61.75    1994     0.000     0.000     0.000     5.725    23.804    16.235     4.446    16.310    11.639     5.141     0.900     0.000
    23.75    61.75    1995     0.000     0.000     0.000     0.000    22.882    13.350    20.112     9.148     4.427     3.733     1.121     0.000
    23.75    61.75    1996     0.000     0.000     0.000     0.000    22.559     2.382     2.237    23.649     8.237     3.332     0.662     0.000
    23.75    61.75    1997     0.000     0.000     0.000     0.000    25.846     6.456     7.640    16.601    13.653     4.490     0.989     0.000
    23.75    61.75    1998     0.563     0.036     0.000     3.313    26.698    14.535    13.675    12.587     8.108     4.725     0.819     0.000
    23.75    61.75    1999     0.000     0.000     0.000    17.067    19.794    11.789    17.281    20.092    10.431     4.349     1.006     0.000
    23.75    61.75    2000     0.000     0.000     0.000    12.440    12.732     4.319    12.524    17.396     7.838     3.066     0.891     0.000
    23.75    61.75    2001     0.000     0.000     0.000    10.284    18.146     1.830     1.224    26.469     8.971     2.011     0.000     0.000
    23.75    61.75    2002     0.000     0.000     0.000     0.000    17.588    25.508    10.517     9.508    10.266     2.964     0.657     0.000
    23.75    61.75    2003     0.000     0.000     0.000     0.000    19.782    10.527     3.101     3.194     6.574     5.898     0.656     0.000
    23.75    61.75    2004     0.000     0.000     0.000     6.563    16.531     8.149    23.966    26.928    10.273     6.109     0.976     0.000
    23.75    61.75    2005     0.000     0.000     0.000    22.501    13.763    23.147    18.700    16.042     6.337     4.129     0.269     0.000
    23.75    61.75    2006     0.000     0.000     0.000    15.038    17.252     2.030     2.339    12.583    12.361     4.011     0.699     0.000
    23.75    61.75    2007     0.000     0.000     0.000     0.000    24.648     6.517    30.101    27.604    10.797     3.141     0.811     0.462
    23.75    61.75    2008     0.000     0.000     3.856    19.307     3.964     2.820     7.178    21.864    14.157     4.728     0.846     0.000
    23.75    61.75    2009     0.000     0.000     0.000     8.938    14.000     8.127    13.929    15.714     5.765     2.504     0.460     0.000
    23.75    61.75    2010     0.000     3.138     9.651    16.760     6.270     5.931     4.416     2.484     5.676     6.827     0.884     0.000
    23.75    61.75    2011     0.000     0.000     0.000    18.850    12.106     2.090    30.468    22.657    13.999     5.743     1.037     0.000
    23.75    61.75    2012     0.000     0.000    10.727    17.609    14.958    12.063    11.091     5.788     5.806     4.660     0.929     0.047
    23.75    61.75    2013     0.000     0.000     0.000     3.544    21.971    10.019     1.207     0.643     2.060     3.655     1.190     0.098
    23.75    61.75    2014     0.000     0.000     0.000    16.384    20.073    16.245     5.772    26.743    11.681     4.363     0.790     0.000
    23.75    61.75    2015     0.000     0.000     0.000    11.428    12.800    13.738    47.552    23.576    14.499     6.452     0.986     0.000
    23.75    61.75    2016     0.000     0.000     0.000    15.875    14.579     9.196     5.152    16.098    11.503     4.876     0.928     0.000
    23.75    61.75    2017     0.000     0.000     0.000    18.666    11.317     1.891     0.787     0.674     1.379     1.185     0.208     0.000
    23.75    61.75    2018     0.000     0.000     0.000     9.614    18.187    12.244    12.252    24.014    16.687     7.302     0.783     0.000
    23.75    61.75    2019     0.000     0.000    10.777    18.242     8.125     0.500     3.089    20.606     9.066     5.113     1.007     0.000
    23.75    61.75    2020     0.000     0.000     0.000    14.167    12.175    12.566    28.821    18.908    14.160     6.085     0.939     0.000
    23.75    61.75    2021     0.000     0.000     6.662    14.390     8.755     7.306    24.872    17.470    12.037     3.250     1.044     0.000
    23.75    61.75    2022     0.000     0.000     0.000    15.569    15.393    11.254    21.122    31.457    13.543     5.299     0.778     0.000
    23.75    61.75    2023     0.000     0.000     0.000    15.934    16.417     1.202     2.588    17.222    10.545     4.831     1.003     0.000
    23.75    61.75    2024     0.000     0.000     5.006    16.471     7.766    23.466     8.360     4.554     6.232     1.913     0.483     0.000
    23.75    61.75    2025     0.000     0.000     0.000     0.000    14.590    13.157     3.136    20.771    12.750     5.101     0.697     0.000
    23.75    61.75    2026     0.000     0.000     0.000     0.000    21.759     6.419     1.823    13.029     6.201     2.790     0.801     0.000
    23.75    61.75    2027     0.000     0.000     0.000    14.113    11.679     1.751     1.261    17.719    14.415     5.353     0.879     0.000
    23.75    61.75    2028     0.000     0.000     8.029    12.670     5.099    13.418    19.218     9.942     9.365     6.186     0.861     0.000
    23.75    61.75    2029     0.000     0.000     0.000     0.000    18.928     2.030     6.074    10.331     9.237     5.126     0.945     0.000
    23.75    61.75    2030     0.000     0.000     0.000     0.000    19.314     1.659     1.239     2.644     2.732     3.810     0.804     0.000
    23.75    61.75    2031     0.000     0.000     0.000     1.154    24.323     3.751     1.824     6.313     6.202     4.724     0.918     0.000
    23.75    61.75    2032     0.000     0.000     0.000     3.875    19.766    11.943     2.771     6.750    12.852     6.523     0.577     0.064
    23.75    61.75    2033     0.222     2.976    10.300    13.290    15.670     7.514    28.922    23.570    16.218     5.148     1.027     0.009
    23.75    61.75    2034     0.000     0.000     0.000    14.252     6.943     0.962     1.227     0.639     0.492     2.313     0.917     0.000
    23.75    61.75    2035     2.235     1.313     5.724    17.256    12.797    11.140    15.838    23.662    17.381     6.519     0.930     0.001
    23.75    61.75    2036     0.000     0.000     0.000    15.575     7.427     0.566    21.448    15.091    13.720     7.115     0.664     0.000
    23.75    61.75    2037     0.000     2.841    13.826    18.685    12.798     7.136     0.790     9.564    12.835     4.040     0.565     0.000
    23.75    61.75    2038     0.000     0.000     0.000     0.000    22.696     5.003     7.949     1.139     4.883     6.099     0.859     0.004
    23.75    61.75    2039     0.000     0.000     0.000     9.553    13.239    13.027     4.775    11.194    10.636     2.910     0.532     0.459
    23.75    61.75    2040     0.835     0.529     0.000    10.340    13.217     8.641    16.670    18.815     6.819     3.716     0.597     0.000
    23.75    61.75    2041     0.000     0.000     0.000     4.618    19.173     9.615     1.388     9.003     7.167     4.602     0.616     0.008
    23.75    61.75    2042     0.559     0.217     4.297    15.798     3.694     8.041     4.293    11.292    15.243     6.319     1.012     0.000
    23.75    61.75    2043     0.000     0.000     0.000     7.575    14.196    13.890    20.287     6.300     7.493     5.547     0.765     0.000
    23.75    61.75    2044     0.000     0.000     0.000     9.534    16.372     3.064     2.092    26.845    17.272     6.823     0.907     0.000
    23.75    61.75    2045     0.000     0.000     0.000    13.739    14.766     6.785    12.939    12.553     9.286     6.104     0.985     0.000
    23.75    61.75    2046     0.000     0.000     0.000    21.296    14.894     3.262     2.481     2.367    18.348     5.359     0.940     0.000
    23.75    61.75    2047     0.000     0.000     0.000    19.540    12.432     8.268    20.067    24.664    10.844     7.587     0.892     0.000
    23.75    61.75    2048     0.438     0.828     0.000    19.909    21.253    15.103    15.692     7.865     9.548     5.576     1.104     0.012
    23.75    61.75    2049     0.044     0.000     0.000    17.410     7.725     5.877     4.881     9.960     3.130     0.176     0.212     0.000
    23.75    61.75    2050     0.000     0.000     6.960    12.868     9.570     1.010    12.707    18.784     7.506     3.206     0.954     0.199
    23.75    61.75    2051     0.000     0.000     0.000    19.975     5.118     0.546     9.876    19.052     6.992     4.900     0.901     0.000
    23.75    61.75    2052     0.000     0.000     0.000    15.531    18.979     5.252     1.351    10.094     9.642     6.278     1.104     0.005
    23.75    61.75    2053     0.000     0.000     0.000    16.419     8.600     7.559    13.850    26.144     9.453     5.432     1.711     0.000
    23.75    61.75    2054     0.000     0.000     0.000    15.118     8.227     0.761    20.887    30.329    15.837     5.381     0.870     0.084
    23.75    61.75    2055     0.000     0.000     0.000    16.916    19.084    11.396    11.105    11.545    15.254     6.755     0.955     0.000
    23.75    61.75    2056     0.927     0.805     0.744    21.491    16.036     7.981    10.118    23.129     9.586     6.681     1.059     0.000
    23.75    61.75    2057     0.000     0.000     0.000     3.862    16.776     3.229     4.331     3.080     2.586     3.188     0.849     0.000
    23.75    61.75    2058     0.000     0.000     0.000    21.161    20.595     9.327    16.278    18.091    13.275     4.901     0.663     0.000
    23.75    61.75    2059     0.478     3.374    11.842    10.765    15.284    15.675     2.995    18.141    10.600     5.015     0.839     0.000
    23.75    61.75    2060     0.000     0.000    11.297     9.980     8.042     1.257    11.992    11.656     5.580     3.730     0.571     0.000
    23.75    61.75    2061     0.000     0.000     0.000    15.684    11.179     9.826    14.629    16.050    15.656     5.932     0.968     0.000
    23.75    61.75    2062     0.000     0.000     0.000    10.396    15.241     4.126    13.320    29.017    12.009     3.038     0.908     0.000
    23.75    61.75    2063     1.400     0.000     3.081    15.841     5.040     3.678    25.189    19.139    14.783     5.576     1.147     0.001
    23.75    61.75    2064     0.000     0.000     0.000    11.256    13.251     5.130    24.457     9.667     8.579     7.179     0.984     0.000
    23.75    61.75    2065     0.000     0.000     0.000    18.553     5.602    17.958    34.897    20.547     7.857     5.676     0.914     0.000
    23.75    61.75    2066     0.000     0.000     0.000     3.040    17.780    12.774    21.477    20.904     8.916     3.507     1.632     0.000
    23.75    61.75    2067     0.000     1.637    11.078    14.714     5.649     1.599     2.470    15.244    13.819     4.516     0.558     0.000
    23.75    61.75    2068     0.000     0.000     0.000     8.390    19.353     4.196     0.551    18.347    10.723     5.855     0.959     0.000
    23.75    61.75    2069     0.000     0.000     0.000    17.453    14.909    13.697     6.727    25.995    11.449     3.503     0.682     0.000
    23.75    61.75    2070     0.000     0.000     5.746    14.712     4.720     8.686    28.821    22.858     6.739     3.232     0.515     0.000
    23.75    61.75    2071     0.000     0.000     0.000     8.961    23.629    24.297     2.292    10.173    10.379     6.149     0.788     0.000
    23.75    61.75    2072     0.000     0.000     7.263    12.833    18.119     4.469    11.570    19.276    10.502     5.477     0.800     0.000
    23.75    61.75    2073     0.000     0.000     0.000     5.973    14.004     1.408    17.694    14.045     7.215     5.942     0.914     0.000
    23.75    61.75    2074     0.000     0.000     0.000    14.703    11.624     8.135    20.526    12.529     5.306     1.912     0.430     0.000
    23.75    61.75    2075     0.000     0.000     0.000    19.724     7.502    17.659     3.654    15.847    14.591     3.843     0.333     0.000
    23.75    61.75    2076     0.000     0.000     0.000    18.537     9.123    20.198    23.046    25.584    16.678     5.354     1.143     0.000
    23.75    61.75    2077     0.000     2.926    11.515     9.906     3.768     7.651    33.009     5.059     2.721     2.134     0.921     0.000
    23.75    61.75    2078     0.000     0.000     0.000     0.000    17.014     2.061     0.602    12.970     9.417     3.458     0.855     0.000
    23.75    61.75    2079     0.000     0.000     0.000    14.588    12.681    10.615     2.500     2.067     1.696     1.769     0.261     0.000
    23.75    61.75    2080     0.000     0.000     0.000    19.742    10.136    12.926    17.234     8.429    12.377     4.797     0.600     0.000
    23.75    61.75    2081     0.000     0.000     0.000    13.772    14.784    19.874     9.671     8.377     6.820     3.352     0.887     0.000
    23.75    61.75    2082     0.000     0.000     0.000     6.953    19.049     7.705     3.157    13.782     9.775     3.824     0.678     0.000
    23.75    61.75    2083     0.000     0.000     0.000     0.000    20.906    14.031    23.994    25.035    15.584     4.095     0.547     0.075
    23.75    61.75    2084     0.000     0.000     0.000    10.865    16.363     5.835     3.868    18.360    10.469     3.615     1.034     0.161
    23.75    61.75    2085     0.000     0.000     0.000    12.344    11.888    18.565    32.443    20.785     6.960     5.484     0.934     0.000
    23.75    61.75    2086     0.000     0.000     8.086    12.475     6.058    12.705    23.602     2.818     2.431     2.861     0.817     0.000
    23.75    61.75    2087     0.000     0.000     0.000    12.629    11.142     6.334     4.974    23.394    14.237     6.874     0.937     0.000
    23.75    61.75    2088     0.000     0.000     0.000    19.182     6.262     3.194    17.981    13.746     6.879     3.464     0.522     0.000
    23.75    61.75    2089     0.000     0.000     0.000     3.144    18.731     3.157     5.006    18.961    13.656     2.824     0.682     0.000
    23.75    61.75    2090     0.000     2.249    11.497    13.277     7.940    12.105    25.713    25.794     9.848     4.847     0.875     0.000
    23.75    61.75    2091     0.000     0.000     0.000    15.338     9.566     4.380    27.832    29.434    12.604     4.373     0.268     0.000
    23.75    61.75    2092     0.000     0.000     0.000     2.791    20.204    16.677    11.248     9.677     5.920     3.424     0.861     0.932
    23.75    61.75    2093     0.000     0.000     0.000     0.000    20.126    10.859    19.652    21.605    16.245     5.208     0.910     0.000
    23.75    61.75    2094     0.000     0.000     0.000    16.985    17.663    11.057    13.046     5.165     8.928     5.474     0.743     0.000
    23.75    61.75    2095     0.000     0.000     6.802    14.473    13.951    33.532    27.870    11.585     7.747     3.183     0.720     0.000
    23.75    61.75    2096     0.000     0.000     0.000     9.826    13.640    10.384     2.158     2.818     8.708     6.592     1.011     0.000
    23.75    61.75    2097     0.000     0.000     5.284    19.687    13.861    27.317    32.972    23.539    15.301     3.083     0.807     0.000
    23.75    61.75    2098     0.000     0.000     0.000     0.000    26.502    20.336    24.386    11.296    12.646     7.429     0.986     0.000
    23.75    61.75    2099     0.442     0.347     5.964    13.698     5.933     3.394    18.487    17.486     4.018     3.495     0.240     0.000
    23.75    61.75    2100     0.000     0.000     0.000     4.021    22.640     9.392    22.400    32.071    15.050     6.294     0.798     0.000
    23.75    61.75    2101     0.000     0.000     0.000    10.622    24.279    16.676     3.413     7.325     9.550     6.348     0.892     0.000
    23.75    61.75    2102     0.000     0.000     8.598    15.483    16.774     6.112     9.780     9.300    12.563     5.515     0.869     0.000
    23.75    61.75    2103     0.000     0.000     0.000     6.612    13.174     1.404    24.470     7.369     6.436     5.742     0.857     0.000
    23.75    61.75    2104     0.000     0.000     0.000    18.333     8.353     8.586    12.281    15.659     6.911     1.837     0.520     0.000
    23.75    61.75    2105     0.000     0.000     0.000    19.574     9.501     7.091     4.381    21.356    10.125     5.056     0.191     0.000
    23.75    61.75    2106     0.000     0.000     1.647    17.490     5.755    14.409    25.050    24.585     8.124     5.549     1.087     0.000
    23.75    61.75    2107     0.000     3.032    10.981     9.291     4.165     6.165    33.225     5.827     3.449     3.264     0.915     0.000
    23.75    61.75    2108     0.000     0.000     0.000     0.000    17.570     1.362     0.904    16.320     9.718     3.683     0.934     0.000
    23.75    61.75    2109     0.000     0.000     0.000    15.259    14.854     6.171     6.411     1.463     2.761     2.725     0.370     0.000
    23.75    61.75    2110     0.000     0.000     0.000    18.740     6.169     8.624    13.572    18.582     6.079     6.025     0.619     0.000
    23.75    61.75    2111     0.000     0.000     0.000    13.249    15.412    22.166     9.420    10.865    10.052     3.027     0.830     0.000
    23.75    61.75    2112     0.000     0.000     0.000     4.916    22.144     5.358     2.643    16.963     8.388     6.022     0.835     0.000
    23.75    61.75    2113     0.000     0.000     0.000     0.000    21.852    13.588    14.523    33.698    18.315     3.408     0.513     0.070
    23.75    61.75    2114     0.000     0.000     0.000     9.083    15.594     8.167     9.447    11.657     9.534     3.535     1.033     0.161
    23.75    61.75    2115     0.000     0.000     0.000    14.108    12.848     5.966    35.069    17.882     7.800     3.024     0.935     0.017
    23.75    61.75    2116     0.000     0.000     9.295    11.808     6.587     8.688    23.534     6.198     2.207     3.897     0.574     0.000
    23.75    61.75    2117     0.000     0.000     0.000    14.292    14.982     4.224     5.301    22.448    12.872     7.744     0.965     0.000
    23.75    61.75    2118     0.000     0.000     0.750    19.290     7.322     4.198     7.041    14.549     8.178     3.589     0.418     0.000
    23.75    61.75    2119     0.000     0.000     0.000     4.399    15.323     2.708     2.832    25.785     9.243     3.050     0.612     0.000
    23.75    61.75    2120     0.000     2.405    11.168    12.529     9.590    21.623    14.032    23.432    14.156     4.613     0.844     0.004
    23.75    61.75    2121     0.000     0.000     0.000    16.114    11.511     4.089    23.058    28.806     8.513     2.242     0.334     0.000
    23.75    61.75    2122     0.000     0.000     0.000     2.941    17.778    18.352    15.039    18.218     4.767     3.095     0.631     0.980
    23.75    61.75    2123     0.028     0.000     0.000     1.345    18.828    11.175    21.966    27.653    15.549     4.601     0.850     0.000
    23.75    61.75    2124     0.000     0.000     0.000    14.121    21.976    10.784    12.496    12.114    11.141     3.777     0.773     0.000
    23.75    61.75    2125     0.000     0.000     7.114    15.307    16.558    24.607    28.662    10.652     7.978     4.938     0.572     0.000
    23.75    61.75    2126     0.000     0.000     0.000    10.455    12.499     2.732     2.504     6.337     5.026     5.508     1.088     0.000
    23.75    61.75    2127     0.000     0.000     6.913    22.361    15.345    28.018    24.836    24.586    14.486     2.311     0.000     0.000
    23.75    61.75    2128     0.000     0.000     0.000     0.000    27.888    21.186    24.921     8.783    14.183     5.662     0.994     0.000
    23.75    61.75    2129     0.433     0.595     4.441    14.972     7.015     4.578     5.429    17.235     6.762     3.464     0.327     0.000
    23.75    61.75    2130     0.000     0.000     0.000     4.123    18.700    19.174    16.508    34.107    14.848     5.808     0.841     0.000
    21.75    39.75    1980    26.680    35.194    30.621    12.385     2.547     1.372     4.158     0.426     0.151     0.429    12.568    15.513
    21.75    39.75    1981    16.395    14.913    10.584     0.587     0.581     0.262     0.106     0.040     0.053     2.291     6.324     4.759
    21.75    39.75    1982    14.873    18.341    14.261    31.609     9.978     0.429     2.938    15.684     4.201    30.283    17.470    13.741
    21.75    39.75    1983    20.452    12.248    20.087    17.645     4.763     4.044     1.242     1.791     2.518     3.674     6.753    16.572
    21.75    39.75    1984    17.336     8.586     4.544     1.043    12.773     0.764     0.240     0.160     0.419     0.796     1.710     6.643
    21.75    39.75    1985    21.045    31.275    14.874     1.376     0.233     0.949     1.046     0.172     0.616     0.516     3.310    10.325
    21.75    39.75    1986    16.936    29.067    43.578    25.233     8.662     6.234     3.673     1.865    14.061     5.288     1.811     2.957
    21.75    39.75    1987     3.656    25.607    21.405     6.639     6.796     4.698     0.529     6.964     5.170     7.561     6.025     6.343
    21.75    39.75    1988    15.635     7.165     5.752     2.600     2.190     9.082     1.902     0.480     0.247    13.762    10.394     7.256
    21.75    39.75    1989    15.189    12.513    14.029     6.315     2.389     1.736     0.338     0.285     0.556     0.093     8.283     2.335
    21.75    39.75    1990    22.659    22.163    34.167    11.804     3.417     0.465     0.216     0.322     0.097     2.372     6.684     4.489
    21.75    39.75    1991     7.934    12.817     7.600     0.883     2.504     1.773     0.497     0.141     0.118     0.109    14.700    15.249
    21.75    39.75    1992    19.746    24.963    23.842    13.605     1.134     0.117     0.205     0.268    23.141    22.202    20.292    14.437
    21.75    39.75    1993    21.702    29.138    39.078    18.032     1.157     1.277     0.212     0.518     0.141     0.221    10.081    12.086
    21.75    39.75    1994    24.487    19.178     9.405     7.511     2.346     0.532     0.153     0.155     0.798     3.955     5.228    10.941
    21.75    39.75    1995    19.645    29.769    44.081    15.994     1.388     2.313     1.078     0.187     0.179     1.626     7.300    10.781
    21.75    39.75    1996    17.483    21.617    11.268    21.764     4.916     0.344     0.246     4.684     0.171     0.442    11.080     9.076
    21.75    39.75    1997    21.377    32.235    30.955     3.963     1.220     1.493     1.398     0.852     4.270     0.342     5.113    14.368
    21.75    39.75    1998    21.227    31.745    26.979     2.815     0.207     1.014     0.734     1.720     0.217     2.857     2.720    13.328
    21.75    39.75    1999    25.032    26.421    11.728     0.502     0.274     0.360     0.178     0.073     1.134     1.647     9.378    18.057
    21.75    39.75    2000    24.125    13.692     9.056    13.006     0.779     1.186     0.213     0.226    20.072     4.752     7.499    15.307
    21.75    39.75    2001    20.051    19.315    18.133     5.272     0.699     0.986     0.535     0.298     0.074     4.895    17.903    13.402
    21.75    39.75    2002    19.624    19.420    11.870     0.531     0.398     0.451     0.257     0.247     0.065     3.761     7.776    10.185
    21.75    39.75    2003    27.024    33.323    35.368    18.765     5.643     2.465     0.455     1.512     0.346     0.976    14.599    16.203
    21.75    39.75    2004    18.793    22.082    13.173     3.508     0.477     0.201     0.143     0.107     0.602     0.738     1.582     5.924
    21.75    39.75    2005    23.184    22.700    10.182     0.689    21.721     5.726     0.513     0.201     5.820     6.173     1.878     8.490
    21.75    39.75    2006    18.866    30.252    13.845     1.751     0.536     0.814     2.182     0.359     1.965     8.948    11.290     7.498
    21.75    39.75    2007     6.787    32.305     8.990     0.865     1.226     0.502     0.261     0.199     0.183     1.593    10.959    11.409
    21.75    39.75    2008    18.073    15.424     2.021     0.771     1.004     1.326     2.833     0.697     0.208    12.650    11.131    10.232
    21.75    39.75    2009    21.926    33.947    40.710    17.126    10.511     6.913     0.623     2.285     0.417     1.028     4.950     8.376
    21.75    39.75    2010    15.368     5.884     0.826     1.068     0.332     0.152     0.304     1.151     0.434     0.286     4.760     8.838
    21.75    39.75    2011    18.092    14.614     3.469     0.679     0.240     3.031     3.471     0.282     0.057     0.555     0.202     6.908
    21.75    39.75    2012    18.122    14.984     6.013     1.674     0.499     0.802     0.467     0.339    14.050     5.829    14.004    10.229
    21.75    39.75    2013    21.246    20.864     5.230     8.170     0.473     0.462     0.315     0.117     0.956     0.216     6.362     6.798
    21.75    39.75    2014    15.851     8.777     9.865     4.030     0.262     0.149     0.068     0.046     0.496     1.172     1.388     2.046
    21.75    39.75    2015    21.798    29.569    17.865     2.771     0.140     0.382     0.037     0.025     0.185     0.020     4.927    11.984
    21.75    39.75    2016    28.887    32.434    31.128     6.173     2.780     0.801     3.479     5.865     0.078     6.810    13.503    18.126
    21.75    39.75    2017    20.716     9.002     0.681     0.395     0.288     0.331     1.593     0.054     0.260     0.136     1.828     6.144
    21.75    39.75    2018    17.709    24.553    15.442     3.910     0.225     0.127     1.110     0.284     9.261     1.553     0.323     7.629
    21.75    39.75    2019    18.894    14.208     5.519     0.907     0.106     0.146     0.097     0.223    10.659     4.201     2.179     9.004
    21.75    39.75    2020    22.420    27.254    12.149     2.500     0.042     0.035     0.512     0.513     0.016     0.254     3.402    11.489
    21.75    39.75    2021    19.459    12.532    26.703    13.799     3.860     0.896     0.031     0.021     5.048     0.746     5.834    12.163
    21.75    39.75    2022    19.560     6.274     1.425     3.418    11.832     0.508     1.370     0.029     0.035     0.018     9.450    11.258
    21.75    39.75    2023    25.941    16.817     8.787    10.838    24.762     3.571     0.227     0.175     6.314     0.780     0.034     7.892
    21.75    39.75    2024    16.381    16.411     4.380     0.546     2.664     0.229     0.086     0.057     6.180     4.465     8.281     7.142
    21.75    39.75    2025    17.391    12.126     6.286     4.574     0.988     0.169     1.554     0.187     0.554     2.274    12.371    12.995
    21.75    39.75    2026    22.912    23.406    16.741     7.072     2.774     1.207     1.892     4.769     0.419     0.245     0.111     6.944
    21.75    39.75    2027    16.821    15.575    17.086     8.562     6.552     2.824     1.558     0.136     0.045     0.415     9.713    12.001
    21.75    39.75    2028    14.565    18.944    11.188     2.624     0.917     0.048     1.987     0.292     0.117     0.064     0.044     2.137
    21.75    39.75    2029    14.668    10.311     2.783     2.711     1.647     2.287     0.081     0.055     0.261     0.864     1.773     6.741
    21.75    39.75    2030    22.150    23.742    24.112    32.909    24.664     2.684     0.158     3.650     2.139     6.483     7.377    10.408
    21.75    39.75    2031    15.373    14.664     7.066     5.797     0.556     0.250     0.058     0.045     0.051     3.116     7.050     4.653
    21.75    39.75    2032    16.064    21.730    19.144     6.438     1.000     3.265     2.679     1.220     0.964     0.250     8.340     6.183
    21.75    39.75    2033    13.873    23.994     5.150     2.250     0.683     0.109     0.063     0.033    12.182    10.828     4.093     5.586
    21.75    39.75    2034    19.264    14.561     5.038     4.704     7.138     2.083     3.855     0.338    17.732     3.810     0.527     1.122
    21.75    39.75    2035    13.819    16.656     9.808     4.005     0.379     0.074     0.347     0.462     0.184     1.000     3.516     6.861
    21.75    39.75    2036    18.378    15.544    10.768     3.577     0.653     0.618     0.940     0.273     2.489     7.013    15.277    11.732
    21.75    39.75    2037    15.786     7.536     4.141     7.357     0.607     0.063     0.791     0.249     0.436     0.575     6.627     9.880
    21.75    39.75    2038    20.171    18.279    10.255     1.671     0.086     0.099     0.262     1.433     0.203     0.090     0.532     3.701
    21.75    39.75    2039    22.840    36.492    29.632    18.725     2.354     0.168     0.112     0.748     3.574     8.066    14.664    15.967
    21.75    39.75    2040    15.595     9.463     6.712     1.441     0.107     0.114     0.079     0.033     1.516     7.792    13.608     9.862
    21.75    39.75    2041    18.108    28.372    30.117    15.400    11.036     0.732     0.447     0.150     2.270     0.231     7.493    10.062
    21.75    39.75    2042    10.050    14.972     6.553     1.881     1.948     1.391     2.710     0.216     0.206     0.301     0.581    10.205
    21.75    39.75    2043    23.300    20.305     9.905     7.957     1.907     0.066     0.034     0.064     0.730     1.451     4.273    10.373
    21.75    39.75    2044    15.870    19.453    10.994     1.387     0.034     0.831     5.238     0.729     0.131     1.296     1.065    11.699
    21.75    39.75    2045    14.536     6.830     2.188    14.172     3.110     0.092     0.137     3.782     3.101     0.751    11.243    12.739
    21.75    39.75    2046    19.265    12.689     6.357     3.279     1.348     0.269     0.145     0.153     0.051     3.714     8.248     7.545
    21.75    39.75    2047    15.979     9.146     0.903     0.363     3.503     1.833     0.442     0.135     0.050     4.570    11.717     9.042
    21.75    39.75    2048    20.238    25.404    32.140     7.858     0.287     0.289     0.327     1.186     0.150     0.368     5.114     6.226
    21.75    39.75    2049    20.367    29.526    16.004     6.518     4.492     0.680     1.948     0.119     3.153     5.000     6.102    10.886
    21.75    39.75    2050    17.713     9.649     0.540     0.514     0.181     1.575     0.126     0.039     0.041     0.773     0.310     0.656
    21.75    39.75    2051    17.059    16.470     3.112     0.166     2.486     0.668     0.166     0.547     0.061     0.309    13.093    10.042
    21.75    39.75    2052    18.967    23.299    15.105    24.597     2.479     2.703     2.890     2.351     0.070     0.195     0.031     2.218
    21.75    39.75    2053    11.296     7.566     0.666     0.086     0.181     0.126     0.065     0.022     0.010     0.113     1.423     4.659
    21.75    39.75    2054    22.571    27.202    38.582    31.420     3.908     1.608     0.619     2.886    12.345     0.160     6.550    15.697
    21.75    39.75    2055    24.272    31.559     7.443     3.895     0.239     0.099     0.128     0.192     0.589     0.064     2.699     4.457
    21.75    39.75    2056    16.240    12.701     9.947     4.857     0.682     0.349     1.610     0.425     0.079     2.966     6.122     7.844
    21.75    39.75    2057    11.032    17.118     3.102     0.180     0.968     0.652     1.845     0.172     0.108     1.193     3.779     2.558
    21.75    39.75    2058    21.400    19.973     3.299     0.229     0.155     0.211     0.465     0.201     0.587     1.100     4.879     9.678
    21.75    39.75    2059    21.384    14.706     4.417     0.333     0.522     1.400     1.537     0.276     0.124     5.809     7.793     6.247
    21.75    39.75    2060     7.181     7.305     2.154     0.650     0.677     0.916     0.303     9.042     0.101     0.279     0.044     4.358
    21.75    39.75    2061    17.729    19.092    16.620     0.953     0.065     4.084     0.128     0.085     0.332     0.466     3.385     9.690
    21.75    39.75    2062    19.953     9.861     4.408     0.870     0.468     0.903     0.622     0.173     0.828    14.708    12.138     9.271
    21.75    39.75    2063    21.508    18.635     1.632     0.427     0.407     0.220     0.367     0.591     0.097     0.118     1.352     2.921
    21.75    39.75    2064    14.901    28.091     8.333     0.854     0.171     0.106     0.390     5.135     0.224     0.701     0.220     1.040
    21.75    39.75    2065    15.064    14.917     3.876     0.264     1.828     0.329     0.059     0.064     0.110     0.498     2.164     2.645
    21.75    39.75    2066    17.215    12.298     8.066     4.517     0.827     0.053     0.149     0.037     0.519    20.197    13.306     7.127
    21.75    39.75    2067    10.376     4.863     1.693     0.408     0.078     0.846     0.825     0.091     1.030     0.905     1.087     4.512
    21.75    39.75    2068    23.198    26.270    10.403     1.788     1.288     1.964     1.641     0.207     0.035     0.984    13.209     8.320
    21.75    39.75    2069    16.482    11.370     3.242     0.207     0.048     0.256     0.300     0.084     0.239     0.032     0.033     2.922
    21.75    39.75    2070    22.862    14.020     3.524     1.017     0.957     0.530     0.096     0.102     0.070    12.485    19.126    14.379
    21.75    39.75    2071    20.621    21.834     9.877     0.812     0.347     0.233     2.857     0.074     0.036     0.128     5.006     9.797
    21.75    39.75    2072    16.622     5.950     0.297     2.704     0.198     0.278     0.769     0.402     0.208     5.562    10.111     7.910
    21.75    39.75    2073     4.380    12.741    21.944     0.837     0.497     0.357     0.111     0.063     2.407     1.289     6.669     4.285
    21.75    39.75    2074    18.859    13.571    11.703     1.313     0.287     0.493     0.345     0.067     0.099     0.909     4.254     7.259
    21.75    39.75    2075    20.299    18.329     4.847     1.209     0.193     0.693     0.834     0.172     0.189     0.747     4.884     7.992
    21.75    39.75    2076    18.625    14.465     3.746     1.162     0.344     1.501     0.530     0.534     0.349     2.020     7.671    14.120
    21.75    39.75    2077    22.266     8.160     0.389     0.399     0.105     0.127     0.236     3.277     0.995     0.974     4.102     5.445
    21.75    39.75    2078    22.418    25.860    32.033    17.971     9.841     2.189     4.380    16.922     0.589     0.276    11.052    12.064
    21.75    39.75    2079    25.267    15.999     4.714     1.689     3.139     2.599     3.820     1.010     1.865     9.365     6.312     4.650
    21.75    39.75    2080    13.811    23.997    15.023     2.038     0.383     1.679     0.396     0.602     0.998     2.999     5.132     4.087
    21.75    39.75    2081    15.719    13.744    11.657    11.646    13.254     1.455     0.609    14.438     0.789     2.250     0.825     5.746
    21.75    39.75    2082    14.401     9.912     4.142     1.671     0.098     0.741     0.070     0.035     0.040     5.211     7.392     4.254
    21.75    39.75    2083    17.572    26.577    28.344    16.563     7.382     0.234     0.209     0.051     0.036     0.028     6.510     7.069
    21.75    39.75    2084    18.039    28.076    25.579     8.220     0.107     0.105     1.084     0.751     0.225     0.272     9.444    10.712
    21.75    39.75    2085    18.246    22.405    12.248     1.026     2.852     0.215     0.131     0.059     0.392    15.929     5.142     6.317
    21.75    39.75    2086    17.202    24.562     4.793     0.072     0.163     1.207     3.685     1.777     0.720     0.108     0.890     7.066
    21.75    39.75    2087    18.635     9.120     6.403     0.218     1.248     0.545     0.157     0.059     2.663     4.262     8.933    15.127
    21.75    39.75    2088    22.739    24.743    14.859     2.783     0.312     0.326     0.140     0.184     0.391     0.664     5.886     9.127
    21.75    39.75    2089    19.048    25.417    18.270     7.843     2.927     1.862     3.184     4.058     0.606     2.677     5.002     8.576
    21.75    39.75    2090    12.586     7.348     4.764     0.653     0.133     0.233     0.255     0.234     0.165     0.067     1.952     2.040
    21.75    39.75    2091    19.875    28.237    21.789     0.641     0.384     1.670     0.978     1.222     1.005     2.029     4.358     7.865
    21.75    39.75    2092    19.833    20.828    13.220     6.156     0.345     0.366     0.429     0.186     0.535     1.038     4.444     7.092
    21.75    39.75    2093    16.928    30.442    33.906     4.974     1.400     0.391     0.130     0.081     0.032     0.936     0.860     0.945
    21.75    39.75    2094    17.442    13.797     2.334    12.700     3.110     0.346     1.151     5.321    13.461     0.564     2.118     5.492
    21.75    39.75    2095    18.658    23.023     3.779     0.731     0.283     0.087     0.060     1.115     0.087     0.039     3.744     5.303
    21.75    39.75    2096    15.950    14.736     6.286     7.385     2.860     0.221     1.057     0.387     0.177     1.168     9.168    13.594
    21.75    39.75    2097    19.620    16.276     4.233     6.036     2.832     0.345     0.122     0.522     0.109     1.109     4.916     9.798
    21.75    39.75    2098    15.626    18.939     4.681     0.585     0.619     0.402     0.134     3.156     0.332     1.765     0.380     4.515
    21.75    39.75    2099    12.268    23.538    21.491     9.424     2.534     0.836     0.173     0.317     2.575     2.704     2.433     8.737
    21.75    39.75    2100    23.618    12.707     6.673     8.338     1.879     1.195     1.157     5.578     2.502     0.545     0.190     3.250
    21.75    39.75    2101    22.595    17.036     4.603     1.188     0.724     0.442     1.542     1.036     0.191     0.276     2.100     4.548
    21.75    39.75    2102    17.581     9.574     2.260     4.157     0.540     0.632     2.038     0.973     0.211    13.906    11.984    13.227
    21.75    39.75    2103     5.006    15.484    22.214     2.240     2.121     0.402     0.192     0.125     0.833     1.823    11.373     8.284
    21.75    39.75    2104    19.565    12.969    15.338     4.554     0.265     0.553     0.583     0.151     0.246     0.655     4.773     7.960
    21.75    39.75    2105    19.897    18.116     6.620     3.536     0.182     1.863     0.537     0.161     0.475     2.304     5.792     7.650
    21.75    39.75    2106    16.900    12.676     4.029     0.924     0.755     0.758     0.985     1.763     0.579     1.110    10.519    11.119
    21.75    39.75    2107    19.410     9.951     0.610     0.477     0.137     0.201     0.180    10.165     1.687     1.448     3.102     4.267
    21.75    39.75    2108    21.840    28.981    33.387    24.293     9.727     4.319     8.508     7.784     7.544     0.908    12.093    11.095
    21.75    39.75    2109    25.060    17.505     4.035     1.866     3.799     4.809     4.895     1.643     1.725     7.481     5.205     3.127
    21.75    39.75    2110    12.790    27.831    16.223     3.264     1.118     2.122     1.073     0.524     2.226     5.024     5.542     4.034
    21.75    39.75    2111    14.524    15.960     7.247    16.044     8.690     2.645     1.149    16.268     1.475     1.996     0.732     4.511
    21.75    39.75    2112    12.395     7.881     5.806     1.552     0.246     0.598     0.197     0.075     0.116     6.186     4.462     4.079
    21.75    39.75    2113    21.254    31.668    37.620    21.613     2.863     3.295     1.114     0.373     0.351     0.300     7.327     9.506
    21.75    39.75    2114    18.343    28.791    27.627    12.445     1.058     0.760     1.360     4.185     1.893     1.372     6.087     9.226
    21.75    39.75    2115    19.217    20.139    14.207     1.521     6.997     1.417     0.435     0.142     0.369     7.550     8.252     5.758
    21.75    39.75    2116    18.584    27.991     5.526     0.176     0.326     2.435     4.430     2.760     3.842     0.292     0.606     5.976
    21.75    39.75    2117    17.978    11.611     3.581     0.237     0.642     0.665     0.379     0.142     4.264    15.113     7.277    15.058
    21.75    39.75    2118    24.650    22.609    15.131     2.897     0.454     0.754     0.428     0.406     0.382     0.760     1.676     5.292
    21.75    39.75    2119    19.205    28.541    19.548     5.215     3.211     2.858     5.246     2.298     1.229     1.726     6.535     7.599
    21.75    39.75    2120    15.029     8.290     3.323     1.008     0.519     0.601     0.617     0.571     1.109     0.221     0.895     1.975
    21.75    39.75    2121    19.997    34.564    20.798     0.654     0.772     1.099     1.205     0.888     1.249     2.179     5.267     9.149
    21.75    39.75    2122    20.755    18.653    10.927     4.932     0.402     0.498     0.423     0.266     0.832     2.483     0.420     3.601
    21.75    39.75    2123    14.485    28.756    36.133     2.248     1.472     0.405     0.177     0.103     0.035     1.412     1.127     0.803
    21.75    39.75    2124    16.397    17.394     4.291    10.707     1.081     0.318     0.833    14.333     0.617     0.278     0.740     6.880
    21.75    39.75    2125    17.229    17.046     3.005     0.406     0.167     0.069     0.065     0.251     0.074     0.034     2.353     4.063
    21.75    39.75    2126    12.188    19.538     5.451    11.715     0.547     0.168     1.889     0.161     0.186     1.024    15.306     9.666
    21.75    39.75    2127    20.308    16.553     3.775     2.585     2.813     0.260     0.159     0.433     0.118     2.258     4.454     8.921
    21.75    39.75    2128    19.919    17.138     2.979     1.427     0.606     0.354     0.344    11.169     0.213     1.042     1.239     4.298
    21.75    39.75    2129    12.752    26.533    24.106     5.853     4.511     0.865     0.204     0.250     3.220     3.744     2.324    10.637
    21.75    39.75    2130    21.525     8.886     7.151     9.209     3.212     0.801     2.073     1.531     1.047     0.200     0.084     4.248
