      Lon      Lat    Year       Jan       Feb       Mar       Apr       May       Jun       Jul       Aug       Sep       Oct       Nov       Dec
     9.75    49.75    1980    -0.276    -0.257    -0.173    -0.156    -0.168    -0.177    -0.198    -0.249    -0.276    -0.303    -0.293    -0.234
     9.75    49.75    1981    -0.179    -0.164    -0.155    -0.155    -0.172    -0.266    -0.560    -1.127    -1.195    -1.015    -0.711    -0.430
     9.75    49.75    1982    -0.263    -0.166    -0.154    -0.154    -0.166    -0.242    -0.387    -0.520    -0.473    -0.450    -0.361    -0.234
     9.75    49.75    1983    -0.191    -0.155    -0.154    -0.161    -0.186    -0.219    -0.256    -0.373    -0.677    -0.927    -0.683    -0.313
     9.75    49.75    1984    -0.209    -0.179    -0.161    -0.155    -0.161    -0.169    -0.213    -0.333    -0.468    -0.616    -0.563    -0.339
     9.75    49.75    1985    -0.263    -0.182    -0.155    -0.154    -0.166    -0.207    -0.283    -0.387    -0.441    -0.432    -0.303    -0.244
     9.75    49.75    1986    -0.244    -0.242    -0.223    -0.156    -0.165    -0.235    -0.396    -0.782    -1.093    -0.767    -0.374    -0.228
     9.75    49.75    1987    -0.199    -0.198    -0.157    -0.154    -0.159    -0.164    -0.180    -0.264    -0.294    -0.254    -0.226    -0.185
     9.75    49.75    1988    -0.163    -0.155    -0.154    -0.161    -0.201    -0.295    -0.560    -1.267    -1.842    -2.171    -2.165    -1.588
     9.75    49.75    1989    -0.952    -0.795    -0.244    -0.157    -0.158    -0.176    -0.247    -0.418    -0.587    -0.643    -0.471    -0.304
     9.75    49.75    1990    -0.223    -0.179    -0.157    -0.153    -0.163    -0.196    -0.260    -0.422    -0.724    -1.002    -0.968    -0.607
     9.75    49.75    1991    -0.365    -0.227    -0.170    -0.161    -0.185    -0.199    -0.291    -0.570    -0.993    -1.285    -1.133    -0.476
     9.75    49.75    1992    -0.221    -0.173    -0.154    -0.154    -0.171    -0.217    -0.272    -0.470    -0.788    -0.998    -0.846    -0.592
     9.75    49.75    1993    -0.587    -0.567    -0.216    -0.155    -0.175    -0.235    -0.373    -0.758    -0.748    -0.426    -0.343    -0.279
     9.75    49.75    1994    -0.212    -0.163    -0.153    -0.154    -0.176    -0.252    -0.486    -1.078    -1.446    -1.694    -1.289    -0.644
     9.75    49.75    1995    -0.428    -0.425    -0.248    -0.154    -0.158    -0.196    -0.307    -0.341    -0.396    -0.468    -0.347    -0.208
     9.75    49.75    1996    -0.173    -0.162    -0.153    -0.155    -0.177    -0.253    -0.403    -0.576    -0.710    -0.711    -0.414    -0.288
     9.75    49.75    1997    -0.237    -0.236    -0.180    -0.159    -0.165    -0.178    -0.201    -0.282    -0.338    -0.337    -0.273    -0.196
     9.75    49.75    1998    -0.168    -0.158    -0.154    -0.159    -0.194    -0.240    -0.404    -0.887    -1.117    -1.108    -0.972    -0.572
     9.75    49.75    1999    -0.320    -0.202    -0.172    -0.163    -0.205    -0.268    -0.490    -1.085    -1.745    -2.092    -1.779    -1.049
     9.75    49.75    2000    -0.507    -0.289    -0.222    -0.215    -0.319    -0.631    -1.084    -1.657    -1.862    -1.872    -1.191    -0.701
     9.75    49.75    2001    -0.515    -0.400    -0.266    -0.176    -0.197    -0.223    -0.375    -0.576    -0.957    -1.146    -0.968    -0.495
     9.75    49.75    2002    -0.248    -0.183    -0.161    -0.162    -0.159    -0.216    -0.423    -0.930    -1.178    -1.205    -1.139    -0.842
     9.75    49.75    2003    -0.480    -0.470    -0.263    -0.181    -0.187    -0.253    -0.349    -0.466    -0.549    -0.617    -0.532    -0.292
     9.75    49.75    2004    -0.202    -0.175    -0.157    -0.156    -0.159    -0.173    -0.239    -0.369    -0.519    -0.564    -0.452    -0.272
     9.75    49.75    2005    -0.225    -0.184    -0.155    -0.156    -0.174    -0.216    -0.343    -0.681    -1.125    -1.405    -0.954    -0.349
     9.75    49.75    2006    -0.225    -0.176    -0.153    -0.155    -0.184    -0.274    -0.346    -0.439    -0.448    -0.399    -0.246    -0.178
     9.75    49.75    2007    -0.161    -0.156    -0.154    -0.155    -0.175    -0.237    -0.376    -0.744    -1.365    -1.701    -1.329    -0.645
     9.75    49.75    2008    -0.288    -0.198    -0.176    -0.205    -0.319    -0.705    -1.396    -1.915    -2.188    -2.122    -1.317    -0.731
     9.75    49.75    2009    -0.513    -0.511    -0.461    -0.193    -0.199    -0.243    -0.346    -0.461    -0.490    -0.513    -0.357    -0.251
     9.75    49.75    2010    -0.175    -0.167    -0.159    -0.178    -0.243    -0.358    -0.578    -1.161    -1.488    -1.309    -0.796    -0.346
     9.75    49.75    2011    -0.214    -0.174    -0.158    -0.174    -0.253    -0.420    -0.906    -1.629    -2.134    -2.188    -1.494    -0.762
     9.75    49.75    2012    -0.364    -0.201    -0.158    -0.170    -0.241    -0.413    -1.015    -1.863    -2.135    -2.058    -1.412    -0.850
     9.75    49.75    2013    -0.807    -0.527    -0.183    -0.156    -0.183    -0.281    -0.529    -1.129    -1.472    -1.518    -0.997    -0.576
     9.75    49.75    2014    -0.459    -0.254    -0.160    -0.156    -0.183    -0.257    -0.461    -0.734    -0.699    -0.718    -0.669    -0.443
     9.75    49.75    2015    -0.280    -0.221    -0.174    -0.164    -0.198    -0.316    -0.708    -1.361    -1.815    -2.022    -1.984    -1.442
     9.75    49.75    2016    -0.886    -0.876    -0.310    -0.224    -0.399    -1.003    -1.776    -2.023    -2.160    -2.250    -1.763    -0.645
     9.75    49.75    2017    -0.369    -0.241    -0.178    -0.192    -0.302    -0.514    -0.551    -0.802    -1.289    -1.547    -0.850    -0.287
     9.75    49.75    2018    -0.216    -0.189    -0.154    -0.157    -0.190    -0.281    -0.535    -1.081    -1.681    -1.816    -1.516    -0.910
     9.75    49.75    2019    -0.714    -0.412    -0.298    -0.282    -0.291    -0.406    -0.785    -1.346    -1.618    -1.815    -1.558    -0.946
     9.75    49.75    2020    -0.359    -0.204    -0.162    -0.158    -0.169    -0.182    -0.245    -0.417    -0.735    -0.872    -0.718    -0.347
     9.75    49.75    2021    -0.208    -0.164    -0.156    -0.156    -0.188    -0.264    -0.488    -0.948    -1.035    -0.945    -0.665    -0.442
     9.75    49.75    2022    -0.234    -0.167    -0.155    -0.158    -0.172    -0.232    -0.371    -0.697    -1.059    -1.062    -0.653    -0.366
     9.75    49.75    2023    -0.218    -0.167    -0.156    -0.168    -0.195    -0.205    -0.283    -0.410    -0.660    -0.728    -0.428    -0.238
     9.75    49.75    2024    -0.199    -0.171    -0.156    -0.167    -0.207    -0.326    -0.697    -1.481    -1.933    -2.027    -1.101    -0.440
     9.75    49.75    2025    -0.306    -0.173    -0.154    -0.154    -0.166    -0.237    -0.414    -0.880    -1.556    -1.782    -1.415    -0.903
     9.75    49.75    2026    -0.436    -0.202    -0.156    -0.156    -0.169    -0.177    -0.210    -0.296    -0.321    -0.294    -0.276    -0.218
     9.75    49.75    2027    -0.162    -0.155    -0.154    -0.156    -0.178    -0.189    -0.224    -0.350    -0.697    -1.076    -0.958    -0.535
     9.75    49.75    2028    -0.305    -0.214    -0.189    -0.172    -0.158    -0.177    -0.241    -0.354    -0.395    -0.343    -0.222    -0.176
     9.75    49.75    2029    -0.157    -0.155    -0.154    -0.154    -0.173    -0.257    -0.394    -0.636    -0.922    -1.066    -1.069    -0.872
     9.75    49.75    2030    -0.543    -0.358    -0.269    -0.224    -0.268    -0.506    -1.039    -1.554    -1.815    -1.862    -1.436    -0.787
     9.75    49.75    2031    -0.593    -0.228    -0.178    -0.161    -0.168    -0.209    -0.320    -0.432    -0.373    -0.342    -0.301    -0.236
     9.75    49.75    2032    -0.209    -0.205    -0.169    -0.156    -0.174    -0.247    -0.449    -0.767    -1.063    -1.418    -1.387    -0.963
     9.75    49.75    2033    -0.433    -0.256    -0.197    -0.196    -0.190    -0.222    -0.384    -0.760    -1.157    -1.289    -1.021    -0.666
     9.75    49.75    2034    -0.480    -0.235    -0.184    -0.192    -0.296    -0.606    -0.901    -1.255    -1.484    -1.578    -1.247    -0.860
     9.75    49.75    2035    -0.521    -0.292    -0.188    -0.163    -0.177    -0.263    -0.471    -0.888    -1.425    -1.544    -1.238    -0.798
     9.75    49.75    2036    -0.382    -0.220    -0.186    -0.170    -0.200    -0.241    -0.391    -0.693    -0.902    -0.967    -0.709    -0.489
     9.75    49.75    2037    -0.246    -0.165    -0.163    -0.192    -0.248    -0.377    -0.743    -1.065    -1.432    -1.793    -1.719    -1.010
     9.75    49.75    2038    -0.640    -0.311    -0.200    -0.156    -0.179    -0.283    -0.482    -0.504    -0.481    -0.617    -0.494    -0.257
     9.75    49.75    2039    -0.194    -0.182    -0.155    -0.155    -0.159    -0.186    -0.284    -0.533    -0.887    -0.982    -0.804    -0.440
     9.75    49.75    2040    -0.302    -0.204    -0.164    -0.154    -0.163    -0.186    -0.225    -0.319    -0.545    -0.860    -0.882    -0.685
     9.75    49.75    2041    -0.483    -0.379    -0.178    -0.156    -0.156    -0.158    -0.171    -0.214    -0.241    -0.210    -0.194    -0.170
     9.75    49.75    2042    -0.166    -0.156    -0.154    -0.162    -0.217    -0.330    -0.668    -1.140    -1.023    -0.855    -0.476    -0.266
     9.75    49.75    2043    -0.260    -0.191    -0.154    -0.157    -0.180    -0.247    -0.458    -0.924    -1.303    -1.463    -1.248    -0.789
     9.75    49.75    2044    -0.398    -0.230    -0.171    -0.155    -0.166    -0.227    -0.265    -0.381    -0.553    -0.683    -0.461    -0.247
     9.75    49.75    2045    -0.172    -0.156    -0.153    -0.154    -0.156    -0.170    -0.228    -0.337    -0.457    -0.613    -0.509    -0.305
     9.75    49.75    2046    -0.185    -0.155    -0.153    -0.154    -0.155    -0.165    -0.177    -0.206    -0.292    -0.427    -0.397    -0.287
     9.75    49.75    2047    -0.197    -0.165    -0.157    -0.159    -0.189    -0.281    -0.499    -0.844    -1.312    -1.587    -1.589    -0.939
     9.75    49.75    2048    -0.443    -0.280    -0.192    -0.168    -0.205    -0.328    -0.616    -0.950    -1.314    -1.500    -1.643    -1.330
     9.75    49.75    2049    -1.013    -0.539    -0.214    -0.189    -0.212    -0.318    -0.505    -0.667    -0.589    -0.546    -0.385    -0.281
     9.75    49.75    2050    -0.210    -0.162    -0.156    -0.155    -0.160    -0.187    -0.287    -0.515    -0.877    -0.482    -0.250    -0.185
     9.75    49.75    2051    -0.161    -0.154    -0.154    -0.158    -0.182    -0.242    -0.384    -0.667    -0.711    -0.511    -0.289    -0.186
     9.75    49.75    2052    -0.172    -0.160    -0.153    -0.155    -0.166    -0.222    -0.360    -0.624    -0.900    -0.649    -0.308    -0.190
     9.75    49.75    2053    -0.165    -0.154    -0.153    -0.154    -0.173    -0.223    -0.218    -0.345    -0.660    -0.916    -0.723    -0.482
     9.75    49.75    2054    -0.352    -0.211    -0.163    -0.156    -0.176    -0.239    -0.350    -0.480    -0.583    -0.683    -0.538    -0.319
     9.75    49.75    2055    -0.226    -0.176    -0.155    -0.157    -0.193    -0.288    -0.513    -0.993    -1.340    -1.614    -1.124    -0.673
     9.75    49.75    2056    -0.395    -0.224    -0.204    -0.198    -0.217    -0.328    -0.444    -0.805    -1.120    -1.364    -1.122    -0.590
     9.75    49.75    2057    -0.378    -0.277    -0.217    -0.188    -0.173    -0.223    -0.324    -0.377    -0.366    -0.376    -0.291    -0.203
     9.75    49.75    2058    -0.162    -0.157    -0.157    -0.156    -0.156    -0.176    -0.243    -0.359    -0.512    -0.785    -0.771    -0.476
     9.75    49.75    2059    -0.310    -0.243    -0.215    -0.212    -0.213    -0.279    -0.425    -0.792    -1.086    -1.437    -1.494    -0.828
     9.75    49.75    2060    -0.453    -0.320    -0.309    -0.352    -0.369    -0.458    -0.371    -0.527    -0.713    -0.963    -0.626    -0.316
     9.75    49.75    2061    -0.224    -0.174    -0.161    -0.166    -0.200    -0.274    -0.420    -0.708    -0.950    -1.116    -0.961    -0.602
     9.75    49.75    2062    -0.389    -0.186    -0.155    -0.155    -0.162    -0.211    -0.311    -0.434    -0.605    -0.780    -0.849    -0.760
     9.75    49.75    2063    -0.582    -0.395    -0.303    -0.308    -0.379    -0.541    -0.853    -1.256    -1.551    -1.462    -0.855    -0.424
     9.75    49.75    2064    -0.267    -0.225    -0.168    -0.168    -0.188    -0.239    -0.337    -0.500    -0.677    -0.588    -0.417    -0.286
     9.75    49.75    2065    -0.196    -0.161    -0.156    -0.162    -0.184    -0.229    -0.312    -0.473    -0.626    -0.672    -0.680    -0.555
     9.75    49.75    2066    -0.432    -0.249    -0.203    -0.178    -0.185    -0.215    -0.286    -0.476    -0.691    -0.911    -0.934    -0.637
     9.75    49.75    2067    -0.400    -0.192    -0.157    -0.158    -0.193    -0.266    -0.398    -0.635    -0.886    -1.197    -1.289    -1.107
     9.75    49.75    2068    -0.967    -0.566    -0.378    -0.311    -0.287    -0.377    -0.478    -0.344    -0.345    -0.377    -0.297    -0.211
     9.75    49.75    2069    -0.178    -0.164    -0.160    -0.176    -0.223    -0.297    -0.425    -0.564    -0.757    -1.002    -1.121    -0.881
     9.75    49.75    2070    -0.519    -0.253    -0.187    -0.164    -0.170    -0.216    -0.292    -0.446    -0.620    -0.678    -0.548    -0.436
     9.75    49.75    2071    -0.423    -0.228    -0.163    -0.157    -0.170    -0.196    -0.257    -0.377    -0.535    -0.600    -0.515    -0.337
     9.75    49.75    2072    -0.206    -0.159    -0.158    -0.158    -0.158    -0.165    -0.212    -0.290    -0.379    -0.452    -0.338    -0.240
     9.75    49.75    2073    -0.212    -0.212    -0.175    -0.155    -0.170    -0.217    -0.279    -0.357    -0.441    -0.498    -0.511    -0.392
     9.75    49.75    2074    -0.237    -0.164    -0.155    -0.154    -0.162    -0.204    -0.277    -0.384    -0.538    -0.587    -0.352    -0.237
     9.75    49.75    2075    -0.164    -0.155    -0.154    -0.154    -0.163    -0.192    -0.205    -0.254    -0.345    -0.435    -0.300    -0.168
     9.75    49.75    2076    -0.154    -0.153    -0.153    -0.154    -0.167    -0.217    -0.295    -0.428    -0.548    -0.675    -0.723    -0.606
     9.75    49.75    2077    -0.468    -0.361    -0.309    -0.256    -0.252    -0.327    -0.443    -0.541    -0.730    -0.834    -0.625    -0.384
     9.75    49.75    2078    -0.289    -0.231    -0.162    -0.157    -0.173    -0.226    -0.270    -0.327    -0.398    -0.444    -0.414    -0.325
     9.75    49.75    2079    -0.204    -0.155    -0.153    -0.154    -0.159    -0.194    -0.240    -0.333    -0.481    -0.644    -0.624    -0.405
     9.75    49.75    2080    -0.223    -0.160    -0.154    -0.161    -0.191    -0.247    -0.309    -0.362    -0.340    -0.299    -0.221    -0.165
     9.75    49.75    2081    -0.154    -0.153    -0.153    -0.155    -0.158    -0.165    -0.198    -0.241    -0.272    -0.310    -0.317    -0.284
     9.75    49.75    2082    -0.177    -0.153    -0.153    -0.153    -0.158    -0.183    -0.232    -0.320    -0.458    -0.650    -0.672    -0.426
     9.75    49.75    2083    -0.225    -0.180    -0.155    -0.154    -0.154    -0.176    -0.233    -0.320    -0.442    -0.561    -0.468    -0.310
     9.75    49.75    2084    -0.246    -0.226    -0.155    -0.158    -0.176    -0.218    -0.280    -0.379    -0.496    -0.483    -0.350    -0.211
     9.75    49.75    2085    -0.168    -0.155    -0.154    -0.154    -0.169    -0.211    -0.272    -0.389    -0.561    -0.654    -0.576    -0.300
     9.75    49.75    2086    -0.205    -0.165    -0.155    -0.167    -0.201    -0.262    -0.325    -0.425    -0.492    -0.551    -0.465    -0.297
     9.75    49.75    2087    -0.259    -0.154    -0.154    -0.155    -0.158    -0.178    -0.235    -0.320    -0.447    -0.626    -0.613    -0.509
     9.75    49.75    2088    -0.506    -0.443    -0.191    -0.186    -0.222    -0.277    -0.382    -0.477    -0.452    -0.445    -0.279    -0.180
     9.75    49.75    2089    -0.168    -0.157    -0.155    -0.157    -0.167    -0.184    -0.232    -0.299    -0.408    -0.554    -0.585    -0.461
     9.75    49.75    2090    -0.302    -0.224    -0.175    -0.156    -0.172    -0.205    -0.267    -0.369    -0.484    -0.511    -0.391    -0.281
     9.75    49.75    2091    -0.214    -0.212    -0.164    -0.158    -0.195    -0.256    -0.353    -0.492    -0.737    -0.876    -0.680    -0.382
     9.75    49.75    2092    -0.209    -0.156    -0.153    -0.154    -0.166    -0.206    -0.269    -0.277    -0.215    -0.201    -0.186    -0.160
     9.75    49.75    2093    -0.153    -0.153    -0.154    -0.154    -0.175    -0.226    -0.303    -0.409    -0.577    -0.667    -0.434    -0.246
     9.75    49.75    2094    -0.209    -0.159    -0.153    -0.154    -0.157    -0.178    -0.219    -0.279    -0.359    -0.444    -0.347    -0.234
     9.75    49.75    2095    -0.165    -0.153    -0.153    -0.154    -0.157    -0.177    -0.225    -0.290    -0.355    -0.400    -0.398    -0.298
     9.75    49.75    2096    -0.197    -0.163    -0.154    -0.155    -0.157    -0.174    -0.217    -0.278    -0.321    -0.422    -0.427    -0.300
     9.75    49.75    2097    -0.196    -0.156    -0.155    -0.154    -0.154    -0.165    -0.206    -0.264    -0.332    -0.370    -0.279    -0.163
     9.75    49.75    2098    -0.153    -0.153    -0.154    -0.154    -0.155    -0.155    -0.172    -0.209    -0.241    -0.285    -0.292    -0.228
     9.75    49.75    2099    -0.165    -0.153    -0.156    -0.167    -0.181    -0.174    -0.211    -0.267    -0.316    -0.343    -0.305    -0.262
     9.75    49.75    2100    -0.238    -0.158    -0.154    -0.157    -0.175    -0.210    -0.252    -0.334    -0.418    -0.476    -0.489    -0.425
     9.75    49.75    2101    -0.315    -0.211    -0.158    -0.155    -0.168    -0.195    -0.235    -0.313    -0.404    -0.470    -0.432    -0.337
     9.75    49.75    2102    -0.207    -0.160    -0.154    -0.155    -0.155    -0.164    -0.203    -0.250    -0.279    -0.308    -0.262    -0.198
     9.75    49.75    2103    -0.193    -0.192    -0.167    -0.155    -0.159    -0.194    -0.243    -0.304    -0.339    -0.349    -0.349    -0.282
     9.75    49.75    2104    -0.178    -0.155    -0.153    -0.153    -0.158    -0.191    -0.244    -0.311    -0.401    -0.472    -0.308    -0.196
     9.75    49.75    2105    -0.163    -0.153    -0.154    -0.154    -0.158    -0.185    -0.201    -0.230    -0.292    -0.340    -0.241    -0.158
     9.75    49.75    2106    -0.154    -0.154    -0.154    -0.154    -0.163    -0.202    -0.266    -0.357    -0.475    -0.565    -0.636    -0.556
     9.75    49.75    2107    -0.410    -0.306    -0.276    -0.249    -0.238    -0.291    -0.369    -0.442    -0.603    -0.711    -0.536    -0.309
     9.75    49.75    2108    -0.254    -0.225    -0.168    -0.156    -0.170    -0.217    -0.277    -0.295    -0.334    -0.359    -0.352    -0.283
     9.75    49.75    2109    -0.227    -0.158    -0.154    -0.154    -0.157    -0.180    -0.226    -0.294    -0.400    -0.492    -0.451    -0.315
     9.75    49.75    2110    -0.207    -0.157    -0.154    -0.159    -0.185    -0.226    -0.283    -0.303    -0.305    -0.278    -0.197    -0.158
     9.75    49.75    2111    -0.154    -0.153    -0.153    -0.156    -0.166    -0.175    -0.196    -0.233    -0.251    -0.290    -0.295    -0.288
     9.75    49.75    2112    -0.203    -0.153    -0.153    -0.154    -0.156    -0.180    -0.224    -0.293    -0.394    -0.479    -0.507    -0.364
     9.75    49.75    2113    -0.201    -0.166    -0.154    -0.154    -0.155    -0.175    -0.220    -0.285    -0.363    -0.431    -0.376    -0.259
     9.75    49.75    2114    -0.219    -0.205    -0.154    -0.160    -0.180    -0.215    -0.262    -0.324    -0.402    -0.411    -0.291    -0.186
     9.75    49.75    2115    -0.160    -0.153    -0.154    -0.154    -0.166    -0.198    -0.245    -0.327    -0.442    -0.556    -0.476    -0.264
     9.75    49.75    2116    -0.184    -0.161    -0.156    -0.167    -0.198    -0.249    -0.315    -0.406    -0.470    -0.569    -0.508    -0.313
     9.75    49.75    2117    -0.280    -0.156    -0.154    -0.155    -0.157    -0.180    -0.231    -0.305    -0.408    -0.520    -0.515    -0.425
     9.75    49.75    2118    -0.420    -0.385    -0.191    -0.187    -0.218    -0.265    -0.357    -0.429    -0.389    -0.392    -0.272    -0.182
     9.75    49.75    2119    -0.165    -0.158    -0.154    -0.158    -0.167    -0.179    -0.222    -0.276    -0.358    -0.464    -0.484    -0.420
     9.75    49.75    2120    -0.322    -0.196    -0.164    -0.156    -0.167    -0.196    -0.247    -0.325    -0.426    -0.426    -0.348    -0.251
     9.75    49.75    2121    -0.198    -0.195    -0.159    -0.159    -0.190    -0.244    -0.328    -0.454    -0.622    -0.719    -0.613    -0.408
     9.75    49.75    2122    -0.214    -0.158    -0.153    -0.155    -0.164    -0.197    -0.248    -0.292    -0.220    -0.207    -0.193    -0.163
     9.75    49.75    2123    -0.154    -0.153    -0.153    -0.154    -0.168    -0.207    -0.266    -0.334    -0.456    -0.497    -0.319    -0.201
     9.75    49.75    2124    -0.171    -0.154    -0.154    -0.154    -0.156    -0.172    -0.206    -0.258    -0.325    -0.376    -0.310    -0.224
     9.75    49.75    2125    -0.164    -0.153    -0.153    -0.154    -0.157    -0.169    -0.206    -0.256    -0.305    -0.345    -0.336    -0.246
     9.75    49.75    2126    -0.181    -0.156    -0.153    -0.154    -0.165    -0.182    -0.218    -0.257    -0.308    -0.387    -0.394    -0.306
     9.75    49.75    2127    -0.204    -0.157    -0.154    -0.154    -0.157    -0.179    -0.223    -0.280    -0.354    -0.417    -0.308    -0.170
     9.75    49.75    2128    -0.154    -0.153    -0.153    -0.153    -0.157    -0.164    -0.176    -0.208    -0.245    -0.282    -0.280    -0.227
     9.75    49.75    2129    -0.168    -0.154    -0.155    -0.162    -0.169    -0.160    -0.194    -0.235    -0.274    -0.316    -0.308    -0.258
     9.75    49.75    2130    -0.227    -0.156    -0.153    -0.155    -0.168    -0.202    -0.247    -0.310    -0.390    -0.434    -0.448    -0.375
    13.75    55.75    1980    -0.130    -0.130    -0.127    -0.126    -0.139    -0.190    -0.316    -0.621    -0.904    -0.615    -0.303    -0.210
    13.75    55.75    1981    -0.141    -0.126    -0.125    -0.126    -0.139    -0.192    -0.307    -0.622    -1.130    -1.261    -0.672    -0.308
    13.75    55.75    1982    -0.182    -0.130    -0.125    -0.125    -0.131    -0.157    -0.246    -0.473    -0.841    -0.645    -0.346    -0.187
    13.75    55.75    1983    -0.163    -0.129    -0.125    -0.126    -0.142    -0.191    -0.296    -0.604    -1.256    -1.663    -1.072    -0.402
    13.75    55.75    1984    -0.201    -0.144    -0.129    -0.125    -0.130    -0.159    -0.207    -0.256    -0.294    -0.254    -0.159    -0.131
    13.75    55.75    1985    -0.126    -0.125    -0.125    -0.126    -0.128    -0.139    -0.171    -0.185    -0.187    -0.148    -0.127    -0.125
    13.75    55.75    1986    -0.126    -0.126    -0.126    -0.126    -0.129    -0.153    -0.231    -0.326    -0.316    -0.201    -0.146    -0.128
    13.75    55.75    1987    -0.126    -0.126    -0.126    -0.126    -0.138    -0.176    -0.224    -0.376    -0.401    -0.238    -0.152    -0.127
    13.75    55.75    1988    -0.125    -0.125    -0.125    -0.126    -0.141    -0.194    -0.348    -0.621    -0.956    -1.118    -0.875    -0.426
    13.75    55.75    1989    -0.241    -0.240    -0.175    -0.126    -0.132    -0.172    -0.282    -0.465    -0.733    -0.625    -0.294    -0.169
    13.75    55.75    1990    -0.137    -0.130    -0.126    -0.125    -0.135    -0.149    -0.196    -0.301    -0.307    -0.243    -0.178    -0.132
    13.75    55.75    1991    -0.126    -0.126    -0.126    -0.126    -0.135    -0.189    -0.334    -0.375    -0.297    -0.212    -0.150    -0.130
    13.75    55.75    1992    -0.125    -0.125    -0.125    -0.125    -0.133    -0.160    -0.214    -0.375    -0.617    -0.728    -0.530    -0.241
    13.75    55.75    1993    -0.229    -0.218    -0.155    -0.126    -0.137    -0.172    -0.208    -0.223    -0.253    -0.236    -0.170    -0.165
    13.75    55.75    1994    -0.162    -0.140    -0.126    -0.127    -0.137    -0.174    -0.229    -0.235    -0.261    -0.205    -0.145    -0.131
    13.75    55.75    1995    -0.128    -0.127    -0.126    -0.126    -0.135    -0.172    -0.266    -0.491    -0.814    -0.801    -0.357    -0.191
    13.75    55.75    1996    -0.132    -0.125    -0.125    -0.126    -0.135    -0.183    -0.317    -0.522    -0.704    -0.488    -0.250    -0.176
    13.75    55.75    1997    -0.138    -0.138    -0.133    -0.126    -0.135    -0.181    -0.266    -0.359    -0.378    -0.288    -0.176    -0.133
    13.75    55.75    1998    -0.129    -0.127    -0.126    -0.126    -0.141    -0.172    -0.245    -0.449    -0.591    -0.584    -0.460    -0.267
    13.75    55.75    1999    -0.195    -0.161    -0.130    -0.132    -0.138    -0.180    -0.313    -0.523    -0.622    -0.361    -0.220    -0.142
    13.75    55.75    2000    -0.129    -0.126    -0.126    -0.129    -0.158    -0.251    -0.474    -1.036    -1.681    -1.465    -0.692    -0.282
    13.75    55.75    2001    -0.201    -0.201    -0.198    -0.131    -0.130    -0.149    -0.185    -0.215    -0.206    -0.170    -0.137    -0.128
    13.75    55.75    2002    -0.128    -0.129    -0.128    -0.126    -0.133    -0.181    -0.312    -0.487    -0.426    -0.276    -0.182    -0.140
    13.75    55.75    2003    -0.129    -0.129    -0.127    -0.126    -0.133    -0.168    -0.252    -0.309    -0.344    -0.227    -0.154    -0.128
    13.75    55.75    2004    -0.126    -0.126    -0.126    -0.126    -0.135    -0.152    -0.154    -0.185    -0.238    -0.268    -0.191    -0.138
    13.75    55.75    2005    -0.130    -0.128    -0.127    -0.127    -0.142    -0.187    -0.305    -0.581    -1.020    -1.020    -0.369    -0.178
    13.75    55.75    2006    -0.132    -0.126    -0.126    -0.127    -0.148    -0.226    -0.434    -0.918    -1.543    -1.354    -0.574    -0.256
    13.75    55.75    2007    -0.173    -0.171    -0.132    -0.126    -0.131    -0.143    -0.164    -0.242    -0.271    -0.180    -0.138    -0.127
    13.75    55.75    2008    -0.127    -0.127    -0.126    -0.132    -0.165    -0.272    -0.532    -1.007    -1.494    -1.056    -0.583    -0.272
    13.75    55.75    2009    -0.182    -0.165    -0.152    -0.127    -0.142    -0.198    -0.336    -0.466    -0.469    -0.309    -0.173    -0.131
    13.75    55.75    2010    -0.127    -0.127    -0.126    -0.132    -0.163    -0.245    -0.394    -0.507    -0.616    -0.399    -0.217    -0.141
    13.75    55.75    2011    -0.126    -0.126    -0.126    -0.132    -0.159    -0.207    -0.193    -0.208    -0.257    -0.279    -0.227    -0.145
    13.75    55.75    2012    -0.130    -0.127    -0.127    -0.130    -0.153    -0.238    -0.444    -0.966    -1.751    -1.763    -0.941    -0.359
    13.75    55.75    2013    -0.224    -0.223    -0.152    -0.127    -0.144    -0.208    -0.382    -0.651    -0.471    -0.268    -0.158    -0.130
    13.75    55.75    2014    -0.129    -0.129    -0.125    -0.129    -0.143    -0.190    -0.270    -0.401    -0.394    -0.345    -0.252    -0.166
    13.75    55.75    2015    -0.132    -0.129    -0.128    -0.127    -0.144    -0.217    -0.365    -0.410    -0.378    -0.274    -0.178    -0.131
    13.75    55.75    2016    -0.126    -0.126    -0.126    -0.130    -0.156    -0.198    -0.346    -0.591    -0.903    -1.194    -0.773    -0.457
    13.75    55.75    2017    -0.215    -0.146    -0.128    -0.132    -0.157    -0.244    -0.353    -0.391    -0.721    -1.081    -0.614    -0.358
    13.75    55.75    2018    -0.345    -0.343    -0.310    -0.136    -0.133    -0.160    -0.209    -0.285    -0.343    -0.358    -0.208    -0.145
    13.75    55.75    2019    -0.135    -0.134    -0.128    -0.127    -0.139    -0.203    -0.366    -0.737    -1.253    -0.954    -0.598    -0.299
    13.75    55.75    2020    -0.159    -0.127    -0.125    -0.127    -0.136    -0.190    -0.277    -0.351    -0.323    -0.256    -0.165    -0.130
    13.75    55.75    2021    -0.125    -0.125    -0.125    -0.127    -0.143    -0.203    -0.317    -0.477    -0.631    -0.623    -0.296    -0.177
    13.75    55.75    2022    -0.126    -0.125    -0.125    -0.126    -0.137    -0.197    -0.289    -0.306    -0.276    -0.176    -0.128    -0.125
    13.75    55.75    2023    -0.125    -0.125    -0.125    -0.126    -0.145    -0.167    -0.240    -0.403    -0.692    -0.665    -0.373    -0.191
    13.75    55.75    2024    -0.141    -0.129    -0.125    -0.127    -0.149    -0.225    -0.412    -0.854    -1.632    -1.641    -0.709    -0.274
    13.75    55.75    2025    -0.191    -0.151    -0.125    -0.125    -0.130    -0.174    -0.293    -0.556    -0.962    -1.123    -0.634    -0.319
    13.75    55.75    2026    -0.188    -0.133    -0.125    -0.125    -0.137    -0.137    -0.165    -0.263    -0.405    -0.412    -0.254    -0.155
    13.75    55.75    2027    -0.126    -0.125    -0.125    -0.125    -0.139    -0.198    -0.324    -0.590    -0.622    -0.603    -0.364    -0.173
    13.75    55.75    2028    -0.129    -0.125    -0.125    -0.126    -0.145    -0.176    -0.221    -0.305    -0.292    -0.211    -0.139    -0.125
    13.75    55.75    2029    -0.125    -0.125    -0.125    -0.125    -0.138    -0.193    -0.305    -0.444    -0.353    -0.246    -0.173    -0.132
    13.75    55.75    2030    -0.125    -0.125    -0.125    -0.125    -0.129    -0.160    -0.243    -0.328    -0.475    -0.454    -0.320    -0.198
    13.75    55.75    2031    -0.167    -0.131    -0.125    -0.126    -0.131    -0.169    -0.276    -0.490    -0.797    -0.611    -0.414    -0.194
    13.75    55.75    2032    -0.162    -0.161    -0.160    -0.128    -0.132    -0.179    -0.298    -0.539    -0.906    -0.989    -0.648    -0.272
    13.75    55.75    2033    -0.162    -0.131    -0.126    -0.127    -0.136    -0.168    -0.229    -0.261    -0.306    -0.245    -0.150    -0.128
    13.75    55.75    2034    -0.126    -0.125    -0.125    -0.127    -0.156    -0.211    -0.202    -0.222    -0.239    -0.252    -0.201    -0.149
    13.75    55.75    2035    -0.127    -0.126    -0.125    -0.127    -0.144    -0.186    -0.285    -0.363    -0.358    -0.222    -0.138    -0.126
    13.75    55.75    2036    -0.125    -0.125    -0.125    -0.126    -0.138    -0.170    -0.262    -0.431    -0.493    -0.401    -0.295    -0.208
    13.75    55.75    2037    -0.154    -0.134    -0.128    -0.128    -0.149    -0.193    -0.229    -0.255    -0.349    -0.400    -0.287    -0.181
    13.75    55.75    2038    -0.139    -0.127    -0.125    -0.126    -0.135    -0.184    -0.295    -0.436    -0.423    -0.349    -0.178    -0.130
    13.75    55.75    2039    -0.125    -0.125    -0.125    -0.125    -0.136    -0.169    -0.244    -0.425    -0.634    -0.674    -0.391    -0.189
    13.75    55.75    2040    -0.134    -0.125    -0.125    -0.125    -0.132    -0.166    -0.192    -0.219    -0.242    -0.231    -0.192    -0.134
    13.75    55.75    2041    -0.125    -0.125    -0.125    -0.126    -0.136    -0.179    -0.268    -0.483    -0.681    -0.440    -0.202    -0.139
    13.75    55.75    2042    -0.130    -0.125    -0.125    -0.128    -0.145    -0.206    -0.347    -0.550    -0.497    -0.303    -0.192    -0.149
    13.75    55.75    2043    -0.141    -0.139    -0.126    -0.127    -0.143    -0.191    -0.285    -0.472    -0.794    -0.882    -0.690    -0.326
    13.75    55.75    2044    -0.192    -0.148    -0.132    -0.127    -0.138    -0.186    -0.303    -0.557    -0.771    -0.522    -0.264    -0.140
    13.75    55.75    2045    -0.126    -0.125    -0.125    -0.125    -0.138    -0.172    -0.231    -0.371    -0.474    -0.360    -0.191    -0.135
    13.75    55.75    2046    -0.125    -0.125    -0.125    -0.125    -0.135    -0.141    -0.186    -0.309    -0.523    -0.665    -0.495    -0.208
    13.75    55.75    2047    -0.145    -0.125    -0.125    -0.126    -0.138    -0.183    -0.288    -0.515    -0.800    -0.820    -0.495    -0.213
    13.75    55.75    2048    -0.149    -0.126    -0.125    -0.126    -0.140    -0.171    -0.249    -0.295    -0.250    -0.227    -0.166    -0.134
    13.75    55.75    2049    -0.125    -0.125    -0.125    -0.126    -0.143    -0.203    -0.329    -0.631    -1.114    -1.343    -0.956    -0.547
    13.75    55.75    2050    -0.281    -0.182    -0.149    -0.140    -0.141    -0.179    -0.278    -0.456    -0.617    -0.472    -0.260    -0.180
    13.75    55.75    2051    -0.143    -0.128    -0.125    -0.126    -0.137    -0.188    -0.300    -0.488    -0.524    -0.280    -0.159    -0.127
    13.75    55.75    2052    -0.125    -0.125    -0.125    -0.125    -0.129    -0.136    -0.186    -0.262    -0.294    -0.222    -0.148    -0.127
    13.75    55.75    2053    -0.125    -0.125    -0.125    -0.125    -0.137    -0.189    -0.259    -0.342    -0.312    -0.245    -0.168    -0.134
    13.75    55.75    2054    -0.125    -0.125    -0.125    -0.125    -0.135    -0.172    -0.258    -0.368    -0.429    -0.388    -0.200    -0.147
    13.75    55.75    2055    -0.130    -0.130    -0.125    -0.125    -0.134    -0.165    -0.231    -0.278    -0.348    -0.320    -0.178    -0.133
    13.75    55.75    2056    -0.125    -0.125    -0.125    -0.126    -0.140    -0.190    -0.281    -0.358    -0.303    -0.252    -0.166    -0.127
    13.75    55.75    2057    -0.125    -0.125    -0.125    -0.125    -0.136    -0.182    -0.276    -0.469    -0.559    -0.274    -0.176    -0.138
    13.75    55.75    2058    -0.125    -0.125    -0.125    -0.126    -0.132    -0.158    -0.198    -0.263    -0.372    -0.447    -0.355    -0.215
    13.75    55.75    2059    -0.148    -0.129    -0.126    -0.126    -0.130    -0.166    -0.246    -0.360    -0.519    -0.675    -0.521    -0.233
    13.75    55.75    2060    -0.155    -0.127    -0.126    -0.129    -0.147    -0.203    -0.305    -0.542    -0.888    -0.681    -0.334    -0.172
    13.75    55.75    2061    -0.132    -0.125    -0.125    -0.126    -0.137    -0.171    -0.241    -0.295    -0.249    -0.210    -0.140    -0.126
    13.75    55.75    2062    -0.125    -0.125    -0.125    -0.127    -0.142    -0.184    -0.269    -0.340    -0.288    -0.245    -0.200    -0.159
    13.75    55.75    2063    -0.135    -0.127    -0.125    -0.126    -0.138    -0.181    -0.268    -0.453    -0.558    -0.446    -0.262    -0.162
    13.75    55.75    2064    -0.129    -0.125    -0.125    -0.126    -0.136    -0.166    -0.205    -0.235    -0.241    -0.163    -0.138    -0.125
    13.75    55.75    2065    -0.125    -0.125    -0.125    -0.126    -0.142    -0.173    -0.209    -0.291    -0.254    -0.207    -0.159    -0.129
    13.75    55.75    2066    -0.125    -0.125    -0.125    -0.126    -0.140    -0.138    -0.134    -0.153    -0.185    -0.196    -0.167    -0.129
    13.75    55.75    2067    -0.125    -0.125    -0.125    -0.126    -0.140    -0.181    -0.262    -0.341    -0.353    -0.275    -0.204    -0.136
    13.75    55.75    2068    -0.126    -0.125    -0.125    -0.125    -0.132    -0.167    -0.238    -0.361    -0.605    -0.521    -0.274    -0.163
    13.75    55.75    2069    -0.131    -0.129    -0.125    -0.130    -0.150    -0.186    -0.233    -0.257    -0.350    -0.339    -0.243    -0.164
    13.75    55.75    2070    -0.131    -0.125    -0.125    -0.127    -0.140    -0.168    -0.196    -0.192    -0.250    -0.220    -0.155    -0.128
    13.75    55.75    2071    -0.125    -0.125    -0.125    -0.125    -0.133    -0.167    -0.232    -0.377    -0.553    -0.575    -0.406    -0.225
    13.75    55.75    2072    -0.147    -0.126    -0.125    -0.125    -0.133    -0.160    -0.219    -0.310    -0.402    -0.399    -0.246    -0.151
    13.75    55.75    2073    -0.138    -0.138    -0.135    -0.126    -0.129    -0.152    -0.180    -0.214    -0.206    -0.181    -0.135    -0.125
    13.75    55.75    2074    -0.125    -0.125    -0.125    -0.125    -0.133    -0.167    -0.234    -0.342    -0.489    -0.529    -0.175    -0.132
    13.75    55.75    2075    -0.125    -0.125    -0.125    -0.125    -0.128    -0.146    -0.173    -0.176    -0.206    -0.169    -0.134    -0.125
    13.75    55.75    2076    -0.125    -0.125    -0.125    -0.126    -0.136    -0.142    -0.145    -0.193    -0.244    -0.241    -0.201    -0.142
    13.75    55.75    2077    -0.129    -0.125    -0.125    -0.126    -0.128    -0.134    -0.150    -0.174    -0.225    -0.262    -0.155    -0.128
    13.75    55.75    2078    -0.125    -0.125    -0.125    -0.126    -0.133    -0.162    -0.220    -0.288    -0.231    -0.157    -0.132    -0.125
    13.75    55.75    2079    -0.124    -0.125    -0.125    -0.127    -0.134    -0.156    -0.205    -0.319    -0.528    -0.570    -0.367    -0.202
    13.75    55.75    2080    -0.141    -0.130    -0.125    -0.126    -0.130    -0.152    -0.200    -0.297    -0.319    -0.240    -0.166    -0.132
    13.75    55.75    2081    -0.125    -0.125    -0.125    -0.125    -0.130    -0.158    -0.216    -0.286    -0.270    -0.255    -0.210    -0.153
    13.75    55.75    2082    -0.129    -0.125    -0.125    -0.125    -0.129    -0.159    -0.200    -0.223    -0.245    -0.246    -0.228    -0.161
    13.75    55.75    2083    -0.132    -0.132    -0.126    -0.125    -0.128    -0.149    -0.194    -0.273    -0.427    -0.434    -0.229    -0.157
    13.75    55.75    2084    -0.139    -0.139    -0.130    -0.125    -0.129    -0.153    -0.204    -0.271    -0.309    -0.270    -0.157    -0.128
    13.75    55.75    2085    -0.125    -0.125    -0.125    -0.126    -0.137    -0.151    -0.143    -0.137    -0.144    -0.133    -0.126    -0.125
    13.75    55.75    2086    -0.125    -0.125    -0.125    -0.130    -0.148    -0.190    -0.266    -0.403    -0.573    -0.417    -0.199    -0.141
    13.75    55.75    2087    -0.131    -0.125    -0.125    -0.125    -0.131    -0.154    -0.197    -0.245    -0.310    -0.335    -0.240    -0.174
    13.75    55.75    2088    -0.173    -0.173    -0.133    -0.126    -0.132    -0.156    -0.209    -0.313    -0.480    -0.449    -0.224    -0.140
    13.75    55.75    2089    -0.134    -0.131    -0.125    -0.125    -0.136    -0.147    -0.170    -0.230    -0.316    -0.373    -0.304    -0.173
    13.75    55.75    2090    -0.134    -0.127    -0.125    -0.125    -0.129    -0.138    -0.174    -0.229    -0.239    -0.163    -0.135    -0.127
    13.75    55.75    2091    -0.125    -0.125    -0.125    -0.125    -0.137    -0.162    -0.205    -0.247    -0.210    -0.194    -0.152    -0.127
    13.75    55.75    2092    -0.125    -0.125    -0.125    -0.127    -0.133    -0.141    -0.167    -0.218    -0.262    -0.236    -0.162    -0.128
    13.75    55.75    2093    -0.125    -0.125    -0.125    -0.126    -0.135    -0.156    -0.147    -0.137    -0.141    -0.132    -0.125    -0.125
    13.75    55.75    2094    -0.125    -0.125    -0.125    -0.126    -0.133    -0.159    -0.205    -0.282    -0.373    -0.379    -0.227    -0.137
    13.75    55.75    2095    -0.127    -0.125    -0.125    -0.126    -0.132    -0.139    -0.151    -0.173    -0.207    -0.214    -0.168    -0.128
    13.75    55.75    2096    -0.125    -0.125    -0.125    -0.126    -0.130    -0.146    -0.186    -0.254    -0.338    -0.374    -0.241    -0.144
    13.75    55.75    2097    -0.126    -0.125    -0.125    -0.126    -0.135    -0.144    -0.142    -0.162    -0.146    -0.143    -0.128    -0.125
    13.75    55.75    2098    -0.125    -0.125    -0.125    -0.126    -0.137    -0.163    -0.211    -0.282    -0.336    -0.271    -0.190    -0.140
    13.75    55.75    2099    -0.126    -0.125    -0.125    -0.126    -0.138    -0.155    -0.184    -0.156    -0.156    -0.134    -0.126    -0.125
    13.75    55.75    2100    -0.125    -0.125    -0.125    -0.128    -0.133    -0.147    -0.150    -0.149    -0.139    -0.127    -0.125    -0.125
    13.75    55.75    2101    -0.125    -0.125    -0.125    -0.126    -0.133    -0.160    -0.204    -0.276    -0.356    -0.389    -0.313    -0.186
    13.75    55.75    2102    -0.131    -0.126    -0.125    -0.126    -0.128    -0.148    -0.183    -0.213    -0.247    -0.257    -0.177    -0.134
    13.75    55.75    2103    -0.126    -0.126    -0.126    -0.127    -0.129    -0.148    -0.177    -0.205    -0.185    -0.148    -0.126    -0.125
    13.75    55.75    2104    -0.125    -0.125    -0.125    -0.126    -0.136    -0.163    -0.210    -0.267    -0.341    -0.321    -0.179    -0.127
    13.75    55.75    2105    -0.125    -0.125    -0.125    -0.126    -0.128    -0.145    -0.172    -0.179    -0.189    -0.147    -0.126    -0.125
    13.75    55.75    2106    -0.125    -0.125    -0.125    -0.125    -0.128    -0.129    -0.140    -0.174    -0.205    -0.193    -0.167    -0.128
    13.75    55.75    2107    -0.125    -0.125    -0.125    -0.125    -0.133    -0.134    -0.151    -0.164    -0.194    -0.219    -0.145    -0.125
    13.75    55.75    2108    -0.124    -0.125    -0.125    -0.125    -0.133    -0.160    -0.200    -0.248    -0.201    -0.138    -0.125    -0.124
    13.75    55.75    2109    -0.124    -0.125    -0.125    -0.125    -0.139    -0.167    -0.207    -0.270    -0.343    -0.360    -0.271    -0.168
    13.75    55.75    2110    -0.125    -0.125    -0.125    -0.126    -0.131    -0.147    -0.182    -0.225    -0.238    -0.205    -0.162    -0.125
    13.75    55.75    2111    -0.125    -0.125    -0.125    -0.126    -0.131    -0.155    -0.194    -0.238    -0.233    -0.232    -0.182    -0.147
    13.75    55.75    2112    -0.125    -0.125    -0.125    -0.125    -0.129    -0.153    -0.183    -0.176    -0.188    -0.196    -0.185    -0.143
    13.75    55.75    2113    -0.125    -0.125    -0.125    -0.125    -0.127    -0.145    -0.178    -0.226    -0.286    -0.297    -0.165    -0.125
    13.75    55.75    2114    -0.124    -0.125    -0.125    -0.126    -0.130    -0.149    -0.185    -0.231    -0.255    -0.213    -0.136    -0.125
    13.75    55.75    2115    -0.124    -0.125    -0.125    -0.126    -0.132    -0.145    -0.142    -0.138    -0.137    -0.128    -0.125    -0.125
    13.75    55.75    2116    -0.125    -0.125    -0.126    -0.126    -0.138    -0.168    -0.214    -0.276    -0.312    -0.241    -0.148    -0.125
    13.75    55.75    2117    -0.124    -0.125    -0.125    -0.125    -0.128    -0.145    -0.172    -0.205    -0.249    -0.267    -0.199    -0.139
    13.75    55.75    2118    -0.137    -0.137    -0.125    -0.125    -0.133    -0.155    -0.193    -0.251    -0.311    -0.301    -0.187    -0.127
    13.75    55.75    2119    -0.125    -0.125    -0.125    -0.125    -0.137    -0.151    -0.173    -0.217    -0.247    -0.258    -0.217    -0.151
    13.75    55.75    2120    -0.126    -0.125    -0.125    -0.126    -0.133    -0.150    -0.181    -0.224    -0.230    -0.175    -0.126    -0.125
    13.75    55.75    2121    -0.125    -0.125    -0.125    -0.127    -0.135    -0.158    -0.194    -0.231    -0.198    -0.176    -0.139    -0.125
    13.75    55.75    2122    -0.124    -0.125    -0.125    -0.126    -0.137    -0.160    -0.171    -0.209    -0.242    -0.197    -0.133    -0.124
    13.75    55.75    2123    -0.125    -0.125    -0.125    -0.126    -0.137    -0.156    -0.145    -0.129    -0.133    -0.128    -0.125    -0.125
    13.75    55.75    2124    -0.125    -0.125    -0.125    -0.126    -0.133    -0.155    -0.191    -0.245    -0.300    -0.250    -0.167    -0.127
    13.75    55.75    2125    -0.125    -0.125    -0.125    -0.126    -0.129    -0.135    -0.142    -0.165    -0.200    -0.208    -0.175    -0.126
    13.75    55.75    2126    -0.125    -0.125    -0.125    -0.126    -0.132    -0.151    -0.186    -0.235    -0.289    -0.295    -0.220    -0.138
    13.75    55.75    2127    -0.125    -0.125    -0.125    -0.126    -0.137    -0.157    -0.158    -0.159    -0.151    -0.135    -0.126    -0.125
    13.75    55.75    2128    -0.125    -0.125    -0.125    -0.126    -0.132    -0.156    -0.197    -0.246    -0.299    -0.223    -0.169    -0.126
    13.75    55.75    2129    -0.125    -0.125    -0.125    -0.125    -0.132    -0.155    -0.173    -0.169    -0.148    -0.129    -0.125    -0.125
    13.75    55.75    2130    -0.125    -0.125    -0.125    -0.125    -0.128    -0.142    -0.153    -0.142    -0.145    -0.130    -0.125    -0.124
    23.75    61.75    1980    -0.166    -0.166    -0.167    -0.169    -0.173    -0.215    -0.279    -0.394    -0.384    -0.255    -0.170    -0.167
    23.75    61.75    1981    -0.167    -0.168    -0.167    -0.167    -0.172    -0.207    -0.304    -0.386    -0.360    -0.245    -0.189    -0.189
    23.75    61.75    1982    -0.191    -0.191    -0.191    -0.177    -0.172    -0.182    -0.262    -0.404    -0.418    -0.228    -0.171    -0.168
    23.75    61.75    1983    -0.167    -0.168    -0.168    -0.168    -0.185    -0.241    -0.379    -0.619    -0.929    -0.879    -0.694    -0.695
    23.75    61.75    1984    -0.684    -0.668    -0.673    -0.638    -0.220    -0.199    -0.226    -0.200    -0.198    -0.183    -0.184    -0.183
    23.75    61.75    1985    -0.182    -0.184    -0.183    -0.176    -0.174    -0.206    -0.276    -0.265    -0.221    -0.170    -0.167    -0.167
    23.75    61.75    1986    -0.168    -0.168    -0.168    -0.168    -0.171    -0.189    -0.247    -0.337    -0.362    -0.266    -0.208    -0.208
    23.75    61.75    1987    -0.210    -0.210    -0.210    -0.189    -0.181    -0.230    -0.271    -0.341    -0.383    -0.267    -0.201    -0.199
    23.75    61.75    1988    -0.202    -0.202    -0.182    -0.168    -0.181    -0.214    -0.315    -0.425    -0.255    -0.194    -0.169    -0.168
    23.75    61.75    1989    -0.168    -0.168    -0.167    -0.168    -0.180    -0.252    -0.367    -0.527    -0.586    -0.354    -0.219    -0.219
    23.75    61.75    1990    -0.220    -0.220    -0.221    -0.208    -0.175    -0.212    -0.300    -0.285    -0.217    -0.169    -0.168    -0.168
    23.75    61.75    1991    -0.168    -0.168    -0.169    -0.167    -0.183    -0.221    -0.334    -0.488    -0.476    -0.281    -0.199    -0.199
    23.75    61.75    1992    -0.200    -0.200    -0.187    -0.168    -0.176    -0.224    -0.246    -0.207    -0.178    -0.168    -0.168    -0.168
    23.75    61.75    1993    -0.169    -0.169    -0.168    -0.168    -0.179    -0.259    -0.406    -0.439    -0.366    -0.212    -0.190    -0.190
    23.75    61.75    1994    -0.191    -0.176    -0.167    -0.167    -0.175    -0.212    -0.306    -0.385    -0.296    -0.189    -0.167    -0.167
    23.75    61.75    1995    -0.167    -0.166    -0.167    -0.168    -0.172    -0.192    -0.240    -0.284    -0.319    -0.262    -0.176    -0.169
    23.75    61.75    1996    -0.171    -0.171    -0.171    -0.170    -0.174    -0.237    -0.412    -0.410    -0.330    -0.250    -0.177    -0.173
    23.75    61.75    1997    -0.173    -0.173    -0.174    -0.170    -0.173    -0.219    -0.358    -0.408    -0.298    -0.208    -0.168    -0.166
    23.75    61.75    1998    -0.166    -0.166    -0.167    -0.167    -0.171    -0.208    -0.267    -0.308    -0.291    -0.189    -0.167    -0.166
    23.75    61.75    1999    -0.167    -0.167    -0.167    -0.167    -0.171    -0.194    -0.255    -0.277    -0.245    -0.205    -0.167    -0.167
    23.75    61.75    2000    -0.168    -0.168    -0.168    -0.168    -0.177    -0.220    -0.333    -0.352    -0.302    -0.223    -0.169    -0.167
    23.75    61.75    2001    -0.167    -0.167    -0.167    -0.168    -0.175    -0.233    -0.396    -0.382    -0.263    -0.213    -0.209    -0.209
    23.75    61.75    2002    -0.210    -0.210    -0.185    -0.168    -0.172    -0.176    -0.213    -0.257    -0.211    -0.181    -0.169    -0.167
    23.75    61.75    2003    -0.168    -0.168    -0.168    -0.169    -0.174    -0.196    -0.296    -0.478    -0.492    -0.297    -0.196    -0.193
    23.75    61.75    2004    -0.194    -0.194    -0.195    -0.170    -0.189    -0.255    -0.346    -0.295    -0.237    -0.177    -0.167    -0.167
    23.75    61.75    2005    -0.167    -0.167    -0.167    -0.169    -0.183    -0.221    -0.251    -0.293    -0.314    -0.220    -0.195    -0.195
    23.75    61.75    2006    -0.197    -0.197    -0.186    -0.168    -0.171    -0.224    -0.387    -0.533    -0.423    -0.276    -0.202    -0.199
    23.75    61.75    2007    -0.198    -0.198    -0.197    -0.192    -0.177    -0.233    -0.307    -0.285    -0.202    -0.182    -0.167    -0.167
    23.75    61.75    2008    -0.168    -0.168    -0.168    -0.169    -0.200    -0.331    -0.546    -0.712    -0.394    -0.236    -0.176    -0.168
    23.75    61.75    2009    -0.168    -0.168    -0.168    -0.169    -0.197    -0.290    -0.382    -0.411    -0.458    -0.377    -0.260    -0.259
    23.75    61.75    2010    -0.215    -0.166    -0.166    -0.168    -0.187    -0.259    -0.424    -0.714    -0.940    -0.640    -0.440    -0.422
    23.75    61.75    2011    -0.419    -0.418    -0.370    -0.170    -0.180    -0.264    -0.335    -0.280    -0.230    -0.179    -0.175    -0.175
    23.75    61.75    2012    -0.175    -0.176    -0.168    -0.168    -0.186    -0.224    -0.328    -0.493    -0.614    -0.461    -0.252    -0.173
    23.75    61.75    2013    -0.172    -0.172    -0.173    -0.170    -0.177    -0.219    -0.362    -0.738    -1.094    -0.862    -0.338    -0.190
    23.75    61.75    2014    -0.173    -0.173    -0.174    -0.168    -0.170    -0.185    -0.250    -0.277    -0.229    -0.177    -0.168    -0.166
    23.75    61.75    2015    -0.166    -0.166    -0.167    -0.167    -0.184    -0.254    -0.223    -0.189    -0.170    -0.167    -0.166    -0.166
    23.75    61.75    2016    -0.166    -0.166    -0.166    -0.171    -0.177    -0.210    -0.312    -0.446    -0.385    -0.248    -0.174    -0.168
    23.75    61.75    2017    -0.168    -0.168    -0.167    -0.169    -0.180    -0.245    -0.451    -0.967    -1.898    -1.797    -1.505    -1.507
    23.75    61.75    2018    -1.507    -1.503    -1.518    -0.904    -0.432    -0.615    -1.113    -1.162    -0.605    -0.322    -0.242    -0.234
    23.75    61.75    2019    -0.221    -0.216    -0.213    -0.177    -0.202    -0.308    -0.565    -0.611    -0.487    -0.367    -0.201    -0.171
    23.75    61.75    2020    -0.170    -0.170    -0.169    -0.168    -0.192    -0.241    -0.307    -0.280    -0.211    -0.171    -0.166    -0.166
    23.75    61.75    2021    -0.167    -0.167    -0.167    -0.173    -0.199    -0.269    -0.327    -0.376    -0.318    -0.262    -0.175    -0.167
    23.75    61.75    2022    -0.167    -0.167    -0.167    -0.173    -0.195    -0.257    -0.350    -0.296    -0.214    -0.173    -0.167    -0.167
    23.75    61.75    2023    -0.166    -0.166    -0.166    -0.169    -0.184    -0.272    -0.468    -0.559    -0.466    -0.280    -0.182    -0.167
    23.75    61.75    2024    -0.168    -0.167    -0.168    -0.170    -0.192    -0.232    -0.331    -0.507    -0.595    -0.520    -0.347    -0.296
    23.75    61.75    2025    -0.296    -0.295    -0.297    -0.298    -0.185    -0.213    -0.325    -0.362    -0.280    -0.199    -0.175    -0.174
    23.75    61.75    2026    -0.174    -0.174    -0.174    -0.172    -0.173    -0.227    -0.375    -0.487    -0.445    -0.391    -0.245    -0.176
    23.75    61.75    2027    -0.176    -0.176    -0.176    -0.169    -0.183    -0.254    -0.448    -0.557    -0.408    -0.268    -0.180    -0.171
    23.75    61.75    2028    -0.169    -0.167    -0.167    -0.168    -0.188    -0.257    -0.325    -0.425    -0.405    -0.243    -0.173    -0.171
    23.75    61.75    2029    -0.171    -0.171    -0.172    -0.170    -0.180    -0.252    -0.407    -0.542    -0.497    -0.311    -0.182    -0.167
    23.75    61.75    2030    -0.167    -0.167    -0.168    -0.169    -0.181    -0.269    -0.476    -0.867    -1.126    -0.731    -0.324    -0.283
    23.75    61.75    2031    -0.284    -0.243    -0.201    -0.179    -0.182    -0.241    -0.410    -0.714    -0.836    -0.567    -0.282    -0.201
    23.75    61.75    2032    -0.200    -0.197    -0.198    -0.184    -0.185    -0.239    -0.382    -0.635    -0.607    -0.366    -0.240    -0.182
    23.75    61.75    2033    -0.167    -0.167    -0.167    -0.169    -0.179    -0.225    -0.267    -0.236    -0.185    -0.170    -0.168    -0.166
    23.75    61.75    2034    -0.166    -0.166    -0.167    -0.169    -0.195    -0.303    -0.586    -1.360    -2.462    -2.421    -0.963    -0.381
    23.75    61.75    2035    -0.210    -0.166    -0.166    -0.171    -0.198    -0.242    -0.310    -0.371    -0.316    -0.217    -0.177    -0.171
    23.75    61.75    2036    -0.166    -0.166    -0.167    -0.169    -0.198    -0.330    -0.448    -0.501    -0.360    -0.224    -0.175    -0.175
    23.75    61.75    2037    -0.169    -0.166    -0.167    -0.167    -0.178    -0.221    -0.366    -0.595    -0.560    -0.404    -0.292    -0.291
    23.75    61.75    2038    -0.291    -0.291    -0.292    -0.242    -0.171    -0.210    -0.312    -0.501    -0.613    -0.351    -0.193    -0.170
    23.75    61.75    2039    -0.170    -0.171    -0.171    -0.168    -0.187    -0.225    -0.307    -0.426    -0.355    -0.270    -0.195    -0.166
    23.75    61.75    2040    -0.166    -0.166    -0.166    -0.167    -0.180    -0.233    -0.318    -0.371    -0.348    -0.297    -0.202    -0.179
    23.75    61.75    2041    -0.179    -0.179    -0.180    -0.171    -0.178    -0.225    -0.364    -0.578    -0.653    -0.516    -0.328    -0.182
    23.75    61.75    2042    -0.167    -0.167    -0.167    -0.174    -0.211    -0.304    -0.487    -0.769    -0.517    -0.302    -0.190    -0.178
    23.75    61.75    2043    -0.178    -0.178    -0.179    -0.170    -0.183    -0.246    -0.296    -0.364    -0.379    -0.249    -0.172    -0.167
    23.75    61.75    2044    -0.167    -0.167    -0.167    -0.168    -0.182    -0.262    -0.481    -0.584    -0.407    -0.209    -0.167    -0.166
    23.75    61.75    2045    -0.166    -0.166    -0.166    -0.169    -0.199    -0.299    -0.429    -0.575    -0.605    -0.306    -0.191    -0.175
    23.75    61.75    2046    -0.175    -0.175    -0.169    -0.168    -0.182    -0.250    -0.432    -0.861    -0.748    -0.485    -0.249    -0.242
    23.75    61.75    2047    -0.242    -0.179    -0.166    -0.168    -0.178    -0.228    -0.313    -0.322    -0.254    -0.175    -0.169    -0.169
    23.75    61.75    2048    -0.169    -0.166    -0.167    -0.167    -0.171    -0.201    -0.248    -0.317    -0.313    -0.263    -0.172    -0.167
    23.75    61.75    2049    -0.166    -0.166    -0.167    -0.168    -0.190    -0.272    -0.445    -0.608    -0.810    -1.115    -0.996    -0.724
    23.75    61.75    2050    -0.723    -0.516    -0.200    -0.171    -0.187    -0.283    -0.456    -0.493    -0.498    -0.395    -0.218    -0.186
    23.75    61.75    2051    -0.185    -0.171    -0.167    -0.171    -0.211    -0.368    -0.673    -0.839    -0.868    -0.575    -0.261    -0.207
    23.75    61.75    2052    -0.207    -0.207    -0.208    -0.172    -0.174    -0.228    -0.397    -0.596    -0.568    -0.322    -0.185    -0.168
    23.75    61.75    2053    -0.167    -0.167    -0.167    -0.168    -0.184    -0.264    -0.388    -0.312    -0.250    -0.187    -0.166    -0.166
    23.75    61.75    2054    -0.167    -0.167    -0.167    -0.168    -0.195    -0.304    -0.509    -0.354    -0.284    -0.187    -0.167    -0.166
    23.75    61.75    2055    -0.166    -0.166    -0.166    -0.170    -0.176    -0.216    -0.285    -0.375    -0.326    -0.207    -0.166    -0.166
    23.75    61.75    2056    -0.168    -0.167    -0.168    -0.169    -0.175    -0.235    -0.360    -0.401    -0.356    -0.204    -0.168    -0.167
    23.75    61.75    2057    -0.166    -0.166    -0.167    -0.167    -0.181    -0.254    -0.394    -0.631    -0.807    -0.663    -0.380    -0.310
    23.75    61.75    2058    -0.310    -0.310    -0.204    -0.167    -0.171    -0.206    -0.273    -0.327    -0.265    -0.189    -0.171    -0.171
    23.75    61.75    2059    -0.171    -0.171    -0.167    -0.170    -0.187    -0.226    -0.364    -0.475    -0.388    -0.296    -0.185    -0.166
    23.75    61.75    2060    -0.167    -0.167    -0.168    -0.169    -0.190    -0.281    -0.524    -0.834    -0.967    -0.593    -0.345    -0.213
    23.75    61.75    2061    -0.213    -0.213    -0.212    -0.170    -0.189    -0.259    -0.401    -0.495    -0.356    -0.217    -0.168    -0.167
    23.75    61.75    2062    -0.168    -0.168    -0.167    -0.167    -0.188    -0.268    -0.406    -0.340    -0.218    -0.208    -0.168    -0.166
    23.75    61.75    2063    -0.166    -0.166    -0.167    -0.169    -0.194    -0.302    -0.358    -0.372    -0.245    -0.172    -0.166    -0.166
    23.75    61.75    2064    -0.167    -0.167    -0.168    -0.169    -0.181    -0.244    -0.316    -0.360    -0.372    -0.248    -0.173    -0.167
    23.75    61.75    2065    -0.166    -0.166    -0.167    -0.175    -0.213    -0.292    -0.309    -0.320    -0.310    -0.218    -0.171    -0.166
    23.75    61.75    2066    -0.167    -0.167    -0.167    -0.169    -0.197    -0.268    -0.331    -0.321    -0.282    -0.259    -0.182    -0.167
    23.75    61.75    2067    -0.167    -0.167    -0.167    -0.169    -0.186    -0.271    -0.488    -0.653    -0.493    -0.329    -0.216    -0.205
    23.75    61.75    2068    -0.205    -0.187    -0.169    -0.168    -0.182    -0.252    -0.475    -0.705    -0.486    -0.321    -0.197    -0.178
    23.75    61.75    2069    -0.178    -0.177    -0.172    -0.170    -0.179    -0.207    -0.299    -0.280    -0.243    -0.208    -0.168    -0.167
    23.75    61.75    2070    -0.167    -0.167    -0.167    -0.171    -0.209    -0.291    -0.366    -0.346    -0.347    -0.299    -0.207    -0.182
    23.75    61.75    2071    -0.181    -0.181    -0.180    -0.168    -0.172    -0.190    -0.273    -0.393    -0.393    -0.240    -0.181    -0.171
    23.75    61.75    2072    -0.171    -0.171    -0.168    -0.169    -0.175    -0.227    -0.340    -0.401    -0.350    -0.252    -0.171    -0.171
    23.75    61.75    2073    -0.171    -0.171    -0.172    -0.169    -0.182    -0.265    -0.390    -0.433    -0.421    -0.323    -0.197    -0.170
    23.75    61.75    2074    -0.169    -0.167    -0.167    -0.169    -0.182    -0.237    -0.284    -0.318    -0.315    -0.275    -0.217    -0.201
    23.75    61.75    2075    -0.201    -0.201    -0.187    -0.169    -0.192    -0.238    -0.365    -0.546    -0.386    -0.274    -0.219    -0.219
    23.75    61.75    2076    -0.218    -0.218    -0.172    -0.168    -0.182    -0.201    -0.223    -0.202    -0.175    -0.168    -0.168    -0.168
    23.75    61.75    2077    -0.168    -0.168    -0.167    -0.174    -0.218    -0.289    -0.294    -0.412    -0.582    -0.565    -0.278    -0.206
    23.75    61.75    2078    -0.207    -0.207    -0.208    -0.201    -0.199    -0.309    -0.602    -1.032    -0.835    -0.539    -0.245    -0.180
    23.75    61.75    2079    -0.179    -0.175    -0.171    -0.170    -0.177    -0.216    -0.334    -0.539    -0.752    -0.701    -0.571    -0.559
    23.75    61.75    2080    -0.559    -0.558    -0.436    -0.170    -0.192    -0.253    -0.316    -0.400    -0.387    -0.278    -0.215    -0.214
    23.75    61.75    2081    -0.198    -0.182    -0.168    -0.170    -0.178    -0.212    -0.260    -0.359    -0.340    -0.251    -0.171    -0.168
    23.75    61.75    2082    -0.167    -0.167    -0.167    -0.168    -0.172    -0.204    -0.298    -0.353    -0.242    -0.192    -0.167    -0.167
    23.75    61.75    2083    -0.166    -0.166    -0.167    -0.168    -0.171    -0.186    -0.209    -0.190    -0.170    -0.167    -0.166    -0.166
    23.75    61.75    2084    -0.166    -0.166    -0.167    -0.168    -0.178    -0.233    -0.353    -0.434    -0.358    -0.270    -0.170    -0.166
    23.75    61.75    2085    -0.166    -0.166    -0.167    -0.167    -0.179    -0.231    -0.280    -0.251    -0.231    -0.188    -0.166    -0.166
    23.75    61.75    2086    -0.166    -0.166    -0.167    -0.169    -0.188    -0.237    -0.261    -0.356    -0.463    -0.425    -0.233    -0.217
    23.75    61.75    2087    -0.217    -0.198    -0.167    -0.168    -0.174    -0.213    -0.331    -0.308    -0.226    -0.180    -0.168    -0.168
    23.75    61.75    2088    -0.168    -0.166    -0.166    -0.168    -0.182    -0.257    -0.380    -0.492    -0.455    -0.319    -0.237    -0.237
    23.75    61.75    2089    -0.237    -0.237    -0.238    -0.181    -0.187    -0.286    -0.482    -0.628    -0.366    -0.315    -0.212    -0.197
    23.75    61.75    2090    -0.196    -0.170    -0.169    -0.173    -0.206    -0.263    -0.323    -0.292    -0.242    -0.178    -0.168    -0.167
    23.75    61.75    2091    -0.168    -0.168    -0.168    -0.171    -0.175    -0.214    -0.242    -0.186    -0.171    -0.168    -0.168    -0.168
    23.75    61.75    2092    -0.166    -0.166    -0.167    -0.168    -0.171    -0.186    -0.233    -0.280    -0.292    -0.249    -0.180    -0.166
    23.75    61.75    2093    -0.167    -0.167    -0.168    -0.168    -0.179    -0.225    -0.266    -0.254    -0.185    -0.169    -0.167    -0.167
    23.75    61.75    2094    -0.166    -0.166    -0.166    -0.167    -0.175    -0.214    -0.263    -0.349    -0.355    -0.256    -0.184    -0.181
    23.75    61.75    2095    -0.182    -0.173    -0.167    -0.172    -0.175    -0.181    -0.184    -0.193    -0.203    -0.184    -0.167    -0.167
    23.75    61.75    2096    -0.167    -0.167    -0.167    -0.170    -0.201    -0.261    -0.448    -0.834    -0.969    -0.521    -0.271    -0.227
    23.75    61.75    2097    -0.226    -0.225    -0.181    -0.167    -0.175    -0.179    -0.194    -0.208    -0.188    -0.172    -0.168    -0.168
    23.75    61.75    2098    -0.169    -0.170    -0.168    -0.168    -0.179    -0.191    -0.208    -0.223    -0.210    -0.168    -0.167    -0.167
    23.75    61.75    2099    -0.166    -0.166    -0.166    -0.172    -0.203    -0.291    -0.416    -0.526    -0.663    -0.601    -0.471    -0.469
    23.75    61.75    2100    -0.470    -0.469    -0.472    -0.323    -0.183    -0.232    -0.288    -0.247    -0.190    -0.177    -0.177    -0.176
    23.75    61.75    2101    -0.176    -0.177    -0.177    -0.168    -0.170    -0.180    -0.245    -0.362    -0.355    -0.229    -0.173    -0.167
    23.75    61.75    2102    -0.167    -0.167    -0.167    -0.168    -0.183    -0.247    -0.382    -0.529    -0.575    -0.357    -0.206    -0.200
    23.75    61.75    2103    -0.201    -0.201    -0.201    -0.172    -0.197    -0.301    -0.392    -0.535    -0.617    -0.424    -0.242    -0.172
    23.75    61.75    2104    -0.171    -0.167    -0.168    -0.168    -0.188    -0.254    -0.357    -0.354    -0.351    -0.307    -0.225    -0.202
    23.75    61.75    2105    -0.202    -0.202    -0.187    -0.168    -0.184    -0.258    -0.413    -0.521    -0.398    -0.265    -0.226    -0.226
    23.75    61.75    2106    -0.226    -0.225    -0.172    -0.168    -0.187    -0.231    -0.259    -0.211    -0.194    -0.168    -0.168    -0.168
    23.75    61.75    2107    -0.169    -0.168    -0.167    -0.174    -0.217    -0.314    -0.380    -0.577    -0.836    -0.680    -0.299    -0.247
    23.75    61.75    2108    -0.247    -0.247    -0.248    -0.233    -0.196    -0.310    -0.586    -0.853    -0.707    -0.447    -0.215    -0.173
    23.75    61.75    2109    -0.173    -0.171    -0.170    -0.168    -0.185    -0.252    -0.385    -0.664    -0.904    -0.759    -0.580    -0.568
    23.75    61.75    2110    -0.560    -0.549    -0.404    -0.169    -0.201    -0.286    -0.380    -0.439    -0.471    -0.367    -0.261    -0.259
    23.75    61.75    2111    -0.227    -0.197    -0.183    -0.171    -0.184    -0.233    -0.329    -0.451    -0.437    -0.322    -0.186    -0.170
    23.75    61.75    2112    -0.168    -0.167    -0.167    -0.168    -0.173    -0.223    -0.343    -0.389    -0.315    -0.227    -0.172    -0.167
    23.75    61.75    2113    -0.166    -0.166    -0.167    -0.168    -0.170    -0.195    -0.254    -0.197    -0.172    -0.168    -0.166    -0.166
    23.75    61.75    2114    -0.166    -0.166    -0.167    -0.168    -0.178    -0.218    -0.296    -0.357    -0.297    -0.248    -0.168    -0.166
    23.75    61.75    2115    -0.166    -0.166    -0.166    -0.168    -0.185    -0.256    -0.301    -0.234    -0.216    -0.195    -0.166    -0.166
    23.75    61.75    2116    -0.166    -0.166    -0.166    -0.170    -0.186    -0.245    -0.271    -0.344    -0.453    -0.355    -0.214    -0.204
    23.75    61.75    2117    -0.205    -0.185    -0.167    -0.168    -0.176    -0.224    -0.348    -0.379    -0.278    -0.186    -0.168    -0.168
    23.75    61.75    2118    -0.167    -0.166    -0.166    -0.170    -0.188    -0.260    -0.417    -0.551    -0.533    -0.374    -0.283    -0.283
    23.75    61.75    2119    -0.283    -0.283    -0.282    -0.187    -0.181    -0.261    -0.447    -0.494    -0.385    -0.323    -0.213    -0.190
    23.75    61.75    2120    -0.189    -0.171    -0.169    -0.176    -0.203    -0.228    -0.293    -0.297    -0.190    -0.170    -0.167    -0.167
    23.75    61.75    2121    -0.168    -0.168    -0.168    -0.171    -0.178    -0.231    -0.286    -0.279    -0.232    -0.197    -0.174    -0.174
    23.75    61.75    2122    -0.172    -0.172    -0.173    -0.168    -0.177    -0.195    -0.245    -0.261    -0.270    -0.241    -0.171    -0.166
    23.75    61.75    2123    -0.167    -0.167    -0.168    -0.168    -0.186    -0.240    -0.283    -0.245    -0.191    -0.168    -0.167    -0.167
    23.75    61.75    2124    -0.166    -0.166    -0.166    -0.167    -0.175    -0.220    -0.308    -0.385    -0.360    -0.321    -0.207    -0.198
    23.75    61.75    2125    -0.198    -0.179    -0.167    -0.168    -0.174    -0.198    -0.221    -0.232    -0.245    -0.201    -0.168    -0.168
    23.75    61.75    2126    -0.168    -0.167    -0.167    -0.169    -0.187    -0.267    -0.451    -0.750    -0.922    -0.598    -0.219    -0.180
    23.75    61.75    2127    -0.179    -0.179    -0.169    -0.168    -0.179    -0.179    -0.206    -0.209    -0.190    -0.172    -0.166    -0.166
    23.75    61.75    2128    -0.168    -0.168    -0.168    -0.168    -0.174    -0.187    -0.217    -0.238    -0.227    -0.183    -0.167    -0.167
    23.75    61.75    2129    -0.166    -0.166    -0.166    -0.175    -0.202    -0.283    -0.476    -0.505    -0.561    -0.462    -0.366    -0.364
    23.75    61.75    2130    -0.364    -0.364    -0.366    -0.256    -0.173    -0.198    -0.261    -0.221    -0.183    -0.174    -0.173    -0.173
    21.75    39.75    1980    -0.243    -0.159    -0.156    -0.173    -0.231    -0.367    -0.672    -1.471    -2.459    -2.776    -2.185    -1.238
    21.75    39.75    1981    -0.917    -0.687    -0.626    -0.999    -2.085    -2.820    -2.920    -3.011    -3.089    -3.128    -2.849    -2.570
    21.75    39.75    1982    -1.612    -1.025    -0.840    -0.704    -0.729    -0.926    -1.234    -1.466    -1.660    -1.262    -0.802    -0.524
    21.75    39.75    1983    -0.281    -0.224    -0.201    -0.177    -0.200    -0.238    -0.290    -0.364    -0.470    -0.523    -0.530    -0.314
    21.75    39.75    1984    -0.217    -0.195    -0.199    -0.235    -0.283    -0.408    -0.650    -0.948    -1.170    -1.304    -1.342    -0.843
    21.75    39.75    1985    -0.334    -0.204    -0.167    -0.188    -0.238    -0.326    -0.516    -0.930    -1.243    -1.370    -1.325    -0.670
    21.75    39.75    1986    -0.289    -0.183    -0.157    -0.159    -0.179    -0.227    -0.307    -0.449    -0.639    -0.811    -0.953    -0.843
    21.75    39.75    1987    -0.537    -0.227    -0.177    -0.173    -0.205    -0.267    -0.406    -0.705    -1.070    -1.213    -1.098    -0.731
    21.75    39.75    1988    -0.466    -0.400    -0.445    -0.611    -1.086    -1.283    -1.442    -1.560    -1.654    -1.325    -0.603    -0.378
    21.75    39.75    1989    -0.212    -0.183    -0.170    -0.191    -0.251    -0.351    -0.549    -1.028    -1.506    -1.657    -1.163    -0.427
    21.75    39.75    1990    -0.244    -0.201    -0.174    -0.173    -0.223    -0.325    -0.532    -1.033    -1.539    -1.757    -1.303    -0.980
    21.75    39.75    1991    -0.737    -0.558    -0.488    -0.752    -1.386    -1.776    -1.967    -2.164    -2.369    -2.535    -1.592    -0.607
    21.75    39.75    1992    -0.446    -0.331    -0.257    -0.253    -0.326    -0.444    -0.641    -1.025    -1.332    -1.177    -0.599    -0.318
    21.75    39.75    1993    -0.206    -0.169    -0.157    -0.164    -0.207    -0.298    -0.449    -0.736    -1.326    -2.189    -1.460    -0.498
    21.75    39.75    1994    -0.269    -0.201    -0.182    -0.199    -0.264    -0.409    -0.690    -1.346    -2.318    -2.586    -2.301    -1.468
    21.75    39.75    1995    -0.564    -0.284    -0.177    -0.165    -0.220    -0.337    -0.579    -1.119    -2.257    -2.746    -2.192    -1.009
    21.75    39.75    1996    -0.481    -0.336    -0.275    -0.231    -0.272    -0.470    -0.937    -2.022    -2.757    -2.920    -2.508    -1.951
    21.75    39.75    1997    -0.757    -0.300    -0.206    -0.219    -0.333    -0.591    -1.258    -2.543    -2.951    -3.043    -2.724    -1.577
    21.75    39.75    1998    -0.748    -0.418    -0.312    -0.368    -0.668    -1.487    -2.757    -3.027    -3.064    -3.068    -3.008    -1.873
    21.75    39.75    1999    -0.794    -0.406    -0.338    -0.491    -0.983    -2.256    -3.019    -3.065    -3.087    -3.103    -2.719    -1.258
    21.75    39.75    2000    -0.567    -0.375    -0.404    -0.497    -0.865    -1.777    -2.898    -3.072    -2.942    -3.060    -2.656    -1.499
    21.75    39.75    2001    -0.530    -0.314    -0.219    -0.217    -0.334    -0.576    -1.042    -2.045    -2.863    -2.944    -1.569    -0.745
    21.75    39.75    2002    -0.380    -0.280    -0.258    -0.324    -0.527    -0.972    -2.019    -2.851    -2.990    -2.880    -2.280    -1.390
    21.75    39.75    2003    -0.881    -0.436    -0.259    -0.228    -0.301    -0.453    -0.755    -1.369    -2.364    -2.922    -2.413    -1.088
    21.75    39.75    2004    -0.561    -0.327    -0.286    -0.329    -0.539    -1.040    -2.108    -2.854    -2.954    -2.977    -2.892    -2.139
    21.75    39.75    2005    -1.150    -0.636    -0.464    -0.634    -0.838    -1.329    -2.524    -2.939    -2.922    -2.917    -2.925    -2.326
    21.75    39.75    2006    -1.018    -0.472    -0.358    -0.422    -0.709    -1.441    -2.525    -2.942    -2.966    -2.664    -1.665    -1.090
    21.75    39.75    2007    -0.564    -0.250    -0.217    -0.287    -0.446    -0.788    -1.535    -2.541    -2.938    -2.933    -2.357    -1.164
    21.75    39.75    2008    -0.648    -0.434    -0.477    -0.702    -1.360    -2.585    -2.907    -2.964    -2.991    -2.600    -2.051    -1.264
    21.75    39.75    2009    -0.578    -0.315    -0.215    -0.193    -0.247    -0.330    -0.447    -0.697    -1.220    -1.940    -1.920    -1.040
    21.75    39.75    2010    -0.640    -0.588    -0.824    -1.585    -2.575    -2.791    -2.852    -2.910    -2.974    -3.022    -2.416    -0.875
    21.75    39.75    2011    -0.452    -0.363    -0.373    -0.484    -0.621    -0.838    -1.167    -1.535    -1.771    -1.914    -1.960    -1.650
    21.75    39.75    2012    -0.989    -0.717    -0.656    -0.830    -1.235    -1.774    -1.968    -2.039    -2.047    -2.073    -1.472    -0.809
    21.75    39.75    2013    -0.330    -0.214    -0.202    -0.213    -0.263    -0.330    -0.398    -0.489    -0.636    -0.844    -0.818    -0.516
    21.75    39.75    2014    -0.267    -0.219    -0.199    -0.198    -0.248    -0.326    -0.440    -0.628    -0.934    -1.261    -1.310    -1.155
    21.75    39.75    2015    -0.604    -0.255    -0.217    -0.241    -0.332    -0.485    -0.774    -1.228    -1.576    -1.821    -1.611    -0.758
    21.75    39.75    2016    -0.325    -0.220    -0.162    -0.168    -0.205    -0.270    -0.374    -0.542    -0.818    -1.092    -0.860    -0.491
    21.75    39.75    2017    -0.332    -0.293    -0.317    -0.451    -0.798    -1.406    -1.895    -2.122    -2.261    -2.374    -2.306    -0.976
    21.75    39.75    2018    -0.378    -0.252    -0.212    -0.236    -0.343    -0.518    -0.816    -1.395    -1.987    -2.281    -2.351    -1.584
    21.75    39.75    2019    -0.692    -0.477    -0.474    -0.617    -1.110    -2.031    -2.341    -2.496    -2.484    -2.689    -2.828    -1.314
    21.75    39.75    2020    -0.491    -0.253    -0.201    -0.239    -0.346    -0.510    -0.766    -1.339    -2.081    -2.624    -2.631    -1.346
    21.75    39.75    2021    -0.526    -0.393    -0.284    -0.238    -0.323    -0.480    -0.741    -1.262    -1.995    -2.486    -2.384    -1.459
    21.75    39.75    2022    -0.761    -0.624    -0.711    -1.122    -1.874    -2.359    -2.615    -2.984    -3.252    -3.297    -2.412    -0.880
    21.75    39.75    2023    -0.455    -0.312    -0.336    -0.401    -0.497    -0.648    -1.019    -1.554    -2.112    -2.768    -3.111    -2.721
    21.75    39.75    2024    -0.950    -0.454    -0.457    -0.649    -1.116    -1.991    -3.048    -3.271    -3.292    -3.273    -2.368    -0.920
    21.75    39.75    2025    -0.579    -0.473    -0.508    -0.672    -1.073    -1.987    -3.075    -3.336    -3.352    -3.325    -2.130    -0.988
    21.75    39.75    2026    -0.361    -0.214    -0.181    -0.197    -0.273    -0.421    -0.643    -1.039    -1.630    -2.360    -2.936    -2.634
    21.75    39.75    2027    -1.364    -1.016    -0.663    -0.787    -1.252    -2.456    -3.188    -3.260    -3.305    -3.338    -2.582    -1.098
    21.75    39.75    2028    -0.620    -0.401    -0.277    -0.341    -0.518    -0.871    -1.535    -2.772    -3.284    -3.344    -3.301    -3.098
    21.75    39.75    2029    -1.798    -1.051    -1.192    -1.874    -3.117    -3.277    -3.320    -3.361    -3.368    -3.367    -3.321    -2.771
    21.75    39.75    2030    -1.298    -0.728    -0.582    -0.490    -0.492    -0.616    -0.830    -1.227    -1.948    -2.507    -2.387    -1.303
    21.75    39.75    2031    -0.684    -0.370    -0.281    -0.271    -0.368    -0.560    -0.912    -1.674    -2.436    -2.577    -1.677    -0.705
    21.75    39.75    2032    -0.322    -0.207    -0.163    -0.177    -0.243    -0.358    -0.566    -1.008    -1.925    -2.727    -2.127    -1.379
    21.75    39.75    2033    -0.820    -0.483    -0.483    -0.674    -1.168    -2.358    -2.900    -3.031    -2.908    -2.356    -2.098    -1.300
    21.75    39.75    2034    -0.639    -0.450    -0.500    -0.676    -1.126    -2.349    -3.110    -3.147    -3.038    -3.112    -3.127    -3.078
    21.75    39.75    2035    -1.983    -0.806    -0.551    -0.582    -1.056    -2.292    -3.130    -3.172    -3.188    -3.190    -2.934    -1.423
    21.75    39.75    2036    -0.560    -0.345    -0.330    -0.402    -0.680    -1.366    -2.663    -3.133    -3.165    -3.077    -1.808    -0.586
    21.75    39.75    2037    -0.358    -0.362    -0.411    -0.518    -0.876    -1.839    -3.049    -3.167    -3.187    -3.192    -2.699    -0.880
    21.75    39.75    2038    -0.466    -0.274    -0.229    -0.270    -0.429    -0.758    -1.449    -2.522    -3.095    -3.189    -3.165    -2.835
    21.75    39.75    2039    -1.490    -0.419    -0.241    -0.209    -0.271    -0.404    -0.645    -1.102    -1.841    -2.276    -1.717    -0.764
    21.75    39.75    2040    -0.538    -0.484    -0.529    -0.826    -1.545    -2.313    -2.950    -3.155    -3.215    -3.103    -1.886    -1.220
    21.75    39.75    2041    -0.373    -0.198    -0.175    -0.199    -0.253    -0.358    -0.508    -0.784    -1.294    -2.300    -2.581    -1.497
    21.75    39.75    2042    -0.782    -0.449    -0.417    -0.532    -0.992    -2.215    -2.999    -3.150    -3.219    -3.271    -3.234    -1.819
    21.75    39.75    2043    -0.634    -0.364    -0.308    -0.409    -0.610    -1.156    -2.308    -3.196    -3.270    -3.257    -2.950    -0.916
    21.75    39.75    2044    -0.501    -0.299    -0.264    -0.327    -0.509    -0.881    -1.662    -2.810    -3.253    -3.261    -3.180    -1.995
    21.75    39.75    2045    -0.849    -0.758    -0.931    -1.198    -1.986    -3.080    -3.231    -3.261    -3.267    -3.280    -2.476    -0.817
    21.75    39.75    2046    -0.291    -0.198    -0.197    -0.227    -0.341    -0.489    -0.715    -1.200    -2.163    -2.712    -1.577    -0.596
    21.75    39.75    2047    -0.326    -0.274    -0.328    -0.524    -0.952    -2.040    -2.902    -3.084    -3.170    -3.054    -1.546    -0.662
    21.75    39.75    2048    -0.333    -0.244    -0.182    -0.189    -0.276    -0.434    -0.663    -1.133    -2.100    -2.873    -2.726    -1.882
    21.75    39.75    2049    -0.961    -0.577    -0.459    -0.549    -0.803    -1.524    -2.770    -3.110    -3.158    -3.128    -2.867    -1.427
    21.75    39.75    2050    -0.534    -0.422    -0.531    -0.878    -1.706    -2.998    -3.185    -3.193    -3.195    -3.186    -3.154    -3.042
    21.75    39.75    2051    -2.008    -1.001    -0.921    -1.560    -2.884    -3.185    -3.187    -3.188    -3.190    -3.189    -1.970    -0.716
    21.75    39.75    2052    -0.326    -0.203    -0.186    -0.225    -0.279    -0.336    -0.404    -0.524    -0.711    -0.963    -1.138    -1.221
    21.75    39.75    2053    -0.928    -0.701    -0.836    -1.382    -2.302    -2.892    -3.040    -3.087    -3.101    -3.112    -3.011    -1.382
    21.75    39.75    2054    -0.524    -0.345    -0.268    -0.217    -0.261    -0.305    -0.347    -0.402    -0.459    -0.546    -0.602    -0.368
    21.75    39.75    2055    -0.197    -0.162    -0.159    -0.160    -0.192    -0.230    -0.288    -0.379    -0.531    -0.698    -0.750    -0.521
    21.75    39.75    2056    -0.326    -0.259    -0.197    -0.186    -0.241    -0.320    -0.473    -0.676    -0.927    -1.142    -0.894    -0.493
    21.75    39.75    2057    -0.307    -0.210    -0.169    -0.201    -0.267    -0.378    -0.594    -0.955    -1.393    -1.907    -0.969    -0.470
    21.75    39.75    2058    -0.273    -0.180    -0.181    -0.235    -0.327    -0.490    -0.826    -1.431    -2.243    -2.561    -2.341    -1.079
    21.75    39.75    2059    -0.816    -0.787    -0.881    -1.618    -2.543    -2.627    -2.697    -2.758    -2.802    -2.744    -2.283    -1.753
    21.75    39.75    2060    -1.429    -1.166    -1.414    -2.309    -2.707    -2.834    -2.887    -2.908    -2.943    -2.949    -2.944    -2.542
    21.75    39.75    2061    -1.117    -0.541    -0.384    -0.447    -0.535    -0.655    -0.835    -1.067    -1.402    -1.769    -1.942    -1.356
    21.75    39.75    2062    -0.625    -0.396    -0.383    -0.456    -0.637    -0.968    -1.427    -2.005    -2.312    -1.850    -0.887    -0.393
    21.75    39.75    2063    -0.230    -0.177    -0.168    -0.200    -0.261    -0.354    -0.480    -0.700    -1.026    -1.409    -1.638    -0.948
    21.75    39.75    2064    -0.515    -0.268    -0.205    -0.250    -0.356    -0.523    -0.856    -1.431    -2.001    -2.271    -2.405    -2.262
    21.75    39.75    2065    -1.343    -0.872    -0.877    -1.449    -2.421    -2.680    -2.784    -2.838    -2.856    -2.865    -2.691    -2.271
    21.75    39.75    2066    -1.229    -0.644    -0.527    -0.641    -0.891    -1.320    -2.092    -2.595    -2.670    -2.116    -1.008    -0.620
    21.75    39.75    2067    -0.438    -0.354    -0.343    -0.460    -0.654    -0.995    -1.653    -2.408    -2.622    -2.622    -2.526    -1.117
    21.75    39.75    2068    -0.462    -0.270    -0.234    -0.261    -0.342    -0.476    -0.708    -1.049    -1.517    -2.163    -1.354    -0.668
    21.75    39.75    2069    -0.524    -0.323    -0.314    -0.395    -0.568    -0.900    -1.522    -2.267    -2.595    -2.680    -2.650    -2.152
    21.75    39.75    2070    -0.872    -0.541    -0.575    -0.761    -1.221    -1.961    -2.650    -2.735    -2.760    -2.429    -1.450    -0.703
    21.75    39.75    2071    -0.344    -0.230    -0.203    -0.234    -0.308    -0.425    -0.553    -0.745    -1.034    -1.351    -1.340    -0.521
    21.75    39.75    2072    -0.230    -0.208    -0.237    -0.312    -0.436    -0.678    -0.991    -1.422    -2.075    -2.497    -1.622    -0.719
    21.75    39.75    2073    -0.417    -0.210    -0.161    -0.183    -0.248    -0.357    -0.528    -0.843    -1.296    -1.836    -1.444    -0.832
    21.75    39.75    2074    -0.396    -0.260    -0.210    -0.227    -0.320    -0.493    -0.845    -1.333    -1.914    -2.490    -2.382    -1.044
    21.75    39.75    2075    -0.462    -0.274    -0.251    -0.302    -0.453    -0.737    -1.338    -2.327    -2.699    -2.743    -2.416    -0.925
    21.75    39.75    2076    -0.368    -0.227    -0.209    -0.269    -0.396    -0.648    -1.191    -2.136    -2.737    -2.759    -2.339    -0.733
    21.75    39.75    2077    -0.395    -0.313    -0.380    -0.588    -1.030    -2.048    -2.676    -2.761    -2.825    -2.831    -2.554    -1.309
    21.75    39.75    2078    -0.571    -0.325    -0.225    -0.195    -0.233    -0.345    -0.468    -0.702    -1.177    -1.843    -1.905    -0.914
    21.75    39.75    2079    -0.502    -0.343    -0.289    -0.364    -0.617    -1.279    -2.363    -2.612    -2.656    -1.989    -1.258    -0.837
    21.75    39.75    2080    -0.421    -0.303    -0.216    -0.244    -0.393    -0.730    -1.505    -2.571    -2.751    -2.632    -1.619    -0.703
    21.75    39.75    2081    -0.345    -0.237    -0.196    -0.204    -0.220    -0.345    -0.638    -1.065    -1.937    -2.646    -2.690    -1.976
    21.75    39.75    2082    -0.814    -0.621    -0.578    -0.763    -1.792    -2.666    -2.701    -2.727    -2.778    -2.622    -1.452    -0.767
    21.75    39.75    2083    -0.360    -0.226    -0.191    -0.204    -0.289    -0.361    -0.482    -0.714    -1.199    -2.033    -2.002    -1.662
    21.75    39.75    2084    -0.900    -0.474    -0.332    -0.328    -0.490    -0.820    -1.595    -2.160    -2.226    -2.261    -2.081    -0.956
    21.75    39.75    2085    -0.480    -0.273    -0.223    -0.270    -0.383    -0.599    -1.026    -1.828    -2.242    -1.980    -1.996    -1.420
    21.75    39.75    2086    -0.720    -0.374    -0.389    -0.596    -1.053    -1.967    -2.209    -2.259    -2.280    -2.296    -2.241    -1.090
    21.75    39.75    2087    -0.386    -0.288    -0.285    -0.375    -0.570    -0.946    -1.686    -2.239    -2.273    -2.267    -1.680    -0.890
    21.75    39.75    2088    -0.344    -0.190    -0.160    -0.183    -0.242    -0.339    -0.516    -0.785    -1.328    -2.079    -2.076    -1.032
    21.75    39.75    2089    -0.409    -0.226    -0.207    -0.219    -0.295    -0.471    -0.787    -1.581    -2.216    -2.250    -1.872    -0.848
    21.75    39.75    2090    -0.511    -0.455    -0.477    -0.676    -1.389    -2.189    -2.255    -2.330    -2.395    -2.496    -2.492    -2.030
    21.75    39.75    2091    -0.797    -0.354    -0.288    -0.353    -0.518    -0.749    -1.185    -1.980    -2.537    -2.628    -2.405    -1.773
    21.75    39.75    2092    -0.895    -0.495    -0.407    -0.446    -0.652    -1.035    -1.766    -2.496    -2.614    -2.614    -2.366    -1.819
    21.75    39.75    2093    -0.960    -0.652    -0.376    -0.338    -0.476    -0.726    -1.140    -1.848    -2.477    -2.595    -2.584    -2.474
    21.75    39.75    2094    -1.529    -0.829    -0.897    -0.979    -1.291    -2.093    -2.411    -2.588    -2.505    -2.611    -2.511    -1.892
    21.75    39.75    2095    -0.826    -0.431    -0.406    -0.551    -0.835    -1.283    -2.019    -2.543    -2.593    -2.596    -2.277    -1.425
    21.75    39.75    2096    -0.759    -0.498    -0.462    -0.545    -0.688    -0.949    -1.317    -1.955    -2.526    -2.579    -2.159    -0.782
    21.75    39.75    2097    -0.328    -0.225    -0.217    -0.253    -0.310    -0.389    -0.487    -0.653    -0.857    -1.104    -1.091    -0.506
    21.75    39.75    2098    -0.326    -0.216    -0.197    -0.233    -0.306    -0.413    -0.556    -0.777    -1.182    -1.641    -2.060    -1.659
    21.75    39.75    2099    -0.952    -0.700    -0.433    -0.390    -0.394    -0.582    -0.913    -1.507    -2.093    -2.298    -2.278    -1.423
    21.75    39.75    2100    -0.697    -0.438    -0.354    -0.257    -0.316    -0.477    -0.790    -1.386    -2.124    -2.366    -2.466    -2.249
    21.75    39.75    2101    -0.834    -0.549    -0.491    -0.612    -1.077    -2.061    -2.477    -2.525    -2.544    -2.553    -2.332    -1.003
    21.75    39.75    2102    -0.443    -0.335    -0.355    -0.467    -0.685    -1.075    -1.726    -2.458    -2.548    -2.313    -1.732    -0.680
    21.75    39.75    2103    -0.394    -0.203    -0.162    -0.180    -0.231    -0.314    -0.442    -0.632    -0.961    -1.478    -1.087    -0.494
    21.75    39.75    2104    -0.273    -0.225    -0.182    -0.179    -0.236    -0.333    -0.501    -0.843    -1.387    -2.006    -1.976    -0.667
    21.75    39.75    2105    -0.284    -0.201    -0.186    -0.203    -0.272    -0.398    -0.655    -1.205    -2.044    -2.316    -1.982    -0.730
    21.75    39.75    2106    -0.317    -0.204    -0.191    -0.241    -0.347    -0.552    -0.972    -1.926    -2.362    -2.464    -1.577    -0.781
    21.75    39.75    2107    -0.409    -0.300    -0.368    -0.557    -0.970    -1.895    -2.427    -2.455    -2.490    -2.487    -2.256    -1.473
    21.75    39.75    2108    -0.618    -0.290    -0.218    -0.186    -0.223    -0.311    -0.405    -0.585    -0.873    -1.377    -1.534    -0.764
    21.75    39.75    2109    -0.372    -0.217    -0.188    -0.224    -0.331    -0.542    -1.045    -1.966    -2.335    -1.627    -0.768    -0.559
    21.75    39.75    2110    -0.286    -0.201    -0.162    -0.191    -0.279    -0.467    -0.953    -1.727    -2.298    -2.273    -1.773    -0.704
    21.75    39.75    2111    -0.299    -0.208    -0.200    -0.177    -0.187    -0.277    -0.462    -0.796    -1.597    -2.242    -2.332    -1.859
    21.75    39.75    2112    -0.758    -0.559    -0.476    -0.607    -1.399    -2.275    -2.317    -2.334    -2.368    -2.312    -1.833    -0.951
    21.75    39.75    2113    -0.486    -0.296    -0.202    -0.191    -0.257    -0.311    -0.377    -0.489    -0.680    -1.005    -1.201    -0.944
    21.75    39.75    2114    -0.529    -0.349    -0.239    -0.250    -0.330    -0.459    -0.705    -1.199    -1.739    -1.868    -1.684    -0.959
    21.75    39.75    2115    -0.444    -0.264    -0.210    -0.233    -0.296    -0.405    -0.599    -0.951    -1.532    -1.766    -1.548    -1.059
    21.75    39.75    2116    -0.564    -0.288    -0.284    -0.390    -0.591    -1.030    -1.688    -1.820    -1.843    -1.856    -1.828    -0.935
    21.75    39.75    2117    -0.335    -0.251    -0.240    -0.297    -0.417    -0.629    -0.999    -1.558    -1.819    -1.763    -1.453    -0.846
    21.75    39.75    2118    -0.353    -0.232    -0.200    -0.234    -0.304    -0.418    -0.635    -1.017    -1.575    -1.785    -1.750    -1.141
    21.75    39.75    2119    -0.375    -0.237    -0.211    -0.223    -0.294    -0.431    -0.652    -1.119    -1.719    -1.786    -1.504    -0.693
    21.75    39.75    2120    -0.395    -0.353    -0.357    -0.460    -0.766    -1.404    -1.730    -1.765    -1.783    -1.793    -1.767    -1.423
    21.75    39.75    2121    -0.665    -0.265    -0.202    -0.236    -0.309    -0.422    -0.586    -0.866    -1.360    -1.724    -1.579    -1.065
    21.75    39.75    2122    -0.464    -0.310    -0.270    -0.272    -0.359    -0.494    -0.740    -1.177    -1.656    -1.731    -1.739    -1.553
    21.75    39.75    2123    -0.764    -0.450    -0.292    -0.278    -0.377    -0.546    -0.836    -1.324    -1.709    -1.734    -1.713    -1.646
    21.75    39.75    2124    -1.161    -0.711    -0.729    -0.751    -1.043    -1.599    -1.703    -1.711    -1.745    -1.755    -1.747    -1.087
    21.75    39.75    2125    -0.456    -0.293    -0.257    -0.320    -0.429    -0.561    -0.755    -1.128    -1.583    -1.728    -1.527    -0.859
    21.75    39.75    2126    -0.642    -0.428    -0.371    -0.407    -0.536    -0.724    -1.025    -1.514    -1.709    -1.713    -1.251    -0.918
    21.75    39.75    2127    -0.385    -0.230    -0.218    -0.257    -0.302    -0.368    -0.451    -0.588    -0.754    -0.984    -0.971    -0.464
    21.75    39.75    2128    -0.278    -0.205    -0.196    -0.225    -0.282    -0.354    -0.450    -0.576    -0.809    -1.108    -1.298    -0.884
    21.75    39.75    2129    -0.377    -0.281    -0.217    -0.220    -0.236    -0.298    -0.384    -0.513    -0.734    -0.834    -0.791    -0.490
    21.75    39.75    2130    -0.328    -0.254    -0.225    -0.180    -0.183    -0.229    -0.302    -0.403    -0.584    -0.789    -0.966    -0.878
