      Lon      Lat    Year     Jan     Feb     Mar     Apr     May     Jun     Jul     Aug     Sep     Oct     Nov     Dec
     9.75    49.75    1980   0.841   0.881   0.646   0.000   0.000   0.000   0.000   0.000   0.000   0.000   0.000   0.000
     9.75    49.75    1981   0.000   0.226   0.000   0.000   0.000   0.000   0.000   0.000   0.000   0.000   0.000   0.000
     9.75    49.75    1982   0.461   0.006   0.000   0.000   0.000   0.000   0.000   0.000   0.000   0.000   0.000   0.399
     9.75    49.75    1983   0.644   0.033   0.000   0.000   0.000   0.000   0.000   0.000   0.000   0.000   0.000   0.000
     9.75    49.75    1984   0.000   0.000   0.000   0.000   0.000   0.000   0.000   0.000   0.000   0.000   0.000   0.603
     9.75    49.75    1985   0.799   0.768   0.154   0.000   0.000   0.000   0.000   0.000   0.000   0.000   0.000   0.707
     9.75    49.75    1986   0.870   0.918   0.939   0.845   0.000   0.000   0.000   0.000   0.000   0.000   0.000   0.047
     9.75    49.75    1987   0.666   0.833   0.558   0.000   0.000   0.000   0.000   0.000   0.000   0.000   0.000   0.000
     9.75    49.75    1988   0.000   0.000   0.000   0.000   0.000   0.000   0.000   0.000   0.000   0.000   0.000   0.000
     9.75    49.75    1989   0.585   0.848   0.486   0.000   0.000   0.000   0.000   0.000   0.000   0.000   0.000   0.425
     9.75    49.75    1990   0.199   0.675   0.690   0.000   0.000   0.000   0.000   0.000   0.000   0.000   0.000   0.000
     9.75    49.75    1991   0.494   0.254   0.000   0.000   0.000   0.000   0.000   0.000   0.000   0.000   0.502   0.181
     9.75    49.75    1992   0.000   0.000   0.000   0.000   0.000   0.000   0.000   0.000   0.000   0.000   0.000   0.623
     9.75    49.75    1993   0.851   0.905   0.846   0.000   0.000   0.000   0.000   0.000   0.000   0.000   0.000   0.725
     9.75    49.75    1994   0.779   0.050   0.000   0.000   0.000   0.000   0.000   0.000   0.000   0.000   0.000   0.000
     9.75    49.75    1995   0.742   0.874   0.809   0.000   0.000   0.000   0.000   0.000   0.000   0.000   0.000   0.000
     9.75    49.75    1996   0.557   0.114   0.000   0.000   0.000   0.000   0.000   0.000   0.000   0.000   0.000   0.000
     9.75    49.75    1997   0.720   0.869   0.718   0.000   0.000   0.000   0.000   0.000   0.000   0.000   0.000   0.417
     9.75    49.75    1998   0.233   0.217   0.000   0.000   0.000   0.000   0.000   0.000   0.000   0.000   0.000   0.003
     9.75    49.75    1999   0.319   0.001   0.000   0.000   0.000   0.000   0.000   0.000   0.000   0.000   0.000   0.000
     9.75    49.75    2000   0.000   0.000   0.000   0.000   0.000   0.000   0.000   0.000   0.000   0.000   0.000   0.571
     9.75    49.75    2001   0.820   0.851   0.878   0.310   0.000   0.000   0.000   0.000   0.000   0.000   0.000   0.000
     9.75    49.75    2002   0.000   0.417   0.000   0.000   0.000   0.000   0.000   0.000   0.000   0.000   0.000   0.255
     9.75    49.75    2003   0.672   0.840   0.744   0.000   0.000   0.000   0.000   0.000   0.000   0.000   0.000   0.000
     9.75    49.75    2004   0.000   0.000   0.000   0.000   0.000   0.000   0.000   0.000   0.000   0.000   0.000   0.000
     9.75    49.75    2005   0.650   0.749   0.000   0.000   0.000   0.000   0.000   0.000   0.000   0.000   0.000   0.000
     9.75    49.75    2006   0.524   0.507   0.000   0.000   0.000   0.000   0.000   0.000   0.000   0.000   0.000   0.018
     9.75    49.75    2007   0.824   0.862   0.125   0.000   0.000   0.000   0.000   0.000   0.000   0.000   0.000   0.003
     9.75    49.75    2008   0.000   0.000   0.000   0.000   0.000   0.000   0.000   0.000   0.000   0.000   0.000   0.000
     9.75    49.75    2009   0.621   0.831   0.896   0.326   0.000   0.000   0.000   0.000   0.000   0.000   0.000   0.082
     9.75    49.75    2010   0.127   0.000   0.000   0.000   0.000   0.000   0.000   0.000   0.000   0.000   0.299   0.000
     9.75    49.75    2011   0.000   0.000   0.000   0.000   0.000   0.000   0.000   0.000   0.000   0.000   0.000   0.000
     9.75    49.75    2012   0.000   0.000   0.000   0.000   0.000   0.000   0.000   0.000   0.000   0.000   0.000   0.627
     9.75    49.75    2013   0.862   0.835   0.006   0.000   0.000   0.000   0.000   0.000   0.000   0.000   0.000   0.193
     9.75    49.75    2014   0.753   0.604   0.000   0.000   0.000   0.000   0.000   0.000   0.000   0.000   0.000   0.000
     9.75    49.75    2015   0.000   0.299   0.000   0.000   0.000   0.000   0.000   0.000   0.000   0.000   0.000   0.378
     9.75    49.75    2016   0.799   0.889   0.762   0.000   0.000   0.000   0.000   0.000   0.000   0.000   0.000   0.088
     9.75    49.75    2017   0.031   0.000   0.000   0.000   0.000   0.000   0.000   0.000   0.000   0.000   0.000   0.000
     9.75    49.75    2018   0.478   0.582   0.000   0.000   0.000   0.000   0.000   0.000   0.000   0.000   0.000   0.029
     9.75    49.75    2019   0.657   0.223   0.000   0.000   0.000   0.000   0.000   0.000   0.000   0.000   0.000   0.621
     9.75    49.75    2020   0.456   0.000   0.000   0.000   0.000   0.000   0.000   0.000   0.000   0.000   0.000   0.000
     9.75    49.75    2021   0.000   0.000   0.000   0.000   0.000   0.000   0.000   0.000   0.000   0.000   0.000   0.522
     9.75    49.75    2022   0.310   0.261   0.000   0.000   0.000   0.000   0.000   0.000   0.000   0.000   0.000   0.339
     9.75    49.75    2023   0.352   0.000   0.000   0.000   0.000   0.000   0.000   0.000   0.000   0.000   0.000   0.000
     9.75    49.75    2024   0.524   0.394   0.000   0.000   0.000   0.000   0.000   0.000   0.000   0.000   0.000   0.042
     9.75    49.75    2025   0.738   0.396   0.000   0.000   0.000   0.000   0.000   0.000   0.000   0.000   0.000   0.581
     9.75    49.75    2026   0.701   0.266   0.000   0.000   0.000   0.000   0.000   0.000   0.000   0.000   0.000   0.000
     9.75    49.75    2027   0.000   0.672   0.282   0.000   0.000   0.000   0.000   0.000   0.000   0.000   0.000   0.000
     9.75    49.75    2028   0.000   0.000   0.000   0.000   0.000   0.000   0.000   0.000   0.000   0.000   0.000   0.000
     9.75    49.75    2029   0.000   0.000   0.000   0.000   0.000   0.000   0.000   0.000   0.000   0.000   0.000   0.364
     9.75    49.75    2030   0.022   0.000   0.000   0.000   0.000   0.000   0.000   0.000   0.000   0.000   0.000   0.637
     9.75    49.75    2031   0.813   0.265   0.000   0.000   0.000   0.000   0.000   0.000   0.000   0.000   0.000   0.300
     9.75    49.75    2032   0.767   0.873   0.773   0.000   0.000   0.000   0.000   0.000   0.000   0.000   0.000   0.007
     9.75    49.75    2033   0.000   0.000   0.000   0.000   0.000   0.000   0.000   0.000   0.000   0.000   0.000   0.000
     9.75    49.75    2034   0.737   0.301   0.000   0.000   0.000   0.000   0.000   0.000   0.000   0.000   0.000   0.000
     9.75    49.75    2035   0.000   0.000   0.000   0.000   0.000   0.000   0.000   0.000   0.000   0.000   0.000   0.000
     9.75    49.75    2036   0.000   0.000   0.000   0.000   0.000   0.000   0.000   0.000   0.000   0.000   0.000   0.774
     9.75    49.75    2037   0.656   0.000   0.000   0.000   0.000   0.000   0.000   0.000   0.000   0.000   0.000   0.000
     9.75    49.75    2038   0.000   0.000   0.000   0.000   0.000   0.000   0.000   0.000   0.000   0.000   0.000   0.000
     9.75    49.75    2039   0.611   0.811   0.181   0.000   0.000   0.000   0.000   0.000   0.000   0.000   0.000   0.000
     9.75    49.75    2040   0.000   0.000   0.000   0.000   0.000   0.000   0.000   0.000   0.000   0.000   0.000   0.463
     9.75    49.75    2041   0.703   0.767   0.438   0.000   0.000   0.000   0.000   0.000   0.000   0.000   0.000   0.176
     9.75    49.75    2042   0.691   0.286   0.000   0.000   0.000   0.000   0.000   0.000   0.000   0.000   0.000   0.328
     9.75    49.75    2043   0.834   0.835   0.000   0.000   0.000   0.000   0.000   0.000   0.000   0.000   0.000   0.421
     9.75    49.75    2044   0.312   0.000   0.000   0.000   0.000   0.000   0.000   0.000   0.000   0.000   0.000   0.000
     9.75    49.75    2045   0.000   0.000   0.000   0.000   0.000   0.000   0.000   0.000   0.000   0.000   0.000   0.645
     9.75    49.75    2046   0.803   0.387   0.000   0.000   0.000   0.000   0.000   0.000   0.000   0.000   0.000   0.000
     9.75    49.75    2047   0.000   0.000   0.000   0.000   0.000   0.000   0.000   0.000   0.000   0.000   0.000   0.000
     9.75    49.75    2048   0.000   0.000   0.000   0.000   0.000   0.000   0.000   0.000   0.000   0.000   0.000   0.000
     9.75    49.75    2049   0.680   0.671   0.000   0.000   0.000   0.000   0.000   0.000   0.000   0.000   0.000   0.651
     9.75    49.75    2050   0.360   0.000   0.000   0.000   0.000   0.000   0.000   0.000   0.000   0.000   0.000   0.000
     9.75    49.75    2051   0.569   0.053   0.000   0.000   0.000   0.000   0.000   0.000   0.000   0.000   0.000   0.000
     9.75    49.75    2052   0.760   0.762   0.000   0.000   0.000   0.000   0.000   0.000   0.000   0.000   0.000   0.087
     9.75    49.75    2053   0.042   0.000   0.000   0.000   0.000   0.000   0.000   0.000   0.000   0.000   0.000   0.371
     9.75    49.75    2054   0.691   0.577   0.036   0.000   0.000   0.000   0.000   0.000   0.000   0.000   0.000   0.000
     9.75    49.75    2055   0.660   0.659   0.000   0.000   0.000   0.000   0.000   0.000   0.000   0.000   0.000   0.000
     9.75    49.75    2056   0.000   0.000   0.000   0.000   0.000   0.000   0.000   0.000   0.000   0.000   0.000   0.000
     9.75    49.75    2057   0.000   0.354   0.000   0.000   0.000   0.000   0.000   0.000   0.000   0.000   0.000   0.000
     9.75    49.75    2058   0.694   0.353   0.000   0.000   0.000   0.000   0.000   0.000   0.000   0.000   0.000   0.000
     9.75    49.75    2059   0.000   0.000   0.000   0.000   0.000   0.000   0.000   0.000   0.000   0.000   0.000   0.000
     9.75    49.75    2060   0.000   0.000   0.000   0.000   0.000   0.000   0.000   0.000   0.000   0.000   0.000   0.000
     9.75    49.75    2061   0.000   0.000   0.000   0.000   0.000   0.000   0.000   0.000   0.000   0.000   0.000   0.000
     9.75    49.75    2062   0.773   0.416   0.000   0.000   0.000   0.000   0.000   0.000   0.000   0.000   0.000   0.392
     9.75    49.75    2063   0.176   0.000   0.000   0.000   0.000   0.000   0.000   0.000   0.000   0.000   0.000   0.000
     9.75    49.75    2064   0.040   0.749   0.346   0.000   0.000   0.000   0.000   0.000   0.000   0.000   0.000   0.000
     9.75    49.75    2065   0.091   0.000   0.000   0.000   0.000   0.000   0.000   0.000   0.000   0.000   0.000   0.000
     9.75    49.75    2066   0.624   0.191   0.000   0.000   0.000   0.000   0.000   0.000   0.000   0.000   0.000   0.000
     9.75    49.75    2067   0.658   0.025   0.000   0.000   0.000   0.000   0.000   0.000   0.000   0.000   0.000   0.675
     9.75    49.75    2068   0.802   0.412   0.000   0.000   0.000   0.000   0.000   0.000   0.000   0.000   0.000   0.000
     9.75    49.75    2069   0.000   0.000   0.000   0.000   0.000   0.000   0.000   0.000   0.000   0.000   0.000   0.000
     9.75    49.75    2070   0.578   0.000   0.000   0.000   0.000   0.000   0.000   0.000   0.000   0.000   0.000   0.619
     9.75    49.75    2071   0.802   0.457   0.000   0.000   0.000   0.000   0.000   0.000   0.000   0.000   0.000   0.000
     9.75    49.75    2072   0.000   0.000   0.000   0.000   0.000   0.000   0.000   0.000   0.000   0.000   0.000   0.608
     9.75    49.75    2073   0.805   0.897   0.879   0.000   0.000   0.000   0.000   0.000   0.000   0.000   0.000   0.211
     9.75    49.75    2074   0.623   0.000   0.000   0.000   0.000   0.000   0.000   0.000   0.000   0.000   0.000   0.000
     9.75    49.75    2075   0.000   0.607   0.000   0.000   0.000   0.000   0.000   0.000   0.000   0.000   0.000   0.492
     9.75    49.75    2076   0.488   0.000   0.000   0.000   0.000   0.000   0.000   0.000   0.000   0.000   0.000   0.257
     9.75    49.75    2077   0.018   0.000   0.000   0.000   0.000   0.000   0.000   0.000   0.000   0.000   0.000   0.000
     9.75    49.75    2078   0.529   0.762   0.579   0.000   0.000   0.000   0.000   0.000   0.000   0.000   0.000   0.451
     9.75    49.75    2079   0.716   0.221   0.000   0.000   0.000   0.000   0.000   0.000   0.000   0.000   0.000   0.000
     9.75    49.75    2080   0.000   0.000   0.000   0.000   0.000   0.000   0.000   0.000   0.000   0.000   0.000   0.636
     9.75    49.75    2081   0.693   0.000   0.000   0.000   0.000   0.000   0.000   0.000   0.000   0.000   0.000   0.686
     9.75    49.75    2082   0.537   0.000   0.000   0.000   0.000   0.000   0.000   0.000   0.000   0.000   0.000   0.000
     9.75    49.75    2083   0.000   0.409   0.000   0.000   0.000   0.000   0.000   0.000   0.000   0.000   0.000   0.000
     9.75    49.75    2084   0.568   0.816   0.038   0.000   0.000   0.000   0.000   0.000   0.000   0.000   0.000   0.000
     9.75    49.75    2085   0.533   0.198   0.000   0.000   0.000   0.000   0.000   0.000   0.000   0.000   0.000   0.000
     9.75    49.75    2086   0.767   0.767   0.000   0.000   0.000   0.000   0.000   0.000   0.000   0.000   0.000   0.779
     9.75    49.75    2087   0.893   0.578   0.000   0.000   0.000   0.000   0.000   0.000   0.000   0.000   0.000   0.655
     9.75    49.75    2088   0.866   0.895   0.385   0.000   0.000   0.000   0.000   0.000   0.000   0.000   0.000   0.215
     9.75    49.75    2089   0.815   0.866   0.040   0.000   0.000   0.000   0.000   0.000   0.000   0.000   0.000   0.158
     9.75    49.75    2090   0.349   0.000   0.000   0.000   0.000   0.000   0.000   0.000   0.000   0.000   0.000   0.000
     9.75    49.75    2091   0.729   0.883   0.694   0.000   0.000   0.000   0.000   0.000   0.000   0.000   0.000   0.534
     9.75    49.75    2092   0.458   0.000   0.000   0.000   0.000   0.000   0.000   0.000   0.000   0.000   0.000   0.000
     9.75    49.75    2093   0.527   0.785   0.146   0.000   0.000   0.000   0.000   0.000   0.000   0.000   0.000   0.000
     9.75    49.75    2094   0.643   0.384   0.000   0.000   0.000   0.000   0.000   0.000   0.000   0.000   0.000   0.608
     9.75    49.75    2095   0.348   0.000   0.000   0.000   0.000   0.000   0.000   0.000   0.000   0.000   0.000   0.000
     9.75    49.75    2096   0.000   0.000   0.000   0.000   0.000   0.000   0.000   0.000   0.000   0.000   0.000   0.000
     9.75    49.75    2097   0.000   0.000   0.000   0.000   0.000   0.000   0.000   0.000   0.000   0.000   0.000   0.000
     9.75    49.75    2098   0.608   0.674   0.000   0.000   0.000   0.000   0.000   0.000   0.000   0.000   0.000   0.000
     9.75    49.75    2099   0.000   0.000   0.000   0.000   0.000   0.000   0.000   0.000   0.000   0.000   0.000   0.580
     9.75    49.75    2100   0.841   0.572   0.000   0.000   0.000   0.000   0.000   0.000   0.000   0.000   0.000   0.000
     9.75    49.75    2101   0.530   0.162   0.000   0.000   0.000   0.000   0.000   0.000   0.000   0.000   0.000   0.002
     9.75    49.75    2102   0.000   0.000   0.000   0.000   0.000   0.000   0.000   0.000   0.000   0.000   0.000   0.597
     9.75    49.75    2103   0.858   0.906   0.894   0.007   0.000   0.000   0.000   0.000   0.000   0.000   0.000   0.219
     9.75    49.75    2104   0.699   0.007   0.000   0.000   0.000   0.000   0.000   0.000   0.000   0.000   0.000   0.000
     9.75    49.75    2105   0.447   0.681   0.004   0.000   0.000   0.000   0.000   0.000   0.000   0.000   0.000   0.731
     9.75    49.75    2106   0.810   0.010   0.000   0.000   0.000   0.000   0.000   0.000   0.000   0.000   0.000   0.412
     9.75    49.75    2107   0.071   0.000   0.000   0.000   0.000   0.000   0.000   0.000   0.000   0.000   0.000   0.000
     9.75    49.75    2108   0.618   0.809   0.781   0.000   0.000   0.000   0.000   0.000   0.000   0.000   0.000   0.648
     9.75    49.75    2109   0.874   0.742   0.000   0.000   0.000   0.000   0.000   0.000   0.000   0.000   0.000   0.000
     9.75    49.75    2110   0.086   0.000   0.000   0.000   0.000   0.000   0.000   0.000   0.000   0.000   0.000   0.647
     9.75    49.75    2111   0.686   0.000   0.000   0.000   0.000   0.000   0.000   0.000   0.000   0.000   0.000   0.719
     9.75    49.75    2112   0.818   0.142   0.000   0.000   0.000   0.000   0.000   0.000   0.000   0.000   0.000   0.000
     9.75    49.75    2113   0.000   0.322   0.000   0.000   0.000   0.000   0.000   0.000   0.000   0.000   0.000   0.000
     9.75    49.75    2114   0.576   0.815   0.069   0.000   0.000   0.000   0.000   0.000   0.000   0.000   0.000   0.000
     9.75    49.75    2115   0.547   0.149   0.000   0.000   0.000   0.000   0.000   0.000   0.000   0.000   0.000   0.000
     9.75    49.75    2116   0.770   0.739   0.000   0.000   0.000   0.000   0.000   0.000   0.000   0.000   0.000   0.788
     9.75    49.75    2117   0.892   0.598   0.000   0.000   0.000   0.000   0.000   0.000   0.000   0.000   0.000   0.584
     9.75    49.75    2118   0.839   0.902   0.494   0.000   0.000   0.000   0.000   0.000   0.000   0.000   0.000   0.104
     9.75    49.75    2119   0.843   0.838   0.000   0.000   0.000   0.000   0.000   0.000   0.000   0.000   0.000   0.428
     9.75    49.75    2120   0.725   0.053   0.000   0.000   0.000   0.000   0.000   0.000   0.000   0.000   0.000   0.000
     9.75    49.75    2121   0.758   0.875   0.703   0.000   0.000   0.000   0.000   0.000   0.000   0.000   0.000   0.419
     9.75    49.75    2122   0.549   0.000   0.000   0.000   0.000   0.000   0.000   0.000   0.000   0.000   0.000   0.000
     9.75    49.75    2123   0.490   0.765   0.122   0.000   0.000   0.000   0.000   0.000   0.000   0.000   0.000   0.000
     9.75    49.75    2124   0.607   0.274   0.000   0.000   0.000   0.000   0.000   0.000   0.000   0.000   0.000   0.716
     9.75    49.75    2125   0.520   0.000   0.000   0.000   0.000   0.000   0.000   0.000   0.000   0.000   0.000   0.000
     9.75    49.75    2126   0.000   0.000   0.000   0.000   0.000   0.000   0.000   0.000   0.000   0.000   0.000   0.000
     9.75    49.75    2127   0.000   0.000   0.000   0.000   0.000   0.000   0.000   0.000   0.000   0.000   0.000   0.000
     9.75    49.75    2128   0.668   0.599   0.000   0.000   0.000   0.000   0.000   0.000   0.000   0.000   0.000   0.000
     9.75    49.75    2129   0.000   0.000   0.000   0.000   0.000   0.000   0.000   0.000   0.000   0.000   0.000   0.637
     9.75    49.75    2130   0.829   0.497   0.000   0.000   0.000   0.000   0.000   0.000   0.000   0.000   0.000   0.000
    13.75    55.75    1980   0.463   0.707   0.165   0.000   0.000   0.000   0.000   0.000   0.000   0.000   0.000   0.000
    13.75    55.75    1981   0.000   0.000   0.000   0.000   0.000   0.000   0.000   0.000   0.000   0.000   0.000   0.000
    13.75    55.75    1982   0.723   0.457   0.000   0.000   0.000   0.000   0.000   0.000   0.000   0.000   0.000   0.573
    13.75    55.75    1983   0.847   0.763   0.000   0.000   0.000   0.000   0.000   0.000   0.000   0.000   0.000   0.000
    13.75    55.75    1984   0.000   0.312   0.000   0.000   0.000   0.000   0.000   0.000   0.000   0.000   0.000   0.698
    13.75    55.75    1985   0.815   0.873   0.926   0.761   0.000   0.000   0.000   0.000   0.000   0.000   0.000   0.624
    13.75    55.75    1986   0.832   0.885   0.927   0.898   0.000   0.000   0.000   0.000   0.000   0.000   0.000   0.032
    13.75    55.75    1987   0.693   0.844   0.898   0.747   0.000   0.000   0.000   0.000   0.000   0.000   0.000   0.000
    13.75    55.75    1988   0.000   0.000   0.000   0.000   0.000   0.000   0.000   0.000   0.000   0.000   0.000   0.000
    13.75    55.75    1989   0.659   0.825   0.819   0.000   0.000   0.000   0.000   0.000   0.000   0.000   0.000   0.551
    13.75    55.75    1990   0.387   0.535   0.724   0.003   0.000   0.000   0.000   0.000   0.000   0.000   0.000   0.581
    13.75    55.75    1991   0.743   0.771   0.098   0.000   0.000   0.000   0.000   0.000   0.000   0.000   0.593   0.516
    13.75    55.75    1992   0.013   0.686   0.389   0.000   0.000   0.000   0.000   0.000   0.000   0.000   0.000   0.521
    13.75    55.75    1993   0.816   0.900   0.863   0.000   0.000   0.000   0.000   0.000   0.000   0.000   0.257   0.808
    13.75    55.75    1994   0.910   0.904   0.549   0.000   0.000   0.000   0.000   0.000   0.000   0.000   0.000   0.000
    13.75    55.75    1995   0.606   0.809   0.618   0.000   0.000   0.000   0.000   0.000   0.000   0.000   0.000   0.000
    13.75    55.75    1996   0.000   0.000   0.000   0.000   0.000   0.000   0.000   0.000   0.000   0.000   0.000   0.000
    13.75    55.75    1997   0.529   0.827   0.844   0.077   0.000   0.000   0.000   0.000   0.000   0.000   0.000   0.237
    13.75    55.75    1998   0.089   0.000   0.000   0.000   0.000   0.000   0.000   0.000   0.000   0.000   0.000   0.000
    13.75    55.75    1999   0.599   0.641   0.000   0.000   0.000   0.000   0.000   0.000   0.000   0.000   0.000   0.000
    13.75    55.75    2000   0.000   0.000   0.000   0.000   0.000   0.000   0.000   0.000   0.000   0.000   0.000   0.000
    13.75    55.75    2001   0.615   0.855   0.907   0.694   0.000   0.000   0.000   0.000   0.000   0.000   0.000   0.071
    13.75    55.75    2002   0.712   0.845   0.286   0.000   0.000   0.000   0.000   0.000   0.000   0.000   0.000   0.000
    13.75    55.75    2003   0.643   0.868   0.851   0.000   0.000   0.000   0.000   0.000   0.000   0.000   0.000   0.000
    13.75    55.75    2004   0.000   0.000   0.000   0.000   0.000   0.000   0.000   0.000   0.000   0.000   0.000   0.000
    13.75    55.75    2005   0.000   0.498   0.024   0.000   0.000   0.000   0.000   0.000   0.000   0.000   0.000   0.535
    13.75    55.75    2006   0.764   0.663   0.000   0.000   0.000   0.000   0.000   0.000   0.000   0.000   0.000   0.000
    13.75    55.75    2007   0.627   0.854   0.737   0.000   0.000   0.000   0.000   0.000   0.000   0.000   0.000   0.000
    13.75    55.75    2008   0.000   0.000   0.000   0.000   0.000   0.000   0.000   0.000   0.000   0.000   0.000   0.000
    13.75    55.75    2009   0.270   0.769   0.848   0.122   0.000   0.000   0.000   0.000   0.000   0.000   0.000   0.000
    13.75    55.75    2010   0.000   0.000   0.000   0.000   0.000   0.000   0.000   0.000   0.000   0.000   0.000   0.000
    13.75    55.75    2011   0.000   0.000   0.000   0.000   0.000   0.000   0.000   0.000   0.000   0.000   0.000   0.000
    13.75    55.75    2012   0.442   0.007   0.000   0.000   0.000   0.000   0.000   0.000   0.000   0.000   0.000   0.000
    13.75    55.75    2013   0.722   0.866   0.819   0.000   0.000   0.000   0.000   0.000   0.000   0.000   0.000   0.050
    13.75    55.75    2014   0.618   0.849   0.823   0.000   0.000   0.000   0.000   0.000   0.000   0.000   0.000   0.000
    13.75    55.75    2015   0.000   0.440   0.713   0.000   0.000   0.000   0.000   0.000   0.000   0.000   0.000   0.326
    13.75    55.75    2016   0.000   0.575   0.193   0.000   0.000   0.000   0.000   0.000   0.000   0.000   0.000   0.000
    13.75    55.75    2017   0.000   0.000   0.000   0.000   0.000   0.000   0.000   0.000   0.000   0.000   0.000   0.718
    13.75    55.75    2018   0.887   0.915   0.931   0.713   0.000   0.000   0.000   0.000   0.000   0.000   0.000   0.128
    13.75    55.75    2019   0.167   0.000   0.000   0.000   0.000   0.000   0.000   0.000   0.000   0.000   0.000   0.612
    13.75    55.75    2020   0.368   0.000   0.000   0.000   0.000   0.000   0.000   0.000   0.000   0.000   0.000   0.000
    13.75    55.75    2021   0.000   0.000   0.000   0.000   0.000   0.000   0.000   0.000   0.000   0.000   0.000   0.403
    13.75    55.75    2022   0.000   0.057   0.000   0.000   0.000   0.000   0.000   0.000   0.000   0.000   0.000   0.324
    13.75    55.75    2023   0.677   0.439   0.000   0.000   0.000   0.000   0.000   0.000   0.000   0.000   0.000   0.000
    13.75    55.75    2024   0.720   0.686   0.000   0.000   0.000   0.000   0.000   0.000   0.000   0.000   0.000   0.000
    13.75    55.75    2025   0.746   0.742   0.000   0.000   0.000   0.000   0.000   0.000   0.000   0.000   0.000   0.400
    13.75    55.75    2026   0.495   0.000   0.000   0.000   0.000   0.000   0.000   0.000   0.000   0.000   0.000   0.000
    13.75    55.75    2027   0.000   0.000   0.619   0.006   0.000   0.000   0.000   0.000   0.000   0.000   0.000   0.000
    13.75    55.75    2028   0.000   0.000   0.000   0.000   0.000   0.000   0.000   0.000   0.000   0.000   0.000   0.000
    13.75    55.75    2029   0.000   0.000   0.000   0.000   0.000   0.000   0.000   0.000   0.000   0.000   0.000   0.000
    13.75    55.75    2030   0.000   0.000   0.000   0.000   0.000   0.000   0.000   0.000   0.000   0.000   0.000   0.709
    13.75    55.75    2031   0.873   0.767   0.000   0.000   0.000   0.000   0.000   0.000   0.000   0.000   0.000   0.000
    13.75    55.75    2032   0.743   0.891   0.919   0.824   0.000   0.000   0.000   0.000   0.000   0.000   0.000   0.010
    13.75    55.75    2033   0.000   0.000   0.000   0.000   0.000   0.000   0.000   0.000   0.000   0.000   0.000   0.000
    13.75    55.75    2034   0.537   0.050   0.000   0.000   0.000   0.000   0.000   0.000   0.000   0.000   0.000   0.000
    13.75    55.75    2035   0.000   0.000   0.000   0.000   0.000   0.000   0.000   0.000   0.000   0.000   0.000   0.000
    13.75    55.75    2036   0.000   0.000   0.000   0.000   0.000   0.000   0.000   0.000   0.000   0.000   0.034   0.000
    13.75    55.75    2037   0.000   0.000   0.000   0.000   0.000   0.000   0.000   0.000   0.000   0.000   0.000   0.000
    13.75    55.75    2038   0.631   0.623   0.530   0.000   0.000   0.000   0.000   0.000   0.000   0.000   0.000   0.000
    13.75    55.75    2039   0.547   0.581   0.000   0.000   0.000   0.000   0.000   0.000   0.000   0.000   0.000   0.000
    13.75    55.75    2040   0.000   0.000   0.000   0.000   0.000   0.000   0.000   0.000   0.000   0.000   0.000   0.000
    13.75    55.75    2041   0.665   0.845   0.878   0.408   0.000   0.000   0.000   0.000   0.000   0.000   0.000   0.026
    13.75    55.75    2042   0.581   0.192   0.000   0.000   0.000   0.000   0.000   0.000   0.000   0.000   0.000   0.686
    13.75    55.75    2043   0.864   0.912   0.798   0.000   0.000   0.000   0.000   0.000   0.000   0.000   0.000   0.000
    13.75    55.75    2044   0.000   0.000   0.539   0.000   0.000   0.000   0.000   0.000   0.000   0.000   0.000   0.000
    13.75    55.75    2045   0.000   0.000   0.000   0.000   0.000   0.000   0.000   0.000   0.000   0.000   0.000   0.000
    13.75    55.75    2046   0.000   0.000   0.000   0.000   0.000   0.000   0.000   0.000   0.000   0.000   0.000   0.000
    13.75    55.75    2047   0.000   0.000   0.000   0.000   0.000   0.000   0.000   0.000   0.000   0.000   0.000   0.000
    13.75    55.75    2048   0.000   0.000   0.000   0.000   0.000   0.000   0.000   0.000   0.000   0.000   0.000   0.000
    13.75    55.75    2049   0.000   0.032   0.000   0.000   0.000   0.000   0.000   0.000   0.000   0.000   0.000   0.526
    13.75    55.75    2050   0.210   0.000   0.000   0.000   0.000   0.000   0.000   0.000   0.000   0.000   0.000   0.000
    13.75    55.75    2051   0.607   0.590   0.000   0.000   0.000   0.000   0.000   0.000   0.000   0.000   0.000   0.000
    13.75    55.75    2052   0.736   0.878   0.894   0.377   0.000   0.000   0.000   0.000   0.000   0.000   0.000   0.149
    13.75    55.75    2053   0.091   0.000   0.000   0.000   0.000   0.000   0.000   0.000   0.000   0.000   0.000   0.246
    13.75    55.75    2054   0.705   0.724   0.000   0.000   0.000   0.000   0.000   0.000   0.000   0.000   0.000   0.000
    13.75    55.75    2055   0.596   0.866   0.688   0.000   0.000   0.000   0.000   0.000   0.000   0.000   0.000   0.000
    13.75    55.75    2056   0.000   0.000   0.000   0.000   0.000   0.000   0.000   0.000   0.000   0.000   0.000   0.000
    13.75    55.75    2057   0.000   0.050   0.000   0.000   0.000   0.000   0.000   0.000   0.000   0.000   0.000   0.000
    13.75    55.75    2058   0.573   0.068   0.000   0.000   0.000   0.000   0.000   0.000   0.000   0.000   0.000   0.000
    13.75    55.75    2059   0.000   0.000   0.000   0.000   0.000   0.000   0.000   0.000   0.000   0.000   0.000   0.000
    13.75    55.75    2060   0.000   0.000   0.000   0.000   0.000   0.000   0.000   0.000   0.000   0.000   0.000   0.000
    13.75    55.75    2061   0.000   0.288   0.000   0.000   0.000   0.000   0.000   0.000   0.000   0.000   0.000   0.000
    13.75    55.75    2062   0.639   0.451   0.000   0.000   0.000   0.000   0.000   0.000   0.000   0.000   0.000   0.000
    13.75    55.75    2063   0.000   0.457   0.001   0.000   0.000   0.000   0.000   0.000   0.000   0.000   0.000   0.000
    13.75    55.75    2064   0.000   0.599   0.057   0.000   0.000   0.000   0.000   0.000   0.000   0.000   0.000   0.000
    13.75    55.75    2065   0.000   0.000   0.000   0.000   0.000   0.000   0.000   0.000   0.000   0.000   0.000   0.000
    13.75    55.75    2066   0.569   0.865   0.646   0.000   0.000   0.000   0.000   0.000   0.000   0.000   0.000   0.000
    13.75    55.75    2067   0.498   0.000   0.000   0.000   0.000   0.000   0.000   0.000   0.000   0.000   0.000   0.000
    13.75    55.75    2068   0.423   0.043   0.000   0.000   0.000   0.000   0.000   0.000   0.000   0.000   0.000   0.000
    13.75    55.75    2069   0.439   0.780   0.299   0.000   0.000   0.000   0.000   0.000   0.000   0.000   0.000   0.000
    13.75    55.75    2070   0.000   0.000   0.000   0.000   0.000   0.000   0.000   0.000   0.000   0.000   0.000   0.367
    13.75    55.75    2071   0.683   0.429   0.000   0.000   0.000   0.000   0.000   0.000   0.000   0.000   0.000   0.000
    13.75    55.75    2072   0.000   0.000   0.000   0.000   0.000   0.000   0.000   0.000   0.000   0.000   0.000   0.100
    13.75    55.75    2073   0.527   0.760   0.869   0.289   0.000   0.000   0.000   0.000   0.000   0.000   0.000   0.000
    13.75    55.75    2074   0.000   0.000   0.000   0.000   0.000   0.000   0.000   0.000   0.000   0.000   0.000   0.000
    13.75    55.75    2075   0.237   0.725   0.223   0.000   0.000   0.000   0.000   0.000   0.000   0.000   0.000   0.000
    13.75    55.75    2076   0.000   0.000   0.000   0.000   0.000   0.000   0.000   0.000   0.000   0.000   0.000   0.000
    13.75    55.75    2077   0.000   0.000   0.000   0.000   0.000   0.000   0.000   0.000   0.000   0.000   0.000   0.000
    13.75    55.75    2078   0.000   0.000   0.000   0.000   0.000   0.000   0.000   0.000   0.000   0.000   0.000   0.000
    13.75    55.75    2079   0.545   0.254   0.000   0.000   0.000   0.000   0.000   0.000   0.000   0.000   0.000   0.000
    13.75    55.75    2080   0.000   0.000   0.000   0.000   0.000   0.000   0.000   0.000   0.000   0.000   0.000   0.000
    13.75    55.75    2081   0.000   0.000   0.000   0.000   0.000   0.000   0.000   0.000   0.000   0.000   0.000   0.358
    13.75    55.75    2082   0.016   0.000   0.000   0.000   0.000   0.000   0.000   0.000   0.000   0.000   0.000   0.000
    13.75    55.75    2083   0.717   0.846   0.645   0.000   0.000   0.000   0.000   0.000   0.000   0.000   0.000   0.000
    13.75    55.75    2084   0.575   0.842   0.827   0.005   0.000   0.000   0.000   0.000   0.000   0.000   0.000   0.000
    13.75    55.75    2085   0.643   0.835   0.803   0.000   0.000   0.000   0.000   0.000   0.000   0.000   0.000   0.000
    13.75    55.75    2086   0.618   0.754   0.000   0.000   0.000   0.000   0.000   0.000   0.000   0.000   0.000   0.630
    13.75    55.75    2087   0.829   0.282   0.000   0.000   0.000   0.000   0.000   0.000   0.000   0.000   0.000   0.445
    13.75    55.75    2088   0.861   0.905   0.798   0.000   0.000   0.000   0.000   0.000   0.000   0.000   0.000   0.073
    13.75    55.75    2089   0.796   0.840   0.240   0.000   0.000   0.000   0.000   0.000   0.000   0.000   0.000   0.426
    13.75    55.75    2090   0.364   0.000   0.000   0.000   0.000   0.000   0.000   0.000   0.000   0.000   0.000   0.000
    13.75    55.75    2091   0.758   0.889   0.771   0.000   0.000   0.000   0.000   0.000   0.000   0.000   0.000   0.457
    13.75    55.75    2092   0.267   0.562   0.089   0.000   0.000   0.000   0.000   0.000   0.000   0.000   0.000   0.000
    13.75    55.75    2093   0.000   0.000   0.000   0.000   0.000   0.000   0.000   0.000   0.000   0.000   0.000   0.000
    13.75    55.75    2094   0.623   0.561   0.000   0.000   0.000   0.000   0.000   0.000   0.000   0.000   0.000   0.129
    13.75    55.75    2095   0.017   0.000   0.000   0.000   0.000   0.000   0.000   0.000   0.000   0.000   0.000   0.000
    13.75    55.75    2096   0.000   0.000   0.000   0.000   0.000   0.000   0.000   0.000   0.000   0.000   0.000   0.164
    13.75    55.75    2097   0.000   0.000   0.000   0.000   0.000   0.000   0.000   0.000   0.000   0.000   0.000   0.000
    13.75    55.75    2098   0.000   0.000   0.000   0.000   0.000   0.000   0.000   0.000   0.000   0.000   0.000   0.000
    13.75    55.75    2099   0.000   0.000   0.000   0.000   0.000   0.000   0.000   0.000   0.000   0.000   0.000   0.275
    13.75    55.75    2100   0.000   0.000   0.000   0.000   0.000   0.000   0.000   0.000   0.000   0.000   0.000   0.000
    13.75    55.75    2101   0.600   0.333   0.000   0.000   0.000   0.000   0.000   0.000   0.000   0.000   0.000   0.000
    13.75    55.75    2102   0.000   0.129   0.000   0.000   0.000   0.000   0.000   0.000   0.000   0.000   0.000   0.456
    13.75    55.75    2103   0.766   0.863   0.897   0.544   0.000   0.000   0.000   0.000   0.000   0.000   0.000   0.000
    13.75    55.75    2104   0.000   0.000   0.000   0.000   0.000   0.000   0.000   0.000   0.000   0.000   0.000   0.000
    13.75    55.75    2105   0.115   0.527   0.039   0.000   0.000   0.000   0.000   0.000   0.000   0.000   0.000   0.000
    13.75    55.75    2106   0.000   0.000   0.000   0.000   0.000   0.000   0.000   0.000   0.000   0.000   0.000   0.000
    13.75    55.75    2107   0.000   0.000   0.000   0.000   0.000   0.000   0.000   0.000   0.000   0.000   0.000   0.000
    13.75    55.75    2108   0.000   0.000   0.000   0.000   0.000   0.000   0.000   0.000   0.000   0.000   0.000   0.000
    13.75    55.75    2109   0.705   0.396   0.000   0.000   0.000   0.000   0.000   0.000   0.000   0.000   0.000   0.000
    13.75    55.75    2110   0.000   0.000   0.000   0.000   0.000   0.000   0.000   0.000   0.000   0.000   0.000   0.000
    13.75    55.75    2111   0.000   0.000   0.000   0.000   0.000   0.000   0.000   0.000   0.000   0.000   0.000   0.546
    13.75    55.75    2112   0.312   0.000   0.000   0.000   0.000   0.000   0.000   0.000   0.000   0.000   0.000   0.000
    13.75    55.75    2113   0.676   0.848   0.647   0.000   0.000   0.000   0.000   0.000   0.000   0.000   0.000   0.000
    13.75    55.75    2114   0.677   0.849   0.834   0.022   0.000   0.000   0.000   0.000   0.000   0.000   0.000   0.004
    13.75    55.75    2115   0.676   0.838   0.817   0.000   0.000   0.000   0.000   0.000   0.000   0.000   0.000   0.000
    13.75    55.75    2116   0.547   0.743   0.000   0.000   0.000   0.000   0.000   0.000   0.000   0.000   0.000   0.559
    13.75    55.75    2117   0.769   0.103   0.000   0.000   0.000   0.000   0.000   0.000   0.000   0.000   0.000   0.416
    13.75    55.75    2118   0.824   0.892   0.758   0.000   0.000   0.000   0.000   0.000   0.000   0.000   0.000   0.044
    13.75    55.75    2119   0.776   0.834   0.230   0.000   0.000   0.000   0.000   0.000   0.000   0.000   0.000   0.574
    13.75    55.75    2120   0.744   0.001   0.000   0.000   0.000   0.000   0.000   0.000   0.000   0.000   0.000   0.000
    13.75    55.75    2121   0.693   0.884   0.766   0.000   0.000   0.000   0.000   0.000   0.000   0.000   0.000   0.655
    13.75    55.75    2122   0.508   0.399   0.000   0.000   0.000   0.000   0.000   0.000   0.000   0.000   0.000   0.000
    13.75    55.75    2123   0.000   0.000   0.000   0.000   0.000   0.000   0.000   0.000   0.000   0.000   0.000   0.000
    13.75    55.75    2124   0.628   0.566   0.000   0.000   0.000   0.000   0.000   0.000   0.000   0.000   0.000   0.120
    13.75    55.75    2125   0.020   0.000   0.000   0.000   0.000   0.000   0.000   0.000   0.000   0.000   0.000   0.000
    13.75    55.75    2126   0.000   0.000   0.000   0.000   0.000   0.000   0.000   0.000   0.000   0.000   0.000   0.312
    13.75    55.75    2127   0.000   0.000   0.000   0.000   0.000   0.000   0.000   0.000   0.000   0.000   0.000   0.000
    13.75    55.75    2128   0.000   0.000   0.000   0.000   0.000   0.000   0.000   0.000   0.000   0.000   0.000   0.000
    13.75    55.75    2129   0.000   0.000   0.000   0.000   0.000   0.000   0.000   0.000   0.000   0.000   0.000   0.355
    13.75    55.75    2130   0.000   0.000   0.000   0.000   0.000   0.000   0.000   0.000   0.000   0.000   0.000   0.000
    23.75    61.75    1980   0.864   0.912   0.933   0.938   0.688   0.000   0.000   0.000   0.000   0.000   0.000   0.564
    23.75    61.75    1981   0.820   0.890   0.818   0.000   0.000   0.000   0.000   0.000   0.000   0.025   0.672   0.861
    23.75    61.75    1982   0.913   0.933   0.948   0.948   0.820   0.000   0.000   0.000   0.000   0.000   0.193   0.772
    23.75    61.75    1983   0.890   0.915   0.935   0.899   0.000   0.000   0.000   0.000   0.000   0.056   0.688   0.848
    23.75    61.75    1984   0.911   0.935   0.945   0.951   0.826   0.000   0.000   0.000   0.000   0.000   0.155   0.702
    23.75    61.75    1985   0.842   0.903   0.917   0.921   0.580   0.000   0.000   0.000   0.000   0.057   0.765   0.870
    23.75    61.75    1986   0.903   0.918   0.929   0.937   0.726   0.000   0.000   0.000   0.000   0.000   0.702   0.903
    23.75    61.75    1987   0.930   0.940   0.946   0.941   0.429   0.000   0.000   0.000   0.000   0.000   0.713   0.898
    23.75    61.75    1988   0.925   0.946   0.941   0.762   0.000   0.000   0.000   0.000   0.000   0.000   0.017   0.727
    23.75    61.75    1989   0.861   0.893   0.913   0.926   0.628   0.000   0.000   0.000   0.000   0.000   0.638   0.811
    23.75    61.75    1990   0.869   0.900   0.921   0.932   0.653   0.000   0.000   0.000   0.000   0.000   0.437   0.823
    23.75    61.75    1991   0.896   0.924   0.937   0.910   0.074   0.000   0.000   0.000   0.000   0.000   0.366   0.795
    23.75    61.75    1992   0.891   0.914   0.921   0.866   0.000   0.000   0.000   0.000   0.000   0.171   0.766   0.894
    23.75    61.75    1993   0.923   0.940   0.947   0.898   0.000   0.000   0.000   0.000   0.000   0.025   0.553   0.791
    23.75    61.75    1994   0.866   0.895   0.903   0.853   0.000   0.000   0.000   0.000   0.000   0.000   0.201   0.742
    23.75    61.75    1995   0.872   0.905   0.922   0.930   0.587   0.000   0.000   0.000   0.000   0.000   0.056   0.847
    23.75    61.75    1996   0.916   0.929   0.945   0.947   0.624   0.000   0.000   0.000   0.000   0.000   0.567   0.876
    23.75    61.75    1997   0.914   0.927   0.938   0.923   0.238   0.000   0.000   0.000   0.000   0.000   0.000   0.641
    23.75    61.75    1998   0.581   0.706   0.824   0.835   0.000   0.000   0.000   0.000   0.000   0.000   0.045   0.804
    23.75    61.75    1999   0.896   0.921   0.921   0.477   0.000   0.000   0.000   0.000   0.000   0.000   0.000   0.726
    23.75    61.75    2000   0.883   0.908   0.924   0.811   0.000   0.000   0.000   0.000   0.000   0.000   0.000   0.567
    23.75    61.75    2001   0.855   0.888   0.909   0.854   0.000   0.000   0.000   0.000   0.000   0.511   0.849   0.911
    23.75    61.75    2002   0.933   0.942   0.937   0.925   0.773   0.000   0.000   0.000   0.000   0.000   0.000   0.589
    23.75    61.75    2003   0.834   0.899   0.914   0.923   0.721   0.000   0.000   0.000   0.000   0.000   0.584   0.814
    23.75    61.75    2004   0.890   0.923   0.934   0.895   0.000   0.000   0.000   0.000   0.000   0.000   0.000   0.653
    23.75    61.75    2005   0.865   0.911   0.900   0.341   0.000   0.000   0.000   0.000   0.000   0.000   0.710   0.838
    23.75    61.75    2006   0.890   0.922   0.932   0.766   0.000   0.000   0.000   0.000   0.000   0.000   0.503   0.807
    23.75    61.75    2007   0.890   0.920   0.932   0.941   0.592   0.000   0.000   0.000   0.000   0.000   0.000   0.317
    23.75    61.75    2008   0.840   0.906   0.860   0.000   0.000   0.000   0.000   0.000   0.000   0.000   0.000   0.720
    23.75    61.75    2009   0.857   0.896   0.922   0.871   0.000   0.000   0.000   0.000   0.000   0.000   0.501   0.851
    23.75    61.75    2010   0.866   0.104   0.000   0.000   0.000   0.000   0.000   0.000   0.000   0.000   0.238   0.753
    23.75    61.75    2011   0.887   0.919   0.925   0.602   0.000   0.000   0.000   0.000   0.000   0.064   0.065   0.829
    23.75    61.75    2012   0.909   0.901   0.410   0.000   0.000   0.000   0.000   0.000   0.000   0.000   0.000   0.622
    23.75    61.75    2013   0.852   0.896   0.923   0.890   0.000   0.000   0.000   0.000   0.000   0.000   0.000   0.175
    23.75    61.75    2014   0.729   0.836   0.870   0.721   0.000   0.000   0.000   0.000   0.000   0.000   0.222   0.851
    23.75    61.75    2015   0.901   0.914   0.920   0.848   0.000   0.000   0.000   0.000   0.000   0.000   0.198   0.748
    23.75    61.75    2016   0.885   0.912   0.924   0.785   0.000   0.000   0.000   0.000   0.000   0.000   0.066   0.745
    23.75    61.75    2017   0.891   0.914   0.911   0.385   0.000   0.000   0.000   0.000   0.000   0.001   0.513   0.742
    23.75    61.75    2018   0.815   0.856   0.889   0.846   0.000   0.000   0.000   0.000   0.000   0.000   0.463   0.824
    23.75    61.75    2019   0.875   0.831   0.468   0.000   0.000   0.000   0.000   0.000   0.000   0.000   0.095   0.631
    23.75    61.75    2020   0.805   0.890   0.908   0.696   0.000   0.000   0.000   0.000   0.000   0.000   0.279   0.793
    23.75    61.75    2021   0.897   0.919   0.836   0.000   0.000   0.000   0.000   0.000   0.000   0.000   0.000   0.633
    23.75    61.75    2022   0.840   0.903   0.916   0.714   0.000   0.000   0.000   0.000   0.000   0.000   0.518   0.840
    23.75    61.75    2023   0.885   0.908   0.917   0.627   0.000   0.000   0.000   0.000   0.000   0.000   0.000   0.757
    23.75    61.75    2024   0.871   0.905   0.824   0.000   0.000   0.000   0.000   0.000   0.000   0.000   0.169   0.824
    23.75    61.75    2025   0.889   0.910   0.928   0.938   0.830   0.000   0.000   0.000   0.000   0.000   0.284   0.755
    23.75    61.75    2026   0.886   0.922   0.932   0.930   0.473   0.000   0.000   0.000   0.000   0.000   0.000   0.679
    23.75    61.75    2027   0.882   0.908   0.919   0.821   0.000   0.000   0.000   0.000   0.000   0.000   0.319   0.834
    23.75    61.75    2028   0.905   0.900   0.717   0.000   0.000   0.000   0.000   0.000   0.000   0.000   0.450   0.866
    23.75    61.75    2029   0.920   0.937   0.948   0.950   0.618   0.000   0.000   0.000   0.000   0.000   0.000   0.757
    23.75    61.75    2030   0.882   0.911   0.917   0.919   0.399   0.000   0.000   0.000   0.000   0.000   0.378   0.755
    23.75    61.75    2031   0.874   0.901   0.915   0.893   0.002   0.000   0.000   0.000   0.000   0.000   0.007   0.692
    23.75    61.75    2032   0.830   0.846   0.872   0.866   0.000   0.000   0.000   0.000   0.000   0.000   0.564   0.585
    23.75    61.75    2033   0.608   0.017   0.000   0.000   0.000   0.000   0.000   0.000   0.000   0.000   0.000   0.531
    23.75    61.75    2034   0.848   0.866   0.818   0.568   0.000   0.000   0.000   0.000   0.000   0.000   0.000   0.155
    23.75    61.75    2035   0.063   0.446   0.588   0.000   0.000   0.000   0.000   0.000   0.000   0.000   0.000   0.526
    23.75    61.75    2036   0.737   0.845   0.880   0.742   0.000   0.000   0.000   0.000   0.000   0.000   0.576   0.812
    23.75    61.75    2037   0.841   0.365   0.000   0.000   0.000   0.000   0.000   0.000   0.000   0.000   0.580   0.849
    23.75    61.75    2038   0.898   0.922   0.931   0.931   0.428   0.000   0.000   0.000   0.000   0.000   0.000   0.548
    23.75    61.75    2039   0.813   0.878   0.901   0.804   0.000   0.000   0.000   0.000   0.000   0.000   0.000   0.443
    23.75    61.75    2040   0.647   0.593   0.810   0.705   0.000   0.000   0.000   0.000   0.000   0.000   0.184   0.752
    23.75    61.75    2041   0.856   0.890   0.907   0.881   0.000   0.000   0.000   0.000   0.000   0.000   0.000   0.046
    23.75    61.75    2042   0.288   0.587   0.678   0.000   0.000   0.000   0.000   0.000   0.000   0.000   0.226   0.801
    23.75    61.75    2043   0.880   0.901   0.925   0.879   0.000   0.000   0.000   0.000   0.000   0.000   0.008   0.753
    23.75    61.75    2044   0.888   0.915   0.925   0.865   0.000   0.000   0.000   0.000   0.000   0.000   0.238   0.797
    23.75    61.75    2045   0.891   0.916   0.924   0.797   0.000   0.000   0.000   0.000   0.000   0.000   0.132   0.740
    23.75    61.75    2046   0.846   0.890   0.896   0.115   0.000   0.000   0.000   0.000   0.000   0.000   0.405   0.826
    23.75    61.75    2047   0.903   0.868   0.654   0.026   0.000   0.000   0.000   0.000   0.000   0.000   0.078   0.818
    23.75    61.75    2048   0.618   0.504   0.796   0.195   0.000   0.000   0.000   0.000   0.000   0.000   0.000   0.304
    23.75    61.75    2049   0.616   0.808   0.853   0.246   0.000   0.000   0.000   0.000   0.000   0.000   0.020   0.526
    23.75    61.75    2050   0.795   0.844   0.555   0.007   0.000   0.000   0.000   0.000   0.000   0.160   0.000   0.188
    23.75    61.75    2051   0.820   0.887   0.899   0.270   0.000   0.000   0.000   0.000   0.000   0.000   0.130   0.763
    23.75    61.75    2052   0.859   0.882   0.900   0.731   0.000   0.000   0.000   0.000   0.000   0.000   0.000   0.265
    23.75    61.75    2053   0.662   0.809   0.878   0.525   0.000   0.000   0.000   0.000   0.000   0.000   0.017   0.596
    23.75    61.75    2054   0.780   0.852   0.880   0.651   0.000   0.000   0.000   0.000   0.000   0.000   0.000   0.297
    23.75    61.75    2055   0.804   0.863   0.889   0.548   0.000   0.000   0.000   0.000   0.000   0.000   0.000   0.829
    23.75    61.75    2056   0.706   0.531   0.712   0.018   0.000   0.000   0.000   0.000   0.000   0.000   0.002   0.597
    23.75    61.75    2057   0.816   0.873   0.898   0.863   0.000   0.000   0.000   0.000   0.000   0.000   0.099   0.710
    23.75    61.75    2058   0.853   0.900   0.873   0.090   0.000   0.000   0.000   0.000   0.000   0.000   0.000   0.810
    23.75    61.75    2059   0.577   0.000   0.000   0.000   0.000   0.000   0.000   0.000   0.000   0.000   0.000   0.565
    23.75    61.75    2060   0.816   0.894   0.628   0.000   0.000   0.000   0.000   0.000   0.000   0.000   0.000   0.675
    23.75    61.75    2061   0.863   0.898   0.921   0.796   0.000   0.000   0.000   0.000   0.000   0.000   0.000   0.295
    23.75    61.75    2062   0.783   0.858   0.886   0.817   0.000   0.000   0.000   0.000   0.000   0.000   0.000   0.370
    23.75    61.75    2063   0.491   0.641   0.676   0.000   0.000   0.000   0.000   0.000   0.000   0.000   0.000   0.633
    23.75    61.75    2064   0.867   0.908   0.919   0.825   0.000   0.000   0.000   0.000   0.000   0.000   0.000   0.702
    23.75    61.75    2065   0.876   0.909   0.892   0.122   0.000   0.000   0.000   0.000   0.000   0.000   0.000   0.553
    23.75    61.75    2066   0.854   0.886   0.900   0.889   0.000   0.000   0.000   0.000   0.000   0.000   0.000   0.622
    23.75    61.75    2067   0.858   0.790   0.000   0.000   0.000   0.000   0.000   0.000   0.000   0.000   0.405   0.836
    23.75    61.75    2068   0.898   0.920   0.927   0.853   0.000   0.000   0.000   0.000   0.000   0.000   0.164   0.759
    23.75    61.75    2069   0.888   0.909   0.912   0.434   0.000   0.000   0.000   0.000   0.000   0.000   0.338   0.853
    23.75    61.75    2070   0.898   0.897   0.822   0.000   0.000   0.000   0.000   0.000   0.000   0.000   0.096   0.739
    23.75    61.75    2071   0.872   0.900   0.919   0.833   0.000   0.000   0.000   0.000   0.000   0.000   0.000   0.706
    23.75    61.75    2072   0.842   0.901   0.798   0.000   0.000   0.000   0.000   0.000   0.000   0.000   0.531   0.829
    23.75    61.75    2073   0.885   0.910   0.922   0.882   0.000   0.000   0.000   0.000   0.000   0.000   0.000   0.708
    23.75    61.75    2074   0.869   0.894   0.897   0.674   0.000   0.000   0.000   0.000   0.000   0.073   0.148   0.799
    23.75    61.75    2075   0.868   0.901   0.893   0.342   0.000   0.000   0.000   0.000   0.000   0.000   0.618   0.880
    23.75    61.75    2076   0.907   0.931   0.900   0.019   0.000   0.000   0.000   0.000   0.000   0.000   0.112   0.813
    23.75    61.75    2077   0.887   0.699   0.000   0.000   0.000   0.000   0.000   0.000   0.000   0.000   0.002   0.555
    23.75    61.75    2078   0.852   0.898   0.917   0.925   0.341   0.000   0.000   0.000   0.000   0.000   0.000   0.600
    23.75    61.75    2079   0.811   0.852   0.887   0.756   0.000   0.000   0.000   0.000   0.000   0.000   0.471   0.828
    23.75    61.75    2080   0.904   0.921   0.915   0.327   0.000   0.000   0.000   0.000   0.000   0.000   0.414   0.746
    23.75    61.75    2081   0.832   0.850   0.890   0.755   0.000   0.000   0.000   0.000   0.000   0.000   0.008   0.655
    23.75    61.75    2082   0.856   0.893   0.906   0.771   0.000   0.000   0.000   0.000   0.000   0.000   0.067   0.671
    23.75    61.75    2083   0.796   0.827   0.859   0.901   0.557   0.000   0.000   0.000   0.000   0.000   0.464   0.413
    23.75    61.75    2084   0.608   0.763   0.825   0.774   0.000   0.000   0.000   0.000   0.000   0.000   0.000   0.227
    23.75    61.75    2085   0.759   0.826   0.864   0.737   0.000   0.000   0.000   0.000   0.000   0.000   0.000   0.781
    23.75    61.75    2086   0.897   0.916   0.833   0.000   0.000   0.000   0.000   0.000   0.000   0.000   0.368   0.853
    23.75    61.75    2087   0.907   0.928   0.927   0.740   0.000   0.000   0.000   0.000   0.000   0.000   0.000   0.569
    23.75    61.75    2088   0.792   0.850   0.861   0.042   0.000   0.000   0.000   0.000   0.000   0.000   0.556   0.844
    23.75    61.75    2089   0.886   0.913   0.933   0.904   0.000   0.000   0.000   0.000   0.000   0.000   0.243   0.801
    23.75    61.75    2090   0.890   0.737   0.000   0.000   0.000   0.000   0.000   0.000   0.000   0.000   0.000   0.635
    23.75    61.75    2091   0.858   0.884   0.900   0.615   0.000   0.000   0.000   0.000   0.000   0.000   0.557   0.856
    23.75    61.75    2092   0.906   0.935   0.945   0.916   0.000   0.000   0.000   0.000   0.000   0.000   0.000   0.079
    23.75    61.75    2093   0.778   0.859   0.905   0.897   0.035   0.000   0.000   0.000   0.000   0.000   0.000   0.569
    23.75    61.75    2094   0.845   0.884   0.830   0.240   0.000   0.000   0.000   0.000   0.000   0.000   0.485   0.789
    23.75    61.75    2095   0.899   0.910   0.718   0.000   0.000   0.000   0.000   0.000   0.000   0.000   0.434   0.831
    23.75    61.75    2096   0.908   0.927   0.941   0.863   0.000   0.000   0.000   0.000   0.000   0.000   0.353   0.807
    23.75    61.75    2097   0.885   0.913   0.855   0.000   0.000   0.000   0.000   0.000   0.000   0.091   0.457   0.827
    23.75    61.75    2098   0.911   0.931   0.940   0.933   0.189   0.000   0.000   0.000   0.000   0.000   0.000   0.011
    23.75    61.75    2099   0.057   0.561   0.602   0.000   0.000   0.000   0.000   0.000   0.000   0.000   0.644   0.832
    23.75    61.75    2100   0.881   0.916   0.926   0.898   0.000   0.000   0.000   0.000   0.000   0.000   0.175   0.762
    23.75    61.75    2101   0.858   0.895   0.916   0.811   0.000   0.000   0.000   0.000   0.000   0.000   0.011   0.726
    23.75    61.75    2102   0.850   0.905   0.796   0.000   0.000   0.000   0.000   0.000   0.000   0.000   0.449   0.797
    23.75    61.75    2103   0.888   0.909   0.921   0.873   0.000   0.000   0.000   0.000   0.000   0.000   0.000   0.620
    23.75    61.75    2104   0.826   0.820   0.796   0.252   0.000   0.000   0.000   0.000   0.000   0.000   0.044   0.761
    23.75    61.75    2105   0.856   0.895   0.890   0.249   0.000   0.000   0.000   0.000   0.000   0.000   0.672   0.862
    23.75    61.75    2106   0.907   0.932   0.891   0.000   0.000   0.000   0.000   0.000   0.000   0.000   0.098   0.774
    23.75    61.75    2107   0.868   0.566   0.000   0.000   0.000   0.000   0.000   0.000   0.000   0.000   0.004   0.610
    23.75    61.75    2108   0.836   0.894   0.914   0.926   0.325   0.000   0.000   0.000   0.000   0.000   0.000   0.618
    23.75    61.75    2109   0.828   0.870   0.893   0.768   0.000   0.000   0.000   0.000   0.000   0.000   0.364   0.809
    23.75    61.75    2110   0.897   0.916   0.900   0.092   0.000   0.000   0.000   0.000   0.000   0.000   0.437   0.745
    23.75    61.75    2111   0.854   0.886   0.912   0.795   0.000   0.000   0.000   0.000   0.000   0.000   0.023   0.636
    23.75    61.75    2112   0.836   0.900   0.924   0.837   0.000   0.000   0.000   0.000   0.000   0.000   0.012   0.574
    23.75    61.75    2113   0.773   0.822   0.863   0.898   0.529   0.000   0.000   0.000   0.000   0.000   0.407   0.506
    23.75    61.75    2114   0.730   0.808   0.862   0.809   0.000   0.000   0.000   0.000   0.000   0.000   0.000   0.242
    23.75    61.75    2115   0.732   0.810   0.858   0.671   0.000   0.000   0.000   0.000   0.000   0.000   0.000   0.457
    23.75    61.75    2116   0.825   0.885   0.737   0.000   0.000   0.000   0.000   0.000   0.000   0.000   0.460   0.836
    23.75    61.75    2117   0.909   0.929   0.929   0.734   0.000   0.000   0.000   0.000   0.000   0.000   0.010   0.662
    23.75    61.75    2118   0.810   0.873   0.857   0.014   0.000   0.000   0.000   0.000   0.000   0.000   0.579   0.814
    23.75    61.75    2119   0.892   0.911   0.928   0.895   0.000   0.000   0.000   0.000   0.000   0.000   0.096   0.717
    23.75    61.75    2120   0.878   0.703   0.000   0.000   0.000   0.000   0.000   0.000   0.000   0.000   0.000   0.584
    23.75    61.75    2121   0.864   0.884   0.885   0.483   0.000   0.000   0.000   0.000   0.000   0.000   0.556   0.849
    23.75    61.75    2122   0.914   0.935   0.944   0.914   0.000   0.000   0.000   0.000   0.000   0.000   0.000   0.000
    23.75    61.75    2123   0.649   0.830   0.885   0.879   0.000   0.000   0.000   0.000   0.000   0.000   0.000   0.663
    23.75    61.75    2124   0.859   0.894   0.847   0.350   0.000   0.000   0.000   0.000   0.000   0.000   0.402   0.769
    23.75    61.75    2125   0.883   0.908   0.701   0.000   0.000   0.000   0.000   0.000   0.000   0.000   0.396   0.845
    23.75    61.75    2126   0.900   0.926   0.939   0.854   0.000   0.000   0.000   0.000   0.000   0.000   0.004   0.576
    23.75    61.75    2127   0.818   0.894   0.803   0.000   0.000   0.000   0.000   0.000   0.000   0.512   0.777   0.896
    23.75    61.75    2128   0.933   0.945   0.948   0.947   0.437   0.000   0.000   0.000   0.000   0.000   0.000   0.003
    23.75    61.75    2129   0.103   0.584   0.687   0.000   0.000   0.000   0.000   0.000   0.000   0.000   0.597   0.806
    23.75    61.75    2130   0.893   0.910   0.922   0.893   0.000   0.000   0.000   0.000   0.000   0.000   0.069   0.737
    21.75    39.75    1980   0.000   0.000   0.000   0.000   0.000   0.000   0.000   0.000   0.000   0.000   0.000   0.000
    21.75    39.75    1981   0.000   0.002   0.000   0.000   0.000   0.000   0.000   0.000   0.000   0.000   0.000   0.000
    21.75    39.75    1982   0.000   0.000   0.000   0.000   0.000   0.000   0.000   0.000   0.000   0.000   0.000   0.000
    21.75    39.75    1983   0.000   0.000   0.000   0.000   0.000   0.000   0.000   0.000   0.000   0.000   0.000   0.000
    21.75    39.75    1984   0.000   0.000   0.000   0.000   0.000   0.000   0.000   0.000   0.000   0.000   0.000   0.000
    21.75    39.75    1985   0.000   0.000   0.000   0.000   0.000   0.000   0.000   0.000   0.000   0.000   0.000   0.000
    21.75    39.75    1986   0.000   0.000   0.000   0.000   0.000   0.000   0.000   0.000   0.000   0.000   0.000   0.000
    21.75    39.75    1987   0.715   0.251   0.000   0.000   0.000   0.000   0.000   0.000   0.000   0.000   0.000   0.000
    21.75    39.75    1988   0.000   0.000   0.000   0.000   0.000   0.000   0.000   0.000   0.000   0.000   0.000   0.000
    21.75    39.75    1989   0.000   0.000   0.000   0.000   0.000   0.000   0.000   0.000   0.000   0.000   0.000   0.703
    21.75    39.75    1990   0.128   0.000   0.000   0.000   0.000   0.000   0.000   0.000   0.000   0.000   0.000   0.000
    21.75    39.75    1991   0.166   0.000   0.000   0.000   0.000   0.000   0.000   0.000   0.000   0.000   0.000   0.000
    21.75    39.75    1992   0.000   0.000   0.000   0.000   0.000   0.000   0.000   0.000   0.000   0.000   0.000   0.000
    21.75    39.75    1993   0.000   0.000   0.000   0.000   0.000   0.000   0.000   0.000   0.000   0.000   0.000   0.000
    21.75    39.75    1994   0.000   0.000   0.000   0.000   0.000   0.000   0.000   0.000   0.000   0.000   0.000   0.000
    21.75    39.75    1995   0.075   0.000   0.000   0.000   0.000   0.000   0.000   0.000   0.000   0.000   0.000   0.000
    21.75    39.75    1996   0.000   0.000   0.000   0.000   0.000   0.000   0.000   0.000   0.000   0.000   0.000   0.000
    21.75    39.75    1997   0.000   0.072   0.000   0.000   0.000   0.000   0.000   0.000   0.000   0.000   0.000   0.000
    21.75    39.75    1998   0.000   0.000   0.000   0.000   0.000   0.000   0.000   0.000   0.000   0.000   0.000   0.000
    21.75    39.75    1999   0.000   0.000   0.000   0.000   0.000   0.000   0.000   0.000   0.000   0.000   0.000   0.000
    21.75    39.75    2000   0.000   0.000   0.000   0.000   0.000   0.000   0.000   0.000   0.000   0.000   0.000   0.000
    21.75    39.75    2001   0.000   0.000   0.000   0.000   0.000   0.000   0.000   0.000   0.000   0.000   0.000   0.000
    21.75    39.75    2002   0.000   0.000   0.000   0.000   0.000   0.000   0.000   0.000   0.000   0.000   0.000   0.000
    21.75    39.75    2003   0.000   0.000   0.000   0.000   0.000   0.000   0.000   0.000   0.000   0.000   0.000   0.000
    21.75    39.75    2004   0.000   0.000   0.000   0.000   0.000   0.000   0.000   0.000   0.000   0.000   0.000   0.000
    21.75    39.75    2005   0.076   0.000   0.000   0.000   0.000   0.000   0.000   0.000   0.000   0.000   0.000   0.000
    21.75    39.75    2006   0.000   0.000   0.000   0.000   0.000   0.000   0.000   0.000   0.000   0.000   0.000   0.000
    21.75    39.75    2007   0.706   0.127   0.000   0.000   0.000   0.000   0.000   0.000   0.000   0.000   0.000   0.000
    21.75    39.75    2008   0.000   0.000   0.000   0.000   0.000   0.000   0.000   0.000   0.000   0.000   0.000   0.000
    21.75    39.75    2009   0.000   0.000   0.000   0.000   0.000   0.000   0.000   0.000   0.000   0.000   0.000   0.000
    21.75    39.75    2010   0.000   0.000   0.000   0.000   0.000   0.000   0.000   0.000   0.000   0.000   0.000   0.000
    21.75    39.75    2011   0.000   0.000   0.000   0.000   0.000   0.000   0.000   0.000   0.000   0.000   0.000   0.000
    21.75    39.75    2012   0.000   0.000   0.000   0.000   0.000   0.000   0.000   0.000   0.000   0.000   0.000   0.000
    21.75    39.75    2013   0.000   0.000   0.000   0.000   0.000   0.000   0.000   0.000   0.000   0.000   0.000   0.000
    21.75    39.75    2014   0.000   0.000   0.000   0.000   0.000   0.000   0.000   0.000   0.000   0.000   0.000   0.000
    21.75    39.75    2015   0.000   0.000   0.000   0.000   0.000   0.000   0.000   0.000   0.000   0.000   0.000   0.000
    21.75    39.75    2016   0.000   0.000   0.000   0.000   0.000   0.000   0.000   0.000   0.000   0.000   0.000   0.000
    21.75    39.75    2017   0.000   0.000   0.000   0.000   0.000   0.000   0.000   0.000   0.000   0.000   0.000   0.000
    21.75    39.75    2018   0.000   0.000   0.000   0.000   0.000   0.000   0.000   0.000   0.000   0.000   0.000   0.000
    21.75    39.75    2019   0.083   0.000   0.000   0.000   0.000   0.000   0.000   0.000   0.000   0.000   0.000   0.000
    21.75    39.75    2020   0.000   0.000   0.000   0.000   0.000   0.000   0.000   0.000   0.000   0.000   0.000   0.000
    21.75    39.75    2021   0.000   0.000   0.000   0.000   0.000   0.000   0.000   0.000   0.000   0.000   0.000   0.000
    21.75    39.75    2022   0.000   0.000   0.000   0.000   0.000   0.000   0.000   0.000   0.000   0.000   0.000   0.000
    21.75    39.75    2023   0.000   0.000   0.000   0.000   0.000   0.000   0.000   0.000   0.000   0.000   0.000   0.000
    21.75    39.75    2024   0.000   0.000   0.000   0.000   0.000   0.000   0.000   0.000   0.000   0.000   0.000   0.000
    21.75    39.75    2025   0.000   0.000   0.000   0.000   0.000   0.000   0.000   0.000   0.000   0.000   0.000   0.000
    21.75    39.75    2026   0.000   0.000   0.000   0.000   0.000   0.000   0.000   0.000   0.000   0.000   0.000   0.000
    21.75    39.75    2027   0.000   0.000   0.000   0.000   0.000   0.000   0.000   0.000   0.000   0.000   0.000   0.000
    21.75    39.75    2028   0.000   0.000   0.000   0.000   0.000   0.000   0.000   0.000   0.000   0.000   0.000   0.000
    21.75    39.75    2029   0.000   0.000   0.000   0.000   0.000   0.000   0.000   0.000   0.000   0.000   0.000   0.000
    21.75    39.75    2030   0.000   0.000   0.000   0.000   0.000   0.000   0.000   0.000   0.000   0.000   0.000   0.000
    21.75    39.75    2031   0.000   0.000   0.000   0.000   0.000   0.000   0.000   0.000   0.000   0.000   0.000   0.000
    21.75    39.75    2032   0.000   0.000   0.000   0.000   0.000   0.000   0.000   0.000   0.000   0.000   0.000   0.000
    21.75    39.75    2033   0.000   0.000   0.000   0.000   0.000   0.000   0.000   0.000   0.000   0.000   0.000   0.000
    21.75    39.75    2034   0.107   0.000   0.000   0.000   0.000   0.000   0.000   0.000   0.000   0.000   0.000   0.000
    21.75    39.75    2035   0.000   0.000   0.000   0.000   0.000   0.000   0.000   0.000   0.000   0.000   0.000   0.000
    21.75    39.75    2036   0.000   0.000   0.000   0.000   0.000   0.000   0.000   0.000   0.000   0.000   0.000   0.000
    21.75    39.75    2037   0.000   0.000   0.000   0.000   0.000   0.000   0.000   0.000   0.000   0.000   0.000   0.000
    21.75    39.75    2038   0.000   0.000   0.000   0.000   0.000   0.000   0.000   0.000   0.000   0.000   0.000   0.000
    21.75    39.75    2039   0.000   0.000   0.000   0.000   0.000   0.000   0.000   0.000   0.000   0.000   0.000   0.000
    21.75    39.75    2040   0.000   0.000   0.000   0.000   0.000   0.000   0.000   0.000   0.000   0.000   0.000   0.000
    21.75    39.75    2041   0.000   0.000   0.000   0.000   0.000   0.000   0.000   0.000   0.000   0.000   0.000   0.000
    21.75    39.75    2042   0.531   0.000   0.000   0.000   0.000   0.000   0.000   0.000   0.000   0.000   0.000   0.000
    21.75    39.75    2043   0.000   0.000   0.000   0.000   0.000   0.000   0.000   0.000   0.000   0.000   0.000   0.000
    21.75    39.75    2044   0.000   0.000   0.000   0.000   0.000   0.000   0.000   0.000   0.000   0.000   0.000   0.000
    21.75    39.75    2045   0.000   0.000   0.000   0.000   0.000   0.000   0.000   0.000   0.000   0.000   0.000   0.000
    21.75    39.75    2046   0.000   0.000   0.000   0.000   0.000   0.000   0.000   0.000   0.000   0.000   0.000   0.000
    21.75    39.75    2047   0.000   0.000   0.000   0.000   0.000   0.000   0.000   0.000   0.000   0.000   0.000   0.000
    21.75    39.75    2048   0.000   0.000   0.000   0.000   0.000   0.000   0.000   0.000   0.000   0.000   0.000   0.000
    21.75    39.75    2049   0.000   0.000   0.000   0.000   0.000   0.000   0.000   0.000   0.000   0.000   0.000   0.000
    21.75    39.75    2050   0.000   0.000   0.000   0.000   0.000   0.000   0.000   0.000   0.000   0.000   0.000   0.000
    21.75    39.75    2051   0.000   0.000   0.000   0.000   0.000   0.000   0.000   0.000   0.000   0.000   0.000   0.000
    21.75    39.75    2052   0.000   0.000   0.000   0.000   0.000   0.000   0.000   0.000   0.000   0.000   0.000   0.000
    21.75    39.75    2053   0.000   0.000   0.000   0.000   0.000   0.000   0.000   0.000   0.000   0.000   0.000   0.000
    21.75    39.75    2054   0.000   0.000   0.000   0.000   0.000   0.000   0.000   0.000   0.000   0.000   0.000   0.000
    21.75    39.75    2055   0.000   0.000   0.000   0.000   0.000   0.000   0.000   0.000   0.000   0.000   0.000   0.000
    21.75    39.75    2056   0.000   0.000   0.000   0.000   0.000   0.000   0.000   0.000   0.000   0.000   0.000   0.000
    21.75    39.75    2057   0.000   0.000   0.000   0.000   0.000   0.000   0.000   0.000   0.000   0.000   0.000   0.000
    21.75    39.75    2058   0.000   0.000   0.000   0.000   0.000   0.000   0.000   0.000   0.000   0.000   0.000   0.000
    21.75    39.75    2059   0.000   0.000   0.000   0.000   0.000   0.000   0.000   0.000   0.000   0.000   0.000   0.000
    21.75    39.75    2060   0.000   0.000   0.000   0.000   0.000   0.000   0.000   0.000   0.000   0.000   0.000   0.000
    21.75    39.75    2061   0.000   0.000   0.000   0.000   0.000   0.000   0.000   0.000   0.000   0.000   0.000   0.000
    21.75    39.75    2062   0.000   0.000   0.000   0.000   0.000   0.000   0.000   0.000   0.000   0.000   0.000   0.000
    21.75    39.75    2063   0.000   0.000   0.000   0.000   0.000   0.000   0.000   0.000   0.000   0.000   0.000   0.000
    21.75    39.75    2064   0.000   0.000   0.000   0.000   0.000   0.000   0.000   0.000   0.000   0.000   0.000   0.000
    21.75    39.75    2065   0.000   0.000   0.000   0.000   0.000   0.000   0.000   0.000   0.000   0.000   0.000   0.000
    21.75    39.75    2066   0.000   0.000   0.000   0.000   0.000   0.000   0.000   0.000   0.000   0.000   0.000   0.000
    21.75    39.75    2067   0.000   0.000   0.000   0.000   0.000   0.000   0.000   0.000   0.000   0.000   0.000   0.000
    21.75    39.75    2068   0.000   0.000   0.000   0.000   0.000   0.000   0.000   0.000   0.000   0.000   0.000   0.000
    21.75    39.75    2069   0.000   0.000   0.000   0.000   0.000   0.000   0.000   0.000   0.000   0.000   0.000   0.000
    21.75    39.75    2070   0.000   0.000   0.000   0.000   0.000   0.000   0.000   0.000   0.000   0.000   0.000   0.000
    21.75    39.75    2071   0.000   0.000   0.000   0.000   0.000   0.000   0.000   0.000   0.000   0.000   0.000   0.000
    21.75    39.75    2072   0.000   0.000   0.000   0.000   0.000   0.000   0.000   0.000   0.000   0.000   0.000   0.000
    21.75    39.75    2073   0.849   0.833   0.000   0.000   0.000   0.000   0.000   0.000   0.000   0.000   0.000   0.000
    21.75    39.75    2074   0.046   0.000   0.000   0.000   0.000   0.000   0.000   0.000   0.000   0.000   0.000   0.000
    21.75    39.75    2075   0.000   0.000   0.000   0.000   0.000   0.000   0.000   0.000   0.000   0.000   0.000   0.000
    21.75    39.75    2076   0.000   0.000   0.000   0.000   0.000   0.000   0.000   0.000   0.000   0.000   0.000   0.000
    21.75    39.75    2077   0.000   0.000   0.000   0.000   0.000   0.000   0.000   0.000   0.000   0.000   0.000   0.000
    21.75    39.75    2078   0.000   0.000   0.000   0.000   0.000   0.000   0.000   0.000   0.000   0.000   0.000   0.000
    21.75    39.75    2079   0.000   0.000   0.000   0.000   0.000   0.000   0.000   0.000   0.000   0.000   0.000   0.000
    21.75    39.75    2080   0.000   0.000   0.000   0.000   0.000   0.000   0.000   0.000   0.000   0.000   0.000   0.000
    21.75    39.75    2081   0.000   0.000   0.000   0.000   0.000   0.000   0.000   0.000   0.000   0.000   0.000   0.000
    21.75    39.75    2082   0.000   0.000   0.000   0.000   0.000   0.000   0.000   0.000   0.000   0.000   0.000   0.000
    21.75    39.75    2083   0.000   0.000   0.000   0.000   0.000   0.000   0.000   0.000   0.000   0.000   0.000   0.000
    21.75    39.75    2084   0.000   0.000   0.000   0.000   0.000   0.000   0.000   0.000   0.000   0.000   0.000   0.000
    21.75    39.75    2085   0.000   0.000   0.000   0.000   0.000   0.000   0.000   0.000   0.000   0.000   0.000   0.000
    21.75    39.75    2086   0.000   0.000   0.000   0.000   0.000   0.000   0.000   0.000   0.000   0.000   0.000   0.000
    21.75    39.75    2087   0.000   0.000   0.000   0.000   0.000   0.000   0.000   0.000   0.000   0.000   0.000   0.000
    21.75    39.75    2088   0.097   0.000   0.000   0.000   0.000   0.000   0.000   0.000   0.000   0.000   0.000   0.000
    21.75    39.75    2089   0.000   0.000   0.000   0.000   0.000   0.000   0.000   0.000   0.000   0.000   0.000   0.000
    21.75    39.75    2090   0.000   0.000   0.000   0.000   0.000   0.000   0.000   0.000   0.000   0.000   0.000   0.000
    21.75    39.75    2091   0.000   0.000   0.000   0.000   0.000   0.000   0.000   0.000   0.000   0.000   0.000   0.000
    21.75    39.75    2092   0.000   0.000   0.000   0.000   0.000   0.000   0.000   0.000   0.000   0.000   0.000   0.000
    21.75    39.75    2093   0.000   0.000   0.000   0.000   0.000   0.000   0.000   0.000   0.000   0.000   0.000   0.000
    21.75    39.75    2094   0.000   0.000   0.000   0.000   0.000   0.000   0.000   0.000   0.000   0.000   0.000   0.000
    21.75    39.75    2095   0.000   0.000   0.000   0.000   0.000   0.000   0.000   0.000   0.000   0.000   0.000   0.000
    21.75    39.75    2096   0.000   0.000   0.000   0.000   0.000   0.000   0.000   0.000   0.000   0.000   0.000   0.000
    21.75    39.75    2097   0.000   0.000   0.000   0.000   0.000   0.000   0.000   0.000   0.000   0.000   0.000   0.000
    21.75    39.75    2098   0.000   0.000   0.000   0.000   0.000   0.000   0.000   0.000   0.000   0.000   0.000   0.000
    21.75    39.75    2099   0.000   0.000   0.000   0.000   0.000   0.000   0.000   0.000   0.000   0.000   0.000   0.374
    21.75    39.75    2100   0.000   0.000   0.000   0.000   0.000   0.000   0.000   0.000   0.000   0.000   0.000   0.000
    21.75    39.75    2101   0.000   0.000   0.000   0.000   0.000   0.000   0.000   0.000   0.000   0.000   0.000   0.000
    21.75    39.75    2102   0.000   0.000   0.000   0.000   0.000   0.000   0.000   0.000   0.000   0.000   0.000   0.000
    21.75    39.75    2103   0.809   0.760   0.000   0.000   0.000   0.000   0.000   0.000   0.000   0.000   0.000   0.000
    21.75    39.75    2104   0.008   0.000   0.000   0.000   0.000   0.000   0.000   0.000   0.000   0.000   0.000   0.000
    21.75    39.75    2105   0.000   0.000   0.000   0.000   0.000   0.000   0.000   0.000   0.000   0.000   0.000   0.000
    21.75    39.75    2106   0.000   0.000   0.000   0.000   0.000   0.000   0.000   0.000   0.000   0.000   0.000   0.000
    21.75    39.75    2107   0.000   0.000   0.000   0.000   0.000   0.000   0.000   0.000   0.000   0.000   0.000   0.000
    21.75    39.75    2108   0.000   0.000   0.000   0.000   0.000   0.000   0.000   0.000   0.000   0.000   0.000   0.000
    21.75    39.75    2109   0.000   0.000   0.000   0.000   0.000   0.000   0.000   0.000   0.000   0.000   0.000   0.000
    21.75    39.75    2110   0.000   0.000   0.000   0.000   0.000   0.000   0.000   0.000   0.000   0.000   0.000   0.000
    21.75    39.75    2111   0.000   0.000   0.000   0.000   0.000   0.000   0.000   0.000   0.000   0.000   0.000   0.000
    21.75    39.75    2112   0.000   0.000   0.000   0.000   0.000   0.000   0.000   0.000   0.000   0.000   0.000   0.000
    21.75    39.75    2113   0.000   0.000   0.000   0.000   0.000   0.000   0.000   0.000   0.000   0.000   0.000   0.000
    21.75    39.75    2114   0.000   0.000   0.000   0.000   0.000   0.000   0.000   0.000   0.000   0.000   0.000   0.000
    21.75    39.75    2115   0.000   0.000   0.000   0.000   0.000   0.000   0.000   0.000   0.000   0.000   0.000   0.000
    21.75    39.75    2116   0.000   0.000   0.000   0.000   0.000   0.000   0.000   0.000   0.000   0.000   0.000   0.000
    21.75    39.75    2117   0.000   0.000   0.000   0.000   0.000   0.000   0.000   0.000   0.000   0.000   0.000   0.000
    21.75    39.75    2118   0.000   0.000   0.000   0.000   0.000   0.000   0.000   0.000   0.000   0.000   0.000   0.000
    21.75    39.75    2119   0.000   0.000   0.000   0.000   0.000   0.000   0.000   0.000   0.000   0.000   0.000   0.000
    21.75    39.75    2120   0.000   0.000   0.000   0.000   0.000   0.000   0.000   0.000   0.000   0.000   0.000   0.000
    21.75    39.75    2121   0.000   0.000   0.000   0.000   0.000   0.000   0.000   0.000   0.000   0.000   0.000   0.000
    21.75    39.75    2122   0.000   0.000   0.000   0.000   0.000   0.000   0.000   0.000   0.000   0.000   0.000   0.000
    21.75    39.75    2123   0.011   0.000   0.000   0.000   0.000   0.000   0.000   0.000   0.000   0.000   0.000   0.000
    21.75    39.75    2124   0.000   0.000   0.000   0.000   0.000   0.000   0.000   0.000   0.000   0.000   0.000   0.000
    21.75    39.75    2125   0.000   0.000   0.000   0.000   0.000   0.000   0.000   0.000   0.000   0.000   0.000   0.000
    21.75    39.75    2126   0.000   0.000   0.000   0.000   0.000   0.000   0.000   0.000   0.000   0.000   0.000   0.000
    21.75    39.75    2127   0.000   0.000   0.000   0.000   0.000   0.000   0.000   0.000   0.000   0.000   0.000   0.000
    21.75    39.75    2128   0.000   0.000   0.000   0.000   0.000   0.000   0.000   0.000   0.000   0.000   0.000   0.000
    21.75    39.75    2129   0.000   0.000   0.000   0.000   0.000   0.000   0.000   0.000   0.000   0.000   0.000   0.012
    21.75    39.75    2130   0.000   0.000   0.000   0.000   0.000   0.000   0.000   0.000   0.000   0.000   0.000   0.000
