      Lon      Lat    Year      CH LAI_Sum LAI_Win      z0  z0_Win
     9.75    49.75    1980    8.14    3.94    1.48    0.46    0.83
     9.75    49.75    1981    8.10    3.91    1.45    0.46    0.83
     9.75    49.75    1982    8.16    3.92    1.48    0.46    0.83
     9.75    49.75    1983    8.31    4.03    1.50    0.47    0.85
     9.75    49.75    1984    8.27    4.00    1.53    0.47    0.83
     9.75    49.75    1985    8.29    4.01    1.53    0.47    0.84
     9.75    49.75    1986    8.14    3.88    1.45    0.47    0.83
     9.75    49.75    1987    8.34    4.00    1.49    0.47    0.85
     9.75    49.75    1988    8.05    3.81    1.41    0.47    0.82
     9.75    49.75    1989    8.34    3.97    1.46    0.48    0.85
     9.75    49.75    1990    8.38    3.98    1.47    0.48    0.86
     9.75    49.75    1991    8.53    4.10    1.49    0.48    0.87
     9.75    49.75    1992    8.54    4.11    1.51    0.48    0.87
     9.75    49.75    1993    8.68    4.15    1.51    0.49    0.89
     9.75    49.75    1994    8.63    4.09    1.47    0.49    0.88
     9.75    49.75    1995    8.90    4.22    1.54    0.50    0.91
     9.75    49.75    1996    8.80    4.13    1.51    0.50    0.90
     9.75    49.75    1997    9.06    4.29    1.56    0.50    0.93
     9.75    49.75    1998    8.98    4.25    1.52    0.50    0.92
     9.75    49.75    1999    8.92    4.16    1.49    0.51    0.92
     9.75    49.75    2000    9.34    4.42    1.57    0.52    0.96
     9.75    49.75    2001    9.27    4.35    1.54    0.51    0.95
     9.75    49.75    2002    9.25    4.28    1.49    0.52    0.96
     9.75    49.75    2003    9.46    4.39    1.56    0.52    0.97
     9.75    49.75    2004    9.47    4.38    1.58    0.52    0.96
     9.75    49.75    2005    9.53    4.41    1.56    0.53    0.98
     9.75    49.75    2006    9.55    4.38    1.56    0.53    0.98
     9.75    49.75    2007    9.40    4.22    1.51    0.53    0.96
     9.75    49.75    2008    9.81    4.46    1.56    0.54    1.02
     9.75    49.75    2009    9.59    4.31    1.51    0.54    0.99
     9.75    49.75    2010    9.74    4.37    1.52    0.54    1.01
     9.75    49.75    2011    9.47    4.26    1.52    0.52    0.97
     9.75    49.75    2012    9.24    4.19    1.48    0.51    0.95
     9.75    49.75    2013    9.04    4.06    1.47    0.51    0.92
     9.75    49.75    2014    9.27    4.21    1.53    0.51    0.96
     9.75    49.75    2015    9.08    4.14    1.54    0.50    0.93
     9.75    49.75    2016    8.73    3.94    1.48    0.49    0.90
     9.75    49.75    2017    8.90    4.08    1.56    0.49    0.92
     9.75    49.75    2018    8.56    3.85    1.51    0.49    0.88
     9.75    49.75    2019    8.67    3.95    1.55    0.49    0.90
     9.75    49.75    2020    8.87    4.11    1.66    0.49    0.91
     9.75    49.75    2021    8.50    3.83    1.61    0.49    0.86
     9.75    49.75    2022    8.69    3.99    1.74    0.49    0.88
     9.75    49.75    2023    8.77    4.05    1.80    0.49    0.89
     9.75    49.75    2024    8.91    4.18    1.92    0.49    0.90
     9.75    49.75    2025    8.70    4.04    1.91    0.49    0.87
     9.75    49.75    2026    8.30    3.66    1.76    0.49    0.83
     9.75    49.75    2027    8.45    3.72    1.82    0.50    0.85
     9.75    49.75    2028    8.81    3.93    1.94    0.51    0.88
     9.75    49.75    2029    8.93    4.06    2.06    0.51    0.88
     9.75    49.75    2030    9.02    4.12    2.11    0.51    0.88
     9.75    49.75    2031    8.89    4.11    2.09    0.50    0.87
     9.75    49.75    2032    9.20    4.30    2.23    0.51    0.90
     9.75    49.75    2033    9.12    4.31    2.26    0.50    0.89
     9.75    49.75    2034    8.40    3.63    1.97    0.50    0.82
     9.75    49.75    2035    8.80    3.94    2.15    0.50    0.85
     9.75    49.75    2036    8.83    4.00    2.19    0.50    0.85
     9.75    49.75    2037    8.43    3.79    2.10    0.49    0.81
     9.75    49.75    2038    8.23    3.66    2.04    0.48    0.80
     9.75    49.75    2039    8.70    4.00    2.28    0.49    0.83
     9.75    49.75    2040    8.65    4.02    2.32    0.49    0.82
     9.75    49.75    2041    8.31    3.86    2.28    0.47    0.78
     9.75    49.75    2042    8.26    3.83    2.29    0.47    0.77
     9.75    49.75    2043    8.40    3.92    2.37    0.48    0.78
     9.75    49.75    2044    8.51    4.02    2.44    0.48    0.79
     9.75    49.75    2045    8.30    3.89    2.38    0.48    0.77
     9.75    49.75    2046    8.58    4.09    2.54    0.48    0.79
     9.75    49.75    2047    8.02    3.73    2.33    0.47    0.74
     9.75    49.75    2048    7.80    3.61    2.29    0.46    0.72
     9.75    49.75    2049    7.96    3.64    2.33    0.47    0.74
     9.75    49.75    2050    7.87    3.57    2.36    0.47    0.71
     9.75    49.75    2051    7.85    3.56    2.38    0.47    0.71
     9.75    49.75    2052    8.09    3.72    2.50    0.48    0.72
     9.75    49.75    2053    7.84    3.63    2.49    0.46    0.69
     9.75    49.75    2054    7.89    3.68    2.56    0.46    0.69
     9.75    49.75    2055    7.45    3.35    2.36    0.46    0.66
     9.75    49.75    2056    7.79    3.54    2.53    0.47    0.68
     9.75    49.75    2057    7.53    3.32    2.38    0.47    0.66
     9.75    49.75    2058    7.69    3.45    2.52    0.47    0.66
     9.75    49.75    2059    7.78    3.52    2.58    0.47    0.67
     9.75    49.75    2060    7.31    3.23    2.39    0.46    0.63
     9.75    49.75    2061    7.43    3.48    2.68    0.45    0.61
     9.75    49.75    2062    7.63    3.65    2.84    0.45    0.61
     9.75    49.75    2063    7.42    3.69    2.95    0.43    0.58
     9.75    49.75    2064    7.18    3.52    2.83    0.43    0.56
     9.75    49.75    2065    7.02    3.53    2.95    0.42    0.52
     9.75    49.75    2066    7.08    3.58    3.02    0.42    0.52
     9.75    49.75    2067    6.52    3.24    2.79    0.40    0.49
     9.75    49.75    2068    6.88    3.49    3.03    0.41    0.50
     9.75    49.75    2069    6.86    3.47    3.02    0.42    0.50
     9.75    49.75    2070    6.70    3.32    2.93    0.42    0.49
     9.75    49.75    2071    6.77    3.37    3.01    0.42    0.49
     9.75    49.75    2072    7.01    3.49    3.13    0.43    0.50
     9.75    49.75    2073    7.20    3.61    3.24    0.44    0.51
     9.75    49.75    2074    6.94    3.46    3.13    0.43    0.49
     9.75    49.75    2075    7.20    3.66    3.36    0.43    0.49
     9.75    49.75    2076    7.29    3.75    3.45    0.44    0.49
     9.75    49.75    2077    7.42    3.87    3.58    0.44    0.49
     9.75    49.75    2078    7.02    3.60    3.34    0.43    0.47
     9.75    49.75    2079    7.13    3.61    3.38    0.43    0.48
     9.75    49.75    2080    7.19    3.59    3.36    0.44    0.48
     9.75    49.75    2081    7.24    3.58    3.37    0.44    0.48
     9.75    49.75    2082    7.10    3.43    3.23    0.44    0.48
     9.75    49.75    2083    7.37    3.58    3.39    0.45    0.49
     9.75    49.75    2084    7.22    3.53    3.38    0.45    0.47
     9.75    49.75    2085    7.26    3.56    3.43    0.45    0.47
     9.75    49.75    2086    7.01    3.45    3.33    0.44    0.46
     9.75    49.75    2087    7.17    3.54    3.43    0.44    0.46
     9.75    49.75    2088    7.07    3.42    3.32    0.44    0.46
     9.75    49.75    2089    7.11    3.43    3.34    0.44    0.46
     9.75    49.75    2090    6.99    3.27    3.19    0.45    0.46
     9.75    49.75    2091    7.01    3.21    3.13    0.45    0.47
     9.75    49.75    2092    7.13    3.26    3.19    0.46    0.47
     9.75    49.75    2093    6.96    3.13    3.08    0.46    0.47
     9.75    49.75    2094    7.25    3.30    3.26    0.47    0.47
     9.75    49.75    2095    7.08    3.18    3.16    0.46    0.47
     9.75    49.75    2096    7.39    3.40    3.38    0.47    0.47
     9.75    49.75    2097    6.89    3.09    3.07    0.46    0.46
     9.75    49.75    2098    7.08    3.18    3.17    0.46    0.46
     9.75    49.75    2099    7.16    3.21    3.21    0.47    0.47
     9.75    49.75    2100    6.97    3.12    3.12    0.45    0.45
     9.75    49.75    2101    6.68    2.93    2.93    0.45    0.45
     9.75    49.75    2102    6.57    2.86    2.86    0.44    0.44
     9.75    49.75    2103    6.78    2.95    2.95    0.45    0.45
     9.75    49.75    2104    6.56    2.79    2.79    0.45    0.45
     9.75    49.75    2105    6.84    2.95    2.95    0.46    0.46
     9.75    49.75    2106    6.91    3.02    3.02    0.46    0.46
     9.75    49.75    2107    6.76    3.00    3.00    0.45    0.45
     9.75    49.75    2108    5.89    2.65    2.65    0.40    0.40
     9.75    49.75    2109    5.63    2.56    2.56    0.38    0.38
     9.75    49.75    2110    5.65    2.55    2.55    0.39    0.39
     9.75    49.75    2111    5.68    2.56    2.56    0.40    0.40
     9.75    49.75    2112    5.54    2.46    2.46    0.39    0.39
     9.75    49.75    2113    5.63    2.52    2.52    0.40    0.40
     9.75    49.75    2114    5.66    2.56    2.56    0.40    0.40
     9.75    49.75    2115    5.70    2.58    2.58    0.40    0.40
     9.75    49.75    2116    5.62    2.57    2.57    0.40    0.40
     9.75    49.75    2117    5.71    2.64    2.64    0.40    0.40
     9.75    49.75    2118    5.53    2.54    2.54    0.39    0.39
     9.75    49.75    2119    5.41    2.48    2.48    0.39    0.39
     9.75    49.75    2120    5.34    2.38    2.38    0.39    0.39
     9.75    49.75    2121    5.22    2.31    2.31    0.39    0.39
     9.75    49.75    2122    5.26    2.32    2.32    0.39    0.39
     9.75    49.75    2123    5.16    2.23    2.23    0.39    0.39
     9.75    49.75    2124    5.39    2.37    2.37    0.40    0.40
     9.75    49.75    2125    5.19    2.28    2.28    0.39    0.39
     9.75    49.75    2126    5.44    2.44    2.44    0.39    0.39
     9.75    49.75    2127    4.84    2.13    2.13    0.37    0.37
     9.75    49.75    2128    4.67    2.13    2.13    0.35    0.35
     9.75    49.75    2129    4.67    2.14    2.14    0.35    0.35
     9.75    49.75    2130    4.64    2.13    2.13    0.35    0.35
    13.75    55.75    1980    6.23    3.22    1.19    0.39    0.65
    13.75    55.75    1981    6.23    3.18    1.16    0.39    0.65
    13.75    55.75    1982    6.18    3.11    1.13    0.40    0.65
    13.75    55.75    1983    6.37    3.22    1.14    0.40    0.67
    13.75    55.75    1984    6.59    3.35    1.24    0.41    0.69
    13.75    55.75    1985    6.61    3.37    1.26    0.41    0.69
    13.75    55.75    1986    6.51    3.26    1.22    0.41    0.68
    13.75    55.75    1987    6.60    3.29    1.21    0.41    0.69
    13.75    55.75    1988    6.74    3.37    1.23    0.42    0.71
    13.75    55.75    1989    6.60    3.26    1.18    0.41    0.69
    13.75    55.75    1990    6.79    3.36    1.24    0.42    0.71
    13.75    55.75    1991    6.74    3.31    1.21    0.42    0.71
    13.75    55.75    1992    6.83    3.34    1.23    0.43    0.72
    13.75    55.75    1993    7.09    3.51    1.31    0.43    0.74
    13.75    55.75    1994    7.14    3.55    1.34    0.43    0.74
    13.75    55.75    1995    7.01    3.42    1.28    0.43    0.73
    13.75    55.75    1996    7.18    3.52    1.31    0.44    0.75
    13.75    55.75    1997    7.26    3.55    1.31    0.44    0.76
    13.75    55.75    1998    7.27    3.53    1.31    0.44    0.76
    13.75    55.75    1999    7.36    3.57    1.31    0.44    0.77
    13.75    55.75    2000    7.22    3.42    1.23    0.45    0.76
    13.75    55.75    2001    7.55    3.62    1.32    0.45    0.79
    13.75    55.75    2002    7.35    3.48    1.30    0.45    0.76
    13.75    55.75    2003    7.50    3.55    1.33    0.46    0.78
    13.75    55.75    2004    7.74    3.71    1.40    0.46    0.81
    13.75    55.75    2005    7.54    3.53    1.31    0.46    0.79
    13.75    55.75    2006    7.48    3.44    1.28    0.46    0.79
    13.75    55.75    2007    7.98    3.79    1.41    0.47    0.84
    13.75    55.75    2008    7.91    3.78    1.41    0.47    0.82
    13.75    55.75    2009    7.76    3.64    1.36    0.47    0.81
    13.75    55.75    2010    8.09    3.82    1.44    0.48    0.84
    13.75    55.75    2011    8.04    3.72    1.41    0.48    0.84
    13.75    55.75    2012    8.11    3.72    1.39    0.49    0.85
    13.75    55.75    2013    8.15    3.65    1.38    0.49    0.85
    13.75    55.75    2014    8.42    3.81    1.44    0.50    0.88
    13.75    55.75    2015    8.54    3.85    1.53    0.51    0.88
    13.75    55.75    2016    8.92    4.09    1.61    0.52    0.92
    13.75    55.75    2017    8.71    3.96    1.61    0.51    0.89
    13.75    55.75    2018    8.44    3.68    1.46    0.51    0.87
    13.75    55.75    2019    8.63    3.72    1.46    0.52    0.90
    13.75    55.75    2020    8.76    3.75    1.49    0.53    0.91
    13.75    55.75    2021    8.50    3.51    1.40    0.53    0.89
    13.75    55.75    2022    8.80    3.66    1.46    0.53    0.92
    13.75    55.75    2023    8.48    3.37    1.34    0.54    0.89
    13.75    55.75    2024    8.42    3.26    1.28    0.54    0.89
    13.75    55.75    2025    8.82    3.47    1.42    0.55    0.92
    13.75    55.75    2026    8.95    3.55    1.45    0.55    0.94
    13.75    55.75    2027    9.21    3.75    1.56    0.56    0.95
    13.75    55.75    2028    8.95    3.57    1.48    0.55    0.92
    13.75    55.75    2029    9.08    3.60    1.50    0.56    0.94
    13.75    55.75    2030    8.92    3.44    1.42    0.56    0.93
    13.75    55.75    2031    9.39    3.72    1.55    0.57    0.98
    13.75    55.75    2032    9.17    3.66    1.55    0.56    0.94
    13.75    55.75    2033    8.77    3.42    1.45    0.55    0.90
    13.75    55.75    2034    9.11    3.64    1.55    0.55    0.94
    13.75    55.75    2035    9.00    3.59    1.54    0.55    0.92
    13.75    55.75    2036    9.04    3.65    1.61    0.54    0.92
    13.75    55.75    2037    9.06    3.71    1.65    0.54    0.92
    13.75    55.75    2038    8.77    3.53    1.59    0.53    0.89
    13.75    55.75    2039    8.75    3.57    1.62    0.52    0.89
    13.75    55.75    2040    8.80    3.61    1.65    0.53    0.89
    13.75    55.75    2041    8.34    3.24    1.52    0.53    0.85
    13.75    55.75    2042    8.47    3.29    1.55    0.53    0.86
    13.75    55.75    2043    8.41    3.22    1.53    0.53    0.86
    13.75    55.75    2044    8.38    3.18    1.54    0.54    0.86
    13.75    55.75    2045    8.76    3.43    1.69    0.54    0.89
    13.75    55.75    2046    8.66    3.44    1.73    0.54    0.87
    13.75    55.75    2047    8.48    3.39    1.71    0.53    0.85
    13.75    55.75    2048    8.27    3.32    1.73    0.52    0.82
    13.75    55.75    2049    8.30    3.36    1.82    0.51    0.81
    13.75    55.75    2050    8.48    3.50    1.92    0.52    0.82
    13.75    55.75    2051    8.54    3.54    1.97    0.52    0.82
    13.75    55.75    2052    8.04    3.29    1.82    0.50    0.78
    13.75    55.75    2053    8.30    3.45    1.95    0.51    0.80
    13.75    55.75    2054    8.10    3.31    1.87    0.51    0.78
    13.75    55.75    2055    8.13    3.36    1.94    0.50    0.78
    13.75    55.75    2056    8.05    3.35    1.97    0.50    0.77
    13.75    55.75    2057    8.02    3.36    2.00    0.50    0.76
    13.75    55.75    2058    7.65    3.16    1.93    0.48    0.72
    13.75    55.75    2059    7.71    3.22    2.01    0.48    0.72
    13.75    55.75    2060    7.81    3.29    2.08    0.49    0.73
    13.75    55.75    2061    7.96    3.45    2.25    0.49    0.72
    13.75    55.75    2062    7.59    3.35    2.23    0.47    0.68
    13.75    55.75    2063    7.42    3.34    2.27    0.45    0.66
    13.75    55.75    2064    7.38    3.33    2.29    0.45    0.65
    13.75    55.75    2065    7.15    3.07    2.12    0.46    0.65
    13.75    55.75    2066    7.56    3.37    2.37    0.47    0.67
    13.75    55.75    2067    7.56    3.39    2.42    0.47    0.66
    13.75    55.75    2068    7.64    3.48    2.50    0.47    0.66
    13.75    55.75    2069    6.98    3.05    2.21    0.45    0.61
    13.75    55.75    2070    6.74    2.88    2.11    0.44    0.60
    13.75    55.75    2071    6.93    3.04    2.27    0.45    0.60
    13.75    55.75    2072    7.01    3.07    2.31    0.46    0.61
    13.75    55.75    2073    6.77    2.94    2.23    0.45    0.59
    13.75    55.75    2074    6.92    3.10    2.41    0.45    0.58
    13.75    55.75    2075    6.93    3.19    2.53    0.44    0.57
    13.75    55.75    2076    6.51    2.95    2.37    0.43    0.54
    13.75    55.75    2077    6.48    2.96    2.42    0.42    0.53
    13.75    55.75    2078    6.57    3.00    2.47    0.43    0.54
    13.75    55.75    2079    6.56    2.99    2.50    0.43    0.53
    13.75    55.75    2080    6.45    2.93    2.47    0.43    0.52
    13.75    55.75    2081    6.46    2.96    2.52    0.43    0.52
    13.75    55.75    2082    6.61    3.08    2.64    0.43    0.52
    13.75    55.75    2083    6.38    2.97    2.58    0.42    0.50
    13.75    55.75    2084    6.46    3.09    2.73    0.42    0.49
    13.75    55.75    2085    6.34    3.02    2.68    0.42    0.48
    13.75    55.75    2086    6.18    2.96    2.67    0.41    0.46
    13.75    55.75    2087    6.44    3.11    2.84    0.42    0.47
    13.75    55.75    2088    6.06    2.86    2.62    0.41    0.46
    13.75    55.75    2089    6.01    2.97    2.77    0.39    0.43
    13.75    55.75    2090    6.14    3.06    2.87    0.40    0.44
    13.75    55.75    2091    5.97    3.01    2.85    0.39    0.42
    13.75    55.75    2092    5.50    2.59    2.46    0.39    0.41
    13.75    55.75    2093    5.16    2.47    2.40    0.36    0.38
    13.75    55.75    2094    5.66    2.80    2.72    0.38    0.40
    13.75    55.75    2095    5.20    2.37    2.30    0.38    0.39
    13.75    55.75    2096    5.56    2.64    2.59    0.39    0.40
    13.75    55.75    2097    5.60    2.68    2.64    0.39    0.40
    13.75    55.75    2098    5.76    2.80    2.77    0.40    0.41
    13.75    55.75    2099    5.26    2.51    2.49    0.38    0.38
    13.75    55.75    2100    5.43    2.60    2.60    0.39    0.39
    13.75    55.75    2101    5.61    2.72    2.72    0.39    0.39
    13.75    55.75    2102    5.43    2.66    2.66    0.38    0.38
    13.75    55.75    2103    5.31    2.51    2.51    0.39    0.39
    13.75    55.75    2104    5.64    2.70    2.70    0.40    0.40
    13.75    55.75    2105    5.86    2.85    2.85    0.40    0.40
    13.75    55.75    2106    5.41    2.60    2.60    0.39    0.39
    13.75    55.75    2107    5.51    2.62    2.62    0.39    0.39
    13.75    55.75    2108    5.51    2.58    2.58    0.40    0.40
    13.75    55.75    2109    5.52    2.56    2.56    0.40    0.40
    13.75    55.75    2110    5.42    2.48    2.48    0.40    0.40
    13.75    55.75    2111    5.40    2.50    2.50    0.40    0.40
    13.75    55.75    2112    5.45    2.59    2.59    0.39    0.39
    13.75    55.75    2113    5.32    2.50    2.50    0.39    0.39
    13.75    55.75    2114    5.45    2.60    2.60    0.39    0.39
    13.75    55.75    2115    5.28    2.48    2.48    0.39    0.39
    13.75    55.75    2116    5.31    2.46    2.46    0.39    0.39
    13.75    55.75    2117    5.60    2.63    2.63    0.40    0.40
    13.75    55.75    2118    5.18    2.36    2.36    0.39    0.39
    13.75    55.75    2119    5.55    2.58    2.58    0.40    0.40
    13.75    55.75    2120    5.63    2.62    2.62    0.41    0.41
    13.75    55.75    2121    5.56    2.58    2.58    0.40    0.40
    13.75    55.75    2122    5.06    2.20    2.20    0.39    0.39
    13.75    55.75    2123    5.07    2.16    2.16    0.40    0.40
    13.75    55.75    2124    5.45    2.39    2.39    0.41    0.41
    13.75    55.75    2125    4.95    1.97    1.97    0.41    0.41
    13.75    55.75    2126    5.25    2.16    2.16    0.41    0.41
    13.75    55.75    2127    5.16    2.13    2.13    0.41    0.41
    13.75    55.75    2128    5.32    2.22    2.22    0.41    0.41
    13.75    55.75    2129    5.03    2.01    2.01    0.41    0.41
    13.75    55.75    2130    5.12    2.05    2.05    0.41    0.41
    23.75    61.75    1980    6.11    2.62    2.41    0.43    0.46
    23.75    61.75    1981    6.20    2.65    2.45    0.43    0.46
    23.75    61.75    1982    6.18    2.60    2.40    0.44    0.46
    23.75    61.75    1983    6.36    2.67    2.46    0.44    0.47
    23.75    61.75    1984    6.24    2.60    2.39    0.44    0.47
    23.75    61.75    1985    6.30    2.60    2.39    0.44    0.47
    23.75    61.75    1986    6.30    2.57    2.36    0.45    0.48
    23.75    61.75    1987    6.44    2.62    2.40    0.45    0.48
    23.75    61.75    1988    6.55    2.68    2.45    0.46    0.49
    23.75    61.75    1989    6.61    2.67    2.44    0.46    0.49
    23.75    61.75    1990    6.59    2.64    2.40    0.46    0.50
    23.75    61.75    1991    6.63    2.65    2.42    0.47    0.50
    23.75    61.75    1992    6.77    2.70    2.46    0.47    0.51
    23.75    61.75    1993    6.86    2.70    2.46    0.48    0.51
    23.75    61.75    1994    6.88    2.69    2.47    0.48    0.51
    23.75    61.75    1995    6.94    2.71    2.47    0.49    0.52
    23.75    61.75    1996    6.85    2.63    2.40    0.49    0.52
    23.75    61.75    1997    6.82    2.58    2.35    0.49    0.52
    23.75    61.75    1998    6.95    2.63    2.40    0.49    0.53
    23.75    61.75    1999    7.17    2.74    2.51    0.50    0.54
    23.75    61.75    2000    7.16    2.70    2.48    0.50    0.54
    23.75    61.75    2001    7.14    2.65    2.43    0.51    0.54
    23.75    61.75    2002    7.29    2.70    2.48    0.51    0.55
    23.75    61.75    2003    7.21    2.63    2.42    0.51    0.55
    23.75    61.75    2004    7.36    2.69    2.46    0.52    0.56
    23.75    61.75    2005    7.45    2.72    2.50    0.52    0.56
    23.75    61.75    2006    7.43    2.70    2.48    0.52    0.56
    23.75    61.75    2007    7.52    2.73    2.50    0.53    0.57
    23.75    61.75    2008    7.64    2.78    2.56    0.53    0.57
    23.75    61.75    2009    7.60    2.73    2.51    0.53    0.57
    23.75    61.75    2010    7.70    2.75    2.54    0.54    0.58
    23.75    61.75    2011    7.14    2.64    2.42    0.50    0.54
    23.75    61.75    2012    7.07    2.64    2.43    0.49    0.53
    23.75    61.75    2013    7.18    2.68    2.46    0.50    0.54
    23.75    61.75    2014    7.21    2.71    2.50    0.50    0.54
    23.75    61.75    2015    6.96    2.63    2.42    0.49    0.53
    23.75    61.75    2016    7.14    2.76    2.55    0.49    0.53
    23.75    61.75    2017    6.97    2.68    2.48    0.49    0.52
    23.75    61.75    2018    7.05    2.79    2.59    0.48    0.52
    23.75    61.75    2019    7.12    2.81    2.61    0.49    0.53
    23.75    61.75    2020    7.00    2.79    2.59    0.48    0.52
    23.75    61.75    2021    7.12    2.83    2.64    0.48    0.52
    23.75    61.75    2022    7.01    2.72    2.52    0.48    0.52
    23.75    61.75    2023    6.99    2.72    2.53    0.48    0.52
    23.75    61.75    2024    6.96    2.70    2.52    0.48    0.52
    23.75    61.75    2025    6.92    2.71    2.52    0.48    0.52
    23.75    61.75    2026    6.81    2.69    2.50    0.47    0.51
    23.75    61.75    2027    6.90    2.74    2.56    0.47    0.51
    23.75    61.75    2028    7.02    2.77    2.59    0.48    0.52
    23.75    61.75    2029    7.16    2.82    2.65    0.49    0.53
    23.75    61.75    2030    7.14    2.79    2.61    0.49    0.53
    23.75    61.75    2031    7.30    2.86    2.68    0.49    0.53
    23.75    61.75    2032    7.13    2.83    2.65    0.49    0.52
    23.75    61.75    2033    7.09    2.79    2.63    0.49    0.52
    23.75    61.75    2034    7.03    2.79    2.62    0.48    0.52
    23.75    61.75    2035    7.22    2.87    2.70    0.49    0.53
    23.75    61.75    2036    7.09    2.81    2.65    0.48    0.52
    23.75    61.75    2037    7.28    2.92    2.76    0.49    0.52
    23.75    61.75    2038    7.28    2.87    2.72    0.50    0.53
    23.75    61.75    2039    7.27    2.90    2.76    0.49    0.52
    23.75    61.75    2040    7.35    2.93    2.79    0.50    0.53
    23.75    61.75    2041    7.35    2.95    2.81    0.50    0.52
    23.75    61.75    2042    7.31    2.90    2.76    0.50    0.52
    23.75    61.75    2043    7.34    2.95    2.81    0.49    0.52
    23.75    61.75    2044    6.74    2.72    2.59    0.46    0.49
    23.75    61.75    2045    7.02    2.83    2.70    0.48    0.50
    23.75    61.75    2046    7.13    2.87    2.74    0.48    0.51
    23.75    61.75    2047    7.22    2.93    2.80    0.49    0.51
    23.75    61.75    2048    6.99    2.86    2.74    0.47    0.50
    23.75    61.75    2049    7.07    2.86    2.75    0.48    0.50
    23.75    61.75    2050    7.20    2.90    2.79    0.49    0.51
    23.75    61.75    2051    7.23    2.90    2.79    0.49    0.51
    23.75    61.75    2052    6.98    2.85    2.76    0.47    0.49
    23.75    61.75    2053    6.96    2.87    2.78    0.47    0.49
    23.75    61.75    2054    7.11    2.92    2.83    0.48    0.50
    23.75    61.75    2055    6.80    2.74    2.66    0.47    0.48
    23.75    61.75    2056    6.81    2.77    2.69    0.47    0.49
    23.75    61.75    2057    6.94    2.86    2.78    0.47    0.49
    23.75    61.75    2058    6.88    2.85    2.78    0.47    0.48
    23.75    61.75    2059    6.98    2.85    2.79    0.48    0.49
    23.75    61.75    2060    7.12    2.91    2.85    0.48    0.50
    23.75    61.75    2061    7.19    2.95    2.89    0.49    0.50
    23.75    61.75    2062    7.09    2.90    2.85    0.48    0.49
    23.75    61.75    2063    7.15    2.91    2.86    0.48    0.50
    23.75    61.75    2064    7.07    2.87    2.82    0.48    0.49
    23.75    61.75    2065    7.15    2.91    2.86    0.49    0.50
    23.75    61.75    2066    7.04    2.86    2.83    0.48    0.49
    23.75    61.75    2067    6.95    2.83    2.80    0.47    0.48
    23.75    61.75    2068    6.57    2.72    2.70    0.45    0.46
    23.75    61.75    2069    6.61    2.76    2.74    0.45    0.46
    23.75    61.75    2070    6.63    2.81    2.78    0.45    0.45
    23.75    61.75    2071    6.64    2.84    2.81    0.45    0.46
    23.75    61.75    2072    6.55    2.80    2.77    0.45    0.45
    23.75    61.75    2073    6.72    2.89    2.87    0.46    0.46
    23.75    61.75    2074    6.89    2.96    2.94    0.46    0.47
    23.75    61.75    2075    6.99    3.02    3.00    0.47    0.47
    23.75    61.75    2076    6.79    2.92    2.91    0.46    0.46
    23.75    61.75    2077    6.71    2.89    2.88    0.45    0.46
    23.75    61.75    2078    6.86    2.96    2.95    0.46    0.46
    23.75    61.75    2079    6.65    2.87    2.86    0.45    0.45
    23.75    61.75    2080    6.57    2.82    2.81    0.45    0.45
    23.75    61.75    2081    6.53    2.82    2.81    0.44    0.45
    23.75    61.75    2082    6.50    2.83    2.83    0.44    0.44
    23.75    61.75    2083    6.64    2.85    2.85    0.45    0.45
    23.75    61.75    2084    6.82    2.92    2.92    0.46    0.46
    23.75    61.75    2085    6.80    2.89    2.89    0.46    0.46
    23.75    61.75    2086    6.77    2.84    2.84    0.47    0.47
    23.75    61.75    2087    6.69    2.83    2.83    0.46    0.46
    23.75    61.75    2088    6.67    2.78    2.78    0.46    0.46
    23.75    61.75    2089    6.57    2.74    2.74    0.46    0.46
    23.75    61.75    2090    6.45    2.73    2.73    0.45    0.45
    23.75    61.75    2091    6.50    2.76    2.76    0.45    0.45
    23.75    61.75    2092    6.53    2.75    2.75    0.45    0.45
    23.75    61.75    2093    6.52    2.74    2.74    0.45    0.45
    23.75    61.75    2094    6.48    2.69    2.69    0.46    0.46
    23.75    61.75    2095    6.66    2.79    2.79    0.46    0.46
    23.75    61.75    2096    6.85    2.89    2.89    0.47    0.47
    23.75    61.75    2097    6.80    2.91    2.91    0.46    0.46
    23.75    61.75    2098    6.73    2.91    2.91    0.46    0.46
    23.75    61.75    2099    6.67    2.87    2.87    0.46    0.46
    23.75    61.75    2100    6.48    2.85    2.85    0.44    0.44
    23.75    61.75    2101    6.21    2.74    2.74    0.43    0.43
    23.75    61.75    2102    6.31    2.76    2.76    0.44    0.44
    23.75    61.75    2103    6.49    2.85    2.85    0.44    0.44
    23.75    61.75    2104    6.61    2.91    2.91    0.45    0.45
    23.75    61.75    2105    6.74    2.98    2.98    0.45    0.45
    23.75    61.75    2106    6.62    2.90    2.90    0.45    0.45
    23.75    61.75    2107    6.48    2.86    2.86    0.44    0.44
    23.75    61.75    2108    6.63    2.92    2.92    0.45    0.45
    23.75    61.75    2109    6.58    2.91    2.91    0.45    0.45
    23.75    61.75    2110    6.42    2.85    2.85    0.44    0.44
    23.75    61.75    2111    6.47    2.84    2.84    0.44    0.44
    23.75    61.75    2112    6.52    2.86    2.86    0.45    0.45
    23.75    61.75    2113    6.64    2.89    2.89    0.45    0.45
    23.75    61.75    2114    6.72    2.92    2.92    0.46    0.46
    23.75    61.75    2115    6.71    2.88    2.88    0.46    0.46
    23.75    61.75    2116    6.69    2.84    2.84    0.46    0.46
    23.75    61.75    2117    6.70    2.84    2.84    0.46    0.46
    23.75    61.75    2118    6.65    2.78    2.78    0.46    0.46
    23.75    61.75    2119    6.52    2.74    2.74    0.45    0.45
    23.75    61.75    2120    6.52    2.76    2.76    0.45    0.45
    23.75    61.75    2121    6.47    2.76    2.76    0.45    0.45
    23.75    61.75    2122    6.50    2.77    2.77    0.45    0.45
    23.75    61.75    2123    6.61    2.82    2.82    0.46    0.46
    23.75    61.75    2124    6.48    2.74    2.74    0.45    0.45
    23.75    61.75    2125    6.54    2.78    2.78    0.45    0.45
    23.75    61.75    2126    6.65    2.86    2.86    0.45    0.45
    23.75    61.75    2127    6.81    2.94    2.94    0.46    0.46
    23.75    61.75    2128    6.80    2.93    2.93    0.46    0.46
    23.75    61.75    2129    6.51    2.80    2.80    0.45    0.45
    23.75    61.75    2130    6.52    2.81    2.81    0.45    0.45
    21.75    39.75    1980    3.47    1.61    0.90    0.31    0.34
    21.75    39.75    1981    0.84    0.41    0.36    0.09    0.08
    21.75    39.75    1982    0.95    0.45    0.39    0.10    0.09
    21.75    39.75    1983    1.29    0.64    0.56    0.12    0.11
    21.75    39.75    1984    1.41    0.71    0.60    0.13    0.12
    21.75    39.75    1985    1.38    0.70    0.56    0.13    0.12
    21.75    39.75    1986    1.79    0.98    0.73    0.16    0.14
    21.75    39.75    1987    2.05    1.21    0.84    0.17    0.15
    21.75    39.75    1988    2.07    1.24    0.79    0.18    0.15
    21.75    39.75    1989    2.08    1.25    0.74    0.19    0.16
    21.75    39.75    1990    2.16    1.31    0.71    0.20    0.17
    21.75    39.75    1991    1.82    1.04    0.54    0.19    0.15
    21.75    39.75    1992    2.12    1.25    0.59    0.21    0.18
    21.75    39.75    1993    2.35    1.39    0.64    0.22    0.20
    21.75    39.75    1994    2.58    1.52    0.71    0.23    0.22
    21.75    39.75    1995    2.87    1.71    0.77    0.24    0.24
    21.75    39.75    1996    2.92    1.72    0.77    0.25    0.25
    21.75    39.75    1997    3.08    1.80    0.81    0.26    0.27
    21.75    39.75    1998    3.03    1.73    0.78    0.26    0.27
    21.75    39.75    1999    2.57    1.32    0.63    0.25    0.24
    21.75    39.75    2000    2.70    1.40    0.64    0.25    0.25
    21.75    39.75    2001    2.57    1.29    0.64    0.25    0.24
    21.75    39.75    2002    2.29    1.11    0.58    0.23    0.21
    21.75    39.75    2003    2.82    1.43    0.69    0.26    0.26
    21.75    39.75    2004    2.51    1.23    0.62    0.25    0.24
    21.75    39.75    2005    2.54    1.25    0.62    0.25    0.24
    21.75    39.75    2006    3.09    1.58    0.76    0.27    0.29
    21.75    39.75    2007    2.53    1.17    0.66    0.25    0.24
    21.75    39.75    2008    3.02    1.45    0.72    0.28    0.30
    21.75    39.75    2009    2.53    1.13    0.67    0.26    0.25
    21.75    39.75    2010    0.96    0.47    0.42    0.11    0.10
    21.75    39.75    2011    1.25    0.57    0.50    0.14    0.13
    21.75    39.75    2012    1.33    0.66    0.54    0.15    0.14
    21.75    39.75    2013    1.75    0.91    0.69    0.18    0.17
    21.75    39.75    2014    1.88    1.00    0.75    0.19    0.19
    21.75    39.75    2015    2.20    1.24    0.87    0.21    0.22
    21.75    39.75    2016    2.40    1.39    0.98    0.23    0.23
    21.75    39.75    2017    2.55    1.48    1.04    0.24    0.25
    21.75    39.75    2018    1.10    0.74    0.69    0.12    0.11
    21.75    39.75    2019    1.20    0.78    0.72    0.13    0.12
    21.75    39.75    2020    1.43    0.92    0.83    0.15    0.14
    21.75    39.75    2021    1.88    1.22    1.08    0.18    0.17
    21.75    39.75    2022    2.07    1.32    1.16    0.19    0.18
    21.75    39.75    2023    2.21    1.42    1.22    0.20    0.19
    21.75    39.75    2024    2.67    1.75    1.46    0.23    0.22
    21.75    39.75    2025    2.55    1.50    1.22    0.23    0.22
    21.75    39.75    2026    2.88    1.69    1.33    0.25    0.24
    21.75    39.75    2027    2.88    1.66    1.29    0.26    0.25
    21.75    39.75    2028    3.29    1.91    1.46    0.28    0.27
    21.75    39.75    2029    1.65    0.77    0.67    0.18    0.17
    21.75    39.75    2030    2.13    1.03    0.88    0.21    0.20
    21.75    39.75    2031    1.74    0.73    0.65    0.20    0.19
    21.75    39.75    2032    2.16    0.93    0.80    0.23    0.22
    21.75    39.75    2033    2.73    1.23    1.05    0.26    0.25
    21.75    39.75    2034    2.43    1.04    0.90    0.25    0.24
    21.75    39.75    2035    2.43    1.06    0.90    0.25    0.24
    21.75    39.75    2036    2.29    1.00    0.85    0.25    0.23
    21.75    39.75    2037    0.88    0.44    0.41    0.11    0.10
    21.75    39.75    2038    0.57    0.30    0.29    0.07    0.07
    21.75    39.75    2039    0.69    0.38    0.36    0.08    0.08
    21.75    39.75    2040    0.91    0.49    0.47    0.11    0.11
    21.75    39.75    2041    1.12    0.60    0.57    0.13    0.13
    21.75    39.75    2042    1.30    0.69    0.65    0.14    0.14
    21.75    39.75    2043    1.46    0.78    0.73    0.16    0.15
    21.75    39.75    2044    1.74    0.94    0.88    0.17    0.17
    21.75    39.75    2045    1.69    0.91    0.84    0.17    0.17
    21.75    39.75    2046    1.71    0.91    0.84    0.17    0.17
    21.75    39.75    2047    1.79    0.97    0.89    0.18    0.17
    21.75    39.75    2048    1.75    0.95    0.87    0.18    0.17
    21.75    39.75    2049    1.50    0.79    0.71    0.16    0.16
    21.75    39.75    2050    1.12    0.56    0.51    0.14    0.13
    21.75    39.75    2051    1.34    0.66    0.59    0.15    0.15
    21.75    39.75    2052    1.65    0.82    0.73    0.17    0.17
    21.75    39.75    2053    1.59    0.76    0.68    0.17    0.17
    21.75    39.75    2054    1.63    0.77    0.69    0.18    0.17
    21.75    39.75    2055    1.46    0.64    0.57    0.17    0.16
    21.75    39.75    2056    1.51    0.68    0.60    0.17    0.17
    21.75    39.75    2057    1.63    0.75    0.65    0.18    0.18
    21.75    39.75    2058    1.76    0.81    0.70    0.19    0.19
    21.75    39.75    2059    0.68    0.31    0.28    0.08    0.08
    21.75    39.75    2060    0.99    0.44    0.36    0.11    0.11
    21.75    39.75    2061    1.11    0.45    0.38    0.13    0.13
    21.75    39.75    2062    1.49    0.59    0.50    0.16    0.16
    21.75    39.75    2063    1.80    0.72    0.62    0.18    0.18
    21.75    39.75    2064    2.16    0.89    0.76    0.20    0.21
    21.75    39.75    2065    2.01    0.81    0.69    0.19    0.20
    21.75    39.75    2066    1.85    0.70    0.61    0.19    0.19
    21.75    39.75    2067    1.88    0.71    0.62    0.19    0.19
    21.75    39.75    2068    1.51    0.54    0.49    0.17    0.17
    21.75    39.75    2069    1.79    0.66    0.58    0.19    0.19
    21.75    39.75    2070    1.59    0.57    0.53    0.18    0.17
    21.75    39.75    2071    0.37    0.15    0.14    0.04    0.04
    21.75    39.75    2072    0.46    0.18    0.16    0.05    0.05
    21.75    39.75    2073    0.63    0.24    0.20    0.07    0.07
    21.75    39.75    2074    0.60    0.23    0.17    0.07    0.07
    21.75    39.75    2075    0.70    0.26    0.20    0.08    0.08
    21.75    39.75    2076    0.75    0.28    0.21    0.08    0.08
    21.75    39.75    2077    0.59    0.22    0.16    0.07    0.07
    21.75    39.75    2078    0.55    0.20    0.15    0.06    0.06
    21.75    39.75    2079    0.29    0.12    0.11    0.03    0.03
    21.75    39.75    2080    0.32    0.13    0.11    0.04    0.04
    21.75    39.75    2081    0.42    0.16    0.13    0.05    0.05
    21.75    39.75    2082    0.31    0.13    0.11    0.04    0.03
    21.75    39.75    2083    0.22    0.11    0.09    0.02    0.02
    21.75    39.75    2084    0.32    0.13    0.10    0.04    0.03
    21.75    39.75    2085    0.47    0.18    0.13    0.05    0.05
    21.75    39.75    2086    0.53    0.20    0.15    0.06    0.06
    21.75    39.75    2087    0.68    0.25    0.18    0.07    0.08
    21.75    39.75    2088    0.74    0.27    0.20    0.08    0.08
    21.75    39.75    2089    0.81    0.29    0.22    0.08    0.09
    21.75    39.75    2090    0.86    0.31    0.23    0.09    0.09
    21.75    39.75    2091    0.82    0.30    0.21    0.08    0.09
    21.75    39.75    2092    0.85    0.31    0.22    0.09    0.09
    21.75    39.75    2093    0.81    0.29    0.21    0.08    0.09
    21.75    39.75    2094    0.79    0.28    0.20    0.08    0.09
    21.75    39.75    2095    0.87    0.31    0.23    0.09    0.09
    21.75    39.75    2096    0.58    0.20    0.16    0.07    0.07
    21.75    39.75    2097    0.17    0.08    0.08    0.02    0.02
    21.75    39.75    2098    0.27    0.10    0.10    0.03    0.03
    21.75    39.75    2099    0.35    0.12    0.12    0.04    0.04
    21.75    39.75    2100    0.37    0.13    0.13    0.04    0.04
    21.75    39.75    2101    0.40    0.14    0.13    0.05    0.05
    21.75    39.75    2102    0.49    0.18    0.16    0.06    0.05
    21.75    39.75    2103    0.54    0.20    0.18    0.06    0.06
    21.75    39.75    2104    0.47    0.18    0.15    0.05    0.05
    21.75    39.75    2105    0.52    0.20    0.17    0.06    0.06
    21.75    39.75    2106    0.56    0.22    0.18    0.06    0.06
    21.75    39.75    2107    0.48    0.20    0.15    0.06    0.05
    21.75    39.75    2108    0.45    0.19    0.14    0.05    0.05
    21.75    39.75    2109    0.33    0.15    0.10    0.04    0.03
    21.75    39.75    2110    0.33    0.15    0.10    0.04    0.03
    21.75    39.75    2111    0.35    0.16    0.11    0.04    0.04
    21.75    39.75    2112    0.19    0.09    0.08    0.02    0.02
    21.75    39.75    2113    0.11    0.07    0.05    0.01    0.01
    21.75    39.75    2114    0.17    0.09    0.06    0.02    0.01
    21.75    39.75    2115    0.27    0.13    0.07    0.03    0.02
    21.75    39.75    2116    0.32    0.15    0.08    0.03    0.03
    21.75    39.75    2117    0.39    0.17    0.10    0.04    0.04
    21.75    39.75    2118    0.44    0.19    0.11    0.05    0.05
    21.75    39.75    2119    0.49    0.20    0.12    0.06    0.05
    21.75    39.75    2120    0.54    0.22    0.13    0.06    0.06
    21.75    39.75    2121    0.55    0.22    0.13    0.06    0.06
    21.75    39.75    2122    0.62    0.25    0.15    0.07    0.07
    21.75    39.75    2123    0.65    0.26    0.16    0.07    0.07
    21.75    39.75    2124    0.62    0.24    0.15    0.07    0.07
    21.75    39.75    2125    0.70    0.27    0.17    0.07    0.08
    21.75    39.75    2126    0.41    0.15    0.10    0.04    0.04
    21.75    39.75    2127    0.16    0.06    0.06    0.01    0.01
    21.75    39.75    2128    0.19    0.06    0.06    0.02    0.02
    21.75    39.75    2129    0.25    0.08    0.08    0.03    0.03
    21.75    39.75    2130    0.28    0.09    0.09    0.03    0.03
