      Lon      Lat    Year      CH LAI_Sum LAI_Win      z0  z0_Win
     9.75    49.75    1980    8.14    3.94    1.48    0.46    0.83
     9.75    49.75    1981    8.10    3.91    1.45    0.46    0.83
     9.75    49.75    1982    8.16    3.92    1.48    0.46    0.83
     9.75    49.75    1983    8.31    4.03    1.50    0.47    0.85
     9.75    49.75    1984    8.27    4.00    1.53    0.47    0.83
     9.75    49.75    1985    8.29    4.01    1.53    0.47    0.84
     9.75    49.75    1986    8.14    3.88    1.45    0.47    0.83
     9.75    49.75    1987    8.34    4.00    1.49    0.47    0.85
     9.75    49.75    1988    8.05    3.81    1.41    0.47    0.82
     9.75    49.75    1989    8.34    3.97    1.46    0.48    0.85
     9.75    49.75    1990    8.38    3.98    1.47    0.48    0.86
     9.75    49.75    1991    8.53    4.10    1.49    0.48    0.87
     9.75    49.75    1992    8.54    4.11    1.51    0.48    0.87
     9.75    49.75    1993    8.68    4.15    1.51    0.49    0.89
     9.75    49.75    1994    8.63    4.09    1.47    0.49    0.88
     9.75    49.75    1995    8.90    4.22    1.54    0.50    0.91
     9.75    49.75    1996    8.80    4.13    1.51    0.50    0.90
     9.75    49.75    1997    9.06    4.29    1.56    0.50    0.93
     9.75    49.75    1998    8.98    4.25    1.52    0.50    0.92
     9.75    49.75    1999    8.92    4.16    1.49    0.51    0.92
     9.75    49.75    2000    9.34    4.42    1.57    0.52    0.96
     9.75    49.75    2001    9.27    4.35    1.54    0.51    0.95
     9.75    49.75    2002    9.25    4.28    1.49    0.52    0.96
     9.75    49.75    2003    9.46    4.40    1.56    0.52    0.97
     9.75    49.75    2004    9.46    4.38    1.58    0.52    0.96
     9.75    49.75    2005    9.53    4.41    1.56    0.53    0.98
     9.75    49.75    2006    9.45    4.31    1.51    0.53    0.97
     9.75    49.75    2007    9.58    4.33    1.52    0.53    0.99
     9.75    49.75    2008    9.59    4.30    1.52    0.54    0.99
     9.75    49.75    2009    9.64    4.30    1.51    0.54    1.00
     9.75    49.75    2010    9.43    4.10    1.43    0.54    0.98
     9.75    49.75    2011    9.62    4.15    1.44    0.55    1.00
     9.75    49.75    2012   10.02    4.40    1.54    0.56    1.04
     9.75    49.75    2013   10.03    4.39    1.55    0.56    1.03
     9.75    49.75    2014   10.16    4.45    1.58    0.56    1.04
     9.75    49.75    2015   10.07    4.36    1.50    0.56    1.04
     9.75    49.75    2016   10.40    4.49    1.57    0.58    1.08
     9.75    49.75    2017   10.07    4.13    1.49    0.58    1.04
     9.75    49.75    2018   10.26    4.15    1.49    0.59    1.07
     9.75    49.75    2019   10.23    4.07    1.47    0.59    1.06
     9.75    49.75    2020   10.65    4.31    1.54    0.60    1.11
     9.75    49.75    2021   10.70    4.34    1.54    0.60    1.11
     9.75    49.75    2022   10.62    4.26    1.55    0.60    1.10
     9.75    49.75    2023   10.43    4.02    1.45    0.61    1.09
     9.75    49.75    2024   10.71    4.11    1.48    0.62    1.12
     9.75    49.75    2025   10.39    3.81    1.40    0.62    1.09
     9.75    49.75    2026   10.92    4.11    1.48    0.63    1.15
     9.75    49.75    2027   10.97    4.18    1.50    0.63    1.15
     9.75    49.75    2028   10.93    4.16    1.49    0.63    1.14
     9.75    49.75    2029   11.00    4.16    1.46    0.63    1.15
     9.75    49.75    2030   11.37    4.37    1.55    0.64    1.19
     9.75    49.75    2031   11.11    4.15    1.49    0.64    1.16
     9.75    49.75    2032   11.18    4.14    1.48    0.64    1.17
     9.75    49.75    2033   11.25    4.13    1.49    0.65    1.18
     9.75    49.75    2034   11.52    4.31    1.53    0.65    1.21
     9.75    49.75    2035   11.39    4.19    1.50    0.65    1.19
     9.75    49.75    2036   11.32    4.09    1.45    0.66    1.19
     9.75    49.75    2037   11.54    4.18    1.47    0.66    1.22
     9.75    49.75    2038   11.61    4.20    1.51    0.66    1.21
     9.75    49.75    2039   11.75    4.26    1.53    0.67    1.23
     9.75    49.75    2040   11.52    4.07    1.45    0.67    1.21
     9.75    49.75    2041   11.76    4.18    1.51    0.67    1.23
     9.75    49.75    2042   11.51    3.95    1.44    0.68    1.21
     9.75    49.75    2043   11.77    4.07    1.47    0.68    1.24
     9.75    49.75    2044   11.63    3.97    1.45    0.68    1.22
     9.75    49.75    2045   11.61    3.92    1.41    0.69    1.22
     9.75    49.75    2046   11.81    4.00    1.44    0.69    1.25
     9.75    49.75    2047   11.76    3.94    1.42    0.69    1.24
     9.75    49.75    2048   11.60    3.80    1.37    0.70    1.23
     9.75    49.75    2049   12.01    4.01    1.46    0.70    1.27
     9.75    49.75    2050   11.79    3.86    1.41    0.70    1.24
     9.75    49.75    2051   11.81    3.86    1.40    0.70    1.25
     9.75    49.75    2052   11.59    3.67    1.35    0.71    1.23
     9.75    49.75    2053   11.74    3.73    1.35    0.71    1.25
     9.75    49.75    2054   11.73    3.71    1.33    0.71    1.25
     9.75    49.75    2055   12.02    3.84    1.39    0.72    1.28
     9.75    49.75    2056   12.19    3.97    1.46    0.72    1.28
     9.75    49.75    2057   12.22    3.96    1.47    0.72    1.28
     9.75    49.75    2058   12.05    3.82    1.41    0.72    1.27
     9.75    49.75    2059   12.17    3.86    1.42    0.72    1.28
     9.75    49.75    2060   12.25    3.89    1.43    0.73    1.29
     9.75    49.75    2061   12.09    3.78    1.38    0.73    1.28
     9.75    49.75    2062   12.24    3.81    1.40    0.73    1.29
     9.75    49.75    2063   12.41    3.87    1.44    0.74    1.31
     9.75    49.75    2064   12.26    3.75    1.41    0.74    1.29
     9.75    49.75    2065   12.25    3.70    1.38    0.74    1.30
     9.75    49.75    2066   12.29    3.68    1.38    0.75    1.31
     9.75    49.75    2067   12.13    3.57    1.33    0.75    1.30
     9.75    49.75    2068   11.92    3.43    1.26    0.75    1.29
     9.75    49.75    2069   12.08    3.51    1.29    0.76    1.30
     9.75    49.75    2070   12.16    3.55    1.31    0.76    1.31
     9.75    49.75    2071   12.31    3.63    1.34    0.76    1.32
     9.75    49.75    2072   12.30    3.56    1.33    0.76    1.32
     9.75    49.75    2073   12.41    3.59    1.36    0.76    1.33
     9.75    49.75    2074   12.48    3.62    1.37    0.76    1.34
     9.75    49.75    2075   12.43    3.55    1.35    0.77    1.34
     9.75    49.75    2076   12.27    3.43    1.29    0.77    1.33
     9.75    49.75    2077   12.49    3.55    1.34    0.77    1.35
     9.75    49.75    2078   12.07    3.24    1.25    0.78    1.32
     9.75    49.75    2079   11.62    3.00    1.16    0.79    1.28
     9.75    49.75    2080   11.93    3.17    1.21    0.79    1.31
     9.75    49.75    2081   12.01    3.21    1.21    0.79    1.32
     9.75    49.75    2082   12.03    3.22    1.21    0.79    1.32
     9.75    49.75    2083   12.06    3.22    1.21    0.79    1.33
     9.75    49.75    2084   12.04    3.22    1.21    0.79    1.33
     9.75    49.75    2085   12.05    3.21    1.22    0.79    1.33
     9.75    49.75    2086   12.05    3.22    1.24    0.79    1.32
     9.75    49.75    2087   11.98    3.19    1.23    0.79    1.32
     9.75    49.75    2088   12.12    3.28    1.25    0.79    1.33
     9.75    49.75    2089   12.21    3.31    1.27    0.79    1.34
     9.75    49.75    2090   11.82    3.05    1.19    0.79    1.31
     9.75    49.75    2091   11.75    3.02    1.16    0.79    1.31
     9.75    49.75    2092   11.83    3.08    1.18    0.79    1.31
     9.75    49.75    2093   11.89    3.12    1.19    0.79    1.32
     9.75    49.75    2094   12.00    3.18    1.22    0.79    1.33
     9.75    49.75    2095   11.88    3.10    1.18    0.79    1.32
     9.75    49.75    2096   11.82    3.08    1.17    0.79    1.32
     9.75    49.75    2097   11.74    3.03    1.16    0.79    1.31
     9.75    49.75    2098   11.69    3.00    1.13    0.79    1.31
     9.75    49.75    2099   11.66    3.00    1.13    0.79    1.31
     9.75    49.75    2100   11.60    2.97    1.13    0.79    1.31
     9.75    49.75    2101   11.68    3.04    1.15    0.78    1.31
     9.75    49.75    2102   11.64    3.02    1.15    0.78    1.31
     9.75    49.75    2103   11.59    3.02    1.15    0.78    1.30
     9.75    49.75    2104   11.51    3.02    1.15    0.77    1.30
     9.75    49.75    2105   11.36    2.95    1.13    0.77    1.29
     9.75    49.75    2106   11.12    2.85    1.08    0.77    1.27
     9.75    49.75    2107   11.12    2.90    1.10    0.76    1.27
     9.75    49.75    2108   10.70    2.64    1.02    0.77    1.23
     9.75    49.75    2109   10.29    2.48    0.96    0.77    1.20
     9.75    49.75    2110   10.44    2.61    1.00    0.76    1.21
     9.75    49.75    2111   10.46    2.64    0.99    0.75    1.22
     9.75    49.75    2112   10.40    2.63    0.99    0.75    1.21
     9.75    49.75    2113   10.38    2.64    0.98    0.75    1.21
     9.75    49.75    2114   10.32    2.64    0.98    0.75    1.20
     9.75    49.75    2115   10.29    2.63    0.99    0.74    1.20
     9.75    49.75    2116   10.24    2.63    0.99    0.74    1.19
     9.75    49.75    2117   10.09    2.60    0.98    0.73    1.17
     9.75    49.75    2118   10.13    2.66    0.99    0.73    1.18
     9.75    49.75    2119   10.15    2.68    1.00    0.73    1.18
     9.75    49.75    2120    9.85    2.50    0.94    0.73    1.15
     9.75    49.75    2121    9.75    2.48    0.92    0.73    1.14
     9.75    49.75    2122    9.75    2.52    0.93    0.72    1.14
     9.75    49.75    2123    9.76    2.54    0.93    0.72    1.15
     9.75    49.75    2124    9.79    2.58    0.94    0.71    1.15
     9.75    49.75    2125    9.66    2.53    0.92    0.71    1.13
     9.75    49.75    2126    9.58    2.51    0.91    0.71    1.12
     9.75    49.75    2127    9.48    2.47    0.90    0.71    1.11
     9.75    49.75    2128    9.41    2.45    0.88    0.71    1.11
     9.75    49.75    2129    9.40    2.45    0.88    0.70    1.11
     9.75    49.75    2130    9.35    2.44    0.88    0.70    1.10
    13.75    55.75    1980    6.23    3.22    1.19    0.39    0.65
    13.75    55.75    1981    6.23    3.18    1.16    0.39    0.65
    13.75    55.75    1982    6.18    3.11    1.13    0.40    0.65
    13.75    55.75    1983    6.37    3.22    1.14    0.40    0.67
    13.75    55.75    1984    6.59    3.35    1.24    0.41    0.69
    13.75    55.75    1985    6.61    3.37    1.26    0.41    0.69
    13.75    55.75    1986    6.51    3.26    1.22    0.41    0.68
    13.75    55.75    1987    6.60    3.29    1.21    0.41    0.69
    13.75    55.75    1988    6.74    3.37    1.23    0.42    0.71
    13.75    55.75    1989    6.60    3.26    1.18    0.41    0.69
    13.75    55.75    1990    6.79    3.36    1.24    0.42    0.71
    13.75    55.75    1991    6.74    3.31    1.21    0.42    0.71
    13.75    55.75    1992    6.83    3.34    1.23    0.43    0.72
    13.75    55.75    1993    7.09    3.51    1.31    0.43    0.74
    13.75    55.75    1994    7.14    3.55    1.34    0.43    0.74
    13.75    55.75    1995    7.01    3.42    1.28    0.43    0.73
    13.75    55.75    1996    7.18    3.52    1.31    0.44    0.75
    13.75    55.75    1997    7.26    3.55    1.31    0.44    0.76
    13.75    55.75    1998    7.27    3.53    1.31    0.44    0.76
    13.75    55.75    1999    7.36    3.57    1.31    0.44    0.77
    13.75    55.75    2000    7.22    3.42    1.23    0.45    0.76
    13.75    55.75    2001    7.55    3.62    1.32    0.45    0.79
    13.75    55.75    2002    7.34    3.48    1.30    0.45    0.76
    13.75    55.75    2003    7.50    3.55    1.33    0.46    0.78
    13.75    55.75    2004    7.74    3.70    1.40    0.46    0.81
    13.75    55.75    2005    7.53    3.53    1.31    0.46    0.79
    13.75    55.75    2006    7.43    3.40    1.25    0.46    0.78
    13.75    55.75    2007    7.73    3.58    1.33    0.47    0.81
    13.75    55.75    2008    7.39    3.34    1.25    0.46    0.77
    13.75    55.75    2009    7.75    3.56    1.31    0.47    0.82
    13.75    55.75    2010    8.10    3.81    1.44    0.48    0.85
    13.75    55.75    2011    8.21    3.87    1.44    0.48    0.86
    13.75    55.75    2012    8.09    3.73    1.42    0.49    0.84
    13.75    55.75    2013    8.46    3.92    1.50    0.50    0.88
    13.75    55.75    2014    8.37    3.81    1.46    0.50    0.87
    13.75    55.75    2015    8.37    3.71    1.41    0.51    0.88
    13.75    55.75    2016    8.48    3.69    1.41    0.52    0.89
    13.75    55.75    2017    8.73    3.78    1.49    0.53    0.91
    13.75    55.75    2018    8.67    3.71    1.46    0.53    0.90
    13.75    55.75    2019    8.51    3.53    1.37    0.53    0.89
    13.75    55.75    2020    8.96    3.77    1.49    0.54    0.93
    13.75    55.75    2021    8.86    3.67    1.43    0.54    0.93
    13.75    55.75    2022    9.16    3.82    1.51    0.55    0.95
    13.75    55.75    2023    9.21    3.81    1.57    0.55    0.94
    13.75    55.75    2024    9.08    3.72    1.50    0.55    0.94
    13.75    55.75    2025    9.39    3.87    1.56    0.56    0.97
    13.75    55.75    2026    9.25    3.74    1.53    0.56    0.95
    13.75    55.75    2027    9.24    3.67    1.49    0.57    0.95
    13.75    55.75    2028    9.58    3.83    1.60    0.58    0.98
    13.75    55.75    2029    9.35    3.64    1.50    0.57    0.96
    13.75    55.75    2030    9.59    3.75    1.54    0.58    0.99
    13.75    55.75    2031    9.60    3.74    1.52    0.58    0.99
    13.75    55.75    2032    9.40    3.54    1.42    0.58    0.98
    13.75    55.75    2033    9.78    3.74    1.50    0.59    1.02
    13.75    55.75    2034    9.67    3.66    1.47    0.59    1.00
    13.75    55.75    2035    9.80    3.72    1.53    0.60    1.01
    13.75    55.75    2036    9.53    3.52    1.43    0.59    0.99
    13.75    55.75    2037    9.91    3.71    1.49    0.60    1.03
    13.75    55.75    2038    9.92    3.68    1.52    0.61    1.02
    13.75    55.75    2039   10.12    3.80    1.56    0.61    1.04
    13.75    55.75    2040   10.06    3.76    1.53    0.61    1.04
    13.75    55.75    2041    9.97    3.64    1.46    0.61    1.03
    13.75    55.75    2042   10.20    3.71    1.53    0.62    1.05
    13.75    55.75    2043    9.93    3.46    1.40    0.62    1.03
    13.75    55.75    2044   10.28    3.64    1.51    0.63    1.06
    13.75    55.75    2045    9.94    3.41    1.38    0.63    1.04
    13.75    55.75    2046   10.22    3.55    1.44    0.63    1.06
    13.75    55.75    2047    9.92    3.36    1.37    0.63    1.03
    13.75    55.75    2048   10.09    3.43    1.40    0.64    1.05
    13.75    55.75    2049   10.27    3.52    1.44    0.64    1.06
    13.75    55.75    2050   10.26    3.50    1.44    0.64    1.06
    13.75    55.75    2051   10.47    3.61    1.49    0.64    1.08
    13.75    55.75    2052   10.43    3.57    1.49    0.64    1.07
    13.75    55.75    2053   10.46    3.55    1.48    0.65    1.08
    13.75    55.75    2054   10.59    3.60    1.52    0.65    1.08
    13.75    55.75    2055   10.33    3.41    1.40    0.65    1.07
    13.75    55.75    2056   10.52    3.50    1.44    0.66    1.09
    13.75    55.75    2057   10.16    3.22    1.32    0.66    1.06
    13.75    55.75    2058   10.49    3.41    1.39    0.66    1.09
    13.75    55.75    2059   10.66    3.51    1.46    0.66    1.10
    13.75    55.75    2060   10.46    3.37    1.37    0.66    1.09
    13.75    55.75    2061   10.50    3.34    1.38    0.67    1.09
    13.75    55.75    2062   10.46    3.26    1.37    0.67    1.09
    13.75    55.75    2063   10.51    3.24    1.37    0.68    1.09
    13.75    55.75    2064   10.74    3.37    1.43    0.68    1.11
    13.75    55.75    2065   10.63    3.30    1.39    0.68    1.11
    13.75    55.75    2066   10.56    3.22    1.37    0.68    1.10
    13.75    55.75    2067   10.62    3.25    1.36    0.68    1.11
    13.75    55.75    2068   10.38    3.06    1.28    0.69    1.09
    13.75    55.75    2069   10.74    3.26    1.38    0.69    1.12
    13.75    55.75    2070   10.69    3.24    1.36    0.69    1.12
    13.75    55.75    2071   10.70    3.25    1.36    0.69    1.12
    13.75    55.75    2072   10.80    3.28    1.42    0.69    1.12
    13.75    55.75    2073   10.51    3.07    1.30    0.70    1.11
    13.75    55.75    2074   10.71    3.18    1.35    0.70    1.12
    13.75    55.75    2075   10.73    3.18    1.34    0.70    1.13
    13.75    55.75    2076   10.63    3.10    1.31    0.70    1.12
    13.75    55.75    2077   10.63    3.08    1.31    0.70    1.12
    13.75    55.75    2078   10.78    3.19    1.37    0.70    1.13
    13.75    55.75    2079   10.76    3.19    1.35    0.70    1.13
    13.75    55.75    2080   10.61    3.09    1.30    0.70    1.12
    13.75    55.75    2081   10.51    2.99    1.25    0.71    1.12
    13.75    55.75    2082   10.77    3.14    1.32    0.71    1.14
    13.75    55.75    2083   10.74    3.12    1.32    0.70    1.14
    13.75    55.75    2084   10.77    3.13    1.33    0.71    1.14
    13.75    55.75    2085   10.72    3.11    1.31    0.70    1.14
    13.75    55.75    2086   10.79    3.16    1.33    0.70    1.15
    13.75    55.75    2087   10.75    3.13    1.33    0.71    1.14
    13.75    55.75    2088   10.71    3.08    1.30    0.71    1.14
    13.75    55.75    2089   10.45    2.88    1.21    0.71    1.13
    13.75    55.75    2090   10.46    2.92    1.21    0.71    1.13
    13.75    55.75    2091   10.58    3.01    1.26    0.71    1.14
    13.75    55.75    2092   10.53    2.97    1.24    0.71    1.13
    13.75    55.75    2093   10.40    2.88    1.20    0.71    1.13
    13.75    55.75    2094   10.46    2.92    1.21    0.71    1.13
    13.75    55.75    2095   10.53    2.98    1.24    0.71    1.14
    13.75    55.75    2096   10.31    2.81    1.16    0.71    1.13
    13.75    55.75    2097   10.30    2.81    1.16    0.71    1.13
    13.75    55.75    2098   10.07    2.66    1.10    0.72    1.11
    13.75    55.75    2099   10.19    2.75    1.12    0.71    1.12
    13.75    55.75    2100   10.35    2.84    1.18    0.71    1.13
    13.75    55.75    2101   10.31    2.82    1.17    0.71    1.13
    13.75    55.75    2102   10.39    2.86    1.21    0.71    1.13
    13.75    55.75    2103   10.11    2.65    1.12    0.72    1.11
    13.75    55.75    2104   10.20    2.72    1.14    0.72    1.12
    13.75    55.75    2105   10.19    2.72    1.13    0.72    1.12
    13.75    55.75    2106   10.06    2.64    1.10    0.72    1.11
    13.75    55.75    2107   10.00    2.59    1.09    0.72    1.10
    13.75    55.75    2108   10.12    2.70    1.13    0.71    1.11
    13.75    55.75    2109   10.04    2.70    1.12    0.71    1.10
    13.75    55.75    2110    9.96    2.63    1.10    0.71    1.09
    13.75    55.75    2111    9.79    2.50    1.06    0.72    1.08
    13.75    55.75    2112    9.92    2.62    1.09    0.71    1.09
    13.75    55.75    2113    9.96    2.64    1.11    0.71    1.09
    13.75    55.75    2114    9.85    2.60    1.09    0.71    1.08
    13.75    55.75    2115    9.83    2.61    1.09    0.71    1.08
    13.75    55.75    2116    9.84    2.62    1.10    0.70    1.08
    13.75    55.75    2117    9.67    2.55    1.08    0.70    1.06
    13.75    55.75    2118    9.60    2.52    1.06    0.70    1.05
    13.75    55.75    2119    9.35    2.38    0.99    0.70    1.04
    13.75    55.75    2120    9.29    2.41    0.99    0.69    1.03
    13.75    55.75    2121    9.38    2.49    1.02    0.69    1.03
    13.75    55.75    2122    9.34    2.48    1.01    0.69    1.03
    13.75    55.75    2123    9.19    2.39    0.98    0.69    1.02
    13.75    55.75    2124    9.15    2.39    0.97    0.69    1.02
    13.75    55.75    2125    9.20    2.45    0.98    0.68    1.02
    13.75    55.75    2126    9.04    2.35    0.94    0.69    1.01
    13.75    55.75    2127    9.04    2.36    0.94    0.68    1.01
    13.75    55.75    2128    8.89    2.27    0.91    0.68    1.00
    13.75    55.75    2129    8.97    2.35    0.92    0.68    1.01
    13.75    55.75    2130    9.04    2.40    0.96    0.68    1.01
    23.75    61.75    1980    6.11    2.62    2.41    0.43    0.46
    23.75    61.75    1981    6.20    2.65    2.45    0.43    0.46
    23.75    61.75    1982    6.18    2.60    2.40    0.44    0.46
    23.75    61.75    1983    6.36    2.67    2.46    0.44    0.47
    23.75    61.75    1984    6.24    2.60    2.39    0.44    0.47
    23.75    61.75    1985    6.30    2.60    2.39    0.44    0.47
    23.75    61.75    1986    6.30    2.57    2.36    0.45    0.48
    23.75    61.75    1987    6.44    2.62    2.40    0.45    0.48
    23.75    61.75    1988    6.55    2.68    2.45    0.46    0.49
    23.75    61.75    1989    6.61    2.67    2.44    0.46    0.49
    23.75    61.75    1990    6.59    2.64    2.40    0.46    0.50
    23.75    61.75    1991    6.63    2.65    2.42    0.47    0.50
    23.75    61.75    1992    6.77    2.70    2.46    0.47    0.51
    23.75    61.75    1993    6.86    2.70    2.46    0.48    0.51
    23.75    61.75    1994    6.88    2.69    2.47    0.48    0.51
    23.75    61.75    1995    6.94    2.71    2.47    0.49    0.52
    23.75    61.75    1996    6.85    2.63    2.40    0.49    0.52
    23.75    61.75    1997    6.82    2.58    2.35    0.49    0.52
    23.75    61.75    1998    6.95    2.63    2.40    0.49    0.53
    23.75    61.75    1999    7.17    2.74    2.51    0.50    0.54
    23.75    61.75    2000    7.16    2.70    2.48    0.50    0.54
    23.75    61.75    2001    7.14    2.65    2.43    0.51    0.54
    23.75    61.75    2002    7.30    2.70    2.48    0.51    0.55
    23.75    61.75    2003    7.21    2.63    2.42    0.51    0.55
    23.75    61.75    2004    7.37    2.69    2.47    0.52    0.56
    23.75    61.75    2005    7.46    2.72    2.50    0.52    0.56
    23.75    61.75    2006    7.30    2.63    2.42    0.52    0.56
    23.75    61.75    2007    7.40    2.67    2.45    0.53    0.56
    23.75    61.75    2008    7.48    2.68    2.47    0.53    0.57
    23.75    61.75    2009    7.46    2.65    2.44    0.53    0.57
    23.75    61.75    2010    7.64    2.73    2.51    0.54    0.57
    23.75    61.75    2011    7.75    2.75    2.53    0.55    0.58
    23.75    61.75    2012    7.81    2.75    2.53    0.55    0.59
    23.75    61.75    2013    7.96    2.78    2.56    0.56    0.60
    23.75    61.75    2014    8.17    2.85    2.62    0.57    0.61
    23.75    61.75    2015    8.13    2.79    2.58    0.57    0.61
    23.75    61.75    2016    8.11    2.74    2.52    0.58    0.62
    23.75    61.75    2017    8.22    2.75    2.53    0.58    0.62
    23.75    61.75    2018    8.41    2.80    2.58    0.59    0.63
    23.75    61.75    2019    8.46    2.77    2.56    0.60    0.64
    23.75    61.75    2020    8.47    2.72    2.52    0.60    0.64
    23.75    61.75    2021    8.74    2.80    2.59    0.61    0.66
    23.75    61.75    2022    8.83    2.81    2.60    0.62    0.66
    23.75    61.75    2023    8.82    2.77    2.57    0.62    0.66
    23.75    61.75    2024    8.86    2.76    2.56    0.63    0.67
    23.75    61.75    2025    8.91    2.75    2.56    0.63    0.67
    23.75    61.75    2026    8.90    2.70    2.51    0.64    0.67
    23.75    61.75    2027    8.94    2.68    2.50    0.64    0.68
    23.75    61.75    2028    9.02    2.68    2.49    0.65    0.68
    23.75    61.75    2029    9.12    2.69    2.50    0.65    0.69
    23.75    61.75    2030    9.31    2.73    2.55    0.66    0.70
    23.75    61.75    2031    9.49    2.80    2.61    0.67    0.71
    23.75    61.75    2032    9.62    2.84    2.64    0.67    0.71
    23.75    61.75    2033    9.66    2.84    2.64    0.67    0.71
    23.75    61.75    2034    9.55    2.77    2.58    0.67    0.71
    23.75    61.75    2035    9.62    2.78    2.59    0.68    0.71
    23.75    61.75    2036    9.56    2.71    2.53    0.68    0.71
    23.75    61.75    2037    9.71    2.74    2.56    0.69    0.72
    23.75    61.75    2038    9.66    2.69    2.51    0.69    0.72
    23.75    61.75    2039    9.74    2.70    2.53    0.69    0.73
    23.75    61.75    2040    9.85    2.73    2.55    0.70    0.73
    23.75    61.75    2041    9.78    2.69    2.51    0.70    0.73
    23.75    61.75    2042    9.73    2.65    2.48    0.70    0.73
    23.75    61.75    2043    9.68    2.61    2.44    0.70    0.73
    23.75    61.75    2044    9.65    2.60    2.43    0.70    0.73
    23.75    61.75    2045    9.78    2.64    2.47    0.70    0.73
    23.75    61.75    2046    9.77    2.63    2.46    0.70    0.73
    23.75    61.75    2047    9.96    2.68    2.50    0.71    0.74
    23.75    61.75    2048    9.99    2.67    2.50    0.71    0.74
    23.75    61.75    2049   10.01    2.67    2.50    0.71    0.75
    23.75    61.75    2050    9.94    2.64    2.47    0.71    0.74
    23.75    61.75    2051    9.94    2.63    2.46    0.71    0.74
    23.75    61.75    2052   10.01    2.65    2.48    0.72    0.75
    23.75    61.75    2053   10.09    2.67    2.50    0.72    0.75
    23.75    61.75    2054   10.12    2.65    2.49    0.72    0.75
    23.75    61.75    2055   10.22    2.69    2.53    0.72    0.75
    23.75    61.75    2056   10.23    2.70    2.54    0.72    0.75
    23.75    61.75    2057   10.17    2.68    2.52    0.72    0.75
    23.75    61.75    2058   10.29    2.71    2.55    0.73    0.76
    23.75    61.75    2059   10.24    2.70    2.54    0.72    0.75
    23.75    61.75    2060   10.12    2.65    2.49    0.72    0.75
    23.75    61.75    2061   10.12    2.65    2.50    0.72    0.75
    23.75    61.75    2062   10.14    2.65    2.50    0.72    0.75
    23.75    61.75    2063   10.11    2.61    2.45    0.73    0.75
    23.75    61.75    2064   10.18    2.62    2.47    0.73    0.76
    23.75    61.75    2065   10.11    2.60    2.45    0.73    0.75
    23.75    61.75    2066   10.08    2.59    2.44    0.72    0.75
    23.75    61.75    2067   10.15    2.64    2.48    0.72    0.75
    23.75    61.75    2068   10.13    2.62    2.47    0.72    0.75
    23.75    61.75    2069   10.14    2.65    2.50    0.72    0.75
    23.75    61.75    2070   10.11    2.64    2.49    0.72    0.75
    23.75    61.75    2071   10.10    2.63    2.48    0.72    0.75
    23.75    61.75    2072    9.96    2.57    2.42    0.72    0.74
    23.75    61.75    2073   10.00    2.61    2.45    0.72    0.74
    23.75    61.75    2074   10.01    2.62    2.47    0.72    0.74
    23.75    61.75    2075   10.00    2.63    2.48    0.71    0.74
    23.75    61.75    2076   10.07    2.69    2.53    0.71    0.74
    23.75    61.75    2077   10.02    2.68    2.52    0.71    0.73
    23.75    61.75    2078   10.03    2.68    2.53    0.71    0.74
    23.75    61.75    2079   10.16    2.76    2.60    0.71    0.74
    23.75    61.75    2080   10.06    2.73    2.56    0.71    0.73
    23.75    61.75    2081   10.07    2.72    2.56    0.71    0.73
    23.75    61.75    2082   10.13    2.78    2.61    0.71    0.73
    23.75    61.75    2083   10.04    2.76    2.59    0.70    0.73
    23.75    61.75    2084    9.97    2.72    2.55    0.70    0.73
    23.75    61.75    2085    9.97    2.73    2.57    0.70    0.73
    23.75    61.75    2086    9.89    2.73    2.56    0.69    0.72
    23.75    61.75    2087    9.93    2.79    2.62    0.69    0.72
    23.75    61.75    2088    9.94    2.82    2.65    0.69    0.71
    23.75    61.75    2089    9.84    2.77    2.61    0.68    0.71
    23.75    61.75    2090    9.97    2.86    2.68    0.68    0.71
    23.75    61.75    2091   10.02    2.88    2.71    0.68    0.71
    23.75    61.75    2092   10.05    2.91    2.73    0.68    0.71
    23.75    61.75    2093    9.93    2.87    2.69    0.68    0.71
    23.75    61.75    2094    9.98    2.91    2.73    0.68    0.71
    23.75    61.75    2095    9.90    2.86    2.67    0.68    0.71
    23.75    61.75    2096    9.83    2.87    2.67    0.67    0.71
    23.75    61.75    2097    9.71    2.83    2.63    0.67    0.70
    23.75    61.75    2098    9.63    2.80    2.61    0.67    0.70
    23.75    61.75    2099    9.67    2.86    2.65    0.66    0.70
    23.75    61.75    2100    9.68    2.90    2.69    0.66    0.70
    23.75    61.75    2101    9.60    2.89    2.67    0.66    0.70
    23.75    61.75    2102    9.44    2.83    2.62    0.65    0.69
    23.75    61.75    2103    9.38    2.85    2.63    0.64    0.69
    23.75    61.75    2104    9.40    2.88    2.66    0.64    0.69
    23.75    61.75    2105    9.37    2.89    2.67    0.64    0.69
    23.75    61.75    2106    9.38    2.94    2.71    0.64    0.68
    23.75    61.75    2107    9.35    2.93    2.70    0.63    0.68
    23.75    61.75    2108    9.38    2.94    2.71    0.63    0.68
    23.75    61.75    2109    9.53    3.04    2.80    0.63    0.69
    23.75    61.75    2110    9.44    3.02    2.78    0.63    0.68
    23.75    61.75    2111    9.48    3.02    2.78    0.63    0.69
    23.75    61.75    2112    9.53    3.07    2.82    0.63    0.69
    23.75    61.75    2113    9.47    3.04    2.79    0.63    0.69
    23.75    61.75    2114    9.40    3.01    2.76    0.63    0.69
    23.75    61.75    2115    9.45    3.05    2.80    0.63    0.69
    23.75    61.75    2116    9.41    3.05    2.80    0.62    0.68
    23.75    61.75    2117    9.48    3.13    2.87    0.62    0.68
    23.75    61.75    2118    9.51    3.18    2.92    0.62    0.68
    23.75    61.75    2119    9.42    3.11    2.86    0.62    0.68
    23.75    61.75    2120    9.56    3.21    2.94    0.62    0.68
    23.75    61.75    2121    9.55    3.21    2.94    0.62    0.68
    23.75    61.75    2122    9.58    3.22    2.96    0.62    0.69
    23.75    61.75    2123    9.46    3.16    2.90    0.62    0.68
    23.75    61.75    2124    9.49    3.19    2.92    0.62    0.68
    23.75    61.75    2125    9.45    3.14    2.88    0.62    0.68
    23.75    61.75    2126    9.41    3.15    2.88    0.61    0.68
    23.75    61.75    2127    9.31    3.11    2.86    0.61    0.68
    23.75    61.75    2128    9.23    3.06    2.81    0.61    0.68
    23.75    61.75    2129    9.28    3.12    2.86    0.61    0.68
    23.75    61.75    2130    9.26    3.15    2.89    0.60    0.67
    21.75    39.75    1980    3.47    1.61    0.90    0.31    0.34
    21.75    39.75    1981    0.84    0.41    0.36    0.09    0.08
    21.75    39.75    1982    0.95    0.45    0.39    0.10    0.09
    21.75    39.75    1983    1.29    0.64    0.56    0.12    0.11
    21.75    39.75    1984    1.41    0.71    0.60    0.13    0.12
    21.75    39.75    1985    1.38    0.70    0.56    0.13    0.12
    21.75    39.75    1986    1.79    0.98    0.73    0.16    0.14
    21.75    39.75    1987    2.05    1.21    0.84    0.17    0.15
    21.75    39.75    1988    2.07    1.24    0.79    0.18    0.15
    21.75    39.75    1989    2.08    1.25    0.74    0.19    0.16
    21.75    39.75    1990    2.16    1.31    0.71    0.20    0.17
    21.75    39.75    1991    1.82    1.04    0.54    0.19    0.15
    21.75    39.75    1992    2.12    1.25    0.59    0.21    0.18
    21.75    39.75    1993    2.35    1.39    0.64    0.22    0.20
    21.75    39.75    1994    2.58    1.52    0.71    0.23    0.22
    21.75    39.75    1995    2.87    1.71    0.77    0.24    0.24
    21.75    39.75    1996    2.92    1.72    0.77    0.25    0.25
    21.75    39.75    1997    3.08    1.80    0.81    0.26    0.27
    21.75    39.75    1998    3.03    1.73    0.78    0.26    0.27
    21.75    39.75    1999    2.57    1.32    0.63    0.25    0.24
    21.75    39.75    2000    2.70    1.40    0.64    0.25    0.25
    21.75    39.75    2001    2.57    1.29    0.64    0.25    0.24
    21.75    39.75    2002    2.29    1.11    0.58    0.23    0.21
    21.75    39.75    2003    2.82    1.43    0.69    0.26    0.26
    21.75    39.75    2004    2.51    1.23    0.62    0.25    0.24
    21.75    39.75    2005    2.54    1.25    0.62    0.25    0.24
    21.75    39.75    2006    2.40    1.16    0.61    0.24    0.23
    21.75    39.75    2007    2.78    1.38    0.69    0.26    0.26
    21.75    39.75    2008    3.08    1.55    0.77    0.27    0.29
    21.75    39.75    2009    3.31    1.69    0.83    0.28    0.31
    21.75    39.75    2010    2.77    1.27    0.67    0.27    0.27
    21.75    39.75    2011    2.93    1.36    0.71    0.28    0.29
    21.75    39.75    2012    2.83    1.30    0.70    0.27    0.28
    21.75    39.75    2013    2.52    1.11    0.64    0.26    0.25
    21.75    39.75    2014    3.08    1.40    0.74    0.29    0.30
    21.75    39.75    2015    3.08    1.41    0.75    0.29    0.30
    21.75    39.75    2016    2.95    1.33    0.71    0.28    0.29
    21.75    39.75    2017    2.75    1.21    0.67    0.27    0.28
    21.75    39.75    2018    3.26    1.48    0.77    0.30    0.32
    21.75    39.75    2019    2.41    1.01    0.71    0.26    0.24
    21.75    39.75    2020    2.78    1.17    0.75    0.28    0.28
    21.75    39.75    2021    3.36    1.45    0.88    0.31    0.33
    21.75    39.75    2022    2.46    1.00    0.68    0.27    0.25
    21.75    39.75    2023    2.38    0.94    0.61    0.26    0.25
    21.75    39.75    2024    2.82    1.13    0.69    0.29    0.29
    21.75    39.75    2025    2.57    1.01    0.66    0.28    0.27
    21.75    39.75    2026    2.75    1.09    0.69    0.29    0.28
    21.75    39.75    2027    3.45    1.40    0.82    0.32    0.35
    21.75    39.75    2028    3.31    1.32    0.78    0.32    0.33
    21.75    39.75    2029    3.66    1.47    0.83    0.34    0.37
    21.75    39.75    2030    3.86    1.55    0.85    0.35    0.39
    21.75    39.75    2031    1.13    0.44    0.38    0.13    0.12
    21.75    39.75    2032    1.33    0.50    0.42    0.15    0.13
    21.75    39.75    2033    1.34    0.50    0.41    0.15    0.13
    21.75    39.75    2034    1.39    0.54    0.41    0.16    0.13
    21.75    39.75    2035    1.43    0.56    0.41    0.16    0.14
    21.75    39.75    2036    1.54    0.62    0.42    0.18    0.14
    21.75    39.75    2037    1.59    0.67    0.41    0.19    0.15
    21.75    39.75    2038    1.82    0.78    0.47    0.21    0.16
    21.75    39.75    2039    2.09    0.89    0.54    0.23    0.18
    21.75    39.75    2040    1.94    0.86    0.47    0.22    0.17
    21.75    39.75    2041    2.56    1.19    0.61    0.26    0.22
    21.75    39.75    2042    2.71    1.26    0.65    0.26    0.23
    21.75    39.75    2043    2.91    1.37    0.68    0.28    0.25
    21.75    39.75    2044    2.69    1.23    0.60    0.27    0.24
    21.75    39.75    2045    0.21    0.12    0.03    0.02    0.01
    21.75    39.75    2046    0.29    0.17    0.03    0.03    0.01
    21.75    39.75    2047    0.42    0.27    0.04    0.04    0.02
    21.75    39.75    2048    0.66    0.46    0.06    0.06    0.04
    21.75    39.75    2049    0.80    0.59    0.07    0.07    0.06
    21.75    39.75    2050    0.82    0.58    0.08    0.08    0.06
    21.75    39.75    2051    0.83    0.57    0.08    0.08    0.06
    21.75    39.75    2052    0.95    0.66    0.09    0.09    0.07
    21.75    39.75    2053    1.13    0.80    0.10    0.10    0.09
    21.75    39.75    2054    1.26    0.88    0.11    0.10    0.11
    21.75    39.75    2055    1.67    1.21    0.14    0.12    0.16
    21.75    39.75    2056    1.50    0.96    0.14    0.13    0.14
    21.75    39.75    2057    1.16    0.70    0.13    0.11    0.11
    21.75    39.75    2058    0.45    0.24    0.08    0.05    0.03
    21.75    39.75    2059    0.50    0.28    0.08    0.06    0.03
    21.75    39.75    2060    0.58    0.33    0.08    0.07    0.04
    21.75    39.75    2061    0.69    0.40    0.08    0.08    0.05
    21.75    39.75    2062    0.92    0.56    0.10    0.10    0.07
    21.75    39.75    2063    1.14    0.71    0.11    0.11    0.09
    21.75    39.75    2064    1.39    0.89    0.13    0.12    0.12
    21.75    39.75    2065    1.42    0.88    0.13    0.13    0.12
    21.75    39.75    2066    1.64    1.04    0.14    0.14    0.15
    21.75    39.75    2067    1.45    0.82    0.14    0.13    0.13
    21.75    39.75    2068    1.84    1.08    0.16    0.15    0.18
    21.75    39.75    2069    1.45    0.71    0.16    0.14    0.14
    21.75    39.75    2070    1.90    0.98    0.17    0.16    0.19
    21.75    39.75    2071    1.76    0.88    0.17    0.16    0.18
    21.75    39.75    2072    1.78    0.88    0.17    0.16    0.18
    21.75    39.75    2073    1.82    0.90    0.17    0.16    0.19
    21.75    39.75    2074    1.77    0.85    0.17    0.16    0.18
    21.75    39.75    2075    1.90    0.92    0.18    0.17    0.20
    21.75    39.75    2076    1.92    0.92    0.18    0.17    0.20
    21.75    39.75    2077    1.14    0.47    0.17    0.13    0.12
    21.75    39.75    2078    0.85    0.36    0.17    0.11    0.09
    21.75    39.75    2079    1.14    0.48    0.17    0.13    0.12
    21.75    39.75    2080    1.36    0.58    0.17    0.14    0.14
    21.75    39.75    2081    1.68    0.72    0.18    0.16    0.18
    21.75    39.75    2082    1.87    0.81    0.19    0.17    0.20
    21.75    39.75    2083    1.70    0.72    0.18    0.17    0.18
    21.75    39.75    2084    1.89    0.80    0.19    0.18    0.21
    21.75    39.75    2085    2.16    0.93    0.20    0.19    0.24
    21.75    39.75    2086    2.44    1.06    0.20    0.20    0.28
    21.75    39.75    2087    0.33    0.12    0.07    0.04    0.02
    21.75    39.75    2088    0.13    0.08    0.05    0.01    0.01
    21.75    39.75    2089    0.26    0.18    0.06    0.03    0.02
    21.75    39.75    2090    0.41    0.31    0.07    0.04    0.03
    21.75    39.75    2091    0.52    0.41    0.08    0.05    0.04
    21.75    39.75    2092    0.70    0.59    0.10    0.07    0.06
    21.75    39.75    2093    0.97    0.84    0.12    0.09    0.09
    21.75    39.75    2094    1.13    0.94    0.13    0.10    0.10
    21.75    39.75    2095    1.38    1.12    0.15    0.11    0.13
    21.75    39.75    2096    1.39    1.19    0.17    0.11    0.14
    21.75    39.75    2097    1.36    1.05    0.16    0.11    0.14
    21.75    39.75    2098    1.24    0.91    0.16    0.11    0.12
    21.75    39.75    2099    1.37    1.01    0.17    0.11    0.14
    21.75    39.75    2100    1.56    1.14    0.18    0.12    0.17
    21.75    39.75    2101    1.01    0.61    0.17    0.10    0.10
    21.75    39.75    2102    1.42    0.91    0.19    0.12    0.15
    21.75    39.75    2103    1.56    0.99    0.19    0.13    0.17
    21.75    39.75    2104    1.71    1.09    0.20    0.14    0.19
    21.75    39.75    2105    1.75    1.11    0.20    0.14    0.20
    21.75    39.75    2106    1.85    1.16    0.21    0.14    0.21
    21.75    39.75    2107    1.45    0.82    0.20    0.13    0.16
    21.75    39.75    2108    0.38    0.24    0.15    0.05    0.04
    21.75    39.75    2109    0.67    0.40    0.15    0.08    0.07
    21.75    39.75    2110    1.07    0.66    0.17    0.11    0.11
    21.75    39.75    2111    1.53    1.01    0.19    0.13    0.17
    21.75    39.75    2112    1.72    1.20    0.21    0.13    0.20
    21.75    39.75    2113    1.57    1.03    0.20    0.13    0.18
    21.75    39.75    2114    1.81    1.21    0.22    0.14    0.21
    21.75    39.75    2115    2.11    1.39    0.23    0.15    0.25
    21.75    39.75    2116    2.25    1.45    0.23    0.16    0.27
    21.75    39.75    2117    0.18    0.13    0.06    0.02    0.01
    21.75    39.75    2118    0.19    0.15    0.05    0.02    0.01
    21.75    39.75    2119    0.36    0.30    0.07    0.04    0.03
    21.75    39.75    2120    0.44    0.37    0.07    0.05    0.03
    21.75    39.75    2121    0.43    0.37    0.08    0.05    0.03
    21.75    39.75    2122    0.60    0.56    0.10    0.06    0.05
    21.75    39.75    2123    0.84    0.78    0.12    0.07    0.07
    21.75    39.75    2124    1.05    0.92    0.13    0.09    0.10
    21.75    39.75    2125    1.34    1.29    0.16    0.10    0.14
    21.75    39.75    2126    1.47    1.47    0.19    0.10    0.16
    21.75    39.75    2127    1.48    1.31    0.18    0.11    0.16
    21.75    39.75    2128    1.37    1.14    0.18    0.11    0.14
    21.75    39.75    2129    1.48    1.21    0.18    0.11    0.16
    21.75    39.75    2130    1.63    1.31    0.19    0.12    0.18
