      Lon      Lat    Year    VegC LitterC   SoilC     HarvSlowC Total-slow     Total
     9.75    49.75    1980   2.188   0.963   4.032      0.135334      7.182     7.318
     9.75    49.75    1981   2.176   0.960   4.034      0.138479      7.169     7.308
     9.75    49.75    1982   2.183   0.957   4.038      0.140267      7.178     7.318
     9.75    49.75    1983   2.212   0.941   4.039      0.143155      7.191     7.335
     9.75    49.75    1984   2.218   0.949   4.042      0.147030      7.209     7.357
     9.75    49.75    1985   2.232   0.951   4.045      0.150566      7.228     7.379
     9.75    49.75    1986   2.205   0.958   4.051      0.153868      7.214     7.367
     9.75    49.75    1987   2.244   0.951   4.054      0.155200      7.248     7.404
     9.75    49.75    1988   2.125   0.937   4.052      0.159904      7.114     7.274
     9.75    49.75    1989   2.110   0.929   4.053      0.160518      7.091     7.252
     9.75    49.75    1990   2.122   0.919   4.055      0.164483      7.095     7.260
     9.75    49.75    1991   2.166   0.912   4.053      0.166685      7.132     7.298
     9.75    49.75    1992   2.170   0.916   4.053      0.169818      7.139     7.309
     9.75    49.75    1993   2.205   0.915   4.058      0.170591      7.177     7.348
     9.75    49.75    1994   2.203   0.900   4.056      0.172676      7.159     7.332
     9.75    49.75    1995   2.195   0.896   4.058      0.173011      7.149     7.322
     9.75    49.75    1996   2.193   0.891   4.058      0.177113      7.142     7.319
     9.75    49.75    1997   2.254   0.892   4.061      0.178759      7.207     7.386
     9.75    49.75    1998   2.256   0.889   4.060      0.183105      7.205     7.388
     9.75    49.75    1999   2.254   0.874   4.057      0.184480      7.185     7.370
     9.75    49.75    2000   2.317   0.857   4.053      0.184086      7.227     7.411
     9.75    49.75    2001   2.318   0.861   4.054      0.189531      7.233     7.422
     9.75    49.75    2002   2.265   0.856   4.054      0.191638      7.175     7.366
     9.75    49.75    2003   2.314   0.859   4.056      0.193186      7.229     7.422
     9.75    49.75    2004   2.339   0.859   4.057      0.197454      7.255     7.453
     9.75    49.75    2005   2.358   0.855   4.055      0.201038      7.268     7.469
     9.75    49.75    2006   2.356   0.849   4.054      0.204272      7.260     7.464
     9.75    49.75    2007   2.380   0.839   4.053      0.204525      7.272     7.476
     9.75    49.75    2008   2.392   0.835   4.053      0.206649      7.280     7.486
     9.75    49.75    2009   2.408   0.827   4.050      0.209611      7.285     7.495
     9.75    49.75    2010   2.327   0.827   4.049      0.212044      7.204     7.416
     9.75    49.75    2011   2.362   0.800   4.041      0.209204      7.203     7.412
     9.75    49.75    2012   2.440   0.795   4.040      0.208306      7.275     7.483
     9.75    49.75    2013   2.457   0.808   4.043      0.214162      7.307     7.521
     9.75    49.75    2014   2.505   0.806   4.041      0.217321      7.352     7.570
     9.75    49.75    2015   2.511   0.790   4.035      0.220012      7.337     7.557
     9.75    49.75    2016   2.575   0.783   4.034      0.217703      7.392     7.609
     9.75    49.75    2017   2.540   0.773   4.032      0.218072      7.345     7.563
     9.75    49.75    2018   2.582   0.756   4.028      0.214635      7.366     7.581
     9.75    49.75    2019   2.592   0.745   4.021      0.214729      7.358     7.573
     9.75    49.75    2020   2.684   0.747   4.021      0.212832      7.451     7.664
     9.75    49.75    2021   2.680   0.751   4.020      0.216222      7.451     7.667
     9.75    49.75    2022   2.686   0.748   4.017      0.219362      7.452     7.671
     9.75    49.75    2023   2.665   0.745   4.017      0.218663      7.427     7.645
     9.75    49.75    2024   2.721   0.728   4.015      0.215361      7.464     7.680
     9.75    49.75    2025   2.699   0.713   4.010      0.215506      7.423     7.638
     9.75    49.75    2026   2.787   0.713   4.007      0.212190      7.507     7.719
     9.75    49.75    2027   2.822   0.732   4.008      0.218630      7.561     7.780
     9.75    49.75    2028   2.827   0.751   4.005      0.223069      7.582     7.805
     9.75    49.75    2029   2.865   0.745   4.001      0.223061      7.610     7.833
     9.75    49.75    2030   2.960   0.747   4.001      0.222255      7.708     7.930
     9.75    49.75    2031   2.912   0.741   3.996      0.224746      7.650     7.874
     9.75    49.75    2032   2.930   0.727   3.991      0.223072      7.647     7.871
     9.75    49.75    2033   2.974   0.720   3.989      0.222997      7.683     7.906
     9.75    49.75    2034   3.053   0.723   3.988      0.224267      7.764     7.988
     9.75    49.75    2035   3.058   0.728   3.987      0.227854      7.773     8.001
     9.75    49.75    2036   3.064   0.723   3.984      0.228973      7.771     8.000
     9.75    49.75    2037   3.129   0.710   3.979      0.227848      7.818     8.046
     9.75    49.75    2038   3.173   0.718   3.978      0.230297      7.870     8.100
     9.75    49.75    2039   3.208   0.734   3.974      0.231351      7.916     8.147
     9.75    49.75    2040   3.186   0.741   3.973      0.233769      7.901     8.135
     9.75    49.75    2041   3.262   0.743   3.974      0.232987      7.979     8.212
     9.75    49.75    2042   3.212   0.739   3.972      0.233890      7.923     8.157
     9.75    49.75    2043   3.295   0.729   3.971      0.231016      7.996     8.227
     9.75    49.75    2044   3.261   0.730   3.971      0.231991      7.962     8.194
     9.75    49.75    2045   3.278   0.718   3.965      0.231847      7.961     8.193
     9.75    49.75    2046   3.347   0.725   3.967      0.229957      8.039     8.269
     9.75    49.75    2047   3.364   0.722   3.966      0.232163      8.052     8.284
     9.75    49.75    2048   3.374   0.714   3.962      0.232099      8.051     8.283
     9.75    49.75    2049   3.481   0.719   3.964      0.229244      8.164     8.394
     9.75    49.75    2050   3.428   0.765   3.963      0.232625      8.157     8.389
     9.75    49.75    2051   3.471   0.754   3.961      0.231697      8.186     8.417
     9.75    49.75    2052   3.468   0.744   3.957      0.230613      8.169     8.399
     9.75    49.75    2053   3.528   0.736   3.956      0.227683      8.220     8.448
     9.75    49.75    2054   3.558   0.736   3.954      0.227023      8.248     8.475
     9.75    49.75    2055   3.631   0.742   3.950      0.225004      8.323     8.548
     9.75    49.75    2056   3.712   0.747   3.949      0.226957      8.408     8.635
     9.75    49.75    2057   3.742   0.758   3.944      0.227913      8.444     8.672
     9.75    49.75    2058   3.741   0.749   3.940      0.228289      8.430     8.658
     9.75    49.75    2059   3.756   0.745   3.939      0.225955      8.439     8.665
     9.75    49.75    2060   3.809   0.743   3.938      0.225196      8.490     8.715
     9.75    49.75    2061   3.804   0.738   3.934      0.225060      8.475     8.700
     9.75    49.75    2062   3.853   0.734   3.931      0.222373      8.518     8.740
     9.75    49.75    2063   3.919   0.739   3.931      0.220325      8.588     8.809
     9.75    49.75    2064   3.920   0.747   3.929      0.220619      8.597     8.817
     9.75    49.75    2065   3.938   0.747   3.924      0.217866      8.608     8.826
     9.75    49.75    2066   3.974   0.742   3.923      0.215716      8.639     8.855
     9.75    49.75    2067   3.984   0.732   3.917      0.213972      8.632     8.846
     9.75    49.75    2068   3.974   0.726   3.909      0.211808      8.610     8.821
     9.75    49.75    2069   4.037   0.720   3.905      0.209329      8.662     8.872
     9.75    49.75    2070   4.090   0.720   3.901      0.208492      8.711     8.919
     9.75    49.75    2071   4.159   0.724   3.898      0.206628      8.782     8.988
     9.75    49.75    2072   4.156   0.752   3.898      0.204790      8.806     9.011
     9.75    49.75    2073   4.214   0.745   3.896      0.202352      8.855     9.057
     9.75    49.75    2074   4.267   0.750   3.895      0.200429      8.912     9.112
     9.75    49.75    2075   4.288   0.743   3.891      0.198160      8.921     9.119
     9.75    49.75    2076   4.295   0.732   3.885      0.195713      8.912     9.108
     9.75    49.75    2077   4.386   0.733   3.885      0.193135      9.005     9.198
     9.75    49.75    2078   4.324   0.727   3.880      0.191741      8.931     9.122
     9.75    49.75    2079   4.218   0.790   3.874      0.189304      8.882     9.071
     9.75    49.75    2080   4.324   0.779   3.873      0.186761      8.976     9.162
     9.75    49.75    2081   4.377   0.772   3.868      0.184863      9.017     9.202
     9.75    49.75    2082   4.341   0.850   3.863      0.182362      9.054     9.237
     9.75    49.75    2083   4.385   0.839   3.859      0.180227      9.082     9.262
     9.75    49.75    2084   4.422   0.820   3.855      0.177810      9.097     9.275
     9.75    49.75    2085   4.470   0.805   3.850      0.175550      9.124     9.300
     9.75    49.75    2086   4.500   0.794   3.846      0.173147      9.139     9.312
     9.75    49.75    2087   4.527   0.782   3.841      0.170862      9.150     9.321
     9.75    49.75    2088   4.606   0.775   3.838      0.168348      9.220     9.388
     9.75    49.75    2089   4.641   0.768   3.832      0.166251      9.242     9.408
     9.75    49.75    2090   4.606   0.761   3.830      0.164248      9.197     9.361
     9.75    49.75    2091   4.641   0.751   3.828      0.161800      9.219     9.381
     9.75    49.75    2092   4.705   0.748   3.826      0.159374      9.279     9.439
     9.75    49.75    2093   4.768   0.736   3.822      0.156969      9.326     9.483
     9.75    49.75    2094   4.784   0.732   3.818      0.154585      9.333     9.488
     9.75    49.75    2095   4.802   0.722   3.813      0.152487      9.336     9.489
     9.75    49.75    2096   4.786   0.712   3.808      0.150145      9.306     9.457
     9.75    49.75    2097   4.813   0.704   3.804      0.147825      9.320     9.468
     9.75    49.75    2098   4.841   0.705   3.801      0.145526      9.347     9.492
     9.75    49.75    2099   4.879   0.707   3.797      0.143248      9.383     9.526
     9.75    49.75    2100   4.894   0.711   3.795      0.140991      9.400     9.541
     9.75    49.75    2101   4.967   0.712   3.794      0.138756      9.472     9.611
     9.75    49.75    2102   4.998   0.721   3.794      0.136542      9.513     9.650
     9.75    49.75    2103   5.039   0.729   3.792      0.134349      9.560     9.694
     9.75    49.75    2104   5.042   0.734   3.792      0.132177      9.569     9.701
     9.75    49.75    2105   5.066   0.736   3.790      0.130026      9.592     9.722
     9.75    49.75    2106   5.068   0.738   3.785      0.127896      9.591     9.719
     9.75    49.75    2107   5.140   0.751   3.786      0.125787      9.678     9.803
     9.75    49.75    2108   5.029   0.751   3.782      0.123698      9.563     9.687
     9.75    49.75    2109   5.005   0.744   3.779      0.121629      9.529     9.650
     9.75    49.75    2110   5.099   0.753   3.779      0.119581      9.630     9.750
     9.75    49.75    2111   5.058   0.762   3.776      0.117552      9.596     9.714
     9.75    49.75    2112   5.088   0.768   3.773      0.115543      9.629     9.745
     9.75    49.75    2113   5.118   0.777   3.770      0.113554      9.665     9.779
     9.75    49.75    2114   5.152   0.783   3.768      0.111585      9.702     9.814
     9.75    49.75    2115   5.179   0.790   3.765      0.109634      9.734     9.843
     9.75    49.75    2116   5.203   0.803   3.763      0.107703      9.769     9.877
     9.75    49.75    2117   5.224   0.803   3.760      0.105791      9.787     9.893
     9.75    49.75    2118   5.225   0.875   3.760      0.103898      9.859     9.963
     9.75    49.75    2119   5.263   0.874   3.758      0.102025      9.895     9.997
     9.75    49.75    2120   5.172   0.884   3.759      0.100170      9.816     9.916
     9.75    49.75    2121   5.140   0.880   3.761      0.098334      9.781     9.879
     9.75    49.75    2122   5.182   0.881   3.762      0.096517      9.826     9.922
     9.75    49.75    2123   5.227   0.877   3.761      0.094719      9.865     9.960
     9.75    49.75    2124   5.281   0.880   3.761      0.092941      9.922    10.015
     9.75    49.75    2125   5.287   0.880   3.760      0.091181      9.927    10.018
     9.75    49.75    2126   5.287   0.878   3.760      0.089441      9.926    10.015
     9.75    49.75    2127   5.302   0.878   3.760      0.087720      9.940    10.028
     9.75    49.75    2128   5.321   0.886   3.761      0.086019      9.967    10.053
     9.75    49.75    2129   5.355   0.883   3.760      0.084337      9.999    10.083
     9.75    49.75    2130   5.384   0.883   3.762      0.082675     10.029    10.112
    13.75    55.75    1980   3.042   1.829   4.590      0.149010      9.461     9.610
    13.75    55.75    1981   2.950   1.802   4.594      0.150674      9.347     9.497
    13.75    55.75    1982   2.937   1.781   4.597      0.152907      9.315     9.468
    13.75    55.75    1983   2.958   1.760   4.597      0.154288      9.314     9.468
    13.75    55.75    1984   3.002   1.763   4.599      0.156762      9.363     9.520
    13.75    55.75    1985   3.027   1.765   4.604      0.161130      9.396     9.558
    13.75    55.75    1986   3.013   1.784   4.613      0.165495      9.410     9.576
    13.75    55.75    1987   3.030   1.763   4.618      0.167887      9.411     9.579
    13.75    55.75    1988   3.058   1.733   4.617      0.170652      9.408     9.579
    13.75    55.75    1989   3.039   1.734   4.620      0.174826      9.393     9.568
    13.75    55.75    1990   3.083   1.726   4.625      0.177000      9.434     9.611
    13.75    55.75    1991   3.075   1.720   4.627      0.180510      9.422     9.603
    13.75    55.75    1992   3.089   1.711   4.629      0.182971      9.430     9.613
    13.75    55.75    1993   3.156   1.716   4.634      0.186589      9.507     9.693
    13.75    55.75    1994   3.175   1.714   4.636      0.193556      9.525     9.718
    13.75    55.75    1995   3.142   1.710   4.637      0.198172      9.490     9.688
    13.75    55.75    1996   3.170   1.698   4.638      0.200077      9.507     9.707
    13.75    55.75    1997   3.189   1.692   4.640      0.205026      9.521     9.726
    13.75    55.75    1998   3.199   1.686   4.641      0.210923      9.527     9.738
    13.75    55.75    1999   3.213   1.688   4.643      0.215437      9.543     9.758
    13.75    55.75    2000   3.084   1.681   4.644      0.219900      9.409     9.629
    13.75    55.75    2001   3.150   1.684   4.649      0.221785      9.483     9.705
    13.75    55.75    2002   3.113   1.692   4.655      0.229325      9.459     9.688
    13.75    55.75    2003   3.135   1.686   4.656      0.232332      9.478     9.710
    13.75    55.75    2004   3.125   1.745   4.655      0.236949      9.525     9.762
    13.75    55.75    2005   2.902   1.841   4.655      0.243919      9.398     9.642
    13.75    55.75    2006   2.868   1.829   4.660      0.246605      9.356     9.603
    13.75    55.75    2007   2.933   1.807   4.662      0.248171      9.402     9.650
    13.75    55.75    2008   2.769   1.797   4.664      0.254685      9.229     9.484
    13.75    55.75    2009   2.809   1.761   4.660      0.254681      9.230     9.484
    13.75    55.75    2010   2.908   1.746   4.660      0.259521      9.313     9.573
    13.75    55.75    2011   2.969   1.725   4.656      0.264206      9.349     9.614
    13.75    55.75    2012   2.970   1.717   4.658      0.266389      9.345     9.611
    13.75    55.75    2013   3.089   1.692   4.662      0.263663      9.442     9.706
    13.75    55.75    2014   3.019   1.679   4.665      0.266952      9.363     9.629
    13.75    55.75    2015   2.974   1.644   4.665      0.264298      9.283     9.547
    13.75    55.75    2016   3.016   1.611   4.664      0.259824      9.291     9.551
    13.75    55.75    2017   3.073   1.595   4.667      0.257501      9.335     9.592
    13.75    55.75    2018   3.091   1.580   4.666      0.260974      9.338     9.599
    13.75    55.75    2019   3.012   1.562   4.663      0.259893      9.237     9.497
    13.75    55.75    2020   3.146   1.529   4.660      0.255955      9.334     9.590
    13.75    55.75    2021   3.158   1.542   4.667      0.260177      9.367     9.627
    13.75    55.75    2022   3.269   1.531   4.668      0.258852      9.468     9.727
    13.75    55.75    2023   3.324   1.541   4.673      0.263216      9.538     9.801
    13.75    55.75    2024   3.326   1.533   4.674      0.269612      9.534     9.803
    13.75    55.75    2025   3.444   1.512   4.673      0.267738      9.628     9.896
    13.75    55.75    2026   3.441   1.513   4.674      0.271092      9.628     9.899
    13.75    55.75    2027   3.479   1.484   4.671      0.270156      9.634     9.904
    13.75    55.75    2028   3.599   1.467   4.669      0.268249      9.735    10.003
    13.75    55.75    2029   3.589   1.471   4.672      0.273245      9.731    10.004
    13.75    55.75    2030   3.677   1.459   4.671      0.271355      9.807    10.078
    13.75    55.75    2031   3.720   1.435   4.664      0.274082      9.819    10.093
    13.75    55.75    2032   3.620   1.423   4.660      0.274946      9.702     9.977
    13.75    55.75    2033   3.762   1.401   4.656      0.271480      9.819    10.090
    13.75    55.75    2034   3.785   1.407   4.657      0.277902      9.849    10.127
    13.75    55.75    2035   3.868   1.404   4.655      0.280454      9.927    10.207
    13.75    55.75    2036   3.833   1.406   4.653      0.285203      9.892    10.177
    13.75    55.75    2037   3.925   1.376   4.647      0.281586      9.948    10.230
    13.75    55.75    2038   3.973   1.374   4.643      0.286235      9.990    10.277
    13.75    55.75    2039   4.078   1.363   4.638      0.289743     10.080    10.370
    13.75    55.75    2040   4.020   1.377   4.636      0.295954     10.034    10.330
    13.75    55.75    2041   4.031   1.365   4.634      0.296544     10.030    10.326
    13.75    55.75    2042   4.051   1.444   4.634      0.293844     10.129    10.423
    13.75    55.75    2043   4.000   1.428   4.633      0.295899     10.061    10.357
    13.75    55.75    2044   4.146   1.408   4.629      0.293762     10.182    10.476
    13.75    55.75    2045   4.009   1.407   4.626      0.299442     10.042    10.341
    13.75    55.75    2046   4.094   1.395   4.622      0.296429     10.110    10.407
    13.75    55.75    2047   4.056   1.403   4.624      0.304307     10.083    10.388
    13.75    55.75    2048   4.148   1.382   4.619      0.302830     10.149    10.451
    13.75    55.75    2049   4.257   1.372   4.614      0.303174     10.243    10.546
    13.75    55.75    2050   4.306   1.378   4.615      0.305948     10.298    10.604
    13.75    55.75    2051   4.430   1.369   4.612      0.307531     10.411    10.718
    13.75    55.75    2052   4.466   1.386   4.615      0.311034     10.466    10.777
    13.75    55.75    2053   4.526   1.381   4.616      0.311342     10.523    10.834
    13.75    55.75    2054   4.620   1.378   4.616      0.312400     10.615    10.927
    13.75    55.75    2055   4.515   1.380   4.609      0.316686     10.504    10.821
    13.75    55.75    2056   4.604   1.356   4.605      0.314516     10.564    10.879
    13.75    55.75    2057   4.550   1.343   4.599      0.316116     10.493    10.809
    13.75    55.75    2058   4.706   1.317   4.589      0.312842     10.612    10.925
    13.75    55.75    2059   4.814   1.324   4.584      0.314848     10.722    11.037
    13.75    55.75    2060   4.810   1.331   4.583      0.319447     10.723    11.043
    13.75    55.75    2061   4.869   1.326   4.580      0.317537     10.775    11.092
    13.75    55.75    2062   4.897   1.309   4.576      0.316029     10.782    11.098
    13.75    55.75    2063   4.961   1.287   4.566      0.313514     10.814    11.128
    13.75    55.75    2064   5.098   1.289   4.562      0.311499     10.949    11.260
    13.75    55.75    2065   5.119   1.302   4.559      0.314465     10.980    11.294
    13.75    55.75    2066   5.138   1.306   4.558      0.314159     11.001    11.315
    13.75    55.75    2067   5.163   1.298   4.553      0.311900     11.013    11.325
    13.75    55.75    2068   5.119   1.288   4.546      0.311854     10.954    11.265
    13.75    55.75    2069   5.248   1.270   4.538      0.307964     11.057    11.365
    13.75    55.75    2070   5.290   1.282   4.532      0.312557     11.105    11.417
    13.75    55.75    2071   5.293   1.281   4.527      0.313999     11.101    11.415
    13.75    55.75    2072   5.375   1.305   4.529      0.314992     11.208    11.523
    13.75    55.75    2073   5.294   1.333   4.525      0.315817     11.152    11.467
    13.75    55.75    2074   5.428   1.325   4.525      0.311890     11.278    11.590
    13.75    55.75    2075   5.505   1.324   4.522      0.311464     11.350    11.662
    13.75    55.75    2076   5.487   1.318   4.515      0.310525     11.319    11.630
    13.75    55.75    2077   5.478   1.321   4.514      0.308037     11.314    11.622
    13.75    55.75    2078   5.615   1.321   4.512      0.306753     11.447    11.754
    13.75    55.75    2079   5.704   1.325   4.506      0.308989     11.535    11.844
    13.75    55.75    2080   5.707   1.324   4.500      0.309784     11.531    11.841
    13.75    55.75    2081   5.641   1.316   4.497      0.306001     11.455    11.761
    13.75    55.75    2082   5.811   1.304   4.491      0.302145     11.606    11.908
    13.75    55.75    2083   5.856   1.318   4.489      0.303332     11.663    11.966
    13.75    55.75    2084   5.918   1.316   4.484      0.301896     11.718    12.020
    13.75    55.75    2085   5.979   1.317   4.479      0.302349     11.775    12.077
    13.75    55.75    2086   6.077   1.323   4.478      0.300129     11.878    12.178
    13.75    55.75    2087   6.125   1.331   4.475      0.298965     11.931    12.230
    13.75    55.75    2088   6.168   1.329   4.471      0.295820     11.968    12.264
    13.75    55.75    2089   5.925   1.432   4.465      0.293119     11.821    12.115
    13.75    55.75    2090   6.029   1.423   4.465      0.289202     11.917    12.206
    13.75    55.75    2091   6.161   1.432   4.464      0.288238     12.057    12.345
    13.75    55.75    2092   6.136   1.528   4.467      0.285343     12.131    12.416
    13.75    55.75    2093   6.144   1.510   4.466      0.282552     12.120    12.402
    13.75    55.75    2094   6.245   1.493   4.463      0.278986     12.201    12.480
    13.75    55.75    2095   6.352   1.488   4.457      0.278489     12.297    12.576
    13.75    55.75    2096   6.231   1.494   4.456      0.276553     12.181    12.458
    13.75    55.75    2097   6.298   1.493   4.459      0.272781     12.250    12.523
    13.75    55.75    2098   6.264   1.497   4.459      0.270561     12.220    12.491
    13.75    55.75    2099   6.334   1.491   4.455      0.266846     12.280    12.547
    13.75    55.75    2100   6.456   1.499   4.453      0.263160     12.407    12.670
    13.75    55.75    2101   6.510   1.505   4.452      0.262553     12.467    12.730
    13.75    55.75    2102   6.605   1.525   4.456      0.258928     12.585    12.844
    13.75    55.75    2103   6.516   1.518   4.453      0.255334     12.488    12.743
    13.75    55.75    2104   6.609   1.519   4.455      0.251770     12.583    12.835
    13.75    55.75    2105   6.680   1.527   4.452      0.248238     12.659    12.907
    13.75    55.75    2106   6.586   1.622   4.447      0.244737     12.655    12.899
    13.75    55.75    2107   6.606   1.629   4.450      0.241268     12.685    12.927
    13.75    55.75    2108   6.742   1.629   4.450      0.238667     12.821    13.060
    13.75    55.75    2109   6.823   1.635   4.446      0.236264     12.905    13.141
    13.75    55.75    2110   6.829   1.630   4.444      0.232893     12.903    13.136
    13.75    55.75    2111   6.808   1.622   4.444      0.229556     12.874    13.104
    13.75    55.75    2112   6.948   1.620   4.441      0.226251     13.009    13.235
    13.75    55.75    2113   7.013   1.636   4.442      0.222977     13.091    13.314
    13.75    55.75    2114   7.065   1.635   4.441      0.219734     13.140    13.360
    13.75    55.75    2115   7.134   1.633   4.438      0.216522     13.205    13.421
    13.75    55.75    2116   7.211   1.640   4.440      0.213340     13.292    13.505
    13.75    55.75    2117   7.239   1.648   4.439      0.210188     13.326    13.536
    13.75    55.75    2118   7.259   1.658   4.437      0.207064     13.355    13.562
    13.75    55.75    2119   7.174   1.654   4.435      0.203969     13.263    13.467
    13.75    55.75    2120   7.161   1.768   4.437      0.200903     13.366    13.567
    13.75    55.75    2121   7.279   1.779   4.439      0.197864     13.498    13.696
    13.75    55.75    2122   7.268   1.805   4.446      0.194852     13.518    13.713
    13.75    55.75    2123   7.251   1.797   4.447      0.191867     13.494    13.686
    13.75    55.75    2124   7.230   1.869   4.448      0.188908     13.547    13.736
    13.75    55.75    2125   7.321   1.859   4.446      0.185975     13.627    13.813
    13.75    55.75    2126   7.286   1.868   4.447      0.183067     13.602    13.785
    13.75    55.75    2127   7.259   1.868   4.452      0.180183     13.578    13.758
    13.75    55.75    2128   7.113   1.946   4.457      0.177324     13.516    13.693
    13.75    55.75    2129   7.231   1.926   4.458      0.174489     13.615    13.790
    13.75    55.75    2130   7.313   1.946   4.458      0.171678     13.717    13.889
    23.75    61.75    1980   4.616   4.717  16.665      0.650136     25.998    26.648
    23.75    61.75    1981   4.669   4.718  16.668      0.660527     26.054    26.715
    23.75    61.75    1982   4.674   4.729  16.672      0.670408     26.075    26.746
    23.75    61.75    1983   4.738   4.772  16.684      0.679147     26.193    26.873
    23.75    61.75    1984   4.539   4.827  16.675      0.695307     26.040    26.735
    23.75    61.75    1985   4.586   4.778  16.669      0.703496     26.032    26.736
    23.75    61.75    1986   4.490   4.811  16.674      0.714783     25.975    26.690
    23.75    61.75    1987   4.574   4.744  16.669      0.725526     25.987    26.713
    23.75    61.75    1988   4.539   4.698  16.656      0.737342     25.893    26.631
    23.75    61.75    1989   4.577   4.719  16.661      0.745979     25.957    26.703
    23.75    61.75    1990   4.597   4.679  16.660      0.759002     25.936    26.695
    23.75    61.75    1991   4.634   4.692  16.663      0.773478     25.989    26.763
    23.75    61.75    1992   4.602   4.786  16.660      0.782928     26.048    26.831
    23.75    61.75    1993   4.669   4.779  16.663      0.788564     26.111    26.899
    23.75    61.75    1994   4.688   4.718  16.655      0.797509     26.061    26.859
    23.75    61.75    1995   4.751   4.671  16.649      0.809426     26.071    26.880
    23.75    61.75    1996   4.738   4.670  16.646      0.824601     26.054    26.879
    23.75    61.75    1997   4.743   4.612  16.636      0.834502     25.991    26.826
    23.75    61.75    1998   4.803   4.597  16.628      0.841374     26.029    26.871
    23.75    61.75    1999   4.927   4.546  16.615      0.855144     26.087    26.942
    23.75    61.75    2000   4.958   4.541  16.606      0.868451     26.105    26.974
    23.75    61.75    2001   4.969   4.565  16.609      0.882075     26.143    27.025
    23.75    61.75    2002   5.030   4.550  16.609      0.888836     26.188    27.077
    23.75    61.75    2003   5.000   4.554  16.611      0.902990     26.165    27.068
    23.75    61.75    2004   5.094   4.459  16.591      0.910995     26.145    27.056
    23.75    61.75    2005   5.161   4.405  16.570      0.924737     26.136    27.061
    23.75    61.75    2006   5.090   4.444  16.569      0.946727     26.103    27.049
    23.75    61.75    2007   5.144   4.383  16.554      0.955660     26.081    27.036
    23.75    61.75    2008   5.197   4.389  16.551      0.967047     26.137    27.105
    23.75    61.75    2009   5.200   4.384  16.546      0.984430     26.131    27.115
    23.75    61.75    2010   5.292   4.343  16.531      0.996931     26.166    27.163
    23.75    61.75    2011   5.357   4.331  16.523      1.002253     26.211    27.213
    23.75    61.75    2012   5.386   4.290  16.509      1.012569     26.185    27.198
    23.75    61.75    2013   5.502   4.259  16.498      1.014365     26.259    27.273
    23.75    61.75    2014   5.645   4.236  16.487      1.018846     26.368    27.387
    23.75    61.75    2015   5.625   4.239  16.481      1.031214     26.345    27.376
    23.75    61.75    2016   5.661   4.225  16.477      1.040730     26.363    27.404
    23.75    61.75    2017   5.765   4.197  16.468      1.040708     26.430    27.471
    23.75    61.75    2018   5.916   4.126  16.445      1.040863     26.487    27.528
    23.75    61.75    2019   5.968   4.147  16.441      1.044543     26.556    27.601
    23.75    61.75    2020   5.940   4.100  16.427      1.040892     26.467    27.508
    23.75    61.75    2021   6.121   4.072  16.419      1.041148     26.613    27.654
    23.75    61.75    2022   6.229   4.037  16.399      1.051376     26.665    27.716
    23.75    61.75    2023   6.282   4.043  16.389      1.055517     26.713    27.769
    23.75    61.75    2024   6.351   4.047  16.384      1.059588     26.782    27.841
    23.75    61.75    2025   6.355   4.067  16.381      1.068162     26.803    27.871
    23.75    61.75    2026   6.399   4.099  16.384      1.069766     26.881    27.951
    23.75    61.75    2027   6.481   4.012  16.360      1.069008     26.853    27.922
    23.75    61.75    2028   6.585   4.003  16.349      1.067290     26.938    28.005
    23.75    61.75    2029   6.705   3.979  16.334      1.064642     27.018    28.082
    23.75    61.75    2030   6.849   4.011  16.332      1.061384     27.192    28.254
    23.75    61.75    2031   7.007   3.945  16.310      1.060351     27.262    28.322
    23.75    61.75    2032   7.134   3.914  16.285      1.065970     27.333    28.399
    23.75    61.75    2033   7.222   3.889  16.258      1.075671     27.370    28.446
    23.75    61.75    2034   7.229   3.941  16.253      1.092622     27.423    28.515
    23.75    61.75    2035   7.322   3.932  16.235      1.092068     27.489    28.581
    23.75    61.75    2036   7.294   3.975  16.238      1.085866     27.508    28.594
    23.75    61.75    2037   7.442   3.935  16.230      1.075950     27.607    28.683
    23.75    61.75    2038   7.485   3.954  16.226      1.075241     27.665    28.741
    23.75    61.75    2039   7.598   3.941  16.211      1.074661     27.750    28.824
    23.75    61.75    2040   7.712   3.939  16.196      1.074446     27.848    28.922
    23.75    61.75    2041   7.740   3.937  16.183      1.076697     27.860    28.937
    23.75    61.75    2042   7.785   3.928  16.168      1.072423     27.881    28.954
    23.75    61.75    2043   7.704   4.058  16.163      1.069973     27.926    28.995
    23.75    61.75    2044   7.759   3.999  16.141      1.067455     27.899    28.966
    23.75    61.75    2045   7.891   3.957  16.115      1.064859     27.964    29.028
    23.75    61.75    2046   7.965   3.931  16.089      1.063118     27.984    29.047
    23.75    61.75    2047   8.124   3.967  16.086      1.054395     28.177    29.231
    23.75    61.75    2048   8.217   3.975  16.077      1.050189     28.268    29.319
    23.75    61.75    2049   8.284   4.000  16.067      1.048355     28.351    29.399
    23.75    61.75    2050   8.337   4.023  16.061      1.049689     28.421    29.471
    23.75    61.75    2051   8.406   4.017  16.051      1.045992     28.474    29.520
    23.75    61.75    2052   8.434   4.027  16.040      1.045430     28.501    29.547
    23.75    61.75    2053   8.537   4.077  16.041      1.045102     28.655    29.700
    23.75    61.75    2054   8.618   4.107  16.039      1.038554     28.763    29.802
    23.75    61.75    2055   8.735   4.080  16.018      1.029807     28.832    29.862
    23.75    61.75    2056   8.821   4.040  15.997      1.019756     28.858    29.878
    23.75    61.75    2057   8.871   4.088  15.993      1.018512     28.952    29.970
    23.75    61.75    2058   8.982   4.143  15.992      1.012818     29.117    30.130
    23.75    61.75    2059   9.023   4.089  15.965      1.013347     29.077    30.091
    23.75    61.75    2060   9.026   4.104  15.950      1.013276     29.080    30.094
    23.75    61.75    2061   9.092   4.147  15.950      1.005271     29.189    30.194
    23.75    61.75    2062   9.175   4.181  15.951      0.997141     29.307    30.304
    23.75    61.75    2063   9.173   4.252  15.955      0.988914     29.380    30.369
    23.75    61.75    2064   9.265   4.250  15.951      0.980369     29.465    30.446
    23.75    61.75    2065   9.316   4.264  15.944      0.973783     29.524    30.497
    23.75    61.75    2066   9.354   4.318  15.945      0.965330     29.617    30.583
    23.75    61.75    2067   9.462   4.303  15.932      0.959785     29.697    30.656
    23.75    61.75    2068   9.486   4.382  15.933      0.957926     29.801    30.759
    23.75    61.75    2069   9.459   4.424  15.908      0.951729     29.790    30.742
    23.75    61.75    2070   9.396   4.460  15.911      0.941123     29.767    30.708
    23.75    61.75    2071   9.458   4.494  15.914      0.930633     29.865    30.796
    23.75    61.75    2072   9.445   4.532  15.910      0.923351     29.886    30.810
    23.75    61.75    2073   9.549   4.512  15.898      0.911486     29.959    30.870
    23.75    61.75    2074   9.598   4.535  15.889      0.902249     30.022    30.924
    23.75    61.75    2075   9.660   4.567  15.888      0.892756     30.114    31.007
    23.75    61.75    2076   9.746   4.551  15.870      0.883378     30.166    31.050
    23.75    61.75    2077   9.784   4.587  15.868      0.874719     30.239    31.114
    23.75    61.75    2078   9.856   4.570  15.860      0.865534     30.287    31.152
    23.75    61.75    2079   9.904   4.559  15.845      0.853884     30.308    31.162
    23.75    61.75    2080   9.905   4.597  15.836      0.845619     30.338    31.184
    23.75    61.75    2081   9.951   4.664  15.842      0.837336     30.458    31.295
    23.75    61.75    2082  10.060   4.667  15.835      0.825900     30.562    31.388
    23.75    61.75    2083  10.072   4.679  15.826      0.816742     30.577    31.393
    23.75    61.75    2084  10.111   4.712  15.829      0.805610     30.653    31.459
    23.75    61.75    2085  10.148   4.751  15.829      0.794090     30.728    31.522
    23.75    61.75    2086  10.127   4.753  15.822      0.784037     30.703    31.487
    23.75    61.75    2087  10.229   4.700  15.800      0.772878     30.729    31.502
    23.75    61.75    2088  10.283   4.708  15.785      0.761580     30.775    31.537
    23.75    61.75    2089  10.258   4.764  15.784      0.750361     30.806    31.556
    23.75    61.75    2090  10.419   4.766  15.778      0.739222     30.963    31.702
    23.75    61.75    2091  10.462   4.849  15.778      0.728166     31.090    31.818
    23.75    61.75    2092  10.518   4.890  15.776      0.717195     31.183    31.900
    23.75    61.75    2093  10.517   4.916  15.775      0.706311     31.208    31.914
    23.75    61.75    2094  10.602   4.945  15.775      0.695516     31.322    32.018
    23.75    61.75    2095  10.533   4.988  15.783      0.684810     31.304    31.988
    23.75    61.75    2096  10.569   4.959  15.774      0.674197     31.303    31.977
    23.75    61.75    2097  10.542   4.971  15.768      0.663675     31.281    31.944
    23.75    61.75    2098  10.573   5.042  15.782      0.653246     31.397    32.050
    23.75    61.75    2099  10.663   5.017  15.768      0.642910     31.447    32.090
    23.75    61.75    2100  10.721   4.980  15.747      0.632666     31.448    32.080
    23.75    61.75    2101  10.724   5.071  15.756      0.622515     31.552    32.174
    23.75    61.75    2102  10.685   5.097  15.754      0.612457     31.537    32.149
    23.75    61.75    2103  10.719   5.085  15.747      0.602490     31.550    32.152
    23.75    61.75    2104  10.745   5.117  15.741      0.592614     31.603    32.196
    23.75    61.75    2105  10.769   5.170  15.745      0.582829     31.684    32.267
    23.75    61.75    2106  10.720   5.262  15.734      0.573134     31.715    32.288
    23.75    61.75    2107  10.698   5.292  15.734      0.563528     31.723    32.287
    23.75    61.75    2108  10.741   5.300  15.733      0.554011     31.773    32.327
    23.75    61.75    2109  10.856   5.283  15.723      0.544582     31.863    32.407
    23.75    61.75    2110  10.855   5.294  15.718      0.535241     31.868    32.403
    23.75    61.75    2111  10.891   5.361  15.731      0.525988     31.982    32.508
    23.75    61.75    2112  10.962   5.367  15.728      0.516823     32.057    32.574
    23.75    61.75    2113  10.964   5.371  15.726      0.507745     32.060    32.568
    23.75    61.75    2114  10.969   5.420  15.738      0.498754     32.127    32.626
    23.75    61.75    2115  10.988   5.488  15.743      0.489850     32.219    32.709
    23.75    61.75    2116  11.009   5.492  15.739      0.481034     32.240    32.721
    23.75    61.75    2117  11.083   5.449  15.726      0.472306     32.258    32.730
    23.75    61.75    2118  11.132   5.430  15.714      0.463666     32.275    32.739
    23.75    61.75    2119  11.096   5.474  15.720      0.455115     32.290    32.745
    23.75    61.75    2120  11.229   5.494  15.722      0.446652     32.445    32.891
    23.75    61.75    2121  11.236   5.576  15.729      0.438279     32.541    32.979
    23.75    61.75    2122  11.296   5.580  15.734      0.429996     32.609    33.039
    23.75    61.75    2123  11.296   5.593  15.741      0.421803     32.629    33.051
    23.75    61.75    2124  11.367   5.616  15.745      0.413700     32.728    33.141
    23.75    61.75    2125  11.240   5.701  15.759      0.405690     32.700    33.106
    23.75    61.75    2126  11.279   5.665  15.758      0.397771     32.701    33.099
    23.75    61.75    2127  11.247   5.680  15.761      0.389945     32.688    33.078
    23.75    61.75    2128  11.220   5.790  15.779      0.382212     32.789    33.171
    23.75    61.75    2129  11.312   5.752  15.772      0.374573     32.836    33.210
    23.75    61.75    2130  11.327   5.732  15.760      0.367028     32.818    33.186
    21.75    37.75    1980   1.080   0.290   2.702      0.027296      4.071     4.099
    21.75    37.75    1981   0.987   0.302   2.700      0.027617      3.989     4.016
    21.75    37.75    1982   0.977   0.288   2.699      0.027321      3.964     3.991
    21.75    37.75    1983   1.080   0.277   2.697      0.027022      4.054     4.081
    21.75    37.75    1984   1.046   0.299   2.689      0.028040      4.034     4.062
    21.75    37.75    1985   1.029   0.284   2.690      0.027821      4.003     4.031
    21.75    37.75    1986   1.179   0.271   2.688      0.027545      4.138     4.166
    21.75    37.75    1987   1.183   0.301   2.685      0.031273      4.170     4.201
    21.75    37.75    1988   1.196   0.294   2.688      0.032248      4.178     4.211
    21.75    37.75    1989   1.159   0.294   2.688      0.032065      4.141     4.173
    21.75    37.75    1990   1.186   0.275   2.690      0.031855      4.151     4.183
    21.75    37.75    1991   1.027   0.299   2.687      0.033023      4.013     4.046
    21.75    37.75    1992   1.076   0.276   2.687      0.032789      4.039     4.072
    21.75    37.75    1993   1.108   0.298   2.682      0.033047      4.088     4.122
    21.75    37.75    1994   1.159   0.299   2.676      0.035079      4.135     4.170
    21.75    37.75    1995   1.204   0.308   2.676      0.036954      4.189     4.226
    21.75    37.75    1996   1.179   0.304   2.675      0.037434      4.158     4.195
    21.75    37.75    1997   1.224   0.290   2.676      0.037240      4.190     4.227
    21.75    37.75    1998   1.222   0.290   2.677      0.037207      4.189     4.227
    21.75    37.75    1999   1.203   0.285   2.674      0.037023      4.162     4.199
    21.75    37.75    2000   1.262   0.273   2.672      0.036833      4.206     4.243
    21.75    37.75    2001   1.226   0.286   2.668      0.037334      4.180     4.218
    21.75    37.75    2002   1.244   0.279   2.670      0.039420      4.193     4.232
    21.75    37.75    2003   1.249   0.291   2.667      0.041020      4.206     4.247
    21.75    37.75    2004   1.233   0.285   2.667      0.042986      4.184     4.227
    21.75    37.75    2005   1.294   0.287   2.666      0.043279      4.247     4.290
    21.75    37.75    2006   1.222   0.306   2.666      0.044284      4.194     4.238
    21.75    37.75    2007   1.218   0.351   2.670      0.044552      4.239     4.284
    21.75    37.75    2008   1.229   0.354   2.671      0.046616      4.254     4.301
    21.75    37.75    2009   1.287   0.353   2.674      0.046838      4.314     4.361
    21.75    37.75    2010   1.206   0.361   2.677      0.047650      4.243     4.291
    21.75    37.75    2011   1.276   0.320   2.681      0.046933      4.278     4.325
    21.75    37.75    2012   1.203   0.372   2.680      0.047470      4.255     4.303
    21.75    37.75    2013   1.178   0.351   2.680      0.046740      4.209     4.256
    21.75    37.75    2014   1.267   0.332   2.680      0.045986      4.279     4.325
    21.75    37.75    2015   1.249   0.346   2.675      0.047030      4.271     4.318
    21.75    37.75    2016   1.228   0.342   2.678      0.046597      4.248     4.294
    21.75    37.75    2017   1.215   0.319   2.680      0.045826      4.214     4.260
    21.75    37.75    2018   1.311   0.311   2.679      0.045143      4.301     4.346
    21.75    37.75    2019   1.248   0.327   2.676      0.047389      4.251     4.298
    21.75    37.75    2020   1.239   0.353   2.680      0.046637      4.272     4.318
    21.75    37.75    2021   1.344   0.357   2.680      0.046167      4.381     4.427
    21.75    37.75    2022   1.293   0.375   2.681      0.050586      4.348     4.399
    21.75    37.75    2023   1.237   0.356   2.685      0.050050      4.278     4.328
    21.75    37.75    2024   1.263   0.332   2.687      0.049336      4.281     4.331
    21.75    37.75    2025   1.241   0.323   2.683      0.048656      4.246     4.295
    21.75    37.75    2026   1.275   0.317   2.683      0.048008      4.275     4.323
    21.75    37.75    2027   1.359   0.312   2.681      0.047727      4.352     4.399
    21.75    37.75    2028   1.251   0.346   2.678      0.048577      4.276     4.324
    21.75    37.75    2029   1.335   0.309   2.681      0.047925      4.325     4.373
    21.75    37.75    2030   1.335   0.312   2.677      0.048821      4.324     4.372
    21.75    37.75    2031   1.066   0.453   2.674      0.048531      4.193     4.242
    21.75    37.75    2032   1.158   0.395   2.675      0.047939      4.228     4.276
    21.75    37.75    2033   1.140   0.403   2.668      0.048547      4.211     4.260
    21.75    37.75    2034   1.198   0.379   2.668      0.048635      4.244     4.293
    21.75    37.75    2035   1.149   0.392   2.667      0.048507      4.208     4.257
    21.75    37.75    2036   1.162   0.347   2.672      0.048015      4.181     4.229
    21.75    37.75    2037   1.196   0.349   2.673      0.048195      4.218     4.266
    21.75    37.75    2038   1.273   0.349   2.675      0.047758      4.297     4.345
    21.75    37.75    2039   1.207   0.359   2.677      0.048809      4.244     4.292
    21.75    37.75    2040   1.208   0.326   2.685      0.049137      4.219     4.268
    21.75    37.75    2041   1.328   0.318   2.686      0.048701      4.331     4.380
    21.75    37.75    2042   1.255   0.348   2.686      0.053329      4.290     4.343
    21.75    37.75    2043   1.320   0.320   2.692      0.053891      4.332     4.386
    21.75    37.75    2044   1.257   0.343   2.691      0.056615      4.291     4.348
    21.75    37.75    2045   1.203   0.337   2.694      0.056259      4.235     4.291
    21.75    37.75    2046   1.217   0.323   2.692      0.055861      4.232     4.288
    21.75    37.75    2047   1.267   0.318   2.689      0.055406      4.274     4.330
    21.75    37.75    2048   1.295   0.325   2.685      0.055022      4.305     4.360
    21.75    37.75    2049   1.337   0.332   2.689      0.054732      4.358     4.412
    21.75    37.75    2050   1.165   0.343   2.690      0.056868      4.198     4.255
    21.75    37.75    2051   1.185   0.298   2.691      0.056417      4.174     4.230
    21.75    37.75    2052   1.170   0.294   2.682      0.055973      4.146     4.202
    21.75    37.75    2053   1.261   0.279   2.677      0.055544      4.217     4.273
    21.75    37.75    2054   1.270   0.300   2.672      0.058304      4.243     4.301
    21.75    37.75    2055   1.350   0.301   2.671      0.058992      4.322     4.381
    21.75    37.75    2056   1.259   0.310   2.670      0.060204      4.240     4.300
    21.75    37.75    2057   0.621   0.816   2.670      0.059789      4.106     4.166
    21.75    37.75    2058   0.651   0.711   2.680      0.059141      4.042     4.101
    21.75    37.75    2059   0.720   0.666   2.675      0.058486      4.060     4.119
    21.75    37.75    2060   0.714   0.660   2.674      0.057828      4.049     4.107
    21.75    37.75    2061   0.733   0.597   2.680      0.057163      4.010     4.068
    21.75    37.75    2062   0.811   0.565   2.683      0.056497      4.058     4.115
    21.75    37.75    2063   0.787   0.566   2.684      0.055835      4.036     4.092
    21.75    37.75    2064   0.835   0.519   2.692      0.055214      4.045     4.101
    21.75    37.75    2065   0.828   0.496   2.693      0.054772      4.017     4.071
    21.75    37.75    2066   0.900   0.457   2.692      0.054119      4.049     4.104
    21.75    37.75    2067   0.902   0.457   2.688      0.053476      4.046     4.100
    21.75    37.75    2068   0.984   0.440   2.689      0.052840      4.113     4.166
    21.75    37.75    2069   0.924   0.437   2.689      0.052507      4.050     4.102
    21.75    37.75    2070   0.984   0.396   2.689      0.051876      4.069     4.121
    21.75    37.75    2071   0.993   0.388   2.684      0.051324      4.065     4.116
    21.75    37.75    2072   1.070   0.372   2.681      0.050707      4.124     4.175
    21.75    37.75    2073   1.046   0.380   2.678      0.050470      4.103     4.154
    21.75    37.75    2074   1.038   0.350   2.677      0.049946      4.065     4.115
    21.75    37.75    2075   0.974   0.333   2.670      0.049367      3.978     4.028
    21.75    37.75    2076   1.048   0.310   2.665      0.048786      4.023     4.072
    21.75    37.75    2077   0.995   0.319   2.657      0.048573      3.971     4.019
    21.75    37.75    2078   0.875   0.303   2.649      0.048002      3.826     3.874
    21.75    37.75    2079   0.943   0.291   2.641      0.047442      3.874     3.922
    21.75    37.75    2080   1.014   0.301   2.633      0.047093      3.948     3.995
    21.75    37.75    2081   1.115   0.311   2.631      0.047231      4.057     4.104
    21.75    37.75    2082   1.031   0.322   2.631      0.048460      3.984     4.033
    21.75    37.75    2083   1.007   0.286   2.636      0.047996      3.929     3.977
    21.75    37.75    2084   1.092   0.274   2.634      0.047474      4.000     4.048
    21.75    37.75    2085   1.142   0.288   2.631      0.047578      4.061     4.108
    21.75    37.75    2086   1.179   0.286   2.631      0.048319      4.097     4.145
    21.75    37.75    2087   1.084   0.288   2.630      0.048479      4.002     4.050
    21.75    37.75    2088   0.545   0.657   2.629      0.047937      3.832     3.880
    21.75    37.75    2089   0.641   0.534   2.643      0.047362      3.817     3.865
    21.75    37.75    2090   0.577   0.513   2.633      0.046775      3.723     3.769
    21.75    37.75    2091   0.570   0.508   2.638      0.046187      3.715     3.762
    21.75    37.75    2092   0.564   0.499   2.643      0.045614      3.706     3.752
    21.75    37.75    2093   0.622   0.451   2.653      0.045050      3.727     3.772
    21.75    37.75    2094   0.583   0.438   2.654      0.044504      3.675     3.720
    21.75    37.75    2095   0.736   0.379   2.659      0.044003      3.774     3.818
    21.75    37.75    2096   0.646   0.419   2.651      0.043888      3.716     3.760
    21.75    37.75    2097   0.688   0.358   2.658      0.043331      3.704     3.747
    21.75    37.75    2098   0.615   0.351   2.650      0.042884      3.616     3.659
    21.75    37.75    2099   0.692   0.315   2.647      0.042260      3.654     3.696
    21.75    37.75    2100   0.758   0.310   2.640      0.041867      3.707     3.749
    21.75    37.75    2101   0.703   0.320   2.636      0.041474      3.659     3.701
    21.75    37.75    2102   0.866   0.290   2.637      0.040848      3.793     3.834
    21.75    37.75    2103   0.819   0.319   2.632      0.041388      3.771     3.813
    21.75    37.75    2104   0.818   0.283   2.636      0.040766      3.736     3.777
    21.75    37.75    2105   0.802   0.276   2.631      0.040160      3.709     3.749
    21.75    37.75    2106   0.844   0.260   2.628      0.039638      3.732     3.772
    21.75    37.75    2107   0.844   0.255   2.623      0.039429      3.722     3.761
    21.75    37.75    2108   0.780   0.258   2.615      0.038813      3.653     3.692
    21.75    37.75    2109   0.881   0.228   2.612      0.038200      3.721     3.759
    21.75    37.75    2110   0.986   0.250   2.605      0.037843      3.840     3.878
    21.75    37.75    2111   1.044   0.301   2.606      0.037958      3.951     3.989
    21.75    37.75    2112   0.969   0.287   2.612      0.038698      3.868     3.907
    21.75    37.75    2113   0.982   0.251   2.618      0.038116      3.850     3.888
    21.75    37.75    2114   1.066   0.251   2.616      0.037525      3.932     3.970
    21.75    37.75    2115   1.105   0.268   2.617      0.037821      3.989     4.027
    21.75    37.75    2116   1.122   0.265   2.618      0.038213      4.006     4.044
    21.75    37.75    2117   1.091   0.255   2.618      0.037887      3.965     4.003
    21.75    37.75    2118   0.748   0.469   2.617      0.037291      3.834     3.871
    21.75    37.75    2119   0.846   0.386   2.625      0.036693      3.857     3.894
    21.75    37.75    2120   0.851   0.389   2.613      0.036126      3.853     3.889
    21.75    37.75    2121   0.859   0.395   2.614      0.035594      3.868     3.904
    21.75    37.75    2122   0.870   0.391   2.620      0.035069      3.881     3.916
    21.75    37.75    2123   0.888   0.370   2.627      0.034696      3.885     3.920
    21.75    37.75    2124   0.848   0.364   2.628      0.034453      3.840     3.875
    21.75    37.75    2125   1.000   0.322   2.631      0.034405      3.953     3.988
    21.75    37.75    2126   0.951   0.352   2.624      0.034607      3.927     3.962
    21.75    37.75    2127   0.970   0.319   2.630      0.034072      3.919     3.953
    21.75    37.75    2128   0.843   0.306   2.627      0.033580      3.776     3.810
    21.75    37.75    2129   0.855   0.282   2.626      0.033004      3.762     3.795
    21.75    37.75    2130   0.913   0.284   2.622      0.032698      3.819     3.852
