      Lon      Lat    Year       Jan       Feb       Mar       Apr       May       Jun       Jul       Aug       Sep       Oct       Nov       Dec
     9.75    49.75    1980     1.030     1.457     2.480     4.184    10.462    15.692    12.080    13.652     5.965     4.264     1.079     1.194
     9.75    49.75    1981     1.098     1.076     2.534     5.875     5.704     6.066     9.170    13.790     8.396     3.524     2.496     1.036
     9.75    49.75    1982     1.581     1.692     2.969     3.336     6.016    10.179    18.037    12.089     8.130     3.940     3.662     1.095
     9.75    49.75    1983     1.124     1.458     1.322     5.324     8.023    12.736    14.200     8.228     5.409     4.351     2.486     0.840
     9.75    49.75    1984     1.043     1.387     2.994     6.433    12.734    13.378     6.630     9.470     4.394     2.538     4.074     0.796
     9.75    49.75    1985     0.716     1.321     2.761     5.937     7.664    13.814    10.243    12.353     7.051     6.489     2.035     1.069
     9.75    49.75    1986     0.789     1.753     2.462     2.428     6.185     7.465    11.139     7.022     7.860     6.929     4.231     1.247
     9.75    49.75    1987     1.009     1.445     1.822     5.683    15.625    17.555     8.012    14.437     8.726     3.495     2.667     1.018
     9.75    49.75    1988     0.747     1.913     1.860     2.701    10.641     4.388    11.188     8.064     3.131     1.933     2.302     1.037
     9.75    49.75    1989     0.876     1.200     2.541     4.515    14.529    12.311    12.402    12.430     8.973     5.732     4.435     0.765
     9.75    49.75    1990     1.018     1.235     2.574     4.748     8.637    12.567    10.915     9.442     3.084     6.146     3.862     1.024
     9.75    49.75    1991     1.163     1.404     4.910     3.921    11.656    13.239     9.602     8.032     4.488     5.802     1.504     1.090
     9.75    49.75    1992     1.073     1.678     2.086     3.124     5.784    17.042     9.595    11.847     5.427     4.078     4.800     0.959
     9.75    49.75    1993     1.159     2.042     2.796     3.304     8.928    14.264     6.180    14.864    12.001     6.064     0.890     0.978
     9.75    49.75    1994     1.008     1.452     2.890     3.830     6.668     7.987     9.790    13.220     4.550     4.251     4.001     0.933
     9.75    49.75    1995     0.828     1.330     1.046     4.490    13.190     7.498    19.649    16.403     5.789     5.601     3.318     1.130
     9.75    49.75    1996     1.188     1.880     3.133     1.190     5.700    15.065    12.021    14.217     7.694     9.090     4.636     1.281
     9.75    49.75    1997     0.807     1.409     2.830     4.918    15.029    21.286     8.849    12.084     7.883     6.576     2.204     0.906
     9.75    49.75    1998     1.217     1.590     2.579     2.476    12.087    10.743    10.114     9.348    13.022     3.669     3.022     1.101
     9.75    49.75    1999     0.940     1.311     3.867     5.506     6.985    16.250     6.569     7.216     4.474     5.881     2.099     0.756
     9.75    49.75    2000     0.946     1.222     4.483     4.752    11.198    18.750    11.613    12.501     7.402     5.335     1.709     0.879
     9.75    49.75    2001     1.036     1.364     2.014     1.881    15.715     9.183    15.890    11.288     8.297     4.525     2.663     1.172
     9.75    49.75    2002     1.330     1.619     1.125     7.158    10.645     2.306     6.240    14.627    12.876     3.053     2.215     0.851
     9.75    49.75    2003     1.173     1.912     0.772     7.838    10.196    13.886    18.762    11.037     8.277     4.915     1.777     1.024
     9.75    49.75    2004     1.607     1.809     1.885     5.921    16.166    10.488     9.076    13.026    12.803     4.654     2.846     0.916
     9.75    49.75    2005     1.145     2.109     1.342     5.765    13.712     7.225    14.348    12.246     7.911     6.146     2.583     1.390
     9.75    49.75    2006     0.848     1.917     2.091     1.767     8.497     7.827    13.695     9.235    10.813     5.444     1.903     1.319
     9.75    49.75    2007     0.591     1.909     4.105     5.012    10.958     8.581    10.697    12.584     8.962     6.001     4.166     0.994
     9.75    49.75    2008     1.088     1.160     2.773     4.574     9.495     6.219    13.803    16.387     4.783     7.219     5.090     0.842
     9.75    49.75    2009     1.197     2.143     3.022     4.467     3.456    13.031    12.301    11.668     6.701     7.794     2.405     0.790
     9.75    49.75    2010     0.910     1.438     0.714     3.895     3.794     6.476     7.697    12.876    10.312     3.421     1.851     1.125
     9.75    49.75    2011     1.035     2.023     2.311     5.541     9.707    11.970     9.442     8.803     4.890     6.232     1.233     0.909
     9.75    49.75    2012     1.235     1.801     2.068     5.222    18.812    13.467    11.478    14.716    11.875     5.918     2.965     1.194
     9.75    49.75    2013     1.113     2.006     3.129     6.086     9.529    16.437    13.865    10.804     1.449     6.033     1.483     0.932
     9.75    49.75    2014     0.865     1.611     3.237     6.833    12.408    22.595    12.879     8.321    10.627     5.368     1.747     1.087
     9.75    49.75    2015     1.076     2.174     2.599     3.613     9.257     8.943    17.137    20.675     5.451     1.099     3.733     1.227
     9.75    49.75    2016     0.945     2.185     1.844     8.151    16.098    11.532    14.453    12.587    15.612     5.952     1.611     1.073
     9.75    49.75    2017     1.211     1.381     1.568     8.406     8.416    10.295     9.966     3.042     2.081     8.193     3.693     0.991
     9.75    49.75    2018     0.971     1.901     2.291     5.038    13.689    10.112     7.907     7.908     6.196     7.846     2.909     1.012
     9.75    49.75    2019     1.218     2.514     3.099     5.695     9.822    14.613     4.930    10.753     3.014     6.189     2.032     1.027
     9.75    49.75    2020     1.040     1.886     2.941     5.660     8.274     6.793     9.390    14.890     4.542     4.544     3.318     1.234
     9.75    49.75    2021     1.019     0.724     2.764     3.281    11.523    15.082     8.019     8.853     6.068     3.787     1.599     0.947
     9.75    49.75    2022     1.099     0.919     3.662     6.116     8.281    14.285     7.591    11.344     4.059     1.575     1.596     1.016
     9.75    49.75    2023     1.190     1.486     3.091     5.530    11.260     4.585     4.501    10.239     2.333     4.185     3.309     1.337
     9.75    49.75    2024     1.008     1.955     2.749     3.048     7.224    10.281    10.747    11.395     4.474     6.298     4.941     1.228
     9.75    49.75    2025     1.487     1.396     3.633     4.736     6.418     3.110     4.964     9.132     2.820     2.823     2.852     1.016
     9.75    49.75    2026     0.835     1.656     2.320     6.786     5.917    18.048     9.633     9.465     2.997     4.875     3.711     0.945
     9.75    49.75    2027     1.205     1.526     2.071     7.216    12.631    20.461    12.973    10.485     1.512     4.251     3.331     0.905
     9.75    49.75    2028     1.099     1.235     3.418     6.538     6.509    12.716     8.184    11.740     8.791     4.336     3.302     0.979
     9.75    49.75    2029     1.213     1.745     1.509     9.410     4.398    11.147     7.998    10.435     7.999     3.849     1.707     0.925
     9.75    49.75    2030     0.914     1.592     2.812    12.991    10.339    12.885    11.649    12.234     8.325     4.329     1.638     1.155
     9.75    49.75    2031     1.425     2.207     3.583     6.285    16.312     3.304    10.128     6.907     7.269     3.958     2.849     1.214
     9.75    49.75    2032     0.913     1.949     3.226     5.349    11.248    17.960     6.698     8.221     6.379     3.050     1.138     0.869
     9.75    49.75    2033     1.163     1.758     2.867     2.496     5.769    10.127     7.079     9.606     6.257     3.140     1.969     1.092
     9.75    49.75    2034     1.229     1.595     1.943     2.589    11.972    16.969    13.888    10.851     8.903     4.237     1.804     0.803
     9.75    49.75    2035     1.006     1.570     2.295     3.190     6.476    10.227     7.628    18.996     1.253     3.698     4.293     0.879
     9.75    49.75    2036     1.448     0.765     3.327     4.511     5.610     8.490     8.316    11.690     8.794     6.835     3.471     1.115
     9.75    49.75    2037     1.311     1.641     1.980     2.872    10.403     6.378    14.117    16.196    10.219     3.537     1.798     1.048
     9.75    49.75    2038     0.942     1.259     1.919     6.820    12.436    15.282    11.809    12.091    11.301     5.118     3.660     0.882
     9.75    49.75    2039     1.248     0.806     3.037     8.642    14.930    11.058    10.605    10.059     7.052     5.673     0.624     0.978
     9.75    49.75    2040     1.335     1.961     1.992     6.467     7.758    19.159     3.941     2.817    11.708     3.407     1.609     1.038
     9.75    49.75    2041     1.046     1.429     1.824     5.605    14.084    19.732    17.883    15.943     4.768     5.835     3.818     0.921
     9.75    49.75    2042     0.952     1.545     2.826     4.890     6.672     7.242     7.836     8.581     4.587     2.961     2.697     1.088
     9.75    49.75    2043     0.909     1.452     2.274     3.360     3.671    19.979    15.578    13.099    11.685     2.381     2.112     0.649
     9.75    49.75    2044     0.914     1.391     3.659     1.285     7.265     5.288     9.660    10.831     4.915     5.981     3.259     1.006
     9.75    49.75    2045     1.350     2.029     4.981     7.744    10.810    15.024    12.696     7.046     3.511     3.245     1.592     1.171
     9.75    49.75    2046     0.753     1.929     3.587     5.866    18.401     9.346     8.230    19.184     7.252     6.276     3.167     1.168
     9.75    49.75    2047     0.847     1.622     2.034     4.361    12.274     8.926    12.312    13.532     5.569     6.568     3.624     1.240
     9.75    49.75    2048     0.962     1.485     2.484     4.560     7.991     4.730    11.118     9.540     1.996     6.748     2.297     1.123
     9.75    49.75    2049     1.285     1.493     2.527     6.288    11.563    14.522    12.063    13.405     9.491     5.379     2.041     0.997
     9.75    49.75    2050     1.067     1.610     2.583     5.470    11.758    11.273     6.375     9.910     7.823     4.360     3.788     0.916
     9.75    49.75    2051     1.135     1.356     3.926     6.562     6.265     6.128     5.620     9.716     7.378     4.087     2.069     1.041
     9.75    49.75    2052     0.972     1.013     1.625     6.486     4.935     9.837     4.617    11.275     6.262     5.074     1.620     1.084
     9.75    49.75    2053     0.936     0.692     1.733     3.806     3.075     9.766     6.704    20.602     3.667     5.681     2.062     0.770
     9.75    49.75    2054     0.907     1.464     1.543     6.322     5.742    20.228     5.709     5.057     1.269     6.218     2.362     1.220
     9.75    49.75    2055     1.250     1.497     4.891     2.156     9.959    20.340    16.358    18.641     4.016     1.978     1.587     0.794
     9.75    49.75    2056     1.046     1.004     4.214     6.055    11.836    22.225    11.509    15.350     3.821     0.702     1.596     1.023
     9.75    49.75    2057     1.050     1.881     3.499     3.217     9.405    12.686    15.754    13.497     8.307     2.680     0.410     1.045
     9.75    49.75    2058     1.171     1.333     2.922     6.555     5.727     6.252    10.076    20.315     6.016     3.226     2.418     1.178
     9.75    49.75    2059     1.231     1.603     2.211     6.674    13.413     8.698     4.720    13.524     2.216     5.105     2.203     1.058
     9.75    49.75    2060     1.169     1.454     2.980     4.462     9.701    24.458     8.412     9.770     1.826     6.654     1.706     1.017
     9.75    49.75    2061     1.099     1.694     5.600     4.542     4.094     8.556     9.217     7.796     6.868     2.167     1.020     0.853
     9.75    49.75    2062     0.990     0.848     2.441     6.581    11.114    18.534     9.714     8.663     4.883     5.062     2.592     1.478
     9.75    49.75    2063     1.001     1.813     3.573     5.861    11.217    19.575    20.665    17.970     5.198     5.191     2.556     1.145
     9.75    49.75    2064     1.243     1.461     2.293     2.579     3.281    13.926     8.863    14.192     3.011     1.055     2.583     0.840
     9.75    49.75    2065     1.230     1.649     3.208     8.632     7.771    14.251     6.149     6.660     9.278     3.528     1.693     0.862
     9.75    49.75    2066     1.165     1.630     2.299     5.765     3.603     4.811     9.279    17.786    10.309     3.996     2.259     1.078
     9.75    49.75    2067     1.209     1.767     2.079     1.679     7.419    14.979     7.904    11.257     1.475     2.541     1.444     1.000
     9.75    49.75    2068     1.230     1.556     3.495     1.962     2.440    19.907     4.832     4.936     8.064     2.794     1.388     1.061
     9.75    49.75    2069     1.052     1.606     3.713    11.043     6.524    10.557     7.642     8.166     4.661     2.810     1.784     1.225
     9.75    49.75    2070     0.594     0.907     2.053     9.316    10.477     7.166    10.011    10.077     3.702     4.341     1.129     1.002
     9.75    49.75    2071     0.879     1.803     1.906     2.659     5.489    14.446     9.922    11.888     7.402     5.261     1.503     1.202
     9.75    49.75    2072     0.827     1.190     1.632     4.927     8.930     8.950     7.454     6.428     5.931     7.904     3.590     0.959
     9.75    49.75    2073     1.231     1.598     2.825     3.614     8.991    10.158    18.509    14.527     7.969     2.909     3.142     0.662
     9.75    49.75    2074     0.888     1.747     2.683     6.012    11.460    11.111     8.218    14.848     7.975     7.298     2.869     1.121
     9.75    49.75    2075     1.188     1.784     2.552    10.244     4.840     9.776     8.262    11.503     9.958     4.892     2.859     1.019
     9.75    49.75    2076     1.347     1.951     3.691    10.671    15.664     8.738     2.675    11.294     1.524     3.785     1.986     1.184
     9.75    49.75    2077     0.961     1.356     3.016     7.079     9.357    10.520    17.573    10.962     9.287     5.964     1.552     1.339
     9.75    49.75    2078     0.879     1.825     4.687     4.580     6.295     2.102     2.693     4.277     5.406     3.282     2.429     0.931
     9.75    49.75    2079     1.124     1.258     2.490     1.646     2.694     4.072     7.701     1.222     2.728     3.338     2.737     0.947
     9.75    49.75    2080     0.616     1.382     1.443     5.187    11.237    14.008     9.009    10.131     3.474     4.485     1.384     0.938
     9.75    49.75    2081     0.773     1.312     2.173     5.428     0.722    13.662    13.617     3.628     6.594     6.592     1.767     0.701
     9.75    49.75    2082     1.144     0.947     3.458     5.604     9.719     5.380     6.403     5.103     2.564     4.120     1.802     1.070
     9.75    49.75    2083     1.176     1.456     3.222     9.191     9.317     7.346     4.048    12.287     3.149     2.207     1.272     1.569
     9.75    49.75    2084     1.195     1.535     2.379     2.030    10.160     7.015     5.122     9.412     7.469     2.938     1.588     0.824
     9.75    49.75    2085     1.165     1.027     1.153     6.445     8.079    10.442     8.277     9.395     2.982     3.776     3.052     0.937
     9.75    49.75    2086     1.225     0.955     1.000     7.042    10.352     4.436    10.037     3.534     7.483     3.405     1.547     1.265
     9.75    49.75    2087     0.724     1.180     2.997     7.654     6.604     2.984     6.101     7.535     4.120     2.926     1.265     0.946
     9.75    49.75    2088     0.807     1.167     2.968     7.082    11.066     6.854     6.844    15.605     5.833     3.558     1.829     0.929
     9.75    49.75    2089     1.036     1.186     2.890     6.682     5.603    14.671     9.168    15.453     9.384     1.211     1.556     1.054
     9.75    49.75    2090     1.233     1.473     2.505     2.233     3.383     1.220     5.564     6.394     3.214     4.509     2.325     1.081
     9.75    49.75    2091     0.995     1.724     1.603     6.100     5.605     6.042     1.780     6.915     3.346     3.924     1.922     1.257
     9.75    49.75    2092     0.994     1.227     1.818     6.790     4.778     7.030     3.333     4.063     9.156     1.379     1.490     0.779
     9.75    49.75    2093     1.052     1.276     1.749     2.810     2.081     8.106    11.209     7.052     6.117     2.569     1.912     0.771
     9.75    49.75    2094     1.115     0.799     2.654     6.318    10.093     9.509     6.564    13.119     2.175     3.115     2.613     0.704
     9.75    49.75    2095     1.196     2.121     1.389     7.665     9.335    12.802     3.166     5.661     2.730     2.549     1.690     0.839
     9.75    49.75    2096     0.986     1.369     1.751     4.581     2.817    14.006     8.709     3.727     7.009     3.290     1.428     1.014
     9.75    49.75    2097     0.954     1.182     1.440     2.624     6.164     7.182     2.868     8.508     2.629     4.341     1.906     1.219
     9.75    49.75    2098     0.914     1.620     2.848     5.140     1.360     2.085    11.721    13.331     7.704     3.988     2.251     0.888
     9.75    49.75    2099     1.212     1.607     2.586     5.609    11.491     2.059     4.813     4.627     8.598     2.291     2.251     1.114
     9.75    49.75    2100     1.177     1.341     3.056     3.722     8.368     2.773     3.640     5.961     4.286     5.890     2.398     0.963
     9.75    49.75    2101     0.696     1.725     2.213     2.712     4.653    10.712     8.439    10.210     6.315     6.556     1.293     1.176
     9.75    49.75    2102     0.673     1.675     2.901     5.346     7.942     7.678     6.411     5.541     4.954     7.212     2.002     1.113
     9.75    49.75    2103     0.924     1.218     2.243     4.225     7.939     8.896    18.157    12.342     6.999     2.565     1.927     1.129
     9.75    49.75    2104     0.901     1.705     3.185     6.088    10.281     9.764     7.174    12.990     6.670     4.959     1.818     1.232
     9.75    49.75    2105     0.951     1.695     2.555     9.726     4.263     8.607     7.215    10.022     7.565     5.656     1.756     1.026
     9.75    49.75    2106     1.353     1.772     3.240     8.558    14.088     7.738     2.359    10.263     1.354     3.723     1.658     1.186
     9.75    49.75    2107     1.044     1.694     3.081     6.402     9.226     9.312    15.233     9.720     7.794     5.714     1.435     1.128
     9.75    49.75    2108     1.015     1.385     3.259     4.046     5.524     1.858     2.383     3.774     4.790     2.287     2.326     1.438
     9.75    49.75    2109     0.914     0.994     2.830     1.638     2.396     3.614     6.807     1.078     2.406     2.432     1.968     0.987
     9.75    49.75    2110     0.597     1.418     1.697     5.536    10.389    12.890     8.305     9.392     3.203     3.248     1.331     0.685
     9.75    49.75    2111     0.496     1.201     2.583     5.091     0.654    12.448    12.503     3.356     6.385     2.946     1.772     0.798
     9.75    49.75    2112     1.087     0.799     3.336     5.103     8.874     4.910     5.843     4.669     2.327     2.371     1.225     0.861
     9.75    49.75    2113     1.250     1.496     3.124     9.849     8.505     6.693     3.660    11.634     2.902     1.676     1.316     1.202
     9.75    49.75    2114     1.100     1.361     2.079     1.750     9.295     6.347     4.667     8.502     7.042     2.795     1.417     0.843
     9.75    49.75    2115     0.940     0.926     1.193     6.298     7.383     9.513     7.471     8.611     2.707     3.277     1.666     0.776
     9.75    49.75    2116     1.340     0.856     1.044     6.455     9.445     4.059     9.171     3.193     6.691     3.454     1.525     1.400
     9.75    49.75    2117     0.667     1.083     2.629     6.264     6.004     2.685     5.561     6.851     3.692     2.256     1.161     1.180
     9.75    49.75    2118     0.755     1.011     2.829     7.398    10.062     6.229     6.268    13.874     5.336     2.849     1.299     0.805
     9.75    49.75    2119     1.160     1.277     2.798     6.166     5.130    14.079     8.365    14.170     7.672     1.262     1.539     0.888
     9.75    49.75    2120     1.139     1.178     2.182     2.061     3.077     1.097     5.014     5.860     2.907     5.880     1.868     1.407
     9.75    49.75    2121     0.608     1.489     1.563     5.987     5.205     5.601     1.642     6.422     3.106     3.625     2.024     0.724
     9.75    49.75    2122     1.070     0.935     1.762     6.547     4.531     6.594     3.106     3.818     8.877     1.473     1.265     1.120
     9.75    49.75    2123     0.909     1.173     1.750     2.803     1.923     7.538    10.457     6.392     7.100     2.336     1.509     0.925
     9.75    49.75    2124     0.784     0.650     2.776     5.939     9.458     8.890     6.031    12.406     2.029     3.168     2.295     0.758
     9.75    49.75    2125     0.637     1.463     1.583     7.131     8.584    13.143     2.916     5.266     2.540     3.290     1.660     1.232
     9.75    49.75    2126     0.748     1.533     1.906     4.332     2.628    12.508     8.144     3.452     6.238     4.200     1.688     0.811
     9.75    49.75    2127     0.884     1.252     1.275     2.883     5.829     6.581     2.667     7.970     2.472     3.898     2.060     1.520
     9.75    49.75    2128     0.746     1.149     3.206     4.852     1.265     1.940    11.139     9.754     7.161     4.122     2.000     0.746
     9.75    49.75    2129     0.956     1.266     2.301     5.254     9.743     1.924     4.494     4.285     7.856     1.498     1.696     0.923
     9.75    49.75    2130     0.980     1.182     2.973     3.779     7.636     2.605     3.394     5.620     4.029     5.262     1.755     1.080
    13.75    55.75    1980     0.310     0.824     1.761     1.296     1.214     6.322     2.670     2.398     7.952     5.079     2.725     0.489
    13.75    55.75    1981     0.531     0.593     1.685     1.343     2.733     7.842     1.186     2.083     4.309     3.107     1.946     0.361
    13.75    55.75    1982     0.447     1.014     1.411     1.258     4.864     5.567     0.399     3.338     6.292     4.946     3.236     0.419
    13.75    55.75    1983     0.669     0.848     1.322     1.728     4.233     6.394     1.678     1.718     2.531     4.519     1.098     0.389
    13.75    55.75    1984     0.660     0.552     1.755     1.327     5.484     4.242    12.856     4.448     6.051     4.085     3.023     0.461
    13.75    55.75    1985     0.459     0.750     1.674     2.843     5.673    10.370     8.021     8.534     6.835     5.184     1.611     0.375
    13.75    55.75    1986     0.454     0.749     1.353     1.620     4.047     2.933     5.015     9.447     6.606     4.531     2.044     0.479
    13.75    55.75    1987     0.446     0.775     1.791     0.686     1.318     8.321     5.247     1.453    12.985     4.539     3.019     0.680
    13.75    55.75    1988     0.482     1.097     1.205     1.342     5.258     2.282     4.960     4.647     6.128     3.092     2.659     0.389
    13.75    55.75    1989     0.440     0.896     1.427     2.187     4.879     1.249     8.832     0.442     6.896     6.392     2.771     0.400
    13.75    55.75    1990     0.360     0.632     1.250     2.569     3.368    11.382     0.871     7.456     5.002     4.280     2.652     0.536
    13.75    55.75    1991     0.421     0.857     2.362     1.307     3.409     0.716    11.047     9.204     7.454     6.617     1.235     0.406
    13.75    55.75    1992     0.575     0.917     1.165     1.612     4.920     8.136     4.199     0.476     4.770     3.824     1.089     0.335
    13.75    55.75    1993     0.604     0.700     1.139     0.953     5.886     5.136    15.617     5.880     6.868     4.635     0.988     0.219
    13.75    55.75    1994     0.483     0.868     1.726     1.207     3.026     8.293    17.525     7.646     9.176     4.880     2.784     0.672
    13.75    55.75    1995     0.641     0.750     0.877     2.041     3.870    10.967     1.330     3.428     7.419     6.818     3.528     0.346
    13.75    55.75    1996     0.612     1.079     2.060     2.061     4.688     3.751     5.587     7.727     9.853     6.926     2.416     0.258
    13.75    55.75    1997     0.414     0.664     1.240     1.652     2.535     7.279    11.410     6.479     9.185     5.378     3.458     0.897
    13.75    55.75    1998     0.397     1.026     1.588     1.266     3.224    11.645     3.496     4.271     6.997     4.115     2.802     0.658
    13.75    55.75    1999     0.628     0.909     2.149     1.667     7.578     1.881     5.313     6.817    10.650     5.535     2.602     0.493
    13.75    55.75    2000     0.513     0.861     1.828     1.602     1.984     6.508     2.535     2.203     8.015     5.147     2.386     0.390
    13.75    55.75    2001     0.653     0.686     1.709     1.068     7.350    10.331    13.690    12.001     6.855     3.941     1.743     0.373
    13.75    55.75    2002     0.665     1.050     0.442     3.009     2.558     1.134     7.421     9.154    12.599     4.816     2.977     0.462
    13.75    55.75    2003     0.342     1.076     1.456     2.875     4.036     2.703    14.514     5.264    10.199     3.559     4.496     0.395
    13.75    55.75    2004     0.454     0.861     1.652     1.535     8.601     9.811    17.350     7.125     3.346     4.571     3.596     0.669
    13.75    55.75    2005     0.669     1.058     0.637     3.264     2.253     9.211     0.000     4.574     6.910     4.565     2.720     0.491
    13.75    55.75    2006     0.569     1.047     1.695     1.049     1.623     3.922     1.179     7.708    11.703     4.451     2.961     0.352
    13.75    55.75    2007     0.459     0.652     1.403     3.556     5.749     5.051     8.100     9.265     9.801     5.557     3.281     0.643
    13.75    55.75    2008     0.626     0.819     2.076     1.141     3.187     0.667     8.021     1.992     6.558     5.501     3.365     0.356
    13.75    55.75    2009     0.546     0.894     1.942     3.343     3.262     3.463     9.814     3.482     5.744     5.947     1.948     0.447
    13.75    55.75    2010     0.505     0.688     0.413     1.983     7.287     8.364    11.454     7.095     8.327     3.646     1.458     0.554
    13.75    55.75    2011     0.614     0.961     1.901     3.711     7.419     6.609    14.975     5.096     4.312     4.838     2.514     0.622
    13.75    55.75    2012     0.713     0.975     1.582     3.062     6.606     0.667     6.552     7.609     8.797     6.292     2.374     0.489
    13.75    55.75    2013     0.614     0.584     1.927     2.727     6.020     4.645    17.150     8.207     3.737     2.892     4.268     0.510
    13.75    55.75    2014     0.425     0.403     1.475     1.372     7.440     0.566     5.737     7.518     7.004     5.315     2.831     0.784
    13.75    55.75    2015     0.514     0.756     2.156     1.564     5.171     1.595     7.876     6.913     6.337     2.517     4.614     0.536
    13.75    55.75    2016     0.751     0.765     1.054     3.915     3.818     3.362     2.214     8.502     8.386     3.939     2.916     0.436
    13.75    55.75    2017     0.764     0.833     0.882     2.241     5.290    10.442     0.000     6.804     5.074     6.132     2.860     0.488
    13.75    55.75    2018     0.565     1.260     1.608     1.637     8.207     9.473     5.039     3.327     4.822     6.282     3.391     0.467
    13.75    55.75    2019     0.740     1.569     2.977     2.318     2.688     2.546     8.608     0.825    11.594     4.374     3.294     0.476
    13.75    55.75    2020     0.845     0.706     1.388     2.851     5.433     7.366     6.555     8.677     7.952     4.644     3.753     0.330
    13.75    55.75    2021     0.490     0.803     1.446     3.016     5.250     4.859     1.497     3.217     2.676     3.956     2.258     0.521
    13.75    55.75    2022     0.609     1.025     1.382     2.089     6.194    23.357     6.226     2.997     5.251     6.084     2.891     0.559
    13.75    55.75    2023     0.449     1.055     2.425     4.182     7.203    12.370    12.786    11.036     5.062     2.701     2.131     0.356
    13.75    55.75    2024     0.613     1.117     2.454     1.483     3.361     5.862     9.050     7.377     6.424     7.027     2.334     0.429
    13.75    55.75    2025     0.532     1.509     1.757     3.300     2.474     8.855     9.610     6.183     8.757     4.665     3.350     0.665
    13.75    55.75    2026     0.551     1.646     2.573     4.298     2.151    12.477     2.008     6.802    10.993     8.206     3.533     0.569
    13.75    55.75    2027     0.664     1.469     2.210     2.960     3.662     0.000    24.895    19.225     5.061     4.844     2.194     0.661
    13.75    55.75    2028     0.559     1.374     2.530     2.084     1.544    13.719    16.869     9.002     5.488     5.939     2.684     0.832
    13.75    55.75    2029     0.500     1.045     2.180     3.410     1.762     1.490     6.716    13.560     8.785     4.788     2.821     0.437
    13.75    55.75    2030     0.438     1.136     2.125     4.689     6.332    12.462     7.398     1.626     2.470     6.093     3.338     0.639
    13.75    55.75    2031     0.651     0.647     2.199     2.180     6.308     0.838    12.323    11.635     7.911     5.550     2.093     0.501
    13.75    55.75    2032     0.742     1.113     2.062     5.887     4.196     4.678     1.354     3.739     6.954     5.694     2.273     0.456
    13.75    55.75    2033     0.678     1.409     2.491     2.067     3.131    18.187    14.179     2.295     6.260     3.285     1.936     0.351
    13.75    55.75    2034     0.624     1.289     2.489     0.628     0.582    15.471     2.957    12.012     9.029     5.654     3.032     0.528
    13.75    55.75    2035     0.444     1.266     1.811     2.076     2.169    15.718    16.474     3.599     4.216     3.354     3.241     0.509
    13.75    55.75    2036     0.740     0.916     2.692     1.306     2.047     7.131     1.557     8.844    10.852     5.757     2.256     0.630
    13.75    55.75    2037     0.823     0.777     1.306     2.439     3.798    13.227    10.912     4.903     7.138     5.754     2.307     0.525
    13.75    55.75    2038     0.689     1.263     1.841     3.243     3.027    15.699    23.405     4.295     5.923     5.591     2.815     0.637
    13.75    55.75    2039     0.754     0.634     1.874     4.729     4.885     9.663     8.455     8.968     8.229     7.539     1.496     0.635
    13.75    55.75    2040     0.675     0.983     1.324     4.438     2.118     6.032    12.920     4.568    12.483     6.428     1.829     0.461
    13.75    55.75    2041     0.658     0.797     1.203     1.597     3.198     4.703    11.118    10.641    12.687     7.103     2.669     0.508
    13.75    55.75    2042     0.524     1.089     1.758     0.826     4.470    17.008    13.818    10.246     8.608     4.920     2.156     0.536
    13.75    55.75    2043     0.480     1.180     2.417     1.587     5.898     1.547     0.000     9.277     9.156     4.061     2.830     0.735
    13.75    55.75    2044     0.580     1.129     1.395     1.334     7.851     9.830    19.448    16.950     6.240     4.983     2.829     0.611
    13.75    55.75    2045     0.651     1.470     1.971     5.148     9.058     3.270     2.655     4.048     0.968     5.831     2.716     0.564
    13.75    55.75    2046     0.627     1.036     2.003     2.021     6.896     5.329    18.814     2.243     2.487     6.613     3.432     0.649
    13.75    55.75    2047     0.979     0.957     1.574     3.083     3.438    10.928     0.000     2.053     9.092     3.702     3.177     0.627
    13.75    55.75    2048     0.772     1.153     2.200     2.357     6.486     8.941     1.981     5.352     2.945     6.724     2.268     0.512
    13.75    55.75    2049     0.699     1.189     1.726     4.071     2.499    11.396    19.186     8.674     7.234     4.552     3.064     0.600
    13.75    55.75    2050     0.542     0.959     1.721     2.422    12.158     1.864     9.287     7.147     7.671     6.970     2.579     0.455
    13.75    55.75    2051     0.776     1.141     2.135     5.702     6.318    11.588     7.281     6.668     9.505     4.368     2.592     0.604
    13.75    55.75    2052     0.495     0.882     3.370     4.315     8.533     2.203     7.056     8.223     9.171     6.558     3.206     0.593
    13.75    55.75    2053     0.563     0.796     1.754     2.572     2.175    11.226     6.188    10.104     8.047     5.741     4.165     0.624
    13.75    55.75    2054     0.703     0.871     2.011     3.851     4.505     8.846    12.138    10.205     6.867     5.003     2.977     0.628
    13.75    55.75    2055     0.648     0.929     2.090     2.435     3.580    10.924     0.000     9.362     6.854     5.999     1.813     0.563
    13.75    55.75    2056     0.805     1.022     3.243     2.698    12.234     2.035     7.162    13.034    12.711     4.836     1.907     0.548
    13.75    55.75    2057     0.710     1.364     2.201     3.902     2.459     1.341     2.238    17.975     8.908     4.067     1.944     0.558
    13.75    55.75    2058     0.695     0.850     2.476     2.982     5.776    10.130     2.889    12.503     4.072     2.014     2.272     0.374
    13.75    55.75    2059     0.445     0.810     1.649     5.780     7.027    12.372    16.190    11.021     8.852     6.082     2.965     0.413
    13.75    55.75    2060     0.571     1.608     1.806     1.912     1.879     2.408    26.003     7.892     4.135     5.461     1.932     0.518
    13.75    55.75    2061     0.618     0.952     3.283     3.412     5.705     1.889    12.167    10.814     1.643     5.662     2.732     0.532
    13.75    55.75    2062     0.769     0.886     2.444     2.191     5.852     9.632     0.000    10.060     5.578     4.597     3.410     0.517
    13.75    55.75    2063     0.800     0.584     3.068     5.628     4.861    10.708     0.000    12.635    12.511     4.794     2.311     0.560
    13.75    55.75    2064     0.716     1.366     2.251     1.002     4.286     8.969    17.681     7.913     9.579     3.823     1.747     0.525
    13.75    55.75    2065     0.630     0.974     2.070     3.536     1.993     3.814    10.225    12.273     8.285     4.773     3.155     0.479
    13.75    55.75    2066     0.675     1.242     2.184     4.132     2.776     4.812     6.168     4.175    12.171     4.511     2.522     0.528
    13.75    55.75    2067     0.779     1.270     2.354     2.848     7.850     5.968     2.587     6.585     2.606     5.771     1.654     0.502
    13.75    55.75    2068     0.791     1.144     3.261     0.821     0.711     1.169     9.310    10.050     0.565     4.694     3.145     0.531
    13.75    55.75    2069     0.804     0.791     2.582     5.760     7.837    14.375    12.460     2.696     3.348     4.733     2.118     0.598
    13.75    55.75    2070     0.499     1.112     1.431     3.085     7.948    16.447     2.114     7.834    11.317     6.388     2.285     0.475
    13.75    55.75    2071     0.626     1.076     1.641     2.380     5.271     6.083     8.219     4.094    12.929     4.283     2.276     0.774
    13.75    55.75    2072     0.642     1.056     1.888     2.055     5.401    13.066    18.191    10.613     6.420     8.631     2.761     0.435
    13.75    55.75    2073     0.680     1.294     1.554     3.004     2.195     1.009    10.621     1.945     8.897     4.283     2.401     0.528
    13.75    55.75    2074     0.880     1.452     2.738     2.979     2.653     5.447    13.093    13.597     9.447     6.295     2.312     0.622
    13.75    55.75    2075     0.431     0.957     1.386     3.209     6.246     9.047    19.310     0.287     5.326     6.846     3.414     0.470
    13.75    55.75    2076     0.725     1.045     2.206     4.940     2.782     0.805     9.443    11.029     3.324     9.491     2.819     0.641
    13.75    55.75    2077     0.782     1.190     1.566     2.083     6.969     5.501     1.562     3.963    12.296     7.499     2.723     0.655
    13.75    55.75    2078     0.740     0.966     2.094     2.602     4.501     5.587    18.506     7.680     6.604     4.560     2.961     0.727
    13.75    55.75    2079     0.541     1.146     3.199     2.226     4.366     5.044    23.397    13.969     6.660     3.702     1.712     0.577
    13.75    55.75    2080     0.693     1.091     1.347     3.543     5.899    10.636     1.626     9.876     6.767     7.570     2.213     0.630
    13.75    55.75    2081     0.966     0.599     2.114     5.859     8.661     4.934     0.650     0.407     7.051     5.244     2.673     0.601
    13.75    55.75    2082     0.637     0.786     4.905     7.713     6.282    13.296     9.522     8.747     3.427     8.029     1.833     0.341
    13.75    55.75    2083     0.652     0.880     2.370     5.953     5.219     6.614     8.492     5.530     4.077     4.658     2.584     0.613
    13.75    55.75    2084     0.624     0.904     2.535     1.003    10.394    11.501     9.937     1.165     5.235     6.208     2.880     0.608
    13.75    55.75    2085     0.713     0.890     1.384     4.825     8.065     6.563     3.670     9.560     7.360     4.891     2.517     0.650
    13.75    55.75    2086     1.071     1.345     0.352     3.710     4.080     9.259     3.067    13.075     3.955     6.511     3.845     0.729
    13.75    55.75    2087     0.508     1.083     0.774     7.717    10.237     7.549     3.634     4.190     1.141     5.798     2.593     0.820
    13.75    55.75    2088     0.787     1.416     2.234     7.005     7.427     8.544     3.808     5.157     9.118     6.273     1.535     0.581
    13.75    55.75    2089     0.689     1.373     2.750     4.440     3.481     2.866     0.984    10.306    11.369     4.066     1.233     0.548
    13.75    55.75    2090     0.757     1.101     2.519     3.225     4.804     2.919     8.401     8.151     9.117     8.087     1.727     0.697
    13.75    55.75    2091     0.712     0.973     1.148     2.209    11.017     9.446    10.621    11.223     6.212     7.048     2.593     0.648
    13.75    55.75    2092     0.718     1.184     1.309     4.280     4.674     4.731     1.830     6.731     8.369     6.790     2.269     0.665
    13.75    55.75    2093     0.485     0.839     2.021     3.043     2.815    12.701     4.620     4.092     4.347     5.866     2.639     0.710
    13.75    55.75    2094     0.323     0.966     1.087     7.147     3.376     1.975    14.331    10.257     4.358     3.914     3.023     0.374
    13.75    55.75    2095     0.548     1.202     2.279     3.239     8.105     6.282    13.798     9.195     6.224     3.517     2.563     0.671
    13.75    55.75    2096     0.820     1.101     2.276     7.775     3.177     1.584     0.000    16.743     6.454     9.441     1.196     0.625
    13.75    55.75    2097     0.560     1.471     1.181     1.124     3.881     4.940     4.210    19.842     6.603     5.152     3.206     0.640
    13.75    55.75    2098     0.595     0.822     2.310     5.190     0.592     1.573     3.828     0.916     4.876     7.272     2.233     0.437
    13.75    55.75    2099     0.661     1.050     2.658     6.184     6.129    14.078     1.501     3.911     8.847     5.300     1.532     0.675
    13.75    55.75    2100     0.578     1.221     2.006     0.548     7.411     9.799    10.611     4.079     4.772     3.650     3.825     0.518
    13.75    55.75    2101     0.674     1.061     1.341     2.692     5.057    11.054     7.747     3.826     9.039     5.838     2.153     0.639
    13.75    55.75    2102     0.470     1.157     2.268     1.842     5.246    15.272    16.380     9.628     7.584     5.703     3.493     0.865
    13.75    55.75    2103     0.735     1.040     1.665     3.029     2.139     0.951     9.988     1.843     9.985     4.777     3.300     0.704
    13.75    55.75    2104     0.825     1.114     1.952     3.633     2.518     4.040    11.663    12.923     8.350     5.536     2.261     0.552
    13.75    55.75    2105     0.476     0.858     1.467     4.483     6.041    12.052    21.891     0.232     5.614     5.493     2.737     0.540
    13.75    55.75    2106     0.715     0.897     2.138     6.315     2.588     0.727     8.624    11.264     3.081     9.144     2.012     0.687
    13.75    55.75    2107     0.774     1.285     1.443     2.070     7.920     4.965     1.400     3.570    11.733     4.895     2.397     0.751
    13.75    55.75    2108     0.628     1.134     1.965     2.353     4.975     6.198    13.584     7.008     6.558     7.076     2.377     0.816
    13.75    55.75    2109     0.869     1.325     3.439     2.184     3.994     4.610    22.430    11.387     6.157     4.463     1.565     0.545
    13.75    55.75    2110     0.582     0.654     1.177     3.664     5.354     8.611     1.521     9.745     5.293     6.450     1.948     0.762
    13.75    55.75    2111     0.607     0.736     2.126     5.719     3.405     4.555     0.579     0.367     6.449     4.767     2.098     0.644
    13.75    55.75    2112     0.674     0.671     3.177     8.170     6.127    11.244     8.894    10.557     3.096     5.914     1.982     0.568
    13.75    55.75    2113     0.887     0.801     1.507     7.539     4.513     6.031     7.672     5.000     5.599     4.436     3.541     0.850
    13.75    55.75    2114     0.690     0.592     1.860     0.987    10.467     9.768     9.011     1.060     4.760     5.507     1.866     0.481
    13.75    55.75    2115     0.557     0.875     1.203     7.673    10.102     6.749     3.316    11.781     6.735     4.406     2.483     0.731
    13.75    55.75    2116     0.813     1.140     0.315     4.190     4.108     8.770     2.809     9.445     3.626     6.178     3.847     0.758
    13.75    55.75    2117     0.817     1.166     0.671     6.431     5.879     6.843     3.279     3.748     1.011     6.315     2.374     0.937
    13.75    55.75    2118     0.928     1.089     1.864     4.852     6.508     6.127     3.422     4.569     9.873     8.292     1.872     0.520
    13.75    55.75    2119     0.542     1.203     2.844     4.371     3.103     2.502     0.855     8.200    10.002     3.671     1.580     0.819
    13.75    55.75    2120     0.631     1.155     2.296     2.631     4.338     2.584     7.724     6.816     8.319     5.816     1.818     0.864
    13.75    55.75    2121     0.751     0.829     1.028     1.886     9.361    13.215     9.787     9.439     5.753     6.746     2.953     0.560
    13.75    55.75    2122     0.726     1.098     1.332     4.549     4.275     4.110     1.606     6.071    11.333     6.099     1.942     0.554
    13.75    55.75    2123     0.798     0.931     1.708     2.119     2.534     9.802     4.061     3.696     3.933     4.170     1.838     0.749
    13.75    55.75    2124     0.418     0.899     1.054     3.755     4.550     1.721    14.101     9.514     3.954     3.371     3.330     0.453
    13.75    55.75    2125     0.474     1.001     1.631     2.659     7.299     5.559    13.187     8.099     5.600     3.254     1.799     0.630
    13.75    55.75    2126     0.554     1.006     1.464     5.888     2.889     1.390     0.000    14.909     5.810     6.828     1.356     0.708
    13.75    55.75    2127     0.583     1.066     1.048     1.070     3.305     4.385     3.696    12.660     5.405     5.057     2.319     0.777
    13.75    55.75    2128     0.555     1.023     2.231     4.241     0.529     1.373     6.467     0.797     4.347     4.910     3.157     0.571
    13.75    55.75    2129     0.628     0.972     2.775     5.856     5.274    15.685     1.353     3.182     6.481     5.146     2.095     0.619
    13.75    55.75    2130     0.530     1.052     1.476     0.481     6.678    10.133     8.256     3.845     4.268     4.041     3.910     0.610
    23.75    61.75    1980     0.161     0.923     2.370     2.796     3.783     7.569     5.614     6.254     5.742     3.365     0.960     0.000
    23.75    61.75    1981     0.220     1.199     2.876     3.139     4.096     3.041     6.923     7.741     4.901     3.391     0.280     0.066
    23.75    61.75    1982     0.130     1.200     3.603     3.701     3.128     5.978     3.435     5.951     7.617     3.428     1.016     0.000
    23.75    61.75    1983     0.061     0.905     2.843     1.941     1.719     3.926     4.704     2.784     3.066     2.187     0.322     0.028
    23.75    61.75    1984     0.301     1.301     2.341     2.227     4.459     3.335    15.001     9.941     6.337     4.150     0.802     0.000
    23.75    61.75    1985     0.858     0.541     1.736     2.996     3.523     6.169    10.828     5.389     7.654     2.570     0.293     0.017
    23.75    61.75    1986     0.072     0.940     1.690     3.578     2.722     5.155     6.636     5.160     4.278     2.932     0.319     0.070
    23.75    61.75    1987     0.049     0.746     1.275     2.551     4.443     8.757     5.346     5.349     5.505     3.427     0.793     0.120
    23.75    61.75    1988     0.160     1.015     3.255     2.476     4.724     5.941     5.273     9.159     6.026     2.244     0.859     0.000
    23.75    61.75    1989     0.186     0.572     2.217     4.032     2.302     5.047     7.323     3.229     5.285     5.595     0.544     0.000
    23.75    61.75    1990     0.160     1.092     1.782     4.346     2.809     4.468     7.030    10.619     7.401     3.305     0.804     0.000
    23.75    61.75    1991     0.177     0.559     2.023     1.881     3.018     2.394     6.043     6.378     5.041     4.236     0.207     0.041
    23.75    61.75    1992     0.139     0.875     2.305     2.398     2.821     6.050    13.914    11.156     3.728     1.539     0.495     0.003
    23.75    61.75    1993     0.250     0.928     2.650     3.883     2.876     1.145    10.331     5.649     6.958     2.483     0.290     0.000
    23.75    61.75    1994     0.303     1.434     1.514     4.705     4.952     7.099     5.050     8.076     6.382     3.725     0.662     0.000
    23.75    61.75    1995     0.155     1.072     2.708     1.940     4.396     5.906    11.288     5.670     3.481     3.812     0.804     0.020
    23.75    61.75    1996     0.011     1.488     2.803     4.683     2.709     1.979     6.990    10.579     3.708     3.409     0.663     0.000
    23.75    61.75    1997     0.051     0.712     1.670     2.393     4.128     0.203     8.962    10.786     4.116     3.239     0.493     0.000
    23.75    61.75    1998     0.553     0.621     2.995     3.333     3.757     5.207     7.516     8.676     5.289     4.077     1.027     0.000
    23.75    61.75    1999     0.171     1.686     1.878     3.849     6.458     4.094     8.120     9.296     4.317     2.681     0.751     0.000
    23.75    61.75    2000     0.121     1.021     2.497     3.045     3.413     1.738    10.097     8.583     4.586     3.396     0.734     0.000
    23.75    61.75    2001     0.064     0.591     2.410     3.168     4.580     2.315     4.829    14.344     4.848     2.416     0.724     0.000
    23.75    61.75    2002     0.091     0.909     1.129     2.979     4.041     7.492     5.228     7.610     6.620     1.587     0.915     0.000
    23.75    61.75    2003     0.076     0.893     1.543     3.167     3.891     3.560     6.210     6.107     7.268     3.021     0.568     0.000
    23.75    61.75    2004     0.264     0.753     2.247     3.260     2.752     5.824    14.941     8.396     4.990     4.699     0.678     0.003
    23.75    61.75    2005     0.242     1.213     2.299     3.474     3.359    13.610     7.429     4.752     7.487     2.342     0.568     0.000
    23.75    61.75    2006     0.853     1.215     2.769     2.511     2.296     2.545     1.810     7.630     6.837     3.509     0.519     0.000
    23.75    61.75    2007     0.040     0.528     2.403     2.058     5.331     3.508     8.138    12.708     6.602     3.732     1.067     0.009
    23.75    61.75    2008     0.387     0.869     2.338     3.651     3.763     3.545     5.901     8.229     5.481     4.392     0.566     0.000
    23.75    61.75    2009     0.301     1.051     2.365     0.998     4.262     2.695     1.943     9.411     5.660     2.985     0.631     0.000
    23.75    61.75    2010     0.103     1.439     1.247     3.916     3.958     3.710    10.528     9.734     7.298     2.681     0.571     0.000
    23.75    61.75    2011     0.104     1.278     2.272     3.597     5.087     1.565     6.296    11.553     5.481     2.617     1.132     0.424
    23.75    61.75    2012     0.041     1.309     1.357     2.348     4.470     3.038     8.116     9.977     5.694     3.101     0.440     0.070
    23.75    61.75    2013     0.032     1.041     2.821     1.991     5.437     8.027     4.981    10.975     3.874     3.367     0.786     0.005
    23.75    61.75    2014     0.078     0.725     2.829     3.216     3.267     5.417    16.021     3.968     5.071     4.189     0.715     0.000
    23.75    61.75    2015     0.129     1.065     2.429     1.447     4.019     2.843     9.036     6.704     5.372     4.977     0.802     0.000
    23.75    61.75    2016     0.104     0.958     2.556     4.013     4.806     8.497     0.995     6.993     7.046     3.546     0.830     0.513
    23.75    61.75    2017     0.161     0.898     2.714     2.747     2.650    11.663     6.178     9.501     4.012     5.315     0.802     0.000
    23.75    61.75    2018     0.097     1.122     1.754     4.596     3.600     8.288    14.116    10.019     5.202     3.657     0.719     0.025
    23.75    61.75    2019     0.292     0.997     2.756     3.328     2.989     3.390     4.522     6.886     6.450     2.974     0.726     0.000
    23.75    61.75    2020     0.316     1.296     1.331     2.814     6.553     3.921     5.029    14.170     5.380     5.833     0.604     0.000
    23.75    61.75    2021     0.027     0.928     2.041     3.457     1.104     6.351     6.217     6.670     5.099     3.133     0.968     0.000
    23.75    61.75    2022     0.018     1.675     2.744     3.559     5.290    11.714     5.862     7.539     5.558     2.240     1.055     0.049
    23.75    61.75    2023     0.245     1.649     2.549     1.948     3.257     5.930    12.701    10.650     4.245     4.085     0.489     0.008
    23.75    61.75    2024     0.106     1.132     2.730     3.563     3.152     7.276     5.258    12.549     2.094     3.645     0.797     0.116
    23.75    61.75    2025     0.308     1.395     3.103     2.520     4.058     4.627     4.163    11.789     5.189     2.940     0.877     0.000
    23.75    61.75    2026     0.006     1.191     4.003     4.255     2.108     3.632     3.110     4.068     7.288     3.894     0.949     0.212
    23.75    61.75    2027     0.301     0.949     3.235     5.239     2.551     4.448    12.768    10.420     7.569     3.262     0.625     0.000
    23.75    61.75    2028     0.067     1.194     2.974     3.385     1.735     6.730     4.843     9.702     5.885     4.446     0.928     0.245
    23.75    61.75    2029     0.052     1.327     2.151     2.597     1.935     7.607     7.600    16.660     6.742     3.490     0.645     0.000
    23.75    61.75    2030     0.592     0.978     2.659     2.010     5.650     6.720     4.715     1.817     7.501     4.254     0.584     0.000
    23.75    61.75    2031     0.141     1.204     2.143     3.560     4.139     3.935    11.810     8.980     4.902     3.936     1.000     0.000
    23.75    61.75    2032     0.060     1.924     2.580     5.252     3.274     6.910    10.385    10.297     3.472     4.802     0.711     0.401
    23.75    61.75    2033     0.318     1.737     4.036     2.605     5.734    12.476    15.207     7.255     5.757     4.061     1.038     0.000
    23.75    61.75    2034     0.524     0.382     1.841     2.892     0.203     7.050     9.096    12.202     4.574     3.979     0.710     0.000
    23.75    61.75    2035     0.201     1.657     1.884     2.256     3.303     8.309    11.858     8.365     6.221     4.649     1.061     0.002
    23.75    61.75    2036     0.683     1.255     2.421     2.249     2.299     3.443     3.984     7.457     5.475     3.526     0.385     0.000
    23.75    61.75    2037     0.125     1.460     2.551     2.960     0.967     6.236    12.270     5.518     5.471     3.828     0.945     0.040
    23.75    61.75    2038     0.114     1.583     2.915     2.047     2.567     3.007     8.232     8.746     3.094     3.682     1.885     0.063
    23.75    61.75    2039     0.340     1.239     2.618     2.050     7.109     5.575     7.544    11.539     2.394     3.438     0.789     0.000
    23.75    61.75    2040     0.291     1.047     2.819     2.946     2.962     6.565    12.800    10.961     6.042     3.508     0.861     0.000
    23.75    61.75    2041     0.529     0.863     1.853     1.117     2.812     4.583     9.602     7.470     6.262     3.830     0.680     0.000
    23.75    61.75    2042     0.318     1.176     3.547     2.946     2.232     4.733    15.710    14.008     6.121     3.245     0.675     0.000
    23.75    61.75    2043     0.100     1.244     2.260     1.641     2.664     4.589     3.882     2.797     7.267     3.050     0.917     0.061
    23.75    61.75    2044     0.284     1.524     2.440     1.855     1.041     7.145     6.943    10.111     6.410     5.389     0.951     0.201
    23.75    61.75    2045     0.125     1.098     3.227     1.988     6.826     7.337     8.961     8.113     2.608     3.886     0.613     0.000
    23.75    61.75    2046     0.126     1.082     2.472     1.417     4.574     6.935    15.635     8.394     4.788     3.209     1.103     0.047
    23.75    61.75    2047     0.324     0.795     0.991     4.249     2.390     5.608     7.298     6.567     2.280     4.057     0.888     0.000
    23.75    61.75    2048     0.175     0.875     2.191     2.855     3.718     7.809     6.398    12.742     3.789     2.258     0.780     0.000
    23.75    61.75    2049     0.151     1.257     3.015     3.630     1.699     4.259     7.848    11.833     4.689     3.367     0.907     0.000
    23.75    61.75    2050     0.145     1.394     2.335     1.701     4.079     3.804     9.252     8.985     6.308     3.658     0.723     0.122
    23.75    61.75    2051     0.251     1.247     2.408     1.982     4.016     4.798     6.692     9.444     7.484     3.320     1.105     0.000
    23.75    61.75    2052     0.007     0.702     2.447     4.219     2.835     8.395    11.543     4.611     8.296     2.811     1.028     0.064
    23.75    61.75    2053     0.026     0.492     2.661     3.027     1.741     7.001     7.789     5.687     2.525     4.689     1.298     0.109
    23.75    61.75    2054     0.021     1.326     3.153     3.102     3.213     7.220     7.314     9.183     5.138     3.563     0.422     0.391
    23.75    61.75    2055     0.257     1.845     1.979     3.241     4.675    10.858     6.170     9.253     6.368     3.593     0.611     0.002
    23.75    61.75    2056     0.436     1.569     2.201     2.435     4.821     6.368    12.408     8.661     5.846     2.928     0.799     0.019
    23.75    61.75    2057     0.337     1.525     1.933     3.391     3.647     5.349     5.898     6.238     6.305     5.642     0.759     0.000
    23.75    61.75    2058     0.182     0.939     2.471     3.067     3.135     7.589     4.394     7.762     2.833     3.784     1.044     0.027
    23.75    61.75    2059     0.392     0.730     3.058     2.668     7.117     7.113    11.690    16.975     5.197     3.948     0.746     0.000
    23.75    61.75    2060     0.091     1.001     2.257     3.402     8.490     1.130    16.059     8.939     5.756     3.394     1.109     0.029
    23.75    61.75    2061     0.052     1.428     3.182     2.134     3.676     3.279     7.938     5.387     3.845     4.573     0.642     0.037
    23.75    61.75    2062     0.569     0.799     2.380     3.625     5.234     3.299     3.400    10.250     4.372     4.033     0.559     0.067
    23.75    61.75    2063     0.331     1.550     2.382     3.926     4.709     1.666     3.581     3.965     3.609     1.665     0.707     0.031
    23.75    61.75    2064     0.076     0.765     2.718     1.670     3.027     1.557     8.812    10.079     5.307     3.574     1.741     0.037
    23.75    61.75    2065     0.184     0.624     3.090     2.570     5.233     1.425     8.272     7.743     6.066     4.114     0.695     0.000
    23.75    61.75    2066     0.387     1.055     1.952     3.339     3.208     3.826     3.956     6.550     6.632     2.021     0.921     0.000
    23.75    61.75    2067     0.303     0.935     2.202     1.791     5.135     6.648     7.968     8.748     7.361     4.452     1.293     0.000
    23.75    61.75    2068     0.166     1.047     3.563     0.700     2.934     6.246     7.224     3.508     0.475     4.250     1.166     0.001
    23.75    61.75    2069     0.473     0.997     3.088     3.385     3.753     6.332    12.718     7.000     2.904     3.692     1.188     0.000
    23.75    61.75    2070     0.221     0.933     2.252     2.364     4.359     1.492     6.674     6.668     4.615     4.259     0.857     0.000
    23.75    61.75    2071     0.477     0.559     2.365     2.410     2.753     2.095     8.062     6.159     3.762     2.855     0.922     0.000
    23.75    61.75    2072     0.330     1.087     2.375     2.963     4.334     8.217     6.236     5.184     7.023     4.388     0.457     0.070
    23.75    61.75    2073     0.320     0.663     2.292     3.422     3.362     4.605     6.298    10.136     4.335     4.484     0.785     0.027
    23.75    61.75    2074     0.095     1.158     2.115     2.269     1.814     3.967    12.457    12.503     8.869     3.817     0.995     0.913
    23.75    61.75    2075     0.104     0.973     1.812     2.010     3.605     5.732     7.973     5.804     2.730     4.585     1.013     0.000
    23.75    61.75    2076     0.231     0.902     2.236     2.732     2.907     5.030    12.626    18.098     4.067     3.838     0.669     0.000
    23.75    61.75    2077     0.263     0.949     2.600     2.998     1.339     3.141     6.421    11.281     5.722     3.416     1.145     0.333
    23.75    61.75    2078     0.191     1.416     1.249     0.756     3.270     3.757    13.402    13.703     7.031     5.244     1.068     0.000
    23.75    61.75    2079     0.319     1.073     3.000     1.147     3.000    10.175     7.917     9.185     3.240     5.902     1.011     0.000
    23.75    61.75    2080     0.341     0.697     1.372     2.484     3.091     7.468     3.744    10.721     4.950     4.394     0.842     0.000
    23.75    61.75    2081     0.198     1.633     1.660     2.000     4.840     5.642     3.592     5.579     4.627     2.297     1.591     0.000
    23.75    61.75    2082     0.174     1.062     2.936     3.174     6.068     4.016    10.297    10.559     5.539     5.237     0.720     0.038
    23.75    61.75    2083     0.400     0.911     2.311     2.856     3.386     7.515    10.558     6.638     8.476     3.657     0.863     0.000
    23.75    61.75    2084     0.558     1.027     2.624     1.549     3.896     4.630     1.358     6.822     3.365     5.742     1.010     0.015
    23.75    61.75    2085     0.263     1.705     1.020     1.512     4.166     7.221     3.341     8.172     6.756     1.734     0.665     0.108
    23.75    61.75    2086     0.412     0.735     1.319     3.510     2.803     5.894    10.668    12.245     0.856     4.173     1.034     0.000
    23.75    61.75    2087     0.448     1.609     1.740     4.017     5.382     6.145    14.430    16.264     3.336     4.505     1.184     0.000
    23.75    61.75    2088     0.270     0.871     2.317     3.796     1.447     4.736    10.724    11.848     7.274     7.313     1.476     0.000
    23.75    61.75    2089     0.381     2.006     3.022     3.112     4.675     4.978     3.126     3.012     8.369     4.776     1.155     0.002
    23.75    61.75    2090     0.252     1.455     2.112     2.340     3.869     3.875    13.374    10.279     4.576     3.412     0.941     0.125
    23.75    61.75    2091     1.099     0.875     2.290     2.124     4.439     6.262     6.088    12.882     6.243     4.736     0.987     0.004
    23.75    61.75    2092     0.195     1.112     2.524     2.973     4.808     5.641    10.889     6.588     7.579     3.846     1.049     0.000
    23.75    61.75    2093     0.260     1.205     2.452     4.084     5.139     5.489     6.266     8.509     4.880     4.084     0.914     0.001
    23.75    61.75    2094     0.338     0.832     3.073     3.120     4.847     4.449     5.259    11.684     5.118     3.278     0.983     0.000
    23.75    61.75    2095     0.213     1.134     2.291     2.304     2.047     3.789     4.604    10.102     4.666     3.788     1.277     0.010
    23.75    61.75    2096     0.388     0.901     2.380     1.771     8.012     6.275     3.901    10.064     8.018     5.464     0.948     0.000
    23.75    61.75    2097     0.652     0.990     1.231     2.261     2.182     4.374     5.388    13.663     8.206     4.476     0.870     0.000
    23.75    61.75    2098     0.115     0.809     1.999     3.242     1.675     2.160     4.221     8.810     3.294     4.804     0.843     0.488
    23.75    61.75    2099     0.134     1.108     2.894     2.696     4.842    10.925     5.823    13.558     2.406     4.695     0.817     0.000
    23.75    61.75    2100     0.273     1.423     2.947     1.579     0.741     9.970    14.799    11.428     5.781     4.237     1.525     0.000
    23.75    61.75    2101     0.528     0.757     1.665     2.455     2.852     2.149     8.624     6.384     3.892     3.748     0.757     0.001
    23.75    61.75    2102     0.337     1.017     2.518     4.159     4.438    10.416     6.314     5.809     8.844     3.572     0.593     0.079
    23.75    61.75    2103     0.396     0.830     2.066     3.454     3.460     4.614     6.088    11.233     4.499     4.561     0.639     0.065
    23.75    61.75    2104     0.070     1.125     2.095     2.269     1.823     4.066    10.733    13.108     6.606     5.142     1.543     0.581
    23.75    61.75    2105     0.351     1.068     2.138     2.028     3.735     5.902     8.186     5.928     2.806     3.747     0.936     0.000
    23.75    61.75    2106     0.574     1.575     2.264     2.759     2.938     5.130    12.946    16.078     4.148     4.373     0.812     0.000
    23.75    61.75    2107     0.229     0.908     2.174     3.028     1.367     3.207     6.554    10.364     5.826     3.001     1.527     0.456
    23.75    61.75    2108     0.110     1.186     1.239     0.748     3.363     4.488    12.866    12.703     7.006     4.991     1.424     0.000
    23.75    61.75    2109     0.323     2.148     2.906     1.205     3.069     5.332     8.060     9.621     3.317     5.565     1.163     0.000
    23.75    61.75    2110     0.544     1.406     1.394     2.504     3.045    10.235     3.810    10.951     5.713     4.207     0.923     0.000
    23.75    61.75    2111     0.328     1.452     1.693     2.032     4.985     5.815     3.719     5.521     4.306     2.661     1.903     0.000
    23.75    61.75    2112     0.269     1.462     3.029     3.277     6.208     4.133    10.326    10.033     5.557     3.028     1.092     0.076
    23.75    61.75    2113     0.461     1.144     2.013     2.771     3.239     7.111    11.427     6.817     8.124     3.425     1.479     0.000
    23.75    61.75    2114     0.678     0.679     2.723     1.605     4.000     4.813     1.395     9.000     3.486     4.493     0.967     0.007
    23.75    61.75    2115     0.205     1.552     1.019     1.534     4.227     7.223     3.429    10.456     7.025     2.008     0.900     0.181
    23.75    61.75    2116     0.545     0.898     1.358     3.606     2.933     6.474    12.801    16.164     0.921     5.920     1.240     0.000
    23.75    61.75    2117     0.367     1.332     1.797     4.158     5.767     6.451    10.955    13.843     3.492     3.345     1.408     0.000
    23.75    61.75    2118     0.399     1.499     2.704     4.048     1.528     5.085    14.141    14.973     6.172     6.391     1.214     0.000
    23.75    61.75    2119     0.514     1.176     3.301     3.234     4.967     5.657     3.340     3.190     8.686     3.905     1.567     0.001
    23.75    61.75    2120     0.150     1.506     2.211     2.467     4.256     4.113    14.957    10.636     4.836     4.538     0.580     0.180
    23.75    61.75    2121     0.639     1.144     2.279     2.213     4.143     6.671     6.461    10.541     6.521     5.750     1.061     0.003
    23.75    61.75    2122     0.250     1.203     2.734     3.332     4.874     5.837     9.033     6.248     7.349     4.776     1.354     0.000
    23.75    61.75    2123     0.279     1.544     2.613     4.270     5.345     5.823     6.548     8.832     5.519     5.069     1.574     0.001
    23.75    61.75    2124     0.170     0.993     2.781     3.314     5.112     4.738     5.649    10.414     5.189     4.336     1.346     0.000
    23.75    61.75    2125     0.155     1.770     2.002     2.445     2.167     3.987     4.879    10.543     4.859     4.895     1.044     0.022
    23.75    61.75    2126     0.556     1.099     2.551     1.896     8.945     7.035     4.177    10.836     9.334     5.184     1.090     0.000
    23.75    61.75    2127     0.842     1.087     1.306     2.429     2.334     4.651     5.804    14.155     8.169     4.917     1.609     0.000
    23.75    61.75    2128     0.049     1.084     2.198     3.630     1.841     2.340     4.583     9.576     3.583     4.584     0.650     0.553
    23.75    61.75    2129     0.155     0.924     3.053     3.051     5.189    14.344     6.322    14.487     2.662     5.302     1.000     0.000
    23.75    61.75    2130     0.344     1.003     3.346     1.697     0.788     9.991    19.357     9.942     6.617     3.478     1.826     0.001
    21.75    37.75    1980     4.157     2.844     1.155     1.514     0.752     0.469     0.768     0.233     0.135     1.691     5.036     2.077
    21.75    37.75    1981     1.352     1.523     1.630     0.129     0.896     0.000     0.000     0.000     0.114     4.898     1.365     3.728
    21.75    37.75    1982     1.920     1.293     1.322     1.927     0.129     0.079     0.278     1.039     0.070     1.678     1.630     2.202
    21.75    37.75    1983     1.193     1.008     3.206     2.238     0.382     0.409     0.281     0.100     1.041     1.414     1.507     3.759
    21.75    37.75    1984     1.012     1.360     0.672     0.499     4.100     0.262     0.048     0.050     1.211     2.141     4.713     3.981
    21.75    37.75    1985     2.129     5.551     1.433     0.853     0.064     0.411     0.439     0.095     0.347     0.568     2.634     4.322
    21.75    37.75    1986     3.180     5.715     3.263     2.092     0.361     0.816     0.378     0.791     1.295     1.213     0.798     1.967
    21.75    37.75    1987     5.204     5.123     2.883     1.891     2.841     0.653     0.880     0.572     1.289     4.124     4.152     2.928
    21.75    37.75    1988     1.027     0.891     2.727     1.627     1.116     1.482     0.711     0.000     1.078     6.631     3.425     4.035
    21.75    37.75    1989     4.425     3.585     5.123     0.770     0.891     0.359     0.209     0.000     0.783     0.688     5.286     3.899
    21.75    37.75    1990     1.142     3.120     2.789     0.953     1.175     0.139     0.117     0.284     0.080     4.538     1.484     1.562
    21.75    37.75    1991     1.076     1.913     0.482     1.637     1.156     0.321     0.104     0.000     0.079     0.462     4.776     2.237
    21.75    37.75    1992     1.029     2.481     1.308     0.335     0.000     0.068     0.177     0.116     2.038     1.958     2.328     1.559
    21.75    37.75    1993     2.107     2.210     1.963     2.182     0.422     0.350     0.029     0.112     0.149     0.856     3.551     3.114
    21.75    37.75    1994     2.270     1.283     1.821     3.935     0.313     0.217     0.050     0.070     0.989     2.269     1.055     3.077
    21.75    37.75    1995     3.819     4.190     3.189     3.020     0.349     1.006     0.325     0.000     0.201     1.552     4.905     2.723
    21.75    37.75    1996     1.355     2.413     0.898     3.242     0.930     0.456     0.076     1.475     0.146     1.363     2.862     2.591
    21.75    37.75    1997     5.321     3.328     0.956     1.612     0.264     0.866     0.049     0.572     0.626     0.571     2.024     2.620
    21.75    37.75    1998     2.040     3.756     1.052     0.524     0.215     0.314     0.529     0.385     0.110     2.033     2.566     3.171
    21.75    37.75    1999     1.558     1.765     1.042     0.871     0.099     0.370     0.033     0.000     0.634     1.744     2.859     2.868
    21.75    37.75    2000     2.800     0.472     1.610     1.957     0.148     0.315     0.031     0.274     2.267     0.597     1.803     3.941
    21.75    37.75    2001     1.896     4.399     3.123     1.424     0.303     0.300     0.298     0.098     0.144     3.445     3.343     2.629
    21.75    37.75    2002     3.849     1.919     0.428     0.947     0.085     0.476     0.037     0.045     0.127     3.759     1.335     3.194
    21.75    37.75    2003     2.695     5.058     3.078     0.217     0.692     0.312     0.049     0.751     0.000     1.855     2.228     2.002
    21.75    37.75    2004     1.657     2.561     2.580     1.303     0.000     0.000     0.033     0.039     0.439     0.926     2.916     1.861
    21.75    37.75    2005     3.118     1.363     1.305     0.000     2.327     0.338     0.044     0.000     3.009     1.331     0.898     2.178
    21.75    37.75    2006     2.627     3.499     1.509     2.624     0.598     0.399     0.054     0.176     0.184     2.380     5.721     2.517
    21.75    37.75    2007     2.645     3.016     1.751     1.598     0.530     0.043     0.054     0.152     1.179     2.575     0.323     4.220
    21.75    37.75    2008     2.095     2.405     0.813     1.874     0.079     1.179     0.099     0.810     1.115     1.285     4.237     1.630
    21.75    37.75    2009     1.495     0.995     1.888     2.519     0.990     0.955     0.314     0.533     1.158     3.251     1.237     3.798
    21.75    37.75    2010     4.981     1.415     1.452     1.440     0.448     0.093     0.000     0.071     0.184     6.188     4.554     3.055
    21.75    37.75    2011     2.530     1.645     2.384     0.647     0.460     0.228     0.225     0.784     0.307     0.619     1.158     1.332
    21.75    37.75    2012     3.990     2.950     4.859     0.568     0.212     0.553     0.106     0.545     0.308     0.374     6.888     3.136
    21.75    37.75    2013     1.618     1.173     0.695     0.482     0.095     0.000     0.000     0.000     0.817     5.431     1.247     2.653
    21.75    37.75    2014     2.350     3.194     2.253     0.533     0.000     0.349     0.196     0.067     0.820     2.158     2.588     1.838
    21.75    37.75    2015     2.277     1.063     1.975     2.310     3.373     0.702     0.284     0.000     0.343     0.413     2.787     4.198
    21.75    37.75    2016     1.859     1.374     2.129     0.442     0.477     0.217     0.324     0.075     0.949     1.788     4.063     4.735
    21.75    37.75    2017     0.823     1.396     3.003     0.142     0.000     0.192     0.247     0.033     0.684     1.734     1.231     4.571
    21.75    37.75    2018     2.864     2.011     6.442     3.656     0.855     0.262     0.197     0.393     0.000     1.898     1.894     2.331
    21.75    37.75    2019     2.636     0.886     0.925     0.462     0.453     0.345     0.103     0.471     0.537     1.777     2.580     3.046
    21.75    37.75    2020     1.709     0.379     2.596     1.531     0.192     0.000     0.056     0.000     0.860     2.296     1.625     3.133
    21.75    37.75    2021     3.447     3.962     0.838     5.456     1.089     0.097     0.654     0.137     1.702     4.869     0.289     2.010
    21.75    37.75    2022     4.905     2.305     0.561     4.894     0.874     0.000     0.365     1.773     0.310     1.741     1.639     2.758
    21.75    37.75    2023     2.794     1.029     2.839     1.762     0.111     0.057     0.080     0.000     0.167     1.337     3.602     1.688
    21.75    37.75    2024     2.198     0.299     3.002     0.479     0.000     0.256     0.243     1.543     0.231     0.173     2.123     1.761
    21.75    37.75    2025     0.171     2.231     2.294     0.625     0.218     0.021     0.000     0.042     0.081     0.579     1.499     3.541
    21.75    37.75    2026     1.786     1.389     0.543     0.115     0.198     0.108     0.167     0.168     0.522     3.047     2.303     2.428
    21.75    37.75    2027     0.870     1.799     1.669     0.705     0.278     0.507     0.115     0.000     0.560     0.651     1.225     3.958
    21.75    37.75    2028     2.938     0.371     0.124     0.936     0.274     0.173     0.137     0.000     0.967     0.472     1.450     3.834
    21.75    37.75    2029     1.749     2.883     2.193     0.411     0.682     0.757     0.299     0.046     0.328     0.378     3.364     3.022
    21.75    37.75    2030     3.854     5.495     0.882     0.423     0.033     0.044     0.000     0.173     2.587     0.177     0.709     0.536
    21.75    37.75    2031     1.235     0.232     0.232     1.464     0.243     0.386     0.000     0.568     0.987     4.214     2.874     0.784
    21.75    37.75    2032     0.437     0.097     0.377     0.000     0.336     0.113     0.015     0.006     0.136     0.836     0.803     1.128
    21.75    37.75    2033     1.769     0.226     0.378     0.030     0.049     0.000     0.041     0.029     0.079     0.619     2.753     1.240
    21.75    37.75    2034     0.692     0.520     0.261     1.702     0.451     0.013     0.090     0.009     0.447     0.964     0.824     1.647
    21.75    37.75    2035     4.350     0.592     3.254     0.685     0.045     0.000     0.000     0.232     0.014     0.411     2.785     4.174
    21.75    37.75    2036     1.848     1.283     0.226     0.651     0.019     0.000     0.106     0.000     0.000     0.402     0.875     1.448
    21.75    37.75    2037     0.281     1.684     0.638     0.407     0.164     0.017     0.109     0.930     0.241     3.949     1.666     2.150
    21.75    37.75    2038     1.874     0.942     2.512     1.479     0.331     0.000     0.000     0.000     2.124     0.925     5.262     4.277
    21.75    37.75    2039     2.300     2.649     3.737     1.481     0.581     0.080     0.027     0.000     0.543     0.334     0.048     3.250
    21.75    37.75    2040     0.586     1.814     0.740     0.060     0.619     0.277     0.042     0.072     0.884     3.664     3.960     1.949
    21.75    37.75    2041     1.458     4.543     3.454     0.309     0.421     0.430     0.321     0.105     0.631     0.722     2.470     2.695
    21.75    37.75    2042     2.869     4.776     2.421     0.705     0.198     0.044     0.413     0.000     1.379     3.076     5.205     3.655
    21.75    37.75    2043     4.372     1.796     2.265     1.766     0.149     0.284     0.183     0.094     0.203     0.912     0.777     0.480
    21.75    37.75    2044     1.857     4.445     6.645     8.883     0.038     0.220     0.126     0.156     0.534     1.086     1.031     2.736
    21.75    37.75    2045     3.806     1.717     1.236     1.204     0.000     0.135     0.082     0.282     0.000     0.867     1.897     2.564
    21.75    37.75    2046     1.457     0.303     0.876     0.195     0.264     0.030     0.000     0.343     1.419     1.659     1.090     1.700
    21.75    37.75    2047     1.643     4.058     3.873     0.374     0.024     0.408     0.131     0.305     0.166     1.157     1.169     2.902
    21.75    37.75    2048     1.987     1.050     1.179     2.078     1.930     0.028     0.136     0.385     1.762     0.319     2.280     1.354
    21.75    37.75    2049     2.797     2.596     1.702     1.021     0.242     0.039     0.227     0.227     0.457     1.640     3.364     1.757
    21.75    37.75    2050     1.588     2.068     1.321     0.583     0.110     0.132     0.076     0.095     1.687     0.364     0.497     2.921
    21.75    37.75    2051     2.398     2.104     0.607     0.078     0.640     0.000     0.075     0.120     0.217     1.339     1.770     3.227
    21.75    37.75    2052     3.119     3.094     0.138     0.000     0.031     0.042     0.040     1.450     0.082     0.444     4.225     2.089
    21.75    37.75    2053     1.905     1.727     3.189     0.926     0.648     0.278     0.119     0.072     0.030     0.135     2.439     1.194
    21.75    37.75    2054     2.727     3.828     2.696     0.230     0.196     0.393     0.249     0.000     0.727     1.322     2.783     1.740
    21.75    37.75    2055     0.865     1.734     2.087     3.120     1.796     0.331     0.434     2.031     1.215     0.257     1.407     2.915
    21.75    37.75    2056     1.052     1.810     0.190     2.651     0.209     0.041     0.332     0.322     0.189     2.240     1.049     2.083
    21.75    37.75    2057     0.924     1.049     0.526     1.028     0.049     0.299     0.066     0.450     0.045     0.560     0.000     2.367
    21.75    37.75    2058     0.140     0.275     0.148     0.070     0.017     0.007     0.006     0.084     0.078     0.284     0.083     0.460
    21.75    37.75    2059     1.159     0.248     0.125     0.101     0.000     0.000     0.000     0.020     0.163     0.642     0.349     1.403
    21.75    37.75    2060     1.456     1.414     1.007     0.240     0.067     0.025     0.000     0.017     0.000     0.143     2.509     0.597
    21.75    37.75    2061     1.643     0.467     0.661     0.000     0.000     0.242     0.178     0.019     0.127     0.033     0.971     0.789
    21.75    37.75    2062     0.909     0.105     2.347     0.852     0.210     0.126     0.000     0.025     0.236     1.154     2.604     1.203
    21.75    37.75    2063     2.250     2.892     0.702     0.479     0.191     0.164     0.033     0.096     0.028     0.979     3.944     3.186
    21.75    37.75    2064     2.725     1.542     3.853     3.832     0.000     0.058     0.044     0.090     0.403     0.405     4.030     3.343
    21.75    37.75    2065     2.163     2.726     1.601     0.375     0.000     0.253     0.036     0.000     0.504     3.016     3.471     5.108
    21.75    37.75    2066     0.376     1.030     2.913     0.841     0.115     0.000     0.213     0.425     0.413     1.262     2.020     1.114
    21.75    37.75    2067     2.289     3.793     2.045     3.877     0.000     0.369     0.000     0.000     0.000     1.093     1.913     4.027
    21.75    37.75    2068     3.568     3.393     2.509     2.865     0.685     0.263     0.000     1.415     0.794     3.931     5.742     2.018
    21.75    37.75    2069     3.557     4.401     0.423     0.444     0.178     0.000     0.214     0.349     0.383     2.297     7.954     3.175
    21.75    37.75    2070     2.518     4.195     1.826     1.459     0.714     0.061     0.076     0.116     0.886     2.417     2.737     3.219
    21.75    37.75    2071     3.795     2.981     1.459     0.265     0.000     0.126     0.167     0.204     2.043     2.503     3.961     2.388
    21.75    37.75    2072     4.953     3.309     0.651     1.397     0.940     0.000     0.753     0.000     1.622     2.419     3.062     3.638
    21.75    37.75    2073     0.735     5.942     3.167     1.799     0.447     1.014     0.252     0.000     0.477     2.787     5.096     4.737
    21.75    37.75    2074     1.905     7.135     1.128     0.000     0.000     0.290     0.000     0.132     0.000     5.003     0.753     3.072
    21.75    37.75    2075     2.980     4.261     1.055     0.139     0.501     0.185     0.000     0.000     0.757     0.570     0.950     2.905
    21.75    37.75    2076     1.465     2.652     0.432     4.568     1.526     0.185     0.000     0.724     0.283     0.148     3.123     1.937
    21.75    37.75    2077     1.267     2.441     2.336     0.000     0.000     0.000     0.109     0.196     0.137     1.203     0.456     3.189
    21.75    37.75    2078     4.111     1.944     0.134     1.006     0.000     0.000     0.054     0.000     0.075     0.082     0.863     1.444
    21.75    37.75    2079     1.131     0.962     1.377     2.470     0.129     0.057     0.045     0.039     1.181     0.400     1.017     1.360
    21.75    37.75    2080     1.181     3.922     0.678     1.711     0.541     0.000     0.218     0.063     0.749     0.997     2.287     2.842
    21.75    37.75    2081     1.907     4.188     2.044     4.611     1.015     0.650     0.489     0.470     0.101     2.232     1.465     4.479
    21.75    37.75    2082     4.300     3.672     0.961     2.033     0.880     0.316     0.094     0.000     1.655     0.230     2.255     5.544
    21.75    37.75    2083     2.528     3.231     0.812     0.000     0.216     0.323     0.070     0.295     0.646     2.563     2.575     2.643
    21.75    37.75    2084     1.785     0.946     1.433     2.167     1.646     0.039     0.181     0.157     0.409     1.383     3.926     3.657
    21.75    37.75    2085     4.618     3.527     2.353     1.031     0.080     0.000     0.205     0.431     0.303     4.705     2.899     3.160
    21.75    37.75    2086     2.626     5.079     3.538     1.439     0.088     0.000     0.071     0.317     2.166     0.538     1.853     1.061
    21.75    37.75    2087     5.607     0.240     6.391     1.404     0.000     0.142     0.000     0.269     0.711     2.071     0.888     1.738
    21.75    37.75    2088     0.383     3.337     2.206     0.000     0.062     0.073     0.096     0.214     0.792     0.155     1.734     2.845
    21.75    37.75    2089     0.565     0.041     0.158     0.074     0.010     0.007     0.042     0.088     0.014     0.153     0.434     0.396
    21.75    37.75    2090     0.451     0.917     0.088     0.473     0.000     0.005     0.000     0.000     0.007     0.039     0.636     0.692
    21.75    37.75    2091     0.910     1.215     1.252     0.599     0.000     0.014     0.059     0.027     0.000     0.065     1.506     0.528
    21.75    37.75    2092     1.613     3.096     1.645     0.000     0.019     0.000     0.000     0.000     0.309     1.110     0.740     5.773
    21.75    37.75    2093     1.047     0.517     1.085     1.372     0.046     0.069     0.068     0.052     0.115     0.555     3.003     2.423
    21.75    37.75    2094     2.248     1.934     3.907     0.000     0.000     0.000     0.080     0.198     0.240     0.000     1.597     6.867
    21.75    37.75    2095     3.734     0.653     1.755     2.302     0.770     0.593     0.401     0.000     0.567     1.799     1.484     1.124
    21.75    37.75    2096     7.698     3.176     1.376     0.502     0.000     0.322     0.250     0.083     1.556     2.343     4.076     3.124
    21.75    37.75    2097     3.930     3.242     0.834     2.130     0.325     0.310     0.090     0.093     0.605     0.000     3.671     2.495
    21.75    37.75    2098     2.584     1.078     1.281     0.000     0.663     0.255     0.089     0.096     0.727     0.200     1.667     3.206
    21.75    37.75    2099     3.503     2.243     0.104     0.624     0.676     0.082     0.197     0.000     0.106     1.093     2.048     2.021
    21.75    37.75    2100     2.991     0.642     0.605     1.813     0.111     0.217     0.305     0.074     1.009     0.727     2.270     0.523
    21.75    37.75    2101     3.730     3.266     1.284     0.221     0.000     0.110     0.144     0.176     1.516     2.142     4.138     2.770
    21.75    37.75    2102     4.279     2.686     0.426     0.927     0.617     0.000     0.506     0.000     0.989     1.507     2.062     2.391
    21.75    37.75    2103     0.771     4.751     3.272     1.783     0.442     1.014     0.249     0.000     0.516     2.674     5.954     4.087
    21.75    37.75    2104     1.673     6.847     1.022     0.000     0.000     0.270     0.000     0.119     0.000     4.458     0.655     4.220
    21.75    37.75    2105     2.981     3.212     0.958     0.133     0.461     0.176     0.000     0.000     0.654     0.468     0.802     2.297
    21.75    37.75    2106     1.415     2.766     0.455     4.537     1.590     0.199     0.000     0.721     0.281     0.142     3.371     1.888
    21.75    37.75    2107     1.127     2.296     2.180     0.000     0.000     0.000     0.104     0.196     0.122     1.077     0.389     2.998
    21.75    37.75    2108     3.216     2.181     0.136     1.035     0.000     0.000     0.057     0.000     0.072     0.079     0.834     1.483
    21.75    37.75    2109     0.873     0.815     1.210     2.181     0.116     0.052     0.040     0.035     0.879     0.301     0.755     1.011
    21.75    37.75    2110     1.076     3.776     0.647     1.542     0.560     0.000     0.212     0.061     0.750     0.765     1.941     2.701
    21.75    37.75    2111     1.987     4.745     2.189     4.817     1.150     0.694     0.601     0.440     0.102     1.524     1.455     4.496
    21.75    37.75    2112     4.100     3.375     0.902     2.004     0.841     0.321     0.092     0.000     1.671     0.203     1.975     5.017
    21.75    37.75    2113     2.371     3.026     0.801     0.000     0.215     0.317     0.069     0.293     0.584     2.482     2.249     2.399
    21.75    37.75    2114     1.746     0.951     1.486     2.170     1.749     0.046     0.189     0.162     0.378     1.313     3.932     3.825
    21.75    37.75    2115     5.260     3.372     2.481     1.116     0.091     0.000     0.234     0.462     0.308     3.606     2.327     2.403
    21.75    37.75    2116     3.485     6.106     4.148     1.593     0.101     0.000     0.082     0.376     2.422     0.589     2.486     1.104
    21.75    37.75    2117     5.233     0.239     7.331     1.465     0.000     0.154     0.000     0.291     0.719     2.188     0.881     2.589
    21.75    37.75    2118     0.381     3.219     2.167     0.000     0.064     0.075     0.099     0.207     0.707     0.158     1.628     2.842
    21.75    37.75    2119     0.812     0.050     0.147     0.090     0.030     0.017     0.060     0.154     0.030     0.261     0.417     0.385
    21.75    37.75    2120     0.672     0.959     0.087     0.429     0.000     0.020     0.000     0.000     0.039     0.241     0.552     0.646
    21.75    37.75    2121     0.897     1.227     1.340     0.671     0.000     0.036     0.115     0.068     0.000     0.076     1.334     0.521
    21.75    37.75    2122     1.574     2.693     1.532     0.000     0.027     0.000     0.000     0.000     0.297     1.478     0.723     4.055
    21.75    37.75    2123     1.259     0.572     1.192     1.639     0.062     0.103     0.101     0.079     0.196     0.534     2.860     2.711
    21.75    37.75    2124     2.166     1.849     3.530     0.000     0.000     0.000     0.078     0.177     0.208     0.000     1.368     6.904
    21.75    37.75    2125     2.845     0.526     1.409     2.049     0.607     0.460     0.330     0.000     0.449     1.794     1.141     1.564
    21.75    37.75    2126     6.499     2.547     1.097     0.380     0.000     0.246     0.192     0.063     1.077     1.863     3.462     2.534
    21.75    37.75    2127     3.005     2.500     0.650     1.554     0.232     0.235     0.068     0.066     0.437     0.000     2.689     2.380
    21.75    37.75    2128     1.810     0.795     0.966     0.000     0.461     0.177     0.062     0.066     0.487     0.132     1.166     3.203
    21.75    37.75    2129     2.859     1.913     0.086     0.484     0.549     0.066     0.159     0.000     0.086     0.885     1.659     1.820
    21.75    37.75    2130     2.938     0.539     0.512     1.451     0.085     0.174     0.247     0.059     0.853     0.559     1.771     0.432
