      Lon      Lat    Year      CH LAI_Sum LAI_Win      z0  z0_Win
     9.75    49.75    1980    8.14    3.94    1.48    0.46    0.83
     9.75    49.75    1981    8.10    3.91    1.45    0.46    0.83
     9.75    49.75    1982    8.16    3.92    1.48    0.46    0.83
     9.75    49.75    1983    8.31    4.03    1.50    0.47    0.85
     9.75    49.75    1984    8.27    4.00    1.53    0.47    0.83
     9.75    49.75    1985    8.29    4.01    1.53    0.47    0.84
     9.75    49.75    1986    8.14    3.88    1.45    0.47    0.83
     9.75    49.75    1987    8.34    4.00    1.49    0.47    0.85
     9.75    49.75    1988    8.05    3.81    1.41    0.47    0.82
     9.75    49.75    1989    8.34    3.97    1.46    0.48    0.85
     9.75    49.75    1990    8.38    3.98    1.47    0.48    0.86
     9.75    49.75    1991    8.53    4.10    1.49    0.48    0.87
     9.75    49.75    1992    8.54    4.11    1.51    0.48    0.87
     9.75    49.75    1993    8.68    4.15    1.51    0.49    0.89
     9.75    49.75    1994    8.63    4.09    1.47    0.49    0.88
     9.75    49.75    1995    8.90    4.22    1.54    0.50    0.91
     9.75    49.75    1996    8.80    4.13    1.51    0.50    0.90
     9.75    49.75    1997    9.06    4.29    1.56    0.50    0.93
     9.75    49.75    1998    8.98    4.25    1.52    0.50    0.92
     9.75    49.75    1999    8.92    4.16    1.49    0.51    0.92
     9.75    49.75    2000    9.34    4.42    1.57    0.52    0.96
     9.75    49.75    2001    9.27    4.35    1.54    0.51    0.95
     9.75    49.75    2002    9.25    4.28    1.49    0.52    0.96
     9.75    49.75    2003    9.46    4.39    1.56    0.52    0.97
     9.75    49.75    2004    9.46    4.38    1.58    0.52    0.96
     9.75    49.75    2005    9.53    4.41    1.56    0.53    0.98
     9.75    49.75    2006    9.42    4.29    1.51    0.53    0.97
     9.75    49.75    2007    9.66    4.41    1.53    0.53    1.00
     9.75    49.75    2008    9.39    4.17    1.48    0.53    0.96
     9.75    49.75    2009    9.76    4.35    1.55    0.54    1.01
     9.75    49.75    2010    9.80    4.38    1.55    0.54    1.01
     9.75    49.75    2011    9.19    4.11    1.45    0.52    0.94
     9.75    49.75    2012    8.96    3.95    1.39    0.51    0.92
     9.75    49.75    2013    9.24    4.19    1.46    0.51    0.95
     9.75    49.75    2014    9.12    4.13    1.45    0.51    0.93
     9.75    49.75    2015    9.16    4.20    1.45    0.51    0.94
     9.75    49.75    2016    9.15    4.26    1.46    0.50    0.93
     9.75    49.75    2017    8.94    4.18    1.42    0.49    0.91
     9.75    49.75    2018    9.15    4.32    1.42    0.50    0.94
     9.75    49.75    2019    9.24    4.39    1.41    0.50    0.95
     9.75    49.75    2020    8.90    4.00    1.30    0.51    0.91
     9.75    49.75    2021    9.22    4.30    1.28    0.51    0.97
     9.75    49.75    2022    9.36    4.40    1.29    0.51    0.99
     9.75    49.75    2023    9.20    4.36    1.22    0.50    0.98
     9.75    49.75    2024    9.51    4.53    1.27    0.51    1.01
     9.75    49.75    2025    9.54    4.55    1.26    0.51    1.01
     9.75    49.75    2026    9.49    4.48    1.25    0.52    1.00
     9.75    49.75    2027    9.61    4.48    1.23    0.52    1.02
     9.75    49.75    2028    9.16    4.11    1.09    0.52    0.97
     9.75    49.75    2029    9.76    4.43    1.14    0.54    1.05
     9.75    49.75    2030    9.68    4.33    1.14    0.54    1.03
     9.75    49.75    2031   10.18    4.59    1.15    0.55    1.11
     9.75    49.75    2032    9.56    4.21    1.08    0.54    1.02
     9.75    49.75    2033    9.98    4.44    1.11    0.55    1.08
     9.75    49.75    2034   10.33    4.65    1.13    0.56    1.13
     9.75    49.75    2035    9.91    4.38    1.06    0.55    1.07
     9.75    49.75    2036    9.97    4.39    1.05    0.55    1.08
     9.75    49.75    2037    9.80    4.25    1.02    0.54    1.06
     9.75    49.75    2038   10.17    4.41    1.03    0.56    1.12
     9.75    49.75    2039   10.51    4.61    1.09    0.57    1.14
     9.75    49.75    2040   10.55    4.67    1.08    0.56    1.15
     9.75    49.75    2041   10.36    4.69    1.01    0.54    1.14
     9.75    49.75    2042   10.46    4.74    0.98    0.55    1.16
     9.75    49.75    2043    9.83    4.33    0.90    0.53    1.08
     9.75    49.75    2044   10.19    4.47    0.88    0.55    1.13
     9.75    49.75    2045   10.13    4.38    0.86    0.55    1.12
     9.75    49.75    2046   10.46    4.57    0.87    0.56    1.17
     9.75    49.75    2047   10.58    4.63    0.87    0.56    1.18
     9.75    49.75    2048   10.20    4.41    0.81    0.56    1.13
     9.75    49.75    2049    9.95    4.07    0.77    0.57    1.10
     9.75    49.75    2050   10.50    4.31    0.77    0.58    1.19
     9.75    49.75    2051   10.79    4.48    0.80    0.59    1.22
     9.75    49.75    2052   10.89    4.52    0.79    0.59    1.23
     9.75    49.75    2053   11.34    4.77    0.82    0.60    1.28
     9.75    49.75    2054    9.99    3.75    0.69    0.59    1.10
     9.75    49.75    2055   10.38    3.98    0.71    0.60    1.16
     9.75    49.75    2056    9.61    3.34    0.66    0.61    1.06
     9.75    49.75    2057    9.65    3.40    0.61    0.60    1.08
     9.75    49.75    2058   10.37    3.79    0.64    0.62    1.18
     9.75    49.75    2059   10.24    3.72    0.63    0.62    1.15
     9.75    49.75    2060   10.49    3.91    0.63    0.61    1.20
     9.75    49.75    2061   10.64    3.97    0.64    0.62    1.21
     9.75    49.75    2062   11.08    4.19    0.66    0.63    1.27
     9.75    49.75    2063   10.99    4.30    0.65    0.62    1.25
     9.75    49.75    2064   11.06    4.47    0.65    0.60    1.26
     9.75    49.75    2065   10.68    4.36    0.61    0.58    1.21
     9.75    49.75    2066   10.60    4.32    0.60    0.58    1.20
     9.75    49.75    2067   10.61    4.30    0.57    0.58    1.21
     9.75    49.75    2068   10.07    3.96    0.54    0.58    1.12
     9.75    49.75    2069   10.09    3.92    0.52    0.59    1.13
     9.75    49.75    2070   10.89    4.37    0.56    0.61    1.25
     9.75    49.75    2071   10.82    4.38    0.55    0.61    1.23
     9.75    49.75    2072   11.20    4.60    0.57    0.61    1.29
     9.75    49.75    2073   11.36    4.68    0.57    0.61    1.32
     9.75    49.75    2074   10.75    4.13    0.53    0.61    1.23
     9.75    49.75    2075   11.15    4.31    0.54    0.62    1.29
     9.75    49.75    2076   11.37    4.57    0.55    0.62    1.31
     9.75    49.75    2077   10.41    3.86    0.50    0.62    1.17
     9.75    49.75    2078   10.83    4.15    0.50    0.61    1.24
     9.75    49.75    2079   11.02    4.27    0.50    0.62    1.27
     9.75    49.75    2080   11.04    4.24    0.50    0.62    1.27
     9.75    49.75    2081   11.18    4.31    0.49    0.62    1.30
     9.75    49.75    2082   11.06    4.22    0.47    0.62    1.28
     9.75    49.75    2083   11.46    4.51    0.49    0.63    1.34
     9.75    49.75    2084   11.13    4.36    0.46    0.62    1.28
     9.75    49.75    2085   10.62    3.94    0.45    0.62    1.21
     9.75    49.75    2086   11.14    4.20    0.46    0.63    1.29
     9.75    49.75    2087   11.45    4.37    0.47    0.64    1.33
     9.75    49.75    2088   11.89    4.67    0.48    0.64    1.39
     9.75    49.75    2089   11.14    4.18    0.45    0.64    1.28
     9.75    49.75    2090   11.73    4.55    0.45    0.63    1.38
     9.75    49.75    2091   11.46    4.56    0.44    0.62    1.33
     9.75    49.75    2092   11.12    4.35    0.42    0.61    1.28
     9.75    49.75    2093   11.61    4.65    0.43    0.62    1.36
     9.75    49.75    2094   11.42    4.57    0.42    0.61    1.33
     9.75    49.75    2095   11.42    4.64    0.41    0.61    1.33
     9.75    49.75    2096   11.32    4.64    0.41    0.61    1.32
     9.75    49.75    2097   10.88    4.09    0.40    0.62    1.25
     9.75    49.75    2098   10.89    3.95    0.39    0.64    1.26
     9.75    49.75    2099   11.36    4.23    0.41    0.64    1.33
     9.75    49.75    2100   11.36    4.21    0.41    0.65    1.33
     9.75    49.75    2101   11.77    4.44    0.42    0.65    1.39
     9.75    49.75    2102   11.45    4.44    0.41    0.63    1.34
     9.75    49.75    2103   11.08    4.35    0.39    0.61    1.29
     9.75    49.75    2104   10.41    4.03    0.36    0.59    1.19
     9.75    49.75    2105   10.80    4.25    0.37    0.60    1.25
     9.75    49.75    2106   11.34    4.62    0.39    0.60    1.33
     9.75    49.75    2107   10.16    4.00    0.36    0.59    1.14
     9.75    49.75    2108   10.23    4.14    0.36    0.57    1.17
     9.75    49.75    2109   10.71    4.46    0.38    0.59    1.24
     9.75    49.75    2110   10.69    4.42    0.38    0.59    1.24
     9.75    49.75    2111   10.96    4.56    0.39    0.60    1.28
     9.75    49.75    2112   11.15    4.65    0.40    0.60    1.31
     9.75    49.75    2113   11.40    4.85    0.41    0.60    1.35
     9.75    49.75    2114   10.51    4.50    0.38    0.58    1.21
     9.75    49.75    2115   10.20    4.20    0.37    0.58    1.16
     9.75    49.75    2116   10.76    4.54    0.39    0.59    1.25
     9.75    49.75    2117   10.86    4.62    0.39    0.59    1.27
     9.75    49.75    2118   11.16    4.87    0.40    0.59    1.32
     9.75    49.75    2119   10.56    4.38    0.38    0.59    1.22
     9.75    49.75    2120   11.10    4.76    0.40    0.59    1.31
     9.75    49.75    2121   10.84    4.79    0.39    0.57    1.26
     9.75    49.75    2122   10.19    4.48    0.36    0.55    1.17
     9.75    49.75    2123   10.71    4.80    0.38    0.56    1.25
     9.75    49.75    2124   10.57    4.71    0.38    0.56    1.23
     9.75    49.75    2125   10.61    4.83    0.38    0.55    1.24
     9.75    49.75    2126   10.65    4.92    0.38    0.55    1.24
     9.75    49.75    2127   10.27    4.50    0.38    0.56    1.19
     9.75    49.75    2128   10.54    4.59    0.39    0.57    1.23
     9.75    49.75    2129   11.03    4.84    0.41    0.58    1.31
     9.75    49.75    2130   10.86    4.73    0.41    0.58    1.28
    13.75    55.75    1980    6.23    3.22    1.19    0.39    0.65
    13.75    55.75    1981    6.23    3.18    1.16    0.39    0.65
    13.75    55.75    1982    6.18    3.11    1.13    0.40    0.65
    13.75    55.75    1983    6.37    3.22    1.14    0.40    0.67
    13.75    55.75    1984    6.59    3.35    1.24    0.41    0.69
    13.75    55.75    1985    6.61    3.37    1.26    0.41    0.69
    13.75    55.75    1986    6.51    3.26    1.22    0.41    0.68
    13.75    55.75    1987    6.60    3.29    1.21    0.41    0.69
    13.75    55.75    1988    6.74    3.37    1.23    0.42    0.71
    13.75    55.75    1989    6.60    3.26    1.18    0.41    0.69
    13.75    55.75    1990    6.79    3.36    1.24    0.42    0.71
    13.75    55.75    1991    6.74    3.31    1.21    0.42    0.71
    13.75    55.75    1992    6.83    3.34    1.23    0.43    0.72
    13.75    55.75    1993    7.09    3.51    1.31    0.43    0.74
    13.75    55.75    1994    7.14    3.55    1.34    0.43    0.74
    13.75    55.75    1995    7.01    3.42    1.28    0.43    0.73
    13.75    55.75    1996    7.18    3.52    1.31    0.44    0.75
    13.75    55.75    1997    7.26    3.55    1.31    0.44    0.76
    13.75    55.75    1998    7.27    3.53    1.31    0.44    0.76
    13.75    55.75    1999    7.36    3.57    1.31    0.44    0.77
    13.75    55.75    2000    7.22    3.42    1.23    0.45    0.76
    13.75    55.75    2001    7.55    3.62    1.32    0.45    0.79
    13.75    55.75    2002    7.35    3.48    1.30    0.45    0.76
    13.75    55.75    2003    7.50    3.55    1.33    0.46    0.78
    13.75    55.75    2004    7.74    3.71    1.40    0.46    0.81
    13.75    55.75    2005    7.54    3.53    1.31    0.46    0.79
    13.75    55.75    2006    7.89    3.76    1.41    0.47    0.83
    13.75    55.75    2007    7.41    3.41    1.28    0.46    0.77
    13.75    55.75    2008    7.82    3.66    1.34    0.47    0.82
    13.75    55.75    2009    7.87    3.66    1.38    0.47    0.82
    13.75    55.75    2010    7.68    3.49    1.30    0.47    0.81
    13.75    55.75    2011    7.69    3.42    1.27    0.48    0.81
    13.75    55.75    2012    8.13    3.66    1.38    0.49    0.86
    13.75    55.75    2013    8.30    3.75    1.43    0.50    0.87
    13.75    55.75    2014    8.10    3.58    1.36    0.50    0.85
    13.75    55.75    2015    7.90    3.33    1.27    0.50    0.83
    13.75    55.75    2016    8.26    3.51    1.33    0.52    0.88
    13.75    55.75    2017    8.55    3.68    1.43    0.52    0.90
    13.75    55.75    2018    8.50    3.64    1.42    0.52    0.88
    13.75    55.75    2019    8.39    3.53    1.35    0.52    0.88
    13.75    55.75    2020    8.56    3.61    1.37    0.53    0.90
    13.75    55.75    2021    8.61    3.60    1.35    0.53    0.91
    13.75    55.75    2022    8.79    3.70    1.41    0.54    0.92
    13.75    55.75    2023    8.80    3.69    1.43    0.54    0.92
    13.75    55.75    2024    8.86    3.71    1.43    0.54    0.92
    13.75    55.75    2025    9.22    3.91    1.55    0.55    0.95
    13.75    55.75    2026    9.01    3.78    1.47    0.55    0.94
    13.75    55.75    2027    9.26    3.92    1.54    0.55    0.96
    13.75    55.75    2028    9.41    4.04    1.58    0.55    0.97
    13.75    55.75    2029    9.30    3.94    1.53    0.55    0.96
    13.75    55.75    2030    9.28    3.87    1.49    0.55    0.96
    13.75    55.75    2031    9.37    3.92    1.52    0.55    0.97
    13.75    55.75    2032    9.49    4.02    1.55    0.55    0.98
    13.75    55.75    2033    9.48    4.04    1.54    0.55    0.98
    13.75    55.75    2034    9.23    3.92    1.45    0.54    0.96
    13.75    55.75    2035    9.36    4.04    1.51    0.54    0.96
    13.75    55.75    2036    9.07    3.80    1.38    0.54    0.94
    13.75    55.75    2037    9.44    4.06    1.48    0.55    0.98
    13.75    55.75    2038    9.17    3.91    1.40    0.54    0.95
    13.75    55.75    2039    9.26    3.98    1.40    0.54    0.96
    13.75    55.75    2040    9.42    4.08    1.43    0.55    0.98
    13.75    55.75    2041    9.30    3.98    1.38    0.55    0.97
    13.75    55.75    2042    9.22    3.93    1.36    0.55    0.96
    13.75    55.75    2043    9.23    3.89    1.34    0.55    0.96
    13.75    55.75    2044    9.53    4.08    1.45    0.56    0.99
    13.75    55.75    2045    9.23    3.89    1.33    0.55    0.96
    13.75    55.75    2046    9.03    3.75    1.26    0.55    0.95
    13.75    55.75    2047    9.29    3.94    1.34    0.55    0.97
    13.75    55.75    2048    9.36    4.00    1.34    0.55    0.98
    13.75    55.75    2049    9.46    4.08    1.36    0.55    0.99
    13.75    55.75    2050    9.11    3.85    1.24    0.55    0.95
    13.75    55.75    2051    9.04    3.75    1.19    0.55    0.95
    13.75    55.75    2052    9.41    4.02    1.25    0.55    0.99
    13.75    55.75    2053    9.45    4.06    1.28    0.55    0.99
    13.75    55.75    2054    9.51    4.20    1.28    0.55    1.00
    13.75    55.75    2055    9.12    3.94    1.19    0.54    0.96
    13.75    55.75    2056    9.01    3.88    1.15    0.54    0.95
    13.75    55.75    2057    9.27    4.05    1.17    0.54    0.99
    13.75    55.75    2058    9.43    4.25    1.22    0.54    0.99
    13.75    55.75    2059    9.45    4.25    1.23    0.54    0.99
    13.75    55.75    2060    9.42    4.34    1.19    0.53    1.01
    13.75    55.75    2061    9.48    4.38    1.22    0.53    1.00
    13.75    55.75    2062    9.27    4.31    1.15    0.52    0.98
    13.75    55.75    2063    9.33    4.37    1.16    0.52    0.99
    13.75    55.75    2064    9.03    4.23    1.09    0.51    0.96
    13.75    55.75    2065    9.21    4.39    1.11    0.52    0.98
    13.75    55.75    2066    9.04    4.20    1.05    0.52    0.96
    13.75    55.75    2067    9.34    4.29    1.06    0.53    1.00
    13.75    55.75    2068    9.62    4.51    1.09    0.53    1.04
    13.75    55.75    2069    9.74    4.61    1.11    0.54    1.05
    13.75    55.75    2070    9.63    4.69    1.12    0.53    1.02
    13.75    55.75    2071    9.51    4.61    1.06    0.52    1.02
    13.75    55.75    2072    9.52    4.62    1.03    0.52    1.03
    13.75    55.75    2073    9.11    4.28    0.97    0.52    0.97
    13.75    55.75    2074    9.58    4.60    0.99    0.53    1.04
    13.75    55.75    2075    9.48    4.46    0.96    0.53    1.03
    13.75    55.75    2076    9.90    4.71    0.98    0.54    1.09
    13.75    55.75    2077    9.88    4.64    0.96    0.55    1.08
    13.75    55.75    2078   10.16    4.93    0.98    0.55    1.11
    13.75    55.75    2079    9.76    4.81    0.96    0.53    1.05
    13.75    55.75    2080    9.55    4.66    0.87    0.52    1.04
    13.75    55.75    2081    9.27    4.47    0.81    0.51    1.01
    13.75    55.75    2082    9.50    4.58    0.82    0.52    1.04
    13.75    55.75    2083    9.74    4.75    0.84    0.53    1.07
    13.75    55.75    2084    9.99    4.90    0.84    0.53    1.11
    13.75    55.75    2085    9.71    4.72    0.79    0.53    1.07
    13.75    55.75    2086    9.80    4.77    0.76    0.53    1.09
    13.75    55.75    2087    9.94    4.81    0.77    0.54    1.11
    13.75    55.75    2088   10.40    5.21    0.82    0.55    1.16
    13.75    55.75    2089    9.95    4.83    0.76    0.55    1.09
    13.75    55.75    2090   10.17    4.96    0.71    0.55    1.15
    13.75    55.75    2091   10.24    5.04    0.71    0.55    1.15
    13.75    55.75    2092   10.22    4.86    0.67    0.55    1.15
    13.75    55.75    2093    9.78    4.58    0.55    0.54    1.11
    13.75    55.75    2094   10.25    4.80    0.57    0.55    1.19
    13.75    55.75    2095   10.01    4.55    0.54    0.56    1.15
    13.75    55.75    2096   10.24    4.77    0.52    0.55    1.19
    13.75    55.75    2097   10.34    4.81    0.52    0.56    1.20
    13.75    55.75    2098   10.42    4.86    0.51    0.56    1.21
    13.75    55.75    2099   10.07    4.61    0.49    0.55    1.16
    13.75    55.75    2100   10.32    4.79    0.51    0.56    1.19
    13.75    55.75    2101   10.45    4.86    0.51    0.56    1.21
    13.75    55.75    2102   10.38    4.89    0.48    0.55    1.21
    13.75    55.75    2103    9.97    4.60    0.41    0.54    1.16
    13.75    55.75    2104   10.26    4.76    0.42    0.55    1.21
    13.75    55.75    2105   10.04    4.69    0.41    0.54    1.17
    13.75    55.75    2106   10.21    4.86    0.42    0.54    1.20
    13.75    55.75    2107   10.03    4.75    0.41    0.54    1.18
    13.75    55.75    2108   10.12    4.96    0.43    0.53    1.19
    13.75    55.75    2109    9.99    4.89    0.43    0.53    1.17
    13.75    55.75    2110   10.00    4.83    0.43    0.53    1.17
    13.75    55.75    2111   10.01    4.82    0.43    0.54    1.18
    13.75    55.75    2112    9.97    4.86    0.44    0.53    1.17
    13.75    55.75    2113   10.03    4.93    0.44    0.54    1.18
    13.75    55.75    2114    9.97    4.83    0.43    0.54    1.17
    13.75    55.75    2115    9.70    4.66    0.42    0.53    1.13
    13.75    55.75    2116    9.55    4.55    0.41    0.52    1.11
    13.75    55.75    2117    9.75    4.62    0.42    0.53    1.14
    13.75    55.75    2118    9.57    4.53    0.41    0.52    1.12
    13.75    55.75    2119    9.35    4.39    0.40    0.52    1.09
    13.75    55.75    2120    9.51    4.62    0.42    0.52    1.12
    13.75    55.75    2121    9.55    4.75    0.42    0.51    1.13
    13.75    55.75    2122    9.33    4.72    0.42    0.50    1.10
    13.75    55.75    2123    9.23    4.62    0.42    0.50    1.09
    13.75    55.75    2124    9.43    4.84    0.44    0.50    1.12
    13.75    55.75    2125    9.30    4.77    0.44    0.50    1.10
    13.75    55.75    2126    9.40    4.92    0.45    0.50    1.12
    13.75    55.75    2127    9.53    4.91    0.45    0.51    1.13
    13.75    55.75    2128    9.47    5.03    0.45    0.50    1.12
    13.75    55.75    2129    9.31    4.80    0.44    0.50    1.10
    13.75    55.75    2130    9.23    4.79    0.43    0.49    1.09
    23.75    61.75    1980    6.11    2.62    2.41    0.43    0.46
    23.75    61.75    1981    6.20    2.65    2.45    0.43    0.46
    23.75    61.75    1982    6.18    2.60    2.40    0.44    0.46
    23.75    61.75    1983    6.36    2.67    2.46    0.44    0.47
    23.75    61.75    1984    6.24    2.60    2.39    0.44    0.47
    23.75    61.75    1985    6.30    2.60    2.39    0.44    0.47
    23.75    61.75    1986    6.30    2.57    2.36    0.45    0.48
    23.75    61.75    1987    6.44    2.62    2.40    0.45    0.48
    23.75    61.75    1988    6.55    2.68    2.45    0.46    0.49
    23.75    61.75    1989    6.61    2.67    2.44    0.46    0.49
    23.75    61.75    1990    6.59    2.64    2.40    0.46    0.50
    23.75    61.75    1991    6.63    2.65    2.42    0.47    0.50
    23.75    61.75    1992    6.77    2.70    2.46    0.47    0.51
    23.75    61.75    1993    6.86    2.70    2.46    0.48    0.51
    23.75    61.75    1994    6.88    2.69    2.47    0.48    0.51
    23.75    61.75    1995    6.94    2.71    2.47    0.49    0.52
    23.75    61.75    1996    6.85    2.63    2.40    0.49    0.52
    23.75    61.75    1997    6.82    2.58    2.35    0.49    0.52
    23.75    61.75    1998    6.95    2.63    2.40    0.49    0.53
    23.75    61.75    1999    7.17    2.74    2.51    0.50    0.54
    23.75    61.75    2000    7.16    2.70    2.48    0.50    0.54
    23.75    61.75    2001    7.14    2.65    2.43    0.51    0.54
    23.75    61.75    2002    7.29    2.70    2.48    0.51    0.55
    23.75    61.75    2003    7.21    2.63    2.42    0.51    0.55
    23.75    61.75    2004    7.36    2.69    2.47    0.52    0.56
    23.75    61.75    2005    7.46    2.72    2.50    0.52    0.56
    23.75    61.75    2006    7.47    2.72    2.49    0.53    0.56
    23.75    61.75    2007    7.46    2.70    2.47    0.53    0.56
    23.75    61.75    2008    7.69    2.80    2.57    0.53    0.58
    23.75    61.75    2009    7.62    2.74    2.51    0.53    0.57
    23.75    61.75    2010    7.64    2.73    2.50    0.54    0.58
    23.75    61.75    2011    7.22    2.67    2.42    0.50    0.54
    23.75    61.75    2012    7.11    2.67    2.38    0.49    0.53
    23.75    61.75    2013    7.19    2.73    2.38    0.50    0.54
    23.75    61.75    2014    7.30    2.84    2.39    0.50    0.55
    23.75    61.75    2015    7.15    2.83    2.32    0.49    0.55
    23.75    61.75    2016    7.14    2.89    2.27    0.49    0.56
    23.75    61.75    2017    7.15    2.98    2.24    0.49    0.56
    23.75    61.75    2018    7.36    3.11    2.27    0.50    0.58
    23.75    61.75    2019    7.42    3.23    2.28    0.49    0.59
    23.75    61.75    2020    7.39    3.18    2.20    0.49    0.60
    23.75    61.75    2021    7.43    3.15    2.17    0.50    0.60
    23.75    61.75    2022    7.46    3.11    2.16    0.50    0.60
    23.75    61.75    2023    7.74    3.23    2.21    0.51    0.62
    23.75    61.75    2024    7.92    3.28    2.21    0.52    0.64
    23.75    61.75    2025    7.78    3.26    2.13    0.51    0.64
    23.75    61.75    2026    7.47    3.15    2.02    0.50    0.62
    23.75    61.75    2027    7.58    3.22    2.01    0.50    0.63
    23.75    61.75    2028    7.89    3.32    2.08    0.51    0.64
    23.75    61.75    2029    7.70    3.24    1.98    0.50    0.64
    23.75    61.75    2030    7.90    3.28    1.98    0.52    0.66
    23.75    61.75    2031    8.13    3.39    1.95    0.53    0.69
    23.75    61.75    2032    8.12    3.41    1.92    0.52    0.70
    23.75    61.75    2033    8.31    3.51    1.92    0.53    0.72
    23.75    61.75    2034    8.30    3.50    1.86    0.53    0.73
    23.75    61.75    2035    8.35    3.57    1.84    0.53    0.73
    23.75    61.75    2036    8.58    3.62    1.86    0.54    0.76
    23.75    61.75    2037    8.61    3.58    1.82    0.54    0.77
    23.75    61.75    2038    8.60    3.51    1.78    0.54    0.76
    23.75    61.75    2039    8.85    3.57    1.81    0.56    0.79
    23.75    61.75    2040    8.94    3.58    1.78    0.56    0.80
    23.75    61.75    2041    8.82    3.48    1.72    0.56    0.79
    23.75    61.75    2042    8.93    3.62    1.68    0.55    0.82
    23.75    61.75    2043    8.84    3.56    1.63    0.55    0.81
    23.75    61.75    2044    8.62    3.47    1.53    0.54    0.80
    23.75    61.75    2045    8.79    3.58    1.50    0.55    0.83
    23.75    61.75    2046    9.18    3.71    1.53    0.57    0.87
    23.75    61.75    2047    8.96    3.67    1.44    0.56    0.86
    23.75    61.75    2048    9.32    3.84    1.47    0.57    0.90
    23.75    61.75    2049    9.53    3.89    1.46    0.58    0.93
    23.75    61.75    2050    9.64    3.94    1.46    0.59    0.93
    23.75    61.75    2051    9.65    3.84    1.42    0.59    0.94
    23.75    61.75    2052    9.75    3.90    1.38    0.59    0.97
    23.75    61.75    2053    9.30    3.64    1.28    0.58    0.92
    23.75    61.75    2054    9.69    3.83    1.28    0.59    0.97
    23.75    61.75    2055    9.75    3.80    1.25    0.59    0.98
    23.75    61.75    2056    9.85    3.85    1.24    0.60    0.99
    23.75    61.75    2057   10.15    4.01    1.23    0.60    1.04
    23.75    61.75    2058   10.24    4.05    1.20    0.60    1.06
    23.75    61.75    2059    9.92    3.92    1.14    0.59    1.02
    23.75    61.75    2060    9.99    3.94    1.13    0.60    1.03
    23.75    61.75    2061   10.06    4.03    1.10    0.60    1.04
    23.75    61.75    2062   10.24    4.14    1.08    0.60    1.08
    23.75    61.75    2063   10.29    4.20    1.05    0.60    1.09
    23.75    61.75    2064    9.89    3.99    0.97    0.59    1.04
    23.75    61.75    2065   10.08    4.10    0.93    0.59    1.09
    23.75    61.75    2066    9.95    4.10    0.89    0.58    1.07
    23.75    61.75    2067   10.08    4.17    0.88    0.59    1.10
    23.75    61.75    2068    9.87    4.15    0.84    0.58    1.07
    23.75    61.75    2069   10.17    4.27    0.85    0.59    1.11
    23.75    61.75    2070   10.12    4.22    0.79    0.59    1.12
    23.75    61.75    2071   10.20    4.28    0.76    0.59    1.14
    23.75    61.75    2072   10.14    4.30    0.71    0.59    1.14
    23.75    61.75    2073   10.34    4.38    0.72    0.59    1.17
    23.75    61.75    2074   10.26    4.38    0.67    0.59    1.16
    23.75    61.75    2075   10.18    4.24    0.65    0.59    1.15
    23.75    61.75    2076   10.34    4.32    0.63    0.59    1.18
    23.75    61.75    2077   10.45    4.34    0.61    0.60    1.20
    23.75    61.75    2078   10.69    4.52    0.62    0.60    1.23
    23.75    61.75    2079   10.36    4.30    0.58    0.60    1.18
    23.75    61.75    2080   10.40    4.26    0.54    0.60    1.20
    23.75    61.75    2081   10.18    4.18    0.46    0.59    1.19
    23.75    61.75    2082   10.06    4.04    0.45    0.59    1.17
    23.75    61.75    2083   10.38    4.18    0.46    0.60    1.21
    23.75    61.75    2084   10.57    4.30    0.47    0.61    1.24
    23.75    61.75    2085   10.37    4.29    0.44    0.59    1.22
    23.75    61.75    2086   10.28    4.24    0.42    0.59    1.21
    23.75    61.75    2087   10.26    4.22    0.42    0.59    1.21
    23.75    61.75    2088    9.88    4.16    0.41    0.57    1.15
    23.75    61.75    2089   10.04    4.31    0.42    0.57    1.18
    23.75    61.75    2090    9.98    4.29    0.42    0.57    1.17
    23.75    61.75    2091    9.74    4.27    0.42    0.55    1.14
    23.75    61.75    2092    9.69    4.23    0.41    0.55    1.14
    23.75    61.75    2093    9.93    4.46    0.43    0.56    1.18
    23.75    61.75    2094   10.17    4.64    0.45    0.57    1.21
    23.75    61.75    2095   10.01    4.64    0.46    0.56    1.19
    23.75    61.75    2096   10.13    4.58    0.46    0.57    1.20
    23.75    61.75    2097   10.24    4.72    0.46    0.57    1.22
    23.75    61.75    2098   10.08    4.65    0.45    0.56    1.20
    23.75    61.75    2099   10.09    4.50    0.44    0.56    1.19
    23.75    61.75    2100    9.86    4.48    0.43    0.55    1.16
    23.75    61.75    2101    9.65    4.37    0.42    0.54    1.13
    23.75    61.75    2102    9.91    4.44    0.42    0.55    1.18
    23.75    61.75    2103   10.15    4.59    0.43    0.56    1.21
    23.75    61.75    2104   10.03    4.63    0.43    0.55    1.19
    23.75    61.75    2105    9.94    4.59    0.43    0.55    1.17
    23.75    61.75    2106    9.99    4.68    0.43    0.55    1.19
    23.75    61.75    2107    9.79    4.68    0.44    0.53    1.16
    23.75    61.75    2108   10.13    4.90    0.45    0.54    1.21
    23.75    61.75    2109    9.85    4.68    0.44    0.54    1.16
    23.75    61.75    2110   10.02    4.70    0.45    0.55    1.19
    23.75    61.75    2111   10.09    4.65    0.44    0.56    1.20
    23.75    61.75    2112    9.99    4.49    0.43    0.56    1.18
    23.75    61.75    2113   10.17    4.67    0.44    0.56    1.21
    23.75    61.75    2114   10.28    4.72    0.45    0.56    1.22
    23.75    61.75    2115   10.38    4.77    0.45    0.57    1.24
    23.75    61.75    2116   10.09    4.55    0.43    0.56    1.19
    23.75    61.75    2117   10.16    4.48    0.43    0.56    1.21
    23.75    61.75    2118    9.89    4.35    0.41    0.55    1.16
    23.75    61.75    2119   10.37    4.63    0.43    0.56    1.24
    23.75    61.75    2120   10.31    4.59    0.43    0.57    1.23
    23.75    61.75    2121   10.40    4.71    0.44    0.57    1.25
    23.75    61.75    2122    9.94    4.54    0.42    0.55    1.17
    23.75    61.75    2123   10.12    4.71    0.44    0.55    1.20
    23.75    61.75    2124   10.18    4.68    0.44    0.56    1.21
    23.75    61.75    2125    9.97    4.64    0.44    0.55    1.18
    23.75    61.75    2126   10.15    4.68    0.45    0.55    1.21
    23.75    61.75    2127   10.07    4.69    0.44    0.55    1.20
    23.75    61.75    2128   10.24    4.83    0.45    0.55    1.22
    23.75    61.75    2129   10.28    4.86    0.45    0.55    1.23
    23.75    61.75    2130   10.21    4.90    0.45    0.55    1.22
    21.75    39.75    1980    3.47    1.61    0.90    0.31    0.34
    21.75    39.75    1981    0.84    0.41    0.36    0.09    0.08
    21.75    39.75    1982    0.95    0.45    0.39    0.10    0.09
    21.75    39.75    1983    1.29    0.64    0.56    0.12    0.11
    21.75    39.75    1984    1.41    0.71    0.60    0.13    0.12
    21.75    39.75    1985    1.38    0.70    0.56    0.13    0.12
    21.75    39.75    1986    1.79    0.98    0.73    0.16    0.14
    21.75    39.75    1987    2.05    1.21    0.84    0.17    0.15
    21.75    39.75    1988    2.07    1.24    0.79    0.18    0.15
    21.75    39.75    1989    2.08    1.25    0.74    0.19    0.16
    21.75    39.75    1990    2.16    1.31    0.71    0.20    0.17
    21.75    39.75    1991    1.82    1.04    0.54    0.19    0.15
    21.75    39.75    1992    2.12    1.25    0.59    0.21    0.18
    21.75    39.75    1993    2.35    1.39    0.64    0.22    0.20
    21.75    39.75    1994    2.58    1.52    0.71    0.23    0.22
    21.75    39.75    1995    2.87    1.71    0.77    0.24    0.24
    21.75    39.75    1996    2.92    1.72    0.77    0.25    0.25
    21.75    39.75    1997    3.08    1.80    0.81    0.26    0.27
    21.75    39.75    1998    3.03    1.73    0.78    0.26    0.27
    21.75    39.75    1999    2.57    1.32    0.63    0.25    0.24
    21.75    39.75    2000    2.70    1.40    0.64    0.25    0.25
    21.75    39.75    2001    2.57    1.29    0.64    0.25    0.24
    21.75    39.75    2002    2.29    1.11    0.58    0.23    0.21
    21.75    39.75    2003    2.82    1.43    0.69    0.26    0.26
    21.75    39.75    2004    2.51    1.23    0.62    0.25    0.24
    21.75    39.75    2005    2.54    1.25    0.62    0.25    0.24
    21.75    39.75    2006    2.60    1.29    0.65    0.25    0.25
    21.75    39.75    2007    3.02    1.54    0.72    0.27    0.29
    21.75    39.75    2008    2.55    1.19    0.65    0.25    0.25
    21.75    39.75    2009    3.12    1.51    0.73    0.28    0.31
    21.75    39.75    2010    2.46    1.09    0.63    0.25    0.25
    21.75    39.75    2011    2.38    1.08    0.62    0.25    0.24
    21.75    39.75    2012    2.76    1.27    0.68    0.27    0.28
    21.75    39.75    2013    2.49    1.13    0.62    0.26    0.25
    21.75    39.75    2014    2.95    1.38    0.72    0.28    0.30
    21.75    39.75    2015    2.94    1.37    0.74    0.28    0.29
    21.75    39.75    2016    2.87    1.32    0.69    0.28    0.29
    21.75    39.75    2017    2.63    1.18    0.65    0.27    0.27
    21.75    39.75    2018    2.30    1.03    0.58    0.25    0.24
    21.75    39.75    2019    3.00    1.38    0.71    0.29    0.31
    21.75    39.75    2020    3.23    1.49    0.75    0.30    0.33
    21.75    39.75    2021    3.14    1.42    0.74    0.30    0.32
    21.75    39.75    2022    3.80    1.75    0.88    0.33    0.38
    21.75    39.75    2023    3.74    1.72    0.86    0.33    0.38
    21.75    39.75    2024    2.99    1.24    0.76    0.30    0.30
    21.75    39.75    2025    3.11    1.29    0.75    0.31    0.32
    21.75    39.75    2026    2.93    1.18    0.69    0.30    0.30
    21.75    39.75    2027    2.43    0.95    0.60    0.27    0.26
    21.75    39.75    2028    2.71    1.07    0.63    0.29    0.28
    21.75    39.75    2029    2.59    1.02    0.61    0.28    0.27
    21.75    39.75    2030    3.29    1.33    0.71    0.32    0.34
    21.75    39.75    2031    3.63    1.47    0.76    0.34    0.38
    21.75    39.75    2032    3.47    1.39    0.73    0.33    0.36
    21.75    39.75    2033    3.00    1.16    0.66    0.31    0.32
    21.75    39.75    2034    2.50    0.94    0.52    0.28    0.28
    21.75    39.75    2035    2.64    0.99    0.54    0.29    0.29
    21.75    39.75    2036    3.27    1.25    0.63    0.33    0.35
    21.75    39.75    2037    3.24    1.22    0.66    0.33    0.34
    21.75    39.75    2038    3.43    1.29    0.67    0.34    0.36
    21.75    39.75    2039    3.88    1.47    0.75    0.36    0.41
    21.75    39.75    2040    3.32    1.21    0.65    0.34    0.35
    21.75    39.75    2041    2.80    0.99    0.58    0.31    0.30
    21.75    39.75    2042    3.55    1.29    0.67    0.35    0.38
    21.75    39.75    2043    3.44    1.23    0.67    0.35    0.36
    21.75    39.75    2044    0.85    0.33    0.32    0.10    0.10
    21.75    39.75    2045    1.29    0.57    0.41    0.15    0.14
    21.75    39.75    2046    1.34    0.67    0.40    0.15    0.14
    21.75    39.75    2047    1.59    0.85    0.45    0.17    0.16
    21.75    39.75    2048    1.65    0.87    0.45    0.18    0.16
    21.75    39.75    2049    1.47    0.77    0.39    0.17    0.15
    21.75    39.75    2050    1.49    0.80    0.39    0.18    0.15
    21.75    39.75    2051    2.11    1.19    0.51    0.22    0.20
    21.75    39.75    2052    2.32    1.29    0.55    0.23    0.22
    21.75    39.75    2053    2.32    1.31    0.52    0.23    0.22
    21.75    39.75    2054    2.55    1.44    0.57    0.25    0.24
    21.75    39.75    2055    2.43    1.33    0.53    0.24    0.23
    21.75    39.75    2056    2.32    1.24    0.51    0.24    0.22
    21.75    39.75    2057    2.25    1.20    0.48    0.24    0.22
    21.75    39.75    2058    0.42    0.26    0.10    0.05    0.03
    21.75    39.75    2059    0.65    0.42    0.11    0.08    0.05
    21.75    39.75    2060    0.81    0.53    0.11    0.09    0.06
    21.75    39.75    2061    1.09    0.75    0.13    0.11    0.09
    21.75    39.75    2062    0.79    0.51    0.13    0.09    0.06
    21.75    39.75    2063    0.89    0.58    0.14    0.10    0.07
    21.75    39.75    2064    1.33    0.87    0.16    0.13    0.12
    21.75    39.75    2065    1.47    0.95    0.17    0.13    0.14
    21.75    39.75    2066    1.45    0.93    0.17    0.13    0.14
    21.75    39.75    2067    1.50    0.94    0.18    0.14    0.15
    21.75    39.75    2068    1.19    0.69    0.16    0.12    0.11
    21.75    39.75    2069    1.24    0.72    0.16    0.12    0.12
    21.75    39.75    2070    1.18    0.68    0.16    0.12    0.11
    21.75    39.75    2071    1.02    0.57    0.15    0.11    0.09
    21.75    39.75    2072    1.45    0.84    0.17    0.14    0.14
    21.75    39.75    2073    1.73    1.01    0.18    0.15    0.18
    21.75    39.75    2074    1.52    0.83    0.17    0.14    0.15
    21.75    39.75    2075    1.67    0.92    0.18    0.15    0.17
    21.75    39.75    2076    1.88    1.03    0.19    0.16    0.20
    21.75    39.75    2077    0.20    0.14    0.12    0.02    0.02
    21.75    39.75    2078    0.37    0.25    0.10    0.04    0.03
    21.75    39.75    2079    0.65    0.44    0.10    0.08    0.05
    21.75    39.75    2080    0.94    0.66    0.12    0.10    0.08
    21.75    39.75    2081    1.41    1.07    0.16    0.12    0.13
    21.75    39.75    2082    1.14    0.73    0.15    0.11    0.10
    21.75    39.75    2083    1.35    0.85    0.16    0.13    0.13
    21.75    39.75    2084    1.25    0.76    0.15    0.12    0.12
    21.75    39.75    2085    0.03    0.03    0.00    0.00    0.00
    21.75    39.75    2086    0.14    0.19    0.02    0.02    0.00
    21.75    39.75    2087    0.28    0.33    0.04    0.03    0.01
    21.75    39.75    2088    0.40    0.44    0.05    0.04    0.02
    21.75    39.75    2089    0.56    0.59    0.06    0.06    0.03
    21.75    39.75    2090    0.91    0.98    0.10    0.08    0.07
    21.75    39.75    2091    0.94    0.94    0.11    0.08    0.07
    21.75    39.75    2092    1.11    1.05    0.12    0.09    0.09
    21.75    39.75    2093    1.04    0.90    0.12    0.09    0.08
    21.75    39.75    2094    1.00    0.82    0.12    0.10    0.08
    21.75    39.75    2095    1.61    1.32    0.15    0.12    0.15
    21.75    39.75    2096    1.40    1.01    0.14    0.12    0.12
    21.75    39.75    2097    0.04    0.02    0.00    0.00    0.00
    21.75    39.75    2098    0.01    0.01    0.00    0.00    0.00
    21.75    39.75    2099    0.02    0.02    0.00    0.00    0.00
    21.75    39.75    2100    0.03    0.03    0.00    0.00    0.00
    21.75    39.75    2101    0.10    0.12    0.01    0.01    0.00
    21.75    39.75    2102    0.28    0.30    0.03    0.03    0.01
    21.75    39.75    2103    0.62    0.63    0.06    0.06    0.03
    21.75    39.75    2104    0.87    0.83    0.08    0.08    0.05
    21.75    39.75    2105    1.49    1.37    0.12    0.11    0.12
    21.75    39.75    2106    1.77    1.57    0.15    0.12    0.16
    21.75    39.75    2107    0.67    0.54    0.07    0.06    0.04
    21.75    39.75    2108    0.94    0.80    0.10    0.08    0.07
    21.75    39.75    2109    1.14    0.96    0.11    0.10    0.10
    21.75    39.75    2110    1.20    0.96    0.12    0.10    0.10
    21.75    39.75    2111    1.71    1.50    0.18    0.12    0.17
    21.75    39.75    2112    1.26    1.05    0.17    0.11    0.13
    21.75    39.75    2113    1.52    1.16    0.17    0.12    0.15
    21.75    39.75    2114    1.43    1.05    0.16    0.12    0.14
    21.75    39.75    2115    0.05    0.05    0.01    0.00    0.00
    21.75    39.75    2116    0.12    0.13    0.02    0.01    0.01
    21.75    39.75    2117    0.18    0.19    0.02    0.02    0.01
    21.75    39.75    2118    0.32    0.35    0.04    0.03    0.02
    21.75    39.75    2119    0.52    0.53    0.06    0.05    0.03
    21.75    39.75    2120    0.92    0.98    0.10    0.08    0.07
    21.75    39.75    2121    0.97    0.93    0.10    0.09    0.07
    21.75    39.75    2122    1.32    1.20    0.12    0.11    0.11
    21.75    39.75    2123    1.34    1.12    0.12    0.11    0.11
    21.75    39.75    2124    1.28    0.97    0.12    0.11    0.10
    21.75    39.75    2125    2.01    1.53    0.16    0.14    0.19
    21.75    39.75    2126    1.58    1.00    0.14    0.14    0.14
    21.75    39.75    2127    0.07    0.04    0.01    0.01    0.00
    21.75    39.75    2128    0.04    0.03    0.01    0.00    0.00
    21.75    39.75    2129    0.07    0.05    0.01    0.01    0.00
    21.75    39.75    2130    0.10    0.07    0.01    0.01    0.00
