      Lon      Lat    Year       Jan       Feb       Mar       Apr       May       Jun       Jul       Aug       Sep       Oct       Nov       Dec
     9.75    49.75    1980     1.030     1.457     2.480     4.184    10.462    15.692    12.080    13.652     5.965     4.264     1.079     1.194
     9.75    49.75    1981     1.098     1.076     2.534     5.875     5.704     6.066     9.170    13.790     8.396     3.524     2.496     1.036
     9.75    49.75    1982     1.581     1.692     2.969     3.336     6.016    10.179    18.037    12.089     8.130     3.940     3.662     1.095
     9.75    49.75    1983     1.124     1.458     1.322     5.324     8.023    12.736    14.200     8.228     5.409     4.351     2.486     0.840
     9.75    49.75    1984     1.043     1.387     2.994     6.433    12.734    13.378     6.630     9.470     4.394     2.538     4.074     0.796
     9.75    49.75    1985     0.716     1.321     2.761     5.937     7.664    13.814    10.243    12.353     7.051     6.489     2.035     1.069
     9.75    49.75    1986     0.789     1.753     2.462     2.428     6.185     7.465    11.139     7.022     7.860     6.929     4.231     1.247
     9.75    49.75    1987     1.009     1.445     1.822     5.683    15.625    17.555     8.012    14.437     8.726     3.495     2.667     1.018
     9.75    49.75    1988     0.747     1.913     1.860     2.701    10.641     4.388    11.188     8.064     3.131     1.933     2.302     1.037
     9.75    49.75    1989     0.876     1.200     2.541     4.515    14.529    12.311    12.402    12.430     8.973     5.732     4.435     0.765
     9.75    49.75    1990     1.018     1.235     2.574     4.748     8.637    12.567    10.915     9.442     3.084     6.146     3.862     1.024
     9.75    49.75    1991     1.163     1.404     4.910     3.921    11.656    13.239     9.602     8.032     4.488     5.802     1.504     1.090
     9.75    49.75    1992     1.073     1.678     2.086     3.124     5.784    17.042     9.595    11.847     5.427     4.078     4.800     0.959
     9.75    49.75    1993     1.159     2.042     2.796     3.304     8.928    14.264     6.180    14.864    12.001     6.064     0.890     0.978
     9.75    49.75    1994     1.008     1.452     2.890     3.830     6.668     7.987     9.790    13.220     4.550     4.251     4.001     0.933
     9.75    49.75    1995     0.828     1.330     1.046     4.490    13.190     7.498    19.649    16.403     5.789     5.601     3.318     1.130
     9.75    49.75    1996     1.188     1.880     3.133     1.190     5.700    15.065    12.021    14.217     7.694     9.090     4.636     1.281
     9.75    49.75    1997     0.807     1.409     2.830     4.918    15.029    21.286     8.849    12.084     7.883     6.576     2.204     0.906
     9.75    49.75    1998     1.217     1.590     2.579     2.476    12.087    10.743    10.114     9.348    13.022     3.669     3.022     1.101
     9.75    49.75    1999     0.940     1.311     3.867     5.506     6.985    16.250     6.569     7.216     4.474     5.881     2.099     0.756
     9.75    49.75    2000     0.946     1.222     4.483     4.752    11.198    18.750    11.613    12.501     7.402     5.335     1.709     0.879
     9.75    49.75    2001     1.036     1.364     2.014     1.881    15.714     9.183    15.889    11.288     8.297     4.525     2.663     1.172
     9.75    49.75    2002     1.330     1.619     1.124     7.157    10.642     2.305     6.239    14.624    12.873     3.052     2.215     0.851
     9.75    49.75    2003     1.173     1.912     0.772     7.834    10.192    13.881    18.755    11.032     8.274     4.913     1.776     1.024
     9.75    49.75    2004     1.607     1.808     1.884     5.917    16.155    10.481     9.069    13.017    12.795     4.651     2.845     0.916
     9.75    49.75    2005     1.145     2.108     1.342     5.770    13.726     7.231    14.362    12.258     7.918     6.152     2.582     1.389
     9.75    49.75    2006     0.859     1.722     4.014     5.200     4.535    10.565    10.517    15.376     4.464     3.454     1.887     1.139
     9.75    49.75    2007     0.552     1.625     4.337     5.157     6.651    11.517    18.455    14.940     6.664     5.644     3.389     1.073
     9.75    49.75    2008     1.037     1.688     2.255     3.118     8.278    11.312    10.555    11.262     7.262     2.208     2.020     0.863
     9.75    49.75    2009     0.895     1.835     2.603     4.590     8.785    16.068     9.236    15.306     6.552     4.910     3.276     0.778
     9.75    49.75    2010     0.988     1.769     3.207     5.561    11.599    27.212    11.855    13.854     8.554     4.594     2.269     1.271
     9.75    49.75    2011     1.222     1.733     5.535     5.189    10.200     8.156     7.104     9.933     5.739     3.457     1.262     0.848
     9.75    49.75    2012     0.589     1.443     3.191     5.025     8.098     5.300     4.765     9.252     6.499     6.796     2.794     1.141
     9.75    49.75    2013     0.949     1.385     3.206     5.092    16.704    11.232    16.913    10.270     5.962     6.182     1.733     0.821
     9.75    49.75    2014     0.939     1.946     2.774     5.763     6.995    12.904    15.975     9.356     7.869     5.753     3.274     1.102
     9.75    49.75    2015     1.046     2.112     3.883     5.062     3.590    24.901    11.265    13.860     8.473     6.279     2.409     1.079
     9.75    49.75    2016     0.962     2.031     3.033     8.707     7.739    17.670    10.816    13.064     9.558     2.209     1.785     0.932
     9.75    49.75    2017     1.190     1.352     2.181     6.960     6.050    17.761     3.674    14.915     4.608     6.182     2.606     0.912
     9.75    49.75    2018     1.012     1.936     3.964     9.227    10.307     6.262    14.534    18.749     4.362     8.396     1.967     0.762
     9.75    49.75    2019     0.693     1.778     4.388     8.437    10.374     8.574    11.834    21.431     5.651     1.801     1.756     0.877
     9.75    49.75    2020     1.302     1.530     3.333     7.795    13.795     6.686     8.902     3.208     2.967     2.188     1.567     1.160
     9.75    49.75    2021     0.882     1.108     2.610     5.428    16.480    15.001     5.863    11.048     8.511     3.798     1.929     0.828
     9.75    49.75    2022     0.956     1.368     1.782     4.940    11.164    18.531    13.260     5.562     2.943     5.359     2.940     0.921
     9.75    49.75    2023     0.797     1.587     2.932    12.428    11.527     3.266    12.421    10.911     7.465     2.455     1.508     0.949
     9.75    49.75    2024     0.783     1.341     2.093     5.355    12.768    11.637    10.384    13.634     7.453     4.612     2.218     0.763
     9.75    49.75    2025     1.079     0.963     3.727     7.137    10.626    11.375     8.218     9.954     9.160     6.992     2.523     0.678
     9.75    49.75    2026     0.754     1.477     1.681     4.462     5.945     9.506    10.631    10.535     6.428     4.990     2.162     0.733
     9.75    49.75    2027     1.052     1.280     2.520     7.253     7.770    10.784     8.225    12.541     2.924     3.212     3.824     0.599
     9.75    49.75    2028     1.050     1.114     2.073     4.763     3.922     3.638     3.974     4.096     6.541     5.449     3.431     0.734
     9.75    49.75    2029     0.726     1.289     2.601     4.357     5.256    18.009     9.408    10.595     3.609     3.014     2.343     0.773
     9.75    49.75    2030     0.865     1.318     2.959     5.784     6.900     7.069    10.852     8.388     3.374     2.697     1.860     0.634
     9.75    49.75    2031     0.867     1.127     1.700     3.418    10.585    30.251     7.837     6.037     3.552     4.103     4.397     0.861
     9.75    49.75    2032     0.522     1.436     2.423     1.150     3.586    15.078     3.376     7.818     5.854     2.572     3.661     0.653
     9.75    49.75    2033     0.779     0.952     3.003     7.458     5.458     7.501    10.869     9.066     3.137     4.266     2.254     0.631
     9.75    49.75    2034     0.894     1.362     1.712    10.590     8.445     5.573    10.188    11.102     6.184     1.465     0.992     0.566
     9.75    49.75    2035     0.657     0.962     2.395     7.320     4.791     8.614     5.951     6.493     2.584     6.475     1.554     0.356
     9.75    49.75    2036     0.778     0.690     2.060     6.077    11.682     8.537     8.385     6.804     6.597     1.469     3.294     0.539
     9.75    49.75    2037     0.628     0.770     0.662     5.019     8.790     6.434     5.989     6.708     2.145     6.031     3.443     0.510
     9.75    49.75    2038     0.691     0.739     1.279     3.980     3.641     2.946     8.835    13.624     5.782     5.559     3.530     0.703
     9.75    49.75    2039     0.816     0.897     1.152     4.920    14.755    18.567     8.396    11.970     3.884     1.733     2.143     0.638
     9.75    49.75    2040     0.649     0.763     2.118     4.584    10.406    20.678     5.006    12.719     2.492     3.408     1.839     0.796
     9.75    49.75    2041     0.569     0.953     2.086     3.381    10.160    12.614    10.163    22.107     4.623     4.883     1.248     0.632
     9.75    49.75    2042     0.608     0.750     1.053     2.873    10.297    12.388    16.207    10.165     5.672     4.363     2.468     0.618
     9.75    49.75    2043     0.525     1.019     1.717     5.736     5.219     5.216    10.727     4.693     2.159     5.030     2.561     0.699
     9.75    49.75    2044     0.556     0.738     1.639     5.598     4.623     9.936     3.149     6.071     7.133     3.586     2.083     0.464
     9.75    49.75    2045     0.600     0.965     0.941     3.815     2.307     9.761    10.378     7.939     4.704     3.911     1.505     0.513
     9.75    49.75    2046     0.443     0.897     1.822     6.910     8.361     4.044     8.222    11.628     3.799     3.019     0.985     0.520
     9.75    49.75    2047     0.389     0.745     0.992     1.555    10.760    27.862     6.489     5.543     1.918     4.657     5.137     0.967
     9.75    49.75    2048     0.363     0.602     1.343     3.947     6.470     5.108     5.278    10.586     3.260     1.158     0.813     0.409
     9.75    49.75    2049     0.540     0.631     1.509     4.264     7.460     4.767     3.490     4.262     1.527     0.634     1.944     0.468
     9.75    49.75    2050     0.488     0.426     2.515     8.551     9.959    13.036     4.233     7.967     0.000     2.628     0.786     0.379
     9.75    49.75    2051     0.380     0.590     1.420     4.743     9.397     9.889    12.389     4.648     2.315     3.297     0.680     0.555
     9.75    49.75    2052     0.338     0.496     2.340     4.900    13.812     5.647     6.903     4.778     4.331     4.214     0.728     0.464
     9.75    49.75    2053     0.327     0.724     0.444     2.956     7.490     9.377    14.506    11.440     2.302     5.187     2.470     0.382
     9.75    49.75    2054     0.362     0.887     4.335     5.484     2.125     4.623     1.147     1.241     1.489     2.402     0.388     0.365
     9.75    49.75    2055     0.354     0.460     1.006     3.644     6.833    10.832     5.212     7.702     2.506     2.834     1.501     0.412
     9.75    49.75    2056     0.336     0.601     0.626     2.879     4.362     0.537     3.387     2.750     1.088     1.643     1.992     0.469
     9.75    49.75    2057     0.387     0.332     0.919     0.837     0.201     7.710     9.312     3.282     1.105     3.968     1.165     0.416
     9.75    49.75    2058     0.303     0.575     1.018     4.452     2.468     4.826     6.729     2.356     0.930     2.938     0.619     0.281
     9.75    49.75    2059     0.277     0.567     0.715     2.278     5.477     5.480     2.655     2.317     0.750     4.334     3.246     0.427
     9.75    49.75    2060     0.184     0.447     0.812     1.228     1.103     4.279     1.416     8.641     2.910     3.854     1.459     0.347
     9.75    49.75    2061     0.316     0.392     0.753     3.387     1.001     3.899     2.297     3.979     2.098     2.501     1.680     0.267
     9.75    49.75    2062     0.322     0.509     1.221     3.070     3.321     4.543     4.824    10.112     1.661     0.833     0.967     0.370
     9.75    49.75    2063     0.333     0.563     0.790     3.352     3.435     7.816     5.068     3.647     3.759     1.390     1.393     0.388
     9.75    49.75    2064     0.275     0.514     0.615     2.866     6.488     7.953     5.497     5.338     6.126     3.408     2.946     0.384
     9.75    49.75    2065     0.170     0.463     0.539     1.903     4.989     9.317     4.099     4.813     2.986     5.288     1.782     0.353
     9.75    49.75    2066     0.273     0.406     0.692     5.893     4.224     3.634     5.086     5.322     2.816     4.306     1.015     0.274
     9.75    49.75    2067     0.255     0.283     0.599     1.726     3.243     6.938     1.698     6.774     1.697     5.256     1.944     0.403
     9.75    49.75    2068     0.224     0.410     1.870     5.382     6.038     3.244     4.835     2.018     1.061     0.351     0.516     0.281
     9.75    49.75    2069     0.180     0.330     0.938     0.237     3.660     3.443     0.919     4.640     1.219     3.279     0.520     0.362
     9.75    49.75    2070     0.224     0.216     0.556     2.046     5.952     3.405     5.063     4.386     1.768     4.104     2.415     0.212
     9.75    49.75    2071     0.212     0.298     0.855     2.687     1.417     4.951     3.138     7.076     1.861     2.651     0.673     0.135
     9.75    49.75    2072     0.177     0.257     0.646     4.954     4.234    11.630     7.521     2.876     1.638     1.291     0.357     0.195
     9.75    49.75    2073     0.201     0.317     0.744     3.759     8.449     9.982     5.806     6.189     0.828     4.534     0.587     0.203
     9.75    49.75    2074     0.177     0.310     0.704     2.067     3.304     1.659     1.898     1.279     4.834     4.899     0.419     0.184
     9.75    49.75    2075     0.171     0.226     0.444     2.045     2.971     5.918     1.600     6.592     3.205     2.342     0.529     0.203
     9.75    49.75    2076     0.136     0.282     0.410     3.092     2.190     4.685     3.999     8.055     5.867     4.819     2.678     0.305
     9.75    49.75    2077     0.209     0.176     1.086     0.832     0.836     3.021     1.672     3.962     3.578     3.056     0.390     0.181
     9.75    49.75    2078     0.164     0.170     0.404     2.305     3.011     5.328     4.273     1.783     1.612     2.475     1.850     0.149
     9.75    49.75    2079     0.126     0.486     1.048     1.347     7.755     2.210     1.567     2.514     2.980     4.100     0.147     0.187
     9.75    49.75    2080     0.063     0.180     0.589     3.134     2.758     1.935     4.390     3.927     1.516     4.673     2.255     0.191
     9.75    49.75    2081     0.116     0.257     0.954     3.574     4.882     4.243     5.599     1.691     1.859     3.598     0.306     0.224
     9.75    49.75    2082     0.097     0.134     0.242     0.611     6.331     2.554     1.708     2.809     1.031     6.875     2.906     0.130
     9.75    49.75    2083     0.127     0.179     0.382     2.200     3.105     5.581     2.623     5.954     2.572     4.416     1.233     0.166
     9.75    49.75    2084     0.094     0.108     1.076     5.525     3.339     2.666     1.345     3.010     0.842     5.939     0.219     0.112
     9.75    49.75    2085     0.116     0.096     0.320     1.491     1.316     2.078     1.912     1.873     0.730     1.822     0.682     0.104
     9.75    49.75    2086     0.086     0.135     0.405     2.678     1.662     2.129     4.003     4.785     4.868     1.388     0.201     0.172
     9.75    49.75    2087     0.087     0.151     0.591     4.404     1.335     1.788     3.016     7.608     1.506     2.483     0.184     0.093
     9.75    49.75    2088     0.095     0.079     0.362     2.312     2.069     4.190     1.481     7.131     2.384     2.193     2.530     0.136
     9.75    49.75    2089     0.116     0.139     0.263     0.823     0.699     2.465     5.484     3.207     0.392     3.548     1.314     0.117
     9.75    49.75    2090     0.054     0.092     0.655     2.174     6.347     3.023     6.741     5.055     5.726     3.126     0.454     0.071
     9.75    49.75    2091     0.073     0.083     0.167     2.974     7.723     4.204     2.048     1.686     5.963     1.618     0.445     0.116
     9.75    49.75    2092     0.070     0.106     0.247     3.593     3.970     1.977     2.641     2.374     2.104     3.737     1.715     0.072
     9.75    49.75    2093     0.038     0.064     1.908     1.085     5.328     5.700     5.413     7.183     3.415     1.789     0.141     0.142
     9.75    49.75    2094     0.081     0.096     0.104     0.358     8.724     7.553     6.514     6.672     4.272     3.271     4.069     0.128
     9.75    49.75    2095     0.028     0.042     1.477     3.930     5.757    10.843     1.711     3.627     1.557     0.164     0.154     0.151
     9.75    49.75    2096     0.077     0.035     0.069     0.578     3.227     6.024     3.357     3.932     2.893     2.016     4.669     0.106
     9.75    49.75    2097     0.059     0.051     0.071     2.864     1.786     2.867     5.061     0.779     1.128     3.867     0.605     0.152
     9.75    49.75    2098     0.042     0.031     0.071     0.223     7.607     4.736     0.365     0.551     3.937     5.115     4.719     0.104
     9.75    49.75    2099     0.015     0.027     0.047     2.835     1.212     3.288     1.810     4.953     2.423     3.479     2.132     0.072
     9.75    49.75    2100     0.015     0.033     0.057     0.977     5.692     5.075     0.298     2.871     3.624     2.731     4.441     0.033
     9.75    49.75    2101     0.017     0.024     0.268     3.345     1.259     4.398     2.785     6.255     1.650     2.170     0.051     0.026
     9.75    49.75    2102     0.010     0.023     0.669     4.588     3.712    10.188     6.595     2.518     1.438     0.967     0.067     0.053
     9.75    49.75    2103     0.013     0.026     0.076     3.230     7.028     8.209     4.769     5.111     0.679     3.384     1.610     0.040
     9.75    49.75    2104     0.000     0.009     0.397     1.533     2.684     1.348     1.539     1.036     3.936     4.821     0.070     0.032
     9.75    49.75    2105     0.000     0.003     0.342     2.156     2.686     5.350     1.441     5.950     2.913     2.103     0.031     0.025
     9.75    49.75    2106     0.005     0.020     0.065     2.185     2.145     4.560     3.899     7.878     5.894     4.717     1.239     0.263
     9.75    49.75    2107     0.048     0.000     1.031     0.857     0.762     2.796     1.532     3.662     3.280     2.276     0.230     0.266
     9.75    49.75    2108     0.013     0.012     0.037     0.325     2.850     5.140     4.108     1.698     1.555     2.464     3.307     0.007
     9.75    49.75    2109     0.000     0.388     1.173     1.706     7.403     2.126     1.504     2.416     2.859     2.828     0.051     0.048
     9.75    49.75    2110     0.009     0.011     0.088     1.572     2.579     1.911     4.330     3.864     1.493     4.714     3.470     0.066
     9.75    49.75    2111     0.054     0.013     0.427     3.542     5.037     4.340     5.723     1.731     1.911     4.095     0.223     0.185
     9.75    49.75    2112     0.016     0.015     0.383     2.125     7.590     2.669     1.786     2.925     1.066     6.058     0.145     0.092
     9.75    49.75    2113     0.000     0.002     0.071     2.196     3.305     5.930     2.799     6.345     2.737     5.275     0.642     0.052
     9.75    49.75    2114     0.010     0.008     0.410     5.234     3.305     2.645     1.312     2.986     0.848     4.934     0.068     0.044
     9.75    49.75    2115     0.000     0.003     0.025     1.317     1.324     2.100     1.916     1.869     0.732     1.828     0.925     0.006
     9.75    49.75    2116     0.000     0.012     0.254     2.745     1.761     2.242     4.214     5.071     5.153     1.352     0.068     0.069
     9.75    49.75    2117     0.016     0.000     0.976     4.499     1.425     1.910     3.237     8.160     1.620     2.605     0.099     0.063
     9.75    49.75    2118     0.000     0.000     0.453     1.745     2.166     4.363     1.537     7.452     2.478     2.293     1.276     0.108
     9.75    49.75    2119     0.006     0.013     0.021     0.544     0.680     2.492     5.570     3.245     0.398     3.605     2.860     0.026
     9.75    49.75    2120     0.000     0.002     0.801     2.498     6.614     3.145     7.014     5.246     5.975     3.316     0.087     0.052
     9.75    49.75    2121     0.014     0.012     0.072     2.855     8.080     4.423     2.136     1.748     6.272     1.685     0.817     0.102
     9.75    49.75    2122     0.014     0.003     0.103     3.578     3.899     1.947     2.612     2.323     2.079     3.791     1.468     0.055
     9.75    49.75    2123     0.000     0.013     1.858     1.116     5.489     5.838     5.485     7.388     3.499     2.285     0.101     0.163
     9.75    49.75    2124     0.042     0.022     0.059     0.525     7.800     7.849     6.764     6.944     4.460     3.375     4.650     0.088
     9.75    49.75    2125     0.000     0.002     1.255     4.075     5.973    11.243     1.774     3.708     1.596     1.871     0.262     0.244
     9.75    49.75    2126     0.067     0.031     0.864     2.370     3.482     6.223     3.456     4.069     2.986     2.061     0.192     0.131
     9.75    49.75    2127     0.063     0.029     0.062     3.107     1.871     3.012     5.279     0.827     1.171     4.068     1.114     0.194
     9.75    49.75    2128     0.066     0.020     0.860     2.993     9.153     5.276     0.404     0.623     4.295     4.903     0.178     0.124
     9.75    49.75    2129     0.000     0.004     0.020     2.431     1.424     3.865     2.133     5.847     2.837     4.021     3.691     0.047
     9.75    49.75    2130     0.000     0.013     0.045     0.688     6.157     5.777     0.338     3.261     4.109     3.108     4.005     0.081
    13.75    55.75    1980     0.310     0.824     1.761     1.296     1.214     6.322     2.670     2.398     7.952     5.079     2.725     0.489
    13.75    55.75    1981     0.531     0.593     1.685     1.343     2.733     7.842     1.186     2.083     4.309     3.107     1.946     0.361
    13.75    55.75    1982     0.447     1.014     1.411     1.258     4.864     5.567     0.399     3.338     6.292     4.946     3.236     0.419
    13.75    55.75    1983     0.669     0.848     1.322     1.728     4.233     6.394     1.678     1.718     2.531     4.519     1.098     0.389
    13.75    55.75    1984     0.660     0.552     1.755     1.327     5.484     4.242    12.856     4.448     6.051     4.085     3.023     0.461
    13.75    55.75    1985     0.459     0.750     1.674     2.843     5.673    10.370     8.021     8.534     6.835     5.184     1.611     0.375
    13.75    55.75    1986     0.454     0.749     1.353     1.620     4.047     2.933     5.015     9.447     6.606     4.531     2.044     0.479
    13.75    55.75    1987     0.446     0.775     1.791     0.686     1.318     8.321     5.247     1.453    12.985     4.539     3.019     0.680
    13.75    55.75    1988     0.482     1.097     1.205     1.342     5.258     2.282     4.960     4.647     6.128     3.092     2.659     0.389
    13.75    55.75    1989     0.440     0.896     1.427     2.187     4.879     1.249     8.832     0.442     6.896     6.392     2.771     0.400
    13.75    55.75    1990     0.360     0.632     1.250     2.569     3.368    11.382     0.871     7.456     5.002     4.280     2.652     0.536
    13.75    55.75    1991     0.421     0.857     2.362     1.307     3.409     0.716    11.047     9.204     7.454     6.617     1.235     0.406
    13.75    55.75    1992     0.575     0.917     1.165     1.612     4.920     8.136     4.199     0.476     4.770     3.824     1.089     0.335
    13.75    55.75    1993     0.604     0.700     1.139     0.953     5.886     5.136    15.617     5.880     6.868     4.635     0.988     0.219
    13.75    55.75    1994     0.483     0.868     1.726     1.207     3.026     8.293    17.525     7.646     9.176     4.880     2.784     0.672
    13.75    55.75    1995     0.641     0.750     0.877     2.041     3.870    10.967     1.330     3.428     7.419     6.818     3.528     0.346
    13.75    55.75    1996     0.612     1.079     2.060     2.061     4.688     3.751     5.587     7.727     9.853     6.926     2.416     0.258
    13.75    55.75    1997     0.414     0.664     1.240     1.652     2.535     7.279    11.410     6.479     9.185     5.378     3.458     0.897
    13.75    55.75    1998     0.397     1.026     1.588     1.266     3.224    11.645     3.496     4.271     6.997     4.115     2.802     0.658
    13.75    55.75    1999     0.628     0.909     2.149     1.667     7.578     1.881     5.313     6.817    10.650     5.535     2.602     0.493
    13.75    55.75    2000     0.513     0.861     1.828     1.602     1.984     6.508     2.535     2.203     8.015     5.147     2.386     0.390
    13.75    55.75    2001     0.653     0.686     1.709     1.068     7.350    10.331    13.690    12.002     6.855     3.941     1.743     0.373
    13.75    55.75    2002     0.665     1.050     0.442     3.010     2.559     1.134     7.423     9.157    12.601     4.817     2.978     0.462
    13.75    55.75    2003     0.342     1.076     1.456     2.876     4.037     2.704    14.518     5.266    10.201     3.560     4.497     0.395
    13.75    55.75    2004     0.454     0.861     1.653     1.536     8.604     9.815    17.353     7.128     3.347     4.572     3.596     0.669
    13.75    55.75    2005     0.669     1.058     0.637     3.266     2.254     9.214     0.000     4.577     6.915     4.566     2.721     0.491
    13.75    55.75    2006     0.559     0.974     2.389     1.866     4.229    15.327    10.478    12.041    13.021     4.625     3.156     0.349
    13.75    55.75    2007     0.513     0.763     1.469     0.543     3.018     2.769     0.825     6.388     6.253     6.473     3.139     0.644
    13.75    55.75    2008     0.591     0.773     2.169     4.131     6.535    16.827     3.086     4.016     4.144     6.749     1.850     0.281
    13.75    55.75    2009     0.405     1.032     2.105     1.852     7.210     0.671    15.644     9.043     8.062     6.824     1.652     0.445
    13.75    55.75    2010     0.625     0.814     1.769     2.042     4.846     7.588     1.979     2.471    11.751     7.357     1.454     0.489
    13.75    55.75    2011     0.613     0.702     2.574     1.310     7.516     0.627     0.000    12.372     7.406     4.175     2.491     0.470
    13.75    55.75    2012     0.635     1.008     1.718     2.706     4.268    16.839     0.000    10.681     3.742     7.632     3.141     0.497
    13.75    55.75    2013     0.553     0.685     1.480     3.162     7.016     5.923     6.875     3.993     6.259     4.664     2.853     0.393
    13.75    55.75    2014     0.841     0.926     1.030     1.410     5.850     2.067     1.340     3.706     4.632     4.254     3.126     0.463
    13.75    55.75    2015     0.490     1.335     2.051     4.161     3.063     0.000     0.691     8.468    14.343     5.658     2.336     0.418
    13.75    55.75    2016     0.691     1.292     1.822     2.297     2.698     3.566     9.449     2.398     4.921     2.603     4.494     0.414
    13.75    55.75    2017     0.533     0.821     1.366     2.917     2.734     6.897    17.261    11.383     5.993     5.444     2.860     0.528
    13.75    55.75    2018     0.605     1.282     2.332     1.454     5.929    10.205     1.408     5.885     0.624     7.620     3.185     0.346
    13.75    55.75    2019     0.590     0.984     2.923     3.876     7.873     2.232     0.643     7.976     3.912     2.715     3.404     0.491
    13.75    55.75    2020     0.673     1.442     1.973     2.686     2.276     1.372     6.552    12.058     3.793     5.937     1.772     0.522
    13.75    55.75    2021     0.527     1.080     1.935     3.491     1.907     7.171     2.712     6.313    10.284     5.894     2.356     0.530
    13.75    55.75    2022     0.595     0.933     2.812     2.578     4.072     4.784    28.936     8.460     3.797     5.723     3.107     0.488
    13.75    55.75    2023     0.722     0.792     2.376     2.663     4.892     0.000    15.690     8.329     1.851     5.877     4.017     0.637
    13.75    55.75    2024     0.557     0.727     2.083     2.833     7.989    11.939     0.000     8.194     8.332     6.928     2.876     0.360
    13.75    55.75    2025     0.766     1.140     1.657     1.884     8.504     9.997    12.736    11.840     6.048     5.084     2.511     0.318
    13.75    55.75    2026     0.669     1.322     1.802     2.637     5.508     8.507     1.379    18.821    13.487     5.369     2.957     0.604
    13.75    55.75    2027     0.774     1.072     2.503     2.717     5.092    10.251    10.968     5.916    12.463     6.818     1.701     0.339
    13.75    55.75    2028     0.691     1.438     2.242     4.355     6.263     9.091     9.633    13.324     6.487     6.288     3.465     0.463
    13.75    55.75    2029     0.714     1.261     2.432     3.722     6.914     9.269     7.908     6.301    10.497     5.701     4.049     0.857
    13.75    55.75    2030     0.576     0.865     1.926     2.859     3.640    11.497     3.834     4.038     6.856     4.033     2.795     0.604
    13.75    55.75    2031     0.494     0.852     1.840     2.499     5.960     3.832    28.996     6.562     6.378     5.968     3.134     0.835
    13.75    55.75    2032     0.660     1.119     2.015     3.445     7.614     8.141     8.420    14.666     3.390     6.696     3.219     0.621
    13.75    55.75    2033     0.898     1.312     0.876     2.567     4.239     9.406     4.534    10.742     5.411     4.111     2.419     0.362
    13.75    55.75    2034     0.694     0.791     3.664     8.021     3.755     2.785     6.210    11.341     6.153     5.862     2.388     0.486
    13.75    55.75    2035     0.526     1.198     2.006     4.689     4.718     6.894    14.104     7.811     9.027     6.217     3.887     0.457
    13.75    55.75    2036     0.563     1.050     1.533     2.307     3.963     5.035     1.979    10.004     2.841     3.371     3.446     0.390
    13.75    55.75    2037     0.636     1.064     1.458     2.054     6.111    10.386    18.226     8.932     5.284     4.447     3.079     0.387
    13.75    55.75    2038     0.644     0.912     2.261     3.311     2.339     6.225     3.006    11.036     5.763     8.617     3.303     0.418
    13.75    55.75    2039     0.602     0.758     1.411     3.548     9.157    13.460     9.867     0.253     9.739     3.889     4.127     0.458
    13.75    55.75    2040     0.645     0.764     1.627     2.965    10.546     1.217    15.078     4.826     3.274     6.148     3.100     0.379
    13.75    55.75    2041     0.681     1.071     1.909     2.131     9.793     6.914     2.564     6.658    13.126     6.085     3.356     0.582
    13.75    55.75    2042     0.567     0.876     1.480     1.896     3.700     4.732     3.649    23.201     9.328     4.201     3.190     0.506
    13.75    55.75    2043     0.682     1.221     2.393     4.566     0.977     2.311    13.038     2.018    11.404     5.609     2.634     0.590
    13.75    55.75    2044     0.506     1.210     1.732     2.322     6.038     8.604     8.802     7.229     7.652     4.708     2.863     0.647
    13.75    55.75    2045     0.534     1.103     1.920     3.134     4.544     4.358     4.157    11.731    11.809     5.062     3.108     0.458
    13.75    55.75    2046     0.500     1.082     1.963     1.341     4.315     4.292     0.849     8.244     7.441     8.240     2.557     0.410
    13.75    55.75    2047     0.766     0.987     1.398     1.192     2.924    12.519    11.367    15.668     5.765     5.261     3.164     0.566
    13.75    55.75    2048     0.445     0.926     1.111     3.722     6.074     1.495    13.552     9.785     7.379     3.743     3.254     0.479
    13.75    55.75    2049     0.624     0.940     2.118     2.693     7.579     8.317     5.742     7.759     2.755     2.349     3.842     0.382
    13.75    55.75    2050     0.387     0.998     1.156     6.306     7.795     8.773     0.654     1.486     2.289     8.282     2.265     0.388
    13.75    55.75    2051     0.606     0.757     1.034     2.324     6.501     0.828     4.129     3.931     8.324     6.500     2.012     0.443
    13.75    55.75    2052     0.304     0.723     0.991     1.808     6.810     0.909    14.825     6.813     5.407     6.939     3.612     0.336
    13.75    55.75    2053     0.462     0.861     1.748     4.033     3.401     6.503    10.181    14.679     2.382     8.039     3.532     0.479
    13.75    55.75    2054     0.430     1.254     2.784     2.915     0.567     9.769    17.014     3.003     5.954     4.479     1.599     0.593
    13.75    55.75    2055     0.440     0.819     2.138     3.962     7.317     2.002     4.201     8.043     1.478    10.066     2.095     0.429
    13.75    55.75    2056     0.506     0.794     0.694     2.512     4.905     0.693     3.336     7.543     7.096     6.667     2.992     0.490
    13.75    55.75    2057     0.475     0.974     1.610     3.232     1.844     7.872    10.322     5.470    11.190     4.682     2.240     0.273
    13.75    55.75    2058     0.412     0.685     2.030     3.864     6.011     4.748    15.309    10.210     4.698     3.912     1.477     0.244
    13.75    55.75    2059     0.383     0.693     1.691     2.515     3.677     7.876     6.117     4.934     3.988     5.437     2.743     0.547
    13.75    55.75    2060     0.410     0.847     1.935     2.151     2.660     8.202     9.934    12.752     5.693     4.624     3.007     0.424
    13.75    55.75    2061     0.381     0.908     1.664     4.448     3.502    11.012     5.556     4.609     1.234     5.692     3.069     0.373
    13.75    55.75    2062     0.493     0.870     1.980     4.637     1.135     1.429    10.329    10.261     5.664     4.939     2.085     0.318
    13.75    55.75    2063     0.498     0.911     2.045     3.556     2.894     5.349    12.151     5.199     8.345     7.147     1.936     0.450
    13.75    55.75    2064     0.463     0.715     1.529     3.856     6.405     1.093     8.984     2.460     8.915     4.339     2.603     0.508
    13.75    55.75    2065     0.517     0.749     1.002     3.063     9.725    14.618     4.473     7.168     7.897     4.563     3.583     0.485
    13.75    55.75    2066     0.396     0.864     1.960     4.030     3.829     5.620     3.843     4.566     2.258     5.016     1.832     0.351
    13.75    55.75    2067     0.516     0.839     1.497     1.847     2.608    11.369     1.252     3.846     3.424     8.023     2.688     0.467
    13.75    55.75    2068     0.395     0.690     2.786     5.886     7.238    13.911     0.838     6.459     1.813     1.199     0.630     0.421
    13.75    55.75    2069     0.447     0.693     0.865     1.753     6.970     7.790     3.550     4.866     6.533     3.165     2.828     0.458
    13.75    55.75    2070     0.477     0.756     1.811     1.225    13.336     8.193    12.655     5.281     4.104     9.287     3.094     0.374
    13.75    55.75    2071     0.417     0.711     2.215     2.540     1.941    15.378     8.806     1.095     9.888     4.420     1.638     0.369
    13.75    55.75    2072     0.221     0.369     0.524     6.967     3.588    10.468     5.758     6.735     6.216     7.020     0.759     0.349
    13.75    55.75    2073     0.333     0.749     2.146     0.858     6.464     3.209     0.000     9.219     0.847     6.783     4.555     0.358
    13.75    55.75    2074     0.334     0.551     1.327     2.954     8.617     7.338     5.869     3.744     5.195     6.335     1.135     0.240
    13.75    55.75    2075     0.302     0.601     1.335     2.017     1.627     9.491     4.527     6.055     1.181     4.467     2.647     0.325
    13.75    55.75    2076     0.339     0.490     1.332     2.523     5.657     1.480    13.188     3.760     5.727     8.475     2.017     0.357
    13.75    55.75    2077     0.430     0.539     2.166     0.412     2.154     8.768     2.246     5.308     7.357     7.200     2.218     0.349
    13.75    55.75    2078     0.324     0.729     2.501     5.475     3.304    10.476    13.993     4.666     7.104     4.990     0.913     0.218
    13.75    55.75    2079     0.408     0.537     1.287     1.869     5.451    20.106     6.611     5.808     5.304     4.514     3.882     0.289
    13.75    55.75    2080     0.259     0.431     1.798     3.624     2.531     2.307     3.990     5.995     7.644     6.261     3.869     0.187
    13.75    55.75    2081     0.249     0.451     1.014     2.020     3.882     9.676     1.721     3.382     4.416     4.160     2.118     0.282
    13.75    55.75    2082     0.332     0.395     1.051     2.829     3.164     3.660     4.804     8.797     6.747     6.093     2.127     0.333
    13.75    55.75    2083     0.220     0.485     1.245     2.264     6.048     7.615    12.675     4.936     8.062     6.052     1.020     0.302
    13.75    55.75    2084     0.263     0.435     1.262     5.548     6.952     4.901     8.485     5.781     5.338     7.106     1.536     0.291
    13.75    55.75    2085     0.199     0.533     1.645     1.266     3.373     1.989     2.337     2.122     6.227     5.385     0.876     0.276
    13.75    55.75    2086     0.242     0.408     0.766     1.821     1.377     1.088     7.923    12.063     6.096     5.642     1.628     0.298
    13.75    55.75    2087     0.244     0.422     0.293     1.527     1.391     3.372     4.575    15.196     6.963     3.143     3.822     0.333
    13.75    55.75    2088     0.292     0.302     0.840     3.087     4.370     7.062    17.080     8.899     9.917     5.398     1.795     0.149
    13.75    55.75    2089     0.267     0.314     0.809     2.292     1.421     0.813     0.000    19.799    10.336     2.422     2.270     0.235
    13.75    55.75    2090     0.147     0.401     0.654     2.183     3.778     7.749     9.656     2.354     6.241     3.576     2.155     0.201
    13.75    55.75    2091     0.165     0.216     0.852     2.523     4.085    11.413    11.606    11.336     8.421     5.851     2.493     0.215
    13.75    55.75    2092     0.117     0.235     0.301     1.412     4.598     2.791    19.608     4.437     6.348     6.947     2.950     0.148
    13.75    55.75    2093     0.059     0.215     0.861     0.117     0.237     0.369     6.086     4.720     8.066     4.821     2.031     0.104
    13.75    55.75    2094     0.107     0.151     0.434     2.169     4.758     8.161     0.830     6.705     2.356     4.957     2.017     0.089
    13.75    55.75    2095     0.062     0.148     0.581     3.031     3.352     0.000     0.000     4.502     4.297     4.709     1.862     0.126
    13.75    55.75    2096     0.119     0.117     0.211     0.254     1.609    13.136    12.895     1.609     9.697     3.982     2.379     0.096
    13.75    55.75    2097     0.080     0.117     0.387     4.016     5.993     4.102     0.937     4.920     1.178     4.908     1.170     0.083
    13.75    55.75    2098     0.077     0.123     0.607     2.524     5.592     8.783     6.156     0.544     1.099     5.148     0.386     0.069
    13.75    55.75    2099     0.064     0.102     0.352     0.727     0.993     0.430     5.282     3.715     2.569     4.750     2.134     0.104
    13.75    55.75    2100     0.085     0.092     0.268     3.543     4.357     1.731     4.747     5.553     3.653     4.905     2.254     0.206
    13.75    55.75    2101     0.059     0.087     0.501     2.008     1.356    11.090     8.130     0.778     8.303     3.605     0.856     0.074
    13.75    55.75    2102     0.038     0.052     0.227     5.890     2.980     7.575     4.196     5.113     4.983     5.136     0.286     0.076
    13.75    55.75    2103     0.006     0.014     0.594     0.423     5.358     2.456     0.000     7.643     0.616     6.554     2.665     0.054
    13.75    55.75    2104     0.000     0.000     0.471     2.576     5.736     3.982     4.277     2.869     3.955     5.704     0.267     0.017
    13.75    55.75    2105     0.000     0.000     0.449     0.729     1.528    11.070     3.210     4.364     0.844     4.104     1.463     0.017
    13.75    55.75    2106     0.000     0.000     0.058     1.565     4.479     1.095     9.875     2.783     7.089     6.294     1.318     0.031
    13.75    55.75    2107     0.006     0.000     0.301     0.288     1.563     6.553     1.626     3.845     5.488     4.832     0.375     0.030
    13.75    55.75    2108     0.004     0.092     1.557     4.316     2.597     7.885     8.318     3.439     5.451     3.744     0.655     0.009
    13.75    55.75    2109     0.000     0.108     0.480     1.563     5.574    17.396     5.342     4.730     4.077     4.514     1.838     0.050
    13.75    55.75    2110     0.006     0.007     1.217     3.696     1.981     1.827     3.153     5.128     5.338     5.032     1.520     0.061
    13.75    55.75    2111     0.000     0.000     0.257     2.027     3.095     8.755     1.463     2.910     3.779     6.131     1.475     0.038
    13.75    55.75    2112     0.017     0.015     0.209     2.410     4.008     3.212     4.181     8.411     6.024     6.859     2.262     0.031
    13.75    55.75    2113     0.009     0.000     0.384     2.494     4.979     7.465    11.589     4.690     7.081     6.184     1.459     0.033
    13.75    55.75    2114     0.014     0.001     1.011     3.663     5.626     4.142     7.359     4.803     5.855     4.068     0.593     0.054
    13.75    55.75    2115     0.000     0.003     0.543     1.041     2.960     1.642     1.943     1.741     5.404     4.066     0.462     0.013
    13.75    55.75    2116     0.000     0.000     0.004     1.739     1.008     0.889     6.492    10.431     4.644     4.356     2.980     0.022
    13.75    55.75    2117     0.006     0.000     0.019     0.776     1.072     2.807     3.945    13.986     5.824     2.541     3.203     0.035
    13.75    55.75    2118     0.011     0.000     0.097     2.408     3.529     5.491    13.892     8.595     8.157     4.232     1.258     0.027
    13.75    55.75    2119     0.000     0.000     0.298     1.636     1.072     0.608     0.000    15.234     7.104     1.857     1.942     0.040
    13.75    55.75    2120     0.000     0.000     0.287     1.602     3.174     6.600     8.043     1.952     5.463     3.035     0.864     0.036
    13.75    55.75    2121     0.009     0.003     0.176     2.873     3.525     9.718    10.345     9.406     7.328     4.521     1.227     0.049
    13.75    55.75    2122     0.009     0.000     0.000     1.433     4.060     2.495    16.763     3.915     5.688     6.734     2.211     0.034
    13.75    55.75    2123     0.000     0.002     0.587     0.098     0.222     0.342     5.648     4.341     7.587     4.604     0.702     0.058
    13.75    55.75    2124     0.004     0.004     0.174     1.580     4.354     7.805     0.795     6.457     2.354     4.746     0.808     0.012
    13.75    55.75    2125     0.000     0.000     0.298     3.164     3.176     0.000     0.000     4.389     4.196     5.236     1.954     0.047
    13.75    55.75    2126     0.016     0.001     0.007     0.217     1.508     8.900    13.111     1.637     6.749     4.550     2.079     0.087
    13.75    55.75    2127     0.022     0.008     0.432     2.867     5.725     4.053     0.940     4.871     1.164     5.411     0.680     0.044
    13.75    55.75    2128     0.000     0.001     0.493     2.445     8.626    10.116     6.051     0.546     1.094     4.469     0.185     0.044
    13.75    55.75    2129     0.001     0.002     0.227     0.772     0.996     0.422     5.171     3.655     2.524     4.095     1.815     0.039
    13.75    55.75    2130     0.002     0.008     0.141     2.127     4.228     1.660     4.556     5.321     3.558     3.786     1.420     0.152
    23.75    61.75    1980     0.161     0.923     2.370     2.796     3.783     7.569     5.614     6.254     5.742     3.365     0.960     0.000
    23.75    61.75    1981     0.220     1.199     2.876     3.139     4.096     3.041     6.923     7.741     4.901     3.391     0.280     0.066
    23.75    61.75    1982     0.130     1.200     3.603     3.701     3.128     5.978     3.435     5.951     7.617     3.428     1.016     0.000
    23.75    61.75    1983     0.061     0.905     2.843     1.941     1.719     3.926     4.704     2.784     3.066     2.187     0.322     0.028
    23.75    61.75    1984     0.301     1.301     2.341     2.227     4.459     3.335    15.001     9.941     6.337     4.150     0.802     0.000
    23.75    61.75    1985     0.858     0.541     1.736     2.996     3.523     6.169    10.828     5.389     7.654     2.570     0.293     0.017
    23.75    61.75    1986     0.072     0.940     1.690     3.578     2.722     5.155     6.636     5.160     4.278     2.932     0.319     0.070
    23.75    61.75    1987     0.049     0.746     1.275     2.551     4.443     8.757     5.346     5.349     5.505     3.427     0.793     0.120
    23.75    61.75    1988     0.160     1.015     3.255     2.476     4.724     5.941     5.273     9.159     6.026     2.244     0.859     0.000
    23.75    61.75    1989     0.186     0.572     2.217     4.032     2.302     5.047     7.323     3.229     5.285     5.595     0.544     0.000
    23.75    61.75    1990     0.160     1.092     1.782     4.346     2.809     4.468     7.030    10.619     7.401     3.305     0.804     0.000
    23.75    61.75    1991     0.177     0.559     2.023     1.881     3.018     2.394     6.043     6.378     5.041     4.236     0.207     0.041
    23.75    61.75    1992     0.139     0.875     2.305     2.398     2.821     6.050    13.914    11.156     3.728     1.539     0.495     0.003
    23.75    61.75    1993     0.250     0.928     2.650     3.883     2.876     1.145    10.331     5.649     6.958     2.483     0.290     0.000
    23.75    61.75    1994     0.303     1.434     1.514     4.705     4.952     7.099     5.050     8.076     6.382     3.725     0.662     0.000
    23.75    61.75    1995     0.155     1.072     2.708     1.940     4.396     5.906    11.288     5.670     3.481     3.812     0.804     0.020
    23.75    61.75    1996     0.011     1.488     2.803     4.683     2.709     1.979     6.990    10.579     3.708     3.409     0.663     0.000
    23.75    61.75    1997     0.051     0.712     1.670     2.393     4.128     0.203     8.962    10.786     4.116     3.239     0.493     0.000
    23.75    61.75    1998     0.553     0.621     2.995     3.333     3.757     5.207     7.516     8.676     5.289     4.077     1.027     0.000
    23.75    61.75    1999     0.171     1.686     1.878     3.849     6.458     4.094     8.120     9.296     4.317     2.681     0.751     0.000
    23.75    61.75    2000     0.121     1.021     2.497     3.045     3.413     1.738    10.097     8.583     4.586     3.396     0.734     0.000
    23.75    61.75    2001     0.064     0.591     2.410     3.168     4.580     2.315     4.828    14.343     4.847     2.416     0.724     0.000
    23.75    61.75    2002     0.091     0.909     1.129     2.978     4.040     7.491     5.228     7.610     6.620     1.587     0.915     0.000
    23.75    61.75    2003     0.076     0.892     1.543     3.166     3.889     3.558     6.208     6.105     7.266     3.020     0.568     0.000
    23.75    61.75    2004     0.264     0.753     2.247     3.260     2.752     5.823    14.940     8.396     4.990     4.699     0.678     0.003
    23.75    61.75    2005     0.242     1.213     2.299     3.474     3.359    13.609     7.429     4.752     7.487     2.342     0.568     0.000
    23.75    61.75    2006     0.319     1.602     2.869     3.657     3.645     3.711     8.733     4.548     7.000     4.569     0.569     0.000
    23.75    61.75    2007     0.436     0.811     2.612     3.744     3.059     3.535     4.812     3.136     6.088     4.409     0.794     0.000
    23.75    61.75    2008     0.095     1.015     3.585     1.916     5.572    10.728     6.808     6.772     4.892     4.221     0.694     0.013
    23.75    61.75    2009     0.073     1.005     2.415     3.839     5.070     3.515    12.017    12.551     4.704     5.064     0.404     0.028
    23.75    61.75    2010     0.237     1.224     2.738     3.209     4.232     3.954     8.205     8.442     3.790     2.007     0.662     0.000
    23.75    61.75    2011     0.066     1.348     2.444     4.371     2.605     4.885     5.345    10.514     6.469     4.232     0.799     0.000
    23.75    61.75    2012     0.178     0.775     1.405     2.817     4.535     6.004     7.086    10.433     5.375     4.104     0.640     0.001
    23.75    61.75    2013     0.169     0.830     1.859     4.250     4.691     8.647     0.631     4.882     6.339     4.285     0.737     0.001
    23.75    61.75    2014     0.128     0.880     1.703     2.859     5.857     2.001     6.629     8.915     4.245     2.800     0.659     0.058
    23.75    61.75    2015     0.236     1.342     2.086     3.767     2.756     1.465     5.672     8.233     5.252     4.285     0.580     0.000
    23.75    61.75    2016     0.185     1.451     2.262     3.541     3.759     9.026    14.001     6.253     4.922     3.865     1.327     0.000
    23.75    61.75    2017     0.135     1.148     1.998     2.071     3.210    11.009     4.609     8.960     4.546     4.310     1.280     0.000
    23.75    61.75    2018     0.278     1.046     2.280     2.682     6.887     5.997    13.471     6.730     1.405     2.057     0.762     0.000
    23.75    61.75    2019     0.054     0.948     2.268     3.747     8.320     5.909     1.818    10.901     5.535     3.550     0.837     0.003
    23.75    61.75    2020     0.095     0.976     2.237     0.513     1.773     1.843     4.370    12.914     6.405     5.484     0.376     0.008
    23.75    61.75    2021     0.122     0.791     2.266     2.153     0.197     5.150     2.863     4.683     6.336     3.410     0.585     0.000
    23.75    61.75    2022     0.173     0.642     2.139     2.256     2.318     8.039     2.245    13.509     5.769     2.579     0.360     0.071
    23.75    61.75    2023     0.104     0.405     2.340     2.100     2.119     7.112     9.026     8.307     1.776     4.931     0.901     0.000
    23.75    61.75    2024     0.120     1.075     1.279     1.721     3.286     5.801     4.434     4.858     5.617     5.099     0.347     0.001
    23.75    61.75    2025     0.196     0.876     2.259     2.540     4.414     6.382     9.792    15.200     4.098     1.863     0.479     0.000
    23.75    61.75    2026     0.135     1.031     1.754     4.271     4.252     3.484     6.843     6.672     6.549     4.291     0.694     0.000
    23.75    61.75    2027     0.057     0.559     2.168     0.583     4.326    10.052    10.132    11.179     5.772     3.818     0.683     0.033
    23.75    61.75    2028     0.548     0.943     1.381     2.751     2.871     9.232     8.352    13.627     2.521     2.500     0.593     0.000
    23.75    61.75    2029     0.152     0.805     1.871     2.460     1.461     2.960     7.127     4.017     3.745     4.089     0.928     0.016
    23.75    61.75    2030     0.037     0.480     2.020     3.221     3.481    11.273     4.073     8.851     5.566     4.150     0.960     0.000
    23.75    61.75    2031     0.124     0.337     1.471     3.299     4.128     7.569    11.240     7.255     6.020     3.915     0.894     0.033
    23.75    61.75    2032     0.055     1.161     1.529     1.340     0.745     3.551    11.708     9.304     3.081     4.908     1.268     0.000
    23.75    61.75    2033     0.156     0.670     2.504     2.338     4.008     2.695     3.860    10.093     6.546     3.959     0.753     0.000
    23.75    61.75    2034     0.351     0.643     2.381     2.157     6.672     2.901     7.413    11.969     5.923     3.907     0.830     0.000
    23.75    61.75    2035     0.207     1.108     2.057     2.287     2.280     6.793    11.434     5.892     5.668     4.211     1.130     0.123
    23.75    61.75    2036     0.022     0.661     1.386     0.385     0.615     6.281    13.205     2.328     5.123     4.033     0.597     0.003
    23.75    61.75    2037     0.107     0.977     1.524     1.049     3.311     5.479    13.349    10.207     4.457     4.833     0.676     0.000
    23.75    61.75    2038     0.182     0.626     1.167     3.449     1.222     2.630     4.566     9.108     4.234     4.609     0.819     0.000
    23.75    61.75    2039     0.091     0.966     2.124     1.343     2.565     5.181     6.830     4.691     3.311     4.579     1.073     0.017
    23.75    61.75    2040     0.137     0.798     1.621     1.778     3.649     3.333     9.401     6.474     1.618     3.268     0.712     0.000
    23.75    61.75    2041     0.838     0.763     2.450     2.314     4.178     6.280     2.441     1.787     3.355     3.005     0.489     0.009
    23.75    61.75    2042     0.056     0.738     2.186     1.259     6.528     8.119     5.797     8.567     7.709     2.834     0.485     0.067
    23.75    61.75    2043     0.150     0.691     1.054     3.637     1.658     4.305     5.575     5.983     1.308     4.537     0.530     0.000
    23.75    61.75    2044     0.297     1.052     1.618     1.869     2.159     7.654     7.444    10.139     5.992     4.828     1.066     0.023
    23.75    61.75    2045     0.131     0.659     1.238     1.243     2.937     2.950     9.875    10.298     8.405     3.159     0.486     0.000
    23.75    61.75    2046     0.096     0.888     2.066     0.791     1.315     5.994     2.090     7.686     5.610     4.426     0.738     0.244
    23.75    61.75    2047     0.200     0.500     1.325     1.717     1.614     1.066    10.035    14.018     3.233     3.482     0.913     0.000
    23.75    61.75    2048     0.051     0.490     0.911     2.215     1.813     2.341     9.459     9.574     4.437     1.736     1.083     0.000
    23.75    61.75    2049     0.186     0.898     0.996     2.215     2.812     3.729    17.189    11.784     5.560     4.957     1.184     0.000
    23.75    61.75    2050     0.038     0.270     1.482     1.198     0.291     9.286     7.963    11.010     5.574     3.343     0.803     0.000
    23.75    61.75    2051     0.200     0.389     1.257     0.943     1.953     5.933     5.958     8.557     5.012     6.078     0.962     0.062
    23.75    61.75    2052     0.014     0.222     0.582     1.374     5.097     7.352     8.930     8.121     7.847     4.967     1.381     0.000
    23.75    61.75    2053     0.130     0.596     1.216     1.920     1.675     0.937     9.702     7.477     4.716     3.409     1.295     0.000
    23.75    61.75    2054     0.098     0.843     0.870     1.130     2.461     9.995    13.810     2.589     4.541     3.020     1.516     0.015
    23.75    61.75    2055     0.105     0.308     0.997     0.962     3.457     1.348     3.423    10.516     1.153     3.329     0.819     0.005
    23.75    61.75    2056     0.122     0.313     1.077     0.566     0.978     4.566     5.260     3.043     2.957     2.952     0.577     0.000
    23.75    61.75    2057     0.079     0.703     1.099     0.956     5.368     0.913     6.771     3.788     4.894     5.332     0.553     0.003
    23.75    61.75    2058     0.069     0.400     1.481     1.966     3.914     1.228     5.058     8.611     6.614     2.794     0.286     0.000
    23.75    61.75    2059     0.006     0.354     1.026     1.162     1.005     2.543     7.252    10.271     4.482     1.890     0.526     0.000
    23.75    61.75    2060     0.059     0.350     0.807     1.068     1.760     3.500     8.888     6.577     5.256     4.972     0.481     0.047
    23.75    61.75    2061     0.152     0.384     0.743     0.852     1.691     5.452     8.316     4.880     2.671     3.852     1.229     0.000
    23.75    61.75    2062     0.175     0.416     0.752     1.570     1.988     2.826     8.458     4.447     2.734     3.287     0.649     0.006
    23.75    61.75    2063     0.064     0.326     0.844     0.726     4.044     3.649    11.549     8.718     5.060     4.065     0.897     0.015
    23.75    61.75    2064     0.180     0.256     0.586     0.974     2.500     4.086     7.923     8.401     5.413     3.422     1.274     0.000
    23.75    61.75    2065     0.240     0.273     0.509     1.464     2.837     5.970     4.399     3.110     2.212     1.675     0.770     0.000
    23.75    61.75    2066     0.048     0.267     0.595     0.448     1.922     5.795     9.076     9.355     3.915     4.234     0.947     0.000
    23.75    61.75    2067     0.077     0.273     0.435     0.379     2.879     6.812     8.722     6.394     3.219     4.104     1.023     0.011
    23.75    61.75    2068     0.077     0.289     0.657     0.634     3.100     2.430     3.848     8.801     2.404     3.169     1.277     0.013
    23.75    61.75    2069     0.032     0.248     0.473     0.414     1.954     4.170     7.144     9.267     2.992     1.372     1.102     0.030
    23.75    61.75    2070     0.063     0.330     0.436     0.451     2.878     8.703    13.557     2.230     4.461     4.221     1.233     0.000
    23.75    61.75    2071     0.087     0.204     0.409     0.425     0.758     3.918     5.543     6.615     5.152     3.762     0.995     0.000
    23.75    61.75    2072     0.031     0.075     0.238     0.061     5.468     2.344     8.845     4.104     5.993     3.728     0.709     0.030
    23.75    61.75    2073     0.020     0.325     0.401     0.272     3.016     6.467     9.834     4.913     1.241     3.051     1.018     0.018
    23.75    61.75    2074     0.017     0.142     0.408     1.105     0.759     2.433     8.016     5.410     4.580     4.622     0.826     0.002
    23.75    61.75    2075     0.025     0.089     0.233     0.231     2.722     5.246     0.744     7.358     4.179     2.505     0.642     0.000
    23.75    61.75    2076     0.020     0.098     0.257     0.236     1.113     4.536     9.146    11.518     5.891     5.103     0.768     0.011
    23.75    61.75    2077     0.026     0.147     0.592     0.616     2.007     1.253     6.237     7.326     8.089     6.179     0.771     0.006
    23.75    61.75    2078     0.073     0.263     0.650     0.813     1.667     1.399     9.040    12.945     2.705     4.683     0.593     0.000
    23.75    61.75    2079     0.016     0.089     0.188     0.311     2.332     3.537    10.230     6.155     6.967     4.500     1.305     0.001
    23.75    61.75    2080     0.009     0.054     0.113     0.123     0.675     1.643     8.121     5.686     3.674     4.049     1.074     0.000
    23.75    61.75    2081     0.008     0.020     0.070     0.290     1.478     9.394     3.675    12.999     3.656     4.652     1.019     0.000
    23.75    61.75    2082     0.004     0.019     0.047     0.056     2.188     5.319     8.696     5.742     4.166     3.720     0.799     0.000
    23.75    61.75    2083     0.002     0.023     0.091     0.351     2.555     4.672     2.979     8.221     4.033     3.205     1.274     0.002
    23.75    61.75    2084     0.008     0.033     0.218     0.239     3.936     4.243    13.401     8.241     3.972     4.480     0.636     0.000
    23.75    61.75    2085     0.004     0.009     0.089     0.992     2.432     2.774    10.182     7.083     5.513     3.261     0.744     0.001
    23.75    61.75    2086     0.000     0.000     0.000     0.039     2.330     0.363     6.421     9.327     7.891     5.051     1.062     0.005
    23.75    61.75    2087     0.000     0.000     0.000     0.001     0.466     4.945     7.712     7.878     5.161     2.960     0.636     0.000
    23.75    61.75    2088     0.000     0.000     0.000     0.514     0.672     3.965    16.552     6.520     4.629     4.902     1.055     0.000
    23.75    61.75    2089     0.000     0.000     0.000     0.055     2.161     2.240     9.792     8.609     3.800     2.114     1.479     0.000
    23.75    61.75    2090     0.000     0.000     0.000     0.041     0.398     6.558     7.971    12.616     3.594     4.912     1.138     0.001
    23.75    61.75    2091     0.000     0.000     0.000     0.270     2.840     3.006     9.475     5.402     5.346     2.788     1.294     0.000
    23.75    61.75    2092     0.000     0.000     0.000     0.009     1.134     5.091     5.706     5.182     6.042     3.260     1.060     0.000
    23.75    61.75    2093     0.000     0.000     0.002     0.219     0.215     5.289     9.620     9.232     7.417     3.692     0.726     0.000
    23.75    61.75    2094     0.000     0.000     0.003     0.211     1.887     8.596     4.110     8.779     4.142     3.815     1.585     0.000
    23.75    61.75    2095     0.000     0.000     0.000     0.190     2.532     3.351    11.029     7.201     5.206     5.089     1.497     0.002
    23.75    61.75    2096     0.000     0.000     0.000     0.093     0.715     2.495     4.097    10.854     2.198     3.374     1.119     0.000
    23.75    61.75    2097     0.000     0.006     0.198     1.925     4.127     3.325     1.161     9.178     4.045     3.606     0.618     0.000
    23.75    61.75    2098     0.000     0.000     0.065     1.171     2.220     6.139    11.920     3.386     1.537     3.310     0.777     0.000
    23.75    61.75    2099     0.000     0.000     0.002     0.462     0.720     5.131     7.729     7.603     2.745     3.899     0.920     0.000
    23.75    61.75    2100     0.003     0.006     0.094     1.019     4.699     8.652     4.848     6.568     3.070     4.376     1.191     0.000
    23.75    61.75    2101     0.003     0.002     0.028     0.138     0.783     3.542     5.008     5.970     4.989     3.163     0.890     0.000
    23.75    61.75    2102     0.000     0.000     0.151     0.062     5.775     2.134     8.016     3.746     5.956     2.668     0.567     0.000
    23.75    61.75    2103     0.000     0.172     0.232     0.310     3.071     6.036     9.326     4.603     1.158     4.157     1.043     0.000
    23.75    61.75    2104     0.000     0.000     0.152     1.203     0.745     2.299     7.611     5.134     4.436     5.605     0.699     0.000
    23.75    61.75    2105     0.000     0.000     0.000     0.073     2.351     5.136     0.730     7.209     4.093     2.514     1.010     0.000
    23.75    61.75    2106     0.000     0.000     0.012     0.295     1.148     4.577     9.220    10.703     6.546     5.239     0.695     0.000
    23.75    61.75    2107     0.001     0.001     0.157     0.835     2.006     1.256     6.225     7.249     7.860     5.892     0.236     0.000
    23.75    61.75    2108     0.000     0.230     0.603     1.212     1.675     1.400     9.078    11.036     2.709     3.276     0.004     0.000
    23.75    61.75    2109     0.000     0.000     0.000     0.144     2.935     3.578    10.535     6.226     7.036     5.509     1.156     0.000
    23.75    61.75    2110     0.000     0.000     0.000     0.032     1.438     1.746     8.420     5.417     3.792     4.666     0.973     0.001
    23.75    61.75    2111     0.000     0.000     0.000     0.340     1.783    10.168     4.016    12.710     3.992     4.604     1.000     0.000
    23.75    61.75    2112     0.000     0.000     0.000     0.010     3.692     5.789     9.487     5.724     4.076     4.552     0.989     0.000
    23.75    61.75    2113     0.000     0.000     0.053     0.508     3.183     5.102     3.258     8.394     4.315     4.210     1.347     0.001
    23.75    61.75    2114     0.000     0.000     0.233     0.410     4.432     4.563    16.671     8.449     4.242     4.871     0.862     0.000
    23.75    61.75    2115     0.000     0.004     0.122     1.502     2.750     3.065    11.767     7.827     8.351     4.496     0.086     0.000
    23.75    61.75    2116     0.000     0.000     0.000     0.033     2.800     0.395     8.251    10.553     9.024     4.661     1.377     0.006
    23.75    61.75    2117     0.000     0.000     0.000     0.019     0.765     5.214     8.112     8.294     5.594     3.053     1.265     0.000
    23.75    61.75    2118     0.000     0.000     0.000     0.542     0.674     4.166    16.228     6.696     4.869     4.584     0.922     0.000
    23.75    61.75    2119     0.000     0.000     0.001     0.309     3.037     2.363    10.324     9.058     4.004     2.186     1.188     0.000
    23.75    61.75    2120     0.000     0.000     0.000     0.059     0.351     6.926     8.362    13.650     4.273     3.813     1.084     0.000
    23.75    61.75    2121     0.000     0.000     0.000     0.287     3.333     3.332    11.257     5.959     6.675     3.463     1.333     0.000
    23.75    61.75    2122     0.000     0.000     0.000     0.022     1.184     5.590     6.270     5.692     6.892     4.851     0.639     0.000
    23.75    61.75    2123     0.000     0.000     0.010     0.261     0.244     5.640    10.260     9.874     8.023     2.374     1.085     0.000
    23.75    61.75    2124     0.000     0.000     0.002     0.255     1.897     8.259     4.216     9.008     3.850     4.862     1.214     0.000
    23.75    61.75    2125     0.000     0.000     0.000     0.056     2.861     3.386    11.116     7.278     5.460     5.359     1.204     0.005
    23.75    61.75    2126     0.000     0.000     0.000     0.062     1.278     2.532     4.149    10.260     2.230     4.973     1.098     0.000
    23.75    61.75    2127     0.000     0.078     0.193     1.981     4.078     3.278     1.145     9.157     3.995     3.482     0.619     0.000
    23.75    61.75    2128     0.000     0.000     0.033     0.985     2.162     6.227    12.069     3.434     1.559     6.079     0.728     0.000
    23.75    61.75    2129     0.000     0.000     0.036     0.512     0.745     5.510    16.193     8.164     2.977     3.980     1.261     0.000
    23.75    61.75    2130     0.004     0.003     0.073     1.550     5.138     7.501     5.365     7.276     3.096     5.215     0.873     0.000
    21.75    39.75    1980     1.685     2.049     1.240     1.983     1.246     1.149     2.120     0.330     0.228     0.992     2.135     0.787
    21.75    39.75    1981     0.570     0.922     0.559     0.799     1.085     0.179     0.153     0.000     0.456     2.253     0.424     1.413
    21.75    39.75    1982     0.351     0.211     0.530     1.255     0.098     0.077     0.251     0.432     0.281     1.580     0.523     0.990
    21.75    39.75    1983     0.551     0.467     3.025     0.959     0.575     0.907     0.477     0.428     0.842     0.791     1.479     1.598
    21.75    39.75    1984     0.449     0.444     1.081     0.735     4.013     0.542     0.053     0.123     1.329     0.908     2.883     4.037
    21.75    39.75    1985     1.685     2.132     1.156     0.521     0.141     0.639     0.968     0.044     0.388     0.369     2.583     2.652
    21.75    39.75    1986     1.823     1.960     2.575     2.540     0.660     1.836     1.195     0.915     2.131     1.200     0.718     1.096
    21.75    39.75    1987     2.885     2.324     3.214     3.339     4.509     1.890     1.118     1.136     1.586     3.184     3.075     1.925
    21.75    39.75    1988     1.205     0.626     3.405     2.309     1.972     3.919     1.734     0.159     0.817     6.480     2.659     3.459
    21.75    39.75    1989     2.597     2.343     5.155     1.159     2.864     1.431     1.158     0.133     1.086     0.264     6.384     1.813
    21.75    39.75    1990     0.507     1.318     1.722     1.032     2.623     0.208     0.402     0.396     0.296     2.948     1.516     0.931
    21.75    39.75    1991     0.414     1.111     0.609     1.553     2.324     1.227     0.889     0.063     0.241     0.339     4.487     0.774
    21.75    39.75    1992     0.366     1.148     1.562     1.211     0.163     0.100     0.367     0.445     3.252     2.564     1.569     1.454
    21.75    39.75    1993     1.058     0.786     1.020     1.643     0.797     1.142     0.096     0.522     0.285     1.012     4.649     2.584
    21.75    39.75    1994     0.892     0.676     1.097     2.338     0.757     0.525     0.137     0.289     1.242     1.890     0.532     1.538
    21.75    39.75    1995     1.869     1.138     1.834     1.448     1.362     2.041     1.012     0.536     0.412     2.417     4.022     1.956
    21.75    39.75    1996     0.586     1.646     1.730     5.379     0.791     0.930     0.412     2.523     0.217     0.648     1.319     1.343
    21.75    39.75    1997     2.240     1.721     1.482     1.275     0.968     1.562     0.961     1.637     1.950     0.642     1.476     1.726
    21.75    39.75    1998     0.840     1.837     0.995     0.827     0.400     1.408     2.030     1.786     0.488     2.599     0.907     2.133
    21.75    39.75    1999     0.946     1.174     0.749     0.389     0.779     1.033     0.156     0.137     1.149     2.096     1.631     1.820
    21.75    39.75    2000     0.822     0.261     1.732     1.124     0.337     0.941     0.107     0.314     2.577     0.358     0.711     1.774
    21.75    39.75    2001     1.106     1.843     3.771     0.333     0.764     0.747     0.595     0.233     0.081     2.202     2.130     1.637
    21.75    39.75    2002     1.272     0.179     0.539     0.358     0.411     0.591     0.151     0.194     0.000     2.226     1.131     0.914
    21.75    39.75    2003     0.656     1.578     1.895     0.572     1.411     0.653     0.276     0.927     0.206     0.993     1.379     0.809
    21.75    39.75    2004     1.241     2.083     2.413     0.669     0.411     0.049     0.124     0.175     0.838     0.045     1.521     1.515
    21.75    39.75    2005     0.929     0.666     0.676     0.083     4.219     0.606     0.309     0.041     2.394     1.018     0.572     1.511
    21.75    39.75    2006     1.555     1.429     0.297     0.598     1.205     0.439     0.653     2.830     0.677     0.119     1.406     2.361
    21.75    39.75    2007     1.008     1.331     0.861     2.044     2.966     1.119     1.156     0.326     0.347     0.045     1.072     1.118
    21.75    39.75    2008     1.584     0.516     0.320     0.743     0.050     0.831     1.259     0.217     1.287     2.614     2.008     2.626
    21.75    39.75    2009     1.555     1.351     1.153     2.950     0.812     1.028     0.141     0.194     0.381     0.066     2.498     1.457
    21.75    39.75    2010     0.449     0.621     0.395     0.000     3.100     1.493     0.481     0.000     0.160     1.423     2.937     1.972
    21.75    39.75    2011     0.347     0.668     0.369     0.611     0.924     0.121     0.096     0.139     0.576     1.069     2.354     1.028
    21.75    39.75    2012     0.720     0.944     2.161     1.520     1.326     0.106     0.500     0.800     0.375     0.229     0.301     1.764
    21.75    39.75    2013     0.168     1.519     1.447     2.241     0.151     0.851     0.260     0.310     0.000     1.104     1.073     1.575
    21.75    39.75    2014     0.669     0.347     1.830     2.859     1.719     0.628     1.135     1.500     0.488     1.047     1.978     0.946
    21.75    39.75    2015     1.902     0.207     0.547     2.027     4.092     2.800     0.934     0.000     0.371     2.167     3.927     4.092
    21.75    39.75    2016     0.987     0.919     2.448     1.962     0.226     0.645     1.214     0.139     0.459     0.000     1.399     2.863
    21.75    39.75    2017     0.575     0.273     0.446     2.300     1.255     1.203     0.984     0.249     0.159     0.844     0.951     1.712
    21.75    39.75    2018     0.488     0.374     0.536     1.724     0.329     0.151     0.305     0.151     2.411     1.083     1.672     2.519
    21.75    39.75    2019     1.604     0.658     0.236     0.920     1.005     0.682     0.426     0.978     0.772     0.418     0.772     1.684
    21.75    39.75    2020     1.703     1.113     1.699     2.124     2.352     1.037     0.884     0.129     1.203     0.552     1.592     2.673
    21.75    39.75    2021     2.722     1.014     1.587     0.691     2.728     0.654     0.183     0.000     0.757     0.998     2.375     2.291
    21.75    39.75    2022     1.022     1.752     0.412     1.467     1.033     1.743     0.664     0.414     1.258     0.785     1.962     1.454
    21.75    39.75    2023     1.295     1.296     0.800     0.401     3.404     2.385     1.213     0.077     0.886     0.955     0.719     2.664
    21.75    39.75    2024     1.663     0.622     2.112     0.888     0.963     1.527     0.140     0.378     0.942     0.930     3.004     2.352
    21.75    39.75    2025     1.183     1.878     0.888     0.350     0.205     0.251     0.099     0.086     1.080     0.778     2.012     1.559
    21.75    39.75    2026     0.677     1.144     1.598     0.466     0.280     0.776     0.759     0.085     0.691     0.572     1.117     1.143
    21.75    39.75    2027     0.878     0.585     0.342     0.881     0.625     0.483     0.033     0.000     0.035     1.982     3.308     1.501
    21.75    39.75    2028     0.869     0.193     2.733     1.129     0.154     0.050     0.050     0.073     0.518     0.717     0.427     1.429
    21.75    39.75    2029     0.966     0.386     0.423     0.094     1.151     0.458     0.196     0.080     0.397     0.266     3.048     0.708
    21.75    39.75    2030     0.941     0.361     0.740     1.940     0.662     0.205     0.461     0.149     1.429     0.414     1.030     3.145
    21.75    39.75    2031     0.930     1.943     1.710     0.162     1.314     0.885     0.500     0.083     0.553     3.933     1.144     0.818
    21.75    39.75    2032     1.253     0.186     1.205     4.421     0.802     0.539     0.121     0.534     0.751     0.684     0.632     0.924
    21.75    39.75    2033     0.809     2.289     0.308     1.179     0.983     0.695     1.942     0.000     0.000     1.322     0.916     4.412
    21.75    39.75    2034     1.422     0.669     0.085     0.693     0.000     0.569     0.041     0.033     0.289     0.088     1.372     1.667
    21.75    39.75    2035     0.506     0.511     0.320     0.442     0.321     0.198     0.095     0.167     0.098     0.149     1.384     1.396
    21.75    39.75    2036     0.536     0.585     0.785     0.898     0.053     0.430     0.047     0.669     0.253     0.432     0.911     1.905
    21.75    39.75    2037     0.700     1.149     1.704     0.193     0.400     0.078     0.275     0.000     0.000     0.657     1.553     1.899
    21.75    39.75    2038     0.471     0.381     0.615     2.733     0.277     0.795     0.821     0.343     0.179     0.075     2.542     0.610
    21.75    39.75    2039     0.753     0.869     3.728     1.651     0.117     0.183     0.396     0.031     0.600     1.398     1.148     1.563
    21.75    39.75    2040     1.109     0.815     1.277     0.886     0.186     0.191     0.159     0.000     1.810     0.279     0.965     1.914
    21.75    39.75    2041     0.690     0.928     0.076     0.000     0.319     0.339     0.103     1.176     0.067     2.011     3.575     0.865
    21.75    39.75    2042     0.613     0.335     0.195     0.381     1.286     0.165     0.138     0.125     0.701     0.461     0.709     1.826
    21.75    39.75    2043     0.626     0.402     1.284     1.093     0.902     0.159     0.000     0.263     0.575     1.168     0.049     0.626
    21.75    39.75    2044     1.206     0.299     0.442     0.866     0.055     0.099     0.093     0.000     0.914     1.106     3.162     0.411
    21.75    39.75    2045     0.839     0.740     0.887     0.418     0.205     0.740     0.191     0.123     0.000     0.138     1.324     0.765
    21.75    39.75    2046     1.748     0.309     1.287     0.385     0.357     0.225     0.244     0.071     0.090     1.086     3.039     2.923
    21.75    39.75    2047     0.624     0.342     0.493     0.629     0.587     0.322     0.029     0.102     0.217     0.000     1.485     2.276
    21.75    39.75    2048     0.823     1.177     0.409     1.037     0.000     0.094     0.000     0.146     0.000     0.913     2.218     2.673
    21.75    39.75    2049     0.455     0.507     0.443     0.131     0.169     0.000     0.035     0.039     0.543     0.081     1.577     2.468
    21.75    39.75    2050     0.268     0.635     0.083     0.000     0.160     0.023     0.107     0.055     0.283     0.893     1.181     1.668
    21.75    39.75    2051     0.918     0.674     0.282     0.918     0.625     0.222     0.308     0.049     0.109     0.037     1.621     1.187
    21.75    39.75    2052     1.939     1.614     0.609     2.944     0.435     0.129     0.116     0.074     0.544     0.661     1.700     1.477
    21.75    39.75    2053     0.807     1.186     2.401     0.261     0.587     0.090     0.043     0.253     0.692     0.048     3.417     1.461
    21.75    39.75    2054     0.516     0.207     1.137     0.604     0.638     0.000     0.408     0.038     1.588     0.354     0.258     2.158
    21.75    39.75    2055     1.467     0.098     3.730     1.481     1.018     0.461     0.059     0.797     0.357     0.118     2.200     1.701
    21.75    39.75    2056     0.758     0.205     1.359     0.675     0.883     0.679     0.202     0.544     0.073     1.856     1.098     1.581
    21.75    39.75    2057     0.461     0.859     0.901     0.261     1.053     0.214     0.643     0.000     0.000     0.438     0.743     0.838
    21.75    39.75    2058     1.124     0.485     0.996     0.484     0.150     0.261     0.028     0.469     0.069     0.671     1.588     1.631
    21.75    39.75    2059     0.056     0.079     0.195     0.114     0.006     0.064     0.003     0.004     0.027     0.204     0.178     0.325
    21.75    39.75    2060     0.567     0.164     1.582     1.163     0.009     0.449     0.000     0.061     0.056     0.076     0.838     3.082
    21.75    39.75    2061     0.863     0.672     1.777     0.133     1.104     0.009     0.009     0.056     0.146     1.331     0.308     2.898
    21.75    39.75    2062     0.783     0.477     0.817     0.039     0.115     0.046     0.146     0.000     0.000     0.451     0.232     3.515
    21.75    39.75    2063     0.262     0.115     0.266     0.160     0.017     0.152     0.000     0.097     0.224     0.892     0.843     0.740
    21.75    39.75    2064     0.417     0.626     1.394     0.263     0.680     0.326     0.170     0.000     0.080     1.179     1.341     2.469
    21.75    39.75    2065     1.267     1.037     0.480     0.000     0.000     0.180     0.459     0.212     1.293     0.555     0.603     2.620
    21.75    39.75    2066     0.358     0.358     1.565     1.041     0.444     0.057     0.014     0.020     0.220     0.892     0.485     0.736
    21.75    39.75    2067     0.031     0.640     3.493     0.724     0.727     0.000     0.246     0.256     0.453     0.469     0.000     1.166
    21.75    39.75    2068     0.566     1.201     0.691     0.198     0.986     0.000     0.041     0.000     0.228     0.150     1.628     2.996
    21.75    39.75    2069     0.453     0.488     0.423     0.023     0.000     0.040     0.052     0.032     0.009     0.239     0.898     0.532
    21.75    39.75    2070     0.401     0.678     0.573     0.541     0.000     0.010     0.016     0.084     0.000     0.050     0.594     0.818
    21.75    39.75    2071     0.076     0.896     0.499     0.698     0.172     0.013     0.123     0.370     0.000     0.201     0.901     2.809
    21.75    39.75    2072     1.357     1.180     0.075     0.895     0.026     0.178     0.530     0.047     0.010     0.111     1.636     1.903
    21.75    39.75    2073     0.461     1.098     0.354     0.550     0.083     0.474     0.225     0.184     0.007     0.608     0.157     1.586
    21.75    39.75    2074     0.425     0.864     0.096     0.025     0.081     0.037     0.082     0.271     0.149     0.221     1.138     3.227
    21.75    39.75    2075     0.046     0.009     0.107     1.280     0.414     0.025     0.281     0.495     0.000     0.385     0.694     1.019
    21.75    39.75    2076     0.105     1.972     0.853     0.964     0.000     0.305     0.075     0.000     0.023     0.637     1.310     0.896
    21.75    39.75    2077     0.073     1.109     0.150     0.000     0.282     0.000     0.000     0.041     0.365     0.988     0.770     0.792
    21.75    39.75    2078     0.938     0.255     1.473     0.215     0.045     0.000     0.000     0.006     0.019     0.904     1.058     1.104
    21.75    39.75    2079     1.126     0.194     2.769     0.948     0.018     0.000     0.002     0.039     0.143     0.516     1.828     0.758
    21.75    39.75    2080     0.411     0.116     3.889     0.068     0.097     0.094     0.174     0.000     0.000     0.344     1.177     2.888
    21.75    39.75    2081     0.834     0.630     0.227     1.827     0.406     0.148     0.309     0.014     0.141     0.771     0.338     1.719
    21.75    39.75    2082     0.284     0.294     1.200     0.219     0.000     0.000     0.000     0.040     0.060     1.006     2.346     2.236
    21.75    39.75    2083     0.054     0.481     0.936     0.132     0.306     0.022     0.068     0.000     0.000     0.268     0.338     0.573
    21.75    39.75    2084     0.596     1.337     1.354     0.132     0.000     0.000     0.000     0.000     0.000     0.041     0.566     0.662
    21.75    39.75    2085     0.153     0.069     0.350     0.101     0.000     0.056     0.000     0.121     0.000     0.757     1.028     1.857
    21.75    39.75    2086     0.050     0.176     0.706     0.235     0.000     0.023     0.001     0.087     0.085     0.041     0.039     0.354
    21.75    39.75    2087     1.624     1.021     0.361     0.156     0.288     0.019     0.038     0.004     0.000     0.000     3.139     1.891
    21.75    39.75    2088     0.655     0.830     0.256     0.023     0.017     0.000     0.000     0.000     0.048     0.184     1.218     1.359
    21.75    39.75    2089     0.176     0.123     1.351     0.026     0.177     0.023     0.032     0.000     0.000     0.678     0.431     2.063
    21.75    39.75    2090     0.684     2.373     0.835     0.435     0.161     0.065     0.121     0.110     0.012     0.627     1.009     2.076
    21.75    39.75    2091     0.345     0.832     0.328     0.174     0.107     0.059     0.000     0.000     0.025     0.467     0.187     0.298
    21.75    39.75    2092     0.563     0.643     2.847     0.097     0.165     0.000     0.249     0.474     0.000     0.150     0.962     0.663
    21.75    39.75    2093     1.120     0.450     0.164     0.189     0.077     0.000     0.054     0.235     0.094     0.052     0.297     0.541
    21.75    39.75    2094     0.192     0.267     1.945     0.560     0.034     0.090     0.049     0.000     0.002     0.274     0.974     1.080
    21.75    39.75    2095     0.940     1.499     1.357     0.933     0.403     0.251     0.672     0.059     0.000     0.429     1.511     0.946
    21.75    39.75    2096     0.220     0.425     1.347     0.554     0.601     0.000     0.000     0.033     0.007     0.336     0.191     0.293
    21.75    39.75    2097     0.635     0.153     0.148     0.484     0.000     0.041     0.034     0.021     0.002     0.369     0.568     0.592
    21.75    39.75    2098     0.071     0.156     0.069     0.018     0.000     0.001     0.001     0.063     0.117     0.120     0.384     0.465
    21.75    39.75    2099     0.257     0.484     0.302     0.962     0.047     0.000     0.000     0.000     0.000     0.437     0.475     1.399
    21.75    39.75    2100     0.282     0.637     0.694     0.021     0.107     0.079     0.000     0.139     0.684     1.401     1.898     2.711
    21.75    39.75    2101     0.116     1.091     0.419     0.359     0.093     0.000     0.177     0.508     0.000     0.304     1.047     3.249
    21.75    39.75    2102     2.915     2.389     0.115     1.054     0.045     0.037     1.283     0.008     0.042     0.009     3.400     3.381
    21.75    39.75    2103     0.564     1.072     0.264     0.190     0.055     0.287     0.068     0.065     0.011     0.761     0.145     1.480
    21.75    39.75    2104     0.736     1.540     0.079     0.019     0.062     0.047     0.068     0.301     0.400     0.202     1.512     4.571
    21.75    39.75    2105     0.170     0.047     0.151     1.589     0.612     0.028     0.446     0.907     0.000     0.324     0.620     0.910
    21.75    39.75    2106     0.228     3.389     1.300     1.195     0.000     0.353     0.254     0.000     0.046     0.827     1.582     1.082
    21.75    39.75    2107     0.074     1.721     0.215     0.000     0.527     0.000     0.000     0.076     0.186     0.624     0.559     0.575
    21.75    39.75    2108     0.778     0.404     2.108     0.480     0.218     0.000     0.000     0.182     0.061     0.926     0.956     0.999
    21.75    39.75    2109     0.600     0.223     2.934     1.059     0.025     0.000     0.025     0.059     0.027     0.386     1.873     0.548
    21.75    39.75    2110     0.409     0.136     5.007     0.074     0.125     0.131     0.198     0.000     0.001     0.218     1.062     2.623
    21.75    39.75    2111     0.359     0.800     0.244     3.070     0.458     0.197     0.234     0.031     0.048     0.736     0.262     1.307
    21.75    39.75    2112     0.327     0.360     1.586     0.408     0.000     0.000     0.000     0.046     0.056     0.630     2.510     2.306
    21.75    39.75    2113     0.068     0.692     1.015     0.176     0.601     0.032     0.107     0.000     0.000     0.168     0.265     0.428
    21.75    39.75    2114     0.904     1.563     1.583     0.154     0.000     0.000     0.000     0.000     0.000     0.007     0.553     0.675
    21.75    39.75    2115     0.159     0.076     0.481     0.153     0.000     0.077     0.000     0.153     0.000     0.691     0.862     1.550
    21.75    39.75    2116     0.130     0.318     1.111     0.371     0.000     0.029     0.003     0.243     0.002     0.087     0.060     0.537
    21.75    39.75    2117     1.878     1.272     0.447     0.506     0.330     0.019     0.005     0.006     0.000     0.022     3.608     2.298
    21.75    39.75    2118     0.735     0.814     0.226     0.018     0.022     0.000     0.000     0.000     0.125     0.097     1.231     1.372
    21.75    39.75    2119     0.227     0.125     1.331     0.032     0.137     0.016     0.023     0.000     0.000     0.761     0.495     2.345
    21.75    39.75    2120     0.698     3.397     0.915     0.350     0.239     0.072     0.042     0.101     0.000     0.769     1.288     2.435
    21.75    39.75    2121     0.544     1.041     0.321     0.213     0.121     0.073     0.000     0.000     0.015     0.322     0.191     0.292
    21.75    39.75    2122     0.559     0.833     3.447     0.143     0.169     0.000     0.195     0.476     0.000     0.142     1.339     0.946
    21.75    39.75    2123     1.260     0.638     0.225     0.174     0.073     0.000     0.054     0.350     0.032     0.054     0.328     0.587
    21.75    39.75    2124     0.366     0.397     2.560     0.716     0.041     0.091     0.067     0.000     0.024     0.176     1.269     1.406
    21.75    39.75    2125     0.844     1.665     1.421     0.994     0.553     0.309     0.470     0.107     0.000     0.181     1.255     0.853
    21.75    39.75    2126     0.262     0.447     1.596     0.750     0.623     0.000     0.000     0.036     0.001     0.230     0.277     0.351
    21.75    39.75    2127     0.731     0.183     0.148     0.382     0.000     0.045     0.035     0.021     0.005     0.995     0.582     0.611
    21.75    39.75    2128     0.079     0.187     0.063     0.026     0.000     0.011     0.001     0.093     0.066     0.226     0.457     0.554
    21.75    39.75    2129     0.287     0.572     0.423     1.359     0.158     0.000     0.000     0.001     0.018     0.517     0.590     1.740
    21.75    39.75    2130     0.294     0.709     1.062     0.037     0.126     0.040     0.001     0.004     0.284     1.290     2.097     2.996
