      Lon      Lat    Year       Jan       Feb       Mar       Apr       May       Jun       Jul       Aug       Sep       Oct       Nov       Dec
     9.75    49.75    1980     0.000     0.000    23.667    13.331     9.438    21.522    15.532    19.364     7.772     3.847     3.602     3.615
     9.75    49.75    1981     9.331    16.258    22.264    15.984     6.845     1.573     2.786     5.461    11.761     8.786     8.409     5.746
     9.75    49.75    1982     5.191    16.756    27.417    41.329    12.995     3.986    15.422    14.596    12.887     5.841     3.224     3.938
     9.75    49.75    1983     0.599    16.604    17.745    10.307     5.641    11.301    14.262     6.791     2.474     1.088     5.457     5.792
     9.75    49.75    1984     9.408    14.044    23.240    29.066    18.411    22.855     5.660     3.440     2.316     1.112     3.528     3.019
     9.75    49.75    1985     0.000     0.000    27.396    17.251     9.999    16.030     8.597    10.769     7.555     5.046     5.528     2.691
     9.75    49.75    1986     0.000     0.000     0.000    19.682    14.830     3.660     6.418     2.133     7.608     9.521     4.870     7.594
     9.75    49.75    1987     0.480     0.000    21.531    19.971    22.184    26.139    16.027     7.513    11.193     5.007     3.920     4.541
     9.75    49.75    1988     8.872    12.606    22.284    10.130     4.862     4.139     6.496     1.640     1.641     0.331     1.056     3.063
     9.75    49.75    1989     2.361     0.000    21.398    37.650    35.344    14.380     9.642     5.735     7.292     3.779     4.825     5.782
     9.75    49.75    1990     7.940     3.656    14.523    38.877    21.716    10.362     9.007     5.113     1.986     1.438     2.255     4.998
     9.75    49.75    1991     5.327    16.563    25.603    16.558    11.106    21.134     7.770     3.088     1.209     1.583     2.231     6.679
     9.75    49.75    1992     9.742    12.883    27.625    33.213    11.472    14.047     9.128     6.366     2.600     0.946     2.810     1.895
     9.75    49.75    1993     0.000     0.000    10.889    26.373     6.777     7.724     4.647     4.530    13.166     9.704     8.314     1.648
     9.75    49.75    1994     0.063    17.395    31.719    22.651     8.134     4.690     2.061     4.338     3.588     1.123     4.586     7.291
     9.75    49.75    1995     1.698     0.000    10.135    35.969    20.762     5.929    13.158    22.700     4.178     2.898     6.598     7.211
     9.75    49.75    1996     2.465    18.486    24.282    22.689     5.360     6.443     8.247    12.990     6.817     5.549     5.272     4.685
     9.75    49.75    1997     1.201     0.000    21.850    22.493    19.882    27.899    11.644     6.079     5.841     3.436     4.584     3.064
     9.75    49.75    1998     9.081    13.371    26.289    12.395     4.655    11.596     3.131     1.790     9.713     4.229     3.149     4.199
     9.75    49.75    1999     6.799    16.517    22.998    17.304     2.850    16.765     1.777     1.022     0.731     0.778     3.964     5.339
     9.75    49.75    2000     8.575    17.379    18.758    10.706     4.127    12.374    12.848     5.991     6.626     3.433     8.831     2.332
     9.75    49.75    2001     0.000     0.000     0.000    27.934    11.052    10.132     7.007    11.578     2.494     1.393     3.768     7.079
     9.75    49.75    2002     9.485    11.047    24.774    16.567    17.875     1.769     0.530     3.234     8.421     4.305     2.421     2.337
     9.75    49.75    2003     1.677     0.000    23.459    16.105    11.469     9.796    16.806    16.756     6.847     2.726     5.215     8.547
     9.75    49.75    2004     9.515    14.110    25.555    13.082    15.611    11.659     2.707     5.940     8.103     5.507     6.042     7.541
     9.75    49.75    2005     2.405     4.903    28.004    11.830    12.178     8.094     5.804     4.941     3.729     1.604     8.957     8.246
     9.75    49.75    2006     2.071     1.319    29.042     4.912     2.149     1.261     6.134     3.507     3.075     3.541    14.585     6.172
     9.75    49.75    2007     0.000     5.980    27.499    20.504     7.138     5.061     3.689     5.284     4.967     3.015     6.226     3.349
     9.75    49.75    2008     8.894    17.373    24.799    27.164    11.435     1.922     4.692    16.445    11.040     4.092     5.592     7.294
     9.75    49.75    2009    10.076    18.715    30.826    18.096     2.533     3.449     8.464     7.603     3.275     3.377     6.009     4.656
     9.75    49.75    2010     1.782     5.335    24.309     2.532     0.552     0.618     0.700     2.925    11.706     8.205     5.529     6.712
     9.75    49.75    2011     3.465     4.456    26.206     5.369     5.356     6.413     3.430     2.361     1.415     3.309     3.619     4.591
     9.75    49.75    2012     2.794    19.560    22.635    23.633    25.823    19.061    11.995     8.339    11.177     6.531     4.530     7.352
     9.75    49.75    2013     7.833    14.739    27.231    22.727    10.992    22.621    20.806     9.713     1.892     0.943     3.296     5.742
     9.75    49.75    2014     1.545     0.000    26.090    18.273    11.550    22.255    21.108     8.277     5.685     3.014     3.762     4.719
     9.75    49.75    2015     2.259    14.578    25.422    14.384     3.301     3.317    13.303    22.060     7.302     0.737     3.695     7.217
     9.75    49.75    2016    10.639    14.400    21.952    30.924    22.568    13.448    10.803     5.706    16.040    10.344     4.044     4.363
     9.75    49.75    2017     9.639    16.854    21.237    16.168     9.020     5.166     3.903     1.226     0.429     4.055     6.785     1.472
     9.75    49.75    2018     0.000    10.892    27.261    14.668    10.764     7.786     3.283     2.159     1.359     4.226     6.386     7.006
     9.75    49.75    2019     2.055    15.439    33.365    17.860     4.153    12.691     3.476     1.926     1.626     1.530     5.090     7.803
     9.75    49.75    2020     9.025    14.186    28.598    20.463     6.335     2.914     2.318     9.828     1.590     1.983     6.798     2.456
     9.75    49.75    2021     0.000     0.000    11.004    20.025     3.942    14.592     4.264     1.646     0.671     0.538     1.161     0.328
     9.75    49.75    2022     0.000     7.298    25.834     7.919     4.002    12.636     3.265     1.881     1.014     0.308     0.964     2.543
     9.75    49.75    2023     5.677    14.251    19.522    31.808    22.929     4.892     0.909     2.096     0.805     0.372     2.109     7.297
     9.75    49.75    2024     2.055    15.953    28.658    31.355    11.672     4.767     4.714     4.781     1.621     3.747     7.094     9.164
     9.75    49.75    2025    10.996    13.388    22.035    23.424     4.638     0.895     0.837     1.626     1.000     0.402     2.107     6.425
     9.75    49.75    2026     2.231    12.595    28.471    29.603    10.434    16.148     8.426     3.058     1.214     2.366     4.572     6.960
     9.75    49.75    2027     1.709     7.168    28.432    20.903    13.959    32.712    13.608     6.315     1.695     0.948     3.692     4.859
     9.75    49.75    2028     0.000    13.215    29.447    31.714    10.892     5.352     2.901     1.734     4.542     2.718     2.525     2.576
     9.75    49.75    2029     0.000     0.123    28.745    13.825     6.183     2.794     2.036     2.856     3.083     2.738     1.773     0.000
     9.75    49.75    2030     0.000     0.000    22.895    16.703    18.634    11.048    10.037     5.507     4.130     2.684     3.212     4.975
     9.75    49.75    2031     7.741    11.620    23.344    11.467     6.499     4.150     1.833     1.184     1.082     0.807     3.688     5.453
     9.75    49.75    2032     7.425    14.454    19.825     7.252     2.614    14.803     2.367     1.110     1.125     0.791     2.828     6.714
     9.75    49.75    2033     5.825    17.158    23.237    13.756     1.266     4.019     1.582     1.648     0.972     0.522     1.911     5.711
     9.75    49.75    2034     3.257     0.000    28.208     6.954     4.065    11.041    15.464     4.835     4.326     2.120     4.634     3.201
     9.75    49.75    2035     0.000    17.396    28.565    22.413     8.234     1.977     2.083    14.724     8.455     0.567     1.228     6.887
     9.75    49.75    2036     8.941    16.763    28.298    25.223     3.855     1.932     2.240     4.822     3.004     2.788     5.978     8.639
     9.75    49.75    2037    10.772    13.391    24.936     4.441     2.485     3.585     5.039     8.780     7.860     3.295     2.681     6.448
     9.75    49.75    2038    11.595    16.124    21.029    16.491     9.368    15.598     8.749     4.866     6.239     4.379     4.074     0.827
     9.75    49.75    2039     5.250    17.470    14.327     7.794     8.919     7.444     3.660     3.565     3.086     3.833     4.399     4.554
     9.75    49.75    2040     8.945    16.628    29.015    13.147     4.449    11.641     3.182     0.858     4.465     5.029     5.165     7.360
     9.75    49.75    2041    10.485    18.080    22.640    16.806     6.338    27.424    20.072    11.403     5.192     2.046     5.664     3.184
     9.75    49.75    2042     0.000    13.877    30.823    30.523     6.027     1.638     1.818     1.221     0.795     0.427     0.902     0.797
     9.75    49.75    2043     0.000     0.000    32.361     7.437     0.764    12.083    10.248     9.511    12.297     3.432     5.003     5.509
     9.75    49.75    2044     5.955     5.159    25.807    26.912     3.891     0.902     1.968     2.694     2.010     0.965     1.136     4.979
     9.75    49.75    2045     2.560     4.585    30.733    13.010     9.567    11.107    11.012     2.143     1.133     0.708     3.526     5.320
     9.75    49.75    2046     2.855    14.211    24.158    23.646    17.330    10.873     5.364    13.539     9.235     4.170     7.781     8.842
     9.75    49.75    2047     2.349     0.000     0.000    45.290    20.165     6.379     5.520     5.937     3.774     1.747     1.684     5.650
     9.75    49.75    2048     3.735    19.242    31.858    12.720     4.159     1.830     3.309     3.699     1.440     2.009     8.296     9.442
     9.75    49.75    2049     2.006    16.019    26.900    16.181    10.228    15.624    12.235    10.039     7.452     3.942     5.542     7.639
     9.75    49.75    2050     2.841     0.000    17.985    31.760    12.226     7.827     1.696     2.229     1.545     0.860     2.478     7.317
     9.75    49.75    2051    10.064    18.040    28.274    19.098     5.577     2.132     1.716     2.035     3.099     1.675     1.667     4.681
     9.75    49.75    2052     0.435     0.000    27.648     5.495     3.101     2.899     1.519     3.537     2.528     2.186     3.919     2.783
     9.75    49.75    2053     0.000     0.000    25.550    14.869     1.467     1.704     7.479    18.991     7.862     1.646     3.762     5.453
     9.75    49.75    2054     2.360    13.901    24.913    18.555     2.778    11.850     4.377     1.168     0.486     1.412     3.981     8.187
     9.75    49.75    2055    10.977    17.583    18.683     4.203     3.317    11.518    13.670    16.680     8.973     2.533     7.053     8.352
     9.75    49.75    2056     9.000    20.203    20.146     5.733     5.207    12.751    11.819     7.424     3.674     0.711     2.691     5.809
     9.75    49.75    2057    10.318    17.898    31.323    17.844     5.216     5.620    12.792     9.872     9.450     3.675     1.472     0.526
     9.75    49.75    2058     5.191    16.250    25.805    12.219     3.557     2.203     5.374    13.577     7.605     1.622     3.274     3.492
     9.75    49.75    2059     0.000    15.690    30.131    13.839     9.900     9.170     3.256     5.902     2.035     1.095     2.510     3.414
     9.75    49.75    2060    10.271    17.887    28.427    10.246     4.227    11.618    11.137     3.160     1.585     1.506     5.710     8.179
     9.75    49.75    2061     1.829    20.341    25.364    13.541     2.017     1.589     2.915     1.883     1.287     1.132     0.870     2.115
     9.75    49.75    2062     5.354    19.815    18.957    16.305    13.262    15.455     6.288     3.545     1.556     1.010     1.752     6.450
     9.75    49.75    2063    10.513    18.954    27.622    14.510     5.400    16.244    13.653    13.234     7.100     2.043     6.532    10.233
     9.75    49.75    2064    11.777    17.056    29.289    13.192     1.231     5.462     4.286     8.302     2.517     0.516     1.537     3.940
     9.75    49.75    2065     0.000    11.397    33.090    12.352     5.425     8.065     4.605     2.596     3.338     1.640     3.858     6.855
     9.75    49.75    2066    12.139    20.180    27.306    21.326     3.238     1.849     2.822     8.083     4.640     2.653     2.010     5.573
     9.75    49.75    2067     6.400     0.000    29.011     3.592     1.218     6.995     4.358     2.596     1.756     0.579     2.463     5.517
     9.75    49.75    2068     2.500     7.915    33.000     7.416     0.507     7.819     5.380     0.887     1.115     1.072     2.183     3.791
     9.75    49.75    2069     7.415    13.614    23.902    21.842     7.511     3.745     3.203     2.490     1.067     0.496     2.637     4.543
     9.75    49.75    2070     7.289    16.208    22.192     9.132    10.151     3.829     3.069     3.957     1.354     2.011     6.280     6.701
     9.75    49.75    2071    10.329    15.853    38.974    16.028     2.146     5.370     8.259     5.924     4.177     3.409     7.978     9.440
     9.75    49.75    2072     3.941    19.758    34.317    36.402    19.564     6.551     4.951     2.424     2.235     3.211     4.232    10.464
     9.75    49.75    2073    11.562    18.410    30.298    22.501     5.505     7.592    16.151    12.174     5.250     1.829     2.056     8.008
     9.75    49.75    2074    11.002    18.311    29.122    15.951     6.422     5.273     3.504     4.445     3.697     2.876     7.169     7.205
     9.75    49.75    2075    11.720    16.379    35.637    28.206     4.805     2.883     3.085     3.812     4.326     1.296     3.186     7.590
     9.75    49.75    2076    12.803    19.951    26.959     9.684    10.617     4.793     1.326     2.483     1.987     0.715     6.646    11.015
     9.75    49.75    2077    13.743    17.182    25.292     6.786     5.513     4.530     7.016     5.652     3.411     4.532    18.759     7.299
     9.75    49.75    2078     9.760    16.846    22.952     3.161     1.682     1.091     0.735     0.740     0.814     1.658     9.109     8.401
     9.75    49.75    2079    11.351    18.769    30.060    19.139     5.523     4.513    12.788     4.211     3.474     2.808     5.710     5.382
     9.75    49.75    2080     0.000    15.818    31.740    18.230    17.127    19.991    19.569    13.527     7.768     3.454     4.990     7.073
     9.75    49.75    2081     6.316    13.175    19.781     3.811     1.943     4.318     6.553     3.946     2.729     2.978     9.024     8.233
     9.75    49.75    2082    10.761    20.916    15.630     3.151     4.367     2.841     1.994     1.098     0.787     1.384     5.750     3.038
     9.75    49.75    2083    10.302    16.738    30.683    28.354     7.969     3.146     1.258     3.116     1.778     0.435     0.878     5.639
     9.75    49.75    2084    10.863    16.738    26.897     8.856     2.495     2.164     1.597     2.538     1.789     1.410     2.709     7.070
     9.75    49.75    2085     5.003    21.834    27.421    17.394     3.737     4.910     3.503     3.473     1.554     0.670     2.701     5.211
     9.75    49.75    2086    10.879    17.023    17.549     4.532     5.673     2.706     2.647     1.874     1.506     1.349     2.694     7.846
     9.75    49.75    2087    13.376    15.083    15.592     3.131     2.185     1.263     0.794     1.119     0.830     0.954     2.160     7.684
     9.75    49.75    2088    12.839    16.305    21.010    11.777     5.788     1.970     1.019     4.217     2.891     1.008     3.836     6.775
     9.75    49.75    2089    12.939    22.712     9.140     1.536     1.501     3.545     2.454     3.831     2.332     2.114     4.704     6.174
     9.75    49.75    2090     8.219    21.238    22.826     3.139     0.865     0.618     1.056     1.110     1.376     4.138    16.995     8.437
     9.75    49.75    2091     3.967     0.000    34.061    32.197    13.538    12.395     5.262    10.876     5.205     3.689     5.041     6.817
     9.75    49.75    2092    10.563    17.907    20.937    13.125     7.093     7.257     6.936     3.664     6.655     3.419     2.682     0.952
     9.75    49.75    2093     4.558    19.484    27.679     5.783     0.552     0.914     2.145     2.420     1.382     0.712     1.078     1.416
     9.75    49.75    2094    10.136    16.127    19.769    11.308     3.953     2.750     2.022     2.619     1.301     0.540     4.439     1.663
     9.75    49.75    2095     0.000    12.420    18.692     2.219     3.855     5.781     1.802     1.087     0.700     1.422     4.907     7.463
     9.75    49.75    2096    12.546    19.758    19.747     1.976     1.101     4.144     2.726     1.455     1.176     3.257    12.065    10.049
     9.75    49.75    2097    10.153    21.295    29.371    13.081     1.337     1.496     0.945     1.294     0.793     0.479     1.112     8.336
     9.75    49.75    2098    10.570    19.786    36.209    12.406     1.116     0.396     2.074     4.315     2.486     0.792     4.909     8.329
     9.75    49.75    2099    12.773    21.228    14.456     1.377     3.912     1.610     1.060     1.253     1.406     3.704     9.841     7.839
     9.75    49.75    2100    13.737    22.533    34.332    28.031     6.080     1.705     0.795     1.229     1.111     1.105     2.481     7.808
     9.75    49.75    2101    10.778    15.765    32.502     8.686     0.891     3.937     2.426     2.149     2.029     1.195     5.980     7.666
     9.75    49.75    2102     9.979    20.800    32.748    31.181     5.878     1.542     1.434     1.152     1.193     0.967     3.313     8.493
     9.75    49.75    2103    12.177    19.336    35.464    16.719     3.463     2.481     6.444     5.710     3.826     1.115     2.445     8.023
     9.75    49.75    2104    10.370    19.245    23.013     6.462     3.032     2.521     1.929     3.469     1.161     1.471    12.885     7.571
     9.75    49.75    2105    12.946    18.202    35.949    16.293     2.593     1.369     1.677     2.744     1.693     0.687     2.988     7.588
     9.75    49.75    2106    12.984    19.625    28.914     6.165     5.919     3.668     0.868     1.869     0.670     0.601     6.906    11.433
     9.75    49.75    2107    14.201    17.678    29.532     5.269     3.303     2.784     4.704     3.209     3.405     1.748    16.311     7.482
     9.75    49.75    2108    11.560    18.108    25.283     1.756     1.329     0.864     0.664     0.725     0.752     1.666     8.058     8.470
     9.75    49.75    2109    12.407    22.482    32.560    17.932     3.922     4.028     7.623     3.805     1.918     2.213     4.714     5.208
     9.75    49.75    2110    13.152    17.720    31.220    15.828    14.644    20.711    12.173    13.387     5.551     2.345     5.240     6.370
     9.75    49.75    2111    12.979    15.446    14.314     2.776     2.338     4.653     5.289     3.581     2.368     3.234    10.269     7.826
     9.75    49.75    2112    11.344    22.746    19.095     4.085     4.239     2.417     2.266     1.386     0.995     2.186     7.957     3.856
     9.75    49.75    2113    11.787    17.544    33.705    23.338     4.995     3.761     1.292     2.206     2.567     0.408     1.171     5.321
     9.75    49.75    2114    11.791    18.719    33.245     9.992     1.293     1.327     0.897     1.159     1.076     0.669     2.249     7.146
     9.75    49.75    2115     3.618    21.631    24.656    15.207     3.056     2.409     1.664     1.631     0.522     0.245     3.017     6.914
     9.75    49.75    2116    11.516    14.240    17.716     4.239     3.833     1.614     2.074     0.643     0.868     0.574     3.364     7.181
     9.75    49.75    2117    11.261    13.837    16.415     8.487     1.310     0.806     0.814     0.845     0.829     0.546     2.014     8.497
     9.75    49.75    2118    14.495    18.778    19.874     8.454     4.621     2.123     1.220     4.305     1.612     0.704     3.257     6.559
     9.75    49.75    2119    12.797    21.329     7.949     1.199     1.518     2.240     2.377     3.103     1.587     2.004     5.384     5.141
     9.75    49.75    2120    10.169    22.089    23.092     2.023     0.717     0.588     0.984     1.160     0.784     4.291    13.723    10.465
     9.75    49.75    2121     4.601     0.000    37.082    31.506    15.980    12.053     7.234     9.323     9.315     4.644     5.416     8.553
     9.75    49.75    2122    11.125    19.459    24.178    13.781     8.230     7.704     8.237     4.816     5.750     3.593     3.246     1.192
     9.75    49.75    2123     9.909    20.677    26.782     4.170     0.590     1.225     2.018     1.830     0.900     0.614     1.203     5.793
     9.75    49.75    2124    13.266    16.999    19.516    10.124     3.645     3.294     1.841     2.350     1.128     0.481     3.883     3.350
     9.75    49.75    2125     3.121    16.669    14.758     2.265     3.223     4.137     2.138     0.931     0.794     1.683     7.945     7.242
     9.75    49.75    2126    12.136    19.498    20.790     2.020     0.940     3.668     3.207     1.056     0.802     3.552    11.636     9.846
     9.75    49.75    2127    10.111    21.126    29.072     7.740     1.560     1.397     1.203     1.264     0.694     0.467     1.770     7.553
     9.75    49.75    2128    10.997    18.304    36.158    15.075     1.171     0.441     2.599     3.301     3.278     0.965     5.658     8.307
     9.75    49.75    2129     9.776    22.076    12.998     1.422     1.962     1.873     0.794     0.836     1.076     4.574    12.052     8.185
     9.75    49.75    2130    13.012    18.952    30.041    27.573     4.509     1.235     0.589     0.861     0.722     0.491     2.317     8.761
    13.75    55.75    1980     1.947     0.000    27.413    29.877     6.527     1.940     1.230     0.558     7.158     9.754     2.954     2.761
    13.75    55.75    1981     4.985    14.329    23.935    20.134     6.210     2.594     2.176     0.484     1.042     2.908     4.110     3.160
    13.75    55.75    1982     0.756     9.305    22.392    26.823    14.821     7.608     0.790     0.913     1.850     6.304     2.498     1.058
    13.75    55.75    1983     0.000     6.649    28.457    21.119     6.530     5.733     2.589     0.523     0.484     1.729     2.996     2.948
    13.75    55.75    1984     4.738    10.743    23.515    27.890    24.799     8.182    15.922    21.802     8.168     4.700     3.180     0.991
    13.75    55.75    1985     0.000     0.000     0.000    27.223    30.221    14.952    19.705    23.958    10.541     7.286     4.268     1.039
    13.75    55.75    1986     0.000     0.000     0.000     5.831    30.988     4.974     1.384    10.446    14.484     8.337     4.017     2.867
    13.75    55.75    1987     0.625     0.000     0.000    25.750    11.492    14.182    11.074     1.183    14.751     8.635     3.096     2.611
    13.75    55.75    1988     4.619    11.083    25.266    17.563     6.760     1.672     1.103     1.515     2.167     2.264     1.797     2.589
    13.75    55.75    1989     0.589     0.000     8.130    34.893    18.872     2.618     4.401     2.843     2.197     5.466     3.263     1.444
    13.75    55.75    1990     3.399     3.727     3.298    41.425    19.010    26.802     5.216     8.205    11.729     4.844     2.359     1.552
    13.75    55.75    1991     0.000     0.000    31.725    23.181     9.199     0.681     3.899    22.963    14.854     9.096     1.597     1.549
    13.75    55.75    1992     4.369     1.112    21.435    30.106    23.630    17.407     6.204     0.581     1.020     1.128     3.563     1.356
    13.75    55.75    1993     0.000     0.000     4.021    30.432    11.231     4.776    27.103    16.490     6.999     4.841     4.221     0.000
    13.75    55.75    1994     0.000     0.000    19.030    24.536     8.727    12.972    15.639    21.737     9.619     8.616     3.019     2.565
    13.75    55.75    1995     1.357     0.000    14.914    28.336    14.651    10.127     2.971     0.845     1.309     3.595     3.074     2.930
    13.75    55.75    1996     4.222    11.807    25.814    30.911    12.897     2.433     1.258     4.811     4.444     7.026     3.557     2.643
    13.75    55.75    1997     1.524     0.000     0.000    38.486    10.161     5.127    12.459     6.853    12.743     6.279     2.878     1.976
    13.75    55.75    1998     5.166    10.827    20.100    17.050     5.951    14.154     4.332     0.896     4.456     2.857     1.912     2.460
    13.75    55.75    1999     1.638     5.201    25.359    28.603    12.759     2.665     1.430     2.095    10.181    10.768     5.060     3.270
    13.75    55.75    2000     4.582    10.840    24.035    15.440     1.913     1.792     0.957     0.494     6.063     5.515     4.656     2.914
    13.75    55.75    2001     1.376     0.000     0.000    25.503    21.234    15.468    20.276    29.767    19.185     8.299     5.354     2.798
    13.75    55.75    2002     0.955     0.000    28.243    29.473    28.238     1.030     1.167     5.772    16.068     8.586     3.394     2.292
    13.75    55.75    2003     1.781     0.000     3.678    36.352    19.461     3.253    12.078    11.532     8.823    10.622     3.726     2.813
    13.75    55.75    2004     4.224     9.397    22.163    28.105    15.041    14.820    40.925    11.322     3.760     1.841     3.110     2.680
    13.75    55.75    2005     5.153     4.412    28.710    15.957     6.231    19.964     2.074     0.730     1.516     4.396     3.597     1.623
    13.75    55.75    2006     0.000     0.000    22.174    18.414     1.589     0.760     0.409     1.075     7.920     9.652     4.397     2.589
    13.75    55.75    2007     0.609     0.000    13.520    34.761    22.378     5.067     2.217     8.551    10.919     8.006     3.809     2.781
    13.75    55.75    2008     4.876    10.539    25.622    21.070     7.094     0.560     1.969     0.650     1.730     3.577     2.394     2.750
    13.75    55.75    2009     5.508    11.122    24.988    18.274     5.018     0.840     5.820     1.099     2.564     3.527     3.557     2.824
    13.75    55.75    2010     0.594     0.000    27.972    17.570    12.132     7.880    13.156    13.297     7.730     5.176     1.424     2.448
    13.75    55.75    2011     1.575     6.692    25.224    14.122     7.278     2.523    11.790     2.854     0.906     1.263     2.944     2.853
    13.75    55.75    2012     1.021    10.336    21.670    26.212    15.521     1.905     0.541     0.962     6.200     6.058     4.821     3.027
    13.75    55.75    2013     1.244     0.000    20.449    30.142    14.426     1.894    11.651    17.215     6.643     1.881     2.438     2.539
    13.75    55.75    2014     0.572     0.000     4.591    28.349     9.418     6.017     0.178     1.168     3.045     2.014     2.570     2.818
    13.75    55.75    2015     4.670    10.670    24.859    23.062     4.573     0.330     2.216     0.356     0.344     0.132     1.600     2.651
    13.75    55.75    2016     4.520    12.153    24.131    27.713    19.980     1.052     0.117     3.354     3.284     5.450     1.587     2.229
    13.75    55.75    2017     4.455    10.831    24.856    21.398    22.927     7.331     2.734     2.863     1.410     7.124     2.886     1.053
    13.75    55.75    2018     0.000     5.694    23.007    16.929     5.021    15.175     1.337     0.628     0.230     2.607     3.667     2.915
    13.75    55.75    2019     4.574    11.362    26.549    22.430     3.028     0.173     3.145     0.114     5.914     6.214     4.939     2.969
    13.75    55.75    2020     5.043    10.909    23.175    17.656     7.709     6.932     2.196     2.420     6.396     4.136     4.071     1.189
    13.75    55.75    2021     0.000     0.000     0.000    28.073    12.286     4.244     1.103     0.194     0.241     0.291     1.222     0.757
    13.75    55.75    2022     0.000     0.000    26.547    16.747     3.303    42.434    18.001     0.449     0.286     2.777     2.298     2.516
    13.75    55.75    2023     1.367    12.227    20.011    31.737    43.980    26.652    23.381    15.482    13.350     2.661     1.896     2.707
    13.75    55.75    2024     0.611     7.871    21.892    21.718     5.045     1.541     1.756     7.428     2.027     3.817     2.854     2.982
    13.75    55.75    2025     5.061    10.391    27.912    26.974     6.670     2.364     2.118     1.728     6.680     7.088     3.856     1.832
    13.75    55.75    2026     0.311     5.664    24.163    26.041    20.530     3.870     1.025     4.342     5.637     6.991     3.624     2.726
    13.75    55.75    2027     2.147    10.508    25.476    20.606     4.844     0.308    27.935    38.418    13.438     5.646     3.345     1.434
    13.75    55.75    2028     0.000     0.000    18.199    25.686    20.534     7.952    29.337    13.710     2.592     3.277     2.093     1.611
    13.75    55.75    2029     0.000     0.000    14.283    40.342     9.838     0.225     0.516     8.208    11.712     7.084     2.450     2.501
    13.75    55.75    2030     1.077     0.000    23.907    34.784    15.749    26.885    16.836     1.554     0.150     2.200     3.593     3.226
    13.75    55.75    2031     4.905    13.655    24.362    11.874     2.750     0.517     2.976     9.103     5.108     3.554     6.059     3.363
    13.75    55.75    2032     4.797    11.307    26.359    13.734     6.189     0.954     0.171     0.215     2.873     5.623     4.656     2.901
    13.75    55.75    2033     4.458    10.960    25.637    12.920     2.335    17.716    34.002     3.480     4.746     3.904     3.621     2.945
    13.75    55.75    2034     2.405     0.000     0.000    33.284     5.131    34.609    10.303     7.616    11.068     5.923     3.551     2.047
    13.75    55.75    2035     3.836    10.683    21.233    24.774     7.448     6.893    32.726    10.964     1.548     0.588     2.249     2.693
    13.75    55.75    2036     4.739     9.745    25.685    30.358     3.948     3.844     1.178     5.067     8.753    10.530     3.999     3.147
    13.75    55.75    2037     4.498     9.262    24.172    19.605     4.161    10.849    20.467     5.366     1.849     4.349     3.929     3.088
    13.75    55.75    2038     4.679    11.554    26.212    22.278    10.609    18.952    44.962    10.442     1.857     1.849     2.079     1.372
    13.75    55.75    2039     4.474    12.501    20.381    27.793     7.151     6.658     2.102     4.527     4.101     5.283     2.671     2.919
    13.75    55.75    2040     4.847    10.342    24.150    10.114     3.113     1.140     4.906     2.193     8.062     8.031     4.286     1.892
    13.75    55.75    2041     5.120    10.720    20.123    12.377     2.040     0.557     2.219     3.316    15.799     9.705     4.900     1.940
    13.75    55.75    2042     4.925     8.928    26.563    21.917     5.725    21.392    22.235    14.505    14.258     7.182     3.697     1.699
    13.75    55.75    2043     0.000     0.000    12.399    29.190     5.765     1.189     0.221     1.629     2.827     2.960     2.061     2.699
    13.75    55.75    2044     4.940    10.639    20.870    12.459     4.859    23.166    36.254    25.888    13.548     7.406     3.075     3.339
    13.75    55.75    2045     1.562     0.880    26.706    25.416    15.309     6.948     0.495     0.492     0.278     1.490     2.686     2.449
    13.75    55.75    2046     4.296    14.260    21.934    24.814    27.904     3.002    15.791    12.889     0.596     3.582     3.188     2.912
    13.75    55.75    2047     4.812     0.000     0.000    38.866    19.581     9.399     2.044     0.372     3.851     3.312     2.730     2.712
    13.75    55.75    2048     1.402     5.266    24.954    20.670     9.360     7.188     7.201     1.209     0.582     2.502     4.041     2.995
    13.75    55.75    2049     0.944     6.644    24.025    20.264     9.527     4.637    37.302    23.528     6.769     4.631     2.476     2.932
    13.75    55.75    2050     1.757     7.929    21.506    34.113    20.085    10.065     2.817     2.911     4.198     7.845     3.855     3.031
    13.75    55.75    2051     4.564    11.163    26.438    23.193    16.424    19.385     5.495     3.287     6.072     3.655     3.592     3.192
    13.75    55.75    2052     0.182     0.000    23.088    33.827    22.159     5.740     1.684     2.750     2.844     7.328     3.379     2.933
    13.75    55.75    2053     0.348     0.000    11.200    30.400     5.889     8.166     1.982     4.403     8.755     5.541     4.359     2.749
    13.75    55.75    2054     0.818     0.000    11.384    26.881    10.575     4.799    20.073    10.594     3.694     3.246     3.280     3.039
    13.75    55.75    2055     4.850    12.161    25.077     5.398     1.032     8.310     1.533     1.705     6.462     5.361     4.782     3.267
    13.75    55.75    2056     5.455    11.333    27.208    17.759    12.270     6.940     1.352    15.188    15.991     9.402     5.912     3.098
    13.75    55.75    2057     4.915    12.134    23.429    26.119     5.879     0.556     0.525    19.875    14.090     7.074     2.957     2.375
    13.75    55.75    2058     4.274    12.649    23.735    18.722     6.959     7.824     3.551    15.553     5.739     2.939     2.917     2.651
    13.75    55.75    2059     1.920    10.503    26.623    17.002    15.107    12.855    24.613    11.365    12.660     5.599     4.174     3.070
    13.75    55.75    2060     4.641    13.202    23.992    17.398     1.513     0.437    31.004    19.085     1.039     2.478     3.288     3.115
    13.75    55.75    2061     0.619    11.740    26.071    29.580    11.497     1.602     7.073    24.700     7.881     3.770     2.851     3.366
    13.75    55.75    2062     5.181    12.576    26.135    27.689    28.038    12.580     2.837     2.998     3.617     5.612     2.983     2.911
    13.75    55.75    2063     5.049    11.768    25.351    27.849     9.990     7.730     0.970     6.253     9.926     6.066     2.975     2.105
    13.75    55.75    2064     4.500    11.117    27.060    16.942     2.028     3.196    14.632    13.407    12.460     6.554     1.757     3.017
    13.75    55.75    2065     1.078     8.765    25.027    27.529     5.819     0.794     2.332    15.689     8.792     2.831     3.405     2.883
    13.75    55.75    2066     5.686    12.204    29.472    20.206     6.353     2.007     1.742     1.028     6.020     8.719     2.870     3.751
    13.75    55.75    2067     5.032     9.300    28.990     8.594     7.900    10.204     1.788     1.749     0.850     1.374     3.689     2.992
    13.75    55.75    2068     1.788     0.000    31.668    16.552     0.961     0.286     4.309     6.405     3.878     0.858     2.549     2.867
    13.75    55.75    2069     6.623    14.505    29.476    26.121    18.710    22.664    18.069     6.163     1.363     1.736     3.349     3.417
    13.75    55.75    2070     4.742    10.535    25.259    15.828     7.527    15.400     5.839     1.736     9.135     6.066     2.837     3.078
    13.75    55.75    2071     4.723    10.080    24.084    17.745     3.610     4.520     9.551     3.928     7.106     4.766     3.357     3.307
    13.75    55.75    2072     4.778    10.710    27.974    35.074    19.096    18.556    25.613    16.572     6.699     4.907     3.134     3.552
    13.75    55.75    2073     5.427    11.065    23.569    18.904     3.761     0.948     2.614     1.766     4.723     4.610     2.328     3.433
    13.75    55.75    2074     5.109    12.745    25.690    28.794     7.282     4.255     7.180    12.841    10.041     5.727     2.571     3.132
    13.75    55.75    2075     4.493     9.590    28.056    35.044     8.187     7.341    25.420     9.111     2.052     2.391     1.753     3.077
    13.75    55.75    2076     5.431    12.081    24.803    25.820     3.385     0.449     2.991     6.510     2.137     3.291     3.712     3.452
    13.75    55.75    2077     6.677    12.078    28.638    16.559     6.201     3.734     0.803     0.611     5.399     6.108     2.988     3.295
    13.75    55.75    2078     5.277    12.970    30.586    12.488     4.102     4.162    17.835    10.059     4.119     3.198     3.030     3.345
    13.75    55.75    2079     5.230    12.942    29.858    13.065     1.303     1.069    22.654    11.577     6.721     2.896     4.378     2.872
    13.75    55.75    2080     5.133    12.152    27.745    16.852     5.985     5.023     1.608     2.411     4.373     3.165     3.001     2.834
    13.75    55.75    2081     7.038     8.296    23.435    12.882    10.833     3.052     1.363     0.433     1.496     1.781     2.702     3.316
    13.75    55.75    2082     5.561    12.324    28.335    24.124     9.618    11.821     6.326     7.661     3.955     3.387     5.252     1.590
    13.75    55.75    2083     5.910    12.821    26.995    37.061    11.050     2.282     1.558     2.239     1.374     1.513     1.136     3.553
    13.75    55.75    2084     5.154    11.944    30.496    11.803     9.300    13.587     4.976     1.572     0.709     1.401     5.900     3.359
    13.75    55.75    2085     4.826    13.170    24.824    30.187    12.833     2.873     2.620     7.158     5.249     1.929     1.961     2.478
    13.75    55.75    2086     6.181    11.960    22.581    14.843     4.344     5.274     2.068     4.638     4.305     1.943     2.727     3.427
    13.75    55.75    2087     6.237    13.418    22.802    15.093     9.418     6.002     1.491     1.324     0.694     1.484     2.375     3.556
    13.75    55.75    2088     6.852    13.139    23.022    14.601     5.267     4.210     1.132     0.979     1.883     3.659     4.759     3.215
    13.75    55.75    2089     5.421    15.447    16.740     4.695     2.271     1.361     0.678     1.990     4.057     3.196     5.070     3.542
    13.75    55.75    2090     3.172    13.291    26.753     5.960     2.696     1.246     2.543     3.304     3.217     3.264     7.802     3.751
    13.75    55.75    2091     5.412    12.315    23.475    23.908     4.264     7.664     5.404     4.014     2.074     2.506     1.320     3.664
    13.75    55.75    2092     5.093    12.795    25.239    15.305     2.295     1.355     0.639     0.854     1.901     2.823     3.550     2.978
    13.75    55.75    2093     5.027    12.279    26.554    18.648     2.106     3.188     2.219     1.153     0.818     0.672     2.012     3.271
    13.75    55.75    2094     4.134    11.204    25.969    17.954     9.321     0.679     7.402     4.635     1.242     0.824     1.962     2.261
    13.75    55.75    2095     2.612     8.784    28.268    16.137     2.257     2.413     3.938     2.669     2.250     0.832     1.882     3.260
    13.75    55.75    2096     6.032    13.183    27.464     7.867     2.245     1.401     0.546     5.339     3.142     2.939     8.451     3.706
    13.75    55.75    2097     5.192    11.785    27.513    18.408     1.947     2.014     1.389     8.645     4.563     1.942     1.232     3.322
    13.75    55.75    2098     1.368     6.208    32.569    31.145     2.899     0.371     1.208     0.678     0.325     0.747     1.643     3.392
    13.75    55.75    2099     1.971    12.721    31.340    15.242     5.585     8.314     2.032     1.244     1.590     1.858     8.093     3.713
    13.75    55.75    2100     6.084    13.260    29.784    20.685     2.345     3.736     3.271     1.291     0.725     0.675     1.302     2.964
    13.75    55.75    2101     5.269    11.369    27.003    12.968     0.959     2.853     1.368     0.785     2.462     1.416     3.158     3.775
    13.75    55.75    2102     5.537    12.188    33.808    42.422    15.024     6.675     8.305     4.673     3.094     2.137     0.842     3.178
    13.75    55.75    2103     6.315    13.545    28.100    18.688     1.898     0.674     1.843     1.892     2.386     1.451     2.217     3.995
    13.75    55.75    2104     5.674    15.408    29.426    19.713     3.683     1.186     3.985     4.496     2.620     1.501     2.317     3.724
    13.75    55.75    2105     5.221    10.915    26.049    26.758     4.287     2.520     4.827     1.024     0.476     0.615     1.542     3.564
    13.75    55.75    2106     6.301    13.400    28.185    11.233     1.950     0.498     1.209     1.786     1.792     1.643     4.419     4.242
    13.75    55.75    2107     7.477    12.809    28.499    14.929     2.172     2.174     0.679     0.368     1.885     1.757     2.331     4.021
    13.75    55.75    2108     5.961    13.961    36.235    11.697     0.980     2.000     3.548     3.039     1.096     1.079     3.154     3.916
    13.75    55.75    2109     5.966    14.581    26.300     5.982     1.062     0.951     5.436     3.567     1.792     1.995     4.390     3.391
    13.75    55.75    2110     5.907    13.159    26.241    12.413     2.493     3.071     2.116     1.734     2.079     1.630     2.790     3.380
    13.75    55.75    2111     7.672    11.352    25.239    11.939     3.456     2.267     0.603     0.222     0.780     0.807     2.911     3.680
    13.75    55.75    2112     6.173    13.738    32.940    11.731     3.117     3.548     3.606     2.690     1.606     1.008     7.356     3.687
    13.75    55.75    2113     6.641    14.662    29.277    34.437     4.996     1.676     1.352     1.360     0.762     0.485     1.347     4.041
    13.75    55.75    2114     5.690    12.285    31.898    11.324     2.682     4.272     2.091     0.796     0.425     0.619     7.148     3.732
    13.75    55.75    2115     5.332    14.554    28.886    21.124     3.141     2.253     0.783     1.860     1.991     0.603     1.956     2.814
    13.75    55.75    2116     6.802    12.611    24.655    10.408     2.240     1.825     1.261     2.038     1.256     0.651     2.586     4.138
    13.75    55.75    2117     6.928    13.860    24.360    15.839     8.918     2.590     1.056     0.712     0.371     0.647     1.398     3.175
    13.75    55.75    2118     7.545    15.088    26.420    11.565     2.825     2.523     0.726     0.706     1.252     1.222     5.758     3.634
    13.75    55.75    2119     5.806    16.415    15.672     2.878     1.030     0.627     0.442     0.858     1.610     2.434     7.549     4.072
    13.75    55.75    2120     5.602    13.909    28.524     6.715     1.184     0.918     0.949     1.684     1.667     1.374    10.582     4.299
    13.75    55.75    2121     6.032    16.043    24.568    23.494     2.448     2.460     3.044     1.885     1.226     0.985     1.031     4.140
    13.75    55.75    2122     5.544    14.000    27.749    13.090     2.018     1.038     0.728     0.688     1.614     1.330     4.834     3.979
    13.75    55.75    2123     5.559    13.230    28.343    18.886     1.103     2.981     1.544     0.800     0.872     0.530     1.640     3.775
    13.75    55.75    2124     5.037    11.208    25.485    29.066     3.154     0.632     2.239     3.433     1.476     0.429     2.233     3.676
    13.75    55.75    2125     5.556    12.135    28.441    17.314     1.275     1.314     2.303     1.862     1.039     0.402     1.886     3.713
    13.75    55.75    2126     6.302    14.141    30.135     5.213     1.544     0.655     0.332     2.985     1.745     1.337    10.075     3.895
    13.75    55.75    2127     5.519    12.712    28.884    15.189     1.350     1.152     0.814     3.130     1.356     1.179     0.758     3.783
    13.75    55.75    2128     1.548     7.547    33.557    33.406     2.231     0.414     0.990     0.478     0.382     0.529     1.949     3.630
    13.75    55.75    2129     6.012    12.932    27.253    11.046     3.134     3.587     1.825     0.802     0.884     1.231    10.529     3.905
    13.75    55.75    2130     6.435    14.630    29.965    17.519     1.466     1.825     1.199     1.573     0.622     0.313     1.440     3.968
    23.75    61.75    1980     0.000     0.000     0.000     0.000    19.640    14.749    10.741     4.510     8.030     4.664     1.110     0.000
    23.75    61.75    1981     0.000     0.000     5.046    18.420    16.069     5.767     4.939     9.534     7.524     4.427     0.486     0.000
    23.75    61.75    1982     0.000     0.000     0.000     0.000    15.112    18.804     2.499     2.864     6.669     5.269     1.141     0.000
    23.75    61.75    1983     0.000     0.000     0.000     5.808    16.474     4.132     2.837     1.005     0.626     1.615     0.000     0.000
    23.75    61.75    1984     0.000     0.000     0.000     0.000    17.303     9.054    32.930    28.547    15.718     5.395     0.886     0.000
    23.75    61.75    1985     0.000     0.000     0.000     0.000    22.697    18.496    16.362    20.291     8.533     4.352     0.148     0.000
    23.75    61.75    1986     0.000     0.000     0.000     0.000    18.798    13.135    12.626     4.261     5.536     2.865     0.348     0.000
    23.75    61.75    1987     0.000     0.000     0.000     0.000    21.247    18.387    26.250     7.865     5.936     5.116     0.346     0.000
    23.75    61.75    1988     0.000     0.000     0.000    12.856    14.069    12.819     4.898    12.327    15.704     5.852     0.851     0.000
    23.75    61.75    1989     0.000     0.000     0.000     0.000    18.695     3.292     8.363     2.773     5.786     4.202     0.306     0.000
    23.75    61.75    1990     0.000     0.000     0.000     0.000    22.692    12.301    10.280    23.278    11.301     7.801     0.886     0.000
    23.75    61.75    1991     0.000     0.000     0.000     0.000    25.402    13.865     3.739     3.290     7.297     5.781     0.495     0.000
    23.75    61.75    1992     0.000     0.000     0.000     4.178    21.611     8.489    25.271    23.804    11.105     3.405     0.000     0.000
    23.75    61.75    1993     0.000     0.000     0.000     9.677    14.120     1.360     9.467    13.391     9.370     5.876     0.664     0.000
    23.75    61.75    1994     0.000     0.000     0.000     5.725    23.804    16.235     4.446    16.310    11.639     5.141     0.900     0.000
    23.75    61.75    1995     0.000     0.000     0.000     0.000    22.882    13.350    20.112     9.148     4.427     3.733     1.121     0.000
    23.75    61.75    1996     0.000     0.000     0.000     0.000    22.559     2.382     2.237    23.649     8.237     3.332     0.662     0.000
    23.75    61.75    1997     0.000     0.000     0.000     0.000    25.846     6.456     7.640    16.601    13.653     4.490     0.989     0.000
    23.75    61.75    1998     0.563     0.036     0.000     3.313    26.698    14.535    13.675    12.587     8.108     4.725     0.819     0.000
    23.75    61.75    1999     0.000     0.000     0.000    17.067    19.794    11.789    17.281    20.092    10.431     4.349     1.006     0.000
    23.75    61.75    2000     0.000     0.000     0.000    12.439    12.732     4.318    12.523    17.396     7.838     3.066     0.891     0.000
    23.75    61.75    2001     0.000     0.000     0.000    10.284    18.144     1.830     1.223    26.467     8.970     2.011     0.000     0.000
    23.75    61.75    2002     0.000     0.000     0.000     0.000    17.586    25.505    10.515     9.505    10.264     2.964     0.657     0.000
    23.75    61.75    2003     0.000     0.000     0.000     0.000    19.779    10.524     3.100     3.193     6.572     5.897     0.656     0.000
    23.75    61.75    2004     0.000     0.000     0.000     6.562    16.528     8.145    23.963    26.925    10.272     6.109     0.976     0.000
    23.75    61.75    2005     0.000     0.000     0.000    22.496    13.761    23.143    18.698    16.042     6.337     4.128     0.269     0.000
    23.75    61.75    2006     0.000     0.000     4.962    16.457     5.531     0.745     0.384     9.165    14.232     5.077     0.806     0.000
    23.75    61.75    2007     0.000     0.000     0.000     4.940    27.004    10.382    17.873    21.232    12.714     6.077     1.034     0.000
    23.75    61.75    2008     0.000     0.000     0.000     1.344    26.460     2.425     6.272     6.079     5.250     4.802     0.899     0.000
    23.75    61.75    2009     0.000     0.000     0.000    20.211     9.024     1.479     0.420    10.149     7.950     3.915     0.770     0.000
    23.75    61.75    2010     0.000     0.000     4.002    19.182    10.827     7.793    11.889    24.864    13.534     7.804     0.906     0.000
    23.75    61.75    2011     0.000     0.000     0.000     1.088    27.286     1.562     2.065    17.786    15.272     4.678     0.735     0.000
    23.75    61.75    2012     0.000     0.000     0.000     0.000    24.310    10.575    10.317    19.166    13.412     5.401     0.812     0.000
    23.75    61.75    2013     0.000     0.000     0.000     4.203    24.532    19.453     5.094    19.840    15.082     3.217     0.790     0.000
    23.75    61.75    2014     0.000     0.000     0.000    16.835    13.551     4.517    27.847    10.015     2.779     3.858     0.663     0.000
    23.75    61.75    2015     0.000     0.000     0.000     5.753    21.036     2.906     8.894     3.547     9.054     4.727     0.674     0.000
    23.75    61.75    2016     0.000     0.000     0.000     0.000    24.650    12.003     6.698     6.485     7.575     5.694     0.611     0.000
    23.75    61.75    2017     0.000     0.000     0.000     0.000    23.243    17.976    18.360    13.331     5.810     5.997     0.810     0.000
    23.75    61.75    2018     0.000     0.000     0.000    19.979    11.525    15.740    25.591    23.428    15.120     4.925     0.947     0.000
    23.75    61.75    2019     0.000     0.000     0.000    20.884     9.394     1.705     1.317     4.854    10.037     6.583     1.335     0.000
    23.75    61.75    2020     0.000     0.000     0.000    18.821    13.689     7.215     3.136    15.770    14.933     6.143     0.727     0.000
    23.75    61.75    2021     0.000     0.000     0.000    15.843     9.427     3.615     8.972    12.800    11.603     5.284     1.105     0.000
    23.75    61.75    2022     0.000     0.000    10.809    19.212     9.724    21.642    11.295    11.762     4.937     4.334     1.031     0.080
    23.75    61.75    2023     0.000     0.000     0.000     0.000    21.577    11.476    27.585    21.664     9.089     3.754     0.131     0.000
    23.75    61.75    2024     0.000     0.000     0.000     0.000    22.567     9.384     6.569    16.987     9.473     1.998     0.879     0.001
    23.75    61.75    2025     0.464     0.277    10.213    16.086    10.243     3.381     3.566    11.799    11.134     5.743     1.179     0.000
    23.75    61.75    2026     0.000     0.000    11.281    16.290    10.154     1.317     0.795     0.755     4.645     5.381     1.042     1.286
    23.75    61.75    2027     0.000     0.000     0.000    19.345    15.645     1.793    12.591    28.568    16.710     4.127     0.632     0.000
    23.75    61.75    2028     0.000     0.000     0.000     0.000    19.408     5.671    14.393    13.926    10.809     4.755     0.916     0.002
    23.75    61.75    2029     0.000     0.000     0.000    10.523    14.352     4.041    11.468    22.688    12.541     5.058     0.769     0.000
    23.75    61.75    2030     0.241     0.000     9.784    17.080    10.235     9.440     3.380     0.350     2.911     3.845     0.751     0.000
    23.75    61.75    2031     0.000     0.000    11.914    14.365     6.127     2.694    11.335    16.118     5.251     4.412     0.816     0.000
    23.75    61.75    2032     0.000     3.497    16.299    16.042     7.516     3.421     7.921    13.415     7.786     3.493     0.551     0.000
    23.75    61.75    2033     0.000     0.000     7.377    19.881     9.818    17.971    29.219     9.573     7.227     3.719     0.654     0.000
    23.75    61.75    2034     0.000     0.000     0.000     0.000    21.876     5.011    12.972    19.969    13.062     3.771     0.662     0.000
    23.75    61.75    2035     0.000     0.000     0.000    17.960    11.240     8.061    23.062    12.046    10.325     5.582     0.730     0.003
    23.75    61.75    2036     0.000     0.000     0.000     2.068    23.897     1.442     3.317     2.697     4.617     2.647     0.882     0.000
    23.75    61.75    2037     0.000     0.000     0.000    21.400     7.661     5.234     9.612    12.699     6.556     2.311     0.613     0.149
    23.75    61.75    2038     0.360     0.563     0.000     0.000    26.191     2.299     4.556     6.124     8.622     2.380     1.260     0.003
    23.75    61.75    2039     0.000     0.000     0.000    21.816    11.577    11.128     5.113    19.435     7.151     2.263     1.207     0.000
    23.75    61.75    2040     0.000     0.000     4.653    21.948     6.616     5.300    13.331    16.767    10.254     3.345     0.788     0.000
    23.75    61.75    2041     0.000     0.000     0.000    19.790     3.435     1.200     6.494     8.554     5.243     3.112     0.669     0.000
    23.75    61.75    2042     0.454     0.753     0.000     7.242    19.789     5.650    14.660    19.951    10.985     3.129     0.273     0.000
    23.75    61.75    2043     0.000     0.000     0.000     8.013    17.137     8.072     3.399     0.575     4.759     3.615     0.543     0.155
    23.75    61.75    2044     0.618     3.810     7.222    20.782     5.646     4.028     7.014    20.349     9.150     4.783     0.724     0.354
    23.75    61.75    2045     0.013     0.000    10.362    22.360    13.864    19.534    16.333    10.499     6.389     2.233     0.471     0.000
    23.75    61.75    2046     0.000     3.279     2.757    17.551    12.448    13.358    30.461    20.624     5.930     2.430     0.750     0.018
    23.75    61.75    2047     0.069     0.000     0.000    22.465     7.593     2.273     6.188     7.182     4.779     2.459     0.599     0.000
    23.75    61.75    2048     0.000     0.000     0.000    20.516     6.721     9.136     3.983    13.868     8.662     2.500     1.413     0.000
    23.75    61.75    2049     0.000     0.000    11.108    23.832     3.203     1.337     5.365     9.759     7.048     3.375     0.618     0.000
    23.75    61.75    2050     0.000     0.000     0.000     0.001    26.532     7.598     5.080    14.103     9.342     4.714     0.553     0.000
    23.75    61.75    2051     0.000     0.000     5.436    21.562    11.336     3.591     7.936    14.008     9.851     4.310     0.662     0.000
    23.75    61.75    2052     0.000     0.000     0.000    23.706     7.721     6.937    18.396    11.483     6.760     4.221     0.881     0.000
    23.75    61.75    2053     0.000     0.000     3.706    27.262     6.212     6.510     8.309     4.282     3.106     2.228     0.850     0.092
    23.75    61.75    2054     0.000     0.000     0.000    20.305    18.550     6.770    10.139    14.442     7.614     3.205     0.592     0.000
    23.75    61.75    2055     0.000     0.000    18.315    19.231     9.928    13.544     8.455    11.691    10.871     3.780     0.886     0.005
    23.75    61.75    2056     1.157     5.068    17.012    17.885    11.747     8.247    11.290    15.617     4.973     2.681     0.574     0.049
    23.75    61.75    2057     0.000     4.092     7.287    23.198     3.313     2.781     2.385     4.389     3.546     4.052     0.642     0.000
    23.75    61.75    2058     0.000     0.000     3.646    26.176     4.799     3.796     4.635     7.138     2.387     1.497     0.805     0.000
    23.75    61.75    2059     0.000     0.000     1.397    24.249     7.556     4.726    19.715    18.097     8.230     2.298     0.652     0.000
    23.75    61.75    2060     0.000     0.000     0.000    24.099    19.233     4.159    19.880    12.356     6.066     2.723     1.354     0.078
    23.75    61.75    2061     0.000     0.000     3.421    26.243    13.632     2.023     5.720     6.201     5.198     2.863     0.547     0.137
    23.75    61.75    2062     0.000     0.000     0.000    11.326    21.564     4.158     1.352     6.106     5.125     2.466     0.477     0.000
    23.75    61.75    2063     0.360     5.069    12.364    20.766     6.039     2.216     1.015     1.274     0.717     0.687     0.157     0.000
    23.75    61.75    2064     0.000     0.000     0.000    32.127     6.549     0.663     3.103    11.760     6.196     2.631     0.600     0.001
    23.75    61.75    2065     0.000     0.000     0.000    22.827    14.643     2.387     5.217     9.212     4.728     2.581     0.423     0.000
    23.75    61.75    2066     0.871     1.357     0.000    27.560    17.772     2.851     1.583     2.334     3.989     2.152     1.463     0.000
    23.75    61.75    2067     0.000     0.000     4.562    28.514     5.667     6.455     6.749     7.548     6.144     3.449     0.516     0.000
    23.75    61.75    2068     0.000     0.000     0.000    29.856     6.915     3.963    10.604     3.091     0.567     0.707     0.321     0.033
    23.75    61.75    2069     1.138     6.394    14.814    23.888     7.555    10.387    19.284     5.808     3.902     2.023     0.408     0.000
    23.75    61.75    2070     0.000     0.000     0.000    26.967    18.459     1.263     2.807     5.702     3.075     1.555     0.359     0.000
    23.75    61.75    2071     0.000     0.000     0.000    22.353     4.731     1.438     2.480     6.092     2.919     0.992     0.428     0.000
    23.75    61.75    2072     0.000     0.000     0.000     0.000    23.901    11.966     6.399     3.601     4.408     2.283     1.426     0.169
    23.75    61.75    2073     0.950     0.000     0.000    27.782     3.748     3.037     1.591     9.022     4.130     1.584     0.426     0.115
    23.75    61.75    2074     0.021     0.000     0.000    19.640    12.291     1.858     7.319     9.733     4.367     1.906     0.477     0.661
    23.75    61.75    2075     0.502     2.508     0.009    31.772     8.750     1.593     5.753     3.877     1.048     0.878     0.806     0.000
    23.75    61.75    2076     0.000     0.000     5.664    26.425     2.229     3.584     9.145     9.538     4.998     1.925     0.737     0.000
    23.75    61.75    2077     0.000     0.000    13.766    28.073     7.601     0.703     1.978     5.266     4.117     1.395     0.278     0.829
    23.75    61.75    2078     0.000     0.000     0.000    27.857     9.921     2.317    11.346     9.756     5.207     2.120     0.329     0.000
    23.75    61.75    2079     0.000     4.896    20.779    10.243     1.277     4.204     8.559     6.046     3.196     1.645     0.566     0.000
    23.75    61.75    2080     1.080     1.255     1.733    32.297     4.291     5.731     2.478     3.525     3.038     1.465     0.333     0.000
    23.75    61.75    2081     0.750     0.815     6.133    25.420     4.079     3.043     1.648     1.913     1.501     0.699     0.801     0.000
    23.75    61.75    2082     0.000     0.000    21.758    14.272     3.536     2.904     4.642     5.768     2.828     1.331     0.320     0.000
    23.75    61.75    2083     0.000     0.000     0.000     0.000    22.262     4.821     5.646     3.945     3.164     1.487     0.161     0.000
    23.75    61.75    2084     0.000     0.000     0.000    29.612     2.113     3.188     0.904     4.556     1.900     1.098     0.382     0.000
    23.75    61.75    2085     0.000     0.000     0.000    33.142    11.018     3.842     0.963     1.956     3.497     1.415     0.154     0.000
    23.75    61.75    2086     0.826     1.358     2.796    32.945     9.989     2.365     3.086     4.937     1.316     0.599     0.354     0.000
    23.75    61.75    2087     0.763     6.284    20.951    21.051     6.095     1.599     5.811     5.255     1.973     0.767     0.169     0.000
    23.75    61.75    2088     0.000     6.347    22.473    23.732     1.848     1.278     3.509     3.428     2.378     1.044     0.153     0.000
    23.75    61.75    2089     1.065     7.348    22.609    16.360     3.670     2.363     0.617     0.510     0.923     0.751     0.266     0.003
    23.75    61.75    2090     0.000     2.749    22.101     9.517     2.122     1.069     3.022     4.134     1.816     0.688     0.791     0.358
    23.75    61.75    2091     0.000     0.000     0.000    31.848    12.901     1.460     1.379     2.527     1.346     0.741     0.117     0.000
    23.75    61.75    2092     0.000     0.000    11.961    35.955    11.139     2.077     4.247     2.582     2.081     1.056     0.145     0.000
    23.75    61.75    2093     0.000     0.000     0.000    31.205     4.617     1.889     1.910     2.277     0.862     0.658     0.120     0.000
    23.75    61.75    2094     0.000     0.000     0.000    32.599     3.734     1.618     1.286     3.596     1.551     0.739     0.140     0.000
    23.75    61.75    2095     0.000     0.000     0.000    35.250     3.196     0.923     1.014     2.611     1.389     0.822     0.232     0.047
    23.75    61.75    2096     1.103     0.643    20.505    15.467     7.012     2.990     1.938     2.339     2.316     1.123     0.239     0.000
    23.75    61.75    2097     0.000     0.000     0.000    32.473     5.276     0.528     1.303     3.496     1.682     0.845     0.115     0.000
    23.75    61.75    2098     0.000     0.000     0.000    19.244     9.200     0.345     0.640     1.776     0.656     0.485     0.288     1.358
    23.75    61.75    2099     0.000     0.000    10.514    35.886     5.923     4.327     3.938     4.209     1.840     0.544     0.178     0.000
    23.75    61.75    2100     0.282     1.584    20.705    21.228     2.833     2.835     5.578     4.443     1.953     0.825     0.159     0.000
    23.75    61.75    2101     0.043     0.000     0.000    26.098     1.097     0.614     1.987     1.847     0.921     0.308     0.110     0.000
    23.75    61.75    2102     1.503     0.000     0.000     0.000    34.318     4.242     2.994     2.267     2.232     0.843     0.888     0.205
    23.75    61.75    2103     0.763     0.000     0.000    24.938     2.191     1.342     1.802     4.943     1.467     0.863     0.286     0.140
    23.75    61.75    2104     0.000     0.000     0.000    32.185     7.458     1.271     3.695     3.900     1.902     0.908     0.114     2.097
    23.75    61.75    2105     1.377     2.059    18.700    22.375     3.475     1.901     4.198     1.654     1.566     0.506     0.376     0.000
    23.75    61.75    2106     0.000     4.814    18.161    13.690     0.927     1.138     3.776     4.071     2.100     0.636     0.480     0.000
    23.75    61.75    2107     0.679     0.000    20.712    25.669     3.825     0.823     1.544     3.152     1.726     0.555     0.125     1.033
    23.75    61.75    2108     0.004     0.000     0.000    34.917     3.303     1.719     5.660     6.021     3.067     1.175     0.191     0.000
    23.75    61.75    2109     0.000     5.696    20.156     7.884     0.960     2.896     3.043     4.332     1.665     0.755     2.270     0.000
    23.75    61.75    2110     1.620     3.849    10.144    23.859     4.056     3.167     1.973     3.101     2.086     0.605     0.148     0.000
    23.75    61.75    2111     0.885     1.466    25.235    14.476     1.991     1.408     3.093     1.415     1.684     0.853     0.951     0.000
    23.75    61.75    2112     0.000     5.392    21.995     9.376     2.103     2.328     1.949     3.572     2.609     0.735     0.556     0.000
    23.75    61.75    2113     0.000     0.000     0.000     0.000    26.792     2.457     3.785     1.859     1.508     0.958     0.128     0.000
    23.75    61.75    2114     0.000     0.000     0.000    29.394     1.694     1.765     0.631     2.212     1.102     0.710     0.247     0.000
    23.75    61.75    2115     0.000     0.000    18.527    19.471     3.214     3.588     1.445     2.465     2.100     1.205     0.117     0.000
    23.75    61.75    2116     1.322     2.080     8.192    26.589     7.176     2.656     2.988     5.388     2.288     0.970     0.261     0.000
    23.75    61.75    2117     1.116     6.344    20.955    19.316     3.838     2.548     4.234     5.099     2.171     0.604     0.235     0.000
    23.75    61.75    2118     0.764     6.641    20.110    14.681     2.221     1.276     4.972     4.889     1.881     1.000     0.292     0.000
    23.75    61.75    2119     1.279     7.408    19.439    13.149     3.272     1.995     1.069     0.576     1.275     0.912     0.365     0.004
    23.75    61.75    2120     0.001     3.360    21.073     8.139     1.747     1.337     5.167     5.112     2.366     0.859     0.806     0.360
    23.75    61.75    2121     0.000     0.000     1.518    32.907    14.757     1.622     1.640     3.189     1.517     0.779     0.114     0.000
    23.75    61.75    2122     0.000     0.000    13.736    26.647    16.616     1.730     4.778     3.769     2.390     1.178     0.180     0.000
    23.75    61.75    2123     0.000     0.000     0.000    36.232     7.863     2.275     1.996     2.487     1.624     0.939     0.143     0.000
    23.75    61.75    2124     0.000     0.000     0.000    27.836     5.530     1.874     2.214     3.899     3.333     1.225     0.202     0.000
    23.75    61.75    2125     0.000     0.000     0.000    36.778     5.100     1.069     1.562     4.024     2.114     1.049     0.256     0.024
    23.75    61.75    2126     1.098     1.213    20.266    12.872     5.140     3.879     1.689     3.824     3.414     1.217     0.243     0.000
    23.75    61.75    2127     0.000     0.000     0.000    33.040     7.333     0.996     2.015     3.599     2.243     1.165     0.150     0.000
    23.75    61.75    2128     0.000     0.000     0.000    22.798    10.534     0.762     1.207     2.898     1.389     1.359     0.346     1.444
    23.75    61.75    2129     0.000     0.000    10.160    33.604     5.816     6.413     3.967     3.727     2.476     0.955     0.239     0.000
    23.75    61.75    2130     0.614     5.418    18.868    22.740     3.352     1.929     7.446     4.698     2.788     1.342     0.219     0.000
    21.75    39.75    1980    26.680    35.194    30.621    12.385     2.547     1.372     4.158     0.426     0.151     0.429    12.568    15.513
    21.75    39.75    1981    16.395    14.913    10.584     0.587     0.581     0.262     0.106     0.040     0.053     2.291     6.324     4.759
    21.75    39.75    1982    14.873    18.341    14.261    31.609     9.978     0.429     2.938    15.684     4.201    30.283    17.470    13.741
    21.75    39.75    1983    20.452    12.248    20.087    17.645     4.763     4.044     1.242     1.791     2.518     3.674     6.753    16.572
    21.75    39.75    1984    17.336     8.586     4.544     1.043    12.773     0.764     0.240     0.160     0.419     0.796     1.710     6.643
    21.75    39.75    1985    21.045    31.275    14.874     1.376     0.233     0.949     1.046     0.172     0.616     0.516     3.310    10.325
    21.75    39.75    1986    16.936    29.067    43.578    25.233     8.662     6.234     3.673     1.865    14.061     5.288     1.811     2.957
    21.75    39.75    1987     3.656    25.607    21.405     6.639     6.796     4.698     0.529     6.964     5.170     7.561     6.025     6.343
    21.75    39.75    1988    15.635     7.165     5.752     2.600     2.190     9.082     1.902     0.480     0.247    13.762    10.394     7.256
    21.75    39.75    1989    15.189    12.513    14.029     6.315     2.389     1.736     0.338     0.285     0.556     0.093     8.283     2.335
    21.75    39.75    1990    22.659    22.163    34.167    11.804     3.417     0.465     0.216     0.322     0.097     2.372     6.684     4.489
    21.75    39.75    1991     7.934    12.817     7.600     0.883     2.504     1.773     0.497     0.141     0.118     0.109    14.700    15.249
    21.75    39.75    1992    19.746    24.963    23.842    13.605     1.134     0.117     0.205     0.268    23.141    22.202    20.292    14.437
    21.75    39.75    1993    21.702    29.138    39.078    18.032     1.157     1.277     0.212     0.518     0.141     0.221    10.081    12.086
    21.75    39.75    1994    24.487    19.178     9.405     7.511     2.346     0.532     0.153     0.155     0.798     3.955     5.228    10.941
    21.75    39.75    1995    19.645    29.769    44.081    15.994     1.388     2.313     1.078     0.187     0.179     1.626     7.300    10.781
    21.75    39.75    1996    17.483    21.617    11.268    21.764     4.916     0.344     0.246     4.684     0.171     0.442    11.080     9.076
    21.75    39.75    1997    21.377    32.235    30.955     3.963     1.220     1.493     1.398     0.852     4.270     0.342     5.113    14.368
    21.75    39.75    1998    21.227    31.745    26.979     2.815     0.207     1.014     0.734     1.720     0.217     2.857     2.720    13.328
    21.75    39.75    1999    25.032    26.421    11.728     0.502     0.274     0.360     0.178     0.073     1.134     1.647     9.378    18.057
    21.75    39.75    2000    24.125    13.692     9.056    13.006     0.779     1.186     0.213     0.226    20.072     4.752     7.499    15.307
    21.75    39.75    2001    20.051    19.315    18.132     5.271     0.699     0.986     0.535     0.298     0.074     4.895    17.903    13.402
    21.75    39.75    2002    19.624    19.420    11.870     0.531     0.398     0.451     0.257     0.247     0.065     3.761     7.776    10.185
    21.75    39.75    2003    27.024    33.323    35.368    18.765     5.643     2.465     0.455     1.512     0.346     0.976    14.599    16.203
    21.75    39.75    2004    18.792    22.081    13.172     3.507     0.477     0.201     0.143     0.107     0.602     0.738     1.582     5.923
    21.75    39.75    2005    23.185    22.700    10.181     0.689    21.703     5.723     0.513     0.201     5.815     6.169     1.878     8.490
    21.75    39.75    2006    19.241    35.331    17.907     1.907     1.050     0.654     0.483     0.195     0.184     3.401    14.889    10.944
    21.75    39.75    2007    24.281    26.932    15.861     1.407     2.048     0.416     0.242     0.325     1.305     4.674     4.112     9.976
    21.75    39.75    2008    22.459    13.142     9.443     3.656     1.107     2.795     1.367     6.314     1.577     1.363     8.492     9.341
    21.75    39.75    2009    19.369    15.268    10.775     5.406     1.689     2.620     1.026     4.326     1.092     2.029     3.678     8.230
    21.75    39.75    2010     8.720    25.744    16.578     2.848     0.887     0.326     0.140     0.256     0.230     2.790    12.009    10.752
    21.75    39.75    2011    22.042    36.152    23.686     0.982     1.553     1.384     0.775     1.263     0.358     0.302     0.970     2.906
    21.75    39.75    2012    17.099    28.781    19.664     8.979     0.755     2.030     1.057     0.885     0.684     0.252    10.197    15.545
    21.75    39.75    2013    19.847    18.959     5.587     0.325     0.182     0.126     0.083     0.077     0.561    10.356    15.991    11.446
    21.75    39.75    2014    18.596    22.566    23.020     5.733     0.079     0.795     0.355     0.028     1.603     8.957    13.312    11.935
    21.75    39.75    2015    17.281    13.668     5.470     4.194     8.627     2.329     0.359     0.016     0.035     0.039     1.716     9.859
    21.75    39.75    2016    21.917    13.441    20.671     5.636     0.180     0.047     0.092     0.024     3.789     0.532     9.909    10.644
    21.75    39.75    2017    16.760     8.324    12.161     1.050     0.080     0.114     0.797     0.021     0.824     2.645     3.505    10.755
    21.75    39.75    2018    28.747    26.827    26.644    18.014     6.501     0.863     0.342     0.219     0.017     2.859     2.815     9.952
    21.75    39.75    2019    21.349    11.233     0.964     0.308     1.602     0.690     0.266     0.054     0.023     2.160     1.884     8.652
    21.75    39.75    2020    20.148     8.427    14.084    15.706     0.288     0.021     0.207     0.015     6.485     7.187     9.198    14.674
    21.75    39.75    2021    25.922    31.211     9.706     3.061     1.631     0.185     4.228     0.088     6.213     6.504     3.798     2.793
    21.75    39.75    2022    18.896    29.487     5.470     1.029     0.330     0.006     1.007     2.099     0.039     0.088     0.731     4.102
    21.75    39.75    2023    17.185    11.769     6.614     9.848     0.586     0.039     0.014     0.009     0.001     3.567    15.259    13.616
    21.75    39.75    2024    22.109    20.181    14.565     4.577     0.153     1.055     0.709    13.162     0.945     0.109     9.363     9.089
    21.75    39.75    2025    22.334    14.213     5.730     2.975     0.560     0.032     0.011     0.018     0.030     0.413     3.216     7.132
    21.75    39.75    2026    21.301    18.114     2.497     0.174     0.292     0.823     0.642     0.082     1.497     7.603    13.598    10.811
    21.75    39.75    2027    17.295    29.385    12.979     6.947     2.665     2.418     0.746     0.043     0.387     0.854     6.140    10.141
    21.75    39.75    2028     7.245    19.880     0.686     0.458     0.101     0.056     0.290     0.051     3.436     3.209     0.783     4.288
    21.75    39.75    2029    23.592    18.575    14.621     7.251     3.811     7.101     1.853     0.092     0.070     0.208    11.131    15.771
    21.75    39.75    2030    26.256    29.942     9.105     0.425     0.042     0.018     0.015     0.369     6.830     3.274     0.328     0.253
    21.75    39.75    2031     4.748     1.968     0.017     0.264     0.243     0.247     0.015     0.627     1.878    12.320    10.690    12.296
    21.75    39.75    2032    19.577    10.121     1.269     0.099    17.123     5.719     0.708     0.141     1.121     3.902     4.918    15.821
    21.75    39.75    2033    20.175     8.631     0.875     0.297     0.099     0.049     0.424     0.044     0.102     3.399     1.001     2.131
    21.75    39.75    2034    11.526     5.866     4.125     7.047     3.899     0.165     0.439     0.068     0.816     0.527     0.126     6.148
    21.75    39.75    2035    18.035     7.924     3.864     4.051     0.158     0.077     0.083     0.616     0.100     0.290     1.328     2.308
    21.75    39.75    2036    18.614    16.152     8.112     1.334     0.287     0.076     0.755     0.057     0.022     0.188     0.341     3.042
    21.75    39.75    2037    12.264    26.166     6.040     0.083     1.688     0.077     1.083     9.934     0.483    10.364     6.097     6.854
    21.75    39.75    2038    18.953    14.581     8.382     5.174     1.176     0.060     0.036     0.019     5.136     2.776    10.100     9.952
    21.75    39.75    2039    16.376     9.499     1.974     1.725     1.219     0.147     0.070     0.036     0.966     0.722     0.048     0.235
    21.75    39.75    2040     2.980     3.170     1.405     0.152     1.667     0.287     0.104     0.265     0.757    11.287     8.216     6.316
    21.75    39.75    2041    21.437    29.767    32.310    12.913     2.102     2.041     3.312     0.526     0.862     0.336     1.351     9.495
    21.75    39.75    2042    19.556    23.647     8.808     1.557     0.262     0.096     0.314     0.067     0.414     1.260    10.665     7.393
    21.75    39.75    2043    18.089    26.129     7.654     3.601     0.162     0.351     0.657     0.137     0.060     0.203     0.115     0.044
    21.75    39.75    2044     2.320     9.383    11.050     8.903     3.213     0.513     0.208     0.192     0.118     0.085     0.102     0.871
    21.75    39.75    2045    10.086    29.255    12.946     0.205     0.040     0.372     0.109     0.345     0.031     0.149     1.660     7.735
    21.75    39.75    2046    28.897    17.597     8.991     4.464     1.810     0.871     0.260     3.600     7.292    15.094    11.612    15.541
    21.75    39.75    2047    20.326    39.613    56.541     8.392     0.451     1.343     0.928     1.248     0.868     0.650     1.244     4.110
    21.75    39.75    2048    20.384    15.273     6.319     0.551     5.677     1.666     0.769     3.203     6.467     2.179     9.190     6.555
    21.75    39.75    2049    18.280    28.429     7.506     0.797     0.307     0.165     0.984     0.552     1.205     1.788     3.218     3.667
    21.75    39.75    2050    16.932    33.206    15.315     1.146     0.133     0.175     0.134     0.122     0.917     0.100     0.212     4.222
    21.75    39.75    2051    21.616    18.158    14.978     1.047     0.097     0.098     0.113     0.491     0.415     4.663     8.503    11.361
    21.75    39.75    2052    19.714    14.963     5.965     0.145     0.112     0.137     0.137     5.446     0.296     0.100    11.990    16.401
    21.75    39.75    2053    22.070    22.513    13.405     3.607     0.862     0.329     0.624     0.117     0.227     0.073    14.836    11.335
    21.75    39.75    2054    16.814    18.197    12.548     2.702     0.104     0.931     0.232     0.070     1.801     6.587    13.058     9.389
    21.75    39.75    2055    23.610    10.078     6.494     2.530     1.146     0.331     0.375     5.550     0.239     0.593     3.173     8.691
    21.75    39.75    2056    26.554    11.266     0.981     0.468     0.173     0.096     1.275     0.214     0.300     2.755     0.863     6.805
    21.75    39.75    2057    18.666     8.017     2.220     0.311     0.188     0.486     0.226     0.688     0.110     0.233     0.156     4.355
    21.75    39.75    2058    27.474    33.473     5.826     0.422     0.280     0.164     0.173     1.735     0.307     4.995     3.736     8.207
    21.75    39.75    2059    25.799    22.319     3.504     0.244     0.152     0.131     0.097     0.120     2.871     3.450     1.797     9.323
    21.75    39.75    2060    29.860    12.359     2.105     0.285     1.997     1.488     0.106     0.152     0.035     0.112     6.227     8.450
    21.75    39.75    2061    21.250     6.487     0.768     0.105     0.044     0.841     0.353     0.113     1.089     0.069     0.956     2.932
    21.75    39.75    2062    13.052    17.278    42.568    10.329     0.333     0.300     0.088     0.116     1.421     0.917    16.189    11.308
    21.75    39.75    2063    18.264     9.811     2.995     0.214     0.139     0.130     0.146     0.063     0.033     0.316     7.467     7.951
    21.75    39.75    2064    22.454     7.842     7.633     2.103     0.183     0.269     0.226     0.098     0.755     0.249     7.845    10.317
    21.75    39.75    2065    20.404    31.335    14.580     1.209     0.057     0.324     0.151     0.043     0.137     7.657    12.375     8.947
    21.75    39.75    2066    19.375     7.443     6.629     6.576     0.199     0.092     0.131     0.679     0.173     2.626     8.079     9.703
    21.75    39.75    2067    20.222    35.423    13.428     1.486     0.405     0.210     0.119     0.043     0.025     0.108     0.202     4.192
    21.75    39.75    2068    26.306    23.494     7.611     3.712     8.044     0.238     0.084     0.704     1.781     0.590    19.476    14.112
    21.75    39.75    2069    13.878    25.552     2.427     0.115     0.102     0.049     0.247     0.109     0.226     0.187     8.218     9.875
    21.75    39.75    2070    23.326    21.441     8.294     1.512     4.482     0.661     0.111     0.291     0.661     6.246     9.148    13.336
    21.75    39.75    2071    21.154    16.825     0.893     0.158     0.122     0.077     0.148     0.116     0.460     0.629     6.155     8.475
    21.75    39.75    2072    23.485    25.130    10.244     0.753     0.252     0.074     1.963     0.090     0.680     0.553     2.224    12.189
    21.75    39.75    2073    16.958    16.041     2.135     0.500     0.192     1.001     0.307     0.044     0.098     0.301     9.695     8.399
    21.75    39.75    2074    20.981     9.862     3.938     0.181     0.079     0.092     0.093     0.049     0.021     2.332     3.220     6.855
    21.75    39.75    2075    24.653    25.224     7.453     0.445     0.246     0.206     0.069     0.027     0.762     0.279     0.301     3.724
    21.75    39.75    2076    10.687     4.147     2.477     0.953     0.803     0.151     0.094     4.341     0.261     0.086    11.182    10.922
    21.75    39.75    2077    13.750    12.958     3.621     0.791     0.083     0.052     0.096     0.063     0.055     0.268     0.140     1.277
    21.75    39.75    2078    23.916    21.009     2.945     0.212     0.118     0.087     0.216     0.057     0.046     0.023     1.104     8.219
    21.75    39.75    2079    18.309    13.236     9.377     7.768     6.023     0.370     0.166     0.077    21.005     1.829     1.084     7.741
    21.75    39.75    2080    18.606    21.017     2.042     0.830     0.619     0.310     0.755     0.282     0.275     0.314     2.163     3.264
    21.75    39.75    2081    19.804    32.210     5.470     1.435     0.969     1.057     1.062     0.140     0.070     7.972    10.204     6.694
    21.75    39.75    2082    16.263    16.627     1.170     0.169     0.252     0.163     0.112     0.028     1.342     0.281     1.805     5.649
    21.75    39.75    2083    25.861    17.153     4.559     0.096     0.067     0.209     0.056     0.126     0.677     2.243     2.662     3.583
    21.75    39.75    2084    16.482    10.115     3.112     9.305     2.351     0.202     0.553     0.599     0.200     1.394    11.349    12.654
    21.75    39.75    2085    22.217    16.385     2.539     1.119     0.177     0.103     0.303     0.254     0.220    11.452     6.101     7.139
    21.75    39.75    2086    18.078    10.230     8.437     4.643     0.147     0.117     0.096     0.140     2.437     0.420     3.928     6.183
    21.75    39.75    2087    23.541     7.461     0.847     0.362     0.127     0.061     0.040     0.152     0.146     1.874     1.003     3.909
    21.75    39.75    2088     6.632    11.807     7.723     0.666     0.143     0.147     0.192     0.130     0.647     0.117     2.614    11.006
    21.75    39.75    2089    25.989    12.760     0.381     0.241     0.151     0.117     3.443     6.100     0.528     0.606     4.647    10.800
    21.75    39.75    2090    19.918     8.757     3.185     0.194     0.126     0.165     0.046     0.024     0.104     0.178     0.308     1.575
    21.75    39.75    2091    12.183    25.841    20.573     5.109     0.345     0.401     1.028     0.602     0.122     0.124     5.389     2.697
    21.75    39.75    2092     6.552     6.744     6.324     0.374     0.212     0.155     0.118     0.066     2.454     4.186     2.268     9.156
    21.75    39.75    2093    29.630     9.566     0.873     0.464     0.227     0.271     0.383     0.720     0.482     0.147    11.849     8.842
    21.75    39.75    2094    19.803     6.016     8.982     0.672     0.095     0.095     0.109     0.195     0.729     0.297     0.148     4.292
    21.75    39.75    2095    29.541    17.741     1.818     2.477     0.483     0.830     0.887     0.159     0.667     2.398    13.329    12.888
    21.75    39.75    2096    17.010     5.134     1.272     0.208     0.120     0.138     0.122     0.091     4.807     1.311     6.331     6.775
    21.75    39.75    2097    23.270    18.914     7.392     0.765     0.262     0.721     0.110     0.260     0.262     0.141     4.238     9.850
    21.75    39.75    2098    21.871     6.138     2.203     0.135     0.245     0.206     0.077     0.073     1.784     1.839     3.640    10.999
    21.75    39.75    2099    25.153    11.730     1.144     0.354     2.429     2.099     1.066     0.152     0.405     2.667     8.868    15.316
    21.75    39.75    2100    18.925    10.074     1.698     1.375     0.764     0.384     0.418     0.415     2.014     0.624     1.204     1.124
    21.75    39.75    2101    13.155     8.526     2.122     0.399     0.310     0.218     0.272     0.226     1.496     9.084     6.451     8.582
    21.75    39.75    2102    23.041    27.729     6.094     0.952     0.528     0.190     1.318     0.166     0.411     1.919     3.665    10.546
    21.75    39.75    2103    14.324    11.020     1.597     0.723     0.282     0.663     0.341     0.116     0.370     0.269     6.975     6.971
    21.75    39.75    2104    19.348    10.355     4.827     0.268     0.168     0.162     0.118     0.083     0.065     4.139     4.813     9.249
    21.75    39.75    2105    24.352    16.343     6.706     0.815     0.314     0.310     0.136     0.099     2.687     2.530     1.514     5.135
    21.75    39.75    2106    12.029     3.158     2.644     1.188     1.015     0.205     0.112     0.907     0.480     0.098     6.635    11.683
    21.75    39.75    2107    18.828     8.931     3.565     1.203     0.132     0.089     0.086     0.090     0.082     1.126     0.210     3.810
    21.75    39.75    2108    20.938    17.779     2.089     0.273     0.189     0.125     0.207     0.065     0.053     0.045     0.567     6.364
    21.75    39.75    2109    17.726    13.585     7.976    15.671     2.152     0.536     0.278     0.149    13.919     9.590     2.693     9.791
    21.75    39.75    2110    22.189    22.044     2.896     1.682     1.481     0.585     1.407     0.503     0.523     0.594     2.479     4.935
    21.75    39.75    2111    20.934    28.577     3.629     1.854     1.139     1.478     2.686     0.289     0.216     5.715     5.227     7.016
    21.75    39.75    2112    16.007    11.610     1.538     0.359     0.432     0.223     0.185     0.052     4.116     0.546     1.968     6.361
    21.75    39.75    2113    23.382    19.265     2.301     0.165     0.109     0.285     0.085     0.168     1.047     2.302     2.331     5.583
    21.75    39.75    2114    18.271     7.273     1.014     2.541     2.776     0.192     0.996     1.029     0.263     2.968    13.868    12.768
    21.75    39.75    2115    23.537    16.757     3.302     1.455     0.423     0.198     0.191     0.891     0.480     6.643    15.036    10.036
    21.75    39.75    2116    17.977     8.267     8.565     3.114     0.391     0.304     0.287     0.370     3.262     3.658     5.157     5.632
    21.75    39.75    2117    21.202     5.690     0.902     0.790     0.311     0.127     0.091     0.192     0.352     1.816     1.971     4.904
    21.75    39.75    2118     5.892     8.690    12.876     1.145     0.407     0.292     0.328     0.258     0.842     0.242     4.770     8.242
    21.75    39.75    2119    25.880    10.399     0.544     0.469     0.369     0.311     1.298     4.781     2.002     1.071     8.225     9.818
    21.75    39.75    2120    15.629     9.484     2.537     0.380     0.254     0.230     0.104     0.050     0.417     0.358     0.540     0.751
    21.75    39.75    2121     9.453    21.541    16.951     8.861     0.625     0.650     1.900     0.701     0.213     0.225     3.074     3.546
    21.75    39.75    2122     5.919     6.320     5.684     0.446     0.273     0.171     0.121     0.094     1.872     3.657     2.958     7.089
    21.75    39.75    2123    28.391     7.451     1.058     0.814     0.307     0.334     0.453     0.652     0.414     0.300    11.499     9.555
    21.75    39.75    2124    18.631     7.649    10.697     3.992     0.140     0.134     0.168     0.380     0.341     0.190     0.124     7.537
    21.75    39.75    2125    25.751    14.010     0.972     1.078     0.491     0.543     0.601     0.184     1.336    11.484    10.028    12.866
    21.75    39.75    2126    17.171     5.342     1.111     0.263     0.194     0.233     0.158     0.087     3.060     0.869     9.754     4.342
    21.75    39.75    2127    22.666    17.885     8.085     1.093     0.277     0.241     0.157     0.114     0.499     0.067     3.917    12.869
    21.75    39.75    2128    20.522     7.383     1.713     0.303     0.268     0.161     0.080     0.074     5.684     2.492     1.929    12.428
    21.75    39.75    2129    28.878    21.105     1.159     0.261     3.380     0.226     0.983     0.149     0.337     0.739    17.518    16.868
    21.75    39.75    2130    17.548     7.659     1.193     1.050     0.293     0.195     0.370     0.164     0.973     3.286     1.749     1.875
