      Lon      Lat    Year       Jan       Feb       Mar       Apr       May       Jun       Jul       Aug       Sep       Oct       Nov       Dec
     9.75    49.75    1980    -0.276    -0.257    -0.173    -0.156    -0.168    -0.177    -0.198    -0.249    -0.276    -0.303    -0.293    -0.234
     9.75    49.75    1981    -0.179    -0.164    -0.155    -0.155    -0.172    -0.266    -0.560    -1.127    -1.195    -1.015    -0.711    -0.430
     9.75    49.75    1982    -0.263    -0.166    -0.154    -0.154    -0.166    -0.242    -0.387    -0.520    -0.473    -0.450    -0.361    -0.234
     9.75    49.75    1983    -0.191    -0.155    -0.154    -0.161    -0.186    -0.219    -0.256    -0.373    -0.677    -0.927    -0.683    -0.313
     9.75    49.75    1984    -0.209    -0.179    -0.161    -0.155    -0.161    -0.169    -0.213    -0.333    -0.468    -0.616    -0.563    -0.339
     9.75    49.75    1985    -0.263    -0.182    -0.155    -0.154    -0.166    -0.207    -0.283    -0.387    -0.441    -0.432    -0.303    -0.244
     9.75    49.75    1986    -0.244    -0.242    -0.223    -0.156    -0.165    -0.235    -0.396    -0.782    -1.093    -0.767    -0.374    -0.228
     9.75    49.75    1987    -0.199    -0.198    -0.157    -0.154    -0.159    -0.164    -0.180    -0.264    -0.294    -0.254    -0.226    -0.185
     9.75    49.75    1988    -0.163    -0.155    -0.154    -0.161    -0.201    -0.295    -0.560    -1.267    -1.842    -2.171    -2.165    -1.588
     9.75    49.75    1989    -0.952    -0.795    -0.244    -0.157    -0.158    -0.176    -0.247    -0.418    -0.587    -0.643    -0.471    -0.304
     9.75    49.75    1990    -0.223    -0.179    -0.157    -0.153    -0.163    -0.196    -0.260    -0.422    -0.724    -1.002    -0.968    -0.607
     9.75    49.75    1991    -0.365    -0.227    -0.170    -0.161    -0.185    -0.199    -0.291    -0.570    -0.993    -1.285    -1.133    -0.476
     9.75    49.75    1992    -0.221    -0.173    -0.154    -0.154    -0.171    -0.217    -0.272    -0.470    -0.788    -0.998    -0.846    -0.592
     9.75    49.75    1993    -0.587    -0.567    -0.216    -0.155    -0.175    -0.235    -0.373    -0.758    -0.748    -0.426    -0.343    -0.279
     9.75    49.75    1994    -0.212    -0.163    -0.153    -0.154    -0.176    -0.252    -0.486    -1.078    -1.446    -1.694    -1.289    -0.644
     9.75    49.75    1995    -0.428    -0.425    -0.248    -0.154    -0.158    -0.196    -0.307    -0.341    -0.396    -0.468    -0.347    -0.208
     9.75    49.75    1996    -0.173    -0.162    -0.153    -0.155    -0.177    -0.253    -0.403    -0.576    -0.710    -0.711    -0.414    -0.288
     9.75    49.75    1997    -0.237    -0.236    -0.180    -0.159    -0.165    -0.178    -0.201    -0.282    -0.338    -0.337    -0.273    -0.196
     9.75    49.75    1998    -0.168    -0.158    -0.154    -0.159    -0.194    -0.240    -0.404    -0.887    -1.117    -1.108    -0.972    -0.572
     9.75    49.75    1999    -0.320    -0.202    -0.172    -0.163    -0.205    -0.268    -0.490    -1.085    -1.745    -2.092    -1.779    -1.049
     9.75    49.75    2000    -0.507    -0.289    -0.222    -0.215    -0.319    -0.631    -1.084    -1.657    -1.862    -1.872    -1.191    -0.701
     9.75    49.75    2001    -0.515    -0.400    -0.266    -0.176    -0.197    -0.224    -0.375    -0.576    -0.958    -1.147    -0.969    -0.495
     9.75    49.75    2002    -0.248    -0.183    -0.161    -0.162    -0.159    -0.216    -0.424    -0.930    -1.179    -1.206    -1.140    -0.843
     9.75    49.75    2003    -0.481    -0.471    -0.264    -0.181    -0.187    -0.254    -0.350    -0.467    -0.551    -0.619    -0.533    -0.293
     9.75    49.75    2004    -0.202    -0.175    -0.157    -0.156    -0.159    -0.173    -0.239    -0.369    -0.520    -0.565    -0.453    -0.272
     9.75    49.75    2005    -0.225    -0.184    -0.155    -0.156    -0.174    -0.216    -0.343    -0.682    -1.124    -1.401    -0.951    -0.348
     9.75    49.75    2006    -0.224    -0.189    -0.154    -0.175    -0.245    -0.444    -0.967    -1.700    -2.086    -2.041    -0.976    -0.453
     9.75    49.75    2007    -0.352    -0.207    -0.153    -0.156    -0.174    -0.249    -0.486    -0.981    -1.304    -1.376    -0.999    -0.635
     9.75    49.75    2008    -0.372    -0.235    -0.187    -0.165    -0.173    -0.268    -0.539    -0.927    -1.053    -1.148    -0.661    -0.283
     9.75    49.75    2009    -0.181    -0.158    -0.154    -0.156    -0.197    -0.339    -0.601    -1.102    -1.605    -1.739    -1.303    -0.827
     9.75    49.75    2010    -0.436    -0.338    -0.197    -0.232    -0.391    -1.004    -1.775    -2.185    -2.119    -1.958    -1.327    -0.532
     9.75    49.75    2011    -0.270    -0.173    -0.156    -0.169    -0.233    -0.414    -0.936    -1.719    -2.127    -2.178    -1.843    -1.181
     9.75    49.75    2012    -0.720    -0.381    -0.224    -0.180    -0.171    -0.196    -0.289    -0.491    -0.702    -0.722    -0.570    -0.287
     9.75    49.75    2013    -0.185    -0.159    -0.155    -0.156    -0.165    -0.189    -0.220    -0.282    -0.448    -0.801    -0.775    -0.493
     9.75    49.75    2014    -0.311    -0.288    -0.164    -0.156    -0.167    -0.195    -0.226    -0.321    -0.504    -0.625    -0.610    -0.410
     9.75    49.75    2015    -0.318    -0.195    -0.158    -0.160    -0.207    -0.348    -0.724    -0.977    -1.078    -1.580    -1.608    -0.668
     9.75    49.75    2016    -0.292    -0.201    -0.158    -0.156    -0.160    -0.183    -0.272    -0.476    -0.644    -0.506    -0.452    -0.310
     9.75    49.75    2017    -0.219    -0.176    -0.163    -0.159    -0.172    -0.241    -0.449    -1.050    -1.869    -1.900    -0.952    -0.482
     9.75    49.75    2018    -0.447    -0.200    -0.154    -0.159    -0.180    -0.235    -0.439    -1.062    -1.912    -1.771    -0.991    -0.485
     9.75    49.75    2019    -0.329    -0.170    -0.155    -0.160    -0.209    -0.332    -0.693    -1.523    -2.013    -2.152    -1.633    -0.732
     9.75    49.75    2020    -0.361    -0.238    -0.161    -0.157    -0.184    -0.262    -0.511    -0.930    -1.340    -1.651    -1.034    -0.448
     9.75    49.75    2021    -0.377    -0.373    -0.264    -0.166    -0.207    -0.238    -0.392    -0.838    -1.429    -1.810    -1.831    -1.692
     9.75    49.75    2022    -1.687    -1.003    -0.348    -0.346    -0.500    -0.914    -1.499    -2.043    -2.247    -2.434    -2.455    -1.893
     9.75    49.75    2023    -1.266    -0.629    -0.425    -0.280    -0.220    -0.265    -0.535    -1.199    -2.019    -2.334    -2.148    -0.882
     9.75    49.75    2024    -0.498    -0.257    -0.167    -0.157    -0.170    -0.259    -0.530    -1.172    -1.865    -2.037    -0.930    -0.422
     9.75    49.75    2025    -0.256    -0.183    -0.155    -0.157    -0.204    -0.403    -1.037    -1.938    -2.324    -2.496    -2.387    -1.293
     9.75    49.75    2026    -0.709    -0.358    -0.182    -0.159    -0.179    -0.256    -0.416    -0.879    -1.499    -1.894    -1.369    -0.622
     9.75    49.75    2027    -0.345    -0.244    -0.159    -0.157    -0.167    -0.181    -0.228    -0.363    -0.617    -1.048    -0.851    -0.483
     9.75    49.75    2028    -0.465    -0.287    -0.184    -0.163    -0.170    -0.240    -0.479    -1.122    -1.523    -1.629    -1.508    -1.090
     9.75    49.75    2029    -0.985    -0.561    -0.227    -0.218    -0.260    -0.638    -1.247    -1.841    -2.191    -2.257    -2.057    -2.008
     9.75    49.75    2030    -2.005    -1.940    -0.740    -0.444    -0.324    -0.422    -0.754    -1.382    -1.809    -1.996    -1.797    -1.125
     9.75    49.75    2031    -0.665    -0.426    -0.273    -0.242    -0.329    -0.665    -1.520    -2.076    -2.273    -2.346    -1.946    -1.060
     9.75    49.75    2032    -0.660    -0.428    -0.299    -0.313    -0.541    -0.904    -1.594    -2.189    -2.316    -2.406    -2.148    -1.143
     9.75    49.75    2033    -0.421    -0.209    -0.161    -0.170    -0.253    -0.447    -1.037    -1.949    -2.332    -2.475    -2.352    -1.209
     9.75    49.75    2034    -0.617    -0.574    -0.236    -0.232    -0.366    -0.691    -1.140    -1.700    -1.968    -2.036    -1.724    -1.154
     9.75    49.75    2035    -0.860    -0.375    -0.229    -0.186    -0.207    -0.392    -0.915    -1.239    -1.455    -1.818    -1.770    -1.141
     9.75    49.75    2036    -0.467    -0.258    -0.197    -0.159    -0.212    -0.450    -1.229    -1.957    -2.273    -2.268    -1.315    -0.623
     9.75    49.75    2037    -0.338    -0.196    -0.157    -0.179    -0.296    -0.672    -1.516    -2.007    -2.153    -2.144    -1.829    -1.010
     9.75    49.75    2038    -0.554    -0.347    -0.261    -0.216    -0.235    -0.302    -0.474    -1.019    -1.337    -1.397    -1.042    -0.683
     9.75    49.75    2039    -0.325    -0.190    -0.176    -0.184    -0.213    -0.322    -0.814    -1.383    -1.716    -1.771    -1.513    -1.045
     9.75    49.75    2040    -0.577    -0.281    -0.191    -0.177    -0.232    -0.431    -1.054    -1.701    -2.076    -1.980    -1.433    -0.697
     9.75    49.75    2041    -0.363    -0.247    -0.196    -0.176    -0.220    -0.256    -0.304    -0.437    -0.561    -0.704    -0.531    -0.336
     9.75    49.75    2042    -0.257    -0.174    -0.161    -0.161    -0.199    -0.365    -0.975    -1.787    -2.264    -2.439    -2.442    -1.915
     9.75    49.75    2043    -1.840    -1.492    -0.394    -0.384    -0.921    -1.851    -2.186    -2.312    -1.966    -2.158    -1.917    -1.363
     9.75    49.75    2044    -0.958    -0.678    -0.381    -0.254    -0.349    -0.773    -1.653    -2.213    -2.377    -2.483    -2.346    -1.661
     9.75    49.75    2045    -1.074    -0.610    -0.228    -0.195    -0.212    -0.330    -0.677    -1.459    -2.014    -2.279    -2.041    -1.263
     9.75    49.75    2046    -0.830    -0.436    -0.276    -0.214    -0.209    -0.213    -0.373    -0.716    -0.900    -0.870    -0.528    -0.269
     9.75    49.75    2047    -0.218    -0.211    -0.178    -0.161    -0.166    -0.220    -0.467    -1.155    -1.622    -1.770    -1.625    -0.922
     9.75    49.75    2048    -0.405    -0.235    -0.172    -0.170    -0.244    -0.579    -1.485    -2.091    -2.382    -2.339    -1.324    -0.484
     9.75    49.75    2049    -0.301    -0.215    -0.157    -0.160    -0.180    -0.253    -0.352    -0.508    -0.648    -0.637    -0.509    -0.318
     9.75    49.75    2050    -0.251    -0.237    -0.171    -0.166    -0.173    -0.200    -0.409    -1.111    -1.679    -1.935    -1.646    -0.767
     9.75    49.75    2051    -0.352    -0.230    -0.180    -0.163    -0.192    -0.360    -1.117    -1.911    -2.322    -2.438    -2.342    -1.544
     9.75    49.75    2052    -1.200    -1.150    -0.498    -0.597    -1.309    -2.199    -2.494    -2.660    -2.777    -2.812    -2.291    -1.398
     9.75    49.75    2053    -1.273    -1.235    -0.418    -0.252    -0.438    -1.262    -2.039    -2.064    -1.908    -2.321    -1.949    -1.267
     9.75    49.75    2054    -0.763    -0.378    -0.224    -0.198    -0.279    -0.575    -1.124    -1.815    -2.317    -2.488    -1.896    -0.775
     9.75    49.75    2055    -0.336    -0.209    -0.166    -0.184    -0.307    -0.571    -1.170    -1.452    -1.498    -1.704    -1.252    -0.698
     9.75    49.75    2056    -0.447    -0.286    -0.247    -0.276    -0.395    -0.651    -0.905    -1.442    -1.569    -1.666    -1.581    -0.822
     9.75    49.75    2057    -0.397    -0.252    -0.189    -0.174    -0.248    -0.559    -1.483    -1.768    -1.890    -2.000    -2.042    -2.001
     9.75    49.75    2058    -1.513    -0.725    -0.418    -0.385    -0.797    -1.837    -2.243    -2.213    -1.941    -2.316    -2.128    -1.392
     9.75    49.75    2059    -0.878    -0.375    -0.226    -0.204    -0.269    -0.344    -0.764    -1.802    -2.028    -2.247    -2.092    -1.354
     9.75    49.75    2060    -0.731    -0.415    -0.265    -0.240    -0.371    -0.820    -1.128    -1.913    -2.132    -2.293    -1.431    -0.638
     9.75    49.75    2061    -0.400    -0.215    -0.169    -0.176    -0.276    -0.794    -1.982    -2.344    -2.527    -2.615    -2.600    -2.294
     9.75    49.75    2062    -0.984    -0.432    -0.318    -0.262    -0.271    -0.369    -0.582    -1.649    -2.196    -2.420    -2.274    -1.187
     9.75    49.75    2063    -0.435    -0.250    -0.176    -0.167    -0.209    -0.265    -0.420    -0.532    -0.577    -0.792    -0.672    -0.348
     9.75    49.75    2064    -0.242    -0.182    -0.170    -0.184    -0.337    -1.008    -2.094    -2.219    -2.358    -2.504    -2.379    -1.747
     9.75    49.75    2065    -1.209    -0.368    -0.185    -0.174    -0.235    -0.565    -1.680    -2.273    -2.477    -2.544    -2.251    -1.141
     9.75    49.75    2066    -0.547    -0.294    -0.210    -0.177    -0.256    -0.710    -2.088    -2.377    -2.406    -2.393    -2.231    -1.532
     9.75    49.75    2067    -0.795    -0.651    -0.297    -0.390    -1.348    -2.119    -2.305    -2.453    -2.601    -2.760    -2.540    -1.486
     9.75    49.75    2068    -0.646    -0.390    -0.192    -0.206    -0.471    -1.230    -2.065    -2.513    -2.717    -2.806    -2.660    -1.828
     9.75    49.75    2069    -1.082    -0.629    -0.384    -0.246    -0.251    -0.467    -1.361    -2.399    -2.632    -2.758    -2.547    -1.513
     9.75    49.75    2070    -0.843    -0.473    -0.322    -0.316    -0.301    -0.527    -1.813    -2.421    -2.564    -2.630    -2.046    -1.091
     9.75    49.75    2071    -0.600    -0.344    -0.214    -0.198    -0.349    -1.027    -2.173    -2.383    -2.512    -2.445    -1.707    -0.686
     9.75    49.75    2072    -0.391    -0.232    -0.186    -0.166    -0.185    -0.275    -0.514    -1.590    -2.269    -2.094    -0.833    -0.348
     9.75    49.75    2073    -0.204    -0.164    -0.162    -0.167    -0.211    -0.394    -0.940    -1.357    -1.886    -2.201    -2.089    -1.257
     9.75    49.75    2074    -0.680    -0.409    -0.266    -0.231    -0.256    -0.458    -1.495    -2.265    -2.309    -2.245    -1.394    -0.671
     9.75    49.75    2075    -0.316    -0.199    -0.175    -0.176    -0.219    -0.536    -1.780    -2.420    -2.511    -2.547    -2.107    -1.156
     9.75    49.75    2076    -0.442    -0.250    -0.171    -0.168    -0.177    -0.254    -0.667    -2.046    -2.522    -2.650    -1.756    -0.614
     9.75    49.75    2077    -0.344    -0.235    -0.172    -0.174    -0.217    -0.368    -0.816    -1.462    -1.946    -1.705    -0.906    -0.504
     9.75    49.75    2078    -0.335    -0.228    -0.191    -0.221    -0.431    -1.455    -2.382    -2.545    -2.668    -2.700    -1.909    -0.705
     9.75    49.75    2079    -0.295    -0.185    -0.159    -0.168    -0.292    -0.881    -1.793    -1.955    -2.130    -2.295    -2.092    -1.083
     9.75    49.75    2080    -0.806    -0.378    -0.218    -0.188    -0.205    -0.268    -0.333    -0.569    -1.088    -1.608    -1.434    -0.938
     9.75    49.75    2081    -0.609    -0.397    -0.275    -0.292    -0.614    -1.565    -1.777    -1.883    -2.011    -1.958    -1.129    -0.565
     9.75    49.75    2082    -0.328    -0.204    -0.178    -0.197    -0.279    -0.541    -1.563    -2.036    -2.169    -2.226    -1.502    -0.803
     9.75    49.75    2083    -0.330    -0.196    -0.168    -0.171    -0.180    -0.264    -0.672    -1.819    -2.148    -2.317    -2.320    -1.299
     9.75    49.75    2084    -0.488    -0.238    -0.175    -0.197    -0.342    -0.824    -2.129    -2.519    -2.663    -2.674    -2.392    -1.185
     9.75    49.75    2085    -0.605    -0.321    -0.250    -0.217    -0.255    -0.520    -1.587    -2.367    -2.554    -2.641    -2.418    -1.396
     9.75    49.75    2086    -0.793    -0.456    -0.352    -0.409    -0.494    -1.137    -2.436    -2.587    -2.667    -2.686    -2.467    -1.116
     9.75    49.75    2087    -0.562    -0.423    -0.341    -0.372    -0.523    -1.627    -2.611    -2.768    -2.836    -2.858    -2.637    -1.352
     9.75    49.75    2088    -0.679    -0.481    -0.337    -0.311    -0.367    -0.847    -2.472    -2.765    -2.758    -2.805    -2.411    -1.098
     9.75    49.75    2089    -0.481    -0.291    -0.272    -0.330    -0.675    -2.143    -2.705    -2.712    -2.732    -2.757    -2.253    -1.084
     9.75    49.75    2090    -0.583    -0.348    -0.250    -0.318    -0.963    -2.471    -2.621    -2.689    -2.729    -2.615    -1.076    -0.531
     9.75    49.75    2091    -0.274    -0.253    -0.164    -0.168    -0.245    -0.410    -1.183    -1.984    -2.085    -2.095    -1.843    -0.948
     9.75    49.75    2092    -0.497    -0.289    -0.219    -0.200    -0.240    -0.489    -1.621    -2.147    -2.189    -2.190    -2.128    -1.793
     9.75    49.75    2093    -0.826    -0.292    -0.220    -0.218    -0.417    -1.431    -2.153    -2.216    -2.284    -2.328    -2.255    -1.395
     9.75    49.75    2094    -0.470    -0.270    -0.219    -0.186    -0.223    -0.397    -1.087    -2.070    -2.147    -2.241    -1.804    -1.100
     9.75    49.75    2095    -0.697    -0.288    -0.196    -0.230    -0.312    -0.562    -1.504    -2.138    -2.323    -2.426    -1.758    -0.658
     9.75    49.75    2096    -0.328    -0.212    -0.167    -0.192    -0.333    -0.955    -2.222    -2.519    -2.599    -2.546    -1.222    -0.562
     9.75    49.75    2097    -0.287    -0.176    -0.161    -0.170    -0.268    -0.752    -2.240    -2.563    -2.636    -2.672    -2.554    -1.303
     9.75    49.75    2098    -0.586    -0.279    -0.167    -0.162    -0.255    -0.791    -2.325    -2.495    -2.546    -2.582    -1.823    -0.604
     9.75    49.75    2099    -0.305    -0.194    -0.168    -0.199    -0.269    -0.562    -1.892    -2.402    -2.472    -2.413    -1.377    -0.567
     9.75    49.75    2100    -0.252    -0.178    -0.160    -0.163    -0.194    -0.373    -1.322    -2.393    -2.475    -2.491    -1.766    -0.923
     9.75    49.75    2101    -0.473    -0.339    -0.202    -0.183    -0.340    -0.867    -2.110    -2.513    -2.593    -2.540    -1.968    -0.933
     9.75    49.75    2102    -0.435    -0.260    -0.176    -0.169    -0.191    -0.309    -0.733    -2.106    -2.493    -2.209    -0.928    -0.392
     9.75    49.75    2103    -0.245    -0.176    -0.163    -0.169    -0.202    -0.388    -1.053    -1.899    -2.329    -2.386    -2.195    -1.117
     9.75    49.75    2104    -0.551    -0.335    -0.223    -0.206    -0.221    -0.384    -1.242    -2.351    -2.484    -2.235    -1.133    -0.460
     9.75    49.75    2105    -0.265    -0.181    -0.174    -0.176    -0.213    -0.503    -1.782    -2.522    -2.590    -2.592    -2.199    -1.004
     9.75    49.75    2106    -0.483    -0.233    -0.171    -0.179    -0.183    -0.256    -0.659    -1.964    -2.652    -2.737    -1.893    -0.729
     9.75    49.75    2107    -0.384    -0.236    -0.174    -0.182    -0.217    -0.382    -0.867    -1.422    -1.935    -1.715    -0.897    -0.439
     9.75    49.75    2108    -0.292    -0.198    -0.180    -0.212    -0.415    -1.477    -2.506    -2.625    -2.690    -2.683    -1.988    -0.664
     9.75    49.75    2109    -0.285    -0.186    -0.159    -0.170    -0.309    -0.966    -2.089    -2.204    -2.305    -2.382    -2.200    -1.129
     9.75    49.75    2110    -0.544    -0.344    -0.233    -0.211    -0.252    -0.315    -0.470    -0.866    -1.606    -1.979    -1.626    -1.008
     9.75    49.75    2111    -0.678    -0.447    -0.316    -0.324    -0.671    -1.705    -1.908    -2.001    -2.128    -2.126    -1.278    -0.590
     9.75    49.75    2112    -0.313    -0.212    -0.187    -0.194    -0.270    -0.524    -1.491    -2.067    -2.202    -2.260    -1.527    -0.866
     9.75    49.75    2113    -0.351    -0.197    -0.173    -0.176    -0.190    -0.280    -0.754    -1.970    -2.266    -2.419    -2.388    -1.664
     9.75    49.75    2114    -0.568    -0.288    -0.212    -0.231    -0.411    -0.975    -2.283    -2.673    -2.755    -2.754    -2.535    -1.361
     9.75    49.75    2115    -0.690    -0.358    -0.272    -0.254    -0.307    -0.669    -2.049    -2.727    -2.892    -3.008    -2.714    -1.569
     9.75    49.75    2116    -0.786    -0.441    -0.363    -0.408    -0.501    -1.296    -2.812    -3.035    -3.083    -3.095    -2.710    -1.269
     9.75    49.75    2117    -0.630    -0.433    -0.340    -0.315    -0.435    -1.444    -2.971    -3.051    -3.084    -3.099    -2.912    -1.337
     9.75    49.75    2118    -0.600    -0.372    -0.267    -0.244    -0.302    -0.685    -2.252    -2.974    -3.016    -3.042    -2.776    -1.351
     9.75    49.75    2119    -0.534    -0.297    -0.266    -0.325    -0.658    -2.353    -2.977    -2.954    -2.996    -3.015    -2.450    -1.389
     9.75    49.75    2120    -0.663    -0.347    -0.271    -0.369    -1.279    -2.765    -2.833    -2.870    -2.902    -2.562    -1.184    -0.489
     9.75    49.75    2121    -0.230    -0.204    -0.162    -0.171    -0.254    -0.404    -1.142    -1.924    -1.979    -1.970    -1.769    -1.100
     9.75    49.75    2122    -0.565    -0.310    -0.247    -0.225    -0.266    -0.598    -1.732    -2.063    -2.090    -2.081    -1.997    -1.482
     9.75    49.75    2123    -0.577    -0.294    -0.214    -0.215    -0.412    -1.243    -2.091    -2.164    -2.233    -2.278    -2.210    -1.206
     9.75    49.75    2124    -0.505    -0.352    -0.283    -0.260    -0.312    -0.555    -1.601    -2.092    -2.149    -2.242    -1.977    -1.187
     9.75    49.75    2125    -0.717    -0.306    -0.221    -0.262    -0.357    -0.748    -1.757    -2.158    -2.353    -2.430    -1.580    -0.523
     9.75    49.75    2126    -0.282    -0.186    -0.163    -0.183    -0.300    -0.840    -1.965    -2.436    -2.511    -2.323    -1.084    -0.426
     9.75    49.75    2127    -0.257    -0.172    -0.162    -0.171    -0.258    -0.676    -2.078    -2.455    -2.523    -2.546    -2.317    -1.060
     9.75    49.75    2128    -0.402    -0.252    -0.179    -0.164    -0.247    -0.753    -2.205    -2.423    -2.410    -2.429    -1.674    -0.622
     9.75    49.75    2129    -0.375    -0.205    -0.182    -0.207    -0.297    -0.635    -1.987    -2.472    -2.552    -2.459    -1.418    -0.514
     9.75    49.75    2130    -0.261    -0.182    -0.165    -0.167    -0.199    -0.380    -1.351    -2.531    -2.644    -2.657    -2.088    -0.846
    13.75    55.75    1980    -0.130    -0.130    -0.127    -0.126    -0.139    -0.190    -0.316    -0.621    -0.904    -0.615    -0.303    -0.210
    13.75    55.75    1981    -0.141    -0.126    -0.125    -0.126    -0.139    -0.192    -0.307    -0.622    -1.130    -1.261    -0.672    -0.308
    13.75    55.75    1982    -0.182    -0.130    -0.125    -0.125    -0.131    -0.157    -0.246    -0.473    -0.841    -0.645    -0.346    -0.187
    13.75    55.75    1983    -0.163    -0.129    -0.125    -0.126    -0.142    -0.191    -0.296    -0.604    -1.256    -1.663    -1.072    -0.402
    13.75    55.75    1984    -0.201    -0.144    -0.129    -0.125    -0.130    -0.159    -0.207    -0.256    -0.294    -0.254    -0.159    -0.131
    13.75    55.75    1985    -0.126    -0.125    -0.125    -0.126    -0.128    -0.139    -0.171    -0.185    -0.187    -0.148    -0.127    -0.125
    13.75    55.75    1986    -0.126    -0.126    -0.126    -0.126    -0.129    -0.153    -0.231    -0.326    -0.316    -0.201    -0.146    -0.128
    13.75    55.75    1987    -0.126    -0.126    -0.126    -0.126    -0.138    -0.176    -0.224    -0.376    -0.401    -0.238    -0.152    -0.127
    13.75    55.75    1988    -0.125    -0.125    -0.125    -0.126    -0.141    -0.194    -0.348    -0.621    -0.956    -1.118    -0.875    -0.426
    13.75    55.75    1989    -0.241    -0.240    -0.175    -0.126    -0.132    -0.172    -0.282    -0.465    -0.733    -0.625    -0.294    -0.169
    13.75    55.75    1990    -0.137    -0.130    -0.126    -0.125    -0.135    -0.149    -0.196    -0.301    -0.307    -0.243    -0.178    -0.132
    13.75    55.75    1991    -0.126    -0.126    -0.126    -0.126    -0.135    -0.189    -0.334    -0.375    -0.297    -0.212    -0.150    -0.130
    13.75    55.75    1992    -0.125    -0.125    -0.125    -0.125    -0.133    -0.160    -0.214    -0.375    -0.617    -0.728    -0.530    -0.241
    13.75    55.75    1993    -0.229    -0.218    -0.155    -0.126    -0.137    -0.172    -0.208    -0.223    -0.253    -0.236    -0.170    -0.165
    13.75    55.75    1994    -0.162    -0.140    -0.126    -0.127    -0.137    -0.174    -0.229    -0.235    -0.261    -0.205    -0.145    -0.131
    13.75    55.75    1995    -0.128    -0.127    -0.126    -0.126    -0.135    -0.172    -0.266    -0.491    -0.814    -0.801    -0.357    -0.191
    13.75    55.75    1996    -0.132    -0.125    -0.125    -0.126    -0.135    -0.183    -0.317    -0.522    -0.704    -0.488    -0.250    -0.176
    13.75    55.75    1997    -0.138    -0.138    -0.133    -0.126    -0.135    -0.181    -0.266    -0.359    -0.378    -0.288    -0.176    -0.133
    13.75    55.75    1998    -0.129    -0.127    -0.126    -0.126    -0.141    -0.172    -0.245    -0.449    -0.591    -0.584    -0.460    -0.267
    13.75    55.75    1999    -0.195    -0.161    -0.130    -0.132    -0.138    -0.180    -0.313    -0.523    -0.622    -0.361    -0.220    -0.142
    13.75    55.75    2000    -0.129    -0.126    -0.126    -0.129    -0.158    -0.251    -0.474    -1.037    -1.681    -1.466    -0.692    -0.282
    13.75    55.75    2001    -0.201    -0.201    -0.198    -0.131    -0.130    -0.149    -0.185    -0.215    -0.206    -0.170    -0.137    -0.128
    13.75    55.75    2002    -0.128    -0.129    -0.128    -0.126    -0.133    -0.181    -0.312    -0.488    -0.426    -0.276    -0.182    -0.140
    13.75    55.75    2003    -0.129    -0.129    -0.127    -0.126    -0.133    -0.168    -0.252    -0.310    -0.344    -0.227    -0.155    -0.128
    13.75    55.75    2004    -0.126    -0.126    -0.126    -0.126    -0.135    -0.152    -0.154    -0.185    -0.238    -0.268    -0.191    -0.138
    13.75    55.75    2005    -0.130    -0.128    -0.127    -0.127    -0.142    -0.187    -0.305    -0.582    -1.021    -1.022    -0.370    -0.178
    13.75    55.75    2006    -0.133    -0.132    -0.126    -0.128    -0.157    -0.247    -0.482    -1.030    -1.419    -0.904    -0.365    -0.173
    13.75    55.75    2007    -0.133    -0.133    -0.126    -0.126    -0.130    -0.159    -0.252    -0.412    -0.428    -0.285    -0.183    -0.132
    13.75    55.75    2008    -0.128    -0.126    -0.126    -0.126    -0.136    -0.193    -0.333    -0.632    -1.110    -1.106    -0.584    -0.301
    13.75    55.75    2009    -0.151    -0.128    -0.125    -0.127    -0.146    -0.221    -0.376    -0.696    -1.239    -1.325    -0.854    -0.322
    13.75    55.75    2010    -0.192    -0.174    -0.126    -0.127    -0.138    -0.171    -0.232    -0.308    -0.362    -0.327    -0.258    -0.156
    13.75    55.75    2011    -0.135    -0.128    -0.126    -0.128    -0.143    -0.204    -0.308    -0.458    -0.759    -0.998    -0.658    -0.247
    13.75    55.75    2012    -0.166    -0.135    -0.127    -0.127    -0.134    -0.182    -0.323    -0.575    -0.761    -0.618    -0.350    -0.187
    13.75    55.75    2013    -0.132    -0.130    -0.126    -0.127    -0.133    -0.173    -0.261    -0.290    -0.310    -0.319    -0.228    -0.138
    13.75    55.75    2014    -0.131    -0.131    -0.128    -0.127    -0.141    -0.189    -0.338    -0.556    -0.805    -0.913    -0.635    -0.289
    13.75    55.75    2015    -0.170    -0.133    -0.126    -0.127    -0.147    -0.222    -0.399    -0.774    -1.534    -1.954    -1.468    -0.472
    13.75    55.75    2016    -0.235    -0.155    -0.135    -0.126    -0.136    -0.192    -0.349    -0.608    -0.926    -0.896    -0.645    -0.357
    13.75    55.75    2017    -0.224    -0.154    -0.137    -0.129    -0.132    -0.159    -0.244    -0.409    -0.558    -0.492    -0.291    -0.181
    13.75    55.75    2018    -0.165    -0.136    -0.126    -0.127    -0.142    -0.168    -0.262    -0.447    -0.844    -1.022    -0.438    -0.187
    13.75    55.75    2019    -0.137    -0.125    -0.125    -0.126    -0.148    -0.228    -0.395    -0.838    -1.512    -1.190    -0.528    -0.230
    13.75    55.75    2020    -0.145    -0.125    -0.125    -0.125    -0.138    -0.182    -0.281    -0.490    -0.623    -0.594    -0.325    -0.181
    13.75    55.75    2021    -0.147    -0.147    -0.146    -0.126    -0.135    -0.177    -0.277    -0.551    -1.124    -1.698    -1.451    -0.922
    13.75    55.75    2022    -0.915    -0.500    -0.149    -0.138    -0.159    -0.162    -0.151    -0.226    -0.357    -0.398    -0.301    -0.183
    13.75    55.75    2023    -0.156    -0.127    -0.125    -0.125    -0.130    -0.138    -0.137    -0.154    -0.141    -0.141    -0.130    -0.125
    13.75    55.75    2024    -0.125    -0.125    -0.125    -0.125    -0.138    -0.185    -0.294    -0.455    -0.729    -0.705    -0.389    -0.199
    13.75    55.75    2025    -0.146    -0.126    -0.125    -0.126    -0.143    -0.204    -0.327    -0.591    -0.867    -0.697    -0.414    -0.169
    13.75    55.75    2026    -0.131    -0.127    -0.125    -0.125    -0.134    -0.181    -0.286    -0.522    -0.713    -0.523    -0.237    -0.160
    13.75    55.75    2027    -0.129    -0.125    -0.125    -0.126    -0.144    -0.214    -0.300    -0.250    -0.214    -0.197    -0.151    -0.126
    13.75    55.75    2028    -0.126    -0.126    -0.126    -0.125    -0.137    -0.177    -0.196    -0.216    -0.263    -0.270    -0.215    -0.148
    13.75    55.75    2029    -0.134    -0.133    -0.127    -0.126    -0.142    -0.212    -0.379    -0.597    -0.560    -0.453    -0.319    -0.215
    13.75    55.75    2030    -0.201    -0.193    -0.132    -0.128    -0.144    -0.170    -0.205    -0.301    -0.524    -0.668    -0.425    -0.195
    13.75    55.75    2031    -0.138    -0.128    -0.127    -0.130    -0.154    -0.229    -0.415    -0.677    -0.908    -0.880    -0.425    -0.223
    13.75    55.75    2032    -0.142    -0.127    -0.127    -0.130    -0.146    -0.226    -0.424    -0.871    -1.600    -1.411    -0.606    -0.195
    13.75    55.75    2033    -0.132    -0.126    -0.126    -0.131    -0.161    -0.224    -0.191    -0.277    -0.407    -0.396    -0.283    -0.170
    13.75    55.75    2034    -0.134    -0.132    -0.130    -0.128    -0.148    -0.174    -0.225    -0.343    -0.329    -0.280    -0.169    -0.136
    13.75    55.75    2035    -0.131    -0.128    -0.127    -0.128    -0.145    -0.201    -0.206    -0.255    -0.338    -0.394    -0.344    -0.201
    13.75    55.75    2036    -0.147    -0.132    -0.129    -0.130    -0.151    -0.223    -0.397    -0.685    -0.867    -0.529    -0.318    -0.167
    13.75    55.75    2037    -0.132    -0.127    -0.128    -0.129    -0.154    -0.226    -0.323    -0.490    -0.698    -0.670    -0.440    -0.203
    13.75    55.75    2038    -0.146    -0.131    -0.129    -0.130    -0.143    -0.193    -0.182    -0.202    -0.299    -0.342    -0.272    -0.182
    13.75    55.75    2039    -0.141    -0.133    -0.130    -0.130    -0.150    -0.206    -0.353    -0.524    -0.680    -0.639    -0.501    -0.277
    13.75    55.75    2040    -0.159    -0.133    -0.130    -0.134    -0.158    -0.263    -0.465    -0.710    -0.905    -0.663    -0.332    -0.186
    13.75    55.75    2041    -0.134    -0.130    -0.129    -0.132    -0.166    -0.296    -0.561    -0.975    -1.167    -0.764    -0.288    -0.161
    13.75    55.75    2042    -0.131    -0.130    -0.130    -0.131    -0.150    -0.191    -0.216    -0.272    -0.279    -0.240    -0.187    -0.149
    13.75    55.75    2043    -0.144    -0.144    -0.136    -0.133    -0.158    -0.252    -0.512    -0.890    -1.338    -1.392    -1.161    -0.574
    13.75    55.75    2044    -0.255    -0.190    -0.150    -0.143    -0.168    -0.222    -0.280    -0.308    -0.301    -0.287    -0.219    -0.159
    13.75    55.75    2045    -0.148    -0.145    -0.136    -0.136    -0.148    -0.205    -0.424    -0.710    -1.271    -1.623    -1.171    -0.465
    13.75    55.75    2046    -0.261    -0.174    -0.143    -0.133    -0.144    -0.208    -0.368    -0.469    -0.699    -0.738    -0.443    -0.198
    13.75    55.75    2047    -0.151    -0.144    -0.142    -0.134    -0.145    -0.202    -0.389    -0.726    -1.047    -1.155    -0.783    -0.311
    13.75    55.75    2048    -0.183    -0.144    -0.132    -0.134    -0.155    -0.234    -0.475    -0.782    -1.179    -1.324    -0.571    -0.234
    13.75    55.75    2049    -0.172    -0.148    -0.133    -0.134    -0.152    -0.259    -0.350    -0.425    -0.552    -0.526    -0.397    -0.233
    13.75    55.75    2050    -0.177    -0.147    -0.139    -0.138    -0.147    -0.185    -0.371    -0.644    -0.821    -0.645    -0.357    -0.185
    13.75    55.75    2051    -0.149    -0.138    -0.138    -0.139    -0.157    -0.201    -0.377    -0.626    -0.741    -0.739    -0.469    -0.233
    13.75    55.75    2052    -0.193    -0.193    -0.153    -0.143    -0.153    -0.207    -0.469    -0.745    -0.888    -0.722    -0.414    -0.214
    13.75    55.75    2053    -0.186    -0.186    -0.163    -0.143    -0.166    -0.266    -0.600    -0.861    -0.947    -0.900    -0.446    -0.233
    13.75    55.75    2054    -0.188    -0.188    -0.156    -0.144    -0.168    -0.283    -0.522    -0.677    -0.768    -0.767    -0.470    -0.269
    13.75    55.75    2055    -0.175    -0.151    -0.146    -0.164    -0.272    -0.623    -0.925    -1.323    -1.613    -1.410    -0.811    -0.294
    13.75    55.75    2056    -0.201    -0.161    -0.144    -0.153    -0.193    -0.329    -0.745    -0.975    -0.846    -0.594    -0.345    -0.201
    13.75    55.75    2057    -0.160    -0.147    -0.146    -0.149    -0.187    -0.449    -0.895    -1.005    -1.005    -0.886    -0.699    -0.481
    13.75    55.75    2058    -0.284    -0.209    -0.182    -0.171    -0.235    -0.533    -0.840    -1.024    -1.077    -1.133    -0.999    -0.541
    13.75    55.75    2059    -0.328    -0.219    -0.165    -0.157    -0.180    -0.292    -0.417    -0.678    -0.705    -0.637    -0.385    -0.244
    13.75    55.75    2060    -0.202    -0.162    -0.153    -0.157    -0.224    -0.586    -0.786    -0.783    -0.975    -1.021    -0.671    -0.330
    13.75    55.75    2061    -0.199    -0.155    -0.151    -0.153    -0.183    -0.385    -0.847    -0.928    -1.006    -0.981    -0.697    -0.378
    13.75    55.75    2062    -0.212    -0.177    -0.159    -0.154    -0.174    -0.260    -0.622    -1.020    -1.167    -1.151    -0.584    -0.283
    13.75    55.75    2063    -0.182    -0.155    -0.151    -0.153    -0.182    -0.336    -0.834    -1.104    -1.153    -1.034    -0.793    -0.526
    13.75    55.75    2064    -0.282    -0.192    -0.161    -0.158    -0.229    -0.588    -0.979    -1.021    -0.941    -0.795    -0.673    -0.327
    13.75    55.75    2065    -0.225    -0.172    -0.160    -0.165    -0.228    -0.590    -1.039    -1.160    -1.154    -1.116    -0.821    -0.413
    13.75    55.75    2066    -0.259    -0.196    -0.163    -0.160    -0.210    -0.513    -0.990    -1.295    -1.484    -1.123    -0.728    -0.417
    13.75    55.75    2067    -0.234    -0.182    -0.155    -0.166    -0.229    -0.442    -0.958    -1.258    -1.516    -1.674    -1.202    -0.481
    13.75    55.75    2068    -0.246    -0.189    -0.153    -0.159    -0.238    -0.686    -1.222    -1.475    -1.752    -1.856    -1.256    -0.642
    13.75    55.75    2069    -0.307    -0.188    -0.162    -0.148    -0.170    -0.212    -0.274    -0.571    -1.041    -1.198    -0.909    -0.351
    13.75    55.75    2070    -0.231    -0.181    -0.161    -0.163    -0.193    -0.295    -0.694    -1.212    -1.278    -0.941    -0.493    -0.266
    13.75    55.75    2071    -0.194    -0.162    -0.162    -0.166    -0.230    -0.612    -1.138    -1.425    -1.520    -1.365    -0.821    -0.347
    13.75    55.75    2072    -0.211    -0.171    -0.165    -0.166    -0.186    -0.260    -0.312    -0.367    -0.443    -0.432    -0.273    -0.192
    13.75    55.75    2073    -0.179    -0.175    -0.175    -0.176    -0.243    -0.711    -1.324    -1.623    -1.843    -1.710    -1.261    -0.566
    13.75    55.75    2074    -0.327    -0.190    -0.166    -0.167    -0.210    -0.470    -1.154    -1.441    -1.334    -0.974    -0.567    -0.299
    13.75    55.75    2075    -0.197    -0.177    -0.176    -0.178    -0.224    -0.459    -0.733    -1.091    -1.437    -1.411    -0.902    -0.422
    13.75    55.75    2076    -0.272    -0.196    -0.178    -0.183    -0.268    -0.828    -1.485    -1.743    -1.960    -1.823    -0.774    -0.387
    13.75    55.75    2077    -0.197    -0.168    -0.167    -0.170    -0.219    -0.435    -1.197    -1.737    -1.790    -1.079    -0.554    -0.318
    13.75    55.75    2078    -0.190    -0.165    -0.165    -0.171    -0.231    -0.488    -1.016    -1.305    -1.463    -1.423    -0.743    -0.256
    13.75    55.75    2079    -0.189    -0.182    -0.182    -0.199    -0.370    -1.115    -1.255    -1.413    -1.428    -1.432    -1.088    -0.543
    13.75    55.75    2080    -0.304    -0.233    -0.200    -0.199    -0.276    -0.715    -1.449    -1.789    -1.906    -1.822    -1.161    -0.671
    13.75    55.75    2081    -0.379    -0.280    -0.214    -0.210    -0.276    -0.753    -1.500    -1.854    -2.063    -2.120    -1.633    -0.648
    13.75    55.75    2082    -0.329    -0.231    -0.194    -0.175    -0.212    -0.358    -0.833    -1.354    -1.508    -1.454    -0.809    -0.355
    13.75    55.75    2083    -0.251    -0.194    -0.187    -0.190    -0.220    -0.455    -1.330    -1.778    -1.940    -1.963    -1.672    -0.738
    13.75    55.75    2084    -0.339    -0.225    -0.186    -0.199    -0.320    -0.511    -1.235    -1.759    -2.005    -2.024    -1.000    -0.463
    13.75    55.75    2085    -0.240    -0.181    -0.180    -0.186    -0.201    -0.370    -1.108    -1.844    -1.958    -1.956    -1.587    -0.881
    13.75    55.75    2086    -0.452    -0.270    -0.229    -0.219    -0.288    -0.712    -1.653    -1.943    -2.003    -1.958    -1.147    -0.489
    13.75    55.75    2087    -0.287    -0.224    -0.194    -0.193    -0.225    -0.358    -1.064    -1.824    -2.073    -2.142    -1.538    -0.595
    13.75    55.75    2088    -0.335    -0.233    -0.191    -0.190    -0.242    -0.526    -1.564    -2.084    -2.220    -1.757    -0.922    -0.350
    13.75    55.75    2089    -0.212    -0.186    -0.187    -0.204    -0.316    -1.055    -2.006    -2.306    -2.393    -2.165    -1.342    -0.592
    13.75    55.75    2090    -0.296    -0.189    -0.175    -0.193    -0.285    -0.900    -1.972    -2.268    -2.327    -1.602    -0.684    -0.333
    13.75    55.75    2091    -0.203    -0.187    -0.187    -0.192    -0.247    -0.381    -0.675    -1.409    -1.724    -1.393    -0.754    -0.429
    13.75    55.75    2092    -0.251    -0.206    -0.206    -0.211    -0.286    -0.774    -1.863    -2.262    -2.336    -1.693    -0.932    -0.429
    13.75    55.75    2093    -0.238    -0.201    -0.200    -0.209    -0.335    -0.903    -1.889    -2.336    -2.478    -2.475    -1.864    -0.968
    13.75    55.75    2094    -0.416    -0.282    -0.219    -0.202    -0.249    -0.654    -1.462    -1.963    -2.291    -2.376    -1.822    -0.918
    13.75    55.75    2095    -0.529    -0.297    -0.207    -0.206    -0.287    -0.720    -1.850    -2.279    -2.405    -2.451    -2.053    -1.014
    13.75    55.75    2096    -0.442    -0.277    -0.214    -0.217    -0.312    -1.027    -2.178    -2.393    -2.465    -1.677    -0.835    -0.383
    13.75    55.75    2097    -0.261    -0.206    -0.203    -0.206    -0.308    -0.958    -2.182    -2.218    -2.083    -1.873    -1.123    -0.522
    13.75    55.75    2098    -0.327    -0.226    -0.209    -0.212    -0.315    -1.121    -2.298    -2.580    -2.706    -2.563    -1.877    -0.757
    13.75    55.75    2099    -0.417    -0.217    -0.193    -0.199    -0.260    -0.413    -0.875    -2.075    -2.581    -2.456    -1.155    -0.416
    13.75    55.75    2100    -0.235    -0.212    -0.212    -0.220    -0.323    -0.618    -1.594    -2.332    -2.665    -2.692    -2.060    -1.050
    13.75    55.75    2101    -0.592    -0.349    -0.258    -0.250    -0.457    -1.437    -2.337    -2.649    -2.549    -2.080    -1.124    -0.555
    13.75    55.75    2102    -0.319    -0.237    -0.215    -0.216    -0.266    -0.408    -0.585    -0.841    -1.192    -1.073    -0.599    -0.319
    13.75    55.75    2103    -0.242    -0.231    -0.231    -0.237    -0.382    -1.419    -2.444    -2.685    -2.726    -2.614    -1.639    -0.860
    13.75    55.75    2104    -0.459    -0.266    -0.213    -0.219    -0.306    -0.968    -2.104    -2.435    -2.412    -2.135    -1.161    -0.519
    13.75    55.75    2105    -0.334    -0.242    -0.232    -0.240    -0.309    -0.665    -0.980    -1.666    -2.421    -2.434    -1.420    -0.614
    13.75    55.75    2106    -0.375    -0.252    -0.234    -0.244    -0.372    -1.365    -2.452    -2.805    -2.859    -2.616    -1.260    -0.568
    13.75    55.75    2107    -0.318    -0.224    -0.219    -0.227    -0.331    -0.847    -2.293    -2.877    -2.776    -1.945    -1.083    -0.490
    13.75    55.75    2108    -0.275    -0.214    -0.213    -0.226    -0.374    -0.995    -2.059    -2.243    -2.536    -2.153    -0.969    -0.409
    13.75    55.75    2109    -0.247    -0.239    -0.240    -0.278    -0.634    -2.086    -2.543    -2.751    -2.677    -2.486    -1.912    -0.999
    13.75    55.75    2110    -0.605    -0.420    -0.335    -0.336    -0.594    -1.795    -2.564    -2.848    -2.894    -2.568    -1.587    -0.903
    13.75    55.75    2111    -0.463    -0.346    -0.285    -0.259    -0.403    -1.140    -2.467    -2.916    -3.003    -2.993    -2.491    -1.111
    13.75    55.75    2112    -0.466    -0.312    -0.247    -0.216    -0.256    -0.549    -1.179    -2.144    -2.331    -2.323    -1.164    -0.451
    13.75    55.75    2113    -0.310    -0.238    -0.236    -0.239    -0.299    -0.677    -2.101    -2.743    -2.868    -2.886    -2.237    -1.040
    13.75    55.75    2114    -0.437    -0.267    -0.235    -0.261    -0.502    -0.922    -2.148    -2.782    -2.912    -2.877    -1.678    -0.787
    13.75    55.75    2115    -0.384    -0.268    -0.219    -0.223    -0.258    -0.425    -1.460    -2.478    -2.661    -2.690    -2.162    -1.150
    13.75    55.75    2116    -0.541    -0.354    -0.284    -0.278    -0.374    -1.110    -2.342    -2.793    -2.848    -2.840    -1.732    -0.677
    13.75    55.75    2117    -0.392    -0.265    -0.231    -0.235    -0.270    -0.499    -1.582    -2.693    -2.935    -2.922    -2.355    -1.044
    13.75    55.75    2118    -0.460    -0.281    -0.230    -0.231    -0.311    -0.737    -2.217    -2.925    -3.008    -2.459    -1.277    -0.580
    13.75    55.75    2119    -0.289    -0.223    -0.225    -0.249    -0.417    -1.570    -2.800    -3.066    -3.070    -2.812    -1.703    -0.724
    13.75    55.75    2120    -0.352    -0.220    -0.211    -0.232    -0.382    -1.378    -2.704    -3.005    -3.023    -2.380    -1.024    -0.430
    13.75    55.75    2121    -0.272    -0.222    -0.222    -0.228    -0.293    -0.525    -0.900    -1.875    -2.239    -1.991    -0.996    -0.520
    13.75    55.75    2122    -0.351    -0.249    -0.247    -0.252    -0.331    -0.971    -2.377    -2.846    -2.878    -2.488    -1.477    -0.692
    13.75    55.75    2123    -0.345    -0.242    -0.242    -0.254    -0.468    -1.534    -2.488    -2.905    -2.991    -3.002    -2.633    -1.160
    13.75    55.75    2124    -0.489    -0.332    -0.256    -0.231    -0.325    -1.038    -2.514    -2.772    -2.874    -2.960    -1.858    -0.966
    13.75    55.75    2125    -0.603    -0.349    -0.250    -0.247    -0.360    -1.037    -2.451    -2.843    -2.949    -2.976    -2.680    -1.257
    13.75    55.75    2126    -0.531    -0.335    -0.263    -0.273    -0.381    -1.361    -2.751    -2.945    -2.982    -2.472    -1.080    -0.514
    13.75    55.75    2127    -0.291    -0.232    -0.231    -0.238    -0.381    -1.273    -2.655    -2.773    -2.927    -2.592    -2.053    -0.898
    13.75    55.75    2128    -0.530    -0.327    -0.235    -0.239    -0.381    -1.493    -2.784    -3.060    -3.140    -3.131    -1.868    -0.717
    13.75    55.75    2129    -0.333    -0.223    -0.211    -0.216    -0.273    -0.490    -0.900    -2.266    -2.913    -2.607    -0.943    -0.361
    13.75    55.75    2130    -0.248    -0.237    -0.239    -0.249    -0.382    -0.856    -2.064    -2.725    -2.951    -2.942    -2.196    -0.986
    23.75    61.75    1980    -0.166    -0.166    -0.167    -0.169    -0.173    -0.215    -0.279    -0.394    -0.384    -0.255    -0.170    -0.167
    23.75    61.75    1981    -0.167    -0.168    -0.167    -0.167    -0.172    -0.207    -0.304    -0.386    -0.360    -0.245    -0.189    -0.189
    23.75    61.75    1982    -0.191    -0.191    -0.191    -0.177    -0.172    -0.182    -0.262    -0.404    -0.418    -0.228    -0.171    -0.168
    23.75    61.75    1983    -0.167    -0.168    -0.168    -0.168    -0.185    -0.241    -0.379    -0.619    -0.929    -0.879    -0.694    -0.695
    23.75    61.75    1984    -0.684    -0.668    -0.673    -0.638    -0.220    -0.199    -0.226    -0.200    -0.198    -0.183    -0.184    -0.183
    23.75    61.75    1985    -0.182    -0.184    -0.183    -0.176    -0.174    -0.206    -0.276    -0.265    -0.221    -0.170    -0.167    -0.167
    23.75    61.75    1986    -0.168    -0.168    -0.168    -0.168    -0.171    -0.189    -0.247    -0.337    -0.362    -0.266    -0.208    -0.208
    23.75    61.75    1987    -0.210    -0.210    -0.210    -0.189    -0.181    -0.230    -0.271    -0.341    -0.383    -0.267    -0.201    -0.199
    23.75    61.75    1988    -0.202    -0.202    -0.182    -0.168    -0.181    -0.214    -0.315    -0.425    -0.255    -0.194    -0.169    -0.168
    23.75    61.75    1989    -0.168    -0.168    -0.167    -0.168    -0.180    -0.252    -0.367    -0.527    -0.586    -0.354    -0.219    -0.219
    23.75    61.75    1990    -0.220    -0.220    -0.221    -0.208    -0.175    -0.212    -0.300    -0.285    -0.217    -0.169    -0.168    -0.168
    23.75    61.75    1991    -0.168    -0.168    -0.169    -0.167    -0.183    -0.221    -0.334    -0.488    -0.476    -0.281    -0.199    -0.199
    23.75    61.75    1992    -0.200    -0.200    -0.187    -0.168    -0.176    -0.224    -0.246    -0.207    -0.178    -0.168    -0.168    -0.168
    23.75    61.75    1993    -0.169    -0.169    -0.168    -0.168    -0.179    -0.259    -0.406    -0.439    -0.366    -0.212    -0.190    -0.190
    23.75    61.75    1994    -0.191    -0.176    -0.167    -0.167    -0.175    -0.212    -0.306    -0.385    -0.296    -0.189    -0.167    -0.167
    23.75    61.75    1995    -0.167    -0.166    -0.167    -0.168    -0.172    -0.192    -0.240    -0.284    -0.319    -0.262    -0.176    -0.169
    23.75    61.75    1996    -0.171    -0.171    -0.171    -0.170    -0.174    -0.237    -0.412    -0.410    -0.330    -0.250    -0.177    -0.173
    23.75    61.75    1997    -0.173    -0.173    -0.174    -0.170    -0.173    -0.219    -0.358    -0.408    -0.298    -0.208    -0.168    -0.166
    23.75    61.75    1998    -0.166    -0.166    -0.167    -0.167    -0.171    -0.208    -0.267    -0.308    -0.291    -0.189    -0.167    -0.166
    23.75    61.75    1999    -0.167    -0.167    -0.167    -0.167    -0.171    -0.194    -0.255    -0.277    -0.245    -0.205    -0.167    -0.167
    23.75    61.75    2000    -0.168    -0.168    -0.168    -0.168    -0.177    -0.220    -0.333    -0.352    -0.302    -0.223    -0.169    -0.167
    23.75    61.75    2001    -0.167    -0.167    -0.167    -0.168    -0.175    -0.233    -0.397    -0.382    -0.263    -0.213    -0.209    -0.209
    23.75    61.75    2002    -0.210    -0.210    -0.185    -0.168    -0.172    -0.176    -0.213    -0.257    -0.211    -0.181    -0.169    -0.167
    23.75    61.75    2003    -0.168    -0.168    -0.168    -0.169    -0.174    -0.196    -0.296    -0.478    -0.492    -0.297    -0.196    -0.193
    23.75    61.75    2004    -0.194    -0.194    -0.195    -0.170    -0.189    -0.255    -0.346    -0.295    -0.237    -0.177    -0.167    -0.167
    23.75    61.75    2005    -0.167    -0.167    -0.167    -0.169    -0.183    -0.221    -0.251    -0.293    -0.315    -0.220    -0.195    -0.195
    23.75    61.75    2006    -0.189    -0.181    -0.172    -0.168    -0.188    -0.281    -0.534    -0.979    -0.771    -0.337    -0.179    -0.176
    23.75    61.75    2007    -0.176    -0.176    -0.176    -0.169    -0.174    -0.217    -0.303    -0.339    -0.200    -0.168    -0.166    -0.166
    23.75    61.75    2008    -0.167    -0.167    -0.167    -0.167    -0.174    -0.242    -0.402    -0.641    -0.671    -0.416    -0.247    -0.232
    23.75    61.75    2009    -0.202    -0.172    -0.169    -0.172    -0.200    -0.283    -0.519    -0.881    -0.917    -0.568    -0.335    -0.244
    23.75    61.75    2010    -0.243    -0.243    -0.198    -0.168    -0.177    -0.230    -0.352    -0.346    -0.238    -0.178    -0.169    -0.169
    23.75    61.75    2011    -0.169    -0.169    -0.166    -0.167    -0.174    -0.243    -0.412    -0.514    -0.351    -0.264    -0.187    -0.167
    23.75    61.75    2012    -0.167    -0.167    -0.167    -0.167    -0.192    -0.266    -0.440    -0.554    -0.453    -0.291    -0.185    -0.175
    23.75    61.75    2013    -0.172    -0.172    -0.172    -0.169    -0.174    -0.203    -0.287    -0.365    -0.274    -0.218    -0.171    -0.168
    23.75    61.75    2014    -0.167    -0.168    -0.168    -0.168    -0.182    -0.254    -0.302    -0.312    -0.383    -0.296    -0.206    -0.190
    23.75    61.75    2015    -0.190    -0.190    -0.191    -0.173    -0.180    -0.259    -0.408    -0.655    -0.741    -0.516    -0.278    -0.232
    23.75    61.75    2016    -0.232    -0.232    -0.234    -0.220    -0.174    -0.208    -0.276    -0.447    -0.522    -0.315    -0.232    -0.227
    23.75    61.75    2017    -0.228    -0.228    -0.200    -0.169    -0.173    -0.191    -0.193    -0.218    -0.212    -0.173    -0.169    -0.168
    23.75    61.75    2018    -0.169    -0.169    -0.168    -0.169    -0.190    -0.241    -0.329    -0.308    -0.226    -0.177    -0.169    -0.168
    23.75    61.75    2019    -0.169    -0.169    -0.169    -0.170    -0.200    -0.321    -0.639    -1.106    -1.140    -0.565    -0.307    -0.214
    23.75    61.75    2020    -0.192    -0.168    -0.169    -0.170    -0.182    -0.224    -0.398    -0.556    -0.354    -0.216    -0.173    -0.173
    23.75    61.75    2021    -0.173    -0.173    -0.173    -0.172    -0.194    -0.285    -0.463    -0.632    -0.612    -0.455    -0.242    -0.217
    23.75    61.75    2022    -0.221    -0.205    -0.173    -0.173    -0.202    -0.261    -0.341    -0.491    -0.546    -0.421    -0.249    -0.185
    23.75    61.75    2023    -0.187    -0.185    -0.186    -0.186    -0.190    -0.269    -0.319    -0.286    -0.252    -0.203    -0.185    -0.184
    23.75    61.75    2024    -0.186    -0.186    -0.186    -0.180    -0.187    -0.248    -0.384    -0.590    -0.541    -0.488    -0.285    -0.247
    23.75    61.75    2025    -0.210    -0.181    -0.176    -0.177    -0.186    -0.253    -0.452    -0.681    -0.599    -0.402    -0.247    -0.220
    23.75    61.75    2026    -0.218    -0.205    -0.177    -0.177    -0.193    -0.314    -0.738    -1.247    -1.517    -0.952    -0.437    -0.251
    23.75    61.75    2027    -0.231    -0.230    -0.200    -0.175    -0.192    -0.316    -0.684    -0.733    -0.514    -0.343    -0.239    -0.230
    23.75    61.75    2028    -0.234    -0.234    -0.233    -0.228    -0.191    -0.271    -0.414    -0.589    -0.431    -0.267    -0.198    -0.184
    23.75    61.75    2029    -0.185    -0.185    -0.186    -0.180    -0.205    -0.328    -0.607    -0.606    -0.409    -0.247    -0.204    -0.184
    23.75    61.75    2030    -0.184    -0.184    -0.184    -0.185    -0.203    -0.255    -0.459    -0.843    -1.073    -0.684    -0.416    -0.408
    23.75    61.75    2031    -0.404    -0.342    -0.186    -0.184    -0.226    -0.401    -0.790    -0.865    -0.893    -0.673    -0.333    -0.218
    23.75    61.75    2032    -0.215    -0.191    -0.188    -0.189    -0.232    -0.487    -0.947    -1.028    -0.967    -0.798    -0.505    -0.336
    23.75    61.75    2033    -0.341    -0.295    -0.195    -0.194    -0.222    -0.300    -0.371    -0.482    -0.615    -0.541    -0.329    -0.289
    23.75    61.75    2034    -0.298    -0.294    -0.293    -0.279    -0.235    -0.443    -0.914    -0.965    -0.644    -0.516    -0.340    -0.326
    23.75    61.75    2035    -0.325    -0.312    -0.279    -0.202    -0.230    -0.351    -0.428    -0.566    -0.659    -0.477    -0.297    -0.220
    23.75    61.75    2036    -0.213    -0.203    -0.202    -0.201    -0.212    -0.360    -0.844    -1.253    -1.353    -1.089    -0.680    -0.601
    23.75    61.75    2037    -0.590    -0.588    -0.419    -0.194    -0.215    -0.323    -0.682    -0.972    -0.997    -0.889    -0.558    -0.295
    23.75    61.75    2038    -0.256    -0.239    -0.225    -0.223    -0.202    -0.315    -0.762    -1.134    -1.028    -1.016    -0.617    -0.411
    23.75    61.75    2039    -0.406    -0.406    -0.338    -0.196    -0.220    -0.260    -0.491    -0.769    -0.800    -0.720    -0.407    -0.261
    23.75    61.75    2040    -0.250    -0.241    -0.210    -0.194    -0.221    -0.406    -0.920    -0.939    -0.817    -0.528    -0.326    -0.315
    23.75    61.75    2041    -0.295    -0.271    -0.259    -0.204    -0.283    -0.760    -1.303    -1.550    -1.556    -1.129    -0.511    -0.362
    23.75    61.75    2042    -0.281    -0.213    -0.211    -0.199    -0.219    -0.348    -0.616    -0.652    -0.453    -0.330    -0.248    -0.248
    23.75    61.75    2043    -0.247    -0.247    -0.247    -0.213    -0.218    -0.424    -1.037    -1.549    -1.679    -1.105    -0.601    -0.288
    23.75    61.75    2044    -0.211    -0.199    -0.199    -0.199    -0.236    -0.472    -1.136    -1.393    -1.288    -0.810    -0.378    -0.240
    23.75    61.75    2045    -0.213    -0.213    -0.205    -0.204    -0.230    -0.286    -0.495    -0.967    -1.041    -1.020    -0.809    -0.549
    23.75    61.75    2046    -0.558    -0.349    -0.263    -0.230    -0.252    -0.426    -0.579    -0.473    -0.629    -0.653    -0.413    -0.295
    23.75    61.75    2047    -0.256    -0.217    -0.217    -0.215    -0.261    -0.658    -1.285    -1.483    -1.560    -1.424    -0.906    -0.508
    23.75    61.75    2048    -0.502    -0.501    -0.497    -0.255    -0.256    -0.428    -1.053    -1.305    -1.188    -0.935    -0.495    -0.435
    23.75    61.75    2049    -0.440    -0.440    -0.282    -0.217    -0.301    -0.870    -1.481    -1.693    -1.565    -1.163    -0.600    -0.423
    23.75    61.75    2050    -0.422    -0.422    -0.415    -0.286    -0.231    -0.359    -0.903    -1.311    -1.054    -0.646    -0.416    -0.408
    23.75    61.75    2051    -0.307    -0.237    -0.224    -0.214    -0.231    -0.418    -1.167    -1.342    -1.122    -0.616    -0.323    -0.253
    23.75    61.75    2052    -0.248    -0.248    -0.245    -0.218    -0.261    -0.468    -0.879    -1.241    -1.203    -0.874    -0.499    -0.370
    23.75    61.75    2053    -0.375    -0.375    -0.314    -0.220    -0.257    -0.459    -1.222    -1.530    -1.634    -1.398    -0.659    -0.395
    23.75    61.75    2054    -0.386    -0.386    -0.372    -0.230    -0.234    -0.363    -0.743    -1.269    -0.950    -0.638    -0.411    -0.404
    23.75    61.75    2055    -0.405    -0.342    -0.220    -0.218    -0.264    -0.501    -1.191    -1.504    -1.349    -0.972    -0.471    -0.308
    23.75    61.75    2056    -0.238    -0.222    -0.222    -0.223    -0.247    -0.418    -1.137    -1.432    -1.450    -1.274    -0.782    -0.545
    23.75    61.75    2057    -0.380    -0.242    -0.224    -0.226    -0.310    -0.808    -1.613    -1.886    -1.913    -1.115    -0.461    -0.334
    23.75    61.75    2058    -0.327    -0.324    -0.255    -0.225    -0.291    -0.677    -1.451    -1.750    -1.858    -1.738    -1.069    -0.715
    23.75    61.75    2059    -0.712    -0.710    -0.489    -0.225    -0.289    -0.642    -1.348    -1.015    -0.705    -0.544    -0.329    -0.242
    23.75    61.75    2060    -0.252    -0.254    -0.235    -0.232    -0.243    -0.424    -0.750    -1.219    -1.389    -0.958    -0.406    -0.283
    23.75    61.75    2061    -0.283    -0.257    -0.232    -0.233    -0.259    -0.594    -1.517    -1.786    -1.655    -1.123    -0.489    -0.285
    23.75    61.75    2062    -0.259    -0.257    -0.257    -0.230    -0.251    -0.447    -1.343    -1.831    -1.841    -1.540    -1.022    -0.828
    23.75    61.75    2063    -0.510    -0.238    -0.226    -0.226    -0.279    -0.691    -1.708    -2.142    -2.324    -2.294    -1.956    -1.777
    23.75    61.75    2064    -1.747    -1.741    -1.200    -0.307    -0.371    -1.124    -1.956    -1.962    -1.468    -0.954    -0.525    -0.347
    23.75    61.75    2065    -0.348    -0.354    -0.293    -0.221    -0.240    -0.420    -1.259    -1.585    -1.465    -1.054    -0.521    -0.361
    23.75    61.75    2066    -0.280    -0.232    -0.229    -0.223    -0.250    -0.478    -1.453    -2.113    -2.123    -1.832    -1.035    -0.549
    23.75    61.75    2067    -0.475    -0.474    -0.355    -0.221    -0.265    -0.477    -1.277    -1.705    -1.553    -0.744    -0.343    -0.235
    23.75    61.75    2068    -0.248    -0.249    -0.236    -0.236    -0.276    -0.579    -1.105    -1.764    -2.086    -2.082    -1.231    -0.562
    23.75    61.75    2069    -0.305    -0.222    -0.222    -0.223    -0.268    -0.446    -0.656    -1.266    -1.617    -1.565    -0.953    -0.623
    23.75    61.75    2070    -0.593    -0.591    -0.552    -0.261    -0.259    -0.566    -1.672    -2.071    -2.168    -2.007    -1.267    -0.825
    23.75    61.75    2071    -0.811    -0.811    -0.782    -0.311    -0.332    -0.894    -1.845    -2.095    -2.147    -2.031    -1.199    -0.924
    23.75    61.75    2072    -0.640    -0.574    -0.564    -0.532    -0.257    -0.320    -0.430    -0.649    -0.800    -0.460    -0.322    -0.266
    23.75    61.75    2073    -0.241    -0.242    -0.241    -0.238    -0.305    -0.619    -1.671    -1.882    -1.744    -1.367    -0.683    -0.407
    23.75    61.75    2074    -0.324    -0.324    -0.323    -0.249    -0.268    -0.486    -1.152    -1.335    -0.830    -0.429    -0.268    -0.242
    23.75    61.75    2075    -0.247    -0.247    -0.246    -0.245    -0.288    -0.732    -1.701    -2.032    -2.183    -1.980    -1.154    -0.830
    23.75    61.75    2076    -0.828    -0.559    -0.254    -0.247    -0.389    -1.106    -1.906    -1.758    -1.334    -0.905    -0.653    -0.584
    23.75    61.75    2077    -0.402    -0.340    -0.292    -0.263    -0.321    -0.967    -2.095    -2.338    -2.214    -1.671    -0.841    -0.413
    23.75    61.75    2078    -0.370    -0.370    -0.356    -0.251    -0.287    -0.693    -1.069    -0.953    -0.598    -0.354    -0.260    -0.252
    23.75    61.75    2079    -0.269    -0.270    -0.267    -0.286    -0.550    -1.421    -1.817    -1.919    -1.884    -1.530    -0.730    -0.517
    23.75    61.75    2080    -0.375    -0.277    -0.275    -0.272    -0.377    -0.938    -2.007    -2.495    -2.561    -1.661    -0.644    -0.481
    23.75    61.75    2081    -0.309    -0.258    -0.258    -0.263    -0.358    -0.900    -2.144    -2.664    -2.729    -2.649    -2.162    -1.803
    23.75    61.75    2082    -1.717    -1.176    -0.323    -0.283    -0.362    -0.724    -1.896    -1.926    -1.667    -1.000    -0.614    -0.589
    23.75    61.75    2083    -0.614    -0.574    -0.566    -0.418    -0.295    -0.434    -0.773    -1.253    -1.222    -0.796    -0.541    -0.332
    23.75    61.75    2084    -0.323    -0.324    -0.305    -0.277    -0.376    -0.900    -2.274    -2.732    -2.758    -2.329    -0.822    -0.489
    23.75    61.75    2085    -0.474    -0.399    -0.262    -0.263    -0.293    -0.494    -1.566    -2.412    -1.957    -1.243    -0.890    -0.677
    23.75    61.75    2086    -0.411    -0.270    -0.268    -0.265    -0.307    -0.601    -1.518    -1.412    -1.749    -1.731    -0.752    -0.491
    23.75    61.75    2087    -0.332    -0.271    -0.271    -0.274    -0.325    -0.714    -1.423    -1.551    -1.177    -1.020    -0.577    -0.372
    23.75    61.75    2088    -0.325    -0.281    -0.281    -0.287    -0.464    -1.611    -2.341    -2.576    -1.760    -0.643    -0.311    -0.284
    23.75    61.75    2089    -0.287    -0.287    -0.287    -0.293    -0.374    -0.811    -2.252    -2.862    -2.879    -1.918    -0.806    -0.377
    23.75    61.75    2090    -0.271    -0.271    -0.272    -0.288    -0.393    -1.065    -2.240    -2.086    -2.028    -1.466    -0.801    -0.413
    23.75    61.75    2091    -0.340    -0.317    -0.303    -0.293    -0.338    -0.629    -1.809    -2.294    -2.169    -1.312    -0.658    -0.449
    23.75    61.75    2092    -0.435    -0.416    -0.287    -0.281    -0.307    -0.485    -1.030    -1.851    -1.958    -1.523    -0.954    -0.662
    23.75    61.75    2093    -0.656    -0.651    -0.596    -0.290    -0.335    -0.634    -1.885    -2.533    -2.732    -2.432    -1.463    -0.780
    23.75    61.75    2094    -0.765    -0.764    -0.570    -0.275    -0.336    -0.781    -2.158    -2.551    -2.569    -2.263    -1.401    -0.788
    23.75    61.75    2095    -0.763    -0.763    -0.643    -0.282    -0.366    -1.092    -2.407    -2.744    -2.789    -2.318    -1.325    -0.652
    23.75    61.75    2096    -0.375    -0.280    -0.263    -0.267    -0.323    -0.617    -1.619    -2.424    -2.159    -0.927    -0.393    -0.311
    23.75    61.75    2097    -0.277    -0.267    -0.267    -0.268    -0.334    -1.137    -2.351    -2.323    -1.923    -0.888    -0.485    -0.342
    23.75    61.75    2098    -0.336    -0.335    -0.335    -0.270    -0.329    -1.043    -2.398    -2.901    -2.890    -2.362    -0.831    -0.477
    23.75    61.75    2099    -0.432    -0.431    -0.273    -0.252    -0.338    -0.609    -0.773    -1.057    -1.246    -1.353    -0.860    -0.695
    23.75    61.75    2100    -0.415    -0.281    -0.273    -0.273    -0.381    -0.851    -1.524    -1.464    -1.309    -0.953    -0.549    -0.365
    23.75    61.75    2101    -0.285    -0.285    -0.283    -0.284    -0.410    -1.356    -2.381    -2.803    -2.864    -2.707    -1.901    -1.323
    23.75    61.75    2102    -0.614    -0.444    -0.445    -0.403    -0.281    -0.387    -0.602    -1.006    -1.247    -0.886    -0.502    -0.337
    23.75    61.75    2103    -0.267    -0.267    -0.267    -0.267    -0.369    -1.144    -2.222    -2.315    -2.388    -1.947    -1.088    -0.592
    23.75    61.75    2104    -0.413    -0.412    -0.397    -0.283    -0.335    -0.745    -1.896    -2.045    -1.523    -0.705    -0.398    -0.285
    23.75    61.75    2105    -0.273    -0.273    -0.269    -0.270    -0.363    -1.053    -2.071    -2.600    -2.834    -2.649    -1.521    -0.941
    23.75    61.75    2106    -0.693    -0.308    -0.256    -0.265    -0.463    -1.583    -2.394    -2.213    -1.261    -0.991    -0.572    -0.407
    23.75    61.75    2107    -0.283    -0.273    -0.274    -0.275    -0.384    -1.212    -2.527    -2.734    -2.566    -1.925    -0.916    -0.475
    23.75    61.75    2108    -0.322    -0.322    -0.298    -0.258    -0.336    -0.806    -1.767    -1.386    -0.884    -0.524    -0.277    -0.259
    23.75    61.75    2109    -0.256    -0.256    -0.255    -0.283    -0.592    -1.683    -2.194    -2.424    -2.398    -1.965    -0.821    -0.567
    23.75    61.75    2110    -0.349    -0.279    -0.276    -0.275    -0.403    -1.182    -2.173    -2.650    -2.634    -2.183    -0.863    -0.550
    23.75    61.75    2111    -0.313    -0.253    -0.253    -0.263    -0.403    -1.296    -2.265    -2.775    -2.811    -2.693    -1.985    -0.914
    23.75    61.75    2112    -0.571    -0.324    -0.249    -0.276    -0.352    -0.622    -1.680    -1.935    -1.236    -0.966    -0.510    -0.453
    23.75    61.75    2113    -0.465    -0.457    -0.457    -0.321    -0.290    -0.453    -0.813    -1.386    -1.512    -1.100    -0.592    -0.396
    23.75    61.75    2114    -0.385    -0.385    -0.321    -0.271    -0.359    -0.863    -2.169    -2.858    -2.884    -2.291    -1.000    -0.547
    23.75    61.75    2115    -0.524    -0.385    -0.241    -0.243    -0.305    -0.561    -1.515    -2.337    -2.281    -1.793    -1.257    -0.867
    23.75    61.75    2116    -0.458    -0.296    -0.276    -0.241    -0.294    -0.544    -1.454    -1.347    -0.924    -0.803    -0.354    -0.273
    23.75    61.75    2117    -0.244    -0.244    -0.242    -0.248    -0.300    -0.566    -1.390    -1.373    -1.119    -1.042    -0.501    -0.300
    23.75    61.75    2118    -0.253    -0.249    -0.249    -0.258    -0.392    -1.242    -2.019    -1.849    -1.395    -0.657    -0.291    -0.250
    23.75    61.75    2119    -0.255    -0.255    -0.255    -0.261    -0.321    -0.686    -1.865    -2.730    -2.642    -1.738    -0.710    -0.330
    23.75    61.75    2120    -0.241    -0.240    -0.241    -0.255    -0.341    -0.847    -1.618    -1.620    -1.473    -1.110    -0.699    -0.400
    23.75    61.75    2121    -0.321    -0.300    -0.280    -0.264    -0.294    -0.544    -1.479    -1.876    -1.805    -1.156    -0.499    -0.362
    23.75    61.75    2122    -0.343    -0.318    -0.249    -0.248    -0.266    -0.469    -1.062    -1.543    -1.582    -1.110    -0.636    -0.393
    23.75    61.75    2123    -0.389    -0.385    -0.331    -0.249    -0.279    -0.515    -1.506    -2.420    -2.541    -2.102    -1.199    -0.760
    23.75    61.75    2124    -0.754    -0.752    -0.555    -0.248    -0.296    -0.684    -1.818    -2.504    -2.342    -1.849    -0.991    -0.616
    23.75    61.75    2125    -0.601    -0.602    -0.482    -0.260    -0.322    -0.912    -2.129    -2.661    -2.651    -2.143    -1.202    -0.622
    23.75    61.75    2126    -0.347    -0.248    -0.237    -0.244    -0.287    -0.473    -1.235    -1.985    -1.510    -0.757    -0.347    -0.252
    23.75    61.75    2127    -0.244    -0.243    -0.244    -0.245    -0.291    -0.769    -1.889    -2.360    -1.661    -0.787    -0.387    -0.270
    23.75    61.75    2128    -0.255    -0.255    -0.254    -0.237    -0.288    -0.753    -1.960    -2.759    -2.779    -1.864    -0.800    -0.427
    23.75    61.75    2129    -0.369    -0.368    -0.249    -0.224    -0.288    -0.369    -0.435    -0.678    -0.688    -0.585    -0.367    -0.317
    23.75    61.75    2130    -0.256    -0.239    -0.234    -0.234    -0.316    -0.893    -1.159    -1.212    -0.852    -0.561    -0.364    -0.265
    21.75    39.75    1980    -0.243    -0.159    -0.156    -0.173    -0.231    -0.367    -0.672    -1.471    -2.459    -2.776    -2.185    -1.238
    21.75    39.75    1981    -0.917    -0.687    -0.626    -0.999    -2.085    -2.820    -2.920    -3.011    -3.089    -3.128    -2.849    -2.570
    21.75    39.75    1982    -1.612    -1.025    -0.840    -0.704    -0.729    -0.926    -1.234    -1.466    -1.660    -1.262    -0.802    -0.524
    21.75    39.75    1983    -0.281    -0.224    -0.201    -0.177    -0.200    -0.238    -0.290    -0.364    -0.470    -0.523    -0.530    -0.314
    21.75    39.75    1984    -0.217    -0.195    -0.199    -0.235    -0.283    -0.408    -0.650    -0.948    -1.170    -1.304    -1.342    -0.843
    21.75    39.75    1985    -0.334    -0.204    -0.167    -0.188    -0.238    -0.326    -0.516    -0.930    -1.243    -1.370    -1.325    -0.670
    21.75    39.75    1986    -0.289    -0.183    -0.157    -0.159    -0.179    -0.227    -0.307    -0.449    -0.639    -0.811    -0.953    -0.843
    21.75    39.75    1987    -0.537    -0.227    -0.177    -0.173    -0.205    -0.267    -0.406    -0.705    -1.070    -1.213    -1.098    -0.731
    21.75    39.75    1988    -0.466    -0.400    -0.445    -0.611    -1.086    -1.283    -1.442    -1.560    -1.654    -1.325    -0.603    -0.378
    21.75    39.75    1989    -0.212    -0.183    -0.170    -0.191    -0.251    -0.351    -0.549    -1.028    -1.506    -1.657    -1.163    -0.427
    21.75    39.75    1990    -0.244    -0.201    -0.174    -0.173    -0.223    -0.325    -0.532    -1.033    -1.539    -1.757    -1.303    -0.980
    21.75    39.75    1991    -0.737    -0.558    -0.488    -0.752    -1.386    -1.776    -1.967    -2.164    -2.369    -2.535    -1.592    -0.607
    21.75    39.75    1992    -0.446    -0.331    -0.257    -0.253    -0.326    -0.444    -0.641    -1.025    -1.332    -1.177    -0.599    -0.318
    21.75    39.75    1993    -0.206    -0.169    -0.157    -0.164    -0.207    -0.298    -0.449    -0.736    -1.326    -2.189    -1.460    -0.498
    21.75    39.75    1994    -0.269    -0.201    -0.182    -0.199    -0.264    -0.409    -0.690    -1.346    -2.318    -2.586    -2.301    -1.468
    21.75    39.75    1995    -0.564    -0.284    -0.177    -0.165    -0.220    -0.337    -0.579    -1.119    -2.257    -2.746    -2.192    -1.009
    21.75    39.75    1996    -0.481    -0.336    -0.275    -0.231    -0.272    -0.470    -0.937    -2.022    -2.757    -2.920    -2.508    -1.951
    21.75    39.75    1997    -0.757    -0.300    -0.206    -0.219    -0.333    -0.591    -1.258    -2.543    -2.951    -3.043    -2.724    -1.577
    21.75    39.75    1998    -0.748    -0.418    -0.312    -0.368    -0.668    -1.487    -2.757    -3.027    -3.064    -3.068    -3.008    -1.873
    21.75    39.75    1999    -0.794    -0.406    -0.338    -0.491    -0.983    -2.256    -3.019    -3.065    -3.087    -3.103    -2.719    -1.258
    21.75    39.75    2000    -0.567    -0.375    -0.404    -0.497    -0.865    -1.777    -2.898    -3.072    -2.942    -3.060    -2.656    -1.499
    21.75    39.75    2001    -0.530    -0.314    -0.219    -0.217    -0.334    -0.576    -1.042    -2.045    -2.863    -2.944    -1.569    -0.745
    21.75    39.75    2002    -0.380    -0.280    -0.258    -0.324    -0.527    -0.972    -2.019    -2.851    -2.990    -2.880    -2.279    -1.390
    21.75    39.75    2003    -0.881    -0.436    -0.259    -0.228    -0.301    -0.453    -0.755    -1.369    -2.364    -2.922    -2.413    -1.088
    21.75    39.75    2004    -0.561    -0.327    -0.286    -0.329    -0.539    -1.039    -2.108    -2.854    -2.954    -2.978    -2.892    -2.139
    21.75    39.75    2005    -1.150    -0.636    -0.464    -0.634    -0.838    -1.330    -2.527    -2.939    -2.922    -2.917    -2.925    -2.326
    21.75    39.75    2006    -1.058    -0.453    -0.289    -0.351    -0.560    -1.080    -2.060    -2.844    -2.962    -2.888    -1.756    -0.769
    21.75    39.75    2007    -0.317    -0.195    -0.166    -0.202    -0.292    -0.461    -0.786    -1.420    -2.255    -2.761    -2.562    -1.558
    21.75    39.75    2008    -0.609    -0.363    -0.286    -0.333    -0.521    -0.980    -2.104    -2.765    -2.908    -2.927    -2.388    -1.037
    21.75    39.75    2009    -0.589    -0.424    -0.386    -0.392    -0.655    -1.398    -2.613    -2.905    -2.944    -2.957    -2.676    -1.409
    21.75    39.75    2010    -0.693    -0.323    -0.261    -0.287    -0.483    -0.981    -2.093    -2.850    -2.928    -2.874    -1.369    -0.473
    21.75    39.75    2011    -0.246    -0.174    -0.160    -0.198    -0.298    -0.509    -0.939    -1.895    -2.676    -2.918    -2.867    -2.567
    21.75    39.75    2012    -1.669    -0.671    -0.457    -0.431    -0.721    -1.579    -2.721    -2.915    -2.976    -3.013    -2.383    -0.932
    21.75    39.75    2013    -0.403    -0.272    -0.258    -0.364    -0.629    -1.239    -2.342    -2.907    -2.975    -2.788    -1.579    -0.858
    21.75    39.75    2014    -0.403    -0.249    -0.182    -0.192    -0.276    -0.437    -0.722    -1.268    -2.212    -2.571    -1.996    -0.969
    21.75    39.75    2015    -0.670    -0.446    -0.444    -0.423    -0.588    -1.104    -2.198    -2.804    -2.938    -2.976    -2.902    -1.892
    21.75    39.75    2016    -0.629    -0.432    -0.347    -0.330    -0.534    -1.045    -2.250    -2.963    -3.005    -3.055    -2.116    -0.891
    21.75    39.75    2017    -0.418    -0.357    -0.287    -0.351    -0.596    -1.168    -2.315    -2.937    -3.048    -3.043    -2.880    -1.430
    21.75    39.75    2018    -0.587    -0.309    -0.212    -0.186    -0.223    -0.356    -0.571    -1.002    -1.866    -2.582    -2.714    -1.599
    21.75    39.75    2019    -0.785    -0.535    -0.638    -1.075    -2.232    -2.842    -2.962    -3.070    -3.168    -3.184    -3.109    -1.718
    21.75    39.75    2020    -0.548    -0.446    -0.414    -0.349    -0.519    -0.772    -1.264    -2.134    -2.752    -2.778    -2.028    -0.810
    21.75    39.75    2021    -0.382    -0.214    -0.185    -0.215    -0.311    -0.482    -0.788    -1.419    -2.429    -2.681    -2.117    -1.799
    21.75    39.75    2022    -1.109    -0.608    -0.548    -0.874    -1.721    -2.835    -3.146    -3.243    -3.331    -3.353    -3.334    -2.810
    21.75    39.75    2023    -1.275    -0.730    -0.671    -0.654    -0.988    -1.722    -2.859    -3.341    -3.408    -3.388    -2.509    -1.025
    21.75    39.75    2024    -0.523    -0.374    -0.299    -0.270    -0.380    -0.574    -0.918    -1.354    -2.335    -3.055    -2.212    -1.194
    21.75    39.75    2025    -0.769    -0.573    -0.363    -0.368    -0.577    -0.994    -1.859    -2.893    -3.250    -3.319    -3.181    -1.724
    21.75    39.75    2026    -0.785    -0.390    -0.400    -0.590    -0.989    -1.871    -3.113    -3.321    -3.340    -3.246    -1.943    -0.647
    21.75    39.75    2027    -0.395    -0.243    -0.201    -0.223    -0.292    -0.465    -0.752    -1.303    -2.351    -3.145    -2.756    -1.080
    21.75    39.75    2028    -0.566    -0.280    -0.323    -0.488    -0.835    -1.689    -2.978    -3.257    -3.295    -3.319    -3.310    -2.185
    21.75    39.75    2029    -0.887    -0.473    -0.260    -0.257    -0.378    -0.632    -1.195    -2.340    -3.209    -3.334    -2.012    -0.923
    21.75    39.75    2030    -0.427    -0.217    -0.187    -0.249    -0.396    -0.692    -1.389    -2.610    -2.964    -3.248    -3.249    -3.226
    21.75    39.75    2031    -3.031    -2.995    -3.250    -3.282    -3.333    -3.358    -3.396    -3.431    -3.412    -3.105    -2.298    -1.150
    21.75    39.75    2032    -0.792    -0.662    -0.698    -0.854    -0.988    -1.250    -1.600    -1.974    -2.205    -2.224    -2.146    -1.008
    21.75    39.75    2033    -0.439    -0.371    -0.414    -0.548    -0.792    -1.191    -1.607    -1.920    -2.009    -1.993    -1.981    -1.643
    21.75    39.75    2034    -0.873    -0.612    -0.585    -0.642    -0.859    -1.392    -1.841    -1.965    -1.985    -2.007    -2.018    -1.620
    21.75    39.75    2035    -0.611    -0.384    -0.368    -0.309    -0.414    -0.586    -0.853    -1.198    -1.617    -1.847    -1.861    -1.230
    21.75    39.75    2036    -0.564    -0.307    -0.233    -0.272    -0.359    -0.489    -0.737    -1.142    -1.519    -1.762    -1.817    -1.571
    21.75    39.75    2037    -1.068    -0.777    -0.718    -1.123    -1.675    -1.811    -1.899    -1.968    -2.080    -1.541    -0.900    -0.507
    21.75    39.75    2038    -0.317    -0.240    -0.242    -0.276    -0.344    -0.442    -0.579    -0.815    -1.156    -1.425    -1.048    -0.375
    21.75    39.75    2039    -0.239    -0.180    -0.168    -0.173    -0.206    -0.258    -0.341    -0.481    -0.711    -0.953    -1.173    -1.394
    21.75    39.75    2040    -1.242    -1.145    -1.086    -1.622    -1.927    -2.177    -2.360    -2.472    -2.595    -2.128    -1.010    -0.512
    21.75    39.75    2041    -0.293    -0.219    -0.196    -0.216    -0.258    -0.333    -0.443    -0.614    -0.910    -1.284    -1.562    -0.858
    21.75    39.75    2042    -0.431    -0.259    -0.182    -0.185    -0.254    -0.383    -0.630    -1.105    -1.809    -2.258    -1.380    -0.424
    21.75    39.75    2043    -0.184    -0.157    -0.159    -0.169    -0.222    -0.327    -0.546    -0.971    -1.817    -2.424    -2.524    -2.617
    21.75    39.75    2044    -2.641    -1.891    -0.764    -0.468    -0.598    -1.187    -2.261    -2.697    -2.877    -2.972    -3.017    -3.003
    21.75    39.75    2045    -2.576    -1.165    -0.836    -1.265    -2.449    -2.988    -3.118    -3.205    -3.272    -3.317    -3.283    -2.228
    21.75    39.75    2046    -0.794    -0.466    -0.446    -0.486    -0.580    -0.674    -0.765    -0.898    -1.027    -1.018    -0.878    -0.483
    21.75    39.75    2047    -0.268    -0.201    -0.169    -0.171    -0.189    -0.214    -0.247    -0.292    -0.353    -0.445    -0.501    -0.407
    21.75    39.75    2048    -0.223    -0.190    -0.179    -0.197    -0.240    -0.299    -0.400    -0.548    -0.687    -0.726    -0.527    -0.281
    21.75    39.75    2049    -0.223    -0.185    -0.173    -0.183    -0.221    -0.272    -0.360    -0.523    -0.758    -0.827    -0.617    -0.341
    21.75    39.75    2050    -0.231    -0.188    -0.173    -0.184    -0.231    -0.315    -0.494    -0.729    -0.897    -1.026    -1.071    -0.823
    21.75    39.75    2051    -0.366    -0.265    -0.220    -0.256    -0.366    -0.594    -0.934    -1.141    -1.243    -1.222    -0.855    -0.512
    21.75    39.75    2052    -0.218    -0.167    -0.161    -0.189    -0.237    -0.319    -0.466    -0.704    -1.009    -1.064    -0.673    -0.246
    21.75    39.75    2053    -0.169    -0.154    -0.156    -0.168    -0.211    -0.291    -0.454    -0.749    -1.066    -1.241    -0.916    -0.595
    21.75    39.75    2054    -0.347    -0.264    -0.199    -0.203    -0.288    -0.509    -0.906    -1.203    -1.387    -1.356    -0.805    -0.383
    21.75    39.75    2055    -0.278    -0.223    -0.193    -0.203    -0.264    -0.447    -0.856    -1.238    -1.483    -1.546    -1.410    -0.672
    21.75    39.75    2056    -0.373    -0.286    -0.314    -0.518    -1.059    -1.511    -1.644    -1.749    -1.798    -1.783    -1.772    -1.227
    21.75    39.75    2057    -0.582    -0.456    -0.475    -0.819    -1.610    -1.806    -1.854    -1.883    -1.910    -1.920    -1.933    -1.732
    21.75    39.75    2058    -0.700    -0.430    -0.406    -0.643    -1.182    -1.654    -1.876    -1.927    -1.958    -1.931    -1.673    -1.303
    21.75    39.75    2059    -0.590    -0.293    -0.281    -0.342    -0.424    -0.524    -0.658    -0.860    -1.116    -1.226    -1.164    -0.891
    21.75    39.75    2060    -0.408    -0.274    -0.271    -0.332    -0.449    -0.674    -0.988    -1.170    -1.302    -1.403    -1.204    -0.587
    21.75    39.75    2061    -0.302    -0.236    -0.253    -0.313    -0.403    -0.563    -0.867    -1.223    -1.429    -1.507    -1.469    -1.180
    21.75    39.75    2062    -0.775    -0.538    -0.354    -0.276    -0.354    -0.502    -0.769    -1.159    -1.465    -1.598    -1.028    -0.532
    21.75    39.75    2063    -0.281    -0.212    -0.183    -0.211    -0.281    -0.399    -0.621    -1.006    -1.338    -1.410    -1.215    -0.502
    21.75    39.75    2064    -0.247    -0.198    -0.175    -0.176    -0.228    -0.321    -0.514    -0.894    -1.268    -1.364    -1.090    -0.372
    21.75    39.75    2065    -0.253    -0.197    -0.175    -0.196    -0.269    -0.426    -0.813    -1.270    -1.515    -1.484    -0.869    -0.390
    21.75    39.75    2066    -0.259    -0.240    -0.237    -0.251    -0.366    -0.673    -1.297    -1.636    -1.743    -1.738    -1.529    -0.808
    21.75    39.75    2067    -0.514    -0.309    -0.244    -0.301    -0.448    -0.864    -1.580    -1.786    -1.850    -1.900    -1.896    -1.601
    21.75    39.75    2068    -0.478    -0.279    -0.245    -0.295    -0.426    -0.819    -1.495    -1.851    -1.948    -1.965    -1.196    -0.497
    21.75    39.75    2069    -0.392    -0.276    -0.266    -0.420    -0.864    -1.604    -1.897    -1.966    -2.002    -2.024    -1.646    -0.623
    21.75    39.75    2070    -0.318    -0.213    -0.191    -0.236    -0.348    -0.551    -0.954    -1.665    -1.947    -1.905    -1.465    -0.765
    21.75    39.75    2071    -0.354    -0.219    -0.220    -0.282    -0.457    -0.900    -1.627    -1.930    -1.996    -2.018    -1.585    -0.750
    21.75    39.75    2072    -0.341    -0.246    -0.226    -0.293    -0.487    -1.013    -1.731    -1.980    -2.026    -2.042    -1.945    -1.252
    21.75    39.75    2073    -0.667    -0.415    -0.331    -0.412    -0.783    -1.582    -1.996    -2.042    -2.064    -2.077    -1.228    -0.528
    21.75    39.75    2074    -0.308    -0.237    -0.213    -0.297    -0.522    -1.084    -1.717    -1.971    -2.036    -2.024    -1.791    -1.420
    21.75    39.75    2075    -0.513    -0.238    -0.197    -0.242    -0.386    -0.759    -1.494    -1.923    -2.026    -2.050    -2.050    -1.662
    21.75    39.75    2076    -0.888    -0.632    -0.600    -0.937    -1.830    -2.017    -2.060    -2.073    -2.095    -2.103    -1.619    -0.950
    21.75    39.75    2077    -0.583    -0.456    -0.453    -0.614    -1.324    -1.949    -2.049    -2.070    -2.081    -2.089    -2.071    -2.050
    21.75    39.75    2078    -1.085    -0.508    -0.490    -0.744    -1.256    -1.882    -2.052    -2.068    -2.074    -2.076    -2.053    -1.526
    21.75    39.75    2079    -0.834    -0.554    -0.461    -0.556    -0.733    -1.105    -1.596    -1.934    -1.915    -1.975    -2.041    -1.653
    21.75    39.75    2080    -0.701    -0.437    -0.389    -0.472    -0.755    -1.274    -1.801    -2.028    -2.060    -2.079    -1.937    -1.339
    21.75    39.75    2081    -0.569    -0.319    -0.269    -0.318    -0.480    -0.841    -1.474    -1.862    -2.031    -1.989    -1.107    -0.651
    21.75    39.75    2082    -0.293    -0.209    -0.204    -0.274    -0.433    -0.793    -1.405    -1.785    -1.975    -2.021    -1.953    -1.160
    21.75    39.75    2083    -0.454    -0.335    -0.304    -0.438    -0.847    -1.599    -1.941    -2.009    -2.034    -2.029    -1.871    -1.562
    21.75    39.75    2084    -0.968    -0.593    -0.606    -0.688    -1.150    -1.935    -2.029    -2.049    -2.065    -2.062    -1.576    -0.645
    21.75    39.75    2085    -0.346    -0.238    -0.210    -0.215    -0.308    -0.447    -0.751    -1.317    -1.712    -1.685    -1.327    -0.535
    21.75    39.75    2086    -0.304    -0.218    -0.191    -0.197    -0.291    -0.508    -1.076    -1.614    -1.793    -1.837    -1.697    -1.139
    21.75    39.75    2087    -0.682    -0.576    -0.761    -1.320    -1.863    -1.945    -2.001    -2.028    -2.052    -2.053    -2.036    -1.800
    21.75    39.75    2088    -1.336    -1.075    -0.857    -0.967    -1.104    -1.213    -1.287    -1.354    -1.419    -1.520    -1.540    -0.893
    21.75    39.75    2089    -0.361    -0.279    -0.296    -0.340    -0.380    -0.433    -0.497    -0.612    -0.735    -0.788    -0.762    -0.355
    21.75    39.75    2090    -0.231    -0.190    -0.188    -0.214    -0.257    -0.326    -0.436    -0.518    -0.555    -0.586    -0.608    -0.528
    21.75    39.75    2091    -0.370    -0.259    -0.220    -0.225    -0.297    -0.443    -0.576    -0.636    -0.681    -0.730    -0.658    -0.558
    21.75    39.75    2092    -0.453    -0.301    -0.229    -0.277    -0.400    -0.622    -0.817    -0.902    -0.954    -0.937    -0.832    -0.569
    21.75    39.75    2093    -0.259    -0.208    -0.215    -0.273    -0.402    -0.670    -0.939    -1.065    -1.155    -1.188    -0.785    -0.326
    21.75    39.75    2094    -0.227    -0.197    -0.177    -0.201    -0.278    -0.457    -0.790    -1.159    -1.351    -1.389    -1.388    -1.221
    21.75    39.75    2095    -0.575    -0.293    -0.327    -0.507    -1.020    -1.446    -1.610    -1.710    -1.765    -1.765    -1.302    -0.661
    21.75    39.75    2096    -0.352    -0.264    -0.254    -0.365    -0.738    -1.509    -1.775    -1.811    -1.813    -1.812    -1.597    -0.919
    21.75    39.75    2097    -0.509    -0.324    -0.280    -0.344    -0.626    -1.397    -1.797    -1.827    -1.839    -1.847    -1.648    -0.952
    21.75    39.75    2098    -0.475    -0.356    -0.329    -0.518    -1.179    -1.866    -1.981    -1.999    -2.004    -1.997    -1.857    -1.067
    21.75    39.75    2099    -0.357    -0.269    -0.316    -0.539    -1.156    -1.892    -2.009    -2.031    -2.040    -2.026    -1.791    -0.733
    21.75    39.75    2100    -0.342    -0.274    -0.285    -0.375    -0.640    -1.356    -1.942    -2.026    -2.039    -2.050    -1.981    -1.824
    21.75    39.75    2101    -1.408    -0.767    -0.627    -0.978    -1.861    -2.013    -2.027    -2.038    -2.049    -1.683    -1.297    -0.817
    21.75    39.75    2102    -0.368    -0.249    -0.233    -0.309    -0.436    -0.674    -1.204    -1.869    -2.032    -2.027    -1.871    -1.248
    21.75    39.75    2103    -0.811    -0.539    -0.466    -0.563    -1.152    -1.930    -2.031    -2.055    -2.067    -2.078    -1.424    -0.539
    21.75    39.75    2104    -0.282    -0.217    -0.195    -0.266    -0.465    -0.964    -1.770    -1.998    -2.037    -1.988    -1.649    -1.199
    21.75    39.75    2105    -0.441    -0.268    -0.238    -0.310    -0.602    -1.508    -1.998    -2.033    -2.027    -1.993    -1.937    -1.575
    21.75    39.75    2106    -1.038    -0.745    -0.630    -1.049    -1.891    -2.038    -2.054    -2.066    -2.078    -2.083    -1.859    -0.953
    21.75    39.75    2107    -0.560    -0.448    -0.433    -0.578    -1.403    -1.995    -2.036    -2.050    -2.065    -2.066    -2.048    -1.866
    21.75    39.75    2108    -0.945    -0.539    -0.627    -1.312    -2.017    -2.052    -2.059    -2.067    -2.073    -2.074    -2.061    -1.618
    21.75    39.75    2109    -0.763    -0.510    -0.428    -0.458    -0.540    -0.695    -0.905    -1.194    -1.349    -1.259    -1.221    -0.808
    21.75    39.75    2110    -0.414    -0.276    -0.236    -0.293    -0.426    -0.650    -1.079    -1.318    -1.426    -1.489    -1.334    -0.709
    21.75    39.75    2111    -0.393    -0.258    -0.212    -0.253    -0.371    -0.651    -1.207    -1.494    -1.629    -1.589    -1.293    -0.592
    21.75    39.75    2112    -0.300    -0.227    -0.221    -0.300    -0.528    -1.156    -1.664    -1.787    -1.832    -1.850    -1.793    -1.085
    21.75    39.75    2113    -0.533    -0.331    -0.337    -0.534    -1.207    -1.792    -1.880    -1.902    -1.924    -1.925    -1.829    -1.458
    21.75    39.75    2114    -0.879    -0.617    -0.653    -0.991    -1.603    -1.909    -1.973    -2.020    -2.034    -1.976    -1.438    -0.630
    21.75    39.75    2115    -0.313    -0.201    -0.201    -0.232    -0.336    -0.566    -1.161    -1.824    -1.973    -1.878    -1.066    -0.455
    21.75    39.75    2116    -0.316    -0.228    -0.183    -0.206    -0.338    -0.737    -1.629    -1.968    -2.000    -1.924    -1.738    -1.206
    21.75    39.75    2117    -0.693    -0.641    -0.892    -1.498    -1.941    -1.986    -2.021    -2.031    -2.038    -2.037    -1.969    -1.667
    21.75    39.75    2118    -1.236    -1.010    -0.813    -0.910    -1.065    -1.141    -1.219    -1.258    -1.367    -1.433    -1.407    -0.955
    21.75    39.75    2119    -0.418    -0.282    -0.309    -0.372    -0.453    -0.577    -0.672    -0.764    -0.823    -0.872    -0.758    -0.376
    21.75    39.75    2120    -0.232    -0.186    -0.188    -0.228    -0.306    -0.445    -0.540    -0.592    -0.614    -0.632    -0.633    -0.606
    21.75    39.75    2121    -0.460    -0.306    -0.258    -0.267    -0.432    -0.585    -0.633    -0.677    -0.713    -0.750    -0.740    -0.644
    21.75    39.75    2122    -0.524    -0.340    -0.254    -0.301    -0.471    -0.667    -0.780    -0.850    -0.901    -0.901    -0.743    -0.511
    21.75    39.75    2123    -0.298    -0.232    -0.244    -0.315    -0.493    -0.803    -0.963    -1.038    -1.101    -1.131    -0.754    -0.303
    21.75    39.75    2124    -0.213    -0.189    -0.178    -0.191    -0.257    -0.387    -0.688    -1.048    -1.248    -1.290    -1.294    -0.792
    21.75    39.75    2125    -0.293    -0.222    -0.241    -0.364    -0.729    -1.255    -1.421    -1.497    -1.543    -1.350    -0.993    -0.516
    21.75    39.75    2126    -0.301    -0.227    -0.230    -0.293    -0.516    -1.079    -1.496    -1.579    -1.607    -1.617    -1.310    -1.035
    21.75    39.75    2127    -0.618    -0.311    -0.270    -0.319    -0.560    -1.244    -1.700    -1.836    -1.872    -1.883    -1.741    -0.896
    21.75    39.75    2128    -0.430    -0.312    -0.325    -0.534    -1.329    -1.888    -2.021    -2.038    -2.022    -1.974    -1.932    -0.971
    21.75    39.75    2129    -0.412    -0.270    -0.318    -0.595    -1.347    -1.968    -2.045    -2.059    -2.065    -2.067    -1.370    -0.560
    21.75    39.75    2130    -0.368    -0.298    -0.323    -0.425    -0.773    -1.663    -2.009    -2.049    -2.060    -2.014    -1.943    -1.620
