      Lon      Lat    Year    VegC LitterC   SoilC     HarvSlowC Total-slow     Total
     9.75    49.75    1980   2.188   0.963   4.032      0.135334      7.182     7.318
     9.75    49.75    1981   2.176   0.960   4.034      0.138479      7.169     7.308
     9.75    49.75    1982   2.183   0.957   4.038      0.140267      7.178     7.318
     9.75    49.75    1983   2.212   0.941   4.039      0.143155      7.191     7.335
     9.75    49.75    1984   2.218   0.949   4.042      0.147030      7.209     7.357
     9.75    49.75    1985   2.232   0.951   4.045      0.150566      7.228     7.379
     9.75    49.75    1986   2.205   0.958   4.051      0.153868      7.214     7.367
     9.75    49.75    1987   2.244   0.951   4.054      0.155200      7.248     7.404
     9.75    49.75    1988   2.125   0.937   4.052      0.159904      7.114     7.274
     9.75    49.75    1989   2.110   0.929   4.053      0.160518      7.091     7.252
     9.75    49.75    1990   2.122   0.919   4.055      0.164483      7.095     7.260
     9.75    49.75    1991   2.166   0.912   4.053      0.166685      7.132     7.298
     9.75    49.75    1992   2.170   0.916   4.053      0.169818      7.139     7.309
     9.75    49.75    1993   2.205   0.915   4.058      0.170591      7.177     7.348
     9.75    49.75    1994   2.203   0.900   4.056      0.172676      7.159     7.332
     9.75    49.75    1995   2.195   0.896   4.058      0.173011      7.149     7.322
     9.75    49.75    1996   2.193   0.891   4.058      0.177113      7.142     7.319
     9.75    49.75    1997   2.254   0.892   4.061      0.178759      7.207     7.386
     9.75    49.75    1998   2.256   0.889   4.060      0.183105      7.205     7.388
     9.75    49.75    1999   2.254   0.874   4.057      0.184480      7.185     7.370
     9.75    49.75    2000   2.317   0.857   4.053      0.184086      7.226     7.411
     9.75    49.75    2001   2.318   0.861   4.054      0.189531      7.233     7.422
     9.75    49.75    2002   2.265   0.856   4.054      0.191632      7.174     7.366
     9.75    49.75    2003   2.313   0.859   4.056      0.193179      7.228     7.421
     9.75    49.75    2004   2.339   0.859   4.057      0.197376      7.255     7.452
     9.75    49.75    2005   2.358   0.855   4.055      0.200900      7.267     7.468
     9.75    49.75    2006   2.372   0.852   4.055      0.204278      7.278     7.483
     9.75    49.75    2007   2.359   0.837   4.051      0.206569      7.248     7.455
     9.75    49.75    2008   2.431   0.830   4.050      0.205526      7.311     7.516
     9.75    49.75    2009   2.387   0.850   4.048      0.211888      7.285     7.497
     9.75    49.75    2010   2.380   0.840   4.046      0.213438      7.266     7.479
     9.75    49.75    2011   2.340   0.866   4.049      0.224994      7.255     7.480
     9.75    49.75    2012   2.240   0.874   4.047      0.235441      7.161     7.397
     9.75    49.75    2013   2.169   0.870   4.046      0.239522      7.084     7.324
     9.75    49.75    2014   2.212   0.866   4.045      0.241778      7.123     7.365
     9.75    49.75    2015   2.190   0.878   4.047      0.250112      7.115     7.365
     9.75    49.75    2016   2.147   0.877   4.046      0.259363      7.071     7.330
     9.75    49.75    2017   2.177   0.872   4.046      0.261513      7.095     7.356
     9.75    49.75    2018   2.091   0.865   4.044      0.267779      7.000     7.268
     9.75    49.75    2019   2.097   0.852   4.041      0.270642      6.990     7.260
     9.75    49.75    2020   2.143   0.848   4.041      0.272037      7.032     7.304
     9.75    49.75    2021   2.107   0.846   4.041      0.276330      6.994     7.270
     9.75    49.75    2022   2.126   0.843   4.040      0.279282      7.008     7.288
     9.75    49.75    2023   2.146   0.832   4.037      0.282763      7.015     7.298
     9.75    49.75    2024   2.173   0.834   4.034      0.288882      7.041     7.330
     9.75    49.75    2025   2.147   0.848   4.036      0.292948      7.031     7.324
     9.75    49.75    2026   2.039   0.832   4.031      0.296266      6.901     7.197
     9.75    49.75    2027   2.063   0.833   4.029      0.293558      6.925     7.219
     9.75    49.75    2028   2.130   0.814   4.024      0.290423      6.967     7.257
     9.75    49.75    2029   2.169   0.816   4.022      0.295704      7.007     7.303
     9.75    49.75    2030   2.195   0.817   4.018      0.299436      7.030     7.330
     9.75    49.75    2031   2.199   0.817   4.014      0.307537      7.030     7.338
     9.75    49.75    2032   2.269   0.822   4.013      0.306635      7.104     7.410
     9.75    49.75    2033   2.268   0.830   4.012      0.315070      7.110     7.425
     9.75    49.75    2034   2.118   0.833   4.008      0.322792      6.959     7.282
     9.75    49.75    2035   2.193   0.836   4.008      0.323083      7.037     7.360
     9.75    49.75    2036   2.248   0.842   4.011      0.325451      7.101     7.426
     9.75    49.75    2037   2.177   0.859   4.009      0.334890      7.045     7.380
     9.75    49.75    2038   2.157   0.855   4.005      0.338926      7.018     7.357
     9.75    49.75    2039   2.183   0.895   4.000      0.338119      7.078     7.416
     9.75    49.75    2040   2.167   0.893   3.998      0.341565      7.058     7.400
     9.75    49.75    2041   2.118   0.899   3.994      0.351022      7.011     7.362
     9.75    49.75    2042   2.114   0.889   3.993      0.354863      6.997     7.352
     9.75    49.75    2043   2.171   0.867   3.990      0.354652      7.029     7.384
     9.75    49.75    2044   2.214   0.862   3.989      0.355222      7.065     7.420
     9.75    49.75    2045   2.190   0.847   3.987      0.359674      7.025     7.384
     9.75    49.75    2046   2.235   0.845   3.989      0.359417      7.068     7.428
     9.75    49.75    2047   2.128   0.878   3.988      0.366885      6.994     7.361
     9.75    49.75    2048   2.042   0.869   3.987      0.371005      6.898     7.269
     9.75    49.75    2049   2.096   0.843   3.985      0.367022      6.924     7.291
     9.75    49.75    2050   2.082   0.818   3.979      0.367739      6.880     7.247
     9.75    49.75    2051   2.093   0.801   3.975      0.366743      6.870     7.236
     9.75    49.75    2052   2.174   0.790   3.974      0.364683      6.938     7.302
     9.75    49.75    2053   2.146   0.794   3.971      0.370960      6.911     7.282
     9.75    49.75    2054   2.168   0.793   3.968      0.373861      6.928     7.302
     9.75    49.75    2055   2.028   0.847   3.964      0.377855      6.839     7.217
     9.75    49.75    2056   2.014   0.817   3.957      0.372634      6.788     7.160
     9.75    49.75    2057   1.964   0.801   3.954      0.371700      6.719     7.090
     9.75    49.75    2058   2.013   0.788   3.951      0.372022      6.752     7.124
     9.75    49.75    2059   2.062   0.777   3.949      0.372041      6.789     7.161
     9.75    49.75    2060   1.990   0.782   3.946      0.378077      6.719     7.097
     9.75    49.75    2061   2.011   0.817   3.945      0.387080      6.773     7.160
     9.75    49.75    2062   2.040   0.808   3.943      0.388660      6.791     7.180
     9.75    49.75    2063   2.046   0.822   3.941      0.398435      6.809     7.208
     9.75    49.75    2064   1.938   0.820   3.940      0.401873      6.698     7.100
     9.75    49.75    2065   1.886   0.809   3.939      0.411475      6.635     7.046
     9.75    49.75    2066   1.926   0.796   3.940      0.410834      6.663     7.074
     9.75    49.75    2067   1.814   0.798   3.940      0.419893      6.552     6.972
     9.75    49.75    2068   1.902   0.777   3.939      0.416583      6.618     7.035
     9.75    49.75    2069   1.933   0.762   3.935      0.416111      6.630     7.046
     9.75    49.75    2070   1.891   0.743   3.926      0.414475      6.560     6.974
     9.75    49.75    2071   1.895   0.722   3.922      0.412357      6.539     6.951
     9.75    49.75    2072   1.963   0.696   3.917      0.407066      6.577     6.984
     9.75    49.75    2073   1.982   0.689   3.913      0.405698      6.584     6.989
     9.75    49.75    2074   1.983   0.682   3.908      0.405475      6.573     6.978
     9.75    49.75    2075   2.050   0.680   3.907      0.405370      6.637     7.043
     9.75    49.75    2076   2.031   0.753   3.907      0.408647      6.690     7.099
     9.75    49.75    2077   2.090   0.765   3.909      0.409247      6.764     7.173
     9.75    49.75    2078   1.964   0.808   3.905      0.414839      6.677     7.092
     9.75    49.75    2079   2.022   0.771   3.902      0.411056      6.695     7.106
     9.75    49.75    2080   2.060   0.751   3.901      0.408125      6.711     7.119
     9.75    49.75    2081   2.076   0.729   3.896      0.406010      6.701     7.107
     9.75    49.75    2082   2.080   0.711   3.892      0.402723      6.684     7.087
     9.75    49.75    2083   2.155   0.697   3.891      0.398560      6.743     7.141
     9.75    49.75    2084   2.135   0.707   3.891      0.402138      6.732     7.134
     9.75    49.75    2085   2.203   0.707   3.891      0.402171      6.800     7.203
     9.75    49.75    2086   2.218   0.710   3.890      0.405150      6.818     7.223
     9.75    49.75    2087   2.261   0.705   3.891      0.403272      6.857     7.260
     9.75    49.75    2088   2.264   0.695   3.890      0.401791      6.849     7.251
     9.75    49.75    2089   2.251   0.683   3.888      0.400000      6.822     7.222
     9.75    49.75    2090   2.241   0.668   3.887      0.395700      6.795     7.191
     9.75    49.75    2091   2.214   0.645   3.884      0.389987      6.743     7.133
     9.75    49.75    2092   2.255   0.629   3.879      0.385470      6.764     7.149
     9.75    49.75    2093   2.186   0.655   3.876      0.382910      6.716     7.099
     9.75    49.75    2094   2.223   0.656   3.876      0.381069      6.756     7.137
     9.75    49.75    2095   2.149   0.705   3.870      0.383355      6.724     7.108
     9.75    49.75    2096   2.197   0.711   3.869      0.383919      6.777     7.161
     9.75    49.75    2097   2.183   0.700   3.866      0.383107      6.749     7.132
     9.75    49.75    2098   2.255   0.680   3.862      0.379174      6.798     7.177
     9.75    49.75    2099   2.262   0.674   3.861      0.378144      6.797     7.175
     9.75    49.75    2100   2.271   0.672   3.859      0.378323      6.802     7.181
     9.75    49.75    2101   2.170   0.685   3.856      0.383081      6.711     7.095
     9.75    49.75    2102   2.130   0.683   3.855      0.383022      6.668     7.051
     9.75    49.75    2103   2.160   0.663   3.852      0.378773      6.675     7.054
     9.75    49.75    2104   2.116   0.672   3.849      0.378870      6.637     7.016
     9.75    49.75    2105   2.143   0.678   3.850      0.378761      6.671     7.050
     9.75    49.75    2106   2.196   0.683   3.852      0.378026      6.731     7.109
     9.75    49.75    2107   2.113   0.748   3.856      0.385481      6.717     7.102
     9.75    49.75    2108   2.089   0.717   3.853      0.381458      6.660     7.041
     9.75    49.75    2109   2.160   0.684   3.851      0.374714      6.695     7.070
     9.75    49.75    2110   2.180   0.682   3.851      0.370100      6.713     7.083
     9.75    49.75    2111   2.187   0.663   3.849      0.367159      6.699     7.066
     9.75    49.75    2112   2.156   0.650   3.847      0.363531      6.652     7.016
     9.75    49.75    2113   2.245   0.632   3.846      0.357034      6.723     7.080
     9.75    49.75    2114   2.247   0.642   3.846      0.358039      6.734     7.092
     9.75    49.75    2115   2.247   0.649   3.848      0.355606      6.744     7.100
     9.75    49.75    2116   2.214   0.666   3.849      0.358028      6.729     7.087
     9.75    49.75    2117   2.268   0.659   3.850      0.353178      6.777     7.130
     9.75    49.75    2118   2.273   0.651   3.849      0.350505      6.773     7.123
     9.75    49.75    2119   2.276   0.643   3.849      0.347016      6.767     7.114
     9.75    49.75    2120   2.221   0.643   3.849      0.346198      6.714     7.060
     9.75    49.75    2121   2.184   0.643   3.848      0.345573      6.676     7.021
     9.75    49.75    2122   2.188   0.640   3.847      0.343797      6.674     7.018
     9.75    49.75    2123   2.119   0.639   3.844      0.341036      6.602     6.943
     9.75    49.75    2124   2.178   0.635   3.846      0.336317      6.659     6.995
     9.75    49.75    2125   2.151   0.633   3.842      0.336618      6.627     6.963
     9.75    49.75    2126   2.173   0.648   3.843      0.336909      6.664     7.001
     9.75    49.75    2127   2.164   0.646   3.841      0.333180      6.650     6.983
     9.75    49.75    2128   2.211   0.635   3.839      0.329727      6.684     7.014
     9.75    49.75    2129   2.217   0.635   3.838      0.328185      6.690     7.018
     9.75    49.75    2130   2.217   0.630   3.836      0.323273      6.683     7.006
    13.75    55.75    1980   3.042   1.829   4.590      0.149010      9.461     9.610
    13.75    55.75    1981   2.950   1.802   4.594      0.150674      9.347     9.497
    13.75    55.75    1982   2.937   1.781   4.597      0.152907      9.315     9.468
    13.75    55.75    1983   2.958   1.760   4.597      0.154288      9.314     9.468
    13.75    55.75    1984   3.002   1.763   4.599      0.156762      9.363     9.520
    13.75    55.75    1985   3.027   1.765   4.604      0.161130      9.396     9.558
    13.75    55.75    1986   3.013   1.784   4.613      0.165495      9.410     9.576
    13.75    55.75    1987   3.030   1.763   4.618      0.167887      9.411     9.579
    13.75    55.75    1988   3.058   1.733   4.617      0.170652      9.408     9.579
    13.75    55.75    1989   3.039   1.734   4.620      0.174826      9.393     9.568
    13.75    55.75    1990   3.083   1.726   4.625      0.177000      9.434     9.611
    13.75    55.75    1991   3.075   1.720   4.627      0.180510      9.422     9.603
    13.75    55.75    1992   3.089   1.711   4.629      0.182971      9.430     9.613
    13.75    55.75    1993   3.156   1.716   4.634      0.186589      9.507     9.693
    13.75    55.75    1994   3.175   1.714   4.636      0.193556      9.525     9.718
    13.75    55.75    1995   3.142   1.710   4.637      0.198172      9.490     9.688
    13.75    55.75    1996   3.170   1.698   4.638      0.200077      9.507     9.707
    13.75    55.75    1997   3.189   1.692   4.640      0.205026      9.521     9.726
    13.75    55.75    1998   3.199   1.686   4.641      0.210923      9.527     9.738
    13.75    55.75    1999   3.213   1.688   4.643      0.215437      9.543     9.758
    13.75    55.75    2000   3.084   1.681   4.644      0.219900      9.409     9.629
    13.75    55.75    2001   3.150   1.684   4.649      0.221785      9.483     9.705
    13.75    55.75    2002   3.113   1.692   4.655      0.229328      9.459     9.688
    13.75    55.75    2003   3.136   1.686   4.656      0.232347      9.478     9.711
    13.75    55.75    2004   3.126   1.745   4.655      0.236999      9.526     9.763
    13.75    55.75    2005   2.903   1.841   4.655      0.243934      9.399     9.643
    13.75    55.75    2006   2.697   1.922   4.655      0.246626      9.274     9.520
    13.75    55.75    2007   2.823   1.875   4.652      0.247702      9.351     9.598
    13.75    55.75    2008   2.833   1.875   4.655      0.256356      9.363     9.619
    13.75    55.75    2009   2.780   1.871   4.658      0.262767      9.310     9.572
    13.75    55.75    2010   2.863   1.833   4.660      0.263196      9.356     9.620
    13.75    55.75    2011   2.886   1.806   4.661      0.264384      9.354     9.618
    13.75    55.75    2012   2.870   1.810   4.660      0.262742      9.340     9.603
    13.75    55.75    2013   2.868   1.796   4.667      0.261656      9.331     9.592
    13.75    55.75    2014   2.956   1.746   4.665      0.260547      9.367     9.628
    13.75    55.75    2015   2.943   1.738   4.668      0.262822      9.348     9.611
    13.75    55.75    2016   3.069   1.713   4.667      0.264952      9.449     9.714
    13.75    55.75    2017   3.068   1.723   4.670      0.275176      9.461     9.737
    13.75    55.75    2018   2.965   1.706   4.673      0.278199      9.344     9.622
    13.75    55.75    2019   3.027   1.670   4.674      0.275532      9.371     9.646
    13.75    55.75    2020   3.075   1.657   4.681      0.275042      9.412     9.688
    13.75    55.75    2021   3.035   1.653   4.686      0.276933      9.375     9.652
    13.75    55.75    2022   3.127   1.626   4.686      0.275104      9.439     9.714
    13.75    55.75    2023   2.990   1.601   4.684      0.276024      9.276     9.552
    13.75    55.75    2024   2.999   1.569   4.681      0.272443      9.248     9.521
    13.75    55.75    2025   3.129   1.556   4.684      0.269543      9.369     9.639
    13.75    55.75    2026   3.212   1.532   4.678      0.272369      9.422     9.695
    13.75    55.75    2027   3.332   1.535   4.676      0.275761      9.542     9.818
    13.75    55.75    2028   3.310   1.539   4.675      0.284984      9.524     9.809
    13.75    55.75    2029   3.351   1.521   4.673      0.284823      9.545     9.830
    13.75    55.75    2030   3.336   1.512   4.676      0.285416      9.524     9.809
    13.75    55.75    2031   3.421   1.558   4.671      0.284469      9.650     9.934
    13.75    55.75    2032   3.340   1.563   4.666      0.298063      9.568     9.866
    13.75    55.75    2033   3.258   1.561   4.664      0.309529      9.484     9.793
    13.75    55.75    2034   3.388   1.535   4.660      0.310456      9.583     9.894
    13.75    55.75    2035   3.345   1.541   4.660      0.320831      9.546     9.867
    13.75    55.75    2036   3.391   1.540   4.658      0.328764      9.589     9.918
    13.75    55.75    2037   3.432   1.531   4.655      0.338785      9.618     9.957
    13.75    55.75    2038   3.391   1.533   4.652      0.350108      9.576     9.926
    13.75    55.75    2039   3.419   1.515   4.646      0.359197      9.580     9.939
    13.75    55.75    2040   3.456   1.499   4.643      0.363897      9.598     9.962
    13.75    55.75    2041   3.323   1.498   4.640      0.369801      9.461     9.831
    13.75    55.75    2042   3.321   1.488   4.643      0.367710      9.452     9.819
    13.75    55.75    2043   3.318   1.457   4.638      0.367097      9.414     9.781
    13.75    55.75    2044   3.340   1.440   4.632      0.367414      9.411     9.779
    13.75    55.75    2045   3.508   1.415   4.627      0.367076      9.550     9.917
    13.75    55.75    2046   3.538   1.450   4.628      0.379674      9.617     9.996
    13.75    55.75    2047   3.517   1.469   4.631      0.393057      9.618    10.011
    13.75    55.75    2048   3.477   1.485   4.632      0.404821      9.594     9.999
    13.75    55.75    2049   3.522   1.483   4.635      0.411498      9.640    10.052
    13.75    55.75    2050   3.507   1.511   4.629      0.415879      9.647    10.063
    13.75    55.75    2051   3.417   1.620   4.631      0.420810      9.668    10.089
    13.75    55.75    2052   3.302   1.624   4.632      0.438633      9.558     9.996
    13.75    55.75    2053   3.426   1.586   4.627      0.437402      9.639    10.076
    13.75    55.75    2054   3.407   1.590   4.631      0.442574      9.628    10.070
    13.75    55.75    2055   3.439   1.589   4.635      0.448094      9.663    10.111
    13.75    55.75    2056   3.468   1.551   4.626      0.452236      9.645    10.097
    13.75    55.75    2057   3.490   1.554   4.627      0.457880      9.671    10.129
    13.75    55.75    2058   3.397   1.568   4.629      0.468725      9.594    10.063
    13.75    55.75    2059   3.452   1.544   4.628      0.472694      9.624    10.097
    13.75    55.75    2060   3.430   1.528   4.626      0.473352      9.584    10.057
    13.75    55.75    2061   3.502   1.528   4.626      0.480648      9.656    10.136
    13.75    55.75    2062   3.457   1.536   4.619      0.497921      9.612    10.110
    13.75    55.75    2063   3.423   1.539   4.614      0.514830      9.577    10.092
    13.75    55.75    2064   3.441   1.530   4.613      0.519743      9.584    10.103
    13.75    55.75    2065   3.275   1.546   4.610      0.519441      9.431     9.950
    13.75    55.75    2066   3.447   1.519   4.612      0.517745      9.577    10.095
    13.75    55.75    2067   3.480   1.525   4.616      0.524574      9.621    10.146
    13.75    55.75    2068   3.546   1.523   4.614      0.530082      9.683    10.213
    13.75    55.75    2069   3.299   1.606   4.617      0.544724      9.522    10.067
    13.75    55.75    2070   3.255   1.556   4.612      0.547451      9.423     9.970
    13.75    55.75    2071   3.343   1.523   4.608      0.544996      9.473    10.018
    13.75    55.75    2072   3.407   1.515   4.608      0.543085      9.530    10.073
    13.75    55.75    2073   3.278   1.512   4.606      0.550128      9.395     9.945
    13.75    55.75    2074   3.355   1.495   4.602      0.553278      9.451    10.004
    13.75    55.75    2075   3.399   1.502   4.601      0.562080      9.502    10.064
    13.75    55.75    2076   3.297   1.530   4.604      0.574347      9.431    10.005
    13.75    55.75    2077   3.333   1.511   4.602      0.576822      9.446    10.023
    13.75    55.75    2078   3.429   1.485   4.598      0.571425      9.511    10.083
    13.75    55.75    2079   3.454   1.472   4.594      0.573725      9.520    10.094
    13.75    55.75    2080   3.370   1.469   4.593      0.579089      9.431    10.011
    13.75    55.75    2081   3.412   1.446   4.587      0.579606      9.445    10.025
    13.75    55.75    2082   3.512   1.435   4.583      0.580150      9.529    10.109
    13.75    55.75    2083   3.494   1.445   4.579      0.586037      9.518    10.104
    13.75    55.75    2084   3.572   1.441   4.577      0.591060      9.590    10.181
    13.75    55.75    2085   3.519   1.455   4.578      0.595421      9.553    10.148
    13.75    55.75    2086   3.478   1.459   4.578      0.602099      9.515    10.117
    13.75    55.75    2087   3.501   1.436   4.575      0.598017      9.512    10.110
    13.75    55.75    2088   3.421   1.437   4.576      0.604097      9.434    10.038
    13.75    55.75    2089   3.410   1.464   4.573      0.621397      9.446    10.067
    13.75    55.75    2090   3.494   1.449   4.571      0.617999      9.514    10.132
    13.75    55.75    2091   3.489   1.458   4.570      0.625688      9.517    10.143
    13.75    55.75    2092   3.345   1.465   4.570      0.629734      9.379    10.009
    13.75    55.75    2093   3.290   1.463   4.570      0.642103      9.323     9.965
    13.75    55.75    2094   3.454   1.433   4.569      0.634602      9.456    10.090
    13.75    55.75    2095   3.305   1.430   4.562      0.634682      9.297     9.932
    13.75    55.75    2096   3.457   1.409   4.558      0.630135      9.424    10.054
    13.75    55.75    2097   3.490   1.385   4.554      0.626221      9.429    10.055
    13.75    55.75    2098   3.595   1.384   4.549      0.625358      9.527    10.152
    13.75    55.75    2099   3.437   1.412   4.549      0.635717      9.397    10.033
    13.75    55.75    2100   3.529   1.393   4.549      0.631674      9.471    10.103
    13.75    55.75    2101   3.509   1.374   4.543      0.628935      9.426    10.055
    13.75    55.75    2102   3.473   1.397   4.542      0.637865      9.411    10.049
    13.75    55.75    2103   3.476   1.377   4.536      0.632189      9.389    10.021
    13.75    55.75    2104   3.598   1.352   4.531      0.626932      9.481    10.108
    13.75    55.75    2105   3.706   1.346   4.527      0.624710      9.578    10.203
    13.75    55.75    2106   3.550   1.383   4.529      0.633972      9.462    10.096
    13.75    55.75    2107   3.647   1.353   4.525      0.626322      9.524    10.150
    13.75    55.75    2108   3.729   1.330   4.519      0.619855      9.578    10.198
    13.75    55.75    2109   3.781   1.317   4.513      0.614452      9.612    10.226
    13.75    55.75    2110   3.747   1.317   4.509      0.614370      9.574    10.189
    13.75    55.75    2111   3.782   1.306   4.502      0.615936      9.589    10.205
    13.75    55.75    2112   3.776   1.334   4.497      0.627969      9.607    10.235
    13.75    55.75    2113   3.751   1.349   4.493      0.628055      9.593    10.222
    13.75    55.75    2114   3.816   1.352   4.489      0.630952      9.657    10.288
    13.75    55.75    2115   3.762   1.371   4.489      0.632204      9.622    10.254
    13.75    55.75    2116   3.800   1.355   4.485      0.627469      9.640    10.267
    13.75    55.75    2117   3.816   1.367   4.481      0.629695      9.664    10.294
    13.75    55.75    2118   3.783   1.371   4.479      0.627576      9.632    10.259
    13.75    55.75    2119   3.928   1.348   4.474      0.619645      9.751    10.370
    13.75    55.75    2120   3.955   1.358   4.473      0.618629      9.786    10.404
    13.75    55.75    2121   3.923   1.401   4.471      0.615826      9.796    10.412
    13.75    55.75    2122   3.761   1.394   4.472      0.609713      9.627    10.237
    13.75    55.75    2123   3.800   1.371   4.471      0.603533      9.641    10.245
    13.75    55.75    2124   3.841   1.365   4.470      0.596179      9.676    10.272
    13.75    55.75    2125   3.693   1.361   4.466      0.594278      9.520    10.114
    13.75    55.75    2126   3.813   1.352   4.463      0.587277      9.627    10.214
    13.75    55.75    2127   3.809   1.425   4.457      0.585767      9.690    10.276
    13.75    55.75    2128   3.869   1.430   4.454      0.585570      9.753    10.339
    13.75    55.75    2129   3.774   1.440   4.454      0.584945      9.668    10.253
    13.75    55.75    2130   3.839   1.433   4.455      0.579759      9.727    10.307
    23.75    61.75    1980   4.616   4.717  16.665      0.650136     25.998    26.648
    23.75    61.75    1981   4.669   4.718  16.668      0.660527     26.054    26.715
    23.75    61.75    1982   4.674   4.729  16.672      0.670408     26.075    26.746
    23.75    61.75    1983   4.738   4.772  16.684      0.679147     26.193    26.873
    23.75    61.75    1984   4.539   4.827  16.675      0.695307     26.040    26.735
    23.75    61.75    1985   4.586   4.778  16.669      0.703496     26.032    26.736
    23.75    61.75    1986   4.490   4.811  16.674      0.714783     25.975    26.690
    23.75    61.75    1987   4.574   4.744  16.669      0.725526     25.987    26.713
    23.75    61.75    1988   4.539   4.698  16.656      0.737342     25.893    26.631
    23.75    61.75    1989   4.577   4.719  16.661      0.745979     25.957    26.703
    23.75    61.75    1990   4.597   4.679  16.660      0.759002     25.936    26.695
    23.75    61.75    1991   4.634   4.692  16.663      0.773478     25.989    26.763
    23.75    61.75    1992   4.602   4.786  16.660      0.782928     26.048    26.831
    23.75    61.75    1993   4.669   4.779  16.663      0.788564     26.111    26.899
    23.75    61.75    1994   4.688   4.718  16.655      0.797509     26.061    26.859
    23.75    61.75    1995   4.751   4.671  16.649      0.809426     26.071    26.880
    23.75    61.75    1996   4.738   4.670  16.646      0.824601     26.054    26.879
    23.75    61.75    1997   4.743   4.612  16.636      0.834502     25.991    26.826
    23.75    61.75    1998   4.803   4.597  16.628      0.841374     26.029    26.871
    23.75    61.75    1999   4.927   4.546  16.615      0.855144     26.087    26.942
    23.75    61.75    2000   4.958   4.541  16.606      0.868451     26.105    26.974
    23.75    61.75    2001   4.969   4.565  16.609      0.882072     26.142    27.024
    23.75    61.75    2002   5.029   4.550  16.609      0.888831     26.188    27.077
    23.75    61.75    2003   4.999   4.554  16.611      0.902976     26.164    27.067
    23.75    61.75    2004   5.093   4.459  16.591      0.910969     26.143    27.054
    23.75    61.75    2005   5.159   4.405  16.570      0.924680     26.135    27.059
    23.75    61.75    2006   5.153   4.445  16.569      0.946583     26.167    27.114
    23.75    61.75    2007   5.200   4.403  16.558      0.960094     26.161    27.121
    23.75    61.75    2008   5.195   4.348  16.538      0.975639     26.080    27.056
    23.75    61.75    2009   5.202   4.338  16.526      0.991658     26.065    27.057
    23.75    61.75    2010   5.273   4.308  16.512      1.005497     26.093    27.098
    23.75    61.75    2011   4.927   4.366  16.493      1.084764     25.786    26.871
    23.75    61.75    2012   4.830   4.445  16.487      1.114032     25.761    26.875
    23.75    61.75    2013   4.912   4.411  16.479      1.121365     25.802    26.923
    23.75    61.75    2014   4.953   4.358  16.460      1.135248     25.771    26.906
    23.75    61.75    2015   4.749   4.432  16.462      1.174010     25.643    26.817
    23.75    61.75    2016   4.849   4.394  16.452      1.191636     25.695    26.887
    23.75    61.75    2017   4.716   4.436  16.450      1.216686     25.602    26.819
    23.75    61.75    2018   4.753   4.410  16.440      1.242774     25.602    26.845
    23.75    61.75    2019   4.760   4.407  16.434      1.252968     25.601    26.854
    23.75    61.75    2020   4.717   4.421  16.432      1.279928     25.570    26.850
    23.75    61.75    2021   4.799   4.436  16.435      1.288194     25.670    26.959
    23.75    61.75    2022   4.775   4.420  16.434      1.300539     25.630    26.931
    23.75    61.75    2023   4.758   4.420  16.434      1.315941     25.612    26.928
    23.75    61.75    2024   4.756   4.424  16.436      1.329629     25.617    26.947
    23.75    61.75    2025   4.747   4.424  16.435      1.348805     25.607    26.956
    23.75    61.75    2026   4.688   4.379  16.419      1.376123     25.486    26.862
    23.75    61.75    2027   4.746   4.358  16.411      1.386523     25.515    26.902
    23.75    61.75    2028   4.876   4.325  16.404      1.385596     25.606    26.991
    23.75    61.75    2029   4.965   4.283  16.394      1.386811     25.642    27.028
    23.75    61.75    2030   5.022   4.344  16.403      1.393030     25.769    27.162
    23.75    61.75    2031   5.115   4.267  16.390      1.406425     25.771    27.178
    23.75    61.75    2032   5.062   4.269  16.377      1.433994     25.708    27.142
    23.75    61.75    2033   4.959   4.267  16.372      1.445255     25.598    27.043
    23.75    61.75    2034   4.996   4.191  16.348      1.463037     25.535    26.998
    23.75    61.75    2035   5.107   4.186  16.342      1.463011     25.636    27.099
    23.75    61.75    2036   5.051   4.191  16.333      1.483501     25.576    27.059
    23.75    61.75    2037   5.185   4.123  16.312      1.489347     25.620    27.110
    23.75    61.75    2038   5.241   4.133  16.308      1.488109     25.682    27.170
    23.75    61.75    2039   5.243   4.084  16.285      1.507476     25.612    27.120
    23.75    61.75    2040   5.314   4.059  16.269      1.512977     25.642    27.155
    23.75    61.75    2041   5.333   4.060  16.259      1.527367     25.653    27.180
    23.75    61.75    2042   5.379   4.080  16.256      1.535570     25.715    27.251
    23.75    61.75    2043   5.430   4.059  16.242      1.553973     25.731    27.285
    23.75    61.75    2044   5.115   4.120  16.233      1.603265     25.469    27.072
    23.75    61.75    2045   5.316   4.035  16.213      1.593461     25.565    27.158
    23.75    61.75    2046   5.427   4.020  16.203      1.590815     25.651    27.242
    23.75    61.75    2047   5.496   4.059  16.203      1.601811     25.758    27.359
    23.75    61.75    2048   5.421   4.094  16.196      1.631681     25.711    27.343
    23.75    61.75    2049   5.530   4.027  16.179      1.621218     25.736    27.357
    23.75    61.75    2050   5.548   4.007  16.171      1.619504     25.726    27.346
    23.75    61.75    2051   5.614   4.002  16.164      1.620546     25.779    27.400
    23.75    61.75    2052   5.504   4.025  16.154      1.653182     25.683    27.336
    23.75    61.75    2053   5.482   4.013  16.138      1.669165     25.633    27.302
    23.75    61.75    2054   5.590   3.997  16.130      1.661056     25.717    27.378
    23.75    61.75    2055   5.501   4.010  16.122      1.676877     25.632    27.309
    23.75    61.75    2056   5.526   4.004  16.115      1.678737     25.644    27.323
    23.75    61.75    2057   5.635   3.985  16.105      1.678839     25.725    27.403
    23.75    61.75    2058   5.611   4.018  16.102      1.691488     25.731    27.423
    23.75    61.75    2059   5.712   3.986  16.092      1.685179     25.789    27.474
    23.75    61.75    2060   5.785   3.947  16.075      1.679294     25.806    27.485
    23.75    61.75    2061   5.888   3.922  16.062      1.671945     25.871    27.543
    23.75    61.75    2062   5.877   3.924  16.053      1.676548     25.853    27.530
    23.75    61.75    2063   5.954   3.904  16.042      1.676930     25.900    27.577
    23.75    61.75    2064   5.921   3.953  16.045      1.683310     25.919    27.602
    23.75    61.75    2065   5.959   3.944  16.037      1.681438     25.940    27.622
    23.75    61.75    2066   5.914   3.936  16.020      1.698643     25.870    27.569
    23.75    61.75    2067   5.871   3.973  16.013      1.720304     25.857    27.577
    23.75    61.75    2068   5.840   4.007  16.009      1.732034     25.856    27.588
    23.75    61.75    2069   5.778   4.008  15.996      1.744198     25.782    27.526
    23.75    61.75    2070   5.836   3.986  15.980      1.748639     25.802    27.550
    23.75    61.75    2071   5.804   3.939  15.957      1.748627     25.701    27.450
    23.75    61.75    2072   5.780   3.949  15.947      1.756611     25.676    27.433
    23.75    61.75    2073   5.900   3.934  15.939      1.746397     25.773    27.520
    23.75    61.75    2074   6.031   3.933  15.933      1.732366     25.897    27.629
    23.75    61.75    2075   6.158   3.906  15.920      1.727042     25.985    27.712
    23.75    61.75    2076   6.086   3.988  15.925      1.733514     25.998    27.732
    23.75    61.75    2077   6.091   3.963  15.915      1.738601     25.969    27.707
    23.75    61.75    2078   6.016   3.971  15.901      1.753853     25.888    27.642
    23.75    61.75    2079   5.921   3.993  15.894      1.760304     25.808    27.568
    23.75    61.75    2080   6.022   3.949  15.881      1.745729     25.851    27.597
    23.75    61.75    2081   6.070   3.987  15.880      1.750557     25.937    27.687
    23.75    61.75    2082   6.038   3.978  15.864      1.756341     25.879    27.636
    23.75    61.75    2083   6.150   3.950  15.852      1.741032     25.952    27.693
    23.75    61.75    2084   6.348   3.931  15.844      1.720777     26.123    27.844
    23.75    61.75    2085   6.303   3.986  15.847      1.711100     26.135    27.846
    23.75    61.75    2086   6.220   4.051  15.857      1.700747     26.128    27.829
    23.75    61.75    2087   6.272   3.975  15.835      1.694143     26.083    27.777
    23.75    61.75    2088   6.144   3.997  15.831      1.689373     25.972    27.661
    23.75    61.75    2089   6.109   4.047  15.831      1.686893     25.988    27.674
    23.75    61.75    2090   6.020   4.049  15.814      1.683216     25.883    27.567
    23.75    61.75    2091   5.719   4.176  15.812      1.703059     25.708    27.411
    23.75    61.75    2092   5.505   4.276  15.821      1.700143     25.602    27.302
    23.75    61.75    2093   5.571   4.220  15.812      1.684215     25.603    27.287
    23.75    61.75    2094   5.500   4.205  15.798      1.676666     25.503    27.179
    23.75    61.75    2095   5.562   4.174  15.787      1.665272     25.523    27.188
    23.75    61.75    2096   5.656   4.154  15.778      1.647981     25.588    27.236
    23.75    61.75    2097   5.805   4.143  15.773      1.635242     25.722    27.357
    23.75    61.75    2098   5.867   4.162  15.772      1.621054     25.800    27.421
    23.75    61.75    2099   5.757   4.273  15.785      1.618610     25.815    27.433
    23.75    61.75    2100   5.854   4.265  15.787      1.602974     25.906    27.509
    23.75    61.75    2101   5.737   4.253  15.774      1.602924     25.764    27.367
    23.75    61.75    2102   5.750   4.237  15.773      1.589989     25.760    27.350
    23.75    61.75    2103   5.827   4.207  15.767      1.576081     25.800    27.377
    23.75    61.75    2104   5.895   4.207  15.766      1.559651     25.867    27.427
    23.75    61.75    2105   5.970   4.183  15.759      1.546893     25.913    27.460
    23.75    61.75    2106   5.784   4.277  15.766      1.548259     25.827    27.375
    23.75    61.75    2107   5.928   4.213  15.757      1.527088     25.898    27.425
    23.75    61.75    2108   5.970   4.214  15.748      1.520068     25.933    27.453
    23.75    61.75    2109   5.927   4.231  15.745      1.510125     25.902    27.412
    23.75    61.75    2110   5.977   4.194  15.738      1.493638     25.908    27.402
    23.75    61.75    2111   6.171   4.180  15.740      1.470298     26.090    27.561
    23.75    61.75    2112   6.156   4.155  15.730      1.458459     26.041    27.499
    23.75    61.75    2113   5.989   4.213  15.725      1.460682     25.926    27.387
    23.75    61.75    2114   6.115   4.203  15.721      1.445659     26.039    27.485
    23.75    61.75    2115   5.972   4.285  15.729      1.440961     25.987    27.427
    23.75    61.75    2116   5.912   4.360  15.742      1.427040     26.014    27.441
    23.75    61.75    2117   6.060   4.236  15.724      1.403874     26.020    27.424
    23.75    61.75    2118   5.944   4.263  15.726      1.392604     25.933    27.326
    23.75    61.75    2119   5.782   4.344  15.733      1.393274     25.859    27.252
    23.75    61.75    2120   5.630   4.324  15.722      1.383431     25.676    27.059
    23.75    61.75    2121   5.815   4.281  15.721      1.360784     25.816    27.177
    23.75    61.75    2122   5.814   4.338  15.731      1.342424     25.882    27.225
    23.75    61.75    2123   5.694   4.340  15.725      1.339428     25.759    27.098
    23.75    61.75    2124   5.605   4.320  15.717      1.330333     25.642    26.972
    23.75    61.75    2125   5.704   4.272  15.707      1.315455     25.683    26.998
    23.75    61.75    2126   5.832   4.252  15.700      1.297177     25.785    27.082
    23.75    61.75    2127   5.989   4.239  15.696      1.280477     25.923    27.204
    23.75    61.75    2128   6.061   4.244  15.696      1.263332     26.000    27.263
    23.75    61.75    2129   6.052   4.294  15.709      1.244292     26.055    27.299
    23.75    61.75    2130   5.997   4.323  15.714      1.239868     26.034    27.273
    21.75    37.75    1980   1.080   0.290   2.702      0.027296      4.071     4.099
    21.75    37.75    1981   0.987   0.302   2.700      0.027617      3.989     4.016
    21.75    37.75    1982   0.977   0.288   2.699      0.027321      3.964     3.991
    21.75    37.75    1983   1.080   0.277   2.697      0.027022      4.054     4.081
    21.75    37.75    1984   1.046   0.299   2.689      0.028040      4.034     4.062
    21.75    37.75    1985   1.029   0.284   2.690      0.027821      4.003     4.031
    21.75    37.75    1986   1.179   0.271   2.688      0.027545      4.138     4.166
    21.75    37.75    1987   1.183   0.301   2.685      0.031273      4.170     4.201
    21.75    37.75    1988   1.196   0.294   2.688      0.032248      4.178     4.211
    21.75    37.75    1989   1.159   0.294   2.688      0.032065      4.141     4.173
    21.75    37.75    1990   1.186   0.275   2.690      0.031855      4.151     4.183
    21.75    37.75    1991   1.027   0.299   2.687      0.033023      4.013     4.046
    21.75    37.75    1992   1.076   0.276   2.687      0.032789      4.039     4.072
    21.75    37.75    1993   1.108   0.298   2.682      0.033047      4.088     4.122
    21.75    37.75    1994   1.159   0.299   2.676      0.035079      4.135     4.170
    21.75    37.75    1995   1.204   0.308   2.676      0.036954      4.189     4.226
    21.75    37.75    1996   1.179   0.304   2.675      0.037434      4.158     4.195
    21.75    37.75    1997   1.224   0.290   2.676      0.037240      4.190     4.227
    21.75    37.75    1998   1.222   0.290   2.677      0.037207      4.189     4.227
    21.75    37.75    1999   1.203   0.285   2.674      0.037023      4.162     4.199
    21.75    37.75    2000   1.262   0.273   2.672      0.036833      4.206     4.243
    21.75    37.75    2001   1.226   0.286   2.668      0.037334      4.180     4.218
    21.75    37.75    2002   1.244   0.279   2.670      0.039373      4.193     4.232
    21.75    37.75    2003   1.249   0.291   2.667      0.041022      4.206     4.247
    21.75    37.75    2004   1.232   0.285   2.667      0.042977      4.184     4.227
    21.75    37.75    2005   1.294   0.287   2.666      0.043269      4.246     4.290
    21.75    37.75    2006   1.306   0.307   2.668      0.044277      4.281     4.325
    21.75    37.75    2007   1.242   0.322   2.670      0.045260      4.234     4.279
    21.75    37.75    2008   1.270   0.304   2.674      0.045541      4.248     4.294
    21.75    37.75    2009   1.264   0.304   2.673      0.046367      4.241     4.287
    21.75    37.75    2010   1.082   0.320   2.671      0.047341      4.073     4.121
    21.75    37.75    2011   1.165   0.254   2.673      0.046625      4.092     4.138
    21.75    37.75    2012   1.220   0.262   2.661      0.046557      4.143     4.189
    21.75    37.75    2013   1.309   0.283   2.655      0.048041      4.247     4.295
    21.75    37.75    2014   1.234   0.309   2.653      0.050234      4.196     4.246
    21.75    37.75    2015   1.238   0.276   2.660      0.049478      4.174     4.224
    21.75    37.75    2016   1.302   0.267   2.659      0.048890      4.228     4.277
    21.75    37.75    2017   1.346   0.289   2.657      0.048980      4.291     4.340
    21.75    37.75    2018   1.033   0.443   2.659      0.050242      4.136     4.186
    21.75    37.75    2019   1.046   0.370   2.668      0.052265      4.084     4.137
    21.75    37.75    2020   1.160   0.364   2.663      0.051488      4.186     4.238
    21.75    37.75    2021   1.122   0.399   2.659      0.050804      4.180     4.230
    21.75    37.75    2022   1.174   0.359   2.669      0.050204      4.203     4.253
    21.75    37.75    2023   1.183   0.383   2.670      0.049648      4.236     4.285
    21.75    37.75    2024   1.275   0.369   2.679      0.049071      4.323     4.372
    21.75    37.75    2025   1.234   0.393   2.682      0.048741      4.310     4.359
    21.75    37.75    2026   1.301   0.352   2.693      0.048090      4.346     4.394
    21.75    37.75    2027   1.185   0.433   2.693      0.047723      4.312     4.360
    21.75    37.75    2028   1.274   0.390   2.702      0.047015      4.366     4.413
    21.75    37.75    2029   0.871   0.679   2.700      0.046640      4.249     4.296
    21.75    37.75    2030   0.931   0.601   2.713      0.054864      4.245     4.300
    21.75    37.75    2031   0.798   0.682   2.707      0.054159      4.187     4.241
    21.75    37.75    2032   0.845   0.618   2.717      0.053469      4.180     4.234
    21.75    37.75    2033   0.922   0.594   2.718      0.052816      4.234     4.286
    21.75    37.75    2034   0.827   0.631   2.719      0.052160      4.177     4.229
    21.75    37.75    2035   0.859   0.576   2.727      0.051502      4.162     4.214
    21.75    37.75    2036   0.822   0.554   2.726      0.050976      4.102     4.153
    21.75    37.75    2037   0.523   0.642   2.728      0.050353      3.893     3.943
    21.75    37.75    2038   0.513   0.589   2.728      0.052461      3.830     3.882
    21.75    37.75    2039   0.557   0.563   2.721      0.052727      3.840     3.893
    21.75    37.75    2040   0.597   0.569   2.718      0.052140      3.884     3.937
    21.75    37.75    2041   0.550   0.546   2.724      0.051562      3.819     3.871
    21.75    37.75    2042   0.606   0.496   2.730      0.050943      3.832     3.883
    21.75    37.75    2043   0.607   0.494   2.730      0.050341      3.831     3.881
    21.75    37.75    2044   0.653   0.461   2.734      0.049722      3.848     3.898
    21.75    37.75    2045   0.630   0.439   2.733      0.049164      3.802     3.851
    21.75    37.75    2046   0.660   0.405   2.730      0.048551      3.796     3.844
    21.75    37.75    2047   0.666   0.402   2.726      0.047973      3.795     3.842
    21.75    37.75    2048   0.701   0.377   2.723      0.047376      3.801     3.849
    21.75    37.75    2049   0.667   0.380   2.719      0.046783      3.766     3.813
    21.75    37.75    2050   0.568   0.361   2.716      0.046189      3.645     3.691
    21.75    37.75    2051   0.637   0.323   2.714      0.045608      3.673     3.719
    21.75    37.75    2052   0.683   0.338   2.706      0.045061      3.726     3.771
    21.75    37.75    2053   0.570   0.346   2.702      0.044590      3.618     3.663
    21.75    37.75    2054   0.630   0.303   2.702      0.044038      3.635     3.679
    21.75    37.75    2055   0.588   0.306   2.694      0.043546      3.587     3.631
    21.75    37.75    2056   0.647   0.282   2.691      0.042998      3.619     3.662
    21.75    37.75    2057   0.649   0.294   2.684      0.042546      3.627     3.669
    21.75    37.75    2058   0.648   0.279   2.684      0.042021      3.610     3.652
    21.75    37.75    2059   0.644   0.268   2.683      0.041527      3.596     3.638
    21.75    37.75    2060   0.771   0.263   2.681      0.041011      3.715     3.756
    21.75    37.75    2061   0.614   0.334   2.678      0.040862      3.626     3.667
    21.75    37.75    2062   0.698   0.274   2.684      0.041631      3.656     3.698
    21.75    37.75    2063   0.725   0.296   2.676      0.041563      3.696     3.738
    21.75    37.75    2064   0.761   0.315   2.679      0.041497      3.756     3.797
    21.75    37.75    2065   0.712   0.313   2.685      0.041341      3.710     3.752
    21.75    37.75    2066   0.755   0.277   2.689      0.040896      3.721     3.761
    21.75    37.75    2067   0.775   0.283   2.686      0.040446      3.744     3.784
    21.75    37.75    2068   0.699   0.294   2.686      0.040064      3.679     3.719
    21.75    37.75    2069   0.822   0.258   2.687      0.039748      3.767     3.807
    21.75    37.75    2070   0.826   0.285   2.679      0.039463      3.790     3.830
    21.75    37.75    2071   0.638   0.367   2.677      0.039312      3.682     3.722
    21.75    37.75    2072   0.735   0.323   2.681      0.040031      3.739     3.779
    21.75    37.75    2073   0.712   0.368   2.673      0.039732      3.752     3.792
    21.75    37.75    2074   0.668   0.341   2.680      0.039457      3.689     3.728
    21.75    37.75    2075   0.766   0.305   2.679      0.038952      3.750     3.789
    21.75    37.75    2076   0.766   0.319   2.673      0.038814      3.757     3.796
    21.75    37.75    2077   0.738   0.300   2.673      0.038294      3.711     3.749
    21.75    37.75    2078   0.781   0.276   2.669      0.037800      3.727     3.765
    21.75    37.75    2079   0.737   0.275   2.663      0.037272      3.675     3.713
    21.75    37.75    2080   0.780   0.253   2.662      0.036719      3.695     3.732
    21.75    37.75    2081   0.783   0.298   2.653      0.036201      3.733     3.769
    21.75    37.75    2082   0.804   0.281   2.653      0.035684      3.738     3.774
    21.75    37.75    2083   0.739   0.290   2.651      0.035125      3.681     3.716
    21.75    37.75    2084   0.863   0.263   2.652      0.034566      3.778     3.813
    21.75    37.75    2085   0.876   0.301   2.648      0.034077      3.825     3.859
    21.75    37.75    2086   0.862   0.268   2.653      0.033752      3.783     3.817
    21.75    37.75    2087   0.916   0.264   2.654      0.033246      3.833     3.866
    21.75    37.75    2088   0.961   0.262   2.653      0.032926      3.875     3.908
    21.75    37.75    2089   0.960   0.272   2.653      0.032616      3.885     3.918
    21.75    37.75    2090   0.927   0.277   2.657      0.032207      3.861     3.893
    21.75    37.75    2091   0.893   0.253   2.661      0.031692      3.807     3.839
    21.75    37.75    2092   0.900   0.251   2.661      0.031177      3.811     3.842
    21.75    37.75    2093   0.931   0.252   2.658      0.030954      3.841     3.872
    21.75    37.75    2094   0.946   0.262   2.657      0.030772      3.865     3.896
    21.75    37.75    2095   1.037   0.267   2.659      0.030369      3.962     3.993
    21.75    37.75    2096   0.809   0.364   2.659      0.030230      3.832     3.862
    21.75    37.75    2097   0.531   0.537   2.667      0.029730      3.735     3.765
    21.75    37.75    2098   0.605   0.487   2.662      0.030409      3.753     3.784
    21.75    37.75    2099   0.618   0.491   2.659      0.029926      3.768     3.798
    21.75    37.75    2100   0.534   0.502   2.665      0.029472      3.701     3.730
    21.75    37.75    2101   0.624   0.433   2.671      0.028976      3.729     3.758
    21.75    37.75    2102   0.659   0.462   2.671      0.028539      3.792     3.820
    21.75    37.75    2103   0.664   0.449   2.680      0.028085      3.794     3.822
    21.75    37.75    2104   0.547   0.470   2.688      0.027642      3.706     3.733
    21.75    37.75    2105   0.620   0.402   2.696      0.027653      3.718     3.745
    21.75    37.75    2106   0.636   0.407   2.691      0.027250      3.735     3.762
    21.75    37.75    2107   0.589   0.389   2.693      0.026767      3.672     3.699
    21.75    37.75    2108   0.611   0.341   2.693      0.026317      3.645     3.671
    21.75    37.75    2109   0.585   0.331   2.687      0.025923      3.603     3.629
    21.75    37.75    2110   0.627   0.312   2.684      0.025450      3.623     3.648
    21.75    37.75    2111   0.632   0.310   2.678      0.024997      3.620     3.645
    21.75    37.75    2112   0.564   0.306   2.677      0.024573      3.548     3.572
    21.75    37.75    2113   0.405   0.351   2.679      0.024117      3.435     3.459
    21.75    37.75    2114   0.537   0.301   2.679      0.024232      3.518     3.542
    21.75    37.75    2115   0.453   0.412   2.671      0.023795      3.536     3.560
    21.75    37.75    2116   0.459   0.359   2.681      0.023391      3.499     3.522
    21.75    37.75    2117   0.487   0.348   2.680      0.023010      3.515     3.538
    21.75    37.75    2118   0.526   0.333   2.680      0.022684      3.538     3.561
    21.75    37.75    2119   0.593   0.334   2.680      0.022291      3.607     3.629
    21.75    37.75    2120   0.551   0.347   2.683      0.021980      3.581     3.603
    21.75    37.75    2121   0.555   0.296   2.691      0.021571      3.542     3.564
    21.75    37.75    2122   0.589   0.286   2.690      0.021154      3.565     3.586
    21.75    37.75    2123   0.612   0.281   2.687      0.020809      3.580     3.601
    21.75    37.75    2124   0.594   0.280   2.684      0.020466      3.559     3.579
    21.75    37.75    2125   0.714   0.272   2.685      0.020059      3.671     3.691
    21.75    37.75    2126   0.457   0.397   2.681      0.020011      3.535     3.555
    21.75    37.75    2127   0.376   0.379   2.690      0.019614      3.445     3.465
    21.75    37.75    2128   0.488   0.347   2.679      0.019292      3.515     3.534
    21.75    37.75    2129   0.494   0.388   2.671      0.018904      3.553     3.572
    21.75    37.75    2130   0.444   0.361   2.679      0.018705      3.484     3.502
