      Lon      Lat    Year       Jan       Feb       Mar       Apr       May       Jun       Jul       Aug       Sep       Oct       Nov       Dec
     9.75    49.75    1980     0.000     0.000    23.667    13.331     9.438    21.522    15.532    19.364     7.772     3.847     3.602     3.615
     9.75    49.75    1981     9.331    16.258    22.264    15.984     6.845     1.573     2.786     5.461    11.761     8.786     8.409     5.746
     9.75    49.75    1982     5.191    16.756    27.417    41.329    12.995     3.986    15.422    14.596    12.887     5.841     3.224     3.938
     9.75    49.75    1983     0.599    16.604    17.745    10.307     5.641    11.301    14.262     6.791     2.474     1.088     5.457     5.792
     9.75    49.75    1984     9.408    14.044    23.240    29.066    18.411    22.855     5.660     3.440     2.316     1.112     3.528     3.019
     9.75    49.75    1985     0.000     0.000    27.396    17.251     9.999    16.030     8.597    10.769     7.555     5.046     5.528     2.691
     9.75    49.75    1986     0.000     0.000     0.000    19.682    14.830     3.660     6.418     2.133     7.608     9.521     4.870     7.594
     9.75    49.75    1987     0.480     0.000    21.531    19.971    22.184    26.139    16.027     7.513    11.193     5.007     3.920     4.541
     9.75    49.75    1988     8.872    12.606    22.284    10.130     4.862     4.139     6.496     1.640     1.641     0.331     1.056     3.063
     9.75    49.75    1989     2.361     0.000    21.398    37.650    35.344    14.380     9.642     5.735     7.292     3.779     4.825     5.782
     9.75    49.75    1990     7.940     3.656    14.523    38.877    21.716    10.362     9.007     5.113     1.986     1.438     2.255     4.998
     9.75    49.75    1991     5.327    16.563    25.603    16.558    11.106    21.134     7.770     3.088     1.209     1.583     2.231     6.679
     9.75    49.75    1992     9.742    12.883    27.625    33.213    11.472    14.047     9.128     6.366     2.600     0.946     2.810     1.895
     9.75    49.75    1993     0.000     0.000    10.889    26.373     6.777     7.724     4.647     4.530    13.166     9.704     8.314     1.648
     9.75    49.75    1994     0.063    17.395    31.719    22.651     8.134     4.690     2.061     4.338     3.588     1.123     4.586     7.291
     9.75    49.75    1995     1.698     0.000    10.135    35.969    20.762     5.929    13.158    22.700     4.178     2.898     6.598     7.211
     9.75    49.75    1996     2.465    18.486    24.282    22.689     5.360     6.443     8.247    12.990     6.817     5.549     5.272     4.685
     9.75    49.75    1997     1.201     0.000    21.850    22.493    19.882    27.899    11.644     6.079     5.841     3.436     4.584     3.064
     9.75    49.75    1998     9.081    13.371    26.289    12.395     4.655    11.596     3.131     1.790     9.713     4.229     3.149     4.199
     9.75    49.75    1999     6.799    16.517    22.998    17.304     2.850    16.765     1.777     1.022     0.731     0.778     3.964     5.339
     9.75    49.75    2000     8.575    17.379    18.758    10.706     4.127    12.375    12.848     5.991     6.626     3.433     8.831     2.332
     9.75    49.75    2001     0.000     0.000     0.000    27.934    11.056    10.137     7.011    11.580     2.494     1.394     3.768     7.079
     9.75    49.75    2002     9.485    11.048    24.775    16.569    17.882     1.771     0.530     3.235     8.423     4.305     2.421     2.337
     9.75    49.75    2003     1.677     0.000    23.460    16.108    11.480     9.811    16.822    16.767     6.851     2.728     5.216     8.548
     9.75    49.75    2004     9.516    14.111    25.558    13.086    15.615    11.663     2.709     5.941     8.102     5.507     6.042     7.542
     9.75    49.75    2005     2.405     4.904    28.005    11.816    12.144     8.074     5.785     4.922     3.712     1.598     8.946     8.245
     9.75    49.75    2006     6.075     3.584    29.343    20.130    11.248    18.438    26.042     7.851     0.973     0.862     4.878     6.023
     9.75    49.75    2007     4.084    17.189    15.489     7.018     3.989     5.575     4.575     1.912     0.646     0.368     5.227     6.033
     9.75    49.75    2008     8.329    13.308    24.610    10.869     5.069     2.632     4.316    16.228     8.963     2.220     4.335     5.815
     9.75    49.75    2009     7.868    18.442    26.250    23.319    13.398    12.750     4.116     3.263     1.373     1.700     8.193     7.860
     9.75    49.75    2010     1.505    15.766    22.718    22.870    15.445    12.985     5.972     2.050     3.848     2.041     3.441     3.485
     9.75    49.75    2011     4.578    14.313    27.837    13.021    19.770    34.260    23.374    13.110     7.003     4.824     4.728     7.152
     9.75    49.75    2012     1.696     0.000    27.660    20.098     7.573     6.066     5.727    15.756    12.894     4.272     3.031     4.621
     9.75    49.75    2013     6.779    11.953    18.470     3.536     9.993     8.212     3.169     2.615     6.389     5.012     7.631     8.015
     9.75    49.75    2014     9.188    16.139    12.392    16.653    13.136     3.373    13.331    18.593     5.031     2.711     5.989     0.662
     9.75    49.75    2015     0.000     4.435    33.896    22.785     8.404     6.856     3.631     1.968     2.934     1.444     4.057     7.203
     9.75    49.75    2016    11.548    16.577    13.607     6.938     2.640     1.710     3.615     4.528     3.100     3.499     5.140     7.928
     9.75    49.75    2017     9.019     4.388    27.284     2.818     3.299     4.622     7.678    12.827     5.609     3.751     7.479     7.444
     9.75    49.75    2018     9.269    16.746    15.349    12.940     8.684     2.280     2.288     0.793     1.083     5.947     6.432     6.335
     9.75    49.75    2019     0.000     0.000    31.271     9.175     1.085     1.420     2.096     3.681     6.757     2.372     4.412     2.363
     9.75    49.75    2020     6.534    11.283    24.704    14.246     8.556    21.336    16.504     7.583     0.747     2.001    10.135     9.010
     9.75    49.75    2021     2.387    11.686    25.331    35.923    12.505     1.543     0.857     0.550     0.544     0.790     0.750     0.752
     9.75    49.75    2022     0.000     5.247    30.471    30.812    18.578    11.056     3.077     8.848     3.284     0.501     0.397     2.846
     9.75    49.75    2023     6.652     9.924    28.494    33.404     9.675    11.678     8.013    11.622     2.397     0.934     2.763     8.264
     9.75    49.75    2024     2.846    14.165    32.420    30.075    12.662     9.696    17.603    19.113     6.868     1.319     2.642     6.246
     9.75    49.75    2025     0.782     0.097    29.030    39.941    11.869     3.285     1.112     2.880     4.396     2.367     4.838     9.392
     9.75    49.75    2026     1.756    15.535    29.788    13.173     1.170     1.899     1.838     0.632     0.474     0.669     1.233     4.540
     9.75    49.75    2027     8.129    19.018    25.540    21.431     3.556     2.371     0.790     0.958     0.813     0.313     3.311     1.085
     9.75    49.75    2028     0.000     9.079    30.361    36.028    12.692     2.482     3.410     5.034     3.131     0.685     1.559     4.949
     9.75    49.75    2029    12.680    15.491    32.933    18.680    10.844     8.684     1.118     4.139     3.285     3.208     5.489     7.329
     9.75    49.75    2030     2.033    11.393    24.784    23.613    15.709     6.983    12.326     5.259     3.615     5.762     7.210     8.256
     9.75    49.75    2031    10.928    19.392    17.177     8.863     2.159    19.795    14.259     0.733     1.159     3.598     5.500     1.556
     9.75    49.75    2032     0.020    15.473    28.950    30.764    11.732    19.949     7.250    19.254    11.369     2.784     3.280     9.021
     9.75    49.75    2033     9.517     2.381    30.219    21.897    13.772    13.835     6.300    21.695     8.384     0.347     1.831     3.631
     9.75    49.75    2034     0.738     0.000    26.857    15.003     3.557     1.708     1.465     0.578     0.349     0.286     0.949     1.539
     9.75    49.75    2035     0.000    12.832    18.222    18.437    17.861    19.228    10.350    11.013     1.438     1.566     5.617     5.182
     9.75    49.75    2036     0.000     0.000    28.889    22.906     3.899     3.083     9.760    19.269    16.627    10.736    10.785     8.964
     9.75    49.75    2037    12.093    17.160    21.645    28.890    11.166     8.168     1.416     3.259     1.734     3.772     7.086     7.095
     9.75    49.75    2038    10.659    18.042    27.004    15.565    24.541    11.704     2.916     2.124     0.939     3.260     4.350     6.723
     9.75    49.75    2039    10.418    18.384    26.816     7.694     7.702     7.831     6.690     7.795     5.699     4.458     4.046     2.907
     9.75    49.75    2040     6.437    13.323    26.351    11.711     9.575    14.920     4.223     3.976     1.554     2.156     6.270     5.292
     9.75    49.75    2041    11.484    18.060    20.988    25.020     8.952     3.524     1.341     7.315     6.870     2.191     4.923     8.128
     9.75    49.75    2042     3.043     9.012    33.798    32.626     8.183     9.262     5.460     1.116     2.479     3.842     3.368     8.666
     9.75    49.75    2043    12.291    16.376    21.897     5.016     5.631     1.054     5.819    10.786     6.202     2.815     5.881     5.092
     9.75    49.75    2044     9.643    16.664    24.348    21.460     7.312     4.825    15.671     7.943     2.930     1.891     6.707     2.186
     9.75    49.75    2045     9.235    19.444    27.760     4.939     4.415     2.828     2.257     1.434     0.846     0.500     2.827     2.145
     9.75    49.75    2046     7.446     2.179    30.439    18.818    16.352    12.069     3.957     4.731     1.781     2.919     6.509     7.882
     9.75    49.75    2047     1.669    11.218    31.423    15.030     4.792     2.056     2.204     2.477     1.546     3.346     7.543     3.657
     9.75    49.75    2048     7.492    20.490    25.937    27.573     5.637     2.216     3.011     2.263     0.935     3.913     9.633     6.699
     9.75    49.75    2049    11.773    17.686    30.509    22.512    13.574     3.695     1.208     0.871     1.156     1.236     3.690     7.964
     9.75    49.75    2050    10.278    19.521    17.637     4.365     1.202     5.124     2.401     1.143     0.332     0.948     6.331     7.619
     9.75    49.75    2051     1.542    20.753    21.882     8.768     1.714     1.183     0.768     0.893     0.455     0.637     9.095     6.380
     9.75    49.75    2052     0.000     2.526    29.545     5.162    13.103    34.211    17.791     2.903     1.054     4.763     8.455     8.485
     9.75    49.75    2053    12.778    20.166    28.777    18.627     2.977     1.192     2.446     2.127     3.734     1.389     2.406     2.291
     9.75    49.75    2054     8.245     2.503    31.873    12.630     1.991     2.441     1.706     2.496     4.298     4.757     5.855     7.175
     9.75    49.75    2055     1.259    13.565    27.883    18.932     2.660     0.515     5.821     1.574     0.461     0.611     5.461     7.992
     9.75    49.75    2056    10.253    20.178    20.913    15.253     9.497     5.607     7.531     0.623     0.396     0.100     1.117     1.821
     9.75    49.75    2057     6.315     7.093    29.538     7.923     0.187     0.383     0.607     0.638     0.174     3.089    17.117     4.662
     9.75    49.75    2058     0.000    13.271    27.213    22.951     9.719     1.034     1.040     7.260     6.992     4.021     3.516     6.233
     9.75    49.75    2059     9.971    19.139    31.560    26.422     4.735     1.039     1.175    13.864     4.961     0.897     1.788     5.994
     9.75    49.75    2060     1.655     0.000    36.906    17.242     3.046     0.493     2.314     0.908     0.744     0.650     6.350     3.444
     9.75    49.75    2061    13.864    17.852    24.003    21.596    25.107     9.451     4.415     2.210     2.206     2.812     6.699     4.899
     9.75    49.75    2062    13.178    18.690    18.797    14.154    14.025     3.333     3.462     4.444     1.720     1.336     2.358     4.958
     9.75    49.75    2063    10.015    17.055    15.934    18.887     4.194     7.298     6.956    10.206    15.393     4.492     3.842     7.291
     9.75    49.75    2064     8.821    16.442    25.947    23.347     6.334     1.872     5.279     9.396     0.871     0.239     2.708     7.205
     9.75    49.75    2065    11.253    20.786    23.984    14.334    11.473    25.884    12.719     3.771     0.735     3.091     7.413     6.138
     9.75    49.75    2066     0.716    14.646    30.017    24.461     4.353     3.862     1.498     2.796     1.901     1.485     3.111     6.619
     9.75    49.75    2067    11.031     0.000    23.876    30.795     9.104     8.468     1.607     1.737     1.362     0.710     2.869     7.870
     9.75    49.75    2068     2.438    20.984    36.068    40.379    18.131     2.088     3.618     7.252     3.002     2.273     3.447     7.696
     9.75    49.75    2069     3.041    13.400    33.665    17.520     1.313     8.375     8.688     4.041     2.476     1.942     4.114     6.180
     9.75    49.75    2070    12.169    17.658    21.776     5.378     0.937     0.960     3.371     2.244     1.055     1.297     5.125     6.639
     9.75    49.75    2071    12.227    16.337    36.921    44.268    11.186     6.293     2.211     1.400     0.669     0.493     1.945     7.080
     9.75    49.75    2072    11.600    20.124    29.468    26.799     2.644     3.098     5.676     0.899     0.644     0.745     1.184     8.450
     9.75    49.75    2073    12.161    20.320    17.368    10.221     3.721    17.526     9.896     0.416     0.083     0.044     1.466     6.319
     9.75    49.75    2074    11.891    18.883    34.250    31.856     9.129     1.189     0.261     2.882     2.778     0.544     0.664     4.232
     9.75    49.75    2075    11.615    16.750    27.597    22.491     6.313     3.835     4.336     6.280     3.715     1.198     5.371     8.110
     9.75    49.75    2076    10.858    18.492    20.060    19.413     8.712     6.908     3.856    13.114    15.359     3.081     7.162     8.964
     9.75    49.75    2077    10.166     0.017    32.866    12.888     8.881    16.912    18.623    16.945     6.455     5.095    11.090     9.233
     9.75    49.75    2078    10.744    24.136    20.250     6.522     2.512     7.765     4.292     0.846     0.835     1.202     4.008     7.392
     9.75    49.75    2079    11.036    19.758    25.345    14.378     2.961     1.060     2.291     7.401     5.581     1.528     3.792     5.841
     9.75    49.75    2080    10.140    21.699    33.042    26.111    13.522     2.465     1.403    10.905     6.910     2.110     2.863     8.143
     9.75    49.75    2081     9.141    14.387    28.496    16.373    10.085     2.067     2.341     5.272     8.698     2.266     3.417     7.963
     9.75    49.75    2082     6.902    18.762    21.281     2.528     0.463     0.263     2.088     7.505     7.575     1.266     3.857     6.341
     9.75    49.75    2083    10.842    20.059    29.374    17.909     2.260    13.728     8.067     0.740     1.717     1.879     2.439     6.037
     9.75    49.75    2084     6.672     0.000    27.665     4.674     4.308    11.075    11.691     9.497     1.595     4.298     6.635     6.297
     9.75    49.75    2085     2.685     0.000    23.845    20.721     4.973     2.366    11.095    17.768    10.985     4.929     3.293     7.152
     9.75    49.75    2086     5.740     0.000    26.861    26.423    11.460     4.021     6.837    10.018     4.970     2.900     4.413     8.392
     9.75    49.75    2087    12.450    16.948    31.942    34.706    16.611    16.471     4.401     9.076     9.908     5.217     3.545     8.967
     9.75    49.75    2088    10.839    16.059    32.223    28.808    18.198    16.883     5.513     1.417     0.453     0.965     1.852     3.883
     9.75    49.75    2089     8.271    15.626    23.417    12.057     3.696    10.515     2.948     3.099     2.460     1.426     5.209     4.183
     9.75    49.75    2090     2.263    17.154    33.099    33.116    16.117     7.377     1.317     1.018     1.091     0.258     0.558     4.312
     9.75    49.75    2091    13.670    20.415    35.573    24.262     1.837    11.359     8.507     2.594     0.178     0.927     4.653     7.468
     9.75    49.75    2092     1.626    19.471    22.743     8.777    16.474     7.242     5.226     0.922     0.583     0.885     3.816     2.477
     9.75    49.75    2093    12.649    21.205    32.656    17.167     3.476     2.083     2.481     4.526     0.962     0.809     7.637     9.285
     9.75    49.75    2094    11.456    18.934    26.499    27.822    16.707     8.868     3.559     6.133     2.535     2.255     4.104     8.238
     9.75    49.75    2095    16.316    15.121    34.516     9.588     6.743     3.987    14.459    15.215     2.839     2.256    10.763     8.990
     9.75    49.75    2096     8.927    19.766    29.343    21.381    26.853    17.924    12.338     8.013     4.539     1.589     2.555     8.343
     9.75    49.75    2097    14.581    18.988    32.319    14.643     9.821     2.892     1.273     2.685     2.338     2.420     6.647     8.523
     9.75    49.75    2098    12.421    16.918    31.923    16.232     2.250     3.079    14.299    11.016     5.295     2.459     3.206     5.260
     9.75    49.75    2099    10.339    20.743    29.318    32.458    16.503     5.716     9.749    19.406     3.808     0.392     1.712     4.674
     9.75    49.75    2100    11.020    10.610    32.378    11.605     2.386     3.633    11.859    11.359     6.000     1.970     6.152     8.308
     9.75    49.75    2101    13.422    16.730    31.881    39.404    14.570    11.704     4.908     3.245     1.721     1.702     3.294     6.827
     9.75    49.75    2102    11.796    16.659    32.039    33.327     5.198     6.418     9.462     6.322     3.360     4.093     4.491     9.961
     9.75    49.75    2103    12.742    21.038    20.321    13.833    14.282    18.450    11.872     3.086     0.882     0.429     1.989     6.291
     9.75    49.75    2104    12.708    20.272    35.458    29.720    11.877     2.071     0.865     6.081     3.640     1.763     1.502     5.948
     9.75    49.75    2105    11.318    16.587    27.407    26.527    11.200     5.257     6.597    13.862     4.629     2.306     4.945     7.257
     9.75    49.75    2106    10.922    18.925    22.089    20.397    12.319    12.650     4.924    19.593    10.903     4.857     8.550     8.786
     9.75    49.75    2107    11.541     0.428    35.806    10.249    11.468    27.348    22.949    18.386     8.888     6.251     9.383     9.648
     9.75    49.75    2108    11.058    25.282    21.303     9.860     3.819     7.978     5.096     2.149     1.970     1.983     4.550     6.495
     9.75    49.75    2109    11.073    21.847    30.656    11.568     3.569     2.044     1.819     9.666     3.427     3.006     5.608     5.141
     9.75    49.75    2110     7.799    20.499    34.568    27.464    16.438     4.226     1.378    14.763     7.662     1.920     3.493     8.221
     9.75    49.75    2111    10.374    14.621    27.659    18.860     7.217     4.325     6.532     5.730     9.891     2.063     2.995     7.499
     9.75    49.75    2112     9.448    22.641    23.850     3.930     0.848     0.454     2.939    16.134     3.609     1.793     3.366     6.069
     9.75    49.75    2113    11.427    21.316    29.902    22.872     2.589    16.093    12.733     1.018     2.803     2.929     4.150     7.246
     9.75    49.75    2114     3.994     0.000    29.806     5.258     4.339    13.231    10.142    16.668     1.189     1.729     6.106     6.947
     9.75    49.75    2115     1.210     0.000    27.378    20.031     7.169     3.876    10.801    21.953    13.650     4.955     3.304     4.876
     9.75    49.75    2116     5.555     0.000    28.634    28.531    13.004     6.162     9.196    12.041     5.839     2.923     6.357     8.612
     9.75    49.75    2117    11.524    17.146    30.478    33.250    26.257    11.198     6.137    14.344    10.656     4.680     3.561     6.304
     9.75    49.75    2118    12.034    14.802    34.728    19.330    26.333    13.434     8.642     2.328     0.856     0.753     1.475     4.205
     9.75    49.75    2119     8.459    11.709    23.821    11.947     7.131    13.547     2.594     3.117     2.635     2.011     6.579     2.769
     9.75    49.75    2120     4.686    17.258    37.564    29.638    20.159     8.326     1.716     2.674     0.678     0.441     0.467     5.144
     9.75    49.75    2121    14.008    19.313    29.061    24.114     5.143    10.847    15.215     2.071     0.759     1.545     4.231     8.803
     9.75    49.75    2122     1.134    18.779    24.561     8.701    18.689    15.567     3.910     2.496     2.207     2.109     5.148     1.700
     9.75    49.75    2123    11.079    16.692    32.930    17.998     6.111     3.962     2.550     8.776     1.059     1.453     5.583     9.508
     9.75    49.75    2124    12.295    18.814    34.696    30.980    11.760     9.391     5.097     4.834     2.615     3.081     4.195    10.099
     9.75    49.75    2125    15.841    19.382    33.764    10.084     4.496     3.161    12.327    15.360     2.136     1.147     9.085     9.393
     9.75    49.75    2126     4.153    21.387    27.809    21.392    18.902    24.017     6.705     8.036     4.755     2.269     2.190     7.124
     9.75    49.75    2127    13.457    19.229    30.693    11.424    11.386     3.294     1.071     3.419     1.453     1.501     6.816     5.864
     9.75    49.75    2128    12.692    18.922    29.104    17.629     3.738     2.799    14.269    15.426     3.292     2.212     3.126     5.813
     9.75    49.75    2129    10.400    21.451    27.110    29.431    17.104     7.092     7.647    18.739     6.770     0.435     1.019     4.831
     9.75    49.75    2130    10.796     5.878    37.269    13.161     2.412     2.754    11.186    11.017     3.318     2.035     3.818     9.203
    13.75    55.75    1980     1.947     0.000    27.413    29.877     6.527     1.940     1.230     0.558     7.158     9.754     2.954     2.761
    13.75    55.75    1981     4.985    14.329    23.935    20.134     6.210     2.594     2.176     0.484     1.042     2.908     4.110     3.160
    13.75    55.75    1982     0.756     9.305    22.392    26.823    14.821     7.608     0.790     0.913     1.850     6.304     2.498     1.058
    13.75    55.75    1983     0.000     6.649    28.457    21.119     6.530     5.733     2.589     0.523     0.484     1.729     2.996     2.948
    13.75    55.75    1984     4.738    10.743    23.515    27.890    24.799     8.182    15.922    21.802     8.168     4.700     3.180     0.991
    13.75    55.75    1985     0.000     0.000     0.000    27.223    30.221    14.952    19.705    23.958    10.541     7.286     4.268     1.039
    13.75    55.75    1986     0.000     0.000     0.000     5.831    30.988     4.974     1.384    10.446    14.484     8.337     4.017     2.867
    13.75    55.75    1987     0.625     0.000     0.000    25.750    11.492    14.182    11.074     1.183    14.751     8.635     3.096     2.611
    13.75    55.75    1988     4.619    11.083    25.266    17.563     6.760     1.672     1.103     1.515     2.167     2.264     1.797     2.589
    13.75    55.75    1989     0.589     0.000     8.130    34.893    18.872     2.618     4.401     2.843     2.197     5.466     3.263     1.444
    13.75    55.75    1990     3.399     3.727     3.298    41.425    19.010    26.802     5.216     8.205    11.729     4.844     2.359     1.552
    13.75    55.75    1991     0.000     0.000    31.725    23.181     9.199     0.681     3.899    22.963    14.854     9.096     1.597     1.549
    13.75    55.75    1992     4.369     1.112    21.435    30.106    23.630    17.407     6.204     0.581     1.020     1.128     3.563     1.356
    13.75    55.75    1993     0.000     0.000     4.021    30.432    11.231     4.776    27.103    16.490     6.999     4.841     4.221     0.000
    13.75    55.75    1994     0.000     0.000    19.030    24.536     8.727    12.972    15.639    21.737     9.619     8.616     3.019     2.565
    13.75    55.75    1995     1.357     0.000    14.914    28.336    14.651    10.127     2.971     0.845     1.309     3.595     3.074     2.930
    13.75    55.75    1996     4.222    11.807    25.814    30.911    12.897     2.433     1.258     4.811     4.444     7.026     3.557     2.643
    13.75    55.75    1997     1.524     0.000     0.000    38.486    10.161     5.127    12.459     6.853    12.743     6.279     2.878     1.976
    13.75    55.75    1998     5.166    10.827    20.100    17.050     5.951    14.154     4.332     0.896     4.456     2.857     1.912     2.460
    13.75    55.75    1999     1.638     5.201    25.359    28.603    12.759     2.665     1.430     2.095    10.181    10.768     5.060     3.270
    13.75    55.75    2000     4.582    10.840    24.035    15.440     1.913     1.792     0.957     0.494     6.063     5.514     4.656     2.914
    13.75    55.75    2001     1.376     0.000     0.000    25.502    21.231    15.462    20.269    29.762    19.183     8.298     5.354     2.798
    13.75    55.75    2002     0.955     0.000    28.242    29.472    28.234     1.029     1.167     5.768    16.063     8.583     3.393     2.291
    13.75    55.75    2003     1.781     0.000     3.678    36.352    19.459     3.251    12.074    11.527     8.820    10.621     3.726     2.813
    13.75    55.75    2004     4.224     9.396    22.162    28.103    15.037    14.815    40.914    11.319     3.759     1.841     3.109     2.680
    13.75    55.75    2005     5.152     4.411    28.707    15.955     6.227    19.953     2.071     0.730     1.515     4.395     3.597     1.623
    13.75    55.75    2006     0.000     3.649    25.863    26.380     9.403     2.561     0.387     4.478     2.267     4.848     2.737     2.852
    13.75    55.75    2007     4.699    11.103    22.896    20.619    19.821    34.315    11.360     1.794     2.614     2.871     2.602     3.604
    13.75    55.75    2008     1.678     6.614    25.429    18.603     3.358    18.555     9.964     3.986     0.726     6.592     4.319     2.969
    13.75    55.75    2009     4.742    10.729    24.983    24.282     7.343     0.626     3.199     3.609    11.475    10.012     3.611     3.107
    13.75    55.75    2010     0.850    10.367    23.295    16.152     8.910     6.062    33.443    11.356     9.432     9.811     4.337     1.944
    13.75    55.75    2011     2.950    10.774    23.501    29.194    23.709    24.783     5.979     0.345     5.639     5.007     3.525     3.138
    13.75    55.75    2012     0.758     6.308    25.018    18.644     7.444     0.394     4.095     5.038     6.488    10.147     3.179     2.689
    13.75    55.75    2013     5.226     3.143    25.609    20.841     3.159     3.493     0.488     0.399     8.803    10.126     4.110     2.946
    13.75    55.75    2014     5.302    12.213    20.444    18.221    11.623    34.385     3.679     4.416     7.353     4.084     5.783     1.326
    13.75    55.75    2015     0.000     4.439    25.949    35.884    19.106    14.882    23.528     4.137    14.396     7.280     2.831     2.709
    13.75    55.75    2016     5.302    11.967    19.431    10.286    11.641     7.860    10.326    17.265     9.009     5.556     5.630     2.970
    13.75    55.75    2017     4.789     2.237    24.339    23.155    19.592    19.130    30.271    27.653    11.392     5.125     3.674     2.563
    13.75    55.75    2018     4.570    14.240    25.095    14.782     9.475     0.496     0.134     0.053     0.771     3.275     3.909     2.967
    13.75    55.75    2019     0.164     6.441    22.332    12.310    21.017     4.695     0.252     7.095     3.846     3.475     2.849     1.089
    13.75    55.75    2020     0.000     0.000     0.000    30.082    13.791     8.691    12.582     0.382     0.162     3.341     3.477     2.863
    13.75    55.75    2021     1.122     0.000    17.833    36.105    25.721     2.740     0.135     0.041     0.310     2.131     1.407     2.164
    13.75    55.75    2022     0.554     0.000    11.422    29.590     8.309     5.255    11.257     2.960     0.771     0.835     2.118     2.237
    13.75    55.75    2023     4.446    10.576    27.002    29.264     5.518     0.213     0.073     0.162     5.874     3.879     2.347     3.055
    13.75    55.75    2024     0.915     2.865    22.076    22.501     4.203     0.532     0.232     1.482    15.118     8.066     4.336     2.989
    13.75    55.75    2025     0.602     0.000     0.266    34.895    22.992    32.975    16.468     3.988    13.951    12.223     3.659     3.085
    13.75    55.75    2026     4.866    12.994    24.251    20.172     3.244    15.296     9.465     0.388     3.280     6.207     3.891     3.005
    13.75    55.75    2027     4.560    12.958    23.442    26.975     5.733    11.963    22.599    12.352    17.261     6.267     3.010     0.481
    13.75    55.75    2028     0.000     0.000     0.185    35.100    12.401     3.548     0.335    11.849    10.917     5.160     3.491     2.726
    13.75    55.75    2029     4.785    11.854    29.282    21.815     2.510     4.930     0.789     4.919    19.063    12.855     5.542     3.087
    13.75    55.75    2030     1.290     0.000     0.000    36.258     8.516     0.209     0.098     7.043     0.991     7.482     4.149     2.723
    13.75    55.75    2031     5.028    12.768    22.309    13.198     3.254    33.861    28.473    17.168    17.650    10.030     6.867     1.275
    13.75    55.75    2032     0.000     8.372    24.808    30.331    10.372     4.439     5.814    16.000     4.411     1.967     2.566     2.803
    13.75    55.75    2033     4.633     1.525    26.237    18.963     5.110     0.695     0.709     2.506     1.902     3.879     2.778     2.919
    13.75    55.75    2034     4.849    10.644    22.858    20.597     7.359     4.301    27.461     2.019     7.557     8.659     4.106     2.701
    13.75    55.75    2035     4.918    11.681    23.850    11.534    10.254     3.560     2.743     1.358     0.478     2.526     3.739     2.920
    13.75    55.75    2036     0.775     7.684    25.584    23.890     6.477    26.326    20.369    23.969    15.271    11.315     4.121     2.881
    13.75    55.75    2037     5.345    12.187    21.730    20.096    10.589    15.142    20.997     7.163     0.722     1.564     4.486     3.164
    13.75    55.75    2038     5.439    12.022    26.807    28.983    11.276    20.132     1.000     0.526     1.957     3.275     2.097     2.103
    13.75    55.75    2039     4.694    12.092    21.819     6.951     7.592     4.470     5.061    19.179    17.939    10.380     6.403     3.093
    13.75    55.75    2040     4.729    10.450    27.707    15.461     2.845     4.018     5.394     1.952     1.883     1.653     1.375     2.095
    13.75    55.75    2041     4.507    11.291    19.898    21.148    10.203     1.790     0.128     0.217     1.438     5.206     4.737     3.137
    13.75    55.75    2042     2.292     0.000    10.378    40.788    22.739     3.247     0.964     0.236     0.558     4.507     2.908     2.883
    13.75    55.75    2043     5.457    12.718    24.128     9.181     6.221     1.113     0.220     0.741     0.128     3.399     4.424     3.157
    13.75    55.75    2044     4.640    11.893    23.089    22.336     4.225     0.119     1.157     4.861     4.796     4.552     3.765     1.957
    13.75    55.75    2045     4.571     9.218    23.576    12.300     1.395    23.646     9.943    22.263    14.365     6.915     5.022     3.438
    13.75    55.75    2046     4.161     2.508    22.676    28.984     8.143     0.891    27.400    24.604     7.160     5.844     3.864     3.094
    13.75    55.75    2047     0.240     6.981    28.491    21.539     2.500     6.519     5.028     0.832     0.404     1.626     4.238     2.819
    13.75    55.75    2048     4.883    13.144    25.428    32.018    10.424     0.786    27.215    24.340    14.745    10.254     3.760     3.017
    13.75    55.75    2049     4.152     0.000    17.728    34.833    20.794    42.215     7.617     2.945     3.108     7.159     3.572     3.259
    13.75    55.75    2050     5.483    10.096    30.662    19.954    10.442    19.251     8.836     4.838     4.288     3.746     4.001     3.300
    13.75    55.75    2051     1.476     6.513    26.041    29.038     8.584     1.026     6.387     7.088     7.210     5.129     3.501     2.911
    13.75    55.75    2052     0.871     0.000    27.757    21.209    14.704     7.587     2.656     0.878     0.531     1.751     4.430     3.026
    13.75    55.75    2053     5.170    11.151    25.772    37.008     9.108    19.973     9.821    27.276    12.014     2.464     3.226     3.467
    13.75    55.75    2054     5.135     3.044    29.079    22.735    18.973     2.301     0.199     0.502     7.083     9.683     4.158     3.120
    13.75    55.75    2055     1.309     3.516    29.203    37.125    19.293     7.101    16.759     8.253     0.711     1.227     2.345     2.777
    13.75    55.75    2056     4.971    12.213    22.567    23.139    15.272     5.531     4.718     6.977     6.556     4.828     1.990     1.041
    13.75    55.75    2057     5.235    10.288    29.770    16.987     1.276     1.092     1.347     6.442     3.897     2.864     5.415     2.925
    13.75    55.75    2058     0.556    10.307    27.329    20.656     7.374     6.165     0.912     0.831     3.447     4.161     4.665     3.284
    13.75    55.75    2059     5.193    11.103    29.458    18.687     7.845     9.955     3.740     3.856    13.062     8.580     3.875     3.139
    13.75    55.75    2060     4.564    14.291    26.853    27.219     6.247     1.504     1.066    15.190     4.172     4.819     3.338     2.972
    13.75    55.75    2061     5.905    13.091    20.170    28.035    32.746    10.953    15.063     6.183     4.607     3.574     3.194     2.553
    13.75    55.75    2062     5.306    13.193    18.152     8.140     6.331    15.834     7.048    19.498    12.571    11.488     7.022     2.998
    13.75    55.75    2063     5.395    12.401    25.795    24.458     3.618     4.154    21.365    35.651    17.938     7.435     2.609     2.748
    13.75    55.75    2064     5.692    10.174    25.002    23.898     8.644     2.725     3.878     4.476     2.308     1.379     1.530     2.901
    13.75    55.75    2065     5.214    12.244    27.391    24.507     6.187     0.251     0.159     1.896     0.543     2.357     2.410     2.890
    13.75    55.75    2066     0.859     9.974    33.055    20.538     6.148     9.972    31.329    15.373    10.433     8.273     4.633     3.347
    13.75    55.75    2067     4.945     3.375    24.304    30.917     8.547     8.836     5.487     2.070     3.981     5.321     3.615     3.307
    13.75    55.75    2068     5.199    14.219    29.398    38.706    10.194     8.920    25.499     7.676     1.306     2.582     2.558     2.857
    13.75    55.75    2069     0.307     0.072    32.784    21.205     2.794     0.779     0.669     1.125    12.085    10.487     5.209     3.140
    13.75    55.75    2070     5.688    11.493    20.050    10.446     2.323     0.651     1.672     2.640     2.466     3.194     4.152     3.277
    13.75    55.75    2071     5.383    13.629    24.853    26.431    11.767     1.962     8.158     2.554     1.973     4.160     3.457     3.576
    13.75    55.75    2072     4.655    13.382    23.687    20.556     6.941     0.932     0.459     4.935     7.361     4.982     2.029     2.997
    13.75    55.75    2073     5.012    12.293    23.903     9.287     1.983     0.437     0.177     1.632     3.179     1.828     3.047     3.076
    13.75    55.75    2074     4.764    11.400    27.099    26.076    11.122     1.853    25.275     7.984     1.404     1.727     2.036     3.304
    13.75    55.75    2075     5.332    11.812    26.486    19.590    12.313     9.273     3.951     2.165     3.842     8.831     4.102     1.624
    13.75    55.75    2076     4.261     1.127    11.381    42.509    16.329     1.626     0.402     0.894     3.959     3.892     2.275     2.623
    13.75    55.75    2077     5.106     3.801    25.331    15.151     4.477     1.040    28.741    18.486     5.126     5.463     3.521     3.346
    13.75    55.75    2078     5.221    12.658    22.299    14.824     6.893     5.216     5.322     0.636     0.753     2.449     5.937     3.356
    13.75    55.75    2079     5.040    12.296    25.109    10.705     2.849    11.177     1.264     1.661     9.419     9.197     6.809     3.385
    13.75    55.75    2080     1.058    13.379    26.559    23.558    17.656    11.513     0.945     1.734     0.886     0.445     1.119     2.932
    13.75    55.75    2081     5.559    12.604    22.259    25.710     3.476    11.967     4.981     0.640     1.761     2.828     3.642     3.824
    13.75    55.75    2082     5.194    12.493    20.082     9.785     0.892     2.575    15.641    21.449    16.377     8.923     8.216     3.572
    13.75    55.75    2083     5.266    11.094    30.287    18.102     4.568     0.584     2.938     6.579    11.265     6.766     3.471     2.955
    13.75    55.75    2084     1.857     0.000    29.267    13.287     7.761    25.840    31.757     5.972     1.255     2.721     6.140     3.801
    13.75    55.75    2085     1.228     0.000     3.605    33.169     6.266     5.749     3.621    21.693     6.415     9.454     3.223     3.263
    13.75    55.75    2086     5.500    13.388    22.946    14.984     8.695     1.280     2.828    17.351    15.690    10.718     3.661     3.592
    13.75    55.75    2087     5.569    13.241    25.935    36.384    23.936    18.677     3.588     3.255    14.572     7.564     2.861     3.387
    13.75    55.75    2088     5.408    13.757    22.591    32.287    18.414     2.198     0.127     0.504     2.991     2.779     2.634     3.399
    13.75    55.75    2089     6.169    11.917    24.314    16.739     2.199    24.187    22.399    11.125     7.668     5.028     4.722     3.624
    13.75    55.75    2090     5.579    12.550    28.144    23.230    21.570     7.216    14.198     4.415     1.786     2.132     1.636     3.748
    13.75    55.75    2091     5.568    13.662    27.230    25.161     3.397     1.540    17.081    17.612     6.109     6.991     4.255     3.618
    13.75    55.75    2092     0.221    11.570    25.647    15.913     5.865     0.550     0.253     0.166     4.059     3.586     2.732     2.847
    13.75    55.75    2093     7.133    14.072    27.363    37.725    21.282     1.741     1.592     1.493     2.102     3.958     3.626     3.644
    13.75    55.75    2094     5.438    11.967    28.811    31.914     7.595    10.443    22.336     8.232     8.012     4.551     3.706     3.650
    13.75    55.75    2095     7.106    12.854    27.729    15.526     3.615     0.097     0.047     0.049     0.307     4.132     8.024     3.630
    13.75    55.75    2096     5.333    14.271    27.513    29.512    17.082    35.092    14.992    20.819    19.420     9.383     4.624     3.683
    13.75    55.75    2097     5.946    14.790    28.097    28.344     8.730     1.988     0.743     2.961     2.006     7.154     5.694     3.418
    13.75    55.75    2098     6.187    11.539    32.098    30.068     4.691     0.974     3.565    17.952    16.466     6.714     4.316     2.604
    13.75    55.75    2099     5.852    14.382    23.182    22.198    12.912     1.430     0.427     1.114     0.687     1.407     1.978     2.876
    13.75    55.75    2100     6.045     7.242    28.521    36.292     8.504     5.014     0.753     1.158     5.140     3.812     3.978     3.463
    13.75    55.75    2101     5.772    14.519    24.115    29.738    15.489     1.883     5.882     3.180     1.840     3.783     3.650     3.896
    13.75    55.75    2102     5.151    14.795    22.831    22.944     5.530     2.211     1.554    11.458     6.332     3.799     2.661     3.362
    13.75    55.75    2103     5.408    13.934    31.168    12.853     2.387     0.293     0.135     0.636     4.963     3.041     5.684     3.566
    13.75    55.75    2104     5.296    12.426    35.571    30.567    10.368     0.604    32.295    10.134     0.464     3.330     2.802     3.889
    13.75    55.75    2105     5.818    13.760    25.586    23.408     9.908    13.427     8.044     0.881     4.656     5.584     4.469     1.050
    13.75    55.75    2106     4.193     2.545    22.272    44.352    24.178     1.234     0.354     0.842     4.011     4.875     2.499     2.648
    13.75    55.75    2107     5.694     2.917    28.218    16.355     8.333     0.404    25.668    23.238     9.202     6.472     3.706     3.767
    13.75    55.75    2108     5.819    13.748    27.899    16.795     5.432    12.883     2.957     0.331     0.963     3.581     6.788     3.725
    13.75    55.75    2109     5.434    14.748    27.375    13.272     4.607    10.874     3.483     0.451    13.347     9.736     8.210     3.790
    13.75    55.75    2110     2.686    15.106    25.246    31.159    19.501     8.851     3.289     2.283     1.156     1.343     1.638     3.333
    13.75    55.75    2111     5.929    11.757    24.123    29.578     9.653    16.621     2.768     1.077     4.631     3.320     3.455     4.166
    13.75    55.75    2112     5.732    13.179    23.713    10.037     1.380     2.167    26.608    25.344    14.198    13.477     9.886     4.079
    13.75    55.75    2113     5.740    12.036    32.775    20.699     3.404     1.139     2.871    10.998     7.668    10.999     5.482     3.607
    13.75    55.75    2114     2.808     4.079    29.202    11.899     9.067    35.658    36.582     4.019     0.681     4.454     7.031     4.278
    13.75    55.75    2115     1.553     0.000     8.868    37.828     9.505     7.875     7.041    25.351    20.440     9.524     3.461     3.665
    13.75    55.75    2116     5.995    13.744    23.625    20.345    12.997     0.899     3.554    23.022    16.216     5.951     4.459     3.916
    13.75    55.75    2117     6.002    16.241    31.054    38.067    24.900    27.955     9.764     5.766    14.073     9.243     3.494     3.670
    13.75    55.75    2118     6.021    14.566    24.787    29.468    19.724     3.470     0.200     0.583     5.435     3.349     2.849     3.596
    13.75    55.75    2119     6.680    12.634    27.468    18.354     2.736    20.111    21.694    28.845     6.546     4.488     4.712     3.710
    13.75    55.75    2120     6.174    12.455    31.642    23.151    17.189    16.074    15.008     3.339     0.855     2.963     2.133     4.444
    13.75    55.75    2121     5.897    14.975    31.120    27.326     6.737     1.688    19.583    20.608     4.767     8.565     4.727     3.875
    13.75    55.75    2122     0.920    12.720    27.817    12.691     7.374     0.763     0.171     0.091     1.876     3.339     3.417     3.166
    13.75    55.75    2123     7.592    12.826    25.525    39.070    17.950     2.705     2.081     0.914     1.295     4.906     5.133     3.842
    13.75    55.75    2124     6.058    13.362    35.005    35.728     9.012    20.354    18.834     9.359     9.459     7.611     4.175     3.968
    13.75    55.75    2125     7.728    12.751    26.766    18.593     6.328     0.188     0.155     0.128     1.010     3.482     8.229     3.927
    13.75    55.75    2126     5.598    14.039    28.018    27.313    20.098    40.123    21.102    35.882    27.155    11.572     5.128     3.888
    13.75    55.75    2127     6.270    15.503    33.475    21.968    12.114     3.420     2.230     3.671     7.585     5.335     6.041     3.619
    13.75    55.75    2128     6.452    11.299    30.551    24.151    14.404     1.485     5.934    30.140    24.340     7.735     4.690     3.055
    13.75    55.75    2129     6.001    14.648    25.038    23.949     8.710     2.480     0.553     2.385     0.373     1.362     2.290     3.071
    13.75    55.75    2130     6.261     1.729    30.485    32.899    12.511     6.397     1.719     0.925     2.856     8.535     4.639     3.567
    23.75    61.75    1980     0.000     0.000     0.000     0.000    19.640    14.749    10.741     4.510     8.030     4.664     1.110     0.000
    23.75    61.75    1981     0.000     0.000     5.046    18.420    16.069     5.767     4.939     9.534     7.524     4.427     0.486     0.000
    23.75    61.75    1982     0.000     0.000     0.000     0.000    15.112    18.804     2.499     2.864     6.669     5.269     1.141     0.000
    23.75    61.75    1983     0.000     0.000     0.000     5.808    16.474     4.132     2.837     1.005     0.626     1.615     0.000     0.000
    23.75    61.75    1984     0.000     0.000     0.000     0.000    17.303     9.054    32.930    28.547    15.718     5.395     0.886     0.000
    23.75    61.75    1985     0.000     0.000     0.000     0.000    22.697    18.496    16.362    20.291     8.533     4.352     0.148     0.000
    23.75    61.75    1986     0.000     0.000     0.000     0.000    18.798    13.135    12.626     4.261     5.536     2.865     0.348     0.000
    23.75    61.75    1987     0.000     0.000     0.000     0.000    21.247    18.387    26.250     7.865     5.936     5.116     0.346     0.000
    23.75    61.75    1988     0.000     0.000     0.000    12.856    14.069    12.819     4.898    12.327    15.704     5.852     0.851     0.000
    23.75    61.75    1989     0.000     0.000     0.000     0.000    18.695     3.292     8.363     2.773     5.786     4.202     0.306     0.000
    23.75    61.75    1990     0.000     0.000     0.000     0.000    22.692    12.301    10.280    23.278    11.301     7.801     0.886     0.000
    23.75    61.75    1991     0.000     0.000     0.000     0.000    25.402    13.865     3.739     3.290     7.297     5.781     0.495     0.000
    23.75    61.75    1992     0.000     0.000     0.000     4.178    21.611     8.489    25.271    23.804    11.105     3.405     0.000     0.000
    23.75    61.75    1993     0.000     0.000     0.000     9.677    14.120     1.360     9.467    13.391     9.370     5.876     0.664     0.000
    23.75    61.75    1994     0.000     0.000     0.000     5.725    23.804    16.235     4.446    16.310    11.639     5.141     0.900     0.000
    23.75    61.75    1995     0.000     0.000     0.000     0.000    22.882    13.350    20.112     9.148     4.427     3.733     1.121     0.000
    23.75    61.75    1996     0.000     0.000     0.000     0.000    22.559     2.382     2.237    23.649     8.237     3.332     0.662     0.000
    23.75    61.75    1997     0.000     0.000     0.000     0.000    25.846     6.456     7.640    16.601    13.653     4.490     0.989     0.000
    23.75    61.75    1998     0.563     0.036     0.000     3.313    26.698    14.535    13.675    12.587     8.108     4.725     0.819     0.000
    23.75    61.75    1999     0.000     0.000     0.000    17.067    19.794    11.789    17.281    20.092    10.431     4.349     1.006     0.000
    23.75    61.75    2000     0.000     0.000     0.000    12.440    12.732     4.318    12.524    17.396     7.838     3.066     0.891     0.000
    23.75    61.75    2001     0.000     0.000     0.000    10.284    18.147     1.831     1.224    26.470     8.971     2.011     0.000     0.000
    23.75    61.75    2002     0.000     0.000     0.000     0.000    17.588    25.509    10.519     9.509    10.267     2.965     0.657     0.000
    23.75    61.75    2003     0.000     0.000     0.000     0.000    19.784    10.528     3.102     3.195     6.575     5.898     0.656     0.000
    23.75    61.75    2004     0.000     0.000     0.000     6.564    16.534     8.151    23.968    26.930    10.274     6.110     0.976     0.000
    23.75    61.75    2005     0.000     0.000     0.000    22.503    13.765    23.150    18.701    16.043     6.338     4.129     0.269     0.000
    23.75    61.75    2006     0.000     0.000     0.000     9.843    19.544     2.714     0.832     5.927    10.333     5.164     1.037     0.000
    23.75    61.75    2007     0.000     0.000     0.000     8.679    19.192    13.746    14.449     3.108     5.366     5.082     0.681     0.184
    23.75    61.75    2008     0.000     0.000    10.534    14.838    11.417    11.708    30.083    16.546    10.945     6.193     0.857     0.000
    23.75    61.75    2009     0.000     0.000     0.000     0.000    23.496     1.822    21.021    28.656    11.208     4.635     0.865     0.000
    23.75    61.75    2010     0.000     0.000     0.000     8.860    13.190     8.843    25.480    23.012    12.560     5.367     1.503     0.000
    23.75    61.75    2011     0.000     0.000     0.000     9.895    26.659    14.838    10.033    13.084     6.757     4.912     0.993     0.000
    23.75    61.75    2012     0.000     0.000     8.354    13.857     3.155     1.780     8.219     2.172     3.044     3.869     0.605     0.000
    23.75    61.75    2013     0.000     0.000     0.000    14.323     8.928    13.274    19.338     9.240     9.755     5.212     0.531     0.000
    23.75    61.75    2014     0.000     0.000     4.243    18.532     9.254    19.076     8.595    19.733     9.792     6.515     0.751     0.000
    23.75    61.75    2015     0.000     0.000     0.000     0.000    18.845    11.891    11.279     2.817     2.251     2.337     0.557     0.000
    23.75    61.75    2016     0.000     0.000     6.426    19.880     8.131    11.632    20.688    23.004    10.728     6.535     0.651     0.000
    23.75    61.75    2017     0.000     0.000     0.000     5.300    24.569     3.780     4.030    12.290     6.236     4.259     0.601     0.000
    23.75    61.75    2018     0.000     0.000     0.000    20.552    11.453    28.427     8.944    12.616     7.999     3.656     1.215     0.000
    23.75    61.75    2019     0.000     0.000     0.000    10.354    15.256     6.453     8.741    10.004    12.133     6.697     0.835     0.000
    23.75    61.75    2020     0.000     0.000     0.000     0.000    27.971    12.257    22.501    15.451    11.038     2.283     1.070     0.000
    23.75    61.75    2021     0.000     0.000     0.000    11.260    17.302     6.264     5.866     2.147     8.516     4.289     1.250     0.000
    23.75    61.75    2022     0.000     0.000     0.000     0.000    21.404     2.215     3.943     9.959     7.256     3.272     0.731     0.261
    23.75    61.75    2023     0.000     0.000     0.000    17.709    17.208     3.619     7.208     8.815     5.982     3.766     1.067     0.000
    23.75    61.75    2024     0.000     0.000     0.000    12.177    15.182     2.526     0.984     0.541     5.166     3.670     0.622     0.000
    23.75    61.75    2025     0.000     0.000     0.000     0.000    23.970    18.928     3.504    16.057     6.825     4.069     1.041     0.431
    23.75    61.75    2026     0.000     0.000     0.000    24.147     2.942    23.317    11.378    13.696     8.188     5.561     0.989     0.000
    23.75    61.75    2027     0.000     0.000     0.000    16.467    23.026     7.653     9.888    24.320    14.176     5.500     1.123     0.000
    23.75    61.75    2028     0.000     0.000     0.000    13.243    12.123     0.580    10.140    17.873     7.730     2.276     0.893     0.000
    23.75    61.75    2029     0.614     2.773     0.000    23.374     4.236     0.955     2.580    18.753    14.727     4.693     0.883     0.000
    23.75    61.75    2030     0.000     0.000     0.000    14.903    13.304     0.960     1.378     5.787     2.837     0.705     0.000     0.000
    23.75    61.75    2031     0.000     0.000     9.950    16.376     8.959     4.860    23.143    19.816     8.803     4.941     0.923     0.000
    23.75    61.75    2032     0.000     0.000     0.000    19.234    12.202    16.746    18.192     6.951     6.386     3.038     0.768     0.243
    23.75    61.75    2033     0.548     0.675     6.219    12.077    13.905     0.906     7.654     9.640     8.274     3.569     0.619     0.056
    23.75    61.75    2034     0.000     0.000     0.419    26.247    16.698    14.952    27.431    15.260    14.406     7.255     0.888     0.000
    23.75    61.75    2035     0.000     0.000     0.000    13.527    14.229     2.120    12.764     2.533     4.181     4.359     0.878     0.003
    23.75    61.75    2036     0.000     0.000     0.000    13.027    21.385     8.187    21.942     6.736     4.678     2.695     0.805     0.000
    23.75    61.75    2037     0.610     4.881    13.110    18.017     9.673    19.439    19.566    10.739     8.824     4.447     0.553     0.000
    23.75    61.75    2038     0.305     1.906    11.606    18.191    21.127     5.855     1.846     2.442     6.293     4.177     1.421     0.000
    23.75    61.75    2039     0.000     0.000    14.312    20.467     8.120     2.395    18.569    23.806    14.025     6.186     0.968     0.343
    23.75    61.75    2040     0.932     0.159     0.000    23.626    13.912    11.841    20.858    10.747     2.082     1.610     0.601     0.000
    23.75    61.75    2041     0.000     0.000     8.329    22.068     3.993     1.943    18.271    15.976     2.808     2.198     0.606     0.004
    23.75    61.75    2042     0.000     0.000     0.000     7.432    20.770     3.464     5.412    13.298    10.966     3.594     0.838     0.001
    23.75    61.75    2043     0.709     4.915    19.858     9.976     7.699    12.077     2.148    10.905     7.456     3.175     0.854     0.000
    23.75    61.75    2044     0.000     0.000     0.000     8.758    22.093     1.787     1.234    20.572    16.911     5.383     0.867     0.000
    23.75    61.75    2045     0.472     0.000     0.000    30.838    11.088     6.831    16.919    17.881    11.862     5.969     0.701     0.000
    23.75    61.75    2046     0.000     0.000     0.000    18.305    20.117     4.439    13.517    10.229    13.415     3.656     0.917     0.057
    23.75    61.75    2047     0.000     0.000     1.388    25.441     5.361     5.688    18.898     6.641     0.899     2.566     1.506     0.004
    23.75    61.75    2048     0.000     3.796    12.408    20.240     6.278     1.249    18.214    17.177     6.650     2.306     0.720     0.000
    23.75    61.75    2049     0.000     0.000     0.000     0.000    26.867     6.692    11.583    21.918    14.886     4.998     0.721     0.011
    23.75    61.75    2050     0.000     3.011     8.264    20.447    13.278     2.354     1.531    22.943    10.718     4.000     0.694     0.000
    23.75    61.75    2051     0.000     0.000     0.000     6.339    23.417     2.209    18.221    24.374    11.172     5.842     0.457     1.509
    23.75    61.75    2052     0.000     0.000     0.000    31.869    37.639     8.834     7.883    17.362     6.681     2.524     0.529     0.000
    23.75    61.75    2053     0.000     0.000     9.082    21.839    20.800    21.674    12.812    13.538     4.289     2.603     0.714     0.006
    23.75    61.75    2054     0.106     0.000     4.915    27.026    11.529    12.945     8.746     6.149     9.382     4.894     0.756     0.230
    23.75    61.75    2055     0.000     0.000     0.000     0.000    34.585    10.079    19.085    21.665    14.320     4.787     1.081     0.328
    23.75    61.75    2056     4.202     2.195    16.160    18.726    10.909     2.702     0.203     5.504     4.242     2.338     0.380     0.000
    23.75    61.75    2057     2.920     0.011     7.541    23.059     5.729     1.181    20.427    19.928     7.576     4.474     0.791     0.000
    23.75    61.75    2058     0.000     0.000     0.000    21.380    13.855    12.949    11.357     6.192     7.643     4.737     1.356     0.035
    23.75    61.75    2059     0.000     0.000     0.000    18.469    16.008     3.579     6.488    12.627    12.054     5.737     0.566     0.000
    23.75    61.75    2060     0.000     0.000     0.000    30.343    18.427     7.130     7.088    21.791    11.346     4.624     0.810     0.000
    23.75    61.75    2061     0.000     2.222    18.819    22.453    24.766    17.424    26.981     5.582     4.267     4.077     0.866     0.000
    23.75    61.75    2062     0.502     6.231    18.094     8.130     2.968     5.774     0.327     0.821     3.313     4.723     1.053     0.000
    23.75    61.75    2063     0.000     0.000     7.474    24.700     4.605     4.336     3.195    15.292     7.830     3.136     0.255     0.000
    23.75    61.75    2064     0.000     0.000     0.000    11.058    32.312     4.601     1.002     4.170     5.748     2.860     0.933     0.000
    23.75    61.75    2065     0.925     2.642    19.405    16.193     8.291     1.108     1.608    14.140     9.709     3.808     2.256     0.002
    23.75    61.75    2066     0.000     0.000     0.000    28.138    22.912    15.060    13.351    20.939    10.637     4.583     1.414     0.001
    23.75    61.75    2067     0.825     0.807     5.414    29.678    13.010     4.020     6.751    14.582    10.830     5.994     0.640     0.267
    23.75    61.75    2068     0.712     4.706     1.272    21.227    25.751    10.705     1.545     9.672     7.055     4.701     1.543     0.000
    23.75    61.75    2069     0.000     0.000     0.000    24.809    16.142    18.110     3.943    11.646     9.929     4.007     0.872     0.000
    23.75    61.75    2070     0.766     4.912    10.769    19.528     3.114     4.596     2.850    14.367    10.331     4.239     0.939     0.000
    23.75    61.75    2071     0.545     4.798     5.504    26.822     4.586     3.208    26.055    18.063     9.584     6.067     0.924     0.804
    23.75    61.75    2072     0.040     0.000     0.000    27.494    18.140     1.824    29.092    25.892    11.782     6.660     0.705     0.000
    23.75    61.75    2073     0.000     4.527    17.129    12.964     0.714     0.412     5.031     7.431     6.605     6.132     1.180     0.000
    23.75    61.75    2074     0.000     0.000    10.346    26.624    11.715     2.052    10.133     8.312     6.676     4.711     0.534     0.000
    23.75    61.75    2075     0.350     5.713    19.175    22.491     1.279    14.834    20.309    25.708    11.520     3.472     0.398     0.000
    23.75    61.75    2076     0.000     0.000     0.000     0.000    33.286    12.318     9.325     9.932     3.676     2.534     0.601     0.000
    23.75    61.75    2077     0.000     0.000     0.000    21.090    13.702     5.436    30.263    19.771    11.775     4.510     0.966     0.000
    23.75    61.75    2078     0.000     0.000    17.899    11.887     1.165    23.794    14.708    17.412    12.767     4.902     1.035     0.000
    23.75    61.75    2079     0.000     0.000    15.383    24.681    10.377     2.655    10.345    17.428     7.775     3.528     0.950     0.000
    23.75    61.75    2080     0.000     3.745    17.974    18.588    24.405    18.109     5.029     8.434    14.306     3.600     0.817     0.014
    23.75    61.75    2081     0.000     0.000     0.000    33.188     6.599     2.069     8.652    10.661     5.058     3.095     0.455     0.000
    23.75    61.75    2082     0.000     5.715    22.804    17.652     5.551     1.989    12.101    23.080    13.563     3.991     1.154     0.000
    23.75    61.75    2083     0.000     0.000     0.000    27.686    10.998     4.316    27.140    11.147    10.551     4.855     0.861     0.001
    23.75    61.75    2084     0.000     0.000    17.088    21.582    10.392     7.031     2.382     4.521    13.185     2.887     1.287     0.034
    23.75    61.75    2085     0.000     0.000     0.000    30.956    13.925     1.243     0.159    10.341     7.860     3.160     0.518     1.609
    23.75    61.75    2086     0.000     0.000     0.000    15.438    19.142     2.803     0.420     0.552     3.059     3.149     0.577     2.044
    23.75    61.75    2087     0.887     5.790    18.544    23.753    13.618    12.640    26.665    30.453    14.226     6.741     0.887     0.000
    23.75    61.75    2088     0.000     0.000     0.000     0.000    33.882     2.648    15.245    11.446    12.268     6.591     1.005     0.000
    23.75    61.75    2089     3.062     0.000     0.000    31.760     2.816     0.844     2.731     9.492    13.852     4.335     0.964     0.000
    23.75    61.75    2090     0.000     4.764     9.655    28.951    16.821    10.773    14.983    20.784    15.122     6.513     0.939     0.000
    23.75    61.75    2091     0.000     0.000     1.718    33.616     5.846     8.319     8.521    13.877     8.237     6.114     0.761     0.003
    23.75    61.75    2092     0.000     0.000    22.743    18.192     5.268     1.734     1.025     0.555     0.958     1.582     1.221     0.000
    23.75    61.75    2093     0.877     1.834    19.149    21.088    10.078     9.674     1.478    13.466    13.426     4.505     1.016     0.029
    23.75    61.75    2094     0.002     0.000     0.000    20.306    23.848    16.168    28.558    20.179    10.867     5.620     0.759     0.060
    23.75    61.75    2095     1.093     3.512    19.877    15.955     7.921     4.809     1.410     7.917    14.175     4.955     0.860     0.006
    23.75    61.75    2096     0.000     6.318    19.542    22.349     7.784    15.333     2.408     4.354     9.340     4.081     0.729     0.000
    23.75    61.75    2097     1.192     5.715    14.116    18.548     1.485     2.615    19.782    12.743    11.744     2.632     0.659     0.000
    23.75    61.75    2098     0.604     1.113    19.258    22.126     7.633     1.556     4.651    17.690    11.437     3.902     0.533     0.000
    23.75    61.75    2099     0.000     0.000     0.000     0.000    32.974     5.568     5.042     3.716     1.870     4.311     0.340     0.000
    23.75    61.75    2100     0.000     0.000     0.000    29.294    15.040    15.301    14.883     6.898     3.562     3.648     1.435     0.000
    23.75    61.75    2101     0.595     5.238     5.752    28.558     4.827     4.494    24.592    14.893     8.130     6.070     0.865     0.864
    23.75    61.75    2102     0.058     0.000     0.000    33.072    16.728     3.379    24.462    23.493     7.956     6.709     0.763     0.000
    23.75    61.75    2103     0.000     5.343    19.857    13.941     1.029     0.448    11.125     6.632    11.684     5.583     1.089     0.000
    23.75    61.75    2104     0.000     0.000    11.546    29.239     9.869     2.833     6.354    13.731     7.717     3.962     0.593     0.000
    23.75    61.75    2105     0.560     6.088    19.121    20.345     1.821    12.091    18.352    26.811    10.101     5.315     0.944     0.000
    23.75    61.75    2106     0.000     0.000     0.000     0.000    37.002    13.957    16.275    13.190     2.175     2.149     0.401     0.000
    23.75    61.75    2107     0.000     0.000     0.000    21.858    14.930     4.138    28.357    14.858    12.271     4.790     0.927     0.000
    23.75    61.75    2108     0.000     0.000    22.838    17.986     1.893    13.853    18.082    21.003    13.521     4.427     1.103     0.000
    23.75    61.75    2109     0.000     0.000    17.178    28.376     9.760     1.946    10.749    11.076     9.783     4.237     0.847     0.031
    23.75    61.75    2110     0.000     4.138    18.523    20.851    21.532    16.931     6.271    14.548     8.303     4.678     0.823     0.015
    23.75    61.75    2111     0.000     0.000     0.000    33.352     8.476     0.866     8.304    13.004     4.862     1.925     0.324     0.000
    23.75    61.75    2112     0.328     5.725    24.138    15.597     8.350     0.480    16.937    23.784    11.576     5.055     1.081     0.000
    23.75    61.75    2113     0.000     0.000     0.000    29.765    12.164     2.582    15.490    18.293    12.195     3.921     0.800     0.175
    23.75    61.75    2114     0.000     0.000    15.953    21.523     9.141     8.761     2.774     9.864     8.547     3.232     1.419     0.036
    23.75    61.75    2115     0.000     0.000     0.000    25.269    13.013     0.818     0.271     8.627     7.527     2.238     0.692     1.607
    23.75    61.75    2116     0.000     0.000     0.000    14.953    18.183     1.652     2.927     1.055     0.911     3.411     0.734     2.047
    23.75    61.75    2117     0.869     5.916    14.330    25.312    12.735    12.207    33.615    24.510    13.686     6.639     0.708     0.000
    23.75    61.75    2118     0.000     0.000     0.000     0.000    38.400     4.631     3.311    10.077    13.811     6.043     0.853     0.000
    23.75    61.75    2119     2.947     2.787     0.000    31.244     1.752     0.867     1.205    10.684    11.018     5.133     0.846     0.000
    23.75    61.75    2120     0.000     4.948    19.757    27.099    17.193     9.937    10.130    13.452    13.864     5.794     0.818     0.000
    23.75    61.75    2121     0.000     0.000     4.702    31.129     7.723     3.849    13.156    13.692     4.997     3.829     0.657     0.040
    23.75    61.75    2122     0.000     1.239    22.187    17.334     4.649     1.440     0.723     0.667     0.825     1.007     0.921     0.000
    23.75    61.75    2123     0.899     2.005    18.421    19.943    10.473     9.508     3.306    16.767    12.408     4.232     0.974     0.030
    23.75    61.75    2124     0.000     0.000     0.000    23.864    28.621    14.852    26.323    22.623    14.793     4.915     0.794     0.060
    23.75    61.75    2125     1.110     5.666    21.354    19.639     8.741     4.768     2.469     8.046    14.279     6.017     0.879     0.000
    23.75    61.75    2126     0.000     6.838    18.950    23.525    10.009     6.721     5.924    12.037     4.769     3.324     0.740     0.000
    23.75    61.75    2127     1.200     5.719    18.443    18.997     0.692     7.313    20.092    12.649     8.977     2.708     0.653     0.000
    23.75    61.75    2128     0.704     2.377    18.969    22.153     6.671     2.062    12.602    12.781    12.629     3.389     0.807     0.000
    23.75    61.75    2129     0.000     0.000     0.000     0.000    29.712     4.692     1.719     4.818     3.742     3.638     0.577     0.000
    23.75    61.75    2130     0.000     0.000     0.000    29.067    12.263    18.218     8.984     8.855     6.173     3.169     1.679     0.000
    21.75    39.75    1980    26.680    35.194    30.621    12.385     2.547     1.372     4.158     0.426     0.151     0.429    12.568    15.513
    21.75    39.75    1981    16.395    14.913    10.584     0.587     0.581     0.262     0.106     0.040     0.053     2.291     6.324     4.759
    21.75    39.75    1982    14.873    18.341    14.261    31.609     9.978     0.429     2.938    15.684     4.201    30.283    17.470    13.741
    21.75    39.75    1983    20.452    12.248    20.087    17.645     4.763     4.044     1.242     1.791     2.518     3.674     6.753    16.572
    21.75    39.75    1984    17.336     8.586     4.544     1.043    12.773     0.764     0.240     0.160     0.419     0.796     1.710     6.643
    21.75    39.75    1985    21.045    31.275    14.874     1.376     0.233     0.949     1.046     0.172     0.616     0.516     3.310    10.325
    21.75    39.75    1986    16.936    29.067    43.578    25.233     8.662     6.234     3.673     1.865    14.061     5.288     1.811     2.957
    21.75    39.75    1987     3.656    25.607    21.405     6.639     6.796     4.698     0.529     6.964     5.170     7.561     6.025     6.343
    21.75    39.75    1988    15.635     7.165     5.752     2.600     2.190     9.082     1.902     0.480     0.247    13.762    10.394     7.256
    21.75    39.75    1989    15.189    12.513    14.029     6.315     2.389     1.736     0.338     0.285     0.556     0.093     8.283     2.335
    21.75    39.75    1990    22.659    22.163    34.167    11.804     3.417     0.465     0.216     0.322     0.097     2.372     6.684     4.489
    21.75    39.75    1991     7.934    12.817     7.600     0.883     2.504     1.773     0.497     0.141     0.118     0.109    14.700    15.249
    21.75    39.75    1992    19.746    24.963    23.842    13.605     1.134     0.117     0.205     0.268    23.141    22.202    20.292    14.437
    21.75    39.75    1993    21.702    29.138    39.078    18.032     1.157     1.277     0.212     0.518     0.141     0.221    10.081    12.086
    21.75    39.75    1994    24.487    19.178     9.405     7.511     2.346     0.532     0.153     0.155     0.798     3.955     5.228    10.941
    21.75    39.75    1995    19.645    29.769    44.081    15.994     1.388     2.313     1.078     0.187     0.179     1.626     7.300    10.781
    21.75    39.75    1996    17.483    21.617    11.268    21.764     4.916     0.344     0.246     4.684     0.171     0.442    11.080     9.076
    21.75    39.75    1997    21.377    32.235    30.955     3.963     1.220     1.493     1.398     0.852     4.270     0.342     5.113    14.368
    21.75    39.75    1998    21.227    31.745    26.979     2.815     0.207     1.014     0.734     1.720     0.217     2.857     2.720    13.328
    21.75    39.75    1999    25.032    26.421    11.728     0.502     0.274     0.360     0.178     0.073     1.134     1.647     9.378    18.057
    21.75    39.75    2000    24.125    13.692     9.056    13.007     0.779     1.186     0.213     0.226    20.072     4.752     7.499    15.307
    21.75    39.75    2001    20.051    19.315    18.133     5.272     0.699     0.986     0.535     0.298     0.074     4.895    17.903    13.402
    21.75    39.75    2002    19.624    19.420    11.870     0.531     0.398     0.451     0.257     0.247     0.065     3.761     7.776    10.185
    21.75    39.75    2003    27.024    33.323    35.368    18.765     5.643     2.465     0.455     1.513     0.346     0.976    14.599    16.202
    21.75    39.75    2004    18.793    22.083    13.177     3.509     0.477     0.201     0.143     0.107     0.602     0.738     1.582     5.924
    21.75    39.75    2005    23.185    22.700    10.185     0.690    21.716     5.727     0.513     0.201     5.819     6.172     1.879     8.490
    21.75    39.75    2006    18.349    32.851    29.203    12.203     2.470     1.306     2.162     4.858     2.331     0.834    10.854    10.888
    21.75    39.75    2007    17.091    12.257     4.648     0.590     1.791     0.405     1.033     0.317     0.147     0.804    10.244    12.753
    21.75    39.75    2008    19.967    27.572    19.345    11.517     9.571     0.929     2.574     0.238     0.292     0.084     0.357     8.607
    21.75    39.75    2009    22.339    16.067    16.192     7.010     2.114     0.615     0.170     0.079     0.055     0.646     1.659     5.180
    21.75    39.75    2010    22.670    17.733     1.982     0.253     0.825     0.501     1.102     0.150     0.212     0.064     0.788     8.116
    21.75    39.75    2011    20.097    32.561    30.515     7.008     2.534     1.474     0.395     0.661     5.499     2.910     5.714    10.737
    21.75    39.75    2012    23.386    34.072    15.853     2.587     1.114     0.462     0.458     0.420     0.146     0.230    11.826    10.242
    21.75    39.75    2013    23.019    27.545     9.882     1.508     2.191     0.562     0.953     0.197     3.039    14.805    10.564    14.965
    21.75    39.75    2014    17.742    10.977     0.493     0.170     0.176     0.094     0.060     0.322     1.926     0.499     0.897     4.816
    21.75    39.75    2015    24.121    33.208     6.262     0.488     0.186     0.019     0.214     4.422     1.629     0.386     7.282    12.982
    21.75    39.75    2016    25.970    16.796     3.366     9.487     2.730     0.249     5.136     0.028     0.004     0.456    11.250    14.788
    21.75    39.75    2017    28.397    31.830    24.227     4.319     0.295     0.109     0.033     0.284     8.420     0.874     0.045     3.392
    21.75    39.75    2018    15.369     9.419     2.033     0.155     0.004     0.382     0.012     0.008     8.450     9.227     1.153     9.677
    21.75    39.75    2019    27.209    31.467    20.659     8.482     0.307     0.364     0.772     0.059     0.224     0.319    11.403    14.253
    21.75    39.75    2020    19.291    27.331    56.188     8.859     0.451     0.662     0.133     0.201     4.309     2.316     8.079     9.029
    21.75    39.75    2021     4.508    29.400     7.671     0.237     0.536     0.670     0.432     1.195     1.308     0.878     3.066     8.463
    21.75    39.75    2022    20.499    21.345     9.779     5.903     0.911     0.025     0.062     0.044     0.894     1.900     0.286     0.141
    21.75    39.75    2023    10.566    29.411    10.588     5.206     2.032     0.488     1.147     0.026     0.107     1.138     5.223     3.908
    21.75    39.75    2024    12.831    17.004     7.343     8.116     6.142     1.132     0.381     0.060     1.791     2.616     0.574     4.867
    21.75    39.75    2025    18.122    12.967     2.774     3.563     0.858     0.012     0.012     0.292     0.050     0.086     1.697     4.857
    21.75    39.75    2026    18.615    13.608     9.060    15.394    19.249     3.138     1.027     0.014     0.536     0.098    15.767     9.998
    21.75    39.75    2027    19.488    21.336     9.050     1.739     0.052     0.326     0.038     0.025     2.624     3.190     9.525     7.244
    21.75    39.75    2028    20.188    25.382    27.129    17.986     6.307     2.224     0.445     0.034     0.114     0.119     1.094     1.952
    21.75    39.75    2029     5.624     6.502     4.201     0.618     0.032     0.472     0.028     0.027     0.208     8.045     8.127     7.564
    21.75    39.75    2030    22.558    27.259    24.770    41.484    16.244     1.449     7.617     0.064    18.622     4.070     1.483     5.699
    21.75    39.75    2031    16.232     7.901     0.555     0.044     0.262     0.051     0.012     0.040     0.098     1.539     0.809    11.252
    21.75    39.75    2032    29.189    20.916    21.014    23.094     4.859     0.042     0.041    24.313     2.371     0.136     2.346     8.829
    21.75    39.75    2033    17.965    27.493    24.559     8.046     4.877     1.223     8.003     1.110     0.047     0.055     0.140     0.407
    21.75    39.75    2034    13.084    34.497    23.218     3.306     0.598     0.129     0.067     0.023     0.006     0.052     1.013     4.615
    21.75    39.75    2035    18.757    17.120    10.026     2.759     0.788     0.026     0.061     0.030    14.322     0.403     1.805    11.220
    21.75    39.75    2036    18.541    24.286     9.850     0.580     0.045     0.032     0.320     2.283     0.119     0.025     0.019     1.409
    21.75    39.75    2037     6.644     2.291     0.042     1.228     0.124     0.019     0.021     0.946     0.058     4.129     6.614    10.329
    21.75    39.75    2038    12.986     9.619     2.833     0.479     0.100     0.136     2.113     1.829     0.857     0.767     0.297     6.665
    21.75    39.75    2039    15.210    11.976    10.707     2.658     0.208     0.627     1.512     0.032     0.008     0.162     1.654     7.887
    21.75    39.75    2040    20.236     9.439     2.135     0.603     0.469     0.124     0.052     0.053     1.612     1.227     2.356     2.995
    21.75    39.75    2041    17.140    11.254     7.574     2.915     1.705     1.289     0.119     0.014     0.028     0.011     0.369     5.109
    21.75    39.75    2042    20.637    20.831    11.303     8.824     0.196     0.161     0.123     0.016     1.616     0.169     1.005     6.856
    21.75    39.75    2043    21.317     7.717     0.171     0.053     0.933     0.387     0.976     0.478     0.354    11.023     8.407     6.923
    21.75    39.75    2044    12.820     7.458     7.470     1.266     0.103     0.232     2.952     1.616     0.024     0.057     2.403     7.499
    21.75    39.75    2045    16.714    11.473     2.463     0.190     0.159     0.061     0.324     0.078     0.190     0.330     8.359    10.937
    21.75    39.75    2046    23.693    17.708     5.602     0.339     0.062     0.041     0.052     0.036     0.763     1.147     4.629     4.396
    21.75    39.75    2047    20.754    19.292     4.227     2.970     0.711     0.824     0.365     0.116     0.353     5.777     9.346     8.632
    21.75    39.75    2048    17.056     7.807     3.646     0.589     0.405     0.831     0.314     0.151     0.066     0.524     1.315     8.727
    21.75    39.75    2049    16.784    17.922     1.941     1.086     0.109     0.048     0.319     0.070     0.034     0.530     8.828     7.780
    21.75    39.75    2050    13.909     9.508     1.209     0.199     0.236     0.010     0.424     0.047     0.007     0.766     4.476     8.555
    21.75    39.75    2051    22.696    20.307     3.073     1.323     0.207     0.661     0.047     0.025     0.035     0.645    11.440    14.126
    21.75    39.75    2052    27.275    28.197     7.865     0.047     0.044     0.118     0.062     0.127     4.759     0.416    11.199     9.963
    21.75    39.75    2053    23.265    10.651     0.942     0.071     0.080     0.034     0.787     0.150     0.472     0.032     0.023     3.364
    21.75    39.75    2054    19.577    32.372    14.259     1.394     0.037     0.542     0.191     0.199     0.198     1.955     7.019     5.478
    21.75    39.75    2055    22.614    16.754     2.027     0.081     0.030     0.027     0.906     0.150     0.014    10.224     5.713     4.422
    21.75    39.75    2056    10.712    30.866    16.005     1.177     0.101     0.203     0.230     0.085     0.327     0.151     0.148     7.007
    21.75    39.75    2057    22.456    25.258     3.461     0.551     1.381     0.212     0.272     0.098     4.387     0.233     0.027     7.220
    21.75    39.75    2058    21.236    13.193     3.376     2.075     0.808     0.514     3.208     0.356     0.151     2.933     2.626     5.169
    21.75    39.75    2059    11.469    18.302     3.132     0.368     0.446     0.243     0.152     0.075     0.110     0.063     3.458     8.747
    21.75    39.75    2060    25.166    28.657    21.515     5.048     0.770     1.196     0.749     0.217     9.358     6.529     8.397    16.031
    21.75    39.75    2061    15.400     7.948     0.014     0.039     0.017     0.331     0.046     0.160     0.033     5.867     6.375     4.341
    21.75    39.75    2062    18.960    11.252     1.793     0.805     0.495     0.266     0.068     0.327     1.610     0.293    15.842    19.141
    21.75    39.75    2063    20.147     4.818     0.685     0.097     0.336     0.156     0.096     0.030     7.305     2.160    11.534    12.318
    21.75    39.75    2064    20.539    33.938     7.412     0.418     0.294     0.207     0.841     0.997     3.238     1.326     3.249     8.337
    21.75    39.75    2065    21.812     9.957     0.028     0.147     0.196     0.531     0.274     0.031     0.365     2.991     1.809     8.556
    21.75    39.75    2066    22.797    14.528     1.400     0.638     0.047     0.046     0.070     0.051    10.590    20.470    16.277    11.208
    21.75    39.75    2067    19.268    27.379    30.873     3.316     0.166     0.095     0.053     0.036     0.316     0.214     7.325    13.092
    21.75    39.75    2068    26.440    19.766     1.566     0.026     0.060     0.043     0.104     0.120     0.053     0.980     2.264     6.305
    21.75    39.75    2069    26.025    36.464    26.750    17.361     5.198     0.506     2.853     0.459     0.217     0.210     0.928     8.985
    21.75    39.75    2070    22.604    24.569     7.182     0.771     0.015     0.368     0.087     0.222     0.026     4.365     5.702     2.013
    21.75    39.75    2071     2.526     1.388     0.289     1.540     0.057     0.193     0.053     5.675     0.068     0.288     0.705     4.420
    21.75    39.75    2072    16.708    25.810    20.718    20.163     6.840     0.510     0.057     0.086     2.040     0.765    12.784     8.822
    21.75    39.75    2073    14.794     3.132     3.449     1.903     1.270     0.689     0.149     0.024     0.127     0.021     0.910     3.449
    21.75    39.75    2074    16.288     2.381     2.035     0.147     0.079     0.336     0.398     0.240     0.086     0.027     8.208     8.219
    21.75    39.75    2075    19.555    17.438     8.008     0.329     0.180     0.723     0.177     0.035     0.096     0.295     5.956    10.728
    21.75    39.75    2076    16.484     2.982     1.916     1.151     0.167     0.060     0.097     0.537     0.052     7.364    10.915     6.411
    21.75    39.75    2077    19.640    21.488     5.965     0.281     0.019     0.081     0.579     0.084     0.271     0.011     0.985     8.569
    21.75    39.75    2078    27.707    16.353     0.616     0.230     2.640     0.341     0.850     0.253     0.030     0.363     1.399     3.425
    21.75    39.75    2079    11.991    13.508     7.862     0.415     0.193     0.271     1.707     0.485     0.328     0.426     0.961     5.806
    21.75    39.75    2080    22.912    15.585     3.873     0.452     0.190     0.148     0.176     3.301     0.196     4.537     5.660     7.121
    21.75    39.75    2081    19.367     8.451     0.261     0.303     0.672     0.292     0.131     1.327     0.134     0.283     0.670     3.272
    21.75    39.75    2082    14.913     9.598     0.362     0.137     0.934     0.103     0.069     0.079     0.043     0.261     0.031     2.006
    21.75    39.75    2083     8.741     5.204     4.612     0.094     0.065     0.069     0.039     1.847     0.032     0.189     8.725    13.039
    21.75    39.75    2084    19.234    21.816     8.457     2.088     0.216     0.032     1.387     0.258     3.073    11.984    13.325    11.935
    21.75    39.75    2085    18.029    36.862    16.755     0.049     0.136     0.308     0.382     1.089     1.856     0.089     0.283     0.817
    21.75    39.75    2086    21.483    17.907    11.933     2.622     0.034     0.276     0.074     0.054     0.737     0.066     0.475     9.167
    21.75    39.75    2087    16.781    20.898     9.548     1.432     0.301     0.193     0.075     0.214     0.286     0.983     9.136    10.279
    21.75    39.75    2088    17.204     8.631     2.031     0.232     0.062     0.189     0.031     0.029     0.449     2.696    15.375     8.770
    21.75    39.75    2089     7.235    13.398     7.542     1.263     0.445     0.064     0.037     0.042     9.362     5.721    10.877    16.311
    21.75    39.75    2090    29.252    18.417     4.619     4.344     0.313     0.040     0.788     0.844     0.342     0.033     3.835     7.069
    21.75    39.75    2091    17.795     7.536     3.470     2.215     0.310     0.657     0.553     0.226     0.086     3.801     7.644    11.493
    21.75    39.75    2092    33.362    24.693     2.947     0.321     0.756     1.646     0.381     0.237     0.105    13.633     9.786     9.344
    21.75    39.75    2093    14.833    10.159     3.363     1.017     0.402     0.154     0.179     0.161     0.030     0.359     4.233     8.941
    21.75    39.75    2094    20.485    11.989     7.742     2.548     0.093     0.062     0.023     0.032     0.061    12.597     7.937    11.690
    21.75    39.75    2095    17.399    15.894    10.086     2.603     2.461     3.525     0.093     1.016     0.138     9.174     4.580     3.040
    21.75    39.75    2096    13.323     3.619     1.078     0.116     0.021     0.015     0.361     0.804     0.384     0.032     0.464     1.199
    21.75    39.75    2097     8.442     3.031     0.247     0.183     0.040     0.027     0.038     0.036     0.091     3.312    15.553    14.028
    21.75    39.75    2098    26.194    16.214    13.485    11.719     0.472     0.438     0.123     0.026     0.034     0.155     7.753    13.729
    21.75    39.75    2099    21.118    19.856    10.830     1.451     0.076     0.422     0.447     2.022     0.033     0.549     0.512     5.863
    21.75    39.75    2100    15.253    13.872     4.292     0.321     0.425     0.230     0.218     0.133     0.065     0.324     2.615     7.652
    21.75    39.75    2101    17.065     6.277     2.880     3.523     0.508     0.400     0.265     7.548     0.616     0.456     0.482     2.584
    21.75    39.75    2102    11.808    23.539    15.782     8.514     4.466     0.148     0.101     0.083     0.817     0.483     3.877     3.788
    21.75    39.75    2103    15.302     3.756     4.829     5.784     1.947     1.131     0.213     0.019     0.057     0.019     1.484     3.953
    21.75    39.75    2104    14.561     3.925     1.885     1.094     0.143     0.118     0.150     0.194     0.058     0.026     7.325     7.517
    21.75    39.75    2105    18.906    21.272     8.185     0.968     0.218     1.081     0.510     0.036     0.118     0.285     2.605    10.064
    21.75    39.75    2106    14.083     3.359     1.310     3.904     0.355     0.068     0.153     0.380     0.052     7.690     8.457     4.443
    21.75    39.75    2107    13.124    14.095     8.517     1.033     0.037     0.126     0.283     0.176     0.269     0.025     1.821     3.764
    21.75    39.75    2108    26.254    15.176     0.810     0.102     1.103     0.152     1.402     0.195     0.041     0.136     1.343     2.143
    21.75    39.75    2109     9.538    11.659     5.066     0.463     0.242     0.230     0.812     0.540     0.367     0.343     0.877     6.636
    21.75    39.75    2110    21.171    18.760     2.858     0.742     0.407     0.264     0.337     1.779     0.477     4.368     2.627     7.745
    21.75    39.75    2111    21.520    11.381     0.826     0.706     1.223     0.894     0.414     2.197     0.255     0.377     1.677     2.864
    21.75    39.75    2112    14.734    15.594     0.479     0.132     1.198     0.122     0.131     0.065     0.065     0.093     0.041     2.939
    21.75    39.75    2113     8.864     5.102     3.380     0.214     0.078     0.154     0.069     2.937     0.063     0.198    13.853    12.938
    21.75    39.75    2114    16.572    14.151     7.828     2.173     0.401     0.054     0.380     0.082     6.840     3.070     8.466     9.455
    21.75    39.75    2115    17.522    38.621    15.723     0.266     0.484     0.983     3.322     1.037     1.753     0.391     0.295     1.802
    21.75    39.75    2116    19.531    21.434    16.318     5.319     0.273     0.728     0.516     0.124     0.469     0.153     1.127     6.845
    21.75    39.75    2117    21.739    20.529    10.088     2.196     0.234     0.412     0.077     0.915     0.379     0.759    11.752    10.930
    21.75    39.75    2118    16.560    11.961     2.974     0.826     0.263     0.352     0.146     0.093     2.004     8.035    12.843     8.273
    21.75    39.75    2119     6.819    10.280     7.316     3.628     0.712     0.391     0.198     0.133     6.820     2.912     5.639    16.322
    21.75    39.75    2120    27.507    19.668     5.194     2.788     1.892     0.213     0.613     3.559     1.812     0.245     4.611     7.473
    21.75    39.75    2121    19.163     6.548     3.146     2.197     0.664     0.692     1.333     0.440     0.180     0.759    10.058    10.812
    21.75    39.75    2122    34.866    28.011     4.073     0.367     1.428     1.762     0.749     0.259     0.130    13.349    18.607    10.500
    21.75    39.75    2123    19.049    13.133     4.645     0.966     0.360     0.178     0.378     0.144     0.031     0.305     3.435     9.673
    21.75    39.75    2124    18.607    12.721     7.605     1.973     0.075     0.048     0.039     0.020     0.197     6.668    10.555    13.039
    21.75    39.75    2125    16.960    21.772     5.126     1.774     1.524     0.888     0.103     0.175     0.106     9.781     7.360     4.144
    21.75    39.75    2126    13.996     6.733     1.157     0.211     0.045     0.031     0.114     0.652     1.823     0.779     0.750     2.614
    21.75    39.75    2127     7.041     2.435     0.269     0.251     0.072     0.048     0.062     0.030     0.124     4.135    15.942    13.352
    21.75    39.75    2128    18.298    17.573    14.632     7.365     0.764     0.165     0.141     0.035     0.045     0.301     9.889    13.610
    21.75    39.75    2129    17.668    14.568     8.444     3.555     0.064     0.167     0.413     1.020     0.031     0.612     0.128     5.228
    21.75    39.75    2130    17.949     9.973     7.384     0.148     0.284     0.122     0.182     0.056     0.039     0.144     2.263     7.342
