      Lon      Lat    Year       Jan       Feb       Mar       Apr       May       Jun       Jul       Aug       Sep       Oct       Nov       Dec
     9.75    49.75    1980     1.030     1.457     2.480     4.184    10.462    15.692    12.080    13.652     5.965     4.264     1.079     1.194
     9.75    49.75    1981     1.098     1.076     2.534     5.875     5.704     6.066     9.170    13.790     8.396     3.524     2.496     1.036
     9.75    49.75    1982     1.581     1.692     2.969     3.336     6.016    10.179    18.037    12.089     8.130     3.940     3.662     1.095
     9.75    49.75    1983     1.124     1.458     1.322     5.324     8.023    12.736    14.200     8.228     5.409     4.351     2.486     0.840
     9.75    49.75    1984     1.043     1.387     2.994     6.433    12.734    13.378     6.630     9.470     4.394     2.538     4.074     0.796
     9.75    49.75    1985     0.716     1.321     2.761     5.937     7.664    13.814    10.243    12.353     7.051     6.489     2.035     1.069
     9.75    49.75    1986     0.789     1.753     2.462     2.428     6.185     7.465    11.139     7.022     7.860     6.929     4.231     1.247
     9.75    49.75    1987     1.009     1.445     1.822     5.683    15.625    17.555     8.012    14.437     8.726     3.495     2.667     1.018
     9.75    49.75    1988     0.747     1.913     1.860     2.701    10.641     4.388    11.188     8.064     3.131     1.933     2.302     1.037
     9.75    49.75    1989     0.876     1.200     2.541     4.515    14.529    12.311    12.402    12.430     8.973     5.732     4.435     0.765
     9.75    49.75    1990     1.018     1.235     2.574     4.748     8.637    12.567    10.915     9.442     3.084     6.146     3.862     1.024
     9.75    49.75    1991     1.163     1.404     4.910     3.921    11.656    13.239     9.602     8.032     4.488     5.802     1.504     1.090
     9.75    49.75    1992     1.073     1.678     2.086     3.124     5.784    17.042     9.595    11.847     5.427     4.078     4.800     0.959
     9.75    49.75    1993     1.159     2.042     2.796     3.304     8.928    14.264     6.180    14.864    12.001     6.064     0.890     0.978
     9.75    49.75    1994     1.008     1.452     2.890     3.830     6.668     7.987     9.790    13.220     4.550     4.251     4.001     0.933
     9.75    49.75    1995     0.828     1.330     1.046     4.490    13.190     7.498    19.649    16.403     5.789     5.601     3.318     1.130
     9.75    49.75    1996     1.188     1.880     3.133     1.190     5.700    15.065    12.021    14.217     7.694     9.090     4.636     1.281
     9.75    49.75    1997     0.807     1.409     2.830     4.918    15.029    21.286     8.849    12.084     7.883     6.576     2.204     0.906
     9.75    49.75    1998     1.217     1.590     2.579     2.476    12.087    10.743    10.114     9.348    13.022     3.669     3.022     1.101
     9.75    49.75    1999     0.940     1.311     3.867     5.506     6.985    16.250     6.569     7.216     4.474     5.881     2.099     0.756
     9.75    49.75    2000     0.946     1.222     4.483     4.752    11.198    18.750    11.613    12.501     7.402     5.335     1.709     0.879
     9.75    49.75    2001     1.036     1.364     2.014     1.881    15.714     9.183    15.889    11.288     8.297     4.525     2.663     1.172
     9.75    49.75    2002     1.330     1.619     1.124     7.157    10.642     2.305     6.239    14.624    12.873     3.052     2.215     0.851
     9.75    49.75    2003     1.173     1.912     0.772     7.834    10.192    13.880    18.754    11.032     8.273     4.913     1.776     1.024
     9.75    49.75    2004     1.607     1.808     1.884     5.916    16.155    10.481     9.070    13.018    12.796     4.651     2.847     0.916
     9.75    49.75    2005     1.144     2.108     1.342     5.769    13.724     7.230    14.360    12.256     7.917     6.151     2.582     1.389
     9.75    49.75    2006     0.856     1.942     1.925     4.746     9.543    17.652    15.229    10.892     4.084     6.935     3.409     1.357
     9.75    49.75    2007     0.646     2.155     2.230     8.357     8.044    11.952    10.401     8.961     3.322     3.388     2.215     1.078
     9.75    49.75    2008     0.944     1.205     3.932     5.455     9.383     7.370    13.289    16.263     4.846     5.994     2.052     0.829
     9.75    49.75    2009     0.993     1.976     2.362     6.996    15.380    13.320     7.462    10.426     4.736     7.632     3.597     0.960
     9.75    49.75    2010     0.971     1.612     4.156     9.474    11.973    16.673     7.752     9.895     6.678     3.853     2.372     1.026
     9.75    49.75    2011     1.120     1.955     1.767     7.212    15.639    18.655    16.411    15.133     6.750     6.689     1.857     0.887
     9.75    49.75    2012     1.204     1.379     3.135     6.207     6.605    12.314    11.090    20.028     8.528     5.213     1.831     0.944
     9.75    49.75    2013     1.134     1.763     1.998     3.000    15.185     8.493     6.454     9.483     9.730     6.036     1.554     0.922
     9.75    49.75    2014     0.917     2.156     7.863    12.565    11.400     4.783    18.061    14.296     4.327     2.356     1.818     0.962
     9.75    49.75    2015     0.992     1.331     3.536     5.344     9.586    11.634     7.030     8.314     9.639     3.012     3.894     1.216
     9.75    49.75    2016     0.887     1.025     4.008     6.387     4.729     6.574    10.707    12.352     2.020     4.920     0.899     1.064
     9.75    49.75    2017     0.872     1.299     0.535     2.792    10.979     7.456    14.417    14.956     2.678     5.508     2.013     0.922
     9.75    49.75    2018     0.985     1.716     3.756     8.369     9.476     6.422     8.502     2.938     7.509     6.360     2.031     1.033
     9.75    49.75    2019     0.874     1.663     3.517     2.308     5.774     6.041    10.282    11.070     9.872     2.992     1.840     0.695
     9.75    49.75    2020     1.258     1.173     2.154     4.576    14.259    15.171    13.331    10.358     4.161     4.399     1.993     1.127
     9.75    49.75    2021     0.937     1.214     2.542     5.056     6.892     3.792     7.327     4.077     6.712     3.597     2.224     0.814
     9.75    49.75    2022     0.778     1.784     1.779     2.661     7.950    10.086     8.355    13.183     3.435     3.166     2.796     1.118
     9.75    49.75    2023     0.932     1.221     1.671     5.655     2.519    17.679     9.072    16.836     4.149     4.768     4.906     1.152
     9.75    49.75    2024     0.846     1.708     2.091     3.147     9.502    14.506    16.711    17.498     5.683     2.529     5.484     0.845
     9.75    49.75    2025     1.031     1.228     2.778     2.504     5.651    10.485     1.439    12.668     6.846     6.876     3.106     0.791
     9.75    49.75    2026     0.714     1.567     2.067     2.911     3.863     8.870     8.554     2.886     4.198     4.772     1.659     0.713
     9.75    49.75    2027     0.900     1.242     2.352     3.036     7.233     4.594     5.176     6.318     4.064     1.545     3.454     0.556
     9.75    49.75    2028     1.056     1.038     2.100     3.181     6.463     8.316     9.628    12.035     4.054     4.646     4.377     0.775
     9.75    49.75    2029     0.594     1.407     2.198     4.020    13.795     9.090     2.971    12.100     4.997     5.660     2.115     0.897
     9.75    49.75    2030     0.978     1.452     1.376     3.647     9.407    10.463    14.744     9.624     7.446     6.049     3.743     0.923
     9.75    49.75    2031     1.039     0.484     2.023     7.811     4.541    21.219     5.193     4.036     6.838     5.463     0.805     0.812
     9.75    49.75    2032     0.582     1.242     1.825     2.917    10.979    15.300    12.364    18.353     8.068     4.600     4.041     0.542
     9.75    49.75    2033     0.896     0.882     2.363     8.198     9.395    14.498    10.072    21.674     1.956     2.098     2.141     0.677
     9.75    49.75    2034     0.791     1.080     1.357     3.255     6.432     7.629     5.091     2.964     1.590     3.097     1.872     0.685
     9.75    49.75    2035     0.607     0.850     0.739     6.430    12.101    12.422     7.258    11.034     2.195     6.138     2.170     0.410
     9.75    49.75    2036     0.699     0.826     2.864     4.090     7.236     5.112    15.006    15.342    11.616     4.749     2.636     0.739
     9.75    49.75    2037     0.757     0.550     2.977     4.713     8.334     7.023     5.521     9.804     2.953     9.076     3.553     0.521
     9.75    49.75    2038     0.473     1.053     2.901     6.246    16.214     5.748     7.070     5.330     2.354     5.149     1.109     0.681
     9.75    49.75    2039     0.554     1.159     0.617     3.425    12.854     7.431    12.779     9.374     7.095     3.735     1.243     0.574
     9.75    49.75    2040     0.635     1.006     2.797     4.961    10.013    14.518     4.950    11.521     4.989     2.753     0.812     0.628
     9.75    49.75    2041     0.573     0.543     1.383     7.057     9.818     4.674     6.077    16.598     6.065     3.790     4.088     0.654
     9.75    49.75    2042     0.578     0.815     1.659     2.316     6.086    11.341     6.964     5.207     8.502     4.760     3.297     0.910
     9.75    49.75    2043     0.720     0.893     3.345     4.066     7.946     0.816    13.305    11.194     4.203     2.544     0.709     0.481
     9.75    49.75    2044     0.630     0.791     2.019     3.626     5.979    13.503    13.488     8.552     4.086     6.906     3.141     0.468
     9.75    49.75    2045     0.707     0.935     0.971     1.918    10.276     8.194     3.763     8.153     4.598     2.243     0.833     0.570
     9.75    49.75    2046     0.360     0.923     1.096     5.451    14.116     9.509     4.504     9.798     3.986     5.814     1.944     0.554
     9.75    49.75    2047     0.342     0.756     0.955     1.235     9.979     4.103     8.299     7.708     4.532     8.020     2.406     0.468
     9.75    49.75    2048     0.390     0.803     2.500     4.405     2.354     7.084     7.867     5.672     2.641     6.270     2.769     0.452
     9.75    49.75    2049     0.497     0.746     2.432     6.881     6.785     5.434     2.555     3.673     5.197     3.964     1.069     0.457
     9.75    49.75    2050     0.528     0.510     2.164     3.562     3.421    10.863     4.990     4.872     2.542     2.917     0.754     0.416
     9.75    49.75    2051     0.375     0.585     2.891     2.403     5.493     5.327     4.482     5.860     2.215     3.408     2.276     0.415
     9.75    49.75    2052     0.315     0.506     1.046     2.788    10.398    19.317     8.979     3.955     4.015     6.012     0.726     0.396
     9.75    49.75    2053     0.441     0.365     1.580     2.942     4.176     5.188     3.770     7.262     7.924     2.566     1.678     0.312
     9.75    49.75    2054     0.324     0.722     1.207     3.114     4.290     7.487     4.966     8.065     7.903     4.033     1.084     0.472
     9.75    49.75    2055     0.465     0.586     1.546     3.455     1.494     2.570    10.773     1.781     1.982     3.676     2.436     0.419
     9.75    49.75    2056     0.330     0.339     0.776     6.267     5.815     9.923     6.240     5.028     3.099     1.057     1.033     0.339
     9.75    49.75    2057     0.402     0.522     2.024     1.780     2.808     5.761     5.124     3.280     2.755     5.215     0.547     0.501
     9.75    49.75    2058     0.281     0.487     0.914     2.775     4.841     2.079     4.529    11.360     3.206     5.381     1.758     0.329
     9.75    49.75    2059     0.427     0.682     0.693     3.345     2.987     4.220     4.177    13.272     2.226     2.840     2.510     0.266
     9.75    49.75    2060     0.373     0.302     1.097     3.790     1.834     2.491     7.165     2.092     2.741     3.773     1.047     0.274
     9.75    49.75    2061     0.338     0.504     2.134     8.315     8.042     6.205     4.067     4.497     5.807     1.555     0.698     0.249
     9.75    49.75    2062     0.313     0.324     1.391     4.844     6.227     5.211     6.651     6.574     3.775     3.076     0.714     0.439
     9.75    49.75    2063     0.252     0.411     4.182     3.810     3.228     8.372     9.408     9.858     6.777     0.806     0.592     0.275
     9.75    49.75    2064     0.268     0.394     0.803     1.922     4.730     3.951     9.851     8.002     0.375     2.093     4.130     0.271
     9.75    49.75    2065     0.309     0.686     1.897     6.749     5.737    14.763     5.559     5.163     0.800     3.194     0.463     0.286
     9.75    49.75    2066     0.252     0.479     0.838     2.084     2.666     6.634     3.414     6.752     4.807     3.868     1.877     0.282
     9.75    49.75    2067     0.248     0.317     0.551     0.824     5.453     6.584     1.107     4.542     1.949     3.009     3.871     0.252
     9.75    49.75    2068     0.256     0.328     0.577     1.111     3.551     4.988     5.803     7.466     4.688     2.856     3.943     0.607
     9.75    49.75    2069     0.300     0.407     0.652     1.971     1.241     9.468     7.083     4.412     4.973     4.890     1.613     0.245
     9.75    49.75    2070     0.161     0.206     0.542     3.596     1.751     5.584     8.973     2.833     4.731     3.281     0.390     0.344
     9.75    49.75    2071     0.185     0.334     0.433     1.525     4.515     7.463     3.277     5.154     0.991     3.425     1.774     0.274
     9.75    49.75    2072     0.185     0.233     0.282     1.686     1.961     7.219     6.773     4.004     3.504     4.490     1.688     0.162
     9.75    49.75    2073     0.218     0.457     1.293     1.043     7.832    10.778     5.043     2.432     1.624     0.669     0.393     0.171
     9.75    49.75    2074     0.203     0.320     0.556     1.487     4.691     2.258     1.918     8.113     3.422     2.457     2.325     0.160
     9.75    49.75    2075     0.166     0.169     0.955     3.582     4.134     6.136     5.318     7.374     4.103     2.964     1.334     0.169
     9.75    49.75    2076     0.190     0.206     0.470     4.062     3.911     8.172     4.311    10.629     5.982     2.362     1.895     0.197
     9.75    49.75    2077     0.190     0.223     0.260     1.348     7.072    10.535    11.282     9.224     4.532     4.707     2.668     0.230
     9.75    49.75    2078     0.160     0.305     0.857     3.248     4.250     8.772     4.076     3.861     4.100     3.770     0.212     0.200
     9.75    49.75    2079     0.153     0.133     0.989     2.889     3.616     4.359     4.840     9.787     4.043     3.930     0.395     0.168
     9.75    49.75    2080     0.132     0.188     0.299     0.916     5.785     2.389     5.607    11.983     3.737     3.446     3.825     0.130
     9.75    49.75    2081     0.130     0.211     0.411     1.598     7.400     3.528     6.921     8.370     5.316     1.955     2.719     0.097
     9.75    49.75    2082     0.123     0.179     0.508     2.043     2.687     2.207     6.000    11.355     2.871     1.758     0.253     0.200
     9.75    49.75    2083     0.151     0.192     0.325     1.782     3.798    12.497     3.492     4.027     5.123     3.484     0.540     0.150
     9.75    49.75    2084     0.121     0.138     1.090     2.210     5.338     7.801     7.944     6.228     1.710     2.664     0.212     0.116
     9.75    49.75    2085     0.099     0.125     0.304     1.978     5.622     2.519    10.942     7.705     6.805     2.118     0.674     0.174
     9.75    49.75    2086     0.079     0.107     0.182     3.342     5.653     4.310     9.511     5.946     3.258     4.221     0.704     0.097
     9.75    49.75    2087     0.056     0.088     0.187     1.808     8.840     6.215     5.885     9.182     6.024     2.123     2.506     0.044
     9.75    49.75    2088     0.059     0.110     0.825     2.693     8.958     7.436     5.638     3.452     2.674     2.820     1.209     0.080
     9.75    49.75    2089     0.042     0.079     0.064     0.877     7.228     6.863     4.128     6.075     3.284     4.324     1.041     0.046
     9.75    49.75    2090     0.060     0.077     0.231     1.106     6.507     3.771     2.862     4.803     2.093     1.674     1.778     0.121
     9.75    49.75    2091     0.054     0.082     0.114     1.469     3.214     9.057     5.528     2.139     1.911     3.770     1.917     0.047
     9.75    49.75    2092     0.049     0.041     0.754     3.644     7.788     5.616     3.878     3.858     2.874     1.751     0.062     0.050
     9.75    49.75    2093     0.035     0.064     0.150     1.798     3.692     3.501     6.269     3.963     2.076     3.284     1.547     0.063
     9.75    49.75    2094     0.060     0.051     0.156     0.973     3.976     5.770     3.209     5.936     2.429     3.672     3.053     0.066
     9.75    49.75    2095     0.063     0.074     0.642     2.123     4.125     4.234     8.666     7.434     1.217     3.973     0.115     0.053
     9.75    49.75    2096     0.028     0.034     0.066     0.813     8.432     6.611     5.770     5.475     3.257     1.761     1.719     0.046
     9.75    49.75    2097     0.027     0.023     1.137     3.025     5.792     1.542     3.396     6.228     1.284     3.879     0.132     0.053
     9.75    49.75    2098     0.010     0.019     0.089     1.726     2.616     4.987    10.562     5.457     3.381     3.297     0.785     0.031
     9.75    49.75    2099     0.009     0.016     0.426     3.146     4.234     4.629     7.585     9.038     2.313     0.881     2.389     0.085
     9.75    49.75    2100     0.006     0.008     0.036     1.974     1.842     5.835     7.314     6.863     2.828     2.863     1.352     0.005
     9.75    49.75    2101     0.004     0.009     0.081     1.077     3.996     6.763     2.969     4.686     0.899     3.259     2.800     0.051
     9.75    49.75    2102     0.000     0.000     0.000     0.975     1.701     6.357     6.001     3.552     3.099     4.078     1.048     0.000
     9.75    49.75    2103     0.000     0.193     0.824     1.138     6.872     9.427     4.401     2.137     1.445     0.621     0.041     0.000
     9.75    49.75    2104     0.000     0.000     0.026     1.051     4.227     1.974     1.674     7.121     3.007     2.158     1.766     0.085
     9.75    49.75    2105     0.000     0.000     0.464     2.827     3.611     5.292     4.538     6.363     3.526     2.990     1.154     0.030
     9.75    49.75    2106     0.000     0.000     0.180     3.415     3.346     7.093     3.718     9.767     5.196     2.107     1.996     0.036
     9.75    49.75    2107     0.000     0.000     0.045     1.309     6.095     8.732     9.354     7.648     3.756     3.902     1.819     0.014
     9.75    49.75    2108     0.000     0.001     0.572     2.427     3.717     7.728     3.573     3.375     3.603     3.239     0.068     0.122
     9.75    49.75    2109     0.000     0.000     0.285     2.659     3.242     3.899     4.334     8.817     3.599     3.574     0.151     0.058
     9.75    49.75    2110     0.000     0.002     0.005     0.911     5.320     2.178     5.091    10.982     3.419     3.165     3.777     0.084
     9.75    49.75    2111     0.000     0.013     0.062     1.143     6.857     3.216     6.311     7.701     4.906     1.788     2.630     0.003
     9.75    49.75    2112     0.000     0.000     0.364     1.715     2.393     1.960     5.335    10.241     2.553     2.232     0.057     0.066
     9.75    49.75    2113     0.000     0.000     0.009     0.926     3.460    11.399     3.185     3.662     4.673     3.173     0.828     0.000
     9.75    49.75    2114     0.000     0.000     0.896     2.025     4.993     7.302     7.425     5.823     1.590     2.152     0.032     0.018
     9.75    49.75    2115     0.000     0.000     0.023     2.061     5.379     2.391    10.516     7.383     6.563     2.030     0.431     0.071
     9.75    49.75    2116     0.000     0.000     0.002     2.278     5.280     4.036     8.923     5.562     3.050     4.007     2.098     0.024
     9.75    49.75    2117     0.000     0.000     0.017     1.667     8.085     5.861     5.561     8.670     5.687     2.002     3.058     0.000
     9.75    49.75    2118     0.000     0.000     0.450     3.133     8.624     7.078     5.364     3.297     2.544     2.680     0.814     0.028
     9.75    49.75    2119     0.000     0.004     0.007     0.944     6.972     6.607     3.970     5.840     3.162     3.609     2.443     0.000
     9.75    49.75    2120     0.000     0.000     0.094     1.164     6.261     3.598     2.715     4.607     1.967     1.585     1.381     0.108
     9.75    49.75    2121     0.000     0.000     0.080     1.606     2.990     8.511     5.188     1.989     1.786     3.549     1.233     0.000
     9.75    49.75    2122     0.000     0.000     0.479     3.450     7.230     5.221     3.575     3.580     2.670     2.283     0.032     0.009
     9.75    49.75    2123     0.000     0.000     0.090     2.036     3.440     3.232     5.781     3.698     1.942     3.667     1.488     0.039
     9.75    49.75    2124     0.000     0.000     0.001     0.662     4.076     5.587     3.085     5.748     2.352     3.691     2.739     0.098
     9.75    49.75    2125     0.000     0.000     0.574     2.065     4.017     4.096     8.429     7.260     1.167     2.542     0.161     0.067
     9.75    49.75    2126     0.000     0.000     0.010     0.606     8.789     6.499     5.620     5.395     3.192     1.721     1.533     0.019
     9.75    49.75    2127     0.001     0.002     1.028     3.212     5.728     1.506     3.373     6.141     1.264     3.325     0.126     0.028
     9.75    49.75    2128     0.000     0.000     0.112     1.740     2.620     4.911    10.459     5.410     3.360     3.305     0.780     0.005
     9.75    49.75    2129     0.000     0.000     0.568     3.239     4.361     4.541     7.452     8.890     2.297     0.857     1.315     0.060
     9.75    49.75    2130     0.000     0.000     0.069     1.674     1.904     6.016     7.585     7.106     2.920     3.029     0.774     0.000
    13.75    55.75    1980     0.310     0.824     1.761     1.296     1.214     6.322     2.670     2.398     7.952     5.079     2.725     0.489
    13.75    55.75    1981     0.531     0.593     1.685     1.343     2.733     7.842     1.186     2.083     4.309     3.107     1.946     0.361
    13.75    55.75    1982     0.447     1.014     1.411     1.258     4.864     5.567     0.399     3.338     6.292     4.946     3.236     0.419
    13.75    55.75    1983     0.669     0.848     1.322     1.728     4.233     6.394     1.678     1.718     2.531     4.519     1.098     0.389
    13.75    55.75    1984     0.660     0.552     1.755     1.327     5.484     4.242    12.856     4.448     6.051     4.085     3.023     0.461
    13.75    55.75    1985     0.459     0.750     1.674     2.843     5.673    10.370     8.021     8.534     6.835     5.184     1.611     0.375
    13.75    55.75    1986     0.454     0.749     1.353     1.620     4.047     2.933     5.015     9.447     6.606     4.531     2.044     0.479
    13.75    55.75    1987     0.446     0.775     1.791     0.686     1.318     8.321     5.247     1.453    12.985     4.539     3.019     0.680
    13.75    55.75    1988     0.482     1.097     1.205     1.342     5.258     2.282     4.960     4.647     6.128     3.092     2.659     0.389
    13.75    55.75    1989     0.440     0.896     1.427     2.187     4.879     1.249     8.832     0.442     6.896     6.392     2.771     0.400
    13.75    55.75    1990     0.360     0.632     1.250     2.569     3.368    11.382     0.871     7.456     5.002     4.280     2.652     0.536
    13.75    55.75    1991     0.421     0.857     2.362     1.307     3.409     0.716    11.047     9.204     7.454     6.617     1.235     0.406
    13.75    55.75    1992     0.575     0.917     1.165     1.612     4.920     8.136     4.199     0.476     4.770     3.824     1.089     0.335
    13.75    55.75    1993     0.604     0.700     1.139     0.953     5.886     5.136    15.617     5.880     6.868     4.635     0.988     0.219
    13.75    55.75    1994     0.483     0.868     1.726     1.207     3.026     8.293    17.525     7.646     9.176     4.880     2.784     0.672
    13.75    55.75    1995     0.641     0.750     0.877     2.041     3.870    10.967     1.330     3.428     7.419     6.818     3.528     0.346
    13.75    55.75    1996     0.612     1.079     2.060     2.061     4.688     3.751     5.587     7.727     9.853     6.926     2.416     0.258
    13.75    55.75    1997     0.414     0.664     1.240     1.652     2.535     7.279    11.410     6.479     9.185     5.378     3.458     0.897
    13.75    55.75    1998     0.397     1.026     1.588     1.266     3.224    11.645     3.496     4.271     6.997     4.115     2.802     0.658
    13.75    55.75    1999     0.628     0.909     2.149     1.667     7.578     1.881     5.313     6.817    10.650     5.535     2.602     0.493
    13.75    55.75    2000     0.513     0.861     1.828     1.602     1.984     6.508     2.535     2.203     8.015     5.147     2.386     0.390
    13.75    55.75    2001     0.653     0.686     1.709     1.068     7.350    10.331    13.691    12.002     6.855     3.941     1.743     0.373
    13.75    55.75    2002     0.665     1.050     0.442     3.010     2.559     1.134     7.424     9.157    12.602     4.817     2.978     0.462
    13.75    55.75    2003     0.342     1.076     1.456     2.876     4.037     2.704    14.519     5.266    10.202     3.560     4.497     0.395
    13.75    55.75    2004     0.454     0.861     1.653     1.536     8.604     9.816    17.355     7.129     3.347     4.573     3.597     0.669
    13.75    55.75    2005     0.669     1.058     0.637     3.267     2.255     9.215     0.000     4.578     6.916     4.566     2.721     0.491
    13.75    55.75    2006     0.575     1.061     1.485     2.321     4.086     4.324     0.000     9.640     6.323     8.010     2.344     0.652
    13.75    55.75    2007     0.578     0.632     1.050     4.233     8.421    16.597     5.381     5.927     6.886     6.082     1.889     0.439
    13.75    55.75    2008     0.685     0.880     1.841     1.922     2.644    14.106     9.214     2.758     5.604     6.538     2.182     0.583
    13.75    55.75    2009     0.466     1.045     1.703     3.008     1.453     2.646     9.058    10.291     6.745     9.663     3.015     0.435
    13.75    55.75    2010     0.697     0.944     1.928     3.688     1.298    14.808    13.055     8.253     9.215     6.351     2.606     0.391
    13.75    55.75    2011     0.727     0.841     1.113     3.066     8.138    13.631     4.413     3.144     8.708     5.629     2.913     0.572
    13.75    55.75    2012     0.937     1.196     1.701     3.104     4.091     1.851    13.452     2.838    12.399     5.424     2.606     0.415
    13.75    55.75    2013     0.788     1.096     1.413     1.187     5.741     7.732     0.000     4.685    11.586     5.597     3.046     0.511
    13.75    55.75    2014     0.811     1.528     2.854     3.427     4.386    11.519     2.484     9.099     5.454     4.478     2.276     0.292
    13.75    55.75    2015     0.599     1.320     1.648     2.423     6.688     9.214    12.780     2.876    14.831     4.003     4.522     0.814
    13.75    55.75    2016     0.977     1.155     1.916     5.073     5.908    12.537     9.524     8.310     6.613     6.244     1.656     0.538
    13.75    55.75    2017     0.709     0.843     1.423     1.769     7.033    10.513    19.004    14.888     5.498     5.335     3.612     0.556
    13.75    55.75    2018     0.730     1.089     2.886     5.234     2.937     3.645     2.891     0.584     7.853     6.598     2.194     0.650
    13.75    55.75    2019     0.616     0.830     1.958     2.715    11.392     3.264     3.237    10.794     6.181     4.303     2.746     0.480
    13.75    55.75    2020     0.541     0.687     1.330     2.607     6.649    11.541     4.798     3.938     3.237     6.228     2.329     0.561
    13.75    55.75    2021     0.461     0.750     2.082     2.266     5.315     5.155     0.917     0.803     6.220     4.892     2.261     0.582
    13.75    55.75    2022     0.480     1.015     2.080     1.650     3.284    13.115     0.964    10.284     2.158     5.519     3.779     0.841
    13.75    55.75    2023     0.714     1.023     1.908     3.391     2.251     3.422     0.000     2.774    11.273     4.083     3.142     0.618
    13.75    55.75    2024     0.478     0.654     1.895     1.471     0.946     5.451     0.000     8.784    11.357     3.739     3.789     0.652
    13.75    55.75    2025     0.492     0.974     1.232     1.462     6.250    11.163     2.092     6.436    12.972     5.186     2.393     0.414
    13.75    55.75    2026     0.808     1.634     2.210     2.055     1.688    18.753     3.245     6.022     6.919     7.040     2.468     0.493
    13.75    55.75    2027     0.666     1.154     2.184     1.673     7.086     9.043    12.830    11.330     8.913     3.350     2.504     0.273
    13.75    55.75    2028     0.829     1.110     1.568     3.061     0.689     9.429     0.959    16.270     1.996     8.077     4.145     0.737
    13.75    55.75    2029     0.686     1.378     2.649     1.954     3.476    10.045     0.000    12.888     9.682     6.176     2.694     0.572
    13.75    55.75    2030     0.595     1.068     0.851     1.826     2.526     2.020     0.955     8.650     5.467     7.580     3.304     0.724
    13.75    55.75    2031     0.598     0.998     1.462     3.713     3.098    14.207    11.690    10.480    10.011     4.425     1.421     0.450
    13.75    55.75    2032     0.609     1.334     1.464     2.358     6.222     5.682     9.743    10.887     6.056     4.842     3.692     0.508
    13.75    55.75    2033     0.712     1.354     1.581     1.092     1.844     4.079     4.172     7.819     5.964     7.311     3.386     0.669
    13.75    55.75    2034     0.466     0.929     1.423     3.000     4.210     7.154    14.980     1.910     7.255     3.341     2.997     0.541
    13.75    55.75    2035     0.729     0.819     0.750     1.812     7.352     0.801     9.843     5.887     3.551     5.332     2.315     0.628
    13.75    55.75    2036     0.634     0.505     2.317     2.082     4.842    12.183    11.229    16.538     6.093     5.865     2.472     0.439
    13.75    55.75    2037     0.798     1.073     3.547     4.923     4.151    12.485    11.670     6.362     3.424     4.559     2.278     0.551
    13.75    55.75    2038     0.445     1.160     2.305     4.630    10.484     6.586     0.718     5.303     7.663     5.536     2.680     0.578
    13.75    55.75    2039     0.496     1.246     0.697     1.107     8.821     5.141    13.664     6.427    15.052     6.680     2.123     0.580
    13.75    55.75    2040     0.678     1.188     0.803     1.525     4.011     7.257     8.811     4.429     8.197     3.420     2.697     0.379
    13.75    55.75    2041     0.604     0.677     1.042     4.113     6.620     0.966     0.638     2.796     8.779     6.503     3.156     0.391
    13.75    55.75    2042     0.593     0.959     1.628     2.234     4.101     6.236     4.681     1.352     6.163     6.449     3.328     0.590
    13.75    55.75    2043     0.687     1.307     1.216     4.859     5.183     5.001     0.000     4.628     1.590     5.564     1.968     0.485
    13.75    55.75    2044     0.556     0.954     1.353     1.398     1.522     0.000     7.854     8.456     7.064     5.180     3.847     0.753
    13.75    55.75    2045     0.593     0.790     1.221     2.117     2.113    13.878     5.168    12.156     6.739     4.565     2.867     0.515
    13.75    55.75    2046     0.465     1.019     1.424     3.274     3.177     4.394    15.920    10.384     8.762     7.095     2.149     0.485
    13.75    55.75    2047     0.372     1.031     1.853     0.923     3.576     9.676     8.289     0.920     2.778     5.069     2.197     0.372
    13.75    55.75    2048     0.585     1.330     2.379     2.356     3.649     1.415    12.051     7.759     8.046     7.287     2.762     0.288
    13.75    55.75    2049     0.574     0.954     2.420     1.603     5.021    17.416     2.174     5.165     8.661     5.269     3.191     0.525
    13.75    55.75    2050     0.647     0.971     1.356     1.609     8.911    10.064     4.664     7.745     6.352     6.521     1.777     0.372
    13.75    55.75    2051     0.531     0.899     1.193     3.285     2.018     5.503     6.709    10.590     7.066     5.996     3.550     0.299
    13.75    55.75    2052     0.669     0.614     1.570     2.999     7.441     4.384     7.604     1.356     3.578     5.280     2.714     0.342
    13.75    55.75    2053     0.532     1.278     1.769     2.307     4.731    11.500     2.262    18.126     3.411     4.112     2.232     0.390
    13.75    55.75    2054     0.704     1.062     1.688     3.118     5.953     2.873     1.674     5.725    10.019     4.290     4.244     0.503
    13.75    55.75    2055     0.448     1.160     1.755     1.598     2.449     7.744    12.317     1.418     3.754     4.415     3.838     0.887
    13.75    55.75    2056     0.689     0.593     1.478     4.524     6.511     2.450    10.056     9.473     7.057     1.736     3.398     0.428
    13.75    55.75    2057     0.512     0.860     1.478     1.494     1.220     6.546     4.136    11.670     1.502     6.130     2.012     0.293
    13.75    55.75    2058     0.431     1.050     0.785     2.345     2.800     7.611     0.000     4.855     6.341     4.654     3.559     0.488
    13.75    55.75    2059     0.461     0.486     0.897     2.213     3.042     9.067     0.624     8.078     8.504     4.292     2.240     0.391
    13.75    55.75    2060     0.383     0.738     1.098     1.717     3.043     4.477     5.885    10.417     4.403     6.210     2.179     0.365
    13.75    55.75    2061     0.478     0.451     1.440     2.691     8.358     4.776    13.501     3.869     7.051     3.513     2.364     0.262
    13.75    55.75    2062     0.383     0.647     1.161     3.278     7.126    10.559     5.777    12.499     7.812     5.836     2.128     0.273
    13.75    55.75    2063     0.486     1.028     1.512     1.628     0.953     8.406    12.966    15.368     8.676     2.805     2.361     0.447
    13.75    55.75    2064     0.557     0.811     1.399     1.611     4.219     3.654     8.766     5.472     4.107     4.083     2.979     0.354
    13.75    55.75    2065     0.401     0.758     1.488     3.582     2.879     0.000     1.944     6.452     1.440     6.724     1.650     0.395
    13.75    55.75    2066     0.362     0.761     1.129     1.598     4.750     7.042    18.143     6.208     7.845     5.557     2.386     0.332
    13.75    55.75    2067     0.425     0.327     1.334     2.197     5.493     8.254     4.695     6.992     6.368     6.520     3.117     0.298
    13.75    55.75    2068     0.473     0.822     1.770     2.367     4.571     8.772    18.074     2.242     5.768     4.864     2.145     0.406
    13.75    55.75    2069     0.392     0.741     1.330     2.057     2.178     1.497     2.231     5.152    10.324     4.486     3.231     0.360
    13.75    55.75    2070     0.535     0.535     0.776     2.465     1.755     0.989     5.575     5.539     5.322     4.325     1.652     0.349
    13.75    55.75    2071     0.357     0.492     0.663     2.423     3.492     2.936     9.390     2.155     5.431     6.114     2.712     0.417
    13.75    55.75    2072     0.461     0.475     0.603     0.478     2.225     3.934     3.349     9.478     4.334     4.751     1.767     0.259
    13.75    55.75    2073     0.283     0.513     1.092     0.835     3.935     0.453     1.644     6.059     6.086     2.064     1.985     0.208
    13.75    55.75    2074     0.364     0.275     1.356     3.718     1.796     4.373    15.063     1.128     3.515     4.603     2.228     0.264
    13.75    55.75    2075     0.330     0.685     0.649     3.030     5.554     7.198     4.473     5.172     5.868     4.831     1.962     0.244
    13.75    55.75    2076     0.342     0.437     1.344     1.233     2.196     1.467     1.374     4.357     7.785     2.795     3.348     0.855
    13.75    55.75    2077     0.246     0.546     0.167     0.777     3.242     1.273    16.835     5.835     4.616     5.553     3.610     0.230
    13.75    55.75    2078     0.398     0.461     1.192     4.314     1.648     9.650     0.000     3.609     4.142     4.376     1.331     0.328
    13.75    55.75    2079     0.419     0.676     1.137     0.707     4.442     9.162     0.536     5.461    11.461     5.779     1.789     0.218
    13.75    55.75    2080     0.282     0.688     0.647     1.259     5.428     4.830     0.663     4.169     4.199     1.052     2.431     0.504
    13.75    55.75    2081     0.366     0.387     0.731     1.548     2.540    10.128     0.639     4.156     6.214     1.846     4.607     0.239
    13.75    55.75    2082     0.355     0.525     1.048     1.478     1.634     4.318    13.931     6.651     9.446     4.280     1.471     0.304
    13.75    55.75    2083     0.324     0.543     0.750     0.721     3.899     0.536     6.032     7.329    10.179     3.758     1.450     0.208
    13.75    55.75    2084     0.287     0.462     0.848     2.511     4.026    10.002    12.301     2.601     0.831     5.782     2.277     0.276
    13.75    55.75    2085     0.295     0.409     0.864     1.576     1.518     8.675     1.142    16.587     5.414     4.260     2.416     0.283
    13.75    55.75    2086     0.370     0.385     0.357     2.104     4.159     0.000     7.180    13.601     3.945     6.799     2.024     0.176
    13.75    55.75    2087     0.225     0.555     0.903     2.672     4.261    10.818     3.082     8.380     9.257     2.782     2.329     0.173
    13.75    55.75    2088     0.284     0.490     1.198     1.353     5.206     0.638     0.414     3.938     6.080     3.514     3.030     0.273
    13.75    55.75    2089     0.193     0.272     0.626     0.616     2.505    12.274     7.961     7.608     2.955     4.499     1.989     0.145
    13.75    55.75    2090     0.190     0.331     0.601     1.151     4.948     5.884     8.074     1.511     4.358     4.168     2.493     0.286
    13.75    55.75    2091     0.278     0.331     0.704     1.687     2.891     2.965    11.666     6.696     3.022     6.980     2.373     0.200
    13.75    55.75    2092     0.188     0.301     0.240     1.563     2.226     0.477     1.005     0.201     5.195     3.869     1.954     0.132
    13.75    55.75    2093     0.194     0.264     0.484     2.155     3.477     1.231     3.572     1.427     4.009     4.615     1.937     0.145
    13.75    55.75    2094     0.171     0.254     0.364     0.902     1.130     8.605     7.582     2.421     4.898     3.697     2.985     0.152
    13.75    55.75    2095     0.124     0.240     0.347     3.092     1.032     0.000     0.939     0.924     3.924     6.027     2.095     0.256
    13.75    55.75    2096     0.137     0.207     0.310     1.718     2.914    13.281     4.834    12.087     8.603     3.297     3.291     0.165
    13.75    55.75    2097     0.192     0.154     0.811     1.883     3.753     2.307     2.718     5.870     3.498     2.810     1.875     0.157
    13.75    55.75    2098     0.151     0.324     0.751     1.154     3.260     2.336     5.859    12.044     5.752     4.150     0.619     0.044
    13.75    55.75    2099     0.128     0.204     0.227     0.324     1.299     2.589     0.308     4.122     0.751     3.273     3.143     0.364
    13.75    55.75    2100     0.135     0.182     0.284     1.188     1.986     3.282     1.903     3.121     4.369     3.836     1.898     0.070
    13.75    55.75    2101     0.159     0.179     0.240     1.206     2.483     2.181     6.997     1.649     4.014     6.041     3.019     0.154
    13.75    55.75    2102     0.119     0.118     0.229     0.202     1.771     2.782     2.374     7.388     3.157     3.514     2.482     0.046
    13.75    55.75    2103     0.129     0.249     0.393     0.423     3.091     0.316     1.204     4.419     4.509     1.550     2.674     0.111
    13.75    55.75    2104     0.093     0.142     0.336     2.158     1.324     3.174    11.642     0.803     2.819     3.237     1.515     0.148
    13.75    55.75    2105     0.121     0.170     0.279     1.494     4.402     5.507     3.354     3.873     4.915     5.342     2.252     0.073
    13.75    55.75    2106     0.092     0.109     0.269     0.527     1.172     1.072     1.017     3.191     5.826     2.655     3.119     0.919
    13.75    55.75    2107     0.097     0.081     0.036     0.391     1.932     0.969    14.184     4.418     3.834     4.555     2.927     0.075
    13.75    55.75    2108     0.088     0.095     0.358     2.735     1.276     7.981     0.000     2.749     3.116     4.477     1.019     0.110
    13.75    55.75    2109     0.072     0.105     0.370     0.347     3.619     7.245     0.408     4.172     8.315     6.447     0.675     0.068
    13.75    55.75    2110     0.048     0.107     0.144     0.367     4.129     3.617     0.501     3.115     3.193     0.802     2.755     0.173
    13.75    55.75    2111     0.049     0.072     0.090     0.683     1.599     7.696     0.461     3.068     4.777     1.362     3.369     0.033
    13.75    55.75    2112     0.021     0.031     0.260     0.826     1.171     3.137    11.149     5.097     6.456     4.936     0.559     0.054
    13.75    55.75    2113     0.011     0.033     0.047     0.192     2.901     0.380     4.463     5.212     4.565     3.063     1.309     0.029
    13.75    55.75    2114     0.000     0.000     0.099     1.698     2.908    10.649     8.904     1.955     0.606     4.188     1.355     0.023
    13.75    55.75    2115     0.000     0.000     0.000     0.557     1.028     6.368     0.847    10.973     4.631     3.515     1.497     0.050
    13.75    55.75    2116     0.003     0.000     0.000     0.723     2.574     0.000     5.447    11.713     3.213     4.520     2.310     0.006
    13.75    55.75    2117     0.000     0.000     0.003     1.681     3.572     8.178     2.285     6.183     5.424     2.040     2.754     0.002
    13.75    55.75    2118     0.000     0.000     0.090     0.671     4.619     0.503     0.318     2.998     4.969     3.028     2.029     0.015
    13.75    55.75    2119     0.000     0.000     0.005     0.202     1.924    10.584     6.578     6.794     2.451     3.919     2.012     0.000
    13.75    55.75    2120     0.000     0.000     0.000     0.366     4.671     5.250     6.629     1.251     3.581     3.706     2.480     0.022
    13.75    55.75    2121     0.000     0.000     0.005     1.003     2.351     2.512     9.229     5.837     2.508     7.681     2.027     0.000
    13.75    55.75    2122     0.000     0.000     0.042     1.193     1.977     0.422     0.867     0.174     5.107     3.429     2.193     0.006
    13.75    55.75    2123     0.000     0.000     0.047     1.511     3.716     1.120     3.244     1.296     3.700     4.645     2.742     0.010
    13.75    55.75    2124     0.000     0.000     0.005     0.334     0.849     7.868     7.006     2.165     4.678     4.819     3.242     0.010
    13.75    55.75    2125     0.000     0.000     0.152     2.318     0.884     0.000     0.806     0.789     3.352     4.638     1.222     0.011
    13.75    55.75    2126     0.000     0.000     0.002     1.295     2.527    11.576     4.219    11.570     7.595     3.492     1.924     0.007
    13.75    55.75    2127     0.000     0.000     0.148     1.837     3.215     1.974     2.300     4.968     3.179     3.648     1.864     0.007
    13.75    55.75    2128     0.000     0.000     0.025     1.672     2.734     1.949     4.875    11.464     4.881     3.475     0.900     0.008
    13.75    55.75    2129     0.000     0.000     0.000     0.019     1.769     2.220     0.267     3.548     0.642     3.193     2.899     0.544
    13.75    55.75    2130     0.000     0.000     0.000     1.028     1.895     3.011     1.749     2.859     4.275     3.596     2.062     0.000
    23.75    61.75    1980     0.161     0.923     2.370     2.796     3.783     7.569     5.614     6.254     5.742     3.365     0.960     0.000
    23.75    61.75    1981     0.220     1.199     2.876     3.139     4.096     3.041     6.923     7.741     4.901     3.391     0.280     0.066
    23.75    61.75    1982     0.130     1.200     3.603     3.701     3.128     5.978     3.435     5.951     7.617     3.428     1.016     0.000
    23.75    61.75    1983     0.061     0.905     2.843     1.941     1.719     3.926     4.704     2.784     3.066     2.187     0.322     0.028
    23.75    61.75    1984     0.301     1.301     2.341     2.227     4.459     3.335    15.001     9.941     6.337     4.150     0.802     0.000
    23.75    61.75    1985     0.858     0.541     1.736     2.996     3.523     6.169    10.828     5.389     7.654     2.570     0.293     0.017
    23.75    61.75    1986     0.072     0.940     1.690     3.578     2.722     5.155     6.636     5.160     4.278     2.932     0.319     0.070
    23.75    61.75    1987     0.049     0.746     1.275     2.551     4.443     8.757     5.346     5.349     5.505     3.427     0.793     0.120
    23.75    61.75    1988     0.160     1.015     3.255     2.476     4.724     5.941     5.273     9.159     6.026     2.244     0.859     0.000
    23.75    61.75    1989     0.186     0.572     2.217     4.032     2.302     5.047     7.323     3.229     5.285     5.595     0.544     0.000
    23.75    61.75    1990     0.160     1.092     1.782     4.346     2.809     4.468     7.030    10.619     7.401     3.305     0.804     0.000
    23.75    61.75    1991     0.177     0.559     2.023     1.881     3.018     2.394     6.043     6.378     5.041     4.236     0.207     0.041
    23.75    61.75    1992     0.139     0.875     2.305     2.398     2.821     6.050    13.914    11.156     3.728     1.539     0.495     0.003
    23.75    61.75    1993     0.250     0.928     2.650     3.883     2.876     1.145    10.331     5.649     6.958     2.483     0.290     0.000
    23.75    61.75    1994     0.303     1.434     1.514     4.705     4.952     7.099     5.050     8.076     6.382     3.725     0.662     0.000
    23.75    61.75    1995     0.155     1.072     2.708     1.940     4.396     5.906    11.288     5.670     3.481     3.812     0.804     0.020
    23.75    61.75    1996     0.011     1.488     2.803     4.683     2.709     1.979     6.990    10.579     3.708     3.409     0.663     0.000
    23.75    61.75    1997     0.051     0.712     1.670     2.393     4.128     0.203     8.962    10.786     4.116     3.239     0.493     0.000
    23.75    61.75    1998     0.553     0.621     2.995     3.333     3.757     5.207     7.516     8.676     5.289     4.077     1.027     0.000
    23.75    61.75    1999     0.171     1.686     1.878     3.849     6.458     4.094     8.120     9.296     4.317     2.681     0.751     0.000
    23.75    61.75    2000     0.121     1.021     2.497     3.045     3.413     1.738    10.097     8.583     4.586     3.396     0.734     0.000
    23.75    61.75    2001     0.064     0.591     2.410     3.168     4.580     2.314     4.828    14.343     4.847     2.416     0.724     0.000
    23.75    61.75    2002     0.091     0.909     1.129     2.978     4.040     7.490     5.227     7.609     6.619     1.587     0.915     0.000
    23.75    61.75    2003     0.076     0.892     1.542     3.166     3.889     3.558     6.207     6.104     7.265     3.020     0.568     0.000
    23.75    61.75    2004     0.264     0.753     2.246     3.258     2.750     5.821    14.935     8.393     4.987     4.697     0.678     0.003
    23.75    61.75    2005     0.242     1.212     2.297     3.472     3.357    13.603     7.425     4.749     7.483     2.341     0.568     0.000
    23.75    61.75    2006     0.319     1.579     1.661     4.992     4.876     2.257     3.649     6.662     6.979     4.303     0.652     0.010
    23.75    61.75    2007     0.315     0.777     2.278     3.771     4.684     9.921     4.558     5.401     6.328     4.152     0.682     0.106
    23.75    61.75    2008     0.110     1.143     2.526     3.133     4.664    11.118     8.635    10.739     7.486     4.192     0.496     0.000
    23.75    61.75    2009     0.297     1.097     1.737     2.418     2.825     3.155    16.003    10.016     6.047     4.631     0.457     0.000
    23.75    61.75    2010     0.148     1.312     2.995     4.273     1.932    10.419     9.559    10.442     4.955     2.484     1.013     0.000
    23.75    61.75    2011     0.538     1.269     2.177     4.003     6.432     7.170     6.075     7.750     6.340     3.965     0.913     0.000
    23.75    61.75    2012     0.115     1.237     1.983     2.142     2.486     3.089     6.436     3.564     4.900     4.321     0.907     0.373
    23.75    61.75    2013     0.494     0.443     1.818     1.544     2.489     6.656     8.633     5.417     7.169     3.429     0.483     0.000
    23.75    61.75    2014     0.298     0.941     2.961     3.739     1.371    13.643     1.686    12.607     7.194     4.506     0.739     0.000
    23.75    61.75    2015     0.075     1.159     2.055     3.064     5.060     4.185     8.370     4.231     3.247     3.829     0.896     0.000
    23.75    61.75    2016     0.148     1.363     2.910     3.685     3.848    10.372     6.728     6.381     7.566     3.601     0.724     0.000
    23.75    61.75    2017     0.203     0.735     1.061     1.675     3.078     2.676     7.520     8.498     5.979     3.024     0.708     0.000
    23.75    61.75    2018     0.101     1.017     3.114     1.138     5.863     7.495     6.674     8.777     4.754     2.919     0.922     0.000
    23.75    61.75    2019     0.135     1.127     1.587     3.349     2.770     9.253     5.754     7.304     7.757     4.605     0.690     0.000
    23.75    61.75    2020     0.105     0.750     2.319     3.702     3.746     5.642    11.876     8.920     5.153     2.931     0.816     0.000
    23.75    61.75    2021     0.055     0.578     2.322     3.589     3.021     6.705     3.504     4.398     6.836     1.228     0.583     0.403
    23.75    61.75    2022     0.102     0.966     2.373     2.004     2.368     2.874     8.366     7.410     5.433     2.603     0.806     0.160
    23.75    61.75    2023     0.130     0.982     2.225     3.398     1.647     7.311     2.315     7.324     5.531     2.835     0.756     0.000
    23.75    61.75    2024     0.132     0.876     1.709     1.516     2.632     3.721     3.618     4.166     5.811     4.635     0.864     0.000
    23.75    61.75    2025     0.059     0.691     1.339     3.285     4.451     5.439     4.606    11.074     3.542     2.799     0.552     0.060
    23.75    61.75    2026     0.147     0.643     2.300     0.367     0.525    10.992     5.541    10.759     6.084     3.567     0.933     0.000
    23.75    61.75    2027     0.069     0.566     1.570     2.607     4.012     5.416     9.484    11.762     4.769     3.278     0.429     0.000
    23.75    61.75    2028     0.106     0.789     2.002     2.361     1.253     3.823     7.458    10.478     2.622     3.271     0.896     0.000
    23.75    61.75    2029     0.239     1.248     1.995     0.763     2.904     4.040     7.851    11.183     9.532     3.016     0.884     0.000
    23.75    61.75    2030     0.199     0.685     1.758     2.385     2.316     2.797     5.590     7.532     3.177     2.650     0.359     0.103
    23.75    61.75    2031     0.067     0.684     1.710     3.091     3.490     6.715    10.150     8.868     4.693     3.432     1.007     0.000
    23.75    61.75    2032     0.072     1.049     1.670     2.460     2.666    10.347     8.378     2.789     6.030     1.663     1.654     0.130
    23.75    61.75    2033     0.177     0.717     2.199     2.572     0.808     4.429     8.013     8.832     3.531     3.559     0.731     0.027
    23.75    61.75    2034     0.137     0.854     1.683     1.804     6.769     4.458     9.487     9.773     6.785     4.088     0.754     0.000
    23.75    61.75    2035     0.183     0.736     0.805     2.003     3.132     4.320     9.781     1.901     5.492     4.306     0.845     0.003
    23.75    61.75    2036     0.167     0.767     1.239     0.864     4.136     7.173     9.289     5.114     4.347     3.171     0.506     0.000
    23.75    61.75    2037     0.521     1.196     1.744     1.376     5.014     5.279    11.493     5.832     4.995     4.080     0.348     0.000
    23.75    61.75    2038     0.140     1.032     2.138     1.442     3.746     2.999     5.155     6.392     4.869     3.624     0.585     0.000
    23.75    61.75    2039     0.195     1.375     1.712     1.435     4.945     3.008    12.831     8.885     8.585     5.483     1.091     0.151
    23.75    61.75    2040     0.509     0.733     0.968     2.961     2.797     7.109    10.484     5.723     1.152     3.662     1.051     0.000
    23.75    61.75    2041     0.129     0.804     1.766     1.944     1.407     4.635    11.022     6.041     2.568     4.201     0.406     0.045
    23.75    61.75    2042     0.137     0.351     1.449     1.028     3.077     3.465     6.174     9.623     4.127     3.754     0.958     0.006
    23.75    61.75    2043     0.216     1.164     1.095     1.619     5.051     4.156     2.803     9.403     1.578     5.095     0.801     0.019
    23.75    61.75    2044     0.084     0.833     1.289     1.152     1.384     1.582     2.763    10.753     7.291     5.350     0.801     0.000
    23.75    61.75    2045     0.224     0.640     1.114     1.594     4.078     5.677    11.018     6.712     7.940     2.773     0.443     0.000
    23.75    61.75    2046     0.071     0.552     1.481     2.006     3.407     3.801    10.766     8.995     6.049     3.048     0.438     0.017
    23.75    61.75    2047     0.075     0.495     1.088     0.741     3.904     8.020     6.601     2.362     3.422     2.206     0.404     0.020
    23.75    61.75    2048     0.104     0.833     1.350     1.934     1.373     3.145    13.514     5.393     3.239     3.511     0.297     0.005
    23.75    61.75    2049     0.066     0.480     0.944     1.398     1.986     5.172     9.734    11.069     5.714     4.794     1.231     0.002
    23.75    61.75    2050     0.114     0.463     1.187     1.465     4.092     3.040     4.627    12.265     4.929     4.379     0.544     0.000
    23.75    61.75    2051     0.045     0.429     1.316     1.015     1.516     4.976    11.909     9.086     4.023     5.809     0.564     0.325
    23.75    61.75    2052     0.039     0.463     1.024     1.317     5.550     3.793     5.526     8.964     3.402     2.901     0.462     0.000
    23.75    61.75    2053     0.089     0.639     1.209     1.099     2.967     7.596     6.721     5.758     3.230     4.381     1.138     0.002
    23.75    61.75    2054     0.098     0.405     1.347     1.253     1.873     6.546     5.726     5.788     4.984     3.578     0.982     0.056
    23.75    61.75    2055     0.058     0.257     0.773     1.000     2.596     3.158     8.212     9.197     4.814     3.359     0.394     0.025
    23.75    61.75    2056     0.386     0.437     1.186     1.250     2.923     1.937     0.859     5.895     4.128     2.046     0.404     0.000
    23.75    61.75    2057     0.605     0.368     1.360     0.701     1.609     2.947    11.015     9.099     3.697     4.462     0.787     0.000
    23.75    61.75    2058     0.047     0.332     0.937     1.791     0.815     6.568     2.333     5.902     6.164     2.055     0.263     0.004
    23.75    61.75    2059     0.075     0.514     0.707     1.191     1.882     5.354     4.671     6.437     6.936     4.379     0.784     0.000
    23.75    61.75    2060     0.042     0.330     0.945     1.337     3.437     4.170     6.950    11.384     2.637     5.413     0.863     0.000
    23.75    61.75    2061     0.027     0.490     1.067     0.988     4.661     6.647     8.821     3.638     4.966     2.946     1.075     0.016
    23.75    61.75    2062     0.314     0.475     0.584     1.078     2.465     4.803     0.545     3.750     3.878     5.887     0.514     0.000
    23.75    61.75    2063     0.062     0.293     0.814     0.551     1.878     5.811     3.622     8.037     3.918     1.931     0.418     0.000
    23.75    61.75    2064     0.080     0.346     0.687     1.417     2.354     2.947     2.315     5.572     3.577     3.158     1.808     0.000
    23.75    61.75    2065     0.070     0.592     0.766     0.482     1.530     2.650     3.701     9.768     3.422     2.391     0.226     0.002
    23.75    61.75    2066     0.032     0.322     0.840     0.529     4.062     3.907     8.263     7.603     2.698     3.523     0.441     0.000
    23.75    61.75    2067     0.082     0.350     0.731     1.433     2.787     2.168     6.946     7.113     3.880     5.004     0.649     0.029
    23.75    61.75    2068     0.052     0.415     0.565     1.161     3.206     2.794     3.038     6.438     3.395     3.838     0.488     0.002
    23.75    61.75    2069     0.026     0.328     0.562     0.452     3.094     5.532     3.911     5.206     4.271     3.417     0.996     0.000
    23.75    61.75    2070     0.052     0.282     0.466     0.662     2.549     4.233     2.180     8.392     2.869     4.070     1.354     0.000
    23.75    61.75    2071     0.010     0.297     0.403     0.598     0.837     4.632    11.589     4.500     6.028     3.383     1.144     0.062
    23.75    61.75    2072     0.036     0.170     0.317     0.027     1.994     2.561    14.609    10.262     4.158     4.716     0.596     0.000
    23.75    61.75    2073     0.039     0.348     0.483     0.046     2.387     1.634     6.220     5.167     5.075     3.050     0.874     0.000
    23.75    61.75    2074     0.031     0.217     0.449     0.667     1.210     3.593     7.483     4.961     4.800     3.604     0.804     0.000
    23.75    61.75    2075     0.034     0.184     0.572     0.354     0.959     8.547     9.635    14.462     4.190     2.898     0.241     0.000
    23.75    61.75    2076     0.063     0.065     0.306     0.147     0.903     3.480     6.897     4.651     1.358     4.044     0.703     0.052
    23.75    61.75    2077     0.021     0.134     0.282     0.317     2.075     4.834     8.853     7.849     4.938     4.457     0.654     0.000
    23.75    61.75    2078     0.047     0.157     0.346     0.377     1.748     8.947     5.338     9.065     3.726     3.844     1.295     0.000
    23.75    61.75    2079     0.008     0.093     0.242     0.208     0.749     2.804     6.579     5.822     3.368     3.172     1.039     0.002
    23.75    61.75    2080     0.006     0.085     0.072     0.268     3.930     4.439     2.244     6.301     3.882     1.610     0.871     0.000
    23.75    61.75    2081     0.008     0.049     0.118     0.134     2.170     2.281     6.132     3.357     2.618     3.564     0.687     0.000
    23.75    61.75    2082     0.007     0.037     0.096     0.255     3.162     0.333     7.710     6.808     6.162     2.465     0.799     0.000
    23.75    61.75    2083     0.009     0.038     0.094     0.090     0.970     3.398    10.073     4.426     5.001     2.702     0.782     0.001
    23.75    61.75    2084     0.006     0.036     0.620     1.334     3.536     4.100     0.932     7.233     1.827     3.456     0.766     0.000
    23.75    61.75    2085     0.002     0.019     0.070     0.470     1.356     1.300     1.358     7.698     1.064     3.138     0.938     0.025
    23.75    61.75    2086     0.006     0.059     0.057     0.090     0.300     3.750     1.105     2.425     2.930     4.587     0.886     0.016
    23.75    61.75    2087     0.006     0.026     0.035     0.250     2.431     5.122    13.748     6.630     5.345     2.994     0.636     0.000
    23.75    61.75    2088     0.002     0.012     0.047     0.027     0.643     3.399     4.131     5.066     6.704     2.743     0.783     0.001
    23.75    61.75    2089     0.001     0.011     0.075     0.181     0.174     1.306     2.531     5.880     4.303     3.275     0.767     0.000
    23.75    61.75    2090     0.000     0.000     0.000     0.000     1.875     3.234     4.621     5.707     7.123     3.715     1.066     0.000
    23.75    61.75    2091     0.000     0.000     0.000     0.072     1.812     3.884     3.083     5.313     1.311     4.054     0.201     0.000
    23.75    61.75    2092     0.000     0.000     0.000     0.004     0.517     1.758     2.289     1.002     1.846     2.653     1.084     0.000
    23.75    61.75    2093     0.000     0.000     0.000     0.169     1.440     4.306     0.712     7.455     3.495     3.213     0.919     0.000
    23.75    61.75    2094     0.000     0.000     0.000     0.006     0.998     6.181     5.352     7.592     4.499     2.861     0.800     0.000
    23.75    61.75    2095     0.001     0.001     0.017     1.000     1.763     3.580     1.287     5.818     4.910     3.925     0.604     0.000
    23.75    61.75    2096     0.000     0.000     0.000     0.054     2.814     4.458     2.635     5.132     3.447     4.300     0.549     0.000
    23.75    61.75    2097     0.001     0.011     0.040     0.248     2.413     3.444    10.022     5.451     2.705     1.549     0.879     0.000
    23.75    61.75    2098     0.000     0.000     0.000     0.011     1.310     2.344     6.784     7.882     3.559     3.147     0.855     0.000
    23.75    61.75    2099     0.000     0.000     0.000     0.003     1.344     2.538     4.154     2.435     3.727     2.790     0.613     0.000
    23.75    61.75    2100     0.000     0.000     0.000     0.070     2.628     4.569     5.664     2.904     3.932     3.631     0.218     0.000
    23.75    61.75    2101     0.000     0.000     0.000     0.218     0.683     4.169    10.228     3.910     5.629     3.112     0.777     0.001
    23.75    61.75    2102     0.000     0.000     0.000     0.003     1.182     2.144    13.066     8.696     3.440     4.584     0.468     0.000
    23.75    61.75    2103     0.000     0.014     0.043     0.029     2.003     1.368     5.231     4.395     4.389     3.170     0.823     0.000
    23.75    61.75    2104     0.000     0.000     0.015     0.105     0.943     2.975     6.210     4.117     4.341     3.314     0.975     0.000
    23.75    61.75    2105     0.000     0.000     0.000     0.239     0.681     7.114     8.154    11.508     3.175     2.600     0.000     0.000
    23.75    61.75    2106     0.000     0.000     0.000     0.000     0.817     3.228     5.733     3.872     1.129     3.752     0.514     0.000
    23.75    61.75    2107     0.000     0.000     0.000     0.007     1.696     4.278     7.818     6.158     3.957     5.140     0.852     0.000
    23.75    61.75    2108     0.000     0.000     0.380     0.260     1.442     8.466     4.771     8.717     3.374     4.566     0.911     0.000
    23.75    61.75    2109     0.000     0.000     0.000     0.026     0.743     2.698     6.305     5.830     3.256     3.532     1.304     0.000
    23.75    61.75    2110     0.000     0.000     0.000     0.000     4.603     4.220     2.132     6.390     3.114     1.558     1.086     0.000
    23.75    61.75    2111     0.000     0.000     0.000     0.072     1.762     2.279     6.129     3.358     2.619     3.051     0.546     0.000
    23.75    61.75    2112     0.000     0.000     0.008     0.353     2.972     0.326     7.612     7.430     4.550     2.794     0.489     0.000
    23.75    61.75    2113     0.000     0.000     0.000     0.025     0.771     3.314     9.086     4.327     4.799     2.694     0.869     0.000
    23.75    61.75    2114     0.000     0.000     0.207     1.293     3.269     3.824     0.864     7.332     1.703     3.170     1.175     0.000
    23.75    61.75    2115     0.000     0.000     0.000     0.062     0.941     1.221     1.275     7.286     1.001     3.169     1.483     0.013
    23.75    61.75    2116     0.000     0.000     0.000     0.002     0.238     3.471     1.035     2.256     2.737     5.354     0.671     0.000
    23.75    61.75    2117     0.000     0.000     0.000     0.167     2.550     4.944    12.745     6.394     5.188     3.532     0.834     0.000
    23.75    61.75    2118     0.000     0.000     0.000     0.000     0.399     3.311     4.015     4.926     6.444     2.919     0.679     0.000
    23.75    61.75    2119     0.001     0.018     0.085     0.095     0.202     1.275     2.466     5.740     4.179     2.683     0.925     0.000
    23.75    61.75    2120     0.000     0.000     0.000     0.000     1.568     3.294     4.703     5.810     7.474     3.414     0.685     0.000
    23.75    61.75    2121     0.000     0.000     0.000     0.051     1.465     4.194     3.337     5.766     1.425     4.773     0.425     0.000
    23.75    61.75    2122     0.000     0.000     0.000     0.004     0.649     1.915     2.502     1.097     2.017     3.132     1.987     0.001
    23.75    61.75    2123     0.000     0.000     0.000     0.269     1.594     4.428     0.743     7.736     3.627     3.784     0.385     0.000
    23.75    61.75    2124     0.000     0.000     0.000     0.037     0.859     5.642     5.421     7.609     5.716     1.936     0.937     0.000
    23.75    61.75    2125     0.000     0.000     0.015     0.829     1.804     3.563     1.274     5.797     5.470     4.147     0.803     0.000
    23.75    61.75    2126     0.000     0.000     0.001     0.035     2.029     4.457     2.637     5.138     3.448     4.005     1.123     0.000
    23.75    61.75    2127     0.002     0.005     0.052     0.130     2.391     3.388     9.872     5.508     2.660     1.523     0.591     0.000
    23.75    61.75    2128     0.000     0.000     0.000     0.010     1.293     2.319     6.701     7.759     3.517     2.435     1.093     0.000
    23.75    61.75    2129     0.000     0.000     0.000     0.003     0.935     2.507     4.103     2.406     3.769     2.550     0.712     0.000
    23.75    61.75    2130     0.000     0.000     0.000     0.060     3.005     4.464     5.533     2.837     3.846     2.567     0.126     0.000
    21.75    39.75    1980     1.685     2.049     1.240     1.983     1.246     1.149     2.120     0.330     0.228     0.992     2.135     0.787
    21.75    39.75    1981     0.570     0.922     0.559     0.799     1.085     0.179     0.153     0.000     0.456     2.253     0.424     1.413
    21.75    39.75    1982     0.351     0.211     0.530     1.255     0.098     0.077     0.251     0.432     0.281     1.580     0.523     0.990
    21.75    39.75    1983     0.551     0.467     3.025     0.959     0.575     0.907     0.477     0.428     0.842     0.791     1.479     1.598
    21.75    39.75    1984     0.449     0.444     1.081     0.735     4.013     0.542     0.053     0.123     1.329     0.908     2.883     4.037
    21.75    39.75    1985     1.685     2.132     1.156     0.521     0.141     0.639     0.968     0.044     0.388     0.369     2.583     2.652
    21.75    39.75    1986     1.823     1.960     2.575     2.540     0.660     1.836     1.195     0.915     2.131     1.200     0.718     1.096
    21.75    39.75    1987     2.885     2.324     3.214     3.339     4.509     1.890     1.118     1.136     1.586     3.184     3.075     1.925
    21.75    39.75    1988     1.205     0.626     3.405     2.309     1.972     3.919     1.734     0.159     0.817     6.480     2.659     3.459
    21.75    39.75    1989     2.597     2.343     5.155     1.159     2.864     1.431     1.158     0.133     1.086     0.264     6.384     1.813
    21.75    39.75    1990     0.507     1.318     1.722     1.032     2.623     0.208     0.402     0.396     0.296     2.948     1.516     0.931
    21.75    39.75    1991     0.414     1.111     0.609     1.553     2.324     1.227     0.889     0.063     0.241     0.339     4.487     0.774
    21.75    39.75    1992     0.366     1.148     1.562     1.211     0.163     0.100     0.367     0.445     3.252     2.564     1.569     1.454
    21.75    39.75    1993     1.058     0.786     1.020     1.643     0.797     1.142     0.096     0.522     0.285     1.012     4.649     2.584
    21.75    39.75    1994     0.892     0.676     1.097     2.338     0.757     0.525     0.137     0.289     1.242     1.890     0.532     1.538
    21.75    39.75    1995     1.869     1.138     1.834     1.448     1.362     2.041     1.012     0.536     0.412     2.417     4.022     1.956
    21.75    39.75    1996     0.586     1.646     1.730     5.379     0.791     0.930     0.412     2.523     0.217     0.648     1.319     1.343
    21.75    39.75    1997     2.240     1.721     1.482     1.275     0.968     1.562     0.961     1.637     1.950     0.642     1.476     1.726
    21.75    39.75    1998     0.840     1.837     0.995     0.827     0.400     1.408     2.030     1.786     0.488     2.599     0.907     2.133
    21.75    39.75    1999     0.946     1.174     0.749     0.389     0.779     1.033     0.156     0.137     1.149     2.096     1.631     1.820
    21.75    39.75    2000     0.822     0.261     1.732     1.124     0.337     0.941     0.107     0.314     2.577     0.358     0.711     1.774
    21.75    39.75    2001     1.106     1.843     3.771     0.333     0.764     0.747     0.595     0.233     0.081     2.202     2.130     1.637
    21.75    39.75    2002     1.272     0.179     0.539     0.358     0.411     0.591     0.151     0.194     0.000     2.226     1.131     0.914
    21.75    39.75    2003     0.656     1.578     1.894     0.572     1.411     0.653     0.276     0.927     0.206     0.993     1.378     0.809
    21.75    39.75    2004     1.241     2.083     2.412     0.669     0.411     0.049     0.124     0.175     0.838     0.045     1.520     1.515
    21.75    39.75    2005     0.929     0.666     0.676     0.083     4.217     0.606     0.309     0.041     2.394     1.017     0.572     1.511
    21.75    39.75    2006     1.472     0.602     1.051     2.716     0.537     1.428     1.048     2.539     0.957     1.159     3.151     0.927
    21.75    39.75    2007     0.763     0.440     1.537     0.984     2.122     0.139     1.282     0.052     0.238     1.600     2.785     1.727
    21.75    39.75    2008     1.025     2.306     2.931     3.028     1.415     0.345     0.840     0.156     0.287     0.041     0.775     2.074
    21.75    39.75    2009     1.073     0.977     3.361     0.851     2.196     0.168     0.035     0.108     0.080     1.699     1.484     2.214
    21.75    39.75    2010     1.106     0.212     0.268     0.236     1.361     0.000     0.666     0.000     0.269     0.000     0.950     2.683
    21.75    39.75    2011     0.293     1.067     0.735     0.159     0.576     0.114     0.146     0.119     0.496     0.086     0.951     0.658
    21.75    39.75    2012     1.381     0.634     0.655     0.554     0.700     0.085     0.128     0.164     0.020     0.238     3.320     2.434
    21.75    39.75    2013     0.611     0.828     0.461     0.633     0.907     0.300     0.347     0.140     1.099     0.976     1.153     1.794
    21.75    39.75    2014     0.413     0.757     0.156     0.972     0.906     0.180     0.289     0.895     2.612     0.873     1.816     3.760
    21.75    39.75    2015     1.348     0.776     0.096     1.367     0.628     0.082     0.594     2.745     0.786     0.870     3.165     1.494
    21.75    39.75    2016     0.753     0.263     0.727     3.225     1.667     0.385     1.858     0.000     0.000     1.382     2.906     1.703
    21.75    39.75    2017     1.070     1.361     0.520     2.562     0.156     0.917     0.371     0.646     2.817     0.393     0.268     1.836
    21.75    39.75    2018     0.754     0.375     1.078     0.265     0.065     1.038     0.084     0.098     3.059     0.631     0.117     1.966
    21.75    39.75    2019     1.043     0.694     1.093     0.493     0.115     0.311     0.254     0.040     0.130     0.261     2.134     1.936
    21.75    39.75    2020     0.702     0.626     1.157     0.000     0.556     0.341     0.247     0.101     0.885     0.474     2.249     1.166
    21.75    39.75    2021     0.569     1.067     0.477     0.183     0.976     0.494     0.729     0.297     1.140     0.596     1.568     1.561
    21.75    39.75    2022     1.772     0.858     2.508     2.377     0.887     0.107     0.206     0.267     0.591     2.253     0.811     0.511
    21.75    39.75    2023     1.807     1.205     1.930     3.936     1.509     1.293     0.708     0.137     1.078     2.024     2.608     1.582
    21.75    39.75    2024     0.800     1.687     3.081     5.164     2.316     1.157     0.377     0.611     3.403     1.861     1.052     3.808
    21.75    39.75    2025     1.658     2.693     2.875     4.771     0.112     0.000     0.059     0.666     0.276     0.896     3.706     3.385
    21.75    39.75    2026     1.321     0.279     2.464     2.295     3.788     0.954     0.447     0.000     0.838     0.276     3.356     0.869
    21.75    39.75    2027     2.209     1.358     2.899     0.594     0.267     0.892     0.121     0.115     2.025     3.254     2.831     4.460
    21.75    39.75    2028     0.740     1.381     2.204     2.397     3.009     1.294     0.935     0.059     0.772     0.752     1.230     1.049
    21.75    39.75    2029     0.142     3.256     0.995     1.279     0.163     0.931     0.136     0.139     0.955     2.868     3.867     2.509
    21.75    39.75    2030     0.791     0.278     1.232     2.306     0.902     0.225     0.433     0.029     0.645     0.495     0.142     0.950
    21.75    39.75    2031     0.642     0.042     0.609     0.000     0.889     0.089     0.000     0.105     0.173     2.563     0.000     2.470
    21.75    39.75    2032     0.576     0.415     2.568     1.584     0.165     0.043     0.030     2.715     0.026     0.151     0.825     0.960
    21.75    39.75    2033     1.465     2.469     3.302     2.050     1.959     0.633     1.231     0.844     0.122     0.391     0.595     0.644
    21.75    39.75    2034     1.024     1.558     3.722     2.019     2.040     0.457     0.309     0.154     0.000     0.677     1.706     4.027
    21.75    39.75    2035     0.537     0.467     1.309     0.430     0.909     0.052     0.239     0.093     1.563     0.570     0.552     1.705
    21.75    39.75    2036     1.463     0.425     0.819     0.438     0.185     0.129     0.425     1.508     0.719     0.163     0.232     1.154
    21.75    39.75    2037     0.360     0.000     0.231     0.996     0.253     0.042     0.039     0.450     0.046     0.808     0.489     0.886
    21.75    39.75    2038     0.037     0.121     0.135     0.079     0.017     0.031     0.214     0.018     0.179     0.201     0.119     0.685
    21.75    39.75    2039     0.061     0.424     1.317     0.475     0.020     0.213     0.030     0.000     0.000     0.318     0.898     2.334
    21.75    39.75    2040     1.829     0.641     0.974     0.863     0.377     0.087     0.147     0.021     0.222     1.509     0.621     2.912
    21.75    39.75    2041     0.278     0.270     3.209     1.026     1.027     1.398     0.195     0.000     0.179     0.000     0.889     3.074
    21.75    39.75    2042     1.428     0.429     1.981     1.809     0.089     0.540     0.334     0.000     0.274     0.322     1.379     3.404
    21.75    39.75    2043     0.333     0.178     0.676     0.398     1.174     0.092     1.834     0.101     0.435     2.677     1.364     3.449
    21.75    39.75    2044     0.375     2.461     3.187     0.822     0.604     1.025     1.213     0.436     0.020     0.366     2.446     2.357
    21.75    39.75    2045     0.531     0.944     1.300     0.245     0.459     0.105     0.217     0.228     0.315     0.643     2.525     3.122
    21.75    39.75    2046     0.224     0.809     0.477     0.391     0.061     0.032     0.055     0.051     0.886     1.722     0.464     0.879
    21.75    39.75    2047     1.946     0.097     1.376     0.783     0.665     0.975     0.260     0.000     0.672     2.572     0.958     3.414
    21.75    39.75    2048     0.114     0.317     1.441     0.105     0.821     1.019     0.076     0.079     0.000     0.621     0.816     1.487
    21.75    39.75    2049     0.166     0.625     0.000     2.226     0.029     0.020     0.333     0.272     0.110     0.388     2.916     0.217
    21.75    39.75    2050     0.277     0.240     0.253     0.545     0.292     0.000     0.357     0.047     0.000     0.304     1.077     0.611
    21.75    39.75    2051     0.463     0.212     0.362     0.990     0.122     0.347     0.014     0.048     0.035     0.299     1.299     1.396
    21.75    39.75    2052     0.314     0.364     0.543     0.076     0.297     0.123     0.153     0.076     1.136     0.589     4.218     0.906
    21.75    39.75    2053     0.059     0.105     0.905     0.237     0.315     0.040     0.642     0.265     0.543     0.064     0.185     0.545
    21.75    39.75    2054     0.126     0.119     0.591     0.453     0.046     0.525     0.193     0.316     0.297     0.823     0.623     0.434
    21.75    39.75    2055     0.767     0.657     0.102     0.205     0.047     0.041     0.380     0.125     0.000     1.239     0.343     0.683
    21.75    39.75    2056     0.157     0.341     1.162     0.149     0.332     0.174     0.239     0.088     0.369     0.132     0.404     1.189
    21.75    39.75    2057     0.336     0.473     0.070     1.078     1.419     0.109     0.328     0.136     1.814     0.182     0.009     1.616
    21.75    39.75    2058     1.077     0.381     1.894     1.363     0.512     0.268     0.924     0.221     0.075     0.780     0.198     0.972
    21.75    39.75    2059     0.276     1.159     0.911     1.002     0.581     0.098     0.081     0.000     0.333     0.009     2.342     2.231
    21.75    39.75    2060     0.423     0.371     0.920     0.400     0.377     0.083     0.245     0.138     0.778     0.481     0.781     1.861
    21.75    39.75    2061     0.179     0.043     0.081     0.124     0.053     0.195     0.052     0.168     0.096     3.231     2.519     3.197
    21.75    39.75    2062     0.068     0.155     0.088     0.523     0.190     0.250     0.041     0.180     0.511     0.154     1.188     0.676
    21.75    39.75    2063     0.694     0.052     1.390     0.405     0.731     0.198     0.113     0.044     2.147     0.871     2.933     0.634
    21.75    39.75    2064     0.149     0.531     1.085     1.176     0.455     0.501     0.711     1.306     2.663     2.013     2.031     2.047
    21.75    39.75    2065     0.530     0.078     0.238     0.483     0.876     1.063     1.435     0.047     1.577     0.853     0.901     2.546
    21.75    39.75    2066     1.348     0.500     0.572     1.479     0.048     0.041     0.402     0.189     0.420     2.233     1.158     0.906
    21.75    39.75    2067     0.279     1.322     1.664     1.470     0.051     0.115     0.027     0.066     0.494     0.317     2.271     1.207
    21.75    39.75    2068     0.205     0.482     0.337     0.058     0.250     0.027     0.358     0.188     0.128     0.259     0.610     2.444
    21.75    39.75    2069     0.492     0.287     0.532     1.804     0.045     0.192     0.445     0.121     0.119     0.213     0.464     1.014
    21.75    39.75    2070     1.099     0.489     1.935     0.084     0.000     0.387     0.081     0.232     0.053     1.840     0.179     0.650
    21.75    39.75    2071     0.074     0.344     0.699     1.162     0.029     0.130     0.031     0.679     0.020     0.142     0.443     1.057
    21.75    39.75    2072     0.362     0.481     1.497     3.191     0.554     0.123     0.029     0.050     0.380     0.734     3.646     1.934
    21.75    39.75    2073     0.317     1.001     3.144     2.833     0.778     0.163     0.029     0.000     0.034     0.014     2.112     3.471
    21.75    39.75    2074     0.487     0.506     1.795     0.319     0.198     0.057     0.067     0.052     0.006     0.024     3.080     1.629
    21.75    39.75    2075     0.401     0.374     0.811     0.555     0.368     0.277     0.213     0.015     0.074     0.262     1.034     1.694
    21.75    39.75    2076     0.337     0.393     1.517     1.583     0.280     0.149     0.116     0.387     0.091     2.398     0.577     0.570
    21.75    39.75    2077     0.160     0.870     0.774     0.795     0.000     0.201     0.215     0.117     0.173     0.024     1.475     2.361
    21.75    39.75    2078     0.586     0.147     0.010     0.098     1.061     0.040     0.276     0.079     0.000     0.074     0.553     0.771
    21.75    39.75    2079     0.115     0.706     0.307     0.286     0.000     0.051     0.159     0.056     0.101     0.216     0.447     1.078
    21.75    39.75    2080     0.689     0.204     0.685     0.119     0.027     0.003     0.013     0.702     0.000     0.861     0.777     1.181
    21.75    39.75    2081     0.664     0.160     0.339     0.781     0.403     0.273     0.160     0.114     0.025     0.320     0.780     0.846
    21.75    39.75    2082     0.817     0.426     0.122     0.407     1.307     0.039     0.169     0.033     0.111     0.341     0.193     1.742
    21.75    39.75    2083     0.114     0.463     0.447     0.204     0.042     0.030     0.006     0.457     0.002     0.073     1.492     1.163
    21.75    39.75    2084     0.478     0.971     0.488     1.113     0.227     0.000     0.104     0.000     0.356     0.872     1.451     1.311
    21.75    39.75    2085     1.735     0.023     0.691     0.000     0.304     0.809     0.902     0.099     2.183     0.397     0.815     1.879
    21.75    39.75    2086     0.835     1.553     1.788     0.583     0.000     0.532     0.034     0.000     0.364     0.032     0.629     1.282
    21.75    39.75    2087     0.185     1.017     2.532     0.287     0.540     0.270     0.030     0.512     0.178     0.431     4.691     1.456
    21.75    39.75    2088     0.468     0.579     0.448     0.865     0.025     0.194     0.010     0.027     0.761     0.894     2.404     0.298
    21.75    39.75    2089     0.153     1.025     2.714     0.696     0.516     0.063     0.019     0.108     1.699     0.477     2.521     0.977
    21.75    39.75    2090     0.061     0.458     1.960     2.996     0.084     0.020     0.287     1.468     0.633     0.000     2.637     0.718
    21.75    39.75    2091     0.352     0.742     1.867     0.837     0.140     0.781     0.271     0.000     0.019     0.636     2.035     1.281
    21.75    39.75    2092     0.223     0.150     0.988     0.382     1.628     0.547     0.535     0.057     0.053     2.227     2.540     2.649
    21.75    39.75    2093     0.155     0.735     2.814     0.366     1.346     0.490     0.604     0.283     0.032     0.413     1.944     1.537
    21.75    39.75    2094     0.485     1.829     1.026     1.228     0.071     0.000     0.014     0.014     0.166     1.568     0.075     1.828
    21.75    39.75    2095     0.236     0.731     1.219     1.992     2.892     1.060     0.091     0.351     0.136     2.009     0.388     0.836
    21.75    39.75    2096     1.948     2.405     1.769     0.057     0.000     0.000     0.219     0.288     1.331     0.000     1.411     1.617
    21.75    39.75    2097     0.108     0.307     0.121     0.139     0.013     0.000     0.008     0.026     0.124     0.554     1.286     1.519
    21.75    39.75    2098     0.244     0.601     0.519     0.600     0.075     0.005     0.005     0.000     0.003     0.212     1.203     0.654
    21.75    39.75    2099     1.040     0.670     2.116     0.549     0.024     0.043     0.733     0.016     0.000     0.606     0.709     3.811
    21.75    39.75    2100     0.567     1.651     0.468     0.037     0.054     0.001     0.046     0.002     0.001     0.062     2.115     4.635
    21.75    39.75    2101     0.050     0.264     0.499     0.907     0.004     0.068     0.005     0.060     0.049     0.149     0.396     0.839
    21.75    39.75    2102     1.217     0.965     2.873     6.449     1.380     0.325     0.011     0.015     0.425     1.533     6.620     4.246
    21.75    39.75    2103     0.472     1.017     3.388     3.055     1.016     0.315     0.034     0.000     0.302     0.002     2.297     3.708
    21.75    39.75    2104     0.474     0.478     1.802     0.343     0.155     0.207     0.252     0.073     0.043     0.014     3.358     1.810
    21.75    39.75    2105     0.517     0.379     0.927     0.695     0.502     0.271     0.082     0.014     0.093     0.459     1.276     2.113
    21.75    39.75    2106     0.561     0.470     1.790     1.868     0.215     0.098     0.126     0.433     0.042     3.422     0.811     0.927
    21.75    39.75    2107     0.240     1.350     0.964     0.896     0.000     0.136     0.404     0.058     0.102     0.008     2.156     3.110
    21.75    39.75    2108     0.716     0.181     0.025     0.299     1.292     0.057     0.212     0.189     0.000     0.283     0.656     0.856
    21.75    39.75    2109     0.211     0.808     0.366     0.350     0.000     0.128     0.261     0.113     0.145     0.242     0.541     1.265
    21.75    39.75    2110     0.073     0.201     0.814     0.086     0.071     0.028     0.072     0.985     0.000     1.134     0.769     1.163
    21.75    39.75    2111     0.204     0.256     0.474     1.193     0.781     0.643     0.115     0.485     0.071     0.492     0.655     0.812
    21.75    39.75    2112     0.424     0.309     0.205     0.631     1.316     0.155     0.097     0.197     0.083     0.361     0.296     1.682
    21.75    39.75    2113     0.107     0.472     0.446     0.192     0.034     0.009     0.003     0.267     0.001     0.101     1.740     1.258
    21.75    39.75    2114     1.143     1.396     0.614     1.280     0.071     0.000     0.558     0.000     0.808     1.027     1.833     1.652
    21.75    39.75    2115     0.346     0.007     0.561     0.000     0.461     0.847     0.215     0.142     1.869     0.245     0.964     1.971
    21.75    39.75    2116     0.514     1.344     1.915     0.647     0.000     0.616     0.064     0.000     0.666     0.017     0.585     1.194
    21.75    39.75    2117     0.229     1.273     3.036     0.420     0.851     0.330     0.043     0.512     0.231     0.534     4.691     1.450
    21.75    39.75    2118     0.300     0.598     0.508     1.177     0.035     0.261     0.014     0.038     0.532     1.068     2.405     0.299
    21.75    39.75    2119     0.242     1.137     3.240     1.090     0.728     0.127     0.025     0.083     2.198     0.482     2.589     1.002
    21.75    39.75    2120     0.040     0.415     2.138     3.291     0.097     0.025     0.300     0.916     0.674     0.000     2.574     0.719
    21.75    39.75    2121     0.952     0.863     2.150     0.848     0.131     0.669     0.343     0.000     0.012     0.710     2.631     1.389
    21.75    39.75    2122     0.096     0.142     1.001     0.419     1.467     0.741     0.387     0.086     0.062     2.232     2.480     2.551
    21.75    39.75    2123     0.159     0.533     2.905     0.467     1.120     0.537     0.380     0.389     0.070     0.271     1.671     1.299
    21.75    39.75    2124     0.447     2.025     1.242     1.551     0.123     0.000     0.022     0.023     0.212     1.479     0.077     1.888
    21.75    39.75    2125     0.151     0.575     1.359     2.236     3.159     1.852     0.081     0.714     0.155     1.986     0.369     0.791
    21.75    39.75    2126     1.406     2.132     1.813     0.055     0.000     0.000     0.630     0.455     0.370     0.000     1.181     1.420
    21.75    39.75    2127     0.071     0.366     0.181     0.232     0.022     0.000     0.012     0.023     0.095     0.597     1.285     1.507
    21.75    39.75    2128     0.217     0.535     0.508     0.588     0.088     0.025     0.001     0.000     0.001     0.198     1.186     0.640
    21.75    39.75    2129     0.812     1.078     2.445     0.722     0.024     0.376     0.662     0.168     0.000     0.882     0.520     4.399
    21.75    39.75    2130     0.483     1.706     0.449     0.118     0.017     0.001     0.017     0.001     0.001     0.048     2.040     4.773
