      Lon      Lat    Year       Jan       Feb       Mar       Apr       May       Jun       Jul       Aug       Sep       Oct       Nov       Dec
     9.75    49.75    1980    -0.276    -0.257    -0.173    -0.156    -0.168    -0.177    -0.198    -0.249    -0.276    -0.303    -0.293    -0.234
     9.75    49.75    1981    -0.179    -0.164    -0.155    -0.155    -0.172    -0.266    -0.560    -1.127    -1.195    -1.015    -0.711    -0.430
     9.75    49.75    1982    -0.263    -0.166    -0.154    -0.154    -0.166    -0.242    -0.387    -0.520    -0.473    -0.450    -0.361    -0.234
     9.75    49.75    1983    -0.191    -0.155    -0.154    -0.161    -0.186    -0.219    -0.256    -0.373    -0.677    -0.927    -0.683    -0.313
     9.75    49.75    1984    -0.209    -0.179    -0.161    -0.155    -0.161    -0.169    -0.213    -0.333    -0.468    -0.616    -0.563    -0.339
     9.75    49.75    1985    -0.263    -0.182    -0.155    -0.154    -0.166    -0.207    -0.283    -0.387    -0.441    -0.432    -0.303    -0.244
     9.75    49.75    1986    -0.244    -0.242    -0.223    -0.156    -0.165    -0.235    -0.396    -0.782    -1.093    -0.767    -0.374    -0.228
     9.75    49.75    1987    -0.199    -0.198    -0.157    -0.154    -0.159    -0.164    -0.180    -0.264    -0.294    -0.254    -0.226    -0.185
     9.75    49.75    1988    -0.163    -0.155    -0.154    -0.161    -0.201    -0.295    -0.560    -1.267    -1.842    -2.171    -2.165    -1.588
     9.75    49.75    1989    -0.952    -0.795    -0.244    -0.157    -0.158    -0.176    -0.247    -0.418    -0.587    -0.643    -0.471    -0.304
     9.75    49.75    1990    -0.223    -0.179    -0.157    -0.153    -0.163    -0.196    -0.260    -0.422    -0.724    -1.002    -0.968    -0.607
     9.75    49.75    1991    -0.365    -0.227    -0.170    -0.161    -0.185    -0.199    -0.291    -0.570    -0.993    -1.285    -1.133    -0.476
     9.75    49.75    1992    -0.221    -0.173    -0.154    -0.154    -0.171    -0.217    -0.272    -0.470    -0.788    -0.998    -0.846    -0.592
     9.75    49.75    1993    -0.587    -0.567    -0.216    -0.155    -0.175    -0.235    -0.373    -0.758    -0.748    -0.426    -0.343    -0.279
     9.75    49.75    1994    -0.212    -0.163    -0.153    -0.154    -0.176    -0.252    -0.486    -1.078    -1.446    -1.694    -1.289    -0.644
     9.75    49.75    1995    -0.428    -0.425    -0.248    -0.154    -0.158    -0.196    -0.307    -0.341    -0.396    -0.468    -0.347    -0.208
     9.75    49.75    1996    -0.173    -0.162    -0.153    -0.155    -0.177    -0.253    -0.403    -0.576    -0.710    -0.711    -0.414    -0.288
     9.75    49.75    1997    -0.237    -0.236    -0.180    -0.159    -0.165    -0.178    -0.201    -0.282    -0.338    -0.337    -0.273    -0.196
     9.75    49.75    1998    -0.168    -0.158    -0.154    -0.159    -0.194    -0.240    -0.404    -0.887    -1.117    -1.108    -0.972    -0.572
     9.75    49.75    1999    -0.320    -0.202    -0.172    -0.163    -0.205    -0.268    -0.490    -1.085    -1.745    -2.092    -1.779    -1.049
     9.75    49.75    2000    -0.507    -0.289    -0.222    -0.215    -0.319    -0.631    -1.084    -1.657    -1.862    -1.872    -1.191    -0.701
     9.75    49.75    2001    -0.515    -0.400    -0.266    -0.176    -0.197    -0.223    -0.375    -0.576    -0.957    -1.146    -0.968    -0.495
     9.75    49.75    2002    -0.248    -0.183    -0.161    -0.162    -0.159    -0.216    -0.423    -0.929    -1.178    -1.205    -1.139    -0.842
     9.75    49.75    2003    -0.480    -0.470    -0.263    -0.181    -0.187    -0.253    -0.349    -0.466    -0.549    -0.617    -0.532    -0.292
     9.75    49.75    2004    -0.202    -0.175    -0.157    -0.156    -0.159    -0.173    -0.239    -0.369    -0.519    -0.564    -0.452    -0.272
     9.75    49.75    2005    -0.225    -0.184    -0.155    -0.156    -0.174    -0.216    -0.343    -0.681    -1.125    -1.404    -0.954    -0.349
     9.75    49.75    2006    -0.225    -0.198    -0.154    -0.155    -0.168    -0.223    -0.262    -0.393    -0.810    -1.235    -1.012    -0.566
     9.75    49.75    2007    -0.300    -0.202    -0.168    -0.171    -0.211    -0.320    -0.710    -1.299    -1.940    -2.219    -1.746    -0.888
     9.75    49.75    2008    -0.413    -0.279    -0.193    -0.191    -0.240    -0.377    -0.841    -1.425    -1.671    -1.874    -1.475    -0.737
     9.75    49.75    2009    -0.314    -0.202    -0.157    -0.158    -0.172    -0.226    -0.404    -0.877    -1.501    -1.796    -1.244    -0.628
     9.75    49.75    2010    -0.360    -0.195    -0.158    -0.154    -0.161    -0.210    -0.312    -0.696    -1.165    -1.404    -1.196    -0.562
     9.75    49.75    2011    -0.274    -0.163    -0.154    -0.155    -0.156    -0.158    -0.172    -0.221    -0.262    -0.273    -0.233    -0.185
     9.75    49.75    2012    -0.159    -0.155    -0.154    -0.155    -0.178    -0.275    -0.543    -1.018    -1.089    -1.168    -1.067    -0.674
     9.75    49.75    2013    -0.421    -0.252    -0.205    -0.244    -0.363    -0.610    -1.225    -1.782    -1.899    -1.847    -1.151    -0.574
     9.75    49.75    2014    -0.304    -0.195    -0.166    -0.160    -0.172    -0.254    -0.419    -0.493    -0.683    -0.842    -0.649    -0.448
     9.75    49.75    2015    -0.409    -0.207    -0.155    -0.156    -0.171    -0.232    -0.394    -0.885    -1.397    -1.691    -1.448    -0.586
     9.75    49.75    2016    -0.268    -0.206    -0.177    -0.179    -0.234    -0.461    -1.083    -1.624    -1.932    -1.986    -1.477    -0.653
     9.75    49.75    2017    -0.334    -0.236    -0.178    -0.210    -0.302    -0.514    -1.175    -1.544    -1.739    -1.891    -1.232    -0.476
     9.75    49.75    2018    -0.249    -0.183    -0.157    -0.160    -0.178    -0.266    -0.539    -1.221    -1.965    -1.897    -1.268    -0.619
     9.75    49.75    2019    -0.459    -0.275    -0.157    -0.168    -0.249    -0.503    -1.228    -2.013    -2.195    -2.230    -1.844    -1.083
     9.75    49.75    2020    -0.431    -0.215    -0.159    -0.162    -0.207    -0.242    -0.305    -0.480    -0.951    -1.270    -0.705    -0.299
     9.75    49.75    2021    -0.203    -0.162    -0.154    -0.156    -0.167    -0.239    -0.480    -1.219    -1.992    -2.220    -2.243    -2.039
     9.75    49.75    2022    -1.931    -1.116    -0.327    -0.231    -0.198    -0.256    -0.469    -0.916    -1.469    -1.947    -2.041    -1.673
     9.75    49.75    2023    -0.863    -0.353    -0.211    -0.170    -0.186    -0.279    -0.436    -0.948    -1.552    -1.960    -1.585    -0.566
     9.75    49.75    2024    -0.349    -0.203    -0.156    -0.154    -0.177    -0.257    -0.394    -0.581    -0.780    -1.057    -0.998    -0.585
     9.75    49.75    2025    -0.452    -0.268    -0.156    -0.155    -0.168    -0.233    -0.414    -0.937    -1.422    -1.636    -1.114    -0.521
     9.75    49.75    2026    -0.328    -0.190    -0.154    -0.158    -0.228    -0.431    -1.106    -2.126    -2.500    -2.630    -2.513    -1.648
     9.75    49.75    2027    -0.535    -0.282    -0.181    -0.158    -0.203    -0.332    -0.805    -1.853    -2.398    -2.584    -2.174    -1.498
     9.75    49.75    2028    -0.890    -0.303    -0.159    -0.154    -0.167    -0.254    -0.515    -1.153    -1.727    -2.158    -1.952    -1.133
     9.75    49.75    2029    -0.561    -0.329    -0.185    -0.162    -0.181    -0.222    -0.430    -1.021    -1.447    -1.626    -1.179    -0.524
     9.75    49.75    2030    -0.320    -0.198    -0.157    -0.155    -0.171    -0.255    -0.431    -0.894    -1.488    -1.469    -0.834    -0.369
     9.75    49.75    2031    -0.210    -0.161    -0.155    -0.161    -0.223    -0.314    -0.389    -1.023    -1.893    -2.107    -1.615    -1.145
     9.75    49.75    2032    -0.665    -0.280    -0.172    -0.155    -0.174    -0.176    -0.232    -0.340    -0.359    -0.408    -0.365    -0.267
     9.75    49.75    2033    -0.182    -0.161    -0.155    -0.155    -0.172    -0.246    -0.420    -0.686    -0.769    -1.197    -1.301    -0.939
     9.75    49.75    2034    -0.674    -0.638    -0.234    -0.189    -0.253    -0.547    -1.391    -2.118    -2.539    -2.763    -2.765    -2.313
     9.75    49.75    2035    -1.573    -0.567    -0.369    -0.328    -0.311    -0.340    -0.515    -0.969    -1.662    -2.148    -1.850    -0.803
     9.75    49.75    2036    -0.710    -0.603    -0.230    -0.173    -0.221    -0.389    -0.838    -1.121    -0.818    -0.581    -0.332    -0.202
     9.75    49.75    2037    -0.174    -0.160    -0.154    -0.156    -0.171    -0.230    -0.452    -1.062    -1.889    -2.024    -0.849    -0.298
     9.75    49.75    2038    -0.234    -0.171    -0.154    -0.156    -0.157    -0.178    -0.320    -0.791    -1.957    -2.392    -1.859    -0.904
     9.75    49.75    2039    -0.403    -0.237    -0.177    -0.182    -0.236    -0.357    -0.860    -1.794    -2.268    -2.171    -1.952    -1.435
     9.75    49.75    2040    -0.712    -0.380    -0.239    -0.211    -0.246    -0.308    -0.620    -1.500    -2.116    -2.265    -1.753    -0.890
     9.75    49.75    2041    -0.379    -0.264    -0.214    -0.178    -0.201    -0.356    -1.004    -1.974    -2.168    -2.276    -1.639    -0.684
     9.75    49.75    2042    -0.354    -0.205    -0.156    -0.155    -0.181    -0.277    -0.580    -1.475    -2.142    -2.219    -1.755    -0.753
     9.75    49.75    2043    -0.401    -0.261    -0.207    -0.228    -0.329    -0.776    -1.798    -2.219    -2.343    -2.426    -1.917    -1.181
     9.75    49.75    2044    -0.503    -0.286    -0.200    -0.170    -0.197    -0.390    -0.606    -1.014    -1.727    -1.983    -1.020    -0.511
     9.75    49.75    2045    -0.257    -0.166    -0.155    -0.184    -0.279    -0.480    -1.311    -2.381    -2.656    -2.755    -2.533    -1.843
     9.75    49.75    2046    -0.941    -0.652    -0.307    -0.250    -0.250    -0.285    -0.525    -1.236    -1.975    -2.199    -1.610    -0.704
     9.75    49.75    2047    -0.456    -0.299    -0.176    -0.168    -0.239    -0.477    -1.409    -2.423    -2.704    -2.358    -1.263    -0.509
     9.75    49.75    2048    -0.254    -0.158    -0.154    -0.157    -0.199    -0.420    -1.219    -2.351    -2.716    -2.427    -1.073    -0.400
     9.75    49.75    2049    -0.189    -0.154    -0.155    -0.155    -0.175    -0.269    -0.602    -1.738    -2.559    -2.651    -2.212    -1.132
     9.75    49.75    2050    -0.599    -0.310    -0.241    -0.275    -0.485    -1.299    -2.254    -2.634    -2.789    -2.855    -2.043    -0.877
     9.75    49.75    2051    -0.555    -0.329    -0.239    -0.236    -0.404    -1.169    -2.380    -2.719    -2.856    -2.946    -1.950    -0.566
     9.75    49.75    2052    -0.455    -0.298    -0.156    -0.181    -0.211    -0.253    -0.294    -0.484    -1.129    -1.508    -0.857    -0.397
     9.75    49.75    2053    -0.256    -0.189    -0.160    -0.158    -0.214    -0.439    -1.240    -2.369    -2.710    -2.767    -2.479    -1.727
     9.75    49.75    2054    -0.819    -0.466    -0.220    -0.204    -0.307    -0.774    -2.121    -2.674    -2.714    -2.601    -2.094    -0.994
     9.75    49.75    2055    -0.570    -0.301    -0.167    -0.157    -0.224    -0.517    -1.505    -2.528    -2.799    -2.910    -2.021    -0.939
     9.75    49.75    2056    -0.445    -0.252    -0.220    -0.200    -0.206    -0.351    -0.755    -1.976    -2.631    -2.793    -2.713    -1.840
     9.75    49.75    2057    -0.729    -0.324    -0.186    -0.176    -0.311    -0.781    -2.065    -2.753    -2.950    -2.726    -1.256    -0.723
     9.75    49.75    2058    -0.565    -0.278    -0.167    -0.156    -0.184    -0.340    -0.868    -2.129    -2.387    -2.205    -1.629    -0.956
     9.75    49.75    2059    -0.410    -0.193    -0.154    -0.155    -0.201    -0.406    -1.201    -2.253    -2.484    -2.663    -2.448    -1.086
     9.75    49.75    2060    -0.611    -0.415    -0.181    -0.155    -0.207    -0.444    -1.358    -2.577    -2.879    -2.949    -1.915    -0.754
     9.75    49.75    2061    -0.410    -0.254    -0.178    -0.156    -0.161    -0.218    -0.440    -1.150    -2.380    -2.496    -1.832    -0.945
     9.75    49.75    2062    -0.415    -0.288    -0.229    -0.211    -0.221    -0.396    -1.170    -2.293    -2.580    -2.665    -2.410    -1.454
     9.75    49.75    2063    -0.593    -0.386    -0.295    -0.223    -0.307    -0.698    -1.890    -2.456    -2.249    -2.410    -1.980    -0.995
     9.75    49.75    2064    -0.540    -0.310    -0.209    -0.172    -0.222    -0.441    -1.202    -2.186    -2.600    -2.776    -2.342    -1.173
     9.75    49.75    2065    -0.624    -0.324    -0.201    -0.182    -0.199    -0.290    -0.421    -1.053    -2.189    -2.451    -1.663    -0.911
     9.75    49.75    2066    -0.666    -0.315    -0.196    -0.160    -0.200    -0.366    -1.004    -2.309    -2.697    -2.714    -2.217    -1.238
     9.75    49.75    2067    -0.615    -0.512    -0.280    -0.177    -0.201    -0.344    -0.951    -2.238    -2.689    -2.788    -2.306    -1.117
     9.75    49.75    2068    -0.583    -0.272    -0.168    -0.155    -0.171    -0.301    -0.765    -1.907    -2.585    -2.705    -2.103    -0.821
     9.75    49.75    2069    -0.419    -0.203    -0.154    -0.159    -0.246    -0.498    -1.081    -2.234    -2.717    -2.755    -2.197    -1.110
     9.75    49.75    2070    -0.446    -0.304    -0.235    -0.278    -0.593    -1.856    -2.669    -2.906    -3.021    -3.042    -2.431    -1.289
     9.75    49.75    2071    -0.646    -0.356    -0.204    -0.165    -0.207    -0.372    -0.808    -2.115    -2.830    -3.020    -2.797    -1.423
     9.75    49.75    2072    -0.647    -0.379    -0.284    -0.211    -0.308    -0.790    -2.153    -2.896    -3.080    -3.101    -2.620    -1.056
     9.75    49.75    2073    -0.508    -0.282    -0.208    -0.184    -0.294    -0.472    -0.997    -2.219    -2.926    -3.105    -2.984    -1.659
     9.75    49.75    2074    -0.729    -0.394    -0.229    -0.162    -0.186    -0.329    -0.939    -2.379    -2.911    -3.039    -2.960    -2.015
     9.75    49.75    2075    -0.661    -0.381    -0.242    -0.175    -0.197    -0.366    -0.923    -2.139    -2.561    -2.698    -2.094    -0.938
     9.75    49.75    2076    -0.418    -0.263    -0.199    -0.176    -0.185    -0.324    -0.801    -1.804    -1.424    -1.763    -1.382    -0.542
     9.75    49.75    2077    -0.262    -0.203    -0.161    -0.160    -0.204    -0.284    -0.418    -0.613    -0.803    -0.816    -0.556    -0.285
     9.75    49.75    2078    -0.171    -0.156    -0.155    -0.176    -0.266    -0.534    -1.457    -2.534    -2.904    -3.001    -2.480    -1.250
     9.75    49.75    2079    -0.396    -0.225    -0.180    -0.169    -0.247    -0.561    -1.789    -2.584    -2.751    -2.884    -2.593    -1.622
     9.75    49.75    2080    -0.758    -0.378    -0.223    -0.166    -0.174    -0.272    -0.691    -1.595    -2.103    -2.393    -2.032    -1.115
     9.75    49.75    2081    -0.540    -0.341    -0.230    -0.198    -0.277    -0.643    -1.855    -2.470    -2.614    -2.713    -2.336    -1.247
     9.75    49.75    2082    -0.659    -0.314    -0.225    -0.273    -0.622    -1.950    -2.607    -2.842    -2.783    -2.971    -2.498    -1.287
     9.75    49.75    2083    -0.498    -0.242    -0.160    -0.168    -0.258    -0.501    -1.008    -2.294    -2.591    -2.674    -2.506    -1.253
     9.75    49.75    2084    -0.529    -0.474    -0.233    -0.254    -0.389    -0.648    -1.375    -2.165    -2.434    -2.462    -1.751    -0.956
     9.75    49.75    2085    -0.712    -0.701    -0.298    -0.182    -0.238    -0.441    -1.067    -1.638    -1.921    -1.893    -1.865    -1.120
     9.75    49.75    2086    -0.546    -0.496    -0.214    -0.161    -0.179    -0.300    -0.743    -1.651    -2.200    -2.332    -2.059    -0.790
     9.75    49.75    2087    -0.369    -0.273    -0.192    -0.156    -0.171    -0.215    -0.439    -1.104    -1.572    -1.822    -1.660    -0.767
     9.75    49.75    2088    -0.467    -0.321    -0.203    -0.172    -0.179    -0.215    -0.423    -1.181    -2.216    -2.472    -2.373    -1.666
     9.75    49.75    2089    -1.122    -0.635    -0.419    -0.381    -0.738    -1.763    -2.323    -2.524    -2.658    -2.723    -2.081    -0.899
     9.75    49.75    2090    -0.441    -0.235    -0.162    -0.166    -0.197    -0.290    -0.545    -1.561    -2.402    -2.642    -2.645    -2.131
     9.75    49.75    2091    -0.882    -0.391    -0.256    -0.200    -0.312    -0.679    -1.370    -2.296    -2.651    -2.784    -2.082    -0.876
     9.75    49.75    2092    -0.601    -0.254    -0.199    -0.206    -0.226    -0.336    -0.856    -2.100    -2.532    -2.677    -2.444    -1.754
     9.75    49.75    2093    -1.094    -0.597    -0.329    -0.265    -0.395    -1.151    -2.363    -2.638    -2.824    -2.933    -1.984    -0.790
     9.75    49.75    2094    -0.403    -0.215    -0.162    -0.158    -0.181    -0.290    -0.502    -1.266    -2.171    -2.304    -1.645    -0.846
     9.75    49.75    2095    -0.421    -0.247    -0.173    -0.174    -0.256    -0.583    -1.472    -2.168    -2.465    -2.564    -1.724    -0.732
     9.75    49.75    2096    -0.361    -0.215    -0.161    -0.157    -0.167    -0.214    -0.338    -0.638    -1.168    -1.732    -1.817    -0.943
     9.75    49.75    2097    -0.404    -0.254    -0.200    -0.197    -0.261    -0.508    -1.501    -2.204    -2.513    -2.632    -1.925    -0.725
     9.75    49.75    2098    -0.403    -0.241    -0.160    -0.164    -0.243    -0.547    -1.472    -1.978    -2.263    -2.388    -2.184    -1.337
     9.75    49.75    2099    -0.414    -0.233    -0.173    -0.159    -0.178    -0.293    -0.652    -1.214    -1.888    -2.291    -2.251    -1.438
     9.75    49.75    2100    -0.588    -0.298    -0.197    -0.193    -0.282    -0.618    -1.619    -2.167    -2.374    -2.530    -1.964    -0.801
     9.75    49.75    2101    -0.352    -0.224    -0.158    -0.156    -0.182    -0.298    -0.652    -1.735    -2.384    -2.666    -2.327    -1.339
     9.75    49.75    2102    -0.587    -0.360    -0.233    -0.177    -0.238    -0.529    -1.525    -2.250    -2.502    -2.532    -2.048    -0.858
     9.75    49.75    2103    -0.452    -0.312    -0.238    -0.229    -0.320    -0.576    -1.363    -2.176    -2.445    -2.625    -2.553    -1.357
     9.75    49.75    2104    -0.477    -0.270    -0.174    -0.161    -0.178    -0.292    -0.747    -1.933    -2.429    -2.582    -2.485    -1.235
     9.75    49.75    2105    -0.529    -0.316    -0.225    -0.173    -0.192    -0.335    -0.828    -1.816    -2.145    -2.205    -1.789    -0.858
     9.75    49.75    2106    -0.437    -0.242    -0.188    -0.182    -0.182    -0.289    -0.661    -1.293    -1.466    -1.519    -1.247    -0.532
     9.75    49.75    2107    -0.261    -0.206    -0.166    -0.166    -0.204    -0.248    -0.336    -0.464    -0.588    -0.621    -0.422    -0.216
     9.75    49.75    2108    -0.162    -0.158    -0.158    -0.169    -0.244    -0.474    -1.215    -2.167    -2.533    -2.680    -2.233    -1.156
     9.75    49.75    2109    -0.382    -0.235    -0.186    -0.185    -0.270    -0.621    -1.826    -2.439    -2.600    -2.636    -2.214    -1.356
     9.75    49.75    2110    -0.614    -0.320    -0.214    -0.174    -0.184    -0.291    -0.732    -1.520    -1.934    -2.206    -1.766    -0.906
     9.75    49.75    2111    -0.574    -0.356    -0.235    -0.196    -0.297    -0.712    -1.745    -2.270    -2.414    -2.573    -2.287    -1.281
     9.75    49.75    2112    -0.560    -0.330    -0.241    -0.282    -0.625    -1.813    -2.475    -2.516    -2.680    -2.803    -2.595    -1.493
     9.75    49.75    2113    -0.492    -0.240    -0.167    -0.167    -0.250    -0.474    -0.855    -2.023    -2.413    -2.478    -2.248    -1.125
     9.75    49.75    2114    -0.504    -0.469    -0.236    -0.257    -0.399    -0.603    -1.261    -1.710    -2.131    -2.335    -1.821    -1.037
     9.75    49.75    2115    -0.802    -0.775    -0.282    -0.209    -0.274    -0.512    -1.371    -1.635    -1.618    -1.709    -1.647    -1.104
     9.75    49.75    2116    -0.430    -0.375    -0.193    -0.161    -0.185    -0.320    -0.771    -1.557    -1.950    -2.216    -1.648    -0.573
     9.75    49.75    2117    -0.304    -0.210    -0.165    -0.155    -0.160    -0.216    -0.429    -0.936    -1.372    -1.581    -1.410    -0.848
     9.75    49.75    2118    -0.515    -0.299    -0.191    -0.173    -0.173    -0.217    -0.393    -1.054    -2.069    -2.431    -2.379    -1.658
     9.75    49.75    2119    -0.925    -0.594    -0.365    -0.343    -0.581    -1.261    -2.136    -2.499    -2.637    -2.695    -1.886    -0.965
     9.75    49.75    2120    -0.425    -0.233    -0.169    -0.164    -0.181    -0.270    -0.507    -1.331    -2.258    -2.570    -2.634    -1.912
     9.75    49.75    2121    -0.759    -0.370    -0.230    -0.190    -0.275    -0.588    -1.088    -2.027    -2.474    -2.643    -2.347    -1.234
     9.75    49.75    2122    -0.741    -0.303    -0.209    -0.224    -0.245    -0.340    -0.877    -1.931    -2.341    -2.556    -2.120    -1.448
     9.75    49.75    2123    -0.976    -0.589    -0.307    -0.251    -0.347    -0.860    -2.052    -2.447    -2.666    -2.739    -2.055    -0.821
     9.75    49.75    2124    -0.417    -0.268    -0.180    -0.158    -0.182    -0.280    -0.494    -1.249    -1.986    -2.118    -1.545    -0.708
     9.75    49.75    2125    -0.377    -0.234    -0.171    -0.177    -0.260    -0.583    -1.534    -2.024    -2.334    -2.656    -1.853    -0.686
     9.75    49.75    2126    -0.387    -0.199    -0.159    -0.159    -0.184    -0.211    -0.338    -0.630    -1.236    -1.765    -1.796    -1.129
     9.75    49.75    2127    -0.496    -0.272    -0.193    -0.195    -0.243    -0.475    -1.426    -2.091    -2.465    -2.691    -1.923    -0.704
     9.75    49.75    2128    -0.320    -0.214    -0.160    -0.161    -0.226    -0.489    -1.244    -1.956    -2.266    -2.414    -2.194    -1.369
     9.75    49.75    2129    -0.459    -0.236    -0.169    -0.157    -0.171    -0.256    -0.540    -1.096    -1.736    -2.265    -2.332    -1.555
     9.75    49.75    2130    -0.620    -0.353    -0.219    -0.201    -0.300    -0.724    -1.796    -2.210    -2.381    -2.484    -2.168    -0.820
    13.75    55.75    1980    -0.130    -0.130    -0.127    -0.126    -0.139    -0.190    -0.316    -0.621    -0.904    -0.615    -0.303    -0.210
    13.75    55.75    1981    -0.141    -0.126    -0.125    -0.126    -0.139    -0.192    -0.307    -0.622    -1.130    -1.261    -0.672    -0.308
    13.75    55.75    1982    -0.182    -0.130    -0.125    -0.125    -0.131    -0.157    -0.246    -0.473    -0.841    -0.645    -0.346    -0.187
    13.75    55.75    1983    -0.163    -0.129    -0.125    -0.126    -0.142    -0.191    -0.296    -0.604    -1.256    -1.663    -1.072    -0.402
    13.75    55.75    1984    -0.201    -0.144    -0.129    -0.125    -0.130    -0.159    -0.207    -0.256    -0.294    -0.254    -0.159    -0.131
    13.75    55.75    1985    -0.126    -0.125    -0.125    -0.126    -0.128    -0.139    -0.171    -0.185    -0.187    -0.148    -0.127    -0.125
    13.75    55.75    1986    -0.126    -0.126    -0.126    -0.126    -0.129    -0.153    -0.231    -0.326    -0.316    -0.201    -0.146    -0.128
    13.75    55.75    1987    -0.126    -0.126    -0.126    -0.126    -0.138    -0.176    -0.224    -0.376    -0.401    -0.238    -0.152    -0.127
    13.75    55.75    1988    -0.125    -0.125    -0.125    -0.126    -0.141    -0.194    -0.348    -0.621    -0.956    -1.118    -0.875    -0.426
    13.75    55.75    1989    -0.241    -0.240    -0.175    -0.126    -0.132    -0.172    -0.282    -0.465    -0.733    -0.625    -0.294    -0.169
    13.75    55.75    1990    -0.137    -0.130    -0.126    -0.125    -0.135    -0.149    -0.196    -0.301    -0.307    -0.243    -0.178    -0.132
    13.75    55.75    1991    -0.126    -0.126    -0.126    -0.126    -0.135    -0.189    -0.334    -0.375    -0.297    -0.212    -0.150    -0.130
    13.75    55.75    1992    -0.125    -0.125    -0.125    -0.125    -0.133    -0.160    -0.214    -0.375    -0.617    -0.728    -0.530    -0.241
    13.75    55.75    1993    -0.229    -0.218    -0.155    -0.126    -0.137    -0.172    -0.208    -0.223    -0.253    -0.236    -0.170    -0.165
    13.75    55.75    1994    -0.162    -0.140    -0.126    -0.127    -0.137    -0.174    -0.229    -0.235    -0.261    -0.205    -0.145    -0.131
    13.75    55.75    1995    -0.128    -0.127    -0.126    -0.126    -0.135    -0.172    -0.266    -0.491    -0.814    -0.801    -0.357    -0.191
    13.75    55.75    1996    -0.132    -0.125    -0.125    -0.126    -0.135    -0.183    -0.317    -0.522    -0.704    -0.488    -0.250    -0.176
    13.75    55.75    1997    -0.138    -0.138    -0.133    -0.126    -0.135    -0.181    -0.266    -0.359    -0.378    -0.288    -0.176    -0.133
    13.75    55.75    1998    -0.129    -0.127    -0.126    -0.126    -0.141    -0.172    -0.245    -0.449    -0.591    -0.584    -0.460    -0.267
    13.75    55.75    1999    -0.195    -0.161    -0.130    -0.132    -0.138    -0.180    -0.313    -0.523    -0.622    -0.361    -0.220    -0.142
    13.75    55.75    2000    -0.129    -0.126    -0.126    -0.129    -0.158    -0.251    -0.474    -1.037    -1.682    -1.466    -0.692    -0.282
    13.75    55.75    2001    -0.201    -0.201    -0.198    -0.131    -0.130    -0.149    -0.185    -0.215    -0.206    -0.170    -0.137    -0.128
    13.75    55.75    2002    -0.128    -0.129    -0.128    -0.126    -0.133    -0.181    -0.312    -0.488    -0.426    -0.276    -0.182    -0.140
    13.75    55.75    2003    -0.129    -0.129    -0.127    -0.126    -0.133    -0.168    -0.252    -0.310    -0.345    -0.227    -0.155    -0.128
    13.75    55.75    2004    -0.126    -0.126    -0.126    -0.126    -0.135    -0.152    -0.154    -0.185    -0.238    -0.269    -0.191    -0.138
    13.75    55.75    2005    -0.130    -0.128    -0.127    -0.127    -0.142    -0.187    -0.305    -0.582    -1.023    -1.024    -0.370    -0.178
    13.75    55.75    2006    -0.131    -0.126    -0.126    -0.126    -0.139    -0.188    -0.340    -0.625    -1.007    -0.992    -0.559    -0.244
    13.75    55.75    2007    -0.150    -0.128    -0.125    -0.126    -0.136    -0.139    -0.163    -0.258    -0.373    -0.380    -0.286    -0.176
    13.75    55.75    2008    -0.138    -0.129    -0.127    -0.128    -0.150    -0.193    -0.248    -0.381    -0.651    -0.626    -0.382    -0.176
    13.75    55.75    2009    -0.132    -0.126    -0.126    -0.127    -0.150    -0.235    -0.422    -0.671    -0.741    -0.452    -0.207    -0.134
    13.75    55.75    2010    -0.127    -0.126    -0.126    -0.127    -0.144    -0.213    -0.255    -0.290    -0.313    -0.238    -0.155    -0.129
    13.75    55.75    2011    -0.127    -0.126    -0.126    -0.129    -0.138    -0.149    -0.195    -0.337    -0.477    -0.450    -0.275    -0.177
    13.75    55.75    2012    -0.138    -0.128    -0.126    -0.129    -0.146    -0.223    -0.396    -0.625    -1.001    -0.612    -0.363    -0.191
    13.75    55.75    2013    -0.134    -0.127    -0.126    -0.129    -0.154    -0.219    -0.377    -0.727    -0.948    -0.448    -0.240    -0.145
    13.75    55.75    2014    -0.126    -0.125    -0.126    -0.130    -0.154    -0.173    -0.248    -0.450    -0.502    -0.487    -0.292    -0.184
    13.75    55.75    2015    -0.184    -0.141    -0.127    -0.127    -0.131    -0.148    -0.171    -0.243    -0.284    -0.217    -0.153    -0.131
    13.75    55.75    2016    -0.128    -0.126    -0.126    -0.130    -0.143    -0.197    -0.283    -0.342    -0.332    -0.301    -0.185    -0.135
    13.75    55.75    2017    -0.129    -0.127    -0.127    -0.128    -0.136    -0.145    -0.180    -0.175    -0.167    -0.161    -0.139    -0.132
    13.75    55.75    2018    -0.127    -0.126    -0.126    -0.129    -0.140    -0.211    -0.370    -0.763    -1.504    -1.592    -0.879    -0.345
    13.75    55.75    2019    -0.193    -0.134    -0.126    -0.127    -0.131    -0.163    -0.276    -0.453    -0.606    -0.599    -0.434    -0.236
    13.75    55.75    2020    -0.214    -0.212    -0.154    -0.126    -0.133    -0.162    -0.212    -0.357    -0.644    -0.718    -0.393    -0.197
    13.75    55.75    2021    -0.151    -0.151    -0.127    -0.126    -0.131    -0.165    -0.267    -0.531    -1.041    -1.305    -1.077    -0.546
    13.75    55.75    2022    -0.342    -0.325    -0.160    -0.125    -0.137    -0.189    -0.258    -0.422    -0.638    -0.836    -0.640    -0.318
    13.75    55.75    2023    -0.157    -0.131    -0.125    -0.126    -0.143    -0.215    -0.400    -0.911    -1.589    -1.570    -0.922    -0.381
    13.75    55.75    2024    -0.230    -0.172    -0.125    -0.126    -0.149    -0.232    -0.425    -0.958    -1.115    -0.771    -0.350    -0.185
    13.75    55.75    2025    -0.141    -0.129    -0.125    -0.126    -0.131    -0.146    -0.190    -0.286    -0.295    -0.182    -0.138    -0.126
    13.75    55.75    2026    -0.126    -0.125    -0.125    -0.127    -0.151    -0.208    -0.259    -0.463    -0.686    -0.602    -0.338    -0.176
    13.75    55.75    2027    -0.128    -0.126    -0.126    -0.128    -0.153    -0.189    -0.248    -0.300    -0.252    -0.199    -0.154    -0.139
    13.75    55.75    2028    -0.136    -0.130    -0.127    -0.127    -0.142    -0.203    -0.348    -0.529    -0.595    -0.578    -0.308    -0.164
    13.75    55.75    2029    -0.129    -0.126    -0.126    -0.130    -0.155    -0.232    -0.400    -0.702    -0.619    -0.373    -0.211    -0.136
    13.75    55.75    2030    -0.126    -0.126    -0.126    -0.127    -0.140    -0.206    -0.380    -0.643    -1.041    -0.847    -0.379    -0.225
    13.75    55.75    2031    -0.139    -0.126    -0.126    -0.127    -0.154    -0.208    -0.233    -0.259    -0.244    -0.182    -0.144    -0.131
    13.75    55.75    2032    -0.129    -0.127    -0.126    -0.127    -0.134    -0.171    -0.248    -0.337    -0.409    -0.459    -0.343    -0.199
    13.75    55.75    2033    -0.137    -0.128    -0.126    -0.126    -0.145    -0.219    -0.398    -0.752    -1.286    -1.157    -0.656    -0.313
    13.75    55.75    2034    -0.197    -0.152    -0.132    -0.128    -0.141    -0.192    -0.234    -0.366    -0.513    -0.459    -0.320    -0.161
    13.75    55.75    2035    -0.130    -0.127    -0.126    -0.128    -0.143    -0.187    -0.298    -0.501    -0.868    -1.101    -0.695    -0.303
    13.75    55.75    2036    -0.195    -0.151    -0.128    -0.127    -0.143    -0.162    -0.194    -0.237    -0.253    -0.216    -0.158    -0.131
    13.75    55.75    2037    -0.130    -0.127    -0.127    -0.129    -0.139    -0.183    -0.232    -0.299    -0.438    -0.563    -0.352    -0.163
    13.75    55.75    2038    -0.132    -0.128    -0.128    -0.128    -0.136    -0.149    -0.238    -0.445    -0.687    -0.767    -0.638    -0.385
    13.75    55.75    2039    -0.196    -0.145    -0.134    -0.140    -0.174    -0.270    -0.477    -0.664    -0.610    -0.316    -0.201    -0.142
    13.75    55.75    2040    -0.133    -0.129    -0.130    -0.131    -0.157    -0.255    -0.449    -0.759    -1.294    -1.582    -1.350    -0.718
    13.75    55.75    2041    -0.280    -0.177    -0.151    -0.145    -0.169    -0.289    -0.586    -1.166    -1.725    -1.505    -0.635    -0.285
    13.75    55.75    2042    -0.156    -0.147    -0.130    -0.129    -0.139    -0.194    -0.356    -0.717    -1.188    -1.140    -0.665    -0.301
    13.75    55.75    2043    -0.184    -0.137    -0.128    -0.131    -0.145    -0.220    -0.465    -0.856    -1.577    -1.703    -1.016    -0.352
    13.75    55.75    2044    -0.202    -0.140    -0.127    -0.127    -0.150    -0.248    -0.521    -0.949    -1.366    -1.300    -0.481    -0.195
    13.75    55.75    2045    -0.132    -0.127    -0.128    -0.133    -0.175    -0.251    -0.387    -0.558    -0.586    -0.439    -0.232    -0.145
    13.75    55.75    2046    -0.136    -0.133    -0.132    -0.133    -0.153    -0.244    -0.350    -0.356    -0.412    -0.368    -0.241    -0.176
    13.75    55.75    2047    -0.159    -0.144    -0.133    -0.136    -0.171    -0.286    -0.479    -0.743    -1.305    -1.595    -0.779    -0.303
    13.75    55.75    2048    -0.198    -0.138    -0.131    -0.134    -0.154    -0.265    -0.424    -0.418    -0.442    -0.307    -0.172    -0.145
    13.75    55.75    2049    -0.133    -0.131    -0.131    -0.131    -0.140    -0.156    -0.207    -0.361    -0.504    -0.460    -0.308    -0.175
    13.75    55.75    2050    -0.139    -0.131    -0.128    -0.130    -0.149    -0.164    -0.244    -0.385    -0.508    -0.515    -0.310    -0.178
    13.75    55.75    2051    -0.144    -0.135    -0.129    -0.130    -0.143    -0.212    -0.336    -0.488    -0.568    -0.463    -0.285    -0.201
    13.75    55.75    2052    -0.174    -0.165    -0.132    -0.132    -0.147    -0.191    -0.338    -0.603    -1.204    -1.418    -0.663    -0.279
    13.75    55.75    2053    -0.170    -0.134    -0.128    -0.131    -0.155    -0.209    -0.279    -0.376    -0.401    -0.421    -0.314    -0.177
    13.75    55.75    2054    -0.147    -0.135    -0.130    -0.131    -0.139    -0.191    -0.382    -0.715    -1.010    -0.725    -0.293    -0.161
    13.75    55.75    2055    -0.138    -0.132    -0.130    -0.131    -0.138    -0.183    -0.295    -0.427    -0.599    -0.682    -0.515    -0.221
    13.75    55.75    2056    -0.145    -0.132    -0.131    -0.132    -0.146    -0.201    -0.419    -0.697    -1.028    -1.142    -0.938    -0.498
    13.75    55.75    2057    -0.200    -0.145    -0.133    -0.136    -0.186    -0.372    -0.696    -1.120    -1.570    -1.652    -0.831    -0.372
    13.75    55.75    2058    -0.270    -0.166    -0.132    -0.133    -0.157    -0.242    -0.509    -0.942    -1.469    -1.486    -0.650    -0.255
    13.75    55.75    2059    -0.158    -0.132    -0.130    -0.132    -0.156    -0.229    -0.416    -0.753    -0.915    -0.735    -0.412    -0.199
    13.75    55.75    2060    -0.138    -0.130    -0.130    -0.132    -0.155    -0.252    -0.528    -0.711    -0.887    -0.872    -0.510    -0.255
    13.75    55.75    2061    -0.162    -0.139    -0.135    -0.133    -0.139    -0.185    -0.282    -0.414    -0.550    -0.563    -0.395    -0.245
    13.75    55.75    2062    -0.158    -0.144    -0.140    -0.148    -0.191    -0.346    -0.519    -0.709    -0.777    -0.464    -0.258    -0.164
    13.75    55.75    2063    -0.138    -0.133    -0.133    -0.138    -0.179    -0.332    -0.565    -0.609    -0.540    -0.458    -0.358    -0.212
    13.75    55.75    2064    -0.167    -0.144    -0.136    -0.137    -0.158    -0.255    -0.516    -0.802    -1.273    -1.543    -1.341    -0.528
    13.75    55.75    2065    -0.232    -0.175    -0.148    -0.138    -0.166    -0.333    -0.667    -1.164    -1.854    -1.966    -1.516    -0.601
    13.75    55.75    2066    -0.289    -0.162    -0.132    -0.135    -0.161    -0.223    -0.305    -0.409    -0.510    -0.393    -0.244    -0.167
    13.75    55.75    2067    -0.146    -0.137    -0.135    -0.136    -0.155    -0.219    -0.407    -0.675    -0.840    -0.739    -0.385    -0.221
    13.75    55.75    2068    -0.161    -0.140    -0.136    -0.136    -0.157    -0.236    -0.336    -0.480    -0.683    -0.723    -0.584    -0.313
    13.75    55.75    2069    -0.188    -0.168    -0.137    -0.140    -0.183    -0.386    -0.756    -1.397    -1.680    -1.059    -0.487    -0.237
    13.75    55.75    2070    -0.149    -0.133    -0.133    -0.139    -0.191    -0.430    -0.822    -1.557    -2.030    -1.997    -1.336    -0.517
    13.75    55.75    2071    -0.229    -0.159    -0.137    -0.134    -0.151    -0.253    -0.512    -0.841    -1.338    -1.431    -0.747    -0.268
    13.75    55.75    2072    -0.167    -0.136    -0.134    -0.135    -0.156    -0.272    -0.620    -0.973    -1.171    -1.043    -0.709    -0.272
    13.75    55.75    2073    -0.175    -0.141    -0.133    -0.141    -0.199    -0.407    -0.811    -1.595    -2.070    -2.116    -1.743    -0.750
    13.75    55.75    2074    -0.274    -0.162    -0.134    -0.132    -0.152    -0.251    -0.424    -0.645    -1.052    -1.291    -0.949    -0.428
    13.75    55.75    2075    -0.234    -0.167    -0.139    -0.136    -0.155    -0.230    -0.438    -0.771    -1.106    -0.861    -0.422    -0.194
    13.75    55.75    2076    -0.141    -0.134    -0.134    -0.135    -0.146    -0.223    -0.520    -0.938    -1.565    -1.652    -1.048    -0.330
    13.75    55.75    2077    -0.168    -0.144    -0.134    -0.133    -0.155    -0.264    -0.503    -0.580    -0.694    -0.646    -0.301    -0.164
    13.75    55.75    2078    -0.140    -0.135    -0.136    -0.140    -0.166    -0.300    -0.574    -1.044    -1.785    -2.015    -1.140    -0.327
    13.75    55.75    2079    -0.166    -0.135    -0.136    -0.144    -0.196    -0.332    -0.673    -1.270    -1.563    -0.712    -0.359    -0.223
    13.75    55.75    2080    -0.159    -0.133    -0.133    -0.134    -0.147    -0.179    -0.344    -0.709    -1.100    -1.505    -1.317    -0.528
    13.75    55.75    2081    -0.256    -0.155    -0.138    -0.131    -0.166    -0.269    -0.497    -1.005    -1.662    -1.763    -1.045    -0.310
    13.75    55.75    2082    -0.164    -0.134    -0.132    -0.142    -0.206    -0.437    -0.780    -0.912    -0.913    -0.627    -0.291    -0.160
    13.75    55.75    2083    -0.140    -0.138    -0.138    -0.142    -0.179    -0.354    -0.718    -1.007    -1.111    -0.765    -0.571    -0.374
    13.75    55.75    2084    -0.237    -0.201    -0.148    -0.150    -0.182    -0.291    -0.366    -0.492    -0.603    -0.744    -0.428    -0.221
    13.75    55.75    2085    -0.161    -0.157    -0.145    -0.137    -0.161    -0.270    -0.518    -0.668    -0.745    -0.559    -0.397    -0.237
    13.75    55.75    2086    -0.166    -0.142    -0.136    -0.136    -0.153    -0.258    -0.537    -0.706    -0.645    -0.477    -0.311    -0.184
    13.75    55.75    2087    -0.143    -0.135    -0.133    -0.134    -0.147    -0.190    -0.324    -0.580    -0.613    -0.478    -0.367    -0.193
    13.75    55.75    2088    -0.139    -0.133    -0.132    -0.134    -0.144    -0.215    -0.467    -0.925    -1.585    -1.714    -1.130    -0.415
    13.75    55.75    2089    -0.231    -0.183    -0.150    -0.141    -0.190    -0.295    -0.357    -0.520    -0.625    -0.617    -0.422    -0.217
    13.75    55.75    2090    -0.157    -0.144    -0.138    -0.137    -0.150    -0.213    -0.326    -0.538    -0.759    -0.846    -0.672    -0.366
    13.75    55.75    2091    -0.189    -0.144    -0.136    -0.136    -0.171    -0.322    -0.558    -0.662    -0.778    -0.660    -0.309    -0.159
    13.75    55.75    2092    -0.143    -0.138    -0.138    -0.140    -0.172    -0.342    -0.700    -1.386    -2.187    -2.087    -1.481    -0.688
    13.75    55.75    2093    -0.379    -0.231    -0.171    -0.139    -0.155    -0.270    -0.601    -1.172    -2.085    -2.009    -1.290    -0.432
    13.75    55.75    2094    -0.233    -0.152    -0.133    -0.133    -0.153    -0.224    -0.322    -0.536    -0.654    -0.639    -0.344    -0.193
    13.75    55.75    2095    -0.154    -0.143    -0.137    -0.140    -0.179    -0.382    -0.785    -1.558    -2.318    -2.157    -0.753    -0.246
    13.75    55.75    2096    -0.144    -0.132    -0.132    -0.132    -0.151    -0.165    -0.197    -0.282    -0.268    -0.202    -0.148    -0.133
    13.75    55.75    2097    -0.134    -0.134    -0.135    -0.140    -0.175    -0.310    -0.662    -1.201    -1.800    -1.783    -0.804    -0.274
    13.75    55.75    2098    -0.159    -0.136    -0.136    -0.144    -0.194    -0.403    -0.823    -1.133    -0.738    -0.556    -0.347    -0.279
    13.75    55.75    2099    -0.185    -0.151    -0.142    -0.142    -0.160    -0.295    -0.720    -1.165    -1.904    -2.311    -1.565    -0.585
    13.75    55.75    2100    -0.266    -0.180    -0.141    -0.133    -0.159    -0.250    -0.576    -1.053    -1.663    -1.661    -0.876    -0.315
    13.75    55.75    2101    -0.184    -0.139    -0.134    -0.135    -0.150    -0.249    -0.526    -0.855    -1.392    -1.391    -0.650    -0.274
    13.75    55.75    2102    -0.176    -0.141    -0.134    -0.134    -0.158    -0.282    -0.610    -0.878    -1.029    -1.086    -0.655    -0.295
    13.75    55.75    2103    -0.197    -0.146    -0.136    -0.141    -0.203    -0.435    -0.833    -1.751    -2.160    -2.170    -1.428    -0.545
    13.75    55.75    2104    -0.256    -0.157    -0.129    -0.129    -0.157    -0.265    -0.394    -0.587    -1.088    -1.380    -1.072    -0.381
    13.75    55.75    2105    -0.177    -0.137    -0.131    -0.133    -0.155    -0.225    -0.378    -0.739    -1.135    -1.052    -0.362    -0.193
    13.75    55.75    2106    -0.138    -0.133    -0.133    -0.133    -0.141    -0.218    -0.495    -0.949    -1.569    -1.670    -1.116    -0.345
    13.75    55.75    2107    -0.162    -0.134    -0.131    -0.132    -0.148    -0.252    -0.488    -0.565    -0.644    -0.583    -0.306    -0.157
    13.75    55.75    2108    -0.139    -0.134    -0.135    -0.136    -0.166    -0.279    -0.529    -0.978    -1.770    -1.904    -0.956    -0.294
    13.75    55.75    2109    -0.181    -0.143    -0.135    -0.143    -0.194    -0.358    -0.653    -1.279    -1.586    -0.892    -0.416    -0.238
    13.75    55.75    2110    -0.138    -0.131    -0.131    -0.132    -0.141    -0.190    -0.361    -0.726    -1.388    -1.790    -1.395    -0.622
    13.75    55.75    2111    -0.253    -0.169    -0.145    -0.131    -0.155    -0.236    -0.466    -0.990    -1.697    -1.777    -1.249    -0.444
    13.75    55.75    2112    -0.183    -0.138    -0.131    -0.141    -0.203    -0.432    -0.706    -0.815    -0.968    -0.606    -0.274    -0.156
    13.75    55.75    2113    -0.132    -0.131    -0.131    -0.133    -0.165    -0.297    -0.583    -0.922    -1.385    -0.952    -0.551    -0.296
    13.75    55.75    2114    -0.182    -0.143    -0.131    -0.135    -0.154    -0.182    -0.204    -0.337    -0.536    -0.665    -0.408    -0.231
    13.75    55.75    2115    -0.160    -0.157    -0.140    -0.134    -0.159    -0.266    -0.489    -0.685    -0.658    -0.498    -0.328    -0.188
    13.75    55.75    2116    -0.139    -0.134    -0.132    -0.133    -0.148    -0.251    -0.531    -0.717    -0.509    -0.457    -0.274    -0.162
    13.75    55.75    2117    -0.137    -0.132    -0.131    -0.131    -0.137    -0.173    -0.271    -0.516    -0.663    -0.512    -0.346    -0.201
    13.75    55.75    2118    -0.147    -0.136    -0.134    -0.136    -0.148    -0.227    -0.531    -1.045    -1.645    -1.795    -1.340    -0.634
    13.75    55.75    2119    -0.320    -0.244    -0.186    -0.167    -0.238    -0.477    -0.702    -0.831    -0.932    -0.959    -0.603    -0.297
    13.75    55.75    2120    -0.190    -0.160    -0.143    -0.141    -0.163    -0.215    -0.354    -0.605    -0.843    -0.921    -0.732    -0.408
    13.75    55.75    2121    -0.253    -0.175    -0.148    -0.143    -0.179    -0.369    -0.626    -0.681    -0.786    -0.643    -0.341    -0.183
    13.75    55.75    2122    -0.156    -0.143    -0.140    -0.145    -0.178    -0.376    -0.805    -1.525    -2.200    -2.157    -1.435    -0.771
    13.75    55.75    2123    -0.369    -0.260    -0.167    -0.136    -0.150    -0.251    -0.577    -1.161    -1.993    -1.854    -0.771    -0.334
    13.75    55.75    2124    -0.184    -0.137    -0.133    -0.133    -0.158    -0.232    -0.347    -0.537    -0.669    -0.579    -0.291    -0.171
    13.75    55.75    2125    -0.142    -0.133    -0.133    -0.136    -0.170    -0.339    -0.705    -1.483    -2.202    -2.254    -0.942    -0.295
    13.75    55.75    2126    -0.187    -0.136    -0.130    -0.131    -0.141    -0.165    -0.215    -0.262    -0.234    -0.200    -0.144    -0.133
    13.75    55.75    2127    -0.132    -0.132    -0.132    -0.138    -0.160    -0.258    -0.538    -0.958    -1.403    -1.315    -0.602    -0.240
    13.75    55.75    2128    -0.148    -0.130    -0.130    -0.136    -0.151    -0.247    -0.485    -0.652    -0.446    -0.371    -0.265    -0.181
    13.75    55.75    2129    -0.141    -0.133    -0.131    -0.131    -0.147    -0.234    -0.489    -0.933    -1.800    -2.195    -1.339    -0.414
    13.75    55.75    2130    -0.219    -0.162    -0.130    -0.130    -0.149    -0.208    -0.420    -0.874    -1.538    -1.213    -0.600    -0.263
    23.75    61.75    1980    -0.166    -0.166    -0.167    -0.169    -0.173    -0.215    -0.279    -0.394    -0.384    -0.255    -0.170    -0.167
    23.75    61.75    1981    -0.167    -0.168    -0.167    -0.167    -0.172    -0.207    -0.304    -0.386    -0.360    -0.245    -0.189    -0.189
    23.75    61.75    1982    -0.191    -0.191    -0.191    -0.177    -0.172    -0.182    -0.262    -0.404    -0.418    -0.228    -0.171    -0.168
    23.75    61.75    1983    -0.167    -0.168    -0.168    -0.168    -0.185    -0.241    -0.379    -0.619    -0.929    -0.879    -0.694    -0.695
    23.75    61.75    1984    -0.684    -0.668    -0.673    -0.638    -0.220    -0.199    -0.226    -0.200    -0.198    -0.183    -0.184    -0.183
    23.75    61.75    1985    -0.182    -0.184    -0.183    -0.176    -0.174    -0.206    -0.276    -0.265    -0.221    -0.170    -0.167    -0.167
    23.75    61.75    1986    -0.168    -0.168    -0.168    -0.168    -0.171    -0.189    -0.247    -0.337    -0.362    -0.266    -0.208    -0.208
    23.75    61.75    1987    -0.210    -0.210    -0.210    -0.189    -0.181    -0.230    -0.271    -0.341    -0.383    -0.267    -0.201    -0.199
    23.75    61.75    1988    -0.202    -0.202    -0.182    -0.168    -0.181    -0.214    -0.315    -0.425    -0.255    -0.194    -0.169    -0.168
    23.75    61.75    1989    -0.168    -0.168    -0.167    -0.168    -0.180    -0.252    -0.367    -0.527    -0.586    -0.354    -0.219    -0.219
    23.75    61.75    1990    -0.220    -0.220    -0.221    -0.208    -0.175    -0.212    -0.300    -0.285    -0.217    -0.169    -0.168    -0.168
    23.75    61.75    1991    -0.168    -0.168    -0.169    -0.167    -0.183    -0.221    -0.334    -0.488    -0.476    -0.281    -0.199    -0.199
    23.75    61.75    1992    -0.200    -0.200    -0.187    -0.168    -0.176    -0.224    -0.246    -0.207    -0.178    -0.168    -0.168    -0.168
    23.75    61.75    1993    -0.169    -0.169    -0.168    -0.168    -0.179    -0.259    -0.406    -0.439    -0.366    -0.212    -0.190    -0.190
    23.75    61.75    1994    -0.191    -0.176    -0.167    -0.167    -0.175    -0.212    -0.306    -0.385    -0.296    -0.189    -0.167    -0.167
    23.75    61.75    1995    -0.167    -0.166    -0.167    -0.168    -0.172    -0.192    -0.240    -0.284    -0.319    -0.262    -0.176    -0.169
    23.75    61.75    1996    -0.171    -0.171    -0.171    -0.170    -0.174    -0.237    -0.412    -0.410    -0.330    -0.250    -0.177    -0.173
    23.75    61.75    1997    -0.173    -0.173    -0.174    -0.170    -0.173    -0.219    -0.358    -0.408    -0.298    -0.208    -0.168    -0.166
    23.75    61.75    1998    -0.166    -0.166    -0.167    -0.167    -0.171    -0.208    -0.267    -0.308    -0.291    -0.189    -0.167    -0.166
    23.75    61.75    1999    -0.167    -0.167    -0.167    -0.167    -0.171    -0.194    -0.255    -0.277    -0.245    -0.205    -0.167    -0.167
    23.75    61.75    2000    -0.168    -0.168    -0.168    -0.168    -0.177    -0.220    -0.333    -0.352    -0.302    -0.223    -0.169    -0.167
    23.75    61.75    2001    -0.167    -0.167    -0.167    -0.168    -0.175    -0.233    -0.396    -0.382    -0.263    -0.213    -0.209    -0.209
    23.75    61.75    2002    -0.210    -0.210    -0.185    -0.168    -0.172    -0.176    -0.213    -0.257    -0.211    -0.181    -0.169    -0.167
    23.75    61.75    2003    -0.168    -0.168    -0.168    -0.169    -0.174    -0.196    -0.296    -0.478    -0.492    -0.297    -0.196    -0.193
    23.75    61.75    2004    -0.194    -0.194    -0.195    -0.170    -0.189    -0.254    -0.346    -0.295    -0.237    -0.177    -0.167    -0.167
    23.75    61.75    2005    -0.167    -0.167    -0.167    -0.169    -0.183    -0.221    -0.251    -0.293    -0.314    -0.220    -0.195    -0.195
    23.75    61.75    2006    -0.197    -0.197    -0.182    -0.167    -0.171    -0.226    -0.395    -0.677    -0.717    -0.430    -0.228    -0.197
    23.75    61.75    2007    -0.198    -0.198    -0.193    -0.167    -0.178    -0.221    -0.265    -0.391    -0.424    -0.273    -0.180    -0.168
    23.75    61.75    2008    -0.168    -0.168    -0.167    -0.169    -0.187    -0.257    -0.272    -0.305    -0.235    -0.170    -0.167    -0.167
    23.75    61.75    2009    -0.167    -0.167    -0.168    -0.168    -0.181    -0.251    -0.326    -0.231    -0.202    -0.168    -0.167    -0.167
    23.75    61.75    2010    -0.166    -0.166    -0.166    -0.167    -0.183    -0.247    -0.291    -0.253    -0.185    -0.168    -0.166    -0.166
    23.75    61.75    2011    -0.166    -0.166    -0.167    -0.167    -0.175    -0.219    -0.299    -0.410    -0.469    -0.273    -0.174    -0.167
    23.75    61.75    2012    -0.167    -0.167    -0.167    -0.169    -0.218    -0.373    -0.682    -1.332    -2.007    -1.461    -0.670    -0.422
    23.75    61.75    2013    -0.279    -0.191    -0.192    -0.170    -0.188    -0.240    -0.294    -0.361    -0.364    -0.244    -0.179    -0.178
    23.75    61.75    2014    -0.171    -0.171    -0.168    -0.169    -0.183    -0.219    -0.271    -0.359    -0.306    -0.172    -0.167    -0.167
    23.75    61.75    2015    -0.167    -0.167    -0.167    -0.168    -0.171    -0.212    -0.286    -0.411    -0.536    -0.498    -0.319    -0.273
    23.75    61.75    2016    -0.250    -0.184    -0.166    -0.168    -0.182    -0.225    -0.247    -0.279    -0.253    -0.177    -0.170    -0.170
    23.75    61.75    2017    -0.171    -0.169    -0.169    -0.170    -0.174    -0.226    -0.388    -0.483    -0.522    -0.351    -0.238    -0.234
    23.75    61.75    2018    -0.235    -0.235    -0.187    -0.172    -0.190    -0.226    -0.343    -0.460    -0.439    -0.330    -0.202    -0.178
    23.75    61.75    2019    -0.182    -0.183    -0.181    -0.176    -0.191    -0.274    -0.430    -0.632    -0.521    -0.277    -0.196    -0.191
    23.75    61.75    2020    -0.193    -0.193    -0.194    -0.181    -0.180    -0.218    -0.299    -0.311    -0.296    -0.240    -0.196    -0.186
    23.75    61.75    2021    -0.189    -0.189    -0.185    -0.177    -0.186    -0.250    -0.435    -0.864    -0.957    -0.801    -0.524    -0.332
    23.75    61.75    2022    -0.315    -0.315    -0.315    -0.279    -0.199    -0.307    -0.616    -0.860    -0.891    -0.769    -0.465    -0.232
    23.75    61.75    2023    -0.210    -0.210    -0.206    -0.174    -0.185    -0.263    -0.416    -0.735    -0.868    -0.582    -0.339    -0.228
    23.75    61.75    2024    -0.228    -0.228    -0.228    -0.186    -0.191    -0.302    -0.658    -1.292    -1.661    -0.908    -0.447    -0.344
    23.75    61.75    2025    -0.343    -0.343    -0.344    -0.320    -0.177    -0.205    -0.302    -0.414    -0.396    -0.294    -0.221    -0.183
    23.75    61.75    2026    -0.178    -0.179    -0.177    -0.179    -0.226    -0.299    -0.346    -0.439    -0.400    -0.232    -0.178    -0.171
    23.75    61.75    2027    -0.172    -0.172    -0.172    -0.173    -0.181    -0.231    -0.364    -0.359    -0.240    -0.193    -0.179    -0.177
    23.75    61.75    2028    -0.178    -0.178    -0.178    -0.175    -0.198    -0.352    -0.641    -0.701    -0.620    -0.548    -0.267    -0.204
    23.75    61.75    2029    -0.180    -0.171    -0.171    -0.177    -0.217    -0.359    -0.686    -0.796    -0.512    -0.256    -0.184    -0.176
    23.75    61.75    2030    -0.175    -0.175    -0.175    -0.173    -0.191    -0.306    -0.610    -0.895    -1.028    -0.976    -0.952    -0.953
    23.75    61.75    2031    -0.952    -0.922    -0.302    -0.178    -0.213    -0.341    -0.460    -0.495    -0.449    -0.323    -0.225    -0.206
    23.75    61.75    2032    -0.209    -0.204    -0.178    -0.173    -0.202    -0.267    -0.312    -0.429    -0.528    -0.476    -0.359    -0.202
    23.75    61.75    2033    -0.178    -0.174    -0.173    -0.172    -0.199    -0.347    -0.685    -0.956    -0.867    -0.713    -0.431    -0.307
    23.75    61.75    2034    -0.230    -0.196    -0.184    -0.177    -0.181    -0.212    -0.299    -0.334    -0.240    -0.195    -0.178    -0.174
    23.75    61.75    2035    -0.173    -0.173    -0.173    -0.174    -0.196    -0.317    -0.532    -0.789    -1.166    -0.774    -0.359    -0.220
    23.75    61.75    2036    -0.216    -0.216    -0.217    -0.181    -0.178    -0.227    -0.261    -0.400    -0.503    -0.428    -0.267    -0.253
    23.75    61.75    2037    -0.200    -0.172    -0.171    -0.173    -0.192    -0.210    -0.280    -0.354    -0.377    -0.291    -0.230    -0.229
    23.75    61.75    2038    -0.199    -0.173    -0.169    -0.171    -0.174    -0.229    -0.439    -0.852    -0.949    -0.620    -0.265    -0.218
    23.75    61.75    2039    -0.218    -0.183    -0.170    -0.174    -0.208    -0.334    -0.583    -0.511    -0.319    -0.194    -0.173    -0.171
    23.75    61.75    2040    -0.174    -0.173    -0.173    -0.174    -0.192    -0.278    -0.428    -0.577    -0.706    -0.701    -0.419    -0.315
    23.75    61.75    2041    -0.316    -0.304    -0.186    -0.174    -0.229    -0.477    -0.798    -0.929    -1.172    -1.073    -0.639    -0.325
    23.75    61.75    2042    -0.209    -0.206    -0.204    -0.185    -0.191    -0.288    -0.515    -0.687    -0.631    -0.455    -0.253    -0.191
    23.75    61.75    2043    -0.175    -0.173    -0.173    -0.179    -0.215    -0.339    -0.683    -1.278    -1.270    -0.885    -0.302    -0.194
    23.75    61.75    2044    -0.188    -0.188    -0.189    -0.175    -0.194    -0.322    -0.762    -1.060    -0.781    -0.334    -0.191    -0.180
    23.75    61.75    2045    -0.173    -0.171    -0.171    -0.173    -0.199    -0.305    -0.511    -0.571    -0.465    -0.276    -0.224    -0.223
    23.75    61.75    2046    -0.230    -0.230    -0.228    -0.183    -0.190    -0.284    -0.477    -0.628    -0.376    -0.269    -0.200    -0.179
    23.75    61.75    2047    -0.174    -0.175    -0.174    -0.177    -0.217    -0.382    -0.588    -0.784    -1.094    -1.024    -0.585    -0.400
    23.75    61.75    2048    -0.372    -0.188    -0.173    -0.174    -0.200    -0.376    -0.624    -0.627    -0.651    -0.560    -0.338    -0.338
    23.75    61.75    2049    -0.337    -0.334    -0.335    -0.263    -0.193    -0.273    -0.483    -0.485    -0.361    -0.243    -0.194    -0.181
    23.75    61.75    2050    -0.180    -0.180    -0.180    -0.177    -0.194    -0.306    -0.695    -0.698    -0.512    -0.329    -0.212    -0.210
    23.75    61.75    2051    -0.213    -0.213    -0.206    -0.178    -0.187    -0.280    -0.435    -0.372    -0.327    -0.210    -0.185    -0.178
    23.75    61.75    2052    -0.178    -0.178    -0.177    -0.178    -0.182    -0.250    -0.467    -0.659    -0.689    -0.613    -0.443    -0.395
    23.75    61.75    2053    -0.395    -0.291    -0.184    -0.179    -0.190    -0.228    -0.379    -0.545    -0.603    -0.486    -0.274    -0.219
    23.75    61.75    2054    -0.205    -0.199    -0.189    -0.178    -0.194    -0.257    -0.400    -0.658    -0.664    -0.465    -0.261    -0.200
    23.75    61.75    2055    -0.184    -0.184    -0.184    -0.179    -0.178    -0.229    -0.309    -0.411    -0.308    -0.231    -0.185    -0.172
    23.75    61.75    2056    -0.172    -0.172    -0.172    -0.173    -0.187    -0.290    -0.704    -1.376    -1.783    -1.665    -1.208    -0.939
    23.75    61.75    2057    -0.527    -0.315    -0.251    -0.174    -0.200    -0.339    -0.524    -0.520    -0.390    -0.277    -0.212    -0.202
    23.75    61.75    2058    -0.182    -0.183    -0.176    -0.176    -0.189    -0.313    -0.500    -0.861    -0.967    -0.635    -0.454    -0.230
    23.75    61.75    2059    -0.206    -0.193    -0.193    -0.175    -0.197    -0.322    -0.593    -0.841    -0.747    -0.439    -0.234    -0.225
    23.75    61.75    2060    -0.227    -0.227    -0.196    -0.176    -0.188    -0.290    -0.573    -0.505    -0.372    -0.238    -0.189    -0.178
    23.75    61.75    2061    -0.180    -0.178    -0.176    -0.176    -0.187    -0.237    -0.323    -0.473    -0.593    -0.408    -0.234    -0.205
    23.75    61.75    2062    -0.188    -0.177    -0.178    -0.188    -0.263    -0.525    -1.107    -2.324    -2.740    -1.415    -0.538    -0.305
    23.75    61.75    2063    -0.263    -0.221    -0.185    -0.176    -0.210    -0.353    -0.781    -1.229    -1.140    -0.897    -0.727    -0.704
    23.75    61.75    2064    -0.704    -0.703    -0.581    -0.222    -0.181    -0.258    -0.568    -1.046    -1.108    -0.891    -0.401    -0.233
    23.75    61.75    2065    -0.203    -0.193    -0.179    -0.175    -0.203    -0.406    -0.846    -1.165    -1.071    -0.763    -0.330    -0.238
    23.75    61.75    2066    -0.231    -0.231    -0.211    -0.174    -0.183    -0.212    -0.312    -0.327    -0.286    -0.228    -0.185    -0.176
    23.75    61.75    2067    -0.174    -0.174    -0.172    -0.173    -0.185    -0.267    -0.490    -0.603    -0.482    -0.261    -0.188    -0.174
    23.75    61.75    2068    -0.172    -0.172    -0.172    -0.172    -0.187    -0.259    -0.535    -0.903    -0.878    -0.510    -0.247    -0.216
    23.75    61.75    2069    -0.212    -0.212    -0.211    -0.175    -0.184    -0.237    -0.468    -0.760    -0.823    -0.592    -0.307    -0.241
    23.75    61.75    2070    -0.194    -0.175    -0.173    -0.175    -0.226    -0.359    -0.739    -1.207    -0.995    -0.692    -0.290    -0.204
    23.75    61.75    2071    -0.177    -0.173    -0.173    -0.174    -0.220    -0.421    -0.622    -0.519    -0.540    -0.318    -0.219    -0.185
    23.75    61.75    2072    -0.182    -0.182    -0.183    -0.178    -0.201    -0.339    -0.497    -0.428    -0.326    -0.227    -0.189    -0.187
    23.75    61.75    2073    -0.183    -0.176    -0.176    -0.191    -0.326    -0.791    -1.608    -2.281    -2.145    -1.163    -0.469    -0.299
    23.75    61.75    2074    -0.303    -0.302    -0.209    -0.181    -0.207    -0.356    -0.713    -0.993    -0.946    -0.579    -0.381    -0.367
    23.75    61.75    2075    -0.298    -0.195    -0.182    -0.185    -0.255    -0.442    -0.671    -0.530    -0.334    -0.248    -0.219    -0.219
    23.75    61.75    2076    -0.218    -0.218    -0.211    -0.201    -0.194    -0.236    -0.383    -0.584    -0.713    -0.687    -0.496    -0.483
    23.75    61.75    2077    -0.477    -0.476    -0.459    -0.214    -0.208    -0.350    -0.526    -0.690    -0.516    -0.309    -0.207    -0.197
    23.75    61.75    2078    -0.194    -0.191    -0.186    -0.189    -0.282    -0.426    -0.589    -0.669    -0.486    -0.316    -0.207    -0.189
    23.75    61.75    2079    -0.186    -0.182    -0.178    -0.179    -0.198    -0.311    -0.640    -0.764    -0.723    -0.517    -0.283    -0.204
    23.75    61.75    2080    -0.197    -0.184    -0.174    -0.174    -0.183    -0.217    -0.330    -0.576    -0.564    -0.483    -0.300    -0.198
    23.75    61.75    2081    -0.186    -0.185    -0.185    -0.177    -0.214    -0.377    -0.721    -1.075    -1.316    -1.096    -0.607    -0.596
    23.75    61.75    2082    -0.366    -0.174    -0.173    -0.176    -0.212    -0.384    -0.769    -0.796    -0.464    -0.292    -0.205    -0.196
    23.75    61.75    2083    -0.182    -0.182    -0.180    -0.176    -0.198    -0.349    -0.549    -0.665    -0.620    -0.450    -0.271    -0.196
    23.75    61.75    2084    -0.198    -0.198    -0.180    -0.178    -0.193    -0.275    -0.560    -1.170    -1.105    -0.941    -0.383    -0.195
    23.75    61.75    2085    -0.187    -0.187    -0.186    -0.181    -0.199    -0.336    -0.835    -1.489    -1.517    -1.301    -0.759    -0.314
    23.75    61.75    2086    -0.242    -0.242    -0.242    -0.197    -0.201    -0.366    -0.859    -1.740    -2.247    -1.727    -0.659    -0.274
    23.75    61.75    2087    -0.185    -0.176    -0.176    -0.174    -0.188    -0.245    -0.341    -0.327    -0.280    -0.208    -0.186    -0.175
    23.75    61.75    2088    -0.175    -0.175    -0.175    -0.175    -0.188    -0.311    -0.579    -0.873    -0.687    -0.307    -0.207    -0.203
    23.75    61.75    2089    -0.179    -0.174    -0.174    -0.178    -0.239    -0.577    -1.183    -1.907    -1.458    -0.863    -0.376    -0.356
    23.75    61.75    2090    -0.234    -0.172    -0.171    -0.172    -0.186    -0.258    -0.430    -0.563    -0.454    -0.220    -0.184    -0.177
    23.75    61.75    2091    -0.172    -0.172    -0.172    -0.173    -0.197    -0.305    -0.557    -0.763    -0.724    -0.480    -0.294    -0.229
    23.75    61.75    2092    -0.179    -0.176    -0.171    -0.171    -0.187    -0.316    -0.715    -1.647    -2.243    -2.202    -1.264    -0.456
    23.75    61.75    2093    -0.236    -0.181    -0.168    -0.168    -0.187    -0.274    -0.531    -1.032    -0.723    -0.403    -0.201    -0.177
    23.75    61.75    2094    -0.169    -0.169    -0.168    -0.169    -0.175    -0.204    -0.202    -0.203    -0.182    -0.171    -0.168    -0.168
    23.75    61.75    2095    -0.170    -0.170    -0.170    -0.172    -0.204    -0.337    -0.781    -1.655    -1.289    -0.656    -0.241    -0.180
    23.75    61.75    2096    -0.174    -0.174    -0.174    -0.174    -0.208    -0.277    -0.559    -1.027    -1.165    -0.669    -0.311    -0.212
    23.75    61.75    2097    -0.181    -0.177    -0.177    -0.182    -0.254    -0.474    -0.769    -0.870    -0.624    -0.493    -0.336    -0.264
    23.75    61.75    2098    -0.206    -0.179    -0.178    -0.180    -0.207    -0.373    -0.802    -0.956    -0.539    -0.349    -0.243    -0.210
    23.75    61.75    2099    -0.211    -0.211    -0.211    -0.204    -0.192    -0.266    -0.544    -0.999    -1.295    -1.067    -0.752    -0.744
    23.75    61.75    2100    -0.549    -0.399    -0.373    -0.186    -0.192    -0.234    -0.299    -0.472    -0.675    -0.492    -0.306    -0.298
    23.75    61.75    2101    -0.206    -0.185    -0.179    -0.178    -0.226    -0.422    -0.603    -0.670    -0.691    -0.391    -0.255    -0.189
    23.75    61.75    2102    -0.173    -0.173    -0.173    -0.174    -0.192    -0.297    -0.416    -0.389    -0.362    -0.237    -0.184    -0.181
    23.75    61.75    2103    -0.176    -0.172    -0.172    -0.185    -0.305    -0.700    -1.360    -2.149    -1.887    -1.019    -0.488    -0.295
    23.75    61.75    2104    -0.293    -0.292    -0.199    -0.174    -0.198    -0.316    -0.641    -0.770    -0.736    -0.470    -0.243    -0.225
    23.75    61.75    2105    -0.200    -0.176    -0.171    -0.174    -0.221    -0.392    -0.601    -0.510    -0.342    -0.226    -0.195    -0.194
    23.75    61.75    2106    -0.192    -0.192    -0.186    -0.178    -0.177    -0.210    -0.279    -0.318    -0.410    -0.443    -0.328    -0.317
    23.75    61.75    2107    -0.312    -0.312    -0.304    -0.186    -0.199    -0.326    -0.529    -0.748    -0.550    -0.280    -0.179    -0.177
    23.75    61.75    2108    -0.177    -0.177    -0.175    -0.181    -0.247    -0.426    -0.588    -0.605    -0.393    -0.245    -0.179    -0.172
    23.75    61.75    2109    -0.176    -0.176    -0.176    -0.177    -0.196    -0.330    -0.662    -0.936    -0.869    -0.524    -0.267    -0.196
    23.75    61.75    2110    -0.188    -0.177    -0.172    -0.172    -0.181    -0.207    -0.300    -0.459    -0.529    -0.472    -0.281    -0.193
    23.75    61.75    2111    -0.185    -0.185    -0.185    -0.176    -0.205    -0.373    -0.760    -1.028    -1.287    -1.213    -0.722    -0.715
    23.75    61.75    2112    -0.409    -0.172    -0.170    -0.174    -0.195    -0.335    -0.648    -0.646    -0.498    -0.307    -0.212    -0.198
    23.75    61.75    2113    -0.182    -0.182    -0.180    -0.173    -0.193    -0.354    -0.648    -0.627    -0.559    -0.388    -0.228    -0.184
    23.75    61.75    2114    -0.183    -0.183    -0.175    -0.175    -0.190    -0.263    -0.523    -0.956    -0.909    -0.845    -0.365    -0.196
    23.75    61.75    2115    -0.188    -0.188    -0.188    -0.178    -0.197    -0.344    -0.856    -1.559    -1.706    -1.610    -0.663    -0.308
    23.75    61.75    2116    -0.224    -0.224    -0.224    -0.185    -0.193    -0.356    -0.745    -1.515    -2.240    -1.355    -0.469    -0.219
    23.75    61.75    2117    -0.170    -0.170    -0.170    -0.169    -0.186    -0.245    -0.290    -0.294    -0.268    -0.184    -0.176    -0.169
    23.75    61.75    2118    -0.170    -0.170    -0.170    -0.170    -0.184    -0.276    -0.560    -0.990    -0.742    -0.297    -0.205    -0.197
    23.75    61.75    2119    -0.172    -0.169    -0.169    -0.171    -0.234    -0.504    -1.239    -2.100    -1.842    -0.891    -0.403    -0.369
    23.75    61.75    2120    -0.217    -0.169    -0.169    -0.169    -0.182    -0.250    -0.416    -0.573    -0.379    -0.217    -0.180    -0.175
    23.75    61.75    2121    -0.170    -0.170    -0.170    -0.171    -0.194    -0.314    -0.576    -0.807    -0.844    -0.586    -0.313    -0.230
    23.75    61.75    2122    -0.182    -0.179    -0.173    -0.173    -0.194    -0.347    -0.876    -1.796    -2.532    -2.426    -1.091    -0.572
    23.75    61.75    2123    -0.283    -0.198    -0.172    -0.171    -0.194    -0.301    -0.612    -1.032    -0.845    -0.430    -0.228    -0.185
    23.75    61.75    2124    -0.170    -0.170    -0.169    -0.169    -0.178    -0.213    -0.255    -0.258    -0.198    -0.174    -0.169    -0.169
    23.75    61.75    2125    -0.169    -0.169    -0.169    -0.171    -0.200    -0.339    -0.754    -1.563    -1.096    -0.482    -0.229    -0.172
    23.75    61.75    2126    -0.172    -0.172    -0.172    -0.173    -0.197    -0.292    -0.528    -0.889    -1.038    -0.740    -0.252    -0.199
    23.75    61.75    2127    -0.177    -0.174    -0.174    -0.181    -0.268    -0.436    -0.674    -0.769    -0.713    -0.582    -0.409    -0.312
    23.75    61.75    2128    -0.231    -0.182    -0.177    -0.178    -0.207    -0.345    -0.660    -0.786    -0.556    -0.469    -0.265    -0.220
    23.75    61.75    2129    -0.211    -0.211    -0.211    -0.205    -0.184    -0.261    -0.560    -0.903    -1.178    -0.952    -0.641    -0.631
    23.75    61.75    2130    -0.483    -0.362    -0.330    -0.176    -0.184    -0.212    -0.317    -0.461    -0.540    -0.431    -0.272    -0.264
    21.75    39.75    1980    -0.243    -0.159    -0.156    -0.173    -0.231    -0.367    -0.672    -1.471    -2.459    -2.776    -2.185    -1.238
    21.75    39.75    1981    -0.917    -0.687    -0.626    -0.999    -2.085    -2.820    -2.920    -3.011    -3.089    -3.128    -2.849    -2.570
    21.75    39.75    1982    -1.612    -1.025    -0.840    -0.704    -0.729    -0.926    -1.234    -1.466    -1.660    -1.262    -0.802    -0.524
    21.75    39.75    1983    -0.281    -0.224    -0.201    -0.177    -0.200    -0.238    -0.290    -0.364    -0.470    -0.523    -0.530    -0.314
    21.75    39.75    1984    -0.217    -0.195    -0.199    -0.235    -0.283    -0.408    -0.650    -0.948    -1.170    -1.304    -1.342    -0.843
    21.75    39.75    1985    -0.334    -0.204    -0.167    -0.188    -0.238    -0.326    -0.516    -0.930    -1.243    -1.370    -1.325    -0.670
    21.75    39.75    1986    -0.289    -0.183    -0.157    -0.159    -0.179    -0.227    -0.307    -0.449    -0.639    -0.811    -0.953    -0.843
    21.75    39.75    1987    -0.537    -0.227    -0.177    -0.173    -0.205    -0.267    -0.406    -0.705    -1.070    -1.213    -1.098    -0.731
    21.75    39.75    1988    -0.466    -0.400    -0.445    -0.611    -1.086    -1.283    -1.442    -1.560    -1.654    -1.325    -0.603    -0.378
    21.75    39.75    1989    -0.212    -0.183    -0.170    -0.191    -0.251    -0.351    -0.549    -1.028    -1.506    -1.657    -1.163    -0.427
    21.75    39.75    1990    -0.244    -0.201    -0.174    -0.173    -0.223    -0.325    -0.532    -1.033    -1.539    -1.757    -1.303    -0.980
    21.75    39.75    1991    -0.737    -0.558    -0.488    -0.752    -1.386    -1.776    -1.967    -2.164    -2.369    -2.535    -1.592    -0.607
    21.75    39.75    1992    -0.446    -0.331    -0.257    -0.253    -0.326    -0.444    -0.641    -1.025    -1.332    -1.177    -0.599    -0.318
    21.75    39.75    1993    -0.206    -0.169    -0.157    -0.164    -0.207    -0.298    -0.449    -0.736    -1.326    -2.189    -1.460    -0.498
    21.75    39.75    1994    -0.269    -0.201    -0.182    -0.199    -0.264    -0.409    -0.690    -1.346    -2.318    -2.586    -2.301    -1.468
    21.75    39.75    1995    -0.564    -0.284    -0.177    -0.165    -0.220    -0.337    -0.579    -1.119    -2.257    -2.746    -2.192    -1.009
    21.75    39.75    1996    -0.481    -0.336    -0.275    -0.231    -0.272    -0.470    -0.937    -2.022    -2.757    -2.920    -2.508    -1.951
    21.75    39.75    1997    -0.757    -0.300    -0.206    -0.219    -0.333    -0.591    -1.258    -2.543    -2.951    -3.043    -2.724    -1.577
    21.75    39.75    1998    -0.748    -0.418    -0.312    -0.368    -0.668    -1.487    -2.757    -3.027    -3.064    -3.068    -3.008    -1.873
    21.75    39.75    1999    -0.794    -0.406    -0.338    -0.491    -0.983    -2.256    -3.019    -3.065    -3.087    -3.103    -2.719    -1.258
    21.75    39.75    2000    -0.567    -0.375    -0.404    -0.497    -0.865    -1.777    -2.898    -3.072    -2.942    -3.060    -2.656    -1.499
    21.75    39.75    2001    -0.530    -0.314    -0.219    -0.217    -0.334    -0.576    -1.042    -2.045    -2.863    -2.944    -1.569    -0.745
    21.75    39.75    2002    -0.380    -0.280    -0.258    -0.324    -0.527    -0.972    -2.019    -2.850    -2.990    -2.880    -2.279    -1.390
    21.75    39.75    2003    -0.881    -0.436    -0.259    -0.228    -0.301    -0.453    -0.755    -1.370    -2.363    -2.922    -2.413    -1.087
    21.75    39.75    2004    -0.560    -0.327    -0.286    -0.329    -0.539    -1.039    -2.107    -2.853    -2.954    -2.977    -2.892    -2.139
    21.75    39.75    2005    -1.150    -0.636    -0.464    -0.634    -0.838    -1.329    -2.526    -2.939    -2.922    -2.917    -2.924    -2.326
    21.75    39.75    2006    -1.043    -0.492    -0.332    -0.294    -0.367    -0.640    -1.243    -2.281    -2.893    -2.964    -2.102    -1.044
    21.75    39.75    2007    -0.564    -0.410    -0.414    -0.638    -1.392    -2.599    -2.892    -2.953    -2.985    -3.007    -2.427    -1.120
    21.75    39.75    2008    -0.575    -0.263    -0.178    -0.203    -0.262    -0.372    -0.531    -0.862    -1.570    -2.222    -2.545    -1.974
    21.75    39.75    2009    -0.823    -0.514    -0.412    -0.385    -0.630    -1.274    -2.286    -2.775    -2.885    -2.926    -2.898    -2.347
    21.75    39.75    2010    -0.905    -0.647    -0.683    -1.130    -2.221    -2.886    -2.941    -2.972    -3.001    -3.026    -2.989    -1.802
    21.75    39.75    2011    -0.870    -0.441    -0.270    -0.296    -0.385    -0.459    -0.558    -0.735    -1.009    -1.238    -1.349    -0.860
    21.75    39.75    2012    -0.442    -0.268    -0.230    -0.259    -0.339    -0.487    -0.756    -1.163    -1.340    -1.408    -1.012    -0.373
    21.75    39.75    2013    -0.233    -0.179    -0.165    -0.192    -0.244    -0.320    -0.442    -0.621    -0.894    -1.072    -0.865    -0.397
    21.75    39.75    2014    -0.257    -0.215    -0.246    -0.348    -0.560    -0.965    -1.550    -2.083    -2.478    -2.631    -2.650    -1.594
    21.75    39.75    2015    -0.536    -0.266    -0.239    -0.319    -0.495    -0.838    -1.566    -2.427    -2.804    -2.956    -2.450    -0.754
    21.75    39.75    2016    -0.423    -0.294    -0.304    -0.356    -0.493    -0.913    -1.848    -2.798    -2.963    -2.997    -2.061    -0.881
    21.75    39.75    2017    -0.482    -0.254    -0.206    -0.222    -0.310    -0.525    -1.000    -1.981    -2.677    -2.989    -3.009    -2.653
    21.75    39.75    2018    -1.401    -1.148    -1.481    -2.724    -3.039    -3.114    -3.208    -3.293    -3.268    -3.039    -3.064    -2.279
    21.75    39.75    2019    -0.813    -0.359    -0.287    -0.301    -0.334    -0.385    -0.454    -0.568    -0.736    -0.877    -0.753    -0.332
    21.75    39.75    2020    -0.206    -0.172    -0.158    -0.168    -0.198    -0.235    -0.285    -0.365    -0.480    -0.583    -0.492    -0.280
    21.75    39.75    2021    -0.219    -0.161    -0.157    -0.177    -0.214    -0.276    -0.372    -0.534    -0.756    -0.951    -1.054    -0.568
    21.75    39.75    2022    -0.323    -0.203    -0.179    -0.176    -0.209    -0.273    -0.388    -0.639    -0.943    -1.118    -1.236    -1.337
    21.75    39.75    2023    -1.175    -0.510    -0.405    -0.417    -0.577    -1.026    -1.423    -1.650    -1.763    -1.818    -1.275    -0.839
    21.75    39.75    2024    -0.566    -0.377    -0.286    -0.279    -0.280    -0.418    -0.645    -1.114    -1.649    -1.820    -1.827    -1.392
    21.75    39.75    2025    -0.675    -0.329    -0.221    -0.198    -0.233    -0.325    -0.502    -0.887    -1.424    -1.742    -1.699    -0.606
    21.75    39.75    2026    -0.324    -0.250    -0.245    -0.232    -0.247    -0.348    -0.578    -1.024    -1.592    -1.827    -1.160    -0.691
    21.75    39.75    2027    -0.415    -0.251    -0.214    -0.244    -0.365    -0.636    -1.197    -1.800    -2.018    -2.114    -1.190    -0.441
    21.75    39.75    2028    -0.241    -0.190    -0.162    -0.167    -0.202    -0.285    -0.449    -0.754    -1.259    -1.985    -2.261    -2.105
    21.75    39.75    2029    -1.938    -1.727    -1.487    -2.117    -2.510    -2.733    -2.889    -3.035    -3.167    -2.932    -1.986    -0.841
    21.75    39.75    2030    -0.486    -0.276    -0.234    -0.232    -0.244    -0.284    -0.326    -0.385    -0.451    -0.495    -0.486    -0.475
    21.75    39.75    2031    -0.348    -0.280    -0.328    -0.437    -0.645    -1.024    -1.480    -1.805    -2.094    -2.251    -2.359    -1.906
    21.75    39.75    2032    -0.578    -0.362    -0.256    -0.205    -0.223    -0.290    -0.373    -0.469    -0.660    -0.902    -1.099    -0.681
    21.75    39.75    2033    -0.358    -0.210    -0.163    -0.167    -0.214    -0.295    -0.411    -0.649    -1.105    -1.750    -2.105    -2.250
    21.75    39.75    2034    -1.865    -0.747    -0.399    -0.354    -0.490    -0.864    -1.614    -2.322    -2.698    -2.882    -2.883    -2.048
    21.75    39.75    2035    -1.115    -0.674    -0.551    -0.615    -1.035    -1.930    -2.846    -2.986    -2.946    -3.068    -3.034    -1.779
    21.75    39.75    2036    -0.677    -0.383    -0.345    -0.463    -0.738    -1.282    -2.277    -3.001    -3.103    -3.127    -3.140    -2.921
    21.75    39.75    2037    -2.157    -2.208    -3.020    -3.081    -3.130    -3.170    -3.218    -3.242    -3.262    -3.228    -2.598    -1.823
    21.75    39.75    2038    -1.163    -1.058    -1.046    -1.238    -1.435    -1.556    -1.687    -1.820    -1.918    -2.083    -2.290    -2.039
    21.75    39.75    2039    -1.279    -0.936    -0.658    -0.619    -0.707    -0.818    -0.915    -1.055    -1.172    -1.300    -1.409    -0.804
    21.75    39.75    2040    -0.283    -0.189    -0.181    -0.201    -0.234    -0.272    -0.322    -0.384    -0.485    -0.592    -0.565    -0.466
    21.75    39.75    2041    -0.268    -0.226    -0.200    -0.187    -0.231    -0.311    -0.422    -0.606    -0.842    -1.009    -1.052    -0.655
    21.75    39.75    2042    -0.272    -0.193    -0.180    -0.173    -0.203    -0.256    -0.356    -0.531    -0.848    -1.023    -1.059    -0.552
    21.75    39.75    2043    -0.316    -0.265    -0.320    -0.493    -0.884    -1.092    -1.210    -1.326    -1.426    -1.287    -0.794    -0.437
    21.75    39.75    2044    -0.296    -0.241    -0.186    -0.202    -0.266    -0.367    -0.547    -0.894    -1.246    -1.341    -1.279    -0.578
    21.75    39.75    2045    -0.274    -0.219    -0.206    -0.258    -0.404    -0.775    -1.152    -1.327    -1.437    -1.496    -1.177    -0.448
    21.75    39.75    2046    -0.240    -0.193    -0.172    -0.202    -0.269    -0.388    -0.602    -1.067    -1.408    -1.564    -1.320    -1.017
    21.75    39.75    2047    -0.421    -0.234    -0.228    -0.234    -0.318    -0.531    -0.994    -1.473    -1.648    -1.666    -0.897    -0.516
    21.75    39.75    2048    -0.285    -0.248    -0.260    -0.328    -0.530    -1.049    -1.670    -1.940    -2.125    -2.185    -2.215    -1.262
    21.75    39.75    2049    -0.686    -0.436    -0.433    -0.624    -1.030    -1.840    -2.330    -2.456    -2.513    -2.532    -1.833    -0.764
    21.75    39.75    2050    -0.624    -0.507    -0.541    -0.806    -1.455    -2.309    -2.530    -2.557    -2.564    -2.557    -2.258    -1.270
    21.75    39.75    2051    -0.616    -0.365    -0.350    -0.444    -0.632    -0.909    -1.355    -1.968    -2.334    -2.518    -1.787    -0.709
    21.75    39.75    2052    -0.325    -0.236    -0.202    -0.247    -0.332    -0.472    -0.718    -1.160    -1.755    -2.146    -1.170    -0.555
    21.75    39.75    2053    -0.310    -0.246    -0.260    -0.349    -0.541    -0.923    -1.696    -2.111    -2.394    -2.527    -2.511    -2.347
    21.75    39.75    2054    -1.415    -0.629    -0.420    -0.527    -0.858    -1.619    -2.422    -2.554    -2.569    -2.556    -2.199    -1.714
    21.75    39.75    2055    -0.834    -0.497    -0.497    -0.780    -1.374    -2.327    -2.560    -2.569    -2.571    -2.194    -1.514    -1.208
    21.75    39.75    2056    -0.830    -0.471    -0.334    -0.371    -0.551    -0.869    -1.489    -2.322    -2.549    -2.550    -2.541    -1.763
    21.75    39.75    2057    -0.757    -0.402    -0.373    -0.540    -0.910    -1.759    -2.376    -2.570    -2.563    -2.588    -2.595    -2.168
    21.75    39.75    2058    -0.735    -0.443    -0.441    -0.524    -0.945    -1.883    -2.431    -2.559    -2.563    -2.521    -2.177    -1.763
    21.75    39.75    2059    -1.277    -0.724    -0.588    -0.864    -1.832    -2.526    -2.551    -2.553    -2.555    -2.550    -2.374    -0.915
    21.75    39.75    2060    -0.446    -0.282    -0.204    -0.223    -0.311    -0.388    -0.488    -0.652    -0.919    -1.036    -0.871    -0.421
    21.75    39.75    2061    -0.318    -0.288    -0.345    -0.508    -0.875    -1.541    -1.944    -2.105    -2.166    -2.076    -1.059    -0.534
    21.75    39.75    2062    -0.269    -0.235    -0.260    -0.372    -0.604    -1.137    -1.882    -2.125    -2.213    -2.236    -1.468    -0.542
    21.75    39.75    2063    -0.261    -0.220    -0.255    -0.358    -0.639    -1.362    -2.061    -2.285    -2.370    -2.472    -1.706    -0.740
    21.75    39.75    2064    -0.484    -0.300    -0.243    -0.313    -0.521    -1.026    -1.973    -2.438    -2.531    -2.546    -2.351    -0.987
    21.75    39.75    2065    -0.392    -0.337    -0.474    -0.940    -2.031    -2.510    -2.557    -2.570    -2.574    -2.548    -2.454    -1.368
    21.75    39.75    2066    -0.626    -0.337    -0.379    -0.618    -1.277    -2.218    -2.528    -2.558    -2.518    -1.952    -0.794    -0.454
    21.75    39.75    2067    -0.300    -0.210    -0.175    -0.195    -0.295    -0.441    -0.726    -1.461    -2.049    -2.330    -1.931    -0.854
    21.75    39.75    2068    -0.461    -0.319    -0.330    -0.519    -1.034    -2.032    -2.444    -2.525    -2.541    -2.544    -2.343    -1.829
    21.75    39.75    2069    -0.632    -0.344    -0.222    -0.230    -0.302    -0.430    -0.613    -0.969    -1.676    -2.377    -2.462    -1.735
    21.75    39.75    2070    -0.749    -0.492    -0.356    -0.443    -0.744    -1.445    -2.285    -2.487    -2.537    -2.457    -1.829    -1.647
    21.75    39.75    2071    -1.464    -1.441    -1.790    -2.410    -2.509    -2.545    -2.562    -2.548    -2.570    -2.553    -2.532    -2.189
    21.75    39.75    2072    -1.206    -0.536    -0.399    -0.322    -0.317    -0.365    -0.414    -0.478    -0.565    -0.675    -0.500    -0.279
    21.75    39.75    2073    -0.202    -0.171    -0.167    -0.170    -0.191    -0.238    -0.292    -0.362    -0.433    -0.469    -0.491    -0.372
    21.75    39.75    2074    -0.232    -0.212    -0.213    -0.256    -0.363    -0.551    -0.872    -1.413    -1.713    -1.775    -1.314    -0.560
    21.75    39.75    2075    -0.318    -0.245    -0.226    -0.283    -0.442    -0.810    -1.516    -1.805    -1.960    -2.052    -1.716    -0.867
    21.75    39.75    2076    -0.403    -0.333    -0.341    -0.389    -0.633    -1.272    -1.952    -2.128    -2.198    -2.026    -1.160    -0.799
    21.75    39.75    2077    -0.566    -0.373    -0.298    -0.368    -0.586    -1.094    -1.922    -2.189    -2.250    -2.242    -2.194    -1.160
    21.75    39.75    2078    -0.463    -0.272    -0.286    -0.390    -0.591    -1.035    -1.843    -2.222    -2.274    -2.280    -2.233    -1.854
    21.75    39.75    2079    -1.175    -0.788    -0.659    -0.963    -1.687    -2.181    -2.261    -2.276    -2.281    -2.283    -2.271    -1.845
    21.75    39.75    2080    -0.838    -0.488    -0.459    -0.542    -0.673    -0.835    -1.029    -1.338    -1.765    -1.894    -1.775    -1.071
    21.75    39.75    2081    -0.472    -0.330    -0.360    -0.455    -0.616    -0.893    -1.299    -1.822    -2.112    -2.178    -2.191    -1.758
    21.75    39.75    2082    -1.042    -0.689    -0.728    -1.051    -1.781    -2.171    -2.220    -2.262    -2.291    -2.298    -2.305    -2.081
    21.75    39.75    2083    -1.445    -1.135    -1.043    -1.450    -2.172    -2.290    -2.296    -2.299    -2.307    -2.312    -1.846    -0.583
    21.75    39.75    2084    -0.348    -0.236    -0.210    -0.260    -0.318    -0.363    -0.417    -0.512    -0.625    -0.622    -0.464    -0.286
    21.75    39.75    2085    -0.188    -0.167    -0.167    -0.189    -0.231    -0.300    -0.408    -0.586    -0.838    -1.213    -1.485    -1.430
    21.75    39.75    2086    -0.794    -0.478    -0.269    -0.253    -0.362    -0.595    -1.126    -1.598    -1.771    -1.847    -1.880    -1.044
    21.75    39.75    2087    -0.530    -0.289    -0.202    -0.205    -0.287    -0.446    -0.734    -1.356    -1.866    -1.917    -1.272    -0.456
    21.75    39.75    2088    -0.235    -0.201    -0.206    -0.282    -0.442    -0.832    -1.592    -1.878    -1.944    -1.968    -0.994    -0.483
    21.75    39.75    2089    -0.427    -0.360    -0.256    -0.251    -0.386    -0.665    -1.275    -1.883    -1.914    -1.891    -1.171    -0.469
    21.75    39.75    2090    -0.296    -0.233    -0.200    -0.197    -0.246    -0.356    -0.580    -1.076    -1.828    -2.032    -1.793    -0.846
    21.75    39.75    2091    -0.548    -0.308    -0.298    -0.342    -0.599    -1.281    -1.922    -2.024    -2.080    -2.033    -1.745    -0.917
    21.75    39.75    2092    -0.408    -0.263    -0.263    -0.360    -0.641    -1.436    -2.037    -2.120    -2.167    -1.926    -1.401    -0.565
    21.75    39.75    2093    -0.461    -0.372    -0.323    -0.365    -0.652    -1.435    -2.050    -2.156    -2.205    -2.209    -1.915    -0.931
    21.75    39.75    2094    -0.392    -0.262    -0.217    -0.246    -0.378    -0.675    -1.366    -1.969    -2.097    -1.905    -1.414    -0.919
    21.75    39.75    2095    -0.496    -0.415    -0.389    -0.485    -0.808    -1.682    -2.085    -2.162    -2.208    -1.907    -1.435    -1.140
    21.75    39.75    2096    -0.773    -0.548    -0.435    -0.563    -1.028    -1.881    -2.123    -2.213    -2.238    -2.232    -2.203    -1.952
    21.75    39.75    2097    -1.355    -1.213    -1.686    -2.201    -2.239    -2.264    -2.270    -2.273    -2.280    -2.217    -1.294    -0.493
    21.75    39.75    2098    -0.293    -0.226    -0.228    -0.225    -0.233    -0.243    -0.245    -0.248    -0.255    -0.259    -0.214    -0.168
    21.75    39.75    2099    -0.157    -0.154    -0.157    -0.165    -0.178    -0.187    -0.198    -0.219    -0.230    -0.247    -0.262    -0.202
    21.75    39.75    2100    -0.163    -0.160    -0.159    -0.172    -0.183    -0.198    -0.212    -0.232    -0.260    -0.304    -0.329    -0.188
    21.75    39.75    2101    -0.170    -0.169    -0.170    -0.180    -0.202    -0.229    -0.273    -0.328    -0.349    -0.361    -0.371    -0.364
    21.75    39.75    2102    -0.259    -0.180    -0.166    -0.163    -0.173    -0.197    -0.215    -0.233    -0.277    -0.333    -0.292    -0.183
    21.75    39.75    2103    -0.164    -0.160    -0.158    -0.158    -0.165    -0.181    -0.205    -0.229    -0.269    -0.323    -0.326    -0.231
    21.75    39.75    2104    -0.178    -0.169    -0.177    -0.196    -0.246    -0.325    -0.359    -0.391    -0.411    -0.427    -0.344    -0.195
    21.75    39.75    2105    -0.167    -0.159    -0.159    -0.172    -0.197    -0.236    -0.283    -0.353    -0.430    -0.472    -0.457    -0.234
    21.75    39.75    2106    -0.172    -0.167    -0.170    -0.171    -0.194    -0.239    -0.318    -0.407    -0.443    -0.415    -0.276    -0.239
    21.75    39.75    2107    -0.204    -0.178    -0.169    -0.179    -0.211    -0.264    -0.370    -0.437    -0.477    -0.525    -0.520    -0.401
    21.75    39.75    2108    -0.224    -0.171    -0.181    -0.210    -0.266    -0.373    -0.521    -0.619    -0.712    -0.804    -0.826    -0.796
    21.75    39.75    2109    -0.528    -0.390    -0.307    -0.387    -0.550    -0.753    -0.954    -1.208    -1.480    -1.700    -1.742    -1.210
    21.75    39.75    2110    -0.657    -0.393    -0.374    -0.447    -0.612    -0.869    -1.304    -1.704    -1.942    -1.940    -1.896    -1.131
    21.75    39.75    2111    -0.613    -0.418    -0.433    -0.573    -0.852    -1.370    -2.013    -2.169    -2.223    -2.236    -2.216    -1.962
    21.75    39.75    2112    -1.244    -0.779    -0.862    -1.308    -2.070    -2.241    -2.264    -2.272    -2.277    -2.287    -2.300    -1.992
    21.75    39.75    2113    -1.415    -1.161    -1.088    -1.343    -1.818    -2.164    -2.239    -2.266    -2.298    -2.306    -1.609    -0.555
    21.75    39.75    2114    -0.291    -0.230    -0.200    -0.232    -0.281    -0.318    -0.351    -0.402    -0.447    -0.486    -0.374    -0.220
    21.75    39.75    2115    -0.178    -0.166    -0.167    -0.186    -0.217    -0.272    -0.343    -0.450    -0.621    -0.904    -1.067    -0.996
    21.75    39.75    2116    -0.597    -0.297    -0.209    -0.193    -0.246    -0.333    -0.518    -0.835    -1.282    -1.449    -1.470    -1.111
    21.75    39.75    2117    -0.525    -0.294    -0.199    -0.192    -0.259    -0.386    -0.620    -1.116    -1.531    -1.673    -0.987    -0.391
    21.75    39.75    2118    -0.248    -0.200    -0.197    -0.254    -0.369    -0.615    -1.163    -1.668    -1.904    -1.875    -1.283    -0.662
    21.75    39.75    2119    -0.522    -0.435    -0.316    -0.303    -0.449    -0.791    -1.459    -1.967    -2.035    -2.081    -1.706    -0.761
    21.75    39.75    2120    -0.356    -0.268    -0.242    -0.257    -0.330    -0.506    -0.883    -1.581    -2.053    -2.122    -1.854    -1.019
    21.75    39.75    2121    -0.488    -0.329    -0.293    -0.310    -0.487    -0.910    -1.773    -2.120    -2.172    -2.214    -1.575    -0.567
    21.75    39.75    2122    -0.280    -0.192    -0.183    -0.230    -0.336    -0.577    -1.126    -1.946    -2.234    -2.075    -0.941    -0.400
    21.75    39.75    2123    -0.266    -0.216    -0.201    -0.202    -0.296    -0.504    -1.016    -1.882    -2.225    -2.235    -2.102    -1.090
    21.75    39.75    2124    -0.545    -0.313    -0.220    -0.249    -0.376    -0.687    -1.441    -2.131    -2.226    -2.112    -1.512    -0.889
    21.75    39.75    2125    -0.450    -0.320    -0.268    -0.328    -0.494    -1.006    -2.001    -2.230    -2.241    -2.013    -1.375    -1.116
    21.75    39.75    2126    -0.766    -0.442    -0.405    -0.523    -0.979    -1.901    -2.219    -2.229    -2.234    -2.222    -2.183    -1.785
    21.75    39.75    2127    -1.162    -1.057    -1.482    -2.173    -2.212    -2.239    -2.243    -2.245    -2.247    -2.224    -1.443    -0.472
    21.75    39.75    2128    -0.298    -0.215    -0.218    -0.225    -0.233    -0.245    -0.249    -0.252    -0.257    -0.264    -0.210    -0.163
    21.75    39.75    2129    -0.156    -0.154    -0.154    -0.157    -0.167    -0.174    -0.186    -0.204    -0.217    -0.232    -0.255    -0.203
    21.75    39.75    2130    -0.161    -0.157    -0.156    -0.165    -0.176    -0.186    -0.196    -0.213    -0.228    -0.253    -0.265    -0.188
