      Lon      Lat    Year    VegC LitterC   SoilC     HarvSlowC Total-slow     Total
     9.75    49.75    1980   2.188   0.963   4.032      0.135334      7.182     7.318
     9.75    49.75    1981   2.176   0.960   4.034      0.138479      7.169     7.308
     9.75    49.75    1982   2.183   0.957   4.038      0.140267      7.178     7.318
     9.75    49.75    1983   2.212   0.941   4.039      0.143155      7.191     7.335
     9.75    49.75    1984   2.218   0.949   4.042      0.147030      7.209     7.357
     9.75    49.75    1985   2.232   0.951   4.045      0.150566      7.228     7.379
     9.75    49.75    1986   2.205   0.958   4.051      0.153868      7.214     7.367
     9.75    49.75    1987   2.244   0.951   4.054      0.155200      7.248     7.404
     9.75    49.75    1988   2.125   0.937   4.052      0.159904      7.114     7.274
     9.75    49.75    1989   2.110   0.929   4.053      0.160518      7.091     7.252
     9.75    49.75    1990   2.122   0.919   4.055      0.164483      7.095     7.260
     9.75    49.75    1991   2.166   0.912   4.053      0.166685      7.132     7.298
     9.75    49.75    1992   2.170   0.916   4.053      0.169818      7.139     7.309
     9.75    49.75    1993   2.205   0.915   4.058      0.170591      7.177     7.348
     9.75    49.75    1994   2.203   0.900   4.056      0.172676      7.159     7.332
     9.75    49.75    1995   2.195   0.896   4.058      0.173011      7.149     7.322
     9.75    49.75    1996   2.193   0.891   4.058      0.177113      7.142     7.319
     9.75    49.75    1997   2.254   0.892   4.061      0.178759      7.207     7.386
     9.75    49.75    1998   2.256   0.889   4.060      0.183105      7.205     7.388
     9.75    49.75    1999   2.254   0.874   4.057      0.184480      7.185     7.370
     9.75    49.75    2000   2.317   0.857   4.053      0.184086      7.226     7.411
     9.75    49.75    2001   2.318   0.861   4.054      0.189530      7.233     7.422
     9.75    49.75    2002   2.265   0.856   4.054      0.191630      7.174     7.366
     9.75    49.75    2003   2.313   0.859   4.056      0.193178      7.228     7.421
     9.75    49.75    2004   2.339   0.859   4.057      0.197374      7.255     7.452
     9.75    49.75    2005   2.358   0.855   4.055      0.200880      7.267     7.468
     9.75    49.75    2006   2.371   0.858   4.057      0.204278      7.287     7.491
     9.75    49.75    2007   2.363   0.851   4.056      0.207437      7.270     7.477
     9.75    49.75    2008   2.323   0.831   4.051      0.207862      7.205     7.413
     9.75    49.75    2009   2.381   0.835   4.053      0.207383      7.269     7.476
     9.75    49.75    2010   2.385   0.835   4.053      0.213404      7.272     7.486
     9.75    49.75    2011   2.266   0.844   4.047      0.223307      7.156     7.380
     9.75    49.75    2012   2.211   0.833   4.042      0.225027      7.086     7.311
     9.75    49.75    2013   2.219   0.832   4.041      0.226418      7.092     7.319
     9.75    49.75    2014   2.242   0.843   4.042      0.229710      7.127     7.357
     9.75    49.75    2015   2.211   0.842   4.039      0.235853      7.092     7.328
     9.75    49.75    2016   2.215   0.831   4.035      0.238479      7.081     7.320
     9.75    49.75    2017   2.237   0.821   4.031      0.240693      7.089     7.329
     9.75    49.75    2018   2.228   0.827   4.031      0.247933      7.086     7.334
     9.75    49.75    2019   2.281   0.825   4.027      0.253212      7.133     7.386
     9.75    49.75    2020   2.283   0.846   4.031      0.262267      7.159     7.422
     9.75    49.75    2021   2.220   0.860   4.034      0.274130      7.114     7.388
     9.75    49.75    2022   2.260   0.845   4.032      0.274088      7.137     7.411
     9.75    49.75    2023   2.300   0.851   4.032      0.277441      7.183     7.460
     9.75    49.75    2024   2.216   0.850   4.031      0.281844      7.096     7.378
     9.75    49.75    2025   2.188   0.840   4.030      0.281420      7.057     7.339
     9.75    49.75    2026   2.260   0.858   4.031      0.278948      7.149     7.428
     9.75    49.75    2027   2.274   0.861   4.031      0.281175      7.166     7.447
     9.75    49.75    2028   2.311   0.877   4.033      0.285096      7.221     7.506
     9.75    49.75    2029   2.301   0.879   4.031      0.291861      7.211     7.503
     9.75    49.75    2030   2.231   0.904   4.032      0.294638      7.168     7.462
     9.75    49.75    2031   2.213   0.987   4.034      0.294907      7.234     7.529
     9.75    49.75    2032   2.197   0.978   4.036      0.297016      7.211     7.508
     9.75    49.75    2033   2.234   0.970   4.036      0.296654      7.240     7.536
     9.75    49.75    2034   2.218   0.958   4.035      0.300661      7.211     7.511
     9.75    49.75    2035   2.203   0.951   4.037      0.299665      7.191     7.491
     9.75    49.75    2036   2.228   0.952   4.039      0.302013      7.219     7.521
     9.75    49.75    2037   2.190   0.943   4.037      0.307352      7.170     7.478
     9.75    49.75    2038   2.116   0.966   4.041      0.318967      7.124     7.443
     9.75    49.75    2039   2.104   0.949   4.042      0.321599      7.094     7.416
     9.75    49.75    2040   2.102   0.952   4.043      0.324992      7.096     7.421
     9.75    49.75    2041   2.134   0.962   4.046      0.324128      7.141     7.466
     9.75    49.75    2042   2.116   0.960   4.047      0.329368      7.123     7.452
     9.75    49.75    2043   2.101   0.936   4.044      0.326990      7.081     7.408
     9.75    49.75    2044   2.135   0.932   4.043      0.325199      7.110     7.436
     9.75    49.75    2045   2.155   0.926   4.043      0.324922      7.124     7.449
     9.75    49.75    2046   2.137   0.940   4.043      0.330299      7.120     7.450
     9.75    49.75    2047   2.039   0.932   4.039      0.337081      7.010     7.347
     9.75    49.75    2048   2.050   0.902   4.034      0.337388      6.986     7.323
     9.75    49.75    2049   2.102   0.903   4.032      0.334376      7.037     7.372
     9.75    49.75    2050   2.113   0.906   4.033      0.333379      7.052     7.386
     9.75    49.75    2051   2.052   0.916   4.032      0.334709      7.000     7.335
     9.75    49.75    2052   1.964   0.972   4.035      0.339500      6.970     7.309
     9.75    49.75    2053   1.973   0.962   4.035      0.340591      6.970     7.311
     9.75    49.75    2054   1.978   0.986   4.034      0.344471      6.997     7.342
     9.75    49.75    2055   1.807   1.010   4.031      0.345452      6.848     7.194
     9.75    49.75    2056   1.753   0.968   4.029      0.351236      6.750     7.101
     9.75    49.75    2057   1.773   1.029   4.028      0.348920      6.829     7.178
     9.75    49.75    2058   1.782   1.025   4.026      0.347156      6.833     7.180
     9.75    49.75    2059   1.700   1.007   4.023      0.348847      6.730     7.079
     9.75    49.75    2060   1.716   0.999   4.024      0.353123      6.740     7.093
     9.75    49.75    2061   1.674   1.007   4.024      0.353181      6.705     7.059
     9.75    49.75    2062   1.666   1.003   4.026      0.356009      6.695     7.051
     9.75    49.75    2063   1.639   0.999   4.028      0.360986      6.666     7.027
     9.75    49.75    2064   1.662   0.994   4.028      0.363470      6.684     7.047
     9.75    49.75    2065   1.662   0.987   4.029      0.363604      6.678     7.041
     9.75    49.75    2066   1.653   0.960   4.028      0.362858      6.641     7.004
     9.75    49.75    2067   1.591   0.937   4.026      0.370909      6.554     6.925
     9.75    49.75    2068   1.673   0.939   4.028      0.366688      6.640     7.007
     9.75    49.75    2069   1.603   0.966   4.025      0.364614      6.594     6.958
     9.75    49.75    2070   1.598   0.963   4.026      0.365515      6.587     6.953
     9.75    49.75    2071   1.598   0.960   4.027      0.362994      6.585     6.948
     9.75    49.75    2072   1.607   0.962   4.028      0.362849      6.597     6.960
     9.75    49.75    2073   1.617   0.964   4.029      0.359774      6.610     6.970
     9.75    49.75    2074   1.603   0.952   4.033      0.359252      6.588     6.948
     9.75    49.75    2075   1.635   0.952   4.032      0.359796      6.619     6.979
     9.75    49.75    2076   1.619   0.927   4.032      0.355974      6.578     6.934
     9.75    49.75    2077   1.653   0.921   4.033      0.352400      6.606     6.959
     9.75    49.75    2078   1.632   0.936   4.037      0.349796      6.605     6.955
     9.75    49.75    2079   1.591   0.948   4.037      0.348276      6.576     6.925
     9.75    49.75    2080   1.641   0.967   4.039      0.344116      6.647     6.991
     9.75    49.75    2081   1.648   0.981   4.043      0.341413      6.673     7.014
     9.75    49.75    2082   1.540   0.966   4.045      0.340316      6.551     6.891
     9.75    49.75    2083   1.505   0.933   4.047      0.338069      6.484     6.822
     9.75    49.75    2084   1.585   0.929   4.046      0.333679      6.561     6.894
     9.75    49.75    2085   1.552   0.918   4.047      0.331277      6.516     6.848
     9.75    49.75    2086   1.578   0.915   4.045      0.328099      6.538     6.866
     9.75    49.75    2087   1.499   0.900   4.046      0.325253      6.444     6.769
     9.75    49.75    2088   1.538   0.908   4.045      0.323486      6.491     6.814
     9.75    49.75    2089   1.511   0.898   4.044      0.320350      6.452     6.772
     9.75    49.75    2090   1.487   0.892   4.046      0.317589      6.424     6.742
     9.75    49.75    2091   1.368   0.936   4.045      0.314711      6.350     6.664
     9.75    49.75    2092   1.432   0.932   4.051      0.310714      6.416     6.726
     9.75    49.75    2093   1.381   0.904   4.052      0.307544      6.337     6.644
     9.75    49.75    2094   1.430   0.903   4.048      0.304436      6.381     6.686
     9.75    49.75    2095   1.429   0.912   4.050      0.301014      6.391     6.692
     9.75    49.75    2096   1.372   0.920   4.050      0.298270      6.342     6.640
     9.75    49.75    2097   1.399   0.912   4.052      0.295149      6.363     6.658
     9.75    49.75    2098   1.433   0.929   4.054      0.293132      6.416     6.709
     9.75    49.75    2099   1.394   0.953   4.058      0.289865      6.405     6.695
     9.75    49.75    2100   1.378   0.944   4.064      0.286366      6.386     6.673
     9.75    49.75    2101   1.373   0.933   4.067      0.282699      6.372     6.655
     9.75    49.75    2102   1.395   0.926   4.069      0.278993      6.390     6.669
     9.75    49.75    2103   1.399   0.927   4.072      0.275559      6.398     6.673
     9.75    49.75    2104   1.377   0.908   4.076      0.272016      6.360     6.632
     9.75    49.75    2105   1.440   0.900   4.075      0.268069      6.415     6.683
     9.75    49.75    2106   1.405   0.889   4.075      0.264755      6.369     6.634
     9.75    49.75    2107   1.441   0.881   4.075      0.260957      6.396     6.657
     9.75    49.75    2108   1.463   0.890   4.078      0.257235      6.431     6.688
     9.75    49.75    2109   1.457   0.868   4.079      0.253719      6.404     6.658
     9.75    49.75    2110   1.523   0.886   4.079      0.249951      6.488     6.738
     9.75    49.75    2111   1.493   0.909   4.083      0.246498      6.485     6.731
     9.75    49.75    2112   1.440   0.881   4.084      0.243239      6.405     6.649
     9.75    49.75    2113   1.433   0.849   4.084      0.239534      6.366     6.606
     9.75    49.75    2114   1.506   0.846   4.083      0.235802      6.435     6.671
     9.75    49.75    2115   1.438   0.840   4.083      0.232746      6.361     6.594
     9.75    49.75    2116   1.498   0.828   4.080      0.229083      6.406     6.635
     9.75    49.75    2117   1.480   0.819   4.076      0.225587      6.376     6.602
     9.75    49.75    2118   1.484   0.822   4.076      0.222029      6.382     6.604
     9.75    49.75    2119   1.448   0.822   4.074      0.219210      6.343     6.562
     9.75    49.75    2120   1.437   0.813   4.076      0.216194      6.325     6.542
     9.75    49.75    2121   1.335   0.825   4.074      0.212773      6.234     6.447
     9.75    49.75    2122   1.416   0.826   4.076      0.209292      6.319     6.528
     9.75    49.75    2123   1.299   0.812   4.076      0.206763      6.187     6.394
     9.75    49.75    2124   1.366   0.802   4.073      0.203260      6.241     6.444
     9.75    49.75    2125   1.376   0.818   4.072      0.200222      6.267     6.467
     9.75    49.75    2126   1.345   0.805   4.070      0.197526      6.221     6.418
     9.75    49.75    2127   1.330   0.802   4.070      0.194557      6.203     6.397
     9.75    49.75    2128   1.373   0.813   4.071      0.191540      6.257     6.449
     9.75    49.75    2129   1.332   0.823   4.074      0.189130      6.229     6.418
     9.75    49.75    2130   1.354   0.821   4.076      0.186034      6.251     6.438
    13.75    55.75    1980   3.042   1.829   4.590      0.149010      9.461     9.610
    13.75    55.75    1981   2.950   1.802   4.594      0.150674      9.347     9.497
    13.75    55.75    1982   2.937   1.781   4.597      0.152907      9.315     9.468
    13.75    55.75    1983   2.958   1.760   4.597      0.154288      9.314     9.468
    13.75    55.75    1984   3.002   1.763   4.599      0.156762      9.363     9.520
    13.75    55.75    1985   3.027   1.765   4.604      0.161130      9.396     9.558
    13.75    55.75    1986   3.013   1.784   4.613      0.165495      9.410     9.576
    13.75    55.75    1987   3.030   1.763   4.618      0.167887      9.411     9.579
    13.75    55.75    1988   3.058   1.733   4.617      0.170652      9.408     9.579
    13.75    55.75    1989   3.039   1.734   4.620      0.174826      9.393     9.568
    13.75    55.75    1990   3.083   1.726   4.625      0.177000      9.434     9.611
    13.75    55.75    1991   3.075   1.720   4.627      0.180510      9.422     9.603
    13.75    55.75    1992   3.089   1.711   4.629      0.182971      9.430     9.613
    13.75    55.75    1993   3.156   1.716   4.634      0.186589      9.507     9.693
    13.75    55.75    1994   3.175   1.714   4.636      0.193556      9.525     9.718
    13.75    55.75    1995   3.142   1.710   4.637      0.198172      9.490     9.688
    13.75    55.75    1996   3.170   1.698   4.638      0.200077      9.507     9.707
    13.75    55.75    1997   3.189   1.692   4.640      0.205026      9.521     9.726
    13.75    55.75    1998   3.199   1.686   4.641      0.210923      9.527     9.738
    13.75    55.75    1999   3.213   1.688   4.643      0.215437      9.543     9.758
    13.75    55.75    2000   3.084   1.681   4.644      0.219900      9.409     9.629
    13.75    55.75    2001   3.150   1.684   4.649      0.221785      9.483     9.705
    13.75    55.75    2002   3.112   1.692   4.655      0.229321      9.458     9.688
    13.75    55.75    2003   3.135   1.686   4.656      0.232321      9.477     9.710
    13.75    55.75    2004   3.125   1.745   4.655      0.236870      9.525     9.762
    13.75    55.75    2005   2.843   1.841   4.654      0.243902      9.339     9.583
    13.75    55.75    2006   2.752   1.820   4.658      0.246428      9.231     9.477
    13.75    55.75    2007   2.734   1.890   4.659      0.246809      9.284     9.531
    13.75    55.75    2008   2.654   1.860   4.657      0.253168      9.171     9.424
    13.75    55.75    2009   2.716   1.835   4.656      0.253228      9.207     9.461
    13.75    55.75    2010   2.802   1.807   4.655      0.256854      9.264     9.521
    13.75    55.75    2011   2.921   1.787   4.652      0.259520      9.360     9.619
    13.75    55.75    2012   2.803   1.790   4.654      0.263526      9.247     9.510
    13.75    55.75    2013   2.812   1.764   4.661      0.258897      9.237     9.496
    13.75    55.75    2014   2.957   1.721   4.665      0.254587      9.344     9.598
    13.75    55.75    2015   2.792   1.832   4.665      0.257587      9.289     9.547
    13.75    55.75    2016   2.824   1.793   4.665      0.256390      9.283     9.539
    13.75    55.75    2017   2.892   1.745   4.661      0.254330      9.299     9.553
    13.75    55.75    2018   3.013   1.729   4.662      0.255193      9.403     9.658
    13.75    55.75    2019   2.936   1.716   4.661      0.263600      9.314     9.577
    13.75    55.75    2020   3.080   1.686   4.661      0.261640      9.427     9.689
    13.75    55.75    2021   3.048   1.673   4.660      0.266726      9.381     9.648
    13.75    55.75    2022   3.061   1.656   4.660      0.270048      9.377     9.648
    13.75    55.75    2023   3.119   1.637   4.662      0.270177      9.418     9.689
    13.75    55.75    2024   3.009   1.627   4.665      0.272476      9.301     9.574
    13.75    55.75    2025   3.007   1.607   4.668      0.268419      9.282     9.550
    13.75    55.75    2026   3.122   1.568   4.668      0.265489      9.358     9.623
    13.75    55.75    2027   3.172   1.566   4.668      0.267729      9.406     9.674
    13.75    55.75    2028   3.305   1.547   4.664      0.269435      9.516     9.786
    13.75    55.75    2029   3.288   1.553   4.664      0.277528      9.505     9.783
    13.75    55.75    2030   3.296   1.532   4.663      0.279200      9.491     9.770
    13.75    55.75    2031   3.261   1.527   4.664      0.283818      9.452     9.736
    13.75    55.75    2032   3.233   1.520   4.667      0.283472      9.419     9.703
    13.75    55.75    2033   3.370   1.490   4.663      0.284580      9.523     9.808
    13.75    55.75    2034   3.431   1.475   4.653      0.292283      9.559     9.851
    13.75    55.75    2035   3.457   1.489   4.653      0.300769      9.600     9.901
    13.75    55.75    2036   3.455   1.493   4.653      0.310070      9.601     9.911
    13.75    55.75    2037   3.526   1.479   4.649      0.316248      9.653     9.970
    13.75    55.75    2038   3.435   1.506   4.654      0.328820      9.594     9.923
    13.75    55.75    2039   3.406   1.493   4.654      0.332866      9.553     9.886
    13.75    55.75    2040   3.532   1.464   4.649      0.331919      9.644     9.976
    13.75    55.75    2041   3.407   1.479   4.651      0.338610      9.537     9.875
    13.75    55.75    2042   3.379   1.466   4.649      0.340678      9.494     9.835
    13.75    55.75    2043   3.480   1.445   4.647      0.338961      9.573     9.912
    13.75    55.75    2044   3.411   1.440   4.646      0.341165      9.497     9.838
    13.75    55.75    2045   3.531   1.408   4.638      0.338373      9.577     9.916
    13.75    55.75    2046   3.530   1.406   4.633      0.341485      9.568     9.909
    13.75    55.75    2047   3.540   1.402   4.627      0.349389      9.569     9.919
    13.75    55.75    2048   3.594   1.400   4.620      0.357359      9.614     9.972
    13.75    55.75    2049   3.524   1.406   4.618      0.366265      9.548     9.914
    13.75    55.75    2050   3.588   1.403   4.616      0.369516      9.607     9.977
    13.75    55.75    2051   3.505   1.412   4.615      0.377219      9.531     9.908
    13.75    55.75    2052   3.539   1.409   4.615      0.376921      9.563     9.940
    13.75    55.75    2053   3.613   1.398   4.613      0.377393      9.624    10.001
    13.75    55.75    2054   3.602   1.393   4.608      0.379644      9.603     9.983
    13.75    55.75    2055   3.635   1.399   4.607      0.385533      9.641    10.027
    13.75    55.75    2056   3.673   1.380   4.597      0.386654      9.649    10.036
    13.75    55.75    2057   3.514   1.394   4.597      0.393285      9.505     9.899
    13.75    55.75    2058   3.627   1.373   4.594      0.389707      9.594     9.983
    13.75    55.75    2059   3.651   1.354   4.582      0.391259      9.587     9.979
    13.75    55.75    2060   3.587   1.388   4.575      0.395684      9.550     9.946
    13.75    55.75    2061   3.644   1.396   4.576      0.402826      9.616    10.019
    13.75    55.75    2062   3.637   1.402   4.576      0.404892      9.615    10.020
    13.75    55.75    2063   3.485   1.432   4.579      0.417665      9.496     9.913
    13.75    55.75    2064   3.549   1.412   4.576      0.417862      9.537     9.955
    13.75    55.75    2065   3.456   1.409   4.572      0.420916      9.437     9.858
    13.75    55.75    2066   3.529   1.407   4.571      0.422148      9.507     9.929
    13.75    55.75    2067   3.510   1.404   4.567      0.424432      9.481     9.906
    13.75    55.75    2068   3.397   1.488   4.568      0.428521      9.454     9.882
    13.75    55.75    2069   3.471   1.476   4.570      0.427274      9.517     9.944
    13.75    55.75    2070   3.449   1.487   4.571      0.435278      9.506     9.942
    13.75    55.75    2071   3.346   1.500   4.574      0.436513      9.419     9.856
    13.75    55.75    2072   3.406   1.486   4.576      0.434329      9.468     9.902
    13.75    55.75    2073   3.444   1.487   4.578      0.433621      9.508     9.942
    13.75    55.75    2074   3.376   1.496   4.583      0.435799      9.456     9.892
    13.75    55.75    2075   3.360   1.494   4.581      0.440507      9.435     9.875
    13.75    55.75    2076   3.450   1.479   4.580      0.439242      9.509     9.948
    13.75    55.75    2077   3.441   1.482   4.574      0.450758      9.498     9.948
    13.75    55.75    2078   3.369   1.511   4.578      0.451787      9.458     9.909
    13.75    55.75    2079   3.300   1.501   4.583      0.453825      9.384     9.838
    13.75    55.75    2080   3.316   1.498   4.583      0.453971      9.397     9.851
    13.75    55.75    2081   3.318   1.493   4.583      0.453115      9.394     9.847
    13.75    55.75    2082   3.381   1.491   4.582      0.449596      9.454     9.904
    13.75    55.75    2083   3.345   1.509   4.588      0.447314      9.442     9.889
    13.75    55.75    2084   3.331   1.523   4.595      0.450579      9.450     9.901
    13.75    55.75    2085   3.438   1.524   4.599      0.448962      9.561    10.010
    13.75    55.75    2086   3.300   1.566   4.600      0.453794      9.466     9.920
    13.75    55.75    2087   3.301   1.581   4.600      0.456013      9.483     9.939
    13.75    55.75    2088   3.203   1.578   4.606      0.454768      9.387     9.841
    13.75    55.75    2089   3.243   1.561   4.606      0.452926      9.410     9.863
    13.75    55.75    2090   3.283   1.561   4.606      0.452625      9.450     9.903
    13.75    55.75    2091   3.334   1.572   4.610      0.452894      9.516     9.969
    13.75    55.75    2092   3.314   1.590   4.613      0.457016      9.516     9.973
    13.75    55.75    2093   3.329   1.612   4.618      0.463999      9.559    10.023
    13.75    55.75    2094   3.183   1.628   4.622      0.473305      9.434     9.907
    13.75    55.75    2095   3.221   1.633   4.623      0.480479      9.476     9.957
    13.75    55.75    2096   3.158   1.631   4.624      0.479386      9.413     9.892
    13.75    55.75    2097   3.259   1.632   4.628      0.478949      9.519     9.998
    13.75    55.75    2098   3.197   1.636   4.630      0.477065      9.463     9.940
    13.75    55.75    2099   3.280   1.622   4.632      0.473420      9.533    10.007
    13.75    55.75    2100   3.342   1.629   4.635      0.469714      9.606    10.075
    13.75    55.75    2101   3.217   1.646   4.641      0.473588      9.504     9.978
    13.75    55.75    2102   3.184   1.657   4.644      0.478844      9.485     9.964
    13.75    55.75    2103   3.196   1.704   4.649      0.474970      9.549    10.024
    13.75    55.75    2104   3.116   1.714   4.656      0.473100      9.486     9.959
    13.75    55.75    2105   3.211   1.697   4.654      0.467488      9.562    10.029
    13.75    55.75    2106   3.258   1.689   4.656      0.464308      9.603    10.068
    13.75    55.75    2107   3.296   1.683   4.652      0.462977      9.631    10.094
    13.75    55.75    2108   3.070   1.722   4.659      0.472998      9.451     9.924
    13.75    55.75    2109   3.007   1.706   4.665      0.469188      9.379     9.848
    13.75    55.75    2110   3.093   1.693   4.665      0.463277      9.450     9.914
    13.75    55.75    2111   3.073   1.693   4.667      0.458875      9.432     9.891
    13.75    55.75    2112   3.076   1.703   4.668      0.458314      9.447     9.905
    13.75    55.75    2113   3.045   1.713   4.673      0.453493      9.431     9.884
    13.75    55.75    2114   3.059   1.721   4.681      0.452765      9.461     9.914
    13.75    55.75    2115   3.176   1.728   4.685      0.449797      9.589    10.038
    13.75    55.75    2116   3.055   1.747   4.686      0.447185      9.488     9.935
    13.75    55.75    2117   3.045   1.750   4.686      0.453370      9.481     9.934
    13.75    55.75    2118   2.999   1.744   4.691      0.448229      9.434     9.882
    13.75    55.75    2119   2.980   1.725   4.690      0.442553      9.394     9.837
    13.75    55.75    2120   3.043   1.721   4.689      0.437124      9.453     9.891
    13.75    55.75    2121   3.089   1.738   4.693      0.435595      9.520     9.956
    13.75    55.75    2122   2.999   1.775   4.698      0.448603      9.472     9.921
    13.75    55.75    2123   3.058   1.781   4.702      0.443841      9.541     9.985
    13.75    55.75    2124   2.987   1.795   4.705      0.439500      9.487     9.927
    13.75    55.75    2125   3.046   1.785   4.708      0.438887      9.539     9.977
    13.75    55.75    2126   3.014   1.773   4.709      0.433840      9.496     9.929
    13.75    55.75    2127   3.142   1.774   4.712      0.428516      9.628    10.057
    13.75    55.75    2128   3.028   1.799   4.716      0.423857      9.543     9.967
    13.75    55.75    2129   3.135   1.775   4.715      0.418222      9.624    10.043
    13.75    55.75    2130   3.105   1.786   4.718      0.413346      9.610    10.023
    23.75    61.75    1980   4.616   4.717  16.665      0.650136     25.998    26.648
    23.75    61.75    1981   4.669   4.718  16.668      0.660527     26.054    26.715
    23.75    61.75    1982   4.674   4.729  16.672      0.670408     26.075    26.746
    23.75    61.75    1983   4.738   4.772  16.684      0.679147     26.193    26.873
    23.75    61.75    1984   4.539   4.827  16.675      0.695307     26.040    26.735
    23.75    61.75    1985   4.586   4.778  16.669      0.703496     26.032    26.736
    23.75    61.75    1986   4.490   4.811  16.674      0.714783     25.975    26.690
    23.75    61.75    1987   4.574   4.744  16.669      0.725526     25.987    26.713
    23.75    61.75    1988   4.539   4.698  16.656      0.737342     25.893    26.631
    23.75    61.75    1989   4.577   4.719  16.661      0.745979     25.957    26.703
    23.75    61.75    1990   4.597   4.679  16.660      0.759002     25.936    26.695
    23.75    61.75    1991   4.634   4.692  16.663      0.773478     25.989    26.763
    23.75    61.75    1992   4.602   4.786  16.660      0.782928     26.048    26.831
    23.75    61.75    1993   4.669   4.779  16.663      0.788564     26.111    26.899
    23.75    61.75    1994   4.688   4.718  16.655      0.797509     26.061    26.859
    23.75    61.75    1995   4.751   4.671  16.649      0.809426     26.071    26.880
    23.75    61.75    1996   4.738   4.670  16.646      0.824601     26.054    26.879
    23.75    61.75    1997   4.743   4.612  16.636      0.834502     25.991    26.826
    23.75    61.75    1998   4.803   4.597  16.628      0.841374     26.029    26.871
    23.75    61.75    1999   4.927   4.546  16.615      0.855144     26.087    26.942
    23.75    61.75    2000   4.958   4.541  16.606      0.868451     26.105    26.974
    23.75    61.75    2001   4.969   4.565  16.609      0.882072     26.143    27.025
    23.75    61.75    2002   5.029   4.550  16.609      0.888831     26.188    27.077
    23.75    61.75    2003   4.999   4.554  16.611      0.902980     26.164    27.067
    23.75    61.75    2004   5.094   4.459  16.591      0.910977     26.144    27.055
    23.75    61.75    2005   5.160   4.405  16.570      0.924710     26.135    27.060
    23.75    61.75    2006   5.137   4.435  16.567      0.946619     26.138    27.085
    23.75    61.75    2007   5.175   4.354  16.543      0.958528     26.071    27.030
    23.75    61.75    2008   5.214   4.326  16.530      0.970889     26.069    27.040
    23.75    61.75    2009   5.254   4.304  16.516      0.986220     26.074    27.060
    23.75    61.75    2010   5.344   4.309  16.509      1.000151     26.162    27.162
    23.75    61.75    2011   5.336   4.322  16.500      1.028318     26.158    27.186
    23.75    61.75    2012   5.058   4.426  16.493      1.097066     25.976    27.073
    23.75    61.75    2013   4.988   4.503  16.501      1.121775     25.992    27.114
    23.75    61.75    2014   4.992   4.473  16.498      1.139130     25.963    27.102
    23.75    61.75    2015   4.955   4.384  16.472      1.151162     25.811    26.962
    23.75    61.75    2016   4.755   4.431  16.466      1.201664     25.651    26.853
    23.75    61.75    2017   4.640   4.494  16.472      1.225808     25.606    26.832
    23.75    61.75    2018   4.671   4.419  16.459      1.237169     25.549    26.786
    23.75    61.75    2019   4.659   4.395  16.447      1.259624     25.502    26.761
    23.75    61.75    2020   4.786   4.339  16.433      1.257017     25.557    26.814
    23.75    61.75    2021   4.815   4.285  16.411      1.277725     25.512    26.790
    23.75    61.75    2022   4.912   4.242  16.391      1.285352     25.545    26.830
    23.75    61.75    2023   4.976   4.251  16.387      1.292117     25.614    26.906
    23.75    61.75    2024   4.981   4.265  16.387      1.311394     25.634    26.945
    23.75    61.75    2025   4.812   4.313  16.389      1.346952     25.514    26.861
    23.75    61.75    2026   4.811   4.313  16.389      1.359652     25.513    26.872
    23.75    61.75    2027   4.840   4.302  16.385      1.372169     25.527    26.899
    23.75    61.75    2028   4.907   4.270  16.373      1.379886     25.550    26.930
    23.75    61.75    2029   4.995   4.255  16.369      1.379359     25.619    26.998
    23.75    61.75    2030   4.978   4.314  16.378      1.388230     25.669    27.057
    23.75    61.75    2031   5.003   4.317  16.385      1.392960     25.705    27.098
    23.75    61.75    2032   5.080   4.262  16.380      1.389294     25.722    27.111
    23.75    61.75    2033   5.190   4.175  16.357      1.386093     25.723    27.109
    23.75    61.75    2034   4.990   4.253  16.363      1.411141     25.606    27.018
    23.75    61.75    2035   5.032   4.185  16.343      1.425919     25.560    26.986
    23.75    61.75    2036   4.981   4.218  16.340      1.447707     25.539    26.987
    23.75    61.75    2037   5.065   4.217  16.337      1.444467     25.619    27.063
    23.75    61.75    2038   5.086   4.244  16.342      1.443464     25.671    27.115
    23.75    61.75    2039   5.136   4.300  16.337      1.436704     25.773    27.210
    23.75    61.75    2040   5.242   4.259  16.325      1.432752     25.826    27.259
    23.75    61.75    2041   5.250   4.265  16.323      1.435900     25.838    27.274
    23.75    61.75    2042   5.104   4.326  16.319      1.444595     25.749    27.193
    23.75    61.75    2043   5.175   4.314  16.317      1.444815     25.806    27.251
    23.75    61.75    2044   5.135   4.318  16.315      1.452049     25.768    27.220
    23.75    61.75    2045   4.881   4.463  16.311      1.492733     25.655    27.148
    23.75    61.75    2046   4.916   4.440  16.308      1.490502     25.664    27.155
    23.75    61.75    2047   5.008   4.412  16.296      1.498188     25.716    27.214
    23.75    61.75    2048   5.115   4.375  16.280      1.494551     25.770    27.264
    23.75    61.75    2049   5.142   4.420  16.286      1.495427     25.848    27.343
    23.75    61.75    2050   5.055   4.450  16.291      1.510494     25.796    27.306
    23.75    61.75    2051   4.961   4.471  16.293      1.530655     25.725    27.256
    23.75    61.75    2052   5.012   4.464  16.295      1.522669     25.771    27.294
    23.75    61.75    2053   5.032   4.452  16.290      1.528888     25.773    27.302
    23.75    61.75    2054   4.975   4.411  16.278      1.536497     25.665    27.201
    23.75    61.75    2055   5.033   4.446  16.279      1.543063     25.758    27.301
    23.75    61.75    2056   5.057   4.401  16.266      1.539477     25.724    27.263
    23.75    61.75    2057   5.090   4.474  16.279      1.532115     25.842    27.375
    23.75    61.75    2058   5.153   4.425  16.272      1.528375     25.850    27.378
    23.75    61.75    2059   5.182   4.378  16.250      1.534215     25.809    27.344
    23.75    61.75    2060   5.174   4.395  16.246      1.532602     25.814    27.347
    23.75    61.75    2061   5.163   4.494  16.244      1.523717     25.901    27.425
    23.75    61.75    2062   5.166   4.513  16.245      1.529195     25.924    27.453
    23.75    61.75    2063   5.113   4.541  16.244      1.538232     25.898    27.436
    23.75    61.75    2064   5.082   4.585  16.248      1.545671     25.915    27.461
    23.75    61.75    2065   5.141   4.562  16.238      1.543299     25.941    27.485
    23.75    61.75    2066   5.086   4.634  16.243      1.557708     25.963    27.521
    23.75    61.75    2067   5.053   4.642  16.248      1.551242     25.944    27.495
    23.75    61.75    2068   4.952   4.669  16.258      1.550374     25.880    27.430
    23.75    61.75    2069   5.031   4.679  16.263      1.544772     25.972    27.517
    23.75    61.75    2070   4.987   4.686  16.258      1.556883     25.932    27.489
    23.75    61.75    2071   5.023   4.731  16.265      1.552220     26.019    27.571
    23.75    61.75    2072   4.991   4.786  16.273      1.559465     26.050    27.610
    23.75    61.75    2073   4.831   4.847  16.285      1.568656     25.963    27.531
    23.75    61.75    2074   4.687   4.922  16.299      1.584609     25.908    27.493
    23.75    61.75    2075   4.603   4.921  16.308      1.585223     25.831    27.417
    23.75    61.75    2076   4.577   4.889  16.307      1.581919     25.773    27.355
    23.75    61.75    2077   4.550   4.874  16.308      1.574888     25.733    27.308
    23.75    61.75    2078   4.470   4.902  16.321      1.566123     25.693    27.259
    23.75    61.75    2079   4.502   4.959  16.339      1.551628     25.801    27.353
    23.75    61.75    2080   4.512   4.947  16.347      1.551226     25.806    27.358
    23.75    61.75    2081   4.571   4.959  16.354      1.539131     25.885    27.424
    23.75    61.75    2082   4.534   5.004  16.368      1.529310     25.906    27.435
    23.75    61.75    2083   4.533   4.978  16.375      1.514977     25.885    27.400
    23.75    61.75    2084   4.436   5.045  16.392      1.519290     25.873    27.392
    23.75    61.75    2085   4.494   5.020  16.395      1.506858     25.909    27.416
    23.75    61.75    2086   4.547   5.053  16.407      1.489064     26.007    27.496
    23.75    61.75    2087   4.576   5.025  16.409      1.474779     26.009    27.484
    23.75    61.75    2088   4.437   5.081  16.423      1.472919     25.941    27.414
    23.75    61.75    2089   4.450   5.054  16.429      1.455594     25.933    27.388
    23.75    61.75    2090   4.561   4.982  16.421      1.437592     25.965    27.402
    23.75    61.75    2091   4.627   4.996  16.425      1.419725     26.048    27.468
    23.75    61.75    2092   4.656   5.064  16.437      1.405164     26.157    27.563
    23.75    61.75    2093   4.524   5.103  16.446      1.415481     26.072    27.488
    23.75    61.75    2094   4.531   5.113  16.455      1.400664     26.099    27.500
    23.75    61.75    2095   4.547   5.104  16.456      1.391427     26.106    27.498
    23.75    61.75    2096   4.495   5.118  16.468      1.375095     26.081    27.456
    23.75    61.75    2097   4.597   5.091  16.465      1.357490     26.152    27.510
    23.75    61.75    2098   4.636   5.080  16.463      1.340615     26.179    27.520
    23.75    61.75    2099   4.629   5.115  16.473      1.323612     26.218    27.541
    23.75    61.75    2100   4.631   5.068  16.470      1.306673     26.168    27.475
    23.75    61.75    2101   4.672   5.107  16.481      1.289514     26.260    27.550
    23.75    61.75    2102   4.735   5.139  16.489      1.272543     26.363    27.635
    23.75    61.75    2103   4.689   5.166  16.500      1.256318     26.356    27.612
    23.75    61.75    2104   4.704   5.224  16.515      1.239414     26.443    27.682
    23.75    61.75    2105   4.707   5.206  16.522      1.222842     26.436    27.658
    23.75    61.75    2106   4.754   5.174  16.521      1.206334     26.449    27.656
    23.75    61.75    2107   4.770   5.150  16.519      1.190363     26.439    27.629
    23.75    61.75    2108   4.681   5.160  16.527      1.174373     26.369    27.543
    23.75    61.75    2109   4.668   5.223  16.543      1.157557     26.434    27.591
    23.75    61.75    2110   4.747   5.221  16.549      1.141039     26.517    27.658
    23.75    61.75    2111   4.675   5.329  16.553      1.125791     26.557    27.682
    23.75    61.75    2112   4.681   5.352  16.562      1.110038     26.596    27.706
    23.75    61.75    2113   4.660   5.330  16.567      1.094620     26.557    27.652
    23.75    61.75    2114   4.674   5.381  16.580      1.078814     26.634    27.713
    23.75    61.75    2115   4.686   5.373  16.584      1.064054     26.643    27.707
    23.75    61.75    2116   4.612   5.405  16.592      1.049365     26.609    27.658
    23.75    61.75    2117   4.590   5.379  16.591      1.035016     26.560    27.595
    23.75    61.75    2118   4.587   5.419  16.603      1.020322     26.609    27.629
    23.75    61.75    2119   4.490   5.369  16.604      1.005062     26.462    27.467
    23.75    61.75    2120   4.523   5.298  16.595      0.990514     26.415    27.405
    23.75    61.75    2121   4.478   5.312  16.596      0.975645     26.386    27.362
    23.75    61.75    2122   4.485   5.332  16.602      0.961483     26.419    27.380
    23.75    61.75    2123   4.432   5.316  16.601      0.948145     26.350    27.298
    23.75    61.75    2124   4.430   5.316  16.602      0.934083     26.348    27.282
    23.75    61.75    2125   4.471   5.292  16.598      0.919517     26.360    27.279
    23.75    61.75    2126   4.415   5.326  16.607      0.905564     26.348    27.253
    23.75    61.75    2127   4.488   5.287  16.600      0.891556     26.375    27.267
    23.75    61.75    2128   4.467   5.271  16.592      0.878197     26.330    27.208
    23.75    61.75    2129   4.449   5.307  16.598      0.864687     26.353    27.218
    23.75    61.75    2130   4.450   5.252  16.589      0.850646     26.291    27.141
    21.75    37.75    1980   1.080   0.290   2.702      0.027296      4.071     4.099
    21.75    37.75    1981   0.987   0.302   2.700      0.027617      3.989     4.016
    21.75    37.75    1982   0.977   0.288   2.699      0.027321      3.964     3.991
    21.75    37.75    1983   1.080   0.277   2.697      0.027022      4.054     4.081
    21.75    37.75    1984   1.046   0.299   2.689      0.028040      4.034     4.062
    21.75    37.75    1985   1.029   0.284   2.690      0.027821      4.003     4.031
    21.75    37.75    1986   1.179   0.271   2.688      0.027545      4.138     4.166
    21.75    37.75    1987   1.183   0.301   2.685      0.031273      4.170     4.201
    21.75    37.75    1988   1.196   0.294   2.688      0.032248      4.178     4.211
    21.75    37.75    1989   1.159   0.294   2.688      0.032065      4.141     4.173
    21.75    37.75    1990   1.186   0.275   2.690      0.031855      4.151     4.183
    21.75    37.75    1991   1.027   0.299   2.687      0.033023      4.013     4.046
    21.75    37.75    1992   1.076   0.276   2.687      0.032789      4.039     4.072
    21.75    37.75    1993   1.108   0.298   2.682      0.033047      4.088     4.122
    21.75    37.75    1994   1.159   0.299   2.676      0.035079      4.135     4.170
    21.75    37.75    1995   1.204   0.308   2.676      0.036954      4.189     4.226
    21.75    37.75    1996   1.179   0.304   2.675      0.037434      4.158     4.195
    21.75    37.75    1997   1.224   0.290   2.676      0.037240      4.190     4.227
    21.75    37.75    1998   1.222   0.290   2.677      0.037207      4.189     4.227
    21.75    37.75    1999   1.203   0.285   2.674      0.037023      4.162     4.199
    21.75    37.75    2000   1.262   0.273   2.672      0.036833      4.206     4.243
    21.75    37.75    2001   1.226   0.286   2.668      0.037332      4.180     4.218
    21.75    37.75    2002   1.244   0.279   2.670      0.039420      4.193     4.232
    21.75    37.75    2003   1.249   0.291   2.667      0.041020      4.206     4.247
    21.75    37.75    2004   1.233   0.285   2.667      0.042987      4.184     4.227
    21.75    37.75    2005   1.294   0.287   2.666      0.043279      4.247     4.290
    21.75    37.75    2006   1.285   0.305   2.666      0.044285      4.256     4.300
    21.75    37.75    2007   1.169   0.385   2.669      0.044621      4.223     4.268
    21.75    37.75    2008   1.229   0.353   2.675      0.045278      4.257     4.302
    21.75    37.75    2009   1.272   0.371   2.675      0.046134      4.318     4.364
    21.75    37.75    2010   1.051   0.447   2.678      0.048613      4.176     4.224
    21.75    37.75    2011   1.035   0.373   2.678      0.047897      4.086     4.134
    21.75    37.75    2012   1.051   0.357   2.673      0.047197      4.080     4.128
    21.75    37.75    2013   1.106   0.360   2.669      0.046466      4.135     4.181
    21.75    37.75    2014   1.129   0.368   2.670      0.046276      4.167     4.213
    21.75    37.75    2015   1.063   0.374   2.675      0.046763      4.113     4.159
    21.75    37.75    2016   1.161   0.327   2.684      0.046084      4.172     4.218
    21.75    37.75    2017   1.104   0.348   2.681      0.048316      4.133     4.181
    21.75    37.75    2018   1.112   0.343   2.686      0.047557      4.140     4.188
    21.75    37.75    2019   1.004   0.334   2.685      0.047698      4.023     4.071
    21.75    37.75    2020   1.019   0.292   2.686      0.046941      3.998     4.045
    21.75    37.75    2021   1.082   0.287   2.677      0.046198      4.046     4.092
    21.75    37.75    2022   1.039   0.301   2.671      0.046357      4.011     4.057
    21.75    37.75    2023   1.082   0.274   2.671      0.045620      4.028     4.074
    21.75    37.75    2024   1.141   0.282   2.670      0.045594      4.092     4.137
    21.75    37.75    2025   1.154   0.310   2.669      0.046763      4.134     4.181
    21.75    37.75    2026   1.071   0.305   2.675      0.047138      4.051     4.098
    21.75    37.75    2027   1.135   0.281   2.680      0.046499      4.096     4.142
    21.75    37.75    2028   1.094   0.294   2.675      0.045960      4.063     4.109
    21.75    37.75    2029   1.043   0.285   2.677      0.045325      4.004     4.049
    21.75    37.75    2030   1.172   0.278   2.677      0.044700      4.127     4.172
    21.75    37.75    2031   1.152   0.332   2.677      0.045298      4.161     4.207
    21.75    37.75    2032   1.209   0.296   2.691      0.045591      4.196     4.241
    21.75    37.75    2033   1.154   0.301   2.692      0.047116      4.147     4.194
    21.75    37.75    2034   1.249   0.276   2.693      0.046538      4.218     4.265
    21.75    37.75    2035   1.208   0.314   2.691      0.046431      4.213     4.260
    21.75    37.75    2036   1.206   0.281   2.697      0.045896      4.184     4.230
    21.75    37.75    2037   1.195   0.275   2.695      0.045383      4.165     4.210
    21.75    37.75    2038   1.199   0.277   2.691      0.044907      4.166     4.211
    21.75    37.75    2039   1.253   0.271   2.690      0.044582      4.215     4.259
    21.75    37.75    2040   1.209   0.290   2.688      0.044726      4.187     4.232
    21.75    37.75    2041   1.318   0.264   2.691      0.044332      4.273     4.317
    21.75    37.75    2042   1.272   0.296   2.685      0.045206      4.253     4.299
    21.75    37.75    2043   1.291   0.274   2.687      0.044891      4.253     4.298
    21.75    37.75    2044   1.306   0.270   2.684      0.045109      4.260     4.305
    21.75    37.75    2045   1.295   0.265   2.681      0.044957      4.242     4.286
    21.75    37.75    2046   1.322   0.277   2.678      0.044597      4.277     4.322
    21.75    37.75    2047   1.301   0.277   2.676      0.044550      4.255     4.299
    21.75    37.75    2048   1.346   0.277   2.674      0.044167      4.297     4.341
    21.75    37.75    2049   1.353   0.290   2.671      0.044298      4.314     4.358
    21.75    37.75    2050   1.297   0.287   2.672      0.045371      4.255     4.301
    21.75    37.75    2051   1.242   0.284   2.670      0.045011      4.196     4.241
    21.75    37.75    2052   1.340   0.262   2.670      0.044676      4.272     4.317
    21.75    37.75    2053   1.237   0.302   2.663      0.045195      4.201     4.246
    21.75    37.75    2054   1.267   0.268   2.665      0.044921      4.200     4.245
    21.75    37.75    2055   1.277   0.293   2.658      0.045255      4.228     4.273
    21.75    37.75    2056   1.299   0.288   2.659      0.046203      4.245     4.292
    21.75    37.75    2057   1.273   0.294   2.660      0.046016      4.228     4.274
    21.75    37.75    2058   1.323   0.270   2.663      0.045722      4.256     4.301
    21.75    37.75    2059   1.267   0.289   2.660      0.045962      4.216     4.262
    21.75    37.75    2060   1.233   0.282   2.658      0.045842      4.172     4.218
    21.75    37.75    2061   1.191   0.283   2.655      0.045661      4.129     4.175
    21.75    37.75    2062   1.239   0.282   2.655      0.045498      4.175     4.221
    21.75    37.75    2063   1.354   0.297   2.655      0.045314      4.307     4.352
    21.75    37.75    2064   1.339   0.332   2.658      0.045473      4.329     4.374
    21.75    37.75    2065   1.360   0.303   2.669      0.045684      4.332     4.378
    21.75    37.75    2066   1.370   0.313   2.671      0.045826      4.353     4.399
    21.75    37.75    2067   1.332   0.304   2.672      0.047026      4.308     4.355
    21.75    37.75    2068   1.407   0.301   2.675      0.046715      4.383     4.430
    21.75    37.75    2069   1.114   0.402   2.673      0.047501      4.189     4.236
    21.75    37.75    2070   1.162   0.324   2.680      0.047180      4.166     4.213
    21.75    37.75    2071   1.207   0.328   2.668      0.046932      4.203     4.250
    21.75    37.75    2072   1.233   0.339   2.663      0.047018      4.236     4.283
    21.75    37.75    2073   1.202   0.346   2.665      0.047562      4.213     4.261
    21.75    37.75    2074   1.127   0.331   2.669      0.049028      4.128     4.177
    21.75    37.75    2075   1.176   0.316   2.669      0.049068      4.160     4.209
    21.75    37.75    2076   1.222   0.319   2.667      0.049304      4.208     4.258
    21.75    37.75    2077   1.212   0.334   2.667      0.049076      4.213     4.262
    21.75    37.75    2078   1.260   0.320   2.674      0.048744      4.254     4.303
    21.75    37.75    2079   1.327   0.336   2.678      0.049484      4.341     4.390
    21.75    37.75    2080   1.293   0.348   2.684      0.052187      4.325     4.378
    21.75    37.75    2081   1.362   0.336   2.692      0.051976      4.389     4.441
    21.75    37.75    2082   1.164   0.395   2.693      0.053623      4.252     4.306
    21.75    37.75    2083   1.202   0.331   2.700      0.053208      4.232     4.286
    21.75    37.75    2084   1.209   0.338   2.692      0.053078      4.239     4.292
    21.75    37.75    2085   1.229   0.331   2.687      0.052873      4.248     4.301
    21.75    37.75    2086   1.234   0.336   2.683      0.053097      4.253     4.306
    21.75    37.75    2087   1.264   0.321   2.683      0.052951      4.268     4.321
    21.75    37.75    2088   1.253   0.331   2.679      0.052839      4.263     4.316
    21.75    37.75    2089   1.330   0.322   2.682      0.053204      4.334     4.387
    21.75    37.75    2090   1.220   0.365   2.680      0.056027      4.266     4.322
    21.75    37.75    2091   1.224   0.334   2.688      0.055532      4.245     4.301
    21.75    37.75    2092   1.217   0.333   2.687      0.054962      4.237     4.292
    21.75    37.75    2093   1.135   0.330   2.686      0.054421      4.151     4.205
    21.75    37.75    2094   1.197   0.313   2.686      0.053924      4.196     4.250
    21.75    37.75    2095   0.989   0.387   2.682      0.053388      4.058     4.111
    21.75    37.75    2096   1.032   0.322   2.688      0.052947      4.043     4.096
    21.75    37.75    2097   0.992   0.345   2.676      0.063252      4.014     4.077
    21.75    37.75    2098   1.035   0.358   2.672      0.062869      4.065     4.128
    21.75    37.75    2099   1.071   0.379   2.675      0.062783      4.124     4.187
    21.75    37.75    2100   1.063   0.397   2.683      0.062746      4.143     4.205
    21.75    37.75    2101   0.990   0.378   2.694      0.062221      4.062     4.124
    21.75    37.75    2102   1.035   0.333   2.699      0.061527      4.067     4.129
    21.75    37.75    2103   1.051   0.346   2.695      0.061109      4.092     4.153
    21.75    37.75    2104   1.007   0.343   2.697      0.060989      4.046     4.107
    21.75    37.75    2105   1.016   0.325   2.697      0.060337      4.037     4.097
    21.75    37.75    2106   1.073   0.324   2.694      0.059798      4.091     4.150
    21.75    37.75    2107   1.045   0.351   2.692      0.059551      4.088     4.148
    21.75    37.75    2108   1.133   0.329   2.699      0.059008      4.161     4.220
    21.75    37.75    2109   1.160   0.359   2.700      0.058913      4.219     4.278
    21.75    37.75    2110   1.152   0.355   2.707      0.059724      4.214     4.273
    21.75    37.75    2111   1.202   0.348   2.713      0.059309      4.263     4.322
    21.75    37.75    2112   1.039   0.387   2.715      0.059923      4.140     4.200
    21.75    37.75    2113   1.082   0.323   2.721      0.059241      4.125     4.185
    21.75    37.75    2114   1.056   0.334   2.712      0.058570      4.102     4.160
    21.75    37.75    2115   1.110   0.323   2.708      0.057966      4.141     4.199
    21.75    37.75    2116   1.061   0.350   2.702      0.057747      4.113     4.171
    21.75    37.75    2117   1.112   0.315   2.704      0.057320      4.132     4.189
    21.75    37.75    2118   1.103   0.338   2.697      0.056648      4.138     4.195
    21.75    37.75    2119   1.192   0.323   2.700      0.056347      4.215     4.271
    21.75    37.75    2120   1.072   0.360   2.697      0.057166      4.129     4.186
    21.75    37.75    2121   1.098   0.323   2.703      0.056567      4.124     4.180
    21.75    37.75    2122   1.094   0.319   2.699      0.056045      4.112     4.168
    21.75    37.75    2123   1.057   0.325   2.697      0.055543      4.079     4.135
    21.75    37.75    2124   1.086   0.313   2.697      0.054935      4.096     4.151
    21.75    37.75    2125   0.947   0.367   2.694      0.054465      4.008     4.062
    21.75    37.75    2126   0.974   0.310   2.698      0.054782      3.982     4.037
    21.75    37.75    2127   1.015   0.322   2.685      0.058268      4.023     4.081
    21.75    37.75    2128   1.026   0.347   2.681      0.059436      4.055     4.114
    21.75    37.75    2129   1.075   0.356   2.685      0.059156      4.116     4.175
    21.75    37.75    2130   1.066   0.376   2.691      0.059982      4.133     4.193
