      Lon      Lat    Year       Jan       Feb       Mar       Apr       May       Jun       Jul       Aug       Sep       Oct       Nov       Dec
     9.75    49.75    1980     0.000     0.000    23.667    13.331     9.438    21.522    15.532    19.364     7.772     3.847     3.602     3.615
     9.75    49.75    1981     9.331    16.258    22.264    15.984     6.845     1.573     2.786     5.461    11.761     8.786     8.409     5.746
     9.75    49.75    1982     5.191    16.756    27.417    41.329    12.995     3.986    15.422    14.596    12.887     5.841     3.224     3.938
     9.75    49.75    1983     0.599    16.604    17.745    10.307     5.641    11.301    14.262     6.791     2.474     1.088     5.457     5.792
     9.75    49.75    1984     9.408    14.044    23.240    29.066    18.411    22.855     5.660     3.440     2.316     1.112     3.528     3.019
     9.75    49.75    1985     0.000     0.000    27.396    17.251     9.999    16.030     8.597    10.769     7.555     5.046     5.528     2.691
     9.75    49.75    1986     0.000     0.000     0.000    19.682    14.830     3.660     6.418     2.133     7.608     9.521     4.870     7.594
     9.75    49.75    1987     0.480     0.000    21.531    19.971    22.184    26.139    16.027     7.513    11.193     5.007     3.920     4.541
     9.75    49.75    1988     8.872    12.606    22.284    10.130     4.862     4.139     6.496     1.640     1.641     0.331     1.056     3.063
     9.75    49.75    1989     2.361     0.000    21.398    37.650    35.344    14.380     9.642     5.735     7.292     3.779     4.825     5.782
     9.75    49.75    1990     7.940     3.656    14.523    38.877    21.716    10.362     9.007     5.113     1.986     1.438     2.255     4.998
     9.75    49.75    1991     5.327    16.563    25.603    16.558    11.106    21.134     7.770     3.088     1.209     1.583     2.231     6.679
     9.75    49.75    1992     9.742    12.883    27.625    33.213    11.472    14.047     9.128     6.366     2.600     0.946     2.810     1.895
     9.75    49.75    1993     0.000     0.000    10.889    26.373     6.777     7.724     4.647     4.530    13.166     9.704     8.314     1.648
     9.75    49.75    1994     0.063    17.395    31.719    22.651     8.134     4.690     2.061     4.338     3.588     1.123     4.586     7.291
     9.75    49.75    1995     1.698     0.000    10.135    35.969    20.762     5.929    13.158    22.700     4.178     2.898     6.598     7.211
     9.75    49.75    1996     2.465    18.486    24.282    22.689     5.360     6.443     8.247    12.990     6.817     5.549     5.272     4.685
     9.75    49.75    1997     1.201     0.000    21.850    22.493    19.882    27.899    11.644     6.079     5.841     3.436     4.584     3.064
     9.75    49.75    1998     9.081    13.371    26.289    12.395     4.655    11.596     3.131     1.790     9.713     4.229     3.149     4.199
     9.75    49.75    1999     6.799    16.517    22.998    17.304     2.850    16.765     1.777     1.022     0.731     0.778     3.964     5.339
     9.75    49.75    2000     8.575    17.379    18.758    10.706     4.127    12.375    12.848     5.991     6.626     3.433     8.831     2.332
     9.75    49.75    2001     0.000     0.000     0.000    27.934    11.056    10.137     7.011    11.581     2.495     1.394     3.768     7.079
     9.75    49.75    2002     9.485    11.048    24.775    16.569    17.882     1.772     0.530     3.235     8.422     4.305     2.421     2.337
     9.75    49.75    2003     1.677     0.000    23.460    16.109    11.482     9.812    16.824    16.768     6.852     2.728     5.216     8.548
     9.75    49.75    2004     9.516    14.111    25.559    13.087    15.617    11.665     2.709     5.942     8.103     5.507     6.042     7.542
     9.75    49.75    2005     2.405     4.904    28.005    11.814    12.138     8.070     5.781     4.918     3.709     1.597     8.944     8.245
     9.75    49.75    2006     2.728    12.043    30.414    19.986     5.894    15.753    25.774    26.394    12.177     5.906    10.899     7.576
     9.75    49.75    2007     0.938     0.000    29.328    16.055     4.489     7.152     8.627     3.158     0.956     1.033     3.968     6.945
     9.75    49.75    2008     9.809    19.374    21.281     3.638     1.254     4.502     5.914     5.115     3.448     5.095     9.364     6.201
     9.75    49.75    2009     1.959     0.000     0.000    29.286    12.627    15.882    13.023    24.751    11.137     5.852     7.544     6.153
     9.75    49.75    2010     9.454    16.979    12.705     3.791     3.635     7.699     7.913     4.051     9.792     8.145     7.770     7.739
     9.75    49.75    2011    11.068    13.324    16.955     5.373     4.262     8.972     3.316     1.613     0.877     2.911     6.765     7.300
     9.75    49.75    2012     9.094    16.784    22.326     5.962     3.254     4.640     2.524     4.526     5.205     4.894     6.546     2.079
     9.75    49.75    2013     0.000     2.455    30.269    29.002     5.230     5.493     9.833     5.700     5.548     4.007     5.013     5.972
     9.75    49.75    2014     0.000     8.744    25.437    14.345     9.092     3.970     7.012    13.766    11.380     3.324     2.571     5.456
     9.75    49.75    2015     9.472    13.765    23.405    15.570     7.977     1.993     1.893     3.121     1.794     0.986     1.657     1.549
     9.75    49.75    2016     0.000     0.000    19.083     9.549     0.655     2.967     8.191     7.425     3.324     1.719     7.348     7.521
     9.75    49.75    2017    10.690    18.028    18.864     4.673     1.055    26.355    26.266    10.577     3.180     3.692     9.898     7.378
     9.75    49.75    2018     3.742    10.714    25.126    12.301     5.282     2.252     5.853     3.911     1.444     2.047     3.328     4.369
     9.75    49.75    2019     0.520    13.965    14.890    13.649    13.127    14.652    11.238     9.667     4.395     1.093     3.579     2.413
     9.75    49.75    2020     6.781    15.716    26.953    24.099    16.088    17.911     6.815     1.727     2.732     3.757     4.628     6.824
     9.75    49.75    2021     9.899    22.557    24.553    17.444     3.643     6.118     2.140     6.941    10.420     5.233     7.204     4.081
     9.75    49.75    2022     7.823    15.604    22.370     8.522     9.412    14.475     8.606     4.596     2.987     6.520     7.342     4.437
     9.75    49.75    2023     6.580    18.100    20.261     6.670    10.808    12.426    11.410     7.927     3.082     7.099    11.118     7.490
     9.75    49.75    2024     2.625    16.545    27.532     6.579     3.050     1.747     2.285     0.559     0.361     2.357     8.807     8.394
     9.75    49.75    2025     1.277    14.955    22.374    18.409    12.272     3.167     5.423     2.934     1.271     1.196     3.116     2.418
     9.75    49.75    2026     3.103    13.354    31.344    17.020    10.271    21.982    10.816     9.251    11.774     6.693     2.715     5.473
     9.75    49.75    2027     8.308     2.844    30.824    26.855     8.672    23.470    10.631     2.456     0.542     0.615     2.596     6.859
     9.75    49.75    2028     8.544    17.297    16.137    29.536    20.239     9.143     8.791     6.668    10.411     6.868    11.896     6.697
     9.75    49.75    2029    10.067    17.473    28.869    32.066     6.912     7.269     8.807     5.966     3.320     3.048     1.613     1.522
     9.75    49.75    2030     4.968    10.728    16.867    17.004     6.802     1.990     3.379     2.077     2.122     2.601     4.048     2.733
     9.75    49.75    2031     0.000    15.911    23.173    29.444    11.705     9.025     7.409    16.682    12.415     5.290     2.297     3.407
     9.75    49.75    2032     0.000     0.000    21.829    25.261     5.361     3.554     2.562     7.990     4.655     0.698     1.859     6.057
     9.75    49.75    2033     9.349    17.254    17.321     7.798    14.984     5.997     2.952     2.044     1.291     2.063     6.211     4.171
     9.75    49.75    2034     0.773    16.964    23.493     5.813     1.142     4.458    11.819     5.131     2.232     2.409     5.332     4.493
     9.75    49.75    2035     8.440    16.355    31.018    19.764     6.594     1.190     3.438     3.029     1.122     1.751     3.658     6.999
     9.75    49.75    2036     9.352    16.268    28.594    12.903     8.261    12.604    10.592     7.727     4.590     3.271     5.794     1.916
     9.75    49.75    2037     7.595    18.023    14.338     3.779     3.521     3.565     5.881    10.402     3.007     0.398     2.648     6.069
     9.75    49.75    2038     7.699    17.680    34.216    27.355     5.798     1.527     8.432    23.044     8.238     2.332     4.805     9.012
     9.75    49.75    2039     4.136     0.000    31.950    25.746    13.653     7.632     2.327     2.798     3.060     3.664     3.596     7.649
     9.75    49.75    2040     9.248    15.314    29.504    29.762    13.482    17.088     8.596     6.021     1.538     1.947     2.523     1.627
     9.75    49.75    2041     0.561     0.090    20.831    32.053    17.777    30.938    14.192     9.288    11.994     7.169     2.700     5.715
     9.75    49.75    2042     0.000    16.916    24.116     8.630     3.508     3.865     5.695     8.923    10.244     7.621     8.594     5.960
     9.75    49.75    2043     0.000     2.758    31.872    11.513     7.644     2.462     1.820     2.936     2.791     1.006     4.184     3.777
     9.75    49.75    2044    10.520    15.496    27.162    21.608     6.197     9.287    16.650    10.403     3.434     1.888     6.358     8.312
     9.75    49.75    2045    11.432    16.868    34.805    24.017    17.788     6.475     3.979     5.576     2.618     1.050     2.594     3.654
     9.75    49.75    2046     0.000    15.799    31.413    18.282    12.673    12.340    22.600     8.667     1.573     0.660     3.412     4.904
     9.75    49.75    2047     8.332    18.916    24.012    12.240     6.561     4.564     5.719     4.281     1.311     0.480     2.531     5.304
     9.75    49.75    2048     8.580    19.725    32.680    16.966     3.306     2.156     9.668     6.517     1.981     1.488     0.898     2.920
     9.75    49.75    2049     1.051     8.192    30.983    14.265     6.475     4.895     7.086    19.836    10.985     4.415     8.937     2.178
     9.75    49.75    2050     9.525    21.190    21.250    19.111    12.697     4.781     1.433     1.080     3.801     9.147    14.489     8.050
     9.75    49.75    2051     2.297    19.393    25.525     7.724     5.577     8.438     4.105     4.957     7.564     6.680    11.633     8.847
     9.75    49.75    2052     1.023     8.424    35.518    18.255     8.467     3.563     2.794     5.145     3.628     7.355     7.181    10.248
     9.75    49.75    2053    12.763    17.522    29.767    24.693     5.924    12.813    14.550     1.366     0.871     1.300     4.216     3.849
     9.75    49.75    2054     2.239    10.430    26.690    22.129     4.694     5.944     6.712    10.190     4.831     3.056     5.363     7.896
     9.75    49.75    2055     1.826     8.537    30.251    11.344     2.079     1.312     2.622     1.525     0.796     0.896     6.969     6.896
     9.75    49.75    2056    10.451    19.622    20.864    13.035     9.137    13.924    17.249     5.512     3.000     1.848     6.271     6.667
     9.75    49.75    2057     9.556    12.373    19.285    17.251    13.854     7.377     9.693    18.595    10.866     4.501     6.685     7.726
     9.75    49.75    2058     2.860    17.402    13.502     6.171    10.350     5.443     2.425     3.792     1.769     0.875     3.669     7.674
     9.75    49.75    2059    14.341    15.125    11.850     7.811     6.279     9.978     5.270     0.778     0.331     0.362     2.905     7.845
     9.75    49.75    2060    11.691    16.524    13.533     4.883     8.787    20.088    18.362     7.935     5.234     4.057     9.714     7.970
     9.75    49.75    2061    10.269    15.419    32.798    16.097     3.540     3.989     6.608     5.951     2.026     1.306     3.485     5.766
     9.75    49.75    2062     0.925    17.481    30.137    21.118     8.487     2.132     3.684     5.217     3.495     1.368     0.993     1.674
     9.75    49.75    2063     7.037    12.346    15.527     4.505     4.511     6.699     1.296     1.866     5.140     3.922     8.639     8.751
     9.75    49.75    2064    11.820     0.000    28.231    11.451     7.724     6.687     4.184     3.718     3.901     3.559     8.090     8.222
     9.75    49.75    2065    10.001    19.188    23.367     6.775     4.463     3.543     4.913     3.448     3.142     1.632     1.872     3.438
     9.75    49.75    2066     0.991    18.996    19.650    16.419     6.118     8.920     3.123     1.139     0.465     0.388     1.409     5.732
     9.75    49.75    2067     1.821    21.938    32.233    11.134     1.089     1.848     3.816     2.406     1.717     0.746     1.687     0.714
     9.75    49.75    2068     0.000    19.069    28.396    28.549    13.453     4.240    14.357    20.195     7.463     2.561     4.668    10.579
     9.75    49.75    2069    10.634    17.770    24.068     4.128     1.653     2.361     5.931     5.443     2.762     0.947     1.533     3.773
     9.75    49.75    2070     4.959    23.233    30.731    21.679     7.633     3.622     3.347     2.732     1.932     2.025     3.955     2.165
     9.75    49.75    2071     0.000    16.950    36.509    25.039     5.189     6.761     4.949     3.142     1.694     2.037     3.115     5.939
     9.75    49.75    2072    10.744    22.827    20.195     4.313     8.995     9.686     2.449     3.382     2.398     3.021     8.113     3.197
     9.75    49.75    2073     0.000     0.000     4.125    41.613     3.587     4.075     7.036     3.831     2.012     1.176     0.997     3.991
     9.75    49.75    2074     3.372    20.944    30.935    28.426     6.045     2.422     1.570     2.326     1.377     2.849     3.575     8.391
     9.75    49.75    2075    12.290     7.507    35.918    11.885     4.671     8.961     7.353     4.303     1.404     0.907     7.422     5.332
     9.75    49.75    2076     7.752    20.479    27.682    17.879     3.013     1.738     2.227     2.098     1.899     0.715     1.487     3.756
     9.75    49.75    2077     6.855    16.963    18.567    17.339     5.927     1.658     3.734     3.803     1.837     1.702     6.972     8.305
     9.75    49.75    2078     3.597     0.000    11.407    45.072     7.001     1.897     7.183     3.051     1.836     1.002     0.822     2.450
     9.75    49.75    2079     0.000    19.651    30.599    26.249     7.027     4.127     4.765     2.134     1.238     0.414     4.020     7.480
     9.75    49.75    2080    10.727    18.413    27.280     9.334     3.378     4.173     7.226     6.354     5.001     2.792     5.166     4.025
     9.75    49.75    2081     4.101    19.339    28.983    22.010     7.785     8.022     4.054     3.683     2.075     0.722     0.721     1.412
     9.75    49.75    2082     6.359    18.011    38.482    34.233     8.811     7.348     3.549     1.509     0.883     0.491     1.240     6.502
     9.75    49.75    2083    11.126    12.994    30.394    37.598    19.803     2.638     1.101     2.507     1.663     1.367     3.302     6.551
     9.75    49.75    2084     3.470     0.010    31.487    11.831     3.081     4.390     3.558     2.533     2.545     1.884     6.427     8.427
     9.75    49.75    2085     4.847    19.740    26.076    29.116     2.593     2.139     1.409     0.723     0.586     0.618     3.296     8.824
     9.75    49.75    2086     1.747     9.788    23.085     1.951     1.268     3.767     5.447     3.468     2.260     1.378     5.643     1.819
     9.75    49.75    2087     0.000    15.100    30.611    21.584     5.549     3.025     2.329     2.140     1.193     0.755     2.057     0.883
     9.75    49.75    2088     0.000     0.000    32.156     6.152     3.831     5.386     4.688     8.845     3.950     2.454    14.334     6.717
     9.75    49.75    2089     0.000     0.006    39.629    24.786     6.637     3.393     3.445     2.669     1.285     0.514     0.714     4.049
     9.75    49.75    2090    10.543    17.781    31.029    26.583     4.139     2.591     1.931     1.334     1.743     1.673     2.061     6.280
     9.75    49.75    2091     1.451     0.000    20.921     7.002     0.698     0.921     0.808     2.105     0.793     0.937     7.324     3.561
     9.75    49.75    2092     7.511    17.558    30.166    19.160     8.458     5.056     5.333    19.370    12.592     5.482     5.880     8.720
     9.75    49.75    2093     5.203     0.000    34.417    32.466     4.824     2.873     3.202     4.322     3.180     1.931     3.211    10.720
     9.75    49.75    2094     2.701    19.319    19.096    14.168    12.081     5.243     2.120     3.283     0.911     0.898     3.263     4.177
     9.75    49.75    2095    10.069    19.662    29.330    23.182     9.047     2.281     1.431     1.927     1.509     0.848     2.475     7.833
     9.75    49.75    2096    11.955    17.864    24.985    16.156     6.137     5.152     2.754     3.494     1.630     0.630     2.463     7.928
     9.75    49.75    2097    11.236    19.280    28.620    17.428     9.744     4.657     1.398     1.483     1.318     1.353     5.705    10.035
     9.75    49.75    2098     4.480     8.838    29.849    16.150     7.337     5.282     3.680     3.002     2.571     0.589     2.820     6.075
     9.75    49.75    2099     9.679    19.398    16.553     5.203     4.629     5.585     2.020     2.465     1.952     0.988     3.154     1.797
     9.75    49.75    2100     0.000    13.395    32.779    23.548     6.135     4.120     5.269     1.870     1.549     1.054     0.848     3.415
     9.75    49.75    2101     4.191    21.798    31.920    21.937     3.475     4.729     2.877     1.819     1.521     1.355     1.322     4.578
     9.75    49.75    2102    10.823    19.917    17.979     3.094     4.910     3.816     1.304     2.926     1.525     3.273     7.033     3.048
     9.75    49.75    2103     0.000     0.000     0.000    38.615     4.980     2.101     2.825     2.438     1.474     0.760     0.681     2.619
     9.75    49.75    2104     0.673    21.182    28.972    25.690     4.995     1.580     1.435     2.271     1.032     0.836     3.203     9.630
     9.75    49.75    2105     4.976     1.588    37.995    13.173     3.815     4.304     4.372     3.078     0.990     0.803     6.121     3.867
     9.75    49.75    2106     0.753    22.142    30.770    21.311     3.284     1.464     1.327     1.542     0.902     0.562     1.457     2.124
     9.75    49.75    2107     7.480    14.942    18.934    13.560     5.136     1.542     2.749     2.611     1.496     1.269     5.075     9.284
     9.75    49.75    2108     2.411     0.000     2.078    47.692     4.842     0.769     2.474     2.537     0.927     0.424     0.322     1.667
     9.75    49.75    2109     0.000    11.712    36.275    23.980     3.303     2.858     1.680     1.265     0.603     0.367     3.513     6.156
     9.75    49.75    2110    10.684    19.276    31.296    10.631     3.038     3.441     4.355     5.390     2.514     1.376     5.026     3.059
     9.75    49.75    2111     4.225    17.827    29.207    23.122     3.664     4.972     3.164     1.839     1.472     0.462     0.380     0.437
     9.75    49.75    2112     0.000    20.014    35.796    33.979    10.355     2.827     2.030     1.136     0.537     0.479     0.835     5.541
     9.75    49.75    2113    10.349    13.594    25.053    45.379    13.490     1.731     1.043     1.457     1.222     0.873     2.994     7.514
     9.75    49.75    2114     3.116     0.000    34.430    10.923     1.815     3.742     1.139     2.238     1.088     1.239     6.975     8.342
     9.75    49.75    2115     3.419    18.776    27.566    22.575     3.455     2.020     1.148     0.931     0.811     0.494     3.684     8.480
     9.75    49.75    2116     0.968    10.362    21.778     1.993     1.098     3.472     3.620     3.281     1.842     1.037     6.306     1.012
     9.75    49.75    2117     0.000    14.710    28.926    19.110     5.055     1.278     1.047     1.086     0.608     0.400     1.378     1.400
     9.75    49.75    2118     0.000     0.000    29.319     3.789     2.834     1.759     2.586     5.568     2.549     1.549    12.266     8.047
     9.75    49.75    2119     0.000     2.547    36.974    20.349     5.617     3.110     2.419     2.103     0.990     0.495     1.218     2.307
     9.75    49.75    2120     0.000    22.025    34.894    25.616     5.460     2.224     1.961     1.508     1.307     1.740     1.705     5.730
     9.75    49.75    2121     0.667     0.000    20.739     4.880     0.559     0.575     0.613     1.097     0.858     0.667     4.687     5.242
     9.75    49.75    2122     6.257    18.454    31.692    15.212     6.227     3.117     2.230     9.369     8.177     2.853     5.586     7.218
     9.75    49.75    2123     6.074     0.000    34.799    30.468     5.707     1.933     1.527     2.957     1.474     1.379     2.603    10.545
     9.75    49.75    2124     2.418    19.569    23.591    17.193     8.973     5.926     2.045     2.064     0.951     1.206     2.915     3.276
     9.75    49.75    2125     8.342    19.993    27.785    30.113     6.701     2.164     1.292     1.637     1.091     0.669     2.008     7.890
     9.75    49.75    2126    11.276    17.496    25.120    17.598     3.917     5.634     2.121     4.139     1.258     0.645     1.957     6.750
     9.75    49.75    2127    11.006    20.333    26.881    13.244    13.308     4.331     1.674     1.833     1.604     1.086     6.318    10.336
     9.75    49.75    2128     2.226    11.027    26.821    19.621     8.322     5.507     4.060     4.279     1.661     0.715     2.977     6.105
     9.75    49.75    2129     9.157    19.183    15.361     6.730     5.601     5.600     1.525     2.565     1.981     0.807     3.114     2.332
     9.75    49.75    2130     0.000    14.726    34.962    25.246     6.538     2.878     4.890     2.740     1.400     1.311     0.661     4.030
    13.75    55.75    1980     1.947     0.000    27.413    29.877     6.527     1.940     1.230     0.558     7.158     9.754     2.954     2.761
    13.75    55.75    1981     4.985    14.329    23.935    20.134     6.210     2.594     2.176     0.484     1.042     2.908     4.110     3.160
    13.75    55.75    1982     0.756     9.305    22.392    26.823    14.821     7.608     0.790     0.913     1.850     6.304     2.498     1.058
    13.75    55.75    1983     0.000     6.649    28.457    21.119     6.530     5.733     2.589     0.523     0.484     1.729     2.996     2.948
    13.75    55.75    1984     4.738    10.743    23.515    27.890    24.799     8.182    15.922    21.802     8.168     4.700     3.180     0.991
    13.75    55.75    1985     0.000     0.000     0.000    27.223    30.221    14.952    19.705    23.958    10.541     7.286     4.268     1.039
    13.75    55.75    1986     0.000     0.000     0.000     5.831    30.988     4.974     1.384    10.446    14.484     8.337     4.017     2.867
    13.75    55.75    1987     0.625     0.000     0.000    25.750    11.492    14.182    11.074     1.183    14.751     8.635     3.096     2.611
    13.75    55.75    1988     4.619    11.083    25.266    17.563     6.760     1.672     1.103     1.515     2.167     2.264     1.797     2.589
    13.75    55.75    1989     0.589     0.000     8.130    34.893    18.872     2.618     4.401     2.843     2.197     5.466     3.263     1.444
    13.75    55.75    1990     3.399     3.727     3.298    41.425    19.010    26.802     5.216     8.205    11.729     4.844     2.359     1.552
    13.75    55.75    1991     0.000     0.000    31.725    23.181     9.199     0.681     3.899    22.963    14.854     9.096     1.597     1.549
    13.75    55.75    1992     4.369     1.112    21.435    30.106    23.630    17.407     6.204     0.581     1.020     1.128     3.563     1.356
    13.75    55.75    1993     0.000     0.000     4.021    30.432    11.231     4.776    27.103    16.490     6.999     4.841     4.221     0.000
    13.75    55.75    1994     0.000     0.000    19.030    24.536     8.727    12.972    15.639    21.737     9.619     8.616     3.019     2.565
    13.75    55.75    1995     1.357     0.000    14.914    28.336    14.651    10.127     2.971     0.845     1.309     3.595     3.074     2.930
    13.75    55.75    1996     4.222    11.807    25.814    30.911    12.897     2.433     1.258     4.811     4.444     7.026     3.557     2.643
    13.75    55.75    1997     1.524     0.000     0.000    38.486    10.161     5.127    12.459     6.853    12.743     6.279     2.878     1.976
    13.75    55.75    1998     5.166    10.827    20.100    17.050     5.951    14.154     4.332     0.896     4.456     2.857     1.912     2.460
    13.75    55.75    1999     1.638     5.201    25.359    28.603    12.759     2.665     1.430     2.095    10.181    10.768     5.060     3.270
    13.75    55.75    2000     4.582    10.840    24.035    15.441     1.914     1.792     0.957     0.494     6.063     5.515     4.656     2.914
    13.75    55.75    2001     1.376     0.000     0.000    25.503    21.239    15.476    20.283    29.770    19.186     8.300     5.354     2.798
    13.75    55.75    2002     0.955     0.000    28.244    29.476    28.242     1.031     1.167     5.776    16.073     8.588     3.394     2.292
    13.75    55.75    2003     1.781     0.000     3.678    36.354    19.465     3.255    12.081    11.535     8.825    10.623     3.726     2.814
    13.75    55.75    2004     4.224     9.397    22.163    28.106    15.041    14.821    40.915    11.320     3.760     1.841     3.109     2.680
    13.75    55.75    2005     5.153     4.412    28.712    15.960     6.235    19.976     2.076     0.730     1.517     4.397     3.597     1.623
    13.75    55.75    2006     0.000     5.982    24.939    22.003     4.935     0.477     0.328     0.464     2.950     6.018     5.060     2.872
    13.75    55.75    2007     1.094     0.000    13.374    28.147    15.615    31.674    19.350     5.972    13.273    10.988     3.065     2.698
    13.75    55.75    2008     4.765    13.987    25.429     7.526     1.376     0.262     0.132     6.091     4.209     7.718     5.286     2.978
    13.75    55.75    2009     2.908     0.000     0.000    35.131     7.659     2.217     2.035    21.494    11.200    11.532     4.189     2.695
    13.75    55.75    2010     4.852    13.663    19.197     7.243     3.258     2.465    10.754     9.012    10.513     9.435     6.581     2.798
    13.75    55.75    2011     4.648    12.624    27.142    14.757     6.139    17.449    42.895    14.281     2.054     1.135     3.442     2.935
    13.75    55.75    2012     2.205    10.949    26.823    19.503     4.024     0.902     0.110     0.187     0.348     2.135     3.850     2.761
    13.75    55.75    2013     0.305     0.000     7.053    28.978     4.305     0.366     0.085    14.379    20.906    10.047     3.763     2.841
    13.75    55.75    2014     1.270     0.000     5.505    38.571    10.066     7.101     7.055     5.807    12.556     5.008     2.643     3.174
    13.75    55.75    2015     4.729     6.484     4.690    32.935     7.233     0.206     9.320    15.851    12.198     8.551     3.121     2.380
    13.75    55.75    2016     4.523     1.461    26.101    15.067     6.065     9.332     0.130     2.116     1.172     0.880     3.551     2.303
    13.75    55.75    2017     4.139    10.449    23.328    12.139    10.805     0.457    31.925    12.903     0.071     1.599     4.052     1.167
    13.75    55.75    2018     0.000     0.000     0.000    25.642    20.293     9.908    12.146     8.091     7.016     2.845     3.630     2.563
    13.75    55.75    2019     4.427    10.817    20.200    13.432     9.589     0.978     0.022     0.179     3.292     5.781     4.230     1.222
    13.75    55.75    2020     3.601     9.619    24.488    28.958    11.736     4.463    10.220    15.769    14.052     9.994     5.160     2.832
    13.75    55.75    2021     5.297    13.226    24.020    19.743     6.430     1.083     5.593     4.691     3.462     3.068     4.822     1.881
    13.75    55.75    2022     4.235    12.147    23.129    18.887     7.428     0.239    16.347    31.831    14.149    10.556     4.399     2.093
    13.75    55.75    2023     0.759     8.812    27.117    26.416     9.439    25.033     1.236     0.824     0.909     5.372     3.279     2.939
    13.75    55.75    2024     0.419     6.402    24.710    14.515     3.557     0.302     0.139     1.549     0.265     2.938     4.860     3.136
    13.75    55.75    2025     0.425     4.236    24.529    22.339    25.835     0.988     0.104     0.737     1.849     2.929     3.269     1.646
    13.75    55.75    2026     3.051    11.553    24.532    23.728    13.955    33.250     8.964     1.077     1.441     3.151     3.249     2.621
    13.75    55.75    2027     4.683    10.597     6.514    32.925     5.832     0.483     0.715     6.339    13.801     4.780     2.310     2.892
    13.75    55.75    2028     4.863    15.091    19.953    18.321     5.936    22.821    12.894    11.354    14.510     8.915     6.984     3.084
    13.75    55.75    2029     4.924    10.641    22.382    25.975    11.396     0.831     3.147     6.080    19.057     9.331     3.418     2.577
    13.75    55.75    2030     4.403    11.610    21.895    30.111    26.198     5.512     6.624     9.659     2.431     5.936     2.911     1.237
    13.75    55.75    2031     0.000     6.249    29.977    31.485    17.487     1.545     1.308     1.274    15.520     9.929     2.563     2.755
    13.75    55.75    2032     0.234     0.000     0.000    16.563    15.147     0.706     0.114     1.303     0.736     3.952     1.880     3.123
    13.75    55.75    2033     5.183    11.175    21.429    20.322    14.296     7.053    17.346    27.259    14.237     8.634     5.850     3.110
    13.75    55.75    2034     1.217    10.989    29.905    16.864     1.679    27.050    40.116    33.746     8.018     3.102     3.009     2.728
    13.75    55.75    2035     4.471    10.340    22.172    18.607     5.207     6.935     1.079    20.606    10.021    10.907     4.802     3.156
    13.75    55.75    2036     4.084     9.378    25.245    20.347    11.070    17.204     0.885     3.028    11.577     5.872     3.246     2.172
    13.75    55.75    2037     5.662    12.005    21.343    19.552     4.982     4.401    32.218    15.834     2.010     3.719     3.465     2.112
    13.75    55.75    2038     1.441     5.518    12.033    41.254    12.302     0.843     0.555     8.489    10.804     6.171     4.101     3.424
    13.75    55.75    2039     2.155     7.252    23.370    20.492     7.240    11.093     1.681     0.657     4.099     3.702     3.114     3.238
    13.75    55.75    2040     5.638    11.781    26.927    32.984    23.897     7.149    23.190    12.420    12.147     5.157     1.916     2.368
    13.75    55.75    2041     0.775     0.000     0.000    33.468    11.377     2.277     1.212     0.781     9.432    11.373     3.550     3.220
    13.75    55.75    2042     1.082    11.002    24.661    12.453     6.378     0.831     0.399    16.715    16.004    11.812     5.072     1.059
    13.75    55.75    2043     0.000     0.000    15.037    25.964     6.893     2.834     2.475     2.601     1.665     2.688     1.641     3.055
    13.75    55.75    2044     4.826     9.746     9.860    31.933     7.232     1.804     0.084     2.400     5.801     9.905     2.909     2.607
    13.75    55.75    2045     4.949    11.422    27.982    24.653    13.060    10.212     2.642     3.358     8.624     8.852     4.851     2.884
    13.75    55.75    2046     4.488    12.296    24.224    21.004    10.184    29.423     4.738     0.184     1.254     1.013     2.690     3.023
    13.75    55.75    2047     4.749    12.483    29.598    29.355     8.828     3.866     0.462     1.502     2.779     3.519     2.860     2.969
    13.75    55.75    2048     4.755    12.664    24.691    23.247    14.856     9.033     6.692    23.576    16.757     4.930     2.938     3.493
    13.75    55.75    2049     5.026     9.997    28.666    35.122     7.598     1.032     0.623     1.125     0.613     0.617     1.917     1.138
    13.75    55.75    2050     4.022    11.402    26.655    31.733    25.633     5.517     2.477     3.977     8.110     7.989     3.845     3.040
    13.75    55.75    2051     1.456     6.108    28.211    16.200     6.665     0.821     0.445     5.050    13.777     9.479     4.228     3.012
    13.75    55.75    2052     0.969     0.000     0.000    32.693    23.482    16.916     0.723     2.743     6.761     9.489     3.422     2.503
    13.75    55.75    2053     4.993    12.338    30.625    27.032     7.093     0.868     8.692     7.203    12.744     6.376     3.929     3.087
    13.75    55.75    2054     0.544     4.536    26.351    23.028    10.921     2.368     0.317    11.192     7.703     4.543     3.464     3.089
    13.75    55.75    2055     1.799     0.000    19.905    23.915    11.119     5.226     2.298    14.452     3.494     5.550     4.225     3.094
    13.75    55.75    2056     5.186    10.755    25.605    15.547     7.479     1.165     4.650    17.365    18.461     7.144     5.542     2.884
    13.75    55.75    2057     4.835    11.086    27.674    27.885     8.112     0.895     1.090     3.164    11.632    11.026     4.175     3.357
    13.75    55.75    2058     1.217    11.630    23.534    16.631    18.911    11.029     9.857     5.095     1.341     1.022     4.057     3.596
    13.75    55.75    2059     6.465    13.288    16.378    10.259    14.018     1.958     2.021     9.231     3.754     2.661     4.257     3.435
    13.75    55.75    2060     4.863    13.150    21.219     7.295     5.132     0.952     7.220     2.556     2.659     9.151     8.120     3.002
    13.75    55.75    2061     4.592     8.730    24.234    26.833     8.966     5.905     3.887    21.897    17.363     6.314     4.085     3.541
    13.75    55.75    2062     0.723     7.342    25.831    35.775    10.270     2.102     2.235    13.556    15.111     5.685     1.681     1.911
    13.75    55.75    2063     4.274     5.630    27.167    18.553     6.020     1.934     0.850     2.135     7.683     6.871     3.877     3.415
    13.75    55.75    2064     5.720     1.012    31.483    19.330    10.977     3.809    20.390    11.803    12.219     8.345     3.213     3.633
    13.75    55.75    2065     4.821    13.228    31.913    20.073     5.492    13.927     6.516     5.300    14.510     7.081     4.615     3.298
    13.75    55.75    2066     1.529     0.000    17.592    38.240    10.085    35.501    23.029     5.472     2.241     2.550     1.493     2.781
    13.75    55.75    2067     2.088    11.180    28.605    21.493     4.915     0.857     1.944    13.627    13.216     4.590     3.369     2.934
    13.75    55.75    2068     2.485    14.184    25.120    34.461    12.954     2.666     3.429     3.999     1.955     6.564     3.587     3.858
    13.75    55.75    2069     2.537     0.000    27.142    11.175     4.550     3.783    17.696     7.720     2.333     3.225     4.364     2.837
    13.75    55.75    2070     4.797    15.106    25.361    20.891     6.971     4.943    18.691     7.768     3.460     6.182     3.810     2.244
    13.75    55.75    2071     0.000    10.441    24.563    27.792    10.865     1.429     1.087     1.266     3.891     3.053     1.765     2.467
    13.75    55.75    2072     4.811    11.800    26.289    17.488     9.872     4.269     3.940     3.847     3.804     4.305     5.473     3.169
    13.75    55.75    2073     1.370     0.000     0.000    34.766    16.657     8.047     5.695    14.901     9.141     4.117     2.886     2.718
    13.75    55.75    2074     4.989    12.413    24.444    34.754     9.137     1.533     0.673     3.755     1.656     3.107     2.763     3.161
    13.75    55.75    2075     3.704     0.000    32.236    24.986    15.065     4.585    18.500    16.786     5.839     7.129     3.291     2.906
    13.75    55.75    2076     4.736    11.626    29.299    19.183    11.037    21.076     7.820     0.804     5.155     3.849     2.479     2.851
    13.75    55.75    2077     4.984    14.908    15.475    12.313    14.418    10.218    11.094    10.645     1.871     3.084     6.830     3.465
    13.75    55.75    2078     5.536    10.484    21.187    40.564    19.825     3.601     0.832     8.132    12.772     6.240     2.496     2.602
    13.75    55.75    2079     1.563    10.014    28.476    40.394     6.982     9.453     1.153     0.207     1.462     1.543     1.828     2.825
    13.75    55.75    2080     4.908    11.761    25.593    20.333    11.917     4.789     2.177     1.958     9.157     5.001     2.864     2.973
    13.75    55.75    2081     5.472    11.568    22.949    24.752     9.688     0.976     0.593     9.708     5.118     3.313     1.605     1.614
    13.75    55.75    2082     5.111    11.312    26.020    40.209    13.627     0.685     7.559     6.754     3.829     1.400     0.590     2.013
    13.75    55.75    2083     0.956     0.000    18.952    34.711    15.843     2.769     0.870     0.808     0.590     3.252     2.180     4.173
    13.75    55.75    2084     1.688     0.000     1.669    42.771    14.338     1.013     0.360     3.910     4.024     3.856     1.779     2.478
    13.75    55.75    2085     0.768     0.000     8.773    43.189     5.398    13.182    13.987     9.204     4.341     3.750     1.723     3.323
    13.75    55.75    2086     0.988     2.120    29.069     7.931     3.037     1.014     0.656     2.322     2.578     4.295     3.014     1.394
    13.75    55.75    2087     0.000    10.656    25.202    25.483    12.789     2.983     3.825     4.695     1.463     1.902     1.721     1.615
    13.75    55.75    2088     0.000     0.000    17.033    19.934     5.083     1.921     0.421     0.443     1.192     2.344     2.615     3.283
    13.75    55.75    2089     0.000     0.000    27.618    37.166     7.149    13.048     1.516     1.562     1.078     0.688     0.935     1.770
    13.75    55.75    2090     5.132    11.972    27.964    22.861    10.530     7.719     1.279     1.631     8.163     5.390     2.272     3.634
    13.75    55.75    2091     0.096     0.000    18.246    27.798     2.845     2.594     2.331     7.463     7.245     2.384     1.795     1.971
    13.75    55.75    2092     4.445     4.218    30.206    23.774     8.616    11.308     1.395     1.814     2.280     2.943     1.804     3.256
    13.75    55.75    2093     5.247    12.585    26.623    26.178     6.908     5.134    19.287    14.408     2.705     3.975     1.771     2.848
    13.75    55.75    2094     0.876    11.015    22.008    20.474     8.783     3.400     1.393     2.174     2.169     3.094     1.638     3.204
    13.75    55.75    2095     5.718    13.441    30.341    20.221     9.565    11.266     6.609     4.099     2.815     1.689     1.667     3.630
    13.75    55.75    2096     5.571    12.439    27.292    22.987     9.342     2.209     1.877     1.037     1.384     1.764     1.490     2.962
    13.75    55.75    2097     5.344    11.479    25.714    18.428     3.132    11.690     8.007     4.727     6.434     1.945     3.225     3.736
    13.75    55.75    2098     4.764    10.227    27.678    31.521     4.648     1.117     0.790     1.273     2.206     2.053     0.695     2.631
    13.75    55.75    2099     5.695    14.512    24.318    29.164     6.016     2.952     5.008    11.168     4.970     4.133     1.537     3.643
    13.75    55.75    2100     5.092    10.216    27.612    23.088    19.094     5.120     7.902     4.704     4.288     2.134     1.098     2.089
    13.75    55.75    2101     0.918    11.866    27.863    37.546     8.507     1.209     0.750     0.906     1.790     1.342     0.711     2.576
    13.75    55.75    2102     5.081    13.102    25.666    13.946     7.921     2.499     2.630     4.494     2.903     1.513     3.633     2.208
    13.75    55.75    2103     0.000     0.000     0.000    32.738    15.611     2.850     2.907     5.048     3.640     2.277     0.987     2.596
    13.75    55.75    2104     5.387    14.776    25.041    36.767     5.238     0.807     0.419     1.693     0.693     1.922     0.948     3.344
    13.75    55.75    2105     5.299     3.940    34.808    28.970    12.611     1.245     5.507     5.346     4.093     3.009     1.792     3.119
    13.75    55.75    2106     5.001    12.626    28.678    18.359     5.083     6.831     2.317     0.512     1.054     1.360     1.250     3.038
    13.75    55.75    2107     5.608    15.916    17.879    14.957     3.714     4.337     3.768     4.568     0.725     0.728     5.595     3.703
    13.75    55.75    2108     6.019    11.818    21.289    41.402    18.744     1.919     0.768     2.799     4.655     2.372     0.837     2.462
    13.75    55.75    2109     0.663    10.269    29.043    36.976     2.563     2.468     1.695     0.281     0.671     0.847     0.784     2.895
    13.75    55.75    2110     5.204    11.653    26.409    22.682     8.690     3.235     0.932     2.415     2.668     1.293     1.882     3.042
    13.75    55.75    2111     5.677    12.668    25.477    32.479     5.060     0.536     0.369     3.276     2.102     0.776     0.627     0.997
    13.75    55.75    2112     4.687    12.171    30.432    41.707    13.184     0.496     2.984     4.187     1.493     0.569     0.223     1.712
    13.75    55.75    2113     1.069     0.000    19.745    40.559    17.342     1.781     0.659     0.546     0.505     1.316     1.134     4.373
    13.75    55.75    2114     0.781     0.000     0.038    52.676    16.016     0.908     0.366     1.771     1.743     2.192     0.827     2.372
    13.75    55.75    2115     0.866     0.000     7.585    45.007     8.370     6.622     8.568     5.222     3.630     2.075     0.831     3.354
    13.75    55.75    2116     1.179     2.189    31.497     8.987     1.711     0.793     0.488     0.973     2.097     2.006     2.042     1.773
    13.75    55.75    2117     0.000    11.939    23.825    27.778    11.368     2.781     4.642     3.644     1.210     1.064     1.011     1.875
    13.75    55.75    2118     0.000     0.000    20.318    21.240     2.797     1.667     0.594     0.685     1.309     1.215     1.665     3.641
    13.75    55.75    2119     0.388     0.000    29.078    38.381     5.175     5.415     1.277     0.560     1.371     0.708     0.383     1.427
    13.75    55.75    2120     0.691    12.924    27.431    22.088     6.559     3.374     1.232     1.025     3.330     1.977     1.204     3.898
    13.75    55.75    2121     0.878     0.000    20.005    29.868     4.442     1.375     1.134     2.782     3.372     1.215     1.137     1.901
    13.75    55.75    2122     3.839     8.475    33.245    30.406     3.490     3.691     3.236     1.935     1.997     2.321     0.895     3.389
    13.75    55.75    2123     5.523    13.149    25.331    31.013     4.573     4.093    10.117     6.319     1.730     1.652     0.835     2.949
    13.75    55.75    2124     0.724    11.624    24.092    22.503     9.105     1.480     0.724     0.536     0.720     2.248     0.599     3.347
    13.75    55.75    2125     6.097    14.496    31.303    18.953     8.252     5.570     6.354     1.524     1.011     1.025     0.920     3.854
    13.75    55.75    2126     5.879    12.995    27.860    25.557     5.303     2.495     1.393     1.452     1.269     0.984     0.721     2.440
    13.75    55.75    2127     5.785    12.526    29.437    24.069     2.198     4.280     3.545     4.972     2.927     1.705     2.664     3.988
    13.75    55.75    2128     5.086    10.656    28.483    30.485     5.833     1.211     0.780     1.313     0.868     1.458     0.392     3.191
    13.75    55.75    2129     6.166    15.456    23.119    26.870     8.385     1.278     4.162     4.133     3.872     1.998     0.960     3.343
    13.75    55.75    2130     5.393    11.289    28.690    31.327    15.744     2.474     4.582     3.108     1.360     1.404     0.529     2.102
    23.75    61.75    1980     0.000     0.000     0.000     0.000    19.640    14.749    10.741     4.510     8.030     4.664     1.110     0.000
    23.75    61.75    1981     0.000     0.000     5.046    18.420    16.069     5.767     4.939     9.534     7.524     4.427     0.486     0.000
    23.75    61.75    1982     0.000     0.000     0.000     0.000    15.112    18.804     2.499     2.864     6.669     5.269     1.141     0.000
    23.75    61.75    1983     0.000     0.000     0.000     5.808    16.474     4.132     2.837     1.005     0.626     1.615     0.000     0.000
    23.75    61.75    1984     0.000     0.000     0.000     0.000    17.303     9.054    32.930    28.547    15.718     5.395     0.886     0.000
    23.75    61.75    1985     0.000     0.000     0.000     0.000    22.697    18.496    16.362    20.291     8.533     4.352     0.148     0.000
    23.75    61.75    1986     0.000     0.000     0.000     0.000    18.798    13.135    12.626     4.261     5.536     2.865     0.348     0.000
    23.75    61.75    1987     0.000     0.000     0.000     0.000    21.247    18.387    26.250     7.865     5.936     5.116     0.346     0.000
    23.75    61.75    1988     0.000     0.000     0.000    12.856    14.069    12.819     4.898    12.327    15.704     5.852     0.851     0.000
    23.75    61.75    1989     0.000     0.000     0.000     0.000    18.695     3.292     8.363     2.773     5.786     4.202     0.306     0.000
    23.75    61.75    1990     0.000     0.000     0.000     0.000    22.692    12.301    10.280    23.278    11.301     7.801     0.886     0.000
    23.75    61.75    1991     0.000     0.000     0.000     0.000    25.402    13.865     3.739     3.290     7.297     5.781     0.495     0.000
    23.75    61.75    1992     0.000     0.000     0.000     4.178    21.611     8.489    25.271    23.804    11.105     3.405     0.000     0.000
    23.75    61.75    1993     0.000     0.000     0.000     9.677    14.120     1.360     9.467    13.391     9.370     5.876     0.664     0.000
    23.75    61.75    1994     0.000     0.000     0.000     5.725    23.804    16.235     4.446    16.310    11.639     5.141     0.900     0.000
    23.75    61.75    1995     0.000     0.000     0.000     0.000    22.882    13.350    20.112     9.148     4.427     3.733     1.121     0.000
    23.75    61.75    1996     0.000     0.000     0.000     0.000    22.559     2.382     2.237    23.649     8.237     3.332     0.662     0.000
    23.75    61.75    1997     0.000     0.000     0.000     0.000    25.846     6.456     7.640    16.601    13.653     4.490     0.989     0.000
    23.75    61.75    1998     0.563     0.036     0.000     3.313    26.698    14.535    13.675    12.587     8.108     4.725     0.819     0.000
    23.75    61.75    1999     0.000     0.000     0.000    17.067    19.794    11.789    17.281    20.092    10.431     4.349     1.006     0.000
    23.75    61.75    2000     0.000     0.000     0.000    12.440    12.732     4.319    12.524    17.396     7.838     3.066     0.891     0.000
    23.75    61.75    2001     0.000     0.000     0.000    10.284    18.146     1.830     1.224    26.469     8.971     2.011     0.000     0.000
    23.75    61.75    2002     0.000     0.000     0.000     0.000    17.588    25.508    10.517     9.508    10.266     2.964     0.657     0.000
    23.75    61.75    2003     0.000     0.000     0.000     0.000    19.782    10.527     3.101     3.194     6.574     5.898     0.656     0.000
    23.75    61.75    2004     0.000     0.000     0.000     6.563    16.531     8.149    23.966    26.928    10.273     6.109     0.976     0.000
    23.75    61.75    2005     0.000     0.000     0.000    22.501    13.763    23.147    18.700    16.042     6.337     4.129     0.269     0.000
    23.75    61.75    2006     0.000     0.000     0.000    15.038    17.252     2.030     2.339    12.583    12.361     4.011     0.699     0.000
    23.75    61.75    2007     0.000     0.000     0.000     0.000    24.648     6.517    30.101    27.604    10.797     3.141     0.811     0.462
    23.75    61.75    2008     0.000     0.000     3.856    19.307     3.964     2.820     7.178    21.864    14.157     4.728     0.846     0.000
    23.75    61.75    2009     0.000     0.000     0.000     8.938    14.000     8.127    13.929    15.714     5.765     2.504     0.460     0.000
    23.75    61.75    2010     0.000     3.138     9.651    16.760     6.270     5.931     4.416     2.484     5.676     6.827     0.884     0.000
    23.75    61.75    2011     0.000     0.000     0.000    18.050    11.231     1.399    28.255    21.539    13.218     5.499     1.000     0.000
    23.75    61.75    2012     0.000     0.000    10.665    17.467    14.789    11.836    10.761     5.555     5.689     4.618     0.924     0.046
    23.75    61.75    2013     0.000     0.000     0.000     3.562    22.029    10.078     1.246     0.714     2.073     3.658     1.196     0.099
    23.75    61.75    2014     0.000     0.000     0.000    16.797    20.581    16.897     6.250    27.440    11.927     4.477     0.814     0.000
    23.75    61.75    2015     0.000     0.000     0.000    11.514    12.722    13.449    47.030    23.360    14.370     6.389     0.978     0.000
    23.75    61.75    2016     0.000     0.000     0.000    16.508    15.041     9.652     5.664    16.658    11.686     4.972     0.964     0.000
    23.75    61.75    2017     0.000     0.000     0.000    19.738    11.772     2.219     1.184     0.998     1.612     1.275     0.227     0.000
    23.75    61.75    2018     0.000     0.000     0.000     9.970    18.504    12.157    12.251    23.776    16.552     7.233     0.783     0.000
    23.75    61.75    2019     0.000     0.000    12.068    20.069     8.940     0.811     3.680    20.815     9.170     5.160     1.010     0.000
    23.75    61.75    2020     0.000     0.000     0.000    15.800    12.757    12.620    28.616    18.758    13.979     6.229     1.075     0.000
    23.75    61.75    2021     0.000     0.000     7.828    15.872     8.820     7.595    24.586    17.134    11.764     3.207     1.235     0.000
    23.75    61.75    2022     0.000     0.000     0.000    16.448    14.330    10.643    19.758    28.934    12.463     4.867     0.905     0.000
    23.75    61.75    2023     0.000     0.000     0.000    18.420    17.230     1.270     2.736    16.035     9.742     4.486     1.155     0.000
    23.75    61.75    2024     0.000     0.000     5.986    19.046     7.973    21.254     7.522     4.073     5.645     1.743     0.552     0.000
    23.75    61.75    2025     0.000     0.000     0.000     0.000    16.654    12.385     3.114    19.367    11.744     4.710     0.765     0.000
    23.75    61.75    2026     0.000     0.000     0.000     0.000    24.052     5.945     1.987    12.015     5.634     2.538     0.727     0.000
    23.75    61.75    2027     0.000     0.000     0.000    16.547    11.205     1.709     1.425    15.996    12.762     4.757     0.845     0.000
    23.75    61.75    2028     0.000     0.000     9.875    14.965     5.823    11.706    16.525     8.637     8.089     5.323     1.020     0.000
    23.75    61.75    2029     0.000     0.000     0.000     0.000    18.833     1.396     4.534     8.333     7.573     4.260     0.839     0.000
    23.75    61.75    2030     0.000     0.000     0.000     0.000    21.561     1.305     0.959     2.138     2.271     3.198     0.793     0.000
    23.75    61.75    2031     0.000     0.000     0.000     0.753    27.976     3.126     1.633     5.351     5.148     3.904     0.769     0.000
    23.75    61.75    2032     0.000     0.000     0.000     4.269    20.910     9.381     2.207     5.526    10.382     5.284     0.504     0.083
    23.75    61.75    2033     0.288     3.850    12.719    16.468    15.111     5.613    22.440    18.359    12.703     4.025     0.917     0.012
    23.75    61.75    2034     0.000     0.000     0.000    18.724     7.717     0.758     0.981     0.514     0.392     1.815     0.718     0.000
    23.75    61.75    2035     3.020     1.749     7.494    20.668    10.158     8.823    12.624    18.922    13.836     5.192     0.834     0.001
    23.75    61.75    2036     0.000     0.000     0.000    19.024     7.039     0.692    16.794    11.762    10.479     5.377     0.886     0.000
    23.75    61.75    2037     0.000     3.800    17.483    23.703    13.864     5.609     0.894     7.720     9.934     3.120     0.648     0.000
    23.75    61.75    2038     0.000     0.000     0.000     0.000    27.091     3.981     6.689     1.078     3.982     4.781     0.933     0.006
    23.75    61.75    2039     0.000     0.000     0.000    13.066    13.917    10.192     3.795     8.872     8.216     2.253     0.516     0.647
    23.75    61.75    2040     1.209     0.658     0.000    13.869    15.970     6.851    13.027    14.236     5.160     2.832     0.453     0.000
    23.75    61.75    2041     0.000     0.000     0.000     6.007    21.737     6.944     1.146     6.738     5.233     3.335     0.554     0.011
    23.75    61.75    2042     0.808     0.312     5.676    19.848     2.815     6.015     3.213     8.347    11.026     5.208     1.461     0.000
    23.75    61.75    2043     0.000     0.000     0.000    10.850    16.019     9.944    14.557     4.527     5.449     4.004     0.724     0.000
    23.75    61.75    2044     0.000     0.000     0.000    12.538    15.539     1.732     1.147    17.901    11.676     4.625     1.010     0.000
    23.75    61.75    2045     0.000     0.000     0.000    19.098    15.336     5.228     9.514     9.082     6.762     4.397     1.044     0.000
    23.75    61.75    2046     0.000     0.000     0.000    27.768    11.787     2.536     2.172     1.905    12.350     3.620     1.156     0.000
    23.75    61.75    2047     0.000     0.000     0.000    25.868     9.385     6.112    14.359    17.369     7.642     5.324     0.760     0.000
    23.75    61.75    2048     0.664     1.243     0.000    25.881    16.911    10.482    10.991     5.747     6.657     3.797     0.782     0.017
    23.75    61.75    2049     0.068     0.000     0.000    25.918     9.588     4.243     3.599     6.874     2.162     0.139     0.293     0.000
    23.75    61.75    2050     0.000     0.000    10.896    18.071    11.409     0.805     8.586    12.302     4.913     2.879     1.375     0.311
    23.75    61.75    2051     0.000     0.000     0.000    26.080     3.653     0.706     7.579    12.874     4.647     3.406     1.337     0.000
    23.75    61.75    2052     0.000     0.000     0.000    21.239    15.629     3.377     1.166     6.777     6.185     4.126     1.752     0.008
    23.75    61.75    2053     0.000     0.000     0.000    23.952     9.952     5.386     9.341    16.489     6.000     3.478     2.322     0.000
    23.75    61.75    2054     0.000     0.000     0.000    22.636     7.251     0.853    13.911    19.219    10.015     3.424     1.194     0.138
    23.75    61.75    2055     0.000     0.000     0.000    25.532    18.644     7.449     7.301     7.643     9.538     4.196     0.902     0.000
    23.75    61.75    2056     1.544     1.329     1.229    32.604    17.209     5.602     7.013    14.377     6.020     4.131     0.656     0.000
    23.75    61.75    2057     0.000     0.000     0.000     6.446    23.048     2.394     3.152     2.243     1.745     1.985     1.109     0.000
    23.75    61.75    2058     0.000     0.000     0.000    32.156    18.583     5.573     9.804    10.797     7.849     2.908     0.478     0.000
    23.75    61.75    2059     0.821     5.671    17.698    11.254     9.064     9.563     2.441    11.292     6.386     2.988     0.574     0.000
    23.75    61.75    2060     0.000     0.000    16.448    10.823     5.168     0.956     6.980     6.703     3.307     2.131     0.397     0.000
    23.75    61.75    2061     0.000     0.000     0.000    24.154     9.223     5.075     7.675     8.410     8.224     3.126     1.001     0.000
    23.75    61.75    2062     0.000     0.000     0.000    17.413    16.175     2.588     7.617    15.455     6.364     1.644     0.668     0.000
    23.75    61.75    2063     2.432     0.000     5.313    25.491     6.574     2.565    14.154    10.646     8.079     3.046     1.817     0.002
    23.75    61.75    2064     0.000     0.000     0.000    17.549    13.409     3.291    13.507     5.289     4.718     3.767     0.581     0.000
    23.75    61.75    2065     0.000     0.000     0.000    27.418     3.504     9.665    17.811    10.809     4.213     2.926     0.464     0.000
    23.75    61.75    2066     0.000     0.000     0.000     5.307    20.221     7.002    11.553    11.013     4.689     1.877     1.655     0.000
    23.75    61.75    2067     0.000     2.941    18.517    23.457     6.754     1.332     1.967     8.218     7.019     2.330     0.411     0.000
    23.75    61.75    2068     0.000     0.000     0.000    13.027    19.866     2.329     0.631     8.920     5.189     2.855     1.810     0.000
    23.75    61.75    2069     0.000     0.000     0.000    27.300    12.973     6.489     3.643    12.161     5.423     1.688     0.776     0.000
    23.75    61.75    2070     0.000     0.000     9.774    24.076     3.534     4.704    13.309    10.356     3.204     1.527     0.332     0.000
    23.75    61.75    2071     0.000     0.000     0.000    15.768    24.032    10.902     1.449     5.462     5.010     2.827     0.691     0.000
    23.75    61.75    2072     0.000     0.000    12.344    18.525    13.018     2.477     6.018     8.687     4.486     2.365     1.434     0.000
    23.75    61.75    2073     0.000     0.000     0.000    11.164    15.757     1.192     8.651     6.292     3.262     2.510     0.380     0.000
    23.75    61.75    2074     0.000     0.000     0.000    23.891    14.991     4.693     9.986     6.017     2.610     1.566     0.737     0.000
    23.75    61.75    2075     0.000     0.000     0.000    33.728     6.743     8.328     2.554     7.713     6.121     1.662     0.502     0.000
    23.75    61.75    2076     0.000     0.000     0.000    32.687    11.750     8.714    10.119    10.661     6.747     2.185     1.358     0.000
    23.75    61.75    2077     0.000     5.468    18.958    11.903     2.131     3.949    12.981     2.693     1.572     0.923     0.489     0.000
    23.75    61.75    2078     0.000     0.000     0.000     0.000    21.866     1.546     0.899     5.158     3.412     1.269     0.304     0.000
    23.75    61.75    2079     0.000     0.000     0.000    25.770    11.357     3.993     1.484     1.376     0.924     0.877     0.379     0.000
    23.75    61.75    2080     0.000     0.000     0.000    35.154     7.765     4.361     5.563     2.794     3.814     1.473     0.899     0.000
    23.75    61.75    2081     0.000     0.000     0.000    26.021    16.583     6.020     3.097     3.039     2.169     1.026     0.260     0.000
    23.75    61.75    2082     0.000     0.000     0.000    12.427    28.652     2.824     1.378     3.892     2.647     1.063     0.266     0.000
    23.75    61.75    2083     0.000     0.000     0.000     0.000    35.031     8.008     6.843     7.360     4.580     1.250     0.705     0.154
    23.75    61.75    2084     0.000     0.000     0.000    18.795    22.163     2.101     1.899     5.451     2.998     4.346     2.066     0.319
    23.75    61.75    2085     0.000     0.000     0.000    22.719    12.955     6.066    10.679     7.165     2.488     1.786     1.206     0.000
    23.75    61.75    2086     0.000     0.000    12.739    16.713     5.881     3.964     6.559     1.235     0.934     0.808     0.554     0.000
    23.75    61.75    2087     0.000     0.000     0.000    21.523     8.030     1.853     1.955     6.113     3.666     1.690     0.228     0.000
    23.75    61.75    2088     0.000     0.000     0.000    34.974     8.238     1.469     5.161     3.966     2.014     2.160     0.967     0.000
    23.75    61.75    2089     0.000     0.000     0.000     6.018    20.345     1.670     2.605     6.125     3.918     0.887     0.507     0.000
    23.75    61.75    2090     0.000     4.582    20.710    22.517     4.512     3.790     7.037     6.617     2.680     1.255     0.494     0.000
    23.75    61.75    2091     0.000     0.000     0.000    26.839     9.859     1.369     6.348     6.341     2.856     1.020     0.261     0.000
    23.75    61.75    2092     0.000     0.000     0.000     5.556    24.132     3.986     3.063     2.587     1.531     0.859     0.584     1.946
    23.75    61.75    2093     0.000     0.000     0.000     0.000    29.324     3.447     5.587     5.764     4.114     1.305     0.602     0.000
    23.75    61.75    2094     0.000     0.000     0.000    32.420    18.750     3.636     4.148     2.032     2.581     1.460     0.378     0.000
    23.75    61.75    2095     0.000     0.000    12.835    26.590    20.672     9.483     6.972     3.192     2.171     0.864     0.414     0.000
    23.75    61.75    2096     0.000     0.000     0.000    17.506     9.402     2.594     1.281     1.214     1.947     1.345     0.197     0.000
    23.75    61.75    2097     0.000     0.000    10.212    30.136     6.347     6.076     7.481     5.265     3.466     2.405     1.618     0.000
    23.75    61.75    2098     0.000     0.000     0.000     0.000    17.509     3.802     4.328     2.134     2.154     1.158     0.454     0.000
    23.75    61.75    2099     0.890     0.693    10.975    24.872     5.784     1.335     3.984     3.193     0.888     0.678     0.074     0.000
    23.75    61.75    2100     0.000     0.000     0.000     5.954    32.175     2.478     5.048     6.085     2.826     1.184     0.224     0.000
    23.75    61.75    2101     0.000     0.000     0.000    20.968    24.775     3.452     1.194     2.127     2.059     1.257     0.500     0.000
    23.75    61.75    2102     0.000     0.000    15.010    22.600     9.237     1.506     2.533     2.092     2.260     1.006     1.659     0.000
    23.75    61.75    2103     0.000     0.000     0.000    13.354    13.272     0.667     4.120     1.439     1.135     0.877     0.131     0.000
    23.75    61.75    2104     0.000     0.000     0.000    32.369     9.991     2.131     2.500     2.856     1.305     1.027     0.851     0.000
    23.75    61.75    2105     0.000     0.000     0.000    37.034     8.558     2.072     1.545     4.296     2.043     0.983     0.162     0.000
    23.75    61.75    2106     0.000     0.000     3.477    33.411     6.747     3.203     4.931     4.734     1.666     1.095     1.235     0.000
    23.75    61.75    2107     0.000     6.228    19.534    10.966     1.356     2.195     6.989     1.779     1.106     0.701     0.443     0.000
    23.75    61.75    2108     0.000     0.000     0.000     0.000    20.041     0.831     0.759     3.441     1.899     0.676     0.157     0.000
    23.75    61.75    2109     0.000     0.000     0.000    25.172     9.332     1.667     1.799     0.761     0.813     0.810     0.600     0.000
    23.75    61.75    2110     0.000     0.000     0.000    34.567     4.227     2.221     3.008     3.733     1.296     1.136     0.732     0.000
    23.75    61.75    2111     0.000     0.000     0.000    22.307    16.829     4.241     2.017     2.290     1.897     0.589     0.152     0.000
    23.75    61.75    2112     0.000     0.000     0.000     8.417    35.973     1.501     1.071     3.407     1.639     1.146     0.227     0.000
    23.75    61.75    2113     0.000     0.000     0.000     0.000    33.937     5.161     3.685     7.532     4.096     0.821     0.563     0.148
    23.75    61.75    2114     0.000     0.000     0.000    18.564    20.336     2.368     2.782     3.181     2.479     3.145     2.068     0.337
    23.75    61.75    2115     0.000     0.000     0.000    25.386    13.539     2.299     8.902     5.020     2.347     0.886     1.077     0.035
    23.75    61.75    2116     0.000     0.000    15.855    14.980     6.288     3.176     6.605     2.085     0.913     1.064     0.320     0.000
    23.75    61.75    2117     0.000     0.000     0.000    25.165    10.798     1.711     2.623     5.674     3.167     1.818     0.223     0.000
    23.75    61.75    2118     0.000     0.000     0.000    36.210     9.937     2.102     3.239     4.338     2.309     1.879     0.751     0.000
    23.75    61.75    2119     0.000     0.000     0.000     8.780    18.066     1.793     2.302     8.206     2.992     0.998     0.491     0.000
    23.75    61.75    2120     0.000     4.980    20.943    22.466     7.089     6.797     4.769     6.896     4.179     1.337     0.521     0.008
    23.75    61.75    2121     0.000     0.000     0.000    28.801    12.703     1.665     5.675     6.501     2.161     0.605     0.396     0.000
    23.75    61.75    2122     0.000     0.000     0.000     5.647    21.073     4.339     3.825     4.393     1.268     0.774     0.428     2.071
    23.75    61.75    2123     0.059     0.000     0.000     2.816    28.275     3.125     5.083     6.374     3.482     1.052     0.511     0.000
    23.75    61.75    2124     0.000     0.000     0.000    27.466    27.821     3.232     3.920     3.323     2.852     0.952     0.346     0.000
    23.75    61.75    2125     0.000     0.000    14.275    28.569    24.280     7.012     7.371     3.101     2.307     1.317     0.286     0.000
    23.75    61.75    2126     0.000     0.000     0.000    20.477    10.822     1.633     1.768     2.332     1.387     1.232     0.278     0.000
    23.75    61.75    2127     0.000     0.000    13.966    36.626     7.519     7.002     6.264     6.055     3.596     0.597     0.000     0.000
    23.75    61.75    2128     0.000     0.000     0.000     0.000    18.838     4.522     5.105     2.100     2.755     1.094     0.467     0.000
    23.75    61.75    2129     0.884     1.203     8.499    28.428     7.789     1.998     2.324     4.241     1.728     0.834     0.201     0.000
    23.75    61.75    2130     0.000     0.000     0.000     8.650    27.991     5.180     4.783     8.124     3.530     1.379     0.274     0.000
    21.75    39.75    1980    26.680    35.194    30.621    12.385     2.547     1.372     4.158     0.426     0.151     0.429    12.568    15.513
    21.75    39.75    1981    16.395    14.913    10.584     0.587     0.581     0.262     0.106     0.040     0.053     2.291     6.324     4.759
    21.75    39.75    1982    14.873    18.341    14.261    31.609     9.978     0.429     2.938    15.684     4.201    30.283    17.470    13.741
    21.75    39.75    1983    20.452    12.248    20.087    17.645     4.763     4.044     1.242     1.791     2.518     3.674     6.753    16.572
    21.75    39.75    1984    17.336     8.586     4.544     1.043    12.773     0.764     0.240     0.160     0.419     0.796     1.710     6.643
    21.75    39.75    1985    21.045    31.275    14.874     1.376     0.233     0.949     1.046     0.172     0.616     0.516     3.310    10.325
    21.75    39.75    1986    16.936    29.067    43.578    25.233     8.662     6.234     3.673     1.865    14.061     5.288     1.811     2.957
    21.75    39.75    1987     3.656    25.607    21.405     6.639     6.796     4.698     0.529     6.964     5.170     7.561     6.025     6.343
    21.75    39.75    1988    15.635     7.165     5.752     2.600     2.190     9.082     1.902     0.480     0.247    13.762    10.394     7.256
    21.75    39.75    1989    15.189    12.513    14.029     6.315     2.389     1.736     0.338     0.285     0.556     0.093     8.283     2.335
    21.75    39.75    1990    22.659    22.163    34.167    11.804     3.417     0.465     0.216     0.322     0.097     2.372     6.684     4.489
    21.75    39.75    1991     7.934    12.817     7.600     0.883     2.504     1.773     0.497     0.141     0.118     0.109    14.700    15.249
    21.75    39.75    1992    19.746    24.963    23.842    13.605     1.134     0.117     0.205     0.268    23.141    22.202    20.292    14.437
    21.75    39.75    1993    21.702    29.138    39.078    18.032     1.157     1.277     0.212     0.518     0.141     0.221    10.081    12.086
    21.75    39.75    1994    24.487    19.178     9.405     7.511     2.346     0.532     0.153     0.155     0.798     3.955     5.228    10.941
    21.75    39.75    1995    19.645    29.769    44.081    15.994     1.388     2.313     1.078     0.187     0.179     1.626     7.300    10.781
    21.75    39.75    1996    17.483    21.617    11.268    21.764     4.916     0.344     0.246     4.684     0.171     0.442    11.080     9.076
    21.75    39.75    1997    21.377    32.235    30.955     3.963     1.220     1.493     1.398     0.852     4.270     0.342     5.113    14.368
    21.75    39.75    1998    21.227    31.745    26.979     2.815     0.207     1.014     0.734     1.720     0.217     2.857     2.720    13.328
    21.75    39.75    1999    25.032    26.421    11.728     0.502     0.274     0.360     0.178     0.073     1.134     1.647     9.378    18.057
    21.75    39.75    2000    24.125    13.692     9.056    13.006     0.779     1.186     0.213     0.226    20.072     4.752     7.499    15.307
    21.75    39.75    2001    20.051    19.315    18.133     5.272     0.699     0.986     0.535     0.298     0.074     4.895    17.903    13.402
    21.75    39.75    2002    19.624    19.420    11.870     0.531     0.398     0.451     0.257     0.247     0.065     3.761     7.776    10.185
    21.75    39.75    2003    27.024    33.323    35.368    18.765     5.643     2.465     0.455     1.512     0.346     0.976    14.599    16.203
    21.75    39.75    2004    18.793    22.082    13.173     3.508     0.477     0.201     0.143     0.107     0.602     0.738     1.582     5.924
    21.75    39.75    2005    23.184    22.700    10.182     0.689    21.721     5.726     0.513     0.201     5.820     6.173     1.878     8.490
    21.75    39.75    2006    18.866    30.252    13.845     1.751     0.536     0.814     2.182     0.359     1.965     8.948    11.290     7.498
    21.75    39.75    2007     6.787    32.305     8.990     0.865     1.226     0.502     0.261     0.199     0.183     1.593    10.959    11.409
    21.75    39.75    2008    18.073    15.424     2.021     0.771     1.004     1.326     2.833     0.697     0.208    12.650    11.131    10.232
    21.75    39.75    2009    21.926    33.947    40.710    17.126    10.511     6.913     0.623     2.285     0.417     1.028     4.950     8.376
    21.75    39.75    2010    15.368     5.884     0.826     1.068     0.332     0.152     0.304     1.151     0.434     0.286     4.760     8.838
    21.75    39.75    2011    18.099    14.602     3.451     0.677     0.238     2.999     3.439     0.281     0.057     0.554     0.202     6.912
    21.75    39.75    2012    18.286    15.067     6.131     1.761     0.552     0.855     0.507     0.362    14.293     5.992    14.359    10.521
    21.75    39.75    2013    21.705    21.166     5.233     8.164     0.482     0.477     0.308     0.135     0.959     0.227     6.571     7.005
    21.75    39.75    2014    16.093     8.692     9.027     3.600     0.186     0.089     0.047     0.028     0.444     1.086     1.294     1.932
    21.75    39.75    2015    22.448    30.205    17.589     2.411     0.101     0.349     0.009     0.015     0.151     0.005     4.841    12.139
    21.75    39.75    2016    29.943    33.691    31.106     5.383     2.301     0.699     3.176     5.183     0.060     6.232    13.102    18.251
    21.75    39.75    2017    21.411     9.018     0.591     0.383     0.298     0.323     1.379     0.056     0.243     0.148     1.837     6.095
    21.75    39.75    2018    18.529    25.754    14.862     3.248     0.241     0.142     1.067     0.260     7.615     1.163     0.324     7.625
    21.75    39.75    2019    19.448    14.709     4.317     0.595     0.096     0.110     0.100     0.193     6.673     2.552     2.012     8.264
    21.75    39.75    2020    23.231    28.760    10.917     1.558     0.025     0.026     0.346     0.289     0.010     0.230     3.191    10.856
    21.75    39.75    2021    19.333    11.276    20.972     9.393     1.714     0.334     0.028     0.020     3.733     0.543     5.121    11.220
    21.75    39.75    2022    20.576     5.293     0.675     1.419     4.039     0.233     0.811     0.027     0.032     0.020     7.489     8.952
    21.75    39.75    2023    27.246    16.060     4.803     4.946    15.341     1.569     0.198     0.165     4.558     0.289     0.043     7.078
    21.75    39.75    2024    17.136    15.981     1.396     0.272     1.027     0.184     0.108     0.081     3.578     3.896     6.500     5.703
    21.75    39.75    2025    17.405     8.944     2.234     1.257     0.216     0.114     0.948     0.165     0.399     2.090    10.895    11.328
    21.75    39.75    2026    24.246    23.901    10.791     2.702     0.820     0.424     1.217     2.311     0.140     0.228     0.069     7.108
    21.75    39.75    2027    18.341    15.136    12.559     2.768     1.764     1.845     0.452     0.121     0.048     0.432     8.673    10.679
    21.75    39.75    2028    15.458    20.502     9.785     0.721     0.251     0.042     1.464     0.125     0.083     0.051     0.044     1.893
    21.75    39.75    2029    15.452    10.201     1.288     0.879     1.069     1.192     0.054     0.045     0.193     0.819     1.602     6.535
    21.75    39.75    2030    24.068    24.962    22.031    26.754    15.876     0.628     0.166     2.239     1.528     3.521     4.687     9.439
    21.75    39.75    2031    16.563    14.490     3.306     2.541     0.456     0.238     0.062     0.053     0.051     2.143     4.835     3.324
    21.75    39.75    2032    17.224    23.327    15.131     3.422     0.589     2.833     1.419     0.883     0.559     0.238     7.685     5.559
    21.75    39.75    2033    15.202    26.610     3.492     0.730     0.337     0.099     0.062     0.033     3.905     6.646     2.881     4.098
    21.75    39.75    2034    20.910    14.575     2.417     1.740     2.824     1.161     1.879     0.240    11.655     3.088     0.574     1.253
    21.75    39.75    2035    15.646    16.221     3.076     1.166     0.214     0.061     0.206     0.397     0.115     0.912     2.712     5.056
    21.75    39.75    2036    19.637    14.068     6.456     1.536     0.356     0.308     0.674     0.145     1.208     7.500    15.296    11.578
    21.75    39.75    2037    17.529     7.576     2.144     2.949     0.129     0.054     0.609     0.182     0.222     0.545     7.276    10.699
    21.75    39.75    2038    22.623    18.804     7.345     0.915     0.066     0.085     0.214     1.146     0.124     0.115     0.655     4.042
    21.75    39.75    2039    24.257    40.299    26.485    10.876     0.935     0.127     0.074     0.517     1.979     4.001    11.631    14.443
    21.75    39.75    2040    16.287     9.471     3.036     0.436     0.070     0.092     0.065     0.029     1.032     6.698    12.233     8.883
    21.75    39.75    2041    19.899    31.380    31.431    10.298     5.207     0.289     0.362     0.112     1.220     0.151     6.719     9.605
    21.75    39.75    2042    10.983    16.008     3.252     0.705     1.209     0.720     1.820     0.121     0.151     0.308     0.642    11.146
    21.75    39.75    2043    26.842    22.931     9.575     3.888     0.783     0.057     0.033     0.060     0.528     0.770     4.922    11.299
    21.75    39.75    2044    17.048    20.267     7.762     0.596     0.041     0.463     3.807     0.336     0.120     1.571     1.509    12.159
    21.75    39.75    2045    15.531     6.045     0.931     7.014     1.374     0.066     0.101     1.827     3.048     0.715    11.223    12.589
    21.75    39.75    2046    21.250    12.069     2.576     1.189     0.803     0.146     0.095     0.101     0.030     3.532     7.756     7.119
    21.75    39.75    2047    17.938     8.874     0.469     0.315     1.913     1.431     0.384     0.118     0.045     5.232    12.968    10.002
    21.75    39.75    2048    22.578    27.474    33.165     5.546     0.230     0.243     0.273     0.911     0.130     0.292     5.763     6.793
    21.75    39.75    2049    22.437    32.655    14.477     3.451     2.140     0.480     1.081     0.072     2.055     4.397     6.435    11.433
    21.75    39.75    2050    19.728     9.739     0.253     0.255     0.106     0.924     0.099     0.033     0.037     1.074     0.622     0.948
    21.75    39.75    2051    19.223    17.065     2.113     0.118     1.328     0.482     0.130     0.428     0.043     0.309    13.648    10.375
    21.75    39.75    2052    20.266    24.280    12.950    18.912     1.525     1.773     2.466     1.386     0.058     0.206     0.036     2.324
    21.75    39.75    2053    12.605     8.759     0.640     0.068     0.132     0.108     0.058     0.020     0.010     0.120     1.911     5.844
    21.75    39.75    2054    23.257    27.725    38.908    29.031     2.678     1.253     0.400     2.741    10.760     0.055     6.192    15.244
    21.75    39.75    2055    25.758    33.393     7.063     2.940     0.106     0.053     0.086     0.154     0.482     0.029     2.831     4.748
    21.75    39.75    2056    17.198    13.313     9.960     4.479     0.586     0.361     1.556     0.421     0.072     3.515     7.235     9.217
    21.75    39.75    2057    12.274    18.704     3.280     0.153     0.911     0.619     1.870     0.176     0.111     1.724     5.581     3.777
    21.75    39.75    2058    23.756    21.329     2.869     0.220     0.153     0.214     0.460     0.202     0.561     1.316     5.649    10.701
    21.75    39.75    2059    22.640    15.373     3.805     0.271     0.404     1.147     1.282     0.245     0.114     5.762     7.840     6.204
    21.75    39.75    2060     7.322     7.296     1.628     0.474     0.518     0.737     0.256     8.005     0.069     0.284     0.042     4.298
    21.75    39.75    2061    17.792    17.675    13.637     0.632     0.065     3.257     0.127     0.087     0.305     0.429     3.016     8.987
    21.75    39.75    2062    21.071     9.829     3.322     0.544     0.347     0.736     0.561     0.155     0.666    15.463    12.776     9.761
    21.75    39.75    2063    22.940    20.200     1.739     0.332     0.388     0.218     0.350     0.473     0.095     0.151     2.054     4.400
    21.75    39.75    2064    16.475    31.176     9.310     0.631     0.164     0.120     0.405     4.298     0.222     0.792     0.353     1.674
    21.75    39.75    2065    17.282    16.673     4.181     0.156     0.940     0.156     0.059     0.060     0.101     0.723     3.486     3.949
    21.75    39.75    2066    18.429    11.342     6.112     2.722     0.428     0.052     0.145     0.037     0.571    21.238    13.913     7.359
    21.75    39.75    2067    11.004     4.342     0.872     0.261     0.076     0.689     0.731     0.085     1.140     1.007     1.218     4.922
    21.75    39.75    2068    25.241    27.810     9.969     1.262     1.008     1.667     1.455     0.199     0.037     1.107    15.259     9.466
    21.75    39.75    2069    18.275    11.740     1.712     0.091     0.041     0.185     0.221     0.073     0.275     0.040     0.040     3.769
    21.75    39.75    2070    24.279    14.172     2.428     0.576     0.501     0.364     0.074     0.088     0.050    13.557    20.816    15.581
    21.75    39.75    2071    22.296    22.752     9.211     0.408     0.267     0.168     2.192     0.062     0.031     0.152     5.977    11.314
    21.75    39.75    2072    18.303     5.863     0.173     1.865     0.116     0.194     0.574     0.271     0.223     7.648    12.883     9.631
    21.75    39.75    2073     5.067    14.115    23.677     0.483     0.350     0.248     0.081     0.050     1.820     0.758     9.630     6.156
    21.75    39.75    2074    20.696    14.875    11.386     0.750     0.218     0.394     0.256     0.058     0.085     0.938     5.919     9.800
    21.75    39.75    2075    23.347    20.374     3.869     0.721     0.159     0.582     0.695     0.155     0.162     1.020     7.235    10.699
    21.75    39.75    2076    21.561    15.458     3.021     0.691     0.294     1.146     0.416     0.390     0.390     2.836    11.047    17.038
    21.75    39.75    2077    24.942     9.534     0.392     0.332     0.096     0.118     0.209     2.412     0.548     1.337     5.998     7.339
    21.75    39.75    2078    24.903    28.309    35.416    15.136     5.395     0.972     3.016    11.906     0.414     0.195    11.893    13.486
    21.75    39.75    2079    29.079    19.219     4.142     0.913     1.562     1.602     2.217     0.765     1.427    10.420     8.763     6.720
    21.75    39.75    2080    16.592    28.362    17.446     0.866     0.321     1.058     0.347     0.508     0.643     4.150     8.851     7.200
    21.75    39.75    2081    18.659    15.752    10.851     6.334     6.686     0.606     0.454     8.178     0.355     2.989     1.676     8.026
    21.75    39.75    2082    17.565    11.113     1.787     0.606     0.100     0.594     0.076     0.040     0.036     8.697    11.335     6.522
    21.75    39.75    2083    19.254    29.489    29.202    15.969     6.910     0.258     0.233     0.069     0.046     0.033     7.289     7.608
    21.75    39.75    2084    19.262    31.013    23.268     5.698     0.064     0.090     0.851     0.581     0.182     0.210     7.772     9.200
    21.75    39.75    2085    19.464    21.707     9.231     0.597     1.949     0.204     0.134     0.084     0.362    14.220     4.238     5.484
    21.75    39.75    2086    18.839    26.930     4.645     0.084     0.178     0.867     2.782     1.235     0.596     0.150     0.840     6.167
    21.75    39.75    2087    19.939     8.337     4.929     0.187     1.096     0.519     0.202     0.086     2.892     6.111    10.219    16.596
    21.75    39.75    2088    26.023    26.400    10.904     1.708     0.216     0.275     0.134     0.178     0.342     0.747     5.798     8.599
    21.75    39.75    2089    21.862    28.362    19.682     6.347     1.999     1.289     2.318     3.101     0.503     1.885     5.175     9.449
    21.75    39.75    2090    14.328     7.710     2.861     0.341     0.147     0.242     0.245     0.238     0.166     0.109     2.812     2.789
    21.75    39.75    2091    21.785    31.546    22.349     0.433     0.382     1.465     0.853     1.059     0.901     1.504     3.918     7.557
    21.75    39.75    2092    22.009    21.672     8.826     3.468     0.311     0.335     0.385     0.176     0.422     1.138     4.867     7.671
    21.75    39.75    2093    18.420    33.444    35.439     3.150     0.663     0.283     0.120     0.076     0.031     0.507     0.409     0.768
    21.75    39.75    2094    19.351    14.418     1.352     6.892     1.264     0.225     0.837     5.081     8.233     0.266     2.329     5.959
    21.75    39.75    2095    20.626    24.340     2.015     0.314     0.134     0.055     0.043     0.824     0.063     0.041     4.196     5.790
    21.75    39.75    2096    16.707    15.297     5.293     3.863     1.069     0.145     0.746     0.245     0.149     1.225     9.458    13.760
    21.75    39.75    2097    20.534    14.514     2.241     2.777     0.734     0.186     0.113     0.428     0.111     0.828     4.294     9.639
    21.75    39.75    2098    17.272    19.836     2.268     0.227     0.486     0.323     0.118     1.884     0.154     1.874     0.279     5.129
    21.75    39.75    2099    13.961    26.067    22.179     3.695     0.984     0.636     0.129     0.251     1.157     1.388     2.952    10.381
    21.75    39.75    2100    26.160    13.813     2.716     3.010     1.040     1.000     0.956     4.065     2.014     0.487     0.180     4.162
    21.75    39.75    2101    25.965    19.572     5.279     0.642     0.573     0.369     1.340     0.581     0.174     0.214     3.534     7.684
    21.75    39.75    2102    19.253    10.073     1.627     2.515     0.246     0.509     1.430     0.767     0.157    15.338    13.293    14.277
    21.75    39.75    2103     5.665    17.617    21.917     0.739     1.336     0.272     0.160     0.114     0.577     1.745    12.573     9.234
    21.75    39.75    2104    22.398    14.364    13.761     2.443     0.192     0.422     0.455     0.124     0.192     0.693     7.048    10.779
    21.75    39.75    2105    23.682    20.717     4.022     1.089     0.131     1.246     0.401     0.136     0.377     3.147     8.438     9.848
    21.75    39.75    2106    20.325    13.250     2.435     0.438     0.538     0.530     0.559     1.077     0.498     1.740    14.008    13.727
    21.75    39.75    2107    22.574    11.641     0.354     0.301     0.125     0.177     0.145     6.118     0.745     0.738     3.776     5.522
    21.75    39.75    2108    25.335    33.008    38.489    20.625     4.629     1.751     5.825     5.689     3.708     0.428    13.410    13.160
    21.75    39.75    2109    30.319    22.924     3.491     0.974     2.405     1.875     2.998     1.152     1.357     8.633     8.998     5.918
    21.75    39.75    2110    16.435    35.061    20.540     1.591     0.915     1.615     0.913     0.470     1.212     3.915    11.467     8.774
    21.75    39.75    2111    18.574    19.745     5.977     8.098     3.715     1.337     0.832     8.969     0.859     1.729     1.279     7.659
    21.75    39.75    2112    16.436     9.568     2.664     0.552     0.204     0.429     0.160     0.067     0.107    11.504    10.035     9.123
    21.75    39.75    2113    22.372    33.640    38.416    20.008     0.731     1.400     0.188     0.094     0.081     0.066     6.785     9.363
    21.75    39.75    2114    19.044    30.650    26.081     9.397     0.131     0.160     0.581     2.647     0.491     0.398     5.112     8.386
    21.75    39.75    2115    19.919    19.574    11.934     1.092     5.979     1.096     0.434     0.141     0.386     6.717     7.314     5.185
    21.75    39.75    2116    19.695    29.706     5.458     0.146     0.284     2.104     3.195     2.380     3.395     0.289     0.574     5.532
    21.75    39.75    2117    18.751    11.086     2.839     0.167     0.523     0.596     0.304     0.110     4.763    16.214     7.671    16.059
    21.75    39.75    2118    26.470    23.558    12.800     2.101     0.435     0.711     0.413     0.392     0.365     0.774     1.770     5.362
    21.75    39.75    2119    20.706    30.248    20.340     4.574     2.680     2.204     4.263     1.882     1.038     1.451     7.223     8.530
    21.75    39.75    2120    16.654     8.612     3.018     0.864     0.487     0.583     0.583     0.543     1.021     0.263     1.324     3.074
    21.75    39.75    2121    21.286    36.732    21.218     0.520     0.655     0.924     1.035     0.810     0.995     1.923     5.755     9.820
    21.75    39.75    2122    22.521    19.474     9.216     3.811     0.297     0.402     0.323     0.205     0.727     3.038     0.702     4.556
    21.75    39.75    2123    15.608    30.321    37.106     1.652     0.994     0.304     0.147     0.084     0.034     0.889     1.147     0.953
    21.75    39.75    2124    18.001    18.781     4.362     8.625     0.856     0.310     0.728    11.743     0.514     0.311     1.016     8.516
    21.75    39.75    2125    18.860    17.886     2.617     0.313     0.165     0.083     0.068     0.211     0.083     0.072     3.376     5.696
    21.75    39.75    2126    12.998    20.626     5.633    10.048     0.390     0.148     1.611     0.153     0.157     1.190    17.779    11.044
    21.75    39.75    2127    21.585    16.481     2.885     1.735     1.777     0.210     0.144     0.352     0.131     2.663     5.695    10.718
    21.75    39.75    2128    21.227    17.355     2.083     0.847     0.483     0.327     0.319     8.227     0.197     1.328     1.707     5.633
    21.75    39.75    2129    14.323    27.969    25.089     3.261     2.502     0.627     0.195     0.230     2.409     2.993     4.261    12.771
    21.75    39.75    2130    22.335     9.566     3.739     4.275     1.618     0.689     1.577     1.112     0.615     0.230     0.098     5.878
