      Lon      Lat    Year      CH LAI_Sum LAI_Win      z0  z0_Win
     9.75    49.75    1980    8.14    3.94    1.48    0.46    0.83
     9.75    49.75    1981    8.10    3.91    1.45    0.46    0.83
     9.75    49.75    1982    8.16    3.92    1.48    0.46    0.83
     9.75    49.75    1983    8.31    4.03    1.50    0.47    0.85
     9.75    49.75    1984    8.27    4.00    1.53    0.47    0.83
     9.75    49.75    1985    8.29    4.01    1.53    0.47    0.84
     9.75    49.75    1986    8.14    3.88    1.45    0.47    0.83
     9.75    49.75    1987    8.34    4.00    1.49    0.47    0.85
     9.75    49.75    1988    8.05    3.81    1.41    0.47    0.82
     9.75    49.75    1989    8.34    3.97    1.46    0.48    0.85
     9.75    49.75    1990    8.38    3.98    1.47    0.48    0.86
     9.75    49.75    1991    8.53    4.10    1.49    0.48    0.87
     9.75    49.75    1992    8.54    4.11    1.51    0.48    0.87
     9.75    49.75    1993    8.68    4.15    1.51    0.49    0.89
     9.75    49.75    1994    8.63    4.09    1.47    0.49    0.88
     9.75    49.75    1995    8.90    4.22    1.54    0.50    0.91
     9.75    49.75    1996    8.80    4.13    1.51    0.50    0.90
     9.75    49.75    1997    9.06    4.29    1.56    0.50    0.93
     9.75    49.75    1998    8.98    4.25    1.52    0.50    0.92
     9.75    49.75    1999    8.92    4.16    1.49    0.51    0.92
     9.75    49.75    2000    9.34    4.42    1.57    0.52    0.96
     9.75    49.75    2001    9.27    4.35    1.54    0.51    0.95
     9.75    49.75    2002    9.25    4.28    1.49    0.52    0.96
     9.75    49.75    2003    9.46    4.39    1.56    0.52    0.97
     9.75    49.75    2004    9.47    4.38    1.58    0.52    0.96
     9.75    49.75    2005    9.53    4.41    1.56    0.53    0.98
     9.75    49.75    2006    9.55    4.37    1.56    0.53    0.98
     9.75    49.75    2007    9.44    4.26    1.50    0.53    0.97
     9.75    49.75    2008    9.50    4.23    1.51    0.53    0.98
     9.75    49.75    2009    9.84    4.42    1.56    0.54    1.02
     9.75    49.75    2010    9.80    4.40    1.55    0.54    1.01
     9.75    49.75    2011    8.97    3.94    1.40    0.51    0.92
     9.75    49.75    2012    9.01    3.96    1.38    0.51    0.93
     9.75    49.75    2013    9.00    3.97    1.39    0.51    0.93
     9.75    49.75    2014    9.13    4.09    1.44    0.50    0.94
     9.75    49.75    2015    8.84    3.88    1.36    0.50    0.91
     9.75    49.75    2016    8.74    3.82    1.34    0.49    0.91
     9.75    49.75    2017    8.75    3.84    1.33    0.48    0.92
     9.75    49.75    2018    8.63    3.81    1.33    0.48    0.89
     9.75    49.75    2019    8.70    3.91    1.37    0.47    0.90
     9.75    49.75    2020    8.47    3.82    1.34    0.46    0.87
     9.75    49.75    2021    8.06    3.61    1.23    0.44    0.84
     9.75    49.75    2022    8.17    3.64    1.23    0.44    0.86
     9.75    49.75    2023    8.20    3.68    1.26    0.44    0.85
     9.75    49.75    2024    7.60    3.23    1.14    0.43    0.78
     9.75    49.75    2025    7.60    3.18    1.12    0.43    0.79
     9.75    49.75    2026    7.93    3.35    1.19    0.43    0.82
     9.75    49.75    2027    7.88    3.30    1.17    0.43    0.82
     9.75    49.75    2028    7.90    3.33    1.18    0.43    0.82
     9.75    49.75    2029    7.68    3.24    1.12    0.42    0.80
     9.75    49.75    2030    7.49    3.10    1.07    0.41    0.79
     9.75    49.75    2031    7.67    3.21    1.09    0.41    0.81
     9.75    49.75    2032    7.46    3.06    1.05    0.41    0.78
     9.75    49.75    2033    7.44    3.04    1.05    0.41    0.78
     9.75    49.75    2034    7.23    2.93    1.02    0.40    0.76
     9.75    49.75    2035    7.21    2.92    1.01    0.40    0.76
     9.75    49.75    2036    7.25    2.96    1.01    0.39    0.77
     9.75    49.75    2037    6.98    2.83    0.98    0.38    0.73
     9.75    49.75    2038    6.57    2.67    0.85    0.36    0.70
     9.75    49.75    2039    6.28    2.50    0.82    0.35    0.66
     9.75    49.75    2040    6.26    2.52    0.84    0.34    0.66
     9.75    49.75    2041    6.32    2.52    0.84    0.35    0.67
     9.75    49.75    2042    6.03    2.39    0.75    0.33    0.65
     9.75    49.75    2043    5.95    2.31    0.73    0.33    0.64
     9.75    49.75    2044    6.04    2.34    0.74    0.34    0.65
     9.75    49.75    2045    5.93    2.26    0.74    0.33    0.63
     9.75    49.75    2046    5.66    2.15    0.72    0.32    0.60
     9.75    49.75    2047    5.32    1.99    0.63    0.31    0.57
     9.75    49.75    2048    5.15    1.90    0.61    0.30    0.55
     9.75    49.75    2049    5.25    1.96    0.62    0.30    0.57
     9.75    49.75    2050    5.13    1.90    0.61    0.29    0.55
     9.75    49.75    2051    5.03    1.87    0.61    0.29    0.54
     9.75    49.75    2052    4.75    1.76    0.54    0.27    0.52
     9.75    49.75    2053    4.67    1.73    0.52    0.27    0.51
     9.75    49.75    2054    4.47    1.67    0.53    0.25    0.48
     9.75    49.75    2055    4.13    1.42    0.47    0.25    0.44
     9.75    49.75    2056    3.89    1.35    0.44    0.23    0.42
     9.75    49.75    2057    3.97    1.40    0.45    0.23    0.43
     9.75    49.75    2058    3.93    1.40    0.45    0.23    0.42
     9.75    49.75    2059    3.55    1.22    0.42    0.22    0.37
     9.75    49.75    2060    3.32    1.18    0.43    0.19    0.34
     9.75    49.75    2061    3.30    1.17    0.42    0.19    0.34
     9.75    49.75    2062    3.01    1.09    0.37    0.17    0.32
     9.75    49.75    2063    2.78    1.01    0.33    0.16    0.29
     9.75    49.75    2064    2.55    0.93    0.32    0.15    0.27
     9.75    49.75    2065    2.56    0.94    0.33    0.15    0.27
     9.75    49.75    2066    2.43    0.88    0.31    0.14    0.25
     9.75    49.75    2067    2.03    0.73    0.26    0.12    0.21
     9.75    49.75    2068    1.98    0.72    0.27    0.12    0.20
     9.75    49.75    2069    1.91    0.69    0.26    0.11    0.19
     9.75    49.75    2070    1.71    0.63    0.21    0.10    0.18
     9.75    49.75    2071    1.66    0.61    0.21    0.10    0.17
     9.75    49.75    2072    1.53    0.57    0.20    0.09    0.16
     9.75    49.75    2073    1.52    0.56    0.21    0.09    0.15
     9.75    49.75    2074    1.41    0.51    0.19    0.08    0.14
     9.75    49.75    2075    1.27    0.47    0.16    0.07    0.13
     9.75    49.75    2076    1.20    0.44    0.15    0.07    0.12
     9.75    49.75    2077    1.13    0.41    0.15    0.07    0.11
     9.75    49.75    2078    1.08    0.39    0.15    0.06    0.11
     9.75    49.75    2079    0.95    0.34    0.12    0.06    0.10
     9.75    49.75    2080    0.96    0.35    0.13    0.06    0.10
     9.75    49.75    2081    0.94    0.34    0.13    0.06    0.09
     9.75    49.75    2082    0.86    0.30    0.12    0.05    0.09
     9.75    49.75    2083    0.79    0.27    0.09    0.05    0.08
     9.75    49.75    2084    0.77    0.27    0.10    0.05    0.08
     9.75    49.75    2085    0.71    0.25    0.09    0.04    0.07
     9.75    49.75    2086    0.51    0.18    0.07    0.03    0.05
     9.75    49.75    2087    0.47    0.16    0.07    0.03    0.05
     9.75    49.75    2088    0.41    0.14    0.06    0.03    0.04
     9.75    49.75    2089    0.33    0.11    0.06    0.02    0.03
     9.75    49.75    2090    0.30    0.10    0.05    0.02    0.03
     9.75    49.75    2091    0.20    0.06    0.04    0.01    0.02
     9.75    49.75    2092    0.15    0.05    0.03    0.01    0.01
     9.75    49.75    2093    0.14    0.04    0.03    0.01    0.01
     9.75    49.75    2094    0.11    0.04    0.02    0.01    0.01
     9.75    49.75    2095    0.11    0.04    0.02    0.01    0.01
     9.75    49.75    2096    0.10    0.03    0.02    0.01    0.01
     9.75    49.75    2097    0.08    0.02    0.01    0.01    0.01
     9.75    49.75    2098    0.03    0.01    0.00    0.00    0.00
     9.75    49.75    2099    0.00    0.00    0.00    0.00    0.00
     9.75    49.75    2100    0.00    0.00    0.00    0.00    0.00
     9.75    49.75    2101    0.00    0.00    0.00    0.00    0.00
     9.75    49.75    2102    0.00    0.00    0.00    0.00    0.00
     9.75    49.75    2103    0.00    0.00    0.00    0.00    0.00
     9.75    49.75    2104    0.00    0.00    0.00    0.00    0.00
     9.75    49.75    2105    0.00    0.00    0.00    0.00    0.00
     9.75    49.75    2106    0.00    0.00    0.00    0.00    0.00
     9.75    49.75    2107    0.00    0.00    0.00    0.00    0.00
     9.75    49.75    2108    0.00    0.00    0.00    0.00    0.00
     9.75    49.75    2109    0.00    0.00    0.00    0.00    0.00
     9.75    49.75    2110    0.00    0.00    0.00    0.00    0.00
     9.75    49.75    2111    0.00    0.00    0.00    0.00    0.00
     9.75    49.75    2112    0.00    0.00    0.00    0.00    0.00
     9.75    49.75    2113    0.00    0.00    0.00    0.00    0.00
     9.75    49.75    2114    0.00    0.00    0.00    0.00    0.00
     9.75    49.75    2115    0.00    0.00    0.00    0.00    0.00
     9.75    49.75    2116    0.00    0.00    0.00    0.00    0.00
     9.75    49.75    2117    0.00    0.00    0.00    0.00    0.00
     9.75    49.75    2118    0.00    0.00    0.00    0.00    0.00
     9.75    49.75    2119    0.00    0.00    0.00    0.00    0.00
     9.75    49.75    2120    0.00    0.00    0.00    0.00    0.00
     9.75    49.75    2121    0.00    0.00    0.00    0.00    0.00
     9.75    49.75    2122    0.00    0.00    0.00    0.00    0.00
     9.75    49.75    2123    0.00    0.00    0.00    0.00    0.00
     9.75    49.75    2124    0.00    0.00    0.00    0.00    0.00
     9.75    49.75    2125    0.00    0.00    0.00    0.00    0.00
     9.75    49.75    2126    0.00    0.00    0.00    0.00    0.00
     9.75    49.75    2127    0.00    0.00    0.00    0.00    0.00
     9.75    49.75    2128    0.00    0.00    0.00    0.00    0.00
     9.75    49.75    2129    0.00    0.00    0.00    0.00    0.00
     9.75    49.75    2130    0.00    0.00    0.00    0.00    0.00
    13.75    55.75    1980    6.23    3.22    1.19    0.39    0.65
    13.75    55.75    1981    6.23    3.18    1.16    0.39    0.65
    13.75    55.75    1982    6.18    3.11    1.13    0.40    0.65
    13.75    55.75    1983    6.37    3.22    1.14    0.40    0.67
    13.75    55.75    1984    6.59    3.35    1.24    0.41    0.69
    13.75    55.75    1985    6.61    3.37    1.26    0.41    0.69
    13.75    55.75    1986    6.51    3.26    1.22    0.41    0.68
    13.75    55.75    1987    6.60    3.29    1.21    0.41    0.69
    13.75    55.75    1988    6.74    3.37    1.23    0.42    0.71
    13.75    55.75    1989    6.60    3.26    1.18    0.41    0.69
    13.75    55.75    1990    6.79    3.36    1.24    0.42    0.71
    13.75    55.75    1991    6.74    3.31    1.21    0.42    0.71
    13.75    55.75    1992    6.83    3.34    1.23    0.43    0.72
    13.75    55.75    1993    7.09    3.51    1.31    0.43    0.74
    13.75    55.75    1994    7.14    3.55    1.34    0.43    0.74
    13.75    55.75    1995    7.01    3.42    1.28    0.43    0.73
    13.75    55.75    1996    7.18    3.52    1.31    0.44    0.75
    13.75    55.75    1997    7.26    3.55    1.31    0.44    0.76
    13.75    55.75    1998    7.27    3.53    1.31    0.44    0.76
    13.75    55.75    1999    7.36    3.57    1.31    0.44    0.77
    13.75    55.75    2000    7.22    3.42    1.23    0.45    0.76
    13.75    55.75    2001    7.55    3.62    1.32    0.45    0.79
    13.75    55.75    2002    7.34    3.48    1.30    0.45    0.76
    13.75    55.75    2003    7.49    3.54    1.33    0.46    0.78
    13.75    55.75    2004    7.74    3.70    1.40    0.46    0.81
    13.75    55.75    2005    7.53    3.53    1.31    0.46    0.79
    13.75    55.75    2006    7.35    3.34    1.23    0.46    0.77
    13.75    55.75    2007    7.70    3.55    1.34    0.47    0.81
    13.75    55.75    2008    7.33    3.28    1.22    0.46    0.77
    13.75    55.75    2009    7.65    3.48    1.28    0.47    0.81
    13.75    55.75    2010    7.95    3.68    1.36    0.48    0.84
    13.75    55.75    2011    8.28    3.90    1.46    0.49    0.87
    13.75    55.75    2012    7.81    3.49    1.31    0.48    0.81
    13.75    55.75    2013    7.80    3.37    1.27    0.49    0.82
    13.75    55.75    2014    8.29    3.64    1.38    0.50    0.87
    13.75    55.75    2015    8.24    3.60    1.37    0.51    0.87
    13.75    55.75    2016    8.30    3.58    1.36    0.51    0.87
    13.75    55.75    2017    8.45    3.62    1.35    0.52    0.89
    13.75    55.75    2018    8.82    3.84    1.50    0.52    0.92
    13.75    55.75    2019    8.38    3.55    1.35    0.52    0.88
    13.75    55.75    2020    8.82    3.81    1.47    0.52    0.92
    13.75    55.75    2021    8.91    3.84    1.51    0.53    0.92
    13.75    55.75    2022    8.78    3.72    1.45    0.53    0.91
    13.75    55.75    2023    8.86    3.71    1.46    0.53    0.92
    13.75    55.75    2024    8.59    3.46    1.35    0.53    0.90
    13.75    55.75    2025    8.52    3.33    1.30    0.54    0.89
    13.75    55.75    2026    8.84    3.47    1.36    0.55    0.93
    13.75    55.75    2027    8.87    3.47    1.35    0.55    0.93
    13.75    55.75    2028    9.19    3.68    1.47    0.55    0.96
    13.75    55.75    2029    8.93    3.53    1.42    0.55    0.92
    13.75    55.75    2030    9.02    3.54    1.43    0.55    0.93
    13.75    55.75    2031    8.76    3.35    1.34    0.55    0.91
    13.75    55.75    2032    8.52    3.16    1.25    0.54    0.89
    13.75    55.75    2033    9.01    3.46    1.40    0.55    0.94
    13.75    55.75    2034    9.03    3.49    1.40    0.55    0.94
    13.75    55.75    2035    8.87    3.44    1.40    0.54    0.91
    13.75    55.75    2036    8.71    3.36    1.35    0.53    0.90
    13.75    55.75    2037    8.77    3.45    1.41    0.52    0.90
    13.75    55.75    2038    8.36    3.19    1.29    0.51    0.86
    13.75    55.75    2039    8.26    3.09    1.26    0.51    0.86
    13.75    55.75    2040    8.49    3.22    1.36    0.51    0.87
    13.75    55.75    2041    8.19    3.04    1.27    0.51    0.84
    13.75    55.75    2042    8.00    2.87    1.19    0.51    0.83
    13.75    55.75    2043    8.25    2.99    1.22    0.51    0.86
    13.75    55.75    2044    7.94    2.74    1.11    0.51    0.83
    13.75    55.75    2045    8.09    2.84    1.16    0.51    0.84
    13.75    55.75    2046    8.01    2.78    1.13    0.51    0.84
    13.75    55.75    2047    7.79    2.72    1.10    0.50    0.81
    13.75    55.75    2048    7.86    2.79    1.16    0.49    0.81
    13.75    55.75    2049    7.49    2.59    1.07    0.48    0.77
    13.75    55.75    2050    7.49    2.64    1.13    0.47    0.77
    13.75    55.75    2051    7.18    2.46    1.03    0.47    0.74
    13.75    55.75    2052    7.14    2.43    1.04    0.46    0.74
    13.75    55.75    2053    7.25    2.48    1.07    0.46    0.74
    13.75    55.75    2054    6.97    2.36    1.01    0.45    0.72
    13.75    55.75    2055    6.93    2.39    1.04    0.44    0.71
    13.75    55.75    2056    6.90    2.37    1.03    0.44    0.71
    13.75    55.75    2057    6.56    2.19    0.95    0.43    0.67
    13.75    55.75    2058    6.83    2.34    1.02    0.43    0.70
    13.75    55.75    2059    6.73    2.31    1.01    0.43    0.69
    13.75    55.75    2060    6.56    2.24    0.97    0.42    0.67
    13.75    55.75    2061    6.45    2.24    0.99    0.41    0.65
    13.75    55.75    2062    6.39    2.21    0.99    0.40    0.64
    13.75    55.75    2063    5.91    2.01    0.90    0.38    0.60
    13.75    55.75    2064    5.88    2.01    0.93    0.38    0.59
    13.75    55.75    2065    5.80    1.98    0.92    0.37    0.58
    13.75    55.75    2066    5.80    1.99    0.94    0.37    0.57
    13.75    55.75    2067    5.51    1.86    0.88    0.36    0.55
    13.75    55.75    2068    5.43    1.83    0.87    0.35    0.54
    13.75    55.75    2069    5.38    1.83    0.87    0.34    0.53
    13.75    55.75    2070    5.17    1.77    0.85    0.33    0.51
    13.75    55.75    2071    4.95    1.63    0.78    0.33    0.49
    13.75    55.75    2072    4.91    1.63    0.79    0.32    0.49
    13.75    55.75    2073    4.87    1.61    0.80    0.32    0.48
    13.75    55.75    2074    4.54    1.48    0.76    0.30    0.44
    13.75    55.75    2075    4.44    1.45    0.73    0.29    0.44
    13.75    55.75    2076    4.43    1.44    0.74    0.29    0.43
    13.75    55.75    2077    4.20    1.40    0.72    0.27    0.41
    13.75    55.75    2078    3.93    1.26    0.66    0.26    0.38
    13.75    55.75    2079    3.69    1.15    0.60    0.25    0.36
    13.75    55.75    2080    3.64    1.13    0.59    0.25    0.36
    13.75    55.75    2081    3.57    1.09    0.57    0.25    0.35
    13.75    55.75    2082    3.56    1.09    0.59    0.24    0.35
    13.75    55.75    2083    3.53    1.08    0.58    0.24    0.35
    13.75    55.75    2084    3.26    0.98    0.55    0.23    0.31
    13.75    55.75    2085    3.31    1.01    0.59    0.23    0.31
    13.75    55.75    2086    3.08    0.92    0.53    0.22    0.29
    13.75    55.75    2087    2.98    0.91    0.54    0.20    0.28
    13.75    55.75    2088    2.90    0.86    0.51    0.20    0.28
    13.75    55.75    2089    2.74    0.82    0.49    0.19    0.26
    13.75    55.75    2090    2.70    0.81    0.49    0.19    0.25
    13.75    55.75    2091    2.57    0.78    0.48    0.18    0.24
    13.75    55.75    2092    2.30    0.70    0.44    0.16    0.21
    13.75    55.75    2093    2.18    0.67    0.44    0.15    0.20
    13.75    55.75    2094    1.95    0.59    0.38    0.14    0.18
    13.75    55.75    2095    1.76    0.55    0.39    0.12    0.15
    13.75    55.75    2096    1.69    0.51    0.37    0.12    0.15
    13.75    55.75    2097    1.66    0.51    0.37    0.11    0.14
    13.75    55.75    2098    1.60    0.48    0.35    0.11    0.14
    13.75    55.75    2099    1.62    0.49    0.36    0.11    0.14
    13.75    55.75    2100    1.60    0.48    0.36    0.11    0.13
    13.75    55.75    2101    1.34    0.39    0.31    0.09    0.11
    13.75    55.75    2102    1.20    0.35    0.30    0.08    0.09
    13.75    55.75    2103    1.20    0.35    0.30    0.08    0.09
    13.75    55.75    2104    1.13    0.32    0.28    0.08    0.09
    13.75    55.75    2105    1.14    0.32    0.29    0.08    0.09
    13.75    55.75    2106    1.13    0.32    0.29    0.08    0.09
    13.75    55.75    2107    1.10    0.32    0.30    0.08    0.08
    13.75    55.75    2108    0.85    0.24    0.23    0.06    0.06
    13.75    55.75    2109    0.77    0.21    0.21    0.06    0.06
    13.75    55.75    2110    0.79    0.21    0.21    0.06    0.06
    13.75    55.75    2111    0.78    0.20    0.20    0.06    0.06
    13.75    55.75    2112    0.72    0.19    0.19    0.05    0.05
    13.75    55.75    2113    0.72    0.19    0.19    0.05    0.05
    13.75    55.75    2114    0.61    0.16    0.16    0.05    0.05
    13.75    55.75    2115    0.60    0.16    0.16    0.05    0.05
    13.75    55.75    2116    0.56    0.14    0.14    0.04    0.04
    13.75    55.75    2117    0.37    0.10    0.10    0.03    0.03
    13.75    55.75    2118    0.37    0.09    0.09    0.03    0.03
    13.75    55.75    2119    0.37    0.09    0.09    0.03    0.03
    13.75    55.75    2120    0.36    0.09    0.09    0.03    0.03
    13.75    55.75    2121    0.33    0.09    0.09    0.03    0.03
    13.75    55.75    2122    0.08    0.02    0.02    0.01    0.01
    13.75    55.75    2123    0.08    0.02    0.02    0.01    0.01
    13.75    55.75    2124    0.07    0.02    0.02    0.01    0.01
    13.75    55.75    2125    0.00    0.00    0.00    0.00    0.00
    13.75    55.75    2126    0.00    0.00    0.00    0.00    0.00
    13.75    55.75    2127    0.00    0.00    0.00    0.00    0.00
    13.75    55.75    2128    0.00    0.00    0.00    0.00    0.00
    13.75    55.75    2129    0.00    0.00    0.00    0.00    0.00
    13.75    55.75    2130    0.00    0.00    0.00    0.00    0.00
    23.75    61.75    1980    6.11    2.62    2.41    0.43    0.46
    23.75    61.75    1981    6.20    2.65    2.45    0.43    0.46
    23.75    61.75    1982    6.18    2.60    2.40    0.44    0.46
    23.75    61.75    1983    6.36    2.67    2.46    0.44    0.47
    23.75    61.75    1984    6.24    2.60    2.39    0.44    0.47
    23.75    61.75    1985    6.30    2.60    2.39    0.44    0.47
    23.75    61.75    1986    6.30    2.57    2.36    0.45    0.48
    23.75    61.75    1987    6.44    2.62    2.40    0.45    0.48
    23.75    61.75    1988    6.55    2.68    2.45    0.46    0.49
    23.75    61.75    1989    6.61    2.67    2.44    0.46    0.49
    23.75    61.75    1990    6.59    2.64    2.40    0.46    0.50
    23.75    61.75    1991    6.63    2.65    2.42    0.47    0.50
    23.75    61.75    1992    6.77    2.70    2.46    0.47    0.51
    23.75    61.75    1993    6.86    2.70    2.46    0.48    0.51
    23.75    61.75    1994    6.88    2.69    2.47    0.48    0.51
    23.75    61.75    1995    6.94    2.71    2.47    0.49    0.52
    23.75    61.75    1996    6.85    2.63    2.40    0.49    0.52
    23.75    61.75    1997    6.82    2.58    2.35    0.49    0.52
    23.75    61.75    1998    6.95    2.63    2.40    0.49    0.53
    23.75    61.75    1999    7.17    2.74    2.51    0.50    0.54
    23.75    61.75    2000    7.16    2.70    2.48    0.50    0.54
    23.75    61.75    2001    7.14    2.65    2.43    0.51    0.54
    23.75    61.75    2002    7.29    2.70    2.48    0.51    0.55
    23.75    61.75    2003    7.21    2.63    2.42    0.51    0.55
    23.75    61.75    2004    7.36    2.69    2.47    0.52    0.56
    23.75    61.75    2005    7.46    2.72    2.50    0.52    0.56
    23.75    61.75    2006    7.38    2.68    2.46    0.52    0.56
    23.75    61.75    2007    7.44    2.69    2.46    0.53    0.57
    23.75    61.75    2008    7.49    2.69    2.48    0.53    0.57
    23.75    61.75    2009    7.54    2.70    2.48    0.53    0.57
    23.75    61.75    2010    7.74    2.78    2.57    0.54    0.58
    23.75    61.75    2011    7.21    2.68    2.45    0.50    0.54
    23.75    61.75    2012    7.12    2.64    2.43    0.49    0.53
    23.75    61.75    2013    6.98    2.56    2.36    0.48    0.52
    23.75    61.75    2014    7.08    2.57    2.37    0.49    0.53
    23.75    61.75    2015    6.81    2.51    2.30    0.47    0.51
    23.75    61.75    2016    6.73    2.46    2.26    0.46    0.50
    23.75    61.75    2017    6.60    2.39    2.20    0.46    0.49
    23.75    61.75    2018    6.47    2.35    2.15    0.44    0.48
    23.75    61.75    2019    6.59    2.37    2.18    0.45    0.49
    23.75    61.75    2020    6.58    2.35    2.15    0.45    0.49
    23.75    61.75    2021    6.58    2.33    2.14    0.45    0.49
    23.75    61.75    2022    6.67    2.34    2.14    0.45    0.49
    23.75    61.75    2023    6.67    2.34    2.14    0.45    0.49
    23.75    61.75    2024    6.51    2.29    2.09    0.44    0.48
    23.75    61.75    2025    6.22    2.15    1.97    0.43    0.46
    23.75    61.75    2026    6.15    2.11    1.93    0.42    0.46
    23.75    61.75    2027    6.18    2.10    1.91    0.42    0.46
    23.75    61.75    2028    6.17    2.08    1.90    0.42    0.46
    23.75    61.75    2029    6.08    2.03    1.85    0.41    0.45
    23.75    61.75    2030    6.02    1.98    1.81    0.41    0.45
    23.75    61.75    2031    6.03    1.97    1.80    0.41    0.45
    23.75    61.75    2032    6.06    1.95    1.78    0.42    0.45
    23.75    61.75    2033    5.92    1.90    1.74    0.41    0.44
    23.75    61.75    2034    5.58    1.77    1.62    0.39    0.42
    23.75    61.75    2035    5.49    1.75    1.59    0.38    0.42
    23.75    61.75    2036    5.32    1.68    1.52    0.37    0.41
    23.75    61.75    2037    5.36    1.69    1.54    0.37    0.40
    23.75    61.75    2038    5.41    1.68    1.54    0.38    0.41
    23.75    61.75    2039    5.50    1.69    1.55    0.38    0.41
    23.75    61.75    2040    5.53    1.69    1.55    0.38    0.41
    23.75    61.75    2041    5.45    1.65    1.51    0.38    0.41
    23.75    61.75    2042    5.34    1.61    1.47    0.37    0.40
    23.75    61.75    2043    5.33    1.60    1.47    0.37    0.40
    23.75    61.75    2044    4.86    1.45    1.33    0.34    0.37
    23.75    61.75    2045    4.79    1.44    1.32    0.34    0.36
    23.75    61.75    2046    4.70    1.40    1.28    0.33    0.35
    23.75    61.75    2047    4.71    1.40    1.28    0.33    0.35
    23.75    61.75    2048    4.70    1.39    1.27    0.33    0.35
    23.75    61.75    2049    4.63    1.38    1.26    0.32    0.34
    23.75    61.75    2050    4.26    1.26    1.15    0.30    0.32
    23.75    61.75    2051    4.21    1.23    1.12    0.29    0.32
    23.75    61.75    2052    4.02    1.17    1.07    0.28    0.30
    23.75    61.75    2053    4.01    1.16    1.06    0.28    0.30
    23.75    61.75    2054    3.79    1.08    0.99    0.27    0.29
    23.75    61.75    2055    3.72    1.07    0.98    0.26    0.28
    23.75    61.75    2056    3.73    1.06    0.97    0.26    0.28
    23.75    61.75    2057    3.72    1.05    0.97    0.26    0.28
    23.75    61.75    2058    3.58    1.01    0.94    0.25    0.27
    23.75    61.75    2059    3.54    0.99    0.92    0.25    0.27
    23.75    61.75    2060    3.42    0.95    0.89    0.24    0.26
    23.75    61.75    2061    3.27    0.91    0.85    0.23    0.24
    23.75    61.75    2062    3.27    0.91    0.85    0.23    0.25
    23.75    61.75    2063    3.08    0.85    0.79    0.22    0.23
    23.75    61.75    2064    2.91    0.80    0.75    0.21    0.22
    23.75    61.75    2065    2.74    0.76    0.71    0.19    0.21
    23.75    61.75    2066    2.58    0.72    0.67    0.18    0.19
    23.75    61.75    2067    2.45    0.68    0.64    0.17    0.18
    23.75    61.75    2068    2.35    0.64    0.61    0.17    0.18
    23.75    61.75    2069    2.24    0.62    0.58    0.16    0.17
    23.75    61.75    2070    2.07    0.57    0.54    0.15    0.15
    23.75    61.75    2071    2.07    0.57    0.54    0.15    0.15
    23.75    61.75    2072    1.78    0.49    0.47    0.13    0.13
    23.75    61.75    2073    1.58    0.44    0.42    0.11    0.12
    23.75    61.75    2074    1.40    0.39    0.37    0.10    0.10
    23.75    61.75    2075    1.19    0.33    0.31    0.08    0.09
    23.75    61.75    2076    1.18    0.33    0.31    0.08    0.09
    23.75    61.75    2077    1.08    0.30    0.29    0.08    0.08
    23.75    61.75    2078    0.99    0.27    0.26    0.07    0.07
    23.75    61.75    2079    0.99    0.27    0.26    0.07    0.07
    23.75    61.75    2080    0.84    0.23    0.22    0.06    0.06
    23.75    61.75    2081    0.81    0.22    0.21    0.06    0.06
    23.75    61.75    2082    0.74    0.20    0.19    0.05    0.06
    23.75    61.75    2083    0.72    0.19    0.18    0.05    0.06
    23.75    61.75    2084    0.48    0.13    0.12    0.04    0.04
    23.75    61.75    2085    0.48    0.13    0.12    0.04    0.04
    23.75    61.75    2086    0.50    0.13    0.13    0.04    0.04
    23.75    61.75    2087    0.40    0.11    0.11    0.03    0.03
    23.75    61.75    2088    0.32    0.09    0.09    0.02    0.02
    23.75    61.75    2089    0.32    0.08    0.08    0.02    0.02
    23.75    61.75    2090    0.32    0.08    0.08    0.02    0.02
    23.75    61.75    2091    0.33    0.09    0.09    0.02    0.02
    23.75    61.75    2092    0.31    0.08    0.08    0.02    0.02
    23.75    61.75    2093    0.08    0.02    0.02    0.01    0.01
    23.75    61.75    2094    0.07    0.02    0.02    0.01    0.01
    23.75    61.75    2095    0.00    0.00    0.00    0.00    0.00
    23.75    61.75    2096    0.00    0.00    0.00    0.00    0.00
    23.75    61.75    2097    0.00    0.00    0.00    0.00    0.00
    23.75    61.75    2098    0.00    0.00    0.00    0.00    0.00
    23.75    61.75    2099    0.00    0.00    0.00    0.00    0.00
    23.75    61.75    2100    0.00    0.00    0.00    0.00    0.00
    23.75    61.75    2101    0.00    0.00    0.00    0.00    0.00
    23.75    61.75    2102    0.00    0.00    0.00    0.00    0.00
    23.75    61.75    2103    0.00    0.00    0.00    0.00    0.00
    23.75    61.75    2104    0.00    0.00    0.00    0.00    0.00
    23.75    61.75    2105    0.00    0.00    0.00    0.00    0.00
    23.75    61.75    2106    0.00    0.00    0.00    0.00    0.00
    23.75    61.75    2107    0.00    0.00    0.00    0.00    0.00
    23.75    61.75    2108    0.00    0.00    0.00    0.00    0.00
    23.75    61.75    2109    0.00    0.00    0.00    0.00    0.00
    23.75    61.75    2110    0.00    0.00    0.00    0.00    0.00
    23.75    61.75    2111    0.00    0.00    0.00    0.00    0.00
    23.75    61.75    2112    0.00    0.00    0.00    0.00    0.00
    23.75    61.75    2113    0.00    0.00    0.00    0.00    0.00
    23.75    61.75    2114    0.00    0.00    0.00    0.00    0.00
    23.75    61.75    2115    0.00    0.00    0.00    0.00    0.00
    23.75    61.75    2116    0.00    0.00    0.00    0.00    0.00
    23.75    61.75    2117    0.00    0.00    0.00    0.00    0.00
    23.75    61.75    2118    0.00    0.00    0.00    0.00    0.00
    23.75    61.75    2119    0.00    0.00    0.00    0.00    0.00
    23.75    61.75    2120    0.00    0.00    0.00    0.00    0.00
    23.75    61.75    2121    0.00    0.00    0.00    0.00    0.00
    23.75    61.75    2122    0.00    0.00    0.00    0.00    0.00
    23.75    61.75    2123    0.00    0.00    0.00    0.00    0.00
    23.75    61.75    2124    0.00    0.00    0.00    0.00    0.00
    23.75    61.75    2125    0.00    0.00    0.00    0.00    0.00
    23.75    61.75    2126    0.00    0.00    0.00    0.00    0.00
    23.75    61.75    2127    0.00    0.00    0.00    0.00    0.00
    23.75    61.75    2128    0.00    0.00    0.00    0.00    0.00
    23.75    61.75    2129    0.00    0.00    0.00    0.00    0.00
    23.75    61.75    2130    0.00    0.00    0.00    0.00    0.00
    21.75    39.75    1980    3.47    1.61    0.90    0.31    0.34
    21.75    39.75    1981    0.84    0.41    0.36    0.09    0.08
    21.75    39.75    1982    0.95    0.45    0.39    0.10    0.09
    21.75    39.75    1983    1.29    0.64    0.56    0.12    0.11
    21.75    39.75    1984    1.41    0.71    0.60    0.13    0.12
    21.75    39.75    1985    1.38    0.70    0.56    0.13    0.12
    21.75    39.75    1986    1.79    0.98    0.73    0.16    0.14
    21.75    39.75    1987    2.05    1.21    0.84    0.17    0.15
    21.75    39.75    1988    2.07    1.24    0.79    0.18    0.15
    21.75    39.75    1989    2.08    1.25    0.74    0.19    0.16
    21.75    39.75    1990    2.16    1.31    0.71    0.20    0.17
    21.75    39.75    1991    1.82    1.04    0.54    0.19    0.15
    21.75    39.75    1992    2.12    1.25    0.59    0.21    0.18
    21.75    39.75    1993    2.35    1.39    0.64    0.22    0.20
    21.75    39.75    1994    2.58    1.52    0.71    0.23    0.22
    21.75    39.75    1995    2.87    1.71    0.77    0.24    0.24
    21.75    39.75    1996    2.92    1.72    0.77    0.25    0.25
    21.75    39.75    1997    3.08    1.80    0.81    0.26    0.27
    21.75    39.75    1998    3.03    1.73    0.78    0.26    0.27
    21.75    39.75    1999    2.57    1.32    0.63    0.25    0.24
    21.75    39.75    2000    2.70    1.40    0.64    0.25    0.25
    21.75    39.75    2001    2.57    1.29    0.64    0.25    0.24
    21.75    39.75    2002    2.29    1.11    0.58    0.23    0.21
    21.75    39.75    2003    2.82    1.43    0.69    0.26    0.26
    21.75    39.75    2004    2.51    1.23    0.62    0.25    0.24
    21.75    39.75    2005    2.54    1.25    0.62    0.25    0.24
    21.75    39.75    2006    2.56    1.25    0.65    0.25    0.24
    21.75    39.75    2007    2.50    1.22    0.64    0.25    0.24
    21.75    39.75    2008    2.50    1.21    0.65    0.25    0.24
    21.75    39.75    2009    3.18    1.62    0.78    0.28    0.30
    21.75    39.75    2010    1.21    0.51    0.43    0.14    0.12
    21.75    39.75    2011    1.14    0.57    0.49    0.14    0.13
    21.75    39.75    2012    1.37    0.75    0.66    0.16    0.15
    21.75    39.75    2013    1.81    0.99    0.87    0.20    0.18
    21.75    39.75    2014    2.13    1.15    0.99    0.22    0.21
    21.75    39.75    2015    2.03    1.08    0.89    0.22    0.20
    21.75    39.75    2016    2.81    1.52    1.22    0.26    0.26
    21.75    39.75    2017    2.67    1.42    1.17    0.26    0.25
    21.75    39.75    2018    2.95    1.55    1.24    0.27    0.27
    21.75    39.75    2019    2.79    1.44    1.14    0.27    0.26
    21.75    39.75    2020    2.58    1.28    1.04    0.26    0.25
    21.75    39.75    2021    2.83    1.40    1.11    0.27    0.27
    21.75    39.75    2022    2.27    1.11    0.90    0.24    0.23
    21.75    39.75    2023    3.01    1.50    1.16    0.28    0.29
    21.75    39.75    2024    3.09    1.50    1.21    0.29    0.29
    21.75    39.75    2025    2.86    1.37    1.08    0.28    0.28
    21.75    39.75    2026    3.38    1.61    1.24    0.31    0.32
    21.75    39.75    2027    3.22    1.49    1.19    0.30    0.30
    21.75    39.75    2028    2.98    1.34    1.09    0.29    0.29
    21.75    39.75    2029    2.19    0.95    0.90    0.23    0.22
    21.75    39.75    2030    2.81    1.22    1.13    0.28    0.26
    21.75    39.75    2031    2.95    1.27    1.13    0.29    0.28
    21.75    39.75    2032    3.84    1.67    1.46    0.34    0.34
    21.75    39.75    2033    3.53    1.51    1.30    0.33    0.33
    21.75    39.75    2034    4.24    1.83    1.56    0.36    0.37
    21.75    39.75    2035    3.88    1.59    1.38    0.35    0.35
    21.75    39.75    2036    4.03    1.64    1.41    0.36    0.36
    21.75    39.75    2037    3.71    1.47    1.28    0.35    0.34
    21.75    39.75    2038    3.38    1.28    1.09    0.33    0.33
    21.75    39.75    2039    3.79    1.45    1.20    0.36    0.36
    21.75    39.75    2040    3.37    1.26    1.09    0.33    0.33
    21.75    39.75    2041    4.05    1.54    1.29    0.37    0.38
    21.75    39.75    2042    4.05    1.53    1.28    0.37    0.38
    21.75    39.75    2043    3.63    1.33    1.11    0.35    0.36
    21.75    39.75    2044    3.56    1.29    1.09    0.35    0.35
    21.75    39.75    2045    3.63    1.31    1.13    0.35    0.35
    21.75    39.75    2046    3.95    1.43    1.20    0.37    0.38
    21.75    39.75    2047    3.52    1.26    1.04    0.35    0.35
    21.75    39.75    2048    3.42    1.21    1.00    0.35    0.35
    21.75    39.75    2049    3.68    1.30    1.08    0.36    0.37
    21.75    39.75    2050    3.40    1.18    0.99    0.35    0.35
    21.75    39.75    2051    2.63    0.91    0.80    0.30    0.29
    21.75    39.75    2052    3.27    1.13    0.94    0.34    0.34
    21.75    39.75    2053    1.06    0.38    0.34    0.13    0.12
    21.75    39.75    2054    1.35    0.48    0.42    0.16    0.15
    21.75    39.75    2055    1.52    0.55    0.47    0.18    0.16
    21.75    39.75    2056    1.93    0.78    0.66    0.21    0.20
    21.75    39.75    2057    2.24    0.94    0.80    0.24    0.23
    21.75    39.75    2058    2.37    1.03    0.88    0.25    0.24
    21.75    39.75    2059    1.99    0.90    0.80    0.22    0.21
    21.75    39.75    2060    1.28    0.67    0.59    0.15    0.14
    21.75    39.75    2061    1.54    0.86    0.76    0.17    0.16
    21.75    39.75    2062    1.99    1.07    0.94    0.21    0.20
    21.75    39.75    2063    2.49    1.25    1.07    0.25    0.24
    21.75    39.75    2064    2.84    1.37    1.14    0.27    0.27
    21.75    39.75    2065    2.20    1.01    0.93    0.23    0.23
    21.75    39.75    2066    2.21    1.02    0.93    0.24    0.23
    21.75    39.75    2067    2.19    1.02    0.92    0.24    0.23
    21.75    39.75    2068    2.64    1.20    1.06    0.27    0.26
    21.75    39.75    2069    2.19    0.94    0.82    0.25    0.24
    21.75    39.75    2070    2.07    0.89    0.78    0.24    0.23
    21.75    39.75    2071    2.45    1.06    0.91    0.26    0.26
    21.75    39.75    2072    2.84    1.19    1.03    0.29    0.29
    21.75    39.75    2073    3.11    1.30    1.11    0.31    0.31
    21.75    39.75    2074    3.23    1.31    1.12    0.32    0.32
    21.75    39.75    2075    3.32    1.33    1.15    0.32    0.32
    21.75    39.75    2076    3.59    1.43    1.23    0.34    0.34
    21.75    39.75    2077    3.30    1.29    1.12    0.32    0.32
    21.75    39.75    2078    4.04    1.60    1.35    0.36    0.37
    21.75    39.75    2079    4.38    1.72    1.47    0.38    0.39
    21.75    39.75    2080    4.30    1.66    1.41    0.38    0.39
    21.75    39.75    2081    5.08    1.98    1.66    0.41    0.44
    21.75    39.75    2082    3.39    1.18    1.15    0.32    0.32
    21.75    39.75    2083    3.24    1.15    1.13    0.32    0.31
    21.75    39.75    2084    3.12    1.14    1.12    0.32    0.31
    21.75    39.75    2085    3.33    1.24    1.22    0.33    0.33
    21.75    39.75    2086    3.19    1.18    1.16    0.32    0.32
    21.75    39.75    2087    3.37    1.27    1.24    0.33    0.33
    21.75    39.75    2088    3.67    1.39    1.36    0.35    0.35
    21.75    39.75    2089    4.21    1.60    1.56    0.38    0.38
    21.75    39.75    2090    3.19    1.16    1.14    0.33    0.32
    21.75    39.75    2091    3.21    1.16    1.14    0.33    0.33
    21.75    39.75    2092    3.01    1.09    1.07    0.32    0.31
    21.75    39.75    2093    2.83    1.01    0.99    0.30    0.30
    21.75    39.75    2094    2.93    1.05    1.03    0.31    0.31
    21.75    39.75    2095    2.30    0.81    0.80    0.26    0.26
    21.75    39.75    2096    2.16    0.77    0.76    0.25    0.25
    21.75    39.75    2097    2.53    0.90    0.88    0.28    0.28
    21.75    39.75    2098    2.91    1.02    1.00    0.31    0.31
    21.75    39.75    2099    3.10    1.07    1.05    0.33    0.33
    21.75    39.75    2100    3.37    1.15    1.12    0.34    0.35
    21.75    39.75    2101    2.82    0.94    0.93    0.31    0.31
    21.75    39.75    2102    3.04    1.01    0.99    0.33    0.33
    21.75    39.75    2103    3.28    1.09    1.07    0.34    0.34
    21.75    39.75    2104    3.48    1.15    1.12    0.36    0.36
    21.75    39.75    2105    3.63    1.19    1.16    0.37    0.37
    21.75    39.75    2106    3.76    1.23    1.20    0.37    0.37
    21.75    39.75    2107    3.50    1.14    1.11    0.36    0.36
    21.75    39.75    2108    4.36    1.43    1.39    0.41    0.41
    21.75    39.75    2109    4.65    1.53    1.49    0.42    0.42
    21.75    39.75    2110    4.63    1.51    1.47    0.42    0.42
    21.75    39.75    2111    5.23    1.73    1.67    0.45    0.45
    21.75    39.75    2112    3.66    1.10    1.10    0.37    0.37
    21.75    39.75    2113    3.45    1.03    1.03    0.36    0.36
    21.75    39.75    2114    3.16    0.94    0.94    0.35    0.35
    21.75    39.75    2115    3.33    1.00    0.99    0.36    0.36
    21.75    39.75    2116    3.10    0.93    0.92    0.34    0.34
    21.75    39.75    2117    3.16    0.95    0.94    0.35    0.35
    21.75    39.75    2118    3.20    0.97    0.96    0.35    0.35
    21.75    39.75    2119    3.62    1.11    1.09    0.37    0.37
    21.75    39.75    2120    2.90    0.86    0.85    0.33    0.33
    21.75    39.75    2121    2.93    0.87    0.86    0.33    0.33
    21.75    39.75    2122    2.94    0.88    0.87    0.33    0.33
    21.75    39.75    2123    2.67    0.79    0.79    0.30    0.30
    21.75    39.75    2124    2.59    0.78    0.77    0.29    0.29
    21.75    39.75    2125    2.22    0.67    0.66    0.26    0.26
    21.75    39.75    2126    2.05    0.63    0.62    0.24    0.24
    21.75    39.75    2127    2.27    0.69    0.69    0.26    0.26
    21.75    39.75    2128    2.55    0.77    0.77    0.29    0.29
    21.75    39.75    2129    2.70    0.82    0.81    0.30    0.30
    21.75    39.75    2130    3.05    0.92    0.90    0.33    0.33
