      Lon      Lat    Year    VegC LitterC   SoilC     HarvSlowC Total-slow     Total
     9.75    49.75    1980   0.777   0.533   2.267      0.000000      3.576     3.576
     9.75    49.75    1981   0.790   0.542   2.304      0.000000      3.635     3.635
     9.75    49.75    1982   0.810   0.550   2.342      0.000000      3.702     3.702
     9.75    49.75    1983   0.843   0.552   2.378      0.000000      3.773     3.773
     9.75    49.75    1984   0.858   0.567   2.416      0.000000      3.842     3.842
     9.75    49.75    1985   0.878   0.578   2.455      0.000000      3.911     3.911
     9.75    49.75    1986   0.879   0.592   2.494      0.000000      3.964     3.964
     9.75    49.75    1987   0.918   0.595   2.532      0.000000      4.045     4.045
     9.75    49.75    1988   0.911   0.598   2.567      0.000000      4.076     4.076
     9.75    49.75    1989   0.951   0.601   2.603      0.000000      4.155     4.155
     9.75    49.75    1990   0.973   0.605   2.641      0.000000      4.219     4.219
     9.75    49.75    1991   1.009   0.604   2.660      0.000000      4.273     4.273
     9.75    49.75    1992   1.019   0.609   2.679      0.000000      4.308     4.308
     9.75    49.75    1993   1.049   0.613   2.701      0.000000      4.363     4.363
     9.75    49.75    1994   1.056   0.607   2.720      0.000000      4.383     4.383
     9.75    49.75    1995   1.100   0.607   2.740      0.000000      4.448     4.448
     9.75    49.75    1996   1.100   0.608   2.760      0.000000      4.468     4.468
     9.75    49.75    1997   1.147   0.612   2.781      0.000000      4.540     4.540
     9.75    49.75    1998   1.153   0.615   2.800      0.000000      4.568     4.568
     9.75    49.75    1999   1.167   0.608   2.817      0.000000      4.592     4.592
     9.75    49.75    2000   1.231   0.597   2.833      0.000000      4.661     4.661
     9.75    49.75    2001   1.238   0.604   2.853      0.000000      4.696     4.696
     9.75    49.75    2002   1.254   0.604   2.872      0.000000      4.730     4.730
     9.75    49.75    2003   1.297   0.610   2.893      0.000000      4.800     4.800
     9.75    49.75    2004   1.317   0.614   2.913      0.000000      4.844     4.844
     9.75    49.75    2005   1.342   0.613   2.931      0.000000      4.886     4.886
     9.75    49.75    2006   1.358   0.620   2.952      0.000000      4.930     4.930
     9.75    49.75    2007   1.363   0.617   2.970      0.000000      4.951     4.951
     9.75    49.75    2008   1.393   0.604   2.985      0.000000      4.981     4.981
     9.75    49.75    2009   1.450   0.608   3.006      0.000000      5.064     5.064
     9.75    49.75    2010   1.468   0.611   3.025      0.000000      5.105     5.105
     9.75    49.75    2011   1.329   0.631   3.021      0.000000      4.981     4.981
     9.75    49.75    2012   1.326   0.618   3.017      0.000000      4.962     4.962
     9.75    49.75    2013   1.311   0.621   3.017      0.000000      4.949     4.949
     9.75    49.75    2014   1.334   0.626   3.019      0.000000      4.980     4.980
     9.75    49.75    2015   1.302   0.626   3.018      0.000000      4.945     4.945
     9.75    49.75    2016   1.284   0.621   3.016      0.000000      4.921     4.921
     9.75    49.75    2017   1.277   0.616   3.014      0.000000      4.907     4.907
     9.75    49.75    2018   1.271   0.619   3.015      0.000000      4.905     4.905
     9.75    49.75    2019   1.290   0.618   3.014      0.000000      4.922     4.922
     9.75    49.75    2020   1.248   0.643   3.018      0.000000      4.909     4.909
     9.75    49.75    2021   1.186   0.653   3.023      0.000000      4.862     4.862
     9.75    49.75    2022   1.209   0.635   3.023      0.000000      4.866     4.866
     9.75    49.75    2023   1.223   0.636   3.024      0.000000      4.884     4.884
     9.75    49.75    2024   1.127   0.643   3.026      0.000000      4.795     4.795
     9.75    49.75    2025   1.134   0.617   3.027      0.000000      4.777     4.777
     9.75    49.75    2026   1.196   0.604   3.028      0.000000      4.828     4.828
     9.75    49.75    2027   1.197   0.605   3.029      0.000000      4.831     4.831
     9.75    49.75    2028   1.210   0.605   3.034      0.000000      4.849     4.849
     9.75    49.75    2029   1.173   0.611   3.034      0.000000      4.818     4.818
     9.75    49.75    2030   1.155   0.600   3.036      0.000000      4.791     4.791
     9.75    49.75    2031   1.198   0.592   3.039      0.000000      4.828     4.828
     9.75    49.75    2032   1.166   0.596   3.039      0.000000      4.801     4.801
     9.75    49.75    2033   1.173   0.584   3.042      0.000000      4.798     4.798
     9.75    49.75    2034   1.143   0.585   3.039      0.000000      4.767     4.767
     9.75    49.75    2035   1.138   0.582   3.042      0.000000      4.762     4.762
     9.75    49.75    2036   1.164   0.576   3.043      0.000000      4.783     4.783
     9.75    49.75    2037   1.127   0.585   3.042      0.000000      4.754     4.754
     9.75    49.75    2038   1.061   0.596   3.048      0.000000      4.705     4.705
     9.75    49.75    2039   1.009   0.593   3.048      0.000000      4.650     4.650
     9.75    49.75    2040   1.032   0.584   3.049      0.000000      4.664     4.664
     9.75    49.75    2041   1.044   0.590   3.050      0.000000      4.685     4.685
     9.75    49.75    2042   1.001   0.590   3.054      0.000000      4.644     4.644
     9.75    49.75    2043   0.991   0.568   3.052      0.000000      4.611     4.611
     9.75    49.75    2044   1.021   0.547   3.051      0.000000      4.619     4.619
     9.75    49.75    2045   1.000   0.550   3.050      0.000000      4.601     4.601
     9.75    49.75    2046   0.981   0.551   3.051      0.000000      4.583     4.583
     9.75    49.75    2047   0.904   0.561   3.046      0.000000      4.512     4.512
     9.75    49.75    2048   0.895   0.530   3.046      0.000000      4.472     4.472
     9.75    49.75    2049   0.919   0.526   3.042      0.000000      4.487     4.487
     9.75    49.75    2050   0.894   0.533   3.043      0.000000      4.470     4.470
     9.75    49.75    2051   0.901   0.521   3.044      0.000000      4.466     4.466
     9.75    49.75    2052   0.833   0.543   3.045      0.000000      4.422     4.422
     9.75    49.75    2053   0.846   0.518   3.048      0.000000      4.412     4.412
     9.75    49.75    2054   0.818   0.531   3.045      0.000000      4.394     4.394
     9.75    49.75    2055   0.733   0.525   3.042      0.000000      4.300     4.300
     9.75    49.75    2056   0.746   0.490   3.038      0.000000      4.274     4.274
     9.75    49.75    2057   0.767   0.510   3.031      0.000000      4.309     4.309
     9.75    49.75    2058   0.761   0.508   3.033      0.000000      4.301     4.301
     9.75    49.75    2059   0.682   0.505   3.030      0.000000      4.216     4.216
     9.75    49.75    2060   0.670   0.498   3.030      0.000000      4.198     4.198
     9.75    49.75    2061   0.644   0.508   3.028      0.000000      4.180     4.180
     9.75    49.75    2062   0.618   0.496   3.033      0.000000      4.147     4.147
     9.75    49.75    2063   0.579   0.511   3.032      0.000000      4.123     4.123
     9.75    49.75    2064   0.556   0.505   3.033      0.000000      4.093     4.093
     9.75    49.75    2065   0.566   0.499   3.032      0.000000      4.097     4.097
     9.75    49.75    2066   0.542   0.494   3.031      0.000000      4.067     4.067
     9.75    49.75    2067   0.455   0.490   3.032      0.000000      3.976     3.976
     9.75    49.75    2068   0.497   0.465   3.033      0.000000      3.995     3.995
     9.75    49.75    2069   0.448   0.491   3.024      0.000000      3.963     3.963
     9.75    49.75    2070   0.437   0.466   3.032      0.000000      3.935     3.935
     9.75    49.75    2071   0.423   0.474   3.030      0.000000      3.927     3.927
     9.75    49.75    2072   0.416   0.466   3.032      0.000000      3.913     3.913
     9.75    49.75    2073   0.407   0.466   3.033      0.000000      3.906     3.906
     9.75    49.75    2074   0.376   0.457   3.039      0.000000      3.872     3.872
     9.75    49.75    2075   0.394   0.435   3.038      0.000000      3.867     3.867
     9.75    49.75    2076   0.343   0.456   3.033      0.000000      3.832     3.832
     9.75    49.75    2077   0.370   0.425   3.039      0.000000      3.834     3.834
     9.75    49.75    2078   0.333   0.451   3.039      0.000000      3.822     3.822
     9.75    49.75    2079   0.313   0.426   3.044      0.000000      3.782     3.782
     9.75    49.75    2080   0.348   0.419   3.044      0.000000      3.810     3.810
     9.75    49.75    2081   0.331   0.436   3.045      0.000000      3.812     3.812
     9.75    49.75    2082   0.290   0.419   3.050      0.000000      3.759     3.759
     9.75    49.75    2083   0.266   0.390   3.053      0.000000      3.708     3.708
     9.75    49.75    2084   0.319   0.371   3.050      0.000000      3.740     3.740
     9.75    49.75    2085   0.247   0.406   3.045      0.000000      3.698     3.698
     9.75    49.75    2086   0.275   0.366   3.049      0.000000      3.689     3.689
     9.75    49.75    2087   0.195   0.410   3.039      0.000000      3.644     3.644
     9.75    49.75    2088   0.262   0.356   3.047      0.000000      3.664     3.664
     9.75    49.75    2089   0.190   0.405   3.037      0.000000      3.631     3.631
     9.75    49.75    2090   0.190   0.365   3.048      0.000000      3.603     3.603
     9.75    49.75    2091   0.138   0.363   3.045      0.000000      3.545     3.545
     9.75    49.75    2092   0.201   0.338   3.047      0.000000      3.586     3.586
     9.75    49.75    2093   0.109   0.385   3.039      0.000000      3.533     3.533
     9.75    49.75    2094   0.209   0.314   3.046      0.000000      3.569     3.569
     9.75    49.75    2095   0.159   0.381   3.035      0.000000      3.575     3.575
     9.75    49.75    2096   0.172   0.340   3.042      0.000000      3.554     3.554
     9.75    49.75    2097   0.157   0.346   3.041      0.000000      3.544     3.544
     9.75    49.75    2098   0.187   0.334   3.043      0.000000      3.564     3.564
     9.75    49.75    2099   0.154   0.361   3.043      0.000000      3.558     3.558
     9.75    49.75    2100   0.154   0.341   3.052      0.000000      3.548     3.548
     9.75    49.75    2101   0.146   0.333   3.054      0.000000      3.533     3.533
     9.75    49.75    2102   0.153   0.321   3.055      0.000000      3.529     3.529
     9.75    49.75    2103   0.145   0.320   3.055      0.000000      3.520     3.520
     9.75    49.75    2104   0.121   0.312   3.058      0.000000      3.491     3.491
     9.75    49.75    2105   0.175   0.282   3.055      0.000000      3.511     3.511
     9.75    49.75    2106   0.128   0.315   3.047      0.000000      3.490     3.490
     9.75    49.75    2107   0.166   0.279   3.052      0.000000      3.497     3.497
     9.75    49.75    2108   0.135   0.305   3.051      0.000000      3.492     3.492
     9.75    49.75    2109   0.143   0.278   3.053      0.000000      3.474     3.474
     9.75    49.75    2110   0.173   0.278   3.051      0.000000      3.502     3.502
     9.75    49.75    2111   0.158   0.300   3.051      0.000000      3.509     3.509
     9.75    49.75    2112   0.126   0.285   3.055      0.000000      3.466     3.466
     9.75    49.75    2113   0.109   0.256   3.056      0.000000      3.421     3.421
     9.75    49.75    2114   0.171   0.237   3.052      0.000000      3.460     3.460
     9.75    49.75    2115   0.106   0.279   3.045      0.000000      3.430     3.430
     9.75    49.75    2116   0.177   0.228   3.048      0.000000      3.452     3.452
     9.75    49.75    2117   0.108   0.273   3.037      0.000000      3.419     3.419
     9.75    49.75    2118   0.180   0.224   3.043      0.000000      3.447     3.447
     9.75    49.75    2119   0.126   0.269   3.032      0.000000      3.427     3.427
     9.75    49.75    2120   0.128   0.234   3.041      0.000000      3.403     3.403
     9.75    49.75    2121   0.098   0.229   3.037      0.000000      3.364     3.364
     9.75    49.75    2122   0.170   0.205   3.037      0.000000      3.411     3.411
     9.75    49.75    2123   0.081   0.253   3.027      0.000000      3.362     3.362
     9.75    49.75    2124   0.189   0.188   3.032      0.000000      3.409     3.409
     9.75    49.75    2125   0.140   0.262   3.020      0.000000      3.422     3.422
     9.75    49.75    2126   0.151   0.227   3.026      0.000000      3.404     3.404
     9.75    49.75    2127   0.137   0.234   3.025      0.000000      3.395     3.395
     9.75    49.75    2128   0.178   0.221   3.025      0.000000      3.424     3.424
     9.75    49.75    2129   0.149   0.252   3.024      0.000000      3.425     3.425
     9.75    49.75    2130   0.152   0.234   3.033      0.000000      3.419     3.419
    13.75    55.75    1980   0.777   0.809   2.268      0.000000      3.853     3.853
    13.75    55.75    1981   0.794   0.820   2.307      0.000000      3.921     3.921
    13.75    55.75    1982   0.803   0.831   2.346      0.000000      3.980     3.980
    13.75    55.75    1983   0.841   0.837   2.384      0.000000      4.062     4.062
    13.75    55.75    1984   0.883   0.854   2.423      0.000000      4.160     4.160
    13.75    55.75    1985   0.905   0.876   2.463      0.000000      4.244     4.244
    13.75    55.75    1986   0.908   0.907   2.506      0.000000      4.322     4.322
    13.75    55.75    1987   0.936   0.917   2.546      0.000000      4.399     4.399
    13.75    55.75    1988   0.974   0.921   2.583      0.000000      4.477     4.477
    13.75    55.75    1989   0.974   0.943   2.623      0.000000      4.539     4.539
    13.75    55.75    1990   1.016   0.956   2.663      0.000000      4.635     4.635
    13.75    55.75    1991   1.029   0.971   2.706      0.000000      4.706     4.706
    13.75    55.75    1992   1.064   0.984   2.748      0.000000      4.796     4.796
    13.75    55.75    1993   1.122   1.005   2.792      0.000000      4.919     4.919
    13.75    55.75    1994   1.147   1.024   2.833      0.000000      5.004     5.004
    13.75    55.75    1995   1.152   1.041   2.875      0.000000      5.068     5.068
    13.75    55.75    1996   1.201   1.049   2.917      0.000000      5.167     5.167
    13.75    55.75    1997   1.233   1.063   2.959      0.000000      5.256     5.256
    13.75    55.75    1998   1.258   1.077   3.001      0.000000      5.337     5.337
    13.75    55.75    1999   1.295   1.094   3.043      0.000000      5.432     5.432
    13.75    55.75    2000   1.297   1.105   3.085      0.000000      5.487     5.487
    13.75    55.75    2001   1.373   1.123   3.130      0.000000      5.625     5.625
    13.75    55.75    2002   1.364   1.147   3.175      0.000000      5.687     5.687
    13.75    55.75    2003   1.414   1.157   3.218      0.000000      5.789     5.789
    13.75    55.75    2004   1.486   1.162   3.259      0.000000      5.907     5.907
    13.75    55.75    2005   1.474   1.181   3.300      0.000000      5.954     5.954
    13.75    55.75    2006   1.464   1.195   3.343      0.000000      6.003     6.003
    13.75    55.75    2007   1.552   1.198   3.385      0.000000      6.134     6.134
    13.75    55.75    2008   1.513   1.207   3.424      0.000000      6.144     6.144
    13.75    55.75    2009   1.595   1.217   3.464      0.000000      6.275     6.275
    13.75    55.75    2010   1.686   1.224   3.503      0.000000      6.413     6.413
    13.75    55.75    2011   1.763   1.216   3.500      0.000000      6.479     6.479
    13.75    55.75    2012   1.675   1.216   3.501      0.000000      6.392     6.392
    13.75    55.75    2013   1.677   1.204   3.505      0.000000      6.385     6.385
    13.75    55.75    2014   1.782   1.175   3.508      0.000000      6.464     6.464
    13.75    55.75    2015   1.791   1.169   3.508      0.000000      6.467     6.467
    13.75    55.75    2016   1.816   1.153   3.506      0.000000      6.475     6.475
    13.75    55.75    2017   1.862   1.128   3.502      0.000000      6.491     6.491
    13.75    55.75    2018   1.946   1.121   3.501      0.000000      6.569     6.569
    13.75    55.75    2019   1.868   1.125   3.500      0.000000      6.494     6.494
    13.75    55.75    2020   1.959   1.114   3.498      0.000000      6.571     6.571
    13.75    55.75    2021   1.995   1.107   3.497      0.000000      6.599     6.599
    13.75    55.75    2022   1.979   1.107   3.497      0.000000      6.583     6.583
    13.75    55.75    2023   2.010   1.101   3.498      0.000000      6.608     6.608
    13.75    55.75    2024   1.974   1.094   3.500      0.000000      6.568     6.568
    13.75    55.75    2025   1.971   1.082   3.501      0.000000      6.554     6.554
    13.75    55.75    2026   2.054   1.054   3.501      0.000000      6.609     6.609
    13.75    55.75    2027   2.081   1.054   3.502      0.000000      6.637     6.637
    13.75    55.75    2028   2.168   1.044   3.498      0.000000      6.711     6.711
    13.75    55.75    2029   2.122   1.061   3.498      0.000000      6.681     6.681
    13.75    55.75    2030   2.157   1.048   3.497      0.000000      6.702     6.702
    13.75    55.75    2031   2.114   1.050   3.498      0.000000      6.662     6.662
    13.75    55.75    2032   2.065   1.053   3.500      0.000000      6.618     6.618
    13.75    55.75    2033   2.188   1.025   3.496      0.000000      6.710     6.710
    13.75    55.75    2034   2.208   1.021   3.489      0.000000      6.717     6.717
    13.75    55.75    2035   2.188   1.042   3.489      0.000000      6.719     6.719
    13.75    55.75    2036   2.159   1.051   3.489      0.000000      6.699     6.699
    13.75    55.75    2037   2.179   1.052   3.486      0.000000      6.717     6.717
    13.75    55.75    2038   2.081   1.079   3.491      0.000000      6.651     6.651
    13.75    55.75    2039   2.073   1.061   3.491      0.000000      6.625     6.625
    13.75    55.75    2040   2.141   1.040   3.487      0.000000      6.668     6.668
    13.75    55.75    2041   2.080   1.057   3.490      0.000000      6.627     6.627
    13.75    55.75    2042   2.050   1.041   3.490      0.000000      6.581     6.581
    13.75    55.75    2043   2.130   1.020   3.488      0.000000      6.638     6.638
    13.75    55.75    2044   2.067   1.015   3.487      0.000000      6.569     6.569
    13.75    55.75    2045   2.117   0.994   3.483      0.000000      6.594     6.594
    13.75    55.75    2046   2.119   0.995   3.478      0.000000      6.592     6.592
    13.75    55.75    2047   2.069   1.003   3.476      0.000000      6.547     6.547
    13.75    55.75    2048   2.108   0.994   3.471      0.000000      6.573     6.573
    13.75    55.75    2049   2.022   1.012   3.470      0.000000      6.505     6.505
    13.75    55.75    2050   2.032   1.010   3.470      0.000000      6.512     6.512
    13.75    55.75    2051   1.957   1.019   3.469      0.000000      6.445     6.445
    13.75    55.75    2052   1.970   1.009   3.472      0.000000      6.451     6.451
    13.75    55.75    2053   2.010   1.001   3.469      0.000000      6.481     6.481
    13.75    55.75    2054   1.941   1.006   3.468      0.000000      6.415     6.415
    13.75    55.75    2055   1.938   1.008   3.468      0.000000      6.414     6.414
    13.75    55.75    2056   1.945   0.996   3.460      0.000000      6.401     6.401
    13.75    55.75    2057   1.858   1.012   3.462      0.000000      6.333     6.333
    13.75    55.75    2058   1.970   0.976   3.461      0.000000      6.408     6.408
    13.75    55.75    2059   1.937   0.984   3.452      0.000000      6.373     6.373
    13.75    55.75    2060   1.903   0.973   3.451      0.000000      6.328     6.328
    13.75    55.75    2061   1.888   0.984   3.452      0.000000      6.324     6.324
    13.75    55.75    2062   1.879   0.994   3.454      0.000000      6.328     6.328
    13.75    55.75    2063   1.737   1.023   3.460      0.000000      6.220     6.220
    13.75    55.75    2064   1.756   0.998   3.458      0.000000      6.212     6.212
    13.75    55.75    2065   1.735   1.007   3.455      0.000000      6.197     6.197
    13.75    55.75    2066   1.760   0.998   3.457      0.000000      6.215     6.215
    13.75    55.75    2067   1.663   1.013   3.455      0.000000      6.132     6.132
    13.75    55.75    2068   1.656   0.990   3.460      0.000000      6.106     6.106
    13.75    55.75    2069   1.650   0.991   3.460      0.000000      6.102     6.102
    13.75    55.75    2070   1.599   1.004   3.461      0.000000      6.064     6.064
    13.75    55.75    2071   1.518   1.009   3.465      0.000000      5.991     5.991
    13.75    55.75    2072   1.546   0.980   3.468      0.000000      5.995     5.995
    13.75    55.75    2073   1.512   1.000   3.467      0.000000      5.980     5.980
    13.75    55.75    2074   1.402   1.008   3.476      0.000000      5.885     5.885
    13.75    55.75    2075   1.425   0.975   3.474      0.000000      5.874     5.874
    13.75    55.75    2076   1.412   0.997   3.470      0.000000      5.879     5.879
    13.75    55.75    2077   1.374   0.995   3.471      0.000000      5.840     5.840
    13.75    55.75    2078   1.244   1.029   3.478      0.000000      5.751     5.751
    13.75    55.75    2079   1.192   0.988   3.487      0.000000      5.667     5.667
    13.75    55.75    2080   1.190   0.976   3.484      0.000000      5.650     5.650
    13.75    55.75    2081   1.176   0.962   3.482      0.000000      5.620     5.620
    13.75    55.75    2082   1.199   0.945   3.484      0.000000      5.628     5.628
    13.75    55.75    2083   1.162   0.962   3.488      0.000000      5.611     5.611
    13.75    55.75    2084   1.085   0.956   3.497      0.000000      5.539     5.539
    13.75    55.75    2085   1.156   0.943   3.497      0.000000      5.596     5.596
    13.75    55.75    2086   1.035   0.985   3.496      0.000000      5.516     5.516
    13.75    55.75    2087   1.050   0.942   3.503      0.000000      5.495     5.495
    13.75    55.75    2088   0.979   0.961   3.503      0.000000      5.443     5.443
    13.75    55.75    2089   0.959   0.925   3.508      0.000000      5.392     5.392
    13.75    55.75    2090   0.945   0.933   3.503      0.000000      5.382     5.382
    13.75    55.75    2091   0.933   0.937   3.508      0.000000      5.378     5.378
    13.75    55.75    2092   0.823   0.974   3.512      0.000000      5.309     5.309
    13.75    55.75    2093   0.817   0.966   3.520      0.000000      5.302     5.302
    13.75    55.75    2094   0.707   0.988   3.523      0.000000      5.219     5.219
    13.75    55.75    2095   0.731   0.956   3.529      0.000000      5.216     5.216
    13.75    55.75    2096   0.636   0.992   3.526      0.000000      5.155     5.155
    13.75    55.75    2097   0.722   0.935   3.539      0.000000      5.195     5.195
    13.75    55.75    2098   0.593   0.979   3.536      0.000000      5.108     5.108
    13.75    55.75    2099   0.687   0.885   3.548      0.000000      5.121     5.121
    13.75    55.75    2100   0.649   0.928   3.542      0.000000      5.118     5.118
    13.75    55.75    2101   0.533   0.924   3.554      0.000000      5.011     5.011
    13.75    55.75    2102   0.555   0.878   3.558      0.000000      4.991     4.991
    13.75    55.75    2103   0.524   0.902   3.556      0.000000      4.982     4.982
    13.75    55.75    2104   0.479   0.879   3.568      0.000000      4.925     4.925
    13.75    55.75    2105   0.561   0.822   3.563      0.000000      4.946     4.946
    13.75    55.75    2106   0.539   0.860   3.556      0.000000      4.956     4.956
    13.75    55.75    2107   0.564   0.834   3.559      0.000000      4.957     4.957
    13.75    55.75    2108   0.381   0.876   3.569      0.000000      4.826     4.826
    13.75    55.75    2109   0.397   0.794   3.580      0.000000      4.771     4.771
    13.75    55.75    2110   0.433   0.781   3.569      0.000000      4.783     4.783
    13.75    55.75    2111   0.398   0.786   3.565      0.000000      4.750     4.750
    13.75    55.75    2112   0.428   0.755   3.569      0.000000      4.752     4.752
    13.75    55.75    2113   0.360   0.781   3.571      0.000000      4.712     4.712
    13.75    55.75    2114   0.351   0.747   3.581      0.000000      4.679     4.679
    13.75    55.75    2115   0.428   0.740   3.576      0.000000      4.743     4.743
    13.75    55.75    2116   0.327   0.785   3.572      0.000000      4.685     4.685
    13.75    55.75    2117   0.336   0.734   3.582      0.000000      4.652     4.652
    13.75    55.75    2118   0.266   0.765   3.579      0.000000      4.611     4.611
    13.75    55.75    2119   0.305   0.699   3.582      0.000000      4.587     4.587
    13.75    55.75    2120   0.305   0.707   3.574      0.000000      4.586     4.586
    13.75    55.75    2121   0.316   0.708   3.578      0.000000      4.602     4.602
    13.75    55.75    2122   0.214   0.735   3.583      0.000000      4.531     4.531
    13.75    55.75    2123   0.273   0.706   3.587      0.000000      4.566     4.566
    13.75    55.75    2124   0.194   0.737   3.587      0.000000      4.518     4.518
    13.75    55.75    2125   0.284   0.680   3.594      0.000000      4.557     4.557
    13.75    55.75    2126   0.176   0.738   3.585      0.000000      4.499     4.499
    13.75    55.75    2127   0.290   0.661   3.598      0.000000      4.549     4.549
    13.75    55.75    2128   0.137   0.726   3.592      0.000000      4.456     4.456
    13.75    55.75    2129   0.266   0.608   3.601      0.000000      4.474     4.474
    13.75    55.75    2130   0.214   0.681   3.588      0.000000      4.483     4.483
    23.75    61.75    1980   2.065   2.695   9.778      0.000000     14.538    14.538
    23.75    61.75    1981   2.127   2.736   9.908      0.000000     14.771    14.771
    23.75    61.75    1982   2.166   2.783  10.041      0.000000     14.989    14.989
    23.75    61.75    1983   2.256   2.846  10.177      0.000000     15.278    15.278
    23.75    61.75    1984   2.252   2.842  10.301      0.000000     15.394    15.394
    23.75    61.75    1985   2.313   2.858  10.425      0.000000     15.596    15.596
    23.75    61.75    1986   2.358   2.919  10.558      0.000000     15.835    15.835
    23.75    61.75    1987   2.436   2.920  10.683      0.000000     16.039    16.039
    23.75    61.75    1988   2.508   2.935  10.804      0.000000     16.248    16.248
    23.75    61.75    1989   2.570   2.994  10.936      0.000000     16.500    16.500
    23.75    61.75    1990   2.604   3.015  11.065      0.000000     16.685    16.685
    23.75    61.75    1991   2.650   3.063  11.185      0.000000     16.898    16.898
    23.75    61.75    1992   2.740   3.077  11.300      0.000000     17.117    17.117
    23.75    61.75    1993   2.822   3.116  11.419      0.000000     17.357    17.357
    23.75    61.75    1994   2.867   3.118  11.531      0.000000     17.517    17.517
    23.75    61.75    1995   2.932   3.125  11.643      0.000000     17.700    17.700
    23.75    61.75    1996   2.944   3.170  11.759      0.000000     17.872    17.872
    23.75    61.75    1997   2.979   3.168  11.869      0.000000     18.016    18.016
    23.75    61.75    1998   3.069   3.177  11.980      0.000000     18.225    18.225
    23.75    61.75    1999   3.184   3.182  12.086      0.000000     18.452    18.452
    23.75    61.75    2000   3.233   3.219  12.198      0.000000     18.650    18.650
    23.75    61.75    2001   3.271   3.275  12.317      0.000000     18.863    18.863
    23.75    61.75    2002   3.379   3.295  12.434      0.000000     19.108    19.108
    23.75    61.75    2003   3.392   3.338  12.551      0.000000     19.282    19.282
    23.75    61.75    2004   3.502   3.306  12.654      0.000000     19.463    19.463
    23.75    61.75    2005   3.584   3.299  12.755      0.000000     19.638    19.638
    23.75    61.75    2006   3.594   3.363  12.870      0.000000     19.827    19.827
    23.75    61.75    2007   3.659   3.336  12.969      0.000000     19.964    19.964
    23.75    61.75    2008   3.734   3.350  13.076      0.000000     20.160    20.160
    23.75    61.75    2009   3.802   3.364  13.182      0.000000     20.348    20.348
    23.75    61.75    2010   3.923   3.402  13.293      0.000000     20.619    20.619
    23.75    61.75    2011   3.570   3.515  13.288      0.000000     20.372    20.372
    23.75    61.75    2012   3.517   3.516  13.279      0.000000     20.312    20.312
    23.75    61.75    2013   3.450   3.580  13.284      0.000000     20.315    20.315
    23.75    61.75    2014   3.518   3.532  13.281      0.000000     20.331    20.331
    23.75    61.75    2015   3.342   3.523  13.262      0.000000     20.128    20.128
    23.75    61.75    2016   3.310   3.526  13.255      0.000000     20.091    20.091
    23.75    61.75    2017   3.257   3.579  13.259      0.000000     20.095    20.095
    23.75    61.75    2018   3.181   3.541  13.250      0.000000     19.972    19.972
    23.75    61.75    2019   3.256   3.489  13.239      0.000000     19.984    19.984
    23.75    61.75    2020   3.273   3.461  13.229      0.000000     19.963    19.963
    23.75    61.75    2021   3.286   3.414  13.211      0.000000     19.911    19.911
    23.75    61.75    2022   3.357   3.369  13.196      0.000000     19.922    19.922
    23.75    61.75    2023   3.347   3.387  13.193      0.000000     19.928    19.928
    23.75    61.75    2024   3.269   3.414  13.195      0.000000     19.878    19.878
    23.75    61.75    2025   3.124   3.446  13.195      0.000000     19.765    19.765
    23.75    61.75    2026   3.110   3.431  13.196      0.000000     19.737    19.737
    23.75    61.75    2027   3.142   3.404  13.192      0.000000     19.738    19.738
    23.75    61.75    2028   3.164   3.369  13.184      0.000000     19.717    19.717
    23.75    61.75    2029   3.137   3.371  13.180      0.000000     19.688    19.688
    23.75    61.75    2030   3.123   3.401  13.188      0.000000     19.712    19.712
    23.75    61.75    2031   3.135   3.386  13.194      0.000000     19.714    19.714
    23.75    61.75    2032   3.188   3.321  13.189      0.000000     19.698    19.698
    23.75    61.75    2033   3.137   3.276  13.171      0.000000     19.585    19.585
    23.75    61.75    2034   2.951   3.337  13.176      0.000000     19.464    19.464
    23.75    61.75    2035   2.952   3.254  13.162      0.000000     19.368    19.368
    23.75    61.75    2036   2.851   3.287  13.155      0.000000     19.294    19.294
    23.75    61.75    2037   2.892   3.258  13.156      0.000000     19.306    19.306
    23.75    61.75    2038   2.929   3.254  13.161      0.000000     19.344    19.344
    23.75    61.75    2039   3.018   3.199  13.156      0.000000     19.373    19.373
    23.75    61.75    2040   3.063   3.166  13.145      0.000000     19.374    19.374
    23.75    61.75    2041   3.025   3.167  13.145      0.000000     19.337    19.337
    23.75    61.75    2042   2.986   3.146  13.143      0.000000     19.276    19.276
    23.75    61.75    2043   2.990   3.136  13.142      0.000000     19.268    19.268
    23.75    61.75    2044   2.713   3.186  13.142      0.000000     19.041    19.041
    23.75    61.75    2045   2.712   3.139  13.136      0.000000     18.987    18.987
    23.75    61.75    2046   2.649   3.147  13.130      0.000000     18.925    18.925
    23.75    61.75    2047   2.709   3.088  13.119      0.000000     18.917    18.917
    23.75    61.75    2048   2.725   3.067  13.102      0.000000     18.893    18.893
    23.75    61.75    2049   2.659   3.109  13.110      0.000000     18.879    18.879
    23.75    61.75    2050   2.468   3.126  13.117      0.000000     18.711    18.711
    23.75    61.75    2051   2.455   3.085  13.113      0.000000     18.653    18.653
    23.75    61.75    2052   2.370   3.085  13.113      0.000000     18.568    18.568
    23.75    61.75    2053   2.387   3.044  13.105      0.000000     18.536    18.536
    23.75    61.75    2054   2.265   3.018  13.091      0.000000     18.374    18.374
    23.75    61.75    2055   2.277   3.006  13.093      0.000000     18.375    18.375
    23.75    61.75    2056   2.251   2.968  13.076      0.000000     18.295    18.295
    23.75    61.75    2057   2.273   2.983  13.090      0.000000     18.347    18.347
    23.75    61.75    2058   2.211   2.946  13.081      0.000000     18.238    18.238
    23.75    61.75    2059   2.229   2.874  13.056      0.000000     18.159    18.159
    23.75    61.75    2060   2.145   2.886  13.053      0.000000     18.084    18.084
    23.75    61.75    2061   2.083   2.874  13.054      0.000000     18.010    18.010
    23.75    61.75    2062   2.090   2.852  13.049      0.000000     17.991    17.991
    23.75    61.75    2063   1.992   2.844  13.047      0.000000     17.883    17.883
    23.75    61.75    2064   1.915   2.860  13.051      0.000000     17.826    17.826
    23.75    61.75    2065   1.837   2.840  13.039      0.000000     17.715    17.715
    23.75    61.75    2066   1.744   2.869  13.042      0.000000     17.656    17.656
    23.75    61.75    2067   1.622   2.867  13.047      0.000000     17.536    17.536
    23.75    61.75    2068   1.573   2.823  13.057      0.000000     17.453    17.453
    23.75    61.75    2069   1.588   2.790  13.055      0.000000     17.433    17.433
    23.75    61.75    2070   1.468   2.802  13.040      0.000000     17.311    17.311
    23.75    61.75    2071   1.492   2.781  13.049      0.000000     17.322    17.322
    23.75    61.75    2072   1.366   2.820  13.056      0.000000     17.242    17.242
    23.75    61.75    2073   1.180   2.864  13.065      0.000000     17.109    17.109
    23.75    61.75    2074   1.155   2.853  13.085      0.000000     17.093    17.093
    23.75    61.75    2075   0.964   2.882  13.088      0.000000     16.933    16.933
    23.75    61.75    2076   1.021   2.775  13.087      0.000000     16.883    16.883
    23.75    61.75    2077   0.983   2.776  13.083      0.000000     16.841    16.841
    23.75    61.75    2078   0.828   2.784  13.095      0.000000     16.706    16.706
    23.75    61.75    2079   0.906   2.730  13.118      0.000000     16.753    16.753
    23.75    61.75    2080   0.831   2.718  13.114      0.000000     16.662    16.662
    23.75    61.75    2081   0.839   2.688  13.118      0.000000     16.645    16.645
    23.75    61.75    2082   0.747   2.710  13.129      0.000000     16.585    16.585
    23.75    61.75    2083   0.780   2.626  13.135      0.000000     16.541    16.541
    23.75    61.75    2084   0.588   2.686  13.145      0.000000     16.419    16.419
    23.75    61.75    2085   0.675   2.593  13.145      0.000000     16.413    16.413
    23.75    61.75    2086   0.693   2.629  13.152      0.000000     16.473    16.473
    23.75    61.75    2087   0.587   2.601  13.150      0.000000     16.338    16.338
    23.75    61.75    2088   0.543   2.575  13.169      0.000000     16.287    16.287
    23.75    61.75    2089   0.514   2.504  13.167      0.000000     16.185    16.185
    23.75    61.75    2090   0.616   2.400  13.152      0.000000     16.169    16.169
    23.75    61.75    2091   0.608   2.430  13.144      0.000000     16.181    16.181
    23.75    61.75    2092   0.622   2.453  13.166      0.000000     16.241    16.241
    23.75    61.75    2093   0.428   2.471  13.175      0.000000     16.074    16.074
    23.75    61.75    2094   0.428   2.414  13.188      0.000000     16.030    16.030
    23.75    61.75    2095   0.437   2.365  13.184      0.000000     15.987    15.987
    23.75    61.75    2096   0.301   2.382  13.189      0.000000     15.873    15.873
    23.75    61.75    2097   0.513   2.230  13.184      0.000000     15.927    15.927
    23.75    61.75    2098   0.411   2.319  13.164      0.000000     15.895    15.895
    23.75    61.75    2099   0.403   2.277  13.189      0.000000     15.868    15.868
    23.75    61.75    2100   0.371   2.185  13.178      0.000000     15.735    15.735
    23.75    61.75    2101   0.400   2.160  13.186      0.000000     15.746    15.746
    23.75    61.75    2102   0.456   2.149  13.189      0.000000     15.794    15.794
    23.75    61.75    2103   0.370   2.181  13.197      0.000000     15.748    15.748
    23.75    61.75    2104   0.439   2.137  13.218      0.000000     15.794    15.794
    23.75    61.75    2105   0.365   2.130  13.215      0.000000     15.709    15.709
    23.75    61.75    2106   0.431   2.031  13.211      0.000000     15.673    15.673
    23.75    61.75    2107   0.422   2.015  13.194      0.000000     15.632    15.632
    23.75    61.75    2108   0.291   2.009  13.202      0.000000     15.502    15.502
    23.75    61.75    2109   0.400   1.946  13.223      0.000000     15.570    15.570
    23.75    61.75    2110   0.421   1.956  13.214      0.000000     15.591    15.591
    23.75    61.75    2111   0.421   1.951  13.214      0.000000     15.586    15.586
    23.75    61.75    2112   0.336   1.957  13.224      0.000000     15.518    15.518
    23.75    61.75    2113   0.361   1.864  13.225      0.000000     15.449    15.449
    23.75    61.75    2114   0.389   1.883  13.231      0.000000     15.503    15.503
    23.75    61.75    2115   0.423   1.867  13.227      0.000000     15.517    15.517
    23.75    61.75    2116   0.449   1.894  13.236      0.000000     15.579    15.579
    23.75    61.75    2117   0.386   1.871  13.228      0.000000     15.486    15.486
    23.75    61.75    2118   0.406   1.858  13.249      0.000000     15.514    15.514
    23.75    61.75    2119   0.348   1.807  13.242      0.000000     15.397    15.397
    23.75    61.75    2120   0.455   1.709  13.226      0.000000     15.390    15.390
    23.75    61.75    2121   0.421   1.763  13.215      0.000000     15.400    15.400
    23.75    61.75    2122   0.463   1.765  13.232      0.000000     15.460    15.460
    23.75    61.75    2123   0.401   1.764  13.232      0.000000     15.397    15.397
    23.75    61.75    2124   0.397   1.719  13.242      0.000000     15.358    15.358
    23.75    61.75    2125   0.459   1.673  13.234      0.000000     15.367    15.367
    23.75    61.75    2126   0.337   1.727  13.241      0.000000     15.304    15.304
    23.75    61.75    2127   0.531   1.599  13.233      0.000000     15.363    15.363
    23.75    61.75    2128   0.414   1.690  13.208      0.000000     15.311    15.311
    23.75    61.75    2129   0.399   1.652  13.231      0.000000     15.281    15.281
    23.75    61.75    2130   0.370   1.564  13.213      0.000000     15.147    15.147
    21.75    39.75    1980   0.291   0.126   1.096      0.000000      1.513     1.513
    21.75    39.75    1981   0.136   0.250   1.100      0.000000      1.486     1.486
    21.75    39.75    1982   0.154   0.225   1.109      0.000000      1.488     1.488
    21.75    39.75    1983   0.195   0.223   1.114      0.000000      1.531     1.531
    21.75    39.75    1984   0.186   0.230   1.120      0.000000      1.536     1.536
    21.75    39.75    1985   0.178   0.212   1.131      0.000000      1.520     1.520
    21.75    39.75    1986   0.227   0.199   1.140      0.000000      1.566     1.566
    21.75    39.75    1987   0.228   0.219   1.147      0.000000      1.594     1.594
    21.75    39.75    1988   0.227   0.211   1.159      0.000000      1.597     1.597
    21.75    39.75    1989   0.212   0.204   1.169      0.000000      1.585     1.585
    21.75    39.75    1990   0.214   0.187   1.179      0.000000      1.580     1.580
    21.75    39.75    1991   0.203   0.179   1.184      0.000000      1.565     1.565
    21.75    39.75    1992   0.225   0.170   1.189      0.000000      1.584     1.584
    21.75    39.75    1993   0.227   0.171   1.193      0.000000      1.592     1.592
    21.75    39.75    1994   0.257   0.158   1.197      0.000000      1.612     1.612
    21.75    39.75    1995   0.262   0.167   1.200      0.000000      1.629     1.629
    21.75    39.75    1996   0.273   0.155   1.205      0.000000      1.633     1.633
    21.75    39.75    1997   0.283   0.156   1.209      0.000000      1.648     1.648
    21.75    39.75    1998   0.283   0.154   1.215      0.000000      1.651     1.651
    21.75    39.75    1999   0.257   0.149   1.218      0.000000      1.624     1.624
    21.75    39.75    2000   0.280   0.139   1.221      0.000000      1.639     1.639
    21.75    39.75    2001   0.280   0.148   1.228      0.000000      1.656     1.656
    21.75    39.75    2002   0.261   0.149   1.238      0.000000      1.649     1.649
    21.75    39.75    2003   0.300   0.140   1.249      0.000000      1.689     1.689
    21.75    39.75    2004   0.291   0.150   1.256      0.000000      1.696     1.696
    21.75    39.75    2005   0.303   0.150   1.267      0.000000      1.720     1.720
    21.75    39.75    2006   0.310   0.154   1.278      0.000000      1.742     1.742
    21.75    39.75    2007   0.310   0.152   1.290      0.000000      1.751     1.751
    21.75    39.75    2008   0.329   0.149   1.302      0.000000      1.779     1.779
    21.75    39.75    2009   0.362   0.160   1.314      0.000000      1.836     1.836
    21.75    39.75    2010   0.263   0.210   1.326      0.000000      1.800     1.800
    21.75    39.75    2011   0.255   0.177   1.326      0.000000      1.758     1.758
    21.75    39.75    2012   0.287   0.167   1.323      0.000000      1.778     1.778
    21.75    39.75    2013   0.319   0.170   1.321      0.000000      1.810     1.810
    21.75    39.75    2014   0.333   0.173   1.322      0.000000      1.828     1.828
    21.75    39.75    2015   0.305   0.168   1.324      0.000000      1.797     1.797
    21.75    39.75    2016   0.355   0.145   1.326      0.000000      1.826     1.826
    21.75    39.75    2017   0.347   0.150   1.323      0.000000      1.820     1.820
    21.75    39.75    2018   0.363   0.140   1.323      0.000000      1.827     1.827
    21.75    39.75    2019   0.357   0.137   1.322      0.000000      1.816     1.816
    21.75    39.75    2020   0.341   0.132   1.319      0.000000      1.792     1.792
    21.75    39.75    2021   0.366   0.121   1.316      0.000000      1.804     1.804
    21.75    39.75    2022   0.341   0.127   1.312      0.000000      1.780     1.780
    21.75    39.75    2023   0.398   0.120   1.311      0.000000      1.828     1.828
    21.75    39.75    2024   0.392   0.136   1.308      0.000000      1.836     1.836
    21.75    39.75    2025   0.378   0.128   1.311      0.000000      1.818     1.818
    21.75    39.75    2026   0.413   0.123   1.310      0.000000      1.846     1.846
    21.75    39.75    2027   0.413   0.128   1.309      0.000000      1.850     1.850
    21.75    39.75    2028   0.391   0.130   1.309      0.000000      1.829     1.829
    21.75    39.75    2029   0.369   0.122   1.309      0.000000      1.800     1.800
    21.75    39.75    2030   0.421   0.117   1.308      0.000000      1.846     1.846
    21.75    39.75    2031   0.406   0.141   1.308      0.000000      1.855     1.855
    21.75    39.75    2032   0.465   0.129   1.311      0.000000      1.905     1.905
    21.75    39.75    2033   0.429   0.140   1.312      0.000000      1.881     1.881
    21.75    39.75    2034   0.489   0.122   1.314      0.000000      1.924     1.924
    21.75    39.75    2035   0.452   0.135   1.312      0.000000      1.898     1.898
    21.75    39.75    2036   0.466   0.118   1.314      0.000000      1.898     1.898
    21.75    39.75    2037   0.454   0.116   1.311      0.000000      1.881     1.881
    21.75    39.75    2038   0.438   0.111   1.308      0.000000      1.857     1.857
    21.75    39.75    2039   0.464   0.105   1.306      0.000000      1.875     1.875
    21.75    39.75    2040   0.447   0.111   1.303      0.000000      1.861     1.861
    21.75    39.75    2041   0.486   0.112   1.301      0.000000      1.899     1.899
    21.75    39.75    2042   0.494   0.115   1.298      0.000000      1.906     1.906
    21.75    39.75    2043   0.471   0.113   1.296      0.000000      1.880     1.880
    21.75    39.75    2044   0.479   0.103   1.295      0.000000      1.877     1.877
    21.75    39.75    2045   0.499   0.104   1.292      0.000000      1.895     1.895
    21.75    39.75    2046   0.508   0.117   1.290      0.000000      1.915     1.915
    21.75    39.75    2047   0.478   0.120   1.291      0.000000      1.889     1.889
    21.75    39.75    2048   0.472   0.116   1.290      0.000000      1.877     1.877
    21.75    39.75    2049   0.494   0.107   1.288      0.000000      1.890     1.890
    21.75    39.75    2050   0.493   0.110   1.286      0.000000      1.889     1.889
    21.75    39.75    2051   0.458   0.117   1.284      0.000000      1.859     1.859
    21.75    39.75    2052   0.507   0.103   1.285      0.000000      1.895     1.895
    21.75    39.75    2053   0.326   0.249   1.282      0.000000      1.856     1.856
    21.75    39.75    2054   0.358   0.214   1.287      0.000000      1.859     1.859
    21.75    39.75    2055   0.376   0.216   1.285      0.000000      1.877     1.877
    21.75    39.75    2056   0.400   0.212   1.288      0.000000      1.901     1.901
    21.75    39.75    2057   0.385   0.220   1.293      0.000000      1.897     1.897
    21.75    39.75    2058   0.388   0.193   1.299      0.000000      1.880     1.880
    21.75    39.75    2059   0.379   0.182   1.300      0.000000      1.860     1.860
    21.75    39.75    2060   0.340   0.197   1.299      0.000000      1.836     1.836
    21.75    39.75    2061   0.361   0.182   1.298      0.000000      1.841     1.841
    21.75    39.75    2062   0.399   0.183   1.297      0.000000      1.879     1.879
    21.75    39.75    2063   0.416   0.192   1.298      0.000000      1.907     1.907
    21.75    39.75    2064   0.421   0.189   1.302      0.000000      1.911     1.911
    21.75    39.75    2065   0.391   0.183   1.305      0.000000      1.879     1.879
    21.75    39.75    2066   0.403   0.171   1.306      0.000000      1.880     1.880
    21.75    39.75    2067   0.393   0.172   1.304      0.000000      1.869     1.869
    21.75    39.75    2068   0.421   0.158   1.306      0.000000      1.885     1.885
    21.75    39.75    2069   0.387   0.161   1.304      0.000000      1.852     1.852
    21.75    39.75    2070   0.390   0.142   1.304      0.000000      1.837     1.837
    21.75    39.75    2071   0.410   0.140   1.301      0.000000      1.851     1.851
    21.75    39.75    2072   0.437   0.139   1.299      0.000000      1.875     1.875
    21.75    39.75    2073   0.442   0.148   1.297      0.000000      1.887     1.887
    21.75    39.75    2074   0.447   0.146   1.299      0.000000      1.892     1.892
    21.75    39.75    2075   0.448   0.144   1.298      0.000000      1.890     1.890
    21.75    39.75    2076   0.473   0.139   1.298      0.000000      1.909     1.909
    21.75    39.75    2077   0.447   0.146   1.297      0.000000      1.891     1.891
    21.75    39.75    2078   0.484   0.143   1.300      0.000000      1.927     1.927
    21.75    39.75    2079   0.509   0.150   1.301      0.000000      1.960     1.960
    21.75    39.75    2080   0.500   0.157   1.302      0.000000      1.959     1.959
    21.75    39.75    2081   0.550   0.153   1.305      0.000000      2.008     2.008
    21.75    39.75    2082   0.438   0.196   1.306      0.000000      1.940     1.940
    21.75    39.75    2083   0.434   0.173   1.308      0.000000      1.915     1.915
    21.75    39.75    2084   0.429   0.168   1.306      0.000000      1.903     1.903
    21.75    39.75    2085   0.453   0.153   1.304      0.000000      1.911     1.911
    21.75    39.75    2086   0.441   0.154   1.301      0.000000      1.896     1.896
    21.75    39.75    2087   0.461   0.142   1.299      0.000000      1.902     1.902
    21.75    39.75    2088   0.482   0.143   1.296      0.000000      1.921     1.921
    21.75    39.75    2089   0.516   0.145   1.295      0.000000      1.956     1.956
    21.75    39.75    2090   0.458   0.156   1.294      0.000000      1.908     1.908
    21.75    39.75    2091   0.462   0.145   1.294      0.000000      1.902     1.902
    21.75    39.75    2092   0.469   0.137   1.293      0.000000      1.899     1.899
    21.75    39.75    2093   0.462   0.140   1.290      0.000000      1.892     1.892
    21.75    39.75    2094   0.482   0.135   1.290      0.000000      1.907     1.907
    21.75    39.75    2095   0.447   0.144   1.288      0.000000      1.880     1.880
    21.75    39.75    2096   0.448   0.133   1.288      0.000000      1.869     1.869
    21.75    39.75    2097   0.481   0.130   1.286      0.000000      1.896     1.896
    21.75    39.75    2098   0.503   0.140   1.284      0.000000      1.927     1.927
    21.75    39.75    2099   0.510   0.147   1.286      0.000000      1.943     1.943
    21.75    39.75    2100   0.524   0.148   1.291      0.000000      1.962     1.962
    21.75    39.75    2101   0.473   0.151   1.292      0.000000      1.916     1.916
    21.75    39.75    2102   0.496   0.128   1.295      0.000000      1.918     1.918
    21.75    39.75    2103   0.508   0.133   1.292      0.000000      1.934     1.934
    21.75    39.75    2104   0.520   0.135   1.292      0.000000      1.947     1.947
    21.75    39.75    2105   0.525   0.137   1.291      0.000000      1.953     1.953
    21.75    39.75    2106   0.541   0.136   1.291      0.000000      1.968     1.968
    21.75    39.75    2107   0.516   0.142   1.291      0.000000      1.949     1.949
    21.75    39.75    2108   0.570   0.135   1.294      0.000000      1.999     1.999
    21.75    39.75    2109   0.574   0.158   1.295      0.000000      2.027     2.027
    21.75    39.75    2110   0.558   0.166   1.297      0.000000      2.021     2.021
    21.75    39.75    2111   0.600   0.160   1.301      0.000000      2.061     2.061
    21.75    39.75    2112   0.508   0.174   1.301      0.000000      1.983     1.983
    21.75    39.75    2113   0.512   0.149   1.303      0.000000      1.964     1.964
    21.75    39.75    2114   0.491   0.153   1.300      0.000000      1.944     1.944
    21.75    39.75    2115   0.515   0.142   1.297      0.000000      1.954     1.954
    21.75    39.75    2116   0.503   0.149   1.293      0.000000      1.945     1.945
    21.75    39.75    2117   0.512   0.147   1.292      0.000000      1.951     1.951
    21.75    39.75    2118   0.522   0.151   1.289      0.000000      1.962     1.962
    21.75    39.75    2119   0.547   0.155   1.290      0.000000      1.992     1.992
    21.75    39.75    2120   0.502   0.164   1.291      0.000000      1.957     1.957
    21.75    39.75    2121   0.500   0.155   1.292      0.000000      1.947     1.947
    21.75    39.75    2122   0.517   0.145   1.292      0.000000      1.955     1.955
    21.75    39.75    2123   0.503   0.152   1.290      0.000000      1.945     1.945
    21.75    39.75    2124   0.519   0.146   1.291      0.000000      1.956     1.956
    21.75    39.75    2125   0.493   0.156   1.289      0.000000      1.939     1.939
    21.75    39.75    2126   0.488   0.145   1.291      0.000000      1.923     1.923
    21.75    39.75    2127   0.516   0.141   1.289      0.000000      1.946     1.946
    21.75    39.75    2128   0.536   0.154   1.288      0.000000      1.978     1.978
    21.75    39.75    2129   0.536   0.163   1.291      0.000000      1.991     1.991
    21.75    39.75    2130   0.549   0.163   1.296      0.000000      2.008     2.008
