      Lon      Lat    Year    VegC LitterC   SoilC     HarvSlowC Total-slow     Total
     9.75    49.75    1980   2.188   0.963   4.032      0.135334      7.182     7.318
     9.75    49.75    1981   2.176   0.960   4.034      0.138479      7.169     7.308
     9.75    49.75    1982   2.183   0.957   4.038      0.140267      7.178     7.318
     9.75    49.75    1983   2.212   0.941   4.039      0.143155      7.191     7.335
     9.75    49.75    1984   2.218   0.949   4.042      0.147030      7.209     7.357
     9.75    49.75    1985   2.232   0.951   4.045      0.150566      7.228     7.379
     9.75    49.75    1986   2.205   0.958   4.051      0.153868      7.214     7.367
     9.75    49.75    1987   2.244   0.951   4.054      0.155200      7.248     7.404
     9.75    49.75    1988   2.125   0.937   4.052      0.159904      7.114     7.274
     9.75    49.75    1989   2.110   0.929   4.053      0.160518      7.091     7.252
     9.75    49.75    1990   2.122   0.919   4.055      0.164483      7.095     7.260
     9.75    49.75    1991   2.166   0.912   4.053      0.166685      7.132     7.298
     9.75    49.75    1992   2.170   0.916   4.053      0.169818      7.139     7.309
     9.75    49.75    1993   2.205   0.915   4.058      0.170591      7.177     7.348
     9.75    49.75    1994   2.203   0.900   4.056      0.172676      7.159     7.332
     9.75    49.75    1995   2.195   0.896   4.058      0.173011      7.149     7.322
     9.75    49.75    1996   2.193   0.891   4.058      0.177113      7.142     7.319
     9.75    49.75    1997   2.254   0.892   4.061      0.178759      7.207     7.386
     9.75    49.75    1998   2.256   0.889   4.060      0.183105      7.205     7.388
     9.75    49.75    1999   2.254   0.874   4.057      0.184480      7.185     7.370
     9.75    49.75    2000   2.317   0.857   4.053      0.184086      7.226     7.411
     9.75    49.75    2001   2.318   0.861   4.054      0.189530      7.233     7.422
     9.75    49.75    2002   2.265   0.856   4.054      0.191630      7.174     7.366
     9.75    49.75    2003   2.313   0.859   4.056      0.193178      7.228     7.421
     9.75    49.75    2004   2.339   0.859   4.057      0.197374      7.255     7.452
     9.75    49.75    2005   2.358   0.855   4.055      0.200880      7.267     7.468
     9.75    49.75    2006   2.371   0.858   4.057      0.204278      7.287     7.491
     9.75    49.75    2007   2.363   0.851   4.056      0.207437      7.270     7.477
     9.75    49.75    2008   2.323   0.831   4.051      0.207862      7.205     7.413
     9.75    49.75    2009   2.381   0.835   4.053      0.207383      7.269     7.476
     9.75    49.75    2010   2.385   0.835   4.053      0.213404      7.272     7.486
     9.75    49.75    2011   2.198   0.864   4.047      0.229560      7.109     7.339
     9.75    49.75    2012   2.179   0.849   4.042      0.231331      7.070     7.301
     9.75    49.75    2013   2.167   0.857   4.042      0.235685      7.066     7.302
     9.75    49.75    2014   2.209   0.868   4.043      0.239778      7.120     7.360
     9.75    49.75    2015   2.182   0.865   4.041      0.246482      7.088     7.334
     9.75    49.75    2016   2.171   0.858   4.038      0.250558      7.067     7.317
     9.75    49.75    2017   2.179   0.849   4.035      0.254825      7.063     7.318
     9.75    49.75    2018   2.192   0.851   4.035      0.261580      7.078     7.340
     9.75    49.75    2019   2.231   0.850   4.033      0.267727      7.114     7.381
     9.75    49.75    2020   2.207   0.878   4.038      0.278113      7.123     7.401
     9.75    49.75    2021   2.147   0.888   4.043      0.290606      7.078     7.368
     9.75    49.75    2022   2.179   0.869   4.042      0.290565      7.090     7.380
     9.75    49.75    2023   2.213   0.871   4.043      0.294494      7.127     7.421
     9.75    49.75    2024   2.103   0.878   4.043      0.300527      7.024     7.325
     9.75    49.75    2025   2.100   0.856   4.044      0.299304      7.000     7.300
     9.75    49.75    2026   2.158   0.872   4.046      0.296886      7.076     7.373
     9.75    49.75    2027   2.166   0.874   4.047      0.298452      7.086     7.385
     9.75    49.75    2028   2.193   0.879   4.052      0.302324      7.123     7.425
     9.75    49.75    2029   2.160   0.882   4.051      0.309525      7.094     7.403
     9.75    49.75    2030   2.110   0.900   4.054      0.311353      7.064     7.376
     9.75    49.75    2031   2.093   0.968   4.057      0.310976      7.119     7.430
     9.75    49.75    2032   2.057   0.969   4.059      0.312960      7.084     7.397
     9.75    49.75    2033   2.076   0.952   4.062      0.314085      7.090     7.404
     9.75    49.75    2034   2.055   0.944   4.059      0.317942      7.058     7.376
     9.75    49.75    2035   2.030   0.936   4.063      0.317870      7.029     7.347
     9.75    49.75    2036   2.072   0.923   4.064      0.319828      7.060     7.379
     9.75    49.75    2037   2.019   0.925   4.063      0.324910      7.007     7.332
     9.75    49.75    2038   1.938   0.932   4.071      0.336466      6.940     7.277
     9.75    49.75    2039   1.887   0.923   4.071      0.340658      6.880     7.221
     9.75    49.75    2040   1.924   0.912   4.072      0.342868      6.908     7.251
     9.75    49.75    2041   1.947   0.920   4.074      0.341251      6.941     7.282
     9.75    49.75    2042   1.909   0.915   4.078      0.346326      6.901     7.248
     9.75    49.75    2043   1.882   0.890   4.075      0.343734      6.848     7.191
     9.75    49.75    2044   1.915   0.871   4.074      0.341188      6.861     7.202
     9.75    49.75    2045   1.904   0.871   4.073      0.341351      6.848     7.189
     9.75    49.75    2046   1.884   0.871   4.074      0.347333      6.829     7.176
     9.75    49.75    2047   1.795   0.879   4.068      0.353080      6.742     7.095
     9.75    49.75    2048   1.793   0.839   4.066      0.353812      6.698     7.052
     9.75    49.75    2049   1.832   0.832   4.061      0.350609      6.726     7.076
     9.75    49.75    2050   1.816   0.837   4.062      0.350231      6.716     7.066
     9.75    49.75    2051   1.787   0.826   4.062      0.351360      6.675     7.026
     9.75    49.75    2052   1.678   0.892   4.064      0.356192      6.634     6.990
     9.75    49.75    2053   1.703   0.859   4.066      0.356447      6.629     6.985
     9.75    49.75    2054   1.668   0.888   4.063      0.361175      6.619     6.981
     9.75    49.75    2055   1.554   0.872   4.059      0.363390      6.486     6.849
     9.75    49.75    2056   1.534   0.828   4.054      0.367990      6.416     6.784
     9.75    49.75    2057   1.515   0.903   4.048      0.363874      6.466     6.830
     9.75    49.75    2058   1.518   0.894   4.050      0.362277      6.462     6.824
     9.75    49.75    2059   1.433   0.881   4.046      0.365971      6.360     6.726
     9.75    49.75    2060   1.443   0.867   4.046      0.372028      6.356     6.728
     9.75    49.75    2061   1.403   0.891   4.043      0.369958      6.337     6.707
     9.75    49.75    2062   1.368   0.870   4.049      0.375929      6.287     6.663
     9.75    49.75    2063   1.340   0.877   4.049      0.378914      6.266     6.645
     9.75    49.75    2064   1.331   0.862   4.049      0.382539      6.243     6.625
     9.75    49.75    2065   1.358   0.849   4.048      0.379292      6.255     6.634
     9.75    49.75    2066   1.338   0.835   4.047      0.378414      6.220     6.599
     9.75    49.75    2067   1.248   0.817   4.047      0.385900      6.113     6.499
     9.75    49.75    2068   1.310   0.789   4.049      0.382988      6.147     6.530
     9.75    49.75    2069   1.225   0.847   4.040      0.380258      6.112     6.492
     9.75    49.75    2070   1.223   0.816   4.048      0.381644      6.087     6.469
     9.75    49.75    2071   1.212   0.819   4.046      0.378872      6.077     6.456
     9.75    49.75    2072   1.217   0.803   4.049      0.378474      6.069     6.447
     9.75    49.75    2073   1.215   0.798   4.050      0.374519      6.064     6.438
     9.75    49.75    2074   1.183   0.787   4.057      0.373388      6.028     6.402
     9.75    49.75    2075   1.214   0.758   4.056      0.373469      6.028     6.402
     9.75    49.75    2076   1.140   0.770   4.051      0.370179      5.962     6.333
     9.75    49.75    2077   1.182   0.733   4.057      0.367121      5.972     6.339
     9.75    49.75    2078   1.155   0.756   4.058      0.363403      5.969     6.332
     9.75    49.75    2079   1.104   0.758   4.062      0.362472      5.924     6.287
     9.75    49.75    2080   1.157   0.746   4.064      0.357572      5.966     6.324
     9.75    49.75    2081   1.153   0.759   4.065      0.353933      5.978     6.331
     9.75    49.75    2082   1.083   0.738   4.070      0.351686      5.891     6.243
     9.75    49.75    2083   1.033   0.703   4.074      0.349003      5.809     6.158
     9.75    49.75    2084   1.107   0.679   4.071      0.344881      5.857     6.202
     9.75    49.75    2085   1.036   0.713   4.065      0.341740      5.814     6.156
     9.75    49.75    2086   1.048   0.667   4.069      0.341720      5.783     6.125
     9.75    49.75    2087   0.968   0.706   4.059      0.338009      5.733     6.071
     9.75    49.75    2088   1.053   0.647   4.066      0.335694      5.766     6.102
     9.75    49.75    2089   0.964   0.692   4.055      0.332916      5.711     6.044
     9.75    49.75    2090   0.973   0.647   4.066      0.329258      5.686     6.015
     9.75    49.75    2091   0.902   0.641   4.063      0.327162      5.606     5.934
     9.75    49.75    2092   0.987   0.615   4.065      0.323909      5.667     5.991
     9.75    49.75    2093   0.890   0.659   4.056      0.319627      5.606     5.926
     9.75    49.75    2094   1.001   0.589   4.063      0.316216      5.652     5.969
     9.75    49.75    2095   0.963   0.654   4.052      0.311903      5.668     5.980
     9.75    49.75    2096   0.956   0.633   4.057      0.308146      5.647     5.955
     9.75    49.75    2097   0.945   0.636   4.057      0.304564      5.639     5.943
     9.75    49.75    2098   0.990   0.621   4.059      0.301891      5.670     5.972
     9.75    49.75    2099   0.946   0.665   4.060      0.298187      5.671     5.969
     9.75    49.75    2100   0.938   0.639   4.071      0.293905      5.649     5.943
     9.75    49.75    2101   0.917   0.626   4.073      0.289652      5.616     5.906
     9.75    49.75    2102   0.931   0.607   4.074      0.285431      5.612     5.898
     9.75    49.75    2103   0.931   0.603   4.074      0.281243      5.608     5.890
     9.75    49.75    2104   0.909   0.593   4.078      0.277090      5.580     5.857
     9.75    49.75    2105   0.977   0.559   4.074      0.272974      5.609     5.882
     9.75    49.75    2106   0.930   0.592   4.065      0.268896      5.587     5.856
     9.75    49.75    2107   0.980   0.554   4.070      0.264858      5.603     5.868
     9.75    49.75    2108   0.953   0.581   4.069      0.260861      5.603     5.864
     9.75    49.75    2109   0.964   0.549   4.072      0.256906      5.584     5.841
     9.75    49.75    2110   1.011   0.548   4.069      0.252993      5.628     5.881
     9.75    49.75    2111   0.959   0.579   4.069      0.249123      5.607     5.856
     9.75    49.75    2112   0.922   0.560   4.072      0.245296      5.554     5.799
     9.75    49.75    2113   0.902   0.528   4.073      0.241512      5.503     5.744
     9.75    49.75    2114   0.984   0.506   4.069      0.237769      5.559     5.797
     9.75    49.75    2115   0.903   0.549   4.061      0.234067      5.513     5.747
     9.75    49.75    2116   0.987   0.492   4.063      0.230406      5.543     5.774
     9.75    49.75    2117   0.908   0.538   4.051      0.226784      5.498     5.724
     9.75    49.75    2118   0.946   0.482   4.058      0.223200      5.486     5.709
     9.75    49.75    2119   0.897   0.526   4.045      0.219653      5.468     5.687
     9.75    49.75    2120   0.904   0.490   4.054      0.216142      5.448     5.664
     9.75    49.75    2121   0.835   0.480   4.050      0.212667      5.365     5.577
     9.75    49.75    2122   0.931   0.452   4.050      0.209225      5.433     5.642
     9.75    49.75    2123   0.794   0.502   4.040      0.205817      5.336     5.542
     9.75    49.75    2124   0.920   0.430   4.045      0.202441      5.395     5.598
     9.75    49.75    2125   0.880   0.506   4.032      0.199096      5.419     5.618
     9.75    49.75    2126   0.898   0.465   4.038      0.195782      5.401     5.597
     9.75    49.75    2127   0.871   0.471   4.037      0.192498      5.379     5.571
     9.75    49.75    2128   0.928   0.455   4.037      0.189245      5.420     5.610
     9.75    49.75    2129   0.910   0.485   4.036      0.186020      5.431     5.617
     9.75    49.75    2130   0.922   0.466   4.046      0.182824      5.433     5.616
    13.75    55.75    1980   3.042   1.829   4.590      0.149010      9.461     9.610
    13.75    55.75    1981   2.950   1.802   4.594      0.150674      9.347     9.497
    13.75    55.75    1982   2.937   1.781   4.597      0.152907      9.315     9.468
    13.75    55.75    1983   2.958   1.760   4.597      0.154288      9.314     9.468
    13.75    55.75    1984   3.002   1.763   4.599      0.156762      9.363     9.520
    13.75    55.75    1985   3.027   1.765   4.604      0.161130      9.396     9.558
    13.75    55.75    1986   3.013   1.784   4.613      0.165495      9.410     9.576
    13.75    55.75    1987   3.030   1.763   4.618      0.167887      9.411     9.579
    13.75    55.75    1988   3.058   1.733   4.617      0.170652      9.408     9.579
    13.75    55.75    1989   3.039   1.734   4.620      0.174826      9.393     9.568
    13.75    55.75    1990   3.083   1.726   4.625      0.177000      9.434     9.611
    13.75    55.75    1991   3.075   1.720   4.627      0.180510      9.422     9.603
    13.75    55.75    1992   3.089   1.711   4.629      0.182971      9.430     9.613
    13.75    55.75    1993   3.156   1.716   4.634      0.186589      9.507     9.693
    13.75    55.75    1994   3.175   1.714   4.636      0.193556      9.525     9.718
    13.75    55.75    1995   3.142   1.710   4.637      0.198172      9.490     9.688
    13.75    55.75    1996   3.170   1.698   4.638      0.200077      9.507     9.707
    13.75    55.75    1997   3.189   1.692   4.640      0.205026      9.521     9.726
    13.75    55.75    1998   3.199   1.686   4.641      0.210923      9.527     9.738
    13.75    55.75    1999   3.213   1.688   4.643      0.215437      9.543     9.758
    13.75    55.75    2000   3.084   1.681   4.644      0.219900      9.409     9.629
    13.75    55.75    2001   3.150   1.684   4.649      0.221785      9.483     9.705
    13.75    55.75    2002   3.112   1.692   4.655      0.229321      9.458     9.688
    13.75    55.75    2003   3.135   1.686   4.656      0.232321      9.477     9.710
    13.75    55.75    2004   3.125   1.745   4.655      0.236870      9.525     9.762
    13.75    55.75    2005   2.843   1.841   4.654      0.243902      9.339     9.583
    13.75    55.75    2006   2.752   1.820   4.658      0.246428      9.231     9.477
    13.75    55.75    2007   2.734   1.890   4.659      0.246809      9.284     9.531
    13.75    55.75    2008   2.654   1.860   4.657      0.253168      9.171     9.424
    13.75    55.75    2009   2.716   1.835   4.656      0.253228      9.207     9.461
    13.75    55.75    2010   2.802   1.807   4.655      0.256854      9.264     9.521
    13.75    55.75    2011   2.919   1.787   4.652      0.259700      9.358     9.618
    13.75    55.75    2012   2.797   1.792   4.654      0.264133      9.243     9.507
    13.75    55.75    2013   2.805   1.767   4.661      0.259915      9.233     9.493
    13.75    55.75    2014   2.950   1.725   4.665      0.255988      9.340     9.596
    13.75    55.75    2015   2.785   1.835   4.665      0.259195      9.286     9.546
    13.75    55.75    2016   2.815   1.798   4.666      0.258423      9.279     9.537
    13.75    55.75    2017   2.883   1.751   4.661      0.256659      9.295     9.552
    13.75    55.75    2018   3.003   1.735   4.662      0.257832      9.399     9.657
    13.75    55.75    2019   2.919   1.725   4.661      0.267368      9.305     9.572
    13.75    55.75    2020   3.049   1.699   4.661      0.267549      9.409     9.676
    13.75    55.75    2021   3.035   1.681   4.661      0.270863      9.376     9.647
    13.75    55.75    2022   3.038   1.667   4.661      0.275235      9.366     9.641
    13.75    55.75    2023   3.091   1.649   4.663      0.276672      9.403     9.680
    13.75    55.75    2024   2.991   1.637   4.666      0.277809      9.293     9.571
    13.75    55.75    2025   2.983   1.617   4.669      0.274049      9.270     9.544
    13.75    55.75    2026   3.103   1.576   4.669      0.270365      9.348     9.618
    13.75    55.75    2027   3.151   1.574   4.670      0.272470      9.395     9.667
    13.75    55.75    2028   3.282   1.555   4.666      0.274029      9.503     9.777
    13.75    55.75    2029   3.242   1.567   4.666      0.284056      9.476     9.760
    13.75    55.75    2030   3.257   1.543   4.665      0.285778      9.466     9.752
    13.75    55.75    2031   3.218   1.538   4.667      0.289975      9.423     9.713
    13.75    55.75    2032   3.166   1.536   4.670      0.293167      9.372     9.665
    13.75    55.75    2033   3.320   1.501   4.665      0.291858      9.486     9.778
    13.75    55.75    2034   3.376   1.487   4.656      0.299304      9.519     9.818
    13.75    55.75    2035   3.383   1.506   4.656      0.310770      9.545     9.856
    13.75    55.75    2036   3.373   1.510   4.656      0.319856      9.539     9.859
    13.75    55.75    2037   3.419   1.502   4.653      0.329565      9.574     9.903
    13.75    55.75    2038   3.327   1.529   4.658      0.341399      9.514     9.856
    13.75    55.75    2039   3.323   1.507   4.659      0.343489      9.490     9.833
    13.75    55.75    2040   3.427   1.482   4.654      0.343896      9.563     9.907
    13.75    55.75    2041   3.303   1.499   4.656      0.351501      9.458     9.809
    13.75    55.75    2042   3.272   1.481   4.656      0.354160      9.409     9.763
    13.75    55.75    2043   3.376   1.455   4.654      0.350814      9.485     9.836
    13.75    55.75    2044   3.303   1.450   4.652      0.351968      9.405     9.757
    13.75    55.75    2045   3.382   1.423   4.646      0.352420      9.451     9.804
    13.75    55.75    2046   3.397   1.419   4.640      0.353763      9.456     9.810
    13.75    55.75    2047   3.358   1.424   4.636      0.366102      9.418     9.784
    13.75    55.75    2048   3.436   1.410   4.630      0.371214      9.476     9.847
    13.75    55.75    2049   3.338   1.424   4.628      0.381746      9.389     9.771
    13.75    55.75    2050   3.369   1.419   4.628      0.387432      9.416     9.804
    13.75    55.75    2051   3.301   1.426   4.626      0.393518      9.353     9.747
    13.75    55.75    2052   3.313   1.418   4.629      0.395293      9.359     9.754
    13.75    55.75    2053   3.383   1.405   4.626      0.393025      9.413     9.807
    13.75    55.75    2054   3.325   1.407   4.623      0.399473      9.354     9.754
    13.75    55.75    2055   3.347   1.409   4.622      0.406340      9.378     9.785
    13.75    55.75    2056   3.383   1.389   4.612      0.407677      9.384     9.792
    13.75    55.75    2057   3.217   1.400   4.614      0.414104      9.230     9.644
    13.75    55.75    2058   3.353   1.362   4.612      0.409435      9.326     9.735
    13.75    55.75    2059   3.325   1.364   4.599      0.412870      9.288     9.701
    13.75    55.75    2060   3.262   1.385   4.596      0.417973      9.242     9.660
    13.75    55.75    2061   3.277   1.393   4.597      0.426998      9.267     9.694
    13.75    55.75    2062   3.252   1.400   4.598      0.428299      9.251     9.679
    13.75    55.75    2063   3.062   1.430   4.604      0.445407      9.096     9.542
    13.75    55.75    2064   3.109   1.398   4.601      0.445271      9.109     9.554
    13.75    55.75    2065   3.004   1.402   4.596      0.448902      9.003     9.452
    13.75    55.75    2066   3.064   1.388   4.598      0.449824      9.049     9.499
    13.75    55.75    2067   2.982   1.397   4.595      0.455490      8.974     9.429
    13.75    55.75    2068   2.894   1.457   4.599      0.457711      8.950     9.408
    13.75    55.75    2069   2.916   1.448   4.600      0.459067      8.965     9.424
    13.75    55.75    2070   2.891   1.454   4.601      0.467588      8.946     9.414
    13.75    55.75    2071   2.801   1.459   4.606      0.468611      8.865     9.334
    13.75    55.75    2072   2.850   1.424   4.610      0.468341      8.883     9.352
    13.75    55.75    2073   2.843   1.440   4.609      0.467558      8.892     9.360
    13.75    55.75    2074   2.727   1.447   4.619      0.474263      8.793     9.267
    13.75    55.75    2075   2.771   1.410   4.616      0.477306      8.797     9.274
    13.75    55.75    2076   2.799   1.421   4.612      0.475501      8.833     9.308
    13.75    55.75    2077   2.791   1.412   4.611      0.487162      8.813     9.301
    13.75    55.75    2078   2.666   1.447   4.618      0.487895      8.730     9.218
    13.75    55.75    2079   2.594   1.407   4.627      0.493159      8.628     9.122
    13.75    55.75    2080   2.608   1.393   4.624      0.491790      8.626     9.117
    13.75    55.75    2081   2.606   1.377   4.622      0.488332      8.606     9.094
    13.75    55.75    2082   2.653   1.360   4.623      0.484738      8.636     9.121
    13.75    55.75    2083   2.618   1.380   4.628      0.480534      8.626     9.107
    13.75    55.75    2084   2.545   1.379   4.639      0.486512      8.563     9.049
    13.75    55.75    2085   2.660   1.364   4.639      0.484289      8.664     9.148
    13.75    55.75    2086   2.503   1.433   4.638      0.488282      8.574     9.062
    13.75    55.75    2087   2.486   1.409   4.645      0.491538      8.540     9.031
    13.75    55.75    2088   2.407   1.417   4.646      0.486747      8.470     8.957
    13.75    55.75    2089   2.403   1.374   4.651      0.489867      8.428     8.918
    13.75    55.75    2090   2.431   1.370   4.645      0.484907      8.447     8.932
    13.75    55.75    2091   2.449   1.374   4.651      0.487258      8.474     8.961
    13.75    55.75    2092   2.342   1.414   4.655      0.498267      8.411     8.909
    13.75    55.75    2093   2.372   1.403   4.663      0.500299      8.438     8.938
    13.75    55.75    2094   2.255   1.423   4.666      0.507452      8.344     8.852
    13.75    55.75    2095   2.304   1.389   4.672      0.513410      8.364     8.877
    13.75    55.75    2096   2.211   1.422   4.668      0.510286      8.302     8.812
    13.75    55.75    2097   2.322   1.366   4.681      0.509218      8.369     8.878
    13.75    55.75    2098   2.193   1.408   4.679      0.504609      8.279     8.784
    13.75    55.75    2099   2.302   1.312   4.690      0.499627      8.303     8.803
    13.75    55.75    2100   2.288   1.356   4.684      0.495269      8.328     8.823
    13.75    55.75    2101   2.152   1.354   4.697      0.501373      8.203     8.705
    13.75    55.75    2102   2.180   1.309   4.701      0.503089      8.189     8.692
    13.75    55.75    2103   2.122   1.381   4.699      0.497675      8.202     8.700
    13.75    55.75    2104   2.067   1.357   4.712      0.494192      8.136     8.630
    13.75    55.75    2105   2.169   1.297   4.707      0.487571      8.173     8.660
    13.75    55.75    2106   2.173   1.328   4.700      0.482705      8.201     8.683
    13.75    55.75    2107   2.222   1.296   4.701      0.479906      8.218     8.698
    13.75    55.75    2108   1.916   1.346   4.711      0.488672      7.973     8.462
    13.75    55.75    2109   1.930   1.253   4.724      0.483702      7.906     8.390
    13.75    55.75    2110   1.985   1.237   4.711      0.477015      7.933     8.410
    13.75    55.75    2111   1.955   1.241   4.707      0.471159      7.904     8.375
    13.75    55.75    2112   1.994   1.211   4.710      0.469418      7.915     8.385
    13.75    55.75    2113   1.925   1.240   4.712      0.463648      7.877     8.341
    13.75    55.75    2114   1.932   1.204   4.724      0.462272      7.859     8.321
    13.75    55.75    2115   2.044   1.197   4.719      0.458340      7.960     8.419
    13.75    55.75    2116   1.936   1.243   4.714      0.454104      7.893     8.347
    13.75    55.75    2117   1.958   1.187   4.723      0.459825      7.869     8.328
    13.75    55.75    2118   1.884   1.218   4.721      0.453660      7.824     8.277
    13.75    55.75    2119   1.883   1.150   4.723      0.447563      7.755     8.203
    13.75    55.75    2120   1.903   1.154   4.714      0.441528      7.771     8.213
    13.75    55.75    2121   1.938   1.157   4.719      0.439102      7.814     8.253
    13.75    55.75    2122   1.824   1.196   4.723      0.451215      7.743     8.194
    13.75    55.75    2123   1.910   1.165   4.729      0.445354      7.803     8.249
    13.75    55.75    2124   1.821   1.196   4.729      0.440384      7.747     8.187
    13.75    55.75    2125   1.928   1.135   4.736      0.439679      7.800     8.239
    13.75    55.75    2126   1.820   1.193   4.726      0.433949      7.739     8.173
    13.75    55.75    2127   1.968   1.115   4.740      0.428250      7.822     8.251
    13.75    55.75    2128   1.780   1.205   4.734      0.422579      7.719     8.142
    13.75    55.75    2129   1.929   1.075   4.743      0.416935      7.747     8.164
    13.75    55.75    2130   1.816   1.150   4.730      0.411318      7.696     8.108
    23.75    61.75    1980   4.616   4.717  16.665      0.650136     25.998    26.648
    23.75    61.75    1981   4.669   4.718  16.668      0.660527     26.054    26.715
    23.75    61.75    1982   4.674   4.729  16.672      0.670408     26.075    26.746
    23.75    61.75    1983   4.738   4.772  16.684      0.679147     26.193    26.873
    23.75    61.75    1984   4.539   4.827  16.675      0.695307     26.040    26.735
    23.75    61.75    1985   4.586   4.778  16.669      0.703496     26.032    26.736
    23.75    61.75    1986   4.490   4.811  16.674      0.714783     25.975    26.690
    23.75    61.75    1987   4.574   4.744  16.669      0.725526     25.987    26.713
    23.75    61.75    1988   4.539   4.698  16.656      0.737342     25.893    26.631
    23.75    61.75    1989   4.577   4.719  16.661      0.745979     25.957    26.703
    23.75    61.75    1990   4.597   4.679  16.660      0.759002     25.936    26.695
    23.75    61.75    1991   4.634   4.692  16.663      0.773478     25.989    26.763
    23.75    61.75    1992   4.602   4.786  16.660      0.782928     26.048    26.831
    23.75    61.75    1993   4.669   4.779  16.663      0.788564     26.111    26.899
    23.75    61.75    1994   4.688   4.718  16.655      0.797509     26.061    26.859
    23.75    61.75    1995   4.751   4.671  16.649      0.809426     26.071    26.880
    23.75    61.75    1996   4.738   4.670  16.646      0.824601     26.054    26.879
    23.75    61.75    1997   4.743   4.612  16.636      0.834502     25.991    26.826
    23.75    61.75    1998   4.803   4.597  16.628      0.841374     26.029    26.871
    23.75    61.75    1999   4.927   4.546  16.615      0.855144     26.087    26.942
    23.75    61.75    2000   4.958   4.541  16.606      0.868451     26.105    26.974
    23.75    61.75    2001   4.969   4.565  16.609      0.882072     26.143    27.025
    23.75    61.75    2002   5.029   4.550  16.609      0.888831     26.188    27.077
    23.75    61.75    2003   4.999   4.554  16.611      0.902980     26.164    27.067
    23.75    61.75    2004   5.094   4.459  16.591      0.910977     26.144    27.055
    23.75    61.75    2005   5.160   4.405  16.570      0.924710     26.135    27.060
    23.75    61.75    2006   5.137   4.435  16.567      0.946619     26.138    27.085
    23.75    61.75    2007   5.175   4.354  16.543      0.958528     26.071    27.030
    23.75    61.75    2008   5.214   4.326  16.530      0.970889     26.069    27.040
    23.75    61.75    2009   5.254   4.304  16.516      0.986220     26.074    27.060
    23.75    61.75    2010   5.344   4.309  16.509      1.000151     26.162    27.162
    23.75    61.75    2011   5.021   4.415  16.503      1.084718     25.938    27.023
    23.75    61.75    2012   4.960   4.444  16.493      1.113342     25.897    27.010
    23.75    61.75    2013   4.895   4.517  16.501      1.135938     25.913    27.049
    23.75    61.75    2014   4.984   4.460  16.497      1.138166     25.941    27.079
    23.75    61.75    2015   4.736   4.434  16.473      1.187235     25.643    26.830
    23.75    61.75    2016   4.677   4.432  16.465      1.211586     25.574    26.786
    23.75    61.75    2017   4.575   4.490  16.470      1.231551     25.536    26.767
    23.75    61.75    2018   4.516   4.437  16.459      1.257496     25.412    26.670
    23.75    61.75    2019   4.615   4.374  16.446      1.257125     25.435    26.692
    23.75    61.75    2020   4.656   4.341  16.432      1.268990     25.429    26.698
    23.75    61.75    2021   4.700   4.281  16.410      1.282483     25.390    26.673
    23.75    61.75    2022   4.805   4.230  16.390      1.286029     25.424    26.710
    23.75    61.75    2023   4.812   4.250  16.387      1.297597     25.449    26.747
    23.75    61.75    2024   4.725   4.280  16.389      1.330281     25.393    26.723
    23.75    61.75    2025   4.585   4.309  16.390      1.355077     25.284    26.639
    23.75    61.75    2026   4.585   4.294  16.390      1.364878     25.269    26.634
    23.75    61.75    2027   4.635   4.265  16.385      1.367847     25.285    26.653
    23.75    61.75    2028   4.684   4.224  16.374      1.375191     25.282    26.657
    23.75    61.75    2029   4.682   4.223  16.369      1.383964     25.274    26.658
    23.75    61.75    2030   4.674   4.265  16.378      1.389462     25.317    26.707
    23.75    61.75    2031   4.700   4.250  16.385      1.389763     25.335    26.724
    23.75    61.75    2032   4.769   4.180  16.378      1.384804     25.327    26.712
    23.75    61.75    2033   4.743   4.123  16.354      1.400643     25.221    26.621
    23.75    61.75    2034   4.537   4.190  16.359      1.422502     25.087    26.509
    23.75    61.75    2035   4.571   4.093  16.340      1.436729     25.004    26.441
    23.75    61.75    2036   4.492   4.126  16.332      1.449913     24.950    26.400
    23.75    61.75    2037   4.553   4.099  16.331      1.447048     24.984    26.431
    23.75    61.75    2038   4.600   4.104  16.336      1.438243     25.040    26.479
    23.75    61.75    2039   4.619   4.146  16.329      1.431873     25.094    26.525
    23.75    61.75    2040   4.693   4.100  16.316      1.427738     25.109    26.536
    23.75    61.75    2041   4.668   4.099  16.314      1.431065     25.081    26.512
    23.75    61.75    2042   4.483   4.142  16.311      1.439976     24.936    26.376
    23.75    61.75    2043   4.510   4.122  16.310      1.440888     24.941    26.382
    23.75    61.75    2044   4.237   4.164  16.308      1.481685     24.709    26.191
    23.75    61.75    2045   4.153   4.213  16.301      1.488775     24.667    26.156
    23.75    61.75    2046   4.102   4.204  16.295      1.493943     24.602    26.095
    23.75    61.75    2047   4.203   4.129  16.282      1.494831     24.614    26.109
    23.75    61.75    2048   4.251   4.093  16.261      1.490597     24.605    26.095
    23.75    61.75    2049   4.196   4.138  16.271      1.500056     24.604    26.104
    23.75    61.75    2050   4.009   4.148  16.277      1.528720     24.434    25.963
    23.75    61.75    2051   4.015   4.094  16.273      1.525847     24.382    25.908
    23.75    61.75    2052   3.943   4.089  16.273      1.535182     24.305    25.840
    23.75    61.75    2053   3.978   4.036  16.263      1.532950     24.277    25.810
    23.75    61.75    2054   3.873   3.987  16.246      1.538586     24.106    25.644
    23.75    61.75    2055   3.914   3.975  16.246      1.544837     24.135    25.680
    23.75    61.75    2056   3.904   3.924  16.226      1.532779     24.054    25.587
    23.75    61.75    2057   3.944   3.951  16.242      1.526219     24.137    25.663
    23.75    61.75    2058   3.901   3.903  16.230      1.533377     24.034    25.567
    23.75    61.75    2059   3.953   3.807  16.199      1.528376     23.959    25.487
    23.75    61.75    2060   3.876   3.818  16.194      1.527634     23.887    25.415
    23.75    61.75    2061   3.754   3.889  16.193      1.533211     23.835    25.368
    23.75    61.75    2062   3.790   3.854  16.187      1.523376     23.832    25.355
    23.75    61.75    2063   3.710   3.836  16.183      1.532261     23.729    25.262
    23.75    61.75    2064   3.652   3.852  16.186      1.540184     23.690    25.231
    23.75    61.75    2065   3.609   3.813  16.170      1.549189     23.593    25.142
    23.75    61.75    2066   3.547   3.843  16.173      1.556241     23.563    25.119
    23.75    61.75    2067   3.440   3.834  16.178      1.552993     23.452    25.005
    23.75    61.75    2068   3.382   3.794  16.189      1.547874     23.364    24.912
    23.75    61.75    2069   3.426   3.755  16.186      1.549009     23.368    24.917
    23.75    61.75    2070   3.333   3.754  16.168      1.554358     23.255    24.809
    23.75    61.75    2071   3.375   3.736  16.176      1.541512     23.287    24.829
    23.75    61.75    2072   3.263   3.780  16.183      1.559974     23.226    24.786
    23.75    61.75    2073   3.079   3.827  16.191      1.566844     23.098    24.665
    23.75    61.75    2074   3.012   3.841  16.213      1.581219     23.066    24.648
    23.75    61.75    2075   2.831   3.856  16.215      1.582185     22.902    24.484
    23.75    61.75    2076   2.908   3.745  16.213      1.568091     22.866    24.434
    23.75    61.75    2077   2.826   3.734  16.207      1.561033     22.767    24.328
    23.75    61.75    2078   2.656   3.747  16.219      1.551712     22.623    24.174
    23.75    61.75    2079   2.695   3.716  16.245      1.544689     22.656    24.201
    23.75    61.75    2080   2.692   3.683  16.239      1.534923     22.615    24.150
    23.75    61.75    2081   2.718   3.656  16.243      1.521542     22.617    24.138
    23.75    61.75    2082   2.630   3.685  16.256      1.511550     22.572    24.083
    23.75    61.75    2083   2.674   3.600  16.261      1.495162     22.534    24.030
    23.75    61.75    2084   2.471   3.673  16.274      1.505492     22.417    23.923
    23.75    61.75    2085   2.579   3.575  16.273      1.486637     22.427    23.913
    23.75    61.75    2086   2.620   3.615  16.280      1.468083     22.515    23.984
    23.75    61.75    2087   2.522   3.583  16.277      1.460780     22.382    23.843
    23.75    61.75    2088   2.416   3.562  16.297      1.451194     22.275    23.726
    23.75    61.75    2089   2.385   3.488  16.295      1.432753     22.168    23.601
    23.75    61.75    2090   2.518   3.367  16.276      1.413970     22.161    23.575
    23.75    61.75    2091   2.537   3.399  16.266      1.395291     22.202    23.597
    23.75    61.75    2092   2.522   3.445  16.289      1.388174     22.256    23.644
    23.75    61.75    2093   2.366   3.455  16.297      1.390256     22.118    23.508
    23.75    61.75    2094   2.379   3.400  16.310      1.373230     22.089    23.462
    23.75    61.75    2095   2.398   3.352  16.305      1.364224     22.055    23.420
    23.75    61.75    2096   2.261   3.372  16.311      1.346071     21.944    23.290
    23.75    61.75    2097   2.498   3.215  16.304      1.328038     22.017    23.345
    23.75    61.75    2098   2.410   3.300  16.282      1.310122     21.992    23.302
    23.75    61.75    2099   2.416   3.262  16.306      1.292322     21.984    23.276
    23.75    61.75    2100   2.390   3.165  16.293      1.274642     21.847    23.122
    23.75    61.75    2101   2.431   3.146  16.301      1.257084     21.877    23.134
    23.75    61.75    2102   2.506   3.137  16.304      1.239654     21.947    23.187
    23.75    61.75    2103   2.425   3.172  16.313      1.222357     21.910    23.133
    23.75    61.75    2104   2.509   3.137  16.335      1.205198     21.980    23.185
    23.75    61.75    2105   2.446   3.127  16.332      1.188183     21.905    23.093
    23.75    61.75    2106   2.533   3.025  16.326      1.171314     21.884    23.055
    23.75    61.75    2107   2.537   3.004  16.308      1.154595     21.849    23.003
    23.75    61.75    2108   2.381   3.007  16.316      1.138028     21.704    22.842
    23.75    61.75    2109   2.444   2.954  16.340      1.121612     21.737    22.858
    23.75    61.75    2110   2.488   2.955  16.330      1.105347     21.772    22.877
    23.75    61.75    2111   2.423   3.034  16.329      1.089233     21.785    22.875
    23.75    61.75    2112   2.340   3.042  16.340      1.073267     21.722    22.796
    23.75    61.75    2113   2.368   2.946  16.341      1.057446     21.654    22.712
    23.75    61.75    2114   2.408   2.971  16.348      1.041768     21.727    22.769
    23.75    61.75    2115   2.459   2.953  16.344      1.026229     21.756    22.782
    23.75    61.75    2116   2.432   2.983  16.354      1.010826     21.768    22.779
    23.75    61.75    2117   2.377   2.950  16.345      0.995555     21.672    22.668
    23.75    61.75    2118   2.411   2.938  16.368      0.980412     21.717    22.697
    23.75    61.75    2119   2.263   2.883  16.360      0.965396     21.506    22.471
    23.75    61.75    2120   2.387   2.769  16.342      0.950501     21.498    22.449
    23.75    61.75    2121   2.267   2.829  16.330      0.935726     21.426    22.361
    23.75    61.75    2122   2.322   2.823  16.348      0.921068     21.493    22.414
    23.75    61.75    2123   2.270   2.817  16.345      0.906525     21.432    22.338
    23.75    61.75    2124   2.276   2.770  16.354      0.892094     21.400    22.292
    23.75    61.75    2125   2.353   2.720  16.345      0.877775     21.418    22.296
    23.75    61.75    2126   2.229   2.779  16.351      0.863565     21.360    22.223
    23.75    61.75    2127   2.445   2.644  16.342      0.849465     21.431    22.280
    23.75    61.75    2128   2.336   2.728  16.314      0.835473     21.379    22.214
    23.75    61.75    2129   2.332   2.693  16.337      0.821589     21.362    22.183
    23.75    61.75    2130   2.307   2.597  16.316      0.807813     21.221    22.028
    21.75    37.75    1980   1.080   0.290   2.702      0.027296      4.071     4.099
    21.75    37.75    1981   0.987   0.302   2.700      0.027617      3.989     4.016
    21.75    37.75    1982   0.977   0.288   2.699      0.027321      3.964     3.991
    21.75    37.75    1983   1.080   0.277   2.697      0.027022      4.054     4.081
    21.75    37.75    1984   1.046   0.299   2.689      0.028040      4.034     4.062
    21.75    37.75    1985   1.029   0.284   2.690      0.027821      4.003     4.031
    21.75    37.75    1986   1.179   0.271   2.688      0.027545      4.138     4.166
    21.75    37.75    1987   1.183   0.301   2.685      0.031273      4.170     4.201
    21.75    37.75    1988   1.196   0.294   2.688      0.032248      4.178     4.211
    21.75    37.75    1989   1.159   0.294   2.688      0.032065      4.141     4.173
    21.75    37.75    1990   1.186   0.275   2.690      0.031855      4.151     4.183
    21.75    37.75    1991   1.027   0.299   2.687      0.033023      4.013     4.046
    21.75    37.75    1992   1.076   0.276   2.687      0.032789      4.039     4.072
    21.75    37.75    1993   1.108   0.298   2.682      0.033047      4.088     4.122
    21.75    37.75    1994   1.159   0.299   2.676      0.035079      4.135     4.170
    21.75    37.75    1995   1.204   0.308   2.676      0.036954      4.189     4.226
    21.75    37.75    1996   1.179   0.304   2.675      0.037434      4.158     4.195
    21.75    37.75    1997   1.224   0.290   2.676      0.037240      4.190     4.227
    21.75    37.75    1998   1.222   0.290   2.677      0.037207      4.189     4.227
    21.75    37.75    1999   1.203   0.285   2.674      0.037023      4.162     4.199
    21.75    37.75    2000   1.262   0.273   2.672      0.036833      4.206     4.243
    21.75    37.75    2001   1.226   0.286   2.668      0.037332      4.180     4.218
    21.75    37.75    2002   1.244   0.279   2.670      0.039420      4.193     4.232
    21.75    37.75    2003   1.249   0.291   2.667      0.041020      4.206     4.247
    21.75    37.75    2004   1.233   0.285   2.667      0.042987      4.184     4.227
    21.75    37.75    2005   1.294   0.287   2.666      0.043279      4.247     4.290
    21.75    37.75    2006   1.285   0.305   2.666      0.044285      4.256     4.300
    21.75    37.75    2007   1.169   0.385   2.669      0.044621      4.223     4.268
    21.75    37.75    2008   1.229   0.353   2.675      0.045278      4.257     4.302
    21.75    37.75    2009   1.272   0.371   2.675      0.046134      4.318     4.364
    21.75    37.75    2010   1.051   0.447   2.678      0.048613      4.176     4.224
    21.75    37.75    2011   1.035   0.373   2.678      0.047897      4.086     4.134
    21.75    37.75    2012   1.053   0.357   2.673      0.047197      4.082     4.129
    21.75    37.75    2013   1.107   0.360   2.669      0.046685      4.136     4.182
    21.75    37.75    2014   1.130   0.368   2.670      0.046513      4.169     4.215
    21.75    37.75    2015   1.065   0.374   2.675      0.046997      4.114     4.161
    21.75    37.75    2016   1.165   0.327   2.684      0.046318      4.175     4.222
    21.75    37.75    2017   1.108   0.345   2.680      0.048550      4.134     4.182
    21.75    37.75    2018   1.117   0.340   2.685      0.047790      4.142     4.190
    21.75    37.75    2019   1.010   0.330   2.684      0.047931      4.025     4.072
    21.75    37.75    2020   1.024   0.290   2.684      0.047168      3.998     4.045
    21.75    37.75    2021   1.088   0.284   2.675      0.046421      4.047     4.094
    21.75    37.75    2022   1.044   0.298   2.668      0.046628      4.010     4.057
    21.75    37.75    2023   1.089   0.271   2.668      0.045884      4.028     4.074
    21.75    37.75    2024   1.148   0.278   2.666      0.045928      4.092     4.138
    21.75    37.75    2025   1.164   0.306   2.666      0.047276      4.136     4.183
    21.75    37.75    2026   1.081   0.302   2.671      0.047665      4.054     4.101
    21.75    37.75    2027   1.143   0.279   2.675      0.047019      4.097     4.144
    21.75    37.75    2028   1.103   0.290   2.670      0.046486      4.063     4.110
    21.75    37.75    2029   1.051   0.281   2.671      0.045840      4.004     4.050
    21.75    37.75    2030   1.175   0.276   2.672      0.045805      4.122     4.168
    21.75    37.75    2031   1.160   0.328   2.672      0.046808      4.160     4.207
    21.75    37.75    2032   1.218   0.294   2.685      0.047128      4.197     4.245
    21.75    37.75    2033   1.163   0.298   2.686      0.048632      4.147     4.195
    21.75    37.75    2034   1.259   0.272   2.686      0.048033      4.217     4.266
    21.75    37.75    2035   1.219   0.307   2.684      0.048354      4.211     4.259
    21.75    37.75    2036   1.218   0.278   2.689      0.047789      4.185     4.233
    21.75    37.75    2037   1.208   0.271   2.687      0.047244      4.165     4.212
    21.75    37.75    2038   1.212   0.271   2.682      0.046799      4.165     4.212
    21.75    37.75    2039   1.265   0.266   2.681      0.046427      4.212     4.259
    21.75    37.75    2040   1.224   0.282   2.678      0.046542      4.185     4.231
    21.75    37.75    2041   1.336   0.259   2.681      0.046088      4.275     4.321
    21.75    37.75    2042   1.289   0.289   2.675      0.047291      4.253     4.300
    21.75    37.75    2043   1.309   0.269   2.676      0.046911      4.254     4.301
    21.75    37.75    2044   1.327   0.264   2.673      0.047308      4.264     4.312
    21.75    37.75    2045   1.311   0.262   2.670      0.047315      4.242     4.290
    21.75    37.75    2046   1.341   0.272   2.666      0.046888      4.279     4.326
    21.75    37.75    2047   1.317   0.272   2.665      0.046787      4.254     4.301
    21.75    37.75    2048   1.364   0.271   2.663      0.046329      4.298     4.344
    21.75    37.75    2049   1.373   0.283   2.660      0.046745      4.316     4.363
    21.75    37.75    2050   1.315   0.281   2.660      0.047746      4.256     4.304
    21.75    37.75    2051   1.261   0.277   2.658      0.047309      4.196     4.243
    21.75    37.75    2052   1.358   0.257   2.657      0.046893      4.272     4.319
    21.75    37.75    2053   1.258   0.294   2.650      0.047360      4.202     4.249
    21.75    37.75    2054   1.286   0.263   2.653      0.047000      4.201     4.248
    21.75    37.75    2055   1.299   0.286   2.646      0.047653      4.231     4.278
    21.75    37.75    2056   1.316   0.284   2.646      0.048779      4.247     4.296
    21.75    37.75    2057   1.294   0.289   2.648      0.048661      4.231     4.280
    21.75    37.75    2058   1.342   0.267   2.651      0.048290      4.260     4.308
    21.75    37.75    2059   1.285   0.284   2.648      0.048539      4.216     4.265
    21.75    37.75    2060   1.250   0.276   2.646      0.048339      4.172     4.220
    21.75    37.75    2061   1.209   0.277   2.643      0.048063      4.129     4.177
    21.75    37.75    2062   1.259   0.276   2.643      0.047812      4.178     4.226
    21.75    37.75    2063   1.381   0.291   2.643      0.047555      4.315     4.363
    21.75    37.75    2064   1.365   0.328   2.645      0.048107      4.338     4.386
    21.75    37.75    2065   1.384   0.300   2.656      0.048319      4.340     4.389
    21.75    37.75    2066   1.397   0.307   2.659      0.048403      4.363     4.412
    21.75    37.75    2067   1.355   0.300   2.661      0.050044      4.315     4.365
    21.75    37.75    2068   1.431   0.297   2.663      0.049650      4.391     4.441
    21.75    37.75    2069   1.138   0.396   2.661      0.050418      4.196     4.246
    21.75    37.75    2070   1.185   0.322   2.668      0.050008      4.175     4.225
    21.75    37.75    2071   1.231   0.323   2.657      0.049679      4.210     4.260
    21.75    37.75    2072   1.259   0.334   2.652      0.049701      4.245     4.295
    21.75    37.75    2073   1.232   0.341   2.654      0.050172      4.227     4.277
    21.75    37.75    2074   1.153   0.328   2.658      0.051998      4.139     4.191
    21.75    37.75    2075   1.203   0.312   2.658      0.051945      4.174     4.226
    21.75    37.75    2076   1.251   0.315   2.656      0.052114      4.222     4.274
    21.75    37.75    2077   1.243   0.329   2.657      0.051812      4.228     4.280
    21.75    37.75    2078   1.292   0.315   2.663      0.051462      4.270     4.321
    21.75    37.75    2079   1.364   0.330   2.666      0.052306      4.361     4.413
    21.75    37.75    2080   1.323   0.346   2.673      0.055920      4.342     4.398
    21.75    37.75    2081   1.395   0.334   2.680      0.055657      4.409     4.464
    21.75    37.75    2082   1.193   0.392   2.682      0.057245      4.267     4.324
    21.75    37.75    2083   1.231   0.328   2.688      0.056742      4.247     4.304
    21.75    37.75    2084   1.243   0.332   2.680      0.056512      4.256     4.312
    21.75    37.75    2085   1.264   0.327   2.676      0.056212      4.267     4.323
    21.75    37.75    2086   1.272   0.330   2.672      0.056377      4.273     4.329
    21.75    37.75    2087   1.300   0.317   2.671      0.056126      4.288     4.344
    21.75    37.75    2088   1.294   0.324   2.667      0.055908      4.285     4.341
    21.75    37.75    2089   1.370   0.317   2.670      0.056199      4.357     4.413
    21.75    37.75    2090   1.263   0.358   2.668      0.059069      4.290     4.349
    21.75    37.75    2091   1.264   0.331   2.675      0.058459      4.270     4.328
    21.75    37.75    2092   1.259   0.327   2.675      0.057805      4.261     4.319
    21.75    37.75    2093   1.178   0.324   2.674      0.057206      4.175     4.233
    21.75    37.75    2094   1.240   0.307   2.674      0.056550      4.220     4.277
    21.75    37.75    2095   1.036   0.378   2.670      0.055925      4.083     4.139
    21.75    37.75    2096   1.022   0.333   2.676      0.066100      4.032     4.098
    21.75    37.75    2097   1.045   0.338   2.664      0.065398      4.047     4.113
    21.75    37.75    2098   1.093   0.349   2.661      0.064982      4.103     4.168
    21.75    37.75    2099   1.118   0.373   2.663      0.065765      4.154     4.220
    21.75    37.75    2100   1.114   0.388   2.672      0.065714      4.174     4.239
    21.75    37.75    2101   1.038   0.372   2.682      0.065091      4.092     4.157
    21.75    37.75    2102   1.086   0.328   2.686      0.064453      4.100     4.165
    21.75    37.75    2103   1.106   0.341   2.682      0.064036      4.129     4.193
    21.75    37.75    2104   1.062   0.337   2.683      0.063902      4.082     4.146
    21.75    37.75    2105   1.073   0.320   2.683      0.063165      4.076     4.139
    21.75    37.75    2106   1.136   0.317   2.680      0.062563      4.133     4.196
    21.75    37.75    2107   1.107   0.344   2.678      0.062652      4.130     4.192
    21.75    37.75    2108   1.203   0.323   2.684      0.062064      4.210     4.272
    21.75    37.75    2109   1.234   0.353   2.685      0.062587      4.272     4.335
    21.75    37.75    2110   1.222   0.352   2.692      0.064171      4.265     4.330
    21.75    37.75    2111   1.269   0.347   2.698      0.064418      4.314     4.378
    21.75    37.75    2112   1.102   0.380   2.699      0.065222      4.182     4.247
    21.75    37.75    2113   1.138   0.321   2.704      0.065310      4.162     4.228
    21.75    37.75    2114   1.116   0.330   2.695      0.064550      4.141     4.206
    21.75    37.75    2115   1.177   0.318   2.691      0.063842      4.186     4.249
    21.75    37.75    2116   1.133   0.341   2.685      0.063629      4.159     4.223
    21.75    37.75    2117   1.178   0.311   2.686      0.063232      4.176     4.239
    21.75    37.75    2118   1.181   0.328   2.680      0.062442      4.188     4.251
    21.75    37.75    2119   1.268   0.318   2.681      0.062278      4.267     4.330
    21.75    37.75    2120   1.146   0.350   2.678      0.063223      4.175     4.238
    21.75    37.75    2121   1.172   0.317   2.683      0.062570      4.172     4.235
    21.75    37.75    2122   1.171   0.311   2.679      0.061850      4.161     4.223
    21.75    37.75    2123   1.138   0.317   2.676      0.061077      4.132     4.193
    21.75    37.75    2124   1.169   0.304   2.677      0.060341      4.149     4.210
    21.75    37.75    2125   1.026   0.357   2.673      0.060814      4.056     4.116
    21.75    37.75    2126   1.035   0.309   2.676      0.063972      4.021     4.085
    21.75    37.75    2127   1.098   0.315   2.665      0.065051      4.078     4.143
    21.75    37.75    2128   1.123   0.339   2.661      0.064514      4.122     4.187
    21.75    37.75    2129   1.166   0.349   2.665      0.064987      4.180     4.245
    21.75    37.75    2130   1.166   0.366   2.671      0.065728      4.202     4.268
