      Lon      Lat    Year      CH LAI_Sum LAI_Win      z0  z0_Win
     9.75    49.75    1980    8.14    3.94    1.48    0.46    0.83
     9.75    49.75    1981    8.10    3.91    1.45    0.46    0.83
     9.75    49.75    1982    8.16    3.92    1.48    0.46    0.83
     9.75    49.75    1983    8.31    4.03    1.50    0.47    0.85
     9.75    49.75    1984    8.27    4.00    1.53    0.47    0.83
     9.75    49.75    1985    8.29    4.01    1.53    0.47    0.84
     9.75    49.75    1986    8.14    3.88    1.45    0.47    0.83
     9.75    49.75    1987    8.34    4.00    1.49    0.47    0.85
     9.75    49.75    1988    8.05    3.81    1.41    0.47    0.82
     9.75    49.75    1989    8.34    3.97    1.46    0.48    0.85
     9.75    49.75    1990    8.38    3.98    1.47    0.48    0.86
     9.75    49.75    1991    8.53    4.10    1.49    0.48    0.87
     9.75    49.75    1992    8.54    4.11    1.51    0.48    0.87
     9.75    49.75    1993    8.68    4.15    1.51    0.49    0.89
     9.75    49.75    1994    8.63    4.09    1.47    0.49    0.88
     9.75    49.75    1995    8.90    4.22    1.54    0.50    0.91
     9.75    49.75    1996    8.80    4.13    1.51    0.50    0.90
     9.75    49.75    1997    9.06    4.29    1.56    0.50    0.93
     9.75    49.75    1998    8.98    4.25    1.52    0.50    0.92
     9.75    49.75    1999    8.92    4.16    1.49    0.51    0.92
     9.75    49.75    2000    9.34    4.42    1.57    0.52    0.96
     9.75    49.75    2001    9.27    4.35    1.54    0.51    0.95
     9.75    49.75    2002    9.25    4.28    1.49    0.52    0.96
     9.75    49.75    2003    9.46    4.40    1.56    0.52    0.97
     9.75    49.75    2004    9.46    4.38    1.58    0.52    0.96
     9.75    49.75    2005    9.53    4.41    1.56    0.53    0.98
     9.75    49.75    2006    9.45    4.31    1.51    0.53    0.97
     9.75    49.75    2007    9.58    4.33    1.52    0.53    0.99
     9.75    49.75    2008    9.59    4.30    1.52    0.54    0.99
     9.75    49.75    2009    9.64    4.30    1.51    0.54    1.00
     9.75    49.75    2010    9.43    4.10    1.43    0.54    0.98
     9.75    49.75    2011    9.18    4.01    1.40    0.52    0.95
     9.75    49.75    2012    9.44    4.23    1.48    0.52    0.98
     9.75    49.75    2013    9.26    4.18    1.48    0.51    0.95
     9.75    49.75    2014    9.14    4.18    1.47    0.50    0.93
     9.75    49.75    2015    8.95    4.09    1.39    0.50    0.92
     9.75    49.75    2016    9.03    4.18    1.42    0.50    0.93
     9.75    49.75    2017    8.60    3.85    1.33    0.49    0.88
     9.75    49.75    2018    8.76    3.93    1.31    0.50    0.90
     9.75    49.75    2019    8.82    3.95    1.29    0.51    0.91
     9.75    49.75    2020    9.31    4.26    1.36    0.52    0.97
     9.75    49.75    2021    9.43    4.37    1.36    0.52    0.98
     9.75    49.75    2022    9.27    4.26    1.35    0.52    0.95
     9.75    49.75    2023    8.82    3.97    1.20    0.50    0.92
     9.75    49.75    2024    9.13    4.13    1.23    0.51    0.96
     9.75    49.75    2025    8.87    3.87    1.16    0.52    0.93
     9.75    49.75    2026    9.45    4.24    1.22    0.53    1.01
     9.75    49.75    2027    9.59    4.38    1.23    0.53    1.02
     9.75    49.75    2028    9.57    4.40    1.22    0.53    1.01
     9.75    49.75    2029    9.32    4.31    1.13    0.51    1.00
     9.75    49.75    2030    9.89    4.64    1.20    0.53    1.07
     9.75    49.75    2031    9.59    4.39    1.15    0.53    1.02
     9.75    49.75    2032    9.62    4.37    1.14    0.53    1.04
     9.75    49.75    2033    9.81    4.42    1.15    0.54    1.06
     9.75    49.75    2034   10.11    4.64    1.17    0.54    1.09
     9.75    49.75    2035    9.98    4.54    1.15    0.54    1.07
     9.75    49.75    2036    9.77    4.41    1.08    0.53    1.05
     9.75    49.75    2037   10.29    4.66    1.10    0.55    1.12
     9.75    49.75    2038   10.26    4.66    1.10    0.54    1.11
     9.75    49.75    2039   10.31    4.69    1.11    0.55    1.11
     9.75    49.75    2040    9.81    4.41    0.96    0.53    1.07
     9.75    49.75    2041   10.40    4.71    1.01    0.55    1.15
     9.75    49.75    2042   10.02    4.38    0.97    0.55    1.09
     9.75    49.75    2043   10.57    4.68    0.98    0.56    1.17
     9.75    49.75    2044   10.30    4.52    0.96    0.56    1.13
     9.75    49.75    2045   10.15    4.44    0.91    0.55    1.12
     9.75    49.75    2046   10.63    4.68    0.93    0.56    1.19
     9.75    49.75    2047   10.63    4.63    0.91    0.57    1.18
     9.75    49.75    2048   10.24    4.38    0.82    0.56    1.14
     9.75    49.75    2049   11.01    4.76    0.88    0.58    1.24
     9.75    49.75    2050   10.62    4.55    0.83    0.57    1.18
     9.75    49.75    2051   10.49    4.48    0.82    0.56    1.16
     9.75    49.75    2052   10.19    4.22    0.74    0.56    1.13
     9.75    49.75    2053   10.80    4.52    0.75    0.58    1.23
     9.75    49.75    2054   10.78    4.49    0.74    0.59    1.22
     9.75    49.75    2055   11.48    4.84    0.78    0.60    1.31
     9.75    49.75    2056   11.71    5.02    0.81    0.61    1.33
     9.75    49.75    2057   11.31    4.90    0.77    0.58    1.28
     9.75    49.75    2058   10.87    4.62    0.72    0.57    1.22
     9.75    49.75    2059   11.03    4.67    0.70    0.58    1.25
     9.75    49.75    2060   11.27    4.76    0.71    0.59    1.28
     9.75    49.75    2061   10.64    4.47    0.67    0.57    1.18
     9.75    49.75    2062   10.94    4.65    0.64    0.58    1.24
     9.75    49.75    2063   11.40    4.92    0.66    0.59    1.31
     9.75    49.75    2064   10.92    4.69    0.62    0.58    1.23
     9.75    49.75    2065   10.88    4.68    0.59    0.57    1.24
     9.75    49.75    2066   11.33    4.86    0.61    0.59    1.30
     9.75    49.75    2067   10.74    4.56    0.58    0.58    1.21
     9.75    49.75    2068   10.88    4.56    0.57    0.59    1.23
     9.75    49.75    2069   11.38    4.81    0.59    0.60    1.31
     9.75    49.75    2070   11.56    4.92    0.60    0.60    1.33
     9.75    49.75    2071   11.62    5.04    0.59    0.60    1.34
     9.75    49.75    2072   11.34    4.85    0.54    0.59    1.30
     9.75    49.75    2073   11.57    4.99    0.55    0.59    1.34
     9.75    49.75    2074   11.71    5.06    0.54    0.60    1.35
     9.75    49.75    2075   11.59    4.97    0.52    0.60    1.33
     9.75    49.75    2076   11.61    4.91    0.51    0.60    1.34
     9.75    49.75    2077   12.12    5.21    0.53    0.62    1.41
     9.75    49.75    2078   11.15    4.52    0.49    0.61    1.26
     9.75    49.75    2079   10.82    4.15    0.45    0.61    1.23
     9.75    49.75    2080   11.75    4.68    0.48    0.63    1.37
     9.75    49.75    2081   11.86    4.78    0.48    0.63    1.39
     9.75    49.75    2082   11.69    4.73    0.47    0.62    1.36
     9.75    49.75    2083   11.82    4.79    0.47    0.63    1.38
     9.75    49.75    2084   11.79    4.81    0.45    0.62    1.38
     9.75    49.75    2085   11.67    4.78    0.45    0.62    1.36
     9.75    49.75    2086   11.67    4.78    0.45    0.62    1.36
     9.75    49.75    2087   11.57    4.71    0.45    0.62    1.34
     9.75    49.75    2088   11.95    4.93    0.45    0.62    1.41
     9.75    49.75    2089   11.82    4.93    0.45    0.61    1.38
     9.75    49.75    2090   10.42    4.15    0.39    0.58    1.18
     9.75    49.75    2091   10.67    4.28    0.38    0.59    1.23
     9.75    49.75    2092   11.04    4.48    0.39    0.59    1.28
     9.75    49.75    2093   11.28    4.64    0.40    0.60    1.32
     9.75    49.75    2094   11.61    4.86    0.41    0.61    1.37
     9.75    49.75    2095   11.19    4.71    0.40    0.60    1.30
     9.75    49.75    2096   11.31    4.79    0.39    0.59    1.33
     9.75    49.75    2097   11.04    4.67    0.38    0.59    1.29
     9.75    49.75    2098   11.02    4.63    0.38    0.58    1.30
     9.75    49.75    2099   11.12    4.70    0.38    0.58    1.31
     9.75    49.75    2100   11.11    4.64    0.38    0.59    1.30
     9.75    49.75    2101   11.55    4.92    0.40    0.60    1.37
     9.75    49.75    2102   11.03    4.74    0.38    0.58    1.28
     9.75    49.75    2103   10.82    4.72    0.37    0.57    1.26
     9.75    49.75    2104   11.15    4.92    0.39    0.57    1.31
     9.75    49.75    2105   11.12    4.88    0.38    0.58    1.31
     9.75    49.75    2106   11.22    4.87    0.39    0.59    1.32
     9.75    49.75    2107   11.47    5.06    0.40    0.59    1.35
     9.75    49.75    2108   10.69    4.47    0.38    0.58    1.23
     9.75    49.75    2109   10.44    4.17    0.37    0.59    1.20
     9.75    49.75    2110   11.41    4.75    0.40    0.61    1.35
     9.75    49.75    2111   11.49    4.85    0.40    0.61    1.36
     9.75    49.75    2112   11.18    4.73    0.39    0.60    1.31
     9.75    49.75    2113   10.90    4.64    0.38    0.58    1.28
     9.75    49.75    2114   10.74    4.63    0.37    0.57    1.25
     9.75    49.75    2115   10.72    4.64    0.37    0.57    1.25
     9.75    49.75    2116   10.64    4.62    0.37    0.57    1.23
     9.75    49.75    2117   10.74    4.67    0.38    0.57    1.25
     9.75    49.75    2118   11.41    5.08    0.40    0.59    1.36
     9.75    49.75    2119   11.20    5.04    0.39    0.58    1.31
     9.75    49.75    2120   10.09    4.36    0.36    0.55    1.16
     9.75    49.75    2121   10.49    4.53    0.38    0.56    1.22
     9.75    49.75    2122   10.75    4.69    0.39    0.57    1.26
     9.75    49.75    2123   10.95    4.81    0.39    0.57    1.29
     9.75    49.75    2124   10.73    4.79    0.38    0.56    1.26
     9.75    49.75    2125   10.72    4.80    0.38    0.56    1.25
     9.75    49.75    2126   10.91    4.89    0.39    0.57    1.28
     9.75    49.75    2127   10.84    4.84    0.39    0.57    1.26
     9.75    49.75    2128   10.76    4.80    0.38    0.56    1.27
     9.75    49.75    2129   10.62    4.78    0.38    0.55    1.24
     9.75    49.75    2130   10.73    4.78    0.38    0.56    1.25
    13.75    55.75    1980    6.23    3.22    1.19    0.39    0.65
    13.75    55.75    1981    6.23    3.18    1.16    0.39    0.65
    13.75    55.75    1982    6.18    3.11    1.13    0.40    0.65
    13.75    55.75    1983    6.37    3.22    1.14    0.40    0.67
    13.75    55.75    1984    6.59    3.35    1.24    0.41    0.69
    13.75    55.75    1985    6.61    3.37    1.26    0.41    0.69
    13.75    55.75    1986    6.51    3.26    1.22    0.41    0.68
    13.75    55.75    1987    6.60    3.29    1.21    0.41    0.69
    13.75    55.75    1988    6.74    3.37    1.23    0.42    0.71
    13.75    55.75    1989    6.60    3.26    1.18    0.41    0.69
    13.75    55.75    1990    6.79    3.36    1.24    0.42    0.71
    13.75    55.75    1991    6.74    3.31    1.21    0.42    0.71
    13.75    55.75    1992    6.83    3.34    1.23    0.43    0.72
    13.75    55.75    1993    7.09    3.51    1.31    0.43    0.74
    13.75    55.75    1994    7.14    3.55    1.34    0.43    0.74
    13.75    55.75    1995    7.01    3.42    1.28    0.43    0.73
    13.75    55.75    1996    7.18    3.52    1.31    0.44    0.75
    13.75    55.75    1997    7.26    3.55    1.31    0.44    0.76
    13.75    55.75    1998    7.27    3.53    1.31    0.44    0.76
    13.75    55.75    1999    7.36    3.57    1.31    0.44    0.77
    13.75    55.75    2000    7.22    3.42    1.23    0.45    0.76
    13.75    55.75    2001    7.55    3.62    1.32    0.45    0.79
    13.75    55.75    2002    7.34    3.48    1.30    0.45    0.76
    13.75    55.75    2003    7.50    3.55    1.33    0.46    0.78
    13.75    55.75    2004    7.74    3.70    1.40    0.46    0.81
    13.75    55.75    2005    7.53    3.53    1.31    0.46    0.79
    13.75    55.75    2006    7.43    3.40    1.25    0.46    0.78
    13.75    55.75    2007    7.73    3.58    1.33    0.47    0.81
    13.75    55.75    2008    7.39    3.34    1.25    0.46    0.77
    13.75    55.75    2009    7.75    3.56    1.31    0.47    0.82
    13.75    55.75    2010    8.10    3.81    1.44    0.48    0.85
    13.75    55.75    2011    8.20    3.87    1.44    0.48    0.86
    13.75    55.75    2012    8.08    3.73    1.42    0.48    0.84
    13.75    55.75    2013    8.43    3.92    1.50    0.50    0.88
    13.75    55.75    2014    8.33    3.80    1.46    0.50    0.87
    13.75    55.75    2015    8.32    3.71    1.41    0.50    0.87
    13.75    55.75    2016    8.42    3.69    1.41    0.51    0.88
    13.75    55.75    2017    8.67    3.79    1.49    0.52    0.90
    13.75    55.75    2018    8.60    3.72    1.46    0.52    0.89
    13.75    55.75    2019    8.42    3.54    1.37    0.52    0.88
    13.75    55.75    2020    8.85    3.78    1.48    0.53    0.92
    13.75    55.75    2021    8.75    3.69    1.42    0.53    0.92
    13.75    55.75    2022    9.04    3.85    1.50    0.54    0.94
    13.75    55.75    2023    9.07    3.84    1.55    0.54    0.93
    13.75    55.75    2024    8.91    3.75    1.47    0.54    0.92
    13.75    55.75    2025    9.19    3.91    1.52    0.54    0.96
    13.75    55.75    2026    9.03    3.78    1.49    0.54    0.93
    13.75    55.75    2027    9.04    3.73    1.45    0.55    0.94
    13.75    55.75    2028    9.36    3.90    1.55    0.56    0.96
    13.75    55.75    2029    9.14    3.73    1.45    0.56    0.95
    13.75    55.75    2030    9.34    3.83    1.49    0.56    0.97
    13.75    55.75    2031    9.35    3.83    1.47    0.56    0.97
    13.75    55.75    2032    9.11    3.63    1.37    0.56    0.95
    13.75    55.75    2033    9.42    3.84    1.45    0.56    0.99
    13.75    55.75    2034    9.28    3.78    1.41    0.56    0.97
    13.75    55.75    2035    9.29    3.82    1.46    0.55    0.96
    13.75    55.75    2036    8.99    3.62    1.36    0.55    0.93
    13.75    55.75    2037    9.28    3.83    1.41    0.55    0.97
    13.75    55.75    2038    9.30    3.85    1.44    0.55    0.96
    13.75    55.75    2039    9.46    4.01    1.47    0.55    0.98
    13.75    55.75    2040    9.30    3.97    1.42    0.55    0.96
    13.75    55.75    2041    9.16    3.88    1.35    0.54    0.96
    13.75    55.75    2042    9.38    4.02    1.42    0.55    0.98
    13.75    55.75    2043    9.15    3.77    1.29    0.55    0.96
    13.75    55.75    2044    9.56    4.05    1.40    0.56    1.00
    13.75    55.75    2045    9.18    3.77    1.27    0.56    0.97
    13.75    55.75    2046    9.39    3.93    1.32    0.56    0.99
    13.75    55.75    2047    9.08    3.73    1.24    0.55    0.95
    13.75    55.75    2048    9.12    3.77    1.26    0.55    0.96
    13.75    55.75    2049    9.34    3.95    1.30    0.55    0.98
    13.75    55.75    2050    9.33    3.94    1.28    0.55    0.98
    13.75    55.75    2051    9.44    4.06    1.32    0.55    0.99
    13.75    55.75    2052    9.32    4.00    1.29    0.55    0.97
    13.75    55.75    2053    9.37    4.02    1.27    0.55    0.98
    13.75    55.75    2054    9.53    4.12    1.30    0.55    1.00
    13.75    55.75    2055    9.33    3.96    1.20    0.55    0.99
    13.75    55.75    2056    9.42    4.08    1.23    0.55    0.99
    13.75    55.75    2057    9.18    3.86    1.14    0.55    0.97
    13.75    55.75    2058    9.52    4.10    1.20    0.56    1.01
    13.75    55.75    2059    9.70    4.25    1.25    0.56    1.02
    13.75    55.75    2060    9.25    4.05    1.14    0.54    0.98
    13.75    55.75    2061    9.22    4.04    1.12    0.54    0.98
    13.75    55.75    2062    9.22    3.96    1.11    0.54    0.98
    13.75    55.75    2063    9.31    3.97    1.12    0.55    0.99
    13.75    55.75    2064    9.56    4.19    1.15    0.55    1.01
    13.75    55.75    2065    9.56    4.18    1.12    0.55    1.02
    13.75    55.75    2066    9.33    4.07    1.09    0.55    0.99
    13.75    55.75    2067    9.55    4.14    1.09    0.55    1.02
    13.75    55.75    2068    9.24    3.91    1.02    0.55    0.99
    13.75    55.75    2069    9.77    4.30    1.10    0.56    1.05
    13.75    55.75    2070    9.72    4.33    1.09    0.56    1.04
    13.75    55.75    2071    9.67    4.29    1.05    0.55    1.04
    13.75    55.75    2072    9.41    4.22    1.04    0.54    1.00
    13.75    55.75    2073    9.13    4.02    0.95    0.53    0.98
    13.75    55.75    2074    9.49    4.26    0.99    0.54    1.02
    13.75    55.75    2075    9.65    4.36    1.00    0.55    1.04
    13.75    55.75    2076    9.73    4.33    0.98    0.56    1.05
    13.75    55.75    2077    9.87    4.34    0.99    0.56    1.07
    13.75    55.75    2078   10.11    4.60    1.03    0.56    1.10
    13.75    55.75    2079   10.06    4.66    1.00    0.56    1.09
    13.75    55.75    2080    9.61    4.37    0.95    0.54    1.03
    13.75    55.75    2081    9.58    4.24    0.89    0.55    1.04
    13.75    55.75    2082   10.23    4.63    0.95    0.56    1.12
    13.75    55.75    2083    9.97    4.42    0.93    0.56    1.08
    13.75    55.75    2084   10.00    4.48    0.90    0.56    1.09
    13.75    55.75    2085    9.94    4.49    0.89    0.55    1.08
    13.75    55.75    2086    9.81    4.49    0.86    0.54    1.07
    13.75    55.75    2087   10.01    4.56    0.87    0.55    1.09
    13.75    55.75    2088    9.85    4.52    0.83    0.54    1.08
    13.75    55.75    2089    9.58    4.30    0.75    0.54    1.05
    13.75    55.75    2090    9.99    4.55    0.78    0.56    1.11
    13.75    55.75    2091   10.32    4.77    0.81    0.57    1.15
    13.75    55.75    2092   10.17    4.62    0.79    0.56    1.12
    13.75    55.75    2093   10.12    4.55    0.76    0.56    1.13
    13.75    55.75    2094   10.28    4.70    0.74    0.56    1.15
    13.75    55.75    2095   10.26    4.72    0.74    0.56    1.14
    13.75    55.75    2096    9.68    4.39    0.61    0.54    1.09
    13.75    55.75    2097    9.94    4.47    0.62    0.55    1.12
    13.75    55.75    2098    9.79    4.29    0.60    0.56    1.10
    13.75    55.75    2099   10.19    4.57    0.57    0.56    1.18
    13.75    55.75    2100   10.22    4.62    0.59    0.56    1.17
    13.75    55.75    2101   10.39    4.74    0.59    0.57    1.19
    13.75    55.75    2102    9.88    4.61    0.49    0.54    1.13
    13.75    55.75    2103    9.93    4.44    0.48    0.56    1.15
    13.75    55.75    2104   10.29    4.67    0.50    0.56    1.20
    13.75    55.75    2105   10.24    4.64    0.49    0.57    1.19
    13.75    55.75    2106   10.30    4.60    0.49    0.57    1.20
    13.75    55.75    2107   10.16    4.41    0.47    0.57    1.18
    13.75    55.75    2108   10.41    4.61    0.48    0.57    1.21
    13.75    55.75    2109   10.35    4.65    0.45    0.57    1.21
    13.75    55.75    2110   10.10    4.42    0.41    0.56    1.18
    13.75    55.75    2111    9.90    4.26    0.40    0.56    1.15
    13.75    55.75    2112   10.15    4.54    0.42    0.55    1.19
    13.75    55.75    2113    9.95    4.40    0.40    0.55    1.16
    13.75    55.75    2114    9.92    4.46    0.40    0.55    1.16
    13.75    55.75    2115    9.96    4.52    0.41    0.55    1.16
    13.75    55.75    2116   10.01    4.60    0.41    0.55    1.17
    13.75    55.75    2117    9.86    4.53    0.41    0.54    1.16
    13.75    55.75    2118    9.83    4.54    0.42    0.54    1.15
    13.75    55.75    2119    9.78    4.43    0.42    0.55    1.14
    13.75    55.75    2120    9.99    4.60    0.43    0.55    1.18
    13.75    55.75    2121   10.09    4.71    0.43    0.55    1.19
    13.75    55.75    2122    9.82    4.54    0.42    0.54    1.15
    13.75    55.75    2123    9.68    4.39    0.41    0.54    1.13
    13.75    55.75    2124    9.74    4.46    0.41    0.54    1.14
    13.75    55.75    2125    9.84    4.58    0.42    0.54    1.16
    13.75    55.75    2126    9.36    4.31    0.40    0.53    1.08
    13.75    55.75    2127    9.64    4.47    0.42    0.54    1.13
    13.75    55.75    2128    9.58    4.30    0.41    0.54    1.12
    13.75    55.75    2129    9.80    4.57    0.43    0.54    1.16
    13.75    55.75    2130    9.78    4.57    0.42    0.54    1.15
    23.75    61.75    1980    6.11    2.62    2.41    0.43    0.46
    23.75    61.75    1981    6.20    2.65    2.45    0.43    0.46
    23.75    61.75    1982    6.18    2.60    2.40    0.44    0.46
    23.75    61.75    1983    6.36    2.67    2.46    0.44    0.47
    23.75    61.75    1984    6.24    2.60    2.39    0.44    0.47
    23.75    61.75    1985    6.30    2.60    2.39    0.44    0.47
    23.75    61.75    1986    6.30    2.57    2.36    0.45    0.48
    23.75    61.75    1987    6.44    2.62    2.40    0.45    0.48
    23.75    61.75    1988    6.55    2.68    2.45    0.46    0.49
    23.75    61.75    1989    6.61    2.67    2.44    0.46    0.49
    23.75    61.75    1990    6.59    2.64    2.40    0.46    0.50
    23.75    61.75    1991    6.63    2.65    2.42    0.47    0.50
    23.75    61.75    1992    6.77    2.70    2.46    0.47    0.51
    23.75    61.75    1993    6.86    2.70    2.46    0.48    0.51
    23.75    61.75    1994    6.88    2.69    2.47    0.48    0.51
    23.75    61.75    1995    6.94    2.71    2.47    0.49    0.52
    23.75    61.75    1996    6.85    2.63    2.40    0.49    0.52
    23.75    61.75    1997    6.82    2.58    2.35    0.49    0.52
    23.75    61.75    1998    6.95    2.63    2.40    0.49    0.53
    23.75    61.75    1999    7.17    2.74    2.51    0.50    0.54
    23.75    61.75    2000    7.16    2.70    2.48    0.50    0.54
    23.75    61.75    2001    7.14    2.65    2.43    0.51    0.54
    23.75    61.75    2002    7.30    2.70    2.48    0.51    0.55
    23.75    61.75    2003    7.21    2.63    2.42    0.51    0.55
    23.75    61.75    2004    7.37    2.69    2.47    0.52    0.56
    23.75    61.75    2005    7.46    2.72    2.50    0.52    0.56
    23.75    61.75    2006    7.30    2.63    2.42    0.52    0.56
    23.75    61.75    2007    7.40    2.67    2.45    0.53    0.56
    23.75    61.75    2008    7.48    2.68    2.47    0.53    0.57
    23.75    61.75    2009    7.46    2.65    2.44    0.53    0.57
    23.75    61.75    2010    7.64    2.73    2.51    0.54    0.57
    23.75    61.75    2011    7.18    2.66    2.42    0.50    0.54
    23.75    61.75    2012    7.14    2.69    2.39    0.50    0.54
    23.75    61.75    2013    7.17    2.74    2.39    0.50    0.54
    23.75    61.75    2014    7.40    2.89    2.45    0.51    0.55
    23.75    61.75    2015    7.21    2.87    2.35    0.49    0.55
    23.75    61.75    2016    7.18    2.90    2.29    0.49    0.56
    23.75    61.75    2017    7.25    2.96    2.28    0.50    0.57
    23.75    61.75    2018    7.39    3.10    2.30    0.50    0.58
    23.75    61.75    2019    7.37    3.08    2.26    0.50    0.58
    23.75    61.75    2020    7.43    3.10    2.22    0.50    0.60
    23.75    61.75    2021    7.61    3.26    2.25    0.50    0.61
    23.75    61.75    2022    7.61    3.21    2.23    0.50    0.60
    23.75    61.75    2023    7.70    3.23    2.20    0.51    0.62
    23.75    61.75    2024    7.56    3.16    2.14    0.50    0.61
    23.75    61.75    2025    7.56    3.18    2.10    0.50    0.62
    23.75    61.75    2026    7.34    3.03    2.01    0.49    0.60
    23.75    61.75    2027    7.48    3.11    1.98    0.50    0.62
    23.75    61.75    2028    7.61    3.14    1.98    0.51    0.63
    23.75    61.75    2029    7.90    3.26    2.00    0.52    0.66
    23.75    61.75    2030    8.01    3.30    2.00    0.52    0.67
    23.75    61.75    2031    8.31    3.49    2.03    0.53    0.70
    23.75    61.75    2032    8.52    3.58    2.05    0.54    0.72
    23.75    61.75    2033    8.53    3.64    2.00    0.54    0.73
    23.75    61.75    2034    8.29    3.55    1.90    0.53    0.72
    23.75    61.75    2035    8.30    3.50    1.86    0.53    0.72
    23.75    61.75    2036    8.23    3.38    1.78    0.53    0.72
    23.75    61.75    2037    8.34    3.37    1.79    0.54    0.73
    23.75    61.75    2038    8.49    3.39    1.75    0.55    0.75
    23.75    61.75    2039    8.75    3.49    1.76    0.56    0.78
    23.75    61.75    2040    9.02    3.64    1.76    0.57    0.82
    23.75    61.75    2041    8.88    3.57    1.71    0.56    0.81
    23.75    61.75    2042    8.80    3.52    1.65    0.56    0.80
    23.75    61.75    2043    8.62    3.46    1.55    0.55    0.80
    23.75    61.75    2044    8.68    3.49    1.51    0.55    0.82
    23.75    61.75    2045    8.80    3.59    1.50    0.55    0.83
    23.75    61.75    2046    9.02    3.65    1.49    0.56    0.86
    23.75    61.75    2047    9.44    3.77    1.53    0.58    0.90
    23.75    61.75    2048    9.59    3.82    1.51    0.59    0.93
    23.75    61.75    2049    9.35    3.75    1.44    0.58    0.90
    23.75    61.75    2050    9.40    3.74    1.41    0.58    0.91
    23.75    61.75    2051    9.41    3.70    1.37    0.58    0.92
    23.75    61.75    2052    9.54    3.74    1.35    0.59    0.94
    23.75    61.75    2053    9.42    3.69    1.27    0.57    0.94
    23.75    61.75    2054    9.32    3.54    1.26    0.58    0.92
    23.75    61.75    2055    9.63    3.73    1.25    0.59    0.97
    23.75    61.75    2056    9.84    3.79    1.25    0.60    0.99
    23.75    61.75    2057   10.14    3.94    1.25    0.61    1.03
    23.75    61.75    2058   10.29    3.98    1.25    0.62    1.05
    23.75    61.75    2059   10.28    4.02    1.21    0.61    1.06
    23.75    61.75    2060    9.77    3.78    1.12    0.60    1.00
    23.75    61.75    2061    9.76    3.75    1.06    0.59    1.01
    23.75    61.75    2062    9.91    3.74    1.06    0.60    1.03
    23.75    61.75    2063   10.03    3.74    1.04    0.61    1.05
    23.75    61.75    2064   10.12    3.72    1.02    0.62    1.06
    23.75    61.75    2065   10.11    3.75    1.00    0.62    1.06
    23.75    61.75    2066   10.05    3.70    0.97    0.62    1.06
    23.75    61.75    2067    9.99    3.85    0.89    0.60    1.08
    23.75    61.75    2068    9.83    3.79    0.84    0.59    1.06
    23.75    61.75    2069    9.96    3.99    0.79    0.59    1.10
    23.75    61.75    2070    9.68    3.86    0.74    0.58    1.06
    23.75    61.75    2071    9.97    3.96    0.75    0.60    1.10
    23.75    61.75    2072    9.83    3.83    0.73    0.60    1.08
    23.75    61.75    2073   10.25    4.13    0.74    0.61    1.15
    23.75    61.75    2074   10.19    4.08    0.73    0.61    1.13
    23.75    61.75    2075   10.19    4.10    0.70    0.60    1.14
    23.75    61.75    2076   10.26    4.20    0.67    0.60    1.16
    23.75    61.75    2077   10.38    4.15    0.67    0.61    1.18
    23.75    61.75    2078   10.15    3.91    0.62    0.61    1.14
    23.75    61.75    2079   10.50    4.15    0.60    0.61    1.20
    23.75    61.75    2080   10.37    4.03    0.58    0.61    1.18
    23.75    61.75    2081   10.48    4.13    0.53    0.61    1.22
    23.75    61.75    2082   10.35    4.14    0.49    0.60    1.20
    23.75    61.75    2083   10.36    4.14    0.47    0.60    1.21
    23.75    61.75    2084   10.26    4.07    0.43    0.60    1.20
    23.75    61.75    2085   10.48    4.14    0.45    0.61    1.23
    23.75    61.75    2086   10.38    4.08    0.44    0.61    1.22
    23.75    61.75    2087   10.41    4.16    0.42    0.61    1.23
    23.75    61.75    2088   10.30    4.15    0.43    0.60    1.21
    23.75    61.75    2089    9.84    4.00    0.41    0.58    1.15
    23.75    61.75    2090   10.19    4.21    0.42    0.58    1.21
    23.75    61.75    2091   10.02    4.13    0.42    0.58    1.17
    23.75    61.75    2092    9.81    4.00    0.41    0.57    1.15
    23.75    61.75    2093   10.01    4.10    0.42    0.58    1.18
    23.75    61.75    2094    9.94    4.19    0.42    0.57    1.17
    23.75    61.75    2095    9.89    4.12    0.41    0.57    1.17
    23.75    61.75    2096   10.02    4.27    0.43    0.57    1.18
    23.75    61.75    2097    9.75    4.14    0.42    0.57    1.14
    23.75    61.75    2098    9.96    4.17    0.43    0.58    1.17
    23.75    61.75    2099   10.14    4.30    0.44    0.58    1.20
    23.75    61.75    2100    9.74    4.10    0.41    0.56    1.15
    23.75    61.75    2101   10.04    4.29    0.43    0.57    1.19
    23.75    61.75    2102    9.79    4.14    0.42    0.57    1.15
    23.75    61.75    2103   10.16    4.29    0.43    0.58    1.20
    23.75    61.75    2104    9.93    4.20    0.42    0.57    1.17
    23.75    61.75    2105   10.10    4.25    0.42    0.58    1.20
    23.75    61.75    2106    9.96    4.29    0.42    0.57    1.17
    23.75    61.75    2107   10.09    4.24    0.42    0.58    1.19
    23.75    61.75    2108   10.09    4.20    0.42    0.58    1.19
    23.75    61.75    2109   10.64    4.54    0.44    0.59    1.27
    23.75    61.75    2110   10.38    4.39    0.43    0.59    1.23
    23.75    61.75    2111   10.43    4.30    0.42    0.59    1.23
    23.75    61.75    2112   10.63    4.42    0.43    0.60    1.26
    23.75    61.75    2113   10.00    4.11    0.40    0.57    1.17
    23.75    61.75    2114   10.21    4.21    0.41    0.58    1.20
    23.75    61.75    2115    9.99    4.05    0.40    0.58    1.17
    23.75    61.75    2116   10.23    4.15    0.41    0.59    1.20
    23.75    61.75    2117   10.51    4.26    0.42    0.60    1.25
    23.75    61.75    2118   10.47    4.35    0.42    0.60    1.24
    23.75    61.75    2119   10.57    4.32    0.43    0.60    1.25
    23.75    61.75    2120   10.63    4.48    0.43    0.59    1.26
    23.75    61.75    2121   10.08    4.16    0.41    0.58    1.18
    23.75    61.75    2122   10.14    4.16    0.41    0.58    1.19
    23.75    61.75    2123   10.14    4.15    0.42    0.58    1.20
    23.75    61.75    2124   10.22    4.07    0.40    0.59    1.20
    23.75    61.75    2125   10.24    4.05    0.41    0.59    1.20
    23.75    61.75    2126   10.63    4.25    0.42    0.61    1.26
    23.75    61.75    2127   10.42    4.16    0.42    0.61    1.23
    23.75    61.75    2128   10.69    4.23    0.43    0.62    1.27
    23.75    61.75    2129   10.68    4.28    0.43    0.61    1.28
    23.75    61.75    2130   10.25    4.14    0.42    0.60    1.20
    21.75    37.75    1980    2.36    1.30    1.04    0.23    0.20
    21.75    37.75    1981    2.06    1.08    0.89    0.21    0.18
    21.75    37.75    1982    2.06    1.07    0.86    0.21    0.18
    21.75    37.75    1983    2.37    1.25    1.01    0.23    0.20
    21.75    37.75    1984    2.23    1.16    0.94    0.22    0.19
    21.75    37.75    1985    2.13    1.09    0.87    0.22    0.19
    21.75    37.75    1986    2.68    1.41    1.14    0.25    0.22
    21.75    37.75    1987    2.68    1.41    1.10    0.25    0.22
    21.75    37.75    1988    2.60    1.33    1.04    0.25    0.22
    21.75    37.75    1989    2.49    1.25    0.97    0.24    0.22
    21.75    37.75    1990    2.72    1.38    1.06    0.26    0.23
    21.75    37.75    1991    2.02    0.94    0.73    0.22    0.19
    21.75    37.75    1992    2.21    1.03    0.80    0.23    0.20
    21.75    37.75    1993    2.56    1.21    0.95    0.25    0.22
    21.75    37.75    1994    2.68    1.28    1.01    0.26    0.23
    21.75    37.75    1995    2.83    1.35    1.05    0.27    0.24
    21.75    37.75    1996    2.63    1.22    0.93    0.26    0.23
    21.75    37.75    1997    2.67    1.23    0.93    0.27    0.24
    21.75    37.75    1998    2.57    1.17    0.89    0.26    0.23
    21.75    37.75    1999    2.41    1.08    0.84    0.25    0.22
    21.75    37.75    2000    2.53    1.14    0.90    0.26    0.23
    21.75    37.75    2001    2.50    1.13    0.90    0.26    0.22
    21.75    37.75    2002    2.47    1.11    0.89    0.25    0.22
    21.75    37.75    2003    2.52    1.14    0.92    0.26    0.22
    21.75    37.75    2004    2.33    1.05    0.84    0.25    0.21
    21.75    37.75    2005    2.49    1.13    0.91    0.26    0.22
    21.75    37.75    2006    2.32    1.05    0.84    0.25    0.21
    21.75    37.75    2007    2.57    1.17    0.95    0.26    0.23
    21.75    37.75    2008    2.49    1.13    0.90    0.26    0.22
    21.75    37.75    2009    2.62    1.20    0.96    0.26    0.23
    21.75    37.75    2010    2.40    1.07    0.87    0.25    0.22
    21.75    37.75    2011    2.66    1.19    0.96    0.27    0.24
    21.75    37.75    2012    2.50    1.10    0.87    0.26    0.23
    21.75    37.75    2013    2.30    0.99    0.79    0.25    0.22
    21.75    37.75    2014    2.62    1.14    0.93    0.27    0.24
    21.75    37.75    2015    2.62    1.14    0.89    0.27    0.24
    21.75    37.75    2016    2.48    1.06    0.83    0.26    0.23
    21.75    37.75    2017    2.47    1.04    0.83    0.26    0.23
    21.75    37.75    2018    2.85    1.22    0.98    0.29    0.25
    21.75    37.75    2019    2.53    1.05    0.83    0.27    0.24
    21.75    37.75    2020    2.53    1.05    0.84    0.27    0.24
    21.75    37.75    2021    2.99    1.26    1.02    0.30    0.26
    21.75    37.75    2022    2.90    1.21    0.95    0.29    0.26
    21.75    37.75    2023    2.45    0.97    0.76    0.27    0.23
    21.75    37.75    2024    2.45    0.97    0.76    0.27    0.23
    21.75    37.75    2025    2.17    0.85    0.68    0.25    0.21
    21.75    37.75    2026    2.33    0.92    0.71    0.26    0.23
    21.75    37.75    2027    2.62    1.03    0.82    0.28    0.24
    21.75    37.75    2028    2.43    0.95    0.72    0.27    0.23
    21.75    37.75    2029    2.86    1.12    0.83    0.30    0.27
    21.75    37.75    2030    2.92    1.14    0.85    0.30    0.27
    21.75    37.75    2031    0.83    0.38    0.36    0.11    0.10
    21.75    37.75    2032    1.10    0.55    0.45    0.14    0.13
    21.75    37.75    2033    1.18    0.54    0.46    0.15    0.14
    21.75    37.75    2034    1.45    0.66    0.54    0.17    0.16
    21.75    37.75    2035    1.40    0.65    0.51    0.17    0.15
    21.75    37.75    2036    1.53    0.70    0.55    0.18    0.16
    21.75    37.75    2037    1.63    0.79    0.57    0.19    0.17
    21.75    37.75    2038    1.92    0.88    0.67    0.21    0.19
    21.75    37.75    2039    2.03    0.92    0.69    0.22    0.20
    21.75    37.75    2040    1.96    0.93    0.65    0.22    0.20
    21.75    37.75    2041    2.48    1.16    0.82    0.25    0.23
    21.75    37.75    2042    2.44    1.15    0.79    0.25    0.23
    21.75    37.75    2043    2.82    1.32    0.92    0.27    0.25
    21.75    37.75    2044    2.64    1.24    0.84    0.26    0.24
    21.75    37.75    2045    2.34    1.05    0.74    0.25    0.23
    21.75    37.75    2046    2.23    0.98    0.72    0.24    0.22
    21.75    37.75    2047    2.47    1.10    0.78    0.26    0.24
    21.75    37.75    2048    2.47    1.11    0.77    0.26    0.24
    21.75    37.75    2049    2.71    1.23    0.83    0.27    0.26
    21.75    37.75    2050    2.59    1.17    0.77    0.27    0.25
    21.75    37.75    2051    2.53    1.15    0.74    0.26    0.25
    21.75    37.75    2052    2.62    1.21    0.74    0.27    0.26
    21.75    37.75    2053    3.16    1.50    0.86    0.30    0.31
    21.75    37.75    2054    3.25    1.53    0.88    0.30    0.32
    21.75    37.75    2055    3.68    1.78    0.96    0.32    0.36
    21.75    37.75    2056    3.14    1.36    0.85    0.31    0.32
    21.75    37.75    2057    0.98    0.52    0.14    0.09    0.09
    21.75    37.75    2058    1.03    0.72    0.16    0.11    0.09
    21.75    37.75    2059    1.09    0.78    0.18    0.12    0.09
    21.75    37.75    2060    1.22    0.84    0.21    0.13    0.10
    21.75    37.75    2061    1.28    0.89    0.25    0.14    0.11
    21.75    37.75    2062    1.40    0.99    0.32    0.15    0.12
    21.75    37.75    2063    1.71    1.20    0.38    0.17    0.16
    21.75    37.75    2064    2.05    1.39    0.41    0.18    0.20
    21.75    37.75    2065    2.00    1.35    0.43    0.18    0.19
    21.75    37.75    2066    2.12    1.44    0.49    0.19    0.20
    21.75    37.75    2067    2.08    1.39    0.49    0.20    0.20
    21.75    37.75    2068    2.43    1.63    0.58    0.21    0.23
    21.75    37.75    2069    2.30    1.50    0.53    0.21    0.22
    21.75    37.75    2070    2.61    1.68    0.59    0.23    0.25
    21.75    37.75    2071    2.54    1.60    0.60    0.23    0.24
    21.75    37.75    2072    2.64    1.64    0.65    0.23    0.25
    21.75    37.75    2073    2.56    1.54    0.61    0.23    0.25
    21.75    37.75    2074    2.55    1.50    0.58    0.23    0.25
    21.75    37.75    2075    2.38    1.36    0.53    0.23    0.23
    21.75    37.75    2076    2.69    1.54    0.57    0.24    0.26
    21.75    37.75    2077    2.32    1.27    0.51    0.23    0.23
    21.75    37.75    2078    2.13    1.13    0.45    0.22    0.21
    21.75    37.75    2079    2.26    1.22    0.51    0.23    0.22
    21.75    37.75    2080    2.41    1.29    0.56    0.24    0.23
    21.75    37.75    2081    3.09    1.69    0.65    0.27    0.30
    21.75    37.75    2082    2.91    1.54    0.58    0.26    0.29
    21.75    37.75    2083    2.69    1.38    0.54    0.26    0.27
    21.75    37.75    2084    2.97    1.53    0.60    0.27    0.30
    21.75    37.75    2085    3.30    1.71    0.64    0.29    0.33
    21.75    37.75    2086    3.54    1.82    0.64    0.30    0.36
    21.75    37.75    2087    3.09    1.51    0.58    0.28    0.31
    21.75    37.75    2088    0.16    0.08    0.06    0.01    0.01
    21.75    37.75    2089    0.30    0.22    0.07    0.03    0.02
    21.75    37.75    2090    0.46    0.34    0.10    0.05    0.03
    21.75    37.75    2091    0.51    0.40    0.13    0.05    0.03
    21.75    37.75    2092    0.65    0.55    0.20    0.07    0.04
    21.75    37.75    2093    0.91    0.84    0.30    0.09    0.06
    21.75    37.75    2094    1.03    0.88    0.29    0.10    0.08
    21.75    37.75    2095    1.58    1.43    0.42    0.14    0.13
    21.75    37.75    2096    1.40    1.14    0.34    0.14    0.11
    21.75    37.75    2097    1.64    1.30    0.36    0.15    0.13
    21.75    37.75    2098    1.53    1.15    0.31    0.15    0.12
    21.75    37.75    2099    1.98    1.50    0.38    0.18    0.17
    21.75    37.75    2100    2.15    1.60    0.40    0.19    0.18
    21.75    37.75    2101    1.97    1.38    0.36    0.19    0.17
    21.75    37.75    2102    2.74    1.94    0.48    0.22    0.25
    21.75    37.75    2103    2.55    1.72    0.43    0.22    0.23
    21.75    37.75    2104    2.62    1.72    0.42    0.23    0.24
    21.75    37.75    2105    2.85    1.85    0.42    0.24    0.27
    21.75    37.75    2106    3.15    2.02    0.45    0.25    0.31
    21.75    37.75    2107    2.90    1.76    0.42    0.25    0.28
    21.75    37.75    2108    2.61    1.50    0.37    0.24    0.25
    21.75    37.75    2109    2.77    1.59    0.41    0.25    0.27
    21.75    37.75    2110    3.12    1.79    0.46    0.26    0.31
    21.75    37.75    2111    3.97    2.33    0.53    0.30    0.41
    21.75    37.75    2112    3.67    2.05    0.48    0.29    0.38
    21.75    37.75    2113    3.38    1.78    0.46    0.29    0.34
    21.75    37.75    2114    3.74    1.97    0.52    0.30    0.39
    21.75    37.75    2115    4.13    2.18    0.55    0.32    0.43
    21.75    37.75    2116    4.27    2.23    0.55    0.33    0.45
    21.75    37.75    2117    3.76    1.83    0.51    0.32    0.40
    21.75    37.75    2118    1.33    0.57    0.28    0.16    0.14
    21.75    37.75    2119    1.80    0.81    0.29    0.20    0.18
    21.75    37.75    2120    2.05    0.95    0.32    0.22    0.21
    21.75    37.75    2121    1.64    0.83    0.36    0.19    0.16
    21.75    37.75    2122    1.94    1.04    0.45    0.21    0.20
    21.75    37.75    2123    2.20    1.24    0.53    0.23    0.22
    21.75    37.75    2124    2.62    1.29    0.43    0.26    0.27
    21.75    37.75    2125    3.33    1.72    0.51    0.29    0.35
    21.75    37.75    2126    3.06    1.49    0.45    0.28    0.32
    21.75    37.75    2127    3.31    1.59    0.45    0.30    0.35
    21.75    37.75    2128    3.14    1.48    0.45    0.29    0.33
    21.75    37.75    2129    3.48    1.64    0.47    0.31    0.37
    21.75    37.75    2130    3.52    1.64    0.48    0.31    0.37
