      Lon      Lat    Year       Jan       Feb       Mar       Apr       May       Jun       Jul       Aug       Sep       Oct       Nov       Dec
     9.75    49.75    1980     0.000     0.000    23.667    13.331     9.438    21.522    15.532    19.364     7.772     3.847     3.602     3.615
     9.75    49.75    1981     9.331    16.258    22.264    15.984     6.845     1.573     2.786     5.461    11.761     8.786     8.409     5.746
     9.75    49.75    1982     5.191    16.756    27.417    41.329    12.995     3.986    15.422    14.596    12.887     5.841     3.224     3.938
     9.75    49.75    1983     0.599    16.604    17.745    10.307     5.641    11.301    14.262     6.791     2.474     1.088     5.457     5.792
     9.75    49.75    1984     9.408    14.044    23.240    29.066    18.411    22.855     5.660     3.440     2.316     1.112     3.528     3.019
     9.75    49.75    1985     0.000     0.000    27.396    17.251     9.999    16.030     8.597    10.769     7.555     5.046     5.528     2.691
     9.75    49.75    1986     0.000     0.000     0.000    19.682    14.830     3.660     6.418     2.133     7.608     9.521     4.870     7.594
     9.75    49.75    1987     0.480     0.000    21.531    19.971    22.184    26.139    16.027     7.513    11.193     5.007     3.920     4.541
     9.75    49.75    1988     8.872    12.606    22.284    10.130     4.862     4.139     6.496     1.640     1.641     0.331     1.056     3.063
     9.75    49.75    1989     2.361     0.000    21.398    37.650    35.344    14.380     9.642     5.735     7.292     3.779     4.825     5.782
     9.75    49.75    1990     7.940     3.656    14.523    38.877    21.716    10.362     9.007     5.113     1.986     1.438     2.255     4.998
     9.75    49.75    1991     5.327    16.563    25.603    16.558    11.106    21.134     7.770     3.088     1.209     1.583     2.231     6.679
     9.75    49.75    1992     9.742    12.883    27.625    33.213    11.472    14.047     9.128     6.366     2.600     0.946     2.810     1.895
     9.75    49.75    1993     0.000     0.000    10.889    26.373     6.777     7.724     4.647     4.530    13.166     9.704     8.314     1.648
     9.75    49.75    1994     0.063    17.395    31.719    22.651     8.134     4.690     2.061     4.338     3.588     1.123     4.586     7.291
     9.75    49.75    1995     1.698     0.000    10.135    35.969    20.762     5.929    13.158    22.700     4.178     2.898     6.598     7.211
     9.75    49.75    1996     2.465    18.486    24.282    22.689     5.360     6.443     8.247    12.990     6.817     5.549     5.272     4.685
     9.75    49.75    1997     1.201     0.000    21.850    22.493    19.882    27.899    11.644     6.079     5.841     3.436     4.584     3.064
     9.75    49.75    1998     9.081    13.371    26.289    12.395     4.655    11.596     3.131     1.790     9.713     4.229     3.149     4.199
     9.75    49.75    1999     6.799    16.517    22.998    17.304     2.850    16.765     1.777     1.022     0.731     0.778     3.964     5.339
     9.75    49.75    2000     8.575    17.379    18.758    10.706     4.127    12.374    12.848     5.991     6.626     3.433     8.831     2.332
     9.75    49.75    2001     0.000     0.000     0.000    27.934    11.052    10.132     7.007    11.578     2.494     1.393     3.768     7.079
     9.75    49.75    2002     9.485    11.047    24.774    16.567    17.875     1.769     0.530     3.234     8.421     4.305     2.421     2.337
     9.75    49.75    2003     1.677     0.000    23.459    16.105    11.469     9.796    16.806    16.756     6.847     2.726     5.215     8.547
     9.75    49.75    2004     9.515    14.110    25.555    13.082    15.611    11.659     2.707     5.940     8.103     5.507     6.042     7.541
     9.75    49.75    2005     2.405     4.903    28.004    11.830    12.178     8.094     5.804     4.941     3.729     1.604     8.957     8.246
     9.75    49.75    2006     2.071     1.319    29.042     4.912     2.149     1.261     6.134     3.507     3.075     3.541    14.585     6.172
     9.75    49.75    2007     0.000     5.980    27.499    20.504     7.138     5.061     3.689     5.284     4.967     3.015     6.226     3.349
     9.75    49.75    2008     8.894    17.373    24.799    27.164    11.435     1.922     4.692    16.445    11.040     4.092     5.592     7.294
     9.75    49.75    2009    10.076    18.715    30.826    18.096     2.533     3.449     8.464     7.603     3.275     3.377     6.009     4.656
     9.75    49.75    2010     1.782     5.335    24.309     2.532     0.552     0.618     0.700     2.925    11.706     8.205     5.529     6.712
     9.75    49.75    2011     3.470     4.462    26.320     5.715     6.126     7.336     4.226     3.080     1.918     3.699     3.680     4.612
     9.75    49.75    2012     2.799    19.563    22.635    23.650    26.183    19.246    12.157     8.521    11.331     6.615     4.551     7.349
     9.75    49.75    2013     7.833    14.739    27.202    22.493    10.809    22.235    20.471     9.546     1.871     0.942     3.250     5.734
     9.75    49.75    2014     1.545     0.000    26.069    17.966    11.148    21.472    20.424     7.849     5.409     2.865     3.640     4.653
     9.75    49.75    2015     2.244    14.563    25.406    14.127     3.147     3.110    12.758    21.316     7.043     0.700     3.611     7.167
     9.75    49.75    2016    10.639    14.400    21.952    30.651    21.767    12.768    10.058     5.204    15.333     9.960     3.931     4.364
     9.75    49.75    2017     9.665    16.871    21.255    16.057     8.797     4.989     3.754     1.200     0.438     3.972     6.676     1.474
     9.75    49.75    2018     0.000    10.891    27.259    14.535    10.309     7.328     2.908     1.855     1.153     4.023     6.290     7.001
     9.75    49.75    2019     2.055    15.444    33.397    17.753     3.736    11.944     3.152     1.575     1.359     1.374     5.065     7.817
     9.75    49.75    2020     9.025    14.186    28.598    20.579     6.184     2.718     2.054     9.495     1.467     1.869     6.776     2.456
     9.75    49.75    2021     0.000     0.000    11.017    20.402     4.039    14.924     4.380     1.676     0.686     0.550     1.191     0.340
     9.75    49.75    2022     0.000     7.317    26.585     8.702     4.666    14.138     3.851     2.259     1.226     0.403     1.017     2.579
     9.75    49.75    2023     5.694    14.343    19.781    32.279    24.283     5.334     1.093     2.409     0.946     0.448     2.173     7.302
     9.75    49.75    2024     2.056    15.953    28.658    31.485    12.362     5.073     4.955     5.008     1.702     3.898     7.340     9.158
     9.75    49.75    2025    10.994    13.387    22.059    23.967     4.582     0.763     0.719     1.450     0.864     0.344     2.132     6.430
     9.75    49.75    2026     2.231    12.595    28.606    30.127    10.676    16.305     8.509     2.887     1.096     2.302     4.599     7.022
     9.75    49.75    2027     1.709     7.168    28.635    21.772    14.851    35.253    14.445     6.576     1.602     0.879     3.821     4.858
     9.75    49.75    2028     0.000    13.253    29.786    32.584    11.591     5.633     2.915     1.688     4.661     2.799     2.599     2.674
     9.75    49.75    2029     0.000     0.123    29.314    15.155     6.769     2.944     2.071     2.969     3.141     2.765     1.811     0.000
     9.75    49.75    2030     0.000     0.000    23.474    18.053    20.170    12.013    10.887     5.806     4.170     2.659     3.287     5.060
     9.75    49.75    2031     7.766    11.736    24.230    12.487     6.937     4.347     1.714     1.062     0.974     0.743     3.791     5.495
     9.75    49.75    2032     7.414    14.448    20.349     7.939     2.820    16.354     2.545     1.161     1.155     0.801     2.917     6.708
     9.75    49.75    2033     5.825    17.163    23.481    14.690     1.362     4.370     1.593     1.662     0.965     0.514     1.991     5.765
     9.75    49.75    2034     3.257     0.000    28.496     7.647     4.727    13.020    18.120     5.534     4.871     2.326     5.012     3.279
     9.75    49.75    2035     0.000    17.399    28.599    22.601     8.914     1.920     1.883    16.467     9.602     0.487     1.275     6.848
     9.75    49.75    2036     8.941    16.763    28.349    26.223     3.968     1.673     1.909     4.579     2.734     2.736     6.287     8.640
     9.75    49.75    2037    10.772    13.391    25.261     4.515     1.990     2.788     4.182     8.070     7.502     3.026     2.726     6.560
     9.75    49.75    2038    11.595    16.124    21.102    17.393    10.027    17.043     9.446     4.840     6.540     4.633     4.277     0.842
     9.75    49.75    2039     5.250    17.502    15.077     8.780    10.015     8.065     3.195     3.120     2.714     3.747     4.807     4.802
     9.75    49.75    2040     9.020    16.667    29.124    14.296     4.655    12.865     3.213     0.725     4.662     5.543     5.399     7.400
     9.75    49.75    2041    10.508    18.097    22.658    17.757     6.641    30.415    22.217    12.343     5.545     2.100     6.125     3.336
     9.75    49.75    2042     0.000    13.877    30.823    31.241     6.833     1.521     1.654     1.107     0.702     0.369     0.866     0.792
     9.75    49.75    2043     0.000     0.000    32.724     8.185     0.696    13.582    11.554    10.498    14.246     3.956     5.858     5.937
     9.75    49.75    2044     6.173     5.258    25.892    27.480     4.563     0.781     1.864     2.648     1.809     0.887     1.183     5.031
     9.75    49.75    2045     2.562     4.585    31.443    13.999    10.522    12.120    11.969     1.926     1.024     0.665     3.573     5.417
     9.75    49.75    2046     2.854    14.349    24.706    24.832    19.771    12.392     5.622    15.170    10.536     4.738     8.382     9.151
     9.75    49.75    2047     2.349     0.000     0.000    45.859    22.784     7.045     5.363     6.203     3.891     1.773     1.893     5.655
     9.75    49.75    2048     3.751    19.242    31.937    12.957     3.407     1.102     2.186     2.385     0.854     1.796     8.516     9.412
     9.75    49.75    2049     2.006    16.019    27.021    17.016    10.827    16.867    13.396    10.707     8.038     4.276     5.829     7.651
     9.75    49.75    2050     2.838     0.000    17.987    33.118    15.262     9.976     1.569     2.114     1.409     0.798     2.682     7.276
     9.75    49.75    2051    10.064    18.040    28.638    21.014     6.342     1.692     1.220     1.513     2.673     1.370     1.573     4.678
     9.75    49.75    2052     0.432     0.000    28.403     6.247     3.133     2.433     1.191     3.246     2.125     2.041     4.211     2.821
     9.75    49.75    2053     0.000     0.000    25.708    16.095     1.501     1.878     9.043    23.698    10.023     1.860     4.334     5.690
     9.75    49.75    2054     2.401    13.902    24.984    20.495     3.172    15.578     5.275     0.835     0.299     1.642     4.178     8.180
     9.75    49.75    2055    10.977    17.615    19.597     4.526     3.310    13.887    17.392    21.730    11.434     3.070     8.307     8.715
     9.75    49.75    2056     9.153    20.234    21.214     6.873     6.701    17.654    16.604     9.923     5.003     0.424     2.431     5.851
     9.75    49.75    2057    10.306    17.898    31.387    18.841     4.991     4.608    13.961    11.610    10.735     3.662     0.938     0.334
     9.75    49.75    2058     5.001    16.257    26.397    13.610     3.411     1.965     5.054    15.948     9.692     1.537     3.101     3.522
     9.75    49.75    2059     0.000    15.692    30.356    15.514    12.884    12.130     3.217     6.975     2.018     0.980     2.624     3.543
     9.75    49.75    2060    10.260    17.878    28.984    11.684     5.048    15.292    15.550     3.099     1.342     1.632     6.112     8.267
     9.75    49.75    2061     1.829    20.564    26.287    15.584     2.257     1.444     2.856     1.681     1.134     1.021     0.768     2.121
     9.75    49.75    2062     5.354    19.815    19.289    17.971    17.590    23.128     8.438     3.971     1.337     0.865     1.861     6.610
     9.75    49.75    2063    10.523    18.963    28.248    16.408     7.290    25.148    20.550    20.631    10.875     2.739     7.101    10.289
     9.75    49.75    2064    11.809    17.071    29.401    14.476     0.863     5.878     4.209    11.612     2.628     0.282     1.415     3.902
     9.75    49.75    2065     0.000    11.397    33.872    14.530     6.091     7.794     4.368     1.863     2.575     1.252     3.958     7.012
     9.75    49.75    2066    12.162    20.192    27.338    23.002     3.572     1.353     2.536    10.058     6.061     3.497     2.831     6.357
     9.75    49.75    2067     6.681     0.000    30.166     4.476     1.323    11.092     6.041     2.546     1.529     0.368     2.180     5.577
     9.75    49.75    2068     2.500     7.915    34.042     8.915     0.359    12.546     8.547     0.674     1.077     0.931     2.173     3.787
     9.75    49.75    2069     7.416    13.617    24.747    25.721    12.042     5.823     4.516     3.056     0.979     0.406     2.718     4.609
     9.75    49.75    2070     7.290    16.209    23.198    12.769    17.692     5.258     2.971     4.932     1.050     2.057     6.344     6.755
     9.75    49.75    2071    10.329    15.852    39.032    17.321     1.566     5.346    11.902     7.408     4.454     4.484     9.283     9.723
     9.75    49.75    2072     3.941    19.758    34.391    37.177    23.401     8.926     4.967     1.319     1.383     4.485     5.761    10.464
     9.75    49.75    2073    11.562    18.410    30.372    24.182     6.780     9.272    25.567    18.898     7.335     2.167     2.788     8.874
     9.75    49.75    2074    11.036    18.311    30.174    19.125    12.055     9.582     4.959     7.284     8.318     6.951     9.909     7.730
     9.75    49.75    2075    11.720    16.379    35.738    32.362     7.776     2.157     2.566     3.728     5.979     1.448     3.963     7.917
     9.75    49.75    2076    12.803    19.973    28.610    14.981    21.654     8.325     1.082     3.703     2.781     0.594     7.131    11.011
     9.75    49.75    2077    13.743    17.182    27.066    11.341    13.555    10.168    17.364    14.241     8.190     9.385    20.936     7.726
     9.75    49.75    2078     9.683    16.809    25.858     5.828     1.671     0.330     0.123     0.160     0.242     0.749     8.872     8.725
     9.75    49.75    2079    11.351    18.795    30.399    17.740     0.650     0.437     2.822     0.418     0.354     0.282     3.392     5.616
     9.75    49.75    2080     0.000    15.792    32.245    21.748    20.310    23.056    21.397    12.117     5.021     2.324     6.398     6.457
     9.75    49.75    2081     6.052    12.957    23.031     7.849     2.182     9.065    17.341     8.604     4.011     5.952    13.976     9.111
     9.75    49.75    2082    10.761    20.939    19.651     7.187    11.397     6.024     2.273     0.762     0.510     1.973     8.496     3.885
     9.75    49.75    2083    10.303    16.738    31.884    40.247    22.259     8.561     1.882     8.015     5.445     0.626     1.295     6.573
     9.75    49.75    2084    10.872    16.738    27.471    13.522     6.675     5.247     2.276     5.603     3.689     3.953     4.435     7.346
     9.75    49.75    2085     5.003    21.834    27.652    23.319     9.763    12.804     7.272     8.031     2.402     0.719     3.531     5.896
     9.75    49.75    2086    10.806    16.983    18.890     7.625    14.724     5.473     3.703     2.606     1.944     2.475     3.721     8.807
     9.75    49.75    2087    13.539    15.380    19.425     9.513     7.154     3.116     0.869     2.023     1.406     2.025     3.326     8.346
     9.75    49.75    2088    12.839    16.319    23.563    21.049    19.928     7.052     2.580    17.254    11.887     4.951     7.103     7.301
     9.75    49.75    2089    12.939    23.318    13.039     6.710     4.749    16.602    10.931    21.771    13.534     6.054     7.304     7.274
     9.75    49.75    2090     8.535    21.555    26.079     6.234     1.697     1.055     2.280     2.113     2.856     7.704    19.318     9.232
     9.75    49.75    2091     3.967     0.000    34.304    33.641    10.814     7.360     1.702     5.251     1.782     1.417     4.382     7.133
     9.75    49.75    2092    10.361    17.785    22.927    18.201     8.558     4.573     3.286     0.915     6.041     3.860     4.187     1.492
     9.75    49.75    2093     4.559    19.484    29.907    10.368     0.828     1.339     7.604    11.852     5.384     2.717     2.193     1.916
     9.75    49.75    2094    10.224    16.523    23.170    19.311    14.730     9.623     4.822     9.842     5.197     1.040     7.042     2.367
     9.75    49.75    2095     0.000    12.444    23.533     7.807    13.948    21.547     4.578     1.000     0.495     1.748     6.726     8.969
     9.75    49.75    2096    12.546    20.010    24.555     5.776     2.451    14.302     9.481     3.283     2.801     7.166    16.418    10.872
     9.75    49.75    2097    10.153    21.295    30.338    19.368     5.044     4.584     1.941     3.397     2.240     1.359     2.216     9.256
     9.75    49.75    2098    10.570    19.786    38.155    19.376     3.986     0.857     7.926    20.131    13.041     4.613     8.714     8.653
     9.75    49.75    2099    12.773    21.529    20.156     6.570    18.883     5.111     1.576     2.525     4.945     7.035    13.000     8.749
     9.75    49.75    2100    13.737    22.612    36.432    34.334    12.968     3.888     0.865     1.795     1.748     2.356     4.608     8.487
     9.75    49.75    2101    10.806    15.782    32.872    12.177     1.516    12.310     8.653     7.767     8.907     5.274     9.936     9.271
     9.75    49.75    2102     9.990    20.803    34.560    39.334    15.926     6.728     4.725     2.338     3.749     4.766     7.011    10.279
     9.75    49.75    2103    12.392    19.336    36.444    23.000    13.190     8.194    27.239    22.850    15.852     4.726     4.785     9.763
     9.75    49.75    2104    10.955    19.462    27.092    13.753    14.781    10.870     7.791    18.257     5.434     8.288    17.377     8.754
     9.75    49.75    2105    12.946    18.202    37.009    27.330    10.930     2.851     4.062    11.550     5.854     2.532     5.232     8.801
     9.75    49.75    2106    12.984    19.833    32.553    14.152    21.849    12.465     1.236     4.958     0.924     1.144     8.358    11.814
     9.75    49.75    2107    14.216    17.680    32.264    10.580    13.156    11.021    20.077    12.380    13.852     6.947    18.110     8.232
     9.75    49.75    2108    11.548    18.099    28.963     5.460     2.757     0.560     0.358     0.514     0.835     1.052     8.129     9.211
     9.75    49.75    2109    12.407    22.708    34.242    19.318     1.204     0.937     2.750     0.944     0.392     0.549     3.548     5.153
     9.75    49.75    2110    13.152    17.723    33.037    21.712    22.725    36.185    14.175    19.323     5.099     1.805     7.163     6.637
     9.75    49.75    2111    12.852    15.394    17.711     7.406     2.478    12.356    17.738     8.056     3.360     6.623    15.989     9.458
     9.75    49.75    2112    11.315    22.835    24.017    10.172    11.682     4.677     3.145     1.483     1.071     2.400    10.141     4.674
     9.75    49.75    2113    11.787    17.544    35.993    38.446    17.668    14.361     4.256     8.072    10.972     1.361     2.105     6.528
     9.75    49.75    2114    11.791    18.722    34.461    17.255     8.654     9.133     5.228     7.207     6.769     4.858     4.794     7.657
     9.75    49.75    2115     3.618    21.659    25.326    22.035    13.833    12.118     9.028     9.947     2.509     0.897     4.140     7.650
     9.75    49.75    2116    11.806    14.409    18.528     8.968    16.435     5.544     8.593     1.217     2.874     2.655     4.905     7.898
     9.75    49.75    2117    11.737    14.121    17.441    15.728     4.824     1.831     1.335     1.656     1.954     1.325     2.807     8.789
     9.75    49.75    2118    14.495    18.785    21.342    14.811    16.465     7.507     4.058    17.997     7.808     3.764     5.882     7.009
     9.75    49.75    2119    12.797    21.679    11.108     6.717     6.893    12.010    15.726    22.265    12.046     9.349     9.109     6.156
     9.75    49.75    2120    10.447    22.243    26.015     4.796     1.686     1.101     2.254     2.758     1.680     7.432    14.591    11.059
     9.75    49.75    2121     4.614     0.000    37.256    30.258    10.417     4.461     1.724     2.644     3.266     1.498     4.163     8.648
     9.75    49.75    2122    11.173    19.347    26.838    18.855     8.428     3.959     2.947     0.845     3.870     3.688     3.903     1.508
     9.75    49.75    2123     9.894    20.689    29.812     7.815     0.950     3.587     9.355     7.813     2.968     2.401     2.542     6.550
     9.75    49.75    2124    13.266    17.460    23.832    20.397    15.234    14.344     5.802    11.823     5.695     1.599     6.514     4.361
     9.75    49.75    2125     3.167    16.696    19.295     9.183    12.699    17.035     7.641     1.717     1.536     3.028    10.962     9.035
     9.75    49.75    2126    12.130    19.777    25.423     5.398     2.423    11.590    11.394     2.261     1.704     7.587    15.139    10.683
     9.75    49.75    2127    10.111    21.126    29.959    11.578     5.820     1.944     1.912     2.650     1.351     0.832     2.940     8.469
     9.75    49.75    2128    11.000    18.304    38.187    21.772     3.600     0.929    10.294    13.989    13.654     4.185     8.403     8.647
     9.75    49.75    2129     9.776    22.409    18.512     7.196     9.765     9.564     2.132     2.275     4.084     9.441    15.881     9.213
     9.75    49.75    2130    13.012    19.020    32.044    34.239    12.517     4.286     0.952     1.953     1.868     1.503     4.589     9.623
    13.75    55.75    1980     1.947     0.000    27.413    29.877     6.527     1.940     1.230     0.558     7.158     9.754     2.954     2.761
    13.75    55.75    1981     4.985    14.329    23.935    20.134     6.210     2.594     2.176     0.484     1.042     2.908     4.110     3.160
    13.75    55.75    1982     0.756     9.305    22.392    26.823    14.821     7.608     0.790     0.913     1.850     6.304     2.498     1.058
    13.75    55.75    1983     0.000     6.649    28.457    21.119     6.530     5.733     2.589     0.523     0.484     1.729     2.996     2.948
    13.75    55.75    1984     4.738    10.743    23.515    27.890    24.799     8.182    15.922    21.802     8.168     4.700     3.180     0.991
    13.75    55.75    1985     0.000     0.000     0.000    27.223    30.221    14.952    19.705    23.958    10.541     7.286     4.268     1.039
    13.75    55.75    1986     0.000     0.000     0.000     5.831    30.988     4.974     1.384    10.446    14.484     8.337     4.017     2.867
    13.75    55.75    1987     0.625     0.000     0.000    25.750    11.492    14.182    11.074     1.183    14.751     8.635     3.096     2.611
    13.75    55.75    1988     4.619    11.083    25.266    17.563     6.760     1.672     1.103     1.515     2.167     2.264     1.797     2.589
    13.75    55.75    1989     0.589     0.000     8.130    34.893    18.872     2.618     4.401     2.843     2.197     5.466     3.263     1.444
    13.75    55.75    1990     3.399     3.727     3.298    41.425    19.010    26.802     5.216     8.205    11.729     4.844     2.359     1.552
    13.75    55.75    1991     0.000     0.000    31.725    23.181     9.199     0.681     3.899    22.963    14.854     9.096     1.597     1.549
    13.75    55.75    1992     4.369     1.112    21.435    30.106    23.630    17.407     6.204     0.581     1.020     1.128     3.563     1.356
    13.75    55.75    1993     0.000     0.000     4.021    30.432    11.231     4.776    27.103    16.490     6.999     4.841     4.221     0.000
    13.75    55.75    1994     0.000     0.000    19.030    24.536     8.727    12.972    15.639    21.737     9.619     8.616     3.019     2.565
    13.75    55.75    1995     1.357     0.000    14.914    28.336    14.651    10.127     2.971     0.845     1.309     3.595     3.074     2.930
    13.75    55.75    1996     4.222    11.807    25.814    30.911    12.897     2.433     1.258     4.811     4.444     7.026     3.557     2.643
    13.75    55.75    1997     1.524     0.000     0.000    38.486    10.161     5.127    12.459     6.853    12.743     6.279     2.878     1.976
    13.75    55.75    1998     5.166    10.827    20.100    17.050     5.951    14.154     4.332     0.896     4.456     2.857     1.912     2.460
    13.75    55.75    1999     1.638     5.201    25.359    28.603    12.759     2.665     1.430     2.095    10.181    10.768     5.060     3.270
    13.75    55.75    2000     4.582    10.840    24.035    15.440     1.913     1.792     0.957     0.494     6.063     5.515     4.656     2.914
    13.75    55.75    2001     1.376     0.000     0.000    25.503    21.234    15.468    20.276    29.767    19.185     8.299     5.354     2.798
    13.75    55.75    2002     0.955     0.000    28.243    29.473    28.238     1.030     1.167     5.772    16.068     8.586     3.394     2.292
    13.75    55.75    2003     1.781     0.000     3.678    36.352    19.461     3.253    12.078    11.532     8.823    10.622     3.726     2.813
    13.75    55.75    2004     4.224     9.397    22.163    28.105    15.041    14.820    40.925    11.322     3.760     1.841     3.110     2.680
    13.75    55.75    2005     5.153     4.412    28.710    15.957     6.231    19.964     2.074     0.730     1.516     4.396     3.597     1.623
    13.75    55.75    2006     0.000     0.000    22.174    18.414     1.589     0.760     0.409     1.075     7.920     9.652     4.397     2.589
    13.75    55.75    2007     0.609     0.000    13.520    34.761    22.378     5.067     2.217     8.551    10.919     8.006     3.809     2.781
    13.75    55.75    2008     4.876    10.539    25.622    21.070     7.094     0.560     1.969     0.650     1.730     3.577     2.394     2.750
    13.75    55.75    2009     5.508    11.122    24.988    18.274     5.018     0.840     5.820     1.099     2.564     3.527     3.557     2.824
    13.75    55.75    2010     0.594     0.000    27.972    17.570    12.132     7.880    13.156    13.297     7.730     5.176     1.424     2.448
    13.75    55.75    2011     1.575     6.692    25.224    14.124     7.284     2.529    11.802     2.860     0.909     1.266     2.945     2.853
    13.75    55.75    2012     1.021    10.336    21.670    26.212    15.540     1.918     0.555     0.983     6.223     6.070     4.826     3.027
    13.75    55.75    2013     1.244     0.000    20.449    30.143    14.451     1.934    11.730    17.246     6.664     1.891     2.444     2.539
    13.75    55.75    2014     0.572     0.000     4.591    28.346     9.425     6.018     0.181     1.175     3.046     2.014     2.570     2.817
    13.75    55.75    2015     4.670    10.670    24.859    23.057     4.563     0.328     2.207     0.351     0.339     0.128     1.596     2.650
    13.75    55.75    2016     4.520    12.153    24.131    27.711    19.933     1.002     0.087     3.287     3.229     5.410     1.577     2.229
    13.75    55.75    2017     4.455    10.831    24.856    21.397    22.855     7.160     2.623     2.738     1.318     7.048     2.863     1.051
    13.75    55.75    2018     0.000     5.694    23.007    16.915     4.909    14.922     1.251     0.545     0.176     2.545     3.635     2.916
    13.75    55.75    2019     4.579    11.376    26.581    22.434     2.981     0.160     3.078     0.105     5.840     6.137     4.903     2.974
    13.75    55.75    2020     5.046    10.914    23.187    17.652     7.622     6.761     2.094     2.307     6.261     4.068     4.028     1.190
    13.75    55.75    2021     0.000     0.000     0.000    28.058    12.177     4.067     0.990     0.154     0.191     0.261     1.192     0.753
    13.75    55.75    2022     0.000     0.000    26.573    16.770     3.255    41.953    17.795     0.408     0.249     2.717     2.270     2.522
    13.75    55.75    2023     1.368    12.235    20.024    31.759    43.995    26.435    23.188    15.330    13.241     2.634     1.891     2.709
    13.75    55.75    2024     0.612     7.883    21.921    21.761     5.046     1.494     1.721     7.329     1.981     3.782     2.839     2.986
    13.75    55.75    2025     5.065    10.400    27.937    27.023     6.624     2.271     2.019     1.631     6.550     7.000     3.836     1.839
    13.75    55.75    2026     0.311     5.664    24.165    26.049    20.547     3.754     0.957     4.254     5.546     6.927     3.597     2.724
    13.75    55.75    2027     2.149    10.516    25.504    20.676     4.826     0.262    27.752    38.229    13.365     5.612     3.331     1.437
    13.75    55.75    2028     0.000     0.000    18.227    25.731    20.648     7.928    29.379    13.721     2.582     3.272     2.092     1.613
    13.75    55.75    2029     0.000     0.000    14.295    40.409     9.885     0.190     0.472     8.101    11.676     7.072     2.447     2.501
    13.75    55.75    2030     1.077     0.000    23.935    34.948    15.812    26.929    16.861     1.508     0.129     2.186     3.593     3.238
    13.75    55.75    2031     4.905    13.655    24.418    11.944     2.671     0.447     2.828     8.935     5.046     3.527     6.097     3.392
    13.75    55.75    2032     4.804    11.324    26.474    13.919     6.238     0.969     0.189     0.244     2.918     5.660     4.701     2.921
    13.75    55.75    2033     4.458    10.960    25.665    13.095     2.471    18.071    34.530     3.621     4.916     3.999     3.666     2.957
    13.75    55.75    2034     2.410     0.000     0.000    33.360     5.226    34.987    10.400     7.697    11.191     5.989     3.590     2.053
    13.75    55.75    2035     3.844    10.704    21.273    24.855     7.601     6.979    33.205    11.151     1.568     0.594     2.278     2.701
    13.75    55.75    2036     4.739     9.745    25.686    30.429     3.969     3.668     1.038     4.937     8.696    10.588     4.017     3.147
    13.75    55.75    2037     4.500     9.266    24.198    19.800     4.214    10.855    20.602     5.370     1.817     4.349     3.937     3.109
    13.75    55.75    2038     4.679    11.554    26.222    22.326    10.650    18.712    44.836    10.327     1.697     1.755     2.052     1.371
    13.75    55.75    2039     4.474    12.502    20.395    28.029     6.954     6.198     1.724     4.068     3.782     5.132     2.654     2.967
    13.75    55.75    2040     4.862    10.373    24.246    10.371     3.171     1.153     4.898     2.160     8.111     8.125     4.343     1.897
    13.75    55.75    2041     5.134    10.748    20.175    12.594     2.163     0.688     2.397     3.440    16.072     9.880     4.994     1.965
    13.75    55.75    2042     4.925     8.928    26.563    21.941     5.747    21.216    22.250    14.461    14.310     7.206     3.708     1.699
    13.75    55.75    2043     0.000     0.000    12.412    29.380     5.642     0.930     0.137     1.385     2.548     2.848     2.036     2.781
    13.75    55.75    2044     4.947    10.651    20.890    12.593     4.728    23.065    36.149    25.760    13.514     7.363     3.060     3.415
    13.75    55.75    2045     1.563     0.880    26.801    26.004    15.537     6.660     0.311     0.305     0.168     1.393     2.676     2.498
    13.75    55.75    2046     4.293    14.281    21.999    25.005    28.644     2.768    15.588    13.052     0.490     3.545     3.210     2.955
    13.75    55.75    2047     4.812     0.000     0.000    38.959    20.173     9.240     1.875     0.300     3.749     3.292     2.775     2.727
    13.75    55.75    2048     1.403     5.271    24.980    21.123     9.815     7.264     7.335     1.198     0.570     2.579     4.182     3.010
    13.75    55.75    2049     0.945     6.654    24.067    20.658     9.921     4.645    39.388    24.798     7.048     4.852     2.587     2.982
    13.75    55.75    2050     1.758     7.932    21.514    34.286    21.052    10.420     2.524     2.574     4.101     8.169     4.003     3.033
    13.75    55.75    2051     4.569    11.175    26.587    24.203    17.689    21.093     5.809     3.292     6.407     3.925     3.792     3.264
    13.75    55.75    2052     0.183     0.000    23.158    34.544    24.474     6.312     1.863     2.953     3.038     8.008     3.671     2.958
    13.75    55.75    2053     0.348     0.000    11.213    30.737     6.223     8.002     1.555     3.993     8.950     5.826     4.635     2.793
    13.75    55.75    2054     0.818     0.000    11.384    27.188    11.203     4.475    20.830    11.104     3.744     3.371     3.432     3.036
    13.75    55.75    2055     4.856    12.175    25.464     5.779     0.854     8.356     1.284     1.512     6.439     5.555     5.067     3.345
    13.75    55.75    2056     5.455    11.333    27.528    19.112    13.351     7.510     1.202    16.472    17.787    10.442     6.241     3.147
    13.75    55.75    2057     4.915    12.134    23.436    27.352     6.121     0.339     0.340    21.330    15.261     7.702     3.228     2.531
    13.75    55.75    2058     4.354    12.692    23.911    19.679     6.970     7.206     2.937    16.045     5.969     2.926     3.095     2.738
    13.75    55.75    2059     1.919    10.503    26.646    17.865    16.861    13.611    27.605    12.336    14.239     6.296     4.526     3.126
    13.75    55.75    2060     4.658    13.248    24.162    18.519     1.718     0.435    35.049    21.741     1.112     2.734     3.569     3.169
    13.75    55.75    2061     0.621    11.782    26.214    30.614    12.564     1.264     7.344    27.768     8.801     4.104     3.122     3.432
    13.75    55.75    2062     5.180    12.576    26.136    28.085    31.203    13.092     2.350     2.633     3.196     5.764     3.190     2.934
    13.75    55.75    2063     5.055    11.782    25.436    29.446    10.995     7.726     0.740     6.463    10.889     6.836     3.343     2.265
    13.75    55.75    2064     4.534    11.117    27.098    18.020     2.276     3.170    16.802    16.406    15.101     7.962     2.002     3.075
    13.75    55.75    2065     1.078     8.765    25.030    29.662     6.834     0.643     2.320    19.040    10.911     3.466     4.005     2.989
    13.75    55.75    2066     5.687    12.205    29.480    21.539     7.428     1.694     1.384     0.823     6.572    10.497     3.370     3.900
    13.75    55.75    2067     5.032     9.300    29.548     9.896     8.745    11.522     1.369     1.346     0.576     1.298     4.004     3.111
    13.75    55.75    2068     1.789     0.000    31.943    18.021     0.942     0.212     4.799     6.798     4.041     0.797     2.818     3.049
    13.75    55.75    2069     6.621    14.505    29.751    28.679    22.949    27.942    22.066     6.945     1.013     1.661     3.591     3.481
    13.75    55.75    2070     4.742    10.535    25.273    16.988     9.169    19.107     7.111     1.297    11.113     7.813     3.436     3.202
    13.75    55.75    2071     4.734    10.102    24.136    19.280     4.127     5.028    11.654     4.083     8.338     6.069     4.099     3.402
    13.75    55.75    2072     4.779    10.712    27.977    35.159    22.188    24.510    33.939    22.321     8.853     6.480     3.881     3.553
    13.75    55.75    2073     5.427    11.065    23.569    20.355     4.608     0.738     2.321     1.438     5.338     5.839     2.872     3.509
    13.75    55.75    2074     5.115    12.759    25.763    30.189     8.754     3.661     7.229    16.145    13.669     7.761     3.393     3.214
    13.75    55.75    2075     4.492     9.590    28.057    36.542    10.179     7.977    34.972    12.205     1.843     2.761     2.189     3.113
    13.75    55.75    2076     5.431    12.081    24.948    28.542     3.556     0.095     2.909     6.813     1.693     3.788     4.339     3.589
    13.75    55.75    2077     6.677    12.078    28.684    17.864     8.357     4.289     0.380     0.282     6.859     8.741     4.026     3.455
    13.75    55.75    2078     5.277    12.970    30.706    14.172     6.084     5.794    27.376    15.991     6.373     4.956     4.015     3.468
    13.75    55.75    2079     5.230    13.002    31.216    16.993     1.550     1.097    40.034    20.969    12.159     4.991     5.796     3.110
    13.75    55.75    2080     5.133    12.152    27.774    19.337    10.202     6.952     1.653     2.935     6.744     5.249     4.466     3.129
    13.75    55.75    2081     7.041     8.300    23.812    15.868    16.625     3.039     0.840     0.266     1.423     1.965     3.238     3.405
    13.75    55.75    2082     5.561    12.324    29.327    30.324    15.170    18.877     9.215    11.902     6.408     5.279     5.936     1.645
    13.75    55.75    2083     5.910    12.821    27.037    40.570    17.667     3.033     1.434     2.853     1.677     2.498     1.893     3.692
    13.75    55.75    2084     5.169    11.978    30.871    14.896    17.316    26.641     8.825     1.950     0.713     2.239     7.065     3.410
    13.75    55.75    2085     4.826    13.170    24.905    35.291    25.106     3.911     2.979    12.033     9.713     3.612     3.156     2.862
    13.75    55.75    2086     6.181    11.960    22.585    17.094     7.214     7.707     1.679     6.449     7.509     3.408     4.303     3.602
    13.75    55.75    2087     6.242    13.439    23.303    19.730    19.540    11.837     1.251     0.806     0.394     2.227     3.269     3.707
    13.75    55.75    2088     6.868    13.183    24.145    21.781    12.372     9.589     1.396     1.356     3.625     8.840     6.153     3.312
    13.75    55.75    2089     5.428    15.621    18.846     8.315     3.596     0.896     0.419     2.388     7.735     6.979     6.017     3.685
    13.75    55.75    2090     3.172    13.304    28.355     9.065     5.202     0.589     4.235     6.422     7.378     8.150     8.981     3.912
    13.75    55.75    2091     5.412    12.315    23.476    26.104    11.296    24.098    16.328    11.993     6.027     7.735     3.450     3.742
    13.75    55.75    2092     5.093    12.796    25.882    19.952     5.290     2.138     0.424     1.263     4.914     9.091     5.754     3.105
    13.75    55.75    2093     5.027    12.279    26.624    22.689     4.981     7.457     4.175     1.020     0.916     1.196     3.227     3.495
    13.75    55.75    2094     4.134    11.204    25.978    21.787    23.999     0.763    24.288    15.101     2.973     2.050     3.205     2.380
    13.75    55.75    2095     2.612     8.784    28.866    21.720     7.540     7.609    13.107     9.186     8.341     2.984     3.345     3.613
    13.75    55.75    2096     6.032    13.184    29.839    17.114     4.965     1.171     0.356    15.673     9.530     9.626     8.895     3.768
    13.75    55.75    2097     5.192    11.785    27.522    20.589     4.187     2.496     1.183    29.348    15.377     6.297     3.173     3.391
    13.75    55.75    2098     1.368     6.208    32.605    36.895     7.897     0.254     4.187     1.588     0.386     3.134     3.301     3.440
    13.75    55.75    2099     1.971    12.722    34.154    27.905    22.591    34.539     7.103     1.929     4.274     7.092     9.916     3.769
    13.75    55.75    2100     6.084    13.260    30.002    24.315     8.995    20.805    16.949     3.577     1.378     2.246     3.400     3.580
    13.75    55.75    2101     5.305    11.369    27.046    17.646     3.328    12.901     4.429     1.111    12.060     7.612     4.830     3.838
    13.75    55.75    2102     5.537    12.188    33.808    42.854    24.025    30.212    37.132    20.211    12.826     9.377     3.806     3.465
    13.75    55.75    2103     6.315    13.545    28.104    22.648     4.787     0.497     4.001     3.952     6.772     5.538     4.710     4.140
    13.75    55.75    2104     5.684    15.408    29.925    25.248    10.669     2.253    15.879    21.017    12.095     7.136     4.724     3.781
    13.75    55.75    2105     5.221    10.915    26.061    33.200    19.537    15.649    40.714     4.853     0.424     3.073     3.524     3.616
    13.75    55.75    2106     6.301    13.400    29.120    19.542     8.186     0.326     2.022     5.670     8.008     8.693     6.183     4.340
    13.75    55.75    2107     7.530    12.805    28.713    19.454     9.676     9.436     0.827     0.360    10.721    11.580     5.225     4.104
    13.75    55.75    2108     5.974    13.961    36.906    16.571     3.998    10.980    25.121    22.014     6.323     7.884     5.631     3.979
    13.75    55.75    2109     5.966    14.727    29.655    14.372     2.917     0.981    37.594    25.252    12.578    10.124     6.439     3.722
    13.75    55.75    2110     5.907    13.159    26.411    18.511     9.799     9.208     5.660     4.121     7.933     9.004     5.810     3.632
    13.75    55.75    2111     7.709    11.380    26.468    20.615    18.765     9.859     0.679     0.219     2.607     3.130     4.207     3.822
    13.75    55.75    2112     6.173    13.738    35.542    26.201    18.913    20.306    22.235    14.192     9.167     6.061     8.682     3.710
    13.75    55.75    2113     6.641    14.662    29.649    44.304    23.813     8.420     3.461     4.802     2.573     2.350     3.166     4.186
    13.75    55.75    2114     5.690    12.285    32.884    18.298    16.498    29.994     8.865     1.802     0.812     2.820     8.656     3.712
    13.75    55.75    2115     5.332    14.554    29.127    29.647    20.085    13.615     1.466     9.463    14.175     3.896     4.307     3.260
    13.75    55.75    2116     6.804    12.611    24.666    13.710    10.945     7.034     3.602    11.657     7.880     4.260     5.736     4.119
    13.75    55.75    2117     6.932    13.862    24.387    21.057    36.673    13.450     2.362     0.891     0.356     2.672     2.792     3.554
    13.75    55.75    2118     7.545    15.089    27.904    24.977    20.021    16.841     1.269     1.178     6.582     9.828     7.318     3.638
    13.75    55.75    2119     5.806    16.728    19.811     9.857     6.037     0.751     0.279     2.872    12.889    10.295     8.680     4.068
    13.75    55.75    2120     5.602    13.921    31.988    15.046     5.922     2.007     2.132     8.933    12.736     9.237    11.159     4.353
    13.75    55.75    2121     6.032    16.043    24.572    27.296    17.531    22.341    30.802    15.217    10.357    10.245     4.543     4.194
    13.75    55.75    2122     5.544    14.001    29.099    21.488    10.696     2.961     1.274     1.922     9.478    10.944     8.234     4.020
    13.75    55.75    2123     5.559    13.230    28.481    25.144     3.946    18.141     6.732     1.698     2.914     2.049     2.925     4.001
    13.75    55.75    2124     5.037    11.208    25.507    35.827    16.466     1.620    15.665    30.090    11.424     2.592     5.582     3.693
    13.75    55.75    2125     5.556    12.135    29.435    24.914    10.636     7.311    21.368    19.677     9.298     3.313     3.717     3.974
    13.75    55.75    2126     6.302    14.140    34.049    20.011    10.882     1.344     0.317    25.082    15.357     9.746    10.141     3.885
    13.75    55.75    2127     5.519    12.712    28.898    18.065     4.544     3.599     1.145    24.164     9.682     9.659     3.210     3.913
    13.75    55.75    2128     1.548     7.547    33.623    42.166     9.455     0.214     2.493     0.315     0.716     3.087     5.063     3.649
    13.75    55.75    2129     6.012    12.931    30.826    29.456    25.178    29.321    13.838     2.490     4.418     9.776    11.257     3.892
    13.75    55.75    2130     6.435    14.630    30.205    21.478     9.133    21.673    10.298    16.520     4.256     1.924     3.724     3.976
    23.75    61.75    1980     0.000     0.000     0.000     0.000    19.640    14.749    10.741     4.510     8.030     4.664     1.110     0.000
    23.75    61.75    1981     0.000     0.000     5.046    18.420    16.069     5.767     4.939     9.534     7.524     4.427     0.486     0.000
    23.75    61.75    1982     0.000     0.000     0.000     0.000    15.112    18.804     2.499     2.864     6.669     5.269     1.141     0.000
    23.75    61.75    1983     0.000     0.000     0.000     5.808    16.474     4.132     2.837     1.005     0.626     1.615     0.000     0.000
    23.75    61.75    1984     0.000     0.000     0.000     0.000    17.303     9.054    32.930    28.547    15.718     5.395     0.886     0.000
    23.75    61.75    1985     0.000     0.000     0.000     0.000    22.697    18.496    16.362    20.291     8.533     4.352     0.148     0.000
    23.75    61.75    1986     0.000     0.000     0.000     0.000    18.798    13.135    12.626     4.261     5.536     2.865     0.348     0.000
    23.75    61.75    1987     0.000     0.000     0.000     0.000    21.247    18.387    26.250     7.865     5.936     5.116     0.346     0.000
    23.75    61.75    1988     0.000     0.000     0.000    12.856    14.069    12.819     4.898    12.327    15.704     5.852     0.851     0.000
    23.75    61.75    1989     0.000     0.000     0.000     0.000    18.695     3.292     8.363     2.773     5.786     4.202     0.306     0.000
    23.75    61.75    1990     0.000     0.000     0.000     0.000    22.692    12.301    10.280    23.278    11.301     7.801     0.886     0.000
    23.75    61.75    1991     0.000     0.000     0.000     0.000    25.402    13.865     3.739     3.290     7.297     5.781     0.495     0.000
    23.75    61.75    1992     0.000     0.000     0.000     4.178    21.611     8.489    25.271    23.804    11.105     3.405     0.000     0.000
    23.75    61.75    1993     0.000     0.000     0.000     9.677    14.120     1.360     9.467    13.391     9.370     5.876     0.664     0.000
    23.75    61.75    1994     0.000     0.000     0.000     5.725    23.804    16.235     4.446    16.310    11.639     5.141     0.900     0.000
    23.75    61.75    1995     0.000     0.000     0.000     0.000    22.882    13.350    20.112     9.148     4.427     3.733     1.121     0.000
    23.75    61.75    1996     0.000     0.000     0.000     0.000    22.559     2.382     2.237    23.649     8.237     3.332     0.662     0.000
    23.75    61.75    1997     0.000     0.000     0.000     0.000    25.846     6.456     7.640    16.601    13.653     4.490     0.989     0.000
    23.75    61.75    1998     0.563     0.036     0.000     3.313    26.698    14.535    13.675    12.587     8.108     4.725     0.819     0.000
    23.75    61.75    1999     0.000     0.000     0.000    17.067    19.794    11.789    17.281    20.092    10.431     4.349     1.006     0.000
    23.75    61.75    2000     0.000     0.000     0.000    12.439    12.732     4.318    12.523    17.396     7.838     3.066     0.891     0.000
    23.75    61.75    2001     0.000     0.000     0.000    10.284    18.144     1.830     1.223    26.467     8.970     2.011     0.000     0.000
    23.75    61.75    2002     0.000     0.000     0.000     0.000    17.586    25.505    10.515     9.505    10.264     2.964     0.657     0.000
    23.75    61.75    2003     0.000     0.000     0.000     0.000    19.779    10.524     3.100     3.193     6.572     5.897     0.656     0.000
    23.75    61.75    2004     0.000     0.000     0.000     6.562    16.528     8.145    23.963    26.925    10.272     6.109     0.976     0.000
    23.75    61.75    2005     0.000     0.000     0.000    22.496    13.761    23.143    18.698    16.042     6.337     4.128     0.269     0.000
    23.75    61.75    2006     0.000     0.000     4.962    16.457     5.531     0.745     0.384     9.165    14.232     5.077     0.806     0.000
    23.75    61.75    2007     0.000     0.000     0.000     4.940    27.004    10.382    17.873    21.232    12.714     6.077     1.034     0.000
    23.75    61.75    2008     0.000     0.000     0.000     1.344    26.460     2.425     6.272     6.079     5.250     4.802     0.899     0.000
    23.75    61.75    2009     0.000     0.000     0.000    20.211     9.024     1.479     0.420    10.149     7.950     3.915     0.770     0.000
    23.75    61.75    2010     0.000     0.000     4.002    19.182    10.827     7.793    11.889    24.864    13.534     7.804     0.906     0.000
    23.75    61.75    2011     0.000     0.000     0.000     1.030    28.513     2.167     3.058    19.157    16.035     4.917     0.769     0.000
    23.75    61.75    2012     0.000     0.000     0.000     0.000    24.376    10.711    10.462    19.137    13.351     5.373     0.810     0.000
    23.75    61.75    2013     0.000     0.000     0.000     4.250    24.541    18.932     4.735    19.323    14.742     3.137     0.795     0.000
    23.75    61.75    2014     0.000     0.000     0.000    16.782    12.934     3.513    25.791     9.234     2.340     3.578     0.664     0.000
    23.75    61.75    2015     0.000     0.000     0.000     5.857    20.885     2.366     7.872     2.981     8.348     4.443     0.650     0.000
    23.75    61.75    2016     0.000     0.000     0.000     0.000    24.125    10.791     5.977     5.567     6.811     5.237     0.583     0.000
    23.75    61.75    2017     0.000     0.000     0.000     0.000    23.279    16.475    16.854    12.079     5.287     5.536     0.784     0.000
    23.75    61.75    2018     0.000     0.000     0.000    20.039    11.013    14.141    23.280    21.571    13.919     4.521     0.897     0.000
    23.75    61.75    2019     0.000     0.000     0.000    21.090     9.146     1.299     0.966     4.137     9.344     6.297     1.356     0.000
    23.75    61.75    2020     0.000     0.000     0.000    18.882    13.398     6.405     2.350    14.165    13.723     5.634     0.692     0.000
    23.75    61.75    2021     0.000     0.000     0.000    15.929     9.102     3.041     8.005    11.840    10.846     4.934     1.035     0.000
    23.75    61.75    2022     0.000     0.000    10.866    19.362     9.628    21.182    11.038    11.372     4.771     4.234     1.007     0.081
    23.75    61.75    2023     0.000     0.000     0.000     0.000    21.681    10.615    26.236    20.556     8.638     3.626     0.133     0.000
    23.75    61.75    2024     0.000     0.000     0.000     0.000    23.268     9.493     6.632    17.250     9.655     2.041     0.897     0.001
    23.75    61.75    2025     0.470     0.281    10.334    16.261    10.710     3.234     3.351    11.662    11.170     5.759     1.189     0.000
    23.75    61.75    2026     0.000     0.000    11.449    16.511    10.653     1.165     0.662     0.651     4.690     5.551     1.072     1.306
    23.75    61.75    2027     0.000     0.000     0.000    19.437    15.971     1.233    11.682    28.531    16.663     4.143     0.634     0.000
    23.75    61.75    2028     0.000     0.000     0.000     0.000    19.998     5.248    14.135    13.846    10.954     4.803     0.916     0.002
    23.75    61.75    2029     0.000     0.000     0.000    10.550    14.996     3.659    11.614    23.570    13.130     5.303     0.791     0.000
    23.75    61.75    2030     0.243     0.000     9.847    17.235    11.927    10.599     3.778     0.411     3.252     4.274     0.766     0.000
    23.75    61.75    2031     0.000     0.000    11.990    15.125     6.883     2.904    12.511    17.974     5.896     4.868     0.890     0.000
    23.75    61.75    2032     0.000     3.497    16.395    17.246     8.555     3.231     8.363    15.190     8.939     3.985     0.614     0.000
    23.75    61.75    2033     0.000     0.000     7.469    20.630    12.003    20.494    33.366    10.917     8.251     4.257     0.719     0.000
    23.75    61.75    2034     0.000     0.000     0.000     0.000    23.783     5.397    14.352    22.677    14.861     4.306     0.721     0.000
    23.75    61.75    2035     0.000     0.000     0.000    18.218    12.692     8.784    26.541    13.741    11.841     6.396     0.831     0.003
    23.75    61.75    2036     0.000     0.000     0.000     2.084    25.368     1.380     3.202     2.595     4.920     2.924     0.945     0.000
    23.75    61.75    2037     0.000     0.000     0.000    21.521     8.452     5.826    10.626    14.670     7.589     2.651     0.695     0.150
    23.75    61.75    2038     0.360     0.563     0.000     0.000    27.837     2.191     4.295     6.506     9.930     2.723     1.394     0.003
    23.75    61.75    2039     0.000     0.000     0.000    21.925    13.316    12.741     5.206    22.240     8.323     2.512     1.235     0.000
    23.75    61.75    2040     0.000     0.000     4.668    22.122     7.465     5.409    14.748    19.579    12.035     3.931     0.807     0.000
    23.75    61.75    2041     0.000     0.000     0.000    21.368     4.228     1.370     7.757    10.655     6.632     3.897     0.812     0.000
    23.75    61.75    2042     0.454     0.753     0.000     7.244    21.357     6.676    17.689    24.610    13.539     3.865     0.318     0.000
    23.75    61.75    2043     0.000     0.000     0.000     8.450    20.040    10.692     4.702     1.056     6.267     4.674     0.667     0.162
    23.75    61.75    2044     0.624     3.846     7.272    21.198     6.720     4.291     7.550    23.839    11.054     5.692     0.853     0.357
    23.75    61.75    2045     0.013     0.000    10.409    22.550    16.247    23.390    19.094    11.747     7.438     2.512     0.541     0.000
    23.75    61.75    2046     0.000     3.282     2.759    17.623    13.461    14.362    36.032    24.292     6.577     2.686     0.849     0.018
    23.75    61.75    2047     0.069     0.000     0.000    22.944     8.458     1.169     4.665     6.914     4.911     2.637     0.677     0.000
    23.75    61.75    2048     0.000     0.000     0.000    21.628     7.783     9.739     3.368    15.385    10.296     2.938     1.424     0.000
    23.75    61.75    2049     0.000     0.000    11.285    25.493     4.073     1.619     6.674    12.715     9.568     4.569     0.819     0.000
    23.75    61.75    2050     0.000     0.000     0.000     0.001    29.321     9.047     5.198    17.541    12.174     5.989     0.673     0.000
    23.75    61.75    2051     0.000     0.000     5.456    21.680    13.047     3.351     9.215    17.751    12.604     5.471     0.835     0.000
    23.75    61.75    2052     0.000     0.000     0.000    24.358     9.166     7.302    23.014    14.545     8.336     5.409     1.022     0.000
    23.75    61.75    2053     0.000     0.000     3.764    28.132     7.617     6.924     9.234     4.608     3.442     2.662     0.974     0.094
    23.75    61.75    2054     0.000     0.000     0.000    20.344    20.699     7.568    12.069    18.629    10.203     4.212     0.697     0.000
    23.75    61.75    2055     0.000     0.000    18.666    20.671    12.247    15.956     9.986    14.453    14.118     4.951     1.038     0.005
    23.75    61.75    2056     1.157     5.069    17.018    17.946    14.149     8.977    12.367    20.257     6.199     3.434     0.698     0.050
    23.75    61.75    2057     0.000     4.092     7.287    24.690     3.650     1.985     1.445     4.479     4.259     5.354     0.852     0.000
    23.75    61.75    2058     0.000     0.000     3.663    27.453     6.222     3.944     5.355     8.973     3.021     2.044     0.949     0.000
    23.75    61.75    2059     0.000     0.000     1.406    26.383    10.333     6.155    28.815    26.411    12.162     3.394     0.902     0.000
    23.75    61.75    2060     0.000     0.000     0.000    24.719    26.260     5.817    30.851    19.157     9.371     4.236     1.460     0.078
    23.75    61.75    2061     0.000     0.000     3.426    26.385    16.858     2.027     7.366     8.848     7.931     4.284     0.805     0.137
    23.75    61.75    2062     0.000     0.000     0.000    11.502    27.067     5.521     1.009     8.485     8.071     3.935     0.695     0.000
    23.75    61.75    2063     0.360     5.072    12.370    22.066     8.659     2.597     0.813     1.233     0.630     0.815     0.196     0.000
    23.75    61.75    2064     0.000     0.000     0.000    33.244     9.392     0.641     4.527    20.681    11.078     4.666     1.048     0.001
    23.75    61.75    2065     0.000     0.000     0.000    23.519    20.862     3.436     8.966    16.959     8.664     4.697     0.769     0.000
    23.75    61.75    2066     0.871     1.358     0.000    27.769    23.083     3.547     1.334     3.215     7.216     3.711     1.662     0.000
    23.75    61.75    2067     0.000     0.000     4.628    30.223     9.471    10.950    11.472    13.629    11.352     6.361     0.946     0.000
    23.75    61.75    2068     0.000     0.000     0.000    30.489    10.006     5.461    19.736     4.391     0.449     1.050     0.577     0.034
    23.75    61.75    2069     1.141     6.411    14.858    25.002    10.820    17.166    33.041     9.265     6.151     3.255     0.641     0.000
    23.75    61.75    2070     0.000     0.000     0.000    27.301    23.490     1.099     2.924     8.973     5.339     2.910     0.593     0.000
    23.75    61.75    2071     0.000     0.000     0.000    25.173     7.356     1.500     2.779    10.469     5.417     1.850     0.740     0.000
    23.75    61.75    2072     0.000     0.000     0.000     0.000    27.713    26.622    14.421     8.146    10.045     5.209     1.422     0.169
    23.75    61.75    2073     0.951     0.000     0.000    31.199     7.072     6.017     2.308    21.036     9.648     3.665     0.822     0.119
    23.75    61.75    2074     0.021     0.000     0.000    19.741    15.527     3.453    17.582    25.436    11.358     4.957     0.886     0.661
    23.75    61.75    2075     0.504     2.519     0.008    32.431    13.990     2.415    13.726     9.731     2.339     2.167     1.061     0.000
    23.75    61.75    2076     0.000     0.000     5.667    29.491     4.053     6.643    23.691    25.539    13.424     5.154     0.872     0.000
    23.75    61.75    2077     0.000     0.000    13.765    28.299    10.556     0.481     2.759    13.585    11.622     3.915     0.783     0.829
    23.75    61.75    2078     0.000     0.000     0.000    28.299    14.930     4.296    31.987    27.851    14.834     6.008     0.877     0.000
    23.75    61.75    2079     0.000     4.994    21.635    13.681     1.754     9.483    24.568    16.977     9.212     4.759     1.126     0.000
    23.75    61.75    2080     1.080     1.255     1.733    33.472     8.904    15.838     5.935     8.840     9.460     4.787     0.835     0.000
    23.75    61.75    2081     0.754     0.820     6.159    28.583    10.068     6.667     2.185     3.427     3.537     1.876     1.228     0.000
    23.75    61.75    2082     0.000     0.000    22.352    19.253    10.428     7.680    13.455    21.961    10.584     5.002     0.668     0.000
    23.75    61.75    2083     0.000     0.000     0.000     0.000    32.134    15.991    21.198    15.144    12.556     6.066     0.653     0.000
    23.75    61.75    2084     0.000     0.000     0.000    33.716     5.078     7.879     0.782    14.358     6.429     3.966     0.966     0.000
    23.75    61.75    2085     0.000     0.000     0.000    33.582    17.062    14.106     1.502     5.227    14.885     5.985     0.612     0.000
    23.75    61.75    2086     0.829     1.363     2.808    33.418    16.309     9.994    14.958    26.108     6.437     2.934     0.970     0.000
    23.75    61.75    2087     0.763     6.284    20.951    23.490    16.291     5.389    31.234    28.764    10.388     3.950     0.930     0.000
    23.75    61.75    2088     0.000     6.348    22.521    27.114     4.545     4.141    19.427    19.861    14.482     6.430     0.918     0.000
    23.75    61.75    2089     1.065     7.358    22.791    19.067    12.735    14.767     1.791     1.698     5.346     5.150     0.996     0.003
    23.75    61.75    2090     0.000     2.749    22.925    13.731     8.602     4.560    16.292    24.437    10.509     3.911     1.127     0.358
    23.75    61.75    2091     0.000     0.000     0.000    31.961    19.269     8.198     6.330    18.017     9.819     5.712     0.797     0.000
    23.75    61.75    2092     0.000     0.000    11.961    36.093    17.502     8.651    20.812    12.354    10.181     5.473     0.756     0.000
    23.75    61.75    2093     0.000     0.000     0.000    33.598    12.296     7.248     5.925    10.071     3.834     3.477     0.690     0.000
    23.75    61.75    2094     0.000     0.000     0.000    35.589    11.730     4.686     2.233    18.169     7.620     3.669     0.728     0.000
    23.75    61.75    2095     0.000     0.000     0.000    36.318     5.664     1.962     2.045    11.379     6.793     4.323     0.729     0.047
    23.75    61.75    2096     1.103     0.643    20.655    18.190    20.706    12.440     7.651     9.186    10.800     5.378     0.767     0.000
    23.75    61.75    2097     0.000     0.000     0.000    32.810     8.807     1.434     5.867    23.425    11.334     5.863     0.816     0.000
    23.75    61.75    2098     0.000     0.000     0.000    19.874    13.812     0.364     0.682     8.226     3.615     2.824     0.785     1.358
    23.75    61.75    2099     0.000     0.000    10.514    36.503    11.098    21.020    18.029    20.303     8.179     2.297     0.556     0.000
    23.75    61.75    2100     0.282     1.584    20.705    21.571     4.909    13.631    33.937    27.112    11.455     4.748     0.967     0.001
    23.75    61.75    2101     0.043     0.000     0.000    30.160     3.720     1.078     8.083     8.852     4.900     1.691     0.508     0.000
    23.75    61.75    2102     1.503     0.000     0.000     0.000    40.273    23.172    15.058    11.244    12.570     4.770     1.147     0.205
    23.75    61.75    2103     0.763     0.000     0.000    29.609     8.412     3.223     4.604    25.123     6.868     4.274     0.873     0.149
    23.75    61.75    2104     0.000     0.000     0.000    32.689    11.025     4.099    18.951    21.948    11.059     5.295     0.657     2.083
    23.75    61.75    2105     1.377     2.059    18.702    23.481     7.359     4.283    15.083     4.917     5.639     1.959     0.880     0.000
    23.75    61.75    2106     0.000     4.814    18.176    17.072     2.794     2.828    20.903    25.492    13.010     3.847     0.808     0.000
    23.75    61.75    2107     0.679     0.000    20.907    26.709     6.215     0.793     4.810    18.477    10.108     3.295     0.769     1.035
    23.75    61.75    2108     0.004     0.000     0.000    35.590     6.073     3.841    21.654    26.459    13.518     5.225     0.837     0.000
    23.75    61.75    2109     0.000     5.910    22.208    11.299     1.536    11.195    11.950    20.172     7.208     3.363     2.492     0.000
    23.75    61.75    2110     1.620     3.849    10.144    25.417     8.777    11.887     6.020    11.837     9.839     2.917     0.736     0.000
    23.75    61.75    2111     0.885     1.466    25.236    16.938     4.765     2.114     7.530     2.285     4.795     2.918     1.371     0.000
    23.75    61.75    2112     0.000     5.398    23.038    14.190     8.704     9.780     6.414    18.300    13.512     3.727     0.954     0.000
    23.75    61.75    2113     0.000     0.000     0.000     0.000    35.298    16.069    28.410    12.565    10.987     7.370     0.992     0.000
    23.75    61.75    2114     0.000     0.000     0.000    33.680     6.484     6.938     1.378    11.078     5.974     4.004     0.892     0.000
    23.75    61.75    2115     0.000     0.000    18.527    20.155     6.591    15.530     3.994    10.040    10.104     5.902     0.560     0.000
    23.75    61.75    2116     1.323     2.080     8.192    26.938    11.074     9.664    10.878    25.642    10.430     4.368     0.815     0.000
    23.75    61.75    2117     1.116     6.344    20.966    22.022    11.262     9.858    19.478    25.186    10.320     2.751     0.960     0.000
    23.75    61.75    2118     0.764     6.659    20.501    17.954     5.474     3.338    27.811    28.619    10.712     5.967     0.981     0.000
    23.75    61.75    2119     1.279     7.451    20.204    16.217    10.232     6.887     1.284     0.352     5.043     4.726     1.022     0.004
    23.75    61.75    2120     0.001     3.360    22.025    11.639     6.018     3.923    21.680    22.364    10.014     3.591     1.083     0.360
    23.75    61.75    2121     0.000     0.000     1.518    33.069    21.166     6.945     5.640    22.439     9.988     5.518     0.841     0.000
    23.75    61.75    2122     0.000     0.000    13.736    26.790    22.138     4.472    18.172    14.973     9.468     4.865     0.753     0.000
    23.75    61.75    2123     0.000     0.000     0.000    38.196    15.116     7.152     4.956     8.320     6.620     4.071     0.638     0.000
    23.75    61.75    2124     0.000     0.000     0.000    30.415    14.337     3.738     4.697    14.751    14.207     5.045     0.813     0.000
    23.75    61.75    2125     0.000     0.000     0.000    37.863     7.644     0.778     1.296    11.349     7.257     3.739     0.713     0.024
    23.75    61.75    2126     1.098     1.213    20.419    14.798    14.929    12.351     3.669    13.059    14.183     5.078     0.768     0.000
    23.75    61.75    2127     0.000     0.000     0.000    33.444    11.772     1.218     5.227    17.799    12.229     6.501     0.839     0.000
    23.75    61.75    2128     0.000     0.000     0.000    23.395    14.673     0.750     1.313     8.048     4.914     5.615     0.821     1.444
    23.75    61.75    2129     0.000     0.000    10.160    34.161    11.907    27.091    15.217    14.799    10.180     3.765     0.676     0.000
    23.75    61.75    2130     0.614     5.418    18.868    22.994     4.927     6.388    38.064    23.383    13.907     6.754     1.140     0.001
    21.75    39.75    1980    26.680    35.194    30.621    12.385     2.547     1.372     4.158     0.426     0.151     0.429    12.568    15.513
    21.75    39.75    1981    16.395    14.913    10.584     0.587     0.581     0.262     0.106     0.040     0.053     2.291     6.324     4.759
    21.75    39.75    1982    14.873    18.341    14.261    31.609     9.978     0.429     2.938    15.684     4.201    30.283    17.470    13.741
    21.75    39.75    1983    20.452    12.248    20.087    17.645     4.763     4.044     1.242     1.791     2.518     3.674     6.753    16.572
    21.75    39.75    1984    17.336     8.586     4.544     1.043    12.773     0.764     0.240     0.160     0.419     0.796     1.710     6.643
    21.75    39.75    1985    21.045    31.275    14.874     1.376     0.233     0.949     1.046     0.172     0.616     0.516     3.310    10.325
    21.75    39.75    1986    16.936    29.067    43.578    25.233     8.662     6.234     3.673     1.865    14.061     5.288     1.811     2.957
    21.75    39.75    1987     3.656    25.607    21.405     6.639     6.796     4.698     0.529     6.964     5.170     7.561     6.025     6.343
    21.75    39.75    1988    15.635     7.165     5.752     2.600     2.190     9.082     1.902     0.480     0.247    13.762    10.394     7.256
    21.75    39.75    1989    15.189    12.513    14.029     6.315     2.389     1.736     0.338     0.285     0.556     0.093     8.283     2.335
    21.75    39.75    1990    22.659    22.163    34.167    11.804     3.417     0.465     0.216     0.322     0.097     2.372     6.684     4.489
    21.75    39.75    1991     7.934    12.817     7.600     0.883     2.504     1.773     0.497     0.141     0.118     0.109    14.700    15.249
    21.75    39.75    1992    19.746    24.963    23.842    13.605     1.134     0.117     0.205     0.268    23.141    22.202    20.292    14.437
    21.75    39.75    1993    21.702    29.138    39.078    18.032     1.157     1.277     0.212     0.518     0.141     0.221    10.081    12.086
    21.75    39.75    1994    24.487    19.178     9.405     7.511     2.346     0.532     0.153     0.155     0.798     3.955     5.228    10.941
    21.75    39.75    1995    19.645    29.769    44.081    15.994     1.388     2.313     1.078     0.187     0.179     1.626     7.300    10.781
    21.75    39.75    1996    17.483    21.617    11.268    21.764     4.916     0.344     0.246     4.684     0.171     0.442    11.080     9.076
    21.75    39.75    1997    21.377    32.235    30.955     3.963     1.220     1.493     1.398     0.852     4.270     0.342     5.113    14.368
    21.75    39.75    1998    21.227    31.745    26.979     2.815     0.207     1.014     0.734     1.720     0.217     2.857     2.720    13.328
    21.75    39.75    1999    25.032    26.421    11.728     0.502     0.274     0.360     0.178     0.073     1.134     1.647     9.378    18.057
    21.75    39.75    2000    24.125    13.692     9.056    13.006     0.779     1.186     0.213     0.226    20.072     4.752     7.499    15.307
    21.75    39.75    2001    20.051    19.315    18.132     5.271     0.699     0.986     0.535     0.298     0.074     4.895    17.903    13.402
    21.75    39.75    2002    19.624    19.420    11.870     0.531     0.398     0.451     0.257     0.247     0.065     3.761     7.776    10.185
    21.75    39.75    2003    27.024    33.323    35.368    18.765     5.643     2.465     0.455     1.512     0.346     0.976    14.599    16.203
    21.75    39.75    2004    18.792    22.081    13.172     3.507     0.477     0.201     0.143     0.107     0.602     0.738     1.582     5.923
    21.75    39.75    2005    23.185    22.700    10.181     0.689    21.703     5.723     0.513     0.201     5.815     6.169     1.878     8.490
    21.75    39.75    2006    19.241    35.331    17.907     1.907     1.050     0.654     0.483     0.195     0.184     3.401    14.889    10.944
    21.75    39.75    2007    24.281    26.932    15.861     1.407     2.048     0.416     0.242     0.325     1.305     4.674     4.112     9.976
    21.75    39.75    2008    22.459    13.142     9.443     3.656     1.107     2.795     1.367     6.314     1.577     1.363     8.492     9.341
    21.75    39.75    2009    19.369    15.268    10.775     5.406     1.689     2.620     1.026     4.326     1.092     2.029     3.678     8.230
    21.75    39.75    2010     8.720    25.744    16.578     2.848     0.887     0.326     0.140     0.256     0.230     2.790    12.009    10.752
    21.75    39.75    2011    22.042    36.152    23.686     0.982     1.553     1.384     0.775     1.263     0.358     0.302     0.970     2.906
    21.75    39.75    2012    17.095    28.758    19.393     8.709     0.720     1.950     1.012     0.847     0.646     0.233    10.161    15.505
    21.75    39.75    2013    19.894    18.967     5.559     0.305     0.166     0.114     0.070     0.071     0.537    10.433    16.127    11.545
    21.75    39.75    2014    18.641    22.545    22.846     5.680     0.078     0.775     0.346     0.026     1.570     9.047    13.459    12.047
    21.75    39.75    2015    17.328    13.705     5.418     4.081     8.390     2.307     0.362     0.015     0.034     0.039     1.745     9.957
    21.75    39.75    2016    21.972    13.595    20.992     5.743     0.178     0.045     0.089     0.023     3.649     0.513     9.905    10.842
    21.75    39.75    2017    16.857     8.404    12.227     1.035     0.078     0.115     0.778     0.020     0.801     2.685     3.603    10.956
    21.75    39.75    2018    28.765    26.977    26.999    18.436     6.581     0.860     0.336     0.216     0.017     2.817     2.791    10.071
    21.75    39.75    2019    21.416    11.333     0.984     0.309     1.601     0.679     0.265     0.053     0.023     2.099     1.874     8.798
    21.75    39.75    2020    20.201     8.488    14.499    16.004     0.289     0.022     0.207     0.015     6.471     7.030     9.190    14.737
    21.75    39.75    2021    25.924    31.215     9.739     3.060     1.630     0.185     4.210     0.087     6.189     6.441     3.821     2.813
    21.75    39.75    2022    18.944    29.494     5.492     1.023     0.325     0.005     0.999     2.083     0.037     0.089     0.756     4.201
    21.75    39.75    2023    17.200    11.746     6.547     9.738     0.580     0.036     0.012     0.008     0.000     3.552    15.226    13.592
    21.75    39.75    2024    22.113    20.188    14.731     4.629     0.153     1.052     0.705    13.061     0.941     0.109     9.253     9.088
    21.75    39.75    2025    22.329    14.227     5.862     2.987     0.565     0.034     0.012     0.019     0.031     0.397     3.190     7.087
    21.75    39.75    2026    21.307    18.167     2.526     0.175     0.293     0.825     0.644     0.084     1.495     7.506    13.604    10.815
    21.75    39.75    2027    17.293    29.406    13.026     6.920     2.664     2.414     0.752     0.046     0.389     0.844     6.125    10.132
    21.75    39.75    2028     7.243    19.891     0.697     0.453     0.098     0.055     0.288     0.050     3.426     3.062     0.775     4.281
    21.75    39.75    2029    23.600    18.650    15.155     7.559     3.797     7.075     1.844     0.089     0.068     0.200    11.039    15.794
    21.75    39.75    2030    26.255    29.955     9.117     0.420     0.038     0.016     0.014     0.366     6.805     3.200     0.313     0.241
    21.75    39.75    2031     4.726     1.980     0.016     0.261     0.239     0.242     0.012     0.622     1.785    11.713    10.641    12.316
    21.75    39.75    2032    19.575    10.148     1.275     0.098    17.092     5.708     0.706     0.138     1.113     3.919     4.955    15.876
    21.75    39.75    2033    20.187     8.596     0.811     0.246     0.063     0.022     0.353     0.025     0.076     3.390     1.041     2.207
    21.75    39.75    2034    12.077     6.108     3.880     6.473     3.577     0.095     0.321     0.023     0.708     0.484     0.095     6.690
    21.75    39.75    2035    18.502     8.110     3.095     3.193     0.122     0.041     0.056     0.495     0.073     0.287     1.613     2.822
    21.75    39.75    2036    19.166    16.558     7.348     1.179     0.221     0.044     0.547     0.029     0.013     0.238     0.421     3.738
    21.75    39.75    2037    13.299    26.588     6.168     0.054     1.315     0.034     0.865     7.510     0.410    10.639     7.495     8.367
    21.75    39.75    2038    20.354    15.652    10.066     5.919     1.379     0.031     0.018     0.008     4.926     4.015    13.750    12.682
    21.75    39.75    2039    17.450     9.864     1.533     1.401     0.936     0.101     0.036     0.017     1.402     1.230     0.027     0.397
    21.75    39.75    2040     3.732     3.672     1.280     0.084     1.155     0.147     0.044     0.184     0.400    15.258    11.458     8.815
    21.75    39.75    2041    23.184    30.317    33.400    14.895     2.354     1.922     3.299     0.480     0.834     0.326     1.961    12.811
    21.75    39.75    2042    20.255    23.530     7.227     1.070     0.154     0.046     0.195     0.028     0.371     1.343    12.792     8.807
    21.75    39.75    2043    19.106    26.322     7.838     2.908     0.099     0.241     0.480     0.094     0.023     0.206     0.173     0.042
    21.75    39.75    2044     2.455     9.367     9.799     7.060     2.665     0.409     0.158     0.148     0.092     0.073     0.126     1.151
    21.75    39.75    2045    10.793    29.559    13.181     0.167     0.019     0.294     0.074     0.274     0.015     0.133     2.338     9.384
    21.75    39.75    2046    29.507    18.698    10.396     5.098     1.844     0.864     0.270     4.161     7.878    16.706    12.700    16.477
    21.75    39.75    2047    20.165    39.616    56.549     8.405     0.432     1.321     0.916     1.252     0.852     0.626     1.191     3.873
    21.75    39.75    2048    19.965    14.958     5.651     0.479     5.296     1.471     0.721     2.764     5.825     1.604     7.987     5.780
    21.75    39.75    2049    18.020    28.305     7.608     0.757     0.189     0.094     0.949     0.473     1.153     1.362     2.573     3.022
    21.75    39.75    2050    16.651    33.206    15.205     1.121     0.058     0.114     0.080     0.093     0.899     0.039     0.141     3.744
    21.75    39.75    2051    21.138    17.785    15.023     0.947     0.047     0.067     0.086     0.472     0.380     3.918     7.196    10.410
    21.75    39.75    2052    19.067    14.353     5.809     0.065     0.056     0.095     0.102     5.395     0.155     0.044    10.569    15.669
    21.75    39.75    2053    22.097    22.471    13.591     3.844     0.806     0.250     0.554     0.060     0.193     0.026    14.308    10.878
    21.75    39.75    2054    16.341    17.496    11.825     2.481     0.050     0.754     0.160     0.033     1.655     5.148    11.567     8.555
    21.75    39.75    2055    23.646     9.725     5.973     2.177     0.925     0.201     0.260     5.098     0.133     0.490     2.645     7.744
    21.75    39.75    2056    26.538    10.789     0.864     0.331     0.097     0.054     1.223     0.159     0.220     1.233     0.243     5.657
    21.75    39.75    2057    18.297     7.834     2.151     0.229     0.134     0.378     0.153     0.612     0.076     0.160     0.057     4.036
    21.75    39.75    2058    27.509    33.703     6.155     0.369     0.233     0.136     0.149     1.739     0.269     4.903     3.627     8.320
    21.75    39.75    2059    25.822    22.005     2.900     0.189     0.123     0.106     0.074     0.101     2.602     3.095     1.655     9.178
    21.75    39.75    2060    29.981    12.635     2.073     0.202     1.677     1.261     0.051     0.109     0.015     0.096     6.610     8.969
    21.75    39.75    2061    21.899     6.936     0.713     0.041     0.013     0.733     0.241     0.066     0.986     0.022     1.067     3.343
    21.75    39.75    2062    13.391    17.411    42.969    10.001     0.255     0.233     0.046     0.084     1.284     0.875    17.200    12.005
    21.75    39.75    2063    18.779     9.984     2.528     0.158     0.103     0.099     0.115     0.045     0.023     0.323     8.330     8.849
    21.75    39.75    2064    22.824     7.688     6.090     1.610     0.105     0.180     0.157     0.053     0.752     0.197     8.216    10.831
    21.75    39.75    2065    20.796    31.542    14.602     1.025     0.012     0.254     0.078     0.012     0.097     8.331    13.740     9.879
    21.75    39.75    2066    19.761     7.510     6.165     6.104     0.129     0.048     0.091     0.587     0.113     2.801     9.041    10.568
    21.75    39.75    2067    20.590    35.498    13.569     1.281     0.282     0.150     0.052     0.018     0.011     0.088     0.188     4.615
    21.75    39.75    2068    26.535    23.352     7.020     3.311     7.345     0.131     0.031     0.576     1.503     0.474    20.036    14.540
    21.75    39.75    2069    14.105    25.679     2.407     0.038     0.039     0.009     0.208     0.053     0.168     0.136     8.775    10.599
    21.75    39.75    2070    23.374    21.252     7.922     1.251     3.970     0.503     0.053     0.239     0.555     6.289     9.321    13.477
    21.75    39.75    2071    21.265    16.781     0.799     0.086     0.068     0.039     0.102     0.079     0.376     0.539     6.303     8.756
    21.75    39.75    2072    23.465    25.065    10.048     0.645     0.193     0.036     1.834     0.057     0.594     0.495     2.112    12.142
    21.75    39.75    2073    16.977    15.861     1.915     0.446     0.147     0.933     0.259     0.026     0.078     0.257     9.685     8.404
    21.75    39.75    2074    20.965     9.645     3.544     0.126     0.041     0.065     0.074     0.035     0.012     2.220     3.121     6.842
    21.75    39.75    2075    24.647    25.073     6.966     0.325     0.170     0.134     0.028     0.007     0.670     0.189     0.233     3.651
    21.75    39.75    2076    10.652     3.924     2.218     0.738     0.588     0.060     0.053     4.159     0.151     0.037    11.115    10.888
    21.75    39.75    2077    13.742    12.925     3.373     0.672     0.037     0.021     0.070     0.037     0.034     0.184     0.047     1.212
    21.75    39.75    2078    23.906    20.974     2.867     0.159     0.074     0.063     0.194     0.036     0.032     0.014     1.096     8.245
    21.75    39.75    2079    18.349    13.273     9.389     7.748     5.957     0.321     0.140     0.063    21.285     1.803     1.048     7.793
    21.75    39.75    2080    18.572    20.921     1.789     0.650     0.490     0.243     0.630     0.225     0.212     0.240     2.031     3.170
    21.75    39.75    2081    19.781    32.163     5.280     1.260     0.806     0.930     0.931     0.075     0.034     7.899    10.134     6.643
    21.75    39.75    2082    16.263    16.590     1.067     0.064     0.128     0.082     0.051     0.007     1.268     0.184     1.733     5.635
    21.75    39.75    2083    25.841    17.150     4.502     0.042     0.030     0.155     0.019     0.103     0.590     2.116     2.539     3.494
    21.75    39.75    2084    16.427    10.048     2.959     9.047     2.150     0.088     0.431     0.468     0.112     1.161    11.185    12.586
    21.75    39.75    2085    22.149    16.302     2.262     0.904     0.074     0.044     0.245     0.150     0.115    11.227     5.869     6.988
    21.75    39.75    2086    17.982     9.995     7.847     4.239     0.054     0.058     0.056     0.083     2.190     0.269     3.805     6.021
    21.75    39.75    2087    23.560     7.511     0.783     0.228     0.022     0.013     0.010     0.116     0.077     1.674     0.759     3.709
    21.75    39.75    2088     6.376    11.359     6.868     0.434     0.071     0.074     0.126     0.078     0.554     0.030     2.374    10.566
    21.75    39.75    2089    25.973    12.653     0.223     0.130     0.062     0.041     3.102     5.553     0.361     0.501     4.556    10.762
    21.75    39.75    2090    20.170     8.473     2.495     0.114     0.058     0.105     0.014     0.007     0.067     0.105     0.278     1.679
    21.75    39.75    2091    12.344    25.884    20.383     4.735     0.282     0.343     0.934     0.513     0.093     0.106     5.541     2.811
    21.75    39.75    2092     6.786     7.113     6.592     0.355     0.193     0.141     0.108     0.059     2.480     4.352     2.439     9.494
    21.75    39.75    2093    29.629     9.519     0.832     0.303     0.127     0.180     0.287     0.636     0.350     0.103    11.493     8.600
    21.75    39.75    2094    19.868     6.608    10.244     0.827     0.037     0.047     0.061     0.144     0.643     0.337     0.213     4.381
    21.75    39.75    2095    29.111    17.489     1.681     2.233     0.372     0.721     0.751     0.082     0.540     1.655    11.749    12.030
    21.75    39.75    2096    16.285     4.750     0.995     0.098     0.051     0.090     0.080     0.056     3.777     0.506     4.694     5.594
    21.75    39.75    2097    22.839    18.811     7.276     0.643     0.157     0.634     0.057     0.224     0.218     0.069     3.711     9.061
    21.75    39.75    2098    21.004     5.564     1.763     0.050     0.132     0.126     0.036     0.042     1.341     0.999     2.823     9.578
    21.75    39.75    2099    24.907    11.686     1.054     0.241     2.284     1.871     0.936     0.064     0.314     2.156     8.106    14.845
    21.75    39.75    2100    18.705    10.046     1.511     1.127     0.570     0.268     0.342     0.312     1.772     0.387     0.944     0.876
    21.75    39.75    2101    12.836     8.450     1.962     0.295     0.234     0.158     0.218     0.160     1.334     8.093     5.792     7.966
    21.75    39.75    2102    22.795    27.521     5.782     0.721     0.316     0.056     1.130     0.069     0.319     1.384     3.038     9.911
    21.75    39.75    2103    14.124    10.995     1.385     0.515     0.099     0.486     0.156     0.037     0.276     0.145     6.493     6.548
    21.75    39.75    2104    18.988    10.346     5.022     0.135     0.071     0.090     0.068     0.045     0.029     3.588     4.027     8.559
    21.75    39.75    2105    23.902    16.033     6.680     0.693     0.189     0.170     0.055     0.058     2.372     1.723     0.961     4.182
    21.75    39.75    2106    11.360     3.051     2.464     0.903     0.662     0.071     0.050     0.733     0.271     0.037     6.180    11.045
    21.75    39.75    2107    18.440     8.780     3.969     1.287     0.031     0.027     0.044     0.046     0.025     0.777     0.107     3.332
    21.75    39.75    2108    20.716    17.769     2.064     0.150     0.090     0.067     0.146     0.023     0.022     0.021     0.463     5.928
    21.75    39.75    2109    17.440    13.061     7.179    13.926     1.732     0.412     0.204     0.112    13.545     9.251     2.452     9.531
    21.75    39.75    2110    22.099    21.759     2.298     1.440     1.207     0.482     1.147     0.408     0.438     0.484     2.266     4.706
    21.75    39.75    2111    20.953    28.629     3.427     1.490     0.812     1.199     2.451     0.212     0.145     5.518     5.138     7.034
    21.75    39.75    2112    15.594    11.243     1.251     0.223     0.256     0.109     0.118     0.016     3.733     0.251     1.401     5.591
    21.75    39.75    2113    23.091    19.349     2.347     0.099     0.063     0.229     0.041     0.147     0.998     1.778     1.649     4.829
    21.75    39.75    2114    17.547     7.068     0.874     2.180     2.454     0.120     0.964     0.934     0.193     2.430    12.156    11.546
    21.75    39.75    2115    22.788    16.317     3.139     1.317     0.351     0.157     0.167     0.852     0.421     4.692    11.854     8.194
    21.75    39.75    2116    17.269     8.044     8.138     2.865     0.302     0.225     0.215     0.279     2.429     2.119     3.667     4.402
    21.75    39.75    2117    20.237     5.512     0.588     0.533     0.104     0.038     0.035     0.151     0.191     0.879     0.795     3.313
    21.75    39.75    2118     4.791     7.398    10.128     0.734     0.292     0.199     0.237     0.184     0.624     0.149     3.980     7.170
    21.75    39.75    2119    25.974    10.504     0.499     0.352     0.285     0.250     1.093     4.657     1.921     0.832     8.219    10.008
    21.75    39.75    2120    15.505     8.975     2.154     0.285     0.183     0.173     0.071     0.033     0.357     0.275     0.402     0.604
    21.75    39.75    2121     9.401    21.523    16.786     8.513     0.516     0.552     1.716     0.595     0.169     0.185     3.001     3.509
    21.75    39.75    2122     5.988     6.503     5.829     0.346     0.197     0.129     0.092     0.073     1.771     3.635     2.967     7.321
    21.75    39.75    2123    28.364     7.403     0.885     0.506     0.123     0.184     0.290     0.521     0.228     0.181    11.336     9.445
    21.75    39.75    2124    19.029     8.019     9.698     3.584     0.049     0.068     0.090     0.266     0.301     0.187     0.139     8.041
    21.75    39.75    2125    26.033    14.254     0.915     0.863     0.280     0.337     0.399     0.095     1.298    12.036    10.647    13.430
    21.75    39.75    2126    17.834     6.026     1.054     0.151     0.090     0.164     0.092     0.047     2.991     0.885    10.471     4.625
    21.75    39.75    2127    22.302    17.723     7.803     0.815     0.158     0.163     0.086     0.071     0.440     0.026     3.514    12.226
    21.75    39.75    2128    20.207     7.333     1.724     0.268     0.158     0.087     0.038     0.045     5.096     1.861     1.567    11.604
    21.75    39.75    2129    28.602    20.938     1.046     0.124     3.050     0.088     0.854     0.038     0.231     0.588    16.651    16.247
    21.75    39.75    2130    17.359     7.672     1.031     0.793     0.132     0.103     0.258     0.099     0.888     2.778     1.365     1.524
