      Lon      Lat    Year       Jan       Feb       Mar       Apr       May       Jun       Jul       Aug       Sep       Oct       Nov       Dec
     9.75    49.75    1980    -0.276    -0.257    -0.173    -0.156    -0.168    -0.177    -0.198    -0.249    -0.276    -0.303    -0.293    -0.234
     9.75    49.75    1981    -0.179    -0.164    -0.155    -0.155    -0.172    -0.266    -0.560    -1.127    -1.195    -1.015    -0.711    -0.430
     9.75    49.75    1982    -0.263    -0.166    -0.154    -0.154    -0.166    -0.242    -0.387    -0.520    -0.473    -0.450    -0.361    -0.234
     9.75    49.75    1983    -0.191    -0.155    -0.154    -0.161    -0.186    -0.219    -0.256    -0.373    -0.677    -0.927    -0.683    -0.313
     9.75    49.75    1984    -0.209    -0.179    -0.161    -0.155    -0.161    -0.169    -0.213    -0.333    -0.468    -0.616    -0.563    -0.339
     9.75    49.75    1985    -0.263    -0.182    -0.155    -0.154    -0.166    -0.207    -0.283    -0.387    -0.441    -0.432    -0.303    -0.244
     9.75    49.75    1986    -0.244    -0.242    -0.223    -0.156    -0.165    -0.235    -0.396    -0.782    -1.093    -0.767    -0.374    -0.228
     9.75    49.75    1987    -0.199    -0.198    -0.157    -0.154    -0.159    -0.164    -0.180    -0.264    -0.294    -0.254    -0.226    -0.185
     9.75    49.75    1988    -0.163    -0.155    -0.154    -0.161    -0.201    -0.295    -0.560    -1.267    -1.842    -2.171    -2.165    -1.588
     9.75    49.75    1989    -0.952    -0.795    -0.244    -0.157    -0.158    -0.176    -0.247    -0.418    -0.587    -0.643    -0.471    -0.304
     9.75    49.75    1990    -0.223    -0.179    -0.157    -0.153    -0.163    -0.196    -0.260    -0.422    -0.724    -1.002    -0.968    -0.607
     9.75    49.75    1991    -0.365    -0.227    -0.170    -0.161    -0.185    -0.199    -0.291    -0.570    -0.993    -1.285    -1.133    -0.476
     9.75    49.75    1992    -0.221    -0.173    -0.154    -0.154    -0.171    -0.217    -0.272    -0.470    -0.788    -0.998    -0.846    -0.592
     9.75    49.75    1993    -0.587    -0.567    -0.216    -0.155    -0.175    -0.235    -0.373    -0.758    -0.748    -0.426    -0.343    -0.279
     9.75    49.75    1994    -0.212    -0.163    -0.153    -0.154    -0.176    -0.252    -0.486    -1.078    -1.446    -1.694    -1.289    -0.644
     9.75    49.75    1995    -0.428    -0.425    -0.248    -0.154    -0.158    -0.196    -0.307    -0.341    -0.396    -0.468    -0.347    -0.208
     9.75    49.75    1996    -0.173    -0.162    -0.153    -0.155    -0.177    -0.253    -0.403    -0.576    -0.710    -0.711    -0.414    -0.288
     9.75    49.75    1997    -0.237    -0.236    -0.180    -0.159    -0.165    -0.178    -0.201    -0.282    -0.338    -0.337    -0.273    -0.196
     9.75    49.75    1998    -0.168    -0.158    -0.154    -0.159    -0.194    -0.240    -0.404    -0.887    -1.117    -1.108    -0.972    -0.572
     9.75    49.75    1999    -0.320    -0.202    -0.172    -0.163    -0.205    -0.268    -0.490    -1.085    -1.745    -2.092    -1.779    -1.049
     9.75    49.75    2000    -0.507    -0.289    -0.222    -0.215    -0.319    -0.631    -1.084    -1.657    -1.862    -1.872    -1.191    -0.701
     9.75    49.75    2001    -0.515    -0.400    -0.266    -0.176    -0.197    -0.224    -0.375    -0.576    -0.958    -1.147    -0.969    -0.495
     9.75    49.75    2002    -0.248    -0.183    -0.161    -0.162    -0.159    -0.216    -0.424    -0.930    -1.179    -1.206    -1.140    -0.843
     9.75    49.75    2003    -0.481    -0.471    -0.264    -0.181    -0.187    -0.254    -0.350    -0.467    -0.551    -0.619    -0.533    -0.293
     9.75    49.75    2004    -0.202    -0.175    -0.157    -0.156    -0.159    -0.173    -0.239    -0.369    -0.520    -0.565    -0.453    -0.272
     9.75    49.75    2005    -0.225    -0.184    -0.155    -0.156    -0.174    -0.216    -0.343    -0.682    -1.124    -1.401    -0.951    -0.348
     9.75    49.75    2006    -0.224    -0.189    -0.154    -0.175    -0.245    -0.444    -0.967    -1.700    -2.086    -2.041    -0.976    -0.453
     9.75    49.75    2007    -0.352    -0.207    -0.153    -0.156    -0.174    -0.249    -0.486    -0.981    -1.304    -1.376    -0.999    -0.635
     9.75    49.75    2008    -0.372    -0.235    -0.187    -0.165    -0.173    -0.268    -0.539    -0.927    -1.053    -1.148    -0.661    -0.283
     9.75    49.75    2009    -0.181    -0.158    -0.154    -0.156    -0.197    -0.339    -0.601    -1.102    -1.605    -1.739    -1.303    -0.827
     9.75    49.75    2010    -0.436    -0.338    -0.197    -0.232    -0.391    -1.004    -1.775    -2.185    -2.119    -1.958    -1.327    -0.532
     9.75    49.75    2011    -0.270    -0.173    -0.156    -0.169    -0.232    -0.412    -0.933    -1.709    -2.114    -2.164    -1.833    -1.175
     9.75    49.75    2012    -0.717    -0.380    -0.224    -0.180    -0.171    -0.196    -0.288    -0.490    -0.702    -0.722    -0.570    -0.287
     9.75    49.75    2013    -0.185    -0.159    -0.155    -0.156    -0.165    -0.189    -0.220    -0.283    -0.448    -0.801    -0.775    -0.493
     9.75    49.75    2014    -0.311    -0.288    -0.165    -0.156    -0.167    -0.195    -0.227    -0.323    -0.506    -0.629    -0.613    -0.413
     9.75    49.75    2015    -0.319    -0.195    -0.158    -0.160    -0.207    -0.348    -0.726    -0.979    -1.079    -1.582    -1.611    -0.669
     9.75    49.75    2016    -0.291    -0.201    -0.157    -0.155    -0.160    -0.182    -0.271    -0.476    -0.643    -0.505    -0.450    -0.308
     9.75    49.75    2017    -0.217    -0.175    -0.162    -0.158    -0.171    -0.240    -0.448    -1.045    -1.870    -1.911    -0.956    -0.482
     9.75    49.75    2018    -0.447    -0.200    -0.154    -0.159    -0.180    -0.234    -0.437    -1.057    -1.934    -1.804    -1.007    -0.490
     9.75    49.75    2019    -0.331    -0.170    -0.154    -0.159    -0.209    -0.331    -0.690    -1.546    -2.074    -2.236    -1.694    -0.754
     9.75    49.75    2020    -0.369    -0.240    -0.160    -0.156    -0.183    -0.262    -0.510    -0.940    -1.369    -1.701    -1.063    -0.457
     9.75    49.75    2021    -0.382    -0.378    -0.265    -0.165    -0.206    -0.233    -0.380    -0.857    -1.469    -1.876    -1.905    -1.758
     9.75    49.75    2022    -1.752    -1.035    -0.352    -0.345    -0.481    -0.856    -1.490    -2.136    -2.350    -2.536    -2.551    -1.962
     9.75    49.75    2023    -1.306    -0.644    -0.432    -0.281    -0.216    -0.258    -0.505    -1.169    -2.094    -2.426    -2.228    -0.906
     9.75    49.75    2024    -0.509    -0.259    -0.166    -0.155    -0.168    -0.253    -0.493    -1.168    -1.958    -2.135    -0.966    -0.433
     9.75    49.75    2025    -0.260    -0.183    -0.154    -0.156    -0.202    -0.385    -1.041    -2.047    -2.448    -2.618    -2.497    -1.345
     9.75    49.75    2026    -0.735    -0.367    -0.183    -0.159    -0.179    -0.253    -0.395    -0.843    -1.583    -1.999    -1.439    -0.649
     9.75    49.75    2027    -0.354    -0.247    -0.157    -0.155    -0.165    -0.174    -0.211    -0.312    -0.497    -0.911    -0.759    -0.440
     9.75    49.75    2028    -0.423    -0.265    -0.174    -0.159    -0.167    -0.229    -0.417    -1.075    -1.598    -1.731    -1.590    -1.120
     9.75    49.75    2029    -1.006    -0.566    -0.223    -0.211    -0.237    -0.492    -1.272    -1.966    -2.311    -2.364    -2.151    -2.099
     9.75    49.75    2030    -2.094    -2.024    -0.755    -0.445    -0.318    -0.397    -0.673    -1.409    -1.911    -2.104    -1.894    -1.172
     9.75    49.75    2031    -0.683    -0.431    -0.271    -0.237    -0.313    -0.583    -1.556    -2.217    -2.427    -2.508    -2.077    -1.116
     9.75    49.75    2032    -0.693    -0.445    -0.306    -0.316    -0.519    -0.806    -1.635    -2.347    -2.481    -2.568    -2.290    -1.209
     9.75    49.75    2033    -0.438    -0.212    -0.161    -0.168    -0.247    -0.420    -0.944    -2.049    -2.481    -2.629    -2.491    -1.270
     9.75    49.75    2034    -0.642    -0.596    -0.239    -0.231    -0.346    -0.570    -0.917    -1.728    -2.076    -2.145    -1.789    -1.173
     9.75    49.75    2035    -0.867    -0.374    -0.225    -0.182    -0.197    -0.339    -0.712    -1.074    -1.434    -1.954    -1.894    -1.205
     9.75    49.75    2036    -0.483    -0.261    -0.196    -0.156    -0.205    -0.398    -1.109    -2.109    -2.447    -2.429    -1.384    -0.646
     9.75    49.75    2037    -0.346    -0.196    -0.154    -0.176    -0.279    -0.576    -1.541    -2.196    -2.337    -2.324    -1.963    -1.052
     9.75    49.75    2038    -0.569    -0.352    -0.261    -0.213    -0.226    -0.274    -0.403    -0.861    -1.350    -1.474    -1.046    -0.664
     9.75    49.75    2039    -0.312    -0.181    -0.168    -0.173    -0.192    -0.254    -0.536    -1.271    -1.913    -1.963    -1.648    -1.096
     9.75    49.75    2040    -0.592    -0.281    -0.185    -0.169    -0.213    -0.339    -0.795    -1.867    -2.284    -2.166    -1.535    -0.728
     9.75    49.75    2041    -0.374    -0.249    -0.194    -0.171    -0.208    -0.226    -0.262    -0.355    -0.424    -0.515    -0.385    -0.256
     9.75    49.75    2042    -0.202    -0.158    -0.155    -0.156    -0.190    -0.326    -0.825    -1.950    -2.477    -2.632    -2.623    -2.042
     9.75    49.75    2043    -1.968    -1.593    -0.409    -0.391    -0.870    -1.981    -2.401    -2.514    -2.045    -2.337    -2.025    -1.381
     9.75    49.75    2044    -0.957    -0.672    -0.374    -0.246    -0.328    -0.646    -1.676    -2.466    -2.614    -2.715    -2.551    -1.782
     9.75    49.75    2045    -1.145    -0.644    -0.232    -0.195    -0.207    -0.299    -0.552    -1.393    -2.264    -2.519    -2.239    -1.372
     9.75    49.75    2046    -0.891    -0.460    -0.284    -0.216    -0.207    -0.207    -0.342    -0.633    -0.761    -0.727    -0.457    -0.243
     9.75    49.75    2047    -0.195    -0.188    -0.165    -0.157    -0.161    -0.210    -0.406    -0.937    -1.663    -1.942    -1.749    -0.943
     9.75    49.75    2048    -0.405    -0.231    -0.167    -0.166    -0.236    -0.508    -1.468    -2.401    -2.707    -2.635    -1.464    -0.519
     9.75    49.75    2049    -0.317    -0.220    -0.154    -0.157    -0.175    -0.240    -0.336    -0.452    -0.539    -0.509    -0.394    -0.255
     9.75    49.75    2050    -0.201    -0.189    -0.156    -0.157    -0.161    -0.180    -0.321    -0.780    -1.661    -2.154    -1.806    -0.808
     9.75    49.75    2051    -0.363    -0.230    -0.176    -0.157    -0.180    -0.297    -0.744    -1.962    -2.525    -2.638    -2.518    -1.634
     9.75    49.75    2052    -1.260    -1.206    -0.509    -0.585    -1.183    -2.373    -2.682    -2.853    -2.971    -2.999    -2.380    -1.410
     9.75    49.75    2053    -1.291    -1.251    -0.417    -0.243    -0.406    -0.977    -2.053    -2.178    -1.974    -2.463    -1.990    -1.237
     9.75    49.75    2054    -0.730    -0.360    -0.210    -0.183    -0.244    -0.436    -0.753    -1.857    -2.541    -2.697    -2.018    -0.798
     9.75    49.75    2055    -0.343    -0.208    -0.162    -0.179    -0.284    -0.461    -0.765    -0.962    -0.978    -1.265    -0.911    -0.511
     9.75    49.75    2056    -0.331    -0.221    -0.193    -0.206    -0.256    -0.318    -0.361    -0.555    -0.719    -1.134    -1.241    -0.665
     9.75    49.75    2057    -0.335    -0.216    -0.166    -0.161    -0.219    -0.417    -1.020    -1.646    -2.092    -2.308    -2.369    -2.324
     9.75    49.75    2058    -1.723    -0.795    -0.443    -0.391    -0.696    -2.021    -2.567    -2.454    -2.029    -2.634    -2.413    -1.557
     9.75    49.75    2059    -0.973    -0.398    -0.229    -0.200    -0.246    -0.327    -0.591    -1.377    -2.178    -2.441    -2.244    -1.416
     9.75    49.75    2060    -0.750    -0.417    -0.261    -0.228    -0.327    -0.597    -0.734    -1.776    -2.346    -2.511    -1.526    -0.660
     9.75    49.75    2061    -0.407    -0.210    -0.161    -0.166    -0.238    -0.530    -1.559    -2.509    -2.692    -2.769    -2.744    -2.386
     9.75    49.75    2062    -1.001    -0.434    -0.316    -0.253    -0.247    -0.304    -0.445    -0.997    -2.036    -2.543    -2.371    -1.204
     9.75    49.75    2063    -0.433    -0.245    -0.170    -0.162    -0.193    -0.227    -0.311    -0.359    -0.391    -0.486    -0.405    -0.228
     9.75    49.75    2064    -0.172    -0.158    -0.156    -0.169    -0.276    -0.625    -1.718    -2.421    -2.624    -2.786    -2.632    -1.899
     9.75    49.75    2065    -1.315    -0.385    -0.183    -0.165    -0.209    -0.414    -1.084    -2.347    -2.740    -2.808    -2.446    -1.200
     9.75    49.75    2066    -0.567    -0.297    -0.206    -0.168    -0.231    -0.530    -1.686    -2.518    -2.557    -2.502    -2.203    -1.362
     9.75    49.75    2067    -0.688    -0.564    -0.262    -0.313    -0.807    -1.702    -2.406    -2.723    -2.873    -2.996    -2.728    -1.568
     9.75    49.75    2068    -0.672    -0.400    -0.188    -0.189    -0.366    -0.790    -1.366    -2.525    -2.916    -3.002    -2.829    -1.910
     9.75    49.75    2069    -1.119    -0.645    -0.389    -0.241    -0.232    -0.384    -0.901    -2.184    -2.700    -2.905    -2.664    -1.551
     9.75    49.75    2070    -0.852    -0.472    -0.316    -0.301    -0.273    -0.418    -1.249    -2.442    -2.818    -2.904    -2.194    -1.138
     9.75    49.75    2071    -0.615    -0.344    -0.207    -0.186    -0.291    -0.654    -1.442    -2.305    -2.739    -2.667    -1.730    -0.673
     9.75    49.75    2072    -0.375    -0.215    -0.170    -0.156    -0.168    -0.223    -0.381    -0.948    -2.025    -2.128    -0.822    -0.333
     9.75    49.75    2073    -0.190    -0.155    -0.154    -0.157    -0.192    -0.304    -0.546    -0.683    -0.933    -1.215    -1.219    -0.696
     9.75    49.75    2074    -0.402    -0.262    -0.189    -0.171    -0.182    -0.257    -0.551    -1.187    -1.534    -1.452    -0.756    -0.379
     9.75    49.75    2075    -0.206    -0.160    -0.155    -0.156    -0.187    -0.365    -0.961    -2.225    -2.626    -2.706    -2.112    -1.081
     9.75    49.75    2076    -0.411    -0.227    -0.157    -0.155    -0.161    -0.210    -0.440    -1.190    -2.184    -2.626    -1.704    -0.578
     9.75    49.75    2077    -0.319    -0.214    -0.157    -0.157    -0.185    -0.267    -0.424    -0.600    -0.784    -0.662    -0.366    -0.237
     9.75    49.75    2078    -0.179    -0.158    -0.157    -0.176    -0.267    -0.622    -1.831    -2.729    -3.096    -3.154    -2.138    -0.717
     9.75    49.75    2079    -0.307    -0.183    -0.154    -0.162    -0.272    -0.666    -1.882    -2.827    -3.192    -3.292    -2.959    -1.473
     9.75    49.75    2080    -1.065    -0.459    -0.234    -0.189    -0.199    -0.239    -0.317    -0.466    -0.699    -0.993    -0.877    -0.573
     9.75    49.75    2081    -0.382    -0.257    -0.186    -0.192    -0.310    -0.665    -1.186    -1.965    -2.370    -2.277    -1.174    -0.546
     9.75    49.75    2082    -0.301    -0.177    -0.157    -0.171    -0.215    -0.353    -0.970    -2.152    -2.619    -2.783    -1.728    -0.869
     9.75    49.75    2083    -0.337    -0.182    -0.154    -0.156    -0.164    -0.223    -0.484    -1.236    -1.933    -2.273    -2.302    -1.251
     9.75    49.75    2084    -0.450    -0.215    -0.157    -0.172    -0.268    -0.494    -1.439    -2.354    -2.644    -2.666    -2.265    -1.039
     9.75    49.75    2085    -0.540    -0.285    -0.222    -0.191    -0.209    -0.337    -0.782    -1.749    -2.283    -2.464    -2.232    -1.255
     9.75    49.75    2086    -0.719    -0.411    -0.316    -0.349    -0.379    -0.650    -1.850    -2.378    -2.527    -2.562    -2.292    -0.988
     9.75    49.75    2087    -0.496    -0.373    -0.298    -0.307    -0.383    -0.891    -2.108    -2.476    -2.685    -2.797    -2.512    -1.251
     9.75    49.75    2088    -0.633    -0.447    -0.307    -0.269    -0.289    -0.528    -1.524    -2.228    -2.156    -2.252    -1.755    -0.758
     9.75    49.75    2089    -0.349    -0.225    -0.209    -0.233    -0.355    -0.869    -1.843    -1.998    -1.984    -2.023    -1.456    -0.679
     9.75    49.75    2090    -0.387    -0.248    -0.191    -0.219    -0.405    -1.198    -2.163    -2.575    -2.857    -2.741    -1.036    -0.499
     9.75    49.75    2091    -0.264    -0.245    -0.158    -0.159    -0.199    -0.354    -0.781    -1.934    -2.489    -2.660    -2.316    -1.135
     9.75    49.75    2092    -0.566    -0.305    -0.218    -0.190    -0.217    -0.379    -1.056    -2.144    -2.487    -2.505    -2.344    -1.833
     9.75    49.75    2093    -0.789    -0.267    -0.197    -0.190    -0.306    -0.754    -1.770    -2.213    -2.467    -2.573    -2.436    -1.426
     9.75    49.75    2094    -0.463    -0.254    -0.202    -0.169    -0.188    -0.290    -0.623    -1.513    -1.935    -2.178    -1.737    -1.023
     9.75    49.75    2095    -0.639    -0.261    -0.178    -0.197    -0.237    -0.336    -0.689    -1.749    -2.279    -2.444    -1.744    -0.634
     9.75    49.75    2096    -0.311    -0.198    -0.157    -0.175    -0.266    -0.553    -1.415    -2.222    -2.511    -2.471    -1.100    -0.508
     9.75    49.75    2097    -0.259    -0.164    -0.154    -0.160    -0.225    -0.472    -1.453    -2.330    -2.611    -2.758    -2.617    -1.269
     9.75    49.75    2098    -0.578    -0.270    -0.163    -0.158    -0.227    -0.539    -1.545    -2.000    -2.109    -2.215    -1.472    -0.490
     9.75    49.75    2099    -0.257    -0.176    -0.162    -0.182    -0.221    -0.367    -1.080    -2.123    -2.483    -2.386    -1.267    -0.517
     9.75    49.75    2100    -0.229    -0.167    -0.155    -0.157    -0.176    -0.284    -0.754    -1.946    -2.453    -2.597    -1.793    -0.923
     9.75    49.75    2101    -0.467    -0.329    -0.192    -0.169    -0.269    -0.518    -1.052    -1.998    -2.317    -2.247    -1.625    -0.751
     9.75    49.75    2102    -0.355    -0.220    -0.159    -0.158    -0.170    -0.232    -0.413    -1.039    -1.853    -1.832    -0.765    -0.326
     9.75    49.75    2103    -0.213    -0.163    -0.155    -0.159    -0.178    -0.275    -0.492    -0.742    -0.935    -1.014    -0.964    -0.493
     9.75    49.75    2104    -0.277    -0.197    -0.163    -0.161    -0.165    -0.229    -0.456    -0.832    -1.345    -1.294    -0.636    -0.288
     9.75    49.75    2105    -0.188    -0.157    -0.156    -0.157    -0.181    -0.338    -0.871    -1.903    -2.409    -2.455    -1.986    -0.858
     9.75    49.75    2106    -0.419    -0.207    -0.159    -0.163    -0.164    -0.206    -0.409    -0.992    -2.034    -2.479    -1.652    -0.628
     9.75    49.75    2107    -0.333    -0.208    -0.160    -0.164    -0.180    -0.262    -0.429    -0.562    -0.725    -0.639    -0.363    -0.220
     9.75    49.75    2108    -0.179    -0.161    -0.162    -0.181    -0.282    -0.694    -1.779    -2.549    -2.981    -3.088    -2.226    -0.697
     9.75    49.75    2109    -0.294    -0.183    -0.155    -0.164    -0.269    -0.629    -1.668    -2.625    -3.115    -3.249    -2.988    -1.481
     9.75    49.75    2110    -0.667    -0.398    -0.248    -0.213    -0.240    -0.260    -0.383    -0.569    -0.858    -1.279    -1.066    -0.668
     9.75    49.75    2111    -0.450    -0.305    -0.222    -0.226    -0.375    -0.775    -1.429    -1.914    -2.265    -2.334    -1.293    -0.547
     9.75    49.75    2112    -0.277    -0.181    -0.160    -0.165    -0.202    -0.330    -0.841    -1.950    -2.514    -2.700    -1.743    -0.945
     9.75    49.75    2113    -0.359    -0.180    -0.154    -0.156    -0.166    -0.222    -0.474    -1.237    -1.808    -2.165    -2.165    -1.460
     9.75    49.75    2114    -0.461    -0.220    -0.161    -0.173    -0.267    -0.445    -1.166    -2.083    -2.393    -2.428    -2.113    -1.028
     9.75    49.75    2115    -0.544    -0.286    -0.221    -0.201    -0.218    -0.342    -0.825    -1.765    -2.131    -2.316    -2.063    -1.161
     9.75    49.75    2116    -0.601    -0.347    -0.290    -0.305    -0.329    -0.587    -1.556    -2.202    -2.398    -2.436    -2.037    -0.916
     9.75    49.75    2117    -0.464    -0.328    -0.264    -0.240    -0.293    -0.646    -1.746    -2.291    -2.629    -2.832    -2.609    -1.164
     9.75    49.75    2118    -0.534    -0.333    -0.238    -0.212    -0.233    -0.396    -1.049    -1.853    -1.975    -2.077    -1.846    -0.883
     9.75    49.75    2119    -0.369    -0.225    -0.204    -0.225    -0.328    -0.818    -1.701    -1.919    -2.008    -2.068    -1.468    -0.792
     9.75    49.75    2120    -0.398    -0.235    -0.196    -0.237    -0.477    -1.505    -2.294    -2.630    -2.931    -2.603    -1.118    -0.447
     9.75    49.75    2121    -0.217    -0.194    -0.156    -0.160    -0.200    -0.364    -0.857    -2.085    -2.496    -2.621    -2.307    -1.384
     9.75    49.75    2122    -0.670    -0.339    -0.255    -0.222    -0.254    -0.503    -1.498    -2.295    -2.510    -2.499    -2.347    -1.646
     9.75    49.75    2123    -0.601    -0.284    -0.198    -0.194    -0.333    -0.800    -1.720    -2.217    -2.441    -2.538    -2.423    -1.253
     9.75    49.75    2124    -0.506    -0.341    -0.268    -0.237    -0.265    -0.392    -0.986    -1.874    -2.134    -2.286    -1.978    -1.148
     9.75    49.75    2125    -0.689    -0.289    -0.207    -0.233    -0.284    -0.453    -1.041    -2.096    -2.395    -2.536    -1.607    -0.515
     9.75    49.75    2126    -0.276    -0.180    -0.158    -0.172    -0.248    -0.520    -1.114    -2.177    -2.479    -2.275    -1.031    -0.403
     9.75    49.75    2127    -0.240    -0.165    -0.157    -0.163    -0.226    -0.475    -1.465    -2.389    -2.616    -2.755    -2.479    -1.086
     9.75    49.75    2128    -0.404    -0.246    -0.173    -0.160    -0.225    -0.552    -1.541    -2.246    -2.272    -2.266    -1.411    -0.517
     9.75    49.75    2129    -0.305    -0.174    -0.162    -0.176    -0.229    -0.383    -1.064    -2.187    -2.569    -2.445    -1.360    -0.483
     9.75    49.75    2130    -0.243    -0.169    -0.156    -0.157    -0.178    -0.282    -0.745    -1.996    -2.582    -2.676    -2.029    -0.801
    13.75    55.75    1980    -0.130    -0.130    -0.127    -0.126    -0.139    -0.190    -0.316    -0.621    -0.904    -0.615    -0.303    -0.210
    13.75    55.75    1981    -0.141    -0.126    -0.125    -0.126    -0.139    -0.192    -0.307    -0.622    -1.130    -1.261    -0.672    -0.308
    13.75    55.75    1982    -0.182    -0.130    -0.125    -0.125    -0.131    -0.157    -0.246    -0.473    -0.841    -0.645    -0.346    -0.187
    13.75    55.75    1983    -0.163    -0.129    -0.125    -0.126    -0.142    -0.191    -0.296    -0.604    -1.256    -1.663    -1.072    -0.402
    13.75    55.75    1984    -0.201    -0.144    -0.129    -0.125    -0.130    -0.159    -0.207    -0.256    -0.294    -0.254    -0.159    -0.131
    13.75    55.75    1985    -0.126    -0.125    -0.125    -0.126    -0.128    -0.139    -0.171    -0.185    -0.187    -0.148    -0.127    -0.125
    13.75    55.75    1986    -0.126    -0.126    -0.126    -0.126    -0.129    -0.153    -0.231    -0.326    -0.316    -0.201    -0.146    -0.128
    13.75    55.75    1987    -0.126    -0.126    -0.126    -0.126    -0.138    -0.176    -0.224    -0.376    -0.401    -0.238    -0.152    -0.127
    13.75    55.75    1988    -0.125    -0.125    -0.125    -0.126    -0.141    -0.194    -0.348    -0.621    -0.956    -1.118    -0.875    -0.426
    13.75    55.75    1989    -0.241    -0.240    -0.175    -0.126    -0.132    -0.172    -0.282    -0.465    -0.733    -0.625    -0.294    -0.169
    13.75    55.75    1990    -0.137    -0.130    -0.126    -0.125    -0.135    -0.149    -0.196    -0.301    -0.307    -0.243    -0.178    -0.132
    13.75    55.75    1991    -0.126    -0.126    -0.126    -0.126    -0.135    -0.189    -0.334    -0.375    -0.297    -0.212    -0.150    -0.130
    13.75    55.75    1992    -0.125    -0.125    -0.125    -0.125    -0.133    -0.160    -0.214    -0.375    -0.617    -0.728    -0.530    -0.241
    13.75    55.75    1993    -0.229    -0.218    -0.155    -0.126    -0.137    -0.172    -0.208    -0.223    -0.253    -0.236    -0.170    -0.165
    13.75    55.75    1994    -0.162    -0.140    -0.126    -0.127    -0.137    -0.174    -0.229    -0.235    -0.261    -0.205    -0.145    -0.131
    13.75    55.75    1995    -0.128    -0.127    -0.126    -0.126    -0.135    -0.172    -0.266    -0.491    -0.814    -0.801    -0.357    -0.191
    13.75    55.75    1996    -0.132    -0.125    -0.125    -0.126    -0.135    -0.183    -0.317    -0.522    -0.704    -0.488    -0.250    -0.176
    13.75    55.75    1997    -0.138    -0.138    -0.133    -0.126    -0.135    -0.181    -0.266    -0.359    -0.378    -0.288    -0.176    -0.133
    13.75    55.75    1998    -0.129    -0.127    -0.126    -0.126    -0.141    -0.172    -0.245    -0.449    -0.591    -0.584    -0.460    -0.267
    13.75    55.75    1999    -0.195    -0.161    -0.130    -0.132    -0.138    -0.180    -0.313    -0.523    -0.622    -0.361    -0.220    -0.142
    13.75    55.75    2000    -0.129    -0.126    -0.126    -0.129    -0.158    -0.251    -0.474    -1.037    -1.681    -1.466    -0.692    -0.282
    13.75    55.75    2001    -0.201    -0.201    -0.198    -0.131    -0.130    -0.149    -0.185    -0.215    -0.206    -0.170    -0.137    -0.128
    13.75    55.75    2002    -0.128    -0.129    -0.128    -0.126    -0.133    -0.181    -0.312    -0.488    -0.426    -0.276    -0.182    -0.140
    13.75    55.75    2003    -0.129    -0.129    -0.127    -0.126    -0.133    -0.168    -0.252    -0.310    -0.344    -0.227    -0.155    -0.128
    13.75    55.75    2004    -0.126    -0.126    -0.126    -0.126    -0.135    -0.152    -0.154    -0.185    -0.238    -0.268    -0.191    -0.138
    13.75    55.75    2005    -0.130    -0.128    -0.127    -0.127    -0.142    -0.187    -0.305    -0.582    -1.021    -1.022    -0.370    -0.178
    13.75    55.75    2006    -0.133    -0.132    -0.126    -0.128    -0.157    -0.247    -0.482    -1.030    -1.419    -0.904    -0.365    -0.173
    13.75    55.75    2007    -0.133    -0.133    -0.126    -0.126    -0.130    -0.159    -0.252    -0.412    -0.428    -0.285    -0.183    -0.132
    13.75    55.75    2008    -0.128    -0.126    -0.126    -0.126    -0.136    -0.193    -0.333    -0.632    -1.110    -1.106    -0.584    -0.301
    13.75    55.75    2009    -0.151    -0.128    -0.125    -0.127    -0.146    -0.221    -0.376    -0.696    -1.239    -1.325    -0.854    -0.322
    13.75    55.75    2010    -0.192    -0.174    -0.126    -0.127    -0.138    -0.171    -0.232    -0.308    -0.362    -0.327    -0.258    -0.156
    13.75    55.75    2011    -0.135    -0.128    -0.126    -0.128    -0.143    -0.204    -0.308    -0.458    -0.759    -0.998    -0.658    -0.247
    13.75    55.75    2012    -0.166    -0.135    -0.127    -0.127    -0.134    -0.182    -0.323    -0.575    -0.760    -0.618    -0.350    -0.187
    13.75    55.75    2013    -0.132    -0.130    -0.126    -0.127    -0.133    -0.173    -0.261    -0.290    -0.310    -0.319    -0.228    -0.138
    13.75    55.75    2014    -0.131    -0.131    -0.128    -0.127    -0.141    -0.189    -0.338    -0.556    -0.805    -0.913    -0.635    -0.289
    13.75    55.75    2015    -0.170    -0.133    -0.126    -0.127    -0.147    -0.222    -0.400    -0.775    -1.535    -1.955    -1.469    -0.472
    13.75    55.75    2016    -0.235    -0.155    -0.135    -0.126    -0.136    -0.192    -0.350    -0.610    -0.928    -0.899    -0.646    -0.358
    13.75    55.75    2017    -0.224    -0.154    -0.137    -0.129    -0.132    -0.159    -0.244    -0.411    -0.562    -0.495    -0.292    -0.181
    13.75    55.75    2018    -0.166    -0.136    -0.126    -0.127    -0.143    -0.168    -0.264    -0.453    -0.857    -1.035    -0.442    -0.188
    13.75    55.75    2019    -0.137    -0.125    -0.125    -0.126    -0.148    -0.230    -0.403    -0.857    -1.535    -1.209    -0.535    -0.232
    13.75    55.75    2020    -0.146    -0.125    -0.125    -0.125    -0.138    -0.183    -0.287    -0.507    -0.646    -0.617    -0.336    -0.185
    13.75    55.75    2021    -0.149    -0.149    -0.148    -0.127    -0.136    -0.179    -0.287    -0.578    -1.154    -1.727    -1.475    -0.937
    13.75    55.75    2022    -0.930    -0.508    -0.150    -0.139    -0.160    -0.164    -0.154    -0.234    -0.381    -0.424    -0.319    -0.189
    13.75    55.75    2023    -0.160    -0.128    -0.126    -0.126    -0.131    -0.139    -0.138    -0.157    -0.145    -0.145    -0.134    -0.127
    13.75    55.75    2024    -0.125    -0.125    -0.125    -0.126    -0.139    -0.187    -0.309    -0.479    -0.757    -0.730    -0.402    -0.204
    13.75    55.75    2025    -0.148    -0.127    -0.125    -0.127    -0.144    -0.208    -0.344    -0.621    -0.898    -0.725    -0.432    -0.173
    13.75    55.75    2026    -0.133    -0.128    -0.125    -0.126    -0.135    -0.184    -0.298    -0.549    -0.739    -0.545    -0.245    -0.164
    13.75    55.75    2027    -0.130    -0.126    -0.125    -0.126    -0.145    -0.219    -0.318    -0.269    -0.233    -0.218    -0.161    -0.131
    13.75    55.75    2028    -0.131    -0.129    -0.127    -0.126    -0.138    -0.179    -0.204    -0.234    -0.285    -0.289    -0.231    -0.157
    13.75    55.75    2029    -0.140    -0.139    -0.128    -0.126    -0.142    -0.217    -0.400    -0.621    -0.584    -0.474    -0.335    -0.226
    13.75    55.75    2030    -0.210    -0.201    -0.134    -0.129    -0.146    -0.174    -0.214    -0.312    -0.545    -0.692    -0.439    -0.199
    13.75    55.75    2031    -0.140    -0.129    -0.127    -0.130    -0.155    -0.234    -0.429    -0.694    -0.931    -0.902    -0.433    -0.226
    13.75    55.75    2032    -0.143    -0.128    -0.127    -0.130    -0.147    -0.232    -0.442    -0.896    -1.647    -1.453    -0.622    -0.199
    13.75    55.75    2033    -0.132    -0.126    -0.126    -0.131    -0.162    -0.228    -0.194    -0.286    -0.413    -0.400    -0.287    -0.172
    13.75    55.75    2034    -0.134    -0.132    -0.129    -0.128    -0.148    -0.174    -0.227    -0.352    -0.334    -0.284    -0.170    -0.137
    13.75    55.75    2035    -0.130    -0.127    -0.127    -0.127    -0.144    -0.200    -0.204    -0.253    -0.329    -0.379    -0.331    -0.195
    13.75    55.75    2036    -0.142    -0.130    -0.128    -0.129    -0.149    -0.220    -0.387    -0.668    -0.867    -0.526    -0.315    -0.165
    13.75    55.75    2037    -0.131    -0.127    -0.127    -0.128    -0.152    -0.222    -0.312    -0.463    -0.687    -0.662    -0.432    -0.199
    13.75    55.75    2038    -0.143    -0.129    -0.128    -0.129    -0.142    -0.191    -0.179    -0.197    -0.287    -0.322    -0.255    -0.172
    13.75    55.75    2039    -0.137    -0.130    -0.129    -0.129    -0.148    -0.202    -0.345    -0.531    -0.712    -0.671    -0.518    -0.282
    13.75    55.75    2040    -0.159    -0.132    -0.129    -0.133    -0.158    -0.263    -0.472    -0.741    -0.963    -0.699    -0.343    -0.189
    13.75    55.75    2041    -0.132    -0.129    -0.129    -0.132    -0.166    -0.297    -0.575    -1.047    -1.264    -0.818    -0.300    -0.163
    13.75    55.75    2042    -0.131    -0.129    -0.130    -0.130    -0.150    -0.192    -0.217    -0.270    -0.278    -0.236    -0.182    -0.147
    13.75    55.75    2043    -0.141    -0.141    -0.134    -0.132    -0.157    -0.252    -0.525    -0.931    -1.439    -1.501    -1.243    -0.603
    13.75    55.75    2044    -0.261    -0.192    -0.149    -0.142    -0.166    -0.215    -0.259    -0.287    -0.281    -0.267    -0.205    -0.153
    13.75    55.75    2045    -0.142    -0.139    -0.132    -0.133    -0.144    -0.196    -0.401    -0.700    -1.351    -1.762    -1.256    -0.483
    13.75    55.75    2046    -0.265    -0.173    -0.140    -0.130    -0.140    -0.198    -0.327    -0.417    -0.662    -0.728    -0.431    -0.190
    13.75    55.75    2047    -0.146    -0.138    -0.137    -0.131    -0.141    -0.192    -0.347    -0.666    -1.037    -1.173    -0.775    -0.301
    13.75    55.75    2048    -0.175    -0.139    -0.129    -0.131    -0.149    -0.210    -0.393    -0.681    -1.189    -1.378    -0.577    -0.231
    13.75    55.75    2049    -0.169    -0.145    -0.130    -0.131    -0.147    -0.237    -0.295    -0.346    -0.452    -0.416    -0.312    -0.194
    13.75    55.75    2050    -0.155    -0.137    -0.132    -0.132    -0.139    -0.168    -0.299    -0.492    -0.663    -0.520    -0.292    -0.161
    13.75    55.75    2051    -0.135    -0.130    -0.131    -0.131    -0.146    -0.173    -0.264    -0.414    -0.500    -0.497    -0.308    -0.171
    13.75    55.75    2052    -0.148    -0.148    -0.134    -0.131    -0.138    -0.170    -0.308    -0.499    -0.663    -0.542    -0.312    -0.171
    13.75    55.75    2053    -0.150    -0.150    -0.139    -0.130    -0.147    -0.203    -0.377    -0.598    -0.716    -0.669    -0.310    -0.173
    13.75    55.75    2054    -0.147    -0.147    -0.135    -0.131    -0.149    -0.214    -0.315    -0.405    -0.469    -0.464    -0.283    -0.181
    13.75    55.75    2055    -0.142    -0.134    -0.133    -0.146    -0.213    -0.405    -0.681    -1.322    -1.742    -1.457    -0.746    -0.250
    13.75    55.75    2056    -0.173    -0.141    -0.132    -0.139    -0.165    -0.235    -0.478    -0.702    -0.593    -0.386    -0.229    -0.153
    13.75    55.75    2057    -0.136    -0.131    -0.131    -0.133    -0.158    -0.297    -0.607    -0.835    -0.810    -0.669    -0.498    -0.333
    13.75    55.75    2058    -0.206    -0.159    -0.145    -0.141    -0.174    -0.309    -0.527    -0.761    -0.864    -0.988    -0.860    -0.439
    13.75    55.75    2059    -0.266    -0.180    -0.142    -0.137    -0.151    -0.211    -0.250    -0.370    -0.381    -0.339    -0.222    -0.167
    13.75    55.75    2060    -0.153    -0.138    -0.135    -0.138    -0.183    -0.380    -0.492    -0.458    -0.603    -0.686    -0.448    -0.234
    13.75    55.75    2061    -0.153    -0.136    -0.135    -0.136    -0.156    -0.267    -0.522    -0.580    -0.654    -0.650    -0.439    -0.249
    13.75    55.75    2062    -0.155    -0.142    -0.136    -0.135    -0.149    -0.200    -0.379    -0.694    -0.979    -1.066    -0.506    -0.236
    13.75    55.75    2063    -0.151    -0.134    -0.132    -0.133    -0.150    -0.222    -0.453    -0.749    -0.865    -0.681    -0.460    -0.302
    13.75    55.75    2064    -0.180    -0.144    -0.136    -0.138    -0.180    -0.343    -0.578    -0.609    -0.529    -0.413    -0.341    -0.189
    13.75    55.75    2065    -0.151    -0.138    -0.135    -0.139    -0.178    -0.345    -0.640    -0.817    -0.818    -0.748    -0.488    -0.254
    13.75    55.75    2066    -0.172    -0.146    -0.136    -0.136    -0.166    -0.308    -0.608    -1.112    -1.557    -1.014    -0.600    -0.331
    13.75    55.75    2067    -0.185    -0.146    -0.133    -0.139    -0.170    -0.247    -0.525    -0.917    -1.491    -1.787    -1.195    -0.433
    13.75    55.75    2068    -0.213    -0.161    -0.133    -0.137    -0.184    -0.400    -0.777    -1.188    -1.771    -1.994    -1.276    -0.609
    13.75    55.75    2069    -0.287    -0.170    -0.147    -0.134    -0.148    -0.166    -0.197    -0.333    -0.591    -0.695    -0.528    -0.231
    13.75    55.75    2070    -0.164    -0.145    -0.137    -0.139    -0.156    -0.204    -0.373    -0.642    -0.746    -0.543    -0.301    -0.180
    13.75    55.75    2071    -0.145    -0.135    -0.135    -0.138    -0.172    -0.328    -0.556    -0.808    -1.084    -0.919    -0.517    -0.228
    13.75    55.75    2072    -0.149    -0.136    -0.135    -0.136    -0.146    -0.176    -0.190    -0.204    -0.215    -0.197    -0.157    -0.139
    13.75    55.75    2073    -0.136    -0.135    -0.135    -0.136    -0.169    -0.337    -0.658    -1.265    -1.857    -1.618    -1.038    -0.407
    13.75    55.75    2074    -0.237    -0.143    -0.134    -0.135    -0.156    -0.257    -0.525    -0.714    -0.602    -0.397    -0.243    -0.165
    13.75    55.75    2075    -0.141    -0.137    -0.137    -0.138    -0.161    -0.245    -0.307    -0.441    -0.666    -0.689    -0.424    -0.218
    13.75    55.75    2076    -0.162    -0.143    -0.139    -0.142    -0.184    -0.394    -0.744    -1.175    -1.828    -1.794    -0.645    -0.299
    13.75    55.75    2077    -0.152    -0.134    -0.134    -0.135    -0.160    -0.239    -0.517    -1.003    -1.338    -0.691    -0.344    -0.203
    13.75    55.75    2078    -0.141    -0.135    -0.135    -0.139    -0.171    -0.269    -0.431    -0.579    -0.644    -0.602    -0.332    -0.159
    13.75    55.75    2079    -0.142    -0.141    -0.141    -0.149    -0.224    -0.519    -0.577    -0.623    -0.610    -0.607    -0.460    -0.257
    13.75    55.75    2080    -0.179    -0.157    -0.147    -0.148    -0.181    -0.345    -0.657    -1.008    -1.393    -1.296    -0.702    -0.398
    13.75    55.75    2081    -0.238    -0.183    -0.153    -0.153    -0.178    -0.355    -0.648    -1.062    -1.775    -1.965    -1.349    -0.470
    13.75    55.75    2082    -0.241    -0.172    -0.150    -0.141    -0.158    -0.214    -0.371    -0.555    -0.594    -0.559    -0.326    -0.186
    13.75    55.75    2083    -0.151    -0.139    -0.137    -0.139    -0.154    -0.237    -0.499    -0.772    -1.175    -1.341    -1.026    -0.402
    13.75    55.75    2084    -0.190    -0.142    -0.134    -0.140    -0.178    -0.214    -0.371    -0.623    -1.113    -1.345    -0.586    -0.268
    13.75    55.75    2085    -0.152    -0.133    -0.133    -0.136    -0.142    -0.206    -0.408    -0.738    -0.857    -0.859    -0.600    -0.325
    13.75    55.75    2086    -0.195    -0.150    -0.143    -0.143    -0.169    -0.282    -0.567    -0.813    -0.944    -0.964    -0.507    -0.235
    13.75    55.75    2087    -0.163    -0.147    -0.141    -0.142    -0.153    -0.193    -0.407    -0.700    -1.176    -1.679    -1.111    -0.387
    13.75    55.75    2088    -0.221    -0.161    -0.142    -0.143    -0.164    -0.261    -0.586    -1.024    -1.594    -1.199    -0.582    -0.223
    13.75    55.75    2089    -0.150    -0.141    -0.142    -0.149    -0.194    -0.430    -0.820    -1.507    -1.961    -1.572    -0.873    -0.375
    13.75    55.75    2090    -0.196    -0.141    -0.137    -0.145    -0.183    -0.383    -0.763    -1.085    -1.268    -0.749    -0.339    -0.187
    13.75    55.75    2091    -0.142    -0.139    -0.139    -0.141    -0.165    -0.202    -0.280    -0.467    -0.572    -0.447    -0.267    -0.190
    13.75    55.75    2092    -0.150    -0.142    -0.142    -0.145    -0.175    -0.317    -0.669    -1.093    -1.520    -0.949    -0.489    -0.231
    13.75    55.75    2093    -0.152    -0.142    -0.142    -0.146    -0.194    -0.366    -0.700    -1.158    -1.930    -2.149    -1.481    -0.692
    13.75    55.75    2094    -0.292    -0.198    -0.158    -0.146    -0.168    -0.320    -0.577    -0.785    -0.990    -1.127    -0.847    -0.447
    13.75    55.75    2095    -0.263    -0.169    -0.143    -0.145    -0.179    -0.311    -0.640    -0.794    -0.940    -1.013    -0.782    -0.387
    13.75    55.75    2096    -0.197    -0.155    -0.144    -0.145    -0.182    -0.386    -0.757    -1.137    -1.287    -0.795    -0.385    -0.195
    13.75    55.75    2097    -0.149    -0.138    -0.137    -0.139    -0.175    -0.337    -0.680    -0.799    -0.676    -0.563    -0.348    -0.195
    13.75    55.75    2098    -0.157    -0.142    -0.139    -0.141    -0.178    -0.387    -0.749    -1.302    -2.053    -1.949    -1.240    -0.448
    13.75    55.75    2099    -0.246    -0.142    -0.134    -0.137    -0.155    -0.189    -0.285    -0.591    -0.918    -0.870    -0.385    -0.177
    13.75    55.75    2100    -0.138    -0.134    -0.134    -0.137    -0.166    -0.212    -0.351    -0.543    -0.786    -0.895    -0.651    -0.329
    13.75    55.75    2101    -0.215    -0.159    -0.145    -0.146    -0.200    -0.391    -0.670    -1.094    -1.504    -1.087    -0.537    -0.266
    13.75    55.75    2102    -0.172    -0.146    -0.142    -0.142    -0.157    -0.188    -0.227    -0.294    -0.348    -0.301    -0.211    -0.160
    13.75    55.75    2103    -0.144    -0.143    -0.143    -0.145    -0.190    -0.439    -0.787    -1.377    -1.949    -1.705    -0.859    -0.419
    13.75    55.75    2104    -0.236    -0.153    -0.140    -0.142    -0.173    -0.341    -0.610    -0.707    -0.661    -0.545    -0.320    -0.192
    13.75    55.75    2105    -0.159    -0.145    -0.143    -0.146    -0.166    -0.245    -0.282    -0.404    -0.598    -0.633    -0.382    -0.204
    13.75    55.75    2106    -0.161    -0.145    -0.142    -0.145    -0.181    -0.404    -0.720    -1.319    -1.720    -1.523    -0.621    -0.273
    13.75    55.75    2107    -0.164    -0.135    -0.135    -0.137    -0.164    -0.255    -0.545    -1.069    -1.380    -0.808    -0.431    -0.208
    13.75    55.75    2108    -0.147    -0.135    -0.135    -0.139    -0.179    -0.288    -0.474    -0.511    -0.571    -0.467    -0.247    -0.160
    13.75    55.75    2109    -0.141    -0.140    -0.141    -0.151    -0.226    -0.498    -0.620    -0.680    -0.602    -0.517    -0.407    -0.249
    13.75    55.75    2110    -0.180    -0.159    -0.149    -0.151    -0.198    -0.379    -0.587    -1.094    -1.577    -1.277    -0.635    -0.342
    13.75    55.75    2111    -0.198    -0.162    -0.146    -0.142    -0.175    -0.306    -0.571    -1.122    -1.817    -1.901    -1.367    -0.517
    13.75    55.75    2112    -0.234    -0.169    -0.147    -0.139    -0.149    -0.221    -0.328    -0.512    -0.535    -0.519    -0.281    -0.168
    13.75    55.75    2113    -0.140    -0.135    -0.134    -0.135    -0.152    -0.214    -0.406    -0.689    -1.091    -1.329    -0.909    -0.369
    13.75    55.75    2114    -0.182    -0.140    -0.136    -0.144    -0.184    -0.223    -0.409    -0.705    -1.314    -1.517    -0.765    -0.340
    13.75    55.75    2115    -0.188    -0.148    -0.137    -0.138    -0.144    -0.172    -0.337    -0.588    -0.630    -0.615    -0.461    -0.271
    13.75    55.75    2116    -0.176    -0.154    -0.146    -0.146    -0.167    -0.294    -0.536    -0.794    -0.842    -0.851    -0.477    -0.220
    13.75    55.75    2117    -0.161    -0.144    -0.140    -0.141    -0.151    -0.204    -0.399    -0.751    -1.427    -1.838    -1.322    -0.503
    13.75    55.75    2118    -0.231    -0.158    -0.143    -0.145    -0.164    -0.249    -0.555    -0.983    -1.405    -1.008    -0.484    -0.240
    13.75    55.75    2119    -0.156    -0.143    -0.144    -0.151    -0.194    -0.432    -0.816    -1.465    -1.810    -1.369    -0.715    -0.310
    13.75    55.75    2120    -0.176    -0.141    -0.140    -0.147    -0.188    -0.393    -0.752    -1.073    -1.260    -0.864    -0.378    -0.190
    13.75    55.75    2121    -0.147    -0.140    -0.139    -0.141    -0.156    -0.202    -0.256    -0.414    -0.486    -0.415    -0.248    -0.181
    13.75    55.75    2122    -0.154    -0.142    -0.142    -0.144    -0.164    -0.285    -0.596    -0.924    -1.154    -0.840    -0.472    -0.243
    13.75    55.75    2123    -0.155    -0.140    -0.140    -0.143    -0.193    -0.359    -0.595    -0.972    -1.558    -1.895    -1.584    -0.569
    13.75    55.75    2124    -0.245    -0.176    -0.146    -0.141    -0.164    -0.295    -0.605    -0.678    -0.711    -0.775    -0.495    -0.284
    13.75    55.75    2125    -0.198    -0.151    -0.140    -0.143    -0.169    -0.275    -0.525    -0.624    -0.692    -0.740    -0.630    -0.310
    13.75    55.75    2126    -0.172    -0.147    -0.142    -0.143    -0.164    -0.309    -0.599    -0.791    -0.804    -0.610    -0.288    -0.173
    13.75    55.75    2127    -0.143    -0.137    -0.137    -0.138    -0.170    -0.316    -0.628    -0.792    -0.861    -0.669    -0.484    -0.234
    13.75    55.75    2128    -0.167    -0.145    -0.137    -0.138    -0.175    -0.358    -0.698    -1.308    -2.048    -2.143    -1.026    -0.347
    13.75    55.75    2129    -0.179    -0.139    -0.136    -0.138    -0.151    -0.189    -0.250    -0.532    -0.820    -0.733    -0.287    -0.157
    13.75    55.75    2130    -0.143    -0.141    -0.142    -0.144    -0.177    -0.249    -0.447    -0.626    -0.769    -0.865    -0.635    -0.309
    23.75    61.75    1980    -0.166    -0.166    -0.167    -0.169    -0.173    -0.215    -0.279    -0.394    -0.384    -0.255    -0.170    -0.167
    23.75    61.75    1981    -0.167    -0.168    -0.167    -0.167    -0.172    -0.207    -0.304    -0.386    -0.360    -0.245    -0.189    -0.189
    23.75    61.75    1982    -0.191    -0.191    -0.191    -0.177    -0.172    -0.182    -0.262    -0.404    -0.418    -0.228    -0.171    -0.168
    23.75    61.75    1983    -0.167    -0.168    -0.168    -0.168    -0.185    -0.241    -0.379    -0.619    -0.929    -0.879    -0.694    -0.695
    23.75    61.75    1984    -0.684    -0.668    -0.673    -0.638    -0.220    -0.199    -0.226    -0.200    -0.198    -0.183    -0.184    -0.183
    23.75    61.75    1985    -0.182    -0.184    -0.183    -0.176    -0.174    -0.206    -0.276    -0.265    -0.221    -0.170    -0.167    -0.167
    23.75    61.75    1986    -0.168    -0.168    -0.168    -0.168    -0.171    -0.189    -0.247    -0.337    -0.362    -0.266    -0.208    -0.208
    23.75    61.75    1987    -0.210    -0.210    -0.210    -0.189    -0.181    -0.230    -0.271    -0.341    -0.383    -0.267    -0.201    -0.199
    23.75    61.75    1988    -0.202    -0.202    -0.182    -0.168    -0.181    -0.214    -0.315    -0.425    -0.255    -0.194    -0.169    -0.168
    23.75    61.75    1989    -0.168    -0.168    -0.167    -0.168    -0.180    -0.252    -0.367    -0.527    -0.586    -0.354    -0.219    -0.219
    23.75    61.75    1990    -0.220    -0.220    -0.221    -0.208    -0.175    -0.212    -0.300    -0.285    -0.217    -0.169    -0.168    -0.168
    23.75    61.75    1991    -0.168    -0.168    -0.169    -0.167    -0.183    -0.221    -0.334    -0.488    -0.476    -0.281    -0.199    -0.199
    23.75    61.75    1992    -0.200    -0.200    -0.187    -0.168    -0.176    -0.224    -0.246    -0.207    -0.178    -0.168    -0.168    -0.168
    23.75    61.75    1993    -0.169    -0.169    -0.168    -0.168    -0.179    -0.259    -0.406    -0.439    -0.366    -0.212    -0.190    -0.190
    23.75    61.75    1994    -0.191    -0.176    -0.167    -0.167    -0.175    -0.212    -0.306    -0.385    -0.296    -0.189    -0.167    -0.167
    23.75    61.75    1995    -0.167    -0.166    -0.167    -0.168    -0.172    -0.192    -0.240    -0.284    -0.319    -0.262    -0.176    -0.169
    23.75    61.75    1996    -0.171    -0.171    -0.171    -0.170    -0.174    -0.237    -0.412    -0.410    -0.330    -0.250    -0.177    -0.173
    23.75    61.75    1997    -0.173    -0.173    -0.174    -0.170    -0.173    -0.219    -0.358    -0.408    -0.298    -0.208    -0.168    -0.166
    23.75    61.75    1998    -0.166    -0.166    -0.167    -0.167    -0.171    -0.208    -0.267    -0.308    -0.291    -0.189    -0.167    -0.166
    23.75    61.75    1999    -0.167    -0.167    -0.167    -0.167    -0.171    -0.194    -0.255    -0.277    -0.245    -0.205    -0.167    -0.167
    23.75    61.75    2000    -0.168    -0.168    -0.168    -0.168    -0.177    -0.220    -0.333    -0.352    -0.302    -0.223    -0.169    -0.167
    23.75    61.75    2001    -0.167    -0.167    -0.167    -0.168    -0.175    -0.233    -0.397    -0.382    -0.263    -0.213    -0.209    -0.209
    23.75    61.75    2002    -0.210    -0.210    -0.185    -0.168    -0.172    -0.176    -0.213    -0.257    -0.211    -0.181    -0.169    -0.167
    23.75    61.75    2003    -0.168    -0.168    -0.168    -0.169    -0.174    -0.196    -0.296    -0.478    -0.492    -0.297    -0.196    -0.193
    23.75    61.75    2004    -0.194    -0.194    -0.195    -0.170    -0.189    -0.255    -0.346    -0.295    -0.237    -0.177    -0.167    -0.167
    23.75    61.75    2005    -0.167    -0.167    -0.167    -0.169    -0.183    -0.221    -0.251    -0.293    -0.315    -0.220    -0.195    -0.195
    23.75    61.75    2006    -0.189    -0.181    -0.172    -0.168    -0.188    -0.281    -0.534    -0.979    -0.771    -0.337    -0.179    -0.176
    23.75    61.75    2007    -0.176    -0.176    -0.176    -0.169    -0.174    -0.217    -0.303    -0.339    -0.200    -0.168    -0.166    -0.166
    23.75    61.75    2008    -0.167    -0.167    -0.167    -0.167    -0.174    -0.242    -0.402    -0.641    -0.671    -0.416    -0.247    -0.232
    23.75    61.75    2009    -0.202    -0.172    -0.169    -0.172    -0.200    -0.283    -0.519    -0.881    -0.917    -0.568    -0.335    -0.244
    23.75    61.75    2010    -0.243    -0.243    -0.198    -0.168    -0.177    -0.230    -0.352    -0.346    -0.238    -0.178    -0.169    -0.169
    23.75    61.75    2011    -0.169    -0.169    -0.166    -0.167    -0.174    -0.240    -0.403    -0.503    -0.345    -0.261    -0.187    -0.167
    23.75    61.75    2012    -0.167    -0.167    -0.167    -0.167    -0.192    -0.265    -0.437    -0.551    -0.451    -0.291    -0.185    -0.175
    23.75    61.75    2013    -0.172    -0.172    -0.172    -0.169    -0.174    -0.203    -0.287    -0.365    -0.273    -0.218    -0.171    -0.168
    23.75    61.75    2014    -0.168    -0.168    -0.168    -0.168    -0.182    -0.256    -0.305    -0.315    -0.387    -0.297    -0.206    -0.190
    23.75    61.75    2015    -0.191    -0.191    -0.191    -0.174    -0.180    -0.263    -0.421    -0.690    -0.789    -0.544    -0.288    -0.239
    23.75    61.75    2016    -0.238    -0.238    -0.240    -0.225    -0.174    -0.212    -0.290    -0.496    -0.606    -0.357    -0.254    -0.249
    23.75    61.75    2017    -0.253    -0.253    -0.216    -0.173    -0.174    -0.195    -0.201    -0.233    -0.231    -0.181    -0.171    -0.170
    23.75    61.75    2018    -0.172    -0.173    -0.170    -0.171    -0.195    -0.255    -0.375    -0.366    -0.264    -0.196    -0.176    -0.172
    23.75    61.75    2019    -0.176    -0.176    -0.174    -0.175    -0.207    -0.362    -0.804    -1.300    -1.310    -0.644    -0.340    -0.233
    23.75    61.75    2020    -0.205    -0.172    -0.173    -0.174    -0.187    -0.242    -0.484    -0.741    -0.469    -0.262    -0.186    -0.186
    23.75    61.75    2021    -0.186    -0.186    -0.186    -0.178    -0.204    -0.327    -0.625    -0.851    -0.822    -0.604    -0.299    -0.264
    23.75    61.75    2022    -0.258    -0.233    -0.176    -0.175    -0.205    -0.272    -0.371    -0.561    -0.615    -0.477    -0.273    -0.193
    23.75    61.75    2023    -0.192    -0.189    -0.190    -0.189    -0.190    -0.273    -0.328    -0.293    -0.256    -0.205    -0.185    -0.185
    23.75    61.75    2024    -0.183    -0.183    -0.183    -0.177    -0.184    -0.244    -0.370    -0.550    -0.494    -0.442    -0.259    -0.226
    23.75    61.75    2025    -0.198    -0.176    -0.173    -0.173    -0.183    -0.248    -0.431    -0.644    -0.559    -0.372    -0.230    -0.205
    23.75    61.75    2026    -0.199    -0.190    -0.171    -0.171    -0.186    -0.291    -0.638    -1.185    -1.516    -0.924    -0.416    -0.237
    23.75    61.75    2027    -0.218    -0.217    -0.190    -0.169    -0.186    -0.296    -0.587    -0.622    -0.434    -0.290    -0.207    -0.199
    23.75    61.75    2028    -0.200    -0.200    -0.199    -0.196    -0.182    -0.257    -0.371    -0.483    -0.345    -0.218    -0.177    -0.172
    23.75    61.75    2029    -0.172    -0.172    -0.172    -0.171    -0.195    -0.295    -0.473    -0.455    -0.303    -0.194    -0.177    -0.171
    23.75    61.75    2030    -0.170    -0.170    -0.170    -0.171    -0.186    -0.223    -0.334    -0.602    -0.978    -0.611    -0.364    -0.357
    23.75    61.75    2031    -0.356    -0.299    -0.171    -0.171    -0.207    -0.331    -0.561    -0.648    -0.703    -0.487    -0.244    -0.182
    23.75    61.75    2032    -0.180    -0.171    -0.170    -0.171    -0.206    -0.375    -0.737    -0.875    -0.791    -0.607    -0.358    -0.237
    23.75    61.75    2033    -0.243    -0.218    -0.175    -0.177    -0.199    -0.250    -0.284    -0.322    -0.354    -0.299    -0.209    -0.197
    23.75    61.75    2034    -0.204    -0.202    -0.202    -0.199    -0.206    -0.351    -0.675    -0.728    -0.463    -0.365    -0.246    -0.237
    23.75    61.75    2035    -0.231    -0.224    -0.208    -0.179    -0.205    -0.287    -0.312    -0.342    -0.359    -0.267    -0.206    -0.183
    23.75    61.75    2036    -0.177    -0.174    -0.174    -0.174    -0.184    -0.280    -0.556    -1.036    -1.244    -0.902    -0.511    -0.448
    23.75    61.75    2037    -0.440    -0.439    -0.315    -0.171    -0.189    -0.262    -0.429    -0.560    -0.582    -0.470    -0.279    -0.190
    23.75    61.75    2038    -0.183    -0.182    -0.172    -0.173    -0.177    -0.250    -0.457    -0.734    -0.618    -0.592    -0.342    -0.236
    23.75    61.75    2039    -0.236    -0.236    -0.209    -0.173    -0.194    -0.211    -0.319    -0.383    -0.356    -0.306    -0.202    -0.177
    23.75    61.75    2040    -0.178    -0.177    -0.173    -0.172    -0.192    -0.308    -0.555    -0.534    -0.437    -0.284    -0.199    -0.196
    23.75    61.75    2041    -0.189    -0.183    -0.182    -0.177    -0.226    -0.451    -0.910    -1.349    -1.408    -0.884    -0.369    -0.261
    23.75    61.75    2042    -0.214    -0.177    -0.176    -0.174    -0.189    -0.268    -0.389    -0.368    -0.264    -0.204    -0.181    -0.181
    23.75    61.75    2043    -0.181    -0.181    -0.181    -0.177    -0.187    -0.310    -0.651    -1.346    -1.732    -1.017    -0.517    -0.237
    23.75    61.75    2044    -0.178    -0.173    -0.173    -0.175    -0.202    -0.345    -0.707    -0.957    -0.845    -0.476    -0.237    -0.183
    23.75    61.75    2045    -0.174    -0.174    -0.173    -0.175    -0.192    -0.216    -0.299    -0.436    -0.437    -0.408    -0.319    -0.241
    23.75    61.75    2046    -0.238    -0.197    -0.182    -0.177    -0.200    -0.277    -0.300    -0.230    -0.259    -0.243    -0.198    -0.183
    23.75    61.75    2047    -0.175    -0.171    -0.171    -0.172    -0.197    -0.338    -0.635    -0.962    -1.160    -1.043    -0.574    -0.314
    23.75    61.75    2048    -0.314    -0.314    -0.311    -0.184    -0.188    -0.246    -0.448    -0.679    -0.591    -0.432    -0.246    -0.224
    23.75    61.75    2049    -0.230    -0.231    -0.188    -0.176    -0.226    -0.467    -0.925    -1.342    -1.123    -0.731    -0.352    -0.251
    23.75    61.75    2050    -0.256    -0.256    -0.254    -0.199    -0.188    -0.253    -0.487    -0.710    -0.520    -0.315    -0.227    -0.225
    23.75    61.75    2051    -0.199    -0.182    -0.180    -0.178    -0.188    -0.287    -0.625    -0.753    -0.583    -0.326    -0.206    -0.187
    23.75    61.75    2052    -0.185    -0.185    -0.184    -0.180    -0.209    -0.310    -0.424    -0.564    -0.559    -0.386    -0.250    -0.215
    23.75    61.75    2053    -0.218    -0.218    -0.203    -0.180    -0.204    -0.309    -0.645    -0.943    -1.121    -0.916    -0.406    -0.249
    23.75    61.75    2054    -0.231    -0.231    -0.226    -0.175    -0.184    -0.248    -0.370    -0.494    -0.347    -0.241    -0.188    -0.186
    23.75    61.75    2055    -0.183    -0.178    -0.171    -0.172    -0.197    -0.289    -0.481    -0.669    -0.520    -0.361    -0.207    -0.178
    23.75    61.75    2056    -0.173    -0.172    -0.172    -0.173    -0.186    -0.262    -0.481    -0.592    -0.600    -0.463    -0.282    -0.217
    23.75    61.75    2057    -0.192    -0.176    -0.174    -0.175    -0.218    -0.401    -0.848    -1.540    -1.810    -0.802    -0.301    -0.218
    23.75    61.75    2058    -0.221    -0.221    -0.188    -0.178    -0.213    -0.360    -0.689    -1.090    -1.352    -1.268    -0.693    -0.443
    23.75    61.75    2059    -0.446    -0.445    -0.314    -0.180    -0.216    -0.357    -0.613    -0.502    -0.355    -0.273    -0.202    -0.186
    23.75    61.75    2060    -0.186    -0.187    -0.177    -0.179    -0.183    -0.271    -0.381    -0.506    -0.568    -0.366    -0.206    -0.184
    23.75    61.75    2061    -0.184    -0.181    -0.178    -0.178    -0.193    -0.332    -0.688    -0.977    -0.888    -0.575    -0.265    -0.187
    23.75    61.75    2062    -0.180    -0.180    -0.180    -0.176    -0.188    -0.270    -0.589    -0.965    -0.954    -0.676    -0.425    -0.345
    23.75    61.75    2063    -0.243    -0.176    -0.175    -0.176    -0.203    -0.346    -0.811    -1.757    -2.388    -2.367    -1.886    -1.657
    23.75    61.75    2064    -1.642    -1.637    -1.071    -0.230    -0.251    -0.473    -1.098    -1.309    -0.852    -0.512    -0.295    -0.226
    23.75    61.75    2065    -0.227    -0.232    -0.181    -0.172    -0.179    -0.258    -0.534    -0.598    -0.493    -0.321    -0.195    -0.178
    23.75    61.75    2066    -0.172    -0.170    -0.170    -0.170    -0.184    -0.275    -0.566    -1.218    -1.357    -0.968    -0.496    -0.270
    23.75    61.75    2067    -0.243    -0.243    -0.205    -0.172    -0.193    -0.270    -0.464    -0.625    -0.529    -0.274    -0.188    -0.174
    23.75    61.75    2068    -0.178    -0.178    -0.176    -0.178    -0.198    -0.317    -0.443    -0.727    -1.253    -1.683    -0.924    -0.392
    23.75    61.75    2069    -0.219    -0.175    -0.175    -0.175    -0.200    -0.277    -0.334    -0.488    -0.624    -0.580    -0.339    -0.246
    23.75    61.75    2070    -0.235    -0.235    -0.228    -0.182    -0.189    -0.321    -0.747    -1.164    -1.405    -1.152    -0.644    -0.408
    23.75    61.75    2071    -0.398    -0.398    -0.386    -0.194    -0.214    -0.375    -0.802    -1.149    -1.226    -1.112    -0.561    -0.435
    23.75    61.75    2072    -0.308    -0.280    -0.275    -0.263    -0.182    -0.209    -0.262    -0.323    -0.328    -0.212    -0.185    -0.182
    23.75    61.75    2073    -0.177    -0.178    -0.177    -0.177    -0.211    -0.323    -0.707    -0.881    -0.710    -0.506    -0.269    -0.199
    23.75    61.75    2074    -0.190    -0.190    -0.190    -0.181    -0.194    -0.283    -0.475    -0.451    -0.292    -0.207    -0.182    -0.180
    23.75    61.75    2075    -0.182    -0.182    -0.182    -0.182    -0.204    -0.375    -0.709    -0.920    -1.078    -0.959    -0.543    -0.396
    23.75    61.75    2076    -0.399    -0.288    -0.187    -0.186    -0.255    -0.515    -0.821    -0.770    -0.563    -0.384    -0.293    -0.271
    23.75    61.75    2077    -0.221    -0.204    -0.193    -0.187    -0.215    -0.471    -0.945    -1.211    -1.033    -0.687    -0.357    -0.221
    23.75    61.75    2078    -0.201    -0.201    -0.198    -0.179    -0.196    -0.329    -0.413    -0.328    -0.239    -0.197    -0.181    -0.179
    23.75    61.75    2079    -0.177    -0.177    -0.177    -0.184    -0.271    -0.474    -0.548    -0.616    -0.556    -0.425    -0.240    -0.208
    23.75    61.75    2080    -0.186    -0.175    -0.175    -0.176    -0.213    -0.343    -0.611    -1.057    -1.244    -0.711    -0.281    -0.222
    23.75    61.75    2081    -0.181    -0.172    -0.172    -0.174    -0.203    -0.319    -0.677    -1.398    -1.829    -1.682    -1.143    -0.886
    23.75    61.75    2082    -0.844    -0.558    -0.185    -0.178    -0.197    -0.268    -0.488    -0.495    -0.406    -0.281    -0.221    -0.215
    23.75    61.75    2083    -0.218    -0.199    -0.196    -0.186    -0.183    -0.227    -0.299    -0.350    -0.285    -0.213    -0.192    -0.178
    23.75    61.75    2084    -0.177    -0.177    -0.177    -0.178    -0.208    -0.323    -0.723    -1.288    -1.505    -1.092    -0.342    -0.222
    23.75    61.75    2085    -0.222    -0.203    -0.176    -0.177    -0.187    -0.239    -0.496    -0.874    -0.720    -0.436    -0.323    -0.261
    23.75    61.75    2086    -0.198    -0.175    -0.175    -0.175    -0.190    -0.272    -0.435    -0.386    -0.410    -0.393    -0.223    -0.195
    23.75    61.75    2087    -0.181    -0.177    -0.177    -0.178    -0.193    -0.291    -0.396    -0.383    -0.297    -0.257    -0.202    -0.183
    23.75    61.75    2088    -0.185    -0.183    -0.183    -0.185    -0.242    -0.529    -0.777    -0.889    -0.584    -0.252    -0.186    -0.183
    23.75    61.75    2089    -0.183    -0.183    -0.183    -0.185    -0.210    -0.323    -0.728    -1.432    -2.001    -1.153    -0.433    -0.215
    23.75    61.75    2090    -0.179    -0.179    -0.180    -0.185    -0.218    -0.366    -0.690    -0.659    -0.589    -0.406    -0.257    -0.196
    23.75    61.75    2091    -0.189    -0.186    -0.185    -0.185    -0.200    -0.274    -0.527    -0.665    -0.570    -0.352    -0.235    -0.206
    23.75    61.75    2092    -0.197    -0.195    -0.180    -0.179    -0.188    -0.235    -0.326    -0.412    -0.411    -0.315    -0.241    -0.212
    23.75    61.75    2093    -0.206    -0.206    -0.201    -0.179    -0.195    -0.269    -0.563    -0.896    -1.051    -0.882    -0.492    -0.279
    23.75    61.75    2094    -0.278    -0.278    -0.233    -0.180    -0.196    -0.303    -0.667    -0.896    -0.859    -0.657    -0.389    -0.249
    23.75    61.75    2095    -0.244    -0.244    -0.224    -0.182    -0.215    -0.397    -0.904    -1.369    -1.429    -1.028    -0.518    -0.265
    23.75    61.75    2096    -0.198    -0.182    -0.180    -0.182    -0.199    -0.284    -0.528    -1.010    -0.869    -0.376    -0.204    -0.188
    23.75    61.75    2097    -0.183    -0.182    -0.182    -0.183    -0.206    -0.411    -0.834    -0.848    -0.649    -0.323    -0.214    -0.191
    23.75    61.75    2098    -0.189    -0.188    -0.188    -0.181    -0.204    -0.397    -0.927    -1.447    -1.659    -1.198    -0.389    -0.241
    23.75    61.75    2099    -0.230    -0.230    -0.184    -0.180    -0.215    -0.280    -0.293    -0.324    -0.329    -0.292    -0.216    -0.200
    23.75    61.75    2100    -0.180    -0.178    -0.177    -0.177    -0.214    -0.336    -0.408    -0.342    -0.283    -0.225    -0.189    -0.178
    23.75    61.75    2101    -0.180    -0.180    -0.180    -0.184    -0.223    -0.452    -0.878    -1.200    -1.461    -1.269    -0.761    -0.515
    23.75    61.75    2102    -0.274    -0.217    -0.217    -0.208    -0.188    -0.230    -0.312    -0.393    -0.392    -0.278    -0.207    -0.193
    23.75    61.75    2103    -0.178    -0.178    -0.178    -0.180    -0.217    -0.388    -0.804    -0.843    -0.801    -0.593    -0.330    -0.215
    23.75    61.75    2104    -0.190    -0.190    -0.188    -0.180    -0.200    -0.308    -0.588    -0.625    -0.370    -0.226    -0.189    -0.180
    23.75    61.75    2105    -0.178    -0.178    -0.178    -0.178    -0.209    -0.367    -0.650    -0.980    -1.218    -1.158    -0.593    -0.381
    23.75    61.75    2106    -0.299    -0.187    -0.178    -0.181    -0.245    -0.504    -0.842    -0.721    -0.415    -0.319    -0.220    -0.198
    23.75    61.75    2107    -0.180    -0.178    -0.179    -0.179    -0.217    -0.434    -0.922    -1.155    -1.044    -0.679    -0.324    -0.205
    23.75    61.75    2108    -0.182    -0.182    -0.180    -0.177    -0.208    -0.331    -0.553    -0.433    -0.287    -0.213    -0.179    -0.177
    23.75    61.75    2109    -0.180    -0.180    -0.180    -0.194    -0.291    -0.573    -0.884    -1.014    -0.958    -0.724    -0.310    -0.238
    23.75    61.75    2110    -0.198    -0.186    -0.186    -0.187    -0.236    -0.467    -0.828    -1.213    -1.159    -0.878    -0.359    -0.249
    23.75    61.75    2111    -0.188    -0.178    -0.178    -0.182    -0.229    -0.445    -0.835    -1.669    -2.045    -1.823    -1.112    -0.458
    23.75    61.75    2112    -0.297    -0.197    -0.178    -0.192    -0.216    -0.274    -0.555    -0.710    -0.467    -0.364    -0.227    -0.208
    23.75    61.75    2113    -0.205    -0.202    -0.203    -0.185    -0.192    -0.248    -0.324    -0.400    -0.388    -0.273    -0.203    -0.186
    23.75    61.75    2114    -0.183    -0.184    -0.180    -0.184    -0.215    -0.340    -0.787    -1.484    -1.684    -1.225    -0.510    -0.287
    23.75    61.75    2115    -0.278    -0.222    -0.173    -0.174    -0.200    -0.273    -0.509    -0.818    -0.726    -0.505    -0.357    -0.268
    23.75    61.75    2116    -0.200    -0.178    -0.176    -0.174    -0.197    -0.274    -0.476    -0.424    -0.291    -0.252    -0.184    -0.177
    23.75    61.75    2117    -0.173    -0.173    -0.172    -0.175    -0.188    -0.257    -0.416    -0.403    -0.317    -0.282    -0.193    -0.176
    23.75    61.75    2118    -0.176    -0.176    -0.176    -0.181    -0.232    -0.474    -0.752    -0.643    -0.450    -0.248    -0.180    -0.176
    23.75    61.75    2119    -0.182    -0.182    -0.182    -0.185    -0.203    -0.312    -0.708    -1.429    -1.906    -1.126    -0.432    -0.212
    23.75    61.75    2120    -0.181    -0.181    -0.182    -0.188    -0.225    -0.368    -0.631    -0.662    -0.531    -0.374    -0.262    -0.204
    23.75    61.75    2121    -0.187    -0.184    -0.183    -0.183    -0.197    -0.286    -0.569    -0.699    -0.643    -0.412    -0.223    -0.199
    23.75    61.75    2122    -0.199    -0.194    -0.184    -0.183    -0.193    -0.277    -0.443    -0.574    -0.597    -0.365    -0.236    -0.196
    23.75    61.75    2123    -0.195    -0.195    -0.188    -0.185    -0.201    -0.291    -0.635    -1.095    -1.160    -0.867    -0.489    -0.328
    23.75    61.75    2124    -0.307    -0.306    -0.249    -0.177    -0.196    -0.310    -0.630    -0.928    -0.793    -0.564    -0.313    -0.227
    23.75    61.75    2125    -0.219    -0.219    -0.199    -0.175    -0.200    -0.351    -0.721    -1.119    -1.090    -0.737    -0.389    -0.233
    23.75    61.75    2126    -0.182    -0.171    -0.170    -0.173    -0.186    -0.244    -0.414    -0.700    -0.520    -0.276    -0.180    -0.172
    23.75    61.75    2127    -0.173    -0.173    -0.173    -0.173    -0.192    -0.330    -0.661    -0.917    -0.620    -0.313    -0.191    -0.174
    23.75    61.75    2128    -0.176    -0.176    -0.176    -0.175    -0.199    -0.345    -0.817    -1.403    -1.579    -0.945    -0.410    -0.237
    23.75    61.75    2129    -0.222    -0.222    -0.183    -0.177    -0.211    -0.226    -0.241    -0.301    -0.274    -0.220    -0.185    -0.179
    23.75    61.75    2130    -0.183    -0.183    -0.182    -0.182    -0.221    -0.433    -0.469    -0.454    -0.316    -0.237    -0.201    -0.183
    21.75    39.75    1980    -0.243    -0.159    -0.156    -0.173    -0.231    -0.367    -0.672    -1.471    -2.459    -2.776    -2.185    -1.238
    21.75    39.75    1981    -0.917    -0.687    -0.626    -0.999    -2.085    -2.820    -2.920    -3.011    -3.089    -3.128    -2.849    -2.570
    21.75    39.75    1982    -1.612    -1.025    -0.840    -0.704    -0.729    -0.926    -1.234    -1.466    -1.660    -1.262    -0.802    -0.524
    21.75    39.75    1983    -0.281    -0.224    -0.201    -0.177    -0.200    -0.238    -0.290    -0.364    -0.470    -0.523    -0.530    -0.314
    21.75    39.75    1984    -0.217    -0.195    -0.199    -0.235    -0.283    -0.408    -0.650    -0.948    -1.170    -1.304    -1.342    -0.843
    21.75    39.75    1985    -0.334    -0.204    -0.167    -0.188    -0.238    -0.326    -0.516    -0.930    -1.243    -1.370    -1.325    -0.670
    21.75    39.75    1986    -0.289    -0.183    -0.157    -0.159    -0.179    -0.227    -0.307    -0.449    -0.639    -0.811    -0.953    -0.843
    21.75    39.75    1987    -0.537    -0.227    -0.177    -0.173    -0.205    -0.267    -0.406    -0.705    -1.070    -1.213    -1.098    -0.731
    21.75    39.75    1988    -0.466    -0.400    -0.445    -0.611    -1.086    -1.283    -1.442    -1.560    -1.654    -1.325    -0.603    -0.378
    21.75    39.75    1989    -0.212    -0.183    -0.170    -0.191    -0.251    -0.351    -0.549    -1.028    -1.506    -1.657    -1.163    -0.427
    21.75    39.75    1990    -0.244    -0.201    -0.174    -0.173    -0.223    -0.325    -0.532    -1.033    -1.539    -1.757    -1.303    -0.980
    21.75    39.75    1991    -0.737    -0.558    -0.488    -0.752    -1.386    -1.776    -1.967    -2.164    -2.369    -2.535    -1.592    -0.607
    21.75    39.75    1992    -0.446    -0.331    -0.257    -0.253    -0.326    -0.444    -0.641    -1.025    -1.332    -1.177    -0.599    -0.318
    21.75    39.75    1993    -0.206    -0.169    -0.157    -0.164    -0.207    -0.298    -0.449    -0.736    -1.326    -2.189    -1.460    -0.498
    21.75    39.75    1994    -0.269    -0.201    -0.182    -0.199    -0.264    -0.409    -0.690    -1.346    -2.318    -2.586    -2.301    -1.468
    21.75    39.75    1995    -0.564    -0.284    -0.177    -0.165    -0.220    -0.337    -0.579    -1.119    -2.257    -2.746    -2.192    -1.009
    21.75    39.75    1996    -0.481    -0.336    -0.275    -0.231    -0.272    -0.470    -0.937    -2.022    -2.757    -2.920    -2.508    -1.951
    21.75    39.75    1997    -0.757    -0.300    -0.206    -0.219    -0.333    -0.591    -1.258    -2.543    -2.951    -3.043    -2.724    -1.577
    21.75    39.75    1998    -0.748    -0.418    -0.312    -0.368    -0.668    -1.487    -2.757    -3.027    -3.064    -3.068    -3.008    -1.873
    21.75    39.75    1999    -0.794    -0.406    -0.338    -0.491    -0.983    -2.256    -3.019    -3.065    -3.087    -3.103    -2.719    -1.258
    21.75    39.75    2000    -0.567    -0.375    -0.404    -0.497    -0.865    -1.777    -2.898    -3.072    -2.942    -3.060    -2.656    -1.499
    21.75    39.75    2001    -0.530    -0.314    -0.219    -0.217    -0.334    -0.576    -1.042    -2.045    -2.863    -2.944    -1.569    -0.745
    21.75    39.75    2002    -0.380    -0.280    -0.258    -0.324    -0.527    -0.972    -2.019    -2.851    -2.990    -2.880    -2.279    -1.390
    21.75    39.75    2003    -0.881    -0.436    -0.259    -0.228    -0.301    -0.453    -0.755    -1.369    -2.364    -2.922    -2.413    -1.088
    21.75    39.75    2004    -0.561    -0.327    -0.286    -0.329    -0.539    -1.039    -2.108    -2.854    -2.954    -2.978    -2.892    -2.139
    21.75    39.75    2005    -1.150    -0.636    -0.464    -0.634    -0.838    -1.330    -2.527    -2.939    -2.922    -2.917    -2.925    -2.326
    21.75    39.75    2006    -1.058    -0.453    -0.289    -0.351    -0.560    -1.080    -2.060    -2.844    -2.962    -2.888    -1.756    -0.769
    21.75    39.75    2007    -0.317    -0.195    -0.166    -0.202    -0.292    -0.461    -0.786    -1.420    -2.255    -2.761    -2.562    -1.558
    21.75    39.75    2008    -0.609    -0.363    -0.286    -0.333    -0.521    -0.980    -2.104    -2.765    -2.908    -2.927    -2.388    -1.037
    21.75    39.75    2009    -0.589    -0.424    -0.386    -0.392    -0.655    -1.398    -2.613    -2.905    -2.944    -2.957    -2.676    -1.409
    21.75    39.75    2010    -0.693    -0.323    -0.261    -0.287    -0.483    -0.981    -2.093    -2.850    -2.928    -2.874    -1.369    -0.473
    21.75    39.75    2011    -0.246    -0.174    -0.160    -0.198    -0.298    -0.509    -0.939    -1.895    -2.676    -2.918    -2.867    -2.567
    21.75    39.75    2012    -1.669    -0.671    -0.456    -0.431    -0.721    -1.578    -2.721    -2.915    -2.976    -3.013    -2.383    -0.932
    21.75    39.75    2013    -0.403    -0.272    -0.258    -0.365    -0.631    -1.243    -2.348    -2.917    -2.991    -2.808    -1.591    -0.864
    21.75    39.75    2014    -0.404    -0.249    -0.182    -0.192    -0.278    -0.441    -0.730    -1.280    -2.232    -2.595    -2.016    -0.979
    21.75    39.75    2015    -0.677    -0.450    -0.448    -0.425    -0.591    -1.110    -2.210    -2.826    -2.976    -3.039    -2.979    -1.943
    21.75    39.75    2016    -0.644    -0.441    -0.352    -0.334    -0.542    -1.062    -2.283    -3.034    -3.137    -3.195    -2.212    -0.928
    21.75    39.75    2017    -0.431    -0.367    -0.293    -0.360    -0.613    -1.206    -2.409    -3.079    -3.189    -3.180    -3.006    -1.487
    21.75    39.75    2018    -0.607    -0.316    -0.214    -0.186    -0.224    -0.360    -0.583    -1.023    -1.907    -2.657    -2.816    -1.661
    21.75    39.75    2019    -0.814    -0.553    -0.657    -1.103    -2.295    -2.966    -3.084    -3.178    -3.259    -3.268    -3.192    -1.765
    21.75    39.75    2020    -0.560    -0.454    -0.420    -0.353    -0.528    -0.788    -1.293    -2.201    -2.831    -2.846    -2.085    -0.829
    21.75    39.75    2021    -0.390    -0.217    -0.187    -0.217    -0.314    -0.490    -0.807    -1.471    -2.496    -2.708    -2.134    -1.812
    21.75    39.75    2022    -1.113    -0.610    -0.550    -0.879    -1.740    -2.876    -3.160    -3.245    -3.327    -3.344    -3.323    -2.798
    21.75    39.75    2023    -1.268    -0.727    -0.669    -0.654    -0.992    -1.734    -2.874    -3.334    -3.404    -3.385    -2.508    -1.024
    21.75    39.75    2024    -0.523    -0.374    -0.299    -0.269    -0.379    -0.574    -0.918    -1.357    -2.352    -3.062    -2.218    -1.197
    21.75    39.75    2025    -0.773    -0.576    -0.364    -0.369    -0.579    -0.999    -1.874    -2.902    -3.252    -3.319    -3.182    -1.728
    21.75    39.75    2026    -0.786    -0.390    -0.399    -0.588    -0.987    -1.868    -3.117    -3.321    -3.340    -3.249    -1.945    -0.648
    21.75    39.75    2027    -0.395    -0.243    -0.201    -0.223    -0.292    -0.466    -0.753    -1.307    -2.370    -3.151    -2.759    -1.081
    21.75    39.75    2028    -0.568    -0.281    -0.323    -0.488    -0.835    -1.691    -2.987    -3.258    -3.296    -3.321    -3.311    -2.187
    21.75    39.75    2029    -0.887    -0.473    -0.259    -0.256    -0.377    -0.632    -1.195    -2.352    -3.210    -3.334    -2.015    -0.924
    21.75    39.75    2030    -0.429    -0.218    -0.188    -0.250    -0.399    -0.697    -1.407    -2.624    -2.966    -3.249    -3.250    -3.228
    21.75    39.75    2031    -3.036    -2.995    -3.251    -3.284    -3.334    -3.359    -3.399    -3.432    -3.414    -3.125    -2.323    -1.162
    21.75    39.75    2032    -0.799    -0.666    -0.703    -0.862    -1.001    -1.274    -1.656    -2.038    -2.257    -2.265    -2.181    -1.020
    21.75    39.75    2033    -0.445    -0.375    -0.420    -0.559    -0.818    -1.250    -1.711    -2.017    -2.094    -2.066    -2.052    -1.689
    21.75    39.75    2034    -0.885    -0.617    -0.593    -0.657    -0.893    -1.472    -1.965    -2.093    -2.125    -2.154    -2.167    -1.740
    21.75    39.75    2035    -0.670    -0.414    -0.396    -0.329    -0.453    -0.661    -0.984    -1.429    -1.951    -2.229    -2.260    -1.493
    21.75    39.75    2036    -0.663    -0.337    -0.242    -0.289    -0.398    -0.570    -0.896    -1.446    -2.020    -2.338    -2.421    -2.070
    21.75    39.75    2037    -1.395    -1.008    -0.927    -1.482    -2.350    -2.767    -3.044    -3.098    -3.194    -2.328    -1.300    -0.702
    21.75    39.75    2038    -0.401    -0.284    -0.286    -0.335    -0.442    -0.618    -0.889    -1.417    -2.253    -2.537    -1.662    -0.523
    21.75    39.75    2039    -0.317    -0.210    -0.185    -0.191    -0.245    -0.345    -0.534    -0.933    -1.623    -1.989    -2.252    -2.492
    21.75    39.75    2040    -2.107    -1.890    -1.846    -2.749    -2.994    -3.145    -3.232    -3.272    -3.302    -2.615    -1.208    -0.614
    21.75    39.75    2041    -0.344    -0.252    -0.231    -0.254    -0.302    -0.396    -0.556    -0.856    -1.490    -2.206    -2.428    -1.204
    21.75    39.75    2042    -0.591    -0.343    -0.225    -0.227    -0.351    -0.645    -1.386    -2.126    -2.705    -3.029    -1.779    -0.532
    21.75    39.75    2043    -0.204    -0.165    -0.167    -0.185    -0.269    -0.468    -0.993    -1.890    -2.641    -3.105    -3.128    -3.163
    21.75    39.75    2044    -3.131    -2.244    -0.929    -0.584    -0.817    -1.865    -2.952    -3.258    -3.345    -3.382    -3.391    -3.331
    21.75    39.75    2045    -2.806    -1.243    -0.898    -1.499    -2.979    -3.361    -3.404    -3.416    -3.426    -3.431    -3.357    -2.209
    21.75    39.75    2046    -0.781    -0.457    -0.427    -0.459    -0.519    -0.557    -0.575    -0.596    -0.641    -0.630    -0.548    -0.314
    21.75    39.75    2047    -0.198    -0.173    -0.164    -0.168    -0.179    -0.194    -0.209    -0.228    -0.251    -0.283    -0.300    -0.255
    21.75    39.75    2048    -0.166    -0.159    -0.158    -0.171    -0.193    -0.220    -0.254    -0.306    -0.373    -0.411    -0.326    -0.203
    21.75    39.75    2049    -0.185    -0.168    -0.166    -0.175    -0.206    -0.245    -0.309    -0.435    -0.615    -0.627    -0.482    -0.282
    21.75    39.75    2050    -0.205    -0.178    -0.168    -0.178    -0.218    -0.291    -0.465    -0.597    -0.646    -0.687    -0.706    -0.554
    21.75    39.75    2051    -0.270    -0.214    -0.191    -0.217    -0.294    -0.463    -0.630    -0.682    -0.728    -0.719    -0.526    -0.339
    21.75    39.75    2052    -0.184    -0.160    -0.158    -0.181    -0.214    -0.266    -0.350    -0.526    -0.688    -0.709    -0.462    -0.202
    21.75    39.75    2053    -0.162    -0.154    -0.155    -0.165    -0.197    -0.251    -0.353    -0.580    -0.720    -0.796    -0.606    -0.413
    21.75    39.75    2054    -0.258    -0.209    -0.177    -0.186    -0.248    -0.391    -0.674    -0.830    -0.959    -0.978    -0.627    -0.324
    21.75    39.75    2055    -0.241    -0.197    -0.176    -0.184    -0.226    -0.342    -0.606    -0.839    -1.035    -1.119    -1.046    -0.542
    21.75    39.75    2056    -0.320    -0.250    -0.267    -0.393    -0.733    -1.112    -1.472    -1.758    -1.957    -2.013    -2.033    -1.472
    21.75    39.75    2057    -0.692    -0.533    -0.540    -0.889    -1.744    -2.034    -2.062    -2.083    -2.097    -2.103    -2.113    -1.886
    21.75    39.75    2058    -0.757    -0.460    -0.426    -0.636    -1.083    -1.785    -2.063    -2.092    -2.103    -2.052    -1.780    -1.385
    21.75    39.75    2059    -0.618    -0.302    -0.296    -0.381    -0.510    -0.695    -0.963    -1.430    -1.871    -1.951    -1.802    -1.336
    21.75    39.75    2060    -0.560    -0.351    -0.348    -0.454    -0.681    -1.155    -1.820    -1.987    -2.038    -2.067    -1.713    -0.792
    21.75    39.75    2061    -0.374    -0.277    -0.300    -0.391    -0.540    -0.812    -1.375    -1.948    -2.045    -2.079    -1.999    -1.569
    21.75    39.75    2062    -1.002    -0.680    -0.428    -0.326    -0.437    -0.661    -1.096    -1.784    -2.032    -2.075    -1.294    -0.647
    21.75    39.75    2063    -0.320    -0.230    -0.192    -0.228    -0.322    -0.488    -0.826    -1.533    -1.965    -1.996    -1.633    -0.631
    21.75    39.75    2064    -0.283    -0.218    -0.185    -0.184    -0.253    -0.383    -0.667    -1.376    -1.927    -1.979    -1.523    -0.467
    21.75    39.75    2065    -0.301    -0.220    -0.186    -0.215    -0.319    -0.557    -1.233    -1.914    -2.000    -1.838    -1.050    -0.451
    21.75    39.75    2066    -0.286    -0.263    -0.262    -0.283    -0.441    -0.882    -1.806    -2.016    -2.046    -2.015    -1.747    -0.888
    21.75    39.75    2067    -0.557    -0.328    -0.255    -0.324    -0.510    -1.063    -1.957    -2.048    -2.065    -2.076    -2.053    -1.721
    21.75    39.75    2068    -0.504    -0.290    -0.257    -0.320    -0.489    -1.028    -1.897    -2.050    -2.084    -2.093    -1.264    -0.518
    21.75    39.75    2069    -0.408    -0.285    -0.278    -0.456    -0.999    -1.926    -2.065    -2.088    -2.099    -2.107    -1.709    -0.645
    21.75    39.75    2070    -0.324    -0.216    -0.194    -0.244    -0.376    -0.607    -1.108    -1.947    -2.078    -2.016    -1.537    -0.794
    21.75    39.75    2071    -0.368    -0.225    -0.227    -0.295    -0.491    -0.991    -1.897    -2.069    -2.090    -2.098    -1.645    -0.779
    21.75    39.75    2072    -0.349    -0.251    -0.231    -0.304    -0.518    -1.112    -1.973    -2.082    -2.099    -2.106    -2.008    -1.298
    21.75    39.75    2073    -0.699    -0.434    -0.347    -0.441    -0.859    -1.797    -2.085    -2.103    -2.118    -2.127    -1.265    -0.548
    21.75    39.75    2074    -0.311    -0.239    -0.216    -0.305    -0.545    -1.169    -1.969    -2.074    -2.097    -2.082    -1.842    -1.454
    21.75    39.75    2075    -0.522    -0.240    -0.199    -0.248    -0.402    -0.800    -1.709    -2.057    -2.092    -2.105    -2.102    -1.700
    21.75    39.75    2076    -0.906    -0.646    -0.618    -0.977    -1.915    -2.072    -2.112    -2.113    -2.127    -2.133    -1.642    -0.963
    21.75    39.75    2077    -0.589    -0.461    -0.460    -0.628    -1.382    -2.053    -2.095    -2.106    -2.111    -2.117    -2.101    -2.082
    21.75    39.75    2078    -1.104    -0.516    -0.500    -0.767    -1.323    -1.980    -2.098    -2.105    -2.107    -2.109    -2.085    -1.548
    21.75    39.75    2079    -0.843    -0.560    -0.466    -0.563    -0.742    -1.107    -1.653    -2.041    -1.958    -2.015    -2.086    -1.685
    21.75    39.75    2080    -0.714    -0.444    -0.396    -0.483    -0.770    -1.305    -1.982    -2.099    -2.113    -2.129    -1.982    -1.368
    21.75    39.75    2081    -0.580    -0.323    -0.273    -0.323    -0.487    -0.838    -1.595    -2.041    -2.102    -2.036    -1.131    -0.663
    21.75    39.75    2082    -0.294    -0.209    -0.204    -0.273    -0.425    -0.738    -1.461    -1.990    -2.081    -2.094    -2.010    -1.185
    21.75    39.75    2083    -0.456    -0.334    -0.302    -0.431    -0.794    -1.657    -2.046    -2.077    -2.088    -2.077    -1.916    -1.598
    21.75    39.75    2084    -0.990    -0.605    -0.619    -0.702    -1.157    -2.035    -2.089    -2.101    -2.113    -2.108    -1.613    -0.657
    21.75    39.75    2085    -0.349    -0.239    -0.210    -0.215    -0.306    -0.431    -0.669    -1.267    -1.920    -1.875    -1.477    -0.577
    21.75    39.75    2086    -0.317    -0.222    -0.192    -0.195    -0.283    -0.465    -0.931    -1.766    -1.999    -2.026    -1.841    -1.220
    21.75    39.75    2087    -0.716    -0.598    -0.782    -1.344    -1.992    -2.034    -2.074    -2.102    -2.122    -2.121    -2.107    -1.874
    21.75    39.75    2088    -1.397    -1.127    -0.909    -1.050    -1.276    -1.412    -1.482    -1.531    -1.579    -1.667    -1.675    -0.964
    21.75    39.75    2089    -0.379    -0.290    -0.310    -0.362    -0.408    -0.463    -0.525    -0.651    -0.835    -0.945    -0.936    -0.415
    21.75    39.75    2090    -0.254    -0.203    -0.200    -0.233    -0.282    -0.348    -0.454    -0.610    -0.806    -0.951    -1.106    -0.976
    21.75    39.75    2091    -0.655    -0.416    -0.322    -0.323    -0.461    -0.735    -1.157    -1.309    -1.343    -1.372    -1.204    -1.003
    21.75    39.75    2092    -0.786    -0.469    -0.318    -0.394    -0.577    -0.905    -1.325    -1.439    -1.458    -1.412    -1.245    -0.822
    21.75    39.75    2093    -0.331    -0.249    -0.254    -0.320    -0.450    -0.718    -1.188    -1.460    -1.501    -1.513    -0.970    -0.378
    21.75    39.75    2094    -0.246    -0.207    -0.181    -0.202    -0.269    -0.401    -0.691    -1.138    -1.550    -1.625    -1.619    -1.392
    21.75    39.75    2095    -0.640    -0.313    -0.345    -0.516    -1.000    -1.605    -1.694    -1.756    -1.785    -1.786    -1.369    -0.701
    21.75    39.75    2096    -0.367    -0.270    -0.258    -0.363    -0.676    -1.361    -1.739    -1.783    -1.796    -1.810    -1.627    -0.966
    21.75    39.75    2097    -0.518    -0.320    -0.272    -0.336    -0.590    -1.275    -1.751    -1.799    -1.812    -1.820    -1.636    -0.961
    21.75    39.75    2098    -0.483    -0.359    -0.328    -0.497    -1.049    -1.769    -1.911    -1.967    -1.995    -2.008    -1.890    -1.097
    21.75    39.75    2099    -0.363    -0.271    -0.314    -0.508    -1.002    -1.809    -2.021    -2.051    -2.070    -2.069    -1.855    -0.760
    21.75    39.75    2100    -0.341    -0.270    -0.279    -0.363    -0.589    -1.188    -1.929    -2.063    -2.083    -2.101    -2.042    -1.903
    21.75    39.75    2101    -1.478    -0.789    -0.639    -0.960    -1.836    -2.063    -2.093    -2.106    -2.110    -1.744    -1.359    -0.850
    21.75    39.75    2102    -0.384    -0.256    -0.238    -0.313    -0.445    -0.673    -1.170    -1.869    -2.064    -2.074    -1.944    -1.334
    21.75    39.75    2103    -0.840    -0.548    -0.469    -0.563    -1.095    -1.917    -2.081    -2.113    -2.125    -2.133    -1.449    -0.534
    21.75    39.75    2104    -0.286    -0.218    -0.195    -0.260    -0.423    -0.773    -1.467    -1.930    -2.047    -2.011    -1.723    -1.285
    21.75    39.75    2105    -0.462    -0.275    -0.241    -0.308    -0.556    -1.280    -1.939    -2.057    -2.056    -2.044    -2.014    -1.711
    21.75    39.75    2106    -1.135    -0.807    -0.670    -1.097    -1.926    -2.083    -2.110    -2.116    -2.125    -2.130    -1.898    -0.961
    21.75    39.75    2107    -0.573    -0.456    -0.436    -0.560    -1.204    -1.981    -2.091    -2.108    -2.113    -2.114    -2.093    -1.917
    21.75    39.75    2108    -0.979    -0.553    -0.629    -1.223    -2.028    -2.102    -2.108    -2.110    -2.112    -2.113    -2.102    -1.671
    21.75    39.75    2109    -0.797    -0.533    -0.450    -0.488    -0.594    -0.778    -1.034    -1.349    -1.557    -1.466    -1.437    -0.951
    21.75    39.75    2110    -0.464    -0.300    -0.250    -0.313    -0.452    -0.671    -1.089    -1.457    -1.643    -1.744    -1.570    -0.823
    21.75    39.75    2111    -0.433    -0.268    -0.212    -0.254    -0.370    -0.630    -1.145    -1.563    -1.791    -1.774    -1.447    -0.645
    21.75    39.75    2112    -0.313    -0.228    -0.219    -0.294    -0.488    -0.973    -1.604    -1.870    -1.958    -1.991    -1.950    -1.192
    21.75    39.75    2113    -0.543    -0.322    -0.322    -0.481    -0.949    -1.682    -1.915    -1.974    -2.013    -2.022    -1.965    -1.607
    21.75    39.75    2114    -0.974    -0.668    -0.690    -1.012    -1.629    -2.025    -2.052    -2.071    -2.086    -2.033    -1.506    -0.644
    21.75    39.75    2115    -0.313    -0.198    -0.196    -0.223    -0.307    -0.434    -0.723    -1.329    -1.799    -1.810    -1.069    -0.448
    21.75    39.75    2116    -0.301    -0.215    -0.172    -0.189    -0.274    -0.463    -0.983    -1.703    -1.908    -1.900    -1.763    -1.246
    21.75    39.75    2117    -0.700    -0.635    -0.862    -1.409    -1.934    -2.004    -2.068    -2.099    -2.110    -2.117    -2.088    -1.850
    21.75    39.75    2118    -1.448    -1.221    -1.037    -1.243    -1.403    -1.465    -1.538    -1.573    -1.690    -1.763    -1.731    -1.168
    21.75    39.75    2119    -0.483    -0.315    -0.342    -0.405    -0.452    -0.510    -0.613    -0.763    -0.872    -0.952    -0.846    -0.412
    21.75    39.75    2120    -0.242    -0.189    -0.187    -0.222    -0.267    -0.338    -0.459    -0.600    -0.714    -0.771    -0.802    -0.786
    21.75    39.75    2121    -0.605    -0.390    -0.317    -0.317    -0.493    -0.749    -0.826    -0.907    -0.964    -1.014    -1.003    -0.876
    21.75    39.75    2122    -0.708    -0.437    -0.303    -0.354    -0.515    -0.771    -1.048    -1.115    -1.147    -1.132    -0.930    -0.627
    21.75    39.75    2123    -0.341    -0.254    -0.264    -0.334    -0.482    -0.796    -1.111    -1.207    -1.281    -1.313    -0.866    -0.330
    21.75    39.75    2124    -0.219    -0.191    -0.177    -0.189    -0.255    -0.384    -0.679    -1.158    -1.497    -1.548    -1.555    -0.928
    21.75    39.75    2125    -0.326    -0.237    -0.258    -0.393    -0.781    -1.475    -1.671    -1.768    -1.823    -1.599    -1.177    -0.596
    21.75    39.75    2126    -0.301    -0.211    -0.214    -0.283    -0.512    -1.099    -1.694    -1.803    -1.829    -1.834    -1.471    -1.152
    21.75    39.75    2127    -0.679    -0.318    -0.270    -0.325    -0.571    -1.316    -1.795    -1.869    -1.909    -1.919    -1.783    -0.918
    21.75    39.75    2128    -0.439    -0.314    -0.326    -0.522    -1.268    -1.861    -1.987    -2.065    -2.056    -2.026    -1.992    -1.010
    21.75    39.75    2129    -0.421    -0.272    -0.318    -0.567    -1.247    -1.974    -2.081    -2.097    -2.101    -2.104    -1.400    -0.568
    21.75    39.75    2130    -0.359    -0.287    -0.310    -0.402    -0.693    -1.526    -2.041    -2.088    -2.098    -2.061    -1.995    -1.695
