      Lon      Lat    Year  Seasonal    V_temp    V_prec  temp_min temp_mean temp_seas      gdd5  prec_min      prec  prec_range
     9.75    49.75    1980         4     0.025     1.016      -2.7       8.6         1      1870      0.21     684.3           2
     9.75    49.75    1981         4     0.025     1.026      -2.5       9.0         1      1831      0.22     626.8           2
     9.75    49.75    1982         4     0.025     1.040      -2.5       8.9         1      1778      0.22     802.4           2
     9.75    49.75    1983         4     0.025     1.045      -2.5       9.1         1      1890      0.23     661.3           2
     9.75    49.75    1984         4     0.025     1.051      -2.3       8.6         1      1687      0.23     672.4           2
     9.75    49.75    1985         4     0.025     1.037      -2.5       8.4         1      1771      0.24     715.6           2
     9.75    49.75    1986         4     0.025     1.017      -2.5       8.0         1      1608      0.25     642.3           2
     9.75    49.75    1987         4     0.025     1.013      -2.6       8.8         1      1900      0.25     693.1           2
     9.75    49.75    1988         4     0.024     1.031      -2.4       9.4         1      1939      0.25     493.7           2
     9.75    49.75    1989         4     0.025     0.996      -2.6       9.1         1      2044      0.26     789.5           2
     9.75    49.75    1990         4     0.024     1.011      -2.2       9.0         1      1823      0.26     712.2           2
     9.75    49.75    1991         4     0.024     1.016      -1.9       9.0         1      1922      0.26     664.0           2
     9.75    49.75    1992         4     0.024     1.003      -1.8       8.8         1      1795      0.27     671.4           2
     9.75    49.75    1993         4     0.024     0.999      -1.9       8.1         1      1665      0.27     722.9           2
     9.75    49.75    1994         4     0.024     1.002      -1.8       9.3         1      2001      0.27     607.0           2
     9.75    49.75    1995         4     0.024     1.023      -1.8       9.0         1      1850      0.28     749.5           2
     9.75    49.75    1996         4     0.024     1.011      -1.5       9.6         1      1989      0.28     653.1           2
     9.75    49.75    1997         4     0.024     1.008      -1.8       8.7         1      1823      0.28     721.1           2
     9.75    49.75    1998         4     0.024     0.991      -1.6       9.3         1      2000      0.27     597.1           2
     9.75    49.75    1999         4     0.024     1.011      -1.4      10.0         1      2201      0.27     622.5           2
     9.75    49.75    2000         4     0.024     1.025      -1.3      10.3         1      2331      0.27     722.7           2
     9.75    49.75    2001         4     0.024     1.044      -1.4       9.6         1      1991      0.26     651.3           2
     9.75    49.75    2002         4     0.024     1.063      -1.4       9.6         1      2020      0.25     588.0           2
     9.75    49.75    2003         4     0.024     1.033      -1.6       9.3         1      1900      0.24     692.5           2
     9.75    49.75    2004         4     0.024     1.012      -1.4       9.7         1      1951      0.25     665.6           2
     9.75    49.75    2005         4     0.024     1.030      -1.4      10.0         1      2108      0.24     704.8           2
     9.75    49.75    2006         4     0.024     1.050      -1.3       9.6         1      2075      0.23     650.9           2
     9.75    49.75    2007         4     0.024     1.051      -1.1       9.8         1      2120      0.23     650.3           2
     9.75    49.75    2008         4     0.024     1.043      -1.1      10.1         1      2094      0.23     754.7           2
     9.75    49.75    2009         4     0.024     1.090      -0.8      10.3         1      2205      0.21     690.2           2
     9.75    49.75    2010         4     0.024     1.098      -1.0      10.0         1      2148      0.21     539.0           2
     9.75    49.75    2011         4     0.024     1.117      -0.9      11.0         1      2578      0.21     609.5           2
     9.75    49.75    2012         4     0.024     1.146      -0.9      10.4         1      2148      0.21     809.9           2
     9.75    49.75    2013         4     0.024     1.152      -0.8       9.6         1      1813      0.21     717.6           2
     9.75    49.75    2014         4     0.024     1.149      -0.9       9.9         1      2172      0.21     691.7           2
     9.75    49.75    2015         4     0.024     1.153      -0.8      10.9         1      2583      0.20     697.0           2
     9.75    49.75    2016         4     0.024     1.150      -0.7      10.7         1      2214      0.21     747.8           2
     9.75    49.75    2017         4     0.024     1.158      -0.5      10.1         1      2128      0.20     566.3           2
     9.75    49.75    2018         4     0.024     1.170      -0.5      10.2         1      2260      0.20     631.9           2
     9.75    49.75    2019         4     0.024     1.144      -0.6      10.8         1      2487      0.20     702.6           2
     9.75    49.75    2020         4     0.024     1.131      -0.6       9.7         1      1875      0.20     680.1           2
     9.75    49.75    2021         4     0.024     1.145      -0.7       9.2         1      2083      0.20     567.0           2
     9.75    49.75    2022         4     0.024     1.138      -1.0       9.6         1      2133      0.21     515.3           2
     9.75    49.75    2023         4     0.025     1.156      -0.8       9.3         1      1927      0.21     558.1           2
     9.75    49.75    2024         4     0.025     1.158      -0.9       9.7         1      2117      0.20     662.5           2
     9.75    49.75    2025         4     0.025     1.160      -0.8      10.3         1      2335      0.20     486.3           2
     9.75    49.75    2026         4     0.025     1.174      -0.8      10.1         1      2067      0.20     756.7           2
     9.75    49.75    2027         4     0.025     1.192      -0.9       9.7         1      2081      0.19     759.0           2
     9.75    49.75    2028         4     0.025     1.201      -1.2       9.7         1      2119      0.19     635.4           2
     9.75    49.75    2029         4     0.025     1.160      -1.4       9.5         1      2279      0.19     545.8           2
     9.75    49.75    2030         4     0.025     1.125      -1.4       9.5         1      2036      0.21     641.9           2
     9.75    49.75    2031         4     0.025     1.100      -1.3      10.4         1      2356      0.20     530.0           2
     9.75    49.75    2032         4     0.025     1.104      -1.2      10.8         1      2468      0.19     604.8           2
     9.75    49.75    2033         4     0.025     1.123      -1.2      10.4         1      2065      0.20     598.1           2
     9.75    49.75    2034         4     0.025     1.125      -1.2       9.9         1      2190      0.19     665.3           2
     9.75    49.75    2035         4     0.025     1.109      -1.2      10.2         1      2160      0.19     617.3           2
     9.75    49.75    2036         4     0.025     1.118      -1.3      10.3         1      2264      0.18     644.9           2
     9.75    49.75    2037         4     0.025     1.120      -1.1      10.9         1      2445      0.18     653.4           2
     9.75    49.75    2038         4     0.025     1.115      -1.2      10.1         1      2141      0.19     712.7           2
     9.75    49.75    2039         4     0.025     1.127      -1.1      10.8         1      2375      0.20     597.6           2
     9.75    49.75    2040         4     0.025     1.123      -1.0      10.2         1      2156      0.19     588.1           2
     9.75    49.75    2041         4     0.025     1.099      -0.8      10.2         1      2241      0.20     821.7           2
     9.75    49.75    2042         4     0.025     1.095      -0.7       9.7         1      2183      0.20     526.1           2
     9.75    49.75    2043         4     0.025     1.057      -0.7      10.3         1      2375      0.20     628.7           2
     9.75    49.75    2044         4     0.025     1.079      -0.7      10.2         1      2032      0.19     515.0           2
     9.75    49.75    2045         4     0.025     1.053      -0.8      11.1         1      2663      0.20     632.5           2
     9.75    49.75    2046         4     0.025     1.027      -0.7      10.5         1      2041      0.20     799.2           2
     9.75    49.75    2047         4     0.025     1.034      -0.7      10.2         1      2271      0.21     713.9           2
     9.75    49.75    2048         4     0.025     1.030      -0.4      10.5         1      2351      0.21     619.6           2
     9.75    49.75    2049         4     0.025     1.034      -0.5       9.9         1      1938      0.22     726.0           2
     9.75    49.75    2050         4     0.025     1.050      -0.3      10.1         1      2211      0.21     700.1           2
     9.75    49.75    2051         4     0.025     1.065      -0.3      10.3         1      2258      0.22     534.6           2
     9.75    49.75    2052         4     0.025     1.061      -0.5      10.3         1      2537      0.22     510.4           2
     9.75    49.75    2053         4     0.026     1.030      -0.7      10.6         1      2379      0.21     620.1           2
     9.75    49.75    2054         4     0.026     1.057      -0.7      10.3         1      2311      0.21     623.9           2
     9.75    49.75    2055         4     0.026     1.040      -0.6      11.0         1      2553      0.21     785.5           2
     9.75    49.75    2056         4     0.025     1.046      -0.6      10.8         1      2260      0.21     711.0           2
     9.75    49.75    2057         4     0.025     1.022      -0.6      11.2         1      2567      0.21     643.4           2
     9.75    49.75    2058         4     0.025     1.037      -0.5      11.4         1      2633      0.19     646.3           2
     9.75    49.75    2059         4     0.026     1.033      -0.6      10.7         1      2282      0.18     593.2           2
     9.75    49.75    2060         4     0.026     1.042      -0.6      11.1         1      2365      0.18     693.3           2
     9.75    49.75    2061         4     0.026     1.062      -0.6      11.0         1      2447      0.18     558.6           2
     9.75    49.75    2062         4     0.025     1.080      -0.5      11.2         1      2434      0.18     701.6           2
     9.75    49.75    2063         4     0.025     1.095      -0.3      11.2         1      2461      0.19     874.1           2
     9.75    49.75    2064         4     0.026     1.113      -0.4      10.8         1      2354      0.18     583.6           2
     9.75    49.75    2065         4     0.025     1.132      -0.3      11.2         1      2626      0.19     632.2           2
     9.75    49.75    2066         4     0.026     1.137      -0.2      11.2         1      2360      0.18     594.3           2
     9.75    49.75    2067         4     0.025     1.155      -0.1      11.6         1      2762      0.17     579.5           2
     9.75    49.75    2068         4     0.026     1.152      -0.1      12.1         1      2880      0.17     553.6           2
     9.75    49.75    2069         4     0.026     1.151       0.1      11.8         1      2529      0.16     621.7           2
     9.75    49.75    2070         4     0.026     1.142       0.2      11.6         1      2559      0.16     660.6           2
     9.75    49.75    2071         4     0.026     1.139       0.2      11.3         1      2441      0.16     684.4           2
     9.75    49.75    2072         4     0.025     1.111       0.3      10.7         1      2100      0.16     770.6           2
     9.75    49.75    2073         4     0.025     1.094       0.5      11.0         1      2529      0.17     760.0           2
     9.75    49.75    2074         4     0.025     1.078       0.6      11.0         1      2362      0.18     760.6           2
     9.75    49.75    2075         4     0.025     1.109       0.6      11.4         1      2622      0.19     760.3           2
     9.75    49.75    2076         4     0.026     1.096       0.7      12.2         1      2847      0.19     710.6           2
     9.75    49.75    2077         4     0.025     1.092       0.8      11.7         1      2469      0.20     783.9           2
     9.75    49.75    2078         4     0.025     1.102       0.8      12.2         1      2851      0.20     503.1           2
     9.75    49.75    2079         4     0.025     1.117       0.8      12.2         1      2858      0.19     460.3           2
     9.75    49.75    2080         4     0.026     1.103       0.7      11.7         1      2593      0.20     743.2           2
     9.75    49.75    2081         4     0.026     1.072       0.6      11.9         1      2764      0.20     643.3           2
     9.75    49.75    2082         4     0.026     1.075       0.7      11.9         1      2759      0.19     591.4           2
     9.75    49.75    2083         4     0.026     1.093       0.7      12.1         1      2707      0.18     745.8           2
     9.75    49.75    2084         4     0.026     1.090       0.8      12.0         1      2784      0.19     660.4           2
     9.75    49.75    2085         4     0.026     1.073       0.8      12.2         1      2759      0.19     602.5           2
     9.75    49.75    2086         4     0.026     1.081       0.8      12.3         1      2719      0.19     576.6           2
     9.75    49.75    2087         4     0.026     1.084       0.9      12.5         1      2849      0.19     520.5           2
     9.75    49.75    2088         4     0.026     1.108       1.1      12.3         1      2771      0.20     731.5           2
     9.75    49.75    2089         4     0.026     1.119       1.1      12.9         1      3111      0.20     677.2           2
     9.75    49.75    2090         4     0.026     1.131       1.1      12.8         1      2861      0.19     509.7           2
     9.75    49.75    2091         4     0.026     1.127       1.1      12.3         1      2705      0.18     567.3           2
     9.75    49.75    2092         4     0.026     1.153       1.0      11.7         1      2564      0.17     542.4           2
     9.75    49.75    2093         4     0.026     1.195       1.0      12.1         1      2859      0.16     616.4           2
     9.75    49.75    2094         4     0.026     1.185       0.8      12.2         1      2918      0.15     639.5           2
     9.75    49.75    2095         4     0.026     1.197       0.8      12.7         1      3070      0.15     688.3           2
     9.75    49.75    2096         4     0.026     1.201       0.7      12.8         1      3025      0.15     672.3           2
     9.75    49.75    2097         4     0.027     1.225       0.7      12.5         1      2835      0.14     572.9           2
     9.75    49.75    2098         4     0.027     1.197       0.7      12.4         1      2874      0.14     740.8           2
     9.75    49.75    2099         4     0.027     1.190       0.8      12.7         1      2974      0.14     643.6           2
     9.75    49.75    2100         4     0.027     1.190       0.9      12.2         1      2644      0.13     569.9           2
     9.75    49.75    2101         4     0.026     1.195       1.1      12.4         1      2798      0.14     684.7           2
     9.75    49.75    2102         4     0.026     1.171       1.1      11.9         1      2457      0.15     770.2           2
     9.75    49.75    2103         4     0.026     1.155       1.1      12.3         1      2847      0.15     760.2           2
     9.75    49.75    2104         4     0.026     1.139       1.2      12.3         1      2713      0.16     760.5           2
     9.75    49.75    2105         4     0.026     1.155       1.3      12.6         1      2938      0.16     760.1           2
     9.75    49.75    2106         4     0.026     1.141       1.4      13.4         1      3177      0.16     710.7           2
     9.75    49.75    2107         4     0.026     1.104       1.4      12.8         1      2786      0.17     784.0           2
     9.75    49.75    2108         4     0.026     1.111       1.4      13.3         1      3155      0.16     502.9           2
     9.75    49.75    2109         4     0.026     1.130       1.3      13.2         1      3152      0.15     460.5           2
     9.75    49.75    2110         4     0.026     1.110       1.3      12.7         1      2838      0.16     743.3           2
     9.75    49.75    2111         4     0.026     1.107       1.3      12.8         1      3015      0.16     642.9           2
     9.75    49.75    2112         4     0.026     1.104       1.4      12.8         1      3002      0.16     591.2           2
     9.75    49.75    2113         4     0.026     1.083       1.5      12.9         1      2933      0.17     745.7           2
     9.75    49.75    2114         4     0.026     1.105       1.7      12.8         1      2970      0.16     660.2           2
     9.75    49.75    2115         4     0.026     1.077       1.7      12.9         1      2968      0.17     602.3           2
     9.75    49.75    2116         4     0.026     1.085       1.8      13.0         1      2910      0.17     576.8           2
     9.75    49.75    2117         4     0.026     1.098       1.9      13.2         1      3037      0.17     520.3           2
     9.75    49.75    2118         4     0.026     1.119       2.0      12.9         1      2928      0.18     730.9           2
     9.75    49.75    2119         4     0.026     1.102       2.0      13.5         1      3271      0.19     677.1           2
     9.75    49.75    2120         4     0.026     1.124       2.0      13.3         1      3005      0.18     509.6           2
     9.75    49.75    2121         4     0.026     1.121       1.9      12.7         1      2827      0.18     567.5           2
     9.75    49.75    2122         4     0.026     1.146       1.9      12.1         1      2669      0.17     542.7           2
     9.75    49.75    2123         4     0.026     1.189       1.8      12.4         1      2950      0.16     616.4           2
     9.75    49.75    2124         4     0.026     1.179       1.5      12.5         1      3002      0.15     639.3           2
     9.75    49.75    2125         4     0.026     1.191       1.5      12.9         1      3139      0.15     688.3           2
     9.75    49.75    2126         4     0.026     1.196       1.4      13.0         1      3080      0.15     672.5           2
     9.75    49.75    2127         4     0.027     1.220       1.3      12.7         1      2873      0.14     573.2           2
     9.75    49.75    2128         4     0.027     1.192       1.3      12.5         1      2899      0.14     740.6           2
     9.75    49.75    2129         4     0.027     1.186       1.3      12.7         1      2988      0.14     643.7           2
     9.75    49.75    2130         4     0.027     1.187       1.4      12.3         1      2644      0.13     570.0           2
    13.75    55.75    1980         4     0.024     1.484      -2.8       8.1         1      1602      0.11     512.8           2
    13.75    55.75    1981         4     0.024     1.487      -2.7       8.5         1      1603      0.11     533.3           2
    13.75    55.75    1982         4     0.024     1.489      -2.7       8.4         1      1620      0.10     544.2           2
    13.75    55.75    1983         4     0.024     1.501      -2.7       8.6         1      1777      0.10     542.0           2
    13.75    55.75    1984         4     0.024     1.504      -2.6       7.9         1      1435      0.10     756.4           2
    13.75    55.75    1985         4     0.024     1.472      -2.6       7.5         1      1460      0.13     997.7           2
    13.75    55.75    1986         4     0.024     1.479      -2.6       6.9         1      1245      0.13     705.5           2
    13.75    55.75    1987         4     0.024     1.499      -2.7       7.8         1      1668      0.13     709.0           2
    13.75    55.75    1988         4     0.024     1.504      -2.3       8.9         1      1783      0.13     573.8           2
    13.75    55.75    1989         4     0.024     1.497      -2.2       8.1         1      1606      0.13     588.1           2
    13.75    55.75    1990         4     0.023     1.517      -1.8       7.8         1      1447      0.13     730.1           2
    13.75    55.75    1991         4     0.023     1.517      -1.5       8.0         1      1701      0.13     688.5           2
    13.75    55.75    1992         4     0.023     1.507      -1.4       7.8         1      1552      0.12     601.9           2
    13.75    55.75    1993         4     0.023     1.516      -1.6       6.8         1      1392      0.13     649.7           2
    13.75    55.75    1994         4     0.023     1.520      -1.7       8.0         1      1653      0.13     833.8           2
    13.75    55.75    1995         4     0.023     1.532      -1.6       8.5         1      1753      0.13     569.2           2
    13.75    55.75    1996         4     0.023     1.531      -1.3       8.8         1      1713      0.14     676.7           2
    13.75    55.75    1997         4     0.023     1.527      -1.4       8.4         1      1711      0.13     639.5           2
    13.75    55.75    1998         4     0.023     1.535      -1.2       8.7         1      1657      0.13     520.8           2
    13.75    55.75    1999         4     0.023     1.536      -1.1       9.1         1      1811      0.13     642.3           2
    13.75    55.75    2000         4     0.023     1.540      -1.0       9.4         1      1907      0.13     551.2           2
    13.75    55.75    2001         4     0.023     1.530      -1.2       8.1         1      1513      0.14     840.2           2
    13.75    55.75    2002         4     0.023     1.538      -1.3       8.5         1      1634      0.14     665.4           2
    13.75    55.75    2003         4     0.023     1.540      -1.3       8.5         1      1661      0.14     754.5           2
    13.75    55.75    2004         4     0.023     1.525      -1.2       9.0         1      1743      0.15     844.7           2
    13.75    55.75    2005         4     0.023     1.564      -1.1       9.3         1      1998      0.12     687.9           2
    13.75    55.75    2006         4     0.023     1.579      -0.9       9.0         1      1828      0.11     570.7           2
    13.75    55.75    2007         4     0.023     1.559      -0.9       8.8         1      1771      0.12     735.2           2
    13.75    55.75    2008         4     0.024     1.559      -1.0       9.4         1      1913      0.12     550.5           2
    13.75    55.75    2009         4     0.023     1.591      -0.8       9.9         1      2044      0.12     633.8           2
    13.75    55.75    2010         4     0.023     1.583      -0.9       9.1         1      1651      0.13     639.3           2
    13.75    55.75    2011         4     0.023     1.588      -0.9       9.8         1      2066      0.14     625.2           2
    13.75    55.75    2012         4     0.023     1.611      -0.8       9.3         1      1864      0.14     582.2           2
    13.75    55.75    2013         4     0.023     1.608      -0.6       8.8         1      1610      0.14     766.0           2
    13.75    55.75    2014         4     0.023     1.613      -0.7       9.1         1      1900      0.13     551.2           2
    13.75    55.75    2015         4     0.023     1.601      -0.7       9.9         1      2193      0.13     544.0           2
    13.75    55.75    2016         4     0.023     1.595      -0.7       9.8         1      1960      0.12     533.7           2
    13.75    55.75    2017         4     0.023     1.591      -0.5       8.9         1      1625      0.11     649.4           2
    13.75    55.75    2018         4     0.023     1.592      -0.7       9.5         1      2000      0.11     643.3           2
    13.75    55.75    2019         4     0.023     1.581      -0.5      10.0         1      2099      0.11     642.5           2
    13.75    55.75    2020         4     0.023     1.580      -0.6       9.5         1      1857      0.12     661.8           2
    13.75    55.75    2021         4     0.024     1.603      -0.7       8.2         1      1700      0.11     443.7           2
    13.75    55.75    2022         4     0.024     1.595      -0.9       8.7         1      1759      0.12     664.6           2
    13.75    55.75    2023         4     0.023     1.595      -0.8       8.0         1      1401      0.13     847.0           2
    13.75    55.75    2024         4     0.024     1.599      -0.8       8.7         1      1812      0.12     572.3           2
    13.75    55.75    2025         4     0.023     1.588      -0.8       9.2         1      1862      0.13     649.9           2
    13.75    55.75    2026         4     0.023     1.577      -1.0       9.1         1      1809      0.13     664.7           2
    13.75    55.75    2027         4     0.024     1.591      -0.9       9.6         1      2129      0.12     790.5           2
    13.75    55.75    2028         4     0.024     1.575      -1.2       9.0         1      1750      0.13     761.6           2
    13.75    55.75    2029         4     0.024     1.535      -1.5       8.9         1      1843      0.12     544.1           2
    13.75    55.75    2030         4     0.024     1.518      -1.4       9.1         1      1841      0.12     633.6           2
    13.75    55.75    2031         4     0.024     1.496      -1.3      10.2         1      2200      0.11     649.8           2
    13.75    55.75    2032         4     0.024     1.492      -1.1      10.6         1      2234      0.11     632.5           2
    13.75    55.75    2033         4     0.024     1.492      -1.0      10.1         1      1947      0.11     784.3           2
    13.75    55.75    2034         4     0.024     1.472      -1.0       9.2         1      1840      0.11     842.9           2
    13.75    55.75    2035         4     0.023     1.464      -1.0       9.3         1      1816      0.11     676.3           2
    13.75    55.75    2036         4     0.023     1.455      -1.0       9.7         1      2013      0.11     707.0           2
    13.75    55.75    2037         4     0.024     1.461      -0.9       9.9         1      2009      0.12     689.5           2
    13.75    55.75    2038         4     0.024     1.451      -0.8       9.8         1      1989      0.12    1012.1           2
    13.75    55.75    2039         4     0.023     1.467      -0.8      10.1         1      2028      0.13     643.1           2
    13.75    55.75    2040         4     0.023     1.471      -0.8       9.7         1      1972      0.12     702.7           2
    13.75    55.75    2041         4     0.023     1.455      -0.5      10.1         1      2291      0.12     638.8           2
    13.75    55.75    2042         4     0.023     1.446      -0.3       9.1         1      1748      0.12     771.0           2
    13.75    55.75    2043         4     0.024     1.443      -0.4       9.9         1      2213      0.10     444.4           2
    13.75    55.75    2044         4     0.023     1.440      -0.3      10.2         1      1980      0.10     891.6           2
    13.75    55.75    2045         4     0.024     1.430      -0.4      10.5         1      2276      0.10     482.5           2
    13.75    55.75    2046         4     0.023     1.426      -0.0      10.3         1      2001      0.10     719.9           2
    13.75    55.75    2047         4     0.023     1.443      -0.1       9.6         1      1956      0.10     563.0           2
    13.75    55.75    2048         4     0.024     1.445       0.0       9.9         1      2127      0.10     671.6           2
    13.75    55.75    2049         4     0.023     1.475       0.1       9.8         1      1985      0.10     777.3           2
    13.75    55.75    2050         4     0.023     1.480       0.2       9.4         1      1869      0.10     704.6           2
    13.75    55.75    2051         4     0.023     1.490       0.2       9.6         1      1899      0.11     717.0           2
    13.75    55.75    2052         4     0.024     1.471      -0.1       9.2         1      1844      0.12     670.6           2
    13.75    55.75    2053         4     0.024     1.458      -0.4       9.1         1      1904      0.12     630.2           2
    13.75    55.75    2054         4     0.024     1.472      -0.4       8.8         1      1791      0.13     710.8           2
    13.75    55.75    2055         4     0.024     1.474      -0.3      10.4         1      2410      0.12     582.1           2
    13.75    55.75    2056         4     0.024     1.485      -0.2      10.7         1      2221      0.12     763.0           2
    13.75    55.75    2057         4     0.024     1.474      -0.2      11.2         1      2448      0.11     584.0           2
    13.75    55.75    2058         4     0.024     1.492      -0.1      11.0         1      2305      0.11     636.7           2
    13.75    55.75    2059         4     0.024     1.456      -0.2      10.5         1      2094      0.12     846.5           2
    13.75    55.75    2060         4     0.024     1.461      -0.2      10.5         1      2187      0.12     924.9           2
    13.75    55.75    2061         4     0.024     1.456      -0.2      10.2         1      2015      0.12     762.3           2
    13.75    55.75    2062         4     0.024     1.465      -0.1      10.5         1      2205      0.11     695.6           2
    13.75    55.75    2063         4     0.024     1.460       0.1      10.8         1      2318      0.11     653.4           2
    13.75    55.75    2064         4     0.024     1.466       0.0      10.3         1      2089      0.11     811.7           2
    13.75    55.75    2065         4     0.024     1.462       0.1      10.1         1      2122      0.11     677.5           2
    13.75    55.75    2066         4     0.024     1.454       0.2      10.5         1      2150      0.11     611.4           2
    13.75    55.75    2067         4     0.024     1.452       0.3      10.7         1      2307      0.11     618.0           2
    13.75    55.75    2068         4     0.024     1.457       0.3      11.2         1      2455      0.11     548.0           2
    13.75    55.75    2069         4     0.024     1.438       0.6      11.1         1      2237      0.11     799.8           2
    13.75    55.75    2070         4     0.024     1.442       0.7      11.1         1      2310      0.11     740.2           2
    13.75    55.75    2071         4     0.024     1.457       0.7      10.8         1      2251      0.11     682.4           2
    13.75    55.75    2072         4     0.024     1.453       0.8       9.6         1      1671      0.12    1039.9           2
    13.75    55.75    2073         4     0.024     1.450       1.2      10.5         1      2376      0.12     544.7           2
    13.75    55.75    2074         4     0.024     1.449       1.3      10.0         1      1894      0.11     832.3           2
    13.75    55.75    2075         4     0.024     1.448       1.3      10.2         1      2163      0.11     868.3           2
    13.75    55.75    2076         4     0.024     1.446       1.3      11.2         1      2500      0.11     703.2           2
    13.75    55.75    2077         4     0.024     1.454       1.2      11.0         1      2162      0.11     620.2           2
    13.75    55.75    2078         4     0.023     1.456       1.3      10.6         1      2048      0.12     871.7           2
    13.75    55.75    2079         4     0.023     1.484       1.3      11.0         1      2378      0.11     959.5           2
    13.75    55.75    2080         4     0.023     1.482       1.4      11.3         1      2455      0.11     584.1           2
    13.75    55.75    2081         4     0.024     1.488       1.4      11.3         1      2416      0.10     515.3           2
    13.75    55.75    2082         4     0.024     1.480       1.4      10.9         1      2313      0.12     863.6           2
    13.75    55.75    2083         4     0.024     1.479       1.4      11.0         1      2246      0.13     718.2           2
    13.75    55.75    2084         4     0.024     1.479       1.5      11.3         1      2497      0.13     801.1           2
    13.75    55.75    2085         4     0.024     1.492       1.6      11.4         1      2368      0.13     692.6           2
    13.75    55.75    2086         4     0.023     1.501       1.6      10.9         1      2099      0.13     625.9           2
    13.75    55.75    2087         4     0.023     1.501       1.8      11.4         1      2394      0.13     576.3           2
    13.75    55.75    2088         4     0.023     1.511       1.9      11.7         1      2547      0.13     741.9           2
    13.75    55.75    2089         4     0.023     1.529       1.9      12.3         1      2819      0.13     593.0           2
    13.75    55.75    2090         4     0.023     1.515       1.8      11.6         1      2306      0.13     745.8           2
    13.75    55.75    2091         4     0.023     1.511       1.8      10.5         1      2033      0.14     803.0           2
    13.75    55.75    2092         4     0.023     1.519       1.8      10.4         1      2066      0.13     612.6           2
    13.75    55.75    2093         4     0.023     1.532       1.8      11.3         1      2593      0.13     612.9           2
    13.75    55.75    2094         4     0.023     1.522       1.8      11.2         1      2494      0.13     681.0           2
    13.75    55.75    2095         4     0.023     1.540       1.8      11.3         1      2456      0.14     721.8           2
    13.75    55.75    2096         4     0.023     1.532       1.8      11.6         1      2560      0.14     730.8           2
    13.75    55.75    2097         4     0.023     1.531       1.8      11.2         1      2318      0.14     746.0           2
    13.75    55.75    2098         4     0.024     1.523       1.6      11.1         1      2381      0.13     636.0           2
    13.75    55.75    2099         4     0.024     1.520       1.6      11.4         1      2497      0.13     916.7           2
    13.75    55.75    2100         4     0.024     1.507       1.6      11.2         1      2251      0.13     630.0           2
    13.75    55.75    2101         4     0.024     1.506       1.6      11.4         1      2493      0.14     682.3           2
    13.75    55.75    2102         4     0.023     1.500       1.6      10.5         1      1859      0.14    1040.2           2
    13.75    55.75    2103         4     0.024     1.500       1.6      11.3         1      2586      0.13     544.8           2
    13.75    55.75    2104         4     0.024     1.499       1.6      10.8         1      2121      0.13     832.6           2
    13.75    55.75    2105         4     0.024     1.487       1.6      11.0         1      2363      0.13     867.7           2
    13.75    55.75    2106         4     0.024     1.485       1.6      12.0         1      2726      0.12     703.4           2
    13.75    55.75    2107         4     0.024     1.477       1.5      11.7         1      2376      0.12     620.2           2
    13.75    55.75    2108         4     0.024     1.477       1.5      11.4         1      2250      0.13     871.7           2
    13.75    55.75    2109         4     0.024     1.475       1.5      11.7         1      2585      0.13     959.3           2
    13.75    55.75    2110         4     0.024     1.484       1.6      12.0         1      2635      0.13     584.2           2
    13.75    55.75    2111         4     0.024     1.488       1.6      12.0         1      2588      0.11     515.2           2
    13.75    55.75    2112         4     0.024     1.484       1.7      11.5         1      2475      0.12     863.6           2
    13.75    55.75    2113         4     0.024     1.472       1.7      11.6         1      2396      0.13     718.0           2
    13.75    55.75    2114         4     0.024     1.482       1.9      11.9         1      2638      0.13     801.2           2
    13.75    55.75    2115         4     0.024     1.477       1.9      11.9         1      2505      0.12     692.4           2
    13.75    55.75    2116         4     0.023     1.487       2.0      11.4         1      2225      0.13     626.3           2
    13.75    55.75    2117         4     0.023     1.495       2.2      11.9         1      2527      0.12     576.0           2
    13.75    55.75    2118         4     0.023     1.503       2.3      12.1         1      2662      0.13     741.5           2
    13.75    55.75    2119         4     0.023     1.507       2.5      12.7         1      2930      0.12     592.9           2
    13.75    55.75    2120         4     0.023     1.509       2.5      11.9         1      2406      0.13     745.9           2
    13.75    55.75    2121         4     0.023     1.505       2.4      10.9         1      2107      0.14     802.9           2
    13.75    55.75    2122         4     0.023     1.514       2.4      10.7         1      2140      0.12     612.5           2
    13.75    55.75    2123         4     0.023     1.527       2.4      11.6         1      2653      0.13     612.8           2
    13.75    55.75    2124         4     0.023     1.517       2.3      11.4         1      2544      0.13     681.2           2
    13.75    55.75    2125         4     0.023     1.536       2.3      11.4         1      2500      0.14     721.9           2
    13.75    55.75    2126         4     0.023     1.528       2.2      11.8         1      2597      0.14     730.8           2
    13.75    55.75    2127         4     0.023     1.527       2.2      11.4         1      2343      0.14     746.2           2
    13.75    55.75    2128         4     0.024     1.520       2.0      11.2         1      2397      0.13     636.0           2
    13.75    55.75    2129         4     0.024     1.517       1.9      11.4         1      2507      0.13     916.3           2
    13.75    55.75    2130         4     0.024     1.504       1.9      11.2         1      2251      0.13     630.2           2
    23.75    61.75    1980         4     0.033     2.769     -11.9       5.1         1      1183      0.18     602.8           2
    23.75    61.75    1981         4     0.033     2.725     -11.7       4.5         1      1067      0.18     539.7           2
    23.75    61.75    1982         4     0.033     2.707     -11.5       4.1         1      1104      0.19     583.5           2
    23.75    61.75    1983         4     0.033     2.836     -11.6       3.3         1      1136      0.18     423.7           2
    23.75    61.75    1984         4     0.033     2.807     -11.5       3.8         1      1175      0.17     737.6           2
    23.75    61.75    1985         4     0.033     2.853     -11.6       3.5         1      1223      0.18     582.6           2
    23.75    61.75    1986         4     0.033     2.799     -11.3       2.9         1       999      0.18     503.8           2
    23.75    61.75    1987         4     0.033     2.951     -11.5       4.0         1      1386      0.20     581.4           2
    23.75    61.75    1988         4     0.033     2.958     -10.9       5.2         1      1332      0.21     639.8           2
    23.75    61.75    1989         4     0.032     2.991     -10.7       3.9         1      1156      0.21     468.6           2
    23.75    61.75    1990         4     0.032     3.008     -10.4       3.1         1      1128      0.21     679.2           2
    23.75    61.75    1991         4     0.032     2.992     -10.2       3.3         1      1138      0.21     505.7           2
    23.75    61.75    1992         4     0.032     2.986     -10.1       2.9         1      1075      0.21     575.2           2
    23.75    61.75    1993         4     0.032     3.016     -10.7       1.9         1      1104      0.21     562.5           2
    23.75    61.75    1994         4     0.032     3.018     -10.8       4.1         1      1254      0.22     676.3           2
    23.75    61.75    1995         4     0.032     3.043     -10.3       4.8         1      1368      0.23     578.0           2
    23.75    61.75    1996         4     0.032     3.045     -10.2       4.6         1      1211      0.22     581.3           2
    23.75    61.75    1997         4     0.031     3.055     -10.2       5.1         1      1344      0.22     557.6           2
    23.75    61.75    1998         4     0.031     3.058     -10.1       5.0         1      1083      0.22     611.6           2
    23.75    61.75    1999         4     0.031     3.070      -9.7       5.3         1      1225      0.23     683.0           2
    23.75    61.75    2000         4     0.031     3.071      -9.9       5.4         1      1139      0.22     572.1           2
    23.75    61.75    2001         4     0.032     3.123     -10.2       3.7         1      1243      0.21     531.3           2
    23.75    61.75    2002         4     0.031     3.125     -10.2       4.1         1      1026      0.22     513.9           2
    23.75    61.75    2003         4     0.032     3.156     -10.1       4.3         1      1372      0.22     543.8           2
    23.75    61.75    2004         4     0.032     3.151      -9.9       5.6         1      1528      0.22     835.1           2
    23.75    61.75    2005         4     0.032     3.138     -10.0       5.0         1      1610      0.22     598.2           2
    23.75    61.75    2006         4     0.032     3.260     -10.0       4.8         1      1424      0.21     487.1           2
    23.75    61.75    2007         4     0.032     3.348     -10.3       4.7         1      1410      0.21     657.3           2
    23.75    61.75    2008         4     0.032     3.354     -10.4       4.9         1      1420      0.20     520.4           2
    23.75    61.75    2009         4     0.032     3.356     -10.2       5.7         1      1486      0.20     492.0           2
    23.75    61.75    2010         4     0.032     3.356     -10.1       5.5         1      1362      0.20     590.0           2
    23.75    61.75    2011         4     0.032     3.084      -9.9       5.8         1      1307      0.20     612.3           2
    23.75    61.75    2012         4     0.031     2.837      -9.7       6.0         1      1507      0.19     575.0           2
    23.75    61.75    2013         4     0.031     2.847      -9.2       5.4         1      1359      0.20     593.1           2
    23.75    61.75    2014         4     0.032     2.860      -9.4       5.4         1      1502      0.20     508.7           2
    23.75    61.75    2015         4     0.032     2.868      -9.7       6.1         1      1665      0.19     483.5           2
    23.75    61.75    2016         4     0.032     2.385      -9.4       6.1         1      1584      0.18     512.8           2
    23.75    61.75    2017         4     0.032     2.383      -9.1       5.1         1      1223      0.20     579.8           2
    23.75    61.75    2018         4     0.032     2.338      -9.5       5.6         1      1507      0.19     688.4           2
    23.75    61.75    2019         4     0.032     2.330      -9.4       6.3         1      1561      0.18     552.7           2
    23.75    61.75    2020         4     0.032     2.344      -9.4       6.3         1      1584      0.19     692.1           2
    23.75    61.75    2021         4     0.032     2.343      -9.4       4.9         1      1470      0.18     490.0           2
    23.75    61.75    2022         4     0.032     2.322      -9.6       6.4         1      1555      0.19     638.3           2
    23.75    61.75    2023         4     0.032     2.347      -9.4       5.2         1      1250      0.19     714.8           2
    23.75    61.75    2024         4     0.032     2.206      -9.4       5.4         1      1353      0.19     563.6           2
    23.75    61.75    2025         4     0.031     2.227      -9.2       5.2         1      1161      0.19     600.2           2
    23.75    61.75    2026         4     0.031     2.016      -9.6       5.7         1      1487      0.20     467.1           2
    23.75    61.75    2027         4     0.031     2.021      -9.2       6.2         1      1804      0.19     659.5           2
    23.75    61.75    2028         4     0.031     1.928      -9.5       5.6         1      1311      0.19     607.3           2
    23.75    61.75    2029         4     0.031     1.929      -9.7       5.9         1      1502      0.19     616.2           2
    23.75    61.75    2030         4     0.031     1.920      -9.4       6.1         1      1421      0.19     449.6           2
    23.75    61.75    2031         4     0.031     1.933      -9.2       7.6         1      1676      0.19     652.6           2
    23.75    61.75    2032         4     0.031     1.931      -9.0       8.1         1      1806      0.19     641.7           2
    23.75    61.75    2033         4     0.030     1.924      -8.9       7.3         1      1628      0.20     740.2           2
    23.75    61.75    2034         4     0.030     1.914      -9.1       5.5         1      1545      0.18     584.6           2
    23.75    61.75    2035         4     0.030     1.918      -8.9       6.6         1      1472      0.19     656.4           2
    23.75    61.75    2036         4     0.030     2.144      -8.9       6.2         1      1531      0.19     450.2           2
    23.75    61.75    2037         4     0.030     2.129      -9.0       6.5         1      1453      0.19     598.3           2
    23.75    61.75    2038         4     0.030     2.125      -8.6       6.7         1      1626      0.18     513.1           2
    23.75    61.75    2039         4     0.030     2.142      -8.5       6.8         1      1429      0.19     616.1           2
    23.75    61.75    2040         4     0.030     2.121      -8.5       6.3         1      1587      0.19     695.2           2
    23.75    61.75    2041         4     0.030     2.158      -8.2       7.3         1      1952      0.19     541.8           2
    23.75    61.75    2042         4     0.030     2.173      -8.0       5.9         1      1460      0.18     721.6           2
    23.75    61.75    2043         4     0.030     2.158      -8.1       6.9         1      1777      0.17     478.6           2
    23.75    61.75    2044         4     0.030     2.218      -7.9       8.1         1      1805      0.17     651.1           2
    23.75    61.75    2045         4     0.030     2.219      -7.7       8.1         1      1902      0.17     585.1           2
    23.75    61.75    2046         4     0.030     2.488      -6.9       7.9         1      1765      0.17     718.7           2
    23.75    61.75    2047         4     0.029     2.502      -6.8       7.3         1      1592      0.17     494.3           2
    23.75    61.75    2048         4     0.029     2.856      -6.4       6.6         1      1681      0.18     598.1           2
    23.75    61.75    2049         4     0.029     2.870      -6.1       7.0         1      1753      0.18     557.1           2
    23.75    61.75    2050         4     0.029     2.765      -6.1       6.6         1      1543      0.18     589.8           2
    23.75    61.75    2051         4     0.030     2.799      -6.1       7.0         1      1544      0.18     660.5           2
    23.75    61.75    2052         4     0.030     2.961      -6.5       6.4         1      1527      0.19     604.3           2
    23.75    61.75    2053         4     0.030     2.930      -6.8       6.3         1      1524      0.18     499.1           2
    23.75    61.75    2054         4     0.030     2.745      -6.6       5.3         1      1384      0.19     555.6           2
    23.75    61.75    2055         4     0.030     2.732      -6.5       7.4         1      1804      0.20     726.8           2
    23.75    61.75    2056         4     0.030     2.679      -6.3       8.1         1      1816      0.20     663.0           2
    23.75    61.75    2057         4     0.030     2.725      -5.9       8.1         1      1876      0.21     620.8           2
    23.75    61.75    2058         4     0.030     2.745      -5.9       7.6         1      1705      0.22     521.7           2
    23.75    61.75    2059         4     0.030     2.743      -6.1       8.1         1      1973      0.22     950.3           2
    23.75    61.75    2060         4     0.030     2.722      -6.1       7.4         1      1735      0.21     780.2           2
    23.75    61.75    2061         4     0.030     2.671      -6.2       7.4         1      1555      0.22     632.0           2
    23.75    61.75    2062         4     0.030     2.645      -5.9       7.2         1      1696      0.22     549.3           2
    23.75    61.75    2063         4     0.030     2.667      -5.7       7.8         1      1902      0.21     411.8           2
    23.75    61.75    2064         4     0.030     2.737      -6.1       7.4         1      1680      0.21     599.8           2
    23.75    61.75    2065         4     0.030     2.720      -6.3       6.7         1      1632      0.21     565.3           2
    23.75    61.75    2066         4     0.030     2.751      -6.2       7.2         1      1693      0.21     516.1           2
    23.75    61.75    2067         4     0.030     2.752      -6.3       7.7         1      1816      0.21     743.7           2
    23.75    61.75    2068         4     0.030     2.770      -6.2       7.9         1      1794      0.20     484.8           2
    23.75    61.75    2069         4     0.030     2.757      -6.1       8.6         1      2038      0.21     688.8           2
    23.75    61.75    2070         4     0.030     2.851      -6.2       7.9         1      1888      0.20     499.9           2
    23.75    61.75    2071         4     0.030     2.830      -6.4       7.5         1      1829      0.19     484.1           2
    23.75    61.75    2072         4     0.030     2.846      -6.1       6.5         1      1448      0.20     719.5           2
    23.75    61.75    2073         4     0.030     2.863      -5.9       7.6         1      2013      0.21     581.8           2
    23.75    61.75    2074         4     0.030     2.671      -5.5       7.2         1      1543      0.20     728.8           2
    23.75    61.75    2075         4     0.030     2.693      -5.5       7.6         1      1907      0.20     576.2           2
    23.75    61.75    2076         4     0.030     2.735      -5.7       8.0         1      2065      0.19     779.8           2
    23.75    61.75    2077         4     0.030     2.597      -5.9       8.1         1      1833      0.19     552.9           2
    23.75    61.75    2078         4     0.030     2.603      -5.9       7.2         1      1581      0.18     767.0           2
    23.75    61.75    2079         4     0.030     2.598      -5.7       8.4         1      1972      0.17     650.9           2
    23.75    61.75    2080         4     0.030     2.644      -5.5       8.8         1      2223      0.18     623.7           2
    23.75    61.75    2081         4     0.030     2.676      -5.2       8.7         1      2037      0.18     485.7           2
    23.75    61.75    2082         4     0.030     2.672      -5.2       8.1         1      1806      0.18     699.7           2
    23.75    61.75    2083         4     0.030     2.676      -5.2       7.9         1      1773      0.19     683.6           2
    23.75    61.75    2084         4     0.030     2.698      -5.0       8.2         1      2047      0.19     558.7           2
    23.75    61.75    2085         4     0.030     2.662      -4.8       8.0         1      1895      0.20     520.2           2
    23.75    61.75    2086         4     0.030     2.667      -4.7       8.1         1      1833      0.19     752.6           2
    23.75    61.75    2087         4     0.029     2.676      -4.4       9.1         1      2053      0.20     813.9           2
    23.75    61.75    2088         4     0.029     2.665      -4.1       9.3         1      2002      0.20     868.4           2
    23.75    61.75    2089         4     0.029     2.684      -3.9       9.9         1      2137      0.19     611.3           2
    23.75    61.75    2090         4     0.029     2.637      -3.9       8.8         1      1753      0.20     698.1           2
    23.75    61.75    2091         4     0.029     2.662      -3.9       7.9         1      1762      0.21     669.5           2
    23.75    61.75    2092         4     0.029     2.660      -3.9       8.0         1      1755      0.21     634.4           2
    23.75    61.75    2093         4     0.029     2.682      -3.7       8.9         1      2311      0.21     587.8           2
    23.75    61.75    2094         4     0.029     3.013      -3.8       8.7         1      2115      0.22     583.5           2
    23.75    61.75    2095         4     0.029     2.999      -3.8       8.6         1      2003      0.21     537.3           2
    23.75    61.75    2096         4     0.029     2.972      -3.7       9.0         1      2102      0.21     756.7           2
    23.75    61.75    2097         4     0.029     3.202      -3.4       9.1         1      2112      0.21     619.8           2
    23.75    61.75    2098         4     0.029     2.915      -3.5       8.2         1      1899      0.21     523.2           2
    23.75    61.75    2099         4     0.029     2.920      -3.6       8.5         1      2140      0.22     726.9           2
    23.75    61.75    2100         4     0.029     2.915      -3.5       9.4         1      2113      0.22     778.5           2
    23.75    61.75    2101         4     0.029     2.927      -3.8       9.1         1      2185      0.21     484.2           2
    23.75    61.75    2102         4     0.029     2.941      -3.8       8.1         1      1711      0.22     719.7           2
    23.75    61.75    2103         4     0.029     2.929      -3.9       9.2         1      2340      0.22     581.8           2
    23.75    61.75    2104         4     0.029     2.633      -3.8       8.7         1      1850      0.22     728.7           2
    23.75    61.75    2105         4     0.029     2.682      -3.8       9.0         1      2192      0.22     576.1           2
    23.75    61.75    2106         4     0.029     2.704      -3.8       9.3         1      2347      0.23     779.6           2
    23.75    61.75    2107         4     0.030     2.582      -4.1       9.5         1      2124      0.21     553.0           2
    23.75    61.75    2108         4     0.030     2.582      -4.2       8.5         1      1851      0.21     767.1           2
    23.75    61.75    2109         4     0.030     2.571      -4.4       9.6         1      2290      0.21     651.0           2
    23.75    61.75    2110         4     0.030     2.622      -4.2       9.9         1      2460      0.21     623.8           2
    23.75    61.75    2111         4     0.030     2.589      -3.8       9.8         1      2264      0.20     485.8           2
    23.75    61.75    2112         4     0.030     2.572      -3.6       9.1         1      2045      0.20     699.6           2
    23.75    61.75    2113         4     0.030     2.552      -3.6       8.9         1      1972      0.20     683.6           2
    23.75    61.75    2114         4     0.030     2.561      -3.5       9.2         1      2245      0.19     558.7           2
    23.75    61.75    2115         4     0.030     2.528      -3.4       8.9         1      2076      0.19     520.1           2
    23.75    61.75    2116         4     0.030     2.545      -3.4       9.0         1      1990      0.18     752.9           2
    23.75    61.75    2117         4     0.029     2.529      -3.2       9.9         1      2231      0.20     814.0           2
    23.75    61.75    2118         4     0.029     2.687      -2.9      10.0         1      2185      0.19     868.4           2
    23.75    61.75    2119         4     0.029     2.692      -2.5      10.5         1      2303      0.19     611.3           2
    23.75    61.75    2120         4     0.029     2.641      -2.8       9.4         1      1886      0.20     698.0           2
    23.75    61.75    2121         4     0.029     2.664      -2.9       8.4         1      1864      0.21     669.6           2
    23.75    61.75    2122         4     0.028     2.661      -2.9       8.5         1      1853      0.20     634.4           2
    23.75    61.75    2123         4     0.029     2.682      -2.8       9.3         1      2402      0.21     587.9           2
    23.75    61.75    2124         4     0.029     3.013      -2.9       9.1         1      2190      0.21     583.7           2
    23.75    61.75    2125         4     0.029     2.998      -3.0       8.9         1      2062      0.21     537.4           2
    23.75    61.75    2126         4     0.029     2.970      -2.9       9.3         1      2156      0.21     756.7           2
    23.75    61.75    2127         4     0.029     3.200      -2.7       9.3         1      2148      0.21     619.7           2
    23.75    61.75    2128         4     0.029     2.920      -2.9       8.3         1      1922      0.21     523.4           2
    23.75    61.75    2129         4     0.029     2.924      -3.1       8.6         1      2152      0.22     726.8           2
    23.75    61.75    2130         4     0.029     2.918      -3.0       9.5         1      2113      0.21     778.5           2
    21.75    39.75    1980         4     0.025     1.036       2.7      13.7         1      3233      0.04     580.2           2
    21.75    39.75    1981         4     0.025     1.029       2.6      14.2         1      3462      0.04     268.1           2
    21.75    39.75    1982         4     0.026     1.025       2.5      14.1         1      3284      0.04     547.2           2
    21.75    39.75    1983         4     0.025     1.027       2.6      13.6         1      3053      0.04     599.2           2
    21.75    39.75    1984         4     0.025     1.060       2.9      14.5         1      3557      0.04     483.2           2
    21.75    39.75    1985         4     0.025     1.100       2.9      14.5         1      3417      0.03     625.9           2
    21.75    39.75    1986         4     0.025     1.083       3.2      14.0         1      3112      0.04     799.5           2
    21.75    39.75    1987         4     0.025     1.041       3.2      14.2         1      3298      0.05     839.6           2
    21.75    39.75    1988         4     0.025     1.001       3.4      14.3         1      3345      0.05     752.9           2
    21.75    39.75    1989         4     0.025     0.998       3.1      14.2         1      3476      0.04     719.8           2
    21.75    39.75    1990         4     0.025     0.985       3.1      14.2         1      3326      0.04     412.4           2
    21.75    39.75    1991         4     0.025     0.988       3.0      14.1         1      3437      0.03     502.5           2
    21.75    39.75    1992         4     0.025     0.973       3.0      14.4         1      3419      0.03     733.7           2
    21.75    39.75    1993         4     0.026     1.017       2.9      13.8         1      3129      0.03     737.4           2
    21.75    39.75    1994         4     0.026     1.025       3.1      14.8         1      3670      0.03     464.9           2
    21.75    39.75    1995         4     0.026     1.008       3.0      14.3         1      3164      0.04     665.0           2
    21.75    39.75    1996         4     0.026     0.998       3.0      15.3         1      3788      0.04     519.7           2
    21.75    39.75    1997         4     0.026     0.962       2.8      14.3         1      3282      0.04     661.4           2
    21.75    39.75    1998         4     0.026     0.953       2.9      13.9         1      3157      0.04     554.7           2
    21.75    39.75    1999         4     0.026     0.970       3.0      15.1         1      3863      0.04     413.4           2
    21.75    39.75    2000         4     0.026     0.991       3.1      15.6         1      3927      0.04     538.1           2
    21.75    39.75    2001         4     0.026     0.986       3.3      16.0         1      3907      0.04     649.0           2
    21.75    39.75    2002         4     0.026     0.998       3.5      15.2         1      3514      0.04     384.1           2
    21.75    39.75    2003         4     0.026     0.990       3.5      15.2         1      3560      0.04     729.2           2
    21.75    39.75    2004         4     0.026     0.987       3.5      15.7         1      3908      0.03     413.9           2
    21.75    39.75    2005         4     0.026     0.955       3.4      15.4         1      3634      0.03     628.2           2
    21.75    39.75    2006         4     0.026     0.987       3.3      15.1         1      3569      0.03     667.5           2
    21.75    39.75    2007         4     0.026     1.034       3.4      15.1         1      3646      0.03     611.8           2
    21.75    39.75    2008         4     0.027     1.024       3.4      14.9         1      3486      0.02     646.0           2
    21.75    39.75    2009         4     0.026     1.020       3.7      14.9         1      3512      0.03     696.6           2
    21.75    39.75    2010         4     0.027     1.029       3.7      15.3         1      3764      0.03     629.2           2
    21.75    39.75    2011         4     0.026     1.032       3.9      15.3         1      3660      0.03     450.9           2
    21.75    39.75    2012         4     0.026     1.050       3.9      15.0         1      3521      0.04     768.1           2
    21.75    39.75    2013         4     0.026     1.043       4.0      15.8         1      4038      0.04     511.2           2
    21.75    39.75    2014         4     0.026     1.026       4.0      15.4         1      3691      0.03     630.5           2
    21.75    39.75    2015         4     0.026     1.027       4.0      15.2         1      3696      0.03     633.7           2
    21.75    39.75    2016         4     0.027     1.047       4.1      15.2         1      3631      0.03     598.4           2
    21.75    39.75    2017         4     0.026     1.071       4.3      15.3         1      3754      0.03     488.4           2
    21.75    39.75    2018         4     0.027     1.055       4.4      15.3         1      3636      0.03     748.9           2
    21.75    39.75    2019         4     0.026     1.064       4.5      15.7         1      3932      0.03     468.3           2
    21.75    39.75    2020         4     0.026     1.070       4.5      15.2         1      3621      0.03     712.6           2
    21.75    39.75    2021         4     0.026     1.067       4.3      15.1         1      3623      0.03     659.5           2
    21.75    39.75    2022         4     0.026     1.068       4.3      15.4         1      3750      0.03     453.6           2
    21.75    39.75    2023         4     0.026     1.083       4.3      15.7         1      3882      0.03     478.8           2
    21.75    39.75    2024         4     0.026     1.079       4.2      15.4         1      3706      0.03     606.9           2
    21.75    39.75    2025         4     0.026     1.102       4.3      15.9         1      3977      0.03     503.3           2
    21.75    39.75    2026         4     0.026     1.102       4.4      15.8         1      3814      0.03     665.3           2
    21.75    39.75    2027         4     0.026     1.091       4.5      15.5         1      3625      0.03     716.1           2
    21.75    39.75    2028         4     0.026     1.138       4.3      15.3         1      3743      0.03     497.5           2
    21.75    39.75    2029         4     0.026     1.107       4.2      15.2         1      3732      0.02     852.8           2
    21.75    39.75    2030         4     0.026     1.094       4.2      15.2         1      3744      0.02     542.4           2
    21.75    39.75    2031         4     0.026     1.088       4.1      15.6         1      3997      0.02     459.5           2
    21.75    39.75    2032         4     0.026     1.098       4.1      16.2         1      4133      0.02     537.6           2
    21.75    39.75    2033         4     0.026     1.082       4.2      16.4         1      4107      0.02     337.4           2
    21.75    39.75    2034         4     0.026     1.119       4.3      16.4         1      4087      0.02     508.3           2
    21.75    39.75    2035         4     0.026     1.110       4.5      16.4         1      4048      0.02     482.4           2
    21.75    39.75    2036         4     0.026     1.102       4.5      16.5         1      4124      0.02     455.7           2
    21.75    39.75    2037         4     0.026     1.055       4.5      16.2         1      3903      0.02     597.4           2
    21.75    39.75    2038         4     0.026     1.079       4.6      16.2         1      3973      0.02     715.3           2
    21.75    39.75    2039         4     0.026     1.046       4.7      16.3         1      4040      0.01     520.2           2
    21.75    39.75    2040         4     0.026     1.036       4.8      16.4         1      4032      0.01     791.7           2
    21.75    39.75    2041         4     0.026     1.058       4.8      15.7         1      3560      0.02     723.3           2
    21.75    39.75    2042         4     0.026     1.061       4.8      16.1         1      4037      0.02     749.0           2
    21.75    39.75    2043         4     0.026     1.047       4.8      15.4         1      3564      0.02     467.9           2
    21.75    39.75    2044         4     0.026     1.026       5.0      15.9         1      3881      0.02     586.9           2
    21.75    39.75    2045         4     0.026     1.026       4.9      16.3         1      4081      0.02     379.5           2
    21.75    39.75    2046         4     0.026     1.025       5.0      16.1         1      3931      0.02     452.8           2
    21.75    39.75    2047         4     0.027     1.002       4.9      15.8         1      3738      0.02     709.9           2
    21.75    39.75    2048         4     0.027     0.965       5.1      16.3         1      4088      0.02     666.3           2
    21.75    39.75    2049         4     0.026     0.972       5.2      15.4         1      3610      0.02     650.9           2
    21.75    39.75    2050         4     0.026     0.997       5.2      15.9         1      3955      0.02     380.8           2
    21.75    39.75    2051         4     0.027     1.031       5.3      16.5         1      4296      0.02     508.6           2
    21.75    39.75    2052         4     0.027     1.028       5.2      16.7         1      4417      0.02     590.1           2
    21.75    39.75    2053         4     0.027     1.024       5.1      16.5         1      4009      0.02     485.9           2
    21.75    39.75    2054         4     0.027     1.009       5.0      16.0         1      3893      0.02     631.6           2
    21.75    39.75    2055         4     0.027     1.001       4.9      16.1         1      4004      0.02     638.1           2
    21.75    39.75    2056         4     0.027     1.008       4.9      16.2         1      4072      0.02     408.7           2
    21.75    39.75    2057         4     0.027     1.034       4.9      16.4         1      4188      0.02     350.2           2
    21.75    39.75    2058         4     0.027     1.029       4.7      16.9         1      4406      0.03     362.2           2
    21.75    39.75    2059         4     0.027     1.061       4.5      17.1         1      4446      0.03     397.3           2
    21.75    39.75    2060         4     0.027     1.057       4.4      16.8         1      4132      0.03     416.4           2
    21.75    39.75    2061         4     0.027     1.058       4.5      17.0         1      4411      0.02     368.4           2
    21.75    39.75    2062         4     0.027     1.049       4.6      16.7         1      4014      0.02     733.8           2
    21.75    39.75    2063         4     0.027     1.079       4.7      16.9         1      4341      0.02     547.8           2
    21.75    39.75    2064         4     0.027     1.114       4.7      16.9         1      4250      0.02     522.2           2
    21.75    39.75    2065         4     0.027     1.141       4.8      17.0         1      4289      0.02     739.0           2
    21.75    39.75    2066         4     0.027     1.127       4.7      16.5         1      4033      0.02     404.0           2
    21.75    39.75    2067         4     0.027     1.153       4.8      16.9         1      4278      0.02     466.7           2
    21.75    39.75    2068         4     0.027     1.149       4.8      17.2         1      4432      0.02     654.8           2
    21.75    39.75    2069         4     0.027     1.188       4.9      17.2         1      4401      0.02     478.0           2
    21.75    39.75    2070         4     0.027     1.183       5.1      17.6         1      4523      0.02     633.7           2
    21.75    39.75    2071         4     0.027     1.170       5.2      17.8         1      4554      0.02     471.0           2
    21.75    39.75    2072         4     0.027     1.165       5.3      17.1         1      4176      0.02     515.0           2
    21.75    39.75    2073         4     0.027     1.195       5.4      17.4         1      4409      0.02     641.5           2
    21.75    39.75    2074         4     0.027     1.225       5.5      18.0         1      4734      0.01     337.2           2
    21.75    39.75    2075         4     0.027     1.233       5.6      18.0         1      4593      0.01     440.4           2
    21.75    39.75    2076         4     0.028     1.204       5.8      17.9         1      4666      0.01     486.7           2
    21.75    39.75    2077         4     0.028     1.191       5.7      17.9         1      4619      0.01     265.6           2
    21.75    39.75    2078         4     0.028     1.199       6.0      18.6         1      4933      0.01     280.4           2
    21.75    39.75    2079         4     0.028     1.191       6.1      18.5         1      4796      0.01     512.1           2
    21.75    39.75    2080         4     0.028     1.188       6.1      17.5         1      4306      0.01     495.2           2
    21.75    39.75    2081         4     0.028     1.195       5.9      17.3         1      4337      0.01     726.4           2
    21.75    39.75    2082         4     0.028     1.218       5.9      18.1         1      4833      0.01     540.6           2
    21.75    39.75    2083         4     0.028     1.205       5.8      18.3         1      4711      0.01     329.1           2
    21.75    39.75    2084         4     0.028     1.214       5.8      17.7         1      4419      0.01     696.0           2
    21.75    39.75    2085         4     0.028     1.166       5.7      17.6         1      4505      0.01     624.4           2
    21.75    39.75    2086         4     0.028     1.157       5.9      18.0         1      4676      0.01     491.3           2
    21.75    39.75    2087         4     0.028     1.134       5.9      18.4         1      4852      0.01     337.9           2
    21.75    39.75    2088         4     0.028     1.173       5.9      18.6         1      4882      0.01     359.6           2
    21.75    39.75    2089         4     0.028     1.169       5.9      18.3         1      4676      0.01     569.0           2
    21.75    39.75    2090         4     0.029     1.158       5.9      19.0         1      5120      0.01     238.4           2
    21.75    39.75    2091         4     0.029     1.145       5.8      18.0         1      4380      0.01     333.4           2
    21.75    39.75    2092         4     0.029     1.173       5.7      17.8         1      4715      0.01     459.3           2
    21.75    39.75    2093         4     0.029     1.170       5.7      17.9         1      4625      0.01     484.5           2
    21.75    39.75    2094         4     0.029     1.251       5.8      18.8         1      5131      0.01     641.2           2
    21.75    39.75    2095         4     0.029     1.243       5.7      18.3         1      4637      0.01     455.4           2
    21.75    39.75    2096         4     0.029     1.257       5.6      18.9         1      5196      0.02     442.0           2
    21.75    39.75    2097         4     0.029     1.260       5.7      18.0         1      4441      0.02     442.0           2
    21.75    39.75    2098         4     0.029     1.272       5.8      18.6         1      5002      0.02     415.4           2
    21.75    39.75    2099         4     0.029     1.270       5.8      18.5         1      4774      0.02     487.3           2
    21.75    39.75    2100         4     0.029     1.255       5.9      18.0         1      4539      0.02     338.7           2
    21.75    39.75    2101         4     0.029     1.254       6.1      18.5         1      4869      0.01     471.0           2
    21.75    39.75    2102         4     0.029     1.232       6.1      17.9         1      4471      0.01     515.0           2
    21.75    39.75    2103         4     0.028     1.238       6.2      18.2         1      4694      0.01     641.6           2
    21.75    39.75    2104         4     0.028     1.239       6.3      18.8         1      5016      0.01     337.3           2
    21.75    39.75    2105         4     0.028     1.242       6.4      18.7         1      4864      0.01     440.4           2
    21.75    39.75    2106         4     0.028     1.253       6.5      18.6         1      4927      0.01     486.7           2
    21.75    39.75    2107         4     0.028     1.258       6.5      18.6         1      4860      0.01     265.5           2
    21.75    39.75    2108         4     0.028     1.265       6.5      19.2         1      5172      0.01     280.4           2
    21.75    39.75    2109         4     0.028     1.266       6.6      19.1         1      5024      0.01     511.7           2
    21.75    39.75    2110         4     0.028     1.263       6.5      18.1         2      4511      0.01     495.1           2
    21.75    39.75    2111         4     0.028     1.282       6.4      17.9         1      4527      0.01     726.6           2
    21.75    39.75    2112         4     0.028     1.275       6.5      18.7         1      5024      0.01     540.3           2
    21.75    39.75    2113         4     0.028     1.267       6.6      18.8         1      4891      0.01     328.8           2
    21.75    39.75    2114         4     0.028     1.192       6.5      18.1         1      4593      0.01     695.7           2
    21.75    39.75    2115         4     0.028     1.196       6.5      18.1         1      4659      0.01     624.5           2
    21.75    39.75    2116         4     0.028     1.168       6.5      18.4         1      4828      0.01     491.7           2
    21.75    39.75    2117         4     0.028     1.155       6.6      18.8         1      4991      0.01     338.0           2
    21.75    39.75    2118         4     0.028     1.140       6.5      19.0         1      5012      0.01     359.6           2
    21.75    39.75    2119         4     0.028     1.137       6.5      18.7         1      4792      0.01     569.1           2
    21.75    39.75    2120         4     0.028     1.156       6.5      19.3         1      5229      0.01     238.4           2
    21.75    39.75    2121         4     0.029     1.143       6.3      18.3         1      4466      0.01     333.5           2
    21.75    39.75    2122         4     0.029     1.171       6.3      18.1         2      4798      0.01     460.0           2
    21.75    39.75    2123         4     0.029     1.168       6.2      18.1         2      4698      0.01     484.2           2
    21.75    39.75    2124         4     0.029     1.249       6.2      19.0         2      5196      0.01     641.4           2
    21.75    39.75    2125         4     0.029     1.241       6.2      18.4         2      4689      0.01     455.2           2
    21.75    39.75    2126         4     0.029     1.256       6.0      19.0         2      5238      0.02     442.1           2
    21.75    39.75    2127         4     0.029     1.259       6.0      18.1         2      4473      0.02     442.2           2
    21.75    39.75    2128         4     0.029     1.270       6.1      18.7         2      5024      0.02     415.3           2
    21.75    39.75    2129         4     0.029     1.269       6.1      18.5         2      4785      0.02     487.4           2
    21.75    39.75    2130         4     0.029     1.253       6.2      18.0         1      4539      0.02     338.9           2
