      Lon      Lat    Year      CH LAI_Sum LAI_Win      z0  z0_Win
     9.75    49.75    1980    8.14    3.94    1.48    0.46    0.83
     9.75    49.75    1981    8.10    3.91    1.45    0.46    0.83
     9.75    49.75    1982    8.16    3.92    1.48    0.46    0.83
     9.75    49.75    1983    8.31    4.03    1.50    0.47    0.85
     9.75    49.75    1984    8.27    4.00    1.53    0.47    0.83
     9.75    49.75    1985    8.29    4.01    1.53    0.47    0.84
     9.75    49.75    1986    8.14    3.88    1.45    0.47    0.83
     9.75    49.75    1987    8.34    4.00    1.49    0.47    0.85
     9.75    49.75    1988    8.05    3.81    1.41    0.47    0.82
     9.75    49.75    1989    8.34    3.97    1.46    0.48    0.85
     9.75    49.75    1990    8.38    3.98    1.47    0.48    0.86
     9.75    49.75    1991    8.53    4.10    1.49    0.48    0.87
     9.75    49.75    1992    8.54    4.11    1.51    0.48    0.87
     9.75    49.75    1993    8.68    4.15    1.51    0.49    0.89
     9.75    49.75    1994    8.63    4.09    1.47    0.49    0.88
     9.75    49.75    1995    8.90    4.22    1.54    0.50    0.91
     9.75    49.75    1996    8.80    4.13    1.51    0.50    0.90
     9.75    49.75    1997    9.06    4.29    1.56    0.50    0.93
     9.75    49.75    1998    8.98    4.25    1.52    0.50    0.92
     9.75    49.75    1999    8.92    4.16    1.49    0.51    0.92
     9.75    49.75    2000    9.34    4.42    1.57    0.52    0.96
     9.75    49.75    2001    9.27    4.35    1.54    0.51    0.95
     9.75    49.75    2002    9.25    4.28    1.49    0.52    0.96
     9.75    49.75    2003    9.46    4.39    1.56    0.52    0.97
     9.75    49.75    2004    9.46    4.38    1.58    0.52    0.96
     9.75    49.75    2005    9.53    4.41    1.56    0.53    0.98
     9.75    49.75    2006    9.42    4.29    1.51    0.53    0.97
     9.75    49.75    2007    9.66    4.41    1.53    0.53    1.00
     9.75    49.75    2008    9.39    4.17    1.48    0.53    0.96
     9.75    49.75    2009    9.76    4.35    1.55    0.54    1.01
     9.75    49.75    2010    9.80    4.38    1.55    0.54    1.01
     9.75    49.75    2011    9.19    4.11    1.45    0.52    0.94
     9.75    49.75    2012    8.97    3.96    1.39    0.51    0.92
     9.75    49.75    2013    9.24    4.20    1.47    0.51    0.96
     9.75    49.75    2014    9.12    4.15    1.47    0.51    0.93
     9.75    49.75    2015    9.15    4.22    1.47    0.50    0.94
     9.75    49.75    2016    9.13    4.28    1.50    0.50    0.93
     9.75    49.75    2017    8.89    4.19    1.47    0.49    0.90
     9.75    49.75    2018    9.08    4.32    1.50    0.49    0.93
     9.75    49.75    2019    9.11    4.36    1.50    0.50    0.93
     9.75    49.75    2020    8.75    3.98    1.40    0.50    0.89
     9.75    49.75    2021    9.04    4.27    1.41    0.50    0.95
     9.75    49.75    2022    9.15    4.35    1.44    0.50    0.96
     9.75    49.75    2023    8.92    4.28    1.39    0.49    0.94
     9.75    49.75    2024    9.21    4.46    1.48    0.50    0.96
     9.75    49.75    2025    9.20    4.46    1.50    0.50    0.95
     9.75    49.75    2026    9.13    4.41    1.50    0.50    0.94
     9.75    49.75    2027    9.20    4.39    1.49    0.51    0.95
     9.75    49.75    2028    8.78    4.04    1.35    0.50    0.92
     9.75    49.75    2029    9.33    4.37    1.45    0.51    0.99
     9.75    49.75    2030    9.24    4.27    1.47    0.52    0.96
     9.75    49.75    2031    9.64    4.49    1.49    0.53    1.02
     9.75    49.75    2032    9.06    4.12    1.41    0.52    0.94
     9.75    49.75    2033    9.41    4.36    1.46    0.52    0.99
     9.75    49.75    2034    9.69    4.54    1.51    0.53    1.02
     9.75    49.75    2035    9.27    4.27    1.42    0.52    0.97
     9.75    49.75    2036    9.32    4.31    1.44    0.52    0.98
     9.75    49.75    2037    9.17    4.18    1.42    0.51    0.96
     9.75    49.75    2038    9.49    4.33    1.45    0.53    1.00
     9.75    49.75    2039    9.77    4.53    1.54    0.53    1.02
     9.75    49.75    2040    9.66    4.51    1.52    0.53    1.01
     9.75    49.75    2041    9.49    4.58    1.50    0.51    0.99
     9.75    49.75    2042    9.49    4.58    1.49    0.50    1.00
     9.75    49.75    2043    9.00    4.26    1.41    0.49    0.94
     9.75    49.75    2044    9.31    4.40    1.43    0.50    0.99
     9.75    49.75    2045    9.17    4.28    1.40    0.51    0.97
     9.75    49.75    2046    9.40    4.45    1.46    0.51    1.00
     9.75    49.75    2047    9.40    4.44    1.46    0.51    0.99
     9.75    49.75    2048    9.05    4.25    1.41    0.50    0.95
     9.75    49.75    2049    8.85    3.94    1.37    0.51    0.93
     9.75    49.75    2050    9.22    4.13    1.38    0.52    0.98
     9.75    49.75    2051    9.55    4.36    1.49    0.53    1.01
     9.75    49.75    2052    9.62    4.42    1.48    0.53    1.02
     9.75    49.75    2053   10.00    4.68    1.58    0.54    1.05
     9.75    49.75    2054    8.87    3.70    1.32    0.53    0.93
     9.75    49.75    2055    9.18    3.97    1.40    0.53    0.97
     9.75    49.75    2056    8.53    3.37    1.26    0.54    0.89
     9.75    49.75    2057    8.45    3.38    1.20    0.53    0.90
     9.75    49.75    2058    9.01    3.75    1.28    0.54    0.96
     9.75    49.75    2059    8.93    3.70    1.27    0.54    0.95
     9.75    49.75    2060    8.97    3.81    1.26    0.53    0.96
     9.75    49.75    2061    9.13    3.89    1.32    0.54    0.97
     9.75    49.75    2062    9.49    4.14    1.39    0.55    1.02
     9.75    49.75    2063    9.51    4.31    1.46    0.54    1.00
     9.75    49.75    2064    9.34    4.42    1.49    0.51    0.98
     9.75    49.75    2065    8.94    4.30    1.44    0.49    0.93
     9.75    49.75    2066    8.77    4.23    1.41    0.49    0.91
     9.75    49.75    2067    8.83    4.26    1.40    0.49    0.92
     9.75    49.75    2068    8.44    3.94    1.32    0.49    0.87
     9.75    49.75    2069    8.39    3.84    1.27    0.50    0.88
     9.75    49.75    2070    9.03    4.29    1.38    0.51    0.96
     9.75    49.75    2071    8.89    4.20    1.37    0.51    0.93
     9.75    49.75    2072    9.18    4.40    1.47    0.51    0.96
     9.75    49.75    2073    9.27    4.49    1.46    0.51    0.98
     9.75    49.75    2074    8.72    3.93    1.32    0.51    0.92
     9.75    49.75    2075    9.00    4.08    1.36    0.52    0.95
     9.75    49.75    2076    9.37    4.42    1.46    0.52    0.98
     9.75    49.75    2077    8.52    3.68    1.26    0.52    0.88
     9.75    49.75    2078    8.89    4.02    1.33    0.52    0.93
     9.75    49.75    2079    8.99    4.06    1.33    0.52    0.94
     9.75    49.75    2080    9.07    4.05    1.34    0.53    0.95
     9.75    49.75    2081    9.14    4.10    1.35    0.52    0.96
     9.75    49.75    2082    9.17    4.06    1.33    0.53    0.97
     9.75    49.75    2083    9.49    4.31    1.40    0.53    1.00
     9.75    49.75    2084    9.16    4.13    1.31    0.53    0.97
     9.75    49.75    2085    8.78    3.74    1.26    0.53    0.92
     9.75    49.75    2086    9.21    3.98    1.31    0.54    0.98
     9.75    49.75    2087    9.46    4.14    1.33    0.55    1.01
     9.75    49.75    2088    9.83    4.40    1.42    0.55    1.04
     9.75    49.75    2089    9.17    3.88    1.29    0.54    0.97
     9.75    49.75    2090    9.67    4.27    1.40    0.54    1.03
     9.75    49.75    2091    9.63    4.37    1.44    0.54    1.00
     9.75    49.75    2092    9.27    4.13    1.37    0.53    0.96
     9.75    49.75    2093    9.73    4.43    1.46    0.53    1.02
     9.75    49.75    2094    9.71    4.47    1.49    0.53    1.01
     9.75    49.75    2095    9.55    4.42    1.46    0.52    0.99
     9.75    49.75    2096    9.65    4.48    1.50    0.53    0.99
     9.75    49.75    2097    9.15    3.91    1.35    0.54    0.94
     9.75    49.75    2098    9.12    3.83    1.31    0.54    0.95
     9.75    49.75    2099    9.49    4.05    1.33    0.55    1.00
     9.75    49.75    2100    9.41    3.99    1.30    0.55    1.00
     9.75    49.75    2101    9.74    4.19    1.37    0.56    1.03
     9.75    49.75    2102    9.94    4.37    1.47    0.56    1.03
     9.75    49.75    2103    9.72    4.32    1.44    0.54    1.01
     9.75    49.75    2104    8.74    3.84    1.26    0.51    0.90
     9.75    49.75    2105    9.19    4.07    1.32    0.52    0.96
     9.75    49.75    2106    9.74    4.42    1.42    0.54    1.02
     9.75    49.75    2107    9.00    3.79    1.26    0.54    0.93
     9.75    49.75    2108    8.98    3.96    1.27    0.51    0.94
     9.75    49.75    2109    9.20    4.11    1.28    0.52    0.97
     9.75    49.75    2110    9.17    4.10    1.28    0.52    0.97
     9.75    49.75    2111    9.08    4.13    1.24    0.51    0.98
     9.75    49.75    2112    9.13    4.16    1.23    0.51    0.98
     9.75    49.75    2113    9.25    4.33    1.31    0.51    0.99
     9.75    49.75    2114    8.87    4.13    1.27    0.50    0.94
     9.75    49.75    2115    8.72    3.89    1.24    0.51    0.92
     9.75    49.75    2116    9.11    4.15    1.31    0.52    0.97
     9.75    49.75    2117    9.05    4.18    1.29    0.51    0.97
     9.75    49.75    2118    9.47    4.49    1.37    0.52    1.02
     9.75    49.75    2119    8.99    4.06    1.29    0.52    0.95
     9.75    49.75    2120    9.50    4.43    1.41    0.52    1.01
     9.75    49.75    2121    9.55    4.54    1.46    0.52    1.01
     9.75    49.75    2122    9.12    4.28    1.37    0.51    0.95
     9.75    49.75    2123    9.29    4.48    1.44    0.50    0.97
     9.75    49.75    2124    9.44    4.53    1.51    0.51    0.98
     9.75    49.75    2125    9.12    4.46    1.41    0.49    0.95
     9.75    49.75    2126    9.21    4.58    1.42    0.49    0.97
     9.75    49.75    2127    8.77    4.04    1.29    0.50    0.92
     9.75    49.75    2128    8.89    4.06    1.27    0.51    0.95
     9.75    49.75    2129    9.24    4.23    1.32    0.52    0.99
     9.75    49.75    2130    9.14    4.16    1.29    0.52    0.98
    13.75    55.75    1980    6.23    3.22    1.19    0.39    0.65
    13.75    55.75    1981    6.23    3.18    1.16    0.39    0.65
    13.75    55.75    1982    6.18    3.11    1.13    0.40    0.65
    13.75    55.75    1983    6.37    3.22    1.14    0.40    0.67
    13.75    55.75    1984    6.59    3.35    1.24    0.41    0.69
    13.75    55.75    1985    6.61    3.37    1.26    0.41    0.69
    13.75    55.75    1986    6.51    3.26    1.22    0.41    0.68
    13.75    55.75    1987    6.60    3.29    1.21    0.41    0.69
    13.75    55.75    1988    6.74    3.37    1.23    0.42    0.71
    13.75    55.75    1989    6.60    3.26    1.18    0.41    0.69
    13.75    55.75    1990    6.79    3.36    1.24    0.42    0.71
    13.75    55.75    1991    6.74    3.31    1.21    0.42    0.71
    13.75    55.75    1992    6.83    3.34    1.23    0.43    0.72
    13.75    55.75    1993    7.09    3.51    1.31    0.43    0.74
    13.75    55.75    1994    7.14    3.55    1.34    0.43    0.74
    13.75    55.75    1995    7.01    3.42    1.28    0.43    0.73
    13.75    55.75    1996    7.18    3.52    1.31    0.44    0.75
    13.75    55.75    1997    7.26    3.55    1.31    0.44    0.76
    13.75    55.75    1998    7.27    3.53    1.31    0.44    0.76
    13.75    55.75    1999    7.36    3.57    1.31    0.44    0.77
    13.75    55.75    2000    7.22    3.42    1.23    0.45    0.76
    13.75    55.75    2001    7.55    3.62    1.32    0.45    0.79
    13.75    55.75    2002    7.35    3.48    1.30    0.45    0.76
    13.75    55.75    2003    7.50    3.55    1.33    0.46    0.78
    13.75    55.75    2004    7.74    3.71    1.40    0.46    0.81
    13.75    55.75    2005    7.54    3.53    1.31    0.46    0.79
    13.75    55.75    2006    7.89    3.76    1.41    0.47    0.83
    13.75    55.75    2007    7.41    3.41    1.28    0.46    0.77
    13.75    55.75    2008    7.82    3.66    1.34    0.47    0.82
    13.75    55.75    2009    7.87    3.66    1.38    0.47    0.82
    13.75    55.75    2010    7.68    3.49    1.30    0.47    0.81
    13.75    55.75    2011    7.69    3.42    1.27    0.48    0.81
    13.75    55.75    2012    8.13    3.66    1.38    0.49    0.86
    13.75    55.75    2013    8.30    3.75    1.43    0.50    0.87
    13.75    55.75    2014    8.10    3.58    1.36    0.50    0.85
    13.75    55.75    2015    7.90    3.33    1.27    0.50    0.83
    13.75    55.75    2016    8.26    3.51    1.33    0.52    0.88
    13.75    55.75    2017    8.55    3.69    1.43    0.52    0.90
    13.75    55.75    2018    8.50    3.64    1.42    0.52    0.88
    13.75    55.75    2019    8.39    3.53    1.35    0.52    0.88
    13.75    55.75    2020    8.56    3.60    1.37    0.53    0.90
    13.75    55.75    2021    8.60    3.60    1.35    0.53    0.91
    13.75    55.75    2022    8.78    3.69    1.41    0.54    0.92
    13.75    55.75    2023    8.78    3.68    1.43    0.54    0.91
    13.75    55.75    2024    8.84    3.69    1.43    0.54    0.92
    13.75    55.75    2025    9.20    3.89    1.56    0.55    0.95
    13.75    55.75    2026    8.98    3.75    1.48    0.54    0.93
    13.75    55.75    2027    9.23    3.89    1.55    0.55    0.95
    13.75    55.75    2028    9.39    4.00    1.60    0.55    0.97
    13.75    55.75    2029    9.28    3.90    1.55    0.55    0.96
    13.75    55.75    2030    9.25    3.84    1.52    0.55    0.96
    13.75    55.75    2031    9.34    3.88    1.56    0.55    0.96
    13.75    55.75    2032    9.46    3.97    1.59    0.55    0.97
    13.75    55.75    2033    9.44    3.99    1.59    0.55    0.97
    13.75    55.75    2034    9.16    3.84    1.51    0.54    0.94
    13.75    55.75    2035    9.28    3.95    1.58    0.54    0.95
    13.75    55.75    2036    8.97    3.71    1.44    0.54    0.92
    13.75    55.75    2037    9.32    3.95    1.57    0.54    0.96
    13.75    55.75    2038    9.04    3.79    1.49    0.54    0.93
    13.75    55.75    2039    9.09    3.83    1.50    0.54    0.94
    13.75    55.75    2040    9.25    3.93    1.54    0.54    0.95
    13.75    55.75    2041    9.11    3.82    1.49    0.54    0.94
    13.75    55.75    2042    9.00    3.77    1.47    0.54    0.93
    13.75    55.75    2043    9.02    3.74    1.46    0.54    0.93
    13.75    55.75    2044    9.31    3.93    1.60    0.55    0.95
    13.75    55.75    2045    9.02    3.77    1.49    0.54    0.92
    13.75    55.75    2046    8.80    3.65    1.42    0.53    0.91
    13.75    55.75    2047    9.02    3.81    1.52    0.54    0.92
    13.75    55.75    2048    9.06    3.87    1.53    0.54    0.92
    13.75    55.75    2049    9.15    3.97    1.57    0.54    0.93
    13.75    55.75    2050    8.75    3.72    1.44    0.53    0.90
    13.75    55.75    2051    8.64    3.60    1.37    0.53    0.89
    13.75    55.75    2052    8.95    3.83    1.46    0.53    0.92
    13.75    55.75    2053    8.99    3.88    1.52    0.53    0.91
    13.75    55.75    2054    8.98    3.99    1.53    0.52    0.92
    13.75    55.75    2055    8.60    3.78    1.43    0.51    0.88
    13.75    55.75    2056    8.45    3.70    1.39    0.51    0.87
    13.75    55.75    2057    8.70    3.90    1.46    0.51    0.89
    13.75    55.75    2058    8.83    4.07    1.54    0.51    0.89
    13.75    55.75    2059    8.82    4.08    1.56    0.51    0.89
    13.75    55.75    2060    8.69    4.11    1.53    0.50    0.89
    13.75    55.75    2061    8.78    4.21    1.59    0.50    0.89
    13.75    55.75    2062    8.45    4.08    1.52    0.49    0.85
    13.75    55.75    2063    8.50    4.16    1.58    0.48    0.85
    13.75    55.75    2064    8.14    3.98    1.49    0.47    0.82
    13.75    55.75    2065    8.28    4.11    1.56    0.47    0.83
    13.75    55.75    2066    8.09    3.95    1.47    0.47    0.81
    13.75    55.75    2067    8.35    4.08    1.52    0.48    0.84
    13.75    55.75    2068    8.57    4.26    1.59    0.48    0.87
    13.75    55.75    2069    8.76    4.42    1.65    0.49    0.88
    13.75    55.75    2070    8.66    4.47    1.68    0.48    0.86
    13.75    55.75    2071    8.49    4.43    1.63    0.47    0.85
    13.75    55.75    2072    8.43    4.44    1.60    0.47    0.85
    13.75    55.75    2073    8.06    4.15    1.52    0.46    0.80
    13.75    55.75    2074    8.47    4.43    1.60    0.47    0.85
    13.75    55.75    2075    8.36    4.31    1.55    0.47    0.84
    13.75    55.75    2076    8.71    4.52    1.61    0.48    0.88
    13.75    55.75    2077    8.74    4.45    1.59    0.49    0.88
    13.75    55.75    2078    8.99    4.69    1.68    0.49    0.90
    13.75    55.75    2079    8.70    4.61    1.68    0.47    0.86
    13.75    55.75    2080    8.29    4.40    1.52    0.46    0.84
    13.75    55.75    2081    8.02    4.29    1.49    0.44    0.81
    13.75    55.75    2082    8.22    4.37    1.54    0.45    0.82
    13.75    55.75    2083    8.40    4.51    1.62    0.46    0.84
    13.75    55.75    2084    8.53    4.57    1.65    0.46    0.85
    13.75    55.75    2085    8.32    4.41    1.56    0.46    0.84
    13.75    55.75    2086    8.33    4.37    1.52    0.46    0.84
    13.75    55.75    2087    8.45    4.41    1.53    0.47    0.86
    13.75    55.75    2088    8.96    4.76    1.68    0.48    0.91
    13.75    55.75    2089    8.53    4.40    1.49    0.48    0.87
    13.75    55.75    2090    8.84    4.66    1.56    0.48    0.91
    13.75    55.75    2091    9.02    4.79    1.66    0.48    0.92
    13.75    55.75    2092    8.92    4.68    1.65    0.48    0.91
    13.75    55.75    2093    8.39    4.32    1.42    0.46    0.87
    13.75    55.75    2094    8.78    4.50    1.49    0.48    0.92
    13.75    55.75    2095    8.56    4.23    1.41    0.48    0.90
    13.75    55.75    2096    8.74    4.38    1.50    0.48    0.91
    13.75    55.75    2097    8.80    4.40    1.47    0.49    0.93
    13.75    55.75    2098    8.99    4.51    1.54    0.49    0.95
    13.75    55.75    2099    8.74    4.31    1.49    0.49    0.91
    13.75    55.75    2100    9.15    4.54    1.61    0.50    0.96
    13.75    55.75    2101    9.39    4.67    1.70    0.51    0.97
    13.75    55.75    2102    9.38    4.69    1.69    0.51    0.98
    13.75    55.75    2103    8.92    4.39    1.57    0.49    0.93
    13.75    55.75    2104    9.26    4.62    1.69    0.50    0.96
    13.75    55.75    2105    9.09    4.53    1.64    0.50    0.95
    13.75    55.75    2106    9.19    4.60    1.71    0.50    0.95
    13.75    55.75    2107    8.91    4.42    1.67    0.49    0.91
    13.75    55.75    2108    9.11    4.60    1.77    0.49    0.92
    13.75    55.75    2109    9.16    4.62    1.80    0.50    0.93
    13.75    55.75    2110    8.97    4.48    1.71    0.49    0.92
    13.75    55.75    2111    9.11    4.55    1.74    0.50    0.93
    13.75    55.75    2112    9.07    4.54    1.76    0.50    0.91
    13.75    55.75    2113    8.92    4.57    1.75    0.49    0.90
    13.75    55.75    2114    9.08    4.66    1.81    0.49    0.91
    13.75    55.75    2115    8.75    4.43    1.71    0.48    0.88
    13.75    55.75    2116    8.69    4.38    1.67    0.48    0.88
    13.75    55.75    2117    8.70    4.35    1.68    0.49    0.87
    13.75    55.75    2118    8.76    4.38    1.75    0.49    0.87
    13.75    55.75    2119    8.37    4.12    1.55    0.48    0.85
    13.75    55.75    2120    8.61    4.35    1.65    0.48    0.87
    13.75    55.75    2121    8.74    4.48    1.70    0.48    0.88
    13.75    55.75    2122    8.50    4.38    1.63    0.47    0.86
    13.75    55.75    2123    8.45    4.27    1.53    0.48    0.87
    13.75    55.75    2124    8.53    4.37    1.59    0.47    0.87
    13.75    55.75    2125    8.44    4.26    1.52    0.48    0.86
    13.75    55.75    2126    8.43    4.32    1.62    0.47    0.84
    13.75    55.75    2127    8.46    4.33    1.60    0.47    0.85
    13.75    55.75    2128    8.55    4.42    1.64    0.48    0.85
    13.75    55.75    2129    8.39    4.25    1.56    0.47    0.84
    13.75    55.75    2130    8.42    4.35    1.62    0.47    0.84
    23.75    61.75    1980    6.11    2.62    2.41    0.43    0.46
    23.75    61.75    1981    6.20    2.65    2.45    0.43    0.46
    23.75    61.75    1982    6.18    2.60    2.40    0.44    0.46
    23.75    61.75    1983    6.36    2.67    2.46    0.44    0.47
    23.75    61.75    1984    6.24    2.60    2.39    0.44    0.47
    23.75    61.75    1985    6.30    2.60    2.39    0.44    0.47
    23.75    61.75    1986    6.30    2.57    2.36    0.45    0.48
    23.75    61.75    1987    6.44    2.62    2.40    0.45    0.48
    23.75    61.75    1988    6.55    2.68    2.45    0.46    0.49
    23.75    61.75    1989    6.61    2.67    2.44    0.46    0.49
    23.75    61.75    1990    6.59    2.64    2.40    0.46    0.50
    23.75    61.75    1991    6.63    2.65    2.42    0.47    0.50
    23.75    61.75    1992    6.77    2.70    2.46    0.47    0.51
    23.75    61.75    1993    6.86    2.70    2.46    0.48    0.51
    23.75    61.75    1994    6.88    2.69    2.47    0.48    0.51
    23.75    61.75    1995    6.94    2.71    2.47    0.49    0.52
    23.75    61.75    1996    6.85    2.63    2.40    0.49    0.52
    23.75    61.75    1997    6.82    2.58    2.35    0.49    0.52
    23.75    61.75    1998    6.95    2.63    2.40    0.49    0.53
    23.75    61.75    1999    7.17    2.74    2.51    0.50    0.54
    23.75    61.75    2000    7.16    2.70    2.48    0.50    0.54
    23.75    61.75    2001    7.14    2.65    2.43    0.51    0.54
    23.75    61.75    2002    7.29    2.70    2.48    0.51    0.55
    23.75    61.75    2003    7.21    2.63    2.42    0.51    0.55
    23.75    61.75    2004    7.36    2.69    2.47    0.52    0.56
    23.75    61.75    2005    7.46    2.72    2.50    0.52    0.56
    23.75    61.75    2006    7.47    2.72    2.49    0.53    0.56
    23.75    61.75    2007    7.46    2.70    2.47    0.53    0.56
    23.75    61.75    2008    7.69    2.80    2.57    0.53    0.58
    23.75    61.75    2009    7.62    2.74    2.51    0.53    0.57
    23.75    61.75    2010    7.64    2.73    2.50    0.54    0.58
    23.75    61.75    2011    7.22    2.65    2.43    0.50    0.54
    23.75    61.75    2012    7.08    2.63    2.41    0.49    0.53
    23.75    61.75    2013    7.12    2.64    2.42    0.50    0.54
    23.75    61.75    2014    7.17    2.69    2.47    0.50    0.54
    23.75    61.75    2015    6.97    2.65    2.44    0.48    0.52
    23.75    61.75    2016    6.88    2.65    2.43    0.48    0.52
    23.75    61.75    2017    6.86    2.69    2.47    0.48    0.52
    23.75    61.75    2018    7.02    2.75    2.53    0.49    0.53
    23.75    61.75    2019    7.05    2.82    2.60    0.48    0.52
    23.75    61.75    2020    7.02    2.78    2.57    0.48    0.52
    23.75    61.75    2021    7.06    2.80    2.59    0.49    0.53
    23.75    61.75    2022    7.06    2.76    2.55    0.49    0.53
    23.75    61.75    2023    7.27    2.83    2.62    0.50    0.54
    23.75    61.75    2024    7.43    2.89    2.67    0.51    0.55
    23.75    61.75    2025    7.27    2.84    2.63    0.50    0.54
    23.75    61.75    2026    6.97    2.77    2.55    0.48    0.52
    23.75    61.75    2027    7.02    2.81    2.59    0.48    0.52
    23.75    61.75    2028    7.32    2.92    2.70    0.49    0.53
    23.75    61.75    2029    7.06    2.81    2.61    0.48    0.52
    23.75    61.75    2030    7.21    2.85    2.64    0.49    0.53
    23.75    61.75    2031    7.29    2.88    2.66    0.50    0.54
    23.75    61.75    2032    7.27    2.89    2.68    0.49    0.53
    23.75    61.75    2033    7.32    2.91    2.69    0.49    0.53
    23.75    61.75    2034    7.32    2.92    2.71    0.50    0.54
    23.75    61.75    2035    7.36    2.97    2.76    0.49    0.53
    23.75    61.75    2036    7.49    2.99    2.76    0.50    0.54
    23.75    61.75    2037    7.37    2.92    2.69    0.50    0.54
    23.75    61.75    2038    7.39    2.90    2.68    0.50    0.54
    23.75    61.75    2039    7.63    3.00    2.79    0.51    0.55
    23.75    61.75    2040    7.61    3.00    2.80    0.51    0.54
    23.75    61.75    2041    7.51    2.94    2.74    0.50    0.54
    23.75    61.75    2042    7.42    2.99    2.79    0.49    0.53
    23.75    61.75    2043    7.35    2.95    2.75    0.49    0.52
    23.75    61.75    2044    7.13    2.88    2.68    0.48    0.51
    23.75    61.75    2045    7.14    2.88    2.68    0.48    0.52
    23.75    61.75    2046    7.37    2.97    2.76    0.49    0.53
    23.75    61.75    2047    7.09    2.88    2.67    0.48    0.51
    23.75    61.75    2048    7.41    3.01    2.79    0.49    0.53
    23.75    61.75    2049    7.53    3.08    2.86    0.50    0.54
    23.75    61.75    2050    7.76    3.16    2.93    0.51    0.55
    23.75    61.75    2051    7.65    3.09    2.86    0.51    0.55
    23.75    61.75    2052    7.56    3.12    2.88    0.50    0.54
    23.75    61.75    2053    7.27    2.94    2.71    0.49    0.52
    23.75    61.75    2054    7.45    3.06    2.82    0.49    0.53
    23.75    61.75    2055    7.41    3.01    2.76    0.49    0.53
    23.75    61.75    2056    7.55    3.07    2.82    0.50    0.54
    23.75    61.75    2057    7.59    3.13    2.87    0.50    0.54
    23.75    61.75    2058    7.49    3.07    2.81    0.49    0.53
    23.75    61.75    2059    7.35    3.04    2.79    0.48    0.52
    23.75    61.75    2060    7.48    3.07    2.83    0.49    0.53
    23.75    61.75    2061    7.63    3.19    2.94    0.50    0.53
    23.75    61.75    2062    7.66    3.22    2.98    0.49    0.53
    23.75    61.75    2063    7.59    3.19    2.93    0.49    0.53
    23.75    61.75    2064    7.32    3.11    2.86    0.48    0.51
    23.75    61.75    2065    7.28    3.12    2.86    0.47    0.51
    23.75    61.75    2066    7.30    3.14    2.88    0.47    0.51
    23.75    61.75    2067    7.26    3.13    2.87    0.47    0.51
    23.75    61.75    2068    7.40    3.20    2.92    0.48    0.51
    23.75    61.75    2069    7.71    3.32    3.03    0.49    0.53
    23.75    61.75    2070    7.42    3.20    2.91    0.48    0.52
    23.75    61.75    2071    7.35    3.22    2.91    0.48    0.52
    23.75    61.75    2072    7.46    3.24    2.93    0.48    0.53
    23.75    61.75    2073    7.60    3.30    2.99    0.49    0.53
    23.75    61.75    2074    7.67    3.33    3.02    0.49    0.53
    23.75    61.75    2075    7.61    3.25    2.94    0.49    0.54
    23.75    61.75    2076    7.58    3.20    2.91    0.49    0.54
    23.75    61.75    2077    7.80    3.29    2.99    0.50    0.55
    23.75    61.75    2078    7.83    3.29    3.00    0.50    0.55
    23.75    61.75    2079    7.86    3.26    2.98    0.51    0.55
    23.75    61.75    2080    7.70    3.19    2.92    0.50    0.55
    23.75    61.75    2081    7.51    3.14    2.85    0.49    0.53
    23.75    61.75    2082    7.57    3.11    2.84    0.49    0.54
    23.75    61.75    2083    7.81    3.22    2.93    0.51    0.55
    23.75    61.75    2084    7.93    3.24    2.96    0.51    0.56
    23.75    61.75    2085    8.12    3.33    3.04    0.52    0.57
    23.75    61.75    2086    7.86    3.18    2.90    0.51    0.56
    23.75    61.75    2087    7.84    3.18    2.90    0.51    0.56
    23.75    61.75    2088    7.82    3.15    2.87    0.51    0.56
    23.75    61.75    2089    7.86    3.21    2.92    0.51    0.56
    23.75    61.75    2090    7.52    3.12    2.84    0.49    0.54
    23.75    61.75    2091    7.43    3.12    2.84    0.49    0.53
    23.75    61.75    2092    7.35    3.05    2.77    0.49    0.54
    23.75    61.75    2093    7.55    3.15    2.88    0.49    0.54
    23.75    61.75    2094    7.70    3.22    2.95    0.50    0.55
    23.75    61.75    2095    7.64    3.18    2.92    0.50    0.55
    23.75    61.75    2096    7.62    3.21    2.95    0.49    0.54
    23.75    61.75    2097    7.78    3.29    3.01    0.50    0.55
    23.75    61.75    2098    7.86    3.31    3.03    0.50    0.55
    23.75    61.75    2099    8.09    3.38    3.12    0.51    0.56
    23.75    61.75    2100    8.11    3.37    3.10    0.52    0.56
    23.75    61.75    2101    8.10    3.29    3.04    0.52    0.57
    23.75    61.75    2102    8.08    3.26    2.99    0.52    0.57
    23.75    61.75    2103    8.16    3.30    3.03    0.52    0.57
    23.75    61.75    2104    8.25    3.32    3.04    0.53    0.57
    23.75    61.75    2105    7.94    3.24    2.97    0.51    0.56
    23.75    61.75    2106    7.87    3.21    2.93    0.51    0.56
    23.75    61.75    2107    7.93    3.22    2.95    0.51    0.56
    23.75    61.75    2108    8.03    3.29    3.01    0.51    0.56
    23.75    61.75    2109    7.74    3.18    2.91    0.50    0.54
    23.75    61.75    2110    7.63    3.15    2.89    0.50    0.54
    23.75    61.75    2111    7.74    3.21    2.95    0.50    0.54
    23.75    61.75    2112    7.52    3.15    2.90    0.49    0.53
    23.75    61.75    2113    7.70    3.24    2.97    0.50    0.54
    23.75    61.75    2114    7.85    3.30    3.03    0.50    0.55
    23.75    61.75    2115    8.06    3.43    3.14    0.51    0.55
    23.75    61.75    2116    7.83    3.26    2.98    0.51    0.55
    23.75    61.75    2117    7.96    3.30    3.04    0.51    0.55
    23.75    61.75    2118    7.87    3.27    3.00    0.51    0.55
    23.75    61.75    2119    8.17    3.39    3.11    0.52    0.56
    23.75    61.75    2120    8.13    3.33    3.05    0.52    0.56
    23.75    61.75    2121    8.06    3.29    3.01    0.52    0.56
    23.75    61.75    2122    8.10    3.27    2.99    0.52    0.56
    23.75    61.75    2123    8.19    3.26    2.97    0.53    0.57
    23.75    61.75    2124    8.19    3.28    2.98    0.53    0.57
    23.75    61.75    2125    8.01    3.23    2.91    0.52    0.56
    23.75    61.75    2126    7.83    3.21    2.89    0.51    0.55
    23.75    61.75    2127    7.85    3.25    2.93    0.51    0.55
    23.75    61.75    2128    7.78    3.27    2.96    0.50    0.54
    23.75    61.75    2129    8.00    3.34    3.02    0.51    0.55
    23.75    61.75    2130    7.80    3.31    2.99    0.50    0.54
    21.75    37.75    1980    2.36    1.30    1.04    0.23    0.20
    21.75    37.75    1981    2.06    1.08    0.89    0.21    0.18
    21.75    37.75    1982    2.06    1.07    0.86    0.21    0.18
    21.75    37.75    1983    2.37    1.25    1.01    0.23    0.20
    21.75    37.75    1984    2.23    1.16    0.94    0.22    0.19
    21.75    37.75    1985    2.13    1.09    0.87    0.22    0.19
    21.75    37.75    1986    2.68    1.41    1.14    0.25    0.22
    21.75    37.75    1987    2.68    1.41    1.10    0.25    0.22
    21.75    37.75    1988    2.60    1.33    1.04    0.25    0.22
    21.75    37.75    1989    2.49    1.25    0.97    0.24    0.22
    21.75    37.75    1990    2.72    1.38    1.06    0.26    0.23
    21.75    37.75    1991    2.02    0.94    0.73    0.22    0.19
    21.75    37.75    1992    2.21    1.03    0.80    0.23    0.20
    21.75    37.75    1993    2.56    1.21    0.95    0.25    0.22
    21.75    37.75    1994    2.68    1.28    1.01    0.26    0.23
    21.75    37.75    1995    2.83    1.35    1.05    0.27    0.24
    21.75    37.75    1996    2.63    1.22    0.93    0.26    0.23
    21.75    37.75    1997    2.67    1.23    0.93    0.27    0.24
    21.75    37.75    1998    2.57    1.17    0.89    0.26    0.23
    21.75    37.75    1999    2.41    1.08    0.84    0.25    0.22
    21.75    37.75    2000    2.53    1.14    0.90    0.26    0.23
    21.75    37.75    2001    2.50    1.13    0.90    0.26    0.22
    21.75    37.75    2002    2.47    1.11    0.89    0.25    0.22
    21.75    37.75    2003    2.52    1.14    0.92    0.26    0.22
    21.75    37.75    2004    2.33    1.05    0.84    0.25    0.21
    21.75    37.75    2005    2.49    1.13    0.91    0.26    0.22
    21.75    37.75    2006    2.28    1.02    0.80    0.25    0.21
    21.75    37.75    2007    2.47    1.11    0.87    0.26    0.23
    21.75    37.75    2008    2.33    1.04    0.81    0.25    0.22
    21.75    37.75    2009    2.56    1.15    0.90    0.26    0.23
    21.75    37.75    2010    2.26    0.99    0.76    0.25    0.21
    21.75    37.75    2011    2.14    0.94    0.72    0.24    0.21
    21.75    37.75    2012    2.53    1.12    0.86    0.26    0.23
    21.75    37.75    2013    2.43    1.05    0.81    0.26    0.23
    21.75    37.75    2014    2.69    1.18    0.89    0.28    0.25
    21.75    37.75    2015    2.63    1.14    0.85    0.27    0.24
    21.75    37.75    2016    2.56    1.09    0.80    0.27    0.24
    21.75    37.75    2017    1.96    0.82    0.70    0.22    0.19
    21.75    37.75    2018    1.86    0.78    0.64    0.22    0.19
    21.75    37.75    2019    2.17    0.90    0.74    0.24    0.21
    21.75    37.75    2020    2.37    0.99    0.81    0.26    0.22
    21.75    37.75    2021    2.40    0.99    0.81    0.26    0.22
    21.75    37.75    2022    2.56    1.06    0.85    0.27    0.24
    21.75    37.75    2023    2.69    1.11    0.89    0.28    0.25
    21.75    37.75    2024    2.65    1.09    0.87    0.28    0.24
    21.75    37.75    2025    2.67    1.09    0.89    0.28    0.24
    21.75    37.75    2026    2.52    1.02    0.82    0.27    0.24
    21.75    37.75    2027    2.43    0.97    0.79    0.27    0.23
    21.75    37.75    2028    2.50    1.01    0.83    0.27    0.23
    21.75    37.75    2029    2.24    0.89    0.71    0.25    0.22
    21.75    37.75    2030    2.66    1.06    0.83    0.28    0.25
    21.75    37.75    2031    2.84    1.14    0.90    0.29    0.26
    21.75    37.75    2032    3.11    1.25    0.99    0.31    0.27
    21.75    37.75    2033    2.70    1.06    0.82    0.29    0.25
    21.75    37.75    2034    1.98    0.76    0.54    0.24    0.20
    21.75    37.75    2035    2.30    0.89    0.61    0.26    0.23
    21.75    37.75    2036    2.73    1.06    0.74    0.29    0.26
    21.75    37.75    2037    2.78    1.06    0.77    0.30    0.26
    21.75    37.75    2038    2.59    0.98    0.70    0.28    0.25
    21.75    37.75    2039    2.82    1.07    0.76    0.30    0.27
    21.75    37.75    2040    2.54    0.95    0.70    0.28    0.25
    21.75    37.75    2041    2.27    0.84    0.62    0.27    0.23
    21.75    37.75    2042    2.54    0.95    0.70    0.28    0.25
    21.75    37.75    2043    2.52    0.94    0.69    0.28    0.25
    21.75    37.75    2044    1.44    0.56    0.52    0.17    0.16
    21.75    37.75    2045    1.63    0.77    0.58    0.19    0.17
    21.75    37.75    2046    1.56    0.76    0.54    0.18    0.17
    21.75    37.75    2047    1.76    0.84    0.60    0.20    0.18
    21.75    37.75    2048    1.93    0.91    0.66    0.21    0.19
    21.75    37.75    2049    1.78    0.84    0.60    0.20    0.18
    21.75    37.75    2050    2.03    0.98    0.67    0.22    0.20
    21.75    37.75    2051    2.39    1.15    0.78    0.25    0.23
    21.75    37.75    2052    2.71    1.34    0.85    0.27    0.25
    21.75    37.75    2053    2.44    1.20    0.75    0.25    0.24
    21.75    37.75    2054    2.44    1.17    0.76    0.25    0.24
    21.75    37.75    2055    2.68    1.31    0.81    0.27    0.26
    21.75    37.75    2056    2.73    1.33    0.82    0.27    0.26
    21.75    37.75    2057    2.47    1.22    0.71    0.25    0.25
    21.75    37.75    2058    1.63    0.78    0.50    0.20    0.18
    21.75    37.75    2059    1.87    0.90    0.55    0.22    0.20
    21.75    37.75    2060    2.27    1.11    0.63    0.24    0.24
    21.75    37.75    2061    2.48    1.19    0.68    0.26    0.26
    21.75    37.75    2062    1.86    0.86    0.50    0.22    0.21
    21.75    37.75    2063    1.41    0.82    0.50    0.16    0.15
    21.75    37.75    2064    1.97    1.19    0.72    0.20    0.20
    21.75    37.75    2065    2.25    1.34    0.81    0.22    0.23
    21.75    37.75    2066    2.42    1.44    0.94    0.23    0.24
    21.75    37.75    2067    2.45    1.46    0.93    0.23    0.25
    21.75    37.75    2068    1.90    0.99    0.68    0.21    0.20
    21.75    37.75    2069    2.13    1.13    0.77    0.22    0.22
    21.75    37.75    2070    2.06    1.09    0.74    0.22    0.22
    21.75    37.75    2071    1.89    1.00    0.68    0.21    0.20
    21.75    37.75    2072    2.21    1.17    0.76    0.23    0.23
    21.75    37.75    2073    2.47    1.29    0.85    0.24    0.25
    21.75    37.75    2074    2.04    0.99    0.60    0.22    0.22
    21.75    37.75    2075    2.39    1.18    0.73    0.24    0.26
    21.75    37.75    2076    2.55    1.26    0.80    0.25    0.27
    21.75    37.75    2077    0.10    0.06    0.04    0.01    0.00
    21.75    37.75    2078    0.34    0.44    0.39    0.04    0.04
    21.75    37.75    2079    0.63    0.74    0.66    0.07    0.06
    21.75    37.75    2080    0.93    1.03    0.89    0.09    0.08
    21.75    37.75    2081    1.30    1.36    1.08    0.12    0.10
    21.75    37.75    2082    0.73    0.74    0.59    0.08    0.07
    21.75    37.75    2083    0.92    0.88    0.67    0.10    0.08
    21.75    37.75    2084    1.18    1.10    0.81    0.12    0.10
    21.75    37.75    2085    0.90    0.99    0.50    0.09    0.08
    21.75    37.75    2086    1.58    1.51    0.76    0.14    0.15
    21.75    37.75    2087    1.68    1.53    0.83    0.15    0.16
    21.75    37.75    2088    1.64    1.43    0.79    0.15    0.16
    21.75    37.75    2089    1.43    1.16    0.70    0.15    0.14
    21.75    37.75    2090    2.13    1.76    1.01    0.18    0.21
    21.75    37.75    2091    1.43    1.03    0.65    0.15    0.16
    21.75    37.75    2092    1.80    1.31    0.73    0.17    0.20
    21.75    37.75    2093    1.64    1.15    0.70    0.17    0.17
    21.75    37.75    2094    1.52    1.06    0.65    0.16    0.16
    21.75    37.75    2095    2.35    1.67    0.94    0.20    0.24
    21.75    37.75    2096    0.96    0.64    0.62    0.10    0.10
    21.75    37.75    2097    0.29    0.22    0.17    0.03    0.02
    21.75    37.75    2098    0.33    0.32    0.28    0.04    0.03
    21.75    37.75    2099    0.61    0.56    0.49    0.07    0.06
    21.75    37.75    2100    0.59    0.54    0.51    0.07    0.06
    21.75    37.75    2101    0.68    0.61    0.56    0.08    0.07
    21.75    37.75    2102    1.12    0.96    0.85    0.11    0.10
    21.75    37.75    2103    1.52    1.28    1.10    0.14    0.12
    21.75    37.75    2104    0.96    0.68    0.47    0.11    0.09
    21.75    37.75    2105    1.61    1.50    0.69    0.14    0.17
    21.75    37.75    2106    1.78    1.51    0.78    0.16    0.17
    21.75    37.75    2107    1.13    0.97    0.46    0.11    0.10
    21.75    37.75    2108    1.87    2.10    1.47    0.15    0.15
    21.75    37.75    2109    2.17    2.08    1.36    0.17    0.18
    21.75    37.75    2110    1.82    1.68    0.92    0.16    0.18
    21.75    37.75    2111    2.41    2.12    1.16    0.19    0.24
    21.75    37.75    2112    0.42    0.61    0.39    0.04    0.04
    21.75    37.75    2113    0.76    0.86    0.58    0.08    0.07
    21.75    37.75    2114    1.21    1.31    0.91    0.11    0.11
    21.75    37.75    2115    0.77    0.99    0.74    0.08    0.07
    21.75    37.75    2116    1.23    1.36    0.97    0.11    0.10
    21.75    37.75    2117    0.86    0.88    0.45    0.09    0.07
    21.75    37.75    2118    1.48    1.94    1.36    0.12    0.12
    21.75    37.75    2119    1.43    1.56    1.10    0.12    0.12
    21.75    37.75    2120    2.08    2.44    1.29    0.16    0.20
    21.75    37.75    2121    1.26    1.16    0.71    0.12    0.13
    21.75    37.75    2122    1.70    1.51    0.83    0.15    0.17
    21.75    37.75    2123    2.09    2.04    1.34    0.17    0.19
    21.75    37.75    2124    1.85    1.64    1.06    0.16    0.18
    21.75    37.75    2125    2.66    2.27    1.37    0.20    0.26
    21.75    37.75    2126    0.83    0.71    0.58    0.09    0.08
    21.75    37.75    2127    0.83    0.67    0.46    0.10    0.08
    21.75    37.75    2128    0.64    0.67    0.58    0.07    0.07
    21.75    37.75    2129    1.05    0.92    0.76    0.11    0.10
    21.75    37.75    2130    0.93    0.81    0.69    0.10    0.09
