      Lon      Lat    Year    VegC LitterC   SoilC     HarvSlowC Total-slow     Total
     9.75    49.75    1980   2.188   0.963   4.032      0.135334      7.182     7.318
     9.75    49.75    1981   2.176   0.960   4.034      0.138479      7.169     7.308
     9.75    49.75    1982   2.183   0.957   4.038      0.140267      7.178     7.318
     9.75    49.75    1983   2.212   0.941   4.039      0.143155      7.191     7.335
     9.75    49.75    1984   2.218   0.949   4.042      0.147030      7.209     7.357
     9.75    49.75    1985   2.232   0.951   4.045      0.150566      7.228     7.379
     9.75    49.75    1986   2.205   0.958   4.051      0.153868      7.214     7.367
     9.75    49.75    1987   2.244   0.951   4.054      0.155200      7.248     7.404
     9.75    49.75    1988   2.125   0.937   4.052      0.159904      7.114     7.274
     9.75    49.75    1989   2.110   0.929   4.053      0.160518      7.091     7.252
     9.75    49.75    1990   2.122   0.919   4.055      0.164483      7.095     7.260
     9.75    49.75    1991   2.166   0.912   4.053      0.166685      7.132     7.298
     9.75    49.75    1992   2.170   0.916   4.053      0.169818      7.139     7.309
     9.75    49.75    1993   2.205   0.915   4.058      0.170591      7.177     7.348
     9.75    49.75    1994   2.203   0.900   4.056      0.172676      7.159     7.332
     9.75    49.75    1995   2.195   0.896   4.058      0.173011      7.149     7.322
     9.75    49.75    1996   2.193   0.891   4.058      0.177113      7.142     7.319
     9.75    49.75    1997   2.254   0.892   4.061      0.178759      7.207     7.386
     9.75    49.75    1998   2.256   0.889   4.060      0.183105      7.205     7.388
     9.75    49.75    1999   2.254   0.874   4.057      0.184480      7.185     7.370
     9.75    49.75    2000   2.317   0.857   4.053      0.184086      7.226     7.411
     9.75    49.75    2001   2.318   0.861   4.054      0.189530      7.233     7.422
     9.75    49.75    2002   2.265   0.856   4.054      0.191634      7.174     7.366
     9.75    49.75    2003   2.313   0.859   4.056      0.193179      7.228     7.422
     9.75    49.75    2004   2.339   0.859   4.057      0.197433      7.254     7.452
     9.75    49.75    2005   2.358   0.855   4.055      0.200901      7.268     7.469
     9.75    49.75    2006   2.352   0.847   4.053      0.204273      7.252     7.456
     9.75    49.75    2007   2.389   0.841   4.053      0.204047      7.283     7.487
     9.75    49.75    2008   2.360   0.826   4.049      0.207211      7.235     7.442
     9.75    49.75    2009   2.366   0.872   4.050      0.205873      7.287     7.493
     9.75    49.75    2010   2.365   0.889   4.048      0.211840      7.302     7.514
     9.75    49.75    2011   2.272   0.906   4.046      0.227337      7.224     7.451
     9.75    49.75    2012   2.232   0.903   4.044      0.232055      7.179     7.411
     9.75    49.75    2013   2.236   0.905   4.045      0.235851      7.187     7.423
     9.75    49.75    2014   2.213   0.898   4.043      0.242566      7.154     7.397
     9.75    49.75    2015   2.222   0.896   4.042      0.249268      7.160     7.409
     9.75    49.75    2016   2.230   0.901   4.041      0.259096      7.172     7.431
     9.75    49.75    2017   2.184   0.914   4.040      0.267464      7.137     7.405
     9.75    49.75    2018   2.214   0.914   4.041      0.270948      7.169     7.440
     9.75    49.75    2019   2.230   0.906   4.041      0.275146      7.177     7.452
     9.75    49.75    2020   2.084   0.963   4.036      0.278336      7.083     7.361
     9.75    49.75    2021   2.105   0.958   4.035      0.284110      7.099     7.383
     9.75    49.75    2022   2.133   0.961   4.037      0.288198      7.131     7.419
     9.75    49.75    2023   2.082   0.980   4.034      0.296488      7.096     7.392
     9.75    49.75    2024   2.131   0.968   4.032      0.297516      7.132     7.429
     9.75    49.75    2025   2.143   0.976   4.036      0.303326      7.155     7.458
     9.75    49.75    2026   2.129   0.962   4.035      0.306696      7.126     7.433
     9.75    49.75    2027   2.127   0.944   4.035      0.307237      7.107     7.415
     9.75    49.75    2028   2.055   0.935   4.036      0.313155      7.026     7.339
     9.75    49.75    2029   2.137   0.909   4.032      0.309328      7.078     7.388
     9.75    49.75    2030   2.066   0.925   4.030      0.310405      7.020     7.331
     9.75    49.75    2031   2.128   0.918   4.031      0.309213      7.077     7.386
     9.75    49.75    2032   2.054   0.910   4.028      0.316828      6.992     7.309
     9.75    49.75    2033   2.093   0.891   4.024      0.316943      7.008     7.325
     9.75    49.75    2034   2.136   0.886   4.023      0.318583      7.045     7.363
     9.75    49.75    2035   2.090   0.885   4.022      0.326485      6.996     7.323
     9.75    49.75    2036   2.059   0.877   4.019      0.328394      6.954     7.283
     9.75    49.75    2037   2.040   0.868   4.018      0.331662      6.927     7.258
     9.75    49.75    2038   2.096   0.850   4.015      0.329255      6.960     7.290
     9.75    49.75    2039   2.161   0.853   4.017      0.332280      7.031     7.364
     9.75    49.75    2040   2.154   0.859   4.016      0.342537      7.029     7.372
     9.75    49.75    2041   2.137   0.887   4.020      0.359292      7.044     7.403
     9.75    49.75    2042   2.131   0.889   4.020      0.365127      7.040     7.405
     9.75    49.75    2043   2.015   0.881   4.019      0.373003      6.916     7.289
     9.75    49.75    2044   2.065   0.860   4.019      0.371164      6.943     7.315
     9.75    49.75    2045   2.014   0.842   4.016      0.373623      6.872     7.245
     9.75    49.75    2046   1.987   0.892   4.013      0.373887      6.892     7.266
     9.75    49.75    2047   1.985   0.903   4.019      0.378831      6.907     7.286
     9.75    49.75    2048   1.947   0.885   4.017      0.385502      6.848     7.234
     9.75    49.75    2049   1.909   0.860   4.013      0.384375      6.782     7.166
     9.75    49.75    2050   1.931   0.861   4.010      0.381291      6.801     7.183
     9.75    49.75    2051   1.989   0.831   4.003      0.380824      6.823     7.204
     9.75    49.75    2052   1.983   0.855   4.000      0.384273      6.839     7.223
     9.75    49.75    2053   2.051   0.849   4.000      0.386936      6.900     7.287
     9.75    49.75    2054   1.871   0.839   3.994      0.399173      6.704     7.104
     9.75    49.75    2055   1.918   0.813   3.988      0.400586      6.719     7.120
     9.75    49.75    2056   1.834   0.782   3.980      0.401245      6.596     6.997
     9.75    49.75    2057   1.768   0.815   3.970      0.404871      6.552     6.957
     9.75    49.75    2058   1.866   0.789   3.961      0.403068      6.617     7.020
     9.75    49.75    2059   1.860   0.775   3.954      0.402449      6.589     6.991
     9.75    49.75    2060   1.822   0.764   3.948      0.408044      6.534     6.942
     9.75    49.75    2061   1.876   0.739   3.943      0.405720      6.558     6.964
     9.75    49.75    2062   1.945   0.721   3.934      0.403437      6.600     7.004
     9.75    49.75    2063   1.958   0.730   3.933      0.410474      6.621     7.031
     9.75    49.75    2064   1.949   0.753   3.932      0.425910      6.634     7.060
     9.75    49.75    2065   1.896   0.767   3.930      0.438788      6.594     7.032
     9.75    49.75    2066   1.892   0.754   3.925      0.444496      6.570     7.015
     9.75    49.75    2067   1.901   0.738   3.920      0.444296      6.559     7.003
     9.75    49.75    2068   1.847   0.714   3.913      0.445165      6.474     6.919
     9.75    49.75    2069   1.826   0.704   3.908      0.442165      6.439     6.881
     9.75    49.75    2070   1.918   0.685   3.907      0.437555      6.509     6.947
     9.75    49.75    2071   1.928   0.673   3.901      0.439285      6.502     6.941
     9.75    49.75    2072   1.987   0.668   3.896      0.438399      6.551     6.989
     9.75    49.75    2073   1.936   0.734   3.890      0.441331      6.559     7.000
     9.75    49.75    2074   1.845   0.722   3.888      0.443663      6.456     6.900
     9.75    49.75    2075   1.901   0.690   3.882      0.440454      6.473     6.914
     9.75    49.75    2076   1.977   0.688   3.882      0.440488      6.547     6.988
     9.75    49.75    2077   1.837   0.674   3.875      0.446500      6.386     6.833
     9.75    49.75    2078   1.888   0.676   3.872      0.447752      6.437     6.884
     9.75    49.75    2079   1.904   0.662   3.868      0.447156      6.435     6.882
     9.75    49.75    2080   1.937   0.643   3.863      0.444303      6.443     6.887
     9.75    49.75    2081   1.881   0.662   3.858      0.444213      6.400     6.844
     9.75    49.75    2082   1.903   0.647   3.859      0.442512      6.409     6.852
     9.75    49.75    2083   1.969   0.633   3.856      0.442575      6.458     6.900
     9.75    49.75    2084   1.942   0.640   3.855      0.448233      6.437     6.885
     9.75    49.75    2085   1.833   0.617   3.851      0.447398      6.301     6.749
     9.75    49.75    2086   1.889   0.598   3.844      0.442311      6.332     6.774
     9.75    49.75    2087   1.945   0.579   3.839      0.440269      6.364     6.804
     9.75    49.75    2088   2.020   0.579   3.838      0.439469      6.437     6.877
     9.75    49.75    2089   1.916   0.582   3.832      0.444805      6.329     6.774
     9.75    49.75    2090   2.000   0.571   3.829      0.445986      6.401     6.847
     9.75    49.75    2091   2.034   0.584   3.827      0.451190      6.446     6.897
     9.75    49.75    2092   1.991   0.588   3.825      0.456142      6.404     6.860
     9.75    49.75    2093   1.981   0.656   3.819      0.453366      6.457     6.910
     9.75    49.75    2094   1.980   0.660   3.823      0.457560      6.462     6.920
     9.75    49.75    2095   1.974   0.656   3.822      0.464432      6.451     6.915
     9.75    49.75    2096   2.009   0.645   3.821      0.463340      6.475     6.938
     9.75    49.75    2097   1.903   0.628   3.817      0.464500      6.347     6.812
     9.75    49.75    2098   1.901   0.599   3.813      0.462365      6.312     6.774
     9.75    49.75    2099   1.973   0.575   3.807      0.457038      6.356     6.813
     9.75    49.75    2100   1.979   0.569   3.802      0.457190      6.350     6.807
     9.75    49.75    2101   1.956   0.554   3.795      0.455416      6.306     6.761
     9.75    49.75    2102   1.979   0.594   3.791      0.454740      6.364     6.819
     9.75    49.75    2103   1.918   0.618   3.789      0.462764      6.325     6.788
     9.75    49.75    2104   1.771   0.637   3.790      0.477555      6.198     6.675
     9.75    49.75    2105   1.802   0.610   3.784      0.471948      6.196     6.668
     9.75    49.75    2106   1.898   0.607   3.786      0.469161      6.291     6.761
     9.75    49.75    2107   1.772   0.604   3.782      0.472542      6.158     6.631
     9.75    49.75    2108   1.749   0.606   3.784      0.479825      6.139     6.619
     9.75    49.75    2109   1.782   0.603   3.783      0.479605      6.169     6.648
     9.75    49.75    2110   1.798   0.590   3.783      0.480069      6.171     6.651
     9.75    49.75    2111   1.800   0.593   3.781      0.484213      6.174     6.659
     9.75    49.75    2112   1.825   0.594   3.785      0.484105      6.203     6.687
     9.75    49.75    2113   1.858   0.595   3.784      0.486199      6.238     6.724
     9.75    49.75    2114   1.803   0.608   3.787      0.488977      6.198     6.687
     9.75    49.75    2115   1.789   0.577   3.787      0.484608      6.153     6.637
     9.75    49.75    2116   1.810   0.560   3.782      0.481365      6.152     6.634
     9.75    49.75    2117   1.806   0.555   3.782      0.482929      6.143     6.626
     9.75    49.75    2118   1.869   0.573   3.784      0.481011      6.226     6.707
     9.75    49.75    2119   1.780   0.569   3.781      0.481602      6.129     6.611
     9.75    49.75    2120   1.872   0.555   3.782      0.480178      6.209     6.689
     9.75    49.75    2121   1.899   0.579   3.783      0.481474      6.260     6.741
     9.75    49.75    2122   1.838   0.582   3.787      0.485823      6.207     6.693
     9.75    49.75    2123   1.887   0.571   3.785      0.488605      6.243     6.732
     9.75    49.75    2124   1.935   0.578   3.790      0.486402      6.303     6.789
     9.75    49.75    2125   1.838   0.658   3.793      0.493368      6.288     6.782
     9.75    49.75    2126   1.796   0.696   3.797      0.493246      6.289     6.783
     9.75    49.75    2127   1.673   0.722   3.797      0.491413      6.192     6.683
     9.75    49.75    2128   1.709   0.679   3.796      0.486282      6.184     6.671
     9.75    49.75    2129   1.761   0.661   3.794      0.481429      6.216     6.698
     9.75    49.75    2130   1.759   0.646   3.795      0.479904      6.200     6.680
    13.75    55.75    1980   3.042   1.829   4.590      0.149010      9.461     9.610
    13.75    55.75    1981   2.950   1.802   4.594      0.150674      9.347     9.497
    13.75    55.75    1982   2.937   1.781   4.597      0.152907      9.315     9.468
    13.75    55.75    1983   2.958   1.760   4.597      0.154288      9.314     9.468
    13.75    55.75    1984   3.002   1.763   4.599      0.156762      9.363     9.520
    13.75    55.75    1985   3.027   1.765   4.604      0.161130      9.396     9.558
    13.75    55.75    1986   3.013   1.784   4.613      0.165495      9.410     9.576
    13.75    55.75    1987   3.030   1.763   4.618      0.167887      9.411     9.579
    13.75    55.75    1988   3.058   1.733   4.617      0.170652      9.408     9.579
    13.75    55.75    1989   3.039   1.734   4.620      0.174826      9.393     9.568
    13.75    55.75    1990   3.083   1.726   4.625      0.177000      9.434     9.611
    13.75    55.75    1991   3.075   1.720   4.627      0.180510      9.422     9.603
    13.75    55.75    1992   3.089   1.711   4.629      0.182971      9.430     9.613
    13.75    55.75    1993   3.156   1.716   4.634      0.186589      9.507     9.693
    13.75    55.75    1994   3.175   1.714   4.636      0.193556      9.525     9.718
    13.75    55.75    1995   3.142   1.710   4.637      0.198172      9.490     9.688
    13.75    55.75    1996   3.170   1.698   4.638      0.200077      9.507     9.707
    13.75    55.75    1997   3.189   1.692   4.640      0.205026      9.521     9.726
    13.75    55.75    1998   3.199   1.686   4.641      0.210923      9.527     9.738
    13.75    55.75    1999   3.213   1.688   4.643      0.215437      9.543     9.758
    13.75    55.75    2000   3.084   1.681   4.644      0.219900      9.409     9.629
    13.75    55.75    2001   3.150   1.684   4.649      0.221785      9.483     9.705
    13.75    55.75    2002   3.113   1.692   4.655      0.229327      9.459     9.688
    13.75    55.75    2003   3.136   1.686   4.656      0.232344      9.478     9.711
    13.75    55.75    2004   3.126   1.745   4.655      0.236992      9.525     9.762
    13.75    55.75    2005   2.903   1.841   4.655      0.243930      9.398     9.642
    13.75    55.75    2006   2.991   1.819   4.656      0.246620      9.466     9.713
    13.75    55.75    2007   2.844   1.820   4.660      0.255327      9.324     9.580
    13.75    55.75    2008   2.923   1.777   4.657      0.255562      9.357     9.613
    13.75    55.75    2009   2.942   1.766   4.658      0.259697      9.365     9.625
    13.75    55.75    2010   2.849   1.755   4.659      0.264683      9.262     9.527
    13.75    55.75    2011   2.870   1.722   4.658      0.261121      9.249     9.510
    13.75    55.75    2012   2.995   1.690   4.659      0.257743      9.344     9.602
    13.75    55.75    2013   3.070   1.675   4.659      0.259363      9.404     9.663
    13.75    55.75    2014   3.029   1.668   4.659      0.261981      9.355     9.617
    13.75    55.75    2015   2.978   1.643   4.659      0.258264      9.280     9.538
    13.75    55.75    2016   3.075   1.600   4.657      0.253988      9.331     9.585
    13.75    55.75    2017   3.182   1.581   4.654      0.255840      9.416     9.672
    13.75    55.75    2018   3.207   1.582   4.652      0.260041      9.442     9.702
    13.75    55.75    2019   3.195   1.567   4.647      0.262494      9.409     9.672
    13.75    55.75    2020   3.177   1.537   4.643      0.261322      9.357     9.618
    13.75    55.75    2021   3.214   1.520   4.640      0.261393      9.374     9.636
    13.75    55.75    2022   3.294   1.505   4.636      0.262960      9.435     9.698
    13.75    55.75    2023   3.294   1.497   4.633      0.266559      9.424     9.691
    13.75    55.75    2024   3.321   1.480   4.627      0.268563      9.427     9.696
    13.75    55.75    2025   3.449   1.485   4.630      0.269317      9.565     9.834
    13.75    55.75    2026   3.434   1.495   4.631      0.278481      9.560     9.838
    13.75    55.75    2027   3.525   1.487   4.631      0.281389      9.643     9.924
    13.75    55.75    2028   3.607   1.493   4.632      0.288644      9.733    10.021
    13.75    55.75    2029   3.607   1.491   4.632      0.295633      9.729    10.025
    13.75    55.75    2030   3.468   1.590   4.634      0.297534      9.692     9.989
    13.75    55.75    2031   3.476   1.578   4.637      0.301906      9.692     9.993
    13.75    55.75    2032   3.543   1.549   4.632      0.308074      9.724    10.032
    13.75    55.75    2033   3.551   1.558   4.633      0.317125      9.742    10.059
    13.75    55.75    2034   3.509   1.560   4.633      0.331131      9.702    10.033
    13.75    55.75    2035   3.566   1.561   4.635      0.338759      9.763    10.101
    13.75    55.75    2036   3.500   1.552   4.637      0.346607      9.690    10.036
    13.75    55.75    2037   3.620   1.536   4.637      0.349317      9.794    10.143
    13.75    55.75    2038   3.577   1.544   4.640      0.361227      9.761    10.123
    13.75    55.75    2039   3.624   1.527   4.638      0.365353      9.790    10.155
    13.75    55.75    2040   3.690   1.512   4.637      0.367825      9.839    10.207
    13.75    55.75    2041   3.689   1.511   4.639      0.371712      9.839    10.211
    13.75    55.75    2042   3.593   1.511   4.641      0.378360      9.745    10.124
    13.75    55.75    2043   3.623   1.495   4.641      0.378619      9.759    10.138
    13.75    55.75    2044   3.728   1.484   4.640      0.380654      9.851    10.232
    13.75    55.75    2045   3.589   1.494   4.639      0.391502      9.722    10.113
    13.75    55.75    2046   3.538   1.493   4.638      0.400853      9.669    10.070
    13.75    55.75    2047   3.625   1.486   4.638      0.402991      9.749    10.152
    13.75    55.75    2048   3.685   1.479   4.638      0.409646      9.802    10.212
    13.75    55.75    2049   3.735   1.489   4.637      0.417871      9.861    10.279
    13.75    55.75    2050   3.640   1.505   4.640      0.430095      9.785    10.215
    13.75    55.75    2051   3.612   1.475   4.635      0.431917      9.723    10.155
    13.75    55.75    2052   3.730   1.460   4.636      0.431919      9.826    10.258
    13.75    55.75    2053   3.677   1.461   4.633      0.437152      9.772    10.209
    13.75    55.75    2054   3.605   1.521   4.628      0.451439      9.754    10.206
    13.75    55.75    2055   3.494   1.517   4.622      0.463542      9.633    10.097
    13.75    55.75    2056   3.448   1.510   4.620      0.470826      9.578    10.049
    13.75    55.75    2057   3.523   1.482   4.612      0.471493      9.617    10.088
    13.75    55.75    2058   3.552   1.534   4.608      0.480430      9.695    10.175
    13.75    55.75    2059   3.573   1.558   4.616      0.489466      9.747    10.237
    13.75    55.75    2060   3.578   1.555   4.615      0.505684      9.748    10.254
    13.75    55.75    2061   3.636   1.557   4.617      0.511757      9.811    10.322
    13.75    55.75    2062   3.512   1.563   4.616      0.527983      9.691    10.219
    13.75    55.75    2063   3.533   1.559   4.617      0.534663      9.710    10.244
    13.75    55.75    2064   3.389   1.606   4.619      0.550459      9.614    10.165
    13.75    55.75    2065   3.448   1.593   4.622      0.554611      9.662    10.216
    13.75    55.75    2066   3.382   1.580   4.623      0.561796      9.585    10.146
    13.75    55.75    2067   3.435   1.564   4.625      0.560338      9.624    10.185
    13.75    55.75    2068   3.433   1.608   4.624      0.563871      9.665    10.229
    13.75    55.75    2069   3.505   1.598   4.628      0.568987      9.731    10.300
    13.75    55.75    2070   3.509   1.604   4.629      0.583105      9.743    10.326
    13.75    55.75    2071   3.487   1.601   4.629      0.595980      9.717    10.313
    13.75    55.75    2072   3.432   1.589   4.627      0.608187      9.648    10.256
    13.75    55.75    2073   3.310   1.580   4.626      0.619096      9.517    10.136
    13.75    55.75    2074   3.420   1.555   4.625      0.620045      9.601    10.221
    13.75    55.75    2075   3.380   1.547   4.622      0.625410      9.548    10.174
    13.75    55.75    2076   3.477   1.523   4.622      0.622839      9.622    10.245
    13.75    55.75    2077   3.499   1.504   4.621      0.623359      9.625    10.248
    13.75    55.75    2078   3.583   1.500   4.617      0.626785      9.700    10.327
    13.75    55.75    2079   3.544   1.536   4.623      0.649553      9.703    10.353
    13.75    55.75    2080   3.422   1.556   4.627      0.668838      9.605    10.273
    13.75    55.75    2081   3.347   1.558   4.628      0.684250      9.533    10.217
    13.75    55.75    2082   3.407   1.545   4.632      0.684711      9.585    10.269
    13.75    55.75    2083   3.479   1.533   4.630      0.689446      9.642    10.332
    13.75    55.75    2084   3.509   1.537   4.630      0.695314      9.675    10.371
    13.75    55.75    2085   3.445   1.543   4.636      0.703422      9.624    10.328
    13.75    55.75    2086   3.322   1.629   4.636      0.704809      9.587    10.292
    13.75    55.75    2087   3.267   1.603   4.640      0.704101      9.511    10.215
    13.75    55.75    2088   3.440   1.576   4.642      0.698142      9.658    10.356
    13.75    55.75    2089   3.350   1.576   4.642      0.703568      9.569    10.272
    13.75    55.75    2090   3.340   1.549   4.636      0.709856      9.526    10.235
    13.75    55.75    2091   3.382   1.605   4.638      0.714458      9.625    10.340
    13.75    55.75    2092   3.385   1.597   4.639      0.723080      9.621    10.344
    13.75    55.75    2093   3.184   1.644   4.638      0.739180      9.466    10.205
    13.75    55.75    2094   3.295   1.591   4.637      0.732736      9.523    10.256
    13.75    55.75    2095   3.252   1.576   4.639      0.731674      9.467    10.198
    13.75    55.75    2096   3.336   1.562   4.641      0.734875      9.539    10.274
    13.75    55.75    2097   3.378   1.532   4.635      0.735870      9.546    10.282
    13.75    55.75    2098   3.458   1.492   4.627      0.736049      9.577    10.313
    13.75    55.75    2099   3.416   1.488   4.624      0.738192      9.528    10.266
    13.75    55.75    2100   3.545   1.456   4.622      0.730976      9.622    10.353
    13.75    55.75    2101   3.656   1.435   4.615      0.729042      9.706    10.435
    13.75    55.75    2102   3.699   1.425   4.608      0.735328      9.732    10.468
    13.75    55.75    2103   3.598   1.430   4.606      0.747594      9.634    10.381
    13.75    55.75    2104   3.733   1.405   4.603      0.744572      9.741    10.486
    13.75    55.75    2105   3.720   1.402   4.596      0.749982      9.717    10.467
    13.75    55.75    2106   3.773   1.397   4.595      0.749928      9.765    10.514
    13.75    55.75    2107   3.634   1.405   4.595      0.759630      9.634    10.394
    13.75    55.75    2108   3.753   1.380   4.589      0.757713      9.722    10.479
    13.75    55.75    2109   3.808   1.400   4.590      0.760096      9.798    10.558
    13.75    55.75    2110   3.710   1.406   4.594      0.764310      9.709    10.474
    13.75    55.75    2111   3.770   1.374   4.593      0.760148      9.737    10.497
    13.75    55.75    2112   3.801   1.380   4.596      0.762611      9.777    10.540
    13.75    55.75    2113   3.844   1.384   4.594      0.773086      9.822    10.595
    13.75    55.75    2114   3.918   1.382   4.592      0.769186      9.892    10.661
    13.75    55.75    2115   3.812   1.409   4.600      0.777836      9.821    10.599
    13.75    55.75    2116   3.790   1.391   4.599      0.777985      9.780    10.558
    13.75    55.75    2117   3.830   1.376   4.604      0.776527      9.810    10.586
    13.75    55.75    2118   3.869   1.400   4.606      0.778908      9.875    10.654
    13.75    55.75    2119   3.759   1.417   4.607      0.786700      9.783    10.569
    13.75    55.75    2120   3.788   1.392   4.603      0.786027      9.783    10.569
    13.75    55.75    2121   3.861   1.411   4.602      0.787531      9.875    10.662
    13.75    55.75    2122   3.829   1.421   4.604      0.797271      9.854    10.652
    13.75    55.75    2123   3.643   1.405   4.604      0.795681      9.652    10.448
    13.75    55.75    2124   3.623   1.474   4.603      0.796128      9.700    10.496
    13.75    55.75    2125   3.493   1.477   4.603      0.794278      9.573    10.367
    13.75    55.75    2126   3.522   1.483   4.609      0.797664      9.614    10.411
    13.75    55.75    2127   3.547   1.468   4.603      0.797884      9.618    10.416
    13.75    55.75    2128   3.521   1.435   4.598      0.797436      9.554    10.352
    13.75    55.75    2129   3.431   1.464   4.598      0.800040      9.493    10.293
    13.75    55.75    2130   3.348   1.446   4.601      0.803933      9.394    10.198
    23.75    61.75    1980   4.616   4.717  16.665      0.650136     25.998    26.648
    23.75    61.75    1981   4.669   4.718  16.668      0.660527     26.054    26.715
    23.75    61.75    1982   4.674   4.729  16.672      0.670408     26.075    26.746
    23.75    61.75    1983   4.738   4.772  16.684      0.679147     26.193    26.873
    23.75    61.75    1984   4.539   4.827  16.675      0.695307     26.040    26.735
    23.75    61.75    1985   4.586   4.778  16.669      0.703496     26.032    26.736
    23.75    61.75    1986   4.490   4.811  16.674      0.714783     25.975    26.690
    23.75    61.75    1987   4.574   4.744  16.669      0.725526     25.987    26.713
    23.75    61.75    1988   4.539   4.698  16.656      0.737342     25.893    26.631
    23.75    61.75    1989   4.577   4.719  16.661      0.745979     25.957    26.703
    23.75    61.75    1990   4.597   4.679  16.660      0.759002     25.936    26.695
    23.75    61.75    1991   4.634   4.692  16.663      0.773478     25.989    26.763
    23.75    61.75    1992   4.602   4.786  16.660      0.782928     26.048    26.831
    23.75    61.75    1993   4.669   4.779  16.663      0.788564     26.111    26.899
    23.75    61.75    1994   4.688   4.718  16.655      0.797509     26.061    26.859
    23.75    61.75    1995   4.751   4.671  16.649      0.809426     26.071    26.880
    23.75    61.75    1996   4.738   4.670  16.646      0.824601     26.054    26.879
    23.75    61.75    1997   4.743   4.612  16.636      0.834502     25.991    26.826
    23.75    61.75    1998   4.803   4.597  16.628      0.841374     26.029    26.871
    23.75    61.75    1999   4.927   4.546  16.615      0.855144     26.087    26.942
    23.75    61.75    2000   4.958   4.541  16.606      0.868451     26.105    26.974
    23.75    61.75    2001   4.969   4.565  16.609      0.882073     26.143    27.025
    23.75    61.75    2002   5.030   4.550  16.609      0.888851     26.188    27.077
    23.75    61.75    2003   4.999   4.554  16.611      0.903026     26.165    27.068
    23.75    61.75    2004   5.094   4.459  16.591      0.910974     26.144    27.055
    23.75    61.75    2005   5.160   4.405  16.570      0.924713     26.136    27.060
    23.75    61.75    2006   5.178   4.414  16.562      0.946717     26.154    27.100
    23.75    61.75    2007   5.170   4.449  16.564      0.961537     26.183    27.144
    23.75    61.75    2008   5.297   4.384  16.551      0.973914     26.232    27.206
    23.75    61.75    2009   5.290   4.368  16.537      0.993576     26.195    27.188
    23.75    61.75    2010   5.311   4.384  16.534      1.009252     26.229    27.238
    23.75    61.75    2011   5.046   4.444  16.527      1.077530     26.018    27.095
    23.75    61.75    2012   4.989   4.440  16.514      1.112045     25.943    27.055
    23.75    61.75    2013   5.030   4.425  16.505      1.124130     25.959    27.083
    23.75    61.75    2014   5.057   4.426  16.500      1.142301     25.982    27.125
    23.75    61.75    2015   4.849   4.576  16.502      1.179613     25.927    27.107
    23.75    61.75    2016   4.817   4.482  16.478      1.204044     25.777    26.981
    23.75    61.75    2017   4.809   4.447  16.459      1.227622     25.715    26.943
    23.75    61.75    2018   4.917   4.410  16.447      1.227802     25.774    27.002
    23.75    61.75    2019   4.918   4.383  16.431      1.253707     25.732    26.985
    23.75    61.75    2020   4.914   4.385  16.427      1.264483     25.726    26.991
    23.75    61.75    2021   4.924   4.387  16.426      1.273431     25.738    27.011
    23.75    61.75    2022   4.849   4.341  16.418      1.284416     25.608    26.893
    23.75    61.75    2023   4.987   4.276  16.404      1.288451     25.667    26.956
    23.75    61.75    2024   5.090   4.285  16.401      1.291166     25.776    27.067
    23.75    61.75    2025   4.986   4.298  16.393      1.322918     25.676    26.999
    23.75    61.75    2026   4.752   4.425  16.392      1.368880     25.569    26.938
    23.75    61.75    2027   4.806   4.368  16.375      1.385672     25.550    26.935
    23.75    61.75    2028   5.002   4.301  16.357      1.382375     25.659    27.042
    23.75    61.75    2029   4.853   4.402  16.365      1.416221     25.621    27.037
    23.75    61.75    2030   4.967   4.311  16.356      1.412840     25.635    27.048
    23.75    61.75    2031   5.037   4.226  16.334      1.416590     25.597    27.013
    23.75    61.75    2032   5.029   4.205  16.321      1.435579     25.555    26.990
    23.75    61.75    2033   5.067   4.226  16.321      1.450599     25.614    27.064
    23.75    61.75    2034   5.078   4.169  16.303      1.463643     25.550    27.014
    23.75    61.75    2035   5.071   4.151  16.292      1.480002     25.514    26.994
    23.75    61.75    2036   5.177   4.121  16.285      1.488006     25.583    27.071
    23.75    61.75    2037   5.149   4.110  16.270      1.514690     25.529    27.044
    23.75    61.75    2038   5.182   4.134  16.270      1.524279     25.586    27.111
    23.75    61.75    2039   5.322   4.134  16.273      1.524486     25.729    27.253
    23.75    61.75    2040   5.331   4.156  16.274      1.550088     25.762    27.312
    23.75    61.75    2041   5.294   4.189  16.277      1.564892     25.760    27.324
    23.75    61.75    2042   5.279   4.166  16.265      1.594309     25.710    27.304
    23.75    61.75    2043   5.248   4.205  16.269      1.620805     25.723    27.343
    23.75    61.75    2044   5.144   4.174  16.253      1.652542     25.571    27.223
    23.75    61.75    2045   5.173   4.109  16.235      1.661052     25.518    27.179
    23.75    61.75    2046   5.209   4.055  16.222      1.659309     25.487    27.146
    23.75    61.75    2047   5.061   4.054  16.208      1.687099     25.324    27.011
    23.75    61.75    2048   5.170   4.086  16.197      1.682033     25.452    27.135
    23.75    61.75    2049   5.244   4.030  16.175      1.686124     25.450    27.136
    23.75    61.75    2050   5.394   3.959  16.154      1.683154     25.507    27.190
    23.75    61.75    2051   5.355   3.945  16.139      1.700464     25.439    27.139
    23.75    61.75    2052   5.367   3.920  16.120      1.720364     25.408    27.128
    23.75    61.75    2053   5.201   3.949  16.111      1.753268     25.261    27.014
    23.75    61.75    2054   5.293   3.897  16.090      1.767272     25.279    27.046
    23.75    61.75    2055   5.295   3.895  16.079      1.782892     25.269    27.052
    23.75    61.75    2056   5.374   3.901  16.074      1.790380     25.349    27.139
    23.75    61.75    2057   5.320   3.984  16.067      1.810027     25.370    27.180
    23.75    61.75    2058   5.305   3.995  16.063      1.835868     25.363    27.199
    23.75    61.75    2059   5.185   4.047  16.067      1.863688     25.298    27.162
    23.75    61.75    2060   5.273   3.965  16.053      1.859669     25.291    27.151
    23.75    61.75    2061   5.341   3.949  16.043      1.872771     25.334    27.206
    23.75    61.75    2062   5.361   3.947  16.036      1.895392     25.344    27.239
    23.75    61.75    2063   5.374   3.921  16.019      1.916565     25.314    27.230
    23.75    61.75    2064   5.273   3.888  16.002      1.944538     25.164    27.108
    23.75    61.75    2065   5.241   3.925  16.004      1.968699     25.169    27.138
    23.75    61.75    2066   5.226   3.884  15.986      1.988599     25.095    27.084
    23.75    61.75    2067   5.265   3.860  15.976      1.996040     25.101    27.097
    23.75    61.75    2068   5.235   3.887  15.965      2.005666     25.087    27.093
    23.75    61.75    2069   5.400   3.849  15.961      1.998418     25.211    27.209
    23.75    61.75    2070   5.257   3.821  15.941      2.032316     25.020    27.052
    23.75    61.75    2071   5.261   3.801  15.930      2.046119     24.992    27.038
    23.75    61.75    2072   5.241   3.745  15.908      2.061934     24.894    26.956
    23.75    61.75    2073   5.364   3.694  15.889      2.060336     24.947    27.008
    23.75    61.75    2074   5.314   3.814  15.887      2.074100     25.014    27.088
    23.75    61.75    2075   5.306   3.792  15.881      2.083057     24.979    27.062
    23.75    61.75    2076   5.251   3.778  15.855      2.090794     24.883    26.974
    23.75    61.75    2077   5.352   3.728  15.839      2.090513     24.919    27.010
    23.75    61.75    2078   5.443   3.686  15.823      2.096886     24.951    27.048
    23.75    61.75    2079   5.419   3.689  15.815      2.113359     24.923    27.037
    23.75    61.75    2080   5.366   3.720  15.817      2.134826     24.904    27.039
    23.75    61.75    2081   5.083   3.795  15.793      2.160643     24.671    26.832
    23.75    61.75    2082   5.137   3.715  15.777      2.152587     24.630    26.782
    23.75    61.75    2083   5.282   3.644  15.762      2.150506     24.687    26.838
    23.75    61.75    2084   5.381   3.580  15.737      2.150919     24.698    26.849
    23.75    61.75    2085   5.506   3.547  15.723      2.154092     24.776    26.930
    23.75    61.75    2086   5.399   3.515  15.705      2.167276     24.618    26.786
    23.75    61.75    2087   5.394   3.482  15.691      2.180901     24.567    26.748
    23.75    61.75    2088   5.400   3.476  15.678      2.192083     24.554    26.746
    23.75    61.75    2089   5.453   3.473  15.664      2.207141     24.591    26.798
    23.75    61.75    2090   5.280   3.481  15.643      2.246557     24.404    26.651
    23.75    61.75    2091   5.221   3.488  15.631      2.267807     24.340    26.608
    23.75    61.75    2092   5.085   3.554  15.617      2.274613     24.255    26.530
    23.75    61.75    2093   5.186   3.466  15.591      2.270912     24.243    26.514
    23.75    61.75    2094   5.296   3.409  15.570      2.268012     24.275    26.543
    23.75    61.75    2095   5.285   3.367  15.550      2.273972     24.203    26.477
    23.75    61.75    2096   5.294   3.392  15.550      2.288917     24.235    26.524
    23.75    61.75    2097   5.321   3.437  15.539      2.291811     24.297    26.589
    23.75    61.75    2098   5.361   3.391  15.524      2.298362     24.275    26.573
    23.75    61.75    2099   5.503   3.330  15.507      2.294328     24.341    26.635
    23.75    61.75    2100   5.566   3.292  15.485      2.296030     24.343    26.639
    23.75    61.75    2101   5.567   3.290  15.485      2.298915     24.342    26.641
    23.75    61.75    2102   5.569   3.245  15.470      2.308274     24.284    26.593
    23.75    61.75    2103   5.647   3.210  15.455      2.310981     24.312    26.623
    23.75    61.75    2104   5.720   3.233  15.456      2.316946     24.409    26.726
    23.75    61.75    2105   5.601   3.272  15.452      2.347802     24.325    26.673
    23.75    61.75    2106   5.593   3.224  15.434      2.357228     24.251    26.608
    23.75    61.75    2107   5.545   3.333  15.425      2.355403     24.303    26.658
    23.75    61.75    2108   5.593   3.308  15.416      2.365012     24.317    26.682
    23.75    61.75    2109   5.467   3.337  15.413      2.394329     24.217    26.611
    23.75    61.75    2110   5.411   3.397  15.420      2.407319     24.228    26.635
    23.75    61.75    2111   5.478   3.307  15.402      2.403697     24.186    26.590
    23.75    61.75    2112   5.385   3.289  15.393      2.418581     24.068    26.486
    23.75    61.75    2113   5.399   3.347  15.383      2.415386     24.130    26.546
    23.75    61.75    2114   5.465   3.294  15.365      2.415608     24.123    26.539
    23.75    61.75    2115   5.497   3.357  15.355      2.419158     24.209    26.629
    23.75    61.75    2116   5.353   3.329  15.348      2.429479     24.030    26.460
    23.75    61.75    2117   5.420   3.283  15.343      2.424288     24.046    26.470
    23.75    61.75    2118   5.446   3.275  15.338      2.432859     24.058    26.491
    23.75    61.75    2119   5.628   3.238  15.330      2.423567     24.195    26.619
    23.75    61.75    2120   5.599   3.216  15.320      2.430519     24.135    26.565
    23.75    61.75    2121   5.578   3.201  15.312      2.444360     24.091    26.535
    23.75    61.75    2122   5.610   3.154  15.302      2.438805     24.066    26.505
    23.75    61.75    2123   5.703   3.096  15.286      2.430986     24.085    26.516
    23.75    61.75    2124   5.683   3.152  15.271      2.431750     24.107    26.538
    23.75    61.75    2125   5.504   3.250  15.258      2.446860     24.012    26.459
    23.75    61.75    2126   5.356   3.309  15.268      2.469980     23.932    26.402
    23.75    61.75    2127   5.399   3.294  15.266      2.481418     23.959    26.441
    23.75    61.75    2128   5.369   3.267  15.252      2.503038     23.888    26.391
    23.75    61.75    2129   5.495   3.215  15.241      2.499162     23.951    26.450
    23.75    61.75    2130   5.417   3.225  15.231      2.519582     23.873    26.393
    21.75    39.75    1980   0.757   0.237   1.902      0.016658      2.896     2.913
    21.75    39.75    1981   0.543   0.389   1.897      0.016580      2.830     2.847
    21.75    39.75    1982   0.570   0.357   1.900      0.016347      2.827     2.843
    21.75    39.75    1983   0.632   0.351   1.897      0.016246      2.880     2.896
    21.75    39.75    1984   0.584   0.358   1.894      0.016059      2.837     2.853
    21.75    39.75    1985   0.573   0.330   1.899      0.016127      2.802     2.819
    21.75    39.75    1986   0.656   0.314   1.901      0.016103      2.871     2.887
    21.75    39.75    1987   0.667   0.337   1.903      0.017597      2.907     2.925
    21.75    39.75    1988   0.662   0.329   1.909      0.017783      2.900     2.917
    21.75    39.75    1989   0.623   0.319   1.913      0.017623      2.855     2.872
    21.75    39.75    1990   0.624   0.293   1.917      0.017460      2.834     2.852
    21.75    39.75    1991   0.600   0.287   1.915      0.017267      2.801     2.819
    21.75    39.75    1992   0.633   0.275   1.915      0.017072      2.823     2.840
    21.75    39.75    1993   0.637   0.276   1.912      0.016891      2.825     2.842
    21.75    39.75    1994   0.680   0.259   1.909      0.016741      2.848     2.864
    21.75    39.75    1995   0.694   0.269   1.906      0.016735      2.870     2.887
    21.75    39.75    1996   0.672   0.286   1.905      0.016729      2.863     2.880
    21.75    39.75    1997   0.694   0.282   1.904      0.016569      2.880     2.896
    21.75    39.75    1998   0.693   0.276   1.904      0.016427      2.873     2.890
    21.75    39.75    1999   0.627   0.267   1.901      0.016292      2.796     2.812
    21.75    39.75    2000   0.660   0.249   1.898      0.016140      2.807     2.823
    21.75    39.75    2001   0.650   0.255   1.893      0.016239      2.798     2.814
    21.75    39.75    2002   0.588   0.251   1.892      0.016339      2.731     2.748
    21.75    39.75    2003   0.649   0.236   1.891      0.016395      2.775     2.792
    21.75    39.75    2004   0.627   0.243   1.885      0.016974      2.755     2.772
    21.75    39.75    2005   0.643   0.239   1.885      0.017065      2.768     2.785
    21.75    39.75    2006   0.648   0.242   1.884      0.017174      2.775     2.792
    21.75    39.75    2007   0.692   0.228   1.885      0.017303      2.805     2.822
    21.75    39.75    2008   0.638   0.239   1.883      0.017537      2.760     2.778
    21.75    39.75    2009   0.688   0.221   1.885      0.017660      2.794     2.812
    21.75    39.75    2010   0.609   0.239   1.882      0.018293      2.730     2.748
    21.75    39.75    2011   0.626   0.221   1.882      0.017946      2.729     2.747
    21.75    39.75    2012   0.667   0.220   1.879      0.017967      2.766     2.784
    21.75    39.75    2013   0.649   0.227   1.877      0.017821      2.753     2.771
    21.75    39.75    2014   0.717   0.218   1.879      0.017433      2.814     2.831
    21.75    39.75    2015   0.717   0.234   1.878      0.017320      2.829     2.846
    21.75    39.75    2016   0.702   0.224   1.882      0.017239      2.807     2.824
    21.75    39.75    2017   0.671   0.217   1.883      0.016854      2.770     2.787
    21.75    39.75    2018   0.669   0.205   1.883      0.016456      2.757     2.773
    21.75    39.75    2019   0.724   0.203   1.881      0.016062      2.808     2.824
    21.75    39.75    2020   0.746   0.223   1.879      0.016087      2.848     2.864
    21.75    39.75    2021   0.715   0.226   1.880      0.015874      2.821     2.837
    21.75    39.75    2022   0.783   0.203   1.883      0.015495      2.869     2.884
    21.75    39.75    2023   0.763   0.212   1.879      0.016281      2.855     2.871
    21.75    39.75    2024   0.727   0.207   1.879      0.016049      2.813     2.829
    21.75    39.75    2025   0.735   0.202   1.877      0.015694      2.814     2.830
    21.75    39.75    2026   0.721   0.200   1.873      0.015366      2.795     2.810
    21.75    39.75    2027   0.679   0.202   1.872      0.015031      2.754     2.769
    21.75    39.75    2028   0.718   0.193   1.869      0.014712      2.780     2.795
    21.75    39.75    2029   0.717   0.206   1.865      0.014393      2.788     2.802
    21.75    39.75    2030   0.781   0.192   1.867      0.014092      2.840     2.854
    21.75    39.75    2031   0.781   0.205   1.865      0.014239      2.851     2.865
    21.75    39.75    2032   0.789   0.189   1.866      0.014645      2.844     2.859
    21.75    39.75    2033   0.777   0.197   1.864      0.014369      2.837     2.852
    21.75    39.75    2034   0.732   0.191   1.862      0.014122      2.786     2.800
    21.75    39.75    2035   0.747   0.170   1.861      0.013858      2.778     2.791
    21.75    39.75    2036   0.798   0.172   1.856      0.013615      2.826     2.840
    21.75    39.75    2037   0.803   0.182   1.852      0.013475      2.837     2.850
    21.75    39.75    2038   0.835   0.183   1.851      0.013262      2.869     2.883
    21.75    39.75    2039   0.877   0.189   1.851      0.013096      2.918     2.931
    21.75    39.75    2040   0.827   0.199   1.851      0.013270      2.876     2.889
    21.75    39.75    2041   0.799   0.183   1.853      0.013087      2.835     2.848
    21.75    39.75    2042   0.852   0.171   1.851      0.012873      2.875     2.887
    21.75    39.75    2043   0.886   0.181   1.846      0.013220      2.913     2.926
    21.75    39.75    2044   0.646   0.358   1.843      0.013012      2.848     2.861
    21.75    39.75    2045   0.707   0.319   1.849      0.012807      2.874     2.887
    21.75    39.75    2046   0.676   0.329   1.847      0.012747      2.851     2.864
    21.75    39.75    2047   0.692   0.302   1.852      0.013167      2.846     2.859
    21.75    39.75    2048   0.668   0.287   1.852      0.013020      2.806     2.819
    21.75    39.75    2049   0.627   0.272   1.850      0.012821      2.748     2.761
    21.75    39.75    2050   0.632   0.249   1.849      0.012635      2.730     2.743
    21.75    39.75    2051   0.678   0.238   1.845      0.012438      2.761     2.773
    21.75    39.75    2052   0.698   0.251   1.840      0.012715      2.789     2.801
    21.75    39.75    2053   0.688   0.246   1.842      0.013067      2.777     2.790
    21.75    39.75    2054   0.724   0.232   1.843      0.012874      2.799     2.811
    21.75    39.75    2055   0.697   0.233   1.842      0.012688      2.772     2.785
    21.75    39.75    2056   0.693   0.228   1.844      0.012501      2.765     2.777
    21.75    39.75    2057   0.669   0.223   1.842      0.012441      2.734     2.747
    21.75    39.75    2058   0.371   0.465   1.840      0.012920      2.676     2.689
    21.75    39.75    2059   0.411   0.420   1.845      0.012736      2.676     2.689
    21.75    39.75    2060   0.429   0.418   1.840      0.012559      2.687     2.699
    21.75    39.75    2061   0.476   0.403   1.842      0.012400      2.721     2.733
    21.75    39.75    2062   0.410   0.403   1.845      0.012221      2.658     2.671
    21.75    39.75    2063   0.441   0.345   1.853      0.012116      2.639     2.651
    21.75    39.75    2064   0.488   0.341   1.851      0.011939      2.681     2.693
    21.75    39.75    2065   0.477   0.340   1.852      0.011771      2.669     2.681
    21.75    39.75    2066   0.493   0.309   1.855      0.011600      2.657     2.668
    21.75    39.75    2067   0.496   0.311   1.854      0.011429      2.661     2.672
    21.75    39.75    2068   0.449   0.307   1.853      0.011266      2.610     2.621
    21.75    39.75    2069   0.460   0.277   1.854      0.011096      2.591     2.602
    21.75    39.75    2070   0.468   0.271   1.849      0.010928      2.589     2.600
    21.75    39.75    2071   0.470   0.266   1.847      0.010763      2.582     2.593
    21.75    39.75    2072   0.486   0.257   1.846      0.010600      2.589     2.599
    21.75    39.75    2073   0.535   0.238   1.846      0.010460      2.619     2.629
    21.75    39.75    2074   0.458   0.269   1.842      0.010346      2.568     2.578
    21.75    39.75    2075   0.508   0.226   1.845      0.010191      2.579     2.589
    21.75    39.75    2076   0.524   0.238   1.838      0.010062      2.601     2.611
    21.75    39.75    2077   0.444   0.279   1.837      0.009982      2.560     2.570
    21.75    39.75    2078   0.459   0.271   1.839      0.010619      2.568     2.579
    21.75    39.75    2079   0.450   0.276   1.835      0.010807      2.562     2.572
    21.75    39.75    2080   0.441   0.262   1.837      0.010674      2.540     2.550
    21.75    39.75    2081   0.495   0.244   1.836      0.010668      2.574     2.585
    21.75    39.75    2082   0.450   0.252   1.834      0.010668      2.536     2.546
    21.75    39.75    2083   0.482   0.212   1.835      0.010588      2.529     2.539
    21.75    39.75    2084   0.431   0.218   1.829      0.010505      2.478     2.489
    21.75    39.75    2085   0.230   0.321   1.827      0.010350      2.378     2.388
    21.75    39.75    2086   0.292   0.273   1.825      0.010209      2.390     2.401
    21.75    39.75    2087   0.291   0.281   1.817      0.010038      2.389     2.400
    21.75    39.75    2088   0.286   0.254   1.818      0.009863      2.357     2.367
    21.75    39.75    2089   0.287   0.256   1.816      0.009685      2.359     2.369
    21.75    39.75    2090   0.299   0.255   1.814      0.009504      2.368     2.377
    21.75    39.75    2091   0.287   0.232   1.814      0.009323      2.333     2.342
    21.75    39.75    2092   0.318   0.212   1.814      0.009219      2.343     2.353
    21.75    39.75    2093   0.296   0.206   1.810      0.009158      2.311     2.321
    21.75    39.75    2094   0.319   0.187   1.810      0.008975      2.315     2.324
    21.75    39.75    2095   0.351   0.194   1.807      0.008801      2.353     2.362
    21.75    39.75    2096   0.314   0.185   1.807      0.008798      2.306     2.315
    21.75    39.75    2097   0.197   0.229   1.805      0.008622      2.231     2.239
    21.75    39.75    2098   0.214   0.194   1.805      0.008444      2.213     2.221
    21.75    39.75    2099   0.263   0.197   1.798      0.008267      2.257     2.266
    21.75    39.75    2100   0.238   0.212   1.797      0.008093      2.247     2.255
    21.75    39.75    2101   0.286   0.179   1.802      0.007921      2.266     2.274
    21.75    39.75    2102   0.256   0.197   1.801      0.007752      2.254     2.262
    21.75    39.75    2103   0.327   0.154   1.806      0.007585      2.287     2.294
    21.75    39.75    2104   0.265   0.183   1.800      0.007425      2.248     2.255
    21.75    39.75    2105   0.343   0.137   1.805      0.007274      2.285     2.292
    21.75    39.75    2106   0.332   0.171   1.798      0.007182      2.301     2.308
    21.75    39.75    2107   0.275   0.186   1.799      0.007094      2.260     2.267
    21.75    39.75    2108   0.315   0.165   1.800      0.006978      2.279     2.286
    21.75    39.75    2109   0.337   0.167   1.798      0.006927      2.302     2.309
    21.75    39.75    2110   0.319   0.162   1.798      0.006821      2.279     2.286
    21.75    39.75    2111   0.387   0.140   1.799      0.006705      2.326     2.333
    21.75    39.75    2112   0.321   0.164   1.796      0.006829      2.282     2.289
    21.75    39.75    2113   0.359   0.125   1.799      0.006881      2.284     2.290
    21.75    39.75    2114   0.301   0.166   1.793      0.007053      2.260     2.267
    21.75    39.75    2115   0.200   0.201   1.794      0.006942      2.194     2.201
    21.75    39.75    2116   0.293   0.168   1.791      0.006809      2.253     2.259
    21.75    39.75    2117   0.264   0.203   1.785      0.006693      2.252     2.259
    21.75    39.75    2118   0.267   0.166   1.791      0.006562      2.225     2.231
    21.75    39.75    2119   0.298   0.159   1.790      0.006436      2.248     2.254
    21.75    39.75    2120   0.311   0.171   1.789      0.006314      2.271     2.277
    21.75    39.75    2121   0.306   0.153   1.790      0.006205      2.249     2.256
    21.75    39.75    2122   0.319   0.175   1.790      0.006114      2.285     2.291
    21.75    39.75    2123   0.307   0.178   1.790      0.006142      2.275     2.281
    21.75    39.75    2124   0.318   0.164   1.791      0.006006      2.273     2.279
    21.75    39.75    2125   0.379   0.167   1.791      0.005874      2.337     2.342
    21.75    39.75    2126   0.344   0.178   1.791      0.006092      2.313     2.319
    21.75    39.75    2127   0.200   0.244   1.792      0.005959      2.236     2.241
    21.75    39.75    2128   0.240   0.189   1.795      0.005822      2.224     2.230
    21.75    39.75    2129   0.294   0.193   1.790      0.005694      2.277     2.283
    21.75    39.75    2130   0.261   0.212   1.792      0.005582      2.265     2.270
