      Lon      Lat    Year       Jan       Feb       Mar       Apr       May       Jun       Jul       Aug       Sep       Oct       Nov       Dec
     9.75    49.75    1980     1.030     1.457     2.480     4.184    10.462    15.692    12.080    13.652     5.965     4.264     1.079     1.194
     9.75    49.75    1981     1.098     1.076     2.534     5.875     5.704     6.066     9.170    13.790     8.396     3.524     2.496     1.036
     9.75    49.75    1982     1.581     1.692     2.969     3.336     6.016    10.179    18.037    12.089     8.130     3.940     3.662     1.095
     9.75    49.75    1983     1.124     1.458     1.322     5.324     8.023    12.736    14.200     8.228     5.409     4.351     2.486     0.840
     9.75    49.75    1984     1.043     1.387     2.994     6.433    12.734    13.378     6.630     9.470     4.394     2.538     4.074     0.796
     9.75    49.75    1985     0.716     1.321     2.761     5.937     7.664    13.814    10.243    12.353     7.051     6.489     2.035     1.069
     9.75    49.75    1986     0.789     1.753     2.462     2.428     6.185     7.465    11.139     7.022     7.860     6.929     4.231     1.247
     9.75    49.75    1987     1.009     1.445     1.822     5.683    15.625    17.555     8.012    14.437     8.726     3.495     2.667     1.018
     9.75    49.75    1988     0.747     1.913     1.860     2.701    10.641     4.388    11.188     8.064     3.131     1.933     2.302     1.037
     9.75    49.75    1989     0.876     1.200     2.541     4.515    14.529    12.311    12.402    12.430     8.973     5.732     4.435     0.765
     9.75    49.75    1990     1.018     1.235     2.574     4.748     8.637    12.567    10.915     9.442     3.084     6.146     3.862     1.024
     9.75    49.75    1991     1.163     1.404     4.910     3.921    11.656    13.239     9.602     8.032     4.488     5.802     1.504     1.090
     9.75    49.75    1992     1.073     1.678     2.086     3.124     5.784    17.042     9.595    11.847     5.427     4.078     4.800     0.959
     9.75    49.75    1993     1.159     2.042     2.796     3.304     8.928    14.264     6.180    14.864    12.001     6.064     0.890     0.978
     9.75    49.75    1994     1.008     1.452     2.890     3.830     6.668     7.987     9.790    13.220     4.550     4.251     4.001     0.933
     9.75    49.75    1995     0.828     1.330     1.046     4.490    13.190     7.498    19.649    16.403     5.789     5.601     3.318     1.130
     9.75    49.75    1996     1.188     1.880     3.133     1.190     5.700    15.065    12.021    14.217     7.694     9.090     4.636     1.281
     9.75    49.75    1997     0.807     1.409     2.830     4.918    15.029    21.286     8.849    12.084     7.883     6.576     2.204     0.906
     9.75    49.75    1998     1.217     1.590     2.579     2.476    12.087    10.743    10.114     9.348    13.022     3.669     3.022     1.101
     9.75    49.75    1999     0.940     1.311     3.867     5.506     6.985    16.250     6.569     7.216     4.474     5.881     2.099     0.756
     9.75    49.75    2000     0.946     1.222     4.483     4.752    11.198    18.750    11.613    12.501     7.402     5.335     1.709     0.879
     9.75    49.75    2001     1.036     1.364     2.014     1.881    15.714     9.183    15.889    11.288     8.297     4.525     2.663     1.172
     9.75    49.75    2002     1.330     1.619     1.124     7.157    10.642     2.305     6.239    14.624    12.873     3.052     2.215     0.851
     9.75    49.75    2003     1.173     1.912     0.772     7.834    10.192    13.881    18.755    11.032     8.274     4.913     1.776     1.024
     9.75    49.75    2004     1.607     1.808     1.884     5.917    16.155    10.481     9.069    13.017    12.795     4.651     2.845     0.916
     9.75    49.75    2005     1.145     2.108     1.342     5.770    13.726     7.231    14.362    12.258     7.918     6.152     2.582     1.389
     9.75    49.75    2006     0.859     1.722     4.014     5.200     4.535    10.565    10.517    15.376     4.464     3.454     1.887     1.139
     9.75    49.75    2007     0.552     1.625     4.337     5.157     6.651    11.517    18.455    14.940     6.664     5.644     3.389     1.073
     9.75    49.75    2008     1.037     1.688     2.255     3.118     8.278    11.312    10.555    11.262     7.262     2.208     2.020     0.863
     9.75    49.75    2009     0.895     1.835     2.603     4.590     8.785    16.068     9.236    15.306     6.552     4.910     3.276     0.778
     9.75    49.75    2010     0.988     1.769     3.207     5.561    11.599    27.212    11.855    13.854     8.554     4.594     2.269     1.271
     9.75    49.75    2011     1.222     1.733     5.535     5.189    10.200     8.156     7.104     9.933     5.739     3.457     1.262     0.848
     9.75    49.75    2012     0.589     1.443     3.191     5.025     8.098     5.300     4.765     9.252     6.499     6.796     2.794     1.141
     9.75    49.75    2013     0.952     1.389     3.217     5.117    16.779    11.277    16.985    10.315     5.988     6.207     1.736     0.824
     9.75    49.75    2014     0.947     1.962     2.797     5.813     7.046    12.994    16.077     9.421     7.925     5.790     3.280     1.111
     9.75    49.75    2015     1.062     2.146     3.947     5.146     3.642    25.232    11.418    14.045     8.582     6.325     2.399     1.095
     9.75    49.75    2016     0.984     2.079     3.108     8.919     7.887    17.984    11.020    13.317     9.734     2.248     1.765     0.947
     9.75    49.75    2017     1.230     1.400     2.259     7.188     6.201    18.169     3.764    15.248     4.715     6.266     2.639     0.926
     9.75    49.75    2018     1.060     2.030     4.159     9.642    10.659     6.465    15.003    19.301     4.503     8.509     1.984     0.798
     9.75    49.75    2019     0.740     1.902     4.648     8.864    10.804     8.922    12.330    22.184     5.886     1.864     1.825     0.921
     9.75    49.75    2020     1.407     1.664     3.595     8.178    14.455     7.015     9.339     3.368     3.116     2.216     1.667     1.235
     9.75    49.75    2021     0.975     1.220     2.887     5.869    17.412    15.819     6.206    11.668     8.970     4.001     1.885     0.911
     9.75    49.75    2022     1.080     1.549     2.037     5.528    12.031    19.378    14.182     5.974     3.160     5.668     3.021     1.040
     9.75    49.75    2023     0.931     1.838     3.297    13.447    12.459     3.533    13.430    11.799     8.050     2.636     1.738     1.078
     9.75    49.75    2024     0.922     1.598     2.481     6.018    13.723    12.641    11.298    14.806     8.101     4.804     2.195     0.901
     9.75    49.75    2025     1.316     1.188     4.491     8.242    11.616    12.540     9.065    10.977     9.805     7.452     2.560     0.818
     9.75    49.75    2026     0.941     1.837     2.140     5.300     6.614    10.532    11.803    11.692     7.045     5.401     2.395     0.910
     9.75    49.75    2027     1.322     1.624     3.189     8.582     8.724    11.922     9.158    13.907     3.256     3.321     4.034     0.758
     9.75    49.75    2028     1.384     1.479     2.756     5.851     4.434     4.104     4.481     4.619     7.369     6.094     3.646     0.953
     9.75    49.75    2029     0.974     1.716     3.383     5.367     6.087    20.077    10.688    11.944     4.102     3.395     2.571     1.025
     9.75    49.75    2030     1.181     1.830     3.832     6.961     7.911     8.104    12.436     9.617     3.870     3.030     2.153     0.852
     9.75    49.75    2031     1.191     1.555     2.396     4.643    12.326    33.708     9.038     6.969     4.103     4.715     4.681     1.153
     9.75    49.75    2032     0.731     2.060     3.424     1.621     4.285    17.479     3.948     9.141     6.808     3.007     3.715     0.912
     9.75    49.75    2033     1.100     1.372     4.140     9.572     6.490     8.721    12.709    10.600     3.669     4.957     2.376     0.897
     9.75    49.75    2034     1.310     1.981     2.277    11.718     9.936     6.566    12.005    12.401     7.287     1.765     1.442     0.827
     9.75    49.75    2035     0.970     1.429     3.465     9.448     5.671    10.138     7.008     7.641     3.043     7.496     1.850     0.528
     9.75    49.75    2036     1.192     1.047     3.193     7.960    13.433    10.125     9.950     8.071     7.741     1.745     3.667     0.807
     9.75    49.75    2037     0.968     1.229     1.062     6.697    10.477     7.712     7.181     8.041     2.572     7.176     3.877     0.778
     9.75    49.75    2038     1.084     1.182     2.094     5.633     4.451     3.566    10.694    16.351     6.974     6.526     3.948     1.097
     9.75    49.75    2039     1.286     1.428     1.836     6.639    17.891    22.037    10.273    13.985     4.741     2.120     2.300     0.985
     9.75    49.75    2040     1.036     1.259     3.292     6.158    12.283    24.735     6.027    15.270     3.002     3.504     2.091     1.225
     9.75    49.75    2041     0.945     1.597     3.347     4.490    12.449    14.854    12.499    25.803     5.685     5.588     1.728     1.047
     9.75    49.75    2042     1.068     1.322     1.860     4.541    12.357    15.218    18.978    12.337     6.928     5.166     2.505     1.052
     9.75    49.75    2043     0.968     1.859     3.025     8.880     6.775     6.602    13.563     5.937     2.732     5.674     2.365     1.238
     9.75    49.75    2044     1.049     1.425     2.982     8.320     6.076    12.311     4.013     7.614     8.890     4.545     2.240     0.855
     9.75    49.75    2045     1.178     1.906     1.813     5.346     2.974    12.351    13.357    10.208     6.048     4.438     2.056     0.999
     9.75    49.75    2046     0.886     1.802     3.279     9.575    10.861     5.271    10.676    14.285     4.939     3.506     1.867     1.049
     9.75    49.75    2047     0.791     1.501     2.064     2.926    14.912    32.220     8.474     7.277     2.518     5.997     5.355     1.286
     9.75    49.75    2048     0.784     1.313     2.304     5.446     8.590     6.780     7.006    14.060     4.327     1.507     1.763     0.864
     9.75    49.75    2049     1.204     1.458     3.221     6.746     9.692     6.376     4.667     5.700     2.042     0.848     2.253     1.000
     9.75    49.75    2050     1.105     1.000     4.343    11.130    12.459    17.667     5.745    10.813     0.000     3.640     1.747     0.865
     9.75    49.75    2051     0.925     1.468     2.696     6.800    11.900    13.341    16.709     6.270     3.122     3.996     1.540     1.212
     9.75    49.75    2052     0.820     1.252     4.250     7.343    17.473     7.816     9.559     6.614     5.996     5.380     1.666     1.064
     9.75    49.75    2053     0.812     1.820     1.167     5.370    10.758    13.101    19.840    15.477     3.234     6.453     3.171     0.946
     9.75    49.75    2054     0.936     1.994     7.860     8.646     3.031     6.599     1.637     1.770     2.032     2.807     1.073     0.923
     9.75    49.75    2055     0.970     1.282     2.663     6.549     9.864    15.349     7.535    11.114     3.621     3.513     1.861     1.065
     9.75    49.75    2056     0.932     1.728     1.779     4.907     6.457     0.796     5.019     4.070     1.611     2.432     2.638     1.115
     9.75    49.75    2057     1.175     1.025     2.485     1.441     0.313    11.910    13.852     5.077     1.719     4.895     1.489     1.116
     9.75    49.75    2058     0.944     1.800     2.643     7.345     3.796     7.442    10.364     3.630     1.439     3.824     1.647     0.879
     9.75    49.75    2059     0.870     1.890     2.319     5.040     8.903     8.607     4.178     3.648     1.180     5.571     3.182     1.242
     9.75    49.75    2060     0.629     1.425     2.452     2.441     1.756     6.794     2.251    13.444     4.615     5.244     2.055     0.993
     9.75    49.75    2061     1.024     1.330     2.508     6.602     1.576     6.136     3.617     6.264     3.304     3.689     2.242     0.845
     9.75    49.75    2062     1.038     1.714     3.553     5.588     5.274     7.221     7.647    14.855     2.637     1.214     1.498     1.026
     9.75    49.75    2063     1.142     2.040     2.823     7.761     5.657    12.565     8.335     5.929     6.161     2.164     1.537     1.203
     9.75    49.75    2064     0.983     1.829     2.100     7.502    11.069    12.331     9.317     9.046     9.038     4.835     3.179     1.281
     9.75    49.75    2065     0.644     1.712     2.108     4.878     8.571    15.189     7.046     8.113     5.133     6.523     2.923     1.161
     9.75    49.75    2066     1.040     1.554     3.158    11.997     7.415     6.347     8.932     9.346     4.948     5.860     1.788     0.966
     9.75    49.75    2067     1.121     1.294     2.793     5.586     6.124    11.966     3.044    11.574     3.054     7.652     2.765     1.296
     9.75    49.75    2068     1.031     1.916     5.500    10.145    10.587     5.998     8.955     3.741     1.969     0.664     1.908     0.875
     9.75    49.75    2069     0.924     1.745     3.744     0.477     6.146     6.408     1.717     8.482     2.270     4.903     2.093     1.317
     9.75    49.75    2070     1.096     1.034     3.278     5.953    10.810     6.338     9.429     8.170     3.296     6.627     2.621     0.968
     9.75    49.75    2071     1.109     1.553     3.674     6.680     2.677     9.370     5.939    13.157     3.520     3.741     1.625     0.731
     9.75    49.75    2072     0.980     1.541     2.437     7.488     7.853    21.288    13.951     5.333     3.023     2.769     1.761     0.940
     9.75    49.75    2073     1.104     1.811     4.759     8.934    13.958    17.946    10.766    11.374     1.532     6.709     1.873     1.015
     9.75    49.75    2074     0.973     1.667     3.307     4.190     6.192     3.105     3.551     2.396     8.715     6.270     1.987     0.879
     9.75    49.75    2075     0.971     1.307     2.439     5.559     5.482    10.841     2.952    12.177     5.918     3.324     1.499     1.013
     9.75    49.75    2076     0.836     1.627     2.452     7.505     4.134     8.851     7.559    14.347     8.968     7.944     3.022     1.539
     9.75    49.75    2077     1.264     1.111     4.001     1.720     1.564     5.660     3.131     7.427     6.716     3.860     1.958     0.792
     9.75    49.75    2078     1.078     1.232     4.297     7.962     5.992    10.091     8.090     3.376     3.049     2.461     1.940     0.960
     9.75    49.75    2079     0.845     2.971     4.417     3.737    14.821     4.267     3.021     4.857     5.515     4.860     0.843     1.129
     9.75    49.75    2080     0.468     1.659     6.437     8.807     5.223     3.660     8.312     7.434     2.697     4.030     2.363     1.162
     9.75    49.75    2081     1.006     2.212     4.135     7.643     9.289     8.085    10.670     3.227     3.540     2.894     1.766     1.324
     9.75    49.75    2082     0.846     1.228     2.439     4.274    13.581     4.912     3.282     5.401     1.978     9.168     3.147     1.079
     9.75    49.75    2083     1.187     1.748     3.068     6.178     5.999    10.792     5.059    11.507     4.971     6.266     1.788     1.148
     9.75    49.75    2084     0.956     1.587     5.219    11.992     6.370     5.067     2.554     5.726     1.285     4.985     1.604     0.864
     9.75    49.75    2085     1.214     1.155     3.754     3.681     2.503     3.955     3.636     3.564     1.389     2.782     1.767     0.925
     9.75    49.75    2086     0.911     1.519     2.753     5.817     3.140     4.026     7.568     9.052     9.058     1.759     1.708     1.350
     9.75    49.75    2087     0.935     1.654     3.379     8.945     2.548     3.394     5.731    13.959     2.870     3.546     1.790     0.822
     9.75    49.75    2088     1.023     0.935     3.550     6.326     3.875     7.848     2.765    12.137     4.455     3.724     2.871     1.134
     9.75    49.75    2089     1.257     1.586     3.312     3.429     1.318     4.652    10.418     6.077     0.737     6.322     2.130     1.199
     9.75    49.75    2090     0.810     1.436     5.573     6.011    10.791     5.623    12.552     9.425     9.416     3.249     0.811     0.886
     9.75    49.75    2091     1.182     1.603     4.391     8.795    15.100     8.209     3.990     3.293    10.377     2.420     1.357     1.373
     9.75    49.75    2092     1.285     2.085     3.906    11.519     7.609     3.745     5.015     4.529     4.002     4.278     2.088     0.912
     9.75    49.75    2093     0.847     1.439     6.838     2.159    10.124    10.851    10.311    13.680     6.430     2.413     1.521     1.098
     9.75    49.75    2094     1.169     2.035     2.544     6.114    14.929    14.401    12.658    12.943     7.212     5.296     3.408     1.383
     9.75    49.75    2095     0.943     1.338     3.939     7.677    10.772    21.332     3.365     7.106     3.047     1.665     2.002     1.652
     9.75    49.75    2096     1.323     1.386     2.194     4.123     6.533    11.795     6.546     7.665     5.656     3.504     4.330     1.240
     9.75    49.75    2097     0.956     1.776     2.829     8.047     3.447     5.531     9.771     1.499     2.169     3.960     1.865     1.623
     9.75    49.75    2098     1.322     1.326     3.140     4.348    14.111     8.967     0.692     1.045     7.302     6.145     3.856     1.212
     9.75    49.75    2099     0.988     1.660     2.782     8.950     2.389     6.515     3.581     8.624     4.821     5.417     3.105     1.199
     9.75    49.75    2100     1.023     1.941     4.081     9.621    11.729     9.593     0.556     5.427     6.809     4.857     3.758     1.019
     9.75    49.75    2101     1.136     1.494     2.754     7.092     2.358     8.288     5.209    11.750     3.090     2.818     1.617     0.738
     9.75    49.75    2102     0.708     1.584     2.665     8.735     7.201    18.898    12.791     4.830     2.698     2.754     1.446     1.027
     9.75    49.75    2103     0.816     1.557     5.223     7.809    14.191    16.715     9.670    10.417     1.351     3.116     2.729     1.056
     9.75    49.75    2104     0.964     1.852     3.528     3.572     5.310     2.645     3.034     2.035     7.809     4.093     2.178     1.246
     9.75    49.75    2105     0.801     1.167     3.325     5.461     5.119    10.214     2.735    11.214     5.557     2.270     0.998     0.825
     9.75    49.75    2106     0.715     0.939     3.196     7.037     3.953     8.439     7.272    14.711    10.027     6.055     2.707     1.687
     9.75    49.75    2107     1.152     0.946     4.601     1.694     1.471     5.450     2.972     7.113     6.407     3.660     1.859     1.665
     9.75    49.75    2108     1.007     1.187     4.025     6.285     5.435     9.137     7.240     3.030     2.772     2.323     2.664     0.694
     9.75    49.75    2109     0.827     2.863     4.659     3.530    13.018     3.851     2.688     4.357     4.849     3.409     1.602     0.965
     9.75    49.75    2110     0.483     1.009     5.634     7.384     4.559     3.143     7.231     6.461     2.383     3.943     3.107     1.248
     9.75    49.75    2111     0.920     1.263     3.233     6.791     8.201     7.047     9.310     2.814     3.103     3.172     1.394     1.258
     9.75    49.75    2112     0.696     1.787     2.839     5.061    12.327     4.337     2.837     4.668     1.694     6.260     1.425     1.086
     9.75    49.75    2113     0.625     1.410     2.538     5.634     5.343     9.597     4.489    10.249     4.393     6.476     1.529     1.213
     9.75    49.75    2114     0.864     0.942     4.854    10.348     5.803     4.466     2.188     5.174     0.956     3.987     1.820     1.292
     9.75    49.75    2115     0.791     0.964     3.413     3.221     2.200     3.544     3.204     3.144     1.229     2.354     1.794     0.580
     9.75    49.75    2116     0.642     1.773     2.582     5.336     2.847     3.635     6.802     8.364     8.546     1.531     1.814     1.338
     9.75    49.75    2117     0.915     1.534     4.089     7.464     2.252     3.075     5.210    13.170     2.606     3.212     1.830     1.079
     9.75    49.75    2118     0.663     0.632     3.838     5.229     3.481     6.840     2.439    11.620     3.739     3.242     2.347     1.241
     9.75    49.75    2119     0.949     1.214     2.712     3.218     1.119     4.029     9.322     5.331     0.644     5.362     2.744     0.813
     9.75    49.75    2120     0.605     1.157     5.017     5.403    10.488     5.094    11.404     8.132     8.920     4.160     0.613     1.210
     9.75    49.75    2121     1.021     1.309     3.786     8.116    13.216     7.841     3.684     2.944    10.678     2.065     1.756     1.986
     9.75    49.75    2122     0.765     1.061     3.655     8.696     6.797     3.209     4.352     3.919     3.508     4.680     1.997     1.199
     9.75    49.75    2123     0.871     1.666     5.750     1.910     8.750     9.399     8.397    11.947     4.733     2.608     1.501     1.515
     9.75    49.75    2124     1.259     1.656     2.690     5.345    12.339    12.690    10.972    11.428     7.201     4.009     4.135     1.256
     9.75    49.75    2125     0.733     0.986     3.267     6.911    10.043    17.053     2.910     6.151     2.646     3.149     2.225     1.474
     9.75    49.75    2126     1.191     1.028     3.423     4.377     5.795    10.364     5.688     6.740     4.955     2.553     2.228     1.182
     9.75    49.75    2127     0.894     1.249     2.420     7.258     3.010     4.850     8.212     1.327     1.863     3.907     1.945     1.764
     9.75    49.75    2128     1.441     1.286     3.096     4.817    13.155     7.776     0.601     0.936     5.041     3.904     2.287     1.441
     9.75    49.75    2129     0.716     1.197     2.061     7.672     2.183     6.011     3.265     9.174     4.315     4.657     4.030     0.926
     9.75    49.75    2130     0.650     1.443     3.291     7.486    10.473     8.396     0.509     4.944     6.276     4.351     3.458     1.389
    13.75    55.75    1980     0.310     0.824     1.761     1.296     1.214     6.322     2.670     2.398     7.952     5.079     2.725     0.489
    13.75    55.75    1981     0.531     0.593     1.685     1.343     2.733     7.842     1.186     2.083     4.309     3.107     1.946     0.361
    13.75    55.75    1982     0.447     1.014     1.411     1.258     4.864     5.567     0.399     3.338     6.292     4.946     3.236     0.419
    13.75    55.75    1983     0.669     0.848     1.322     1.728     4.233     6.394     1.678     1.718     2.531     4.519     1.098     0.389
    13.75    55.75    1984     0.660     0.552     1.755     1.327     5.484     4.242    12.856     4.448     6.051     4.085     3.023     0.461
    13.75    55.75    1985     0.459     0.750     1.674     2.843     5.673    10.370     8.021     8.534     6.835     5.184     1.611     0.375
    13.75    55.75    1986     0.454     0.749     1.353     1.620     4.047     2.933     5.015     9.447     6.606     4.531     2.044     0.479
    13.75    55.75    1987     0.446     0.775     1.791     0.686     1.318     8.321     5.247     1.453    12.985     4.539     3.019     0.680
    13.75    55.75    1988     0.482     1.097     1.205     1.342     5.258     2.282     4.960     4.647     6.128     3.092     2.659     0.389
    13.75    55.75    1989     0.440     0.896     1.427     2.187     4.879     1.249     8.832     0.442     6.896     6.392     2.771     0.400
    13.75    55.75    1990     0.360     0.632     1.250     2.569     3.368    11.382     0.871     7.456     5.002     4.280     2.652     0.536
    13.75    55.75    1991     0.421     0.857     2.362     1.307     3.409     0.716    11.047     9.204     7.454     6.617     1.235     0.406
    13.75    55.75    1992     0.575     0.917     1.165     1.612     4.920     8.136     4.199     0.476     4.770     3.824     1.089     0.335
    13.75    55.75    1993     0.604     0.700     1.139     0.953     5.886     5.136    15.617     5.880     6.868     4.635     0.988     0.219
    13.75    55.75    1994     0.483     0.868     1.726     1.207     3.026     8.293    17.525     7.646     9.176     4.880     2.784     0.672
    13.75    55.75    1995     0.641     0.750     0.877     2.041     3.870    10.967     1.330     3.428     7.419     6.818     3.528     0.346
    13.75    55.75    1996     0.612     1.079     2.060     2.061     4.688     3.751     5.587     7.727     9.853     6.926     2.416     0.258
    13.75    55.75    1997     0.414     0.664     1.240     1.652     2.535     7.279    11.410     6.479     9.185     5.378     3.458     0.897
    13.75    55.75    1998     0.397     1.026     1.588     1.266     3.224    11.645     3.496     4.271     6.997     4.115     2.802     0.658
    13.75    55.75    1999     0.628     0.909     2.149     1.667     7.578     1.881     5.313     6.817    10.650     5.535     2.602     0.493
    13.75    55.75    2000     0.513     0.861     1.828     1.602     1.984     6.508     2.535     2.203     8.015     5.147     2.386     0.390
    13.75    55.75    2001     0.653     0.686     1.709     1.068     7.350    10.331    13.690    12.002     6.855     3.941     1.743     0.373
    13.75    55.75    2002     0.665     1.050     0.442     3.010     2.559     1.134     7.423     9.157    12.601     4.817     2.978     0.462
    13.75    55.75    2003     0.342     1.076     1.456     2.876     4.037     2.704    14.518     5.266    10.201     3.560     4.497     0.395
    13.75    55.75    2004     0.454     0.861     1.653     1.536     8.604     9.815    17.353     7.128     3.347     4.572     3.596     0.669
    13.75    55.75    2005     0.669     1.058     0.637     3.266     2.254     9.214     0.000     4.577     6.915     4.566     2.721     0.491
    13.75    55.75    2006     0.559     0.974     2.389     1.866     4.229    15.327    10.478    12.041    13.021     4.625     3.156     0.349
    13.75    55.75    2007     0.513     0.763     1.469     0.543     3.018     2.769     0.825     6.388     6.253     6.473     3.139     0.644
    13.75    55.75    2008     0.591     0.773     2.169     4.131     6.535    16.827     3.086     4.016     4.144     6.749     1.850     0.281
    13.75    55.75    2009     0.405     1.032     2.105     1.852     7.210     0.671    15.644     9.043     8.062     6.824     1.652     0.445
    13.75    55.75    2010     0.625     0.814     1.769     2.042     4.846     7.588     1.979     2.471    11.751     7.357     1.454     0.489
    13.75    55.75    2011     0.613     0.702     2.574     1.310     7.516     0.627     0.000    12.372     7.406     4.175     2.491     0.470
    13.75    55.75    2012     0.635     1.008     1.718     2.706     4.268    16.839     0.000    10.681     3.742     7.632     3.141     0.497
    13.75    55.75    2013     0.553     0.685     1.480     3.162     7.016     5.923     6.875     3.993     6.259     4.664     2.853     0.393
    13.75    55.75    2014     0.841     0.926     1.030     1.410     5.850     2.067     1.340     3.706     4.632     4.254     3.126     0.463
    13.75    55.75    2015     0.490     1.335     2.051     4.161     3.063     0.000     0.691     8.468    14.343     5.658     2.336     0.418
    13.75    55.75    2016     0.691     1.292     1.822     2.297     2.698     3.566     9.449     2.398     4.921     2.603     4.494     0.414
    13.75    55.75    2017     0.533     0.821     1.366     2.917     2.734     6.897    17.261    11.383     5.993     5.444     2.860     0.528
    13.75    55.75    2018     0.605     1.282     2.332     1.454     5.929    10.205     1.408     5.885     0.624     7.620     3.185     0.346
    13.75    55.75    2019     0.590     0.984     2.923     3.876     7.873     2.232     0.643     7.976     3.912     2.715     3.404     0.491
    13.75    55.75    2020     0.673     1.442     1.973     2.686     2.276     1.372     6.552    12.058     3.793     5.937     1.772     0.522
    13.75    55.75    2021     0.527     1.081     1.935     3.491     1.907     7.170     2.712     6.313    10.282     5.893     2.355     0.530
    13.75    55.75    2022     0.596     0.934     2.816     2.581     4.072     4.783    28.918     8.458     3.797     5.719     3.103     0.488
    13.75    55.75    2023     0.724     0.794     2.383     2.669     4.893     0.000    15.688     8.324     1.851     5.871     4.012     0.638
    13.75    55.75    2024     0.559     0.730     2.094     2.843     7.985    11.938     0.000     8.194     8.329     6.916     2.868     0.362
    13.75    55.75    2025     0.771     1.147     1.669     1.895     8.510     9.967    12.716    11.821     6.048     5.079     2.502     0.320
    13.75    55.75    2026     0.675     1.334     1.821     2.658     5.505     8.513     1.380    18.814    13.479     5.358     2.948     0.607
    13.75    55.75    2027     0.782     1.084     2.530     2.740     5.098    10.255    10.958     5.920    12.445     6.811     1.694     0.341
    13.75    55.75    2028     0.701     1.461     2.277     4.396     6.271     9.079     9.643    13.296     6.479     6.285     3.455     0.469
    13.75    55.75    2029     0.726     1.284     2.476     3.787     6.954     9.286     7.919     6.319    10.504     5.698     4.038     0.857
    13.75    55.75    2030     0.589     0.885     1.970     2.917     3.677    11.543     3.853     4.058     6.884     4.032     2.790     0.605
    13.75    55.75    2031     0.505     0.874     1.887     2.547     5.996     3.861    29.092     6.612     6.400     5.983     3.131     0.841
    13.75    55.75    2032     0.678     1.150     2.079     3.532     7.661     8.173     8.498    14.763     3.421     6.701     3.207     0.642
    13.75    55.75    2033     0.928     1.358     0.903     2.640     4.307     9.512     4.589    10.836     5.479     4.154     2.399     0.375
    13.75    55.75    2034     0.722     0.823     3.778     8.191     3.815     2.828     6.292    11.388     6.247     5.902     2.404     0.506
    13.75    55.75    2035     0.550     1.250     2.098     4.864     4.817     7.018    14.316     7.952     9.036     6.204     3.834     0.477
    13.75    55.75    2036     0.592     1.107     1.626     2.429     4.072     5.137     2.021    10.123     2.884     3.445     3.388     0.412
    13.75    55.75    2037     0.673     1.134     1.555     2.173     6.319    10.656    18.638     9.133     5.364     4.422     3.038     0.409
    13.75    55.75    2038     0.689     0.980     2.437     3.547     2.430     6.444     3.110    11.326     5.921     8.756     3.306     0.447
    13.75    55.75    2039     0.649     0.817     1.535     3.822     9.523    13.581    10.269     0.263    10.015     4.012     4.006     0.495
    13.75    55.75    2040     0.701     0.831     1.779     3.209    10.814     1.270    15.706     5.036     3.416     6.290     3.031     0.415
    13.75    55.75    2041     0.746     1.177     2.097     2.344    10.303     7.285     2.699     7.009    13.328     5.914     3.292     0.640
    13.75    55.75    2042     0.624     0.971     1.645     2.098     3.980     4.979     3.861    24.092     9.518     4.407     3.142     0.539
    13.75    55.75    2043     0.757     1.366     2.683     5.111     1.089     2.469    13.441     2.157    11.960     5.596     2.597     0.617
    13.75    55.75    2044     0.566     1.369     1.958     2.617     6.638     9.093     9.390     7.766     8.072     4.922     2.819     0.657
    13.75    55.75    2045     0.605     1.258     2.213     3.550     4.954     4.740     4.519    12.749    12.195     5.234     3.052     0.521
    13.75    55.75    2046     0.572     1.238     2.277     1.529     4.740     4.714     0.933     8.974     8.024     8.517     2.563     0.469
    13.75    55.75    2047     0.884     1.144     1.637     1.407     3.256    13.663    11.964    16.069     6.045     5.542     3.160     0.602
    13.75    55.75    2048     0.522     1.096     1.322     4.395     6.701     1.668    14.687    10.820     8.155     3.983     3.189     0.558
    13.75    55.75    2049     0.736     1.115     2.524     3.153     8.522     9.022     6.467     8.633     3.102     2.578     3.820     0.451
    13.75    55.75    2050     0.460     1.195     1.400     7.449     8.472     9.921     0.740     1.681     2.588     8.430     2.296     0.461
    13.75    55.75    2051     0.727     0.914     1.260     2.811     7.437     0.935     4.664     4.407     8.942     7.195     2.085     0.533
    13.75    55.75    2052     0.368     0.880     1.204     2.217     7.292     1.037    16.323     7.744     5.971     7.489     3.608     0.398
    13.75    55.75    2053     0.561     1.046     2.131     4.968     4.084     7.491    11.478    15.885     2.743     8.696     3.639     0.534
    13.75    55.75    2054     0.531     1.576     3.536     3.621     0.658    10.716    19.185     3.466     6.779     5.002     1.724     0.733
    13.75    55.75    2055     0.551     1.040     2.743     4.884     8.122     2.331     4.892     9.159     1.722    10.890     1.990     0.538
    13.75    55.75    2056     0.641     1.011     0.905     3.227     5.865     0.822     3.957     8.946     8.079     6.716     2.997     0.617
    13.75    55.75    2057     0.607     1.264     2.158     4.042     2.218     9.403    11.976     6.573    12.662     4.610     2.435     0.351
    13.75    55.75    2058     0.536     0.890     2.720     5.018     6.898     5.776    17.508    11.408     4.993     4.424     1.389     0.317
    13.75    55.75    2059     0.502     0.913     2.278     3.334     4.795     9.023     7.428     5.985     4.804     5.861     2.813     0.584
    13.75    55.75    2060     0.563     1.147     2.640     2.952     3.304     9.075    11.120    13.665     6.847     5.067     3.174     0.565
    13.75    55.75    2061     0.524     1.260     2.305     6.069     4.318    12.033     6.240     5.610     1.534     6.344     3.073     0.499
    13.75    55.75    2062     0.690     1.233     2.837     5.634     1.417     1.784    11.829    12.136     6.232     5.969     2.154     0.436
    13.75    55.75    2063     0.711     1.325     2.965     5.092     3.702     6.799    15.353     6.606    10.189     8.493     1.921     0.630
    13.75    55.75    2064     0.683     1.058     2.295     5.566     7.993     1.408    10.581     3.167     9.865     4.922     2.394     0.724
    13.75    55.75    2065     0.778     1.128     1.572     4.539    11.098    18.035     5.816     9.087     9.170     4.883     3.484     0.701
    13.75    55.75    2066     0.604     1.320     3.000     5.764     4.962     7.154     4.986     5.789     2.929     6.116     1.859     0.518
    13.75    55.75    2067     0.804     1.318     2.399     2.880     3.634    13.650     1.660     5.047     4.538     8.995     2.621     0.698
    13.75    55.75    2068     0.623     1.090     4.501     6.219     9.459    16.456     1.123     8.351     2.428     1.473     0.901     0.645
    13.75    55.75    2069     0.722     1.129     1.460     2.540     9.070     9.522     4.759     6.212     8.568     4.157     2.946     0.703
    13.75    55.75    2070     0.778     1.243     3.032     2.079    16.774     9.803    16.146     7.197     5.372     9.996     2.872     0.591
    13.75    55.75    2071     0.710     1.227     3.814     4.208     2.702    19.592     9.954     1.521    12.172     4.998     1.678     0.606
    13.75    55.75    2072     0.390     0.663     0.948    10.592     4.494    14.680     8.078     9.106     7.865     8.164     1.135     0.580
    13.75    55.75    2073     0.589     1.341     3.895     1.519     8.288     4.298     0.000    11.658     1.217     7.206     4.286     0.608
    13.75    55.75    2074     0.608     1.002     2.277     5.024    12.259    10.704     8.545     5.085     7.178     7.146     1.294     0.407
    13.75    55.75    2075     0.563     1.133     2.485     3.715     2.581    10.235     6.662     8.663     1.735     5.286     2.813     0.577
    13.75    55.75    2076     0.636     0.935     2.587     4.635     7.517     2.177    18.444     5.513     6.484     9.413     1.923     0.646
    13.75    55.75    2077     0.818     1.054     4.043     0.667     3.161    12.122     3.298     7.794    10.223     8.097     2.389     0.645
    13.75    55.75    2078     0.627     1.466     4.510     8.744     4.378    14.738    15.631     6.857     9.888     5.128     1.440     0.422
    13.75    55.75    2079     0.819     1.085     2.606     3.700     8.021    22.266     9.004     8.008     7.819     5.148     4.297     0.555
    13.75    55.75    2080     0.552     0.932     3.735     6.612     3.832     3.434     5.940     7.953    10.078     6.865     3.488     0.383
    13.75    55.75    2081     0.574     1.038     2.364     4.237     6.102    13.366     2.712     5.334     6.961     4.745     2.010     0.576
    13.75    55.75    2082     0.773     0.939     2.526     5.426     3.268     5.572     7.720    11.810     9.953     6.732     2.292     0.688
    13.75    55.75    2083     0.525     1.182     3.082     4.489     9.230    10.119    18.140     6.529    11.572     7.982     1.346     0.675
    13.75    55.75    2084     0.668     1.146     3.271     9.180     9.190     7.418    12.387     9.475     7.173     6.997     1.944     0.617
    13.75    55.75    2085     0.515     1.396     3.907     2.781     4.762     3.283     3.846     3.500     8.807     6.662     1.800     0.699
    13.75    55.75    2086     0.660     1.133     2.135     3.445     2.283     1.783    12.271    15.882     9.536     6.661     2.038     0.758
    13.75    55.75    2087     0.669     1.187     0.885     4.105     2.746     5.555     6.536    17.516     9.359     4.325     3.647     0.656
    13.75    55.75    2088     0.818     0.867     2.410     6.309     5.481    11.236    19.841    11.485    13.376     6.907     1.953     0.412
    13.75    55.75    2089     0.749     0.899     2.277     4.757     2.384     1.349     0.000    24.605    12.770     3.520     2.168     0.658
    13.75    55.75    2090     0.467     1.322     2.128     5.744     5.772    11.054    15.063     4.014     8.123     5.305     2.252     0.638
    13.75    55.75    2091     0.579     0.749     3.079     5.148     6.860    16.977    17.003    15.629    11.102     7.348     2.670     0.736
    13.75    55.75    2092     0.458     0.922     1.217     4.939     6.821     4.958    25.484     8.202    10.050     9.091     3.343     0.405
    13.75    55.75    2093     0.349     1.255     3.485     0.340     0.445     0.691    11.163     8.440    13.044     5.770     2.383     0.475
    13.75    55.75    2094     0.641     0.897     2.113     4.220     8.432    12.621     1.532    10.438     3.322     6.183     1.889     0.482
    13.75    55.75    2095     0.390     1.018     2.973     9.109     6.305     0.000     0.000     8.539     7.621     6.406     2.411     0.714
    13.75    55.75    2096     0.931     1.021     1.865     1.025     2.559    16.968    19.533     3.020    14.281     4.765     2.459     0.523
    13.75    55.75    2097     0.658     1.006     2.174     5.593     9.245     7.728     1.723     9.185     2.192     6.286     2.281     0.643
    13.75    55.75    2098     0.777     1.265     2.895     4.922     6.299    10.119    10.770     0.999     2.020     5.072     1.426     0.584
    13.75    55.75    2099     0.609     1.015     2.279     2.556     1.899     0.811     9.297     6.988     4.840     7.017     2.589     0.685
    13.75    55.75    2100     0.872     0.921     1.961     8.990     6.831     3.258     8.943    10.160     5.056     6.792     2.056     0.698
    13.75    55.75    2101     0.666     0.997     3.334     5.588     2.695    17.231    13.511     1.506    11.424     5.448     1.612     0.593
    13.75    55.75    2102     0.545     0.988     1.188    10.223     5.905    12.510     8.263     9.028     8.270     6.554     1.743     0.761
    13.75    55.75    2103     0.672     1.036     4.784     1.602    10.153     4.852     0.000    12.665     1.226     8.277     2.958     0.659
    13.75    55.75    2104     0.637     0.993     3.336     5.074     7.305     5.026     8.507     5.836     7.553     7.221     1.619     0.526
    13.75    55.75    2105     0.357     1.074     3.918     3.602     3.299    17.929     6.768     7.617     1.759     6.813     2.012     0.585
    13.75    55.75    2106     0.665     1.028     2.252     5.088     8.204     2.177    16.569     5.651    11.785     7.731     1.998     0.698
    13.75    55.75    2107     0.690     1.137     3.033     0.677     3.027    10.173     3.188     7.534    10.025     6.382     1.883     0.736
    13.75    55.75    2108     0.762     1.630     5.218     7.924     4.806    14.778    12.967     6.439     8.485     4.767     2.060     0.539
    13.75    55.75    2109     0.814     1.492     2.500     6.775     9.777    21.504     9.444     8.421     8.153     6.551     2.573     0.794
    13.75    55.75    2110     0.629     0.808     5.447     9.123     3.598     3.452     6.009     9.353     8.808     5.699     2.634     0.661
    13.75    55.75    2111     0.501     1.212     2.500     5.726     3.427    11.771     2.769     5.541     6.619     7.834     2.305     0.744
    13.75    55.75    2112     0.946     0.766     2.526     7.960     7.224     6.116     7.965    13.955    10.967     8.111     2.849     0.743
    13.75    55.75    2113     0.882     0.605     2.237     6.275     6.169    13.122    17.383     8.856    10.857     8.064     2.269     0.927
    13.75    55.75    2114     0.859     0.637     4.047     8.429     9.184     7.259    12.903     9.468     9.782     5.485     1.690     0.722
    13.75    55.75    2115     0.603     1.018     3.760     2.821     5.766     3.089     3.685     3.300    10.232     5.228     1.932     0.597
    13.75    55.75    2116     0.661     1.245     2.014     6.008     2.170     1.684    10.652    14.556     8.030     6.906     3.715     0.825
    13.75    55.75    2117     0.649     1.074     0.923     4.180     2.694     5.104     7.349    20.172     8.757     3.815     3.689     0.820
    13.75    55.75    2118     0.815     0.904     2.312     3.831     6.030     7.116    20.079    13.141    13.335     5.617     1.809     0.539
    13.75    55.75    2119     0.501     0.921     2.694     4.300     2.084     1.133     0.000    20.304    10.795     3.539     2.440     0.819
    13.75    55.75    2120     0.513     1.193     2.521     4.124     5.376    11.636    13.023     3.597     8.097     5.026     1.380     0.788
    13.75    55.75    2121     0.709     1.097     2.315     7.342     6.750    15.554    13.898    12.577    10.337     6.524     2.456     1.034
    13.75    55.75    2122     0.402     1.383     1.658     4.497     7.870     4.597    22.783     7.314     9.202     9.136     2.463     0.690
    13.75    55.75    2123     0.467     1.232     3.597     0.319     0.393     0.606     9.868     7.798    12.211     5.907     1.702     0.959
    13.75    55.75    2124     0.647     1.006     2.217     4.727     6.445    11.055     1.381    10.673     4.088     5.799     1.529     0.422
    13.75    55.75    2125     0.290     0.720     2.798     6.864     5.273     0.000     0.000     7.881     7.140     7.749     2.885     1.205
    13.75    55.75    2126     0.588     1.169     1.744     0.942     2.624    10.653    15.543     2.717     7.297     5.616     2.325     0.684
    13.75    55.75    2127     0.825     1.049     2.949     7.531     8.671     6.124     1.490     8.285     1.991     6.667     1.882     1.004
    13.75    55.75    2128     0.664     1.217     2.836     4.606    12.244    14.682     8.673     0.885     1.787     5.375     1.680     1.015
    13.75    55.75    2129     0.545     0.908     2.737     2.433     1.592     0.670     7.223     6.162     3.887     5.527     2.961     1.102
    13.75    55.75    2130     0.639     0.861     2.822     6.075     6.485     2.771     7.689     7.919     4.905     4.868     2.066     0.856
    23.75    61.75    1980     0.161     0.923     2.370     2.796     3.783     7.569     5.614     6.254     5.742     3.365     0.960     0.000
    23.75    61.75    1981     0.220     1.199     2.876     3.139     4.096     3.041     6.923     7.741     4.901     3.391     0.280     0.066
    23.75    61.75    1982     0.130     1.200     3.603     3.701     3.128     5.978     3.435     5.951     7.617     3.428     1.016     0.000
    23.75    61.75    1983     0.061     0.905     2.843     1.941     1.719     3.926     4.704     2.784     3.066     2.187     0.322     0.028
    23.75    61.75    1984     0.301     1.301     2.341     2.227     4.459     3.335    15.001     9.941     6.337     4.150     0.802     0.000
    23.75    61.75    1985     0.858     0.541     1.736     2.996     3.523     6.169    10.828     5.389     7.654     2.570     0.293     0.017
    23.75    61.75    1986     0.072     0.940     1.690     3.578     2.722     5.155     6.636     5.160     4.278     2.932     0.319     0.070
    23.75    61.75    1987     0.049     0.746     1.275     2.551     4.443     8.757     5.346     5.349     5.505     3.427     0.793     0.120
    23.75    61.75    1988     0.160     1.015     3.255     2.476     4.724     5.941     5.273     9.159     6.026     2.244     0.859     0.000
    23.75    61.75    1989     0.186     0.572     2.217     4.032     2.302     5.047     7.323     3.229     5.285     5.595     0.544     0.000
    23.75    61.75    1990     0.160     1.092     1.782     4.346     2.809     4.468     7.030    10.619     7.401     3.305     0.804     0.000
    23.75    61.75    1991     0.177     0.559     2.023     1.881     3.018     2.394     6.043     6.378     5.041     4.236     0.207     0.041
    23.75    61.75    1992     0.139     0.875     2.305     2.398     2.821     6.050    13.914    11.156     3.728     1.539     0.495     0.003
    23.75    61.75    1993     0.250     0.928     2.650     3.883     2.876     1.145    10.331     5.649     6.958     2.483     0.290     0.000
    23.75    61.75    1994     0.303     1.434     1.514     4.705     4.952     7.099     5.050     8.076     6.382     3.725     0.662     0.000
    23.75    61.75    1995     0.155     1.072     2.708     1.940     4.396     5.906    11.288     5.670     3.481     3.812     0.804     0.020
    23.75    61.75    1996     0.011     1.488     2.803     4.683     2.709     1.979     6.990    10.579     3.708     3.409     0.663     0.000
    23.75    61.75    1997     0.051     0.712     1.670     2.393     4.128     0.203     8.962    10.786     4.116     3.239     0.493     0.000
    23.75    61.75    1998     0.553     0.621     2.995     3.333     3.757     5.207     7.516     8.676     5.289     4.077     1.027     0.000
    23.75    61.75    1999     0.171     1.686     1.878     3.849     6.458     4.094     8.120     9.296     4.317     2.681     0.751     0.000
    23.75    61.75    2000     0.121     1.021     2.497     3.045     3.413     1.738    10.097     8.583     4.586     3.396     0.734     0.000
    23.75    61.75    2001     0.064     0.591     2.410     3.168     4.580     2.315     4.828    14.343     4.847     2.416     0.724     0.000
    23.75    61.75    2002     0.091     0.909     1.129     2.978     4.040     7.491     5.228     7.610     6.620     1.587     0.915     0.000
    23.75    61.75    2003     0.076     0.892     1.543     3.166     3.889     3.558     6.208     6.105     7.266     3.020     0.568     0.000
    23.75    61.75    2004     0.264     0.753     2.247     3.260     2.752     5.823    14.940     8.396     4.990     4.699     0.678     0.003
    23.75    61.75    2005     0.242     1.213     2.299     3.474     3.359    13.609     7.429     4.752     7.487     2.342     0.568     0.000
    23.75    61.75    2006     0.319     1.602     2.869     3.657     3.645     3.711     8.733     4.548     7.000     4.569     0.569     0.000
    23.75    61.75    2007     0.436     0.811     2.612     3.744     3.059     3.535     4.812     3.136     6.088     4.409     0.794     0.000
    23.75    61.75    2008     0.095     1.015     3.585     1.916     5.572    10.728     6.808     6.772     4.892     4.221     0.694     0.013
    23.75    61.75    2009     0.073     1.005     2.415     3.839     5.070     3.515    12.017    12.551     4.704     5.064     0.404     0.028
    23.75    61.75    2010     0.237     1.224     2.738     3.209     4.232     3.954     8.205     8.442     3.790     2.007     0.662     0.000
    23.75    61.75    2011     0.066     1.348     2.444     4.371     2.605     4.885     5.345    10.514     6.469     4.232     0.799     0.000
    23.75    61.75    2012     0.178     0.775     1.405     2.817     4.535     6.004     7.086    10.433     5.375     4.104     0.640     0.001
    23.75    61.75    2013     0.171     0.841     1.882     4.301     4.719     8.652     0.632     4.895     6.357     4.269     0.736     0.001
    23.75    61.75    2014     0.132     0.905     1.751     2.932     5.920     2.011     6.663     8.950     4.268     2.815     0.655     0.060
    23.75    61.75    2015     0.247     1.403     2.181     3.934     2.854     1.477     5.717     8.302     5.288     4.267     0.607     0.000
    23.75    61.75    2016     0.197     1.546     2.413     3.778     3.929     9.165    13.932     6.288     4.990     3.894     1.275     0.000
    23.75    61.75    2017     0.147     1.253     2.182     2.266     3.417    11.228     4.697     9.093     4.594     4.275     1.224     0.000
    23.75    61.75    2018     0.312     1.173     2.563     3.020     7.499     6.172    13.599     6.879     1.445     2.083     0.855     0.000
    23.75    61.75    2019     0.062     1.099     2.628     4.341     8.962     6.132     1.886    11.150     5.658     3.546     0.805     0.004
    23.75    61.75    2020     0.113     1.165     2.675     0.607     1.887     1.933     4.586    13.184     6.305     5.537     0.448     0.009
    23.75    61.75    2021     0.150     0.971     2.782     2.637     0.215     5.503     3.061     4.964     6.177     3.477     0.718     0.000
    23.75    61.75    2022     0.209     0.776     2.588     2.732     2.658     8.660     2.417    13.991     6.100     2.565     0.435     0.085
    23.75    61.75    2023     0.125     0.490     2.831     2.542     2.498     7.485     9.580     8.500     1.903     5.070     1.090     0.000
    23.75    61.75    2024     0.148     1.332     1.580     2.139     3.586     6.308     4.776     5.284     5.796     5.103     0.381     0.001
    23.75    61.75    2025     0.248     1.113     2.869     3.243     5.438     6.903    10.175    16.460     4.460     1.919     0.606     0.000
    23.75    61.75    2026     0.175     1.343     2.299     5.585     5.223     3.902     7.667     7.477     6.748     4.448     0.707     0.000
    23.75    61.75    2027     0.074     0.738     2.860     0.767     5.263    11.265    11.187    11.491     6.087     4.070     0.660     0.043
    23.75    61.75    2028     0.724     1.248     1.839     3.616     3.328     9.831     8.917    14.557     2.836     2.635     0.724     0.000
    23.75    61.75    2029     0.208     1.111     2.585     3.395     1.994     3.427     8.168     4.603     4.294     4.419     1.013     0.022
    23.75    61.75    2030     0.051     0.658     2.776     4.445     4.533    12.441     4.686    10.152     6.387     4.627     0.944     0.000
    23.75    61.75    2031     0.172     0.467     2.049     4.598     5.250     8.650    12.518     7.939     6.435     4.095     0.886     0.045
    23.75    61.75    2032     0.078     1.655     2.191     1.925     0.862     4.088    13.259    10.680     3.563     5.053     1.191     0.001
    23.75    61.75    2033     0.227     0.982     3.692     3.460     5.140     3.093     4.433    11.514     7.020     4.516     0.719     0.000
    23.75    61.75    2034     0.533     0.977     3.631     3.301     9.042     3.385     8.489    13.381     6.303     4.044     0.764     0.000
    23.75    61.75    2035     0.325     1.747     3.272     3.595     3.268     7.997    13.434     6.986     6.249     4.252     1.123     0.193
    23.75    61.75    2036     0.034     1.032     2.163     0.600     0.802     7.426    14.619     2.755     5.877     4.250     0.617     0.004
    23.75    61.75    2037     0.166     1.522     2.375     1.660     4.093     6.427    15.467    11.286     4.895     4.776     0.680     0.000
    23.75    61.75    2038     0.289     0.999     1.904     5.555     1.682     3.163     5.504    10.569     4.490     4.986     0.847     0.000
    23.75    61.75    2039     0.148     1.584     3.512     2.206     4.023     6.391     8.271     5.681     4.011     4.908     1.021     0.027
    23.75    61.75    2040     0.224     1.309     2.730     2.985     4.661     4.106    11.272     7.946     1.995     3.457     0.902     0.000
    23.75    61.75    2041     1.413     1.309     4.209     4.022     5.998     7.229     3.047     2.231     3.942     3.488     0.831     0.016
    23.75    61.75    2042     0.099     1.324     3.946     2.285     8.237    10.079     7.450    10.279     8.260     3.120     0.559     0.121
    23.75    61.75    2043     0.270     1.258     1.922     6.737     2.883     4.298     7.126     7.499     1.673     4.942     0.801     0.000
    23.75    61.75    2044     0.561     2.007     3.083     3.642     3.593     9.194     9.701    10.804     7.421     5.530     0.981     0.043
    23.75    61.75    2045     0.252     1.286     2.434     2.376     4.428     3.863    11.748    12.691    10.340     3.505     0.607     0.000
    23.75    61.75    2046     0.188     1.734     4.076     1.320     1.723     6.897     2.715     8.832     6.408     4.713     0.896     0.487
    23.75    61.75    2047     0.409     1.044     2.825     3.688     2.813     1.400    11.902    15.302     3.879     3.683     0.920     0.000
    23.75    61.75    2048     0.105     1.039     1.997     4.472     2.752     3.131    12.657    11.351     5.603     2.229     1.040     0.000
    23.75    61.75    2049     0.401     1.960     2.214     4.977     5.089     5.123    20.596    13.726     6.459     4.914     1.145     0.000
    23.75    61.75    2050     0.084     0.607     3.410     2.751     0.537    11.734     9.622    13.365     6.992     3.951     0.751     0.000
    23.75    61.75    2051     0.451     0.902     2.969     2.253     3.640     8.096     8.131    11.065     5.428     6.550     0.901     0.140
    23.75    61.75    2052     0.032     0.535     1.460     3.449     8.527     9.530    11.840    10.375     9.379     5.280     1.286     0.000
    23.75    61.75    2053     0.316     1.468     3.047     4.890     3.346     1.384    13.628     9.164     6.523     4.542     1.246     0.000
    23.75    61.75    2054     0.245     2.159     2.307     2.618     3.708    11.085    17.854     3.696     6.239     3.538     1.555     0.039
    23.75    61.75    2055     0.271     0.789     2.652     2.264     5.238     1.926     4.902    12.414     1.653     3.865     0.787     0.014
    23.75    61.75    2056     0.321     0.830     2.955     1.297     1.453     4.815     7.384     4.454     4.328     3.235     0.531     0.000
    23.75    61.75    2057     0.216     1.920     3.043     1.808     7.742     1.322     9.830     5.495     6.763     5.362     0.698     0.009
    23.75    61.75    2058     0.191     1.106     3.760     4.603     6.479     1.741     6.454    11.723     8.091     3.503     0.366     0.000
    23.75    61.75    2059     0.018     1.090     3.154     3.630     2.639     3.735    10.442    13.072     6.413     2.539     1.152     0.000
    23.75    61.75    2060     0.180     1.075     2.618     3.332     3.503     5.006    10.301     8.877     7.293     5.735     0.823     0.145
    23.75    61.75    2061     0.502     1.293     2.552     2.830     3.199     7.600    10.506     7.453     4.036     5.022     1.137     0.000
    23.75    61.75    2062     0.605     1.483     2.606     4.295     3.747     4.357    12.923     6.862     3.565     4.597     0.608     0.019
    23.75    61.75    2063     0.234     1.220     3.293     2.207     7.653     5.671    14.431    11.197     7.505     5.138     0.986     0.055
    23.75    61.75    2064     0.737     1.059     2.478     3.977     6.632     6.546    11.880    12.899     7.008     3.836     1.205     0.000
    23.75    61.75    2065     1.026     1.213     2.328     5.477     5.960     9.174     7.060     4.992     3.391     1.991     0.741     0.000
    23.75    61.75    2066     0.223     1.292     2.888     2.164     4.228     9.411    14.697    13.412     5.100     4.725     0.930     0.000
    23.75    61.75    2067     0.372     1.367     2.221     1.997     6.785     9.192    13.939     9.914     5.055     4.382     0.999     0.052
    23.75    61.75    2068     0.413     1.606     3.721     3.495     6.622     4.109     6.501    12.855     4.064     4.474     1.155     0.068
    23.75    61.75    2069     0.179     1.392     2.767     2.538     5.737     6.941    12.057    13.918     5.016     2.302     1.186     0.164
    23.75    61.75    2070     0.374     2.015     2.695     2.738     3.195    12.664    16.607     3.702     6.083     5.153     1.157     0.000
    23.75    61.75    2071     0.595     1.423     2.897     2.615     1.776     6.279     9.357    11.013     7.084     4.870     0.930     0.000
    23.75    61.75    2072     0.236     0.617     1.609     0.241     7.736     4.060    15.333     6.787     8.406     4.294     0.896     0.233
    23.75    61.75    2073     0.162     2.274     2.812     1.724     5.936    11.157    13.854     7.816     2.144     3.675     1.049     0.142
    23.75    61.75    2074     0.160     1.380     3.852     4.954     1.424     4.268    13.900     9.514     7.206     5.534     1.033     0.017
    23.75    61.75    2075     0.249     0.915     2.590     2.395     5.210     9.295     1.320    12.554     7.354     3.766     0.758     0.000
    23.75    61.75    2076     0.224     1.101     2.970     0.860     2.008     7.981    15.777    15.846     7.191     5.792     0.782     0.125
    23.75    61.75    2077     0.329     1.911     5.220     2.242     3.656     2.264     9.930    12.195    11.228     6.922     0.845     0.075
    23.75    61.75    2078     0.936     1.830     3.347     2.854     3.001     2.500    15.294    19.370     4.844     5.952     0.875     0.000
    23.75    61.75    2079     0.223     1.310     2.933     4.047     5.458     6.377    15.009    11.100    10.424     6.393     1.392     0.008
    23.75    61.75    2080     0.186     1.079     2.472     2.765     3.398     3.014    14.476     7.356     6.473     4.567     1.037     0.000
    23.75    61.75    2081     0.420     1.078     4.169     3.376     3.261    14.977     7.037    18.241     6.669     5.124     1.061     0.000
    23.75    61.75    2082     0.233     1.002     2.802     2.957     8.749     9.165    14.710    10.095     7.472     4.844     0.860     0.004
    23.75    61.75    2083     0.126     1.282     3.837     2.942     5.693     8.752     5.815    14.849     7.385     4.088     1.378     0.088
    23.75    61.75    2084     0.460     1.940     5.383     2.740     8.013     6.806    14.871    12.605     7.283     5.341     0.775     0.000
    23.75    61.75    2085     0.461     1.066     2.861     3.691     4.975     5.401    15.034    13.020     7.868     4.278     0.986     0.097
    23.75    61.75    2086     1.064     1.145     2.587     0.330     5.182     0.717     8.934    15.125    11.368     6.749     1.275     0.273
    23.75    61.75    2087     0.047     1.700     1.787     4.556     1.544     9.214    14.567    13.889     8.064     4.121     0.727     0.278
    23.75    61.75    2088     0.126     0.892     2.169     4.027     1.440     5.307    20.246    12.189     7.749     6.414     1.058     0.000
    23.75    61.75    2089     0.248     1.102     3.784     2.995     5.416     4.267    18.514    14.780     7.084     3.631     1.412     0.000
    23.75    61.75    2090     0.294     0.849     2.480     1.915     0.883    11.318    13.440    19.673     5.768     6.071     1.119     0.010
    23.75    61.75    2091     0.400     0.954     2.580     5.384     5.823     5.743    12.891     9.882     7.720     4.117     1.229     0.006
    23.75    61.75    2092     0.863     0.830     1.530     1.771     4.210     9.717    10.893     9.807     6.468     4.303     1.026     0.014
    23.75    61.75    2093     0.125     1.193     3.094     2.420     0.507     9.800    17.459    14.616     9.792     5.210     0.706     0.002
    23.75    61.75    2094     0.238     1.745     2.536     3.590     4.092    12.346     7.389    14.550     5.815     4.607     1.443     0.000
    23.75    61.75    2095     0.318     0.769     2.478     5.887     5.676     6.049    18.280    10.959     6.819     5.996     1.418     0.051
    23.75    61.75    2096     0.319     1.826     3.946     1.439     3.186     4.425     7.284    13.205     3.891     3.822     1.020     0.020
    23.75    61.75    2097     0.324     1.200     3.553     5.011     7.240     6.085     2.124    13.612     7.304     4.546     1.045     0.189
    23.75    61.75    2098     0.241     1.386     3.882     4.217     4.089    11.298    19.157     6.237     2.832     4.309     0.921     0.000
    23.75    61.75    2099     0.473     1.382     4.956     3.675     1.501     9.892    10.942    13.133     3.814     5.969     1.094     0.007
    23.75    61.75    2100     0.493     1.729     4.146     6.210     7.724    15.447     9.799    12.323     6.139     5.505     1.392     0.000
    23.75    61.75    2101     0.525     1.573     4.696     2.795     1.904     7.050     9.639    10.478     8.388     3.894     0.913     0.000
    23.75    61.75    2102     0.193     0.855     1.678     0.255     7.946     4.252    12.217     7.442     9.989     3.695     0.800     0.396
    23.75    61.75    2103     0.235     1.857     2.327     1.814     5.745    10.544    15.036     7.257     2.222     5.599     1.314     0.066
    23.75    61.75    2104     0.180     1.218     4.497     4.380     1.464     4.375    14.158     9.396     8.271     6.908     0.864     0.007
    23.75    61.75    2105     0.304     1.531     2.802     2.476     5.337     8.936     1.358    11.759     7.210     4.147     1.170     0.013
    23.75    61.75    2106     0.335     1.653     3.360     0.901     2.123     7.075    14.050    16.450     8.337     5.561     0.885     0.123
    23.75    61.75    2107     0.369     1.465     4.241     2.308     3.739     2.335    10.560    11.768    11.585     7.134     0.657     0.039
    23.75    61.75    2108     0.667     2.110     2.609     2.950     3.059     2.550    16.410    15.056     4.946     5.567     0.694     0.000
    23.75    61.75    2109     0.276     1.031     3.282     4.008     5.404     6.433    14.738    10.394     9.952     6.522     1.057     0.016
    23.75    61.75    2110     0.240     1.699     3.056     2.766     4.208     3.008    14.477     7.214     5.153     5.421     0.941     0.001
    23.75    61.75    2111     0.576     1.491     3.432     3.547     3.425    14.602     7.368    15.064     6.974     5.577     1.213     0.001
    23.75    61.75    2112     0.411     1.002     3.289     3.100     7.106     7.600    15.282     8.257     5.435     4.818     1.042     0.005
    23.75    61.75    2113     0.175     1.097     3.281     3.056     5.908     7.783     6.002    12.449     6.440     5.047     1.530     0.053
    23.75    61.75    2114     0.534     1.200     4.438     2.839     8.940     8.299    26.491    12.461     6.544     5.547     0.920     0.000
    23.75    61.75    2115     0.397     1.019     2.944     3.831     5.120     5.705    19.311    13.642    10.980     6.265     1.158     0.096
    23.75    61.75    2116     1.990     1.481     2.568     0.337     5.318     0.744    12.652    14.295    11.312     6.208     1.470     0.255
    23.75    61.75    2117     0.130     1.293     2.349     4.517     1.625     8.931    13.552    15.024     9.035     4.362     1.255     0.041
    23.75    61.75    2118     0.285     1.154     2.136     4.254     1.518     8.388    18.476    12.798     9.092     5.787     0.985     0.000
    23.75    61.75    2119     0.328     1.788     4.336     4.097     6.060     4.564    18.393    15.625     6.728     3.740     1.229     0.000
    23.75    61.75    2120     0.195     1.125     2.823     2.047     0.938    12.905    15.602    18.658     6.854     4.944     1.046     0.000
    23.75    61.75    2121     0.178     1.000     2.410     5.633     5.868     6.059    15.551    10.836     8.723     5.227     1.393     0.012
    23.75    61.75    2122     1.247     1.665     1.310     1.929     4.039     9.040    11.818    10.388     9.425     6.718     0.688     0.018
    23.75    61.75    2123     0.180     1.441     3.052     2.559     0.523    10.197    17.531    16.277    12.096     3.163     1.147     0.002
    23.75    61.75    2124     0.191     1.885     2.436     3.717     4.234    10.875     7.675    15.245     4.207     5.524     1.262     0.000
    23.75    61.75    2125     0.255     0.857     2.840     3.969     5.522     6.087    17.500    13.240     7.713     6.148     1.151     0.028
    23.75    61.75    2126     0.375     1.504     3.675     1.428     3.220     4.441     7.277    14.296     3.912     5.984     0.967     0.016
    23.75    61.75    2127     0.251     1.897     3.051     5.320     7.121     6.004     2.093    12.908     6.609     4.618     0.893     0.167
    23.75    61.75    2128     0.297     1.690     2.419     4.131     4.038    11.062    19.393     6.169     2.801     7.051     0.833     0.000
    23.75    61.75    2129     0.467     1.803     3.420     3.584     1.476     9.705    21.954    11.944     5.261     4.276     1.395     0.000
    23.75    61.75    2130     0.379     1.582     2.933     6.674     6.681     9.578     9.509    11.501     4.318     6.647     0.930     0.000
    21.75    39.75    1980     1.685     2.049     1.240     1.983     1.246     1.149     2.120     0.330     0.228     0.992     2.135     0.787
    21.75    39.75    1981     0.570     0.922     0.559     0.799     1.085     0.179     0.153     0.000     0.456     2.253     0.424     1.413
    21.75    39.75    1982     0.351     0.211     0.530     1.255     0.098     0.077     0.251     0.432     0.281     1.580     0.523     0.990
    21.75    39.75    1983     0.551     0.467     3.025     0.959     0.575     0.907     0.477     0.428     0.842     0.791     1.479     1.598
    21.75    39.75    1984     0.449     0.444     1.081     0.735     4.013     0.542     0.053     0.123     1.329     0.908     2.883     4.037
    21.75    39.75    1985     1.685     2.132     1.156     0.521     0.141     0.639     0.968     0.044     0.388     0.369     2.583     2.652
    21.75    39.75    1986     1.823     1.960     2.575     2.540     0.660     1.836     1.195     0.915     2.131     1.200     0.718     1.096
    21.75    39.75    1987     2.885     2.324     3.214     3.339     4.509     1.890     1.118     1.136     1.586     3.184     3.075     1.925
    21.75    39.75    1988     1.205     0.626     3.405     2.309     1.972     3.919     1.734     0.159     0.817     6.480     2.659     3.459
    21.75    39.75    1989     2.597     2.343     5.155     1.159     2.864     1.431     1.158     0.133     1.086     0.264     6.384     1.813
    21.75    39.75    1990     0.507     1.318     1.722     1.032     2.623     0.208     0.402     0.396     0.296     2.948     1.516     0.931
    21.75    39.75    1991     0.414     1.111     0.609     1.553     2.324     1.227     0.889     0.063     0.241     0.339     4.487     0.774
    21.75    39.75    1992     0.366     1.148     1.562     1.211     0.163     0.100     0.367     0.445     3.252     2.564     1.569     1.454
    21.75    39.75    1993     1.058     0.786     1.020     1.643     0.797     1.142     0.096     0.522     0.285     1.012     4.649     2.584
    21.75    39.75    1994     0.892     0.676     1.097     2.338     0.757     0.525     0.137     0.289     1.242     1.890     0.532     1.538
    21.75    39.75    1995     1.869     1.138     1.834     1.448     1.362     2.041     1.012     0.536     0.412     2.417     4.022     1.956
    21.75    39.75    1996     0.586     1.646     1.730     5.379     0.791     0.930     0.412     2.523     0.217     0.648     1.319     1.343
    21.75    39.75    1997     2.240     1.721     1.482     1.275     0.968     1.562     0.961     1.637     1.950     0.642     1.476     1.726
    21.75    39.75    1998     0.840     1.837     0.995     0.827     0.400     1.408     2.030     1.786     0.488     2.599     0.907     2.133
    21.75    39.75    1999     0.946     1.174     0.749     0.389     0.779     1.033     0.156     0.137     1.149     2.096     1.631     1.820
    21.75    39.75    2000     0.822     0.261     1.732     1.124     0.337     0.941     0.107     0.314     2.577     0.358     0.711     1.774
    21.75    39.75    2001     1.106     1.843     3.771     0.333     0.764     0.747     0.595     0.233     0.081     2.202     2.130     1.637
    21.75    39.75    2002     1.272     0.179     0.539     0.358     0.411     0.591     0.151     0.194     0.000     2.226     1.131     0.914
    21.75    39.75    2003     0.656     1.578     1.895     0.572     1.411     0.653     0.276     0.927     0.206     0.993     1.379     0.809
    21.75    39.75    2004     1.241     2.083     2.413     0.669     0.411     0.049     0.124     0.175     0.838     0.045     1.521     1.515
    21.75    39.75    2005     0.929     0.666     0.676     0.083     4.219     0.606     0.309     0.041     2.394     1.018     0.572     1.511
    21.75    39.75    2006     1.555     1.429     0.297     0.598     1.205     0.439     0.653     2.830     0.677     0.119     1.406     2.361
    21.75    39.75    2007     1.008     1.331     0.861     2.044     2.966     1.119     1.156     0.326     0.347     0.045     1.072     1.118
    21.75    39.75    2008     1.584     0.516     0.320     0.743     0.050     0.831     1.259     0.217     1.287     2.614     2.008     2.626
    21.75    39.75    2009     1.555     1.351     1.153     2.950     0.812     1.028     0.141     0.194     0.381     0.066     2.498     1.457
    21.75    39.75    2010     0.449     0.621     0.395     0.000     3.100     1.493     0.481     0.000     0.160     1.423     2.937     1.972
    21.75    39.75    2011     0.347     0.668     0.369     0.611     0.924     0.121     0.096     0.139     0.576     1.069     2.354     1.028
    21.75    39.75    2012     0.720     0.944     2.161     1.520     1.326     0.106     0.500     0.800     0.375     0.228     0.301     1.764
    21.75    39.75    2013     0.174     1.567     1.477     2.254     0.152     0.856     0.261     0.312     0.000     1.113     1.102     1.611
    21.75    39.75    2014     0.701     0.358     1.852     2.868     1.727     0.632     1.141     1.507     0.490     1.076     2.031     0.976
    21.75    39.75    2015     1.988     0.220     0.570     2.073     4.139     2.820     0.946     0.000     0.386     2.235     4.083     4.196
    21.75    39.75    2016     1.070     0.994     2.567     2.058     0.235     0.670     1.205     0.145     0.477     0.000     1.461     2.975
    21.75    39.75    2017     0.628     0.305     0.488     2.372     1.289     1.250     1.019     0.258     0.164     0.870     1.018     1.773
    21.75    39.75    2018     0.554     0.423     0.576     1.828     0.355     0.164     0.331     0.163     2.491     1.136     1.820     2.628
    21.75    39.75    2019     1.703     0.781     0.264     0.989     1.081     0.757     0.469     1.056     0.776     0.475     0.860     1.792
    21.75    39.75    2020     1.832     1.225     1.813     2.217     2.507     1.114     0.962     0.142     1.251     0.632     1.737     2.825
    21.75    39.75    2021     2.900     1.193     1.862     0.766     2.969     0.727     0.205     0.000     0.848     1.116     2.560     2.434
    21.75    39.75    2022     1.191     2.040     0.481     1.629     1.151     1.940     0.744     0.467     1.267     0.868     2.186     1.615
    21.75    39.75    2023     1.532     1.461     0.933     0.453     3.727     2.670     1.366     0.087     0.992     1.100     0.831     2.871
    21.75    39.75    2024     1.940     0.763     2.360     1.006     1.096     1.713     0.160     0.431     1.001     1.027     3.369     2.481
    21.75    39.75    2025     1.436     2.201     1.035     0.410     0.244     0.301     0.119     0.103     1.243     0.941     2.269     1.739
    21.75    39.75    2026     0.847     1.349     1.799     0.525     0.327     0.871     0.874     0.097     0.784     0.675     1.291     1.316
    21.75    39.75    2027     1.043     0.712     0.392     0.981     0.685     0.543     0.038     0.000     0.040     2.161     3.645     1.572
    21.75    39.75    2028     1.010     0.217     2.909     1.221     0.169     0.057     0.057     0.084     0.595     0.815     0.479     1.524
    21.75    39.75    2029     1.055     0.434     0.456     0.103     1.276     0.512     0.210     0.090     0.434     0.288     3.154     0.750
    21.75    39.75    2030     1.120     0.441     0.830     2.105     0.735     0.232     0.524     0.170     1.571     0.474     1.163     3.282
    21.75    39.75    2031     1.118     2.344     1.943     0.177     1.420     0.977     0.544     0.094     0.619     4.036     1.243     0.899
    21.75    39.75    2032     1.480     0.222     1.341     4.718     0.876     0.598     0.134     0.591     0.821     0.798     0.740     1.061
    21.75    39.75    2033     0.914     2.562     0.334     1.300     1.060     0.757     2.099     0.000     0.000     1.480     1.008     4.600
    21.75    39.75    2034     1.619     0.768     0.092     0.760     0.000     0.644     0.047     0.038     0.329     0.106     1.514     1.737
    21.75    39.75    2035     0.576     0.565     0.338     0.462     0.338     0.207     0.101     0.175     0.104     0.170     1.525     1.449
    21.75    39.75    2036     0.610     0.705     0.899     0.943     0.056     0.458     0.051     0.701     0.267     0.462     0.987     2.050
    21.75    39.75    2037     0.811     1.338     1.860     0.203     0.426     0.083     0.296     0.000     0.000     0.719     1.709     2.016
    21.75    39.75    2038     0.537     0.426     0.658     2.908     0.298     0.856     0.885     0.368     0.197     0.091     2.709     0.677
    21.75    39.75    2039     0.838     0.969     3.946     1.731     0.126     0.198     0.431     0.034     0.652     1.511     1.268     1.697
    21.75    39.75    2040     1.249     0.926     1.345     0.930     0.200     0.206     0.172     0.000     1.898     0.325     1.059     2.030
    21.75    39.75    2041     0.790     1.031     0.081     0.000     0.347     0.362     0.112     1.257     0.075     2.233     3.876     0.962
    21.75    39.75    2042     0.660     0.396     0.217     0.401     1.355     0.178     0.147     0.135     0.745     0.488     0.781     1.949
    21.75    39.75    2043     0.728     0.442     1.346     1.136     0.943     0.170     0.000     0.282     0.617     1.253     0.054     0.680
    21.75    39.75    2044     1.335     0.326     0.467     0.912     0.060     0.108     0.102     0.000     0.971     1.184     3.346     0.439
    21.75    39.75    2045     0.876     0.766     0.910     0.435     0.217     0.770     0.198     0.131     0.000     0.144     1.368     0.788
    21.75    39.75    2046     1.825     0.308     1.287     0.392     0.380     0.225     0.257     0.073     0.093     1.100     3.012     2.891
    21.75    39.75    2047     0.664     0.406     0.542     0.654     0.634     0.343     0.032     0.113     0.242     0.000     1.527     2.293
    21.75    39.75    2048     0.920     1.309     0.430     1.075     0.000     0.101     0.000     0.156     0.000     0.950     2.280     2.707
    21.75    39.75    2049     0.493     0.545     0.448     0.134     0.175     0.000     0.036     0.041     0.553     0.085     1.617     2.490
    21.75    39.75    2050     0.281     0.666     0.084     0.000     0.161     0.024     0.109     0.056     0.288     0.915     1.203     1.688
    21.75    39.75    2051     0.955     0.676     0.279     0.916     0.621     0.224     0.310     0.049     0.114     0.038     1.643     1.203
    21.75    39.75    2052     1.983     1.645     0.610     2.952     0.438     0.133     0.119     0.076     0.577     0.711     1.749     1.519
    21.75    39.75    2053     0.855     1.219     2.425     0.265     0.596     0.093     0.044     0.259     0.715     0.051     3.551     1.567
    21.75    39.75    2054     0.565     0.216     1.151     0.608     0.648     0.000     0.415     0.039     1.606     0.370     0.271     2.217
    21.75    39.75    2055     1.585     0.103     3.738     1.475     1.021     0.468     0.060     0.798     0.360     0.125     2.282     1.761
    21.75    39.75    2056     0.804     0.220     1.370     0.674     0.884     0.677     0.204     0.546     0.074     1.936     1.145     1.631
    21.75    39.75    2057     0.494     0.876     0.896     0.263     1.051     0.215     0.643     0.000     0.000     0.459     0.777     0.876
    21.75    39.75    2058     1.168     0.488     0.987     0.482     0.151     0.260     0.028     0.468     0.072     0.705     1.641     1.681
    21.75    39.75    2059     0.054     0.077     0.190     0.111     0.006     0.062     0.003     0.004     0.027     0.198     0.172     0.314
    21.75    39.75    2060     0.560     0.161     1.555     1.141     0.009     0.438     0.000     0.058     0.055     0.075     0.828     3.046
    21.75    39.75    2061     0.884     0.682     1.788     0.133     1.096     0.008     0.008     0.052     0.146     1.368     0.316     2.967
    21.75    39.75    2062     0.791     0.477     0.811     0.037     0.109     0.045     0.138     0.000     0.000     0.451     0.234     3.552
    21.75    39.75    2063     0.266     0.112     0.252     0.151     0.015     0.138     0.000     0.091     0.235     0.907     0.861     0.756
    21.75    39.75    2064     0.426     0.625     1.373     0.252     0.651     0.286     0.162     0.000     0.081     1.210     1.376     2.525
    21.75    39.75    2065     1.309     1.050     0.483     0.000     0.000     0.162     0.434     0.189     1.294     0.577     0.628     2.726
    21.75    39.75    2066     0.365     0.349     1.512     1.003     0.419     0.051     0.013     0.019     0.211     0.919     0.500     0.758
    21.75    39.75    2067     0.033     0.652     3.497     0.719     0.708     0.000     0.221     0.241     0.472     0.494     0.000     1.237
    21.75    39.75    2068     0.587     1.211     0.683     0.194     0.946     0.000     0.039     0.000     0.235     0.148     1.699     3.112
    21.75    39.75    2069     0.470     0.489     0.416     0.022     0.000     0.038     0.048     0.029     0.009     0.250     0.938     0.556
    21.75    39.75    2070     0.409     0.674     0.561     0.529     0.000     0.009     0.015     0.075     0.000     0.051     0.609     0.839
    21.75    39.75    2071     0.078     0.910     0.498     0.689     0.171     0.013     0.110     0.345     0.000     0.210     0.938     2.926
    21.75    39.75    2072     1.411     1.201     0.075     0.900     0.023     0.177     0.520     0.044     0.009     0.115     1.700     1.979
    21.75    39.75    2073     0.471     1.076     0.342     0.530     0.076     0.451     0.214     0.172     0.008     0.621     0.160     1.625
    21.75    39.75    2074     0.440     0.883     0.095     0.023     0.074     0.034     0.074     0.244     0.147     0.232     1.206     3.417
    21.75    39.75    2075     0.047     0.009     0.102     1.222     0.390     0.023     0.255     0.448     0.000     0.392     0.708     1.040
    21.75    39.75    2076     0.112     2.034     0.865     0.976     0.000     0.298     0.068     0.000     0.023     0.668     1.397     0.955
    21.75    39.75    2077     0.074     1.097     0.145     0.000     0.263     0.000     0.000     0.038     0.376     1.012     0.792     0.815
    21.75    39.75    2078     0.965     0.262     1.510     0.220     0.045     0.000     0.000     0.005     0.020     0.922     1.089     1.135
    21.75    39.75    2079     1.133     0.195     2.771     0.949     0.017     0.000     0.002     0.038     0.143     0.514     1.839     0.762
    21.75    39.75    2080     0.415     0.116     3.860     0.067     0.096     0.092     0.170     0.000     0.000     0.347     1.187     2.915
    21.75    39.75    2081     0.854     0.630     0.224     1.778     0.397     0.142     0.303     0.013     0.141     0.790     0.346     1.763
    21.75    39.75    2082     0.293     0.296     1.197     0.207     0.000     0.000     0.000     0.038     0.065     1.047     2.436     2.328
    21.75    39.75    2083     0.056     0.484     0.929     0.128     0.291     0.021     0.064     0.000     0.000     0.278     0.349     0.593
    21.75    39.75    2084     0.614     1.342     1.354     0.130     0.000     0.000     0.000     0.000     0.000     0.044     0.591     0.688
    21.75    39.75    2085     0.157     0.068     0.341     0.096     0.000     0.055     0.000     0.115     0.000     0.788     1.070     1.933
    21.75    39.75    2086     0.053     0.186     0.746     0.248     0.000     0.022     0.001     0.089     0.088     0.042     0.041     0.375
    21.75    39.75    2087     1.649     1.035     0.365     0.156     0.285     0.018     0.038     0.003     0.000     0.000     3.187     1.921
    21.75    39.75    2088     0.642     0.810     0.249     0.022     0.017     0.000     0.000     0.000     0.046     0.180     1.193     1.332
    21.75    39.75    2089     0.177     0.122     1.334     0.025     0.172     0.022     0.030     0.000     0.000     0.690     0.439     2.100
    21.75    39.75    2090     0.696     2.376     0.827     0.428     0.154     0.061     0.119     0.102     0.012     0.639     1.022     2.115
    21.75    39.75    2091     0.352     0.826     0.321     0.166     0.101     0.054     0.000     0.000     0.023     0.478     0.191     0.305
    21.75    39.75    2092     0.573     0.629     2.768     0.093     0.157     0.000     0.237     0.452     0.000     0.154     0.984     0.678
    21.75    39.75    2093     1.167     0.452     0.159     0.183     0.075     0.000     0.052     0.219     0.095     0.054     0.313     0.569
    21.75    39.75    2094     0.192     0.264     1.902     0.547     0.033     0.087     0.046     0.000     0.002     0.285     1.016     1.128
    21.75    39.75    2095     0.973     1.513     1.358     0.930     0.392     0.238     0.667     0.055     0.000     0.450     1.579     0.989
    21.75    39.75    2096     0.224     0.416     1.316     0.530     0.575     0.000     0.000     0.031     0.007     0.351     0.198     0.307
    21.75    39.75    2097     0.660     0.154     0.143     0.478     0.000     0.037     0.031     0.020     0.002     0.366     0.597     0.623
    21.75    39.75    2098     0.072     0.157     0.068     0.017     0.000     0.001     0.000     0.062     0.119     0.122     0.391     0.473
    21.75    39.75    2099     0.258     0.485     0.303     0.964     0.047     0.000     0.000     0.000     0.000     0.438     0.476     1.404
    21.75    39.75    2100     0.282     0.636     0.693     0.021     0.107     0.079     0.000     0.139     0.683     1.399     1.896     2.707
    21.75    39.75    2101     0.116     1.091     0.419     0.359     0.093     0.000     0.177     0.508     0.000     0.304     1.048     3.249
    21.75    39.75    2102     2.911     2.386     0.115     1.053     0.044     0.036     1.281     0.008     0.042     0.009     3.397     3.377
    21.75    39.75    2103     0.573     1.071     0.263     0.183     0.053     0.282     0.064     0.061     0.010     0.776     0.149     1.507
    21.75    39.75    2104     0.739     1.528     0.076     0.017     0.058     0.045     0.063     0.287     0.405     0.204     1.531     4.633
    21.75    39.75    2105     0.174     0.046     0.144     1.527     0.588     0.026     0.417     0.861     0.000     0.335     0.641     0.942
    21.75    39.75    2106     0.239     3.407     1.294     1.173     0.000     0.327     0.248     0.000     0.048     0.872     1.669     1.141
    21.75    39.75    2107     0.076     1.673     0.207     0.000     0.495     0.000     0.000     0.071     0.196     0.655     0.591     0.608
    21.75    39.75    2108     0.814     0.405     2.093     0.476     0.212     0.000     0.000     0.170     0.064     0.977     1.011     1.057
    21.75    39.75    2109     0.610     0.221     2.886     1.041     0.023     0.000     0.022     0.053     0.027     0.393     1.925     0.563
    21.75    39.75    2110     0.419     0.135     4.912     0.072     0.117     0.120     0.181     0.000     0.000     0.224     1.093     2.701
    21.75    39.75    2111     0.369     0.788     0.236     2.999     0.437     0.183     0.215     0.030     0.049     0.769     0.274     1.366
    21.75    39.75    2112     0.338     0.361     1.588     0.398     0.000     0.000     0.000     0.043     0.062     0.665     2.655     2.437
    21.75    39.75    2113     0.072     0.692     1.004     0.172     0.590     0.030     0.101     0.000     0.000     0.182     0.285     0.458
    21.75    39.75    2114     0.940     1.568     1.582     0.151     0.000     0.000     0.000     0.000     0.000     0.008     0.586     0.711
    21.75    39.75    2115     0.166     0.075     0.468     0.144     0.000     0.074     0.000     0.142     0.000     0.730     0.909     1.638
    21.75    39.75    2116     0.139     0.338     1.178     0.393     0.000     0.028     0.003     0.255     0.002     0.091     0.064     0.573
    21.75    39.75    2117     1.896     1.283     0.451     0.510     0.332     0.018     0.005     0.006     0.000     0.022     3.643     2.321
    21.75    39.75    2118     0.730     0.805     0.223     0.017     0.022     0.000     0.000     0.000     0.124     0.096     1.221     1.366
    21.75    39.75    2119     0.229     0.123     1.309     0.031     0.130     0.015     0.020     0.000     0.000     0.771     0.501     2.376
    21.75    39.75    2120     0.711     3.403     0.907     0.340     0.232     0.069     0.038     0.092     0.000     0.784     1.315     2.485
    21.75    39.75    2121     0.557     1.027     0.314     0.205     0.113     0.068     0.000     0.000     0.016     0.331     0.198     0.302
    21.75    39.75    2122     0.568     0.820     3.363     0.140     0.158     0.000     0.179     0.455     0.000     0.143     1.376     0.972
    21.75    39.75    2123     1.299     0.634     0.222     0.163     0.068     0.000     0.050     0.333     0.031     0.057     0.349     0.625
    21.75    39.75    2124     0.375     0.388     2.483     0.693     0.038     0.084     0.062     0.000     0.025     0.182     1.322     1.465
    21.75    39.75    2125     0.887     1.683     1.416     0.989     0.544     0.291     0.445     0.102     0.000     0.192     1.328     0.906
    21.75    39.75    2126     0.268     0.439     1.555     0.724     0.581     0.000     0.000     0.033     0.001     0.234     0.293     0.372
    21.75    39.75    2127     0.767     0.184     0.142     0.370     0.000     0.042     0.032     0.020     0.005     1.052     0.615     0.646
    21.75    39.75    2128     0.082     0.192     0.063     0.026     0.000     0.012     0.001     0.092     0.069     0.231     0.472     0.573
    21.75    39.75    2129     0.287     0.571     0.422     1.358     0.158     0.000     0.000     0.001     0.018     0.517     0.589     1.739
    21.75    39.75    2130     0.294     0.707     1.060     0.037     0.126     0.040     0.001     0.004     0.283     1.287     2.092     2.989
