      Lon      Lat    Year       Jan       Feb       Mar       Apr       May       Jun       Jul       Aug       Sep       Oct       Nov       Dec
     9.75    49.75    1980    -0.306    -0.272    -0.223    -0.595    -0.813    -0.451    -0.630    -0.613    -0.706    -0.772    -0.583    -0.437
     9.75    49.75    1981    -0.216    -0.226    -0.341    -0.495    -1.304    -2.774    -2.472    -1.395    -0.442    -0.327    -0.267    -0.271
     9.75    49.75    1982    -0.180    -0.184    -0.209    -0.261    -1.098    -2.058    -0.927    -0.590    -0.302    -0.428    -0.335    -0.196
     9.75    49.75    1983    -0.171    -0.205    -0.446    -0.750    -1.108    -0.723    -0.676    -1.317    -2.015    -1.803    -0.338    -0.185
     9.75    49.75    1984    -0.197    -0.236    -0.311    -0.379    -0.515    -0.424    -1.613    -1.692    -1.712    -1.878    -0.502    -0.198
     9.75    49.75    1985    -0.192    -0.177    -0.237    -0.483    -0.834    -0.817    -1.131    -0.917    -0.770    -0.481    -0.269    -0.185
     9.75    49.75    1986    -0.188    -0.188    -0.195    -0.195    -0.948    -2.063    -1.619    -2.285    -0.828    -0.233    -0.199    -0.195
     9.75    49.75    1987    -0.191    -0.193    -0.217    -0.433    -0.452    -0.382    -0.994    -1.230    -0.550    -0.588    -0.411    -0.339
     9.75    49.75    1988    -0.204    -0.234    -0.353    -1.092    -1.583    -2.171    -1.591    -2.789    -2.468    -2.935    -1.254    -0.484
     9.75    49.75    1989    -0.230    -0.204    -0.210    -0.330    -0.341    -0.786    -1.130    -1.548    -0.816    -0.781    -0.258    -0.216
     9.75    49.75    1990    -0.182    -0.192    -0.196    -0.263    -0.571    -0.862    -1.221    -1.502    -2.164    -1.575    -0.707    -0.265
     9.75    49.75    1991    -0.191    -0.197    -0.236    -0.521    -0.750    -0.598    -1.315    -1.940    -2.664    -1.575    -0.460    -0.193
     9.75    49.75    1992    -0.186    -0.203    -0.244    -0.327    -1.122    -0.771    -1.111    -1.468    -1.840    -1.654    -0.491    -0.228
     9.75    49.75    1993    -0.232    -0.228    -0.177    -0.461    -1.173    -1.264    -1.793    -1.759    -0.459    -0.290    -0.260    -0.221
     9.75    49.75    1994    -0.194    -0.202    -0.219    -0.459    -1.136    -1.810    -2.503    -1.999    -1.561    -1.705    -0.342    -0.187
     9.75    49.75    1995    -0.199    -0.202    -0.201    -0.345    -0.503    -1.560    -1.246    -0.410    -1.202    -0.925    -0.246    -0.185
     9.75    49.75    1996    -0.181    -0.204    -0.275    -0.599    -1.597    -1.672    -1.249    -0.617    -0.815    -0.529    -0.292    -0.306
     9.75    49.75    1997    -0.280    -0.286    -0.224    -0.460    -0.521    -0.436    -0.848    -1.279    -0.805    -0.675    -0.429    -0.262
     9.75    49.75    1998    -0.221    -0.232    -0.254    -0.858    -1.487    -0.937    -2.104    -2.403    -0.568    -0.642    -0.633    -0.327
     9.75    49.75    1999    -0.184    -0.222    -0.320    -0.653    -1.810    -0.775    -2.566    -2.804    -2.740    -2.267    -0.643    -0.263
     9.75    49.75    2000    -0.176    -0.210    -0.368    -0.848    -1.773    -1.486    -0.938    -1.589    -0.983    -1.375    -0.332    -0.221
     9.75    49.75    2001    -0.198    -0.198    -0.193    -0.567    -0.898    -1.108    -1.608    -0.874    -1.845    -1.667    -0.547    -0.202
     9.75    49.75    2002    -0.178    -0.184    -0.447    -0.576    -0.480    -2.615    -3.120    -1.864    -0.657    -0.807    -0.805    -0.384
     9.75    49.75    2003    -0.175    -0.175    -0.232    -0.533    -0.643    -1.208    -0.688    -0.571    -0.719    -0.881    -0.455    -0.198
     9.75    49.75    2004    -0.203    -0.213    -0.342    -0.595    -0.534    -0.768    -1.973    -1.387    -0.818    -0.594    -0.366    -0.208
     9.75    49.75    2005    -0.238    -0.193    -0.377    -0.667    -0.776    -1.197    -1.566    -1.732    -1.627    -1.684    -0.271    -0.178
     9.75    49.75    2006    -0.193    -0.182    -0.223    -0.567    -2.187    -2.557    -1.830    -1.404    -2.566    -2.694    -0.637    -0.466
     9.75    49.75    2007    -0.465    -0.452    -0.215    -0.509    -1.652    -2.104    -1.626    -0.458    -0.993    -1.546    -0.694    -0.303
     9.75    49.75    2008    -0.190    -0.184    -0.313    -1.606    -2.412    -1.971    -2.340    -2.110    -1.775    -2.348    -0.607    -0.185
     9.75    49.75    2009    -0.179    -0.208    -0.274    -0.437    -0.680    -0.828    -1.367    -0.974    -0.637    -0.701    -0.465    -0.368
     9.75    49.75    2010    -0.179    -0.186    -0.244    -0.540    -1.455    -0.591    -0.819    -1.523    -0.812    -0.766    -0.357    -0.210
     9.75    49.75    2011    -0.176    -0.235    -0.300    -0.705    -1.105    -1.415    -2.736    -2.488    -2.328    -2.052    -0.370    -0.187
     9.75    49.75    2012    -0.206    -0.241    -0.292    -0.649    -1.702    -2.670    -3.084    -2.700    -2.483    -1.130    -0.367    -0.175
     9.75    49.75    2013    -0.211    -0.273    -0.259    -0.410    -0.396    -0.615    -0.555    -1.163    -1.917    -1.889    -0.572    -0.249
     9.75    49.75    2014    -0.198    -0.189    -0.325    -0.499    -1.230    -1.889    -0.950    -1.288    -1.857    -2.120    -0.581    -0.182
     9.75    49.75    2015    -0.183    -0.205    -0.230    -0.532    -2.436    -1.042    -0.884    -1.262    -1.170    -0.658    -0.242    -0.207
     9.75    49.75    2016    -0.180    -0.213    -0.385    -0.517    -1.043    -0.754    -1.383    -1.554    -1.240    -2.062    -1.204    -0.177
     9.75    49.75    2017    -0.176    -0.236    -0.416    -0.530    -1.617    -1.450    -2.466    -1.709    -1.671    -1.260    -0.466    -0.224
     9.75    49.75    2018    -0.178    -0.193    -0.270    -0.351    -0.600    -2.101    -1.770    -0.755    -1.476    -0.500    -0.294    -0.243
     9.75    49.75    2019    -0.227    -0.220    -0.231    -0.402    -0.862    -1.805    -2.454    -0.772    -0.807    -2.369    -0.865    -0.233
     9.75    49.75    2020    -0.203    -0.210    -0.439    -0.618    -1.047    -2.117    -2.642    -3.191    -3.265    -2.347    -0.295    -0.186
     9.75    49.75    2021    -0.206    -0.196    -0.306    -0.556    -0.837    -0.789    -2.587    -1.937    -1.819    -1.402    -0.521    -0.230
     9.75    49.75    2022    -0.229    -0.190    -0.245    -0.374    -0.637    -0.476    -0.769    -1.576    -2.989    -1.947    -0.714    -0.351
     9.75    49.75    2023    -0.292    -0.302    -0.234    -0.282    -0.426    -2.131    -2.061    -2.034    -2.146    -2.003    -0.563    -0.180
     9.75    49.75    2024    -0.181    -0.247    -0.361    -0.706    -0.660    -1.041    -1.728    -1.709    -1.560    -1.145    -0.282    -0.188
     9.75    49.75    2025    -0.178    -0.174    -0.218    -0.333    -0.439    -1.231    -2.127    -2.006    -0.770    -0.515    -0.236    -0.174
     9.75    49.75    2026    -0.173    -0.200    -0.265    -0.568    -1.652    -2.109    -2.478    -2.402    -2.305    -1.778    -1.244    -0.524
     9.75    49.75    2027    -0.224    -0.171    -0.254    -0.269    -0.751    -1.133    -2.356    -1.979    -2.712    -2.615    -0.532    -0.200
     9.75    49.75    2028    -0.182    -0.230    -0.322    -0.430    -2.025    -3.244    -3.270    -3.220    -2.595    -1.990    -0.703    -0.368
     9.75    49.75    2029    -0.173    -0.198    -0.219    -0.375    -1.708    -0.941    -1.234    -1.772    -2.227    -2.730    -1.544    -0.420
     9.75    49.75    2030    -0.414    -0.246    -0.345    -0.651    -1.145    -2.442    -2.087    -2.760    -3.076    -2.842    -1.007    -0.373
     9.75    49.75    2031    -0.323    -0.317    -0.201    -0.245    -0.855    -0.325    -0.871    -2.210    -3.067    -2.328    -0.894    -0.312
     9.75    49.75    2032    -0.238    -0.200    -0.202    -0.678    -2.614    -0.959    -3.030    -2.946    -2.395    -3.048    -1.131    -0.271
     9.75    49.75    2033    -0.177    -0.193    -0.263    -0.339    -1.084    -2.215    -1.794    -1.859    -2.866    -2.823    -0.929    -0.265
     9.75    49.75    2034    -0.210    -0.206    -0.397    -0.377    -0.757    -2.357    -2.105    -1.979    -0.942    -1.783    -0.480    -0.248
     9.75    49.75    2035    -0.190    -0.180    -0.234    -0.357    -1.447    -2.677    -2.744    -2.685    -3.245    -1.807    -0.881    -0.419
     9.75    49.75    2036    -0.423    -0.319    -0.192    -0.309    -0.564    -0.815    -2.256    -2.787    -2.639    -2.892    -1.290    -0.361
     9.75    49.75    2037    -0.186    -0.252    -0.507    -0.442    -0.764    -1.392    -2.899    -2.910    -3.138    -2.207    -0.788    -0.186
     9.75    49.75    2038    -0.174    -0.226    -0.417    -0.499    -2.052    -3.188    -2.825    -1.443    -1.453    -1.966    -0.803    -0.202
     9.75    49.75    2039    -0.174    -0.195    -0.318    -0.652    -0.602    -0.372    -0.785    -1.188    -1.289    -2.321    -0.800    -0.232
     9.75    49.75    2040    -0.213    -0.322    -0.381    -0.567    -0.588    -0.470    -1.550    -1.360    -2.528    -2.069    -0.558    -0.198
     9.75    49.75    2041    -0.198    -0.215    -0.246    -0.766    -1.539    -0.621    -1.140    -0.832    -0.531    -0.576    -0.407    -0.214
     9.75    49.75    2042    -0.186    -0.187    -0.323    -0.518    -0.530    -0.778    -0.682    -1.085    -1.422    -1.202    -1.033    -0.223
     9.75    49.75    2043    -0.213    -0.223    -0.293    -0.409    -0.702    -2.443    -2.104    -2.694    -3.062    -1.990    -0.438    -0.236
     9.75    49.75    2044    -0.185    -0.201    -0.304    -0.401    -1.295    -2.404    -2.413    -2.603    -2.239    -2.199    -0.921    -0.240
     9.75    49.75    2045    -0.184    -0.204    -0.345    -1.094    -2.932    -2.855    -1.299    -2.308    -2.683    -1.949    -0.396    -0.196
     9.75    49.75    2046    -0.178    -0.198    -0.291    -0.438    -1.024    -2.664    -2.309    -1.595    -1.851    -2.694    -0.724    -0.222
     9.75    49.75    2047    -0.192    -0.192    -0.233    -0.426    -0.489    -0.367    -1.001    -2.390    -3.090    -1.912    -0.516    -0.207
     9.75    49.75    2048    -0.210    -0.211    -0.265    -0.844    -1.602    -2.926    -3.016    -1.980    -2.575    -2.993    -0.930    -0.237
     9.75    49.75    2049    -0.175    -0.237    -0.211    -0.405    -0.972    -2.579    -3.210    -3.105    -3.313    -3.344    -1.244    -0.185
     9.75    49.75    2050    -0.175    -0.208    -0.377    -0.331    -0.322    -0.482    -1.991    -1.966    -3.356    -1.488    -0.197    -0.180
     9.75    49.75    2051    -0.178    -0.228    -0.508    -1.043    -0.951    -1.000    -1.030    -1.946    -3.296    -2.165    -0.787    -0.231
     9.75    49.75    2052    -0.183    -0.216    -0.311    -0.449    -0.563    -0.944    -2.468    -3.180    -2.904    -1.255    -0.360    -0.202
     9.75    49.75    2053    -0.183    -0.186    -0.248    -0.526    -0.762    -1.619    -1.687    -0.458    -1.767    -1.605    -0.596    -0.228
     9.75    49.75    2054    -0.180    -0.227    -0.278    -0.384    -2.168    -3.042    -3.256    -3.289    -3.367    -2.061    -1.080    -0.641
     9.75    49.75    2055    -0.373    -0.343    -0.440    -0.707    -0.789    -0.666    -1.872    -2.098    -2.706    -2.741    -0.708    -0.267
     9.75    49.75    2056    -0.207    -0.209    -0.302    -0.851    -1.967    -3.227    -3.205    -3.171    -3.347    -3.163    -1.120    -0.201
     9.75    49.75    2057    -0.180    -0.231    -0.440    -1.751    -3.328    -2.069    -0.851    -1.512    -3.227    -1.115    -0.292    -0.174
     9.75    49.75    2058    -0.183    -0.194    -0.301    -0.627    -1.451    -2.137    -2.058    -2.227    -3.321    -1.983    -0.794    -0.266
     9.75    49.75    2059    -0.186    -0.188    -0.290    -0.522    -0.740    -1.813    -2.991    -3.251    -3.426    -1.978    -0.220    -0.189
     9.75    49.75    2060    -0.222    -0.231    -0.254    -0.822    -3.140    -2.887    -3.348    -1.159    -2.388    -1.280    -0.310    -0.260
     9.75    49.75    2061    -0.183    -0.238    -0.315    -0.583    -2.484    -3.151    -3.318    -3.021    -3.304    -2.925    -0.933    -0.376
     9.75    49.75    2062    -0.217    -0.205    -0.280    -0.569    -1.790    -3.016    -2.802    -1.982    -1.638    -3.155    -1.670    -0.408
     9.75    49.75    2063    -0.177    -0.200    -0.278    -0.442    -1.424    -1.737    -1.482    -2.987    -2.124    -2.923    -1.033    -0.177
     9.75    49.75    2064    -0.183    -0.196    -0.323    -0.423    -0.531    -0.853    -2.261    -2.399    -1.451    -0.661    -0.308    -0.206
     9.75    49.75    2065    -0.199    -0.185    -0.259    -0.544    -1.696    -0.931    -1.944    -2.262    -2.861    -1.733    -0.356    -0.253
     9.75    49.75    2066    -0.184    -0.212    -0.311    -0.383    -1.055    -2.715    -2.388    -2.523    -2.944    -1.742    -0.573    -0.267
     9.75    49.75    2067    -0.209    -0.246    -0.312    -0.441    -1.950    -2.437    -2.622    -2.212    -3.113    -0.968    -0.580    -0.243
     9.75    49.75    2068    -0.185    -0.218    -0.381    -0.469    -0.930    -2.428    -3.056    -3.173    -3.350    -3.142    -0.807    -0.186
     9.75    49.75    2069    -0.219    -0.267    -0.375    -2.017    -2.581    -2.970    -3.340    -2.817    -3.152    -2.041    -0.587    -0.239
     9.75    49.75    2070    -0.193    -0.184    -0.230    -0.582    -0.708    -1.590    -2.336    -2.527    -3.119    -1.197    -0.325    -0.205
     9.75    49.75    2071    -0.180    -0.179    -0.290    -0.412    -2.366    -2.645    -3.113    -1.689    -2.995    -2.542    -0.634    -0.363
     9.75    49.75    2072    -0.323    -0.241    -0.552    -0.790    -1.431    -0.844    -0.921    -2.426    -3.282    -1.721    -0.311    -0.178
     9.75    49.75    2073    -0.188    -0.220    -0.261    -0.574    -0.647    -0.956    -1.191    -2.240    -2.761    -1.641    -0.483    -0.251
     9.75    49.75    2074    -0.195    -0.181    -0.357    -1.324    -2.727    -3.237    -3.270    -3.284    -2.875    -0.716    -0.194    -0.174
     9.75    49.75    2075    -0.193    -0.216    -0.357    -0.804    -2.455    -2.579    -3.052    -2.094    -2.662    -2.433    -0.982    -0.296
     9.75    49.75    2076    -0.206    -0.199    -0.248    -0.640    -1.865    -2.751    -2.857    -1.983    -0.969    -0.351    -0.205    -0.176
     9.75    49.75    2077    -0.194    -0.270    -0.337    -1.607    -3.387    -3.123    -3.332    -3.020    -2.881    -2.191    -0.261    -0.174
     9.75    49.75    2078    -0.186    -0.207    -0.344    -0.529    -1.251    -1.891    -2.309    -3.045    -3.232    -1.734    -0.725    -0.176
     9.75    49.75    2079    -0.177    -0.184    -0.234    -0.703    -0.880    -1.986    -3.263    -3.242    -2.995    -1.111    -0.444    -0.222
     9.75    49.75    2080    -0.250    -0.353    -0.285    -0.359    -1.205    -3.142    -3.044    -3.106    -3.211    -1.296    -0.265    -0.177
     9.75    49.75    2081    -0.191    -0.189    -0.304    -0.534    -1.229    -2.552    -2.373    -3.203    -3.295    -1.802    -0.227    -0.181
     9.75    49.75    2082    -0.193    -0.187    -0.297    -0.481    -0.590    -1.728    -3.298    -3.164    -3.380    -1.166    -0.184    -0.177
     9.75    49.75    2083    -0.201    -0.241    -0.345    -0.534    -1.488    -2.220    -2.863    -1.991    -2.452    -1.524    -0.385    -0.275
     9.75    49.75    2084    -0.212    -0.240    -0.363    -0.361    -1.067    -2.842    -3.372    -3.145    -3.284    -0.856    -0.265    -0.178
     9.75    49.75    2085    -0.177    -0.263    -0.447    -1.064    -3.158    -3.281    -3.346    -3.365    -3.404    -2.749    -0.912    -0.334
     9.75    49.75    2086    -0.244    -0.224    -0.425    -0.797    -2.530    -3.275    -2.969    -2.316    -1.388    -2.150    -0.845    -0.227
     9.75    49.75    2087    -0.196    -0.174    -0.304    -0.464    -1.820    -3.298    -3.087    -1.035    -2.466    -2.091    -0.596    -0.210
     9.75    49.75    2088    -0.195    -0.252    -0.227    -0.402    -1.948    -2.865    -3.249    -1.268    -2.342    -2.364    -0.545    -0.174
     9.75    49.75    2089    -0.176    -0.193    -0.210    -0.466    -2.920    -3.260    -2.668    -2.545    -3.356    -1.981    -0.723    -0.243
     9.75    49.75    2090    -0.196    -0.248    -0.256    -0.398    -0.674    -1.545    -2.172    -1.260    -0.805    -0.816    -0.509    -0.334
     9.75    49.75    2091    -0.189    -0.271    -0.328    -0.402    -0.581    -1.418    -2.768    -3.134    -1.444    -0.833    -0.801    -0.277
     9.75    49.75    2092    -0.186    -0.200    -0.265    -0.325    -0.672    -2.703    -3.232    -3.163    -3.152    -2.049    -0.457    -0.211
     9.75    49.75    2093    -0.188    -0.189    -0.262    -0.897    -2.095    -2.438    -1.661    -1.469    -2.389    -2.088    -0.795    -0.223
     9.75    49.75    2094    -0.178    -0.204    -0.316    -0.628    -0.536    -0.435    -1.027    -1.656    -1.096    -0.667    -0.283    -0.181
     9.75    49.75    2095    -0.184    -0.212    -0.534    -0.686    -1.080    -0.670    -2.193    -2.745    -3.017    -2.236    -0.367    -0.187
     9.75    49.75    2096    -0.180    -0.196    -0.287    -0.811    -2.251    -2.135    -2.822    -2.812    -2.958    -2.575    -0.646    -0.220
     9.75    49.75    2097    -0.177    -0.211    -0.420    -0.649    -2.315    -3.058    -2.633    -3.314    -3.334    -1.671    -0.671    -0.250
     9.75    49.75    2098    -0.186    -0.242    -0.523    -0.914    -0.727    -1.389    -3.123    -3.389    -2.772    -0.707    -0.226    -0.181
     9.75    49.75    2099    -0.196    -0.218    -0.303    -0.480    -2.092    -2.938    -3.229    -2.119    -2.772    -1.453    -0.305    -0.174
     9.75    49.75    2100    -0.197    -0.240    -0.208    -0.247    -0.444    -1.244    -2.950    -2.739    -2.098    -1.898    -0.362    -0.176
     9.75    49.75    2101    -0.180    -0.189    -0.264    -0.567    -2.298    -2.497    -3.027    -1.876    -2.744    -2.168    -0.540    -0.347
     9.75    49.75    2102    -0.321    -0.276    -0.597    -0.689    -1.377    -0.805    -0.928    -2.362    -3.235    -1.518    -0.228    -0.180
     9.75    49.75    2103    -0.189    -0.220    -0.268    -0.571    -0.526    -0.605    -1.439    -1.412    -3.124    -1.607    -0.382    -0.238
     9.75    49.75    2104    -0.182    -0.196    -0.354    -1.028    -2.513    -3.077    -3.134    -3.184    -2.240    -0.441    -0.242    -0.177
     9.75    49.75    2105    -0.191    -0.233    -0.353    -0.750    -2.099    -2.072    -3.021    -2.342    -2.266    -2.263    -0.740    -0.354
     9.75    49.75    2106    -0.208    -0.214    -0.250    -0.484    -2.132    -2.711    -2.724    -1.908    -0.955    -0.372    -0.244    -0.176
     9.75    49.75    2107    -0.195    -0.261    -0.332    -1.716    -3.362    -3.155    -3.313    -2.898    -2.899    -1.377    -0.275    -0.177
     9.75    49.75    2108    -0.179    -0.213    -0.329    -0.443    -1.329    -1.844    -2.114    -2.894    -3.081    -1.681    -0.596    -0.181
     9.75    49.75    2109    -0.182    -0.185    -0.217    -0.667    -0.711    -1.770    -3.176    -3.152    -2.855    -1.141    -0.459    -0.299
     9.75    49.75    2110    -0.252    -0.328    -0.268    -0.327    -0.891    -3.129    -2.685    -2.983    -3.145    -1.155    -0.226    -0.178
     9.75    49.75    2111    -0.193    -0.193    -0.265    -0.538    -1.124    -2.425    -2.522    -3.174    -3.290    -1.242    -0.237    -0.178
     9.75    49.75    2112    -0.188    -0.193    -0.242    -0.446    -0.500    -1.658    -3.260    -3.172    -3.314    -0.898    -0.186    -0.179
     9.75    49.75    2113    -0.193    -0.238    -0.315    -0.546    -1.848    -2.177    -2.531    -1.691    -2.423    -1.343    -0.432    -0.269
     9.75    49.75    2114    -0.189    -0.235    -0.355    -0.359    -0.723    -2.817    -3.310    -2.862    -3.228    -1.484    -0.210    -0.177
     9.75    49.75    2115    -0.177    -0.256    -0.396    -1.135    -2.959    -3.234    -3.254    -3.231    -3.363    -2.721    -1.294    -0.349
     9.75    49.75    2116    -0.241    -0.290    -0.382    -0.757    -2.571    -3.261    -2.762    -2.353    -2.006    -2.068    -0.695    -0.226
     9.75    49.75    2117    -0.189    -0.191    -0.303    -0.331    -2.085    -3.280    -3.007    -1.381    -2.293    -1.893    -0.507    -0.256
     9.75    49.75    2118    -0.190    -0.254    -0.249    -0.367    -2.070    -2.929    -3.069    -2.141    -1.753    -2.216    -0.521    -0.176
     9.75    49.75    2119    -0.179    -0.192    -0.229    -0.534    -2.785    -3.248    -2.557    -2.948    -3.368    -1.591    -0.556    -0.250
     9.75    49.75    2120    -0.198    -0.273    -0.246    -0.408    -0.627    -1.429    -1.432    -1.679    -1.007    -0.496    -0.590    -0.370
     9.75    49.75    2121    -0.228    -0.255    -0.283    -0.413    -0.481    -1.393    -2.927    -3.217    -1.290    -1.031    -0.720    -0.319
     9.75    49.75    2122    -0.184    -0.188    -0.322    -0.348    -0.549    -2.649    -3.186    -3.029    -3.136    -1.878    -0.596    -0.195
     9.75    49.75    2123    -0.187    -0.194    -0.238    -0.894    -1.732    -2.333    -2.227    -1.065    -2.649    -1.093    -0.736    -0.234
     9.75    49.75    2124    -0.175    -0.198    -0.323    -0.601    -0.346    -0.486    -1.030    -1.179    -1.293    -1.093    -0.332    -0.177
     9.75    49.75    2125    -0.181    -0.225    -0.551    -0.838    -0.865    -0.509    -2.272    -2.968    -3.150    -1.575    -0.451    -0.205
     9.75    49.75    2126    -0.181    -0.202    -0.314    -0.920    -2.372    -2.197    -2.682    -2.844    -2.796    -2.412    -0.620    -0.188
     9.75    49.75    2127    -0.182    -0.212    -0.412    -0.632    -2.153    -2.916    -2.664    -3.122    -3.282    -1.944    -0.700    -0.201
     9.75    49.75    2128    -0.191    -0.257    -0.544    -1.142    -0.889    -1.083    -2.998    -3.374    -2.825    -0.549    -0.251    -0.181
     9.75    49.75    2129    -0.204    -0.211    -0.290    -0.445    -2.175    -2.980    -3.086    -2.738    -2.401    -1.524    -0.229    -0.179
     9.75    49.75    2130    -0.193    -0.197    -0.214    -0.242    -0.469    -1.112    -3.036    -2.932    -2.643    -1.203    -0.270    -0.176
    13.75    55.75    1980    -0.145    -0.146    -0.174    -0.311    -1.555    -2.345    -2.979    -3.126    -0.822    -0.188    -0.158    -0.158
    13.75    55.75    1981    -0.141    -0.156    -0.228    -0.395    -1.299    -2.333    -2.666    -3.298    -2.368    -0.568    -0.144    -0.142
    13.75    55.75    1982    -0.145    -0.149    -0.198    -0.331    -0.699    -1.136    -3.214    -2.957    -1.891    -0.287    -0.193    -0.142
    13.75    55.75    1983    -0.141    -0.141    -0.214    -0.398    -1.022    -1.594    -2.459    -3.289    -2.964    -1.072    -0.250    -0.141
    13.75    55.75    1984    -0.142    -0.160    -0.219    -0.329    -0.416    -1.039    -0.671    -0.367    -0.420    -0.287    -0.142    -0.142
    13.75    55.75    1985    -0.140    -0.142    -0.144    -0.164    -0.293    -0.556    -0.610    -0.259    -0.320    -0.152    -0.142    -0.141
    13.75    55.75    1986    -0.141    -0.142    -0.143    -0.145    -0.388    -1.501    -2.675    -0.576    -0.210    -0.152    -0.145    -0.141
    13.75    55.75    1987    -0.145    -0.145    -0.146    -0.171    -1.161    -1.086    -0.874    -2.840    -0.272    -0.170    -0.153    -0.142
    13.75    55.75    1988    -0.141    -0.153    -0.219    -0.440    -0.925    -2.605    -2.928    -2.484    -1.468    -0.752    -0.383    -0.160
    13.75    55.75    1989    -0.143    -0.145    -0.148    -0.252    -0.560    -2.364    -2.207    -2.376    -1.323    -0.297    -0.153    -0.146
    13.75    55.75    1990    -0.142    -0.161    -0.161    -0.197    -0.648    -0.385    -1.841    -1.573    -0.314    -0.356    -0.216    -0.143
    13.75    55.75    1991    -0.140    -0.141    -0.164    -0.361    -0.884    -3.094    -2.694    -0.299    -0.230    -0.179    -0.144    -0.141
    13.75    55.75    1992    -0.142    -0.155    -0.170    -0.297    -0.502    -0.654    -1.448    -3.179    -1.918    -1.234    -0.321    -0.142
    13.75    55.75    1993    -0.142    -0.140    -0.144    -0.349    -0.732    -1.452    -0.584    -0.481    -0.537    -0.349    -0.172    -0.181
    13.75    55.75    1994    -0.164    -0.150    -0.160    -0.358    -0.971    -1.044    -0.754    -0.367    -0.378    -0.182    -0.146    -0.143
    13.75    55.75    1995    -0.145    -0.145    -0.162    -0.315    -0.775    -0.974    -2.445    -2.965    -1.994    -0.399    -0.165    -0.143
    13.75    55.75    1996    -0.142    -0.153    -0.182    -0.273    -0.797    -2.266    -2.916    -1.419    -1.069    -0.245    -0.149    -0.144
    13.75    55.75    1997    -0.146    -0.149    -0.152    -0.245    -1.208    -1.869    -1.037    -0.969    -0.348    -0.247    -0.163    -0.144
    13.75    55.75    1998    -0.145    -0.170    -0.240    -0.514    -1.310    -0.680    -1.907    -2.877    -0.749    -0.583    -0.309    -0.181
    13.75    55.75    1999    -0.154    -0.155    -0.184    -0.343    -0.560    -2.258    -2.722    -2.214    -0.501    -0.173    -0.165    -0.143
    13.75    55.75    2000    -0.142    -0.153    -0.203    -0.534    -2.245    -2.597    -3.152    -3.181    -0.939    -0.342    -0.156    -0.144
    13.75    55.75    2001    -0.146    -0.148    -0.152    -0.233    -0.414    -0.540    -0.586    -0.355    -0.198    -0.204    -0.152    -0.141
    13.75    55.75    2002    -0.143    -0.143    -0.226    -0.273    -0.478    -2.766    -2.684    -1.091    -0.241    -0.194    -0.177    -0.147
    13.75    55.75    2003    -0.146    -0.148    -0.152    -0.224    -0.502    -2.084    -1.573    -0.700    -0.703    -0.157    -0.148    -0.142
    13.75    55.75    2004    -0.143    -0.149    -0.188    -0.330    -0.626    -0.633    -0.185    -0.600    -1.046    -0.950    -0.179    -0.145
    13.75    55.75    2005    -0.146    -0.160    -0.260    -0.487    -1.505    -0.552    -2.580    -3.024    -1.711    -0.469    -0.143    -0.142
    13.75    55.75    2006    -0.141    -0.141    -0.161    -0.352    -1.423    -0.319    -0.431    -1.035    -0.302    -0.166    -0.155    -0.158
    13.75    55.75    2007    -0.160    -0.160    -0.147    -0.359    -1.408    -3.042    -3.304    -2.685    -2.000    -0.689    -0.228    -0.143
    13.75    55.75    2008    -0.145    -0.153    -0.221    -0.555    -0.759    -0.817    -1.220    -3.049    -2.876    -1.050    -0.239    -0.150
    13.75    55.75    2009    -0.141    -0.141    -0.157    -0.326    -0.410    -2.179    -0.762    -1.117    -0.332    -0.221    -0.218    -0.195
    13.75    55.75    2010    -0.148    -0.154    -0.197    -0.361    -1.188    -2.516    -2.966    -3.141    -0.661    -0.158    -0.155    -0.146
    13.75    55.75    2011    -0.140    -0.142    -0.163    -0.415    -0.803    -2.711    -3.445    -1.305    -0.641    -0.243    -0.162    -0.141
    13.75    55.75    2012    -0.150    -0.168    -0.175    -0.271    -0.726    -0.329    -1.273    -1.391    -1.151    -0.451    -0.141    -0.141
    13.75    55.75    2013    -0.145    -0.181    -0.266    -0.326    -0.511    -0.398    -1.764    -2.967    -1.981    -1.548    -0.498    -0.195
    13.75    55.75    2014    -0.145    -0.148    -0.190    -0.318    -0.700    -2.081    -3.408    -3.195    -2.802    -2.601    -0.504    -0.143
    13.75    55.75    2015    -0.142    -0.151    -0.171    -0.242    -1.247    -3.464    -3.466    -2.460    -0.266    -0.202    -0.149    -0.142
    13.75    55.75    2016    -0.141    -0.158    -0.214    -0.369    -1.205    -2.972    -1.972    -2.619    -2.182    -1.828    -0.217    -0.144
    13.75    55.75    2017    -0.143    -0.164    -0.270    -0.372    -0.525    -2.509    -0.300    -0.426    -0.480    -0.236    -0.149    -0.140
    13.75    55.75    2018    -0.144    -0.155    -0.164    -0.322    -0.822    -0.685    -2.100    -2.526    -3.348    -0.825    -0.224    -0.197
    13.75    55.75    2019    -0.199    -0.186    -0.165    -0.284    -0.632    -2.024    -3.454    -2.306    -2.492    -0.736    -0.369    -0.159
    13.75    55.75    2020    -0.144    -0.151    -0.202    -0.523    -2.190    -3.424    -2.709    -1.359    -1.125    -0.748    -0.147    -0.143
    13.75    55.75    2021    -0.149    -0.178    -0.259    -0.529    -2.426    -2.866    -3.296    -2.600    -0.568    -0.231    -0.146    -0.141
    13.75    55.75    2022    -0.144    -0.153    -0.172    -0.301    -1.433    -2.474    -0.365    -0.447    -1.365    -0.679    -0.151    -0.141
    13.75    55.75    2023    -0.149    -0.165    -0.170    -0.263    -0.942    -3.129    -1.544    -0.552    -1.714    -0.867    -0.149    -0.141
    13.75    55.75    2024    -0.143    -0.145    -0.206    -0.402    -0.914    -0.627    -2.694    -2.349    -1.044    -0.253    -0.151    -0.147
    13.75    55.75    2025    -0.140    -0.140    -0.147    -0.220    -0.332    -0.294    -0.368    -0.350    -0.373    -0.418    -0.169    -0.144
    13.75    55.75    2026    -0.141    -0.150    -0.217    -0.250    -0.970    -1.215    -3.027    -0.612    -0.231    -0.196    -0.146    -0.143
    13.75    55.75    2027    -0.144    -0.148    -0.181    -0.265    -0.566    -0.960    -1.509    -1.241    -0.564    -0.218    -0.185    -0.147
    13.75    55.75    2028    -0.143    -0.176    -0.257    -0.347    -0.768    -1.130    -1.311    -1.585    -0.228    -0.294    -0.201    -0.148
    13.75    55.75    2029    -0.144    -0.157    -0.158    -0.198    -0.540    -1.249    -1.655    -2.823    -1.151    -0.451    -0.258    -0.144
    13.75    55.75    2030    -0.144    -0.145    -0.164    -0.305    -1.019    -1.906    -2.440    -3.235    -1.702    -0.812    -0.516    -0.142
    13.75    55.75    2031    -0.141    -0.143    -0.145    -0.203    -0.335    -1.658    -0.678    -0.442    -0.663    -0.356    -0.254    -0.150
    13.75    55.75    2032    -0.143    -0.154    -0.201    -0.374    -1.077    -1.790    -0.879    -0.637    -1.212    -0.572    -0.189    -0.142
    13.75    55.75    2033    -0.145    -0.153    -0.180    -0.342    -1.416    -1.848    -2.752    -1.676    -0.996    -1.451    -0.461    -0.144
    13.75    55.75    2034    -0.141    -0.147    -0.179    -0.225    -0.525    -2.442    -2.823    -1.011    -0.554    -0.539    -0.297    -0.206
    13.75    55.75    2035    -0.145    -0.147    -0.186    -0.208    -0.834    -1.985    -1.447    -1.154    -0.632    -0.183    -0.152    -0.143
    13.75    55.75    2036    -0.143    -0.142    -0.243    -0.360    -1.721    -2.552    -3.268    -2.319    -1.090    -1.736    -0.509    -0.144
    13.75    55.75    2037    -0.142    -0.158    -0.263    -0.413    -1.084    -1.144    -0.632    -0.378    -0.650    -0.347    -0.148    -0.142
    13.75    55.75    2038    -0.142    -0.152    -0.203    -0.382    -1.559    -2.472    -3.230    -2.013    -0.856    -0.389    -0.209    -0.143
    13.75    55.75    2039    -0.141    -0.142    -0.202    -0.401    -0.519    -0.564    -0.557    -2.820    -1.485    -0.445    -0.203    -0.150
    13.75    55.75    2040    -0.144    -0.176    -0.225    -0.306    -0.778    -1.508    -1.187    -1.757    -2.730    -1.175    -0.298    -0.142
    13.75    55.75    2041    -0.144    -0.153    -0.167    -0.364    -0.428    -0.943    -3.120    -2.862    -0.794    -0.160    -0.148    -0.142
    13.75    55.75    2042    -0.145    -0.161    -0.247    -0.443    -1.336    -2.726    -3.169    -0.834    -0.205    -0.210    -0.161    -0.144
    13.75    55.75    2043    -0.147    -0.156    -0.196    -0.202    -1.192    -3.258    -1.428    -1.838    -1.122    -0.242    -0.145    -0.143
    13.75    55.75    2044    -0.144    -0.164    -0.244    -0.317    -0.707    -1.285    -1.014    -1.472    -1.038    -0.557    -0.264    -0.147
    13.75    55.75    2045    -0.143    -0.152    -0.206    -0.316    -1.411    -2.571    -3.130    -1.776    -0.426    -0.171    -0.147    -0.143
    13.75    55.75    2046    -0.142    -0.153    -0.206    -0.636    -2.456    -2.839    -3.372    -1.967    -1.309    -0.215    -0.159    -0.142
    13.75    55.75    2047    -0.145    -0.182    -0.253    -0.463    -0.736    -1.558    -0.432    -0.240    -0.258    -0.257    -0.200    -0.144
    13.75    55.75    2048    -0.142    -0.144    -0.152    -0.232    -0.552    -2.170    -0.990    -0.500    -0.538    -0.551    -0.259    -0.145
    13.75    55.75    2049    -0.143    -0.150    -0.169    -0.345    -0.560    -0.695    -1.767    -2.090    -1.746    -1.950    -0.326    -0.143
    13.75    55.75    2050    -0.148    -0.146    -0.214    -0.249    -0.246    -0.753    -2.667    -3.287    -3.237    -0.521    -0.154    -0.148
    13.75    55.75    2051    -0.142    -0.151    -0.260    -0.580    -1.164    -2.718    -3.181    -2.852    -1.315    -0.338    -0.297    -0.157
    13.75    55.75    2052    -0.146    -0.149    -0.154    -0.317    -0.401    -1.492    -0.806    -1.110    -0.697    -0.372    -0.171    -0.145
    13.75    55.75    2053    -0.145    -0.147    -0.163    -0.261    -0.500    -1.891    -1.602    -0.296    -0.690    -0.330    -0.199    -0.180
    13.75    55.75    2054    -0.148    -0.163    -0.224    -0.320    -2.131    -1.543    -0.643    -1.537    -1.449    -1.318    -0.553    -0.235
    13.75    55.75    2055    -0.166    -0.163    -0.256    -0.457    -0.570    -2.480    -2.780    -1.787    -3.055    -0.545    -0.153    -0.150
    13.75    55.75    2056    -0.144    -0.155    -0.281    -0.464    -0.971    -3.053    -3.193    -2.320    -0.644    -0.261    -0.146    -0.142
    13.75    55.75    2057    -0.144    -0.156    -0.286    -0.788    -2.090    -2.210    -1.429    -1.377    -0.814    -0.177    -0.144    -0.144
    13.75    55.75    2058    -0.147    -0.150    -0.209    -0.367    -0.563    -1.924    -0.890    -0.295    -0.457    -0.301    -0.179    -0.143
    13.75    55.75    2059    -0.146    -0.146    -0.149    -0.186    -0.498    -1.713    -1.847    -2.487    -2.241    -1.290    -0.172    -0.146
    13.75    55.75    2060    -0.150    -0.161    -0.196    -0.363    -1.417    -1.451    -1.874    -0.315    -0.598    -0.523    -0.232    -0.154
    13.75    55.75    2061    -0.149    -0.167    -0.182    -0.275    -1.409    -0.932    -1.189    -1.925    -2.825    -1.205    -0.237    -0.148
    13.75    55.75    2062    -0.150    -0.161    -0.188    -0.259    -1.293    -3.143    -1.709    -0.889    -0.934    -0.385    -0.227    -0.149
    13.75    55.75    2063    -0.149    -0.163    -0.179    -0.371    -1.301    -2.655    -1.335    -1.601    -1.252    -0.385    -0.226    -0.149
    13.75    55.75    2064    -0.148    -0.153    -0.189    -0.270    -0.572    -2.543    -1.358    -2.954    -1.579    -0.239    -0.149    -0.147
    13.75    55.75    2065    -0.150    -0.158    -0.214    -0.354    -0.415    -0.341    -0.902    -2.009    -0.792    -0.362    -0.153    -0.148
    13.75    55.75    2066    -0.148    -0.154    -0.189    -0.367    -0.932    -2.357    -3.004    -2.898    -2.649    -1.438    -0.301    -0.151
    13.75    55.75    2067    -0.147    -0.167    -0.232    -0.340    -1.494    -0.619    -2.185    -2.727    -2.824    -0.530    -0.182    -0.147
    13.75    55.75    2068    -0.146    -0.160    -0.203    -0.234    -0.371    -0.831    -1.299    -1.891    -3.116    -3.075    -1.580    -0.182
    13.75    55.75    2069    -0.150    -0.155    -0.243    -0.737    -1.004    -1.227    -2.362    -2.705    -1.624    -1.110    -0.448    -0.192
    13.75    55.75    2070    -0.149    -0.153    -0.195    -0.454    -0.408    -0.443    -0.390    -1.038    -2.089    -0.347    -0.156    -0.147
    13.75    55.75    2071    -0.152    -0.174    -0.205    -0.357    -1.863    -1.427    -0.391    -2.809    -0.913    -0.309    -0.260    -0.209
    13.75    55.75    2072    -0.156    -0.151    -0.283    -0.334    -0.937    -0.984    -1.639    -2.479    -1.228    -0.351    -0.217    -0.152
    13.75    55.75    2073    -0.153    -0.167    -0.188    -0.525    -1.010    -2.132    -3.305    -1.904    -1.799    -0.714    -0.155    -0.152
    13.75    55.75    2074    -0.149    -0.153    -0.196    -0.373    -0.620    -0.861    -1.902    -2.458    -1.816    -0.471    -0.161    -0.148
    13.75    55.75    2075    -0.149    -0.176    -0.190    -0.386    -1.320    -1.026    -1.933    -2.609    -3.126    -1.650    -0.352    -0.185
    13.75    55.75    2076    -0.150    -0.169    -0.257    -0.434    -0.801    -2.791    -1.263    -1.775    -0.822    -0.203    -0.156    -0.147
    13.75    55.75    2077    -0.150    -0.179    -0.269    -0.750    -2.724    -2.261    -2.505    -2.961    -1.547    -0.312    -0.148    -0.147
    13.75    55.75    2078    -0.147    -0.159    -0.201    -0.322    -0.872    -1.176    -0.364    -0.947    -1.086    -0.356    -0.227    -0.148
    13.75    55.75    2079    -0.154    -0.177    -0.162    -0.221    -0.425    -0.361    -0.330    -0.794    -1.062    -0.431    -0.217    -0.154
    13.75    55.75    2080    -0.156    -0.166    -0.181    -0.205    -0.710    -2.715    -2.970    -2.731    -0.574    -0.364    -0.156    -0.155
    13.75    55.75    2081    -0.154    -0.159    -0.236    -0.402    -1.192    -0.895    -2.473    -2.888    -1.970    -1.049    -0.152    -0.152
    13.75    55.75    2082    -0.155    -0.159    -0.177    -0.284    -0.401    -1.013    -2.384    -1.776    -0.510    -0.179    -0.152    -0.150
    13.75    55.75    2083    -0.152    -0.166    -0.250    -0.321    -0.704    -1.286    -0.404    -0.560    -0.386    -0.284    -0.161    -0.151
    13.75    55.75    2084    -0.149    -0.180    -0.213    -0.252    -0.230    -0.763    -0.817    -1.482    -1.299    -0.309    -0.150    -0.150
    13.75    55.75    2085    -0.148    -0.169    -0.250    -0.453    -1.433    -2.906    -3.076    -3.206    -1.034    -0.452    -0.270    -0.148
    13.75    55.75    2086    -0.146    -0.162    -0.180    -0.277    -1.205    -3.197    -2.449    -0.479    -0.250    -0.230    -0.168    -0.145
    13.75    55.75    2087    -0.150    -0.148    -0.252    -0.402    -1.006    -2.728    -2.868    -1.109    -0.245    -0.200    -0.150    -0.147
    13.75    55.75    2088    -0.149    -0.160    -0.211    -0.241    -0.700    -0.938    -0.331    -0.442    -0.203    -0.206    -0.165    -0.149
    13.75    55.75    2089    -0.150    -0.161    -0.191    -0.372    -1.232    -3.264    -3.348    -0.277    -0.182    -0.357    -0.214    -0.150
    13.75    55.75    2090    -0.150    -0.166    -0.191    -0.332    -0.883    -1.141    -0.814    -1.272    -1.418    -0.560    -0.327    -0.203
    13.75    55.75    2091    -0.157    -0.157    -0.225    -0.304    -0.663    -0.430    -0.412    -0.309    -0.208    -0.212    -0.156    -0.150
    13.75    55.75    2092    -0.150    -0.154    -0.174    -0.194    -0.457    -1.330    -0.325    -0.688    -0.675    -0.246    -0.166    -0.148
    13.75    55.75    2093    -0.151    -0.154    -0.191    -0.532    -2.705    -3.331    -2.767    -1.777    -0.401    -0.290    -0.169    -0.152
    13.75    55.75    2094    -0.147    -0.158    -0.199    -0.353    -0.484    -0.958    -2.132    -2.516    -1.348    -0.434    -0.164    -0.145
    13.75    55.75    2095    -0.150    -0.151    -0.201    -0.241    -0.535    -2.635    -3.385    -2.458    -1.238    -0.440    -0.154    -0.145
    13.75    55.75    2096    -0.144    -0.159    -0.186    -0.471    -2.390    -0.569    -0.354    -0.710    -0.571    -0.169    -0.161    -0.146
    13.75    55.75    2097    -0.144    -0.159    -0.248    -0.497    -0.286    -0.519    -2.796    -2.504    -2.399    -1.369    -0.211    -0.155
    13.75    55.75    2098    -0.146    -0.185    -0.267    -0.520    -0.370    -0.634    -0.613    -2.412    -3.339    -0.525    -0.198    -0.157
    13.75    55.75    2099    -0.146    -0.153    -0.210    -0.457    -2.285    -3.321    -1.620    -2.423    -2.853    -1.456    -0.171    -0.143
    13.75    55.75    2100    -0.145    -0.150    -0.166    -0.210    -0.408    -2.207    -2.408    -1.754    -1.206    -0.687    -0.197    -0.143
    13.75    55.75    2101    -0.145    -0.150    -0.190    -0.402    -1.615    -1.044    -0.378    -2.130    -1.285    -0.278    -0.229    -0.150
    13.75    55.75    2102    -0.146    -0.159    -0.339    -0.415    -0.558    -0.953    -1.914    -1.969    -0.882    -0.440    -0.165    -0.144
    13.75    55.75    2103    -0.145    -0.152    -0.187    -0.429    -1.121    -2.303    -3.281    -1.570    -1.777    -0.667    -0.150    -0.146
    13.75    55.75    2104    -0.143    -0.152    -0.201    -0.571    -0.382    -0.595    -1.914    -2.390    -1.679    -0.615    -0.152    -0.144
    13.75    55.75    2105    -0.145    -0.172    -0.232    -0.309    -1.487    -1.230    -1.114    -2.120    -2.656    -1.399    -0.409    -0.176
    13.75    55.75    2106    -0.147    -0.165    -0.228    -0.535    -1.098    -2.429    -1.328    -1.292    -0.924    -0.178    -0.151    -0.145
    13.75    55.75    2107    -0.145    -0.177    -0.219    -0.838    -2.840    -1.668    -2.817    -2.463    -1.867    -0.379    -0.144    -0.144
    13.75    55.75    2108    -0.146    -0.160    -0.198    -0.291    -0.672    -0.840    -1.321    -0.705    -0.584    -0.341    -0.192    -0.151
    13.75    55.75    2109    -0.148    -0.163    -0.164    -0.289    -0.527    -0.302    -0.342    -0.935    -0.874    -0.410    -0.240    -0.146
    13.75    55.75    2110    -0.151    -0.158    -0.174    -0.208    -0.539    -2.654    -2.890    -2.367    -0.868    -0.232    -0.147    -0.147
    13.75    55.75    2111    -0.147    -0.156    -0.212    -0.457    -1.202    -0.622    -2.312    -2.993    -1.641    -0.454    -0.153    -0.147
    13.75    55.75    2112    -0.148    -0.157    -0.170    -0.255    -0.398    -1.302    -1.943    -1.463    -0.442    -0.173    -0.149    -0.146
    13.75    55.75    2113    -0.150    -0.155    -0.213    -0.325    -0.443    -0.473    -0.592    -0.406    -0.418    -0.224    -0.163    -0.150
    13.75    55.75    2114    -0.151    -0.172    -0.219    -0.202    -0.340    -0.602    -1.431    -0.986    -0.941    -0.316    -0.152    -0.151
    13.75    55.75    2115    -0.150    -0.168    -0.206    -0.557    -1.655    -2.740    -3.116    -3.063    -1.084    -0.574    -0.190    -0.150
    13.75    55.75    2116    -0.152    -0.175    -0.204    -0.332    -1.039    -3.144    -1.624    -0.810    -0.365    -0.255    -0.155    -0.149
    13.75    55.75    2117    -0.154    -0.152    -0.283    -0.425    -1.001    -2.507    -2.502    -0.906    -0.212    -0.184    -0.178    -0.153
    13.75    55.75    2118    -0.146    -0.161    -0.196    -0.265    -0.439    -1.074    -0.432    -0.244    -0.212    -0.202    -0.151    -0.145
    13.75    55.75    2119    -0.148    -0.167    -0.225    -0.322    -1.113    -3.100    -3.288    -0.402    -0.194    -0.267    -0.158    -0.146
    13.75    55.75    2120    -0.149    -0.162    -0.205    -0.240    -0.521    -1.042    -0.694    -1.459    -1.122    -0.401    -0.313    -0.176
    13.75    55.75    2121    -0.148    -0.163    -0.208    -0.321    -0.533    -0.977    -0.546    -0.374    -0.256    -0.184    -0.152    -0.146
    13.75    55.75    2122    -0.149    -0.159    -0.173    -0.225    -0.316    -1.403    -0.956    -0.492    -0.591    -0.282    -0.170    -0.149
    13.75    55.75    2123    -0.157    -0.153    -0.186    -0.591    -2.745    -3.359    -1.767    -2.319    -1.179    -0.197    -0.167    -0.150
    13.75    55.75    2124    -0.152    -0.160    -0.207    -0.339    -0.666    -0.965    -1.619    -1.558    -1.570    -0.750    -0.228    -0.151
    13.75    55.75    2125    -0.154    -0.155    -0.215    -0.261    -0.407    -2.280    -3.410    -2.452    -1.583    -0.461    -0.160    -0.152
    13.75    55.75    2126    -0.150    -0.163    -0.193    -0.430    -1.616    -0.577    -0.320    -0.893    -1.522    -0.172    -0.154    -0.150
    13.75    55.75    2127    -0.152    -0.166    -0.253    -0.269    -0.393    -1.249    -2.838    -2.068    -2.880    -0.572    -0.313    -0.152
    13.75    55.75    2128    -0.154    -0.173    -0.286    -0.533    -0.507    -0.337    -0.796    -2.417    -3.269    -1.095    -0.214    -0.156
    13.75    55.75    2129    -0.153    -0.161    -0.224    -0.484    -2.208    -3.256    -2.186    -1.809    -2.802    -0.751    -0.187    -0.150
    13.75    55.75    2130    -0.151    -0.158    -0.178    -0.212    -0.376    -1.738    -2.139    -1.474    -1.711    -0.524    -0.186    -0.150
    23.75    61.75    1980    -0.191    -0.191    -0.194    -0.204    -0.331    -0.806    -0.949    -1.643    -0.416    -0.232    -0.192    -0.190
    23.75    61.75    1981    -0.191    -0.191    -0.194    -0.278    -0.502    -1.304    -1.592    -0.746    -0.459    -0.257    -0.201    -0.201
    23.75    61.75    1982    -0.202    -0.202    -0.204    -0.209    -0.240    -0.751    -2.262    -1.564    -0.645    -0.245    -0.193    -0.192
    23.75    61.75    1983    -0.191    -0.191    -0.194    -0.195    -0.596    -1.518    -2.161    -2.465    -2.332    -0.661    -0.363    -0.363
    23.75    61.75    1984    -0.364    -0.364    -0.369    -0.375    -0.272    -1.208    -0.429    -0.339    -0.263    -0.206    -0.199    -0.196
    23.75    61.75    1985    -0.196    -0.197    -0.198    -0.202    -0.285    -0.678    -0.857    -0.457    -0.394    -0.297    -0.297    -0.297
    23.75    61.75    1986    -0.297    -0.297    -0.301    -0.295    -0.285    -0.718    -0.840    -1.274    -0.613    -0.344    -0.279    -0.279
    23.75    61.75    1987    -0.279    -0.280    -0.283    -0.262    -0.467    -0.767    -0.488    -0.917    -0.642    -0.295    -0.292    -0.292
    23.75    61.75    1988    -0.294    -0.294    -0.246    -0.215    -0.576    -0.787    -1.496    -1.348    -0.218    -0.207    -0.199    -0.195
    23.75    61.75    1989    -0.194    -0.194    -0.193    -0.202    -0.402    -1.717    -1.169    -1.824    -0.480    -0.296    -0.234    -0.234
    23.75    61.75    1990    -0.235    -0.235    -0.237    -0.238    -0.364    -0.882    -1.475    -0.356    -0.264    -0.219    -0.200    -0.195
    23.75    61.75    1991    -0.195    -0.196    -0.199    -0.203    -0.341    -1.144    -1.535    -1.616    -0.461    -0.241    -0.199    -0.200
    23.75    61.75    1992    -0.200    -0.200    -0.203    -0.206    -0.475    -1.116    -0.509    -0.306    -0.394    -0.345    -0.367    -0.367
    23.75    61.75    1993    -0.367    -0.367    -0.372    -0.231    -0.616    -2.660    -1.582    -0.518    -0.299    -0.224    -0.206    -0.206
    23.75    61.75    1994    -0.206    -0.201    -0.199    -0.197    -0.389    -0.752    -1.616    -0.814    -0.320    -0.238    -0.193    -0.195
    23.75    61.75    1995    -0.195    -0.195    -0.197    -0.206    -0.334    -0.778    -0.646    -0.851    -0.809    -0.328    -0.195    -0.194
    23.75    61.75    1996    -0.195    -0.195    -0.197    -0.198    -0.354    -2.074    -2.748    -0.351    -0.437    -0.330    -0.236    -0.218
    23.75    61.75    1997    -0.217    -0.218    -0.220    -0.207    -0.319    -1.910    -1.751    -0.581    -0.306    -0.242    -0.193    -0.191
    23.75    61.75    1998    -0.192    -0.195    -0.197    -0.199    -0.355    -0.767    -0.707    -0.604    -0.449    -0.267    -0.216    -0.191
    23.75    61.75    1999    -0.191    -0.191    -0.193    -0.256    -0.372    -0.811    -0.622    -0.467    -0.420    -0.292    -0.191    -0.191
    23.75    61.75    2000    -0.192    -0.192    -0.194    -0.224    -0.576    -1.839    -1.137    -0.412    -0.415    -0.306    -0.193    -0.191
    23.75    61.75    2001    -0.191    -0.191    -0.192    -0.199    -0.538    -2.325    -2.888    -0.333    -0.399    -0.359    -0.358    -0.358
    23.75    61.75    2002    -0.358    -0.358    -0.292    -0.243    -0.268    -0.465    -0.768    -0.833    -0.369    -0.498    -0.337    -0.217
    23.75    61.75    2003    -0.217    -0.218    -0.217    -0.227    -0.275    -0.867    -1.968    -1.730    -0.518    -0.219    -0.198    -0.199
    23.75    61.75    2004    -0.199    -0.199    -0.202    -0.194    -0.658    -1.155    -1.482    -0.318    -0.406    -0.236    -0.191    -0.191
    23.75    61.75    2005    -0.191    -0.191    -0.193    -0.240    -0.744    -0.624    -0.753    -0.579    -0.644    -0.341    -0.358    -0.359
    23.75    61.75    2006    -0.360    -0.360    -0.365    -0.235    -0.593    -2.135    -1.395    -0.700    -0.468    -0.237    -0.199    -0.198
    23.75    61.75    2007    -0.198    -0.199    -0.199    -0.203    -0.392    -2.064    -1.937    -2.868    -1.442    -0.320    -0.193    -0.194
    23.75    61.75    2008    -0.194    -0.194    -0.192    -0.395    -0.587    -0.837    -0.647    -1.110    -0.978    -0.480    -0.275    -0.239
    23.75    61.75    2009    -0.241    -0.241    -0.244    -0.259    -0.341    -1.905    -1.247    -0.302    -0.373    -0.251    -0.199    -0.200
    23.75    61.75    2010    -0.198    -0.199    -0.201    -0.197    -0.531    -1.496    -1.619    -0.605    -0.565    -0.402    -0.407    -0.408
    23.75    61.75    2011    -0.408    -0.408    -0.417    -0.265    -0.439    -1.642    -1.903    -0.469    -0.400    -0.253    -0.200    -0.199
    23.75    61.75    2012    -0.198    -0.199    -0.200    -0.205    -0.352    -0.638    -0.565    -0.411    -0.287    -0.275    -0.261    -0.261
    23.75    61.75    2013    -0.262    -0.262    -0.268    -0.242    -0.376    -0.359    -2.076    -2.505    -0.784    -0.336    -0.211    -0.194
    23.75    61.75    2014    -0.193    -0.194    -0.196    -0.216    -0.476    -1.819    -2.364    -0.522    -0.627    -0.572    -0.525    -0.516
    23.75    61.75    2015    -0.517    -0.517    -0.302    -0.251    -0.699    -2.829    -2.171    -1.776    -0.487    -0.239    -0.205    -0.202
    23.75    61.75    2016    -0.202    -0.203    -0.194    -0.207    -0.440    -1.080    -0.503    -0.376    -0.504    -0.388    -0.247    -0.193
    23.75    61.75    2017    -0.193    -0.192    -0.195    -0.229    -0.620    -0.674    -1.166    -0.600    -0.591    -0.369    -0.193    -0.191
    23.75    61.75    2018    -0.191    -0.192    -0.194    -0.206    -0.272    -0.413    -0.436    -0.567    -1.211    -1.199    -0.527    -0.407
    23.75    61.75    2019    -0.407    -0.407    -0.273    -0.273    -0.321    -0.903    -2.645    -0.558    -0.592    -0.370    -0.226    -0.204
    23.75    61.75    2020    -0.203    -0.205    -0.199    -0.439    -2.045    -3.109    -2.824    -0.810    -0.241    -0.200    -0.195    -0.191
    23.75    61.75    2021    -0.191    -0.191    -0.192    -0.307    -2.030    -2.691    -2.206    -2.158    -0.435    -0.241    -0.192    -0.190
    23.75    61.75    2022    -0.191    -0.191    -0.193    -0.209    -0.672    -0.776    -2.453    -0.525    -0.253    -0.245    -0.210    -0.211
    23.75    61.75    2023    -0.211    -0.211    -0.205    -0.218    -0.616    -1.879    -0.624    -0.381    -0.699    -0.446    -0.233    -0.191
    23.75    61.75    2024    -0.192    -0.193    -0.195    -0.251    -1.525    -1.586    -1.753    -2.080    -0.831    -0.268    -0.201    -0.203
    23.75    61.75    2025    -0.202    -0.202    -0.205    -0.216    -0.365    -0.939    -0.732    -0.284    -0.359    -0.301    -0.293    -0.293
    23.75    61.75    2026    -0.293    -0.294    -0.298    -0.231    -0.355    -1.411    -2.003    -0.868    -0.507    -0.219    -0.196    -0.194
    23.75    61.75    2027    -0.194    -0.195    -0.201    -0.419    -0.790    -0.620    -0.640    -0.273    -0.222    -0.221    -0.199    -0.191
    23.75    61.75    2028    -0.192    -0.193    -0.269    -0.562    -0.979    -0.914    -0.314    -0.306    -0.421    -0.478    -0.222    -0.192
    23.75    61.75    2029    -0.191    -0.192    -0.200    -0.214    -0.267    -1.263    -2.209    -1.510    -1.107    -0.587    -0.248    -0.191
    23.75    61.75    2030    -0.191    -0.191    -0.193    -0.196    -0.408    -0.766    -0.695    -0.691    -0.481    -0.376    -0.230    -0.191
    23.75    61.75    2031    -0.194    -0.194    -0.197    -0.196    -0.377    -0.989    -0.453    -0.438    -0.356    -0.236    -0.195    -0.194
    23.75    61.75    2032    -0.193    -0.193    -0.196    -0.284    -1.681    -2.859    -0.914    -0.324    -0.503    -0.315    -0.220    -0.201
    23.75    61.75    2033    -0.199    -0.199    -0.202    -0.212    -0.536    -1.812    -2.337    -1.128    -0.283    -0.292    -0.308    -0.299
    23.75    61.75    2034    -0.299    -0.299    -0.263    -0.214    -0.356    -1.364    -1.649    -0.452    -0.338    -0.226    -0.212    -0.196
    23.75    61.75    2035    -0.196    -0.197    -0.197    -0.205    -0.491    -1.586    -0.387    -0.636    -0.510    -0.205    -0.196    -0.191
    23.75    61.75    2036    -0.191    -0.191    -0.193    -0.364    -2.083    -2.237    -0.410    -0.825    -0.904    -0.411    -0.207    -0.191
    23.75    61.75    2037    -0.191    -0.191    -0.194    -0.358    -1.333    -1.419    -0.489    -0.352    -0.269    -0.230    -0.197    -0.192
    23.75    61.75    2038    -0.191    -0.191    -0.195    -0.216    -0.878    -2.752    -2.114    -1.308    -0.493    -0.231    -0.217    -0.213
    23.75    61.75    2039    -0.213    -0.213    -0.203    -0.339    -0.728    -1.077    -1.335    -1.743    -1.160    -0.537    -0.279    -0.237
    23.75    61.75    2040    -0.237    -0.210    -0.230    -0.407    -0.643    -1.330    -0.789    -0.929    -1.014    -0.717    -0.394    -0.384
    23.75    61.75    2041    -0.254    -0.193    -0.197    -0.216    -0.488    -0.740    -2.223    -3.139    -2.484    -0.538    -0.308    -0.262
    23.75    61.75    2042    -0.253    -0.253    -0.222    -0.332    -0.731    -0.784    -0.699    -0.621    -0.252    -0.214    -0.204    -0.204
    23.75    61.75    2043    -0.200    -0.195    -0.195    -0.205    -0.556    -0.739    -1.234    -1.681    -0.966    -0.690    -0.244    -0.192
    23.75    61.75    2044    -0.191    -0.194    -0.215    -0.252    -0.471    -0.456    -0.668    -0.265    -0.304    -0.261    -0.198    -0.191
    23.75    61.75    2045    -0.191    -0.191    -0.195    -0.270    -0.668    -2.322    -1.749    -0.310    -0.249    -0.237    -0.195    -0.193
    23.75    61.75    2046    -0.193    -0.192    -0.211    -0.567    -2.205    -1.400    -2.413    -2.391    -0.265    -0.272    -0.198    -0.191
    23.75    61.75    2047    -0.191    -0.195    -0.200    -0.240    -0.652    -2.730    -0.751    -0.285    -0.472    -0.305    -0.192    -0.191
    23.75    61.75    2048    -0.191    -0.191    -0.195    -0.259    -0.943    -2.887    -0.909    -0.315    -0.297    -0.410    -0.272    -0.191
    23.75    61.75    2049    -0.192    -0.192    -0.202    -0.341    -0.593    -0.984    -0.501    -0.243    -0.248    -0.229    -0.201    -0.192
    23.75    61.75    2050    -0.193    -0.193    -0.197    -0.387    -1.793    -1.422    -0.412    -0.268    -0.326    -0.339    -0.288    -0.284
    23.75    61.75    2051    -0.284    -0.284    -0.271    -0.255    -0.798    -2.153    -1.457    -0.650    -0.392    -0.207    -0.200    -0.196
    23.75    61.75    2052    -0.194    -0.195    -0.195    -0.255    -0.450    -0.998    -0.334    -0.311    -0.305    -0.205    -0.195    -0.191
    23.75    61.75    2053    -0.192    -0.193    -0.195    -0.210    -0.308    -1.817    -1.445    -0.376    -0.518    -0.395    -0.194    -0.193
    23.75    61.75    2054    -0.192    -0.193    -0.259    -0.537    -1.329    -1.226    -0.268    -0.764    -0.717    -0.360    -0.233    -0.192
    23.75    61.75    2055    -0.193    -0.194    -0.222    -0.467    -1.085    -2.387    -2.832    -1.242    -0.505    -0.546    -0.289    -0.193
    23.75    61.75    2056    -0.192    -0.192    -0.196    -0.406    -2.036    -1.223    -2.715    -0.756    -1.097    -0.661    -0.231    -0.192
    23.75    61.75    2057    -0.192    -0.192    -0.272    -0.747    -0.829    -2.300    -1.389    -1.358    -1.063    -0.222    -0.193    -0.194
    23.75    61.75    2058    -0.195    -0.196    -0.210    -0.343    -0.541    -2.476    -2.093    -0.695    -0.381    -0.221    -0.248    -0.249
    23.75    61.75    2059    -0.249    -0.249    -0.253    -0.265    -0.382    -1.912    -1.494    -0.281    -0.348    -0.460    -0.301    -0.221
    23.75    61.75    2060    -0.221    -0.221    -0.225    -0.270    -0.838    -2.176    -2.111    -0.429    -0.310    -0.229    -0.204    -0.194
    23.75    61.75    2061    -0.193    -0.200    -0.236    -0.420    -1.191    -1.711    -0.341    -0.804    -0.966    -0.542    -0.213    -0.192
    23.75    61.75    2062    -0.194    -0.197    -0.224    -0.485    -1.010    -2.096    -1.343    -0.814    -0.894    -0.580    -0.378    -0.213
    23.75    61.75    2063    -0.212    -0.203    -0.224    -0.548    -0.764    -1.520    -0.747    -0.297    -0.380    -0.298    -0.226    -0.194
    23.75    61.75    2064    -0.194    -0.195    -0.237    -0.467    -0.602    -1.244    -1.676    -0.444    -0.285    -0.221    -0.194    -0.192
    23.75    61.75    2065    -0.194    -0.194    -0.202    -0.280    -0.507    -1.076    -1.115    -1.336    -1.648    -1.107    -0.333    -0.276
    23.75    61.75    2066    -0.276    -0.276    -0.221    -0.387    -0.877    -0.967    -0.793    -0.368    -0.314    -0.219    -0.198    -0.195
    23.75    61.75    2067    -0.195    -0.196    -0.197    -0.229    -0.489    -0.830    -0.367    -0.427    -0.445    -0.320    -0.199    -0.193
    23.75    61.75    2068    -0.193    -0.200    -0.209    -0.321    -0.724    -1.418    -2.227    -1.059    -0.502    -0.396    -0.222    -0.193
    23.75    61.75    2069    -0.193    -0.194    -0.196    -0.238    -0.538    -1.145    -1.787    -0.339    -0.476    -0.662    -0.344    -0.193
    23.75    61.75    2070    -0.194    -0.200    -0.213    -0.437    -1.563    -0.698    -0.362    -0.704    -0.560    -0.254    -0.195    -0.193
    23.75    61.75    2071    -0.195    -0.199    -0.201    -0.416    -1.413    -2.177    -1.316    -0.720    -0.547    -0.254    -0.217    -0.195
    23.75    61.75    2072    -0.193    -0.194    -0.265    -0.813    -0.672    -1.682    -0.669    -0.714    -0.452    -0.211    -0.195    -0.193
    23.75    61.75    2073    -0.194    -0.198    -0.248    -0.542    -1.089    -1.364    -0.465    -0.474    -1.033    -0.811    -0.209    -0.194
    23.75    61.75    2074    -0.194    -0.195    -0.207    -0.365    -1.212    -2.944    -1.137    -0.630    -0.547    -0.241    -0.196    -0.195
    23.75    61.75    2075    -0.194    -0.198    -0.245    -0.496    -1.484    -0.881    -2.943    -1.236    -0.487    -0.521    -0.426    -0.258
    23.75    61.75    2076    -0.201    -0.197    -0.211    -0.586    -2.468    -2.082    -0.565    -0.283    -0.253    -0.213    -0.196    -0.195
    23.75    61.75    2077    -0.193    -0.199    -0.221    -0.507    -1.384    -2.806    -2.092    -0.359    -0.257    -0.197    -0.195    -0.194
    23.75    61.75    2078    -0.192    -0.197    -0.250    -0.473    -1.396    -2.851    -0.868    -0.303    -0.373    -0.306    -0.200    -0.195
    23.75    61.75    2079    -0.195    -0.193    -0.199    -0.229    -0.671    -1.009    -0.677    -0.478    -0.339    -0.221    -0.194    -0.192
    23.75    61.75    2080    -0.192    -0.192    -0.194    -0.203    -0.412    -1.732    -0.908    -0.607    -0.352    -0.274    -0.195    -0.192
    23.75    61.75    2081    -0.192    -0.194    -0.228    -0.433    -1.192    -0.870    -0.597    -0.351    -0.336    -0.222    -0.196    -0.192
    23.75    61.75    2082    -0.194    -0.198    -0.207    -0.296    -0.414    -0.339    -0.405    -0.522    -0.391    -0.285    -0.194    -0.193
    23.75    61.75    2083    -0.192    -0.197    -0.247    -0.518    -0.855    -0.954    -1.280    -0.419    -0.394    -0.319    -0.195    -0.192
    23.75    61.75    2084    -0.194    -0.205    -0.231    -0.410    -0.749    -0.569    -0.520    -0.263    -0.474    -0.235    -0.194    -0.193
    23.75    61.75    2085    -0.193    -0.197    -0.266    -0.550    -0.804    -2.214    -1.578    -0.301    -0.262    -0.225    -0.193    -0.192
    23.75    61.75    2086    -0.193    -0.194    -0.200    -0.338    -0.796    -2.839    -1.263    -0.350    -0.297    -0.199    -0.194    -0.192
    23.75    61.75    2087    -0.191    -0.192    -0.199    -0.296    -1.053    -2.210    -0.439    -0.331    -0.297    -0.232    -0.195    -0.192
    23.75    61.75    2088    -0.192    -0.192    -0.196    -0.285    -1.318    -2.133    -0.478    -0.302    -0.356    -0.208    -0.193    -0.192
    23.75    61.75    2089    -0.192    -0.192    -0.220    -0.336    -0.653    -1.502    -0.813    -0.268    -0.380    -0.426    -0.205    -0.192
    23.75    61.75    2090    -0.193    -0.194    -0.198    -0.264    -1.432    -1.006    -0.455    -0.268    -0.351    -0.209    -0.194    -0.193
    23.75    61.75    2091    -0.192    -0.195    -0.221    -0.340    -0.809    -1.537    -1.356    -0.296    -0.252    -0.269    -0.194    -0.192
    23.75    61.75    2092    -0.193    -0.197    -0.201    -0.267    -0.730    -0.962    -1.098    -0.490    -0.303    -0.215    -0.198    -0.192
    23.75    61.75    2093    -0.192    -0.192    -0.198    -0.429    -1.984    -1.415    -0.659    -0.323    -0.252    -0.217    -0.193    -0.192
    23.75    61.75    2094    -0.192    -0.196    -0.276    -0.546    -1.170    -0.529    -1.028    -0.425    -0.305    -0.302    -0.194    -0.192
    23.75    61.75    2095    -0.192    -0.193    -0.205    -0.295    -0.563    -1.783    -0.764    -0.301    -0.393    -0.198    -0.193    -0.192
    23.75    61.75    2096    -0.191    -0.194    -0.225    -0.458    -1.037    -2.670    -1.961    -0.463    -0.331    -0.309    -0.192    -0.191
    23.75    61.75    2097    -0.191    -0.195    -0.266    -0.548    -0.557    -0.785    -2.710    -0.407    -0.460    -0.266    -0.212    -0.192
    23.75    61.75    2098    -0.193    -0.198    -0.249    -0.434    -1.019    -1.196    -0.705    -0.531    -1.298    -0.886    -0.194    -0.193
    23.75    61.75    2099    -0.193    -0.196    -0.238    -0.467    -1.853    -1.118    -0.834    -0.532    -0.422    -0.262    -0.196    -0.193
    23.75    61.75    2100    -0.192    -0.196    -0.221    -0.314    -0.605    -0.345    -0.436    -0.615    -0.442    -0.214    -0.193    -0.192
    23.75    61.75    2101    -0.193    -0.198    -0.202    -0.389    -1.512    -2.194    -1.844    -0.840    -0.355    -0.287    -0.212    -0.196
    23.75    61.75    2102    -0.192    -0.193    -0.275    -0.836    -1.132    -0.854    -1.129    -0.989    -0.460    -0.248    -0.194    -0.193
    23.75    61.75    2103    -0.194    -0.195    -0.226    -0.509    -1.200    -0.655    -1.150    -0.367    -0.877    -0.578    -0.231    -0.193
    23.75    61.75    2104    -0.194    -0.194    -0.207    -0.304    -1.145    -2.902    -0.702    -0.729    -0.513    -0.259    -0.195    -0.193
    23.75    61.75    2105    -0.193    -0.199    -0.255    -0.513    -1.125    -2.276    -1.957    -0.915    -0.438    -0.467    -0.363    -0.312
    23.75    61.75    2106    -0.198    -0.198    -0.218    -0.594    -2.366    -1.727    -0.850    -0.411    -0.252    -0.206    -0.198    -0.197
    23.75    61.75    2107    -0.194    -0.197    -0.230    -0.544    -1.395    -2.578    -1.809    -0.361    -0.295    -0.199    -0.207    -0.194
    23.75    61.75    2108    -0.194    -0.198    -0.250    -0.459    -1.192    -2.958    -1.080    -0.278    -0.448    -0.318    -0.209    -0.194
    23.75    61.75    2109    -0.193    -0.197    -0.224    -0.329    -0.862    -0.847    -0.429    -0.392    -0.324    -0.202    -0.195    -0.193
    23.75    61.75    2110    -0.193    -0.197    -0.199    -0.244    -0.586    -1.820    -0.651    -0.602    -0.383    -0.223    -0.194    -0.193
    23.75    61.75    2111    -0.194    -0.198    -0.220    -0.411    -1.120    -0.919    -0.631    -0.313    -0.411    -0.269    -0.195    -0.193
    23.75    61.75    2112    -0.194    -0.198    -0.242    -0.377    -0.523    -0.379    -0.339    -0.734    -0.294    -0.224    -0.194    -0.193
    23.75    61.75    2113    -0.193    -0.198    -0.236    -0.466    -0.785    -1.260    -1.002    -0.480    -0.403    -0.218    -0.195    -0.193
    23.75    61.75    2114    -0.195    -0.200    -0.218    -0.384    -0.558    -0.569    -0.506    -0.270    -0.284    -0.212    -0.196    -0.194
    23.75    61.75    2115    -0.194    -0.199    -0.266    -0.558    -0.923    -1.313    -0.425    -0.311    -0.238    -0.205    -0.198    -0.194
    23.75    61.75    2116    -0.197    -0.199    -0.207    -0.395    -1.135    -2.445    -1.064    -0.372    -0.234    -0.223    -0.195    -0.195
    23.75    61.75    2117    -0.194    -0.194    -0.207    -0.292    -0.938    -1.908    -0.452    -0.332    -0.289    -0.334    -0.245    -0.207
    23.75    61.75    2118    -0.194    -0.194    -0.198    -0.293    -1.238    -1.810    -0.367    -0.335    -0.286    -0.237    -0.197    -0.194
    23.75    61.75    2119    -0.193    -0.194    -0.247    -0.451    -0.829    -1.211    -0.536    -0.389    -0.335    -0.355    -0.234    -0.193
    23.75    61.75    2120    -0.194    -0.199    -0.207    -0.308    -1.542    -1.172    -0.732    -0.266    -0.291    -0.277    -0.196    -0.194
    23.75    61.75    2121    -0.193    -0.198    -0.225    -0.333    -0.822    -0.809    -0.364    -0.432    -0.297    -0.230    -0.203    -0.193
    23.75    61.75    2122    -0.197    -0.199    -0.206    -0.288    -0.690    -1.611    -0.544    -0.433    -0.363    -0.220    -0.200    -0.194
    23.75    61.75    2123    -0.193    -0.194    -0.205    -0.428    -1.911    -1.223    -0.646    -0.302    -0.269    -0.250    -0.195    -0.193
    23.75    61.75    2124    -0.195    -0.203    -0.284    -0.522    -1.330    -0.663    -0.608    -0.469    -0.354    -0.205    -0.196    -0.194
    23.75    61.75    2125    -0.195    -0.196    -0.209    -0.264    -0.552    -1.126    -0.524    -0.339    -0.265    -0.206    -0.197    -0.195
    23.75    61.75    2126    -0.194    -0.197    -0.222    -0.467    -1.190    -2.287    -1.416    -0.914    -0.350    -0.275    -0.196    -0.194
    23.75    61.75    2127    -0.194    -0.196    -0.239    -0.485    -0.489    -0.859    -2.596    -0.721    -0.349    -0.313    -0.201    -0.194
    23.75    61.75    2128    -0.195    -0.203    -0.234    -0.413    -0.927    -0.862    -0.593    -0.442    -1.131    -0.315    -0.208    -0.195
    23.75    61.75    2129    -0.197    -0.201    -0.228    -0.402    -1.520    -2.517    -0.256    -0.319    -0.397    -0.272    -0.197    -0.196
    23.75    61.75    2130    -0.195    -0.200    -0.220    -0.349    -0.443    -0.501    -0.427    -0.460    -0.488    -0.242    -0.196    -0.195
    21.75    39.75    1980    -0.196    -0.187    -0.397    -0.591    -2.371    -2.908    -2.295    -3.293    -3.395    -2.817    -0.645    -0.240
    21.75    39.75    1981    -0.332    -0.424    -0.988    -2.933    -3.104    -3.377    -3.399    -3.453    -3.405    -2.227    -0.644    -0.599
    21.75    39.75    1982    -0.339    -0.442    -0.698    -0.479    -1.804    -3.164    -2.667    -2.207    -2.262    -0.616    -0.323    -0.265
    21.75    39.75    1983    -0.245    -0.506    -0.388    -0.631    -2.373    -2.341    -2.967    -2.721    -2.397    -1.873    -1.227    -0.193
    21.75    39.75    1984    -0.299    -0.624    -1.381    -2.746    -1.308    -3.158    -3.355    -3.380    -3.034    -2.698    -1.432    -0.230
    21.75    39.75    1985    -0.192    -0.227    -0.503    -2.538    -3.285    -2.966    -2.963    -3.346    -3.069    -2.862    -1.071    -0.182
    21.75    39.75    1986    -0.178    -0.192    -0.234    -0.418    -1.779    -1.884    -2.414    -2.743    -1.266    -1.286    -1.792    -0.804
    21.75    39.75    1987    -0.230    -0.198    -0.296    -0.577    -1.469    -2.081    -3.216    -3.091    -1.674    -0.715    -0.334    -0.213
    21.75    39.75    1988    -0.260    -0.732    -0.829    -1.891    -2.916    -1.227    -2.898    -3.108    -3.279    -0.534    -0.201    -0.192
    21.75    39.75    1989    -0.195    -0.336    -0.245    -1.077    -2.241    -2.690    -3.231    -3.301    -3.070    -3.288    -0.421    -0.184
    21.75    39.75    1990    -0.241    -0.289    -0.327    -1.067    -2.087    -3.248    -3.304    -3.281    -3.379    -1.984    -0.442    -0.507
    21.75    39.75    1991    -0.531    -0.480    -1.148    -2.719    -2.445    -2.684    -3.160    -3.453    -3.381    -3.235    -0.635    -0.239
    21.75    39.75    1992    -0.310    -0.251    -0.432    -0.599    -2.850    -3.325    -3.291    -3.241    -0.949    -0.346    -0.217    -0.184
    21.75    39.75    1993    -0.194    -0.243    -0.318    -0.540    -2.821    -2.911    -3.407    -3.191    -3.285    -2.912    -0.268    -0.176
    21.75    39.75    1994    -0.210    -0.304    -0.651    -0.817    -2.501    -3.195    -3.396    -3.366    -2.834    -1.304    -0.807    -0.345
    21.75    39.75    1995    -0.193    -0.242    -0.304    -0.758    -2.842    -2.588    -2.987    -3.372    -3.399    -1.734    -0.391    -0.196
    21.75    39.75    1996    -0.267    -0.318    -0.478    -0.276    -1.969    -3.291    -3.352    -2.202    -3.383    -2.881    -0.634    -0.388
    21.75    39.75    1997    -0.185    -0.208    -0.345    -1.624    -2.788    -2.992    -2.909    -2.951    -2.206    -3.197    -0.848    -0.243
    21.75    39.75    1998    -0.266    -0.207    -0.423    -2.062    -3.377    -2.841    -3.059    -2.760    -3.336    -1.524    -1.114    -0.254
    21.75    39.75    1999    -0.240    -0.270    -0.788    -3.075    -3.318    -3.245    -3.383    -3.427    -2.877    -2.122    -0.651    -0.183
    21.75    39.75    2000    -0.198    -0.454    -0.844    -0.991    -3.101    -2.876    -3.398    -3.305    -1.220    -1.697    -0.617    -0.296
    21.75    39.75    2001    -0.192    -0.227    -0.211    -1.602    -3.075    -3.051    -3.221    -3.365    -3.348    -1.405    -0.229    -0.198
    21.75    39.75    2002    -0.195    -0.385    -0.780    -3.090    -3.320    -3.262    -3.377    -3.364    -3.457    -1.549    -0.485    -0.293
    21.75    39.75    2003    -0.211    -0.202    -0.305    -0.862    -1.703    -2.688    -3.277    -2.820    -3.327    -2.542    -0.521    -0.219
    21.75    39.75    2004    -0.218    -0.212    -0.237    -1.476    -3.268    -3.397    -3.404    -3.400    -3.164    -2.915    -1.731    -0.413
    21.75    39.75    2005    -0.220    -0.290    -0.643    -3.090    -1.244    -1.981    -3.292    -3.406    -2.573    -0.878    -1.399    -0.410
    21.75    39.75    2006    -0.202    -0.215    -1.256    -3.177    -2.839    -3.287    -3.115    -2.004    -2.548    -3.274    -0.881    -0.299
    21.75    39.75    2007    -0.185    -0.200    -0.676    -2.029    -0.723    -2.513    -2.637    -3.236    -3.318    -3.379    -1.524    -0.361
    21.75    39.75    2008    -0.221    -0.319    -1.781    -3.075    -3.330    -3.226    -2.838    -3.377    -2.906    -1.247    -0.288    -0.191
    21.75    39.75    2009    -0.181    -0.228    -0.465    -0.492    -1.192    -2.746    -3.326    -3.377    -3.278    -3.187    -0.547    -0.201
    21.75    39.75    2010    -0.253    -0.670    -2.544    -3.322    -2.194    -2.822    -3.271    -3.438    -3.371    -2.205    -0.432    -0.196
    21.75    39.75    2011    -0.300    -0.500    -1.862    -2.965    -2.646    -3.365    -3.395    -3.410    -3.178    -1.540    -0.558    -0.202
    21.75    39.75    2012    -0.221    -0.224    -0.373    -0.445    -1.906    -3.268    -3.056    -2.939    -3.158    -3.279    -3.178    -0.598
    21.75    39.75    2013    -0.312    -0.271    -0.329    -1.087    -3.103    -3.148    -3.362    -3.337    -3.459    -2.832    -1.825    -0.398
    21.75    39.75    2014    -0.223    -0.472    -0.497    -0.425    -1.147    -3.015    -2.902    -2.563    -3.147    -2.386    -0.439    -0.213
    21.75    39.75    2015    -0.233    -0.681    -2.954    -3.014    -1.316    -2.427    -3.176    -3.473    -3.399    -2.265    -0.817    -0.215
    21.75    39.75    2016    -0.232    -0.430    -0.676    -0.643    -3.164    -3.236    -2.460    -3.456    -3.360    -3.436    -1.733    -0.364
    21.75    39.75    2017    -0.257    -0.441    -1.114    -2.221    -2.557    -3.096    -2.894    -3.445    -3.437    -2.868    -1.906    -0.494
    21.75    39.75    2018    -0.238    -0.552    -2.289    -1.792    -3.204    -3.367    -3.345    -3.430    -1.343    -2.838    -0.221    -0.176
    21.75    39.75    2019    -0.194    -0.291    -1.647    -2.911    -2.787    -2.934    -3.337    -2.669    -1.904    -3.167    -1.572    -0.471
    21.75    39.75    2020    -0.197    -0.377    -0.819    -1.463    -2.794    -2.588    -3.184    -3.422    -2.290    -3.098    -0.904    -0.246
    21.75    39.75    2021    -0.204    -0.260    -0.446    -2.370    -2.501    -3.161    -3.426    -3.494    -3.330    -3.172    -0.870    -0.201
    21.75    39.75    2022    -0.194    -0.209    -0.526    -2.265    -2.686    -2.636    -3.037    -3.267    -1.846    -2.352    -0.470    -0.187
    21.75    39.75    2023    -0.218    -0.213    -1.015    -3.161    -2.114    -2.700    -2.890    -3.469    -3.371    -3.104    -2.831    -0.609
    21.75    39.75    2024    -0.189    -0.329    -1.106    -2.256    -3.231    -2.877    -3.359    -3.422    -3.418    -1.027    -0.292    -0.178
    21.75    39.75    2025    -0.209    -0.214    -0.700    -2.574    -3.402    -3.333    -3.452    -3.475    -2.353    -2.118    -0.396    -0.198
    21.75    39.75    2026    -0.260    -0.231    -0.432    -2.245    -3.396    -3.067    -3.362    -3.333    -3.061    -3.113    -1.452    -0.749
    21.75    39.75    2027    -0.235    -0.330    -1.017    -2.661    -3.051    -3.294    -3.406    -3.494    -3.468    -1.846    -0.234    -0.193
    21.75    39.75    2028    -0.191    -0.471    -0.326    -0.600    -2.960    -3.434    -3.458    -3.438    -2.685    -1.436    -1.793    -0.330
    21.75    39.75    2029    -0.221    -0.453    -1.898    -3.259    -2.760    -3.023    -3.406    -3.463    -3.262    -3.359    -0.506    -0.251
    21.75    39.75    2030    -0.257    -0.275    -0.705    -0.805    -2.088    -3.237    -3.377    -3.081    -2.182    -2.492    -1.559    -0.196
    21.75    39.75    2031    -0.223    -0.212    -0.265    -1.718    -3.036    -3.081    -3.321    -3.464    -3.197    -0.918    -0.468    -0.500
    21.75    39.75    2032    -0.380    -0.376    -1.218    -0.516    -2.062    -3.213    -3.445    -3.195    -3.251    -2.734    -1.934    -0.754
    21.75    39.75    2033    -0.424    -0.270    -0.973    -2.496    -3.134    -3.137    -2.848    -3.380    -3.496    -2.264    -1.544    -0.232
    21.75    39.75    2034    -0.192    -0.315    -2.217    -3.224    -3.457    -3.142    -3.411    -3.461    -3.354    -3.340    -1.467    -0.244
    21.75    39.75    2035    -0.201    -0.268    -0.779    -2.147    -3.112    -3.097    -3.404    -3.235    -3.355    -3.139    -0.363    -0.181
    21.75    39.75    2036    -0.199    -0.216    -0.266    -0.524    -2.964    -3.129    -3.340    -2.771    -3.296    -2.597    -0.920    -0.186
    21.75    39.75    2037    -0.202    -0.216    -0.281    -1.565    -3.300    -3.405    -3.306    -3.488    -3.486    -2.844    -0.591    -0.186
    21.75    39.75    2038    -0.250    -0.527    -1.825    -1.087    -2.630    -3.082    -3.048    -3.272    -3.396    -3.354    -0.433    -0.202
    21.75    39.75    2039    -0.251    -0.356    -0.327    -0.474    -3.219    -3.398    -3.173    -3.467    -2.910    -1.936    -0.736    -0.240
    21.75    39.75    2040    -0.247    -0.423    -1.052    -3.066    -3.421    -3.419    -3.433    -3.492    -2.948    -3.190    -2.341    -0.398
    21.75    39.75    2041    -0.241    -0.317    -1.628    -3.468    -3.347    -3.354    -3.415    -2.401    -3.318    -1.006    -0.217    -0.201
    21.75    39.75    2042    -0.208    -0.300    -0.732    -2.494    -1.601    -3.023    -3.369    -3.302    -2.442    -2.396    -0.708    -0.218
    21.75    39.75    2043    -0.224    -0.443    -1.136    -2.573    -2.999    -3.416    -3.486    -3.382    -2.820    -1.779    -2.059    -1.781
    21.75    39.75    2044    -0.744    -0.667    -2.601    -3.221    -3.437    -3.442    -3.449    -3.476    -3.197    -2.471    -1.132    -0.306
    21.75    39.75    2045    -0.249    -0.295    -0.422    -1.700    -3.114    -2.321    -3.019    -3.311    -3.373    -3.333    -0.799    -0.240
    21.75    39.75    2046    -0.206    -0.418    -1.561    -2.850    -3.278    -3.195    -3.313    -3.381    -3.402    -2.553    -0.450    -0.181
    21.75    39.75    2047    -0.219    -0.297    -0.525    -1.836    -2.813    -3.259    -3.349    -3.348    -3.135    -3.382    -0.964    -0.238
    21.75    39.75    2048    -0.194    -0.198    -0.710    -2.078    -3.380    -3.320    -3.396    -3.366    -3.450    -2.791    -1.116    -0.175
    21.75    39.75    2049    -0.244    -0.313    -1.501    -3.382    -3.351    -3.475    -3.429    -3.404    -3.226    -3.380    -0.968    -0.242
    21.75    39.75    2050    -0.238    -0.244    -1.186    -3.417    -3.372    -3.405    -3.321    -3.363    -2.852    -1.359    -0.275    -0.181
    21.75    39.75    2051    -0.188    -0.268    -0.944    -2.373    -2.653    -3.283    -3.305    -3.238    -3.340    -3.282    -0.495    -0.180
    21.75    39.75    2052    -0.206    -0.227    -0.609    -1.038    -3.035    -3.387    -3.350    -3.466    -2.762    -2.359    -0.449    -0.263
    21.75    39.75    2053    -0.242    -0.309    -0.602    -2.212    -3.326    -3.445    -3.479    -3.444    -3.103    -3.344    -0.358    -0.188
    21.75    39.75    2054    -0.237    -0.531    -0.776    -2.840    -3.159    -3.492    -3.311    -3.455    -2.305    -3.180    -2.955    -0.702
    21.75    39.75    2055    -0.194    -0.396    -0.402    -0.790    -2.951    -3.289    -3.456    -3.218    -3.410    -3.412    -1.252    -0.206
    21.75    39.75    2056    -0.198    -0.510    -0.895    -2.774    -3.336    -3.063    -3.426    -3.290    -3.457    -1.900    -0.228    -0.211
    21.75    39.75    2057    -0.264    -0.407    -1.110    -3.289    -3.196    -3.299    -3.164    -3.486    -3.493    -2.466    -1.667    -0.597
    21.75    39.75    2058    -0.247    -0.554    -1.428    -3.267    -3.292    -3.364    -3.436    -3.186    -3.396    -2.422    -0.922    -0.204
    21.75    39.75    2059    -0.236    -0.395    -1.101    -2.427    -3.267    -3.020    -3.267    -3.280    -3.034    -1.804    -0.949    -0.247
    21.75    39.75    2060    -0.262    -0.339    -0.502    -1.293    -3.350    -3.115    -3.441    -3.267    -3.425    -3.321    -2.103    -0.596
    21.75    39.75    2061    -0.196    -0.282    -0.522    -2.180    -2.715    -3.385    -3.318    -3.368    -3.189    -0.991    -1.627    -0.405
    21.75    39.75    2062    -0.264    -0.736    -2.685    -3.452    -3.355    -3.364    -3.334    -3.480    -3.480    -2.915    -3.364    -0.686
    21.75    39.75    2063    -0.193    -0.583    -2.243    -3.264    -3.330    -3.170    -3.434    -3.339    -2.320    -0.882    -0.368    -0.190
    21.75    39.75    2064    -0.284    -0.550    -0.865    -2.933    -3.107    -2.738    -3.349    -3.472    -3.273    -2.520    -0.267    -0.216
    21.75    39.75    2065    -0.207    -0.264    -1.033    -3.479    -3.469    -3.340    -3.219    -3.300    -2.626    -2.415    -1.818    -0.460
    21.75    39.75    2066    -0.213    -0.426    -0.758    -1.846    -3.334    -3.367    -3.440    -3.382    -3.224    -1.872    -0.559    -0.334
    21.75    39.75    2067    -0.427    -0.535    -0.290    -0.731    -3.220    -3.478    -3.158    -3.336    -3.239    -2.077    -3.290    -0.757
    21.75    39.75    2068    -0.321    -0.297    -0.671    -3.117    -3.254    -3.378    -3.444    -3.465    -3.215    -2.982    -0.944    -0.204
    21.75    39.75    2069    -0.224    -0.390    -1.415    -3.409    -3.321    -3.362    -3.375    -3.429    -3.365    -1.722    -1.234    -0.284
    21.75    39.75    2070    -0.273    -0.330    -1.155    -2.758    -3.414    -3.406    -3.392    -3.339    -3.465    -2.691    -1.749    -0.406
    21.75    39.75    2071    -0.471    -0.439    -1.115    -3.027    -3.379    -3.359    -3.334    -2.819    -3.474    -3.212    -1.144    -0.245
    21.75    39.75    2072    -0.212    -0.226    -1.456    -2.948    -3.413    -3.332    -2.888    -3.374    -3.347    -3.255    -0.358    -0.186
    21.75    39.75    2073    -0.206    -0.263    -0.587    -2.713    -3.405    -2.965    -3.290    -3.277    -3.402    -1.507    -1.047    -0.273
    21.75    39.75    2074    -0.295    -0.256    -1.902    -3.425    -3.403    -3.336    -3.427    -3.379    -2.819    -3.116    -1.237    -0.223
    21.75    39.75    2075    -0.255    -0.472    -2.430    -1.075    -2.704    -3.330    -2.752    -2.465    -3.213    -1.109    -0.266    -0.189
    21.75    39.75    2076    -0.258    -0.343    -0.450    -2.075    -3.448    -3.362    -3.433    -3.419    -3.392    -1.955    -0.655    -0.343
    21.75    39.75    2077    -0.583    -0.664    -2.195    -3.479    -3.312    -3.476    -3.476    -3.438    -2.828    -1.039    -0.589    -0.336
    21.75    39.75    2078    -0.259    -0.383    -0.443    -1.535    -3.261    -3.397    -3.415    -3.386    -3.086    -0.982    -0.329    -0.202
    21.75    39.75    2079    -0.232    -0.800    -1.240    -1.565    -3.271    -3.361    -3.392    -3.335    -3.156    -3.064    -0.466    -0.530
    21.75    39.75    2080    -0.368    -0.983    -0.629    -1.784    -3.299    -3.342    -3.318    -3.355    -3.169    -3.272    -1.423    -0.220
    21.75    39.75    2081    -0.238    -0.435    -1.929    -0.727    -3.152    -3.305    -3.340    -3.367    -3.376    -1.919    -0.608    -0.404
    21.75    39.75    2082    -0.300    -0.950    -2.443    -3.267    -3.480    -3.486    -3.447    -3.442    -3.301    -1.591    -0.800    -0.204
    21.75    39.75    2083    -0.290    -0.451    -0.644    -2.772    -3.147    -3.289    -3.375    -3.447    -3.450    -2.463    -2.399    -0.488
    21.75    39.75    2084    -0.347    -0.350    -0.495    -2.964    -3.421    -3.484    -3.480    -3.485    -3.486    -3.395    -2.532    -0.843
    21.75    39.75    2085    -0.658    -1.848    -3.109    -3.355    -3.449    -3.346    -3.451    -3.375    -3.457    -3.067    -0.231    -0.194
    21.75    39.75    2086    -0.258    -0.459    -0.406    -0.796    -3.013    -2.993    -3.229    -2.417    -2.617    -3.000    -3.173    -0.901
    21.75    39.75    2087    -0.277    -0.230    -1.129    -3.231    -3.255    -3.292    -3.431    -3.368    -3.466    -3.449    -0.903    -0.200
    21.75    39.75    2088    -0.198    -0.245    -1.317    -3.440    -3.360    -3.360    -3.366    -3.373    -3.269    -3.266    -0.975    -0.203
    21.75    39.75    2089    -0.321    -0.921    -1.241    -2.609    -3.296    -3.399    -3.313    -3.370    -3.453    -1.556    -0.894    -0.342
    21.75    39.75    2090    -0.221    -0.256    -0.647    -3.131    -3.353    -3.421    -3.362    -3.345    -3.379    -2.143    -1.534    -0.347
    21.75    39.75    2091    -0.218    -0.265    -1.067    -3.178    -3.318    -3.270    -3.428    -3.450    -3.360    -2.203    -2.818    -2.335
    21.75    39.75    2092    -0.530    -0.431    -0.381    -1.871    -3.298    -3.402    -3.287    -2.970    -3.413    -2.845    -0.614    -0.318
    21.75    39.75    2093    -0.195    -0.469    -2.373    -3.362    -3.381    -3.335    -3.354    -3.152    -3.135    -2.959    -2.709    -0.977
    21.75    39.75    2094    -0.727    -0.623    -0.553    -1.416    -3.361    -3.316    -3.356    -3.388    -3.240    -2.227    -0.970    -0.202
    21.75    39.75    2095    -0.188    -0.233    -0.346    -2.011    -3.347    -3.278    -3.292    -3.422    -3.467    -3.366    -0.323    -0.251
    21.75    39.75    2096    -0.321    -0.679    -1.374    -3.134    -3.317    -3.376    -3.389    -3.411    -3.334    -2.019    -2.354    -1.697
    21.75    39.75    2097    -0.654    -0.840    -3.185    -3.381    -3.475    -3.387    -3.392    -3.458    -3.373    -1.266    -1.660    -0.802
    21.75    39.75    2098    -0.765    -1.165    -2.891    -3.296    -3.283    -3.297    -3.216    -3.148    -2.984    -2.405    -0.787    -0.344
    21.75    39.75    2099    -0.316    -0.681    -1.906    -2.135    -3.067    -3.435    -3.443    -3.321    -3.381    -2.348    -1.298    -0.472
    21.75    39.75    2100    -0.369    -1.189    -2.477    -3.276    -3.324    -3.256    -3.199    -3.243    -2.943    -2.281    -0.691    -0.253
    21.75    39.75    2101    -0.348    -0.560    -1.280    -3.100    -3.068    -3.264    -3.119    -2.904    -3.330    -3.147    -1.900    -0.241
    21.75    39.75    2102    -0.212    -0.212    -1.365    -2.983    -3.408    -3.336    -2.992    -3.403    -3.407    -3.228    -0.870    -0.181
    21.75    39.75    2103    -0.191    -0.237    -0.963    -3.006    -3.206    -3.162    -3.237    -3.223    -3.302    -1.801    -1.191    -0.249
    21.75    39.75    2104    -0.248    -0.321    -1.933    -3.355    -3.338    -3.381    -3.379    -3.191    -2.930    -2.824    -1.242    -0.230
    21.75    39.75    2105    -0.249    -0.656    -2.645    -1.864    -1.553    -3.357    -2.940    -3.090    -2.437    -1.130    -0.290    -0.183
    21.75    39.75    2106    -0.336    -0.323    -0.463    -2.511    -3.480    -3.444    -3.352    -3.298    -3.391    -2.071    -0.729    -0.365
    21.75    39.75    2107    -0.463    -0.617    -1.845    -3.479    -3.347    -3.413    -3.470    -3.450    -2.691    -1.410    -0.475    -0.375
    21.75    39.75    2108    -0.212    -0.365    -0.507    -1.085    -3.278    -3.343    -3.357    -3.097    -3.289    -1.119    -0.335    -0.234
    21.75    39.75    2109    -0.221    -0.511    -0.380    -1.234    -3.333    -3.395    -3.354    -3.359    -3.288    -2.400    -1.056    -0.311
    21.75    39.75    2110    -0.318    -0.856    -0.286    -1.806    -3.325    -3.331    -3.281    -3.401    -3.151    -3.019    -1.895    -0.213
    21.75    39.75    2111    -0.223    -0.415    -1.980    -1.772    -1.964    -3.262    -3.173    -3.361    -3.092    -2.003    -0.662    -0.217
    21.75    39.75    2112    -0.291    -0.664    -1.397    -3.092    -3.464    -3.482    -3.461    -3.433    -3.333    -1.309    -0.720    -0.207
    21.75    39.75    2113    -0.330    -0.507    -0.474    -2.594    -3.180    -3.352    -3.339    -3.352    -3.439    -2.104    -1.903    -0.614
    21.75    39.75    2114    -0.263    -0.287    -0.420    -2.663    -3.469    -3.477    -3.476    -3.481    -3.485    -3.312    -2.416    -0.657
    21.75    39.75    2115    -0.547    -1.583    -3.100    -3.324    -3.347    -3.379    -3.379    -3.274    -3.434    -1.553    -0.259    -0.192
    21.75    39.75    2116    -0.288    -0.469    -0.444    -0.767    -2.776    -2.921    -3.217    -2.379    -2.940    -1.988    -2.810    -0.682
    21.75    39.75    2117    -0.289    -0.231    -1.228    -3.082    -3.214    -3.320    -3.397    -3.398    -3.378    -3.427    -0.767    -0.204
    21.75    39.75    2118    -0.235    -0.236    -1.157    -3.331    -3.388    -3.406    -3.415    -3.420    -3.267    -3.260    -0.811    -0.195
    21.75    39.75    2119    -0.286    -0.842    -1.226    -2.313    -3.217    -3.363    -3.352    -3.347    -3.358    -2.046    -0.480    -0.235
    21.75    39.75    2120    -0.213    -0.247    -0.441    -2.729    -3.315    -3.208    -3.379    -3.295    -3.422    -2.678    -0.795    -0.230
    21.75    39.75    2121    -0.244    -0.318    -0.882    -2.987    -3.220    -3.354    -3.397    -3.426    -3.343    -2.297    -2.591    -2.161
    21.75    39.75    2122    -0.729    -0.350    -0.299    -1.449    -3.269    -3.432    -3.190    -3.075    -3.429    -3.017    -0.872    -0.272
    21.75    39.75    2123    -0.197    -0.314    -1.606    -3.354    -3.396    -3.441    -3.398    -3.315    -2.958    -3.197    -2.578    -1.218
    21.75    39.75    2124    -0.560    -0.690    -0.625    -1.389    -3.412    -3.350    -3.406    -3.374    -3.291    -3.157    -0.324    -0.203
    21.75    39.75    2125    -0.203    -0.253    -0.314    -1.915    -3.349    -3.338    -3.383    -3.365    -3.484    -2.642    -0.800    -0.232
    21.75    39.75    2126    -0.318    -0.695    -1.188    -2.943    -3.218    -3.352    -3.304    -3.455    -3.402    -2.218    -2.410    -1.307
    21.75    39.75    2127    -0.549    -0.928    -3.088    -3.339    -3.466    -3.370    -3.408    -3.470    -3.416    -1.251    -0.885    -0.619
    21.75    39.75    2128    -0.648    -1.138    -2.649    -3.343    -3.393    -3.343    -3.342    -3.071    -3.107    -2.995    -0.632    -0.336
    21.75    39.75    2129    -0.361    -0.573    -1.987    -1.714    -3.247    -3.342    -3.356    -3.370    -3.402    -2.590    -1.334    -0.631
    21.75    39.75    2130    -0.279    -0.672    -1.927    -3.334    -3.390    -3.262    -3.390    -3.347    -3.013    -2.300    -0.994    -0.280
