      Lon      Lat    Year       Jan       Feb       Mar       Apr       May       Jun       Jul       Aug       Sep       Oct       Nov       Dec
     9.75    49.75    1980    -0.306    -0.272    -0.223    -0.595    -0.813    -0.451    -0.630    -0.613    -0.706    -0.772    -0.583    -0.437
     9.75    49.75    1981    -0.216    -0.226    -0.341    -0.495    -1.304    -2.774    -2.472    -1.395    -0.442    -0.327    -0.267    -0.271
     9.75    49.75    1982    -0.180    -0.184    -0.209    -0.261    -1.098    -2.058    -0.927    -0.590    -0.302    -0.428    -0.335    -0.196
     9.75    49.75    1983    -0.171    -0.205    -0.446    -0.750    -1.108    -0.723    -0.676    -1.317    -2.015    -1.803    -0.338    -0.185
     9.75    49.75    1984    -0.197    -0.236    -0.311    -0.379    -0.515    -0.424    -1.613    -1.692    -1.712    -1.878    -0.502    -0.198
     9.75    49.75    1985    -0.192    -0.177    -0.237    -0.483    -0.834    -0.817    -1.131    -0.917    -0.770    -0.481    -0.269    -0.185
     9.75    49.75    1986    -0.188    -0.188    -0.195    -0.195    -0.948    -2.063    -1.619    -2.285    -0.828    -0.233    -0.199    -0.195
     9.75    49.75    1987    -0.191    -0.193    -0.217    -0.433    -0.452    -0.382    -0.994    -1.230    -0.550    -0.588    -0.411    -0.339
     9.75    49.75    1988    -0.204    -0.234    -0.353    -1.092    -1.583    -2.171    -1.591    -2.789    -2.468    -2.935    -1.254    -0.484
     9.75    49.75    1989    -0.230    -0.204    -0.210    -0.330    -0.341    -0.786    -1.130    -1.548    -0.816    -0.781    -0.258    -0.216
     9.75    49.75    1990    -0.182    -0.192    -0.196    -0.263    -0.571    -0.862    -1.221    -1.502    -2.164    -1.575    -0.707    -0.265
     9.75    49.75    1991    -0.191    -0.197    -0.236    -0.521    -0.750    -0.598    -1.315    -1.940    -2.664    -1.575    -0.460    -0.193
     9.75    49.75    1992    -0.186    -0.203    -0.244    -0.327    -1.122    -0.771    -1.111    -1.468    -1.840    -1.654    -0.491    -0.228
     9.75    49.75    1993    -0.232    -0.228    -0.177    -0.461    -1.173    -1.264    -1.793    -1.759    -0.459    -0.290    -0.260    -0.221
     9.75    49.75    1994    -0.194    -0.202    -0.219    -0.459    -1.136    -1.810    -2.503    -1.999    -1.561    -1.705    -0.342    -0.187
     9.75    49.75    1995    -0.199    -0.202    -0.201    -0.345    -0.503    -1.560    -1.246    -0.410    -1.202    -0.925    -0.246    -0.185
     9.75    49.75    1996    -0.181    -0.204    -0.275    -0.599    -1.597    -1.672    -1.249    -0.617    -0.815    -0.529    -0.292    -0.306
     9.75    49.75    1997    -0.280    -0.286    -0.224    -0.460    -0.521    -0.436    -0.848    -1.279    -0.805    -0.675    -0.429    -0.262
     9.75    49.75    1998    -0.221    -0.232    -0.254    -0.858    -1.487    -0.937    -2.104    -2.403    -0.568    -0.642    -0.633    -0.327
     9.75    49.75    1999    -0.184    -0.222    -0.320    -0.653    -1.810    -0.775    -2.566    -2.804    -2.740    -2.267    -0.643    -0.263
     9.75    49.75    2000    -0.176    -0.210    -0.368    -0.848    -1.773    -1.486    -0.938    -1.589    -0.983    -1.375    -0.332    -0.221
     9.75    49.75    2001    -0.198    -0.198    -0.193    -0.567    -0.898    -1.108    -1.609    -0.874    -1.845    -1.668    -0.547    -0.202
     9.75    49.75    2002    -0.178    -0.184    -0.447    -0.576    -0.480    -2.616    -3.120    -1.864    -0.657    -0.808    -0.805    -0.384
     9.75    49.75    2003    -0.175    -0.175    -0.232    -0.533    -0.644    -1.209    -0.688    -0.571    -0.719    -0.881    -0.455    -0.198
     9.75    49.75    2004    -0.203    -0.213    -0.342    -0.595    -0.535    -0.769    -1.975    -1.389    -0.819    -0.594    -0.366    -0.208
     9.75    49.75    2005    -0.238    -0.193    -0.377    -0.667    -0.776    -1.198    -1.566    -1.730    -1.625    -1.681    -0.271    -0.178
     9.75    49.75    2006    -0.193    -0.181    -0.313    -1.673    -2.057    -2.825    -1.471    -2.109    -1.679    -0.833    -0.187    -0.184
     9.75    49.75    2007    -0.181    -0.172    -0.228    -0.541    -1.074    -1.861    -2.227    -1.575    -1.255    -0.873    -0.351    -0.313
     9.75    49.75    2008    -0.200    -0.231    -0.291    -0.394    -0.871    -2.674    -1.694    -1.287    -0.764    -0.761    -0.214    -0.181
     9.75    49.75    2009    -0.179    -0.197    -0.234    -0.513    -2.289    -2.214    -1.106    -1.297    -1.729    -0.925    -0.341    -0.260
     9.75    49.75    2010    -0.179    -0.175    -0.501    -1.778    -3.128    -3.035    -3.103    -2.375    -0.519    -0.473    -0.407    -0.196
     9.75    49.75    2011    -0.174    -0.171    -0.388    -1.132    -1.773    -1.670    -2.412    -2.439    -2.708    -1.059    -0.719    -0.298
     9.75    49.75    2012    -0.226    -0.200    -0.343    -0.463    -0.396    -0.645    -1.034    -1.371    -0.684    -0.517    -0.422    -0.180
     9.75    49.75    2013    -0.181    -0.203    -0.295    -0.469    -0.684    -0.566    -0.547    -0.864    -2.489    -2.034    -0.682    -0.234
     9.75    49.75    2014    -0.179    -0.180    -0.228    -0.501    -0.782    -0.636    -0.626    -1.447    -1.164    -1.134    -0.761    -0.329
     9.75    49.75    2015    -0.270    -0.202    -0.259    -0.847    -2.046    -2.545    -1.372    -0.606    -1.197    -2.926    -0.733    -0.187
     9.75    49.75    2016    -0.187    -0.226    -0.415    -0.336    -0.441    -0.917    -1.357    -1.859    -0.475    -0.432    -0.479    -0.335
     9.75    49.75    2017    -0.235    -0.230    -0.479    -0.512    -0.966    -1.926    -2.337    -3.119    -3.180    -1.260    -0.221    -0.178
     9.75    49.75    2018    -0.176    -0.182    -0.317    -0.835    -0.806    -1.592    -2.608    -2.856    -2.973    -0.502    -0.292    -0.192
     9.75    49.75    2019    -0.173    -0.176    -0.212    -0.630    -1.881    -1.323    -2.486    -2.709    -2.761    -1.458    -0.457    -0.187
     9.75    49.75    2020    -0.213    -0.223    -0.288    -0.510    -1.121    -2.206    -2.359    -0.890    -2.346    -1.389    -0.234    -0.182
     9.75    49.75    2021    -0.172    -0.172    -0.183    -0.645    -1.470    -0.717    -2.021    -2.504    -2.850    -2.448    -1.617    -0.779
     9.75    49.75    2022    -0.775    -0.346    -0.311    -0.757    -1.572    -0.854    -2.200    -2.387    -2.744    -3.001    -1.687    -0.603
     9.75    49.75    2023    -0.347    -0.270    -0.311    -0.300    -0.477    -1.795    -3.192    -2.423    -3.182    -2.955    -0.713    -0.207
     9.75    49.75    2024    -0.207    -0.201    -0.228    -0.358    -0.967    -1.930    -2.073    -1.919    -2.779    -0.971    -0.190    -0.189
     9.75    49.75    2025    -0.223    -0.252    -0.288    -0.443    -1.836    -3.229    -3.183    -2.750    -3.118    -3.097    -0.987    -0.200
     9.75    49.75    2026    -0.182    -0.183    -0.268    -0.363    -1.206    -0.858    -1.323    -2.105    -2.802    -1.505    -0.386    -0.196
     9.75    49.75    2027    -0.180    -0.175    -0.319    -0.412    -0.616    -0.345    -0.807    -1.169    -2.556    -2.239    -0.406    -0.183
     9.75    49.75    2028    -0.182    -0.186    -0.230    -0.275    -0.919    -1.409    -2.390    -2.545    -1.069    -0.951    -0.680    -0.361
     9.75    49.75    2029    -0.309    -0.224    -0.378    -0.496    -1.823    -2.395    -2.986    -2.170    -1.604    -1.349    -0.908    -0.856
     9.75    49.75    2030    -0.870    -0.813    -0.276    -0.339    -0.480    -0.769    -1.025    -1.632    -1.628    -1.361    -0.884    -0.356
     9.75    49.75    2031    -0.309    -0.320    -0.343    -0.683    -1.259    -2.242    -2.663    -2.923    -2.650    -2.325    -0.718    -0.343
     9.75    49.75    2032    -0.293    -0.294    -0.406    -0.901    -2.025    -0.679    -2.487    -2.987    -2.724    -2.443    -0.956    -0.214
     9.75    49.75    2033    -0.178    -0.189    -0.323    -1.046    -2.772    -1.616    -2.794    -2.613    -2.751    -2.927    -1.166    -0.233
     9.75    49.75    2034    -0.185    -0.186    -0.257    -1.336    -1.792    -0.978    -0.941    -1.749    -1.114    -1.132    -0.471    -0.231
     9.75    49.75    2035    -0.189    -0.185    -0.290    -0.573    -1.745    -2.412    -2.743    -0.583    -1.197    -2.639    -1.183    -0.257
     9.75    49.75    2036    -0.179    -0.184    -0.252    -0.454    -2.195    -2.913    -2.959    -1.637    -2.084    -1.019    -0.252    -0.197
     9.75    49.75    2037    -0.179    -0.181    -0.365    -1.595    -2.635    -2.519    -1.999    -1.172    -0.878    -0.947    -0.773    -0.245
     9.75    49.75    2038    -0.200    -0.223    -0.402    -0.617    -0.795    -0.631    -1.126    -1.846    -1.078    -0.615    -0.374    -0.251
     9.75    49.75    2039    -0.179    -0.247    -0.575    -0.710    -0.805    -1.345    -2.416    -2.144    -1.809    -0.840    -0.710    -0.375
     9.75    49.75    2040    -0.250    -0.204    -0.374    -0.719    -1.758    -1.129    -2.660    -3.201    -1.168    -0.433    -0.372    -0.209
     9.75    49.75    2041    -0.199    -0.233    -0.402    -0.754    -1.471    -0.368    -0.585    -0.926    -1.227    -1.219    -0.335    -0.215
     9.75    49.75    2042    -0.209    -0.182    -0.226    -0.383    -1.561    -2.719    -2.788    -2.691    -2.893    -3.013    -1.548    -0.235
     9.75    49.75    2043    -0.238    -0.226    -0.257    -1.349    -3.132    -1.284    -1.168    -1.067    -0.514    -0.876    -0.540    -0.401
     9.75    49.75    2044    -0.419    -0.419    -0.292    -0.754    -2.158    -3.054    -2.474    -2.301    -2.320    -2.175    -0.990    -0.374
     9.75    49.75    2045    -0.223    -0.198    -0.229    -0.514    -0.743    -1.135    -1.459    -2.796    -3.138    -2.754    -0.900    -0.396
     9.75    49.75    2046    -0.301    -0.265    -0.280    -0.408    -0.447    -0.898    -1.928    -1.090    -0.643    -0.496    -0.279    -0.183
     9.75    49.75    2047    -0.189    -0.194    -0.184    -0.272    -0.425    -1.341    -2.076    -1.566    -1.822    -1.463    -0.600    -0.270
     9.75    49.75    2048    -0.178    -0.179    -0.250    -0.901    -2.067    -3.125    -2.675    -2.563    -3.145    -1.448    -0.250    -0.179
     9.75    49.75    2049    -0.191    -0.193    -0.325    -0.556    -0.738    -0.880    -0.788    -0.973    -0.748    -0.639    -0.468    -0.253
     9.75    49.75    2050    -0.223    -0.226    -0.190    -0.361    -0.444    -1.084    -2.845    -2.489    -2.436    -2.212    -0.466    -0.214
     9.75    49.75    2051    -0.193    -0.204    -0.271    -0.464    -1.267    -2.915    -3.090    -3.008    -1.643    -2.049    -1.337    -0.360
     9.75    49.75    2052    -0.254    -0.256    -0.324    -1.015    -2.399    -2.695    -3.212    -2.178    -2.382    -1.283    -0.587    -0.247
     9.75    49.75    2053    -0.222    -0.224    -0.224    -0.801    -2.854    -2.979    -1.685    -0.642    -0.883    -1.249    -0.595    -0.335
     9.75    49.75    2054    -0.225    -0.196    -0.391    -0.557    -2.186    -0.875    -2.077    -3.028    -3.298    -1.178    -0.393    -0.191
     9.75    49.75    2055    -0.185    -0.219    -0.373    -1.733    -1.976    -0.892    -0.857    -0.531    -0.684    -1.273    -0.414    -0.237
     9.75    49.75    2056    -0.221    -0.216    -0.388    -1.045    -1.060    -0.861    -0.906    -0.996    -1.434    -2.889    -1.444    -0.290
     9.75    49.75    2057    -0.186    -0.223    -0.257    -0.721    -2.045    -2.134    -1.526    -1.036    -0.812    -1.133    -2.171    -1.988
     9.75    49.75    2058    -0.592    -0.211    -0.349    -0.739    -2.525    -3.056    -2.331    -0.979    -0.828    -2.179    -1.033    -0.325
     9.75    49.75    2059    -0.177    -0.189    -0.335    -0.635    -0.799    -0.961    -2.750    -1.288    -2.587    -2.091    -0.773    -0.300
     9.75    49.75    2060    -0.219    -0.260    -0.288    -0.921    -1.681    -1.387    -0.889    -2.335    -3.002    -1.820    -0.332    -0.200
     9.75    49.75    2061    -0.175    -0.203    -0.257    -0.637    -2.654    -2.881    -2.641    -2.694    -2.834    -2.406    -2.067    -1.044
     9.75    49.75    2062    -0.177    -0.240    -0.433    -0.628    -0.626    -0.714    -1.791    -2.464    -2.844    -2.308    -0.974    -0.255
     9.75    49.75    2063    -0.183    -0.198    -0.308    -0.588    -1.226    -0.452    -0.973    -0.550    -0.887    -1.437    -0.572    -0.235
     9.75    49.75    2064    -0.194    -0.192    -0.295    -1.440    -3.133    -1.821    -2.471    -0.969    -1.996    -3.182    -1.222    -0.270
     9.75    49.75    2065    -0.179    -0.177    -0.288    -0.590    -1.823    -1.739    -2.563    -2.856    -1.957    -1.944    -0.817    -0.220
     9.75    49.75    2066    -0.207    -0.198    -0.354    -0.689    -2.459    -3.051    -2.683    -0.945    -0.887    -0.713    -0.573    -0.318
     9.75    49.75    2067    -0.207    -0.206    -0.290    -2.020    -2.782    -1.265    -2.366    -2.149    -2.776    -2.904    -1.339    -0.384
     9.75    49.75    2068    -0.178    -0.174    -0.251    -1.591    -3.300    -1.267    -2.007    -3.132    -2.612    -1.925    -0.990    -0.482
     9.75    49.75    2069    -0.362    -0.348    -0.376    -0.363    -0.972    -1.869    -2.379    -2.447    -2.885    -2.721    -1.111    -0.431
     9.75    49.75    2070    -0.278    -0.205    -0.421    -0.486    -0.540    -2.088    -2.691    -2.274    -2.992    -1.244    -0.523    -0.268
     9.75    49.75    2071    -0.222    -0.207    -0.229    -1.048    -2.996    -2.034    -1.231    -1.948    -1.934    -0.700    -0.285    -0.181
     9.75    49.75    2072    -0.188    -0.184    -0.254    -0.406    -0.655    -1.251    -2.415    -2.893    -2.570    -0.623    -0.177    -0.173
     9.75    49.75    2073    -0.184    -0.192    -0.274    -0.497    -1.372    -2.081    -0.824    -0.680    -1.139    -2.086    -0.961    -0.251
     9.75    49.75    2074    -0.185    -0.191    -0.285    -0.482    -0.722    -1.824    -2.452    -1.570    -0.821    -0.530    -0.259    -0.192
     9.75    49.75    2075    -0.176    -0.176    -0.263    -0.327    -1.679    -2.702    -2.745    -2.457    -1.186    -1.674    -0.476    -0.218
     9.75    49.75    2076    -0.177    -0.177    -0.321    -0.428    -0.530    -1.743    -3.242    -2.229    -2.616    -2.512    -0.376    -0.182
     9.75    49.75    2077    -0.197    -0.197    -0.363    -0.611    -0.851    -1.671    -1.035    -0.818    -1.145    -0.371    -0.229    -0.225
     9.75    49.75    2078    -0.211    -0.220    -0.415    -1.272    -2.978    -3.314    -3.272    -3.215    -3.019    -2.114    -0.570    -0.179
     9.75    49.75    2079    -0.178    -0.220    -0.300    -1.400    -3.258    -3.287    -2.748    -3.337    -3.159    -2.711    -0.722    -0.178
     9.75    49.75    2080    -0.183    -0.186    -0.322    -0.646    -0.690    -0.671    -1.068    -1.386    -2.304    -1.806    -0.638    -0.365
     9.75    49.75    2081    -0.287    -0.269    -0.407    -0.910    -2.883    -1.400    -1.210    -2.196    -1.751    -0.762    -0.258    -0.190
     9.75    49.75    2082    -0.181    -0.236    -0.469    -1.064    -1.255    -2.452    -2.695    -3.132    -3.168    -1.516    -0.457    -0.257
     9.75    49.75    2083    -0.183    -0.183    -0.274    -0.257    -0.499    -1.849    -3.225    -1.972    -2.017    -3.121    -1.836    -0.323
     9.75    49.75    2084    -0.178    -0.186    -0.260    -1.783    -1.695    -2.774    -3.093    -1.901    -2.558    -0.865    -0.674    -0.222
     9.75    49.75    2085    -0.179    -0.187    -0.383    -0.669    -1.331    -1.761    -2.674    -2.136    -3.010    -2.716    -0.762    -0.329
     9.75    49.75    2086    -0.275    -0.269    -0.954    -2.191    -0.958    -2.621    -2.670    -2.873    -2.489    -1.423    -0.854    -0.235
     9.75    49.75    2087    -0.210    -0.282    -0.604    -0.783    -1.777    -3.098    -3.079    -2.759    -3.095    -1.744    -1.390    -0.272
     9.75    49.75    2088    -0.190    -0.260    -0.467    -0.427    -0.767    -2.505    -3.134    -1.133    -0.929    -0.958    -0.603    -0.212
     9.75    49.75    2089    -0.180    -0.275    -0.723    -1.288    -2.766    -1.476    -2.098    -1.022    -0.683    -1.364    -0.833    -0.293
     9.75    49.75    2090    -0.254    -0.207    -0.497    -2.169    -3.287    -3.296    -3.044    -3.122    -2.833    -0.659    -0.197    -0.198
     9.75    49.75    2091    -0.176    -0.181    -0.225    -0.459    -1.524    -2.666    -3.329    -2.442    -3.176    -2.525    -0.749    -0.289
     9.75    49.75    2092    -0.218    -0.218    -0.443    -0.587    -1.580    -2.762    -3.166    -3.174    -1.353    -0.867    -0.788    -0.444
     9.75    49.75    2093    -0.234    -0.194    -0.345    -1.482    -3.330    -2.929    -2.120    -1.723    -2.056    -1.891    -1.299    -0.324
     9.75    49.75    2094    -0.190    -0.251    -0.442    -0.672    -0.884    -2.059    -2.794    -1.966    -2.211    -2.786    -0.571    -0.275
     9.75    49.75    2095    -0.236    -0.182    -0.503    -1.119    -1.085    -1.231    -2.972    -3.147    -3.333    -2.245    -0.604    -0.175
     9.75    49.75    2096    -0.176    -0.183    -0.466    -1.421    -3.159    -1.505    -2.621    -3.103    -2.516    -0.889    -0.177    -0.176
     9.75    49.75    2097    -0.174    -0.179    -0.360    -1.099    -2.894    -2.928    -3.246    -2.421    -2.980    -2.432    -1.270    -0.242
     9.75    49.75    2098    -0.176    -0.177    -0.221    -0.597    -2.697    -3.241    -2.174    -0.735    -0.819    -1.186    -0.266    -0.174
     9.75    49.75    2099    -0.177    -0.187    -0.527    -1.172    -1.000    -2.829    -3.214    -3.082    -1.823    -0.913    -0.383    -0.203
     9.75    49.75    2100    -0.177    -0.207    -0.258    -0.493    -1.231    -3.052    -3.222    -2.945    -3.080    -1.710    -0.356    -0.267
     9.75    49.75    2101    -0.225    -0.239    -0.269    -1.539    -3.164    -1.256    -1.984    -2.348    -1.127    -0.633    -0.326    -0.201
     9.75    49.75    2102    -0.179    -0.198    -0.276    -0.363    -0.780    -2.176    -2.939    -2.756    -2.159    -1.007    -0.176    -0.173
     9.75    49.75    2103    -0.179    -0.196    -0.260    -0.549    -0.961    -2.638    -0.889    -0.974    -0.771    -1.433    -0.795    -0.243
     9.75    49.75    2104    -0.209    -0.197    -0.298    -0.523    -0.747    -2.199    -2.624    -0.819    -2.082    -0.535    -0.232    -0.178
     9.75    49.75    2105    -0.175    -0.176    -0.280    -0.365    -1.472    -2.818    -2.778    -1.740    -1.815    -1.440    -0.492    -0.205
     9.75    49.75    2106    -0.186    -0.184    -0.298    -0.451    -0.547    -1.428    -3.108    -1.969    -3.107    -1.620    -0.308    -0.179
     9.75    49.75    2107    -0.208    -0.203    -0.337    -0.685    -0.954    -1.976    -1.298    -1.191    -0.782    -0.482    -0.262    -0.221
     9.75    49.75    2108    -0.192    -0.214    -0.401    -1.462    -2.997    -3.312    -3.255    -3.190    -2.791    -2.498    -0.612    -0.173
     9.75    49.75    2109    -0.177    -0.208    -0.283    -1.537    -3.292    -3.164    -2.785    -3.332    -3.240    -2.626    -1.297    -0.261
     9.75    49.75    2110    -0.191    -0.231    -0.325    -0.590    -0.815    -0.514    -1.776    -1.100    -2.572    -2.116    -0.589    -0.376
     9.75    49.75    2111    -0.247    -0.242    -0.505    -0.991    -2.960    -1.203    -1.328    -2.522    -1.766    -0.835    -0.234    -0.183
     9.75    49.75    2112    -0.176    -0.230    -0.401    -0.819    -1.434    -2.701    -2.980    -3.137    -3.239    -2.156    -0.409    -0.219
     9.75    49.75    2113    -0.177    -0.183    -0.254    -0.261    -0.679    -1.766    -3.125    -2.048    -1.408    -3.079    -1.484    -0.384
     9.75    49.75    2114    -0.173    -0.179    -0.231    -1.688    -1.974    -2.388    -3.047    -2.268    -2.235    -0.947    -0.694    -0.213
     9.75    49.75    2115    -0.186    -0.199    -0.449    -0.664    -1.087    -1.986    -2.629    -1.879    -3.034    -2.651    -0.777    -0.245
     9.75    49.75    2116    -0.237    -0.317    -0.952    -1.663    -0.962    -2.787    -2.220    -3.191    -2.131    -1.479    -0.669    -0.241
     9.75    49.75    2117    -0.250    -0.322    -0.855    -0.596    -2.337    -3.228    -3.148    -2.920    -2.698    -2.326    -1.383    -0.252
     9.75    49.75    2118    -0.183    -0.243    -0.499    -0.530    -0.948    -2.508    -3.082    -0.857    -1.368    -1.496    -0.911    -0.233
     9.75    49.75    2119    -0.188    -0.309    -0.840    -1.456    -2.616    -2.206    -2.010    -0.947    -0.899    -1.088    -0.650    -0.352
     9.75    49.75    2120    -0.203    -0.201    -0.515    -2.396    -3.264    -3.269    -3.003    -2.999    -3.171    -0.773    -0.263    -0.180
     9.75    49.75    2121    -0.174    -0.179    -0.264    -0.491    -1.469    -2.886    -3.128    -2.649    -2.410    -2.161    -0.606    -0.236
     9.75    49.75    2122    -0.194    -0.205    -0.408    -0.505    -1.486    -2.560    -2.881    -3.025    -1.885    -0.823    -0.916    -0.525
     9.75    49.75    2123    -0.187    -0.190    -0.365    -1.801    -3.163    -2.063    -1.980    -2.222    -2.095    -2.134    -1.310    -0.266
     9.75    49.75    2124    -0.193    -0.238    -0.450    -0.582    -0.954    -1.785    -2.856    -1.413    -2.399    -2.822    -0.804    -0.265
     9.75    49.75    2125    -0.197    -0.189    -0.579    -1.087    -1.393    -1.775    -2.871    -3.196    -3.328    -1.458    -0.294    -0.175
     9.75    49.75    2126    -0.181    -0.190    -0.465    -1.454    -3.087    -1.931    -2.119    -3.216    -2.524    -0.526    -0.186    -0.177
     9.75    49.75    2127    -0.175    -0.181    -0.372    -1.650    -2.545    -2.980    -3.030    -2.404    -3.091    -2.419    -0.753    -0.242
     9.75    49.75    2128    -0.174    -0.189    -0.233    -0.538    -2.743    -3.211    -1.838    -1.764    -0.691    -0.944    -0.321    -0.174
     9.75    49.75    2129    -0.179    -0.181    -0.662    -1.013    -2.216    -2.477    -3.225    -3.014    -2.228    -0.735    -0.274    -0.179
     9.75    49.75    2130    -0.182    -0.236    -0.309    -0.521    -1.237    -3.034    -3.275    -3.032    -3.087    -2.256    -0.358    -0.222
    13.75    55.75    1980    -0.145    -0.146    -0.174    -0.311    -1.555    -2.345    -2.979    -3.126    -0.822    -0.188    -0.158    -0.158
    13.75    55.75    1981    -0.141    -0.156    -0.228    -0.395    -1.299    -2.333    -2.666    -3.298    -2.368    -0.568    -0.144    -0.142
    13.75    55.75    1982    -0.145    -0.149    -0.198    -0.331    -0.699    -1.136    -3.214    -2.957    -1.891    -0.287    -0.193    -0.142
    13.75    55.75    1983    -0.141    -0.141    -0.214    -0.398    -1.022    -1.594    -2.459    -3.289    -2.964    -1.072    -0.250    -0.141
    13.75    55.75    1984    -0.142    -0.160    -0.219    -0.329    -0.416    -1.039    -0.671    -0.367    -0.420    -0.287    -0.142    -0.142
    13.75    55.75    1985    -0.140    -0.142    -0.144    -0.164    -0.293    -0.556    -0.610    -0.259    -0.320    -0.152    -0.142    -0.141
    13.75    55.75    1986    -0.141    -0.142    -0.143    -0.145    -0.388    -1.501    -2.675    -0.576    -0.210    -0.152    -0.145    -0.141
    13.75    55.75    1987    -0.145    -0.145    -0.146    -0.171    -1.161    -1.086    -0.874    -2.840    -0.272    -0.170    -0.153    -0.142
    13.75    55.75    1988    -0.141    -0.153    -0.219    -0.440    -0.925    -2.605    -2.928    -2.484    -1.468    -0.752    -0.383    -0.160
    13.75    55.75    1989    -0.143    -0.145    -0.148    -0.252    -0.560    -2.364    -2.207    -2.376    -1.323    -0.297    -0.153    -0.146
    13.75    55.75    1990    -0.142    -0.161    -0.161    -0.197    -0.648    -0.385    -1.841    -1.573    -0.314    -0.356    -0.216    -0.143
    13.75    55.75    1991    -0.140    -0.141    -0.164    -0.361    -0.884    -3.094    -2.694    -0.299    -0.230    -0.179    -0.144    -0.141
    13.75    55.75    1992    -0.142    -0.155    -0.170    -0.297    -0.502    -0.654    -1.448    -3.179    -1.918    -1.234    -0.321    -0.142
    13.75    55.75    1993    -0.142    -0.140    -0.144    -0.349    -0.732    -1.452    -0.584    -0.481    -0.537    -0.349    -0.172    -0.181
    13.75    55.75    1994    -0.164    -0.150    -0.160    -0.358    -0.971    -1.044    -0.754    -0.367    -0.378    -0.182    -0.146    -0.143
    13.75    55.75    1995    -0.145    -0.145    -0.162    -0.315    -0.775    -0.974    -2.445    -2.965    -1.994    -0.399    -0.165    -0.143
    13.75    55.75    1996    -0.142    -0.153    -0.182    -0.273    -0.797    -2.266    -2.916    -1.419    -1.069    -0.245    -0.149    -0.144
    13.75    55.75    1997    -0.146    -0.149    -0.152    -0.245    -1.208    -1.869    -1.037    -0.969    -0.348    -0.247    -0.163    -0.144
    13.75    55.75    1998    -0.145    -0.170    -0.240    -0.514    -1.310    -0.680    -1.907    -2.877    -0.749    -0.583    -0.309    -0.181
    13.75    55.75    1999    -0.154    -0.155    -0.184    -0.343    -0.560    -2.258    -2.722    -2.214    -0.501    -0.173    -0.165    -0.143
    13.75    55.75    2000    -0.142    -0.153    -0.203    -0.534    -2.245    -2.597    -3.152    -3.181    -0.939    -0.342    -0.156    -0.144
    13.75    55.75    2001    -0.146    -0.148    -0.152    -0.233    -0.414    -0.540    -0.586    -0.355    -0.198    -0.204    -0.152    -0.141
    13.75    55.75    2002    -0.143    -0.143    -0.226    -0.273    -0.478    -2.765    -2.684    -1.090    -0.241    -0.193    -0.177    -0.147
    13.75    55.75    2003    -0.146    -0.148    -0.152    -0.224    -0.502    -2.083    -1.573    -0.700    -0.702    -0.157    -0.148    -0.142
    13.75    55.75    2004    -0.143    -0.149    -0.188    -0.330    -0.626    -0.633    -0.185    -0.599    -1.046    -0.950    -0.179    -0.145
    13.75    55.75    2005    -0.146    -0.160    -0.260    -0.487    -1.504    -0.552    -2.579    -3.024    -1.710    -0.469    -0.143    -0.142
    13.75    55.75    2006    -0.141    -0.141    -0.167    -0.497    -2.505    -3.041    -3.360    -2.694    -0.639    -0.173    -0.152    -0.145
    13.75    55.75    2007    -0.144    -0.144    -0.148    -0.247    -0.473    -1.547    -2.457    -0.894    -0.438    -0.227    -0.169    -0.142
    13.75    55.75    2008    -0.146    -0.149    -0.188    -0.404    -1.088    -3.192    -2.248    -3.220    -1.471    -0.467    -0.203    -0.144
    13.75    55.75    2009    -0.142    -0.152    -0.209    -0.415    -1.387    -3.114    -1.486    -2.870    -1.393    -0.579    -0.236    -0.141
    13.75    55.75    2010    -0.143    -0.145    -0.239    -0.409    -0.645    -1.226    -0.730    -0.647    -0.518    -0.397    -0.346    -0.176
    13.75    55.75    2011    -0.144    -0.147    -0.249    -0.485    -0.942    -2.230    -0.694    -1.738    -2.350    -1.156    -0.243    -0.148
    13.75    55.75    2012    -0.148    -0.157    -0.265    -0.346    -0.511    -2.505    -2.885    -2.469    -0.806    -0.282    -0.169    -0.144
    13.75    55.75    2013    -0.143    -0.146    -0.159    -0.266    -0.490    -2.217    -1.160    -0.433    -0.603    -0.763    -0.225    -0.141
    13.75    55.75    2014    -0.145    -0.146    -0.142    -0.309    -0.970    -1.919    -3.116    -2.024    -1.124    -0.809    -0.243    -0.166
    13.75    55.75    2015    -0.142    -0.146    -0.164    -0.384    -1.286    -3.201    -2.265    -3.028    -2.631    -2.856    -0.458    -0.151
    13.75    55.75    2016    -0.144    -0.146    -0.251    -0.275    -0.625    -2.633    -3.391    -1.602    -1.641    -0.411    -0.322    -0.181
    13.75    55.75    2017    -0.143    -0.152    -0.256    -0.403    -0.452    -1.109    -2.493    -1.835    -1.515    -0.339    -0.170    -0.142
    13.75    55.75    2018    -0.140    -0.142    -0.240    -0.500    -1.252    -0.658    -2.678    -2.770    -2.894    -0.768    -0.143    -0.141
    13.75    55.75    2019    -0.143    -0.146    -0.167    -0.333    -1.828    -3.292    -1.940    -3.436    -1.181    -0.302    -0.157    -0.142
    13.75    55.75    2020    -0.144    -0.155    -0.227    -0.390    -0.951    -1.260    -2.188    -1.948    -0.584    -0.416    -0.158    -0.142
    13.75    55.75    2021    -0.139    -0.140    -0.148    -0.184    -0.791    -1.687    -2.807    -3.220    -2.952    -2.645    -0.462    -0.175
    13.75    55.75    2022    -0.173    -0.154    -0.207    -0.450    -1.668    -0.192    -0.728    -2.925    -2.761    -0.577    -0.299    -0.170
    13.75    55.75    2023    -0.156    -0.160    -0.207    -0.229    -0.245    -0.320    -0.391    -0.708    -0.378    -0.656    -0.357    -0.142
    13.75    55.75    2024    -0.146    -0.152    -0.190    -0.365    -1.358    -2.296    -2.515    -0.971    -1.773    -0.417    -0.190    -0.141
    13.75    55.75    2025    -0.142    -0.154    -0.179    -0.310    -1.528    -2.076    -2.271    -2.217    -0.645    -0.293    -0.186    -0.140
    13.75    55.75    2026    -0.141    -0.142    -0.216    -0.282    -0.936    -1.678    -2.875    -1.924    -0.805    -0.265    -0.158    -0.143
    13.75    55.75    2027    -0.140    -0.149    -0.226    -0.335    -1.534    -3.264    -0.676    -0.233    -0.320    -0.366    -0.165    -0.145
    13.75    55.75    2028    -0.147    -0.143    -0.153    -0.286    -0.821    -1.199    -0.320    -0.628    -1.143    -0.553    -0.289    -0.185
    13.75    55.75    2029    -0.165    -0.165    -0.157    -0.213    -1.317    -3.267    -2.932    -1.078    -0.367    -0.320    -0.269    -0.207
    13.75    55.75    2030    -0.215    -0.209    -0.193    -0.216    -0.540    -0.433    -0.648    -2.560    -3.143    -0.828    -0.190    -0.145
    13.75    55.75    2031    -0.143    -0.150    -0.216    -0.503    -1.488    -3.100    -2.126    -0.967    -0.870    -0.493    -0.167    -0.144
    13.75    55.75    2032    -0.141    -0.153    -0.234    -0.427    -1.345    -2.891    -3.321    -3.150    -2.062    -0.343    -0.177    -0.140
    13.75    55.75    2033    -0.141    -0.153    -0.193    -0.538    -2.055    -1.708    -0.376    -2.027    -1.318    -0.433    -0.238    -0.140
    13.75    55.75    2034    -0.141    -0.141    -0.145    -0.296    -2.045    -0.284    -1.229    -1.263    -0.376    -0.281    -0.141    -0.141
    13.75    55.75    2035    -0.141    -0.155    -0.236    -0.338    -1.539    -1.453    -0.329    -0.787    -1.672    -1.960    -0.332    -0.143
    13.75    55.75    2036    -0.143    -0.148    -0.169    -0.330    -2.034    -2.002    -2.903    -1.552    -0.900    -0.204    -0.143    -0.142
    13.75    55.75    2037    -0.142    -0.154    -0.190    -0.420    -1.703    -1.728    -0.583    -1.471    -1.755    -0.424    -0.167    -0.141
    13.75    55.75    2038    -0.142    -0.158    -0.227    -0.418    -1.367    -1.487    -0.192    -0.883    -1.795    -1.124    -0.257    -0.142
    13.75    55.75    2039    -0.141    -0.166    -0.287    -0.303    -1.167    -1.267    -2.388    -1.451    -1.161    -0.416    -0.284    -0.150
    13.75    55.75    2040    -0.141    -0.148    -0.258    -0.578    -1.871    -2.880    -1.624    -2.309    -0.596    -0.233    -0.151    -0.142
    13.75    55.75    2041    -0.143    -0.163    -0.300    -0.679    -2.362    -3.122    -2.323    -1.870    -0.435    -0.182    -0.143    -0.142
    13.75    55.75    2042    -0.144    -0.153    -0.182    -0.452    -1.751    -0.617    -0.438    -0.513    -0.259    -0.248    -0.147    -0.142
    13.75    55.75    2043    -0.140    -0.141    -0.147    -0.328    -1.322    -2.871    -3.339    -2.272    -1.453    -0.652    -0.393    -0.164
    13.75    55.75    2044    -0.143    -0.166    -0.253    -0.605    -1.485    -0.520    -0.363    -0.341    -0.300    -0.301    -0.201    -0.142
    13.75    55.75    2045    -0.146    -0.147    -0.198    -0.326    -0.463    -1.544    -3.194    -3.170    -3.274    -1.309    -0.286    -0.178
    13.75    55.75    2046    -0.153    -0.151    -0.231    -0.383    -0.406    -2.002    -1.261    -0.941    -2.989    -0.776    -0.197    -0.142
    13.75    55.75    2047    -0.145    -0.151    -0.156    -0.190    -0.564    -1.126    -2.698    -3.290    -1.341    -0.579    -0.209    -0.140
    13.75    55.75    2048    -0.143    -0.141    -0.184    -0.397    -0.791    -1.570    -1.781    -2.698    -2.886    -1.013    -0.158    -0.141
    13.75    55.75    2049    -0.145    -0.143    -0.234    -0.349    -1.197    -2.312    -0.305    -0.442    -0.659    -0.404    -0.253    -0.159
    13.75    55.75    2050    -0.142    -0.148    -0.212    -0.219    -0.470    -1.364    -2.009    -1.917    -1.436    -0.214    -0.147    -0.140
    13.75    55.75    2051    -0.144    -0.157    -0.190    -0.262    -0.458    -0.554    -1.536    -1.786    -0.707    -0.527    -0.194    -0.146
    13.75    55.75    2052    -0.140    -0.142    -0.151    -0.228    -0.309    -1.556    -2.436    -1.886    -1.471    -0.215    -0.151    -0.141
    13.75    55.75    2053    -0.144    -0.145    -0.146    -0.278    -1.428    -1.200    -2.662    -1.603    -0.438    -0.300    -0.143    -0.142
    13.75    55.75    2054    -0.144    -0.145    -0.147    -0.288    -0.839    -1.680    -0.596    -0.696    -1.068    -0.574    -0.154    -0.146
    13.75    55.75    2055    -0.141    -0.150    -0.259    -0.960    -2.711    -1.386    -2.906    -2.407    -0.956    -0.385    -0.197    -0.141
    13.75    55.75    2056    -0.146    -0.159    -0.218    -0.459    -0.717    -1.694    -2.911    -0.775    -0.248    -0.262    -0.148    -0.140
    13.75    55.75    2057    -0.141    -0.150    -0.187    -0.313    -1.550    -3.331    -3.237    -1.115    -0.334    -0.257    -0.277    -0.207
    13.75    55.75    2058    -0.170    -0.149    -0.227    -0.357    -1.158    -1.421    -2.445    -1.072    -0.842    -0.850    -0.426    -0.156
    13.75    55.75    2059    -0.146    -0.145    -0.204    -0.380    -0.565    -0.921    -0.480    -0.582    -0.280    -0.302    -0.148    -0.142
    13.75    55.75    2060    -0.141    -0.149    -0.222    -0.493    -2.486    -3.198    -1.037    -0.502    -2.304    -0.771    -0.189    -0.140
    13.75    55.75    2061    -0.140    -0.148    -0.191    -0.246    -0.708    -2.902    -1.999    -0.248    -0.635    -0.542    -0.226    -0.148
    13.75    55.75    2062    -0.143    -0.174    -0.212    -0.295    -0.308    -0.776    -2.670    -2.082    -1.477    -0.395    -0.145    -0.140
    13.75    55.75    2063    -0.142    -0.154    -0.189    -0.245    -0.750    -1.314    -3.226    -1.339    -0.464    -0.301    -0.271    -0.209
    13.75    55.75    2064    -0.142    -0.157    -0.178    -0.554    -2.325    -2.183    -1.245    -0.421    -0.224    -0.272    -0.289    -0.141
    13.75    55.75    2065    -0.142    -0.143    -0.224    -0.333    -1.209    -3.053    -2.375    -0.395    -0.404    -0.519    -0.174    -0.141
    13.75    55.75    2066    -0.143    -0.147    -0.183    -0.365    -1.490    -2.760    -2.844    -2.983    -0.790    -0.196    -0.178    -0.141
    13.75    55.75    2067    -0.145    -0.150    -0.216    -0.638    -1.157    -1.235    -2.975    -2.525    -2.918    -1.227    -0.267    -0.140
    13.75    55.75    2068    -0.142    -0.141    -0.161    -0.583    -2.794    -3.277    -2.127    -1.527    -2.029    -1.834    -0.287    -0.160
    13.75    55.75    2069    -0.143    -0.155    -0.198    -0.287    -0.388    -0.414    -0.479    -1.630    -2.607    -1.444    -0.307    -0.142
    13.75    55.75    2070    -0.143    -0.153    -0.234    -0.497    -0.836    -0.580    -1.912    -2.574    -1.004    -0.250    -0.153    -0.140
    13.75    55.75    2071    -0.141    -0.151    -0.205    -0.484    -1.662    -2.687    -1.005    -2.195    -0.820    -0.314    -0.160    -0.140
    13.75    55.75    2072    -0.142    -0.149    -0.183    -0.265    -0.604    -0.453    -0.317    -0.372    -0.536    -0.283    -0.146    -0.141
    13.75    55.75    2073    -0.142    -0.155    -0.205    -0.380    -1.790    -3.131    -2.458    -2.927    -1.098    -0.305    -0.221    -0.142
    13.75    55.75    2074    -0.142    -0.156    -0.180    -0.292    -1.226    -2.228    -1.540    -0.642    -0.277    -0.207    -0.142    -0.140
    13.75    55.75    2075    -0.142    -0.148    -0.189    -0.229    -0.693    -1.491    -0.200    -1.177    -1.862    -0.599    -0.207    -0.141
    13.75    55.75    2076    -0.142    -0.144    -0.210    -0.265    -1.669    -3.274    -2.039    -1.312    -2.399    -1.022    -0.142    -0.141
    13.75    55.75    2077    -0.143    -0.153    -0.210    -0.529    -1.287    -1.938    -3.257    -3.098    -0.846    -0.190    -0.144    -0.141
    13.75    55.75    2078    -0.143    -0.149    -0.248    -0.690    -1.376    -1.945    -0.555    -0.580    -0.660    -0.328    -0.145    -0.140
    13.75    55.75    2079    -0.142    -0.158    -0.179    -0.485    -2.459    -3.036    -0.190    -0.351    -0.337    -0.420    -0.195    -0.149
    13.75    55.75    2080    -0.143    -0.152    -0.228    -0.515    -1.190    -1.849    -3.017    -2.364    -0.731    -0.388    -0.159    -0.148
    13.75    55.75    2081    -0.144    -0.163    -0.235    -0.504    -0.640    -2.477    -3.278    -3.281    -1.979    -1.128    -0.336    -0.141
    13.75    55.75    2082    -0.141    -0.158    -0.193    -0.198    -0.415    -0.634    -1.203    -0.947    -0.884    -0.413    -0.166    -0.140
    13.75    55.75    2083    -0.142    -0.150    -0.165    -0.192    -0.518    -2.146    -2.708    -1.926    -2.208    -0.719    -0.303    -0.141
    13.75    55.75    2084    -0.141    -0.145    -0.169    -0.819    -1.386    -0.432    -1.562    -3.004    -2.617    -1.216    -0.155    -0.140
    13.75    55.75    2085    -0.141    -0.148    -0.254    -0.291    -0.288    -2.115    -2.673    -1.125    -0.645    -0.607    -0.275    -0.166
    13.75    55.75    2086    -0.144    -0.153    -0.304    -0.504    -1.334    -1.816    -3.003    -1.541    -0.799    -0.828    -0.182    -0.141
    13.75    55.75    2087    -0.144    -0.161    -0.378    -0.592    -0.504    -1.173    -3.111    -3.028    -3.243    -1.026    -0.270    -0.143
    13.75    55.75    2088    -0.143    -0.160    -0.271    -0.310    -0.704    -1.672    -3.088    -2.782    -1.588    -0.222    -0.143    -0.140
    13.75    55.75    2089    -0.143    -0.163    -0.290    -0.586    -2.132    -3.234    -3.344    -2.497    -0.922    -0.330    -0.210    -0.141
    13.75    55.75    2090    -0.140    -0.147    -0.228    -0.637    -1.640    -3.222    -2.197    -1.203    -0.861    -0.181    -0.144    -0.140
    13.75    55.75    2091    -0.143    -0.158    -0.248    -0.459    -1.038    -0.511    -0.637    -0.871    -0.965    -0.241    -0.144    -0.143
    13.75    55.75    2092    -0.141    -0.146    -0.249    -0.383    -1.490    -2.899    -3.264    -2.471    -1.570    -0.175    -0.158    -0.141
    13.75    55.75    2093    -0.141    -0.146    -0.196    -0.405    -1.964    -1.362    -2.569    -2.971    -2.445    -1.858    -0.268    -0.150
    13.75    55.75    2094    -0.141    -0.148    -0.220    -0.397    -0.604    -3.140    -0.744    -0.830    -2.098    -1.876    -0.348    -0.143
    13.75    55.75    2095    -0.142    -0.146    -0.193    -0.383    -1.173    -2.162    -1.254    -1.497    -1.096    -1.087    -0.381    -0.150
    13.75    55.75    2096    -0.142    -0.147    -0.232    -0.313    -1.720    -3.250    -3.291    -1.104    -0.570    -0.210    -0.151    -0.141
    13.75    55.75    2097    -0.142    -0.148    -0.239    -0.645    -2.605    -2.855    -3.193    -0.413    -0.315    -0.346    -0.212    -0.166
    13.75    55.75    2098    -0.141    -0.143    -0.164    -0.256    -1.675    -3.274    -2.534    -2.770    -2.663    -0.625    -0.218    -0.140
    13.75    55.75    2099    -0.141    -0.144    -0.195    -0.203    -0.569    -0.333    -1.976    -2.814    -1.225    -0.371    -0.152    -0.140
    13.75    55.75    2100    -0.142    -0.154    -0.171    -0.510    -1.474    -0.725    -1.189    -2.953    -2.481    -1.357    -0.322    -0.164
    13.75    55.75    2101    -0.142    -0.149    -0.194    -0.600    -2.341    -1.590    -2.406    -3.120    -1.204    -0.269    -0.165    -0.141
    13.75    55.75    2102    -0.142    -0.149    -0.168    -0.235    -0.711    -0.413    -0.456    -0.476    -0.441    -0.232    -0.148    -0.141
    13.75    55.75    2103    -0.141    -0.148    -0.191    -0.402    -2.071    -3.235    -2.468    -2.536    -0.951    -0.373    -0.155    -0.140
    13.75    55.75    2104    -0.143    -0.146    -0.171    -0.355    -1.193    -2.766    -0.871    -0.594    -0.372    -0.261    -0.143    -0.141
    13.75    55.75    2105    -0.141    -0.145    -0.225    -0.268    -0.626    -0.957    -0.236    -2.230    -2.917    -0.697    -0.178    -0.141
    13.75    55.75    2106    -0.141    -0.148    -0.201    -0.367    -1.563    -3.333    -2.618    -2.372    -1.288    -0.402    -0.144    -0.141
    13.75    55.75    2107    -0.143    -0.155    -0.229    -0.566    -1.572    -2.243    -3.375    -3.142    -0.715    -0.167    -0.157    -0.141
    13.75    55.75    2108    -0.141    -0.151    -0.226    -0.689    -2.327    -1.775    -0.972    -0.479    -1.069    -0.290    -0.141    -0.140
    13.75    55.75    2109    -0.141    -0.154    -0.198    -0.628    -2.690    -3.183    -0.580    -0.407    -0.441    -0.272    -0.237    -0.145
    13.75    55.75    2110    -0.143    -0.154    -0.273    -0.668    -1.692    -2.387    -2.691    -2.221    -1.181    -0.324    -0.165    -0.148
    13.75    55.75    2111    -0.145    -0.164    -0.230    -0.408    -1.098    -2.120    -3.338    -3.276    -1.667    -1.179    -0.363    -0.140
    13.75    55.75    2112    -0.142    -0.158    -0.172    -0.249    -0.503    -1.655    -0.862    -1.343    -0.845    -0.518    -0.157    -0.140
    13.75    55.75    2113    -0.142    -0.147    -0.173    -0.184    -0.427    -2.050    -2.854    -2.908    -2.416    -1.696    -0.353    -0.142
    13.75    55.75    2114    -0.141    -0.149    -0.174    -0.809    -1.370    -0.552    -2.133    -3.310    -2.798    -1.281    -0.165    -0.141
    13.75    55.75    2115    -0.140    -0.150    -0.247    -0.342    -0.357    -1.283    -3.241    -1.502    -0.568    -0.722    -0.260    -0.163
    13.75    55.75    2116    -0.143    -0.159    -0.319    -0.714    -1.344    -2.193    -3.153    -1.540    -0.884    -0.676    -0.165    -0.140
    13.75    55.75    2117    -0.143    -0.167    -0.459    -1.042    -0.391    -1.162    -3.246    -3.106    -3.309    -0.847    -0.367    -0.147
    13.75    55.75    2118    -0.142    -0.152    -0.268    -0.329    -0.737    -1.783    -3.183    -3.003    -0.981    -0.253    -0.146    -0.140
    13.75    55.75    2119    -0.142    -0.163    -0.294    -0.601    -2.140    -3.334    -3.375    -2.675    -0.559    -0.288    -0.170    -0.140
    13.75    55.75    2120    -0.141    -0.151    -0.217    -0.486    -2.111    -3.217    -2.853    -1.626    -0.656    -0.238    -0.147    -0.140
    13.75    55.75    2121    -0.141    -0.161    -0.249    -0.485    -1.074    -1.211    -0.532    -0.940    -0.790    -0.246    -0.147    -0.140
    13.75    55.75    2122    -0.141    -0.146    -0.252    -0.417    -1.072    -2.960    -3.216    -2.581    -1.063    -0.203    -0.145    -0.140
    13.75    55.75    2123    -0.141    -0.147    -0.197    -0.427    -2.605    -1.391    -2.565    -3.114    -2.396    -1.718    -0.382    -0.145
    13.75    55.75    2124    -0.143    -0.154    -0.236    -0.271    -0.933    -3.207    -1.733    -0.397    -0.850    -1.767    -0.193    -0.141
    13.75    55.75    2125    -0.142    -0.148    -0.201    -0.433    -1.178    -2.527    -1.377    -0.668    -1.223    -1.312    -0.496    -0.146
    13.75    55.75    2126    -0.142    -0.147    -0.228    -0.307    -1.280    -3.334    -3.342    -0.485    -0.515    -0.270    -0.144    -0.142
    13.75    55.75    2127    -0.142    -0.144    -0.244    -0.761    -2.890    -2.807    -3.223    -0.348    -0.602    -0.267    -0.230    -0.145
    13.75    55.75    2128    -0.142    -0.141    -0.168    -0.255    -1.696    -3.317    -2.808    -3.257    -2.522    -0.853    -0.160    -0.140
    13.75    55.75    2129    -0.142    -0.144    -0.224    -0.207    -0.531    -0.736    -1.604    -2.802    -1.930    -0.280    -0.141    -0.140
    13.75    55.75    2130    -0.142    -0.150    -0.177    -0.674    -1.944    -0.972    -2.314    -1.132    -2.041    -2.420    -0.317    -0.142
    23.75    61.75    1980    -0.191    -0.191    -0.194    -0.204    -0.331    -0.806    -0.949    -1.643    -0.416    -0.232    -0.192    -0.190
    23.75    61.75    1981    -0.191    -0.191    -0.194    -0.278    -0.502    -1.304    -1.592    -0.746    -0.459    -0.257    -0.201    -0.201
    23.75    61.75    1982    -0.202    -0.202    -0.204    -0.209    -0.240    -0.751    -2.262    -1.564    -0.645    -0.245    -0.193    -0.192
    23.75    61.75    1983    -0.191    -0.191    -0.194    -0.195    -0.596    -1.518    -2.161    -2.465    -2.332    -0.661    -0.363    -0.363
    23.75    61.75    1984    -0.364    -0.364    -0.369    -0.375    -0.272    -1.208    -0.429    -0.339    -0.263    -0.206    -0.199    -0.196
    23.75    61.75    1985    -0.196    -0.197    -0.198    -0.202    -0.285    -0.678    -0.857    -0.457    -0.394    -0.297    -0.297    -0.297
    23.75    61.75    1986    -0.297    -0.297    -0.301    -0.295    -0.285    -0.718    -0.840    -1.274    -0.613    -0.344    -0.279    -0.279
    23.75    61.75    1987    -0.279    -0.280    -0.283    -0.262    -0.467    -0.767    -0.488    -0.917    -0.642    -0.295    -0.292    -0.292
    23.75    61.75    1988    -0.294    -0.294    -0.246    -0.215    -0.576    -0.787    -1.496    -1.348    -0.218    -0.207    -0.199    -0.195
    23.75    61.75    1989    -0.194    -0.194    -0.193    -0.202    -0.402    -1.717    -1.169    -1.824    -0.480    -0.296    -0.234    -0.234
    23.75    61.75    1990    -0.235    -0.235    -0.237    -0.238    -0.364    -0.882    -1.475    -0.356    -0.264    -0.219    -0.200    -0.195
    23.75    61.75    1991    -0.195    -0.196    -0.199    -0.203    -0.341    -1.144    -1.535    -1.616    -0.461    -0.241    -0.199    -0.200
    23.75    61.75    1992    -0.200    -0.200    -0.203    -0.206    -0.475    -1.116    -0.509    -0.306    -0.394    -0.345    -0.367    -0.367
    23.75    61.75    1993    -0.367    -0.367    -0.372    -0.231    -0.616    -2.660    -1.582    -0.518    -0.299    -0.224    -0.206    -0.206
    23.75    61.75    1994    -0.206    -0.201    -0.199    -0.197    -0.389    -0.752    -1.616    -0.814    -0.320    -0.238    -0.193    -0.195
    23.75    61.75    1995    -0.195    -0.195    -0.197    -0.206    -0.334    -0.778    -0.646    -0.851    -0.809    -0.328    -0.195    -0.194
    23.75    61.75    1996    -0.195    -0.195    -0.197    -0.198    -0.354    -2.074    -2.748    -0.351    -0.437    -0.330    -0.236    -0.218
    23.75    61.75    1997    -0.217    -0.218    -0.220    -0.207    -0.319    -1.910    -1.751    -0.581    -0.306    -0.242    -0.193    -0.191
    23.75    61.75    1998    -0.192    -0.195    -0.197    -0.199    -0.355    -0.767    -0.707    -0.604    -0.449    -0.267    -0.216    -0.191
    23.75    61.75    1999    -0.191    -0.191    -0.193    -0.256    -0.372    -0.811    -0.622    -0.467    -0.420    -0.292    -0.191    -0.191
    23.75    61.75    2000    -0.192    -0.192    -0.194    -0.224    -0.576    -1.839    -1.137    -0.412    -0.415    -0.306    -0.193    -0.191
    23.75    61.75    2001    -0.191    -0.191    -0.192    -0.199    -0.538    -2.325    -2.888    -0.333    -0.399    -0.359    -0.358    -0.358
    23.75    61.75    2002    -0.358    -0.358    -0.292    -0.243    -0.268    -0.465    -0.768    -0.833    -0.369    -0.498    -0.337    -0.217
    23.75    61.75    2003    -0.217    -0.218    -0.217    -0.227    -0.275    -0.867    -1.969    -1.731    -0.518    -0.219    -0.198    -0.199
    23.75    61.75    2004    -0.199    -0.199    -0.202    -0.194    -0.658    -1.155    -1.482    -0.318    -0.406    -0.236    -0.191    -0.191
    23.75    61.75    2005    -0.191    -0.191    -0.193    -0.240    -0.744    -0.624    -0.753    -0.579    -0.643    -0.341    -0.358    -0.359
    23.75    61.75    2006    -0.330    -0.303    -0.241    -0.400    -1.289    -2.846    -3.202    -1.965    -0.267    -0.201    -0.199    -0.200
    23.75    61.75    2007    -0.198    -0.198    -0.197    -0.220    -0.409    -1.152    -0.754    -0.457    -0.251    -0.209    -0.192    -0.191
    23.75    61.75    2008    -0.191    -0.191    -0.194    -0.196    -0.396    -2.108    -1.730    -1.171    -0.611    -0.283    -0.198    -0.193
    23.75    61.75    2009    -0.192    -0.191    -0.192    -0.350    -0.818    -2.334    -3.280    -0.866    -0.510    -0.357    -0.276    -0.191
    23.75    61.75    2010    -0.190    -0.191    -0.196    -0.332    -0.693    -1.487    -1.738    -0.361    -0.254    -0.223    -0.207    -0.208
    23.75    61.75    2011    -0.208    -0.209    -0.204    -0.204    -0.436    -2.508    -2.066    -0.560    -0.280    -0.345    -0.269    -0.191
    23.75    61.75    2012    -0.191    -0.191    -0.199    -0.217    -0.477    -1.340    -1.401    -0.496    -0.324    -0.251    -0.198    -0.194
    23.75    61.75    2013    -0.191    -0.191    -0.193    -0.196    -0.366    -0.612    -1.711    -0.482    -0.324    -0.379    -0.243    -0.218
    23.75    61.75    2014    -0.218    -0.218    -0.216    -0.238    -0.704    -1.827    -0.453    -0.844    -1.388    -0.383    -0.331    -0.320
    23.75    61.75    2015    -0.320    -0.320    -0.323    -0.254    -0.583    -2.173    -1.273    -1.778    -0.491    -0.327    -0.267    -0.231
    23.75    61.75    2016    -0.230    -0.231    -0.236    -0.231    -0.381    -0.973    -1.830    -1.310    -0.642    -0.308    -0.276    -0.277
    23.75    61.75    2017    -0.278    -0.278    -0.253    -0.219    -0.322    -0.635    -0.670    -0.601    -0.563    -0.213    -0.222    -0.222
    23.75    61.75    2018    -0.222    -0.210    -0.195    -0.253    -0.751    -0.715    -0.799    -0.367    -0.329    -0.247    -0.194    -0.192
    23.75    61.75    2019    -0.193    -0.192    -0.194    -0.259    -0.974    -2.612    -2.771    -1.418    -0.537    -0.214    -0.201    -0.191
    23.75    61.75    2020    -0.191    -0.191    -0.196    -0.291    -0.652    -1.571    -2.144    -0.717    -0.243    -0.206    -0.194    -0.195
    23.75    61.75    2021    -0.195    -0.195    -0.198    -0.226    -0.876    -1.821    -0.952    -0.883    -0.390    -0.280    -0.191    -0.191
    23.75    61.75    2022    -0.191    -0.191    -0.209    -0.385    -0.776    -0.563    -0.839    -0.656    -0.661    -0.282    -0.193    -0.191
    23.75    61.75    2023    -0.192    -0.193    -0.198    -0.222    -0.424    -1.136    -0.342    -0.276    -0.340    -0.312    -0.293    -0.293
    23.75    61.75    2024    -0.291    -0.292    -0.296    -0.251    -0.426    -0.804    -1.219    -0.657    -0.472    -0.509    -0.261    -0.231
    23.75    61.75    2025    -0.207    -0.196    -0.207    -0.387    -0.764    -1.792    -1.772    -0.688    -0.340    -0.224    -0.205    -0.205
    23.75    61.75    2026    -0.204    -0.199    -0.216    -0.329    -0.927    -2.630    -3.088    -2.686    -0.754    -0.235    -0.202    -0.195
    23.75    61.75    2027    -0.197    -0.197    -0.198    -0.250    -0.756    -2.495    -1.898    -0.368    -0.248    -0.328    -0.252    -0.250
    23.75    61.75    2028    -0.250    -0.250    -0.253    -0.258    -0.340    -1.378    -0.646    -0.675    -0.314    -0.230    -0.196    -0.193
    23.75    61.75    2029    -0.193    -0.193    -0.195    -0.200    -0.717    -1.741    -0.760    -0.343    -0.240    -0.233    -0.197    -0.191
    23.75    61.75    2030    -0.192    -0.193    -0.200    -0.399    -0.718    -0.693    -1.528    -2.978    -1.662    -0.288    -0.265    -0.265
    23.75    61.75    2031    -0.265    -0.237    -0.217    -0.423    -0.936    -1.801    -0.893    -0.495    -0.553    -0.269    -0.196    -0.193
    23.75    61.75    2032    -0.193    -0.192    -0.239    -0.378    -1.223    -1.826    -1.034    -0.461    -0.440    -0.321    -0.241    -0.206
    23.75    61.75    2033    -0.207    -0.199    -0.198    -0.412    -0.629    -0.515    -0.292    -0.566    -0.444    -0.334    -0.242    -0.203
    23.75    61.75    2034    -0.203    -0.203    -0.206    -0.230    -0.666    -1.396    -0.974    -0.370    -0.315    -0.293    -0.209    -0.206
    23.75    61.75    2035    -0.206    -0.203    -0.198    -0.217    -0.781    -0.991    -0.319    -0.497    -0.315    -0.229    -0.208    -0.191
    23.75    61.75    2036    -0.192    -0.192    -0.194    -0.208    -0.550    -2.464    -1.930    -1.700    -0.642    -0.344    -0.232    -0.219
    23.75    61.75    2037    -0.218    -0.218    -0.205    -0.271    -1.151    -1.297    -1.441    -0.506    -0.479    -0.444    -0.250    -0.191
    23.75    61.75    2038    -0.192    -0.195    -0.198    -0.219    -0.462    -1.927    -1.457    -1.268    -0.496    -0.494    -0.261    -0.191
    23.75    61.75    2039    -0.191    -0.191    -0.196    -0.257    -0.616    -0.663    -1.370    -0.385    -0.469    -0.523    -0.245    -0.191
    23.75    61.75    2040    -0.192    -0.192    -0.193    -0.317    -0.977    -1.488    -0.992    -0.327    -0.319    -0.273    -0.195    -0.193
    23.75    61.75    2041    -0.191    -0.191    -0.196    -0.322    -1.332    -2.507    -1.095    -0.625    -0.490    -0.265    -0.192    -0.191
    23.75    61.75    2042    -0.191    -0.195    -0.198    -0.214    -0.645    -1.151    -0.584    -0.249    -0.228    -0.237    -0.194    -0.194
    23.75    61.75    2043    -0.193    -0.194    -0.195    -0.198    -0.662    -1.960    -1.457    -2.913    -0.683    -0.306    -0.260    -0.192
    23.75    61.75    2044    -0.191    -0.196    -0.221    -0.395    -1.643    -1.867    -1.380    -0.430    -0.319    -0.240    -0.200    -0.191
    23.75    61.75    2045    -0.191    -0.191    -0.200    -0.408    -0.655    -0.481    -0.593    -0.613    -0.589    -0.573    -0.300    -0.195
    23.75    61.75    2046    -0.196    -0.195    -0.222    -0.334    -0.755    -0.820    -0.276    -0.306    -0.582    -0.474    -0.201    -0.191
    23.75    61.75    2047    -0.191    -0.192    -0.195    -0.261    -0.919    -2.099    -1.462    -0.730    -0.680    -0.452    -0.228    -0.191
    23.75    61.75    2048    -0.191    -0.191    -0.194    -0.261    -0.790    -0.715    -1.462    -0.539    -0.380    -0.303    -0.192    -0.192
    23.75    61.75    2049    -0.192    -0.192    -0.201    -0.316    -1.370    -2.627    -1.110    -0.651    -0.355    -0.272    -0.199    -0.192
    23.75    61.75    2050    -0.192    -0.193    -0.198    -0.218    -0.463    -0.995    -1.386    -0.444    -0.271    -0.208    -0.193    -0.193
    23.75    61.75    2051    -0.191    -0.191    -0.196    -0.363    -0.742    -1.661    -1.698    -0.423    -0.239    -0.199    -0.192    -0.191
    23.75    61.75    2052    -0.191    -0.192    -0.195    -0.260    -0.808    -0.977    -0.425    -0.529    -0.415    -0.235    -0.195    -0.192
    23.75    61.75    2053    -0.192    -0.192    -0.193    -0.334    -1.083    -1.231    -1.296    -1.065    -0.858    -0.430    -0.212    -0.193
    23.75    61.75    2054    -0.191    -0.191    -0.194    -0.230    -0.662    -0.976    -0.723    -0.377    -0.326    -0.228    -0.203    -0.203
    23.75    61.75    2055    -0.203    -0.198    -0.227    -0.381    -0.740    -0.682    -0.945    -0.497    -0.236    -0.227    -0.193    -0.191
    23.75    61.75    2056    -0.193    -0.199    -0.248    -0.435    -0.697    -1.002    -1.180    -0.367    -0.469    -0.337    -0.216    -0.192
    23.75    61.75    2057    -0.191    -0.192    -0.220    -0.396    -1.281    -1.836    -2.109    -0.994    -0.703    -0.231    -0.192    -0.191
    23.75    61.75    2058    -0.191    -0.192    -0.193    -0.331    -1.003    -1.375    -1.355    -0.815    -0.945    -0.518    -0.259    -0.208
    23.75    61.75    2059    -0.208    -0.208    -0.200    -0.371    -0.611    -1.760    -0.375    -0.240    -0.317    -0.326    -0.194    -0.192
    23.75    61.75    2060    -0.192    -0.192    -0.194    -0.235    -0.389    -1.711    -0.372    -0.371    -0.363    -0.225    -0.192    -0.192
    23.75    61.75    2061    -0.191    -0.191    -0.193    -0.322    -0.719    -2.186    -1.238    -0.983    -0.441    -0.250    -0.193    -0.191
    23.75    61.75    2062    -0.191    -0.192    -0.196    -0.208    -0.431    -1.403    -2.784    -0.772    -0.483    -0.343    -0.234    -0.213
    23.75    61.75    2063    -0.195    -0.196    -0.231    -0.374    -0.840    -2.118    -2.812    -2.240    -2.149    -1.008    -0.621    -0.487
    23.75    61.75    2064    -0.485    -0.485    -0.352    -0.321    -0.941    -2.838    -1.750    -0.381    -0.349    -0.335    -0.241    -0.200
    23.75    61.75    2065    -0.200    -0.202    -0.193    -0.249    -0.465    -1.904    -2.197    -0.378    -0.364    -0.264    -0.204    -0.190
    23.75    61.75    2066    -0.191    -0.195    -0.203    -0.254    -0.480    -1.422    -2.358    -2.015    -0.496    -0.416    -0.233    -0.191
    23.75    61.75    2067    -0.191    -0.191    -0.193    -0.361    -0.764    -0.957    -0.988    -0.553    -0.320    -0.206    -0.192    -0.191
    23.75    61.75    2068    -0.192    -0.192    -0.193    -0.329    -0.971    -1.792    -0.630    -1.377    -2.996    -1.181    -0.286    -0.192
    23.75    61.75    2069    -0.191    -0.200    -0.236    -0.389    -0.785    -0.579    -0.357    -0.733    -0.707    -0.415    -0.231    -0.191
    23.75    61.75    2070    -0.191    -0.193    -0.197    -0.245    -0.564    -2.659    -2.265    -0.808    -0.737    -0.459    -0.286    -0.213
    23.75    61.75    2071    -0.213    -0.213    -0.215    -0.253    -0.787    -2.280    -2.085    -0.635    -0.608    -0.513    -0.208    -0.201
    23.75    61.75    2072    -0.193    -0.192    -0.194    -0.208    -0.298    -0.396    -0.546    -0.709    -0.352    -0.206    -0.197    -0.193
    23.75    61.75    2073    -0.192    -0.194    -0.197    -0.271    -0.943    -0.978    -2.026    -0.371    -0.403    -0.335    -0.198    -0.195
    23.75    61.75    2074    -0.191    -0.192    -0.195    -0.217    -0.666    -1.316    -0.531    -0.259    -0.232    -0.222    -0.195    -0.192
    23.75    61.75    2075    -0.192    -0.197    -0.205    -0.313    -0.809    -2.170    -0.651    -0.683    -1.219    -0.493    -0.238    -0.192
    23.75    61.75    2076    -0.192    -0.192    -0.194    -0.338    -1.637    -1.354    -0.549    -0.321    -0.332    -0.230    -0.210    -0.202
    23.75    61.75    2077    -0.192    -0.192    -0.201    -0.344    -1.265    -2.928    -1.983    -0.530    -0.334    -0.262    -0.202    -0.193
    23.75    61.75    2078    -0.193    -0.193    -0.199    -0.262    -0.785    -2.000    -0.375    -0.256    -0.243    -0.201    -0.192    -0.191
    23.75    61.75    2079    -0.191    -0.195    -0.235    -0.634    -1.966    -1.072    -0.459    -0.489    -0.436    -0.298    -0.193    -0.191
    23.75    61.75    2080    -0.193    -0.198    -0.208    -0.407    -1.037    -0.955    -1.575    -0.954    -0.488    -0.225    -0.196    -0.198
    23.75    61.75    2081    -0.193    -0.195    -0.206    -0.419    -0.778    -1.153    -2.339    -1.672    -0.959    -0.714    -0.309    -0.282
    23.75    61.75    2082    -0.281    -0.212    -0.221    -0.447    -0.619    -1.109    -1.020    -0.346    -0.382    -0.249    -0.204    -0.198
    23.75    61.75    2083    -0.199    -0.196    -0.201    -0.212    -0.264    -0.565    -0.520    -0.462    -0.295    -0.274    -0.245    -0.192
    23.75    61.75    2084    -0.192    -0.193    -0.194    -0.341    -0.995    -1.129    -3.009    -0.833    -0.631    -0.334    -0.193    -0.192
    23.75    61.75    2085    -0.191    -0.191    -0.201    -0.341    -0.657    -0.722    -2.587    -1.320    -0.266    -0.262    -0.255    -0.236
    23.75    61.75    2086    -0.200    -0.196    -0.205    -0.313    -0.735    -0.918    -0.710    -0.255    -0.612    -0.474    -0.194    -0.193
    23.75    61.75    2087    -0.192    -0.195    -0.264    -0.447    -0.624    -1.370    -0.345    -0.252    -0.415    -0.331    -0.198    -0.191
    23.75    61.75    2088    -0.192    -0.196    -0.244    -0.368    -1.682    -1.847    -1.075    -0.408    -0.245    -0.198    -0.193    -0.193
    23.75    61.75    2089    -0.192    -0.196    -0.248    -0.439    -0.731    -1.060    -3.045    -2.789    -1.204    -0.272    -0.196    -0.191
    23.75    61.75    2090    -0.191    -0.192    -0.270    -0.510    -0.738    -1.450    -1.327    -0.390    -0.364    -0.342    -0.222    -0.191
    23.75    61.75    2091    -0.191    -0.192    -0.198    -0.318    -0.603    -0.923    -1.226    -0.470    -0.327    -0.220    -0.195    -0.191
    23.75    61.75    2092    -0.191    -0.192    -0.194    -0.277    -0.557    -0.813    -0.522    -0.508    -0.389    -0.242    -0.226    -0.191
    23.75    61.75    2093    -0.192    -0.192    -0.195    -0.267    -0.553    -1.063    -1.535    -0.763    -0.850    -0.397    -0.236    -0.192
    23.75    61.75    2094    -0.192    -0.192    -0.193    -0.295    -0.619    -1.406    -2.285    -0.439    -0.488    -0.398    -0.210    -0.192
    23.75    61.75    2095    -0.192    -0.192    -0.196    -0.297    -1.206    -2.252    -2.312    -1.133    -0.513    -0.290    -0.220    -0.192
    23.75    61.75    2096    -0.191    -0.193    -0.230    -0.488    -0.406    -0.813    -1.458    -1.165    -0.320    -0.198    -0.192    -0.191
    23.75    61.75    2097    -0.192    -0.193    -0.200    -0.284    -1.066    -2.774    -1.314    -0.352    -0.262    -0.222    -0.198    -0.192
    23.75    61.75    2098    -0.191    -0.191    -0.193    -0.221    -0.862    -2.810    -2.735    -0.905    -0.818    -0.361    -0.192    -0.192
    23.75    61.75    2099    -0.193    -0.194    -0.193    -0.284    -0.856    -0.628    -0.535    -0.385    -0.508    -0.522    -0.263    -0.250
    23.75    61.75    2100    -0.198    -0.197    -0.221    -0.472    -2.092    -0.687    -0.330    -0.277    -0.359    -0.335    -0.235    -0.195
    23.75    61.75    2101    -0.191    -0.192    -0.198    -0.349    -1.124    -2.765    -1.326    -0.793    -0.731    -0.591    -0.283    -0.207
    23.75    61.75    2102    -0.193    -0.195    -0.197    -0.217    -0.376    -0.459    -0.617    -0.562    -0.323    -0.229    -0.195    -0.191
    23.75    61.75    2103    -0.192    -0.193    -0.196    -0.292    -0.737    -1.829    -1.637    -0.338    -0.515    -0.299    -0.203    -0.191
    23.75    61.75    2104    -0.192    -0.192    -0.194    -0.262    -0.886    -1.410    -0.702    -0.313    -0.246    -0.228    -0.226    -0.200
    23.75    61.75    2105    -0.192    -0.195    -0.215    -0.397    -0.986    -1.650    -0.648    -1.148    -0.702    -0.566    -0.205    -0.191
    23.75    61.75    2106    -0.191    -0.194    -0.251    -0.497    -1.561    -2.048    -0.717    -0.289    -0.367    -0.303    -0.201    -0.194
    23.75    61.75    2107    -0.192    -0.194    -0.215    -0.387    -1.607    -2.586    -1.805    -0.432    -0.350    -0.301    -0.211    -0.191
    23.75    61.75    2108    -0.191    -0.191    -0.197    -0.364    -1.123    -1.693    -0.590    -0.240    -0.252    -0.206    -0.191    -0.191
    23.75    61.75    2109    -0.191    -0.196    -0.223    -0.548    -1.540    -1.390    -0.739    -0.362    -0.496    -0.365    -0.192    -0.192
    23.75    61.75    2110    -0.193    -0.198    -0.216    -0.472    -1.175    -1.600    -1.356    -0.716    -0.436    -0.337    -0.195    -0.192
    23.75    61.75    2111    -0.192    -0.196    -0.253    -0.591    -1.191    -2.347    -1.289    -2.131    -0.749    -0.513    -0.346    -0.215
    23.75    61.75    2112    -0.191    -0.193    -0.237    -0.461    -0.616    -1.009    -1.838    -0.386    -0.287    -0.282    -0.193    -0.192
    23.75    61.75    2113    -0.192    -0.193    -0.198    -0.205    -0.344    -0.639    -0.385    -0.551    -0.348    -0.232    -0.199    -0.191
    23.75    61.75    2114    -0.192    -0.192    -0.193    -0.380    -0.814    -1.277    -3.025    -1.030    -0.735    -0.347    -0.196    -0.192
    23.75    61.75    2115    -0.191    -0.191    -0.225    -0.480    -1.200    -0.653    -1.778    -0.783    -0.409    -0.277    -0.299    -0.294
    23.75    61.75    2116    -0.206    -0.199    -0.218    -0.367    -0.873    -0.797    -1.232    -0.234    -0.400    -0.270    -0.198    -0.195
    23.75    61.75    2117    -0.192    -0.195    -0.272    -0.436    -0.641    -0.984    -0.827    -0.255    -0.385    -0.430    -0.196    -0.191
    23.75    61.75    2118    -0.192    -0.197    -0.265    -0.454    -1.444    -1.936    -0.488    -0.248    -0.297    -0.196    -0.193    -0.192
    23.75    61.75    2119    -0.192    -0.197    -0.265    -0.415    -0.722    -1.204    -2.703    -2.978    -1.137    -0.268    -0.195    -0.192
    23.75    61.75    2120    -0.191    -0.192    -0.270    -0.521    -0.808    -1.502    -0.696    -0.390    -0.389    -0.366    -0.231    -0.191
    23.75    61.75    2121    -0.191    -0.192    -0.198    -0.335    -0.578    -1.029    -1.524    -0.430    -0.331    -0.241    -0.195    -0.191
    23.75    61.75    2122    -0.191    -0.191    -0.200    -0.349    -0.519    -1.365    -0.695    -0.425    -0.401    -0.270    -0.225    -0.191
    23.75    61.75    2123    -0.192    -0.192    -0.195    -0.285    -0.546    -1.146    -1.837    -1.203    -0.577    -0.375    -0.274    -0.191
    23.75    61.75    2124    -0.191    -0.192    -0.193    -0.316    -0.560    -1.761    -1.832    -0.679    -0.302    -0.322    -0.208    -0.191
    23.75    61.75    2125    -0.192    -0.192    -0.194    -0.302    -1.023    -2.620    -2.420    -0.694    -0.489    -0.325    -0.216    -0.192
    23.75    61.75    2126    -0.191    -0.195    -0.233    -0.523    -0.559    -0.768    -1.662    -0.868    -0.242    -0.212    -0.192    -0.191
    23.75    61.75    2127    -0.192    -0.192    -0.202    -0.316    -0.942    -2.523    -1.456    -0.614    -0.252    -0.210    -0.199    -0.192
    23.75    61.75    2128    -0.191    -0.191    -0.194    -0.220    -0.775    -2.568    -2.570    -0.966    -0.684    -0.202    -0.191    -0.192
    23.75    61.75    2129    -0.193    -0.194    -0.194    -0.295    -0.752    -0.358    -0.660    -0.700    -0.442    -0.376    -0.223    -0.197
    23.75    61.75    2130    -0.193    -0.197    -0.235    -0.443    -2.011    -2.281    -0.296    -0.327    -0.288    -0.245    -0.202    -0.193
    21.75    39.75    1980    -0.196    -0.187    -0.397    -0.591    -2.371    -2.908    -2.295    -3.293    -3.395    -2.817    -0.645    -0.240
    21.75    39.75    1981    -0.332    -0.424    -0.988    -2.933    -3.104    -3.377    -3.399    -3.453    -3.405    -2.227    -0.644    -0.599
    21.75    39.75    1982    -0.339    -0.442    -0.698    -0.479    -1.804    -3.164    -2.667    -2.207    -2.262    -0.616    -0.323    -0.265
    21.75    39.75    1983    -0.245    -0.506    -0.388    -0.631    -2.373    -2.341    -2.967    -2.721    -2.397    -1.873    -1.227    -0.193
    21.75    39.75    1984    -0.299    -0.624    -1.381    -2.746    -1.308    -3.158    -3.355    -3.380    -3.034    -2.698    -1.432    -0.230
    21.75    39.75    1985    -0.192    -0.227    -0.503    -2.538    -3.285    -2.966    -2.963    -3.346    -3.069    -2.862    -1.071    -0.182
    21.75    39.75    1986    -0.178    -0.192    -0.234    -0.418    -1.779    -1.884    -2.414    -2.743    -1.266    -1.286    -1.792    -0.804
    21.75    39.75    1987    -0.230    -0.198    -0.296    -0.577    -1.469    -2.081    -3.216    -3.091    -1.674    -0.715    -0.334    -0.213
    21.75    39.75    1988    -0.260    -0.732    -0.829    -1.891    -2.916    -1.227    -2.898    -3.108    -3.279    -0.534    -0.201    -0.192
    21.75    39.75    1989    -0.195    -0.336    -0.245    -1.077    -2.241    -2.690    -3.231    -3.301    -3.070    -3.288    -0.421    -0.184
    21.75    39.75    1990    -0.241    -0.289    -0.327    -1.067    -2.087    -3.248    -3.304    -3.281    -3.379    -1.984    -0.442    -0.507
    21.75    39.75    1991    -0.531    -0.480    -1.148    -2.719    -2.445    -2.684    -3.160    -3.453    -3.381    -3.235    -0.635    -0.239
    21.75    39.75    1992    -0.310    -0.251    -0.432    -0.599    -2.850    -3.325    -3.291    -3.241    -0.949    -0.346    -0.217    -0.184
    21.75    39.75    1993    -0.194    -0.243    -0.318    -0.540    -2.821    -2.911    -3.407    -3.191    -3.285    -2.912    -0.268    -0.176
    21.75    39.75    1994    -0.210    -0.304    -0.651    -0.817    -2.501    -3.195    -3.396    -3.366    -2.834    -1.304    -0.807    -0.345
    21.75    39.75    1995    -0.193    -0.242    -0.304    -0.758    -2.842    -2.588    -2.987    -3.372    -3.399    -1.734    -0.391    -0.196
    21.75    39.75    1996    -0.267    -0.318    -0.478    -0.276    -1.969    -3.291    -3.352    -2.202    -3.383    -2.881    -0.634    -0.388
    21.75    39.75    1997    -0.185    -0.208    -0.345    -1.624    -2.788    -2.992    -2.909    -2.951    -2.206    -3.197    -0.848    -0.243
    21.75    39.75    1998    -0.266    -0.207    -0.423    -2.062    -3.377    -2.841    -3.059    -2.760    -3.336    -1.524    -1.114    -0.254
    21.75    39.75    1999    -0.240    -0.270    -0.788    -3.075    -3.318    -3.245    -3.383    -3.427    -2.877    -2.122    -0.651    -0.183
    21.75    39.75    2000    -0.198    -0.454    -0.844    -0.991    -3.101    -2.876    -3.398    -3.305    -1.220    -1.697    -0.617    -0.296
    21.75    39.75    2001    -0.192    -0.227    -0.211    -1.602    -3.075    -3.051    -3.221    -3.365    -3.348    -1.405    -0.229    -0.198
    21.75    39.75    2002    -0.195    -0.385    -0.780    -3.090    -3.320    -3.262    -3.377    -3.364    -3.457    -1.549    -0.485    -0.293
    21.75    39.75    2003    -0.211    -0.202    -0.305    -0.862    -1.702    -2.688    -3.277    -2.820    -3.327    -2.542    -0.521    -0.219
    21.75    39.75    2004    -0.218    -0.212    -0.237    -1.476    -3.268    -3.397    -3.404    -3.400    -3.164    -2.915    -1.730    -0.413
    21.75    39.75    2005    -0.220    -0.290    -0.643    -3.090    -1.244    -1.981    -3.292    -3.406    -2.573    -0.878    -1.398    -0.410
    21.75    39.75    2006    -0.203    -0.215    -0.562    -2.444    -2.935    -3.224    -3.293    -3.377    -3.248    -1.858    -0.278    -0.191
    21.75    39.75    2007    -0.184    -0.227    -0.480    -2.576    -2.619    -3.355    -3.379    -3.296    -2.789    -1.352    -1.157    -0.274
    21.75    39.75    2008    -0.231    -0.387    -0.463    -1.390    -3.173    -2.399    -3.103    -2.144    -2.687    -2.295    -0.400    -0.222
    21.75    39.75    2009    -0.286    -0.472    -0.565    -0.887    -2.871    -2.404    -3.182    -2.299    -2.678    -1.823    -0.767    -0.216
    21.75    39.75    2010    -0.197    -0.326    -0.483    -1.610    -3.144    -3.372    -3.333    -3.342    -3.278    -2.198    -0.210    -0.208
    21.75    39.75    2011    -0.226    -0.207    -0.542    -2.855    -2.620    -2.982    -3.147    -2.916    -3.155    -3.113    -1.939    -0.784
    21.75    39.75    2012    -0.264    -0.245    -0.298    -0.780    -3.106    -2.820    -3.094    -3.086    -3.139    -3.345    -0.400    -0.186
    21.75    39.75    2013    -0.214    -0.333    -1.005    -3.197    -3.374    -3.408    -3.422    -3.412    -2.858    -1.519    -0.253    -0.200
    21.75    39.75    2014    -0.196    -0.211    -0.298    -1.404    -3.361    -2.968    -3.221    -3.426    -2.261    -0.889    -0.334    -0.243
    21.75    39.75    2015    -0.352    -0.509    -0.583    -0.932    -1.010    -2.473    -3.191    -3.445    -3.376    -3.244    -2.007    -0.255
    21.75    39.75    2016    -0.247    -0.392    -0.358    -1.288    -3.173    -3.401    -3.376    -3.453    -2.286    -2.338    -0.286    -0.184
    21.75    39.75    2017    -0.264    -0.505    -0.310    -2.489    -3.343    -3.367    -3.127    -3.457    -2.722    -2.699    -0.774    -0.212
    21.75    39.75    2018    -0.194    -0.273    -0.245    -0.388    -1.328    -3.055    -3.287    -3.270    -3.466    -1.421    -1.707    -0.246
    21.75    39.75    2019    -0.220    -0.560    -2.131    -3.186    -2.378    -3.241    -3.116    -3.412    -3.447    -1.762    -1.255    -0.231
    21.75    39.75    2020    -0.210    -0.665    -0.434    -0.628    -3.211    -3.350    -3.302    -3.416    -2.141    -0.985    -0.396    -0.182
    21.75    39.75    2021    -0.223    -0.255    -0.667    -1.623    -2.764    -3.326    -2.595    -3.402    -1.899    -1.506    -0.701    -0.546
    21.75    39.75    2022    -0.207    -0.289    -1.759    -2.311    -3.260    -3.496    -3.060    -2.732    -3.411    -3.073    -1.732    -0.695
    21.75    39.75    2023    -0.235    -0.419    -0.696    -0.695    -3.069    -3.377    -3.433    -3.463    -3.499    -1.540    -0.399    -0.201
    21.75    39.75    2024    -0.198    -0.435    -0.295    -1.322    -3.347    -2.992    -2.969    -0.995    -2.858    -3.203    -0.375    -0.232
    21.75    39.75    2025    -0.291    -0.325    -0.438    -1.569    -3.054    -3.419    -3.458    -3.435    -3.401    -2.890    -1.073    -0.224
    21.75    39.75    2026    -0.210    -0.318    -1.632    -3.148    -3.189    -3.344    -2.953    -3.374    -2.453    -1.086    -0.196    -0.181
    21.75    39.75    2027    -0.254    -0.254    -0.633    -0.947    -2.043    -2.461    -2.927    -3.417    -2.888    -2.832    -0.580    -0.179
    21.75    39.75    2028    -0.206    -0.406    -2.436    -2.477    -3.283    -3.344    -3.296    -3.430    -3.131    -1.163    -1.814    -0.369
    21.75    39.75    2029    -0.203    -0.214    -0.318    -0.728    -1.882    -1.426    -2.666    -3.403    -3.253    -3.054    -0.606    -0.215
    21.75    39.75    2030    -0.212    -0.204    -0.888    -2.880    -3.407    -3.434    -3.466    -3.210    -1.172    -1.362    -2.361    -2.315
    21.75    39.75    2031    -0.952    -1.780    -3.388    -2.985    -3.127    -3.250    -3.479    -3.016    -2.661    -0.556    -0.394    -0.314
    21.75    39.75    2032    -0.343    -0.777    -2.273    -3.231    -1.120    -1.909    -3.020    -3.324    -2.512    -1.605    -1.141    -0.191
    21.75    39.75    2033    -0.204    -0.606    -2.356    -3.079    -3.274    -3.362    -3.275    -3.441    -3.242    -0.970    -1.520    -0.579
    21.75    39.75    2034    -0.316    -0.516    -0.825    -0.862    -2.028    -3.355    -3.179    -3.390    -2.701    -2.707    -2.935    -0.348
    21.75    39.75    2035    -0.190    -0.471    -0.576    -0.835    -3.314    -3.396    -3.354    -2.973    -3.399    -3.048    -1.199    -0.376
    21.75    39.75    2036    -0.245    -0.268    -0.549    -1.897    -3.234    -3.400    -2.867    -3.413    -3.454    -3.004    -2.186    -0.612
    21.75    39.75    2037    -0.311    -0.279    -1.564    -3.264    -2.647    -3.389    -3.085    -1.605    -2.947    -0.640    -0.318    -0.188
    21.75    39.75    2038    -0.198    -0.383    -0.576    -0.902    -2.222    -3.454    -3.453    -3.482    -1.791    -1.157    -0.281    -0.176
    21.75    39.75    2039    -0.192    -0.220    -0.272    -0.516    -1.714    -3.302    -3.412    -3.446    -2.997    -2.104    -3.343    -1.669
    21.75    39.75    2040    -0.744    -0.658    -1.199    -3.054    -2.485    -3.014    -3.354    -3.304    -2.473    -0.570    -0.294    -0.194
    21.75    39.75    2041    -0.235    -0.227    -0.376    -0.891    -1.722    -2.056    -1.922    -3.016    -2.895    -2.354    -1.365    -0.188
    21.75    39.75    2042    -0.202    -0.202    -0.239    -0.949    -2.511    -3.297    -2.953    -3.405    -2.629    -1.875    -0.204    -0.175
    21.75    39.75    2043    -0.179    -0.268    -0.471    -0.512    -2.764    -2.844    -2.783    -3.350    -3.309    -2.767    -2.495    -2.760
    21.75    39.75    2044    -1.782    -0.340    -0.217    -0.261    -1.650    -2.982    -3.305    -3.282    -3.254    -3.316    -3.096    -1.926
    21.75    39.75    2045    -0.622    -0.252    -0.636    -2.656    -3.417    -3.080    -3.388    -3.218    -3.457    -3.112    -1.682    -0.337
    21.75    39.75    2046    -0.195    -0.370    -0.750    -1.422    -2.134    -2.738    -3.161    -2.619    -1.326    -0.696    -0.449    -0.249
    21.75    39.75    2047    -0.202    -0.215    -0.226    -0.897    -2.966    -2.497    -3.097    -2.816    -2.770    -2.361    -1.016    -0.405
    21.75    39.75    2048    -0.208    -0.427    -0.551    -2.493    -1.565    -2.413    -2.953    -2.280    -0.901    -1.857    -0.557    -0.261
    21.75    39.75    2049    -0.185    -0.257    -0.274    -1.614    -2.707    -3.297    -3.005    -2.930    -3.003    -0.894    -0.379    -0.214
    21.75    39.75    2050    -0.242    -0.236    -0.432    -1.753    -3.329    -3.324    -3.347    -3.300    -2.806    -3.280    -2.355    -0.694
    21.75    39.75    2051    -0.189    -0.264    -0.370    -2.107    -3.283    -3.297    -3.292    -3.140    -3.061    -1.579    -0.606    -0.316
    21.75    39.75    2052    -0.188    -0.193    -0.683    -3.086    -3.346    -3.325    -3.266    -2.188    -2.976    -3.246    -0.438    -0.191
    21.75    39.75    2053    -0.263    -0.226    -0.444    -1.523    -2.794    -3.180    -2.931    -3.300    -3.160    -3.411    -0.837    -0.289
    21.75    39.75    2054    -0.270    -0.217    -0.263    -1.740    -3.356    -2.707    -3.293    -3.415    -2.492    -1.238    -0.266    -0.233
    21.75    39.75    2055    -0.259    -0.374    -0.281    -0.798    -1.587    -2.933    -3.167    -2.028    -2.902    -2.938    -1.078    -0.203
    21.75    39.75    2056    -0.255    -0.415    -1.846    -1.994    -3.097    -3.327    -2.949    -3.235    -3.249    -2.383    -2.863    -0.420
    21.75    39.75    2057    -0.229    -0.437    -1.050    -2.475    -3.243    -2.946    -3.226    -3.016    -3.314    -3.201    -3.321    -1.415
    21.75    39.75    2058    -0.224    -0.261    -1.036    -2.573    -3.279    -3.324    -3.249    -2.509    -3.209    -1.933    -1.292    -0.520
    21.75    39.75    2059    -0.205    -0.303    -1.390    -3.230    -3.410    -3.348    -3.357    -3.323    -2.673    -1.316    -1.553    -0.674
    21.75    39.75    2060    -0.216    -0.416    -1.172    -2.858    -2.403    -2.932    -3.375    -3.327    -3.311    -3.185    -1.122    -0.216
    21.75    39.75    2061    -0.199    -0.535    -1.650    -3.308    -3.447    -2.841    -3.130    -3.321    -2.775    -3.432    -1.651    -0.520
    21.75    39.75    2062    -0.358    -0.507    -0.311    -0.636    -2.847    -3.190    -3.364    -3.336    -2.645    -2.443    -0.207    -0.198
    21.75    39.75    2063    -0.193    -0.242    -0.561    -2.733    -3.305    -3.290    -3.337    -3.401    -3.364    -2.868    -0.805    -0.176
    21.75    39.75    2064    -0.215    -0.366    -0.342    -1.721    -3.294    -3.187    -3.325    -3.366    -3.077    -3.214    -0.806    -0.192
    21.75    39.75    2065    -0.205    -0.204    -0.273    -2.115    -3.449    -3.306    -3.322    -3.426    -3.191    -0.841    -0.250    -0.186
    21.75    39.75    2066    -0.271    -0.551    -0.524    -0.712    -3.077    -3.280    -3.292    -3.016    -3.275    -2.327    -1.047    -0.286
    21.75    39.75    2067    -0.289    -0.251    -0.669    -1.314    -2.746    -3.339    -3.382    -3.433    -3.464    -3.286    -2.829    -0.998
    21.75    39.75    2068    -0.194    -0.200    -0.601    -1.604    -1.662    -3.215    -3.401    -2.893    -2.468    -2.913    -0.279    -0.226
    21.75    39.75    2069    -0.330    -0.268    -1.695    -3.110    -3.379    -3.477    -3.443    -3.301    -3.232    -3.200    -0.631    -0.183
    21.75    39.75    2070    -0.198    -0.218    -0.643    -1.592    -1.386    -2.782    -3.261    -3.242    -2.959    -1.635    -0.648    -0.264
    21.75    39.75    2071    -0.188    -0.264    -0.813    -2.809    -3.285    -3.397    -3.332    -3.360    -2.639    -2.821    -0.394    -0.188
    21.75    39.75    2072    -0.178    -0.293    -0.759    -1.625    -3.116    -3.439    -2.660    -3.341    -2.785    -2.831    -1.788    -0.261
    21.75    39.75    2073    -0.271    -0.223    -0.487    -2.003    -3.133    -2.783    -3.238    -3.475    -3.323    -2.997    -0.627    -0.182
    21.75    39.75    2074    -0.230    -0.294    -0.885    -3.012    -3.371    -3.301    -3.297    -3.386    -3.448    -2.315    -1.287    -0.854
    21.75    39.75    2075    -0.200    -0.204    -0.452    -2.562    -3.155    -3.224    -3.418    -3.455    -2.605    -3.078    -2.798    -0.728
    21.75    39.75    2076    -0.356    -0.376    -0.760    -1.545    -2.194    -3.283    -3.319    -2.515    -3.173    -3.396    -0.573    -0.247
    21.75    39.75    2077    -0.351    -0.456    -0.533    -2.068    -3.354    -3.410    -3.384    -3.354    -3.403    -3.155    -3.282    -2.465
    21.75    39.75    2078    -0.219    -0.296    -1.555    -2.974    -3.290    -3.297    -3.162    -3.371    -3.334    -3.428    -2.008    -0.468
    21.75    39.75    2079    -0.296    -0.404    -0.793    -1.564    -1.760    -3.198    -3.323    -3.383    -0.736    -2.465    -2.132    -0.603
    21.75    39.75    2080    -0.213    -0.277    -0.567    -2.028    -3.115    -3.343    -2.916    -3.339    -3.201    -3.095    -0.734    -0.404
    21.75    39.75    2081    -0.231    -0.198    -0.611    -1.496    -2.592    -2.933    -2.990    -3.359    -3.341    -2.345    -0.261    -0.233
    21.75    39.75    2082    -0.188    -0.251    -1.260    -3.153    -3.267    -3.324    -3.433    -3.474    -2.799    -3.153    -1.367    -0.326
    21.75    39.75    2083    -0.203    -0.367    -0.881    -3.302    -3.391    -3.250    -3.440    -3.389    -2.619    -2.518    -1.357    -0.978
    21.75    39.75    2084    -0.349    -0.403    -0.707    -0.472    -2.300    -3.353    -3.152    -2.932    -3.328    -2.546    -0.951    -0.191
    21.75    39.75    2085    -0.188    -0.255    -0.300    -1.013    -3.286    -3.394    -3.236    -3.137    -3.308    -0.971    -0.410    -0.179
    21.75    39.75    2086    -0.221    -0.204    -0.224    -1.353    -3.345    -3.320    -3.388    -3.344    -2.302    -3.261    -1.552    -0.419
    21.75    39.75    2087    -0.223    -0.897    -1.023    -2.387    -3.357    -3.418    -3.416    -3.317    -3.246    -2.696    -2.859    -1.086
    21.75    39.75    2088    -0.758    -0.626    -0.694    -2.962    -3.331    -3.311    -3.311    -3.310    -3.031    -3.360    -1.384    -0.264
    21.75    39.75    2089    -0.211    -0.670    -2.266    -3.000    -3.327    -3.344    -2.444    -2.253    -3.057    -2.667    -1.429    -0.182
    21.75    39.75    2090    -0.200    -0.331    -1.187    -3.329    -3.337    -3.235    -3.454    -3.450    -3.357    -3.179    -2.837    -0.644
    21.75    39.75    2091    -0.422    -0.343    -0.540    -1.398    -3.279    -3.204    -3.121    -3.163    -3.362    -3.382    -0.710    -0.855
    21.75    39.75    2092    -0.625    -0.291    -0.570    -3.051    -3.299    -3.260    -3.217    -3.370    -2.628    -2.231    -1.078    -0.427
    21.75    39.75    2093    -0.239    -0.458    -1.776    -2.532    -3.261    -3.224    -3.111    -3.272    -3.048    -3.188    -0.344    -0.182
    21.75    39.75    2094    -0.214    -0.395    -0.364    -2.735    -3.378    -3.331    -3.287    -3.239    -3.196    -3.400    -3.256    -1.248
    21.75    39.75    2095    -0.194    -0.375    -1.903    -1.657    -2.991    -3.006    -2.923    -3.321    -2.862    -2.863    -0.668    -0.304
    21.75    39.75    2096    -0.202    -0.308    -0.881    -3.145    -3.381    -3.302    -3.361    -3.362    -2.572    -3.213    -0.902    -0.341
    21.75    39.75    2097    -0.207    -0.258    -0.554    -1.970    -3.217    -3.080    -3.350    -3.227    -3.262    -3.353    -1.405    -0.336
    21.75    39.75    2098    -0.195    -0.343    -0.898    -3.336    -3.189    -3.224    -3.394    -3.396    -2.863    -3.221    -1.652    -0.273
    21.75    39.75    2099    -0.204    -0.480    -2.298    -2.990    -2.571    -2.456    -3.010    -3.359    -3.084    -2.282    -1.396    -0.217
    21.75    39.75    2100    -0.230    -0.400    -0.965    -1.611    -2.849    -3.328    -3.230    -3.323    -2.747    -3.229    -1.973    -2.332
    21.75    39.75    2101    -0.562    -0.302    -0.577    -3.047    -3.266    -3.326    -3.258    -3.366    -2.967    -0.783    -0.637    -0.329
    21.75    39.75    2102    -0.184    -0.246    -0.815    -1.924    -2.918    -3.377    -2.777    -3.281    -3.123    -2.438    -1.655    -0.399
    21.75    39.75    2103    -0.300    -0.233    -0.528    -1.972    -3.237    -3.012    -3.324    -3.403    -3.190    -3.158    -0.430    -0.176
    21.75    39.75    2104    -0.254    -0.278    -0.930    -3.142    -3.315    -3.296    -3.354    -3.372    -3.343    -2.085    -1.955    -1.188
    21.75    39.75    2105    -0.199    -0.247    -0.414    -2.365    -3.198    -3.209    -3.385    -3.256    -2.691    -2.929    -2.819    -0.920
    21.75    39.75    2106    -0.340    -0.377    -0.741    -1.600    -2.066    -3.368    -3.322    -2.608    -3.191    -3.419    -0.978    -0.226
    21.75    39.75    2107    -0.287    -0.579    -0.530    -2.012    -3.382    -3.366    -3.352    -3.412    -3.403    -3.044    -3.311    -1.259
    21.75    39.75    2108    -0.266    -0.274    -1.633    -3.148    -3.244    -3.255    -3.226    -3.414    -3.364    -3.421    -2.536    -0.883
    21.75    39.75    2109    -0.308    -0.377    -0.931    -0.832    -2.632    -3.162    -3.220    -3.281    -2.222    -1.459    -1.921    -0.499
    21.75    39.75    2110    -0.195    -0.228    -0.655    -2.716    -2.862    -3.237    -2.873    -3.320    -3.037    -3.066    -0.765    -0.256
    21.75    39.75    2111    -0.223    -0.201    -0.697    -1.669    -2.703    -2.890    -2.832    -3.345    -3.344    -1.027    -0.487    -0.204
    21.75    39.75    2112    -0.185    -0.254    -0.890    -3.005    -3.091    -3.327    -3.231    -3.468    -2.533    -3.224    -1.420    -0.293
    21.75    39.75    2113    -0.217    -0.301    -1.109    -3.335    -3.323    -3.249    -3.439    -3.392    -2.832    -2.276    -2.008    -0.825
    21.75    39.75    2114    -0.323    -0.439    -1.189    -1.060    -1.889    -3.355    -3.119    -2.874    -3.248    -2.128    -0.565    -0.188
    21.75    39.75    2115    -0.195    -0.277    -0.333    -1.173    -3.242    -3.326    -3.281    -3.114    -3.227    -1.529    -0.243    -0.182
    21.75    39.75    2116    -0.224    -0.214    -0.207    -1.622    -3.325    -3.346    -3.268    -3.205    -2.618    -2.788    -1.077    -0.605
    21.75    39.75    2117    -0.249    -1.036    -1.623    -2.289    -3.215    -3.333    -3.332    -3.296    -3.139    -2.771    -2.656    -0.796
    21.75    39.75    2118    -0.928    -0.764    -0.579    -2.850    -3.260    -3.333    -3.260    -3.266    -3.057    -3.356    -1.184    -0.378
    21.75    39.75    2119    -0.213    -0.737    -2.447    -3.001    -3.260    -3.229    -2.860    -2.936    -2.606    -2.691    -0.505    -0.188
    21.75    39.75    2120    -0.243    -0.295    -1.338    -3.316    -3.404    -3.288    -3.396    -3.352    -3.145    -3.062    -2.522    -1.616
    21.75    39.75    2121    -0.625    -0.409    -0.602    -1.143    -3.246    -3.143    -2.850    -3.215    -3.343    -3.201    -1.335    -0.781
    21.75    39.75    2122    -0.552    -0.244    -0.515    -3.084    -3.287    -3.295    -3.382    -3.327    -2.712    -2.522    -0.850    -0.258
    21.75    39.75    2123    -0.246    -0.554    -1.599    -2.384    -3.231    -3.243    -3.212    -3.414    -3.093    -3.025    -0.351    -0.177
    21.75    39.75    2124    -0.222    -0.318    -0.355    -1.872    -3.306    -3.275    -3.232    -3.175    -3.255    -3.452    -3.308    -0.596
    21.75    39.75    2125    -0.200    -0.430    -2.202    -2.469    -3.051    -3.076    -3.099    -3.313    -3.132    -1.145    -0.835    -0.269
    21.75    39.75    2126    -0.183    -0.272    -0.889    -3.092    -3.282    -3.171    -3.316    -3.316    -2.551    -2.899    -0.368    -0.400
    21.75    39.75    2127    -0.266    -0.271    -0.493    -1.950    -3.218    -3.172    -3.329    -3.291    -3.100    -3.396    -1.186    -0.250
    21.75    39.75    2128    -0.218    -0.319    -1.043    -3.207    -3.190    -3.355    -3.415    -3.404    -2.552    -3.384    -2.504    -0.261
    21.75    39.75    2129    -0.195    -0.318    -2.264    -3.133    -1.784    -3.290    -2.951    -3.396    -3.205    -3.281    -0.334    -0.185
    21.75    39.75    2130    -0.249    -0.473    -1.006    -1.306    -3.103    -3.298    -3.269    -3.256    -3.312    -2.402    -2.128    -1.642
