      Lon      Lat    Year    VegC LitterC   SoilC     HarvSlowC Total-slow     Total
     9.75    49.75    1980   0.777   0.533   2.267      0.000000      3.576     3.576
     9.75    49.75    1981   0.790   0.542   2.304      0.000000      3.635     3.635
     9.75    49.75    1982   0.810   0.550   2.342      0.000000      3.702     3.702
     9.75    49.75    1983   0.843   0.552   2.378      0.000000      3.773     3.773
     9.75    49.75    1984   0.858   0.567   2.416      0.000000      3.842     3.842
     9.75    49.75    1985   0.878   0.578   2.455      0.000000      3.911     3.911
     9.75    49.75    1986   0.879   0.592   2.494      0.000000      3.964     3.964
     9.75    49.75    1987   0.918   0.595   2.532      0.000000      4.045     4.045
     9.75    49.75    1988   0.911   0.598   2.567      0.000000      4.076     4.076
     9.75    49.75    1989   0.951   0.601   2.603      0.000000      4.155     4.155
     9.75    49.75    1990   0.973   0.605   2.641      0.000000      4.219     4.219
     9.75    49.75    1991   1.009   0.604   2.660      0.000000      4.273     4.273
     9.75    49.75    1992   1.019   0.609   2.679      0.000000      4.308     4.308
     9.75    49.75    1993   1.049   0.613   2.701      0.000000      4.363     4.363
     9.75    49.75    1994   1.056   0.607   2.720      0.000000      4.383     4.383
     9.75    49.75    1995   1.100   0.607   2.740      0.000000      4.448     4.448
     9.75    49.75    1996   1.100   0.608   2.760      0.000000      4.468     4.468
     9.75    49.75    1997   1.147   0.612   2.781      0.000000      4.540     4.540
     9.75    49.75    1998   1.153   0.615   2.800      0.000000      4.568     4.568
     9.75    49.75    1999   1.167   0.608   2.817      0.000000      4.592     4.592
     9.75    49.75    2000   1.231   0.597   2.833      0.000000      4.661     4.661
     9.75    49.75    2001   1.238   0.604   2.853      0.000000      4.696     4.696
     9.75    49.75    2002   1.254   0.604   2.872      0.000000      4.730     4.730
     9.75    49.75    2003   1.297   0.610   2.893      0.000000      4.800     4.800
     9.75    49.75    2004   1.317   0.614   2.913      0.000000      4.844     4.844
     9.75    49.75    2005   1.342   0.613   2.931      0.000000      4.886     4.886
     9.75    49.75    2006   1.362   0.615   2.950      0.000000      4.926     4.926
     9.75    49.75    2007   1.366   0.609   2.966      0.000000      4.941     4.941
     9.75    49.75    2008   1.435   0.604   2.985      0.000000      5.023     5.023
     9.75    49.75    2009   1.426   0.607   3.003      0.000000      5.036     5.036
     9.75    49.75    2010   1.461   0.604   3.019      0.000000      5.084     5.084
     9.75    49.75    2011   1.454   0.612   3.022      0.000000      5.088     5.088
     9.75    49.75    2012   1.408   0.614   3.021      0.000000      5.043     5.043
     9.75    49.75    2013   1.369   0.613   3.020      0.000000      5.002     5.002
     9.75    49.75    2014   1.388   0.610   3.019      0.000000      5.017     5.017
     9.75    49.75    2015   1.364   0.616   3.021      0.000000      5.001     5.001
     9.75    49.75    2016   1.294   0.624   3.020      0.000000      4.938     4.938
     9.75    49.75    2017   1.333   0.613   3.019      0.000000      4.965     4.965
     9.75    49.75    2018   1.266   0.614   3.018      0.000000      4.898     4.898
     9.75    49.75    2019   1.281   0.604   3.015      0.000000      4.900     4.900
     9.75    49.75    2020   1.311   0.598   3.016      0.000000      4.925     4.925
     9.75    49.75    2021   1.275   0.596   3.017      0.000000      4.888     4.888
     9.75    49.75    2022   1.295   0.587   3.015      0.000000      4.898     4.898
     9.75    49.75    2023   1.289   0.582   3.014      0.000000      4.885     4.885
     9.75    49.75    2024   1.299   0.586   3.011      0.000000      4.897     4.897
     9.75    49.75    2025   1.281   0.596   3.013      0.000000      4.891     4.891
     9.75    49.75    2026   1.209   0.584   3.009      0.000000      4.803     4.803
     9.75    49.75    2027   1.230   0.569   3.008      0.000000      4.807     4.807
     9.75    49.75    2028   1.276   0.555   3.005      0.000000      4.836     4.836
     9.75    49.75    2029   1.308   0.558   3.004      0.000000      4.870     4.870
     9.75    49.75    2030   1.305   0.566   3.001      0.000000      4.872     4.872
     9.75    49.75    2031   1.303   0.567   2.998      0.000000      4.868     4.868
     9.75    49.75    2032   1.326   0.578   2.998      0.000000      4.903     4.903
     9.75    49.75    2033   1.329   0.584   2.998      0.000000      4.912     4.912
     9.75    49.75    2034   1.206   0.581   2.996      0.000000      4.784     4.784
     9.75    49.75    2035   1.262   0.573   2.996      0.000000      4.832     4.832
     9.75    49.75    2036   1.275   0.588   2.999      0.000000      4.862     4.862
     9.75    49.75    2037   1.244   0.586   2.999      0.000000      4.828     4.828
     9.75    49.75    2038   1.209   0.582   2.997      0.000000      4.788     4.788
     9.75    49.75    2039   1.247   0.575   2.992      0.000000      4.814     4.814
     9.75    49.75    2040   1.252   0.582   2.991      0.000000      4.825     4.825
     9.75    49.75    2041   1.210   0.589   2.988      0.000000      4.787     4.787
     9.75    49.75    2042   1.192   0.588   2.987      0.000000      4.766     4.766
     9.75    49.75    2043   1.220   0.577   2.985      0.000000      4.782     4.782
     9.75    49.75    2044   1.233   0.582   2.984      0.000000      4.799     4.799
     9.75    49.75    2045   1.197   0.576   2.984      0.000000      4.757     4.757
     9.75    49.75    2046   1.238   0.588   2.985      0.000000      4.811     4.811
     9.75    49.75    2047   1.168   0.584   2.986      0.000000      4.738     4.738
     9.75    49.75    2048   1.149   0.574   2.985      0.000000      4.708     4.708
     9.75    49.75    2049   1.156   0.568   2.984      0.000000      4.707     4.707
     9.75    49.75    2050   1.148   0.549   2.980      0.000000      4.677     4.677
     9.75    49.75    2051   1.139   0.542   2.977      0.000000      4.658     4.658
     9.75    49.75    2052   1.190   0.552   2.976      0.000000      4.718     4.718
     9.75    49.75    2053   1.172   0.552   2.974      0.000000      4.698     4.698
     9.75    49.75    2054   1.142   0.562   2.973      0.000000      4.677     4.677
     9.75    49.75    2055   1.068   0.554   2.971      0.000000      4.593     4.593
     9.75    49.75    2056   1.113   0.533   2.965      0.000000      4.611     4.611
     9.75    49.75    2057   1.097   0.521   2.963      0.000000      4.581     4.581
     9.75    49.75    2058   1.131   0.523   2.961      0.000000      4.615     4.615
     9.75    49.75    2059   1.144   0.531   2.960      0.000000      4.635     4.635
     9.75    49.75    2060   1.083   0.528   2.959      0.000000      4.570     4.570
     9.75    49.75    2061   1.061   0.567   2.959      0.000000      4.587     4.587
     9.75    49.75    2062   1.085   0.568   2.957      0.000000      4.610     4.610
     9.75    49.75    2063   1.076   0.595   2.956      0.000000      4.627     4.627
     9.75    49.75    2064   1.006   0.598   2.958      0.000000      4.562     4.562
     9.75    49.75    2065   0.966   0.608   2.958      0.000000      4.532     4.532
     9.75    49.75    2066   0.980   0.612   2.960      0.000000      4.552     4.552
     9.75    49.75    2067   0.886   0.604   2.963      0.000000      4.452     4.452
     9.75    49.75    2068   0.905   0.606   2.963      0.000000      4.473     4.473
     9.75    49.75    2069   0.915   0.600   2.961      0.000000      4.476     4.476
     9.75    49.75    2070   0.885   0.574   2.956      0.000000      4.416     4.416
     9.75    49.75    2071   0.881   0.553   2.954      0.000000      4.389     4.389
     9.75    49.75    2072   0.904   0.547   2.952      0.000000      4.402     4.402
     9.75    49.75    2073   0.881   0.542   2.951      0.000000      4.373     4.373
     9.75    49.75    2074   0.857   0.544   2.948      0.000000      4.348     4.348
     9.75    49.75    2075   0.884   0.565   2.948      0.000000      4.397     4.397
     9.75    49.75    2076   0.854   0.600   2.951      0.000000      4.404     4.404
     9.75    49.75    2077   0.857   0.635   2.955      0.000000      4.446     4.446
     9.75    49.75    2078   0.773   0.622   2.956      0.000000      4.351     4.351
     9.75    49.75    2079   0.792   0.606   2.955      0.000000      4.353     4.353
     9.75    49.75    2080   0.793   0.603   2.956      0.000000      4.351     4.351
     9.75    49.75    2081   0.810   0.579   2.954      0.000000      4.344     4.344
     9.75    49.75    2082   0.814   0.560   2.953      0.000000      4.328     4.328
     9.75    49.75    2083   0.844   0.565   2.954      0.000000      4.363     4.363
     9.75    49.75    2084   0.847   0.567   2.955      0.000000      4.369     4.369
     9.75    49.75    2085   0.823   0.601   2.958      0.000000      4.381     4.381
     9.75    49.75    2086   0.787   0.612   2.961      0.000000      4.359     4.359
     9.75    49.75    2087   0.809   0.623   2.963      0.000000      4.395     4.395
     9.75    49.75    2088   0.786   0.610   2.966      0.000000      4.362     4.362
     9.75    49.75    2089   0.786   0.586   2.968      0.000000      4.340     4.340
     9.75    49.75    2090   0.790   0.561   2.968      0.000000      4.319     4.319
     9.75    49.75    2091   0.793   0.537   2.969      0.000000      4.299     4.299
     9.75    49.75    2092   0.819   0.529   2.967      0.000000      4.314     4.314
     9.75    49.75    2093   0.759   0.513   2.967      0.000000      4.239     4.239
     9.75    49.75    2094   0.796   0.530   2.967      0.000000      4.292     4.292
     9.75    49.75    2095   0.758   0.531   2.964      0.000000      4.253     4.253
     9.75    49.75    2096   0.778   0.561   2.963      0.000000      4.303     4.303
     9.75    49.75    2097   0.666   0.554   2.966      0.000000      4.186     4.186
     9.75    49.75    2098   0.698   0.559   2.962      0.000000      4.219     4.219
     9.75    49.75    2099   0.713   0.561   2.962      0.000000      4.236     4.236
     9.75    49.75    2100   0.709   0.566   2.963      0.000000      4.238     4.238
     9.75    49.75    2101   0.654   0.547   2.964      0.000000      4.165     4.165
     9.75    49.75    2102   0.678   0.536   2.963      0.000000      4.177     4.177
     9.75    49.75    2103   0.692   0.522   2.962      0.000000      4.176     4.176
     9.75    49.75    2104   0.692   0.516   2.961      0.000000      4.168     4.168
     9.75    49.75    2105   0.711   0.536   2.963      0.000000      4.210     4.210
     9.75    49.75    2106   0.697   0.570   2.965      0.000000      4.232     4.232
     9.75    49.75    2107   0.712   0.605   2.970      0.000000      4.287     4.287
     9.75    49.75    2108   0.623   0.596   2.971      0.000000      4.191     4.191
     9.75    49.75    2109   0.658   0.573   2.970      0.000000      4.201     4.201
     9.75    49.75    2110   0.693   0.568   2.970      0.000000      4.231     4.231
     9.75    49.75    2111   0.669   0.549   2.970      0.000000      4.189     4.189
     9.75    49.75    2112   0.683   0.528   2.969      0.000000      4.181     4.181
     9.75    49.75    2113   0.728   0.531   2.970      0.000000      4.229     4.229
     9.75    49.75    2114   0.723   0.536   2.972      0.000000      4.231     4.231
     9.75    49.75    2115   0.775   0.558   2.973      0.000000      4.305     4.305
     9.75    49.75    2116   0.719   0.567   2.978      0.000000      4.264     4.264
     9.75    49.75    2117   0.736   0.578   2.980      0.000000      4.294     4.294
     9.75    49.75    2118   0.704   0.566   2.983      0.000000      4.253     4.253
     9.75    49.75    2119   0.721   0.545   2.983      0.000000      4.248     4.248
     9.75    49.75    2120   0.688   0.527   2.984      0.000000      4.199     4.199
     9.75    49.75    2121   0.704   0.511   2.983      0.000000      4.197     4.197
     9.75    49.75    2122   0.694   0.506   2.983      0.000000      4.183     4.183
     9.75    49.75    2123   0.682   0.489   2.981      0.000000      4.153     4.153
     9.75    49.75    2124   0.729   0.506   2.982      0.000000      4.216     4.216
     9.75    49.75    2125   0.708   0.501   2.979      0.000000      4.188     4.188
     9.75    49.75    2126   0.713   0.528   2.980      0.000000      4.220     4.220
     9.75    49.75    2127   0.677   0.512   2.979      0.000000      4.169     4.169
     9.75    49.75    2128   0.730   0.521   2.976      0.000000      4.227     4.227
     9.75    49.75    2129   0.698   0.526   2.977      0.000000      4.201     4.201
     9.75    49.75    2130   0.686   0.529   2.978      0.000000      4.193     4.193
    13.75    55.75    1980   0.777   0.809   2.268      0.000000      3.853     3.853
    13.75    55.75    1981   0.794   0.820   2.307      0.000000      3.921     3.921
    13.75    55.75    1982   0.803   0.831   2.346      0.000000      3.980     3.980
    13.75    55.75    1983   0.841   0.837   2.384      0.000000      4.062     4.062
    13.75    55.75    1984   0.883   0.854   2.423      0.000000      4.160     4.160
    13.75    55.75    1985   0.905   0.876   2.463      0.000000      4.244     4.244
    13.75    55.75    1986   0.908   0.907   2.506      0.000000      4.322     4.322
    13.75    55.75    1987   0.936   0.917   2.546      0.000000      4.399     4.399
    13.75    55.75    1988   0.974   0.921   2.583      0.000000      4.477     4.477
    13.75    55.75    1989   0.974   0.943   2.623      0.000000      4.539     4.539
    13.75    55.75    1990   1.016   0.956   2.663      0.000000      4.635     4.635
    13.75    55.75    1991   1.029   0.971   2.706      0.000000      4.706     4.706
    13.75    55.75    1992   1.064   0.984   2.748      0.000000      4.796     4.796
    13.75    55.75    1993   1.122   1.005   2.792      0.000000      4.919     4.919
    13.75    55.75    1994   1.147   1.024   2.833      0.000000      5.004     5.004
    13.75    55.75    1995   1.152   1.041   2.875      0.000000      5.068     5.068
    13.75    55.75    1996   1.201   1.049   2.917      0.000000      5.167     5.167
    13.75    55.75    1997   1.233   1.063   2.959      0.000000      5.256     5.256
    13.75    55.75    1998   1.258   1.077   3.001      0.000000      5.337     5.337
    13.75    55.75    1999   1.295   1.094   3.043      0.000000      5.432     5.432
    13.75    55.75    2000   1.297   1.105   3.085      0.000000      5.487     5.487
    13.75    55.75    2001   1.373   1.123   3.130      0.000000      5.625     5.625
    13.75    55.75    2002   1.365   1.147   3.175      0.000000      5.687     5.687
    13.75    55.75    2003   1.415   1.157   3.218      0.000000      5.790     5.790
    13.75    55.75    2004   1.486   1.163   3.259      0.000000      5.908     5.908
    13.75    55.75    2005   1.475   1.181   3.300      0.000000      5.956     5.956
    13.75    55.75    2006   1.490   1.188   3.340      0.000000      6.018     6.018
    13.75    55.75    2007   1.610   1.187   3.379      0.000000      6.176     6.176
    13.75    55.75    2008   1.631   1.220   3.422      0.000000      6.273     6.273
    13.75    55.75    2009   1.630   1.246   3.465      0.000000      6.341     6.341
    13.75    55.75    2010   1.722   1.248   3.506      0.000000      6.476     6.476
    13.75    55.75    2011   1.729   1.234   3.507      0.000000      6.469     6.469
    13.75    55.75    2012   1.759   1.205   3.505      0.000000      6.469     6.469
    13.75    55.75    2013   1.773   1.201   3.509      0.000000      6.483     6.483
    13.75    55.75    2014   1.838   1.171   3.507      0.000000      6.515     6.515
    13.75    55.75    2015   1.872   1.169   3.509      0.000000      6.550     6.550
    13.75    55.75    2016   1.960   1.154   3.508      0.000000      6.621     6.621
    13.75    55.75    2017   1.930   1.168   3.510      0.000000      6.608     6.608
    13.75    55.75    2018   1.882   1.159   3.511      0.000000      6.551     6.551
    13.75    55.75    2019   1.926   1.136   3.510      0.000000      6.572     6.572
    13.75    55.75    2020   1.968   1.128   3.515      0.000000      6.611     6.611
    13.75    55.75    2021   1.928   1.129   3.519      0.000000      6.575     6.575
    13.75    55.75    2022   2.003   1.107   3.518      0.000000      6.629     6.629
    13.75    55.75    2023   1.944   1.094   3.517      0.000000      6.555     6.555
    13.75    55.75    2024   1.949   1.071   3.514      0.000000      6.534     6.534
    13.75    55.75    2025   2.041   1.062   3.516      0.000000      6.619     6.619
    13.75    55.75    2026   2.084   1.048   3.512      0.000000      6.644     6.644
    13.75    55.75    2027   2.163   1.052   3.510      0.000000      6.725     6.725
    13.75    55.75    2028   2.128   1.061   3.509      0.000000      6.698     6.698
    13.75    55.75    2029   2.180   1.046   3.507      0.000000      6.733     6.733
    13.75    55.75    2030   2.157   1.046   3.509      0.000000      6.712     6.712
    13.75    55.75    2031   2.282   1.017   3.504      0.000000      6.803     6.803
    13.75    55.75    2032   2.253   1.027   3.499      0.000000      6.779     6.779
    13.75    55.75    2033   2.169   1.037   3.497      0.000000      6.703     6.703
    13.75    55.75    2034   2.265   1.019   3.494      0.000000      6.778     6.778
    13.75    55.75    2035   2.243   1.033   3.494      0.000000      6.770     6.770
    13.75    55.75    2036   2.289   1.029   3.491      0.000000      6.810     6.810
    13.75    55.75    2037   2.296   1.032   3.489      0.000000      6.817     6.817
    13.75    55.75    2038   2.245   1.039   3.486      0.000000      6.771     6.771
    13.75    55.75    2039   2.253   1.029   3.481      0.000000      6.764     6.764
    13.75    55.75    2040   2.259   1.025   3.479      0.000000      6.763     6.763
    13.75    55.75    2041   2.156   1.024   3.476      0.000000      6.656     6.656
    13.75    55.75    2042   2.200   1.013   3.478      0.000000      6.690     6.690
    13.75    55.75    2043   2.211   0.989   3.473      0.000000      6.673     6.673
    13.75    55.75    2044   2.208   0.980   3.469      0.000000      6.657     6.657
    13.75    55.75    2045   2.321   0.963   3.465      0.000000      6.748     6.748
    13.75    55.75    2046   2.325   0.994   3.466      0.000000      6.785     6.785
    13.75    55.75    2047   2.298   1.015   3.467      0.000000      6.781     6.781
    13.75    55.75    2048   2.292   1.019   3.467      0.000000      6.778     6.778
    13.75    55.75    2049   2.272   1.029   3.470      0.000000      6.771     6.771
    13.75    55.75    2050   2.317   1.016   3.465      0.000000      6.798     6.798
    13.75    55.75    2051   2.341   1.028   3.466      0.000000      6.836     6.836
    13.75    55.75    2052   2.281   1.033   3.466      0.000000      6.780     6.780
    13.75    55.75    2053   2.321   1.020   3.463      0.000000      6.804     6.804
    13.75    55.75    2054   2.288   1.030   3.466      0.000000      6.783     6.783
    13.75    55.75    2055   2.317   1.032   3.468      0.000000      6.816     6.816
    13.75    55.75    2056   2.308   1.013   3.461      0.000000      6.782     6.782
    13.75    55.75    2057   2.329   1.015   3.461      0.000000      6.806     6.806
    13.75    55.75    2058   2.219   1.035   3.462      0.000000      6.716     6.716
    13.75    55.75    2059   2.248   1.020   3.460      0.000000      6.728     6.728
    13.75    55.75    2060   2.259   1.018   3.459      0.000000      6.736     6.736
    13.75    55.75    2061   2.314   1.024   3.458      0.000000      6.797     6.797
    13.75    55.75    2062   2.284   1.031   3.453      0.000000      6.768     6.768
    13.75    55.75    2063   2.198   1.045   3.449      0.000000      6.692     6.692
    13.75    55.75    2064   2.170   1.051   3.448      0.000000      6.669     6.669
    13.75    55.75    2065   2.092   1.044   3.447      0.000000      6.582     6.582
    13.75    55.75    2066   2.207   1.036   3.448      0.000000      6.691     6.691
    13.75    55.75    2067   2.215   1.050   3.451      0.000000      6.715     6.715
    13.75    55.75    2068   2.226   1.058   3.451      0.000000      6.734     6.734
    13.75    55.75    2069   2.123   1.071   3.452      0.000000      6.646     6.646
    13.75    55.75    2070   2.036   1.050   3.448      0.000000      6.534     6.534
    13.75    55.75    2071   2.067   1.036   3.446      0.000000      6.549     6.549
    13.75    55.75    2072   2.080   1.040   3.447      0.000000      6.566     6.566
    13.75    55.75    2073   2.051   1.042   3.444      0.000000      6.536     6.536
    13.75    55.75    2074   2.101   1.036   3.441      0.000000      6.578     6.578
    13.75    55.75    2075   2.086   1.052   3.442      0.000000      6.581     6.581
    13.75    55.75    2076   1.979   1.080   3.446      0.000000      6.505     6.505
    13.75    55.75    2077   1.994   1.075   3.446      0.000000      6.515     6.515
    13.75    55.75    2078   1.981   1.074   3.444      0.000000      6.499     6.499
    13.75    55.75    2079   1.995   1.070   3.442      0.000000      6.507     6.507
    13.75    55.75    2080   1.918   1.080   3.442      0.000000      6.441     6.441
    13.75    55.75    2081   1.955   1.067   3.440      0.000000      6.462     6.462
    13.75    55.75    2082   2.020   1.065   3.437      0.000000      6.522     6.522
    13.75    55.75    2083   1.946   1.089   3.438      0.000000      6.473     6.473
    13.75    55.75    2084   1.989   1.094   3.438      0.000000      6.520     6.520
    13.75    55.75    2085   1.958   1.110   3.440      0.000000      6.508     6.508
    13.75    55.75    2086   1.961   1.110   3.443      0.000000      6.514     6.514
    13.75    55.75    2087   1.955   1.120   3.445      0.000000      6.520     6.520
    13.75    55.75    2088   1.851   1.133   3.449      0.000000      6.434     6.434
    13.75    55.75    2089   1.823   1.160   3.451      0.000000      6.434     6.434
    13.75    55.75    2090   1.829   1.163   3.455      0.000000      6.448     6.448
    13.75    55.75    2091   1.799   1.181   3.458      0.000000      6.438     6.438
    13.75    55.75    2092   1.625   1.201   3.462      0.000000      6.287     6.287
    13.75    55.75    2093   1.548   1.204   3.466      0.000000      6.218     6.218
    13.75    55.75    2094   1.634   1.196   3.468      0.000000      6.299     6.299
    13.75    55.75    2095   1.484   1.206   3.465      0.000000      6.155     6.155
    13.75    55.75    2096   1.600   1.194   3.466      0.000000      6.260     6.260
    13.75    55.75    2097   1.630   1.180   3.467      0.000000      6.278     6.278
    13.75    55.75    2098   1.677   1.191   3.468      0.000000      6.335     6.335
    13.75    55.75    2099   1.514   1.212   3.472      0.000000      6.198     6.198
    13.75    55.75    2100   1.560   1.202   3.477      0.000000      6.240     6.240
    13.75    55.75    2101   1.602   1.189   3.477      0.000000      6.269     6.269
    13.75    55.75    2102   1.571   1.210   3.482      0.000000      6.263     6.263
    13.75    55.75    2103   1.525   1.206   3.481      0.000000      6.212     6.212
    13.75    55.75    2104   1.626   1.195   3.481      0.000000      6.302     6.302
    13.75    55.75    2105   1.650   1.203   3.484      0.000000      6.337     6.337
    13.75    55.75    2106   1.546   1.229   3.491      0.000000      6.266     6.266
    13.75    55.75    2107   1.617   1.222   3.492      0.000000      6.331     6.331
    13.75    55.75    2108   1.619   1.210   3.493      0.000000      6.322     6.322
    13.75    55.75    2109   1.617   1.206   3.494      0.000000      6.317     6.317
    13.75    55.75    2110   1.557   1.202   3.497      0.000000      6.256     6.256
    13.75    55.75    2111   1.541   1.204   3.496      0.000000      6.241     6.241
    13.75    55.75    2112   1.578   1.226   3.495      0.000000      6.300     6.300
    13.75    55.75    2113   1.511   1.245   3.499      0.000000      6.255     6.255
    13.75    55.75    2114   1.569   1.253   3.500      0.000000      6.322     6.322
    13.75    55.75    2115   1.576   1.267   3.505      0.000000      6.348     6.348
    13.75    55.75    2116   1.600   1.261   3.508      0.000000      6.369     6.369
    13.75    55.75    2117   1.653   1.269   3.510      0.000000      6.433     6.433
    13.75    55.75    2118   1.588   1.271   3.515      0.000000      6.374     6.374
    13.75    55.75    2119   1.654   1.276   3.518      0.000000      6.448     6.448
    13.75    55.75    2120   1.656   1.283   3.524      0.000000      6.463     6.463
    13.75    55.75    2121   1.679   1.289   3.528      0.000000      6.496     6.496
    13.75    55.75    2122   1.502   1.325   3.533      0.000000      6.360     6.360
    13.75    55.75    2123   1.523   1.299   3.536      0.000000      6.359     6.359
    13.75    55.75    2124   1.641   1.299   3.539      0.000000      6.479     6.479
    13.75    55.75    2125   1.447   1.338   3.537      0.000000      6.323     6.323
    13.75    55.75    2126   1.589   1.315   3.540      0.000000      6.444     6.444
    13.75    55.75    2127   1.611   1.306   3.541      0.000000      6.458     6.458
    13.75    55.75    2128   1.667   1.317   3.540      0.000000      6.524     6.524
    13.75    55.75    2129   1.521   1.335   3.546      0.000000      6.402     6.402
    13.75    55.75    2130   1.573   1.314   3.553      0.000000      6.440     6.440
    23.75    61.75    1980   2.065   2.695   9.778      0.000000     14.538    14.538
    23.75    61.75    1981   2.127   2.736   9.908      0.000000     14.771    14.771
    23.75    61.75    1982   2.166   2.783  10.041      0.000000     14.989    14.989
    23.75    61.75    1983   2.256   2.846  10.177      0.000000     15.278    15.278
    23.75    61.75    1984   2.252   2.842  10.301      0.000000     15.394    15.394
    23.75    61.75    1985   2.313   2.858  10.425      0.000000     15.596    15.596
    23.75    61.75    1986   2.358   2.919  10.558      0.000000     15.835    15.835
    23.75    61.75    1987   2.436   2.920  10.683      0.000000     16.039    16.039
    23.75    61.75    1988   2.508   2.935  10.804      0.000000     16.248    16.248
    23.75    61.75    1989   2.570   2.994  10.936      0.000000     16.500    16.500
    23.75    61.75    1990   2.604   3.015  11.065      0.000000     16.685    16.685
    23.75    61.75    1991   2.650   3.063  11.185      0.000000     16.898    16.898
    23.75    61.75    1992   2.740   3.077  11.300      0.000000     17.117    17.117
    23.75    61.75    1993   2.822   3.116  11.419      0.000000     17.357    17.357
    23.75    61.75    1994   2.867   3.118  11.531      0.000000     17.517    17.517
    23.75    61.75    1995   2.932   3.125  11.643      0.000000     17.700    17.700
    23.75    61.75    1996   2.944   3.170  11.759      0.000000     17.872    17.872
    23.75    61.75    1997   2.979   3.168  11.869      0.000000     18.016    18.016
    23.75    61.75    1998   3.069   3.177  11.980      0.000000     18.225    18.225
    23.75    61.75    1999   3.184   3.182  12.086      0.000000     18.452    18.452
    23.75    61.75    2000   3.233   3.219  12.198      0.000000     18.650    18.650
    23.75    61.75    2001   3.271   3.275  12.317      0.000000     18.863    18.863
    23.75    61.75    2002   3.379   3.295  12.434      0.000000     19.108    19.108
    23.75    61.75    2003   3.392   3.338  12.551      0.000000     19.282    19.282
    23.75    61.75    2004   3.502   3.306  12.654      0.000000     19.462    19.462
    23.75    61.75    2005   3.583   3.299  12.755      0.000000     19.637    19.637
    23.75    61.75    2006   3.612   3.370  12.872      0.000000     19.854    19.854
    23.75    61.75    2007   3.686   3.371  12.979      0.000000     20.036    20.036
    23.75    61.75    2008   3.783   3.367  13.081      0.000000     20.231    20.231
    23.75    61.75    2009   3.818   3.398  13.190      0.000000     20.406    20.406
    23.75    61.75    2010   3.907   3.409  13.296      0.000000     20.612    20.612
    23.75    61.75    2011   3.841   3.387  13.278      0.000000     20.507    20.507
    23.75    61.75    2012   3.602   3.478  13.275      0.000000     20.355    20.355
    23.75    61.75    2013   3.569   3.476  13.267      0.000000     20.312    20.312
    23.75    61.75    2014   3.579   3.435  13.251      0.000000     20.266    20.266
    23.75    61.75    2015   3.516   3.472  13.251      0.000000     20.239    20.239
    23.75    61.75    2016   3.526   3.458  13.242      0.000000     20.225    20.225
    23.75    61.75    2017   3.379   3.513  13.240      0.000000     20.132    20.132
    23.75    61.75    2018   3.456   3.469  13.230      0.000000     20.154    20.154
    23.75    61.75    2019   3.425   3.483  13.224      0.000000     20.132    20.132
    23.75    61.75    2020   3.427   3.473  13.221      0.000000     20.121    20.121
    23.75    61.75    2021   3.402   3.504  13.222      0.000000     20.129    20.129
    23.75    61.75    2022   3.418   3.476  13.217      0.000000     20.111    20.111
    23.75    61.75    2023   3.426   3.471  13.215      0.000000     20.112    20.112
    23.75    61.75    2024   3.386   3.484  13.217      0.000000     20.087    20.087
    23.75    61.75    2025   3.334   3.492  13.216      0.000000     20.042    20.042
    23.75    61.75    2026   3.369   3.436  13.202      0.000000     20.007    20.007
    23.75    61.75    2027   3.326   3.447  13.197      0.000000     19.970    19.970
    23.75    61.75    2028   3.375   3.432  13.193      0.000000     20.000    20.000
    23.75    61.75    2029   3.456   3.393  13.185      0.000000     20.034    20.034
    23.75    61.75    2030   3.509   3.440  13.193      0.000000     20.142    20.142
    23.75    61.75    2031   3.609   3.372  13.184      0.000000     20.165    20.165
    23.75    61.75    2032   3.531   3.381  13.177      0.000000     20.090    20.090
    23.75    61.75    2033   3.457   3.398  13.177      0.000000     20.032    20.032
    23.75    61.75    2034   3.533   3.323  13.159      0.000000     20.016    20.016
    23.75    61.75    2035   3.521   3.352  13.159      0.000000     20.031    20.031
    23.75    61.75    2036   3.532   3.341  13.154      0.000000     20.027    20.027
    23.75    61.75    2037   3.579   3.315  13.142      0.000000     20.036    20.036
    23.75    61.75    2038   3.613   3.325  13.142      0.000000     20.080    20.080
    23.75    61.75    2039   3.688   3.266  13.127      0.000000     20.081    20.081
    23.75    61.75    2040   3.668   3.272  13.119      0.000000     20.059    20.059
    23.75    61.75    2041   3.651   3.291  13.115      0.000000     20.057    20.057
    23.75    61.75    2042   3.673   3.316  13.117      0.000000     20.106    20.106
    23.75    61.75    2043   3.721   3.295  13.109      0.000000     20.125    20.125
    23.75    61.75    2044   3.548   3.316  13.104      0.000000     19.968    19.968
    23.75    61.75    2045   3.470   3.331  13.095      0.000000     19.897    19.897
    23.75    61.75    2046   3.508   3.323  13.090      0.000000     19.921    19.921
    23.75    61.75    2047   3.569   3.345  13.092      0.000000     20.006    20.006
    23.75    61.75    2048   3.567   3.365  13.091      0.000000     20.023    20.023
    23.75    61.75    2049   3.496   3.355  13.083      0.000000     19.934    19.934
    23.75    61.75    2050   3.544   3.341  13.080      0.000000     19.965    19.965
    23.75    61.75    2051   3.594   3.339  13.079      0.000000     20.011    20.011
    23.75    61.75    2052   3.553   3.354  13.076      0.000000     19.984    19.984
    23.75    61.75    2053   3.370   3.400  13.071      0.000000     19.842    19.842
    23.75    61.75    2054   3.374   3.407  13.070      0.000000     19.851    19.851
    23.75    61.75    2055   3.342   3.407  13.069      0.000000     19.818    19.818
    23.75    61.75    2056   3.227   3.430  13.071      0.000000     19.727    19.727
    23.75    61.75    2057   3.323   3.411  13.068      0.000000     19.802    19.802
    23.75    61.75    2058   3.339   3.437  13.070      0.000000     19.846    19.846
    23.75    61.75    2059   3.322   3.453  13.070      0.000000     19.844    19.844
    23.75    61.75    2060   3.371   3.416  13.062      0.000000     19.850    19.850
    23.75    61.75    2061   3.465   3.403  13.060      0.000000     19.928    19.928
    23.75    61.75    2062   3.423   3.394  13.059      0.000000     19.875    19.875
    23.75    61.75    2063   3.459   3.397  13.057      0.000000     19.914    19.914
    23.75    61.75    2064   3.398   3.465  13.068      0.000000     19.931    19.931
    23.75    61.75    2065   3.369   3.474  13.071      0.000000     19.915    19.915
    23.75    61.75    2066   3.378   3.456  13.064      0.000000     19.897    19.897
    23.75    61.75    2067   3.230   3.527  13.068      0.000000     19.825    19.825
    23.75    61.75    2068   3.042   3.597  13.074      0.000000     19.712    19.712
    23.75    61.75    2069   3.083   3.592  13.073      0.000000     19.748    19.748
    23.75    61.75    2070   2.946   3.614  13.070      0.000000     19.630    19.630
    23.75    61.75    2071   2.955   3.590  13.063      0.000000     19.609    19.609
    23.75    61.75    2072   2.953   3.599  13.063      0.000000     19.614    19.614
    23.75    61.75    2073   2.936   3.609  13.068      0.000000     19.613    19.613
    23.75    61.75    2074   2.947   3.642  13.075      0.000000     19.664    19.664
    23.75    61.75    2075   2.966   3.642  13.074      0.000000     19.682    19.682
    23.75    61.75    2076   2.869   3.721  13.090      0.000000     19.680    19.680
    23.75    61.75    2077   2.846   3.722  13.093      0.000000     19.662    19.662
    23.75    61.75    2078   2.818   3.753  13.095      0.000000     19.666    19.666
    23.75    61.75    2079   2.649   3.797  13.106      0.000000     19.552    19.552
    23.75    61.75    2080   2.618   3.780  13.110      0.000000     19.507    19.507
    23.75    61.75    2081   2.536   3.855  13.126      0.000000     19.516    19.516
    23.75    61.75    2082   2.469   3.845  13.128      0.000000     19.442    19.442
    23.75    61.75    2083   2.526   3.834  13.134      0.000000     19.494    19.494
    23.75    61.75    2084   2.592   3.836  13.140      0.000000     19.569    19.569
    23.75    61.75    2085   2.579   3.852  13.155      0.000000     19.586    19.586
    23.75    61.75    2086   2.551   3.888  13.175      0.000000     19.613    19.613
    23.75    61.75    2087   2.569   3.827  13.167      0.000000     19.564    19.564
    23.75    61.75    2088   2.564   3.836  13.178      0.000000     19.578    19.578
    23.75    61.75    2089   2.489   3.900  13.192      0.000000     19.580    19.580
    23.75    61.75    2090   2.517   3.877  13.193      0.000000     19.587    19.587
    23.75    61.75    2091   2.587   3.919  13.207      0.000000     19.714    19.714
    23.75    61.75    2092   2.491   3.967  13.226      0.000000     19.684    19.684
    23.75    61.75    2093   2.539   3.906  13.229      0.000000     19.675    19.675
    23.75    61.75    2094   2.554   3.853  13.225      0.000000     19.631    19.631
    23.75    61.75    2095   2.596   3.834  13.225      0.000000     19.655    19.655
    23.75    61.75    2096   2.638   3.857  13.228      0.000000     19.722    19.722
    23.75    61.75    2097   2.731   3.900  13.231      0.000000     19.862    19.862
    23.75    61.75    2098   2.725   3.949  13.241      0.000000     19.915    19.915
    23.75    61.75    2099   2.680   4.012  13.262      0.000000     19.953    19.953
    23.75    61.75    2100   2.719   4.038  13.276      0.000000     20.032    20.032
    23.75    61.75    2101   2.727   4.007  13.276      0.000000     20.010    20.010
    23.75    61.75    2102   2.763   4.002  13.282      0.000000     20.046    20.046
    23.75    61.75    2103   2.769   3.989  13.288      0.000000     20.045    20.045
    23.75    61.75    2104   2.798   4.029  13.300      0.000000     20.127    20.127
    23.75    61.75    2105   2.858   4.027  13.303      0.000000     20.188    20.188
    23.75    61.75    2106   2.837   4.089  13.318      0.000000     20.245    20.245
    23.75    61.75    2107   2.838   4.078  13.324      0.000000     20.239    20.239
    23.75    61.75    2108   2.879   4.097  13.324      0.000000     20.300    20.300
    23.75    61.75    2109   2.815   4.111  13.335      0.000000     20.262    20.262
    23.75    61.75    2110   2.868   4.104  13.338      0.000000     20.311    20.311
    23.75    61.75    2111   2.866   4.154  13.354      0.000000     20.374    20.374
    23.75    61.75    2112   2.874   4.124  13.354      0.000000     20.352    20.352
    23.75    61.75    2113   2.852   4.110  13.359      0.000000     20.321    20.321
    23.75    61.75    2114   2.909   4.146  13.366      0.000000     20.421    20.421
    23.75    61.75    2115   2.776   4.183  13.382      0.000000     20.341    20.341
    23.75    61.75    2116   2.687   4.214  13.399      0.000000     20.300    20.300
    23.75    61.75    2117   2.766   4.107  13.384      0.000000     20.257    20.257
    23.75    61.75    2118   2.668   4.122  13.395      0.000000     20.186    20.186
    23.75    61.75    2119   2.675   4.139  13.404      0.000000     20.219    20.219
    23.75    61.75    2120   2.693   4.112  13.400      0.000000     20.205    20.205
    23.75    61.75    2121   2.757   4.135  13.406      0.000000     20.298    20.298
    23.75    61.75    2122   2.653   4.177  13.420      0.000000     20.250    20.250
    23.75    61.75    2123   2.746   4.118  13.416      0.000000     20.280    20.280
    23.75    61.75    2124   2.732   4.071  13.406      0.000000     20.209    20.209
    23.75    61.75    2125   2.740   4.062  13.400      0.000000     20.203    20.203
    23.75    61.75    2126   2.739   4.093  13.400      0.000000     20.232    20.232
    23.75    61.75    2127   2.801   4.145  13.400      0.000000     20.345    20.345
    23.75    61.75    2128   2.645   4.184  13.405      0.000000     20.234    20.234
    23.75    61.75    2129   2.594   4.248  13.420      0.000000     20.261    20.261
    23.75    61.75    2130   2.638   4.264  13.426      0.000000     20.329    20.329
    21.75    37.75    1980   0.350   0.160   1.375      0.000000      1.885     1.885
    21.75    37.75    1981   0.324   0.159   1.383      0.000000      1.865     1.865
    21.75    37.75    1982   0.330   0.150   1.390      0.000000      1.870     1.870
    21.75    37.75    1983   0.376   0.147   1.396      0.000000      1.919     1.919
    21.75    37.75    1984   0.361   0.161   1.400      0.000000      1.922     1.922
    21.75    37.75    1985   0.353   0.153   1.408      0.000000      1.914     1.914
    21.75    37.75    1986   0.420   0.145   1.415      0.000000      1.981     1.981
    21.75    37.75    1987   0.405   0.168   1.422      0.000000      1.995     1.995
    21.75    37.75    1988   0.411   0.162   1.432      0.000000      2.005     2.005
    21.75    37.75    1989   0.394   0.165   1.439      0.000000      1.999     1.999
    21.75    37.75    1990   0.426   0.152   1.449      0.000000      2.026     2.026
    21.75    37.75    1991   0.377   0.160   1.455      0.000000      1.991     1.991
    21.75    37.75    1992   0.402   0.146   1.463      0.000000      2.011     2.011
    21.75    37.75    1993   0.444   0.149   1.469      0.000000      2.062     2.062
    21.75    37.75    1994   0.464   0.159   1.473      0.000000      2.096     2.096
    21.75    37.75    1995   0.473   0.170   1.482      0.000000      2.125     2.125
    21.75    37.75    1996   0.456   0.167   1.491      0.000000      2.113     2.113
    21.75    37.75    1997   0.470   0.161   1.500      0.000000      2.131     2.131
    21.75    37.75    1998   0.475   0.162   1.509      0.000000      2.147     2.147
    21.75    37.75    1999   0.467   0.161   1.515      0.000000      2.144     2.144
    21.75    37.75    2000   0.498   0.155   1.522      0.000000      2.175     2.175
    21.75    37.75    2001   0.489   0.169   1.537      0.000000      2.195     2.195
    21.75    37.75    2002   0.503   0.163   1.556      0.000000      2.222     2.222
    21.75    37.75    2003   0.505   0.176   1.571      0.000000      2.252     2.252
    21.75    37.75    2004   0.498   0.175   1.588      0.000000      2.261     2.261
    21.75    37.75    2005   0.535   0.179   1.605      0.000000      2.319     2.319
    21.75    37.75    2006   0.541   0.197   1.624      0.000000      2.362     2.362
    21.75    37.75    2007   0.527   0.195   1.643      0.000000      2.366     2.366
    21.75    37.75    2008   0.548   0.189   1.662      0.000000      2.399     2.399
    21.75    37.75    2009   0.561   0.192   1.679      0.000000      2.432     2.432
    21.75    37.75    2010   0.475   0.206   1.695      0.000000      2.375     2.375
    21.75    37.75    2011   0.526   0.157   1.696      0.000000      2.379     2.379
    21.75    37.75    2012   0.570   0.166   1.687      0.000000      2.424     2.424
    21.75    37.75    2013   0.615   0.185   1.684      0.000000      2.484     2.484
    21.75    37.75    2014   0.557   0.207   1.683      0.000000      2.447     2.447
    21.75    37.75    2015   0.566   0.181   1.690      0.000000      2.437     2.437
    21.75    37.75    2016   0.609   0.175   1.689      0.000000      2.473     2.473
    21.75    37.75    2017   0.624   0.194   1.687      0.000000      2.505     2.505
    21.75    37.75    2018   0.394   0.341   1.690      0.000000      2.425     2.425
    21.75    37.75    2019   0.418   0.277   1.698      0.000000      2.393     2.393
    21.75    37.75    2020   0.474   0.277   1.695      0.000000      2.445     2.445
    21.75    37.75    2021   0.439   0.308   1.693      0.000000      2.439     2.439
    21.75    37.75    2022   0.492   0.267   1.703      0.000000      2.462     2.462
    21.75    37.75    2023   0.478   0.289   1.703      0.000000      2.470     2.470
    21.75    37.75    2024   0.527   0.269   1.712      0.000000      2.508     2.508
    21.75    37.75    2025   0.484   0.289   1.714      0.000000      2.487     2.487
    21.75    37.75    2026   0.528   0.251   1.722      0.000000      2.502     2.502
    21.75    37.75    2027   0.486   0.270   1.722      0.000000      2.479     2.479
    21.75    37.75    2028   0.537   0.238   1.729      0.000000      2.503     2.503
    21.75    37.75    2029   0.278   0.439   1.726      0.000000      2.443     2.443
    21.75    37.75    2030   0.344   0.372   1.736      0.000000      2.452     2.452
    21.75    37.75    2031   0.261   0.405   1.731      0.000000      2.396     2.396
    21.75    37.75    2032   0.287   0.361   1.738      0.000000      2.386     2.386
    21.75    37.75    2033   0.311   0.356   1.737      0.000000      2.404     2.404
    21.75    37.75    2034   0.290   0.348   1.738      0.000000      2.376     2.376
    21.75    37.75    2035   0.324   0.318   1.742      0.000000      2.384     2.384
    21.75    37.75    2036   0.295   0.324   1.740      0.000000      2.359     2.359
    21.75    37.75    2037   0.211   0.353   1.741      0.000000      2.305     2.305
    21.75    37.75    2038   0.198   0.339   1.738      0.000000      2.276     2.276
    21.75    37.75    2039   0.223   0.325   1.734      0.000000      2.282     2.282
    21.75    37.75    2040   0.238   0.333   1.733      0.000000      2.304     2.304
    21.75    37.75    2041   0.217   0.327   1.736      0.000000      2.280     2.280
    21.75    37.75    2042   0.242   0.295   1.741      0.000000      2.278     2.278
    21.75    37.75    2043   0.240   0.297   1.741      0.000000      2.278     2.278
    21.75    37.75    2044   0.253   0.280   1.743      0.000000      2.276     2.276
    21.75    37.75    2045   0.243   0.269   1.743      0.000000      2.254     2.254
    21.75    37.75    2046   0.261   0.249   1.740      0.000000      2.250     2.250
    21.75    37.75    2047   0.257   0.252   1.738      0.000000      2.247     2.247
    21.75    37.75    2048   0.277   0.237   1.736      0.000000      2.250     2.250
    21.75    37.75    2049   0.261   0.243   1.734      0.000000      2.237     2.237
    21.75    37.75    2050   0.236   0.223   1.732      0.000000      2.191     2.191
    21.75    37.75    2051   0.281   0.197   1.731      0.000000      2.209     2.209
    21.75    37.75    2052   0.289   0.215   1.725      0.000000      2.229     2.229
    21.75    37.75    2053   0.276   0.207   1.724      0.000000      2.207     2.207
    21.75    37.75    2054   0.299   0.191   1.722      0.000000      2.213     2.213
    21.75    37.75    2055   0.278   0.197   1.718      0.000000      2.193     2.193
    21.75    37.75    2056   0.323   0.179   1.717      0.000000      2.218     2.218
    21.75    37.75    2057   0.307   0.195   1.711      0.000000      2.213     2.213
    21.75    37.75    2058   0.311   0.183   1.712      0.000000      2.205     2.205
    21.75    37.75    2059   0.319   0.175   1.711      0.000000      2.204     2.204
    21.75    37.75    2060   0.375   0.175   1.709      0.000000      2.260     2.260
    21.75    37.75    2061   0.276   0.226   1.708      0.000000      2.210     2.210
    21.75    37.75    2062   0.328   0.181   1.713      0.000000      2.222     2.222
    21.75    37.75    2063   0.371   0.197   1.708      0.000000      2.275     2.275
    21.75    37.75    2064   0.364   0.217   1.710      0.000000      2.292     2.292
    21.75    37.75    2065   0.342   0.199   1.716      0.000000      2.258     2.258
    21.75    37.75    2066   0.367   0.180   1.717      0.000000      2.264     2.264
    21.75    37.75    2067   0.370   0.189   1.715      0.000000      2.274     2.274
    21.75    37.75    2068   0.336   0.187   1.716      0.000000      2.239     2.239
    21.75    37.75    2069   0.401   0.166   1.717      0.000000      2.284     2.284
    21.75    37.75    2070   0.391   0.190   1.712      0.000000      2.293     2.293
    21.75    37.75    2071   0.230   0.284   1.712      0.000000      2.226     2.226
    21.75    37.75    2072   0.312   0.250   1.715      0.000000      2.277     2.277
    21.75    37.75    2073   0.278   0.292   1.709      0.000000      2.279     2.279
    21.75    37.75    2074   0.266   0.247   1.718      0.000000      2.230     2.230
    21.75    37.75    2075   0.317   0.221   1.718      0.000000      2.255     2.255
    21.75    37.75    2076   0.302   0.234   1.714      0.000000      2.250     2.250
    21.75    37.75    2077   0.305   0.216   1.715      0.000000      2.236     2.236
    21.75    37.75    2078   0.321   0.202   1.712      0.000000      2.235     2.235
    21.75    37.75    2079   0.297   0.200   1.708      0.000000      2.204     2.204
    21.75    37.75    2080   0.332   0.186   1.706      0.000000      2.224     2.224
    21.75    37.75    2081   0.332   0.198   1.700      0.000000      2.230     2.230
    21.75    37.75    2082   0.336   0.189   1.701      0.000000      2.225     2.225
    21.75    37.75    2083   0.287   0.191   1.699      0.000000      2.177     2.177
    21.75    37.75    2084   0.367   0.164   1.699      0.000000      2.230     2.230
    21.75    37.75    2085   0.351   0.204   1.694      0.000000      2.250     2.250
    21.75    37.75    2086   0.370   0.177   1.699      0.000000      2.246     2.246
    21.75    37.75    2087   0.389   0.183   1.698      0.000000      2.270     2.270
    21.75    37.75    2088   0.406   0.180   1.698      0.000000      2.285     2.285
    21.75    37.75    2089   0.420   0.187   1.699      0.000000      2.306     2.306
    21.75    37.75    2090   0.384   0.193   1.701      0.000000      2.279     2.279
    21.75    37.75    2091   0.399   0.163   1.705      0.000000      2.266     2.266
    21.75    37.75    2092   0.409   0.168   1.704      0.000000      2.280     2.280
    21.75    37.75    2093   0.415   0.172   1.702      0.000000      2.289     2.289
    21.75    37.75    2094   0.422   0.174   1.702      0.000000      2.298     2.298
    21.75    37.75    2095   0.458   0.183   1.702      0.000000      2.344     2.344
    21.75    37.75    2096   0.379   0.199   1.703      0.000000      2.280     2.280
    21.75    37.75    2097   0.159   0.346   1.707      0.000000      2.212     2.212
    21.75    37.75    2098   0.207   0.316   1.703      0.000000      2.226     2.226
    21.75    37.75    2099   0.214   0.328   1.700      0.000000      2.242     2.242
    21.75    37.75    2100   0.183   0.314   1.705      0.000000      2.202     2.202
    21.75    37.75    2101   0.240   0.271   1.708      0.000000      2.219     2.219
    21.75    37.75    2102   0.252   0.297   1.708      0.000000      2.256     2.256
    21.75    37.75    2103   0.240   0.290   1.714      0.000000      2.244     2.244
    21.75    37.75    2104   0.213   0.264   1.720      0.000000      2.196     2.196
    21.75    37.75    2105   0.256   0.234   1.721      0.000000      2.211     2.211
    21.75    37.75    2106   0.245   0.246   1.717      0.000000      2.208     2.208
    21.75    37.75    2107   0.240   0.236   1.718      0.000000      2.194     2.194
    21.75    37.75    2108   0.260   0.217   1.717      0.000000      2.193     2.193
    21.75    37.75    2109   0.239   0.216   1.713      0.000000      2.168     2.168
    21.75    37.75    2110   0.271   0.203   1.711      0.000000      2.185     2.185
    21.75    37.75    2111   0.283   0.213   1.707      0.000000      2.203     2.203
    21.75    37.75    2112   0.274   0.207   1.709      0.000000      2.190     2.190
    21.75    37.75    2113   0.204   0.219   1.709      0.000000      2.132     2.132
    21.75    37.75    2114   0.289   0.182   1.710      0.000000      2.181     2.181
    21.75    37.75    2115   0.262   0.232   1.704      0.000000      2.197     2.197
    21.75    37.75    2116   0.284   0.199   1.710      0.000000      2.192     2.192
    21.75    37.75    2117   0.286   0.204   1.709      0.000000      2.200     2.200
    21.75    37.75    2118   0.310   0.194   1.710      0.000000      2.213     2.213
    21.75    37.75    2119   0.344   0.203   1.709      0.000000      2.256     2.256
    21.75    37.75    2120   0.308   0.216   1.712      0.000000      2.236     2.236
    21.75    37.75    2121   0.312   0.180   1.718      0.000000      2.210     2.210
    21.75    37.75    2122   0.333   0.180   1.716      0.000000      2.229     2.229
    21.75    37.75    2123   0.340   0.183   1.714      0.000000      2.236     2.236
    21.75    37.75    2124   0.329   0.181   1.713      0.000000      2.224     2.224
    21.75    37.75    2125   0.391   0.184   1.714      0.000000      2.288     2.288
    21.75    37.75    2126   0.295   0.212   1.712      0.000000      2.219     2.219
    21.75    37.75    2127   0.228   0.219   1.718      0.000000      2.165     2.165
    21.75    37.75    2128   0.283   0.213   1.710      0.000000      2.205     2.205
    21.75    37.75    2129   0.289   0.238   1.706      0.000000      2.232     2.232
    21.75    37.75    2130   0.265   0.225   1.710      0.000000      2.200     2.200
