      Lon      Lat    Year       Jan       Feb       Mar       Apr       May       Jun       Jul       Aug       Sep       Oct       Nov       Dec
     9.75    49.75    1980    -0.306    -0.272    -0.223    -0.595    -0.813    -0.451    -0.630    -0.613    -0.706    -0.772    -0.583    -0.437
     9.75    49.75    1981    -0.216    -0.226    -0.341    -0.495    -1.304    -2.774    -2.472    -1.395    -0.442    -0.327    -0.267    -0.271
     9.75    49.75    1982    -0.180    -0.184    -0.209    -0.261    -1.098    -2.058    -0.927    -0.590    -0.302    -0.428    -0.335    -0.196
     9.75    49.75    1983    -0.171    -0.205    -0.446    -0.750    -1.108    -0.723    -0.676    -1.317    -2.015    -1.803    -0.338    -0.185
     9.75    49.75    1984    -0.197    -0.236    -0.311    -0.379    -0.515    -0.424    -1.613    -1.692    -1.712    -1.878    -0.502    -0.198
     9.75    49.75    1985    -0.192    -0.177    -0.237    -0.483    -0.834    -0.817    -1.131    -0.917    -0.770    -0.481    -0.269    -0.185
     9.75    49.75    1986    -0.188    -0.188    -0.195    -0.195    -0.948    -2.063    -1.619    -2.285    -0.828    -0.233    -0.199    -0.195
     9.75    49.75    1987    -0.191    -0.193    -0.217    -0.433    -0.452    -0.382    -0.994    -1.230    -0.550    -0.588    -0.411    -0.339
     9.75    49.75    1988    -0.204    -0.234    -0.353    -1.092    -1.583    -2.171    -1.591    -2.789    -2.468    -2.935    -1.254    -0.484
     9.75    49.75    1989    -0.230    -0.204    -0.210    -0.330    -0.341    -0.786    -1.130    -1.548    -0.816    -0.781    -0.258    -0.216
     9.75    49.75    1990    -0.182    -0.192    -0.196    -0.263    -0.571    -0.862    -1.221    -1.502    -2.164    -1.575    -0.707    -0.265
     9.75    49.75    1991    -0.191    -0.197    -0.236    -0.521    -0.750    -0.598    -1.315    -1.940    -2.664    -1.575    -0.460    -0.193
     9.75    49.75    1992    -0.186    -0.203    -0.244    -0.327    -1.122    -0.771    -1.111    -1.468    -1.840    -1.654    -0.491    -0.228
     9.75    49.75    1993    -0.232    -0.228    -0.177    -0.461    -1.173    -1.264    -1.793    -1.759    -0.459    -0.290    -0.260    -0.221
     9.75    49.75    1994    -0.194    -0.202    -0.219    -0.459    -1.136    -1.810    -2.503    -1.999    -1.561    -1.705    -0.342    -0.187
     9.75    49.75    1995    -0.199    -0.202    -0.201    -0.345    -0.503    -1.560    -1.246    -0.410    -1.202    -0.925    -0.246    -0.185
     9.75    49.75    1996    -0.181    -0.204    -0.275    -0.599    -1.597    -1.672    -1.249    -0.617    -0.815    -0.529    -0.292    -0.306
     9.75    49.75    1997    -0.280    -0.286    -0.224    -0.460    -0.521    -0.436    -0.848    -1.279    -0.805    -0.675    -0.429    -0.262
     9.75    49.75    1998    -0.221    -0.232    -0.254    -0.858    -1.487    -0.937    -2.104    -2.403    -0.568    -0.642    -0.633    -0.327
     9.75    49.75    1999    -0.184    -0.222    -0.320    -0.653    -1.810    -0.775    -2.566    -2.804    -2.740    -2.267    -0.643    -0.263
     9.75    49.75    2000    -0.176    -0.210    -0.368    -0.848    -1.773    -1.486    -0.938    -1.589    -0.983    -1.375    -0.332    -0.221
     9.75    49.75    2001    -0.198    -0.198    -0.193    -0.567    -0.898    -1.108    -1.608    -0.874    -1.845    -1.667    -0.547    -0.202
     9.75    49.75    2002    -0.178    -0.184    -0.447    -0.576    -0.480    -2.615    -3.120    -1.864    -0.657    -0.808    -0.805    -0.384
     9.75    49.75    2003    -0.175    -0.175    -0.232    -0.533    -0.643    -1.208    -0.688    -0.571    -0.719    -0.881    -0.455    -0.198
     9.75    49.75    2004    -0.203    -0.213    -0.342    -0.595    -0.534    -0.768    -1.974    -1.387    -0.818    -0.594    -0.366    -0.208
     9.75    49.75    2005    -0.238    -0.193    -0.377    -0.667    -0.775    -1.196    -1.566    -1.732    -1.627    -1.684    -0.271    -0.178
     9.75    49.75    2006    -0.205    -0.196    -0.310    -0.500    -0.883    -0.885    -0.523    -1.146    -2.855    -2.214    -0.344    -0.242
     9.75    49.75    2007    -0.215    -0.217    -0.488    -0.875    -1.589    -1.584    -2.046    -2.654    -3.130    -2.612    -0.549    -0.267
     9.75    49.75    2008    -0.189    -0.224    -0.320    -0.728    -1.305    -2.229    -1.827    -1.500    -0.986    -1.479    -0.571    -0.220
     9.75    49.75    2009    -0.176    -0.192    -0.269    -0.507    -0.706    -1.178    -2.157    -1.967    -2.471    -1.549    -0.262    -0.190
     9.75    49.75    2010    -0.177    -0.191    -0.296    -0.290    -0.574    -1.005    -1.912    -2.622    -1.436    -1.576    -0.656    -0.210
     9.75    49.75    2011    -0.175    -0.184    -0.323    -0.643    -0.416    -0.296    -0.531    -0.918    -0.818    -0.629    -0.479    -0.255
     9.75    49.75    2012    -0.229    -0.215    -0.266    -0.446    -1.224    -1.964    -1.941    -1.009    -0.558    -0.832    -0.687    -0.297
     9.75    49.75    2013    -0.242    -0.256    -0.574    -2.022    -1.172    -1.528    -2.679    -2.604    -0.754    -0.695    -0.327    -0.189
     9.75    49.75    2014    -0.183    -0.242    -0.405    -0.407    -0.655    -2.345    -1.659    -0.633    -1.211    -1.464    -0.498    -0.243
     9.75    49.75    2015    -0.205    -0.182    -0.218    -0.381    -0.956    -1.432    -2.217    -2.574    -1.692    -2.066    -0.516    -0.180
     9.75    49.75    2016    -0.189    -0.294    -0.482    -0.734    -2.246    -2.862    -2.345    -1.887    -2.337    -1.290    -0.380    -0.190
     9.75    49.75    2017    -0.177    -0.214    -0.397    -1.964    -2.082    -2.130    -1.931    -0.830    -1.707    -1.525    -0.333    -0.186
     9.75    49.75    2018    -0.179    -0.243    -0.430    -0.585    -0.898    -2.517    -2.622    -3.128    -2.560    -0.728    -0.425    -0.228
     9.75    49.75    2019    -0.178    -0.181    -0.240    -0.966    -2.939    -2.925    -2.733    -2.188    -1.014    -1.631    -0.700    -0.201
     9.75    49.75    2020    -0.175    -0.223    -0.296    -0.795    -1.168    -0.516    -0.764    -1.357    -2.931    -1.134    -0.187    -0.181
     9.75    49.75    2021    -0.184    -0.191    -0.289    -0.308    -0.758    -2.650    -2.979    -3.225    -2.844    -2.045    -1.652    -0.787
     9.75    49.75    2022    -0.629    -0.314    -0.233    -0.398    -0.581    -1.085    -2.273    -1.218    -2.245    -2.720    -2.162    -0.679
     9.75    49.75    2023    -0.236    -0.184    -0.292    -0.336    -1.748    -0.947    -1.496    -1.023    -2.261    -2.318    -0.465    -0.181
     9.75    49.75    2024    -0.208    -0.181    -0.260    -0.398    -1.072    -1.088    -0.905    -0.583    -1.019    -1.947    -0.620    -0.283
     9.75    49.75    2025    -0.313    -0.213    -0.226    -0.333    -1.120    -1.794    -2.951    -1.900    -1.395    -1.185    -0.341    -0.182
     9.75    49.75    2026    -0.188    -0.182    -0.245    -0.776    -2.887    -2.412    -2.858    -3.230    -3.094    -2.160    -1.268    -0.343
     9.75    49.75    2027    -0.179    -0.256    -0.237    -0.593    -1.705    -2.608    -3.152    -2.925    -2.859    -3.072    -0.640    -0.289
     9.75    49.75    2028    -0.205    -0.179    -0.260    -0.334    -0.862    -2.280    -2.103    -1.683    -2.044    -2.256    -0.746    -0.284
     9.75    49.75    2029    -0.216    -0.195    -0.200    -0.655    -0.790    -1.106    -2.971    -1.697    -1.772    -1.079    -0.405    -0.200
     9.75    49.75    2030    -0.204    -0.183    -0.283    -0.525    -0.748    -1.514    -1.041    -1.692    -1.878    -0.580    -0.213    -0.180
     9.75    49.75    2031    -0.200    -0.283    -0.504    -0.766    -2.503    -0.564    -1.175    -3.162    -2.577    -1.286    -0.615    -0.448
     9.75    49.75    2032    -0.247    -0.191    -0.285    -0.378    -0.736    -0.431    -1.407    -0.545    -0.612    -1.003    -0.446    -0.218
     9.75    49.75    2033    -0.225    -0.264    -0.278    -0.363    -0.839    -1.027    -1.583    -0.764    -1.213    -2.814    -1.195    -0.414
     9.75    49.75    2034    -0.255    -0.254    -0.223    -0.747    -1.929    -2.841    -3.003    -3.159    -3.292    -3.118    -1.622    -0.557
     9.75    49.75    2035    -0.352    -0.272    -0.484    -0.629    -0.529    -0.587    -1.380    -1.213    -2.788    -1.631    -0.523    -0.189
     9.75    49.75    2036    -0.192    -0.191    -0.228    -0.510    -1.690    -2.304    -1.231    -0.584    -0.396    -0.269    -0.202    -0.190
     9.75    49.75    2037    -0.186    -0.299    -0.317    -0.345    -0.728    -1.561    -2.848    -2.197    -2.675    -0.788    -0.244    -0.179
     9.75    49.75    2038    -0.214    -0.194    -0.304    -0.503    -0.312    -1.102    -2.737    -2.891    -3.205    -1.341    -0.533    -0.233
     9.75    49.75    2039    -0.191    -0.221    -0.423    -1.330    -1.269    -1.572    -1.874    -1.572    -1.556    -0.747    -0.797    -0.418
     9.75    49.75    2040    -0.303    -0.281    -0.319    -0.646    -0.651    -0.636    -2.076    -1.992    -2.594    -1.627    -0.470    -0.207
     9.75    49.75    2041    -0.185    -0.264    -0.412    -0.394    -0.974    -2.298    -2.946    -1.741    -1.185    -1.667    -0.434    -0.202
     9.75    49.75    2042    -0.182    -0.182    -0.212    -0.414    -1.136    -1.482    -2.156    -2.910    -2.009    -0.898    -0.401    -0.186
     9.75    49.75    2043    -0.217    -0.274    -0.441    -1.092    -1.410    -3.054    -2.148    -1.299    -1.523    -1.750    -0.519    -0.311
     9.75    49.75    2044    -0.214    -0.233    -0.354    -0.475    -1.543    -2.337    -0.580    -1.083    -2.235    -1.500    -0.237    -0.197
     9.75    49.75    2045    -0.186    -0.228    -0.385    -2.000    -1.391    -2.248    -2.531    -2.646    -2.835    -2.719    -1.030    -0.457
     9.75    49.75    2046    -0.255    -0.262    -0.273    -0.520    -0.455    -0.764    -1.898    -1.938    -2.488    -1.029    -0.403    -0.203
     9.75    49.75    2047    -0.200    -0.191    -0.267    -1.073    -1.615    -2.720    -2.618    -2.493    -2.585    -0.881    -0.218    -0.189
     9.75    49.75    2048    -0.181    -0.232    -0.248    -0.408    -1.999    -2.889    -2.660    -2.877    -3.111    -1.220    -0.200    -0.178
     9.75    49.75    2049    -0.202    -0.235    -0.301    -0.299    -0.652    -1.885    -3.086    -3.165    -2.777    -2.063    -0.686    -0.259
     9.75    49.75    2050    -0.223    -0.223    -0.452    -1.162    -2.701    -1.726    -2.741    -2.910    -3.237    -2.298    -0.436    -0.215
     9.75    49.75    2051    -0.196    -0.223    -0.383    -1.015    -2.545    -2.933    -3.094    -2.989    -3.198    -2.432    -0.354    -0.180
     9.75    49.75    2052    -0.189    -0.184    -0.299    -1.325    -0.585    -0.426    -0.836    -2.415    -2.940    -0.509    -0.283    -0.190
     9.75    49.75    2053    -0.197    -0.219    -0.296    -0.581    -2.143    -2.969    -2.574    -2.560    -1.947    -2.349    -1.128    -0.452
     9.75    49.75    2054    -0.217    -0.192    -0.284    -0.691    -2.552    -2.613    -2.991    -2.582    -1.392    -0.840    -0.554    -0.260
     9.75    49.75    2055    -0.195    -0.185    -0.330    -0.516    -2.520    -3.195    -1.979    -2.912    -3.126    -2.686    -0.376    -0.220
     9.75    49.75    2056    -0.187    -0.226    -0.463    -0.513    -0.776    -1.815    -1.533    -3.050    -3.084    -3.189    -1.621    -0.315
     9.75    49.75    2057    -0.210    -0.225    -0.249    -1.184    -3.174    -2.901    -3.023    -2.949    -3.194    -1.782    -0.234    -0.234
     9.75    49.75    2058    -0.230    -0.191    -0.311    -0.538    -1.129    -3.013    -2.970    -1.869    -1.420    -0.780    -0.446    -0.257
     9.75    49.75    2059    -0.190    -0.194    -0.289    -0.373    -1.962    -3.044    -3.072    -1.191    -1.748    -2.506    -0.996    -0.216
     9.75    49.75    2060    -0.187    -0.177    -0.262    -0.461    -2.226    -3.247    -2.574    -3.022    -3.016    -2.379    -0.374    -0.210
     9.75    49.75    2061    -0.195    -0.270    -0.337    -0.272    -0.378    -1.114    -2.313    -2.802    -2.459    -1.526    -0.523    -0.247
     9.75    49.75    2062    -0.191    -0.283    -0.526    -0.541    -0.624    -2.227    -2.538    -2.249    -2.510    -2.077    -1.103    -0.363
     9.75    49.75    2063    -0.230    -0.302    -0.322    -0.373    -2.089    -1.530    -2.072    -1.308    -0.563    -1.794    -0.980    -0.286
     9.75    49.75    2064    -0.222    -0.245    -0.313    -0.548    -1.517    -2.832    -1.902    -1.522    -3.024    -2.941    -0.773    -0.219
     9.75    49.75    2065    -0.205    -0.215    -0.322    -0.393    -0.826    -0.618    -1.201    -2.482    -3.202    -1.851    -0.460    -0.293
     9.75    49.75    2066    -0.288    -0.201    -0.291    -0.489    -2.017    -2.319    -3.026    -2.715    -2.735    -1.745    -0.588    -0.296
     9.75    49.75    2067    -0.224    -0.254    -0.227    -0.424    -1.366    -1.620    -3.079    -2.833    -2.961    -2.673    -0.700    -0.241
     9.75    49.75    2068    -0.205    -0.201    -0.220    -0.311    -0.826    -2.829    -2.456    -1.715    -2.440    -1.712    -0.369    -0.196
     9.75    49.75    2069    -0.189    -0.186    -0.300    -0.672    -2.839    -1.518    -1.411    -2.446    -2.529    -1.543    -0.619    -0.292
     9.75    49.75    2070    -0.185    -0.237    -0.481    -1.267    -3.016    -2.817    -2.242    -2.774    -2.525    -1.541    -0.634    -0.264
     9.75    49.75    2071    -0.223    -0.229    -0.229    -0.368    -0.989    -1.558    -2.776    -2.786    -3.186    -2.561    -0.782    -0.258
     9.75    49.75    2072    -0.219    -0.233    -0.285    -0.555    -2.494    -2.254    -1.960    -2.991    -2.991    -2.270    -0.604    -0.215
     9.75    49.75    2073    -0.207    -0.269    -0.383    -1.236    -1.906    -0.707    -1.404    -3.102    -3.220    -3.168    -1.398    -0.254
     9.75    49.75    2074    -0.194    -0.224    -0.253    -0.443    -0.977    -2.774    -3.242    -2.279    -2.504    -2.834    -1.482    -0.427
     9.75    49.75    2075    -0.192    -0.235    -0.288    -0.391    -1.470    -2.038    -2.306    -1.889    -2.412    -2.337    -0.550    -0.206
     9.75    49.75    2076    -0.191    -0.239    -0.457    -0.421    -0.961    -1.858    -2.428    -1.642    -0.461    -1.079    -0.524    -0.195
     9.75    49.75    2077    -0.198    -0.213    -0.294    -0.985    -0.991    -0.787    -0.777    -0.774    -1.172    -0.778    -0.314    -0.207
     9.75    49.75    2078    -0.199    -0.254    -0.497    -1.161    -2.389    -1.719    -2.487    -2.827    -2.755    -2.097    -0.771    -0.244
     9.75    49.75    2079    -0.188    -0.284    -0.388    -0.728    -2.253    -2.997    -2.878    -1.687    -2.185    -2.087    -1.025    -0.336
     9.75    49.75    2080    -0.232    -0.236    -0.286    -0.540    -0.698    -2.440    -2.941    -1.153    -2.094    -2.409    -0.836    -0.268
     9.75    49.75    2081    -0.289    -0.336    -0.350    -0.754    -1.328    -2.980    -2.665    -2.124    -1.550    -2.747    -1.044    -0.268
     9.75    49.75    2082    -0.227    -0.252    -0.541    -2.352    -3.219    -3.348    -2.618    -1.957    -1.595    -2.956    -0.882    -0.298
     9.75    49.75    2083    -0.201    -0.215    -0.306    -0.845    -2.482    -1.607    -1.948    -3.012    -2.524    -2.332    -1.314    -0.294
     9.75    49.75    2084    -0.202    -0.214    -0.335    -1.431    -1.755    -1.157    -1.638    -2.171    -3.071    -1.750    -0.491    -0.317
     9.75    49.75    2085    -0.313    -0.319    -0.212    -0.709    -1.598    -2.793    -1.344    -1.059    -1.363    -1.860    -1.828    -0.337
     9.75    49.75    2086    -0.205    -0.207    -0.219    -0.488    -0.779    -2.510    -2.131    -1.798    -2.463    -1.930    -0.919    -0.214
     9.75    49.75    2087    -0.199    -0.256    -0.264    -0.348    -0.580    -0.906    -2.503    -1.762    -1.440    -2.294    -0.883    -0.231
     9.75    49.75    2088    -0.264    -0.270    -0.268    -0.343    -0.377    -0.707    -2.224    -2.922    -3.009    -2.330    -1.428    -0.490
     9.75    49.75    2089    -0.391    -0.267    -0.372    -1.239    -2.347    -1.725    -3.049    -2.681    -3.038    -2.360    -0.478    -0.199
     9.75    49.75    2090    -0.194    -0.193    -0.288    -0.481    -0.656    -1.680    -3.145    -3.020    -3.161    -2.999    -1.965    -0.723
     9.75    49.75    2091    -0.198    -0.219    -0.284    -0.591    -2.818    -1.588    -1.666    -3.138    -3.319    -2.025    -0.493    -0.245
     9.75    49.75    2092    -0.228    -0.215    -0.506    -0.748    -0.545    -1.580    -2.832    -3.189    -3.152    -2.978    -0.839    -0.355
     9.75    49.75    2093    -0.271    -0.216    -0.284    -0.672    -2.356    -2.865    -2.848    -2.682    -3.065    -2.072    -0.387    -0.213
     9.75    49.75    2094    -0.211    -0.227    -0.293    -0.476    -0.808    -1.180    -2.803    -2.227    -3.078    -1.673    -0.432    -0.252
     9.75    49.75    2095    -0.228    -0.251    -0.337    -0.985    -2.027    -2.726    -1.539    -1.561    -3.018    -1.469    -0.383    -0.197
     9.75    49.75    2096    -0.196    -0.233    -0.349    -0.636    -0.481    -0.683    -1.423    -2.104    -2.845    -2.946    -1.448    -0.259
     9.75    49.75    2097    -0.204    -0.210    -0.301    -0.624    -1.008    -2.600    -2.762    -2.654    -2.808    -1.538    -0.521    -0.197
     9.75    49.75    2098    -0.205    -0.243    -0.276    -0.772    -2.715    -2.794    -1.503    -1.590    -2.776    -2.189    -1.171    -0.351
     9.75    49.75    2099    -0.193    -0.209    -0.372    -0.342    -0.677    -2.149    -1.972    -0.988    -2.843    -3.191    -1.218    -0.403
     9.75    49.75    2100    -0.218    -0.201    -0.365    -0.877    -2.771    -2.595    -2.272    -2.458    -3.015    -2.429    -0.675    -0.222
     9.75    49.75    2101    -0.219    -0.238    -0.266    -0.399    -1.058    -1.720    -2.903    -2.922    -3.130    -1.775    -0.715    -0.301
     9.75    49.75    2102    -0.226    -0.286    -0.280    -0.524    -2.500    -2.470    -2.543    -2.680    -3.032    -1.273    -0.538    -0.192
     9.75    49.75    2103    -0.200    -0.274    -0.345    -1.146    -1.063    -1.220    -1.939    -3.230    -3.308    -3.299    -1.495    -0.283
     9.75    49.75    2104    -0.194    -0.214    -0.256    -0.460    -0.927    -3.044    -3.324    -2.333    -2.909    -3.153    -1.453    -0.266
     9.75    49.75    2105    -0.203    -0.247    -0.303    -0.364    -1.048    -2.365    -2.701    -1.728    -2.473    -2.330    -0.629    -0.248
     9.75    49.75    2106    -0.200    -0.244    -0.441    -0.464    -0.833    -1.619    -2.868    -0.734    -1.437    -2.280    -0.686    -0.215
     9.75    49.75    2107    -0.199    -0.220    -0.302    -1.170    -1.281    -0.626    -0.701    -0.880    -1.360    -0.967    -0.363    -0.206
     9.75    49.75    2108    -0.200    -0.254    -0.499    -0.956    -2.462    -1.915    -2.532    -2.830    -2.691    -2.259    -0.779    -0.303
     9.75    49.75    2109    -0.189    -0.264    -0.329    -0.871    -2.431    -2.844    -2.945    -1.713    -2.922    -1.564    -0.879    -0.415
     9.75    49.75    2110    -0.236    -0.256    -0.285    -0.539    -0.622    -2.273    -3.134    -0.893    -2.128    -2.437    -0.624    -0.265
     9.75    49.75    2111    -0.272    -0.342    -0.368    -0.738    -2.055    -2.845    -2.494    -2.273    -1.416    -2.900    -0.928    -0.294
     9.75    49.75    2112    -0.206    -0.219    -0.497    -2.227    -3.221    -3.358    -2.773    -1.168    -2.743    -2.922    -1.642    -0.345
     9.75    49.75    2113    -0.197    -0.209    -0.316    -0.791    -2.696    -1.775    -1.598    -3.130    -2.825    -1.971    -1.046    -0.271
     9.75    49.75    2114    -0.217    -0.219    -0.309    -1.471    -2.306    -1.077    -2.117    -1.547    -3.178    -2.179    -0.584    -0.305
     9.75    49.75    2115    -0.329    -0.308    -0.212    -0.764    -1.405    -2.762    -1.934    -0.648    -0.729    -1.493    -1.739    -0.548
     9.75    49.75    2116    -0.202    -0.203    -0.230    -0.459    -0.834    -2.631    -2.264    -2.290    -2.783    -2.367    -0.483    -0.213
     9.75    49.75    2117    -0.215    -0.253    -0.284    -0.377    -0.394    -1.327    -2.672    -1.409    -1.721    -2.651    -1.089    -0.365
     9.75    49.75    2118    -0.254    -0.230    -0.255    -0.492    -0.296    -0.911    -2.225    -2.972    -3.080    -2.725    -1.485    -0.449
     9.75    49.75    2119    -0.382    -0.356    -0.372    -1.256    -1.836    -1.543    -3.099    -2.920    -2.898    -2.204    -0.417    -0.245
     9.75    49.75    2120    -0.209    -0.199    -0.256    -0.510    -0.525    -1.617    -3.195    -2.936    -3.211    -3.147    -2.274    -0.483
     9.75    49.75    2121    -0.189    -0.229    -0.340    -0.563    -2.407    -1.916    -1.266    -3.293    -3.340    -2.513    -0.902    -0.229
     9.75    49.75    2122    -0.232    -0.220    -0.511    -0.829    -0.557    -0.983    -3.097    -3.094    -3.089    -2.686    -0.673    -0.500
     9.75    49.75    2123    -0.309    -0.287    -0.292    -0.639    -1.850    -3.070    -3.176    -2.113    -3.229    -2.149    -0.511    -0.217
     9.75    49.75    2124    -0.199    -0.232    -0.231    -0.415    -1.027    -1.259    -2.766    -2.688    -3.203    -1.390    -0.397    -0.207
     9.75    49.75    2125    -0.232    -0.195    -0.328    -0.857    -2.640    -3.002    -1.868    -1.612    -3.177    -2.174    -0.383    -0.185
     9.75    49.75    2126    -0.202    -0.218    -0.366    -0.615    -0.730    -0.513    -2.001    -2.189    -2.749    -2.904    -1.917    -0.316
     9.75    49.75    2127    -0.215    -0.208    -0.320    -0.859    -0.858    -2.781    -3.121    -2.634    -3.147    -2.369    -0.495    -0.216
     9.75    49.75    2128    -0.201    -0.220    -0.301    -0.712    -2.480    -2.928    -1.289    -1.406    -3.055    -2.635    -1.186    -0.341
     9.75    49.75    2129    -0.190    -0.201    -0.388    -0.350    -0.674    -2.126    -2.309    -1.118    -2.671    -3.071    -1.872    -0.404
     9.75    49.75    2130    -0.217    -0.202    -0.321    -0.757    -2.683    -2.531    -2.083    -2.021    -3.073    -2.518    -1.037    -0.189
    13.75    55.75    1980    -0.145    -0.146    -0.174    -0.311    -1.555    -2.345    -2.979    -3.126    -0.822    -0.188    -0.158    -0.158
    13.75    55.75    1981    -0.141    -0.156    -0.228    -0.395    -1.299    -2.333    -2.666    -3.298    -2.368    -0.568    -0.144    -0.142
    13.75    55.75    1982    -0.145    -0.149    -0.198    -0.331    -0.699    -1.136    -3.214    -2.957    -1.891    -0.287    -0.193    -0.142
    13.75    55.75    1983    -0.141    -0.141    -0.214    -0.398    -1.022    -1.594    -2.459    -3.289    -2.964    -1.072    -0.250    -0.141
    13.75    55.75    1984    -0.142    -0.160    -0.219    -0.329    -0.416    -1.039    -0.671    -0.367    -0.420    -0.287    -0.142    -0.142
    13.75    55.75    1985    -0.140    -0.142    -0.144    -0.164    -0.293    -0.556    -0.610    -0.259    -0.320    -0.152    -0.142    -0.141
    13.75    55.75    1986    -0.141    -0.142    -0.143    -0.145    -0.388    -1.501    -2.675    -0.576    -0.210    -0.152    -0.145    -0.141
    13.75    55.75    1987    -0.145    -0.145    -0.146    -0.171    -1.161    -1.086    -0.874    -2.840    -0.272    -0.170    -0.153    -0.142
    13.75    55.75    1988    -0.141    -0.153    -0.219    -0.440    -0.925    -2.605    -2.928    -2.484    -1.468    -0.752    -0.383    -0.160
    13.75    55.75    1989    -0.143    -0.145    -0.148    -0.252    -0.560    -2.364    -2.207    -2.376    -1.323    -0.297    -0.153    -0.146
    13.75    55.75    1990    -0.142    -0.161    -0.161    -0.197    -0.648    -0.385    -1.841    -1.573    -0.314    -0.356    -0.216    -0.143
    13.75    55.75    1991    -0.140    -0.141    -0.164    -0.361    -0.884    -3.094    -2.694    -0.299    -0.230    -0.179    -0.144    -0.141
    13.75    55.75    1992    -0.142    -0.155    -0.170    -0.297    -0.502    -0.654    -1.448    -3.179    -1.918    -1.234    -0.321    -0.142
    13.75    55.75    1993    -0.142    -0.140    -0.144    -0.349    -0.732    -1.452    -0.584    -0.481    -0.537    -0.349    -0.172    -0.181
    13.75    55.75    1994    -0.164    -0.150    -0.160    -0.358    -0.971    -1.044    -0.754    -0.367    -0.378    -0.182    -0.146    -0.143
    13.75    55.75    1995    -0.145    -0.145    -0.162    -0.315    -0.775    -0.974    -2.445    -2.965    -1.994    -0.399    -0.165    -0.143
    13.75    55.75    1996    -0.142    -0.153    -0.182    -0.273    -0.797    -2.266    -2.916    -1.419    -1.069    -0.245    -0.149    -0.144
    13.75    55.75    1997    -0.146    -0.149    -0.152    -0.245    -1.208    -1.869    -1.037    -0.969    -0.348    -0.247    -0.163    -0.144
    13.75    55.75    1998    -0.145    -0.170    -0.240    -0.514    -1.310    -0.680    -1.907    -2.877    -0.749    -0.583    -0.309    -0.181
    13.75    55.75    1999    -0.154    -0.155    -0.184    -0.343    -0.560    -2.258    -2.722    -2.214    -0.501    -0.173    -0.165    -0.143
    13.75    55.75    2000    -0.142    -0.153    -0.203    -0.534    -2.245    -2.597    -3.152    -3.181    -0.939    -0.342    -0.156    -0.144
    13.75    55.75    2001    -0.146    -0.148    -0.152    -0.233    -0.414    -0.540    -0.586    -0.355    -0.198    -0.204    -0.152    -0.141
    13.75    55.75    2002    -0.143    -0.143    -0.226    -0.273    -0.478    -2.766    -2.684    -1.091    -0.241    -0.194    -0.177    -0.147
    13.75    55.75    2003    -0.146    -0.148    -0.152    -0.224    -0.502    -2.084    -1.573    -0.700    -0.703    -0.157    -0.148    -0.142
    13.75    55.75    2004    -0.143    -0.149    -0.188    -0.330    -0.626    -0.633    -0.185    -0.600    -1.046    -0.950    -0.179    -0.145
    13.75    55.75    2005    -0.146    -0.160    -0.260    -0.487    -1.505    -0.552    -2.580    -3.024    -1.711    -0.469    -0.143    -0.142
    13.75    55.75    2006    -0.141    -0.142    -0.235    -0.340    -0.916    -2.312    -3.402    -1.678    -1.730    -0.416    -0.204    -0.147
    13.75    55.75    2007    -0.146    -0.147    -0.245    -0.358    -0.485    -0.371    -1.180    -2.312    -1.424    -0.639    -0.328    -0.147
    13.75    55.75    2008    -0.145    -0.150    -0.200    -0.456    -1.952    -1.033    -0.999    -1.970    -2.653    -0.375    -0.150    -0.142
    13.75    55.75    2009    -0.146    -0.151    -0.210    -0.356    -1.665    -3.161    -1.890    -1.614    -0.354    -0.180    -0.148    -0.142
    13.75    55.75    2010    -0.143    -0.153    -0.247    -0.414    -1.446    -2.188    -0.324    -0.585    -0.468    -0.193    -0.144    -0.144
    13.75    55.75    2011    -0.142    -0.153    -0.256    -0.301    -0.423    -0.349    -1.567    -3.176    -0.870    -0.331    -0.161    -0.144
    13.75    55.75    2012    -0.142    -0.144    -0.214    -0.387    -0.980    -3.159    -1.987    -1.867    -1.198    -0.219    -0.201    -0.142
    13.75    55.75    2013    -0.147    -0.170    -0.203    -0.519    -1.688    -1.758    -3.085    -2.964    -1.010    -0.170    -0.146    -0.142
    13.75    55.75    2014    -0.143    -0.158    -0.261    -0.397    -0.688    -0.260    -1.975    -2.595    -0.495    -0.464    -0.187    -0.144
    13.75    55.75    2015    -0.145    -0.143    -0.166    -0.231    -0.463    -0.532    -0.637    -1.755    -0.408    -0.277    -0.170    -0.141
    13.75    55.75    2016    -0.143    -0.175    -0.274    -0.520    -0.617    -1.409    -0.858    -0.465    -0.444    -0.331    -0.159    -0.142
    13.75    55.75    2017    -0.146    -0.161    -0.209    -0.414    -0.567    -0.462    -0.478    -0.225    -0.383    -0.353    -0.144    -0.146
    13.75    55.75    2018    -0.143    -0.150    -0.235    -0.430    -0.851    -2.970    -3.271    -3.374    -2.093    -0.629    -0.216    -0.143
    13.75    55.75    2019    -0.141    -0.147    -0.249    -0.559    -0.441    -1.885    -3.309    -1.263    -0.884    -0.532    -0.289    -0.143
    13.75    55.75    2020    -0.142    -0.145    -0.151    -0.221    -0.589    -1.003    -1.133    -2.932    -3.100    -0.613    -0.149    -0.141
    13.75    55.75    2021    -0.143    -0.144    -0.156    -0.198    -0.365    -1.792    -3.366    -3.446    -2.796    -0.642    -0.395    -0.185
    13.75    55.75    2022    -0.143    -0.143    -0.146    -0.302    -1.045    -2.320    -1.460    -1.435    -2.356    -1.367    -0.299    -0.178
    13.75    55.75    2023    -0.141    -0.147    -0.200    -0.282    -1.620    -3.166    -3.463    -3.212    -0.820    -0.472    -0.255    -0.146
    13.75    55.75    2024    -0.142    -0.141    -0.223    -0.398    -2.139    -3.052    -3.284    -2.588    -0.321    -0.264    -0.151    -0.143
    13.75    55.75    2025    -0.144    -0.142    -0.147    -0.276    -0.518    -0.288    -0.911    -1.512    -0.503    -0.152    -0.142    -0.140
    13.75    55.75    2026    -0.142    -0.160    -0.196    -0.381    -1.913    -1.497    -1.379    -2.876    -1.086    -0.351    -0.175    -0.141
    13.75    55.75    2027    -0.142    -0.155    -0.159    -0.334    -1.562    -0.768    -0.589    -0.657    -0.245    -0.299    -0.155    -0.148
    13.75    55.75    2028    -0.141    -0.142    -0.146    -0.256    -1.205    -1.630    -3.142    -1.132    -0.588    -0.385    -0.175    -0.142
    13.75    55.75    2029    -0.143    -0.150    -0.167    -0.453    -1.860    -1.831    -3.062    -1.533    -0.235    -0.155    -0.145    -0.141
    13.75    55.75    2030    -0.146    -0.149    -0.154    -0.233    -1.287    -3.250    -3.438    -1.095    -1.972    -0.262    -0.143    -0.145
    13.75    55.75    2031    -0.142    -0.165    -0.259    -0.400    -1.908    -0.526    -0.494    -0.457    -0.247    -0.210    -0.158    -0.165
    13.75    55.75    2032    -0.149    -0.150    -0.214    -0.339    -0.770    -1.828    -1.522    -0.527    -0.994    -1.022    -0.248    -0.145
    13.75    55.75    2033    -0.143    -0.155    -0.182    -0.450    -1.961    -3.101    -3.053    -2.078    -1.762    -0.446    -0.235    -0.152
    13.75    55.75    2034    -0.145    -0.160    -0.247    -0.379    -1.084    -1.862    -0.488    -2.420    -0.655    -0.298    -0.208    -0.147
    13.75    55.75    2035    -0.148    -0.154    -0.303    -0.684    -0.816    -2.248    -1.775    -2.459    -2.767    -0.818    -0.173    -0.151
    13.75    55.75    2036    -0.160    -0.156    -0.178    -0.375    -1.060    -0.460    -0.526    -0.564    -0.405    -0.162    -0.145    -0.144
    13.75    55.75    2037    -0.148    -0.165    -0.209    -0.359    -0.788    -0.858    -0.464    -1.223    -2.569    -1.499    -0.182    -0.144
    13.75    55.75    2038    -0.151    -0.164    -0.182    -0.255    -0.645    -0.684    -2.930    -3.098    -1.726    -0.742    -0.469    -0.236
    13.75    55.75    2039    -0.148    -0.157    -0.329    -1.125    -1.393    -1.948    -2.501    -0.610    -0.308    -0.202    -0.189    -0.164
    13.75    55.75    2040    -0.163    -0.152    -0.225    -0.598    -2.017    -2.334    -1.606    -2.525    -1.857    -1.409    -0.514    -0.229
    13.75    55.75    2041    -0.145    -0.171    -0.321    -0.394    -0.926    -2.619    -3.316    -3.234    -1.922    -0.443    -0.157    -0.145
    13.75    55.75    2042    -0.145    -0.149    -0.156    -0.215    -0.444    -1.815    -2.830    -3.321    -2.429    -0.373    -0.200    -0.145
    13.75    55.75    2043    -0.151    -0.158    -0.303    -0.613    -1.054    -2.643    -3.337    -2.719    -3.257    -0.430    -0.249    -0.145
    13.75    55.75    2044    -0.145    -0.149    -0.245    -0.383    -2.083    -3.389    -2.513    -1.617    -1.142    -0.459    -0.147    -0.145
    13.75    55.75    2045    -0.146    -0.161    -0.272    -0.645    -2.516    -1.195    -0.902    -0.671    -0.364    -0.250    -0.155    -0.146
    13.75    55.75    2046    -0.161    -0.164    -0.207    -0.294    -1.103    -2.584    -0.738    -0.328    -0.597    -0.365    -0.155    -0.152
    13.75    55.75    2047    -0.154    -0.158    -0.175    -0.517    -2.009    -1.428    -1.675    -3.039    -2.981    -1.639    -0.173    -0.154
    13.75    55.75    2048    -0.154    -0.168    -0.210    -0.293    -1.091    -3.157    -0.865    -0.475    -0.477    -0.172    -0.153    -0.153
    13.75    55.75    2049    -0.162    -0.173    -0.164    -0.247    -0.550    -0.347    -1.525    -2.166    -1.602    -0.325    -0.185    -0.156
    13.75    55.75    2050    -0.161    -0.177    -0.223    -0.536    -1.256    -0.629    -1.690    -1.611    -1.334    -0.730    -0.170    -0.156
    13.75    55.75    2051    -0.163    -0.162    -0.215    -0.345    -1.351    -2.519    -1.579    -1.232    -0.786    -0.456    -0.225    -0.200
    13.75    55.75    2052    -0.189    -0.182    -0.181    -0.404    -0.665    -1.639    -2.507    -3.090    -2.922    -1.204    -0.191    -0.159
    13.75    55.75    2053    -0.161    -0.177    -0.215    -0.259    -0.961    -1.277    -1.513    -0.397    -0.651    -0.964    -0.296    -0.155
    13.75    55.75    2054    -0.162    -0.173    -0.202    -0.384    -0.505    -2.179    -3.299    -2.887    -1.112    -0.234    -0.162    -0.159
    13.75    55.75    2055    -0.164    -0.162    -0.201    -0.264    -0.816    -1.464    -1.822    -1.427    -2.397    -1.521    -0.287    -0.158
    13.75    55.75    2056    -0.161    -0.170    -0.242    -0.338    -0.605    -2.021    -2.057    -1.698    -1.133    -0.848    -0.536    -0.225
    13.75    55.75    2057    -0.162    -0.168    -0.192    -0.627    -2.753    -2.839    -2.686    -1.498    -1.706    -1.481    -0.190    -0.161
    13.75    55.75    2058    -0.165    -0.162    -0.284    -0.442    -1.472    -1.693    -3.181    -2.941    -1.629    -0.694    -0.166    -0.160
    13.75    55.75    2059    -0.161    -0.162    -0.219    -0.418    -1.249    -1.511    -2.418    -2.156    -0.527    -0.303    -0.184    -0.156
    13.75    55.75    2060    -0.162    -0.187    -0.242    -0.331    -1.514    -2.497    -2.788    -0.648    -1.406    -0.537    -0.220    -0.162
    13.75    55.75    2061    -0.166    -0.190    -0.322    -0.333    -0.351    -1.091    -0.998    -1.438    -1.234    -0.858    -0.196    -0.165
    13.75    55.75    2062    -0.172    -0.221    -0.398    -0.831    -1.551    -1.394    -1.732    -0.831    -0.685    -0.188    -0.196    -0.173
    13.75    55.75    2063    -0.176    -0.194    -0.217    -0.425    -2.257    -2.187    -1.214    -0.344    -0.346    -0.566    -0.447    -0.221
    13.75    55.75    2064    -0.201    -0.188    -0.227    -0.449    -1.174    -2.512    -2.166    -2.029    -2.069    -1.753    -0.634    -0.192
    13.75    55.75    2065    -0.179    -0.211    -0.242    -0.428    -1.605    -3.308    -3.271    -2.310    -2.998    -1.011    -0.394    -0.194
    13.75    55.75    2066    -0.163    -0.167    -0.197    -0.484    -1.395    -1.296    -0.489    -0.584    -0.759    -0.239    -0.182    -0.164
    13.75    55.75    2067    -0.178    -0.194    -0.216    -0.352    -1.185    -1.486    -1.739    -2.247    -1.385    -0.566    -0.181    -0.179
    13.75    55.75    2068    -0.181    -0.190    -0.211    -0.289    -1.193    -1.479    -0.523    -1.534    -2.271    -0.986    -0.318    -0.178
    13.75    55.75    2069    -0.183    -0.183    -0.255    -0.528    -2.183    -3.175    -3.186    -3.006    -0.743    -0.231    -0.198    -0.183
    13.75    55.75    2070    -0.177    -0.207    -0.345    -0.780    -2.553    -3.291    -2.913    -2.463    -2.146    -0.951    -0.396    -0.193
    13.75    55.75    2071    -0.171    -0.178    -0.267    -0.414    -1.095    -2.714    -1.331    -2.409    -2.192    -0.768    -0.220    -0.169
    13.75    55.75    2072    -0.173    -0.202    -0.262    -0.554    -1.725    -2.724    -2.888    -1.636    -1.049    -0.689    -0.408    -0.183
    13.75    55.75    2073    -0.178    -0.191    -0.313    -1.214    -2.358    -3.219    -3.329    -2.446    -1.609    -1.738    -0.827    -0.196
    13.75    55.75    2074    -0.169    -0.173    -0.254    -0.385    -1.143    -2.602    -1.065    -1.758    -2.222    -1.643    -0.535    -0.194
    13.75    55.75    2075    -0.182    -0.214    -0.294    -0.417    -0.888    -1.566    -2.257    -2.565    -1.814    -0.259    -0.184    -0.180
    13.75    55.75    2076    -0.186    -0.190    -0.195    -0.246    -1.001    -2.839    -3.259    -2.975    -1.533    -1.133    -0.405    -0.184
    13.75    55.75    2077    -0.181    -0.196    -0.296    -0.685    -1.792    -3.097    -0.998    -0.830    -1.286    -0.715    -0.189    -0.181
    13.75    55.75    2078    -0.189    -0.212    -0.333    -0.506    -1.594    -2.082    -2.162    -2.840    -2.558    -1.275    -0.269    -0.189
    13.75    55.75    2079    -0.190    -0.221    -0.301    -1.054    -2.262    -1.253    -3.054    -2.623    -1.144    -0.203    -0.205    -0.190
    13.75    55.75    2080    -0.188    -0.211    -0.293    -0.552    -0.843    -1.100    -3.129    -2.651    -2.580    -2.830    -1.043    -0.188
    13.75    55.75    2081    -0.176    -0.194    -0.275    -0.428    -2.010    -1.688    -2.236    -3.058    -2.374    -1.359    -0.315    -0.172
    13.75    55.75    2082    -0.181    -0.212    -0.374    -0.888    -2.917    -2.410    -1.780    -0.550    -0.509    -0.354    -0.179    -0.176
    13.75    55.75    2083    -0.198    -0.203    -0.256    -0.714    -1.974    -3.205    -2.454    -1.901    -1.108    -0.422    -0.369    -0.248
    13.75    55.75    2084    -0.196    -0.197    -0.310    -0.594    -1.191    -1.036    -0.432    -1.847    -2.814    -1.510    -0.260    -0.199
    13.75    55.75    2085    -0.204    -0.204    -0.213    -0.396    -1.955    -1.770    -2.523    -0.959    -1.205    -0.350    -0.285    -0.212
    13.75    55.75    2086    -0.207    -0.228    -0.393    -0.723    -1.305    -3.032    -2.475    -1.000    -0.518    -0.334    -0.244    -0.205
    13.75    55.75    2087    -0.217    -0.257    -0.317    -0.349    -0.549    -0.991    -2.603    -2.473    -0.661    -0.405    -0.368    -0.211
    13.75    55.75    2088    -0.220    -0.256    -0.356    -0.393    -0.677    -2.738    -3.313    -3.014    -1.923    -1.682    -0.423    -0.217
    13.75    55.75    2089    -0.212    -0.254    -0.316    -0.771    -2.638    -0.987    -0.854    -1.714    -1.753    -0.971    -0.290    -0.206
    13.75    55.75    2090    -0.218    -0.232    -0.312    -0.574    -0.675    -1.700    -1.084    -2.524    -2.325    -1.689    -0.581    -0.238
    13.75    55.75    2091    -0.210    -0.226    -0.288    -0.538    -2.274    -2.834    -1.251    -1.140    -2.053    -0.504    -0.215    -0.208
    13.75    55.75    2092    -0.215    -0.218    -0.419    -0.642    -1.880    -3.206    -3.211    -3.282    -1.953    -1.378    -0.615    -0.292
    13.75    55.75    2093    -0.218    -0.221    -0.272    -0.279    -0.599    -2.946    -2.983    -3.126    -2.316    -0.986    -0.333    -0.188
    13.75    55.75    2094    -0.192    -0.205    -0.246    -0.397    -1.751    -1.101    -0.705    -1.737    -0.944    -0.861    -0.187    -0.184
    13.75    55.75    2095    -0.218    -0.212    -0.330    -0.541    -2.222    -3.202    -3.279    -3.337    -2.937    -0.827    -0.220    -0.205
    13.75    55.75    2096    -0.187    -0.195    -0.347    -0.316    -0.709    -0.355    -0.857    -0.643    -0.269    -0.203    -0.178    -0.177
    13.75    55.75    2097    -0.208    -0.223    -0.327    -0.430    -1.178    -2.626    -3.084    -2.358    -2.607    -0.478    -0.217    -0.204
    13.75    55.75    2098    -0.208    -0.217    -0.262    -0.525    -1.951    -3.105    -2.465    -1.260    -0.297    -0.322    -0.306    -0.242
    13.75    55.75    2099    -0.220    -0.248    -0.406    -0.644    -1.479    -2.991    -3.252    -2.915    -3.117    -1.591    -0.447    -0.219
    13.75    55.75    2100    -0.197    -0.207    -0.306    -0.329    -1.429    -2.543    -3.248    -3.036    -1.679    -1.154    -0.294    -0.194
    13.75    55.75    2101    -0.204    -0.209    -0.335    -0.428    -0.994    -2.985    -2.118    -3.016    -2.534    -1.207    -0.249    -0.200
    13.75    55.75    2102    -0.205    -0.241    -0.348    -0.627    -2.195    -2.824    -3.068    -1.682    -2.160    -1.809    -0.424    -0.205
    13.75    55.75    2103    -0.218    -0.225    -0.315    -1.244    -2.560    -3.297    -3.366    -3.145    -1.747    -2.224    -0.519    -0.224
    13.75    55.75    2104    -0.191    -0.201    -0.242    -0.385    -1.366    -3.264    -0.499    -1.865    -2.904    -1.142    -0.574    -0.218
    13.75    55.75    2105    -0.221    -0.236    -0.374    -0.457    -1.285    -1.671    -2.096    -3.075    -2.042    -0.762    -0.220    -0.221
    13.75    55.75    2106    -0.224    -0.241    -0.256    -0.312    -0.970    -3.085    -3.312    -3.125    -2.463    -1.891    -0.581    -0.225
    13.75    55.75    2107    -0.215    -0.225    -0.341    -0.768    -1.561    -3.297    -1.382    -0.974    -1.749    -1.102    -0.218    -0.213
    13.75    55.75    2108    -0.230    -0.260    -0.362    -0.577    -2.087    -1.701    -2.793    -3.166    -2.679    -1.400    -0.327    -0.229
    13.75    55.75    2109    -0.225    -0.243    -0.355    -1.181    -2.427    -1.749    -2.922    -3.193    -0.824    -0.248    -0.235    -0.228
    13.75    55.75    2110    -0.217    -0.239    -0.380    -0.550    -0.770    -1.842    -2.936    -2.789    -2.763    -2.880    -0.932    -0.226
    13.75    55.75    2111    -0.205    -0.259    -0.319    -0.495    -1.708    -1.121    -3.052    -3.130    -1.833    -2.413    -0.609    -0.200
    13.75    55.75    2112    -0.209    -0.256    -0.396    -1.187    -3.133    -2.930    -1.149    -0.904    -1.519    -0.322    -0.204    -0.201
    13.75    55.75    2113    -0.230    -0.240    -0.304    -0.830    -2.739    -3.261    -2.763    -2.227    -2.357    -0.250    -0.246    -0.231
    13.75    55.75    2114    -0.219    -0.214    -0.366    -0.817    -1.471    -0.518    -0.537    -2.525    -3.153    -1.262    -0.300    -0.217
    13.75    55.75    2115    -0.239    -0.239    -0.249    -0.428    -1.986    -2.308    -2.559    -1.306    -0.432    -0.347    -0.309    -0.245
    13.75    55.75    2116    -0.240    -0.278    -0.470    -0.697    -1.297    -3.154    -2.681    -1.145    -0.650    -1.013    -0.270    -0.243
    13.75    55.75    2117    -0.257    -0.279    -0.355    -0.425    -0.673    -0.988    -2.381    -2.462    -1.263    -0.441    -0.374    -0.249
    13.75    55.75    2118    -0.261    -0.312    -0.409    -0.519    -0.864    -2.837    -3.353    -3.166    -2.421    -2.428    -0.742    -0.290
    13.75    55.75    2119    -0.249    -0.302    -0.356    -0.870    -2.802    -1.500    -1.620    -1.269    -2.510    -1.540    -0.416    -0.274
    13.75    55.75    2120    -0.252    -0.298    -0.350    -0.694    -1.026    -1.310    -1.844    -3.027    -3.066    -1.669    -0.613    -0.245
    13.75    55.75    2121    -0.247    -0.261    -0.318    -0.617    -2.128    -3.136    -1.315    -1.506    -2.668    -0.594    -0.249    -0.244
    13.75    55.75    2122    -0.250    -0.252    -0.475    -0.904    -2.121    -3.247    -3.244    -3.319    -2.804    -1.327    -0.521    -0.322
    13.75    55.75    2123    -0.232    -0.278    -0.325    -0.303    -0.796    -2.922    -2.909    -3.244    -2.738    -0.925    -0.248    -0.212
    13.75    55.75    2124    -0.208    -0.219    -0.246    -0.415    -1.812    -0.882    -0.910    -2.019    -1.062    -0.818    -0.233    -0.205
    13.75    55.75    2125    -0.242    -0.249    -0.404    -0.602    -2.185    -3.243    -3.259    -3.328    -2.977    -1.603    -0.303    -0.231
    13.75    55.75    2126    -0.206    -0.227    -0.388    -0.457    -0.668    -0.465    -0.748    -0.417    -0.280    -0.220    -0.201    -0.195
    13.75    55.75    2127    -0.230    -0.257    -0.313    -0.588    -1.237    -2.799    -2.808    -2.627    -2.078    -1.836    -0.361    -0.228
    13.75    55.75    2128    -0.239    -0.255    -0.324    -0.664    -1.202    -3.041    -2.862    -1.191    -0.466    -0.572    -0.427    -0.271
    13.75    55.75    2129    -0.256    -0.291    -0.449    -0.642    -2.036    -3.144    -3.293    -2.961    -3.228    -1.953    -0.553    -0.252
    13.75    55.75    2130    -0.220    -0.233    -0.287    -0.417    -1.255    -2.682    -3.233    -3.282    -2.446    -0.486    -0.250    -0.215
    23.75    61.75    1980    -0.191    -0.191    -0.194    -0.204    -0.331    -0.806    -0.949    -1.643    -0.416    -0.232    -0.192    -0.190
    23.75    61.75    1981    -0.191    -0.191    -0.194    -0.278    -0.502    -1.304    -1.592    -0.746    -0.459    -0.257    -0.201    -0.201
    23.75    61.75    1982    -0.202    -0.202    -0.204    -0.209    -0.240    -0.751    -2.262    -1.564    -0.645    -0.245    -0.193    -0.192
    23.75    61.75    1983    -0.191    -0.191    -0.194    -0.195    -0.596    -1.518    -2.161    -2.465    -2.332    -0.661    -0.363    -0.363
    23.75    61.75    1984    -0.364    -0.364    -0.369    -0.375    -0.272    -1.208    -0.429    -0.339    -0.263    -0.206    -0.199    -0.196
    23.75    61.75    1985    -0.196    -0.197    -0.198    -0.202    -0.285    -0.678    -0.857    -0.457    -0.394    -0.297    -0.297    -0.297
    23.75    61.75    1986    -0.297    -0.297    -0.301    -0.295    -0.285    -0.718    -0.840    -1.274    -0.613    -0.344    -0.279    -0.279
    23.75    61.75    1987    -0.279    -0.280    -0.283    -0.262    -0.467    -0.767    -0.488    -0.917    -0.642    -0.295    -0.292    -0.292
    23.75    61.75    1988    -0.294    -0.294    -0.246    -0.215    -0.576    -0.787    -1.496    -1.348    -0.218    -0.207    -0.199    -0.195
    23.75    61.75    1989    -0.194    -0.194    -0.193    -0.202    -0.402    -1.717    -1.169    -1.824    -0.480    -0.296    -0.234    -0.234
    23.75    61.75    1990    -0.235    -0.235    -0.237    -0.238    -0.364    -0.882    -1.475    -0.356    -0.264    -0.219    -0.200    -0.195
    23.75    61.75    1991    -0.195    -0.196    -0.199    -0.203    -0.341    -1.144    -1.535    -1.616    -0.461    -0.241    -0.199    -0.200
    23.75    61.75    1992    -0.200    -0.200    -0.203    -0.206    -0.475    -1.116    -0.509    -0.306    -0.394    -0.345    -0.367    -0.367
    23.75    61.75    1993    -0.367    -0.367    -0.372    -0.231    -0.616    -2.660    -1.582    -0.518    -0.299    -0.224    -0.206    -0.206
    23.75    61.75    1994    -0.206    -0.201    -0.199    -0.197    -0.389    -0.752    -1.616    -0.814    -0.320    -0.238    -0.193    -0.195
    23.75    61.75    1995    -0.195    -0.195    -0.197    -0.206    -0.334    -0.778    -0.646    -0.851    -0.809    -0.328    -0.195    -0.194
    23.75    61.75    1996    -0.195    -0.195    -0.197    -0.198    -0.354    -2.074    -2.748    -0.351    -0.437    -0.330    -0.236    -0.218
    23.75    61.75    1997    -0.217    -0.218    -0.220    -0.207    -0.319    -1.910    -1.751    -0.581    -0.306    -0.242    -0.193    -0.191
    23.75    61.75    1998    -0.192    -0.195    -0.197    -0.199    -0.355    -0.767    -0.707    -0.604    -0.449    -0.267    -0.216    -0.191
    23.75    61.75    1999    -0.191    -0.191    -0.193    -0.256    -0.372    -0.811    -0.622    -0.467    -0.420    -0.292    -0.191    -0.191
    23.75    61.75    2000    -0.192    -0.192    -0.194    -0.224    -0.576    -1.839    -1.137    -0.412    -0.415    -0.306    -0.193    -0.191
    23.75    61.75    2001    -0.191    -0.191    -0.192    -0.199    -0.538    -2.324    -2.888    -0.333    -0.399    -0.359    -0.358    -0.358
    23.75    61.75    2002    -0.358    -0.358    -0.292    -0.243    -0.268    -0.465    -0.768    -0.833    -0.369    -0.498    -0.337    -0.217
    23.75    61.75    2003    -0.217    -0.218    -0.217    -0.227    -0.275    -0.867    -1.968    -1.730    -0.518    -0.219    -0.198    -0.199
    23.75    61.75    2004    -0.199    -0.199    -0.202    -0.194    -0.658    -1.154    -1.482    -0.318    -0.406    -0.236    -0.191    -0.191
    23.75    61.75    2005    -0.191    -0.191    -0.193    -0.240    -0.743    -0.623    -0.753    -0.579    -0.643    -0.341    -0.358    -0.359
    23.75    61.75    2006    -0.360    -0.360    -0.329    -0.226    -0.457    -2.001    -2.825    -1.955    -0.410    -0.287    -0.203    -0.197
    23.75    61.75    2007    -0.197    -0.198    -0.198    -0.202    -0.458    -0.907    -0.880    -1.492    -0.705    -0.263    -0.205    -0.192
    23.75    61.75    2008    -0.191    -0.191    -0.216    -0.404    -0.849    -1.448    -0.452    -0.504    -0.333    -0.201    -0.196    -0.193
    23.75    61.75    2009    -0.193    -0.193    -0.199    -0.217    -0.471    -2.081    -0.798    -0.264    -0.320    -0.214    -0.193    -0.194
    23.75    61.75    2010    -0.193    -0.193    -0.193    -0.198    -0.745    -1.245    -0.439    -0.301    -0.320    -0.227    -0.192    -0.191
    23.75    61.75    2011    -0.191    -0.192    -0.194    -0.204    -0.384    -0.960    -1.073    -0.758    -0.632    -0.261    -0.191    -0.191
    23.75    61.75    2012    -0.191    -0.191    -0.204    -0.440    -2.009    -2.924    -1.484    -2.448    -1.246    -0.437    -0.282    -0.201
    23.75    61.75    2013    -0.193    -0.191    -0.196    -0.266    -0.899    -0.749    -0.701    -0.810    -0.417    -0.267    -0.242    -0.242
    23.75    61.75    2014    -0.242    -0.242    -0.205    -0.309    -0.935    -0.781    -1.537    -0.596    -0.338    -0.210    -0.224    -0.225
    23.75    61.75    2015    -0.225    -0.225    -0.226    -0.237    -0.270    -0.989    -0.878    -1.701    -1.236    -0.578    -0.324    -0.259
    23.75    61.75    2016    -0.240    -0.211    -0.200    -0.336    -0.760    -0.997    -0.498    -0.427    -0.363    -0.215    -0.207    -0.207
    23.75    61.75    2017    -0.198    -0.192    -0.198    -0.224    -0.400    -1.892    -1.685    -0.529    -0.576    -0.340    -0.278    -0.279
    23.75    61.75    2018    -0.278    -0.278    -0.233    -0.323    -0.709    -0.545    -1.025    -0.679    -0.504    -0.305    -0.197    -0.194
    23.75    61.75    2019    -0.196    -0.196    -0.195    -0.216    -0.692    -1.501    -1.063    -0.655    -0.305    -0.208    -0.196    -0.193
    23.75    61.75    2020    -0.193    -0.194    -0.196    -0.200    -0.367    -0.817    -0.525    -0.461    -0.374    -0.335    -0.252    -0.198
    23.75    61.75    2021    -0.200    -0.200    -0.203    -0.205    -0.526    -1.287    -1.440    -2.057    -0.520    -0.357    -0.218    -0.195
    23.75    61.75    2022    -0.194    -0.194    -0.195    -0.203    -0.560    -2.110    -1.993    -0.762    -0.582    -0.402    -0.243    -0.198
    23.75    61.75    2023    -0.195    -0.196    -0.198    -0.238    -0.697    -1.951    -1.537    -1.389    -0.622    -0.345    -0.268    -0.194
    23.75    61.75    2024    -0.194    -0.194    -0.196    -0.211    -0.827    -2.082    -2.672    -2.752    -0.803    -0.363    -0.255    -0.214
    23.75    61.75    2025    -0.214    -0.214    -0.216    -0.220    -0.341    -0.594    -1.834    -0.645    -0.496    -0.288    -0.217    -0.198
    23.75    61.75    2026    -0.198    -0.198    -0.199    -0.392    -2.199    -0.668    -0.896    -0.590    -0.443    -0.212    -0.197    -0.195
    23.75    61.75    2027    -0.198    -0.198    -0.199    -0.242    -0.543    -1.130    -1.320    -0.294    -0.220    -0.253    -0.241    -0.234
    23.75    61.75    2028    -0.237    -0.238    -0.240    -0.235    -1.068    -2.903    -1.041    -0.559    -0.565    -0.527    -0.206    -0.202
    23.75    61.75    2029    -0.204    -0.208    -0.213    -0.411    -1.454    -2.481    -2.020    -0.467    -0.270    -0.235    -0.211    -0.202
    23.75    61.75    2030    -0.205    -0.205    -0.207    -0.251    -0.839    -2.752    -2.269    -1.188    -1.182    -0.858    -0.747    -0.748
    23.75    61.75    2031    -0.747    -0.686    -0.230    -0.415    -0.965    -1.787    -0.568    -0.465    -0.410    -0.306    -0.229    -0.222
    23.75    61.75    2032    -0.228    -0.218    -0.215    -0.266    -1.083    -0.704    -0.554    -1.269    -0.848    -0.552    -0.363    -0.232
    23.75    61.75    2033    -0.211    -0.214    -0.220    -0.286    -1.278    -2.811    -1.444    -1.126    -0.587    -0.522    -0.389    -0.339
    23.75    61.75    2034    -0.216    -0.208    -0.212    -0.358    -0.647    -0.744    -0.568    -0.526    -0.266    -0.234    -0.222    -0.209
    23.75    61.75    2035    -0.215    -0.215    -0.219    -0.247    -0.873    -2.190    -0.987    -2.060    -1.138    -0.314    -0.247    -0.216
    23.75    61.75    2036    -0.214    -0.214    -0.216    -0.233    -0.560    -1.265    -0.676    -1.353    -1.161    -0.531    -0.223    -0.222
    23.75    61.75    2037    -0.217    -0.230    -0.242    -0.477    -0.941    -0.679    -0.757    -0.972    -0.634    -0.380    -0.282    -0.283
    23.75    61.75    2038    -0.255    -0.226    -0.267    -0.475    -0.525    -1.663    -2.257    -2.152    -0.824    -0.294    -0.233    -0.224
    23.75    61.75    2039    -0.218    -0.218    -0.261    -0.479    -1.104    -2.399    -1.317    -0.402    -0.255    -0.232    -0.221    -0.219
    23.75    61.75    2040    -0.225    -0.226    -0.231    -0.299    -0.827    -1.345    -0.766    -1.073    -1.967    -0.823    -0.330    -0.258
    23.75    61.75    2041    -0.256    -0.257    -0.239    -0.431    -2.269    -2.499    -1.029    -1.005    -1.647    -0.743    -0.312    -0.235
    23.75    61.75    2042    -0.222    -0.223    -0.225    -0.243    -0.795    -1.988    -1.520    -0.833    -0.689    -0.386    -0.225    -0.221
    23.75    61.75    2043    -0.224    -0.229    -0.314    -0.872    -1.227    -1.340    -2.568    -1.639    -0.789    -0.526    -0.231    -0.224
    23.75    61.75    2044    -0.227    -0.227    -0.237    -0.279    -0.825    -2.821    -3.053    -0.509    -0.363    -0.250    -0.228    -0.227
    23.75    61.75    2045    -0.226    -0.228    -0.231    -0.387    -1.031    -1.694    -1.202    -0.600    -0.536    -0.324    -0.294    -0.295
    23.75    61.75    2046    -0.307    -0.307    -0.307    -0.296    -0.683    -1.684    -0.956    -1.288    -0.283    -0.329    -0.300    -0.245
    23.75    61.75    2047    -0.235    -0.235    -0.236    -0.540    -1.534    -2.017    -0.855    -1.641    -1.994    -0.695    -0.343    -0.233
    23.75    61.75    2048    -0.230    -0.233    -0.281    -0.498    -1.641    -2.737    -0.859    -0.883    -1.051    -0.652    -0.275    -0.276
    23.75    61.75    2049    -0.278    -0.279    -0.283    -0.281    -0.592    -1.552    -1.241    -0.378    -0.327    -0.253    -0.240    -0.234
    23.75    61.75    2050    -0.235    -0.239    -0.293    -0.571    -0.768    -2.336    -2.487    -0.407    -0.365    -0.300    -0.248    -0.249
    23.75    61.75    2051    -0.251    -0.252    -0.251    -0.262    -0.771    -2.179    -1.018    -0.330    -0.330    -0.252    -0.257    -0.245
    23.75    61.75    2052    -0.248    -0.248    -0.246    -0.392    -0.383    -1.458    -1.510    -0.767    -0.988    -0.850    -0.460    -0.379
    23.75    61.75    2053    -0.382    -0.312    -0.256    -0.490    -0.635    -0.625    -1.335    -1.072    -1.448    -0.621    -0.286    -0.255
    23.75    61.75    2054    -0.248    -0.245    -0.248    -0.436    -1.115    -1.047    -1.533    -1.679    -0.609    -0.341    -0.272    -0.246
    23.75    61.75    2055    -0.241    -0.242    -0.243    -0.260    -0.497    -1.182    -0.927    -0.707    -0.301    -0.279    -0.247    -0.242
    23.75    61.75    2056    -0.245    -0.254    -0.314    -0.540    -0.859    -2.369    -3.219    -1.727    -1.226    -1.076    -0.564    -0.381
    23.75    61.75    2057    -0.277    -0.238    -0.247    -0.549    -1.667    -2.595    -0.737    -0.604    -0.528    -0.292    -0.241    -0.240
    23.75    61.75    2058    -0.241    -0.242    -0.245    -0.295    -1.385    -2.222    -1.296    -1.691    -1.007    -0.449    -0.408    -0.241
    23.75    61.75    2059    -0.241    -0.241    -0.242    -0.285    -1.107    -2.300    -1.703    -1.316    -0.541    -0.332    -0.243    -0.243
    23.75    61.75    2060    -0.245    -0.246    -0.244    -0.351    -0.784    -1.860    -2.153    -0.342    -0.409    -0.313    -0.258    -0.243
    23.75    61.75    2061    -0.248    -0.249    -0.314    -0.441    -0.555    -1.000    -0.409    -1.364    -1.104    -0.400    -0.269    -0.253
    23.75    61.75    2062    -0.258    -0.270    -0.372    -1.135    -2.232    -1.706    -3.234    -2.895    -1.467    -0.350    -0.263    -0.256
    23.75    61.75    2063    -0.245    -0.247    -0.257    -0.655    -1.919    -2.141    -2.588    -1.116    -0.660    -0.745    -0.756    -0.743
    23.75    61.75    2064    -0.751    -0.749    -0.581    -0.334    -0.576    -1.990    -3.007    -2.069    -1.350    -0.916    -0.322    -0.265
    23.75    61.75    2065    -0.263    -0.272    -0.333    -0.613    -1.783    -2.883    -2.716    -1.109    -0.734    -0.474    -0.248    -0.247
    23.75    61.75    2066    -0.244    -0.244    -0.251    -0.349    -0.606    -0.760    -1.310    -0.476    -0.442    -0.327    -0.247    -0.243
    23.75    61.75    2067    -0.250    -0.259    -0.258    -0.434    -0.914    -2.254    -1.542    -1.069    -0.465    -0.276    -0.254    -0.250
    23.75    61.75    2068    -0.252    -0.264    -0.297    -0.306    -0.672    -1.616    -2.763    -1.542    -0.985    -0.344    -0.254    -0.254
    23.75    61.75    2069    -0.254    -0.255    -0.256    -0.353    -0.659    -1.181    -2.497    -1.488    -0.906    -0.618    -0.296    -0.251
    23.75    61.75    2070    -0.263    -0.274    -0.328    -0.711    -2.238    -2.035    -2.597    -1.324    -0.540    -0.447    -0.271    -0.263
    23.75    61.75    2071    -0.259    -0.267    -0.313    -0.553    -2.317    -2.232    -0.822    -0.800    -0.990    -0.342    -0.266    -0.259
    23.75    61.75    2072    -0.267    -0.267    -0.270    -0.368    -1.056    -2.700    -0.615    -0.358    -0.388    -0.280    -0.267    -0.268
    23.75    61.75    2073    -0.270    -0.276    -0.376    -1.321    -2.961    -3.191    -2.246    -1.931    -1.263    -0.406    -0.296    -0.274
    23.75    61.75    2074    -0.268    -0.270    -0.279    -0.594    -1.465    -2.567    -1.702    -1.897    -1.125    -0.438    -0.312    -0.311
    23.75    61.75    2075    -0.290    -0.274    -0.308    -0.749    -2.795    -1.099    -0.963    -0.348    -0.354    -0.384    -0.330    -0.330
    23.75    61.75    2076    -0.343    -0.343    -0.320    -0.329    -0.515    -1.211    -1.490    -1.453    -2.079    -0.993    -0.367    -0.357
    23.75    61.75    2077    -0.346    -0.346    -0.340    -0.295    -1.317    -2.521    -0.603    -1.046    -0.502    -0.311    -0.272    -0.274
    23.75    61.75    2078    -0.280    -0.278    -0.345    -1.072    -3.035    -0.640    -1.136    -1.001    -0.406    -0.324    -0.277    -0.275
    23.75    61.75    2079    -0.295    -0.295    -0.327    -0.734    -1.640    -2.730    -1.930    -1.263    -1.496    -0.692    -0.308    -0.295
    23.75    61.75    2080    -0.279    -0.282    -0.411    -0.574    -0.785    -0.727    -2.335    -1.810    -0.553    -0.713    -0.336    -0.279
    23.75    61.75    2081    -0.282    -0.283    -0.291    -0.513    -1.849    -2.778    -2.144    -2.109    -2.271    -1.105    -0.444    -0.435
    23.75    61.75    2082    -0.336    -0.283    -0.362    -0.972    -2.073    -3.045    -1.793    -1.043    -0.405    -0.336    -0.287    -0.286
    23.75    61.75    2083    -0.284    -0.285    -0.290    -0.416    -1.734    -2.626    -0.593    -1.609    -1.114    -0.470    -0.293    -0.281
    23.75    61.75    2084    -0.288    -0.288    -0.313    -0.567    -0.915    -1.955    -2.974    -2.578    -0.492    -0.693    -0.303    -0.288
    23.75    61.75    2085    -0.301    -0.301    -0.305    -0.358    -1.193    -3.022    -3.310    -1.830    -1.325    -0.857    -0.531    -0.318
    23.75    61.75    2086    -0.283    -0.283    -0.283    -0.296    -1.633    -2.500    -3.277    -3.003    -2.043    -0.695    -0.286    -0.284
    23.75    61.75    2087    -0.268    -0.275    -0.393    -0.617    -1.085    -1.371    -1.009    -0.433    -0.402    -0.291    -0.270    -0.267
    23.75    61.75    2088    -0.289    -0.290    -0.297    -0.303    -0.978    -3.059    -1.356    -1.703    -0.623    -0.326    -0.294    -0.294
    23.75    61.75    2089    -0.285    -0.289    -0.290    -0.549    -2.807    -3.074    -2.969    -2.235    -0.627    -0.486    -0.294    -0.287
    23.75    61.75    2090    -0.278    -0.286    -0.360    -0.525    -0.990    -1.707    -1.722    -1.161    -0.638    -0.297    -0.278    -0.278
    23.75    61.75    2091    -0.288    -0.290    -0.292    -0.627    -2.213    -2.465    -2.522    -1.660    -1.816    -0.419    -0.291    -0.290
    23.75    61.75    2092    -0.290    -0.290    -0.395    -0.861    -2.272    -3.044    -3.213    -3.247    -3.007    -1.479    -0.392    -0.290
    23.75    61.75    2093    -0.267    -0.279    -0.350    -0.619    -1.684    -1.786    -3.223    -1.564    -0.505    -0.322    -0.267    -0.267
    23.75    61.75    2094    -0.273    -0.273    -0.279    -0.320    -0.803    -0.893    -0.521    -0.454    -0.358    -0.280    -0.274    -0.273
    23.75    61.75    2095    -0.280    -0.298    -0.387    -0.858    -1.686    -2.549    -3.146    -1.948    -0.448    -0.313    -0.281    -0.280
    23.75    61.75    2096    -0.284    -0.290    -0.379    -0.662    -1.676    -1.207    -2.702    -2.404    -0.875    -0.461    -0.285    -0.283
    23.75    61.75    2097    -0.289    -0.300    -0.371    -1.168    -2.933    -2.757    -1.572    -1.089    -0.498    -0.652    -0.442    -0.348
    23.75    61.75    2098    -0.320    -0.307    -0.368    -0.857    -2.058    -3.054    -2.455    -1.056    -0.517    -0.466    -0.396    -0.316
    23.75    61.75    2099    -0.312    -0.311    -0.318    -0.338    -0.603    -2.199    -2.327    -2.367    -2.472    -0.569    -0.478    -0.479
    23.75    61.75    2100    -0.412    -0.373    -0.365    -0.419    -0.870    -1.140    -1.421    -2.288    -1.938    -0.546    -0.331    -0.328
    23.75    61.75    2101    -0.290    -0.297    -0.351    -0.611    -2.474    -2.203    -1.030    -1.420    -1.463    -0.374    -0.299    -0.287
    23.75    61.75    2102    -0.293    -0.294    -0.295    -0.440    -1.384    -2.733    -0.858    -0.430    -0.614    -0.308    -0.294    -0.294
    23.75    61.75    2103    -0.292    -0.296    -0.389    -1.423    -2.917    -3.245    -1.988    -2.118    -0.693    -0.408    -0.345    -0.306
    23.75    61.75    2104    -0.296    -0.298    -0.302    -0.621    -1.612    -2.616    -2.432    -1.595    -1.102    -0.573    -0.362    -0.352
    23.75    61.75    2105    -0.312    -0.295    -0.345    -0.870    -2.796    -1.466    -1.429    -0.356    -0.419    -0.306    -0.291    -0.291
    23.75    61.75    2106    -0.297    -0.298    -0.298    -0.343    -0.519    -1.025    -1.182    -1.152    -2.372    -1.317    -0.498    -0.489
    23.75    61.75    2107    -0.476    -0.475    -0.473    -0.312    -1.156    -2.531    -0.946    -1.539    -0.414    -0.295    -0.288    -0.289
    23.75    61.75    2108    -0.289    -0.288    -0.358    -0.858    -2.899    -1.687    -1.117    -0.848    -0.373    -0.350    -0.282    -0.282
    23.75    61.75    2109    -0.293    -0.293    -0.318    -0.682    -1.623    -2.748    -1.965    -1.827    -1.171    -0.515    -0.319    -0.293
    23.75    61.75    2110    -0.282    -0.286    -0.421    -0.541    -0.844    -0.824    -2.249    -1.300    -1.470    -0.946    -0.394    -0.282
    23.75    61.75    2111    -0.285    -0.286    -0.294    -0.529    -1.515    -3.006    -2.121    -1.659    -2.196    -1.599    -0.516    -0.516
    23.75    61.75    2112    -0.364    -0.289    -0.353    -1.054    -1.462    -3.221    -1.356    -0.930    -0.725    -0.297    -0.297    -0.297
    23.75    61.75    2113    -0.293    -0.294    -0.298    -0.417    -1.685    -2.779    -1.742    -0.601    -0.580    -0.446    -0.291    -0.291
    23.75    61.75    2114    -0.288    -0.288    -0.315    -0.539    -1.042    -1.878    -2.975    -1.527    -1.482    -1.264    -0.305    -0.282
    23.75    61.75    2115    -0.291    -0.291    -0.296    -0.404    -1.383    -3.085    -3.253    -1.903    -1.933    -1.368    -0.433    -0.319
    23.75    61.75    2116    -0.273    -0.273    -0.273    -0.292    -1.647    -2.944    -2.600    -2.992    -2.744    -0.563    -0.276    -0.273
    23.75    61.75    2117    -0.252    -0.260    -0.338    -0.554    -1.006    -1.161    -0.426    -0.466    -0.346    -0.277    -0.268    -0.251
    23.75    61.75    2118    -0.268    -0.269    -0.273    -0.285    -0.866    -2.357    -2.733    -1.587    -0.476    -0.303    -0.299    -0.298
    23.75    61.75    2119    -0.267    -0.285    -0.293    -0.608    -2.988    -3.149    -3.124    -1.598    -0.955    -0.420    -0.273    -0.274
    23.75    61.75    2120    -0.256    -0.261    -0.322    -0.521    -0.938    -1.719    -1.840    -1.318    -0.389    -0.267    -0.257    -0.255
    23.75    61.75    2121    -0.261    -0.262    -0.267    -0.602    -1.659    -2.546    -1.470    -0.925    -1.807    -0.552    -0.266    -0.262
    23.75    61.75    2122    -0.265    -0.265    -0.389    -0.835    -2.225    -2.822    -3.056    -3.136    -2.761    -1.626    -0.384    -0.265
    23.75    61.75    2123    -0.245    -0.257    -0.334    -0.597    -1.644    -1.917    -2.805    -0.918    -0.598    -0.337    -0.246    -0.245
    23.75    61.75    2124    -0.254    -0.255    -0.260    -0.295    -0.810    -0.825    -0.509    -0.357    -0.277    -0.278    -0.254    -0.254
    23.75    61.75    2125    -0.258    -0.271    -0.337    -0.651    -1.411    -2.463    -2.826    -1.967    -0.378    -0.266    -0.258    -0.257
    23.75    61.75    2126    -0.260    -0.268    -0.358    -0.608    -1.383    -2.014    -2.466    -1.388    -1.641    -0.529    -0.260    -0.260
    23.75    61.75    2127    -0.261    -0.270    -0.365    -1.097    -3.028    -1.379    -1.049    -1.244    -0.920    -0.966    -0.550    -0.334
    23.75    61.75    2128    -0.297    -0.280    -0.362    -0.812    -1.846    -2.684    -1.375    -1.356    -0.410    -0.455    -0.278    -0.273
    23.75    61.75    2129    -0.265    -0.266    -0.271    -0.296    -0.564    -2.138    -2.741    -2.055    -1.729    -0.662    -0.408    -0.407
    23.75    61.75    2130    -0.350    -0.302    -0.284    -0.403    -0.904    -0.825    -1.702    -1.580    -1.188    -0.633    -0.274    -0.272
    21.75    39.75    1980    -0.196    -0.187    -0.397    -0.591    -2.371    -2.908    -2.295    -3.293    -3.395    -2.817    -0.645    -0.240
    21.75    39.75    1981    -0.332    -0.424    -0.988    -2.933    -3.104    -3.377    -3.399    -3.453    -3.405    -2.227    -0.644    -0.599
    21.75    39.75    1982    -0.339    -0.442    -0.698    -0.479    -1.804    -3.164    -2.667    -2.207    -2.262    -0.616    -0.323    -0.265
    21.75    39.75    1983    -0.245    -0.506    -0.388    -0.631    -2.373    -2.341    -2.967    -2.721    -2.397    -1.873    -1.227    -0.193
    21.75    39.75    1984    -0.299    -0.624    -1.381    -2.746    -1.308    -3.158    -3.355    -3.380    -3.034    -2.698    -1.432    -0.230
    21.75    39.75    1985    -0.192    -0.227    -0.503    -2.538    -3.285    -2.966    -2.963    -3.346    -3.069    -2.862    -1.071    -0.182
    21.75    39.75    1986    -0.178    -0.192    -0.234    -0.418    -1.779    -1.884    -2.414    -2.743    -1.266    -1.286    -1.792    -0.804
    21.75    39.75    1987    -0.230    -0.198    -0.296    -0.577    -1.469    -2.081    -3.216    -3.091    -1.674    -0.715    -0.334    -0.213
    21.75    39.75    1988    -0.260    -0.732    -0.829    -1.891    -2.916    -1.227    -2.898    -3.108    -3.279    -0.534    -0.201    -0.192
    21.75    39.75    1989    -0.195    -0.336    -0.245    -1.077    -2.241    -2.690    -3.231    -3.301    -3.070    -3.288    -0.421    -0.184
    21.75    39.75    1990    -0.241    -0.289    -0.327    -1.067    -2.087    -3.248    -3.304    -3.281    -3.379    -1.984    -0.442    -0.507
    21.75    39.75    1991    -0.531    -0.480    -1.148    -2.719    -2.445    -2.684    -3.160    -3.453    -3.381    -3.235    -0.635    -0.239
    21.75    39.75    1992    -0.310    -0.251    -0.432    -0.599    -2.850    -3.325    -3.291    -3.241    -0.949    -0.346    -0.217    -0.184
    21.75    39.75    1993    -0.194    -0.243    -0.318    -0.540    -2.821    -2.911    -3.407    -3.191    -3.285    -2.912    -0.268    -0.176
    21.75    39.75    1994    -0.210    -0.304    -0.651    -0.817    -2.501    -3.195    -3.396    -3.366    -2.834    -1.304    -0.807    -0.345
    21.75    39.75    1995    -0.193    -0.242    -0.304    -0.758    -2.842    -2.588    -2.987    -3.372    -3.399    -1.734    -0.391    -0.196
    21.75    39.75    1996    -0.267    -0.318    -0.478    -0.276    -1.969    -3.291    -3.352    -2.202    -3.383    -2.881    -0.634    -0.388
    21.75    39.75    1997    -0.185    -0.208    -0.345    -1.624    -2.788    -2.992    -2.909    -2.951    -2.206    -3.197    -0.848    -0.243
    21.75    39.75    1998    -0.266    -0.207    -0.423    -2.062    -3.377    -2.841    -3.059    -2.760    -3.336    -1.524    -1.114    -0.254
    21.75    39.75    1999    -0.240    -0.270    -0.788    -3.075    -3.318    -3.245    -3.383    -3.427    -2.877    -2.122    -0.651    -0.183
    21.75    39.75    2000    -0.198    -0.454    -0.844    -0.991    -3.101    -2.876    -3.398    -3.305    -1.220    -1.697    -0.617    -0.296
    21.75    39.75    2001    -0.192    -0.227    -0.211    -1.602    -3.075    -3.051    -3.221    -3.365    -3.348    -1.405    -0.229    -0.198
    21.75    39.75    2002    -0.195    -0.385    -0.780    -3.090    -3.320    -3.262    -3.377    -3.364    -3.457    -1.549    -0.485    -0.293
    21.75    39.75    2003    -0.211    -0.202    -0.305    -0.862    -1.702    -2.688    -3.277    -2.820    -3.327    -2.542    -0.521    -0.219
    21.75    39.75    2004    -0.218    -0.212    -0.237    -1.475    -3.268    -3.397    -3.404    -3.400    -3.164    -2.915    -1.730    -0.413
    21.75    39.75    2005    -0.220    -0.290    -0.642    -3.089    -1.244    -1.981    -3.292    -3.406    -2.573    -0.878    -1.398    -0.410
    21.75    39.75    2006    -0.198    -0.251    -0.441    -0.554    -2.426    -2.894    -2.787    -2.140    -2.513    -2.525    -0.574    -0.217
    21.75    39.75    2007    -0.262    -0.468    -0.961    -3.086    -2.695    -3.381    -3.018    -3.344    -3.382    -2.554    -0.350    -0.196
    21.75    39.75    2008    -0.214    -0.214    -0.320    -0.619    -1.043    -3.165    -2.764    -3.392    -3.280    -3.326    -2.562    -0.369
    21.75    39.75    2009    -0.223    -0.401    -0.289    -0.996    -2.530    -3.300    -3.417    -3.401    -3.432    -2.684    -1.438    -0.546
    21.75    39.75    2010    -0.201    -0.452    -2.211    -3.304    -3.048    -3.388    -3.055    -3.427    -3.330    -3.437    -2.044    -0.293
    21.75    39.75    2011    -0.273    -0.252    -0.456    -1.723    -2.528    -2.843    -3.165    -3.136    -2.584    -2.132    -0.991    -0.340
    21.75    39.75    2012    -0.197    -0.223    -0.565    -2.230    -2.862    -3.287    -3.246    -3.196    -3.312    -3.148    -0.377    -0.177
    21.75    39.75    2013    -0.196    -0.220    -0.743    -2.571    -2.326    -3.129    -3.040    -3.321    -2.150    -1.154    -0.387    -0.181
    21.75    39.75    2014    -0.245    -0.493    -2.684    -3.077    -3.217    -3.405    -3.403    -3.209    -2.049    -2.805    -1.702    -0.289
    21.75    39.75    2015    -0.189    -0.267    -1.739    -2.796    -3.193    -3.398    -3.298    -2.249    -2.444    -2.727    -0.848    -0.186
    21.75    39.75    2016    -0.224    -0.463    -1.954    -0.693    -2.110    -3.278    -2.137    -3.379    -3.486    -2.462    -0.356    -0.187
    21.75    39.75    2017    -0.216    -0.228    -0.682    -0.947    -3.195    -3.309    -3.416    -3.244    -1.901    -2.505    -3.206    -0.892
    21.75    39.75    2018    -0.293    -0.581    -1.844    -3.244    -3.461    -3.124    -3.462    -3.466    -2.059    -1.184    -2.655    -0.645
    21.75    39.75    2019    -0.192    -0.255    -0.447    -1.472    -3.209    -3.114    -3.061    -3.382    -3.158    -2.973    -0.624    -0.178
    21.75    39.75    2020    -0.229    -0.293    -0.212    -1.900    -3.064    -3.061    -3.298    -3.325    -2.510    -1.773    -0.399    -0.220
    21.75    39.75    2021    -0.255    -0.208    -0.812    -3.223    -3.035    -3.041    -3.117    -3.070    -2.533    -2.600    -1.395    -0.206
    21.75    39.75    2022    -0.188    -0.305    -0.455    -0.620    -2.636    -3.426    -3.388    -3.414    -2.954    -1.318    -2.506    -2.661
    21.75    39.75    2023    -0.777    -0.222    -0.443    -0.612    -2.211    -3.060    -3.027    -3.449    -3.248    -2.140    -0.418    -0.398
    21.75    39.75    2024    -0.308    -0.289    -0.340    -0.335    -1.111    -2.910    -3.241    -3.391    -2.116    -1.483    -1.967    -0.404
    21.75    39.75    2025    -0.218    -0.284    -0.348    -0.367    -2.642    -3.479    -3.472    -3.251    -3.423    -3.114    -1.943    -0.202
    21.75    39.75    2026    -0.198    -0.506    -0.523    -0.371    -0.540    -2.411    -3.070    -3.490    -2.940    -3.244    -0.220    -0.252
    21.75    39.75    2027    -0.225    -0.304    -0.356    -1.909    -3.333    -3.245    -3.470    -3.443    -2.312    -1.844    -0.237    -0.189
    21.75    39.75    2028    -0.208    -0.269    -0.338    -0.458    -0.898    -2.591    -3.188    -3.471    -3.282    -3.091    -1.566    -0.910
    21.75    39.75    2029    -0.618    -0.562    -0.514    -2.581    -3.372    -3.181    -3.446    -3.464    -3.237    -0.944    -0.324    -0.212
    21.75    39.75    2030    -0.202    -0.260    -0.354    -0.328    -1.041    -2.829    -2.250    -3.355    -1.761    -1.362    -2.083    -1.081
    21.75    39.75    2031    -0.269    -0.882    -2.924    -3.349    -3.081    -3.367    -3.425    -3.404    -3.272    -1.533    -2.350    -0.579
    21.75    39.75    2032    -0.199    -0.396    -0.327    -0.415    -2.273    -3.367    -3.321    -1.064    -2.658    -3.117    -2.210    -0.290
    21.75    39.75    2033    -0.182    -0.197    -0.207    -0.398    -2.105    -2.847    -2.263    -2.756    -3.354    -3.309    -2.949    -1.877
    21.75    39.75    2034    -0.544    -0.215    -0.263    -0.493    -2.751    -3.275    -3.370    -3.446    -3.484    -3.336    -1.414    -0.300
    21.75    39.75    2035    -0.228    -0.388    -0.523    -1.903    -2.842    -3.364    -3.338    -3.432    -1.266    -2.933    -1.428    -0.259
    21.75    39.75    2036    -0.200    -0.333    -0.800    -2.938    -3.382    -3.363    -3.325    -2.422    -3.195    -3.331    -3.265    -1.452
    21.75    39.75    2037    -0.624    -1.723    -3.284    -2.283    -3.296    -3.411    -3.356    -3.020    -3.391    -1.880    -0.721    -0.365
    21.75    39.75    2038    -0.404    -0.765    -2.084    -3.147    -3.291    -3.261    -2.844    -2.929    -2.927    -2.601    -2.917    -0.770
    21.75    39.75    2039    -0.350    -0.466    -0.572    -2.070    -3.245    -3.035    -2.901    -3.403    -3.422    -3.015    -1.337    -0.286
    21.75    39.75    2040    -0.198    -0.408    -1.067    -2.759    -3.107    -3.256    -3.396    -3.377    -2.756    -1.940    -0.713    -0.539
    21.75    39.75    2041    -0.235    -0.546    -0.484    -1.315    -2.649    -2.681    -3.332    -3.469    -3.308    -3.341    -2.077    -0.281
    21.75    39.75    2042    -0.183    -0.329    -0.403    -0.513    -3.138    -3.294    -3.319    -3.475    -2.709    -3.068    -1.767    -0.221
    21.75    39.75    2043    -0.213    -0.824    -2.868    -3.276    -3.015    -3.056    -2.942    -3.045    -3.107    -0.727    -0.270    -0.200
    21.75    39.75    2044    -0.299    -0.320    -0.324    -1.720    -3.207    -3.146    -3.088    -2.525    -3.401    -3.148    -0.831    -0.190
    21.75    39.75    2045    -0.247    -0.274    -0.763    -3.042    -3.264    -3.370    -3.205    -3.350    -3.220    -2.806    -0.580    -0.180
    21.75    39.75    2046    -0.249    -0.323    -0.967    -3.085    -3.359    -3.390    -3.341    -3.410    -2.782    -2.252    -0.585    -0.491
    21.75    39.75    2047    -0.187    -0.426    -1.020    -1.558    -3.133    -3.146    -3.328    -3.442    -3.161    -1.694    -0.282    -0.204
    21.75    39.75    2048    -0.255    -0.612    -1.102    -2.997    -3.188    -2.920    -3.339    -3.389    -3.444    -2.561    -1.638    -0.268
    21.75    39.75    2049    -0.276    -0.322    -2.124    -1.790    -3.368    -3.388    -3.223    -3.392    -3.406    -2.928    -0.460    -0.277
    21.75    39.75    2050    -0.370    -0.526    -2.150    -3.051    -3.218    -3.462    -3.161    -3.411    -3.452    -2.456    -1.197    -0.290
    21.75    39.75    2051    -0.200    -0.305    -1.410    -2.133    -3.253    -2.985    -3.357    -3.410    -3.400    -2.471    -0.609    -0.187
    21.75    39.75    2052    -0.193    -0.297    -0.843    -3.326    -3.370    -3.357    -3.389    -3.371    -1.779    -2.672    -0.200    -0.201
    21.75    39.75    2053    -0.303    -0.604    -1.592    -3.322    -3.325    -3.414    -3.112    -3.322    -3.106    -3.318    -3.210    -1.206
    21.75    39.75    2054    -0.355    -0.293    -0.663    -2.310    -3.433    -3.076    -3.253    -3.244    -3.219    -1.894    -0.881    -0.518
    21.75    39.75    2055    -0.202    -0.244    -1.728    -3.339    -3.411    -3.411    -3.074    -3.342    -3.474    -0.960    -0.595    -0.535
    21.75    39.75    2056    -0.425    -0.269    -0.470    -2.558    -3.298    -3.298    -3.311    -3.364    -3.127    -3.061    -2.980    -0.353
    21.75    39.75    2057    -0.205    -0.216    -1.642    -2.628    -2.543    -3.246    -3.210    -3.395    -1.719    -3.030    -3.333    -0.810
    21.75    39.75    2058    -0.188    -0.356    -0.722    -1.700    -3.057    -3.275    -2.570    -3.325    -3.345    -2.466    -1.213    -0.646
    21.75    39.75    2059    -0.398    -0.279    -0.529    -2.878    -3.246    -3.357    -3.344    -3.441    -3.343    -3.281    -0.963    -0.203
    21.75    39.75    2060    -0.208    -0.238    -0.353    -1.507    -2.825    -3.030    -2.997    -3.292    -1.292    -0.896    -0.571    -0.181
    21.75    39.75    2061    -0.322    -1.042    -3.316    -3.395    -3.427    -3.278    -3.420    -3.354    -3.305    -0.627    -0.251    -0.234
    21.75    39.75    2062    -0.300    -0.589    -2.360    -2.936    -3.036    -3.182    -3.369    -3.198    -2.564    -2.903    -0.402    -0.195
    21.75    39.75    2063    -0.218    -0.819    -1.428    -3.201    -3.079    -3.303    -3.404    -3.426    -1.545    -1.952    -0.254    -0.210
    21.75    39.75    2064    -0.341    -0.331    -0.698    -2.513    -3.239    -3.300    -3.205    -2.709    -1.533    -1.485    -1.057    -0.212
    21.75    39.75    2065    -0.236    -0.776    -3.216    -3.118    -3.208    -3.086    -2.903    -3.404    -2.882    -1.645    -1.587    -0.266
    21.75    39.75    2066    -0.196    -0.413    -1.695    -2.402    -3.401    -3.344    -3.363    -3.410    -2.534    -0.427    -0.254    -0.230
    21.75    39.75    2067    -0.238    -0.234    -0.362    -1.015    -3.303    -3.420    -3.379    -3.392    -3.047    -2.981    -0.552    -0.201
    21.75    39.75    2068    -0.236    -0.365    -1.803    -3.367    -3.382    -3.359    -3.355    -3.357    -3.409    -2.792    -1.051    -0.764
    21.75    39.75    2069    -0.190    -0.241    -0.477    -0.642    -2.253    -3.169    -2.581    -3.216    -3.251    -2.938    -2.027    -0.342
    21.75    39.75    2070    -0.212    -0.283    -0.465    -2.378    -3.466    -3.295    -3.325    -3.288    -3.424    -2.143    -0.616    -0.793
    21.75    39.75    2071    -1.083    -1.331    -2.275    -2.024    -3.366    -3.160    -3.338    -2.255    -3.381    -2.975    -1.894    -0.708
    21.75    39.75    2072    -0.332    -0.325    -0.377    -0.307    -1.630    -3.122    -3.400    -3.382    -2.503    -2.499    -0.245    -0.182
    21.75    39.75    2073    -0.247    -0.461    -0.302    -0.862    -2.222    -3.130    -3.276    -3.465    -3.310    -3.337    -1.756    -0.306
    21.75    39.75    2074    -0.240    -0.688    -0.649    -2.985    -3.354    -3.271    -3.287    -3.342    -3.359    -3.396    -0.540    -0.197
    21.75    39.75    2075    -0.227    -0.396    -0.598    -2.774    -3.245    -3.045    -3.295    -3.433    -3.363    -2.989    -0.812    -0.198
    21.75    39.75    2076    -0.251    -0.739    -0.592    -1.176    -3.151    -3.397    -3.358    -3.092    -3.358    -1.306    -0.309    -0.375
    21.75    39.75    2077    -0.352    -0.297    -0.632    -2.600    -3.474    -3.403    -3.211    -3.373    -3.293    -3.329    -1.679    -0.224
    21.75    39.75    2078    -0.202    -0.426    -2.713    -3.203    -2.593    -3.193    -3.058    -3.312    -3.454    -2.994    -1.880    -0.602
    21.75    39.75    2079    -0.368    -0.380    -0.957    -3.237    -3.336    -3.303    -2.943    -3.269    -3.280    -2.848    -2.044    -0.602
    21.75    39.75    2080    -0.209    -0.453    -0.930    -3.062    -3.338    -3.363    -3.273    -2.542    -3.416    -1.465    -0.603    -0.323
    21.75    39.75    2081    -0.214    -0.605    -2.699    -2.862    -2.941    -3.181    -3.344    -2.942    -3.279    -2.944    -1.978    -0.533
    21.75    39.75    2082    -0.313    -0.605    -2.762    -3.140    -2.509    -3.327    -3.388    -3.379    -3.392    -3.043    -3.231    -1.150
    21.75    39.75    2083    -0.467    -0.604    -0.953    -3.270    -3.348    -3.318    -3.374    -2.659    -3.370    -3.103    -1.575    -0.191
    21.75    39.75    2084    -0.205    -0.228    -0.730    -1.860    -3.219    -3.450    -3.203    -3.281    -2.952    -0.649    -0.271    -0.179
    21.75    39.75    2085    -0.194    -0.223    -0.714    -3.340    -3.314    -3.129    -3.086    -3.357    -1.365    -3.085    -2.032    -1.186
    21.75    39.75    2086    -0.221    -0.214    -0.289    -1.520    -3.458    -3.178    -3.354    -3.261    -2.855    -3.297    -2.314    -0.256
    21.75    39.75    2087    -0.284    -0.213    -0.210    -1.927    -3.097    -3.282    -3.319    -3.193    -3.160    -2.417    -0.452    -0.190
    21.75    39.75    2088    -0.275    -0.467    -1.432    -3.001    -3.393    -3.315    -3.439    -3.413    -2.895    -1.950    -0.214    -0.271
    21.75    39.75    2089    -0.521    -0.431    -0.364    -1.923    -3.007    -3.415    -3.419    -3.421    -2.602    -1.065    -0.306    -0.213
    21.75    39.75    2090    -0.268    -0.376    -0.416    -0.416    -2.943    -3.401    -3.146    -2.732    -3.068    -3.420    -1.276    -0.276
    21.75    39.75    2091    -0.299    -0.379    -0.501    -1.330    -3.337    -2.952    -3.328    -3.388    -3.362    -1.570    -0.667    -0.203
    21.75    39.75    2092    -0.203    -0.394    -1.040    -3.055    -2.641    -2.935    -3.227    -3.369    -3.374    -0.529    -0.407    -0.205
    21.75    39.75    2093    -0.346    -0.496    -0.471    -2.048    -2.910    -3.305    -3.247    -3.298    -3.445    -2.770    -0.832    -0.208
    21.75    39.75    2094    -0.213    -0.277    -0.337    -1.142    -3.339    -3.346    -3.443    -3.376    -3.322    -1.571    -0.495    -0.326
    21.75    39.75    2095    -0.303    -0.490    -0.484    -0.980    -1.469    -2.451    -3.395    -3.101    -3.269    -0.741    -0.638    -0.589
    21.75    39.75    2096    -0.326    -0.364    -0.481    -2.880    -3.411    -3.415    -3.266    -3.114    -2.809    -3.322    -2.067    -0.938
    21.75    39.75    2097    -0.548    -0.871    -2.858    -3.201    -3.378    -3.396    -3.367    -3.366    -3.280    -1.551    -0.333    -0.186
    21.75    39.75    2098    -0.227    -0.320    -0.545    -0.805    -3.006    -3.144    -3.180    -3.354    -3.321    -3.032    -1.262    -0.195
    21.75    39.75    2099    -0.216    -0.284    -0.317    -2.055    -3.382    -3.187    -3.100    -2.907    -3.445    -2.583    -1.513    -0.270
    21.75    39.75    2100    -0.277    -0.215    -0.889    -3.234    -3.196    -3.284    -3.252    -3.240    -3.411    -3.023    -1.564    -0.176
    21.75    39.75    2101    -0.302    -0.672    -1.121    -1.485    -3.162    -3.188    -3.233    -2.413    -3.098    -2.994    -2.196    -0.935
    21.75    39.75    2102    -0.305    -0.285    -0.325    -0.343    -1.445    -3.260    -3.393    -3.352    -2.910    -2.199    -0.377    -0.180
    21.75    39.75    2103    -0.228    -0.459    -0.379    -0.381    -2.060    -3.000    -3.364    -3.434    -3.378    -3.382    -0.964    -0.248
    21.75    39.75    2104    -0.249    -0.596    -1.382    -2.268    -3.322    -3.322    -3.324    -3.304    -3.338    -3.397    -0.503    -0.188
    21.75    39.75    2105    -0.218    -0.355    -0.595    -2.264    -3.132    -3.009    -3.163    -3.364    -3.314    -2.865    -1.477    -0.176
    21.75    39.75    2106    -0.254    -0.642    -1.121    -0.752    -3.008    -3.369    -3.350    -3.111    -3.376    -0.782    -0.271    -0.397
    21.75    39.75    2107    -0.439    -0.366    -0.398    -1.841    -3.449    -3.294    -3.210    -3.407    -3.211    -3.311    -1.117    -0.382
    21.75    39.75    2108    -0.203    -0.410    -2.537    -3.283    -2.648    -3.353    -3.064    -3.281    -3.452    -3.185    -1.380    -1.005
    21.75    39.75    2109    -0.422    -0.422    -1.402    -3.193    -3.349    -3.294    -3.158    -3.220    -3.228    -3.131    -1.864    -0.377
    21.75    39.75    2110    -0.254    -0.409    -1.124    -2.999    -3.296    -3.354    -3.210    -2.784    -3.356    -1.245    -1.078    -0.291
    21.75    39.75    2111    -0.216    -0.453    -2.173    -2.483    -2.707    -2.990    -3.241    -2.723    -3.356    -2.855    -1.273    -0.730
    21.75    39.75    2112    -0.355    -0.440    -2.672    -3.166    -2.634    -3.347    -3.322    -3.347    -3.360    -3.223    -3.282    -0.702
    21.75    39.75    2113    -0.455    -0.635    -1.107    -3.099    -3.294    -3.327    -3.318    -2.617    -3.326    -3.093    -0.406    -0.185
    21.75    39.75    2114    -0.215    -0.321    -0.661    -1.822    -3.103    -3.442    -3.124    -3.329    -2.041    -1.638    -0.339    -0.189
    21.75    39.75    2115    -0.200    -0.207    -0.800    -3.325    -3.221    -2.977    -2.813    -3.092    -2.114    -3.180    -2.550    -0.659
    21.75    39.75    2116    -0.272    -0.196    -0.273    -1.137    -3.412    -3.164    -3.154    -3.421    -3.022    -3.324    -1.976    -0.383
    21.75    39.75    2117    -0.216    -0.225    -0.215    -1.614    -3.167    -3.141    -3.412    -2.992    -3.137    -2.663    -0.335    -0.181
    21.75    39.75    2118    -0.281    -0.363    -1.396    -2.624    -3.355    -3.271    -3.409    -3.397    -2.652    -0.910    -0.348    -0.285
    21.75    39.75    2119    -0.537    -0.485    -0.368    -0.855    -3.149    -3.332    -3.313    -3.313    -2.158    -1.655    -1.120    -0.218
    21.75    39.75    2120    -0.270    -0.350    -0.445    -0.701    -2.188    -3.318    -3.201    -2.925    -2.339    -3.396    -0.839    -0.251
    21.75    39.75    2121    -0.214    -0.365    -0.464    -1.382    -3.268    -3.192    -3.073    -3.298    -3.301    -2.746    -0.438    -0.190
    21.75    39.75    2122    -0.185    -0.330    -0.856    -2.993    -2.825    -2.501    -3.187    -3.368    -3.383    -1.366    -0.193    -0.184
    21.75    39.75    2123    -0.262    -0.384    -0.425    -1.962    -2.992    -3.298    -3.167    -3.319    -3.403    -2.787    -1.269    -0.192
    21.75    39.75    2124    -0.226    -0.251    -0.292    -0.983    -3.319    -3.372    -3.387    -3.407    -3.311    -1.410    -0.401    -0.242
    21.75    39.75    2125    -0.302    -0.337    -0.790    -1.193    -1.838    -2.516    -3.360    -3.271    -3.347    -1.121    -0.459    -0.517
    21.75    39.75    2126    -0.310    -0.264    -0.515    -2.672    -3.333    -3.417    -3.351    -3.132    -3.163    -2.740    -1.753    -0.637
    21.75    39.75    2127    -0.623    -0.953    -2.824    -3.184    -3.351    -3.364    -3.331    -3.382    -3.208    -1.305    -0.388    -0.193
    21.75    39.75    2128    -0.306    -0.300    -0.513    -0.980    -2.891    -3.192    -3.173    -3.323    -3.237    -2.775    -0.489    -0.196
    21.75    39.75    2129    -0.262    -0.349    -0.316    -1.330    -3.303    -3.181    -3.148    -2.976    -3.448    -2.500    -2.579    -0.312
    21.75    39.75    2130    -0.249    -0.322    -0.551    -3.173    -3.221    -3.192    -3.229    -3.313    -3.341    -3.209    -1.235    -0.184
