      Lon      Lat    Year  Seasonal    V_temp    V_prec  temp_min temp_mean temp_seas      gdd5  prec_min      prec  prec_range
     9.75    49.75    1980         4     0.025     1.016      -2.7       8.6         1      1870      0.21     684.3           2
     9.75    49.75    1981         4     0.025     1.026      -2.5       9.0         1      1831      0.22     626.8           2
     9.75    49.75    1982         4     0.025     1.040      -2.5       8.9         1      1778      0.22     802.4           2
     9.75    49.75    1983         4     0.025     1.045      -2.5       9.1         1      1890      0.23     661.3           2
     9.75    49.75    1984         4     0.025     1.051      -2.3       8.6         1      1687      0.23     672.4           2
     9.75    49.75    1985         4     0.025     1.037      -2.5       8.4         1      1771      0.24     715.6           2
     9.75    49.75    1986         4     0.025     1.017      -2.5       8.0         1      1608      0.25     642.3           2
     9.75    49.75    1987         4     0.025     1.013      -2.6       8.8         1      1900      0.25     693.1           2
     9.75    49.75    1988         4     0.024     1.031      -2.4       9.4         1      1939      0.25     493.7           2
     9.75    49.75    1989         4     0.025     0.996      -2.6       9.1         1      2044      0.26     789.5           2
     9.75    49.75    1990         4     0.024     1.011      -2.2       9.0         1      1823      0.26     712.2           2
     9.75    49.75    1991         4     0.024     1.016      -1.9       9.0         1      1922      0.26     664.0           2
     9.75    49.75    1992         4     0.024     1.003      -1.8       8.8         1      1795      0.27     671.4           2
     9.75    49.75    1993         4     0.024     0.999      -1.9       8.1         1      1665      0.27     722.9           2
     9.75    49.75    1994         4     0.024     1.002      -1.8       9.3         1      2001      0.27     607.0           2
     9.75    49.75    1995         4     0.024     1.023      -1.8       9.0         1      1850      0.28     749.5           2
     9.75    49.75    1996         4     0.024     1.011      -1.5       9.6         1      1989      0.28     653.1           2
     9.75    49.75    1997         4     0.024     1.008      -1.8       8.7         1      1823      0.28     721.1           2
     9.75    49.75    1998         4     0.024     0.991      -1.6       9.3         1      2000      0.27     597.1           2
     9.75    49.75    1999         4     0.024     1.011      -1.4      10.0         1      2201      0.27     622.5           2
     9.75    49.75    2000         4     0.024     1.025      -1.3      10.3         1      2331      0.27     722.7           2
     9.75    49.75    2001         4     0.024     1.044      -1.4       9.6         1      1991      0.26     651.3           2
     9.75    49.75    2002         4     0.024     1.063      -1.4       9.6         1      2020      0.25     588.0           2
     9.75    49.75    2003         4     0.024     1.033      -1.6       9.3         1      1900      0.24     692.5           2
     9.75    49.75    2004         4     0.024     1.012      -1.4       9.7         1      1951      0.25     665.6           2
     9.75    49.75    2005         4     0.024     1.030      -1.4      10.0         1      2108      0.24     704.8           2
     9.75    49.75    2006         4     0.024     1.047      -1.3      10.0         1      2136      0.24     696.4           2
     9.75    49.75    2007         4     0.024     1.062      -1.1      10.3         1      2184      0.23     529.1           2
     9.75    49.75    2008         4     0.024     1.069      -1.2      10.2         1      2101      0.23     683.9           2
     9.75    49.75    2009         4     0.024     1.101      -0.9      10.4         1      2251      0.22     726.0           2
     9.75    49.75    2010         4     0.024     1.102      -0.9      10.4         1      2265      0.22     722.2           2
     9.75    49.75    2011         4     0.024     1.088      -0.8      10.0         1      2026      0.23     825.1           2
     9.75    49.75    2012         4     0.024     1.103      -0.7       9.9         1      2221      0.23     664.5           2
     9.75    49.75    2013         4     0.024     1.090      -0.7      10.0         1      2154      0.23     586.7           2
     9.75    49.75    2014         4     0.024     1.102      -0.9       9.8         1      2214      0.22     734.2           2
     9.75    49.75    2015         4     0.024     1.114      -0.9       9.7         1      1939      0.22     681.0           2
     9.75    49.75    2016         4     0.024     1.122      -0.9       9.8         1      2192      0.22     527.7           2
     9.75    49.75    2017         4     0.024     1.137      -0.6      10.0         1      2173      0.20     660.7           2
     9.75    49.75    2018         4     0.024     1.152      -0.5      10.8         1      2403      0.20     584.1           2
     9.75    49.75    2019         4     0.024     1.151      -0.6      10.4         1      2386      0.19     635.0           2
     9.75    49.75    2020         4     0.024     1.146      -0.6      10.2         1      2122      0.20     769.3           2
     9.75    49.75    2021         4     0.024     1.132      -0.5       9.9         1      2041      0.20     513.8           2
     9.75    49.75    2022         4     0.024     1.123      -0.7      10.0         1      2061      0.20     642.2           2
     9.75    49.75    2023         4     0.024     1.144      -0.5      10.3         1      2274      0.20     766.4           2
     9.75    49.75    2024         4     0.025     1.137      -0.6      10.5         1      2353      0.19     763.7           2
     9.75    49.75    2025         4     0.025     1.134      -0.6       9.4         1      1803      0.18     667.8           2
     9.75    49.75    2026         4     0.025     1.156      -0.5      10.6         1      2498      0.18     522.2           2
     9.75    49.75    2027         4     0.025     1.178      -0.7       9.7         1      2093      0.18     539.8           2
     9.75    49.75    2028         4     0.025     1.173      -0.7      10.3         1      2298      0.18     678.2           2
     9.75    49.75    2029         4     0.025     1.155      -0.6      10.1         1      2143      0.18     702.9           2
     9.75    49.75    2030         4     0.025     1.148      -0.7      10.6         1      2390      0.18     765.5           2
     9.75    49.75    2031         4     0.025     1.177      -0.8      10.9         1      2495      0.17     582.5           2
     9.75    49.75    2032         4     0.025     1.155      -0.7      10.8         1      2191      0.18     806.2           2
     9.75    49.75    2033         4     0.025     1.154      -0.9      10.9         1      2420      0.18     736.1           2
     9.75    49.75    2034         4     0.025     1.162      -0.7      10.9         1      2533      0.18     443.3           2
     9.75    49.75    2035         4     0.025     1.146      -0.6      10.5         1      2232      0.17     702.3           2
     9.75    49.75    2036         4     0.025     1.144      -0.8      10.2         1      2162      0.18     796.9           2
     9.75    49.75    2037         4     0.025     1.151      -0.6      10.6         1      2203      0.18     716.4           2
     9.75    49.75    2038         4     0.026     1.143      -0.7      10.9         1      2364      0.18     648.7           2
     9.75    49.75    2039         4     0.025     1.119      -0.7      11.3         1      2522      0.19     639.8           2
     9.75    49.75    2040         4     0.026     1.133      -0.6      10.8         1      2310      0.18     664.8           2
     9.75    49.75    2041         4     0.026     1.145      -0.6      11.4         1      2637      0.18     689.9           2
     9.75    49.75    2042         4     0.026     1.141      -0.4      10.8         1      2344      0.19     703.8           2
     9.75    49.75    2043         4     0.026     1.142      -0.3      11.0         1      2449      0.18     575.9           2
     9.75    49.75    2044         4     0.025     1.155      -0.3      10.7         1      2337      0.18     742.3           2
     9.75    49.75    2045         4     0.025     1.163      -0.3      10.6         1      2434      0.19     512.2           2
     9.75    49.75    2046         4     0.025     1.143      -0.3      10.4         1      2138      0.19     685.6           2
     9.75    49.75    2047         4     0.025     1.137      -0.3      10.5         1      2529      0.19     655.8           2
     9.75    49.75    2048         4     0.025     1.135      -0.3      10.8         1      2375      0.18     660.0           2
     9.75    49.75    2049         4     0.025     1.118      -0.3      10.7         1      2310      0.18     574.4           2
     9.75    49.75    2050         4     0.025     1.118      -0.1      11.4         1      2655      0.17     536.8           2
     9.75    49.75    2051         4     0.025     1.126      -0.3      11.1         1      2526      0.17     542.2           2
     9.75    49.75    2052         4     0.026     1.149      -0.5      10.8         1      2579      0.16     794.2           2
     9.75    49.75    2053         4     0.026     1.147      -0.3      11.1         1      2522      0.16     542.6           2
     9.75    49.75    2054         4     0.026     1.137      -0.3      11.0         1      2422      0.17     639.1           2
     9.75    49.75    2055         4     0.026     1.140      -0.4      11.3         1      2591      0.16     547.0           2
     9.75    49.75    2056         4     0.026     1.172      -0.3      11.6         1      2734      0.16     604.2           2
     9.75    49.75    2057         4     0.026     1.145      -0.4      11.5         1      2685      0.16     520.6           2
     9.75    49.75    2058         4     0.026     1.148      -0.4      11.2         1      2423      0.16     629.6           2
     9.75    49.75    2059         4     0.026     1.180      -0.4      11.0         1      2420      0.16     675.3           2
     9.75    49.75    2060         4     0.026     1.172      -0.5      10.7         1      2460      0.15     509.9           2
     9.75    49.75    2061         4     0.026     1.158      -0.5      10.6         1      2274      0.16     703.4           2
     9.75    49.75    2062         4     0.026     1.169      -0.4      11.0         1      2416      0.16     584.7           2
     9.75    49.75    2063         4     0.026     1.160      -0.4      11.3         1      2564      0.17     679.4           2
     9.75    49.75    2064         4     0.026     1.188      -0.4      11.1         1      2455      0.16     607.5           2
     9.75    49.75    2065         4     0.026     1.172      -0.3      11.7         1      2742      0.15     695.1           2
     9.75    49.75    2066         4     0.026     1.170      -0.3      10.8         1      2220      0.15     613.8           2
     9.75    49.75    2067         4     0.026     1.159      -0.2      10.7         1      2504      0.15     528.2           2
     9.75    49.75    2068         4     0.026     1.146      -0.3      10.8         1      2302      0.16     712.7           2
     9.75    49.75    2069         4     0.027     1.173      -0.4      11.2         1      2658      0.16     676.2           2
     9.75    49.75    2070         4     0.027     1.176      -0.4      12.4         1      3061      0.15     537.7           2
     9.75    49.75    2071         4     0.027     1.161      -0.1      12.5         1      2738      0.15     609.7           2
     9.75    49.75    2072         4     0.027     1.154       0.1      11.4         1      2539      0.15     605.9           2
     9.75    49.75    2073         4     0.027     1.181       0.2      11.6         1      2608      0.14     573.1           2
     9.75    49.75    2074         4     0.027     1.210       0.3      11.8         1      2586      0.14     637.8           2
     9.75    49.75    2075         4     0.027     1.207       0.5      11.2         1      2398      0.15     660.7           2
     9.75    49.75    2076         4     0.026     1.182       0.7      11.1         1      2417      0.15     732.6           2
     9.75    49.75    2077         4     0.026     1.191       0.5      10.9         1      2450      0.16     828.5           2
     9.75    49.75    2078         4     0.026     1.223       0.7      12.1         1      2896      0.16     637.4           2
     9.75    49.75    2079         4     0.026     1.204       0.8      12.3         1      2840      0.17     602.4           2
     9.75    49.75    2080         4     0.026     1.187       0.8      12.1         1      2653      0.17     653.6           2
     9.75    49.75    2081         4     0.026     1.196       0.9      12.5         1      2909      0.17     644.2           2
     9.75    49.75    2082         4     0.026     1.201       0.8      12.4         1      2793      0.16     524.2           2
     9.75    49.75    2083         4     0.027     1.221       0.9      11.6         1      2479      0.16     681.4           2
     9.75    49.75    2084         4     0.026     1.194       0.8      11.8         1      2716      0.16     571.7           2
     9.75    49.75    2085         4     0.026     1.216       0.6      11.5         1      2568      0.17     715.3           2
     9.75    49.75    2086         4     0.026     1.223       0.6      11.4         1      2592      0.17     693.8           2
     9.75    49.75    2087         4     0.026     1.214       0.9      11.1         1      2464      0.18     725.9           2
     9.75    49.75    2088         4     0.026     1.201       0.9      11.6         1      2579      0.18     614.2           2
     9.75    49.75    2089         4     0.026     1.211       1.0      11.2         1      2540      0.18     600.9           2
     9.75    49.75    2090         4     0.026     1.210       0.9      11.7         1      2570      0.19     552.3           2
     9.75    49.75    2091         4     0.026     1.204       0.8      11.6         1      2625      0.19     586.3           2
     9.75    49.75    2092         4     0.026     1.214       0.7      11.5         1      2689      0.19     558.9           2
     9.75    49.75    2093         4     0.026     1.182       0.7      11.7         1      2583      0.20     553.2           2
     9.75    49.75    2094         4     0.026     1.148       0.7      11.0         1      2145      0.20     640.2           2
     9.75    49.75    2095         4     0.026     1.150       0.8      12.2         1      2974      0.19     704.7           2
     9.75    49.75    2096         4     0.026     1.153       0.7      11.6         1      2416      0.20     686.0           2
     9.75    49.75    2097         4     0.026     1.162       0.9      11.8         1      2746      0.19     591.4           2
     9.75    49.75    2098         4     0.026     1.142       0.9      11.8         1      2694      0.19     653.3           2
     9.75    49.75    2099         4     0.026     1.139       0.9      12.1         1      2698      0.18     721.3           2
     9.75    49.75    2100         4     0.026     1.169       0.8      11.6         1      2633      0.18     658.6           2
     9.75    49.75    2101         4     0.026     1.163       0.9      12.3         1      2754      0.18     609.9           2
     9.75    49.75    2102         4     0.026     1.141       0.9      11.3         1      2551      0.18     605.8           2
     9.75    49.75    2103         4     0.026     1.148       0.9      11.6         1      2622      0.17     573.7           2
     9.75    49.75    2104         4     0.026     1.196       1.1      11.8         1      2600      0.17     637.8           2
     9.75    49.75    2105         4     0.026     1.193       1.3      11.3         1      2411      0.18     660.7           2
     9.75    49.75    2106         4     0.026     1.194       1.4      11.2         1      2430      0.18     732.6           2
     9.75    49.75    2107         4     0.026     1.205       1.2      11.0         1      2462      0.17     828.6           2
     9.75    49.75    2108         4     0.026     1.259       1.3      12.1         1      2909      0.17     637.3           2
     9.75    49.75    2109         4     0.026     1.249       1.4      12.3         1      2852      0.18     602.5           2
     9.75    49.75    2110         4     0.026     1.219       1.5      12.2         1      2663      0.18     653.7           2
     9.75    49.75    2111         4     0.026     1.231       1.5      12.5         1      2919      0.18     643.7           2
     9.75    49.75    2112         4     0.026     1.244       1.6      12.4         1      2804      0.17     524.1           2
     9.75    49.75    2113         4     0.026     1.267       1.5      11.6         1      2487      0.17     681.4           2
     9.75    49.75    2114         4     0.026     1.258       1.4      11.8         1      2725      0.17     571.8           2
     9.75    49.75    2115         4     0.026     1.257       1.1      11.6         1      2576      0.17     715.1           2
     9.75    49.75    2116         4     0.026     1.254       1.1      11.4         1      2599      0.17     693.9           2
     9.75    49.75    2117         4     0.026     1.233       1.0      11.2         1      2471      0.18     725.9           2
     9.75    49.75    2118         4     0.026     1.198       1.0      11.6         1      2586      0.18     613.9           2
     9.75    49.75    2119         4     0.026     1.208       1.0      11.2         1      2545      0.18     600.8           2
     9.75    49.75    2120         4     0.026     1.210       0.9      11.7         1      2576      0.19     551.9           2
     9.75    49.75    2121         4     0.026     1.204       0.9      11.6         1      2630      0.19     586.2           2
     9.75    49.75    2122         4     0.026     1.214       0.8      11.5         1      2693      0.19     559.1           2
     9.75    49.75    2123         4     0.026     1.182       0.8      11.7         1      2587      0.20     553.4           2
     9.75    49.75    2124         4     0.026     1.147       0.7      11.0         1      2148      0.20     640.2           2
     9.75    49.75    2125         4     0.026     1.150       0.8      12.2         1      2977      0.19     704.6           2
     9.75    49.75    2126         4     0.026     1.153       0.7      11.6         1      2418      0.20     686.0           2
     9.75    49.75    2127         4     0.026     1.162       1.0      11.8         1      2748      0.19     591.3           2
     9.75    49.75    2128         4     0.026     1.141       1.0      11.8         1      2695      0.19     653.8           2
     9.75    49.75    2129         4     0.026     1.139       0.9      12.1         1      2698      0.18     721.3           2
     9.75    49.75    2130         4     0.026     1.168       0.9      11.6         1      2633      0.18     658.4           2
    13.75    55.75    1980         4     0.024     1.484      -2.8       8.1         1      1602      0.11     512.8           2
    13.75    55.75    1981         4     0.024     1.487      -2.7       8.5         1      1603      0.11     533.3           2
    13.75    55.75    1982         4     0.024     1.489      -2.7       8.4         1      1620      0.10     544.2           2
    13.75    55.75    1983         4     0.024     1.501      -2.7       8.6         1      1777      0.10     542.0           2
    13.75    55.75    1984         4     0.024     1.504      -2.6       7.9         1      1435      0.10     756.4           2
    13.75    55.75    1985         4     0.024     1.472      -2.6       7.5         1      1460      0.13     997.7           2
    13.75    55.75    1986         4     0.024     1.479      -2.6       6.9         1      1245      0.13     705.5           2
    13.75    55.75    1987         4     0.024     1.499      -2.7       7.8         1      1668      0.13     709.0           2
    13.75    55.75    1988         4     0.024     1.504      -2.3       8.9         1      1783      0.13     573.8           2
    13.75    55.75    1989         4     0.024     1.497      -2.2       8.1         1      1606      0.13     588.1           2
    13.75    55.75    1990         4     0.023     1.517      -1.8       7.8         1      1447      0.13     730.1           2
    13.75    55.75    1991         4     0.023     1.517      -1.5       8.0         1      1701      0.13     688.5           2
    13.75    55.75    1992         4     0.023     1.507      -1.4       7.8         1      1552      0.12     601.9           2
    13.75    55.75    1993         4     0.023     1.516      -1.6       6.8         1      1392      0.13     649.7           2
    13.75    55.75    1994         4     0.023     1.520      -1.7       8.0         1      1653      0.13     833.8           2
    13.75    55.75    1995         4     0.023     1.532      -1.6       8.5         1      1753      0.13     569.2           2
    13.75    55.75    1996         4     0.023     1.531      -1.3       8.8         1      1713      0.14     676.7           2
    13.75    55.75    1997         4     0.023     1.527      -1.4       8.4         1      1711      0.13     639.5           2
    13.75    55.75    1998         4     0.023     1.535      -1.2       8.7         1      1657      0.13     520.8           2
    13.75    55.75    1999         4     0.023     1.536      -1.1       9.1         1      1811      0.13     642.3           2
    13.75    55.75    2000         4     0.023     1.540      -1.0       9.4         1      1907      0.13     551.2           2
    13.75    55.75    2001         4     0.023     1.530      -1.2       8.1         1      1513      0.14     840.2           2
    13.75    55.75    2002         4     0.023     1.538      -1.3       8.5         1      1634      0.14     665.4           2
    13.75    55.75    2003         4     0.023     1.540      -1.3       8.5         1      1661      0.14     754.5           2
    13.75    55.75    2004         4     0.023     1.525      -1.2       9.0         1      1743      0.15     844.7           2
    13.75    55.75    2005         4     0.023     1.564      -1.1       9.3         1      1998      0.12     687.9           2
    13.75    55.75    2006         4     0.023     1.580      -0.9       9.7         1      1983      0.11     525.0           2
    13.75    55.75    2007         4     0.023     1.571      -0.7       9.9         1      1965      0.12     731.0           2
    13.75    55.75    2008         4     0.023     1.566      -0.8       9.6         1      1848      0.12     707.8           2
    13.75    55.75    2009         4     0.023     1.582      -0.6       9.4         1      1834      0.12     706.4           2
    13.75    55.75    2010         4     0.023     1.563      -0.6       9.3         1      1860      0.12     832.0           2
    13.75    55.75    2011         4     0.023     1.543      -0.6       9.4         1      1914      0.13     702.3           2
    13.75    55.75    2012         4     0.023     1.557      -0.5       9.8         1      2165      0.13     650.6           2
    13.75    55.75    2013         4     0.023     1.548      -0.4       9.3         1      1764      0.12     648.1           2
    13.75    55.75    2014         4     0.023     1.554      -0.4       9.6         1      2067      0.11     777.0           2
    13.75    55.75    2015         4     0.023     1.550      -0.5       9.1         1      1702      0.11     806.3           2
    13.75    55.75    2016         4     0.023     1.540      -0.4       9.2         1      1775      0.12     758.2           2
    13.75    55.75    2017         4     0.023     1.540      -0.3       9.1         1      1771      0.13     894.1           2
    13.75    55.75    2018         4     0.023     1.561      -0.2       9.9         1      2037      0.12     558.5           2
    13.75    55.75    2019         4     0.023     1.566      -0.2       9.3         1      1925      0.13     599.2           2
    13.75    55.75    2020         4     0.023     1.576      -0.3       8.8         1      1670      0.13     631.6           2
    13.75    55.75    2021         4     0.023     1.573      -0.3       8.9         1      1773      0.12     478.8           2
    13.75    55.75    2022         4     0.023     1.577      -0.4       9.2         1      1860      0.12     578.1           2
    13.75    55.75    2023         4     0.023     1.566      -0.2       9.8         1      2076      0.12     533.5           2
    13.75    55.75    2024         4     0.023     1.570      -0.4      10.1         1      2188      0.10     575.6           2
    13.75    55.75    2025         4     0.023     1.548      -0.4       8.9         1      1566      0.11     926.2           2
    13.75    55.75    2026         4     0.023     1.546      -0.4       9.8         1      2070      0.11     712.9           2
    13.75    55.75    2027         4     0.023     1.554      -0.6       8.7         1      1680      0.11     818.3           2
    13.75    55.75    2028         4     0.023     1.564      -0.6       9.1         1      1938      0.11     622.7           2
    13.75    55.75    2029         4     0.023     1.570      -0.5       9.6         1      1986      0.11     779.5           2
    13.75    55.75    2030         4     0.024     1.570      -0.6       9.4         1      1920      0.10     558.1           2
    13.75    55.75    2031         4     0.023     1.581      -0.7       9.7         1      2087      0.10     798.0           2
    13.75    55.75    2032         4     0.023     1.567      -0.6      10.1         1      2000      0.12     661.1           2
    13.75    55.75    2033         4     0.023     1.563      -0.6      10.2         1      2152      0.12     505.6           2
    13.75    55.75    2034         4     0.023     1.575      -0.5      10.0         1      1977      0.12     665.9           2
    13.75    55.75    2035         4     0.023     1.570      -0.3       9.8         1      1928      0.12     516.7           2
    13.75    55.75    2036         4     0.024     1.572      -0.5       9.9         1      1973      0.11     926.1           2
    13.75    55.75    2037         4     0.023     1.583      -0.3      10.1         1      1980      0.11     782.9           2
    13.75    55.75    2038         4     0.024     1.579      -0.4      10.3         1      2077      0.11     581.9           2
    13.75    55.75    2039         4     0.023     1.560      -0.2      10.8         1      2320      0.11     720.8           2
    13.75    55.75    2040         4     0.023     1.566      -0.1      10.6         1      2171      0.11     559.7           2
    13.75    55.75    2041         4     0.024     1.570       0.1      10.9         1      2388      0.11     586.3           2
    13.75    55.75    2042         4     0.024     1.561       0.2      10.0         1      1933      0.11     607.6           2
    13.75    55.75    2043         4     0.023     1.584       0.3      10.7         1      2264      0.11     498.5           2
    13.75    55.75    2044         4     0.023     1.579       0.5      10.6         1      2181      0.11     659.2           2
    13.75    55.75    2045         4     0.023     1.573       0.6      10.2         1      2111      0.11     766.7           2
    13.75    55.75    2046         4     0.023     1.549       0.5       9.5         1      1747      0.12     774.4           2
    13.75    55.75    2047         4     0.023     1.547       0.5       9.3         1      1891      0.10     589.5           2
    13.75    55.75    2048         4     0.023     1.517       0.6       9.6         1      1953      0.10     991.2           2
    13.75    55.75    2049         4     0.023     1.489       0.4       9.3         1      1787      0.11     792.8           2
    13.75    55.75    2050         4     0.023     1.487       0.7      10.1         1      2167      0.12     747.4           2
    13.75    55.75    2051         4     0.023     1.479       0.6       9.3         1      1746      0.11     585.5           2
    13.75    55.75    2052         4     0.023     1.492       0.5       9.9         1      2250      0.10     604.7           2
    13.75    55.75    2053         4     0.023     1.476       0.6      10.5         1      2190      0.10     779.9           2
    13.75    55.75    2054         4     0.023     1.457       0.6      10.1         1      1953      0.10     659.9           2
    13.75    55.75    2055         4     0.023     1.454       0.5       9.7         1      1848      0.11     672.7           2
    13.75    55.75    2056         4     0.023     1.471       0.6      10.6         1      2424      0.10     658.6           2
    13.75    55.75    2057         4     0.023     1.454       0.5      10.4         1      2119      0.09     627.3           2
    13.75    55.75    2058         4     0.023     1.451       0.4      10.4         1      2098      0.09     613.9           2
    13.75    55.75    2059         4     0.023     1.467       0.3      10.4         1      2140      0.08     722.3           2
    13.75    55.75    2060         4     0.023     1.456       0.3      10.1         1      2076      0.08     669.0           2
    13.75    55.75    2061         4     0.023     1.457       0.3       9.7         1      1832      0.09     803.5           2
    13.75    55.75    2062         4     0.023     1.464       0.5      10.9         1      2439      0.10     801.0           2
    13.75    55.75    2063         4     0.023     1.442       0.5      11.3         1      2462      0.10     795.1           2
    13.75    55.75    2064         4     0.023     1.459       0.5      10.8         1      2192      0.11     626.1           2
    13.75    55.75    2065         4     0.023     1.477       0.6      11.2         1      2412      0.11     456.7           2
    13.75    55.75    2066         4     0.023     1.492       0.6      10.3         1      1933      0.11     998.0           2
    13.75    55.75    2067         4     0.023     1.482       0.6       9.7         1      1908      0.12     691.6           2
    13.75    55.75    2068         4     0.023     1.500       0.6      10.0         1      2033      0.13     791.5           2
    13.75    55.75    2069         4     0.024     1.517       0.6      10.6         1      2416      0.12     648.2           2
    13.75    55.75    2070         4     0.024     1.536       0.6      11.7         1      2707      0.12     514.6           2
    13.75    55.75    2071         4     0.024     1.563       0.8      11.4         1      2285      0.12     674.9           2
    13.75    55.75    2072         4     0.024     1.558       0.9      10.0         1      1977      0.12     549.3           2
    13.75    55.75    2073         4     0.024     1.589       1.0      10.9         1      2398      0.12     499.4           2
    13.75    55.75    2074         4     0.024     1.598       1.1      10.9         1      2244      0.12     741.8           2
    13.75    55.75    2075         4     0.024     1.608       1.1      10.2         1      2077      0.13     737.5           2
    13.75    55.75    2076         4     0.024     1.590       1.0      10.0         1      2011      0.13     658.2           2
    13.75    55.75    2077         4     0.024     1.596       0.8      10.0         1      2171      0.13     736.7           2
    13.75    55.75    2078         4     0.024     1.607       1.0      10.8         1      2362      0.13     665.8           2
    13.75    55.75    2079         4     0.024     1.603       1.0      11.2         1      2450      0.13     713.0           2
    13.75    55.75    2080         4     0.024     1.603       1.0      11.3         1      2332      0.12     551.8           2
    13.75    55.75    2081         4     0.024     1.610       1.0      11.2         1      2431      0.11     663.7           2
    13.75    55.75    2082         4     0.024     1.605       0.9      11.3         1      2404      0.10     827.6           2
    13.75    55.75    2083         4     0.024     1.611       0.9      10.8         1      2245      0.10     635.6           2
    13.75    55.75    2084         4     0.024     1.590       0.8      11.0         1      2349      0.10     741.8           2
    13.75    55.75    2085         4     0.024     1.590       0.6      10.8         1      2251      0.10     791.9           2
    13.75    55.75    2086         4     0.024     1.591       0.6      10.7         1      2262      0.08     716.3           2
    13.75    55.75    2087         4     0.024     1.606       0.8      10.7         1      2218      0.08     817.7           2
    13.75    55.75    2088         4     0.024     1.612       0.8      10.9         1      2258      0.08     571.1           2
    13.75    55.75    2089         4     0.024     1.620       1.0      10.6         1      2224      0.08     690.8           2
    13.75    55.75    2090         4     0.024     1.608       0.9      10.5         1      2074      0.08     613.5           2
    13.75    55.75    2091         4     0.024     1.593       0.9      10.6         1      2217      0.08     781.6           2
    13.75    55.75    2092         4     0.024     1.593       0.8      10.9         1      2388      0.08     402.0           2
    13.75    55.75    2093         4     0.024     1.577       0.8      11.1         1      2314      0.08     606.0           2
    13.75    55.75    2094         4     0.024     1.567       0.8      10.3         1      1877      0.08     800.8           2
    13.75    55.75    2095         4     0.024     1.580       1.0      11.7         1      2758      0.07     522.7           2
    13.75    55.75    2096         4     0.024     1.585       1.1      11.2         1      2210      0.09    1071.6           2
    13.75    55.75    2097         4     0.024     1.595       1.4      11.2         1      2317      0.09     706.3           2
    13.75    55.75    2098         4     0.024     1.591       1.3      10.9         1      2295      0.10     772.6           2
    13.75    55.75    2099         4     0.024     1.606       1.3      11.0         1      2254      0.10     501.1           2
    13.75    55.75    2100         4     0.024     1.609       1.3      10.0         1      2018      0.11     603.5           2
    13.75    55.75    2101         4     0.024     1.605       1.3      11.0         1      2363      0.11     674.7           2
    13.75    55.75    2102         4     0.024     1.603       1.3      10.1         1      2039      0.11     549.2           2
    13.75    55.75    2103         4     0.024     1.620       1.3      11.1         1      2476      0.11     499.4           2
    13.75    55.75    2104         4     0.024     1.638       1.4      11.1         1      2313      0.11     741.6           2
    13.75    55.75    2105         4     0.023     1.636       1.5      10.4         1      2144      0.12     737.3           2
    13.75    55.75    2106         4     0.023     1.635       1.5      10.2         1      2067      0.12     658.2           2
    13.75    55.75    2107         4     0.024     1.625       1.3      10.3         1      2228      0.12     736.5           2
    13.75    55.75    2108         4     0.024     1.633       1.3      11.0         1      2427      0.12     665.8           2
    13.75    55.75    2109         4     0.024     1.627       1.4      11.4         1      2512      0.11     713.0           2
    13.75    55.75    2110         4     0.024     1.620       1.4      11.5         1      2385      0.11     551.9           2
    13.75    55.75    2111         4     0.024     1.640       1.3      11.4         1      2476      0.10     663.8           2
    13.75    55.75    2112         4     0.024     1.641       1.5      11.5         1      2458      0.11     827.4           2
    13.75    55.75    2113         4     0.024     1.639       1.4      11.0         1      2287      0.10     635.5           2
    13.75    55.75    2114         4     0.024     1.632       1.4      11.2         1      2396      0.10     741.6           2
    13.75    55.75    2115         4     0.024     1.621       1.1      10.9         1      2292      0.10     792.4           2
    13.75    55.75    2116         4     0.024     1.619       1.1      10.9         1      2296      0.08     716.0           2
    13.75    55.75    2117         4     0.024     1.617       1.0      10.9         1      2251      0.08     817.6           2
    13.75    55.75    2118         4     0.024     1.613       1.1      11.1         1      2293      0.08     571.2           2
    13.75    55.75    2119         4     0.024     1.602       1.0      10.7         1      2251      0.08     690.8           2
    13.75    55.75    2120         4     0.024     1.606       1.1      10.6         1      2101      0.08     613.7           2
    13.75    55.75    2121         4     0.024     1.591       1.1      10.7         1      2239      0.08     781.6           2
    13.75    55.75    2122         4     0.024     1.591       1.0      10.9         1      2411      0.08     402.1           2
    13.75    55.75    2123         4     0.024     1.575       1.0      11.2         1      2333      0.08     605.9           2
    13.75    55.75    2124         4     0.024     1.566       1.0      10.4         1      1893      0.08     800.6           2
    13.75    55.75    2125         4     0.024     1.578       1.2      11.8         1      2772      0.07     522.6           2
    13.75    55.75    2126         4     0.024     1.584       1.3      11.2         1      2221      0.09    1071.5           2
    13.75    55.75    2127         4     0.024     1.594       1.5      11.2         1      2326      0.09     706.2           2
    13.75    55.75    2128         4     0.024     1.589       1.4      10.9         1      2300      0.10     772.7           2
    13.75    55.75    2129         4     0.024     1.604       1.4      11.0         1      2256      0.10     501.2           2
    13.75    55.75    2130         4     0.024     1.608       1.4      10.0         1      2018      0.11     603.6           2
    23.75    61.75    1980         4     0.033     2.769     -11.9       5.1         1      1183      0.18     602.8           2
    23.75    61.75    1981         4     0.033     2.725     -11.7       4.5         1      1067      0.18     539.7           2
    23.75    61.75    1982         4     0.033     2.707     -11.5       4.1         1      1104      0.19     583.5           2
    23.75    61.75    1983         4     0.033     2.836     -11.6       3.3         1      1136      0.18     423.7           2
    23.75    61.75    1984         4     0.033     2.807     -11.5       3.8         1      1175      0.17     737.6           2
    23.75    61.75    1985         4     0.033     2.853     -11.6       3.5         1      1223      0.18     582.6           2
    23.75    61.75    1986         4     0.033     2.799     -11.3       2.9         1       999      0.18     503.8           2
    23.75    61.75    1987         4     0.033     2.951     -11.5       4.0         1      1386      0.20     581.4           2
    23.75    61.75    1988         4     0.033     2.958     -10.9       5.2         1      1332      0.21     639.8           2
    23.75    61.75    1989         4     0.032     2.991     -10.7       3.9         1      1156      0.21     468.6           2
    23.75    61.75    1990         4     0.032     3.008     -10.4       3.1         1      1128      0.21     679.2           2
    23.75    61.75    1991         4     0.032     2.992     -10.2       3.3         1      1138      0.21     505.7           2
    23.75    61.75    1992         4     0.032     2.986     -10.1       2.9         1      1075      0.21     575.2           2
    23.75    61.75    1993         4     0.032     3.016     -10.7       1.9         1      1104      0.21     562.5           2
    23.75    61.75    1994         4     0.032     3.018     -10.8       4.1         1      1254      0.22     676.3           2
    23.75    61.75    1995         4     0.032     3.043     -10.3       4.8         1      1368      0.23     578.0           2
    23.75    61.75    1996         4     0.032     3.045     -10.2       4.6         1      1211      0.22     581.3           2
    23.75    61.75    1997         4     0.031     3.055     -10.2       5.1         1      1344      0.22     557.6           2
    23.75    61.75    1998         4     0.031     3.058     -10.1       5.0         1      1083      0.22     611.6           2
    23.75    61.75    1999         4     0.031     3.070      -9.7       5.3         1      1225      0.23     683.0           2
    23.75    61.75    2000         4     0.031     3.071      -9.9       5.4         1      1139      0.22     572.1           2
    23.75    61.75    2001         4     0.032     3.123     -10.2       3.7         1      1243      0.21     531.3           2
    23.75    61.75    2002         4     0.031     3.125     -10.2       4.1         1      1026      0.22     513.9           2
    23.75    61.75    2003         4     0.032     3.156     -10.1       4.3         1      1372      0.22     543.8           2
    23.75    61.75    2004         4     0.032     3.151      -9.9       5.6         1      1528      0.22     835.1           2
    23.75    61.75    2005         4     0.032     3.138     -10.0       5.0         1      1610      0.22     598.2           2
    23.75    61.75    2006         4     0.031     3.242      -9.7       5.5         1      1324      0.21     545.0           2
    23.75    61.75    2007         4     0.031     3.210      -9.5       6.1         1      1589      0.21     600.2           2
    23.75    61.75    2008         4     0.031     3.214      -9.5       6.2         1      1440      0.21     706.2           2
    23.75    61.75    2009         4     0.031     3.223      -9.0       5.8         1      1307      0.21     721.3           2
    23.75    61.75    2010         4     0.030     3.212      -8.9       5.0         1      1232      0.21     713.9           2
    23.75    61.75    2011         4     0.031     3.267      -8.8       6.4         1      1791      0.22     659.2           2
    23.75    61.75    2012         4     0.030     2.934      -8.7       7.1         1      1800      0.21     475.5           2
    23.75    61.75    2013         4     0.030     3.000      -8.3       6.0         1      1362      0.22     535.4           2
    23.75    61.75    2014         4     0.030     3.001      -8.3       6.2         1      1528      0.21     659.7           2
    23.75    61.75    2015         4     0.030     3.018      -8.5       5.7         1      1404      0.20     507.5           2
    23.75    61.75    2016         4     0.030     3.022      -8.1       5.7         1      1220      0.21     675.9           2
    23.75    61.75    2017         4     0.030     3.031      -7.8       5.0         1      1362      0.22     471.7           2
    23.75    61.75    2018         4     0.030     3.016      -8.0       5.9         1      1393      0.21     657.7           2
    23.75    61.75    2019         4     0.030     3.011      -8.0       5.4         1      1387      0.20     631.3           2
    23.75    61.75    2020         4     0.030     3.007      -8.1       4.3         1      1275      0.22     660.4           2
    23.75    61.75    2021         4     0.030     2.649      -8.2       5.1         1      1299      0.22     489.5           2
    23.75    61.75    2022         4     0.030     2.591      -8.2       6.1         1      1613      0.21     524.6           2
    23.75    61.75    2023         4     0.030     2.605      -8.2       5.8         1      1425      0.21     539.5           2
    23.75    61.75    2024         4     0.031     2.607      -8.2       6.1         1      1710      0.21     460.7           2
    23.75    61.75    2025         4     0.030     2.512      -8.2       5.1         1      1282      0.21     582.4           2
    23.75    61.75    2026         4     0.030     2.495      -8.1       6.5         1      1596      0.21     665.5           2
    23.75    61.75    2027         4     0.031     2.505      -8.5       4.3         1      1346      0.21     625.0           2
    23.75    61.75    2028         4     0.031     2.492      -8.7       5.3         1      1596      0.20     570.2           2
    23.75    61.75    2029         4     0.031     2.487      -8.7       6.6         1      1598      0.20     645.9           2
    23.75    61.75    2030         4     0.031     2.309      -8.5       5.5         1      1411      0.20     448.8           2
    23.75    61.75    2031         4     0.031     2.249      -8.5       6.3         1      1569      0.19     655.1           2
    23.75    61.75    2032         4     0.031     2.351      -8.3       6.8         1      1614      0.20     554.5           2
    23.75    61.75    2033         4     0.031     2.264      -8.1       7.0         1      1634      0.19     511.5           2
    23.75    61.75    2034         4     0.031     2.263      -8.1       7.0         1      1631      0.20     743.3           2
    23.75    61.75    2035         4     0.030     2.272      -7.9       7.2         1      1619      0.20     501.8           2
    23.75    61.75    2036         4     0.031     2.275      -7.9       7.1         1      1626      0.19     582.5           2
    23.75    61.75    2037         4     0.030     2.320      -7.9       6.8         1      1585      0.19     628.9           2
    23.75    61.75    2038         4     0.030     2.319      -7.9       6.5         1      1500      0.19     565.2           2
    23.75    61.75    2039         4     0.030     2.256      -7.6       7.8         1      1764      0.19     760.4           2
    23.75    61.75    2040         4     0.030     2.298      -7.4       7.7         1      1826      0.18     576.7           2
    23.75    61.75    2041         4     0.030     2.524      -6.8       7.9         1      1885      0.18     580.0           2
    23.75    61.75    2042         4     0.030     2.590      -7.0       6.7         1      1428      0.18     596.8           2
    23.75    61.75    2043         4     0.029     2.552      -6.7       8.0         1      1867      0.18     618.1           2
    23.75    61.75    2044         4     0.029     2.542      -6.6       7.4         1      1838      0.18     546.6           2
    23.75    61.75    2045         4     0.029     2.663      -6.1       7.4         1      1852      0.18     648.7           2
    23.75    61.75    2046         4     0.029     2.658      -6.4       6.7         1      1529      0.19     725.1           2
    23.75    61.75    2047         4     0.029     2.650      -6.0       6.6         1      1592      0.18     504.5           2
    23.75    61.75    2048         4     0.028     2.648      -5.7       6.6         1      1615      0.18     608.6           2
    23.75    61.75    2049         4     0.029     2.648      -6.2       6.9         1      1673      0.19     675.1           2
    23.75    61.75    2050         4     0.028     2.913      -6.2       6.8         1      1721      0.19     653.7           2
    23.75    61.75    2051         4     0.029     2.587      -6.2       6.4         1      1395      0.18     665.2           2
    23.75    61.75    2052         4     0.029     2.626      -6.3       6.2         1      1767      0.19     643.1           2
    23.75    61.75    2053         4     0.029     2.629      -6.1       7.5         1      1779      0.20     606.6           2
    23.75    61.75    2054         4     0.029     2.598      -6.1       7.4         1      1595      0.20     573.9           2
    23.75    61.75    2055         4     0.029     2.544      -6.2       6.8         1      1459      0.21     689.7           2
    23.75    61.75    2056         4     0.029     2.609      -6.5       7.5         1      1965      0.20     430.4           2
    23.75    61.75    2057         4     0.029     2.631      -6.3       7.1         1      1489      0.20     694.6           2
    23.75    61.75    2058         4     0.029     2.645      -6.4       6.9         1      1577      0.19     608.7           2
    23.75    61.75    2059         4     0.030     2.720      -6.7       6.7         1      1836      0.20     598.0           2
    23.75    61.75    2060         4     0.030     2.692      -6.8       7.4         1      1820      0.21     758.1           2
    23.75    61.75    2061         4     0.030     2.688      -6.9       7.2         1      1580      0.22     690.3           2
    23.75    61.75    2062         4     0.029     2.691      -6.4       8.9         1      2198      0.21     567.9           2
    23.75    61.75    2063         4     0.030     2.744      -6.7       8.2         1      2100      0.21     496.7           2
    23.75    61.75    2064         4     0.030     2.738      -6.7       7.4         1      1678      0.21     526.0           2
    23.75    61.75    2065         4     0.030     2.745      -6.7       7.9         1      1780      0.21     554.4           2
    23.75    61.75    2066         4     0.030     2.767      -6.5       7.5         1      1635      0.21     668.4           2
    23.75    61.75    2067         4     0.029     2.765      -6.4       7.4         1      1571      0.21     690.6           2
    23.75    61.75    2068         4     0.030     2.773      -6.4       7.1         1      1641      0.21     631.1           2
    23.75    61.75    2069         4     0.030     2.764      -6.2       7.4         1      2024      0.21     600.0           2
    23.75    61.75    2070         4     0.029     2.782      -6.0       8.6         1      2058      0.21     604.8           2
    23.75    61.75    2071         4     0.029     2.987      -5.7       9.2         1      2030      0.20     701.7           2
    23.75    61.75    2072         4     0.029     2.996      -5.4       7.7         1      1739      0.19     775.3           2
    23.75    61.75    2073         4     0.029     3.004      -5.3       8.8         1      2208      0.18     563.1           2
    23.75    61.75    2074         4     0.029     3.053      -5.3       7.8         1      1817      0.17     575.3           2
    23.75    61.75    2075         4     0.029     3.128      -5.7       6.3         1      1678      0.16     770.2           2
    23.75    61.75    2076         4     0.029     2.932      -5.9       6.0         1      1623      0.17     519.2           2
    23.75    61.75    2077         4     0.030     2.870      -6.2       6.6         1      1867      0.17     745.8           2
    23.75    61.75    2078         4     0.030     2.880      -6.0       7.4         1      1822      0.17     780.2           2
    23.75    61.75    2079         4     0.029     2.878      -5.9       8.1         1      1840      0.17     591.1           2
    23.75    61.75    2080         4     0.029     2.890      -5.9       8.3         1      1979      0.16     603.4           2
    23.75    61.75    2081         4     0.030     2.914      -5.9       7.6         1      2033      0.15     496.5           2
    23.75    61.75    2082         4     0.030     2.902      -6.0       8.3         1      1988      0.15     655.3           2
    23.75    61.75    2083         4     0.030     2.866      -6.0       8.0         1      1959      0.15     611.5           2
    23.75    61.75    2084         4     0.030     2.866      -6.1       8.5         1      2049      0.15     640.9           2
    23.75    61.75    2085         4     0.030     2.571      -6.7       8.0         1      1905      0.14     489.9           2
    23.75    61.75    2086         4     0.030     2.310      -6.5       7.8         1      1806      0.13     503.2           2
    23.75    61.75    2087         4     0.030     2.326      -6.4       8.1         1      1866      0.15     863.3           2
    23.75    61.75    2088         4     0.031     2.326      -6.4       7.5         1      1866      0.14     571.0           2
    23.75    61.75    2089         4     0.030     2.405      -6.4       7.5         1      1947      0.13     484.8           2
    23.75    61.75    2090         4     0.030     2.407      -6.3       8.3         1      1815      0.14     752.4           2
    23.75    61.75    2091         4     0.031     2.505      -6.4       7.8         1      1852      0.14     581.2           2
    23.75    61.75    2092         4     0.030     2.512      -6.5       8.1         1      1819      0.15     393.8           2
    23.75    61.75    2093         4     0.030     2.511      -6.4       8.7         1      1879      0.15     639.0           2
    23.75    61.75    2094         4     0.030     2.508      -6.3       8.0         1      1622      0.16     758.2           2
    23.75    61.75    2095         4     0.030     2.510      -5.7       9.0         1      2183      0.16     639.3           2
    23.75    61.75    2096         4     0.030     2.589      -5.0       8.8         1      1886      0.16     650.1           2
    23.75    61.75    2097         4     0.029     2.597      -4.6       8.4         1      1806      0.15     628.4           2
    23.75    61.75    2098         4     0.029     2.589      -4.6       7.8         1      1664      0.15     572.3           2
    23.75    61.75    2099         4     0.029     2.602      -4.5       7.1         1      1653      0.15     485.6           2
    23.75    61.75    2100         4     0.029     2.604      -4.6       6.6         1      1726      0.15     573.0           2
    23.75    61.75    2101         4     0.029     2.492      -4.4       8.6         1      2090      0.15     701.9           2
    23.75    61.75    2102         4     0.029     2.493      -4.4       7.7         1      1787      0.15     775.2           2
    23.75    61.75    2103         4     0.029     2.515      -4.1       9.0         1      2266      0.14     563.4           2
    23.75    61.75    2104         4     0.029     2.521      -4.0       8.0         1      1869      0.15     575.3           2
    23.75    61.75    2105         4     0.028     2.736      -4.0       6.5         1      1723      0.15     770.1           2
    23.75    61.75    2106         4     0.029     2.966      -4.5       6.3         1      1661      0.16     519.0           2
    23.75    61.75    2107         4     0.029     2.956      -4.9       6.8         1      1908      0.15     746.0           2
    23.75    61.75    2108         4     0.029     2.981      -4.9       7.6         1      1873      0.15     780.2           2
    23.75    61.75    2109         4     0.028     2.925      -4.8       8.3         1      1881      0.16     591.1           2
    23.75    61.75    2110         4     0.029     2.912      -5.2       8.5         1      2013      0.15     603.5           2
    23.75    61.75    2111         4     0.029     2.922      -5.2       7.8         1      2068      0.15     496.5           2
    23.75    61.75    2112         4     0.029     2.917      -5.1       8.4         1      2024      0.15     655.5           2
    23.75    61.75    2113         4     0.029     2.881      -5.5       8.1         1      1990      0.15     611.6           2
    23.75    61.75    2114         4     0.030     2.881      -5.6       8.6         1      2083      0.14     640.8           2
    23.75    61.75    2115         4     0.030     2.596      -6.3       8.1         1      1936      0.14     489.4           2
    23.75    61.75    2116         4     0.030     2.330      -6.3       7.9         1      1829      0.13     503.2           2
    23.75    61.75    2117         4     0.030     2.335      -6.4       8.3         1      1890      0.14     863.3           2
    23.75    61.75    2118         4     0.031     2.335      -6.4       7.6         1      1886      0.15     571.1           2
    23.75    61.75    2119         4     0.031     2.398      -6.5       7.6         1      1968      0.13     484.5           2
    23.75    61.75    2120         4     0.030     2.409      -6.1       8.4         1      1834      0.14     752.4           2
    23.75    61.75    2121         4     0.031     2.507      -6.2       7.9         1      1869      0.14     581.2           2
    23.75    61.75    2122         4     0.030     2.514      -6.3       8.2         1      1834      0.15     394.1           2
    23.75    61.75    2123         4     0.030     2.512      -6.3       8.8         1      1892      0.15     638.8           2
    23.75    61.75    2124         4     0.030     2.510      -6.2       8.1         1      1632      0.16     758.2           2
    23.75    61.75    2125         4     0.030     2.511      -5.6       9.1         1      2194      0.16     639.3           2
    23.75    61.75    2126         4     0.030     2.590      -4.9       8.9         1      1894      0.16     649.9           2
    23.75    61.75    2127         4     0.029     2.598      -4.5       8.4         1      1812      0.15     628.2           2
    23.75    61.75    2128         4     0.029     2.590      -4.5       7.8         1      1667      0.15     572.2           2
    23.75    61.75    2129         4     0.029     2.602      -4.4       7.1         1      1654      0.15     485.4           2
    23.75    61.75    2130         4     0.029     2.605      -4.5       6.6         1      1726      0.15     573.1           2
    21.75    37.75    1980         4     0.020     1.137       6.7      15.3         1      3655      0.01     615.5           2
    21.75    37.75    1981         4     0.020     1.137       6.5      15.6         1      3775      0.01     449.5           2
    21.75    37.75    1982         4     0.021     1.138       6.5      15.6         1      3692      0.01     605.9           2
    21.75    37.75    1983         4     0.020     1.145       6.6      15.1         1      3560      0.01     663.1           2
    21.75    37.75    1984         4     0.020     1.166       6.8      16.0         1      4052      0.01     549.8           2
    21.75    37.75    1985         4     0.020     1.198       6.8      15.9         1      3885      0.01     693.0           2
    21.75    37.75    1986         4     0.020     1.174       7.1      15.6         1      3680      0.01     865.6           2
    21.75    37.75    1987         4     0.020     1.140       7.1      15.8         1      3794      0.02    1014.0           2
    21.75    37.75    1988         4     0.020     1.118       7.3      15.8         1      3838      0.02     760.0           2
    21.75    37.75    1989         4     0.020     1.117       7.1      15.8         1      3881      0.02     784.6           2
    21.75    37.75    1990         4     0.020     1.099       7.0      15.7         1      3717      0.01     525.4           2
    21.75    37.75    1991         4     0.021     1.102       6.9      15.7         1      3779      0.01     518.7           2
    21.75    37.75    1992         4     0.020     1.095       6.9      15.9         1      3885      0.01     788.0           2
    21.75    37.75    1993         4     0.021     1.123       6.8      15.5         1      3587      0.01     842.8           2
    21.75    37.75    1994         4     0.021     1.123       6.9      16.3         1      4090      0.01     564.7           2
    21.75    37.75    1995         4     0.021     1.103       6.8      15.8         1      3608      0.01     863.9           2
    21.75    37.75    1996         4     0.021     1.105       6.8      16.7         1      4201      0.01     544.4           2
    21.75    37.75    1997         4     0.021     1.088       6.7      15.9         1      3680      0.01     792.0           2
    21.75    37.75    1998         4     0.021     1.082       6.7      15.5         1      3594      0.01     625.6           2
    21.75    37.75    1999         4     0.021     1.083       6.8      16.5         1      4232      0.01     489.0           2
    21.75    37.75    2000         4     0.021     1.093       6.9      17.0         1      4336      0.01     697.7           2
    21.75    37.75    2001         4     0.021     1.085       7.1      17.3         1      4351      0.01     664.6           2
    21.75    37.75    2002         4     0.021     1.097       7.1      16.6         1      3940      0.01     626.4           2
    21.75    37.75    2003         4     0.021     1.098       7.1      16.7         1      4115      0.01     689.2           2
    21.75    37.75    2004         4     0.021     1.099       7.1      17.1         1      4310      0.01     475.9           2
    21.75    37.75    2005         4     0.021     1.085       7.0      16.8         1      4022      0.01     681.1           2
    21.75    37.75    2006         4     0.021     1.085       7.0      16.1         1      3736      0.01     850.1           2
    21.75    37.75    2007         4     0.021     1.089       7.0      16.5         1      4172      0.01     641.8           2
    21.75    37.75    2008         4     0.021     1.104       7.0      16.8         1      4175      0.01     821.1           2
    21.75    37.75    2009         4     0.021     1.090       7.2      17.0         1      4253      0.01     626.6           2
    21.75    37.75    2010         4     0.021     1.144       7.2      17.3         1      4321      0.01     594.7           2
    21.75    37.75    2011         4     0.022     1.150       7.3      17.2         1      4215      0.01     608.5           2
    21.75    37.75    2012         4     0.022     1.166       7.3      17.3         1      4246      0.01     722.5           2
    21.75    37.75    2013         4     0.022     1.161       7.4      17.0         1      4161      0.01     711.6           2
    21.75    37.75    2014         4     0.021     1.175       7.4      17.1         1      4368      0.01     508.8           2
    21.75    37.75    2015         4     0.021     1.189       7.5      16.6         1      4033      0.01     576.7           2
    21.75    37.75    2016         4     0.021     1.204       7.6      16.5         1      4068      0.01     716.0           2
    21.75    37.75    2017         4     0.022     1.190       7.6      16.7         1      4108      0.01     737.6           2
    21.75    37.75    2018         4     0.021     1.197       7.8      16.9         1      4278      0.01     308.0           2
    21.75    37.75    2019         4     0.021     1.210       7.8      17.1         1      4349      0.01     847.4           2
    21.75    37.75    2020         4     0.021     1.179       7.8      16.6         1      3982      0.01     744.3           2
    21.75    37.75    2021         4     0.021     1.198       7.6      16.6         1      4070      0.01     523.0           2
    21.75    37.75    2022         4     0.021     1.188       7.6      16.5         1      4032      0.01     604.7           2
    21.75    37.75    2023         4     0.021     1.193       7.6      16.9         1      4191      0.01     740.8           2
    21.75    37.75    2024         4     0.021     1.178       7.6      17.0         1      4221      0.01     869.5           2
    21.75    37.75    2025         4     0.021     1.181       7.7      17.2         1      4348      0.01     678.2           2
    21.75    37.75    2026         4     0.021     1.187       7.8      17.2         1      4302      0.01     795.9           2
    21.75    37.75    2027         4     0.022     1.180       7.9      17.3         1      4389      0.01     672.8           2
    21.75    37.75    2028         4     0.022     1.161       7.9      16.9         1      4061      0.01     669.6           2
    21.75    37.75    2029         4     0.022     1.168       7.9      17.2         1      4356      0.01     497.5           2
    21.75    37.75    2030         4     0.022     1.121       8.0      17.2         1      4213      0.01     769.7           2
    21.75    37.75    2031         4     0.022     1.126       8.0      17.2         1      4404      0.00     416.5           2
    21.75    37.75    2032         4     0.022     1.131       8.1      17.2         1      4327      0.00     830.7           2
    21.75    37.75    2033         4     0.022     1.128       8.1      16.9         1      4145      0.01     897.3           2
    21.75    37.75    2034         4     0.022     1.133       8.0      17.7         1      4549      0.01     842.3           2
    21.75    37.75    2035         4     0.022     1.135       8.0      17.3         1      4295      0.01     741.6           2
    21.75    37.75    2036         4     0.022     1.147       7.9      17.3         1      4355      0.01     370.9           2
    21.75    37.75    2037         4     0.022     1.140       8.1      17.9         1      4684      0.01     274.5           2
    21.75    37.75    2038         4     0.022     1.131       7.9      17.5         1      4362      0.01     310.6           2
    21.75    37.75    2039         4     0.022     1.139       7.9      17.9         1      4563      0.01     612.3           2
    21.75    37.75    2040         4     0.022     1.176       8.0      17.4         1      4341      0.00     614.9           2
    21.75    37.75    2041         4     0.022     1.175       8.2      17.5         1      4418      0.00     563.4           2
    21.75    37.75    2042         4     0.022     1.197       8.3      17.4         1      4335      0.00     885.3           2
    21.75    37.75    2043         4     0.022     1.219       8.3      17.2         1      4332      0.00     569.2           2
    21.75    37.75    2044         4     0.022     1.227       8.4      17.3         1      4405      0.00     625.4           2
    21.75    37.75    2045         4     0.022     1.256       8.4      17.6         1      4549      0.00     572.9           2
    21.75    37.75    2046         4     0.022     1.274       8.5      18.2         1      4789      0.00     437.1           2
    21.75    37.75    2047         4     0.022     1.291       8.5      18.2         1      4657      0.00     887.9           2
    21.75    37.75    2048         4     0.022     1.318       8.6      18.2         1      4733      0.00     418.5           2
    21.75    37.75    2049         4     0.022     1.287       8.6      18.0         1      4588      0.00     644.0           2
    21.75    37.75    2050         4     0.022     1.304       8.6      18.6         1      4905      0.00     284.4           2
    21.75    37.75    2051         4     0.022     1.284       8.5      18.1         1      4533      0.00     684.0           2
    21.75    37.75    2052         4     0.022     1.280       8.4      17.6         1      4374      0.00     736.6           2
    21.75    37.75    2053         4     0.022     1.315       8.4      17.5         1      4428      0.00     272.5           2
    21.75    37.75    2054         4     0.022     1.306       8.5      17.8         1      4539      0.00     443.5           2
    21.75    37.75    2055         4     0.022     1.280       8.6      18.1         1      4821      0.00     467.9           2
    21.75    37.75    2056         4     0.022     1.279       8.7      18.0         1      4604      0.00     445.1           2
    21.75    37.75    2057         4     0.022     1.294       8.6      18.4         1      4824      0.00     532.2           2
    21.75    37.75    2058         4     0.022     1.308       8.8      18.1         1      4579      0.00     468.4           2
    21.75    37.75    2059         4     0.022     1.280       8.8      18.3         1      4693      0.00     592.0           2
    21.75    37.75    2060         4     0.022     1.270       8.7      18.0         1      4522      0.01     805.5           2
    21.75    37.75    2061         4     0.022     1.260       8.7      18.3         1      4765      0.01     556.1           2
    21.75    37.75    2062         4     0.022     1.243       8.7      18.1         1      4647      0.01     716.9           2
    21.75    37.75    2063         4     0.022     1.220       8.7      18.0         1      4671      0.01     553.4           2
    21.75    37.75    2064         4     0.022     1.223       8.6      17.9         1      4494      0.01     767.7           2
    21.75    37.75    2065         4     0.022     1.204       8.6      18.0         1      4660      0.01     487.1           2
    21.75    37.75    2066         4     0.022     1.216       8.6      18.3         1      4818      0.01     668.8           2
    21.75    37.75    2067         4     0.022     1.185       8.6      18.1         1      4580      0.01     875.9           2
    21.75    37.75    2068         4     0.022     1.208       8.5      18.3         1      4714      0.01     488.9           2
    21.75    37.75    2069         4     0.022     1.207       8.5      18.1         1      4600      0.01     745.9           2
    21.75    37.75    2070         4     0.022     1.194       8.6      18.6         1      4901      0.01     556.8           2
    21.75    37.75    2071         4     0.022     1.184       8.7      18.9         1      4965      0.01     369.7           2
    21.75    37.75    2072         4     0.022     1.162       8.7      18.5         1      4687      0.01     804.0           2
    21.75    37.75    2073         4     0.022     1.146       9.0      18.8         1      4904      0.01     467.8           2
    21.75    37.75    2074         4     0.022     1.165       9.1      18.8         1      4950      0.01     420.5           2
    21.75    37.75    2075         4     0.022     1.165       9.1      18.7         1      4802      0.01     522.9           2
    21.75    37.75    2076         4     0.022     1.154       9.1      18.6         1      4843      0.01     451.9           2
    21.75    37.75    2077         4     0.022     1.144       9.1      18.8         1      4866      0.01     448.7           2
    21.75    37.75    2078         4     0.022     1.136       9.1      19.1         1      4996      0.01     399.9           2
    21.75    37.75    2079         4     0.022     1.128       9.2      19.2         1      5043      0.01     379.0           2
    21.75    37.75    2080         4     0.022     1.125       9.3      19.0         1      4887      0.00     500.0           2
    21.75    37.75    2081         4     0.022     1.116       9.4      19.2         1      5025      0.00     396.5           2
    21.75    37.75    2082         4     0.022     1.122       9.4      18.7         1      4776      0.01     480.1           2
    21.75    37.75    2083         4     0.022     1.145       9.5      18.7         1      4912      0.01     418.1           2
    21.75    37.75    2084         4     0.022     1.141       9.7      18.9         1      5016      0.00     705.8           2
    21.75    37.75    2085         4     0.022     1.157       9.6      18.4         1      4605      0.00     743.9           2
    21.75    37.75    2086         4     0.022     1.166       9.6      18.7         1      4900      0.00     585.2           2
    21.75    37.75    2087         4     0.022     1.159       9.7      18.7         1      4827      0.00     939.8           2
    21.75    37.75    2088         4     0.022     1.125       9.8      18.7         1      4888      0.00     526.6           2
    21.75    37.75    2089         4     0.022     1.117       9.8      18.4         1      4724      0.00     799.8           2
    21.75    37.75    2090         4     0.022     1.129       9.7      18.4         1      4704      0.00     512.6           2
    21.75    37.75    2091         4     0.022     1.146       9.7      18.5         1      4863      0.00     611.5           2
    21.75    37.75    2092         4     0.022     1.172       9.7      18.1         1      4536      0.00     795.1           2
    21.75    37.75    2093         4     0.022     1.178       9.6      18.3         1      4750      0.00     455.9           2
    21.75    37.75    2094         4     0.022     1.159       9.6      18.6         1      4864      0.00     551.2           2
    21.75    37.75    2095         4     0.022     1.133       9.6      18.3         1      4610      0.00     628.6           2
    21.75    37.75    2096         4     0.022     1.151       9.7      18.7         1      4973      0.00     391.2           2
    21.75    37.75    2097         4     0.022     1.144       9.7      19.1         1      5084      0.00     459.8           2
    21.75    37.75    2098         4     0.022     1.141       9.7      18.9         1      4988      0.00     477.7           2
    21.75    37.75    2099         4     0.022     1.144       9.6      18.7         1      4780      0.00     605.0           2
    21.75    37.75    2100         4     0.022     1.169       9.7      18.8         1      4878      0.00     604.4           2
    21.75    37.75    2101         4     0.022     1.167       9.6      18.8         1      4903      0.00     369.7           2
    21.75    37.75    2102         4     0.023     1.152       9.5      18.4         1      4626      0.00     804.2           2
    21.75    37.75    2103         4     0.023     1.133       9.5      18.6         1      4846      0.00     467.6           2
    21.75    37.75    2104         4     0.023     1.151       9.5      18.7         1      4894      0.00     420.5           2
    21.75    37.75    2105         4     0.023     1.160       9.6      18.6         1      4748      0.00     522.8           2
    21.75    37.75    2106         4     0.022     1.154       9.5      18.4         1      4791      0.00     452.0           2
    21.75    37.75    2107         4     0.022     1.154       9.5      18.6         1      4816      0.00     448.6           2
    21.75    37.75    2108         4     0.022     1.164       9.5      19.0         1      4948      0.00     400.0           2
    21.75    37.75    2109         4     0.022     1.179       9.6      19.0         1      4997      0.00     378.9           2
    21.75    37.75    2110         4     0.022     1.195       9.7      18.9         1      4843      0.00     500.0           2
    21.75    37.75    2111         4     0.022     1.180       9.7      19.0         1      4984      0.00     396.5           2
    21.75    37.75    2112         4     0.022     1.181       9.8      18.6         1      4737      0.00     480.3           2
    21.75    37.75    2113         4     0.022     1.194       9.9      18.6         1      4876      0.00     417.9           2
    21.75    37.75    2114         4     0.022     1.186       9.9      18.8         1      4981      0.00     705.8           2
    21.75    37.75    2115         4     0.022     1.214       9.8      18.3         1      4573      0.00     743.9           2
    21.75    37.75    2116         4     0.022     1.214       9.8      18.6         1      4870      0.00     585.4           2
    21.75    37.75    2117         4     0.022     1.199       9.7      18.6         1      4799      0.00     939.8           2
    21.75    37.75    2118         4     0.022     1.189       9.7      18.7         1      4862      0.00     526.6           2
    21.75    37.75    2119         4     0.022     1.168       9.7      18.3         1      4700      0.00     799.8           2
    21.75    37.75    2120         4     0.022     1.130       9.6      18.3         1      4682      0.00     512.6           2
    21.75    37.75    2121         4     0.022     1.147       9.6      18.4         1      4844      0.00     611.5           2
    21.75    37.75    2122         4     0.022     1.173       9.6      18.1         1      4519      0.00     795.1           2
    21.75    37.75    2123         4     0.022     1.179       9.5      18.3         1      4735      0.00     456.1           2
    21.75    37.75    2124         4     0.022     1.159       9.5      18.5         1      4851      0.00     551.2           2
    21.75    37.75    2125         4     0.022     1.133       9.5      18.2         1      4600      0.00     628.4           2
    21.75    37.75    2126         4     0.022     1.151       9.6      18.7         1      4964      0.00     391.3           2
    21.75    37.75    2127         4     0.022     1.145       9.6      19.0         1      5077      0.00     459.8           2
    21.75    37.75    2128         4     0.022     1.141       9.7      18.9         1      4983      0.00     477.7           2
    21.75    37.75    2129         4     0.022     1.144       9.6      18.7         1      4778      0.00     605.1           2
    21.75    37.75    2130         4     0.022     1.169       9.6      18.7         1      4878      0.00     604.1           2
